Information: Derived library resistance unit is 1.000000 Kohm (Time unit is 1 ns, and Capacitance unit is 1.000000 pF). (DES-028)
Warning: Detected semantically incorrect SPEF in coupling section. (PARA-098)
Warning: Coupling capacitor (in1:13 in15:9 0) on net in15 is discarded because the value cannot be <= 0 (PARA-040)
Warning: Coupling capacitor (out1 out2 0) on net out2 is discarded because the value cannot be <= 0 (PARA-040)
Warning: Coupling capacitor (clkbuf_1_1__f_net187/A clkbuf_1_1__f_net188/A 0) on net clknet_0_net188 is discarded because the value cannot be <= 0 (PARA-040)
Warning: Coupling capacitor (clkbuf_1_1__f_net187/A clkbuf_1_1__f_net190/A 0) on net clknet_0_net190 is discarded because the value cannot be <= 0 (PARA-040)
Warning: Coupling capacitor (clkbuf_1_0__f_net248/A clkbuf_1_0__f_net252/A 0) on net clknet_0_net252 is discarded because the value cannot be <= 0 (PARA-040)
Warning: Coupling capacitor (clkbuf_1_1__f_net248/A clkbuf_1_0__f_net252/A 0) on net clknet_0_net252 is discarded because the value cannot be <= 0 (PARA-040)
Warning: Coupling capacitor (clkbuf_1_1__f_net248/A clkbuf_1_1__f_net252/A 0) on net clknet_0_net252 is discarded because the value cannot be <= 0 (PARA-040)
Warning: Coupling capacitor (clkbuf_1_1__f_net251/A clkbuf_1_0__f_net264/A 0) on net clknet_0_net264 is discarded because the value cannot be <= 0 (PARA-040)
Warning: Coupling capacitor (clknet_0_net251:8 clkbuf_1_0__f_net264/A 0) on net clknet_0_net264 is discarded because the value cannot be <= 0 (PARA-040)
Warning: Coupling capacitor (clkbuf_1_1__f_net523/A clkbuf_1_1__f_net524/A 0) on net clknet_0_net524 is discarded because the value cannot be <= 0 (PARA-040)
Warning: Coupling capacitor (clkbuf_1_1__f_net519/A clknet_0_net525:12 0) on net clknet_0_net525 is discarded because the value cannot be <= 0 (PARA-040)
Warning: Coupling capacitor (clkbuf_1_1__f_net524/A clknet_0_net525:12 0) on net clknet_0_net525 is discarded because the value cannot be <= 0 (PARA-040)
Warning: Coupling capacitor (clkbuf_1_1__f_net724/A clkbuf_1_1__f_net727/A 0) on net clknet_0_net727 is discarded because the value cannot be <= 0 (PARA-040)
Warning: Coupling capacitor (clkbuf_1_0__f_net726/A clkbuf_1_0__f_net730/A 0) on net clknet_0_net730 is discarded because the value cannot be <= 0 (PARA-040)
Warning: Coupling capacitor (clkbuf_1_0__f_net726/A clkbuf_1_1__f_net730/A 0) on net clknet_0_net730 is discarded because the value cannot be <= 0 (PARA-040)
Warning: Coupling capacitor (clkbuf_1_0__f_net727/A clkbuf_1_0__f_net733/A 0) on net clknet_0_net733 is discarded because the value cannot be <= 0 (PARA-040)
Warning: Coupling capacitor (clkbuf_1_1__f_net251/A clkbuf_1_1__f_net779/A 0) on net clknet_0_net779 is discarded because the value cannot be <= 0 (PARA-040)
Warning: Coupling capacitor (clknet_0_net761:8 clkbuf_1_1__f_net95/A 0) on net clknet_0_net95 is discarded because the value cannot be <= 0 (PARA-040)
Warning: Coupling capacitor (c196/B c197/GATE 0) on net clknet_1_0__leaf_net185 is discarded because the value cannot be <= 0 (PARA-040)
Warning: Coupling capacitor (clkbuf_1_0__f_net187/A clknet_1_0__leaf_net186:27 0) on net clknet_1_0__leaf_net186 is discarded because the value cannot be <= 0 (PARA-040)
Warning: Coupling capacitor (clkbuf_1_1__f_net188/A c202/RESET_B 0) on net clknet_1_0__leaf_net188 is discarded because the value cannot be <= 0 (PARA-040)
Warning: Coupling capacitor (c206/SET_B c202/SCD 0) on net clknet_1_0__leaf_net191 is discarded because the value cannot be <= 0 (PARA-040)
Warning: Coupling capacitor (c206/SET_B c206/RESET_B 0) on net clknet_1_0__leaf_net191 is discarded because the value cannot be <= 0 (PARA-040)
Warning: Coupling capacitor (c283/RESET_B c290/SCE 0) on net clknet_1_0__leaf_net284 is discarded because the value cannot be <= 0 (PARA-040)
Warning: Coupling capacitor (c283/RESET_B clknet_1_0__leaf_net284:10 0) on net clknet_1_0__leaf_net284 is discarded because the value cannot be <= 0 (PARA-040)
Warning: Coupling capacitor (clknet_0_clk:22 c288/SCD 0) on net clknet_1_0__leaf_net284 is discarded because the value cannot be <= 0 (PARA-040)
Warning: Coupling capacitor (clknet_1_0__leaf_net278:10 c290/SCE 0) on net clknet_1_0__leaf_net284 is discarded because the value cannot be <= 0 (PARA-040)
Warning: Coupling capacitor (clkbuf_1_1__f_net284/A c290/RESET_B 0) on net clknet_1_0__leaf_net287 is discarded because the value cannot be <= 0 (PARA-040)
Warning: Coupling capacitor (clknet_0_clk:22 c290/RESET_B 0) on net clknet_1_0__leaf_net287 is discarded because the value cannot be <= 0 (PARA-040)
Warning: Coupling capacitor (clkbuf_1_0__f_net308/A c308/RESET_B 0) on net clknet_1_0__leaf_net308 is discarded because the value cannot be <= 0 (PARA-040)
Warning: Coupling capacitor (clkbuf_1_0__f_net319/A c319/D 0) on net clknet_1_0__leaf_net321 is discarded because the value cannot be <= 0 (PARA-040)
Warning: Coupling capacitor (clkbuf_1_0__f_net519/A c510/B 0) on net clknet_1_0__leaf_net521 is discarded because the value cannot be <= 0 (PARA-040)
Warning: Coupling capacitor (clkbuf_1_1__f_net523/A c518/SCE 0) on net clknet_1_0__leaf_net521 is discarded because the value cannot be <= 0 (PARA-040)
Warning: Coupling capacitor (clkbuf_1_0__f_net527/A c519/RESET_B 0) on net clknet_1_0__leaf_net527 is discarded because the value cannot be <= 0 (PARA-040)
Warning: Coupling capacitor (clkbuf_1_1__f_net527/A c519/RESET_B 0) on net clknet_1_0__leaf_net527 is discarded because the value cannot be <= 0 (PARA-040)
Warning: Coupling capacitor (clkbuf_1_0__f_net709/A clknet_1_0__leaf_net709:46 0) on net clknet_1_0__leaf_net709 is discarded because the value cannot be <= 0 (PARA-040)
Warning: Coupling capacitor (clkbuf_1_1__f_net725/A clknet_1_0__leaf_net709:16 0) on net clknet_1_0__leaf_net709 is discarded because the value cannot be <= 0 (PARA-040)
Warning: Coupling capacitor (clkbuf_1_0__f_net725/A clknet_1_0__leaf_net724:8 0) on net clknet_1_0__leaf_net724 is discarded because the value cannot be <= 0 (PARA-040)
Warning: Coupling capacitor (clkbuf_1_0__f_net727/A clknet_1_0__leaf_net724:8 0) on net clknet_1_0__leaf_net724 is discarded because the value cannot be <= 0 (PARA-040)
Warning: Coupling capacitor (clkbuf_1_1__f_net727/A clknet_1_0__leaf_net724:8 0) on net clknet_1_0__leaf_net724 is discarded because the value cannot be <= 0 (PARA-040)
Warning: Coupling capacitor (clkbuf_1_1__f_net730/A c717/B1_N 0) on net clknet_1_0__leaf_net725 is discarded because the value cannot be <= 0 (PARA-040)
Warning: Coupling capacitor (clkbuf_1_1__f_net730/A clknet_1_0__leaf_net725:10 0) on net clknet_1_0__leaf_net725 is discarded because the value cannot be <= 0 (PARA-040)
Warning: Coupling capacitor (clkbuf_1_0__f_net779/A c162/S1 0) on net clknet_1_0__leaf_net779 is discarded because the value cannot be <= 0 (PARA-040)
Warning: Coupling capacitor (clkbuf_1_1__f_net709/A c712/S1 0) on net clknet_1_0__leaf_net794 is discarded because the value cannot be <= 0 (PARA-040)
Warning: Coupling capacitor (clkbuf_1_1__f_net794/A c712/S1 0) on net clknet_1_0__leaf_net794 is discarded because the value cannot be <= 0 (PARA-040)
Warning: Coupling capacitor (c197/GATE clknet_1_1__leaf_net187:8 0) on net clknet_1_1__leaf_net187 is discarded because the value cannot be <= 0 (PARA-040)
Warning: Coupling capacitor (c202/SCD c198/B1_N 0) on net clknet_1_1__leaf_net187 is discarded because the value cannot be <= 0 (PARA-040)
Warning: Coupling capacitor (clkbuf_1_1__f_net194/A c317/B 0) on net clknet_1_1__leaf_net194 is discarded because the value cannot be <= 0 (PARA-040)
Warning: Coupling capacitor (clkbuf_1_0__f_net519/A c506/SCE 0) on net clknet_1_1__leaf_net256 is discarded because the value cannot be <= 0 (PARA-040)
Warning: Coupling capacitor (clknet_0_clk:22 c286/A2 0) on net clknet_1_1__leaf_net284 is discarded because the value cannot be <= 0 (PARA-040)
Warning: Coupling capacitor (clkbuf_1_0__f_net318/A c314/B1_N 0) on net clknet_1_1__leaf_net306 is discarded because the value cannot be <= 0 (PARA-040)
Warning: Coupling capacitor (clkbuf_1_1__f_net306/A c314/B1_N 0) on net clknet_1_1__leaf_net306 is discarded because the value cannot be <= 0 (PARA-040)
Warning: Coupling capacitor (clkbuf_1_1__f_net318/A c314/B1_N 0) on net clknet_1_1__leaf_net306 is discarded because the value cannot be <= 0 (PARA-040)
Warning: Coupling capacitor (clkbuf_1_1__f_net518/A c508/A 0) on net clknet_1_1__leaf_net518 is discarded because the value cannot be <= 0 (PARA-040)
Warning: Coupling capacitor (clkbuf_1_0__f_net525/A c513/B 0) on net clknet_1_1__leaf_net519 is discarded because the value cannot be <= 0 (PARA-040)
Warning: Coupling capacitor (clkbuf_1_1__f_net524/A c513/B 0) on net clknet_1_1__leaf_net519 is discarded because the value cannot be <= 0 (PARA-040)
Warning: Coupling capacitor (c515/B c512/A 0) on net clknet_1_1__leaf_net524 is discarded because the value cannot be <= 0 (PARA-040)
Warning: Coupling capacitor (clkbuf_1_0__f_net521/A clknet_1_1__leaf_net525:16 0) on net clknet_1_1__leaf_net525 is discarded because the value cannot be <= 0 (PARA-040)
Warning: Coupling capacitor (clkbuf_1_1__f_net530/A c520/RESET_B 0) on net clknet_1_1__leaf_net530 is discarded because the value cannot be <= 0 (PARA-040)
Warning: Coupling capacitor (clkbuf_1_1__f_net530/A clknet_1_1__leaf_net530:18 0) on net clknet_1_1__leaf_net530 is discarded because the value cannot be <= 0 (PARA-040)
Warning: Coupling capacitor (c706/S0 clknet_1_1__leaf_net709:23 0) on net clknet_1_1__leaf_net709 is discarded because the value cannot be <= 0 (PARA-040)
Warning: Coupling capacitor (clknet_1_0__leaf_net710:8 c707/A2 0) on net clknet_1_1__leaf_net709 is discarded because the value cannot be <= 0 (PARA-040)
Warning: Coupling capacitor (out19 c720/A2 0) on net clknet_1_1__leaf_net721 is discarded because the value cannot be <= 0 (PARA-040)
Warning: Coupling capacitor (clkbuf_1_0__f_net721/A c720/A2 0) on net clknet_1_1__leaf_net721 is discarded because the value cannot be <= 0 (PARA-040)
Warning: Coupling capacitor (clkbuf_1_0__f_net709/A c719/D 0) on net clknet_1_1__leaf_net724 is discarded because the value cannot be <= 0 (PARA-040)
Warning: Coupling capacitor (clkbuf_1_1__f_net725/A c719/SCE 0) on net clknet_1_1__leaf_net725 is discarded because the value cannot be <= 0 (PARA-040)
Warning: Coupling capacitor (clknet_1_0__leaf_net709:16 c719/SCE 0) on net clknet_1_1__leaf_net725 is discarded because the value cannot be <= 0 (PARA-040)
Warning: Coupling capacitor (clkbuf_1_1__f_net761/A c116/SCE 0) on net clknet_1_1__leaf_net95 is discarded because the value cannot be <= 0 (PARA-040)
Warning: Coupling capacitor (clkbuf_1_1__f_net761/A clknet_1_1__leaf_net95:8 0) on net clknet_1_1__leaf_net95 is discarded because the value cannot be <= 0 (PARA-040)
Warning: Coupling capacitor (clkbuf_1_0__f_net96/A c122/D 0) on net clknet_1_1__leaf_net96 is discarded because the value cannot be <= 0 (PARA-040)
Warning: Coupling capacitor (c110/A clknet_2_0__leaf_clk:157 0) on net clknet_2_0__leaf_clk is discarded because the value cannot be <= 0 (PARA-040)
Warning: Coupling capacitor (c199/A clknet_2_0__leaf_clk:189 0) on net clknet_2_0__leaf_clk is discarded because the value cannot be <= 0 (PARA-040)
Warning: Coupling capacitor (c206/SCD clknet_2_0__leaf_clk:189 0) on net clknet_2_0__leaf_clk is discarded because the value cannot be <= 0 (PARA-040)
Warning: Coupling capacitor (c206/SET_B clkbuf_leaf_30_clk/A 0) on net clknet_2_0__leaf_clk is discarded because the value cannot be <= 0 (PARA-040)
Warning: Coupling capacitor (c206/SET_B clknet_2_0__leaf_clk:189 0) on net clknet_2_0__leaf_clk is discarded because the value cannot be <= 0 (PARA-040)
Warning: Coupling capacitor (c162/S1 clknet_2_1__leaf_clk:120 0) on net clknet_2_1__leaf_clk is discarded because the value cannot be <= 0 (PARA-040)
Warning: Coupling capacitor (c254/B clknet_2_1__leaf_clk:60 0) on net clknet_2_1__leaf_clk is discarded because the value cannot be <= 0 (PARA-040)
Warning: Coupling capacitor (c269/D clknet_2_1__leaf_clk:48 0) on net clknet_2_1__leaf_clk is discarded because the value cannot be <= 0 (PARA-040)
Warning: Coupling capacitor (c269/SCE clknet_2_1__leaf_clk:48 0) on net clknet_2_1__leaf_clk is discarded because the value cannot be <= 0 (PARA-040)
Warning: Coupling capacitor (clkbuf_1_0__f_net287/A clknet_2_1__leaf_clk:177 0) on net clknet_2_1__leaf_clk is discarded because the value cannot be <= 0 (PARA-040)
Warning: Coupling capacitor (clkbuf_1_0__f_net524/A clknet_2_1__leaf_clk:211 0) on net clknet_2_1__leaf_clk is discarded because the value cannot be <= 0 (PARA-040)
Warning: Coupling capacitor (clkbuf_1_0__f_net527/A clknet_2_1__leaf_clk:211 0) on net clknet_2_1__leaf_clk is discarded because the value cannot be <= 0 (PARA-040)
Warning: Coupling capacitor (clkbuf_1_1__f_net527/A clknet_2_1__leaf_clk:211 0) on net clknet_2_1__leaf_clk is discarded because the value cannot be <= 0 (PARA-040)
Warning: Coupling capacitor (clkbuf_1_0__f_net727/A clkbuf_leaf_17_clk/A 0) on net clknet_2_3__leaf_clk is discarded because the value cannot be <= 0 (PARA-040)
Warning: Coupling capacitor (clkbuf_1_0__f_net727/A clknet_2_3__leaf_clk:57 0) on net clknet_2_3__leaf_clk is discarded because the value cannot be <= 0 (PARA-040)
Warning: Coupling capacitor (c549/B clknet_leaf_10_clk:32 0) on net clknet_leaf_10_clk is discarded because the value cannot be <= 0 (PARA-040)
Warning: Coupling capacitor (clkbuf_1_1__f_net318/A c424/GATE_N 0) on net clknet_leaf_10_clk is discarded because the value cannot be <= 0 (PARA-040)
Warning: Coupling capacitor (clkbuf_1_0__f_net640/A clknet_leaf_12_clk:58 0) on net clknet_leaf_12_clk is discarded because the value cannot be <= 0 (PARA-040)
Warning: Coupling capacitor (clkbuf_1_1__f_net640/A c658/GATE 0) on net clknet_leaf_12_clk is discarded because the value cannot be <= 0 (PARA-040)
Warning: Coupling capacitor (clkbuf_1_1__f_net640/A clknet_leaf_12_clk:129 0) on net clknet_leaf_12_clk is discarded because the value cannot be <= 0 (PARA-040)
Warning: Coupling capacitor (clknet_2_3__leaf_clk:175 clknet_leaf_13_clk:10 0) on net clknet_leaf_13_clk is discarded because the value cannot be <= 0 (PARA-040)
Warning: Coupling capacitor (clknet_2_3__leaf_clk:175 clknet_leaf_13_clk:58 0) on net clknet_leaf_13_clk is discarded because the value cannot be <= 0 (PARA-040)
Warning: Coupling capacitor (c710/D c705/CLK_N 0) on net clknet_leaf_14_clk is discarded because the value cannot be <= 0 (PARA-040)
Warning: Coupling capacitor (clknet_2_3__leaf_clk:194 clknet_leaf_14_clk:10 0) on net clknet_leaf_14_clk is discarded because the value cannot be <= 0 (PARA-040)
Warning: Coupling capacitor (clknet_2_3__leaf_clk:194 clknet_leaf_14_clk:45 0) on net clknet_leaf_14_clk is discarded because the value cannot be <= 0 (PARA-040)
Warning: Coupling capacitor (c712/S1 c715/CLK 0) on net clknet_leaf_15_clk is discarded because the value cannot be <= 0 (PARA-040)
Warning: Coupling capacitor (clkbuf_1_1__f_net724/A c715/CLK 0) on net clknet_leaf_15_clk is discarded because the value cannot be <= 0 (PARA-040)
Warning: Coupling capacitor (clknet_1_0__leaf_net709:16 c715/CLK 0) on net clknet_leaf_15_clk is discarded because the value cannot be <= 0 (PARA-040)
Warning: Coupling capacitor (clknet_1_0__leaf_net709:46 c715/CLK 0) on net clknet_leaf_15_clk is discarded because the value cannot be <= 0 (PARA-040)
Warning: Coupling capacitor (c723/B1_N clknet_leaf_16_clk:87 0) on net clknet_leaf_16_clk is discarded because the value cannot be <= 0 (PARA-040)
Note - message 'PARA-040' default limit (100) exceeded.  Remainder will be suppressed.
Warning: Net 'net23' is multi-driven. (DES-023)
Warning: Net 'net247' is multi-driven. (DES-023)
Warning: Net 'net632' is multi-driven. (DES-023)

****************************************
Report : read_parasitics /nas/ei/home/ge78pav/TM_power/TM_openlane/TM_openlane_single_min/TM_openlane_min_ios/TM_openlane_min_ios_min/netlist_1/high/spef/netlist_1.nom.spef
Design : netlist_1
Version: Q-2019.12-SP1
Date   : Wed Aug 21 15:16:14 2024
****************************************

        0 error(s)
        Format is SPEF
        Annotated nets                   :         1225
        Annotated capacitances           :         5408
        Annotated resistances            :         4183
        Reduced coupling capacitances    :         5684
        Annotated PI models              :            0
        Annotated Elmore delays          :            0

