Information: Derived library resistance unit is 1.000000 Kohm (Time unit is 1 ns, and Capacitance unit is 1.000000 pF). (DES-028)
Warning: Detected semantically incorrect SPEF in coupling section. (PARA-098)
Warning: Coupling capacitor (in0:7 in2:9 0) on net in2 is discarded because the value cannot be <= 0 (PARA-040)
Warning: Coupling capacitor (in28:5 in29:9 0) on net in29 is discarded because the value cannot be <= 0 (PARA-040)
Warning: Coupling capacitor (ANTENNA_input19_A/DIODE in34:9 0) on net in34 is discarded because the value cannot be <= 0 (PARA-040)
Warning: Coupling capacitor (in25:5 in34:9 0) on net in34 is discarded because the value cannot be <= 0 (PARA-040)
Warning: Coupling capacitor (in1:9 in38:9 0) on net in38 is discarded because the value cannot be <= 0 (PARA-040)
Warning: Coupling capacitor (in1:9 in4:11 0) on net in4 is discarded because the value cannot be <= 0 (PARA-040)
Warning: Coupling capacitor (input32/A input37/A 0) on net in41 is discarded because the value cannot be <= 0 (PARA-040)
Warning: Coupling capacitor (in37:7 in41:7 0) on net in41 is discarded because the value cannot be <= 0 (PARA-040)
Warning: Coupling capacitor (ANTENNA_input19_A/DIODE ANTENNA_input40_A/DIODE 0) on net in44 is discarded because the value cannot be <= 0 (PARA-040)
Warning: Coupling capacitor (ANTENNA_input19_A/DIODE in44:5 0) on net in44 is discarded because the value cannot be <= 0 (PARA-040)
Warning: Coupling capacitor (in25:5 in44:5 0) on net in44 is discarded because the value cannot be <= 0 (PARA-040)
Warning: Coupling capacitor (input31/A input44/A 0) on net in48 is discarded because the value cannot be <= 0 (PARA-040)
Warning: Coupling capacitor (in36:9 in48:9 0) on net in48 is discarded because the value cannot be <= 0 (PARA-040)
Warning: Coupling capacitor (in29:9 in50:7 0) on net in50 is discarded because the value cannot be <= 0 (PARA-040)
Warning: Coupling capacitor (in44:5 in53:7 0) on net in53 is discarded because the value cannot be <= 0 (PARA-040)
Warning: Coupling capacitor (input50/A input53/A 0) on net in56 is discarded because the value cannot be <= 0 (PARA-040)
Warning: Coupling capacitor (in49:5 in56:7 0) on net in56 is discarded because the value cannot be <= 0 (PARA-040)
Warning: Coupling capacitor (in53:7 in56:7 0) on net in56 is discarded because the value cannot be <= 0 (PARA-040)
Warning: Coupling capacitor (in51:9 in57:7 0) on net in57 is discarded because the value cannot be <= 0 (PARA-040)
Warning: Coupling capacitor (input43/A input55/A 0) on net in58 is discarded because the value cannot be <= 0 (PARA-040)
Warning: Coupling capacitor (input51/A input55/A 0) on net in58 is discarded because the value cannot be <= 0 (PARA-040)
Warning: Coupling capacitor (in47:7 in58:7 0) on net in58 is discarded because the value cannot be <= 0 (PARA-040)
Warning: Coupling capacitor (in54:7 in58:7 0) on net in58 is discarded because the value cannot be <= 0 (PARA-040)
Warning: Coupling capacitor (in34:9 in59:9 0) on net in59 is discarded because the value cannot be <= 0 (PARA-040)
Warning: Coupling capacitor (input51/A input58/A 0) on net in60 is discarded because the value cannot be <= 0 (PARA-040)
Warning: Coupling capacitor (input56/A input58/A 0) on net in60 is discarded because the value cannot be <= 0 (PARA-040)
Warning: Coupling capacitor (in54:7 in60:7 0) on net in60 is discarded because the value cannot be <= 0 (PARA-040)
Warning: Coupling capacitor (in59:9 in60:7 0) on net in60 is discarded because the value cannot be <= 0 (PARA-040)
Warning: Coupling capacitor (input41/A input59/A 0) on net in61 is discarded because the value cannot be <= 0 (PARA-040)
Warning: Coupling capacitor (in45:7 in61:7 0) on net in61 is discarded because the value cannot be <= 0 (PARA-040)
Warning: Coupling capacitor (input14/A input60/A 0) on net in7 is discarded because the value cannot be <= 0 (PARA-040)
Warning: Coupling capacitor (in20:7 in7:7 0) on net in7 is discarded because the value cannot be <= 0 (PARA-040)
Warning: Coupling capacitor (in38:9 in8:7 0) on net in8 is discarded because the value cannot be <= 0 (PARA-040)
Warning: Coupling capacitor (out11 out17 0) on net out17 is discarded because the value cannot be <= 0 (PARA-040)
Warning: Coupling capacitor (out16 out38 0) on net out38 is discarded because the value cannot be <= 0 (PARA-040)
Warning: Coupling capacitor (out36 out43 0) on net out43 is discarded because the value cannot be <= 0 (PARA-040)
Warning: Coupling capacitor (in61:7 out45 0) on net out45 is discarded because the value cannot be <= 0 (PARA-040)
Warning: Coupling capacitor (out34 out5 0) on net out5 is discarded because the value cannot be <= 0 (PARA-040)
Warning: Coupling capacitor (in52:7 out53 0) on net out53 is discarded because the value cannot be <= 0 (PARA-040)
Warning: Coupling capacitor (out45 out55 0) on net out55 is discarded because the value cannot be <= 0 (PARA-040)
Warning: Coupling capacitor (in48:9 out55 0) on net out55 is discarded because the value cannot be <= 0 (PARA-040)
Warning: Coupling capacitor (in28:5 out56 0) on net out56 is discarded because the value cannot be <= 0 (PARA-040)
Warning: Coupling capacitor (in49:5 out56 0) on net out56 is discarded because the value cannot be <= 0 (PARA-040)
Warning: Coupling capacitor (out19 out6 0) on net out6 is discarded because the value cannot be <= 0 (PARA-040)
Warning: Coupling capacitor (out42 out9 0) on net out9 is discarded because the value cannot be <= 0 (PARA-040)
Warning: Coupling capacitor (clkbuf_1_1__f_net181/A clkbuf_1_0__f_net182/A 0) on net clknet_0_net182 is discarded because the value cannot be <= 0 (PARA-040)
Warning: Coupling capacitor (clkbuf_1_1__f_net181/A clkbuf_1_1__f_net182/A 0) on net clknet_0_net182 is discarded because the value cannot be <= 0 (PARA-040)
Warning: Coupling capacitor (clknet_0_clk:340 clkbuf_1_1__f_net483/A 0) on net clknet_0_net483 is discarded because the value cannot be <= 0 (PARA-040)
Warning: Coupling capacitor (clkbuf_1_0__f_net54/A clkbuf_1_1__f_net56/A 0) on net clknet_0_net56 is discarded because the value cannot be <= 0 (PARA-040)
Warning: Coupling capacitor (clkbuf_1_1__f_net54/A clkbuf_1_1__f_net56/A 0) on net clknet_0_net56 is discarded because the value cannot be <= 0 (PARA-040)
Warning: Coupling capacitor (clkbuf_1_1__f_net506/A clknet_0_net815:10 0) on net clknet_0_net815 is discarded because the value cannot be <= 0 (PARA-040)
Warning: Coupling capacitor (clkbuf_1_1__f_net833/A clkbuf_1_0__f_net835/A 0) on net clknet_0_net835 is discarded because the value cannot be <= 0 (PARA-040)
Warning: Coupling capacitor (clkbuf_1_1__f_net971/A clkbuf_1_0__f_net972/A 0) on net clknet_0_net972 is discarded because the value cannot be <= 0 (PARA-040)
Warning: Coupling capacitor (clkbuf_1_0__f_net179/A c251/S0 0) on net clknet_1_0__leaf_net181 is discarded because the value cannot be <= 0 (PARA-040)
Warning: Coupling capacitor (clkbuf_1_1__f_net471/A clknet_1_0__leaf_net246:10 0) on net clknet_1_0__leaf_net246 is discarded because the value cannot be <= 0 (PARA-040)
Warning: Coupling capacitor (clkbuf_1_0__f_net475/A c588/A2 0) on net clknet_1_0__leaf_net475 is discarded because the value cannot be <= 0 (PARA-040)
Warning: Coupling capacitor (clkbuf_1_0__f_net475/A clknet_1_0__leaf_net475:27 0) on net clknet_1_0__leaf_net475 is discarded because the value cannot be <= 0 (PARA-040)
Warning: Coupling capacitor (clkbuf_1_0__f_net604/A clknet_1_0__leaf_net483:47 0) on net clknet_1_0__leaf_net483 is discarded because the value cannot be <= 0 (PARA-040)
Warning: Coupling capacitor (clkbuf_1_1__f_net604/A clknet_1_0__leaf_net483:47 0) on net clknet_1_0__leaf_net483 is discarded because the value cannot be <= 0 (PARA-040)
Warning: Coupling capacitor (c251/A2 c251/A0 0) on net clknet_1_0__leaf_net49 is discarded because the value cannot be <= 0 (PARA-040)
Warning: Coupling capacitor (clknet_1_0__leaf_net182:14 c251/A0 0) on net clknet_1_0__leaf_net49 is discarded because the value cannot be <= 0 (PARA-040)
Warning: Coupling capacitor (clkbuf_1_0__f_net853/A c729/A0 0) on net clknet_1_0__leaf_net592 is discarded because the value cannot be <= 0 (PARA-040)
Warning: Coupling capacitor (c127/A3 clknet_1_0__leaf_net60:8 0) on net clknet_1_0__leaf_net60 is discarded because the value cannot be <= 0 (PARA-040)
Warning: Coupling capacitor (clknet_0_net815:10 clknet_1_0__leaf_net762:26 0) on net clknet_1_0__leaf_net762 is discarded because the value cannot be <= 0 (PARA-040)
Warning: Coupling capacitor (clknet_1_0__leaf_net474:8 c725/S1 0) on net clknet_1_0__leaf_net854 is discarded because the value cannot be <= 0 (PARA-040)
Warning: Coupling capacitor (clknet_0_net815:10 clknet_1_0__leaf_net927:12 0) on net clknet_1_0__leaf_net927 is discarded because the value cannot be <= 0 (PARA-040)
Warning: Coupling capacitor (clknet_1_0__leaf_net924:32 clknet_1_0__leaf_net927:32 0) on net clknet_1_0__leaf_net927 is discarded because the value cannot be <= 0 (PARA-040)
Warning: Coupling capacitor (c582/A1 clknet_1_0__leaf_net934:115 0) on net clknet_1_0__leaf_net934 is discarded because the value cannot be <= 0 (PARA-040)
Warning: Coupling capacitor (clknet_1_0__leaf_net762:10 c492/S0 0) on net clknet_1_0__leaf_net945 is discarded because the value cannot be <= 0 (PARA-040)
Warning: Coupling capacitor (c482/A0 clknet_1_0__leaf_net946:92 0) on net clknet_1_0__leaf_net946 is discarded because the value cannot be <= 0 (PARA-040)
Warning: Coupling capacitor (clkbuf_1_0__f_net952/A clknet_1_0__leaf_net952:72 0) on net clknet_1_0__leaf_net952 is discarded because the value cannot be <= 0 (PARA-040)
Warning: Coupling capacitor (clkbuf_1_1__f_net62/A clknet_1_0__leaf_net959:94 0) on net clknet_1_0__leaf_net959 is discarded because the value cannot be <= 0 (PARA-040)
Warning: Coupling capacitor (c249/A1 clknet_1_0__leaf_net965:18 0) on net clknet_1_0__leaf_net965 is discarded because the value cannot be <= 0 (PARA-040)
Warning: Coupling capacitor (c394/A0 c392/A2 0) on net clknet_1_0__leaf_net965 is discarded because the value cannot be <= 0 (PARA-040)
Warning: Coupling capacitor (clkbuf_1_0__f_net182/A c392/A2 0) on net clknet_1_0__leaf_net965 is discarded because the value cannot be <= 0 (PARA-040)
Warning: Coupling capacitor (clkbuf_1_0__f_net62/A clknet_1_0__leaf_net965:18 0) on net clknet_1_0__leaf_net965 is discarded because the value cannot be <= 0 (PARA-040)
Warning: Coupling capacitor (c251/S0 c392/A1 0) on net clknet_1_0__leaf_net972 is discarded because the value cannot be <= 0 (PARA-040)
Warning: Coupling capacitor (clknet_1_0__leaf_net62:19 c244/A0 0) on net clknet_1_1__leaf_net177 is discarded because the value cannot be <= 0 (PARA-040)
Warning: Coupling capacitor (clknet_1_0__leaf_net62:19 clknet_1_1__leaf_net177:36 0) on net clknet_1_1__leaf_net177 is discarded because the value cannot be <= 0 (PARA-040)
Warning: Coupling capacitor (clkbuf_1_0__f_net188/A clknet_1_1__leaf_net181:18 0) on net clknet_1_1__leaf_net181 is discarded because the value cannot be <= 0 (PARA-040)
Warning: Coupling capacitor (clkbuf_1_1__f_net188/A clknet_1_1__leaf_net181:18 0) on net clknet_1_1__leaf_net181 is discarded because the value cannot be <= 0 (PARA-040)
Warning: Coupling capacitor (clknet_0_clk:425 c357/A0 0) on net clknet_1_1__leaf_net282 is discarded because the value cannot be <= 0 (PARA-040)
Warning: Coupling capacitor (clknet_1_0__leaf_net947:26 clknet_1_1__leaf_net300:10 0) on net clknet_1_1__leaf_net300 is discarded because the value cannot be <= 0 (PARA-040)
Warning: Coupling capacitor (clknet_1_0__leaf_net947:26 clknet_1_1__leaf_net300:25 0) on net clknet_1_1__leaf_net300 is discarded because the value cannot be <= 0 (PARA-040)
Warning: Coupling capacitor (clkbuf_1_1__f_net369/A c468/A0 0) on net clknet_1_1__leaf_net369 is discarded because the value cannot be <= 0 (PARA-040)
Warning: Coupling capacitor (c750/S0 clknet_1_1__leaf_net386:64 0) on net clknet_1_1__leaf_net386 is discarded because the value cannot be <= 0 (PARA-040)
Warning: Coupling capacitor (clkbuf_1_0__f_net499/A clknet_1_1__leaf_net386:64 0) on net clknet_1_1__leaf_net386 is discarded because the value cannot be <= 0 (PARA-040)
Warning: Coupling capacitor (clkbuf_1_0__f_net798/A clknet_1_1__leaf_net386:64 0) on net clknet_1_1__leaf_net386 is discarded because the value cannot be <= 0 (PARA-040)
Warning: Coupling capacitor (clknet_1_0__leaf_net798:18 clknet_1_1__leaf_net386:64 0) on net clknet_1_1__leaf_net386 is discarded because the value cannot be <= 0 (PARA-040)
Warning: Coupling capacitor (clknet_1_0__leaf_net947:26 c490/A0 0) on net clknet_1_1__leaf_net401 is discarded because the value cannot be <= 0 (PARA-040)
Warning: Coupling capacitor (c574/A3 c574/A2 0) on net clknet_1_1__leaf_net462 is discarded because the value cannot be <= 0 (PARA-040)
Warning: Coupling capacitor (clknet_1_0__leaf_net778:12 clknet_1_1__leaf_net465:25 0) on net clknet_1_1__leaf_net465 is discarded because the value cannot be <= 0 (PARA-040)
Warning: Coupling capacitor (clknet_1_1__leaf_net462:33 clknet_1_1__leaf_net475:12 0) on net clknet_1_1__leaf_net475 is discarded because the value cannot be <= 0 (PARA-040)
Warning: Coupling capacitor (clknet_1_1__leaf_net386:64 clknet_1_1__leaf_net483:26 0) on net clknet_1_1__leaf_net483 is discarded because the value cannot be <= 0 (PARA-040)
Warning: Coupling capacitor (clkbuf_1_0__f_net499/A c614/A2 0) on net clknet_1_1__leaf_net490 is discarded because the value cannot be <= 0 (PARA-040)
Warning: Coupling capacitor (clknet_1_1__leaf_net386:64 clknet_1_1__leaf_net498:12 0) on net clknet_1_1__leaf_net498 is discarded because the value cannot be <= 0 (PARA-040)
Warning: Coupling capacitor (clkbuf_1_1__f_net56/A c120/A1 0) on net clknet_1_1__leaf_net50 is discarded because the value cannot be <= 0 (PARA-040)
Warning: Coupling capacitor (clknet_0_net510:12 c632/A2 0) on net clknet_1_1__leaf_net510 is discarded because the value cannot be <= 0 (PARA-040)
Warning: Coupling capacitor (clkbuf_1_1__f_net50/A c116/C 0) on net clknet_1_1__leaf_net52 is discarded because the value cannot be <= 0 (PARA-040)
Warning: Coupling capacitor (c762/A1 clknet_1_1__leaf_net542:84 0) on net clknet_1_1__leaf_net542 is discarded because the value cannot be <= 0 (PARA-040)
Note - message 'PARA-040' default limit (100) exceeded.  Remainder will be suppressed.
Warning: Net 'net233' is multi-driven. (DES-023)
Warning: Net 'net266' is multi-driven. (DES-023)
Warning: Net 'net306' is multi-driven. (DES-023)
Warning: Net 'net709' is multi-driven. (DES-023)

****************************************
Report : read_parasitics /nas/ei/home/ge78pav/TM_power/TM_openlane/TM_openlane_single_mid/TM_openlane_mid_ad/TM_openlane_mid_ad_max/netlist_0/low/spef/netlist_0_post_par_nom.spef
Design : netlist_0
Version: Q-2019.12-SP1
Date   : Fri Aug  9 15:43:46 2024
****************************************

        0 error(s)
        Format is SPEF
        Annotated nets                   :         1608
        Annotated capacitances           :        13981
        Annotated resistances            :        12373
        Reduced coupling capacitances    :        26592
        Annotated PI models              :            0
        Annotated Elmore delays          :            0

