****************************************
Report : Averaged Power
	-net_power
	-hierarchy
	-sort_by net_switching_power
	-power_greater_than       0
	-nosplit
Design : netlist_2
Version: Q-2019.12-SP1
Date   : Tue Jul 30 00:20:23 2024
****************************************



  Attributes
  ----------
      a  -  Switching activity information / Switching power information annotated on net
      p  -  Propagated switching activity information on net
      d  -  Default switching activity used on net
      u  -  Net switching activity uninitialized
      m  -  Net is driven by multiple pins
      b  -  Net is a primary input (boundary net)

		Toggle rates reported with respect to time unit 1ns
--------------------------------------------------------------------------------
                                  Total      Static   Toggle   Switching
Net                         Vdd   Net Load   Prob.    Rate     Power      Attrs
--------------------------------------------------------------------------------
net123                      1.80    0.099    0.499    0.4495   7.211e-05  p
net884                      1.80    0.092    0.625    0.4707   6.988e-05  p
net882                      1.80    0.119    0.534    0.2671   5.143e-05  p
net218                      1.80    0.085    0.568    0.3612   5.002e-05  p
net883                      1.80    0.106    0.528    0.2821   4.850e-05  p
net880                      1.80    0.076    0.361    0.3516   4.322e-05  p
net13                       1.80    0.126    0.574    0.1963   4.012e-05  p
net28                       1.80    0.100    0.591    0.2468   4.006e-05  p
net108                      1.80    0.042    0.503    0.5614   3.854e-05  p
net437                      1.80    0.082    0.698    0.2771   3.664e-05  p
net878                      1.80    0.063    0.505    0.3584   3.646e-05  p
net345                      1.80    0.058    0.491    0.3707   3.492e-05  p
net19                       1.80    0.063    0.499    0.3419   3.468e-05  p
net851                      1.80    0.063    0.163    0.3386   3.436e-05  p
net881                      1.80    0.066    0.364    0.3075   3.307e-05  p
net877                      1.80    0.085    0.585    0.2338   3.236e-05  p
net102                      1.80    0.051    0.515    0.3861   3.200e-05  p
clknet_0_clk                1.80    0.194    0.500    0.1000   3.142e-05  a
net891                      1.80    0.093    0.579    0.2041   3.071e-05  p
net15                       1.80    0.062    0.510    0.2723   2.735e-05  p
net837                      1.80    0.056    0.621    0.2982   2.692e-05  p
net126                      1.80    0.061    0.534    0.2671   2.651e-05  p
net110                      1.80    0.034    0.625    0.4707   2.604e-05  p
net434                      1.80    0.057    0.638    0.2830   2.602e-05  p
net5                        1.80    0.070    0.465    0.2084   2.359e-05  p
net326                      1.80    0.047    0.729    0.2997   2.302e-05  p
net143                      1.80    0.070    0.222    0.2023   2.286e-05  p
net325                      1.80    0.039    0.498    0.3533   2.214e-05  p
net908                      1.80    0.136    0.500    0.1000   2.196e-05  a
net146                      1.80    0.045    0.358    0.2989   2.190e-05  p
net104                      1.80    0.066    0.618    0.2051   2.180e-05  p
net230                      1.80    0.034    0.436    0.3948   2.148e-05  p
net116                      1.80    0.047    0.528    0.2821   2.144e-05  p
net254                      1.80    0.044    0.131    0.2970   2.110e-05  p
net112                      1.80    0.074    0.622    0.1748   2.086e-05  p
net323                      1.80    0.029    0.506    0.4319   2.045e-05  p
net137                      1.80    0.075    0.486    0.1650   2.001e-05  p
net890                      1.80    0.045    0.492    0.2765   1.997e-05  p
net468                      1.80    0.059    0.323    0.2094   1.991e-05  p
net101                      1.80    0.043    0.220    0.2806   1.958e-05  p
net808                      1.80    0.096    0.626    0.1255   1.954e-05  p
net885                      1.80    0.085    0.684    0.1391   1.919e-05  p
net850                      1.80    0.047    0.587    0.2513   1.901e-05  p
net211                      1.80    0.040    0.570    0.2893   1.886e-05  p
net721                      1.80    0.116    0.500    0.1000   1.882e-05  a
net849                      1.80    0.078    0.690    0.1470   1.866e-05  p
net904                      1.80    0.092    0.624    0.1239   1.841e-05  p
net876                      1.80    0.079    0.207    0.1424   1.823e-05  p
net834                      1.80    0.040    0.780    0.2806   1.818e-05  p
net262                      1.80    0.067    0.309    0.1646   1.793e-05  p
net846                      1.80    0.033    0.163    0.3386   1.789e-05  p
net770                      1.80    0.110    0.500    0.1000   1.786e-05  a
net440                      1.80    0.067    0.116    0.1652   1.785e-05  p
net275                      1.80    0.060    0.249    0.1827   1.785e-05  p
net87                       1.80    0.032    0.163    0.3386   1.779e-05  p
net819                      1.80    0.040    0.563    0.2698   1.727e-05  p
net726                      1.80    0.106    0.500    0.1000   1.714e-05  a
net822                      1.80    0.033    0.364    0.3075   1.667e-05  p
net106                      1.80    0.037    0.492    0.2765   1.665e-05  p
net879                      1.80    0.056    0.755    0.1819   1.662e-05  p
net227                      1.80    0.029    0.556    0.3475   1.640e-05  p
net886                      1.80    0.035    0.554    0.2874   1.625e-05  p
net393                      1.80    0.048    0.551    0.2089   1.611e-05  p
net715                      1.80    0.098    0.500    0.1000   1.594e-05  a
net240                      1.80    0.034    0.308    0.2763   1.536e-05  p
net338                      1.80    0.046    0.579    0.2041   1.535e-05  p
net599                      1.80    0.041    0.561    0.2307   1.522e-05  pm
net967                      1.80    0.075    0.624    0.1239   1.509e-05  p
net214                      1.80    0.026    0.505    0.3584   1.483e-05  p
net646                      1.80    0.075    0.612    0.1213   1.482e-05  p
net226                      1.80    0.071    0.115    0.1287   1.482e-05  p
net907                      1.80    0.091    0.500    0.1000   1.470e-05  a
net109                      1.80    0.019    0.505    0.4696   1.461e-05  p
net115                      1.80    0.031    0.554    0.2874   1.460e-05  p
net231                      1.80    0.070    0.115    0.1287   1.455e-05  p
net23                       1.80    0.019    0.505    0.4696   1.450e-05  p
net233                      1.80    0.071    0.666    0.1252   1.441e-05  p
net12                       1.80    0.060    0.630    0.1469   1.438e-05  p
net892                      1.80    0.048    0.693    0.1837   1.431e-05  p
net902                      1.80    0.071    0.624    0.1239   1.429e-05  p
net339                      1.80    0.035    0.671    0.2491   1.424e-05  p
net903                      1.80    0.071    0.624    0.1239   1.418e-05  p
net120                      1.80    0.016    0.543    0.5363   1.410e-05  p
net773                      1.80    0.087    0.500    0.1000   1.408e-05  a
net909                      1.80    0.028    0.497    0.3101   1.408e-05  p
net63                       1.80    0.038    0.642    0.2274   1.401e-05  p
net103                      1.80    0.031    0.476    0.2721   1.382e-05  p
net27                       1.80    0.027    0.497    0.3101   1.359e-05  p
net160                      1.80    0.059    0.477    0.1401   1.349e-05  p
net905                      1.80    0.083    0.500    0.1000   1.341e-05  a
net122                      1.80    0.042    0.644    0.1957   1.327e-05  p
net814                      1.80    0.094    0.076    0.0873   1.326e-05  p
net39                       1.80    0.064    0.450    0.1278   1.321e-05  p
net124                      1.80    0.047    0.530    0.1714   1.306e-05  p
net21                       1.80    0.039    0.655    0.2065   1.305e-05  p
net900                      1.80    0.067    0.554    0.1201   1.300e-05  p
clknet_0_net207             1.80    0.019    0.301    0.4263   1.297e-05  p
net893                      1.80    0.050    0.379    0.1593   1.285e-05  p
net48                       1.80    0.034    0.631    0.2308   1.285e-05  p
net118                      1.80    0.016    0.593    0.4925   1.284e-05  p
net901                      1.80    0.064    0.624    0.1239   1.284e-05  p
net222                      1.80    0.023    0.434    0.3429   1.284e-05  p
net432                      1.80    0.030    0.633    0.2661   1.283e-05  p
net895                      1.80    0.050    0.379    0.1593   1.277e-05  p
net912                      1.80    0.032    0.398    0.2413   1.263e-05  p
net658                      1.80    0.035    0.509    0.2153   1.229e-05  p
net940                      1.80    0.041    0.693    0.1837   1.227e-05  p
net749                      1.80    0.075    0.500    0.1000   1.223e-05  a
clknet_1_0__leaf_net824     1.80    0.034    0.374    0.2164   1.209e-05  p
net707                      1.80    0.074    0.500    0.1000   1.196e-05  a
clknet_1_0__leaf_net812     1.80    0.035    0.360    0.2101   1.192e-05  p
clknet_4_14_0_clk           1.80    0.073    0.500    0.1000   1.185e-05  a
net336                      1.80    0.033    0.457    0.2191   1.166e-05  p
net335                      1.80    0.040    0.575    0.1818   1.164e-05  p
net10                       1.80    0.059    0.634    0.1208   1.163e-05  p
clknet_1_1__leaf_net380     1.80    0.050    0.400    0.1431   1.153e-05  p
net889                      1.80    0.038    0.702    0.1879   1.150e-05  p
net351                      1.80    0.041    0.773    0.1730   1.138e-05  p
net213                      1.80    0.030    0.497    0.2332   1.125e-05  p
net918                      1.80    0.036    0.717    0.1936   1.119e-05  p
net830                      1.80    0.042    0.218    0.1635   1.118e-05  p
net894                      1.80    0.043    0.379    0.1593   1.112e-05  p
net156                      1.80    0.042    0.402    0.1642   1.108e-05  p
net750                      1.80    0.068    0.500    0.1000   1.105e-05  a
net629                      1.80    0.041    0.116    0.1652   1.102e-05  p
net792                      1.80    0.068    0.500    0.1000   1.102e-05  a
net939                      1.80    0.037    0.693    0.1837   1.095e-05  p
net17                       1.80    0.042    0.658    0.1605   1.094e-05  p
net220                      1.80    0.019    0.527    0.3449   1.085e-05  p
net787                      1.80    0.067    0.500    0.1000   1.084e-05  a
net232                      1.80    0.053    0.334    0.1252   1.084e-05  p
net31                       1.80    0.043    0.555    0.1566   1.078e-05  p
net140                      1.80    0.015    0.678    0.4304   1.074e-05  p
net97                       1.80    0.019    0.163    0.3386   1.068e-05  p
net801                      1.80    0.066    0.500    0.1000   1.065e-05  a
net719                      1.80    0.066    0.500    0.1000   1.061e-05  a
clknet_4_15_0_clk           1.80    0.065    0.500    0.1000   1.052e-05  a
net941                      1.80    0.035    0.702    0.1879   1.051e-05  p
net22                       1.80    0.050    0.553    0.1296   1.048e-05  p
net327                      1.80    0.020    0.300    0.3251   1.034e-05  p
clknet_4_0_0_clk            1.80    0.064    0.500    0.1000   1.030e-05  a
clknet_4_1_0_clk            1.80    0.062    0.500    0.1000   1.012e-05  a
clknet_4_11_0_clk           1.80    0.062    0.500    0.1000   9.979e-06  a
clknet_1_0__leaf_net291     1.80    0.048    0.408    0.1275   9.905e-06  p
net839                      1.80    0.034    0.322    0.1785   9.773e-06  p
net666                      1.80    0.041    0.521    0.1482   9.737e-06  p
net37                       1.80    0.047    0.628    0.1268   9.721e-06  p
net11                       1.80    0.029    0.497    0.2099   9.716e-06  p
net824                      1.80    0.028    0.374    0.2164   9.671e-06  p
net860                      1.80    0.055    0.512    0.1073   9.620e-06  p
net663                      1.80    0.047    0.683    0.1258   9.591e-06  p
net173                      1.80    0.043    0.261    0.1378   9.584e-06  p
clknet_4_8_0_clk            1.80    0.059    0.500    0.1000   9.486e-06  a
net848                      1.80    0.064    0.876    0.0908   9.424e-06  p
net906                      1.80    0.058    0.500    0.1000   9.405e-06  a
net804                      1.80    0.038    0.315    0.1541   9.403e-06  p
net207                      1.80    0.014    0.301    0.4263   9.355e-06  p
net81                       1.80    0.017    0.163    0.3386   9.191e-06  p
net219                      1.80    0.023    0.644    0.2467   9.176e-06  p
net963                      1.80    0.018    0.497    0.3101   9.150e-06  p
net34                       1.80    0.043    0.647    0.1314   9.132e-06  p
net50                       1.80    0.046    0.554    0.1201   9.046e-06  p
net796                      1.80    0.056    0.500    0.1000   9.033e-06  a
net744                      1.80    0.055    0.500    0.1000   8.971e-06  a
net130                      1.80    0.034    0.218    0.1635   8.915e-06  p
net648                      1.80    0.037    0.606    0.1474   8.909e-06  p
net631                      1.80    0.029    0.153    0.1884   8.893e-06  p
net917                      1.80    0.030    0.755    0.1819   8.862e-06  p
net114                      1.80    0.020    0.538    0.2676   8.789e-06  p
net922                      1.80    0.029    0.693    0.1837   8.770e-06  p
net598                      1.80    0.019    0.230    0.2908   8.743e-06  p
net332                      1.80    0.062    0.924    0.0873   8.710e-06  p
net47                       1.80    0.019    0.542    0.2857   8.626e-06  p
net271                      1.80    0.017    0.639    0.3195   8.609e-06  p
net847                      1.80    0.038    0.684    0.1391   8.574e-06  p
net216                      1.80    0.016    0.493    0.3255   8.553e-06  p
net752                      1.80    0.053    0.500    0.1000   8.546e-06  a
net41                       1.80    0.026    0.412    0.2025   8.541e-06  p
net525                      1.80    0.022    0.682    0.2389   8.535e-06  p
net740                      1.80    0.053    0.500    0.1000   8.527e-06  a
net58                       1.80    0.031    0.664    0.1707   8.526e-06  p
net247                      1.80    0.033    0.819    0.1578   8.501e-06  p
net431                      1.80    0.018    0.554    0.2874   8.496e-06  p
clknet_4_10_0_clk           1.80    0.052    0.500    0.1000   8.489e-06  a
net155                      1.80    0.022    0.585    0.2338   8.451e-06  p
net887                      1.80    0.028    0.702    0.1879   8.447e-06  p
clknet_1_0__leaf_net380     1.80    0.036    0.400    0.1431   8.405e-06  p
net358                      1.80    0.018    0.657    0.2873   8.377e-06  p
net807                      1.80    0.019    0.432    0.2709   8.348e-06  p
net708                      1.80    0.050    0.500    0.1000   8.177e-06  a
net560                      1.80    0.014    0.671    0.3504   8.135e-06  p
net628                      1.80    0.032    0.270    0.1562   8.118e-06  p
net725                      1.80    0.050    0.500    0.1000   8.045e-06  a
net812                      1.80    0.024    0.360    0.2101   8.021e-06  p
net869                      1.80    0.026    0.513    0.1923   7.956e-06  p
net738                      1.80    0.049    0.500    0.1000   7.953e-06  a
net803                      1.80    0.028    0.452    0.1757   7.928e-06  p
net234                      1.80    0.034    0.207    0.1424   7.915e-06  p
net132                      1.80    0.014    0.415    0.3404   7.897e-06  p
clknet_0_net824             1.80    0.022    0.374    0.2164   7.847e-06  p
net888                      1.80    0.025    0.702    0.1879   7.759e-06  p
net259                      1.80    0.027    0.783    0.1761   7.738e-06  p
net762                      1.80    0.048    0.500    0.1000   7.708e-06  a
net269                      1.80    0.014    0.361    0.3516   7.698e-06  p
net898                      1.80    0.039    0.554    0.1201   7.670e-06  p
net225                      1.80    0.017    0.480    0.2855   7.655e-06  p
net965                      1.80    0.030    0.555    0.1566   7.644e-06  p
net51                       1.80    0.034    0.590    0.1378   7.634e-06  p
net8                        1.80    0.024    0.497    0.1912   7.521e-06  p
net723                      1.80    0.046    0.500    0.1000   7.513e-06  a
net265                      1.80    0.028    0.116    0.1652   7.503e-06  p
clknet_0_net401             1.80    0.020    0.610    0.2365   7.485e-06  p
net863                      1.80    0.037    0.624    0.1239   7.465e-06  p
net46                       1.80    0.019    0.585    0.2414   7.383e-06  p
net489                      1.80    0.026    0.537    0.1767   7.360e-06  p
net183                      1.80    0.031    0.762    0.1476   7.337e-06  p
net128                      1.80    0.014    0.496    0.3283   7.313e-06  p
net60                       1.80    0.021    0.679    0.2130   7.204e-06  p
net303                      1.80    0.018    0.349    0.2508   7.167e-06  p
clknet_4_12_0_clk           1.80    0.044    0.500    0.1000   7.143e-06  a
clknet_0_net812             1.80    0.021    0.360    0.2101   7.136e-06  p
net348                      1.80    0.013    0.545    0.3290   7.091e-06  p
net556                      1.80    0.012    0.330    0.3705   7.040e-06  p
clknet_1_1__leaf_net207     1.80    0.010    0.301    0.4263   7.036e-06  p
net649                      1.80    0.025    0.338    0.1666   6.880e-06  p
net630                      1.80    0.043    0.329    0.0988   6.874e-06  p
net250                      1.80    0.015    0.127    0.2917   6.861e-06  p
net433                      1.80    0.020    0.759    0.2126   6.849e-06  p
clknet_1_1__leaf_net812     1.80    0.020    0.360    0.2101   6.817e-06  p
net756                      1.80    0.042    0.500    0.1000   6.780e-06  a
net861                      1.80    0.030    0.586    0.1375   6.752e-06  p
net270                      1.80    0.032    0.559    0.1277   6.720e-06  p
net968                      1.80    0.033    0.628    0.1268   6.710e-06  p
clknet_4_2_0_clk            1.80    0.041    0.500    0.1000   6.686e-06  a
net745                      1.80    0.041    0.500    0.1000   6.668e-06  a
net899                      1.80    0.034    0.554    0.1201   6.651e-06  p
net241                      1.80    0.032    0.365    0.1295   6.649e-06  p
clknet_4_3_0_clk            1.80    0.041    0.500    0.1000   6.646e-06  a
net826                      1.80    0.032    0.395    0.1265   6.575e-06  p
clknet_0_net511             1.80    0.020    0.249    0.2063   6.553e-06  p
net288                      1.80    0.019    0.496    0.2137   6.550e-06  p
net713                      1.80    0.040    0.500    0.1000   6.514e-06  a
net471                      1.80    0.021    0.828    0.1890   6.495e-06  p
net78                       1.80    0.020    0.665    0.2003   6.490e-06  p
net873                      1.80    0.031    0.570    0.1297   6.462e-06  p
net344                      1.80    0.013    0.600    0.2966   6.446e-06  p
net763                      1.80    0.040    0.500    0.1000   6.413e-06  a
net728                      1.80    0.039    0.500    0.1000   6.381e-06  a
clknet_4_4_0_clk            1.80    0.039    0.500    0.1000   6.319e-06  a
net966                      1.80    0.032    0.634    0.1208   6.277e-06  p
net685                      1.80    0.029    0.661    0.1312   6.266e-06  p
clknet_0_net521             1.80    0.021    0.852    0.1874   6.248e-06  p
net273                      1.80    0.012    0.457    0.3318   6.232e-06  p
net212                      1.80    0.014    0.611    0.2793   6.204e-06  p
net328                      1.80    0.013    0.643    0.2845   6.197e-06  p
net641                      1.80    0.020    0.621    0.1883   6.190e-06  p
net35                       1.80    0.030    0.631    0.1292   6.181e-06  p
net688                      1.80    0.023    0.618    0.1679   6.178e-06  p
net430                      1.80    0.011    0.502    0.3628   6.174e-06  p
clknet_1_0__leaf_net521     1.80    0.020    0.852    0.1874   6.091e-06  p
net845                      1.80    0.026    0.386    0.1447   6.079e-06  p
clknet_1_1__leaf_net809     1.80    0.023    0.550    0.1607   6.042e-06  p
net148                      1.80    0.023    0.730    0.1591   6.034e-06  p
net557                      1.80    0.037    0.500    0.1000   5.989e-06  a
clknet_0_net504             1.80    0.021    0.403    0.1803   5.989e-06  p
net56                       1.80    0.016    0.550    0.2289   5.960e-06  p
net871                      1.80    0.020    0.693    0.1837   5.929e-06  p
net210                      1.80    0.010    0.386    0.3676   5.921e-06  p
net865                      1.80    0.019    0.497    0.1932   5.872e-06  p
net113                      1.80    0.024    0.625    0.1530   5.869e-06  p
net771                      1.80    0.036    0.500    0.1000   5.864e-06  a
net242                      1.80    0.028    0.635    0.1295   5.841e-06  p
net910                      1.80    0.012    0.497    0.3101   5.792e-06  p
net788                      1.80    0.036    0.500    0.1000   5.789e-06  a
net645                      1.80    0.012    0.367    0.2849   5.766e-06  p
net52                       1.80    0.027    0.456    0.1290   5.734e-06  p
clknet_0_net286             1.80    0.019    0.369    0.1874   5.729e-06  p
net371                      1.80    0.019    0.153    0.1884   5.710e-06  p
net555                      1.80    0.013    0.582    0.2616   5.701e-06  p
net657                      1.80    0.016    0.488    0.2153   5.685e-06  p
net38                       1.80    0.014    0.641    0.2440   5.678e-06  p
clknet_0_net522             1.80    0.020    0.699    0.1755   5.662e-06  p
net784                      1.80    0.035    0.500    0.1000   5.649e-06  a
clknet_1_1__leaf_net291     1.80    0.027    0.408    0.1275   5.644e-06  p
net201                      1.80    0.019    0.667    0.1815   5.633e-06  p
net246                      1.80    0.022    0.181    0.1576   5.630e-06  p
net45                       1.80    0.013    0.456    0.2625   5.554e-06  p
net25                       1.80    0.022    0.672    0.1529   5.545e-06  p
net642                      1.80    0.018    0.376    0.1883   5.542e-06  p
net758                      1.80    0.034    0.500    0.1000   5.539e-06  a
net178                      1.80    0.037    0.425    0.0919   5.534e-06  p
net766                      1.80    0.034    0.500    0.1000   5.524e-06  a
net761                      1.80    0.034    0.500    0.1000   5.461e-06  a
net127                      1.80    0.014    0.565    0.2416   5.442e-06  p
clknet_1_0__leaf_net207     1.80    0.008    0.301    0.4263   5.393e-06  p
net378                      1.80    0.021    0.380    0.1605   5.381e-06  p
clknet_0_net841             1.80    0.017    0.608    0.1903   5.381e-06  p
clknet_4_7_0_clk            1.80    0.033    0.500    0.1000   5.371e-06  a
net864                      1.80    0.026    0.559    0.1253   5.369e-06  p
net627                      1.80    0.022    0.350    0.1511   5.358e-06  p
net134                      1.80    0.017    0.717    0.1936   5.310e-06  p
net149                      1.80    0.017    0.649    0.1963   5.280e-06  p
clknet_0_net502             1.80    0.018    0.465    0.1769   5.270e-06  p
net724                      1.80    0.032    0.500    0.1000   5.250e-06  a
clknet_4_6_0_clk            1.80    0.032    0.500    0.1000   5.224e-06  a
net875                      1.80    0.019    0.641    0.1660   5.181e-06  p
net921                      1.80    0.017    0.717    0.1936   5.177e-06  p
net121                      1.80    0.010    0.689    0.3061   5.158e-06  p
net14                       1.80    0.011    0.498    0.2898   5.119e-06  p
net401                      1.80    0.013    0.610    0.2365   5.088e-06  p
net206                      1.80    0.011    0.515    0.2872   5.081e-06  p
net510                      1.80    0.018    0.624    0.1763   5.074e-06  p
net221                      1.80    0.008    0.513    0.4014   5.066e-06  p
net747                      1.80    0.031    0.500    0.1000   5.030e-06  a
net764                      1.80    0.031    0.500    0.1000   5.023e-06  a
net809                      1.80    0.019    0.550    0.1607   4.999e-06  p
net759                      1.80    0.031    0.500    0.1000   4.994e-06  a
net357                      1.80    0.017    0.452    0.1757   4.974e-06  p
net872                      1.80    0.018    0.624    0.1671   4.969e-06  p
clknet_0_net809             1.80    0.019    0.550    0.1607   4.955e-06  p
clknet_0_net204             1.80    0.019    0.411    0.1603   4.951e-06  p
net441                      1.80    0.009    0.354    0.3365   4.873e-06  p
net841                      1.80    0.016    0.608    0.1903   4.846e-06  p
clknet_4_13_0_clk           1.80    0.030    0.500    0.1000   4.815e-06  a
net342                      1.80    0.022    0.275    0.1357   4.804e-06  p
clknet_0_net473             1.80    0.022    0.797    0.1328   4.775e-06  p
clknet_0_net380             1.80    0.021    0.400    0.1431   4.773e-06  p
net117                      1.80    0.015    0.711    0.1982   4.739e-06  p
net131                      1.80    0.016    0.755    0.1819   4.723e-06  p
net587                      1.80    0.009    0.391    0.3282   4.717e-06  p
net260                      1.80    0.018    0.309    0.1646   4.698e-06  p
clknet_0_net290             1.80    0.019    0.854    0.1491   4.679e-06  p
clknet_1_1__leaf_net473     1.80    0.022    0.797    0.1328   4.678e-06  p
clknet_0_net459             1.80    0.020    0.387    0.1426   4.655e-06  p
net54                       1.80    0.014    0.524    0.2044   4.651e-06  p
net717                      1.80    0.029    0.500    0.1000   4.643e-06  a
net20                       1.80    0.021    0.539    0.1368   4.612e-06  p
clknet_4_5_0_clk            1.80    0.028    0.500    0.1000   4.611e-06  a
net679                      1.80    0.026    0.666    0.1099   4.596e-06  p
net16                       1.80    0.015    0.498    0.1892   4.589e-06  p
net356                      1.80    0.007    0.466    0.4106   4.566e-06  p
net932                      1.80    0.015    0.702    0.1879   4.566e-06  p
net329                      1.80    0.032    0.924    0.0873   4.526e-06  p
clknet_1_0__leaf_net317     1.80    0.029    0.247    0.0974   4.523e-06  p
net925                      1.80    0.015    0.693    0.1837   4.518e-06  p
clknet_0_net94              1.80    0.019    0.295    0.1439   4.501e-06  p
net32                       1.80    0.022    0.714    0.1289   4.498e-06  p
net797                      1.80    0.028    0.500    0.1000   4.486e-06  a
net742                      1.80    0.028    0.500    0.1000   4.458e-06  a
net59                       1.80    0.015    0.588    0.1841   4.451e-06  p
net684                      1.80    0.039    0.809    0.0702   4.433e-06  p
net370                      1.80    0.020    0.460    0.1384   4.421e-06  p
net6                        1.80    0.017    0.623    0.1641   4.406e-06  p
net709                      1.80    0.027    0.500    0.1000   4.397e-06  a
net712                      1.80    0.027    0.500    0.1000   4.395e-06  a
net67                       1.80    0.045    0.638    0.0602   4.392e-06  p
net736                      1.80    0.027    0.500    0.1000   4.384e-06  a
clknet_1_1__leaf_net841     1.80    0.014    0.608    0.1903   4.373e-06  p
net171                      1.80    0.020    0.261    0.1378   4.372e-06  p
net0                        1.80    0.023    0.533    0.1166   4.372e-06  p
net858                      1.80    0.022    0.634    0.1230   4.358e-06  p
net376                      1.80    0.016    0.639    0.1706   4.339e-06  p
net80                       1.80    0.027    0.620    0.0993   4.331e-06  p
net521                      1.80    0.014    0.852    0.1874   4.324e-06  p
net507                      1.80    0.008    0.690    0.3523   4.307e-06  p
net24                       1.80    0.018    0.629    0.1450   4.301e-06  p
net280                      1.80    0.013    0.244    0.1988   4.297e-06  p
net664                      1.80    0.013    0.671    0.2083   4.276e-06  p
net785                      1.80    0.026    0.500    0.1000   4.268e-06  a
clknet_0_net314             1.80    0.020    0.490    0.1301   4.248e-06  p
net936                      1.80    0.014    0.755    0.1819   4.244e-06  p
net264                      1.80    0.009    0.872    0.2920   4.226e-06  p
clknet_1_0__leaf_net816     1.80    0.021    0.365    0.1270   4.225e-06  p
clknet_0_net396             1.80    0.019    0.728    0.1338   4.220e-06  p
net29                       1.80    0.021    0.629    0.1219   4.201e-06  p
clknet_1_0__leaf_net809     1.80    0.016    0.550    0.1607   4.196e-06  p
clknet_4_9_0_clk            1.80    0.026    0.500    0.1000   4.173e-06  a
net30                       1.80    0.021    0.567    0.1203   4.112e-06  p
net619                      1.80    0.009    0.872    0.2920   4.110e-06  p
net125                      1.80    0.015    0.673    0.1723   4.108e-06  p
net162                      1.80    0.008    0.599    0.2987   4.104e-06  p
net43                       1.80    0.013    0.617    0.1901   4.087e-06  p
net731                      1.80    0.025    0.500    0.1000   4.081e-06  a
net776                      1.80    0.025    0.500    0.1000   4.063e-06  a
net484                      1.80    0.016    0.633    0.1548   4.056e-06  p
clknet_0_net289             1.80    0.020    0.337    0.1227   4.053e-06  p
net735                      1.80    0.025    0.500    0.1000   4.012e-06  a
net364                      1.80    0.016    0.685    0.1541   4.007e-06  p
net18                       1.80    0.012    0.504    0.2090   4.003e-06  p
net70                       1.80    0.020    0.620    0.1228   4.001e-06  p
clknet_1_1__leaf_net521     1.80    0.013    0.852    0.1874   3.993e-06  p
net291                      1.80    0.019    0.408    0.1275   3.985e-06  p
clknet_1_0__leaf_net841     1.80    0.013    0.608    0.1903   3.966e-06  p
net751                      1.80    0.024    0.500    0.1000   3.946e-06  a
clknet_0_net75              1.80    0.019    0.488    0.1241   3.921e-06  p
net341                      1.80    0.033    0.774    0.0743   3.916e-06  p
clknet_1_0__leaf_net412     1.80    0.024    0.195    0.0991   3.904e-06  p
net198                      1.80    0.016    0.525    0.1456   3.883e-06  p
net3                        1.80    0.020    0.542    0.1203   3.866e-06  p
net729                      1.80    0.024    0.500    0.1000   3.841e-06  a
net687                      1.80    0.023    0.646    0.1017   3.837e-06  p
net816                      1.80    0.019    0.365    0.1270   3.826e-06  p
net224                      1.80    0.063    0.242    0.0370   3.783e-06  p
net62                       1.80    0.010    0.429    0.2324   3.776e-06  p
net184                      1.80    0.017    0.261    0.1378   3.775e-06  p
clknet_0_net291             1.80    0.018    0.408    0.1275   3.769e-06  p
net931                      1.80    0.012    0.702    0.1879   3.768e-06  p
net874                      1.80    0.012    0.613    0.1981   3.733e-06  p
clknet_0_net862             1.80    0.018    0.450    0.1278   3.726e-06  p
net363                      1.80    0.009    0.398    0.2413   3.712e-06  p
clknet_0_net420             1.80    0.019    0.211    0.1198   3.693e-06  p
net768                      1.80    0.023    0.500    0.1000   3.679e-06  a
net57                       1.80    0.015    0.674    0.1494   3.669e-06  p
net760                      1.80    0.023    0.500    0.1000   3.663e-06  a
net483                      1.80    0.015    0.367    0.1548   3.662e-06  p
clknet_1_1__leaf_net412     1.80    0.023    0.195    0.0991   3.659e-06  p
net352                      1.80    0.010    0.714    0.2165   3.658e-06  p
net69                       1.80    0.013    0.610    0.1732   3.655e-06  p
net545                      1.80    0.009    0.389    0.2449   3.644e-06  p
net914                      1.80    0.009    0.398    0.2413   3.636e-06  p
clknet_0_net816             1.80    0.017    0.365    0.1270   3.580e-06  p
net620                      1.80    0.007    0.127    0.2917   3.534e-06  p
net361                      1.80    0.013    0.774    0.1730   3.517e-06  p
clknet_1_1__leaf_net836     1.80    0.020    0.171    0.1062   3.508e-06  p
net380                      1.80    0.015    0.400    0.1431   3.499e-06  p
net716                      1.80    0.021    0.500    0.1000   3.482e-06  a
net314                      1.80    0.016    0.490    0.1301   3.457e-06  p
clknet_1_1__leaf_net282     1.80    0.027    0.764    0.0776   3.442e-06  p
net133                      1.80    0.015    0.547    0.1376   3.426e-06  p
net40                       1.80    0.014    0.584    0.1477   3.406e-06  p
net235                      1.80    0.010    0.618    0.2053   3.398e-06  p
net278                      1.80    0.010    0.443    0.2050   3.389e-06  p
net100                      1.80    0.005    0.240    0.4044   3.382e-06  p
clknet_0_net488             1.80    0.020    0.681    0.1066   3.372e-06  p
clknet_1_1__leaf_net286     1.80    0.011    0.369    0.1874   3.369e-06  p
net42                       1.80    0.011    0.690    0.1851   3.363e-06  p
clknet_1_0__leaf_net401     1.80    0.009    0.610    0.2365   3.315e-06  p
net4                        1.80    0.010    0.501    0.2036   3.284e-06  p
clknet_0_net836             1.80    0.019    0.171    0.1062   3.267e-06  p
net828                      1.80    0.011    0.260    0.1771   3.263e-06  p
net322                      1.80    0.008    0.450    0.2588   3.262e-06  p
clknet_1_0__leaf_net655     1.80    0.031    0.321    0.0642   3.254e-06  p
net179                      1.80    0.022    0.574    0.0919   3.241e-06  p
net49                       1.80    0.016    0.640    0.1284   3.239e-06  p
clknet_1_0__leaf_net836     1.80    0.019    0.171    0.1062   3.231e-06  p
net511                      1.80    0.010    0.249    0.2063   3.229e-06  p
clknet_1_1__leaf_net459     1.80    0.014    0.387    0.1426   3.228e-06  p
net767                      1.80    0.020    0.500    0.1000   3.227e-06  a
net791                      1.80    0.020    0.500    0.1000   3.221e-06  a
net200                      1.80    0.019    0.508    0.1030   3.220e-06  p
net473                      1.80    0.015    0.797    0.1328   3.216e-06  p
clknet_1_0__leaf_net852     1.80    0.029    0.342    0.0685   3.216e-06  p
net862                      1.80    0.015    0.450    0.1278   3.194e-06  p
net938                      1.80    0.011    0.755    0.1819   3.189e-06  p
net33                       1.80    0.016    0.646    0.1241   3.188e-06  p
net660                      1.80    0.009    0.580    0.2160   3.187e-06  p
net105                      1.80    0.015    0.630    0.1267   3.170e-06  p
net324                      1.80    0.022    0.076    0.0873   3.152e-06  p
net667                      1.80    0.021    0.386    0.0920   3.133e-06  p
net806                      1.80    0.020    0.454    0.0958   3.133e-06  p
net369                      1.80    0.009    0.676    0.2141   3.131e-06  p
net502                      1.80    0.011    0.465    0.1769   3.119e-06  p
net414                      1.80    0.006    0.410    0.3175   3.113e-06  p
net144                      1.80    0.019    0.500    0.1000   3.111e-06  a
net730                      1.80    0.019    0.500    0.1000   3.103e-06  a
clknet_1_1__leaf_net816     1.80    0.015    0.365    0.1270   3.094e-06  p
net686                      1.80    0.010    0.548    0.1967   3.090e-06  p
net491                      1.80    0.007    0.410    0.2601   3.073e-06  p
clknet_1_0__leaf_net698     1.80    0.027    0.366    0.0711   3.072e-06  p
net517                      1.80    0.007    0.636    0.2552   3.050e-06  p
net522                      1.80    0.011    0.699    0.1755   3.042e-06  p
net498                      1.80    0.007    0.446    0.2529   3.035e-06  p
net180                      1.80    0.019    0.102    0.0975   3.022e-06  p
net935                      1.80    0.014    0.547    0.1376   3.022e-06  p
net727                      1.80    0.018    0.500    0.1000   2.992e-06  a
net817                      1.80    0.077    0.556    0.0238   2.982e-06  p
net427                      1.80    0.016    0.215    0.1124   2.982e-06  p
net150                      1.80    0.011    0.664    0.1727   2.979e-06  p
net718                      1.80    0.018    0.500    0.1000   2.979e-06  a
net798                      1.80    0.018    0.500    0.1000   2.961e-06  a
net428                      1.80    0.008    0.476    0.2338   2.958e-06  p
clknet_0_net317             1.80    0.019    0.247    0.0974   2.940e-06  p
net857                      1.80    0.008    0.584    0.2176   2.933e-06  p
net286                      1.80    0.010    0.369    0.1874   2.930e-06  p
net720                      1.80    0.018    0.500    0.1000   2.927e-06  a
clknet_0_net412             1.80    0.018    0.195    0.0991   2.919e-06  p
net365                      1.80    0.006    0.679    0.3000   2.917e-06  p
net139                      1.80    0.008    0.578    0.2368   2.917e-06  p
net603                      1.80    0.006    0.691    0.3105   2.893e-06  p
net304                      1.80    0.011    0.567    0.1600   2.892e-06  p
net334                      1.80    0.004    0.577    0.3973   2.890e-06  p
net805                      1.80    0.052    0.113    0.0343   2.883e-06  p
net868                      1.80    0.085    0.048    0.0209   2.863e-06  p
net261                      1.80    0.014    0.561    0.1230   2.860e-06  p
clknet_0_net697             1.80    0.021    0.411    0.0856   2.849e-06  p
net355                      1.80    0.014    0.381    0.1252   2.843e-06  p
net678                      1.80    0.016    0.332    0.1100   2.822e-06  p
net163                      1.80    0.008    0.471    0.2202   2.814e-06  p
clknet_1_0__leaf_net473     1.80    0.013    0.797    0.1328   2.810e-06  p
net459                      1.80    0.012    0.387    0.1426   2.804e-06  p
clknet_0_net855             1.80    0.018    0.348    0.0988   2.802e-06  p
net945                      1.80    0.006    0.781    0.2806   2.791e-06  p
net739                      1.80    0.017    0.500    0.1000   2.775e-06  a
net635                      1.80    0.096    0.734    0.0178   2.765e-06  p
net844                      1.80    0.016    0.508    0.1056   2.762e-06  p
net44                       1.80    0.009    0.702    0.1879   2.756e-06  p
net504                      1.80    0.009    0.403    0.1803   2.753e-06  p
net208                      1.80    0.004    0.420    0.4027   2.742e-06  p
net743                      1.80    0.017    0.500    0.1000   2.720e-06  a
clknet_1_0__leaf_net459     1.80    0.012    0.387    0.1426   2.718e-06  p
clknet_1_1__leaf_net655     1.80    0.026    0.321    0.0642   2.708e-06  p
clknet_0_net526             1.80    0.019    0.756    0.0898   2.702e-06  p
net166                      1.80    0.010    0.795    0.1665   2.698e-06  p
net659                      1.80    0.008    0.417    0.2160   2.680e-06  p
net315                      1.80    0.009    0.637    0.1902   2.675e-06  p
net464                      1.80    0.006    0.586    0.2988   2.673e-06  p
net543                      1.80    0.004    0.452    0.4091   2.670e-06  p
net107                      1.80    0.006    0.494    0.2566   2.668e-06  p
clknet_1_1__leaf_net862     1.80    0.013    0.450    0.1278   2.661e-06  p
net55                       1.80    0.010    0.487    0.1681   2.652e-06  p
clknet_1_1__leaf_net317     1.80    0.017    0.247    0.0974   2.643e-06  p
clknet_0_net604             1.80    0.019    0.432    0.0865   2.638e-06  p
clknet_1_0__leaf_net282     1.80    0.021    0.764    0.0776   2.603e-06  p
net95                       1.80    0.009    0.510    0.1746   2.590e-06  p
net307                      1.80    0.003    0.446    0.4498   2.544e-06  p
clknet_1_0__leaf_net604     1.80    0.018    0.432    0.0865   2.531e-06  p
net584                      1.80    0.010    0.539    0.1609   2.530e-06  p
clknet_0_net398             1.80    0.020    0.379    0.0773   2.522e-06  p
net565                      1.80    0.005    0.373    0.2910   2.517e-06  p
net443                      1.80    0.013    0.912    0.1193   2.516e-06  p
net942                      1.80    0.005    0.545    0.3290   2.486e-06  p
net811                      1.80    0.026    0.078    0.0587   2.481e-06  p
net585                      1.80    0.004    0.460    0.4100   2.480e-06  p
net266                      1.80    0.005    0.872    0.2920   2.479e-06  p
net153                      1.80    0.006    0.518    0.2390   2.456e-06  p
clknet_1_1__leaf_net522     1.80    0.009    0.699    0.1755   2.449e-06  p
net452                      1.80    0.012    0.683    0.1267   2.445e-06  p
net290                      1.80    0.010    0.854    0.1491   2.444e-06  p
net580                      1.80    0.006    0.473    0.2728   2.444e-06  p
net802                      1.80    0.015    0.500    0.1000   2.436e-06  a
net602                      1.80    0.011    0.176    0.1335   2.432e-06  p
net362                      1.80    0.012    0.657    0.1278   2.431e-06  p
clknet_0_net698             1.80    0.021    0.366    0.0711   2.428e-06  p
net85                       1.80    0.007    0.614    0.2001   2.412e-06  p
net623                      1.80    0.014    0.893    0.1044   2.411e-06  p
net446                      1.80    0.029    0.112    0.0504   2.408e-06  p
net1                        1.80    0.013    0.526    0.1179   2.408e-06  p
net625                      1.80    0.011    0.739    0.1378   2.398e-06  p
net870                      1.80    0.007    0.599    0.2116   2.396e-06  p
net929                      1.80    0.006    0.561    0.2307   2.393e-06  p
clknet_0_net605             1.80    0.019    0.379    0.0773   2.392e-06  p
net423                      1.80    0.006    0.352    0.2650   2.386e-06  p
net567                      1.80    0.003    0.473    0.4881   2.385e-06  p
net66                       1.80    0.006    0.546    0.2597   2.381e-06  p
net152                      1.80    0.005    0.619    0.3242   2.379e-06  p
net695                      1.80    0.069    0.671    0.0214   2.378e-06  p
net36                       1.80    0.011    0.673    0.1309   2.347e-06  p
net442                      1.80    0.012    0.088    0.1190   2.339e-06  p
clknet_0_net282             1.80    0.019    0.764    0.0776   2.337e-06  p
net402                      1.80    0.007    0.733    0.1967   2.322e-06  p
net622                      1.80    0.011    0.115    0.1287   2.316e-06  p
net706                      1.80    0.008    0.452    0.1757   2.315e-06  p
net204                      1.80    0.009    0.411    0.1603   2.288e-06  p
net135                      1.80    0.013    0.136    0.1042   2.275e-06  p
net765                      1.80    0.014    0.500    0.1000   2.275e-06  a
net732                      1.80    0.014    0.500    0.1000   2.269e-06  a
clknet_1_1__leaf_net855     1.80    0.014    0.348    0.0988   2.265e-06  p
net94                       1.80    0.010    0.295    0.1439   2.260e-06  p
net92                       1.80    0.040    0.605    0.0344   2.256e-06  p
net255                      1.80    0.004    0.282    0.3473   2.256e-06  p
net855                      1.80    0.014    0.348    0.0988   2.243e-06  p
clknet_1_1__leaf_net852     1.80    0.020    0.342    0.0685   2.230e-06  p
clknet_1_0__leaf_net504     1.80    0.008    0.403    0.1803   2.224e-06  p
net757                      1.80    0.014    0.500    0.1000   2.223e-06  a
clknet_1_0__leaf_net862     1.80    0.011    0.450    0.1278   2.221e-06  p
net563                      1.80    0.004    0.679    0.3121   2.211e-06  p
net311                      1.80    0.004    0.442    0.3333   2.204e-06  p
clknet_0_net285             1.80    0.019    0.670    0.0699   2.203e-06  p
clknet_1_0__leaf_net286     1.80    0.007    0.369    0.1874   2.199e-06  p
net68                       1.80    0.005    0.509    0.2674   2.187e-06  p
net586                      1.80    0.003    0.483    0.4479   2.183e-06  p
net488                      1.80    0.013    0.681    0.1066   2.166e-06  p
clknet_0_net637             1.80    0.020    0.335    0.0669   2.162e-06  p
net964                      1.80    0.009    0.555    0.1566   2.160e-06  p
net154                      1.80    0.008    0.703    0.1686   2.157e-06  p
clknet_0_net852             1.80    0.019    0.342    0.0685   2.155e-06  p
net546                      1.80    0.004    0.334    0.3591   2.148e-06  p
clknet_0_net821             1.80    0.018    0.366    0.0740   2.146e-06  p
net722                      1.80    0.013    0.500    0.1000   2.145e-06  a
clknet_0_net191             1.80    0.019    0.343    0.0695   2.128e-06  p
net568                      1.80    0.004    0.295    0.3226   2.117e-06  p
net9                        1.80    0.011    0.614    0.1220   2.109e-06  p
net640                      1.80    0.011    0.169    0.1225   2.109e-06  p
net312                      1.80    0.007    0.493    0.1962   2.108e-06  p
net449                      1.80    0.029    0.437    0.0444   2.103e-06  p
net90                       1.80    0.009    0.590    0.1378   2.100e-06  p
net305                      1.80    0.005    0.492    0.2546   2.095e-06  p
net564                      1.80    0.004    0.455    0.3397   2.084e-06  p
net359                      1.80    0.008    0.783    0.1693   2.076e-06  p
net928                      1.80    0.006    0.561    0.2307   2.064e-06  p
net842                      1.80    0.006    0.542    0.2238   2.062e-06  p
clknet_1_1__leaf_net824     1.80    0.006    0.374    0.2164   2.061e-06  p
net368                      1.80    0.007    0.153    0.1884   2.061e-06  p
net534                      1.80    0.005    0.576    0.2617   2.061e-06  p
net26                       1.80    0.006    0.559    0.2243   2.059e-06  p
net64                       1.80    0.005    0.596    0.2532   2.048e-06  p
net317                      1.80    0.013    0.247    0.0974   2.046e-06  p
net321                      1.80    0.006    0.488    0.2250   2.036e-06  p
net337                      1.80    0.003    0.425    0.3881   2.025e-06  p
net601                      1.80    0.003    0.684    0.4269   2.023e-06  p
net73                       1.80    0.009    0.546    0.1368   2.014e-06  p
clknet_0_net655             1.80    0.019    0.321    0.0642   2.011e-06  p
net203                      1.80    0.004    0.558    0.3062   2.007e-06  p
net415                      1.80    0.006    0.553    0.2076   1.989e-06  p
net818                      1.80    0.071    0.965    0.0173   1.986e-06  p
clknet_0_net482             1.80    0.021    0.914    0.0572   1.981e-06  p
net506                      1.80    0.004    0.504    0.2925   1.979e-06  p
net421                      1.80    0.004    0.409    0.2753   1.974e-06  p
net789                      1.80    0.012    0.500    0.1000   1.969e-06  a
net65                       1.80    0.005    0.599    0.2308   1.965e-06  p
net2                        1.80    0.010    0.553    0.1218   1.950e-06  p
net390                      1.80    0.014    0.360    0.0850   1.944e-06  p
net856                      1.80    0.070    0.768    0.0170   1.935e-06  p
net462                      1.80    0.008    0.154    0.1496   1.930e-06  p
net88                       1.80    0.007    0.544    0.1754   1.924e-06  p
net77                       1.80    0.008    0.327    0.1528   1.916e-06  p
clknet_1_0__leaf_net75      1.80    0.010    0.488    0.1241   1.912e-06  p
net157                      1.80    0.012    0.416    0.0992   1.909e-06  p
net418                      1.80    0.005    0.350    0.2345   1.899e-06  p
clknet_1_1__leaf_net697     1.80    0.014    0.411    0.0856   1.897e-06  p
net782                      1.80    0.012    0.500    0.1000   1.897e-06  a
net526                      1.80    0.013    0.756    0.0898   1.896e-06  p
net825                      1.80    0.010    0.571    0.1202   1.893e-06  p
net644                      1.80    0.006    0.431    0.1816   1.892e-06  p
net480                      1.80    0.020    0.279    0.0581   1.890e-06  p
net333                      1.80    0.003    0.519    0.4002   1.888e-06  p
clknet_1_1__leaf_net526     1.80    0.013    0.756    0.0898   1.882e-06  p
clknet_1_0__leaf_net94      1.80    0.008    0.295    0.1439   1.882e-06  p
net662                      1.80    0.006    0.442    0.1914   1.876e-06  p
clknet_1_0__leaf_net285     1.80    0.017    0.670    0.0699   1.875e-06  p
net372                      1.80    0.004    0.127    0.2917   1.873e-06  p
net930                      1.80    0.003    0.466    0.4106   1.868e-06  p
net786                      1.80    0.011    0.500    0.1000   1.860e-06  a
net289                      1.80    0.009    0.337    0.1227   1.855e-06  p
net562                      1.80    0.003    0.384    0.3357   1.846e-06  p
net544                      1.80    0.006    0.385    0.1904   1.845e-06  p
net386                      1.80    0.009    0.299    0.1310   1.840e-06  p
net634                      1.80    0.047    0.534    0.0244   1.838e-06  p
net741                      1.80    0.011    0.500    0.1000   1.828e-06  a
net559                      1.80    0.003    0.526    0.4052   1.824e-06  p
net915                      1.80    0.003    0.545    0.3290   1.823e-06  p
net396                      1.80    0.008    0.728    0.1338   1.818e-06  p
net276                      1.80    0.004    0.624    0.2871   1.816e-06  p
net136                      1.80    0.011    0.864    0.1042   1.816e-06  p
net300                      1.80    0.026    0.517    0.0425   1.815e-06  p
net223                      1.80    0.003    0.473    0.3499   1.814e-06  p
net75                       1.80    0.009    0.488    0.1241   1.800e-06  p
net571                      1.80    0.029    0.812    0.0382   1.795e-06  p
net238                      1.80    0.014    0.652    0.0770   1.795e-06  p
net647                      1.80    0.007    0.191    0.1608   1.794e-06  p
net61                       1.80    0.007    0.663    0.1491   1.791e-06  p
net177                      1.80    0.008    0.466    0.1347   1.790e-06  p
clknet_0_net676             1.80    0.020    0.291    0.0561   1.787e-06  p
clknet_1_1__leaf_net502     1.80    0.006    0.465    0.1769   1.780e-06  p
clknet_1_0__leaf_net488     1.80    0.010    0.681    0.1066   1.777e-06  p
net575                      1.80    0.037    0.121    0.0294   1.775e-06  p
net614                      1.80    0.003    0.363    0.3414   1.766e-06  p
clknet_0_net675             1.80    0.021    0.278    0.0528   1.766e-06  p
net295                      1.80    0.006    0.521    0.1872   1.761e-06  p
net282                      1.80    0.014    0.764    0.0776   1.759e-06  p
clknet_0_net638             1.80    0.019    0.287    0.0574   1.759e-06  p
net933                      1.80    0.006    0.717    0.1936   1.754e-06  p
net158                      1.80    0.011    0.583    0.0991   1.752e-06  p
net83                       1.80    0.004    0.420    0.2444   1.751e-06  p
clknet_1_0__leaf_net605     1.80    0.014    0.379    0.0773   1.744e-06  p
net710                      1.80    0.011    0.500    0.1000   1.735e-06  a
net570                      1.80    0.004    0.466    0.2816   1.724e-06  p
net228                      1.80    0.010    0.893    0.1044   1.722e-06  p
net926                      1.80    0.005    0.412    0.2025   1.713e-06  p
net934                      1.80    0.005    0.717    0.1936   1.710e-06  p
net472                      1.80    0.040    0.952    0.0266   1.707e-06  p
net705                      1.80    0.006    0.309    0.1646   1.706e-06  p
net919                      1.80    0.005    0.717    0.1936   1.702e-06  p
net391                      1.80    0.012    0.637    0.0852   1.701e-06  p
net284                      1.80    0.010    0.367    0.1074   1.679e-06  p
net420                      1.80    0.009    0.211    0.1198   1.666e-06  p
net479                      1.80    0.018    0.721    0.0581   1.654e-06  p
net119                      1.80    0.005    0.631    0.2120   1.651e-06  p
net239                      1.80    0.008    0.704    0.1240   1.651e-06  p
net450                      1.80    0.009    0.086    0.1169   1.646e-06  p
net624                      1.80    0.010    0.107    0.1044   1.640e-06  p
net515                      1.80    0.008    0.315    0.1251   1.640e-06  p
net569                      1.80    0.002    0.614    0.4160   1.636e-06  p
net490                      1.80    0.003    0.603    0.3151   1.631e-06  p
clknet_1_0__leaf_net697     1.80    0.012    0.411    0.0856   1.629e-06  p
net461                      1.80    0.005    0.455    0.2000   1.624e-06  p
net516                      1.80    0.008    0.685    0.1251   1.619e-06  p
net639                      1.80    0.008    0.826    0.1227   1.615e-06  p
net7                        1.80    0.008    0.550    0.1238   1.612e-06  p
net836                      1.80    0.009    0.171    0.1062   1.603e-06  p
net71                       1.80    0.009    0.669    0.1103   1.599e-06  p
net714                      1.80    0.010    0.500    0.1000   1.596e-06  a
net465                      1.80    0.018    0.968    0.0544   1.596e-06  p
clknet_1_1__leaf_net488     1.80    0.009    0.681    0.1066   1.593e-06  p
net217                      1.80    0.027    0.242    0.0370   1.593e-06  p
clknet_1_1__leaf_net605     1.80    0.013    0.379    0.0773   1.592e-06  p
clknet_1_1__leaf_net290     1.80    0.007    0.854    0.1491   1.588e-06  p
net316                      1.80    0.003    0.462    0.3168   1.588e-06  p
clknet_0_net654             1.80    0.021    0.233    0.0455   1.579e-06  p
net697                      1.80    0.011    0.411    0.0856   1.568e-06  p
net76                       1.80    0.007    0.668    0.1307   1.564e-06  p
net588                      1.80    0.003    0.596    0.3251   1.560e-06  p
net605                      1.80    0.012    0.379    0.0773   1.554e-06  p
clknet_1_1__leaf_net698     1.80    0.013    0.366    0.0711   1.551e-06  p
net381                      1.80    0.003    0.530    0.3294   1.550e-06  p
net520                      1.80    0.007    0.667    0.1358   1.539e-06  p
net268                      1.80    0.031    0.037    0.0310   1.537e-06  p
net859                      1.80    0.045    0.048    0.0209   1.534e-06  p
net170                      1.80    0.004    0.615    0.2585   1.531e-06  p
clknet_1_1__leaf_net604     1.80    0.011    0.432    0.0865   1.524e-06  p
net375                      1.80    0.017    0.835    0.0566   1.519e-06  p
net447                      1.80    0.018    0.887    0.0508   1.518e-06  p
net313                      1.80    0.004    0.512    0.2608   1.517e-06  p
net800                      1.80    0.009    0.500    0.1000   1.510e-06  a
net681                      1.80    0.006    0.753    0.1556   1.510e-06  p
net408                      1.80    0.004    0.383    0.2167   1.508e-06  p
net346                      1.80    0.048    0.123    0.0195   1.505e-06  p
net190                      1.80    0.007    0.196    0.1225   1.476e-06  pm
net340                      1.80    0.012    0.224    0.0742   1.467e-06  p
net413                      1.80    0.004    0.459    0.2153   1.465e-06  p
net924                      1.80    0.005    0.693    0.1837   1.461e-06  p
net111                      1.80    0.006    0.646    0.1449   1.452e-06  p
clknet_0_net677             1.80    0.019    0.252    0.0479   1.439e-06  p
clknet_1_1__leaf_net94      1.80    0.006    0.295    0.1439   1.431e-06  p
net702                      1.80    0.004    0.446    0.2087   1.422e-06  p
net896                      1.80    0.077    0.574    0.0114   1.421e-06  p
net823                      1.80    0.045    0.978    0.0197   1.420e-06  p
net474                      1.80    0.004    0.761    0.2331   1.420e-06  p
net783                      1.80    0.009    0.500    0.1000   1.418e-06  a
net404                      1.80    0.004    0.416    0.2299   1.417e-06  p
net840                      1.80    0.010    0.140    0.0838   1.406e-06  p
clknet_1_0__leaf_net855     1.80    0.009    0.348    0.0988   1.397e-06  p
net737                      1.80    0.009    0.500    0.1000   1.389e-06  a
clknet_0_net656             1.80    0.019    0.230    0.0453   1.387e-06  p
net397                      1.80    0.004    0.338    0.2108   1.387e-06  p
clknet_1_1__leaf_net204     1.80    0.005    0.411    0.1603   1.386e-06  p
net755                      1.80    0.009    0.500    0.1000   1.381e-06  a
net72                       1.80    0.005    0.804    0.1553   1.381e-06  p
net412                      1.80    0.009    0.195    0.0991   1.380e-06  p
net665                      1.80    0.005    0.379    0.1593   1.378e-06  p
net523                      1.80    0.003    0.488    0.2481   1.373e-06  p
net577                      1.80    0.031    0.123    0.0271   1.368e-06  p
net167                      1.80    0.004    0.732    0.1931   1.367e-06  p
net769                      1.80    0.008    0.500    0.1000   1.366e-06  a
net455                      1.80    0.003    0.625    0.2642   1.361e-06  p
net151                      1.80    0.031    0.947    0.0270   1.361e-06  p
net308                      1.80    0.003    0.543    0.2740   1.351e-06  p
net253                      1.80    0.011    0.157    0.0726   1.350e-06  p
net229                      1.80    0.003    0.408    0.3199   1.346e-06  p
net550                      1.80    0.005    0.771    0.1741   1.343e-06  p
net774                      1.80    0.008    0.500    0.1000   1.342e-06  a
net389                      1.80    0.004    0.446    0.2087   1.341e-06  p
net292                      1.80    0.005    0.652    0.1533   1.340e-06  p
net794                      1.80    0.008    0.500    0.1000   1.336e-06  a
clknet_1_1__leaf_net675     1.80    0.016    0.278    0.0528   1.333e-06  p
net821                      1.80    0.011    0.366    0.0740   1.332e-06  p
net583                      1.80    0.003    0.496    0.2865   1.329e-06  p
net852                      1.80    0.012    0.342    0.0685   1.328e-06  p
net781                      1.80    0.008    0.500    0.1000   1.326e-06  a
net256                      1.80    0.003    0.367    0.2849   1.325e-06  p
net205                      1.80    0.003    0.540    0.2412   1.322e-06  p
net199                      1.80    0.008    0.492    0.1030   1.322e-06  p
net301                      1.80    0.006    0.605    0.1360   1.319e-06  p
clknet_1_1__leaf_net696     1.80    0.021    0.185    0.0382   1.314e-06  p
net793                      1.80    0.008    0.500    0.1000   1.313e-06  a
net486                      1.80    0.002    0.552    0.3658   1.312e-06  p
net911                      1.80    0.003    0.497    0.3101   1.309e-06  p
clknet_1_0__leaf_net392     1.80    0.036    0.754    0.0221   1.302e-06  p
net748                      1.80    0.008    0.500    0.1000   1.296e-06  a
net360                      1.80    0.041    0.123    0.0195   1.294e-06  p
net425                      1.80    0.003    0.523    0.3173   1.293e-06  p
clknet_1_0__leaf_net526     1.80    0.009    0.756    0.0898   1.291e-06  p
net753                      1.80    0.008    0.500    0.1000   1.284e-06  a
net53                       1.80    0.006    0.584    0.1408   1.284e-06  p
net349                      1.80    0.041    0.123    0.0195   1.284e-06  p
net387                      1.80    0.004    0.585    0.1926   1.279e-06  p
net374                      1.80    0.014    0.165    0.0566   1.277e-06  p
net373                      1.80    0.003    0.387    0.3026   1.274e-06  p
net456                      1.80    0.003    0.486    0.3104   1.274e-06  p
net946                      1.80    0.004    0.431    0.1816   1.273e-06  p
net508                      1.80    0.004    0.412    0.1893   1.272e-06  p
net410                      1.80    0.004    0.622    0.1884   1.263e-06  p
net897                      1.80    0.069    0.574    0.0114   1.263e-06  p
net539                      1.80    0.006    0.703    0.1312   1.260e-06  p
net281                      1.80    0.007    0.518    0.1059   1.260e-06  p
net626                      1.80    0.006    0.261    0.1378   1.254e-06  p
net258                      1.80    0.037    0.050    0.0205   1.248e-06  p
net547                      1.80    0.005    0.245    0.1514   1.247e-06  p
net141                      1.80    0.016    0.920    0.0479   1.245e-06  p
net734                      1.80    0.008    0.500    0.1000   1.230e-06  a
net746                      1.80    0.008    0.500    0.1000   1.224e-06  a
net285                      1.80    0.011    0.670    0.0699   1.223e-06  p
net829                      1.80    0.035    0.561    0.0215   1.221e-06  p
net661                      1.80    0.004    0.555    0.1912   1.219e-06  p
net252                      1.80    0.010    0.843    0.0726   1.218e-06  p
net388                      1.80    0.004    0.562    0.1998   1.218e-06  p
clknet_1_0__leaf_net511     1.80    0.004    0.249    0.2063   1.217e-06  p
net274                      1.80    0.002    0.210    0.3099   1.215e-06  p
net637                      1.80    0.011    0.335    0.0669   1.212e-06  p
net937                      1.80    0.004    0.755    0.1819   1.212e-06  p
clknet_1_0__leaf_net696     1.80    0.020    0.185    0.0382   1.211e-06  p
net554                      1.80    0.005    0.645    0.1452   1.194e-06  p
net604                      1.80    0.009    0.432    0.0865   1.193e-06  p
net643                      1.80    0.004    0.566    0.1816   1.192e-06  p
net398                      1.80    0.009    0.379    0.0773   1.186e-06  p
net609                      1.80    0.003    0.467    0.2271   1.186e-06  p
net237                      1.80    0.009    0.347    0.0771   1.185e-06  p
net319                      1.80    0.003    0.575    0.2361   1.179e-06  p
clknet_1_1__leaf_net637     1.80    0.011    0.335    0.0669   1.177e-06  p
net493                      1.80    0.005    0.608    0.1428   1.173e-06  p
clknet_0_net696             1.80    0.019    0.185    0.0382   1.170e-06  p
net558                      1.80    0.002    0.441    0.3117   1.169e-06  p
net698                      1.80    0.010    0.366    0.0711   1.167e-06  p
net538                      1.80    0.007    0.723    0.1008   1.166e-06  p
net142                      1.80    0.015    0.079    0.0474   1.161e-06  p
clknet_1_0__leaf_net522     1.80    0.004    0.699    0.1755   1.160e-06  p
net866                      1.80    0.035    0.964    0.0206   1.157e-06  p
net633                      1.80    0.029    0.459    0.0242   1.152e-06  p
net754                      1.80    0.007    0.500    0.1000   1.151e-06  a
net576                      1.80    0.019    0.242    0.0370   1.145e-06  p
net711                      1.80    0.007    0.500    0.1000   1.137e-06  a
net701                      1.80    0.003    0.551    0.2089   1.135e-06  p
net548                      1.80    0.002    0.313    0.3024   1.133e-06  p
net172                      1.80    0.003    0.642    0.2340   1.128e-06  p
net867                      1.80    0.032    0.950    0.0214   1.127e-06  p
net810                      1.80    0.024    0.071    0.0285   1.124e-06  p
net621                      1.80    0.005    0.884    0.1290   1.120e-06  pm
net436                      1.80    0.063    0.979    0.0108   1.113e-06  p
net367                      1.80    0.002    0.694    0.3189   1.111e-06  p
net961                      1.80    0.003    0.671    0.2083   1.111e-06  p
net500                      1.80    0.005    0.491    0.1359   1.102e-06  p
net733                      1.80    0.007    0.500    0.1000   1.099e-06  a
net469                      1.80    0.006    0.333    0.1108   1.097e-06  p
net451                      1.80    0.006    0.914    0.1169   1.095e-06  p
net426                      1.80    0.003    0.323    0.2330   1.092e-06  p
net537                      1.80    0.004    0.489    0.1500   1.086e-06  p
net636                      1.80    0.033    0.572    0.0203   1.085e-06  p
net505                      1.80    0.003    0.376    0.1938   1.075e-06  p
net499                      1.80    0.004    0.529    0.1489   1.071e-06  p
net74                       1.80    0.004    0.713    0.1710   1.070e-06  p
out64                       1.80    0.002    0.163    0.3386   1.066e-06  p
clknet_1_1__leaf_net401     1.80    0.003    0.610    0.2365   1.065e-06  p
net954                      1.80    0.004    0.191    0.1608   1.065e-06  p
net306                      1.80    0.005    0.829    0.1222   1.064e-06  p
net533                      1.80    0.003    0.547    0.2489   1.063e-06  p
net843                      1.80    0.034    0.970    0.0196   1.062e-06  p
net676                      1.80    0.012    0.291    0.0561   1.052e-06  p
net913                      1.80    0.003    0.398    0.2413   1.049e-06  p
net923                      1.80    0.004    0.693    0.1837   1.045e-06  p
clknet_0_net318             1.80    0.017    0.562    0.0376   1.041e-06  p
net91                       1.80    0.004    0.481    0.1724   1.040e-06  p
net343                      1.80    0.002    0.702    0.2725   1.031e-06  p
net595                      1.80    0.007    0.119    0.0907   1.027e-06  p
net777                      1.80    0.006    0.500    0.1000   1.026e-06  a
net424                      1.80    0.002    0.446    0.2941   1.024e-06  p
clknet_1_1__leaf_net654     1.80    0.014    0.233    0.0455   1.024e-06  p
net780                      1.80    0.006    0.500    0.1000   1.022e-06  a
clknet_1_0__leaf_net314     1.80    0.005    0.490    0.1301   1.022e-06  p
net470                      1.80    0.012    0.032    0.0544   1.022e-06  p
net279                      1.80    0.002    0.311    0.3199   1.009e-06  p
net655                      1.80    0.010    0.321    0.0642   1.006e-06  p
net191                      1.80    0.009    0.343    0.0695   1.004e-06  p
net209                      1.80    0.003    0.164    0.2356   1.004e-06  p
net293                      1.80    0.003    0.705    0.2315   1.001e-06  p
clknet_1_1__leaf_net285     1.80    0.009    0.670    0.0699   9.994e-07  p
clknet_1_0__leaf_net204     1.80    0.004    0.411    0.1603   9.974e-07  p
net772                      1.80    0.006    0.500    0.1000   9.966e-07  a
net244                      1.80    0.032    0.050    0.0194   9.965e-07  p
net145                      1.80    0.004    0.511    0.1365   9.946e-07  p
net944                      1.80    0.006    0.107    0.1044   9.938e-07  p
net477                      1.80    0.003    0.693    0.2107   9.760e-07  p
clknet_1_0__leaf_net398     1.80    0.008    0.379    0.0773   9.722e-07  p
net481                      1.80    0.004    0.396    0.1504   9.692e-07  p
net675                      1.80    0.011    0.278    0.0528   9.689e-07  p
net354                      1.80    0.008    0.693    0.0731   9.644e-07  p
net175                      1.80    0.003    0.544    0.2217   9.605e-07  p
net347                      1.80    0.030    0.123    0.0195   9.593e-07  p
net296                      1.80    0.003    0.649    0.1849   9.515e-07  p
net168                      1.80    0.003    0.648    0.1679   9.459e-07  p
net492                      1.80    0.004    0.371    0.1493   9.427e-07  p
net422                      1.80    0.003    0.426    0.2272   9.416e-07  p
net920                      1.80    0.003    0.717    0.1936   9.404e-07  p
net528                      1.80    0.003    0.838    0.1894   9.385e-07  p
net832                      1.80    0.028    0.654    0.0204   9.379e-07  p
net193                      1.80    0.005    0.321    0.1247   9.366e-07  p
net833                      1.80    0.025    0.359    0.0227   9.360e-07  p
net403                      1.80    0.002    0.456    0.2414   9.350e-07  p
net674                      1.80    0.027    0.321    0.0215   9.350e-07  p
net99                       1.80    0.006    0.676    0.0933   9.317e-07  p
net453                      1.80    0.003    0.553    0.2210   9.285e-07  p
net487                      1.80    0.003    0.651    0.2116   9.246e-07  p
clknet_1_1__leaf_net289     1.80    0.005    0.337    0.1227   9.228e-07  p
net536                      1.80    0.004    0.622    0.1594   9.204e-07  p
net377                      1.80    0.003    0.458    0.1868   9.198e-07  p
net960                      1.80    0.005    0.088    0.1190   9.092e-07  p
net294                      1.80    0.004    0.772    0.1568   9.033e-07  p
net383                      1.80    0.002    0.538    0.2674   9.033e-07  p
net680                      1.80    0.004    0.245    0.1556   9.024e-07  p
net549                      1.80    0.005    0.902    0.1222   8.980e-07  p
net497                      1.80    0.003    0.650    0.1645   8.813e-07  p
net384                      1.80    0.003    0.688    0.2104   8.758e-07  p
net651                      1.80    0.032    0.747    0.0169   8.740e-07  p
net501                      1.80    0.003    0.389    0.2091   8.647e-07  p
net700                      1.80    0.004    0.543    0.1341   8.635e-07  p
clknet_1_0__leaf_net637     1.80    0.008    0.335    0.0669   8.619e-07  p
net638                      1.80    0.009    0.287    0.0574   8.611e-07  p
clknet_1_0__leaf_net675     1.80    0.010    0.278    0.0528   8.596e-07  p
net677                      1.80    0.011    0.252    0.0479   8.575e-07  p
net176                      1.80    0.006    0.880    0.0828   8.494e-07  p
net540                      1.80    0.003    0.581    0.2081   8.493e-07  p
net704                      1.80    0.005    0.367    0.1074   8.485e-07  p
net656                      1.80    0.011    0.230    0.0453   8.418e-07  p
net699                      1.80    0.004    0.454    0.1341   8.410e-07  p
clknet_1_0__leaf_net676     1.80    0.009    0.291    0.0561   8.393e-07  p
clknet_1_0__leaf_net290     1.80    0.003    0.854    0.1491   8.374e-07  p
net553                      1.80    0.004    0.687    0.1287   8.354e-07  p
net799                      1.80    0.005    0.500    0.1000   8.343e-07  a
net482                      1.80    0.009    0.914    0.0572   8.342e-07  p
net257                      1.80    0.025    0.950    0.0205   8.329e-07  p
net958                      1.80    0.004    0.115    0.1287   8.310e-07  p
net478                      1.80    0.003    0.638    0.1999   8.275e-07  p
net299                      1.80    0.005    0.632    0.1076   8.243e-07  p
net779                      1.80    0.005    0.500    0.1000   8.242e-07  a
net202                      1.80    0.004    0.499    0.1139   8.184e-07  p
net182                      1.80    0.006    0.638    0.0787   8.151e-07  p
net927                      1.80    0.002    0.412    0.2025   8.121e-07  p
net606                      1.80    0.024    0.949    0.0212   8.080e-07  p
net181                      1.80    0.020    0.774    0.0244   8.061e-07  p
clknet_1_1__leaf_net392     1.80    0.022    0.754    0.0221   8.005e-07  p
net696                      1.80    0.013    0.185    0.0382   7.994e-07  p
net529                      1.80    0.006    0.470    0.0787   7.956e-07  p
net854                      1.80    0.027    0.953    0.0179   7.940e-07  p
net429                      1.80    0.003    0.542    0.1402   7.930e-07  p
net263                      1.80    0.002    0.620    0.2107   7.916e-07  p
clknet_1_1__leaf_net511     1.80    0.002    0.249    0.2063   7.908e-07  p
net147                      1.80    0.018    0.947    0.0270   7.871e-07  p
net531                      1.80    0.003    0.546    0.1723   7.811e-07  p
clknet_1_1__leaf_net396     1.80    0.004    0.728    0.1338   7.797e-07  p
net592                      1.80    0.005    0.924    0.0873   7.768e-07  p
net454                      1.80    0.002    0.473    0.2460   7.765e-07  p
net195                      1.80    0.009    0.743    0.0546   7.751e-07  p
clknet_1_1__leaf_net75      1.80    0.004    0.488    0.1241   7.741e-07  p
net959                      1.80    0.005    0.924    0.0873   7.714e-07  p
clknet_1_1__leaf_net314     1.80    0.004    0.490    0.1301   7.685e-07  p
clknet_1_1__leaf_net638     1.80    0.008    0.287    0.0574   7.670e-07  p
net79                       1.80    0.005    0.329    0.0988   7.583e-07  p
net916                      1.80    0.003    0.629    0.1450   7.583e-07  p
net394                      1.80    0.015    0.297    0.0319   7.565e-07  p
net169                      1.80    0.003    0.723    0.1722   7.364e-07  p
net215                      1.80    0.003    0.544    0.1453   7.356e-07  p
net243                      1.80    0.044    0.957    0.0102   7.319e-07  p
net248                      1.80    0.014    0.879    0.0318   7.311e-07  p
net654                      1.80    0.010    0.233    0.0455   7.281e-07  p
clknet_1_0__leaf_net396     1.80    0.003    0.728    0.1338   7.271e-07  p
net419                      1.80    0.002    0.504    0.1902   7.267e-07  p
net853                      1.80    0.021    0.048    0.0209   7.244e-07  p
clknet_1_0__leaf_net638     1.80    0.008    0.287    0.0574   7.173e-07  p
clknet_1_1__leaf_net656     1.80    0.010    0.230    0.0453   7.129e-07  p
net174                      1.80    0.005    0.882    0.0821   7.111e-07  p
net703                      1.80    0.004    0.632    0.1076   7.111e-07  p
clknet_1_0__leaf_net654     1.80    0.010    0.233    0.0455   7.096e-07  p
net956                      1.80    0.005    0.924    0.0873   7.095e-07  p
clknet_1_0__leaf_net482     1.80    0.008    0.914    0.0572   7.084e-07  p
net690                      1.80    0.020    0.384    0.0222   7.064e-07  p
net632                      1.80    0.026    0.225    0.0165   7.052e-07  p
net249                      1.80    0.014    0.121    0.0318   6.968e-07  p
net457                      1.80    0.003    0.383    0.1433   6.965e-07  p
net382                      1.80    0.003    0.392    0.1649   6.920e-07  p
clknet_1_0__leaf_net289     1.80    0.003    0.337    0.1227   6.900e-07  p
net566                      1.80    0.002    0.693    0.1870   6.893e-07  p
net541                      1.80    0.004    0.288    0.1096   6.888e-07  p
net309                      1.80    0.002    0.611    0.1773   6.887e-07  p
net82                       1.80    0.002    0.765    0.1957   6.786e-07  p
clknet_0_net392             1.80    0.019    0.754    0.0221   6.786e-07  p
net366                      1.80    0.005    0.077    0.0817   6.780e-07  p
net593                      1.80    0.005    0.076    0.0873   6.771e-07  p
net652                      1.80    0.021    0.337    0.0201   6.770e-07  p
clknet_1_0__leaf_net502     1.80    0.002    0.465    0.1769   6.762e-07  p
net395                      1.80    0.003    0.641    0.1320   6.757e-07  p
net775                      1.80    0.004    0.500    0.1000   6.756e-07  a
net495                      1.80    0.014    0.413    0.0294   6.712e-07  p
net653                      1.80    0.017    0.496    0.0237   6.609e-07  p
clknet_1_1__leaf_net318     1.80    0.011    0.562    0.0376   6.554e-07  p
net129                      1.80    0.003    0.646    0.1441   6.554e-07  p
net813                      1.80    0.025    0.052    0.0160   6.516e-07  p
net379                      1.80    0.002    0.385    0.1650   6.511e-07  p
net467                      1.80    0.002    0.560    0.2059   6.468e-07  p
net579                      1.80    0.020    0.953    0.0199   6.454e-07  p
net683                      1.80    0.005    0.486    0.0816   6.452e-07  p
net302                      1.80    0.003    0.358    0.1531   6.411e-07  p
net458                      1.80    0.003    0.920    0.1183   6.358e-07  p
net542                      1.80    0.003    0.571    0.1541   6.355e-07  p
net535                      1.80    0.002    0.556    0.1829   6.329e-07  p
net297                      1.80    0.002    0.491    0.1713   6.317e-07  p
clknet_1_0__leaf_net677     1.80    0.008    0.252    0.0479   6.312e-07  p
net475                      1.80    0.004    0.532    0.1092   6.246e-07  p
clknet_1_1__leaf_net504     1.80    0.002    0.403    0.1803   6.220e-07  p
net485                      1.80    0.004    0.893    0.1044   6.057e-07  p
clknet_0_net838             1.80    0.019    0.961    0.0200   6.020e-07  p
net399                      1.80    0.003    0.603    0.1301   6.019e-07  p
clknet_1_0__leaf_net656     1.80    0.008    0.230    0.0453   5.971e-07  p
net512                      1.80    0.005    0.819    0.0768   5.954e-07  p
out13                       1.80    0.003    0.626    0.1255   5.953e-07  p
net503                      1.80    0.003    0.470    0.1101   5.920e-07  p
net524                      1.80    0.002    0.399    0.1768   5.873e-07  p
net778                      1.80    0.004    0.500    0.1000   5.818e-07  a
net612                      1.80    0.018    0.116    0.0196   5.779e-07  p
net392                      1.80    0.016    0.754    0.0221   5.745e-07  p
out57                       1.80    0.001    0.163    0.3386   5.701e-07  p
net93                       1.80    0.003    0.425    0.1245   5.651e-07  p
net318                      1.80    0.009    0.562    0.0376   5.648e-07  p
out89                       1.80    0.002    0.599    0.2116   5.611e-07  p
net532                      1.80    0.003    0.725    0.1057   5.573e-07  p
net518                      1.80    0.004    0.251    0.0965   5.529e-07  p
net610                      1.80    0.015    0.084    0.0227   5.523e-07  p
net513                      1.80    0.005    0.638    0.0633   5.494e-07  p
net608                      1.80    0.013    0.051    0.0267   5.489e-07  p
net671                      1.80    0.017    0.673    0.0203   5.485e-07  p
net165                      1.80    0.002    0.534    0.1461   5.481e-07  p
out47                       1.80    0.001    0.621    0.2982   5.386e-07  p
net438                      1.80    0.031    0.019    0.0105   5.346e-07  p
net509                      1.80    0.002    0.392    0.1486   5.298e-07  p
clknet_1_1__leaf_net420     1.80    0.003    0.211    0.1198   5.294e-07  p
net835                      1.80    0.019    0.471    0.0168   5.270e-07  p
net185                      1.80    0.002    0.604    0.1527   5.174e-07  p
net411                      1.80    0.002    0.387    0.2006   5.153e-07  p
net353                      1.80    0.004    0.305    0.0728   5.104e-07  p
net189                      1.80    0.003    0.734    0.1160   5.093e-07  p
net159                      1.80    0.002    0.218    0.1635   5.059e-07  p
net320                      1.80    0.002    0.480    0.1760   5.059e-07  p
net594                      1.80    0.003    0.881    0.0907   5.008e-07  p
net795                      1.80    0.003    0.500    0.1000   5.007e-07  a
out63                       1.80    0.001    0.587    0.2513   4.951e-07  p
net527                      1.80    0.003    0.728    0.1034   4.934e-07  p
net815                      1.80    0.023    0.975    0.0135   4.926e-07  p
net476                      1.80    0.002    0.814    0.1262   4.914e-07  p
net650                      1.80    0.018    0.242    0.0165   4.913e-07  p
clknet_1_0__leaf_net821     1.80    0.004    0.366    0.0740   4.909e-07  p
net96                       1.80    0.018    0.529    0.0168   4.839e-07  p
net310                      1.80    0.004    0.735    0.0802   4.787e-07  p
net838                      1.80    0.015    0.961    0.0200   4.764e-07  p
net331                      1.80    0.017    0.018    0.0168   4.747e-07  p
clknet_1_0__leaf_net420     1.80    0.002    0.211    0.1198   4.725e-07  p
clknet_1_1__leaf_net838     1.80    0.015    0.961    0.0200   4.713e-07  p
net682                      1.80    0.004    0.512    0.0816   4.712e-07  p
net245                      1.80    0.012    0.959    0.0227   4.579e-07  p
net790                      1.80    0.003    0.500    0.1000   4.577e-07  a
clknet_1_0__leaf_net838     1.80    0.014    0.961    0.0200   4.551e-07  p
net496                      1.80    0.002    0.524    0.1362   4.485e-07  p
net957                      1.80    0.003    0.864    0.1042   4.455e-07  p
clknet_1_1__leaf_net191     1.80    0.004    0.343    0.0695   4.453e-07  p
net417                      1.80    0.012    0.579    0.0225   4.408e-07  p
net439                      1.80    0.029    0.987    0.0094   4.368e-07  p
clknet_1_1__leaf_net676     1.80    0.005    0.291    0.0561   4.321e-07  p
net283                      1.80    0.003    0.659    0.0917   4.287e-07  p
net613                      1.80    0.013    0.123    0.0196   4.265e-07  p
net138                      1.80    0.003    0.151    0.0773   4.258e-07  p
net519                      1.80    0.003    0.749    0.0965   4.238e-07  p
net298                      1.80    0.002    0.573    0.1306   4.208e-07  p
clknet_1_1__leaf_net398     1.80    0.003    0.379    0.0773   4.197e-07  p
net409                      1.80    0.002    0.291    0.1617   4.171e-07  p
net591                      1.80    0.003    0.859    0.0841   4.110e-07  p
net947                      1.80    0.016    0.016    0.0156   4.054e-07  p
net694                      1.80    0.010    0.544    0.0253   4.051e-07  p
net84                       1.80    0.003    0.060    0.0735   4.005e-07  p
net164                      1.80    0.002    0.329    0.0988   3.975e-07  p
net330                      1.80    0.023    0.019    0.0105   3.953e-07  p
net551                      1.80    0.004    0.032    0.0544   3.894e-07  p
clknet_1_1__leaf_net821     1.80    0.003    0.366    0.0740   3.867e-07  p
net406                      1.80    0.008    0.744    0.0283   3.853e-07  p
net611                      1.80    0.015    0.016    0.0157   3.822e-07  p
out28                       1.80    0.001    0.364    0.3075   3.777e-07  p
out52                       1.80    0.001    0.542    0.2238   3.744e-07  p
net693                      1.80    0.010    0.631    0.0226   3.707e-07  p
net597                      1.80    0.003    0.369    0.0863   3.651e-07  p
net949                      1.80    0.006    0.242    0.0370   3.626e-07  p
out12                       1.80    0.001    0.432    0.2709   3.606e-07  p
clknet_1_1__leaf_net677     1.80    0.005    0.252    0.0479   3.583e-07  p
net194                      1.80    0.004    0.257    0.0546   3.548e-07  p
clknet_0_net466             1.80    0.020    0.984    0.0107   3.527e-07  p
net673                      1.80    0.010    0.437    0.0225   3.473e-07  p
net596                      1.80    0.002    0.631    0.0863   3.468e-07  p
net187                      1.80    0.012    0.060    0.0178   3.458e-07  p
net530                      1.80    0.002    0.577    0.0940   3.380e-07  p
net188                      1.80    0.003    0.677    0.0671   3.360e-07  p
out60                       1.80    0.001    0.690    0.1470   3.351e-07  p
net820                      1.80    0.018    0.574    0.0114   3.278e-07  p
net943                      1.80    0.009    0.435    0.0216   3.243e-07  p
net251                      1.80    0.013    0.016    0.0156   3.176e-07  p
out71                       1.80    0.001    0.584    0.2176   3.119e-07  p
net494                      1.80    0.007    0.587    0.0294   3.107e-07  p
net962                      1.80    0.009    0.435    0.0216   3.086e-07  p
net561                      1.80    0.002    0.299    0.0810   3.056e-07  p
net400                      1.80    0.003    0.796    0.0550   3.019e-07  p
net552                      1.80    0.003    0.968    0.0544   3.018e-07  p
net416                      1.80    0.008    0.421    0.0225   2.983e-07  p
net590                      1.80    0.009    0.969    0.0211   2.978e-07  p
net615                      1.80    0.014    0.025    0.0135   2.969e-07  p
clknet_1_0__leaf_net318     1.80    0.005    0.562    0.0376   2.945e-07  p
net192                      1.80    0.002    0.678    0.0801   2.939e-07  p
net405                      1.80    0.002    0.379    0.0773   2.932e-07  p
net689                      1.80    0.008    0.609    0.0224   2.861e-07  p
out42                       1.80    0.001    0.781    0.2806   2.848e-07  p
net448                      1.80    0.011    0.008    0.0160   2.735e-07  p
out5                        1.80    0.001    0.322    0.1785   2.719e-07  p
out55                       1.80    0.002    0.508    0.1056   2.718e-07  p
clknet_1_1__leaf_net482     1.80    0.003    0.914    0.0572   2.665e-07  p
out0                        1.80    0.001    0.452    0.1757   2.599e-07  p
net953                      1.80    0.005    0.121    0.0318   2.505e-07  p
net670                      1.80    0.008    0.319    0.0199   2.483e-07  p
net350                      1.80    0.007    0.051    0.0201   2.431e-07  p
clknet_1_0__leaf_net191     1.80    0.002    0.343    0.0695   2.344e-07  p
out36                       1.80    0.001    0.218    0.1635   2.344e-07  p
out25                       1.80    0.001    0.563    0.2698   2.320e-07  p
out9                        1.80    0.001    0.693    0.1837   2.317e-07  p
net616                      1.80    0.009    0.947    0.0161   2.230e-07  p
net669                      1.80    0.006    0.565    0.0237   2.201e-07  p
out1                        1.80    0.001    0.315    0.1541   2.198e-07  p
net186                      1.80    0.007    0.932    0.0185   2.186e-07  p
net607                      1.80    0.005    0.948    0.0270   2.174e-07  p
net435                      1.80    0.012    0.979    0.0108   2.115e-07  p
out82                       1.80    0.001    0.497    0.1932   1.999e-07  p
out58                       1.80    0.001    0.684    0.1391   1.989e-07  p
net691                      1.80    0.006    0.617    0.0204   1.988e-07  p
net573                      1.80    0.006    0.923    0.0212   1.981e-07  p
net514                      1.80    0.004    0.614    0.0295   1.891e-07  p
out73                       1.80    0.001    0.634    0.1230   1.824e-07  p
net197                      1.80    0.006    0.447    0.0181   1.809e-07  p
out8                        1.80    0.001    0.624    0.1239   1.768e-07  p
net618                      1.80    0.012    0.907    0.0089   1.763e-07  p
out78                       1.80    0.001    0.586    0.1375   1.756e-07  p
net267                      1.80    0.003    0.960    0.0386   1.708e-07  p
out99                       1.80    0.001    0.641    0.1660   1.680e-07  p
net589                      1.80    0.010    0.958    0.0099   1.653e-07  p
net955                      1.80    0.006    0.018    0.0168   1.629e-07  p
net466                      1.80    0.009    0.984    0.0107   1.596e-07  p
out98                       1.80    0.000    0.613    0.1981   1.586e-07  p
out17                       1.80    0.000    0.360    0.2101   1.570e-07  p
net617                      1.80    0.006    0.946    0.0160   1.557e-07  p
out3                        1.80    0.000    0.374    0.2164   1.546e-07  p
out50                       1.80    0.001    0.140    0.0838   1.545e-07  p
out88                       1.80    0.000    0.513    0.1923   1.541e-07  p
out90                       1.80    0.001    0.624    0.1671   1.518e-07  p
out33                       1.80    0.001    0.260    0.1771   1.502e-07  p
out45                       1.80    0.001    0.171    0.1062   1.496e-07  p
out31                       1.80    0.001    0.395    0.1265   1.458e-07  p
net831                      1.80    0.007    0.399    0.0119   1.383e-07  p
out51                       1.80    0.000    0.608    0.1903   1.378e-07  p
clknet_0_net463             1.80    0.020    0.995    0.0042   1.351e-07  p
net951                      1.80    0.008    0.019    0.0105   1.339e-07  p
net582                      1.80    0.008    0.979    0.0108   1.318e-07  p
net668                      1.80    0.003    0.422    0.0235   1.304e-07  p
out11                       1.80    0.001    0.454    0.0958   1.276e-07  p
out56                       1.80    0.001    0.386    0.1447   1.256e-07  p
net385                      1.80    0.003    0.675    0.0238   1.251e-07  p
net692                      1.80    0.004    0.374    0.0199   1.242e-07  p
net574                      1.80    0.004    0.077    0.0209   1.238e-07  p
out93                       1.80    0.001    0.570    0.1297   1.185e-07  p
net463                      1.80    0.017    0.995    0.0042   1.185e-07  p
out14                       1.80    0.000    0.550    0.1607   1.165e-07  p
net161                      1.80    0.003    0.965    0.0213   1.155e-07  p
net948                      1.80    0.004    0.225    0.0165   1.147e-07  p
net578                      1.80    0.004    0.047    0.0196   1.138e-07  p
out80                       1.80    0.001    0.559    0.1253   1.129e-07  p
net86                       1.80    0.004    0.225    0.0165   1.101e-07  p
out6                        1.80    0.001    0.876    0.0908   1.094e-07  p
net827                      1.80    0.006    0.590    0.0116   1.091e-07  p
out76                       1.80    0.001    0.512    0.1073   1.091e-07  p
net89                       1.80    0.005    0.575    0.0129   1.070e-07  p
out79                       1.80    0.001    0.450    0.1278   1.047e-07  p
net950                      1.80    0.003    0.556    0.0238   1.032e-07  p
out2                        1.80    0.001    0.076    0.0873   1.031e-07  p
out65                       1.80    0.001    0.342    0.0685   9.880e-08  p
out16                       1.80    0.001    0.078    0.0587   9.860e-08  p
out22                       1.80    0.000    0.365    0.1270   9.756e-08  p
net581                      1.80    0.006    0.019    0.0105   9.411e-08  p
net287                      1.80    0.003    0.428    0.0203   9.410e-08  p
clknet_1_1__leaf_net466     1.80    0.005    0.984    0.0107   9.338e-08  p
net196                      1.80    0.003    0.553    0.0181   9.207e-08  p
net672                      1.80    0.003    0.436    0.0216   9.177e-08  p
out7                        1.80    0.001    0.348    0.0988   9.076e-08  p
net407                      1.80    0.002    0.067    0.0256   8.759e-08  p
out30                       1.80    0.000    0.571    0.1202   8.635e-08  p
clknet_1_0__leaf_net463     1.80    0.012    0.995    0.0042   7.927e-08  p
out27                       1.80    0.001    0.366    0.0740   7.117e-08  p
net277                      1.80    0.003    0.016    0.0156   6.961e-08  p
net952                      1.80    0.004    0.957    0.0102   6.815e-08  p
clknet_1_0__leaf_net466     1.80    0.004    0.984    0.0107   6.542e-08  p
clknet_1_1__leaf_net463     1.80    0.009    0.995    0.0042   6.399e-08  p
net98                       1.80    0.003    0.994    0.0107   5.230e-08  p
net236                      1.80    0.003    0.957    0.0102   4.618e-08  p
out15                       1.80    0.001    0.071    0.0285   4.180e-08  p
net445                      1.80    0.013    0.998    0.0019   4.058e-08  p
out10                       1.80    0.001    0.113    0.0343   3.530e-08  p
out26                       1.80    0.002    0.574    0.0114   3.411e-08  p
net272                      1.80    0.000    0.185    0.0379   3.053e-08  pm
out32                       1.80    0.002    0.590    0.0116   3.053e-08  p
out69                       1.80    0.001    0.953    0.0179   2.975e-08  p
out68                       1.80    0.001    0.048    0.0209   2.947e-08  p
net460                      1.80    0.005    0.996    0.0039   2.877e-08  p
out48                       1.80    0.001    0.961    0.0200   2.802e-08  p
net444                      1.80    0.008    0.002    0.0019   2.549e-08  p
out23                       1.80    0.001    0.556    0.0238   2.492e-08  p
out44                       1.80    0.001    0.471    0.0168   2.398e-08  p
out41                       1.80    0.001    0.359    0.0227   2.176e-08  p
out53                       1.80    0.001    0.970    0.0196   2.049e-08  p
out35                       1.80    0.001    0.560    0.0215   1.967e-08  p
out85                       1.80    0.001    0.950    0.0214   1.941e-08  p
out29                       1.80    0.001    0.978    0.0200   1.761e-08  p
out87                       1.80    0.001    0.048    0.0209   1.746e-08  p
out75                       1.80    0.000    0.048    0.0209   1.678e-08  p
out24                       1.80    0.001    0.965    0.0173   1.643e-08  p
out40                       1.80    0.000    0.654    0.0203   1.617e-08  p
out84                       1.80    0.000    0.964    0.0206   1.611e-08  p
out70                       1.80    0.001    0.768    0.0170   1.572e-08  p
out19                       1.80    0.001    0.052    0.0160   1.380e-08  p
out21                       1.80    0.001    0.975    0.0135   1.315e-08  p
out38                       1.80    0.000    0.399    0.0119   9.388e-09  p
--------------------------------------------------------------------------------
Total (1228 nets)                                              5.412e-03 Watt



                                      Int      Switch   Leak      Total
Hierarchy                             Power    Power    Power     Power    %
--------------------------------------------------------------------------------
netlist_2                             6.15e-03 5.41e-03 9.08e-09  1.16e-02 100.0
1
