****************************************
Report : Averaged Power
	-net_power
	-hierarchy
	-sort_by net_switching_power
	-power_greater_than       0
	-nosplit
Design : netlist_0
Version: Q-2019.12-SP1
Date   : Wed Aug 21 14:30:43 2024
****************************************



  Attributes
  ----------
      a  -  Switching activity information / Switching power information annotated on net
      p  -  Propagated switching activity information on net
      d  -  Default switching activity used on net
      u  -  Net switching activity uninitialized
      m  -  Net is driven by multiple pins
      b  -  Net is a primary input (boundary net)

		Toggle rates reported with respect to time unit 1ns
--------------------------------------------------------------------------------
                                  Total      Static   Toggle   Switching
Net                         Vdd   Net Load   Prob.    Rate     Power      Attrs
--------------------------------------------------------------------------------
clknet_2_1__leaf_clk        1.80    0.101    0.500    0.1000   1.633e-05  a
clknet_2_2__leaf_clk        1.80    0.101    0.500    0.1000   1.628e-05  a
clknet_2_3__leaf_clk        1.80    0.087    0.500    0.1000   1.405e-05  a
clknet_2_0__leaf_clk        1.80    0.083    0.500    0.1000   1.338e-05  a
net811                      1.80    0.030    0.532    0.2430   1.163e-05  p
clknet_0_clk                1.80    0.072    0.500    0.1000   1.160e-05  a
net807                      1.80    0.028    0.502    0.1918   8.639e-06  p
clknet_leaf_30_clk          1.80    0.046    0.500    0.1000   7.379e-06  a
clknet_leaf_16_clk          1.80    0.039    0.500    0.1000   6.386e-06  a
net101                      1.80    0.016    0.532    0.2430   6.370e-06  p
clknet_leaf_31_clk          1.80    0.034    0.500    0.1000   5.564e-06  a
clknet_leaf_23_clk          1.80    0.034    0.500    0.1000   5.476e-06  a
clknet_leaf_19_clk          1.80    0.031    0.500    0.1000   5.003e-06  a
clknet_leaf_14_clk          1.80    0.030    0.500    0.1000   4.904e-06  a
clknet_leaf_27_clk          1.80    0.030    0.500    0.1000   4.897e-06  a
clknet_leaf_2_clk           1.80    0.030    0.500    0.1000   4.882e-06  a
clknet_leaf_29_clk          1.80    0.029    0.500    0.1000   4.718e-06  a
net239                      1.80    0.037    0.810    0.0781   4.715e-06  p
clknet_leaf_22_clk          1.80    0.029    0.500    0.1000   4.712e-06  a
clknet_leaf_6_clk           1.80    0.029    0.500    0.1000   4.672e-06  a
net820                      1.80    0.028    0.504    0.1003   4.530e-06  p
clknet_leaf_11_clk          1.80    0.028    0.500    0.1000   4.460e-06  a
net76                       1.80    0.029    0.241    0.0942   4.449e-06  p
clknet_leaf_17_clk          1.80    0.026    0.500    0.1000   4.188e-06  a
clknet_leaf_4_clk           1.80    0.026    0.500    0.1000   4.135e-06  a
clknet_leaf_12_clk          1.80    0.025    0.500    0.1000   4.092e-06  a
clknet_leaf_5_clk           1.80    0.025    0.500    0.1000   3.992e-06  a
clknet_leaf_26_clk          1.80    0.025    0.500    0.1000   3.977e-06  a
net821                      1.80    0.024    0.504    0.1003   3.966e-06  p
net172                      1.80    0.024    0.509    0.0989   3.845e-06  p
net127                      1.80    0.029    0.353    0.0792   3.772e-06  p
clknet_leaf_35_clk          1.80    0.023    0.500    0.1000   3.742e-06  a
clknet_leaf_10_clk          1.80    0.023    0.500    0.1000   3.736e-06  a
clknet_leaf_13_clk          1.80    0.023    0.500    0.1000   3.675e-06  a
clknet_leaf_32_clk          1.80    0.022    0.500    0.1000   3.571e-06  a
net735                      1.80    0.022    0.500    0.1000   3.550e-06  a
clknet_leaf_20_clk          1.80    0.022    0.500    0.1000   3.522e-06  a
net787                      1.80    0.021    0.500    0.1000   3.424e-06  a
clknet_leaf_7_clk           1.80    0.021    0.500    0.1000   3.412e-06  a
clknet_0_net327             1.80    0.019    0.355    0.1114   3.374e-06  p
clknet_leaf_8_clk           1.80    0.020    0.500    0.1000   3.290e-06  a
clknet_leaf_18_clk          1.80    0.020    0.500    0.1000   3.237e-06  a
clknet_leaf_28_clk          1.80    0.020    0.500    0.1000   3.212e-06  a
net126                      1.80    0.019    0.504    0.1003   3.164e-06  p
clknet_leaf_0_clk           1.80    0.019    0.500    0.1000   3.131e-06  a
clknet_0_net680             1.80    0.019    0.494    0.1001   3.104e-06  p
clknet_leaf_21_clk          1.80    0.019    0.500    0.1000   3.097e-06  a
net56                       1.80    0.026    0.137    0.0746   3.088e-06  p
net739                      1.80    0.019    0.500    0.1000   3.039e-06  a
clknet_leaf_9_clk           1.80    0.019    0.500    0.1000   3.033e-06  a
clknet_leaf_3_clk           1.80    0.019    0.500    0.1000   3.023e-06  a
clknet_0_net679             1.80    0.019    0.473    0.0949   2.933e-06  p
net15                       1.80    0.021    0.177    0.0838   2.868e-06  p
net780                      1.80    0.017    0.500    0.1000   2.790e-06  a
net4                        1.80    0.017    0.243    0.0986   2.713e-06  p
net753                      1.80    0.016    0.500    0.1000   2.650e-06  a
net592                      1.80    0.016    0.500    0.1000   2.639e-06  a
net79                       1.80    0.023    0.125    0.0704   2.636e-06  p
clknet_leaf_25_clk          1.80    0.016    0.500    0.1000   2.593e-06  a
net145                      1.80    0.032    0.200    0.0492   2.581e-06  p
net227                      1.80    0.016    0.492    0.1008   2.571e-06  p
net250                      1.80    0.019    0.287    0.0844   2.559e-06  p
net746                      1.80    0.015    0.500    0.1000   2.470e-06  a
clknet_leaf_15_clk          1.80    0.015    0.500    0.1000   2.467e-06  a
net817                      1.80    0.008    0.502    0.1918   2.404e-06  p
net783                      1.80    0.015    0.500    0.1000   2.387e-06  a
net223                      1.80    0.014    0.491    0.1007   2.313e-06  p
net819                      1.80    0.046    0.033    0.0304   2.263e-06  p
net617                      1.80    0.014    0.500    0.1000   2.252e-06  a
net604                      1.80    0.014    0.500    0.1000   2.233e-06  a
net238                      1.80    0.017    0.810    0.0781   2.143e-06  p
net210                      1.80    0.013    0.522    0.0979   2.140e-06  p
clknet_0_net602             1.80    0.022    0.285    0.0603   2.119e-06  p
net2                        1.80    0.007    0.501    0.1886   2.110e-06  p
net731                      1.80    0.013    0.500    0.1000   2.084e-06  a
net327                      1.80    0.011    0.355    0.1114   2.019e-06  p
net572                      1.80    0.012    0.504    0.0998   2.007e-06  p
clknet_0_net105             1.80    0.021    0.285    0.0603   2.006e-06  p
net124                      1.80    0.012    0.504    0.1003   1.971e-06  p
clknet_leaf_33_clk          1.80    0.012    0.500    0.1000   1.925e-06  a
clknet_0_net111             1.80    0.021    0.143    0.0575   1.915e-06  p
net710                      1.80    0.011    0.500    0.1000   1.842e-06  a
clknet_0_net102             1.80    0.019    0.285    0.0603   1.827e-06  p
net754                      1.80    0.011    0.500    0.1000   1.779e-06  a
clknet_0_net106             1.80    0.019    0.143    0.0573   1.754e-06  p
net759                      1.80    0.011    0.500    0.1000   1.754e-06  a
net55                       1.80    0.011    0.254    0.0982   1.750e-06  p
net31                       1.80    0.011    0.254    0.0965   1.694e-06  p
net195                      1.80    0.023    0.491    0.0458   1.676e-06  p
net751                      1.80    0.010    0.500    0.1000   1.666e-06  a
clknet_0_net663             1.80    0.019    0.257    0.0533   1.665e-06  p
net198                      1.80    0.018    0.986    0.0554   1.640e-06  p
net140                      1.80    0.010    0.210    0.0936   1.586e-06  p
net194                      1.80    0.021    0.492    0.0456   1.585e-06  p
net202                      1.80    0.010    0.478    0.0978   1.584e-06  p
clknet_1_0__leaf_net327     1.80    0.009    0.355    0.1114   1.578e-06  p
net789                      1.80    0.010    0.500    0.1000   1.569e-06  a
net17                       1.80    0.012    0.365    0.0800   1.558e-06  p
net679                      1.80    0.010    0.473    0.0949   1.542e-06  p
net197                      1.80    0.013    0.239    0.0726   1.529e-06  p
net680                      1.80    0.009    0.494    0.1001   1.520e-06  p
net177                      1.80    0.009    0.509    0.0989   1.515e-06  p
net18                       1.80    0.011    0.634    0.0798   1.411e-06  p
net77                       1.80    0.012    0.125    0.0704   1.410e-06  p
clknet_leaf_24_clk          1.80    0.009    0.500    0.1000   1.406e-06  a
clknet_0_net289             1.80    0.017    0.249    0.0490   1.382e-06  p
net5                        1.80    0.012    0.120    0.0715   1.374e-06  p
net765                      1.80    0.008    0.500    0.1000   1.362e-06  a
net715                      1.80    0.008    0.500    0.1000   1.362e-06  a
net743                      1.80    0.008    0.500    0.1000   1.360e-06  a
net801                      1.80    0.010    0.483    0.0845   1.326e-06  p
net146                      1.80    0.026    0.052    0.0307   1.290e-06  p
net0                        1.80    0.004    0.500    0.1885   1.280e-06  p
clknet_1_0__leaf_net111     1.80    0.014    0.143    0.0575   1.279e-06  p
net204                      1.80    0.014    0.985    0.0551   1.266e-06  p
net786                      1.80    0.008    0.500    0.1000   1.249e-06  a
net755                      1.80    0.008    0.500    0.1000   1.247e-06  a
net105                      1.80    0.012    0.285    0.0603   1.218e-06  p
net19                       1.80    0.009    0.744    0.0851   1.204e-06  p
net29                       1.80    0.008    0.253    0.0958   1.204e-06  p
net784                      1.80    0.007    0.500    0.1000   1.190e-06  a
net823                      1.80    0.007    0.495    0.0986   1.186e-06  p
net818                      1.80    0.008    0.634    0.0917   1.175e-06  pm
net203                      1.80    0.013    0.014    0.0547   1.169e-06  p
net102                      1.80    0.012    0.285    0.0603   1.160e-06  p
net717                      1.80    0.007    0.500    0.1000   1.160e-06  a
net70                       1.80    0.015    0.065    0.0485   1.154e-06  p
net208                      1.80    0.013    0.985    0.0551   1.150e-06  p
net98                       1.80    0.006    0.279    0.1137   1.145e-06  p
net895                      1.80    0.007    0.481    0.1023   1.144e-06  p
net602                      1.80    0.012    0.285    0.0603   1.132e-06  p
net1                        1.80    0.004    0.501    0.1876   1.123e-06  p
net732                      1.80    0.007    0.500    0.1000   1.123e-06  a
net705                      1.80    0.007    0.500    0.1000   1.121e-06  a
net814                      1.80    0.008    0.365    0.0916   1.117e-06  p
net30                       1.80    0.007    0.257    0.0997   1.112e-06  p
net742                      1.80    0.007    0.500    0.1000   1.104e-06  a
net737                      1.80    0.007    0.500    0.1000   1.096e-06  a
net526                      1.80    0.007    0.502    0.0989   1.081e-06  p
net122                      1.80    0.008    0.646    0.0793   1.048e-06  pm
net32                       1.80    0.021    0.033    0.0304   1.044e-06  p
clknet_1_1__leaf_net680     1.80    0.006    0.494    0.1001   1.043e-06  p
clknet_1_1__leaf_net102     1.80    0.011    0.285    0.0603   1.041e-06  p
net768                      1.80    0.006    0.500    0.1000   1.032e-06  a
net785                      1.80    0.006    0.500    0.1000   1.029e-06  a
net708                      1.80    0.006    0.500    0.1000   1.024e-06  a
net125                      1.80    0.006    0.504    0.1003   1.015e-06  p
clknet_1_0__leaf_net102     1.80    0.010    0.285    0.0603   1.003e-06  p
net484                      1.80    0.016    0.808    0.0380   1.001e-06  pm
net78                       1.80    0.022    0.029    0.0273   9.952e-07  p
net721                      1.80    0.006    0.500    0.1000   9.833e-07  a
net111                      1.80    0.011    0.143    0.0575   9.831e-07  p
net353                      1.80    0.033    0.449    0.0183   9.694e-07  p
net137                      1.80    0.006    0.499    0.1003   9.533e-07  p
net262                      1.80    0.026    0.451    0.0222   9.487e-07  p
net697                      1.80    0.006    0.500    0.1000   9.421e-07  a
net209                      1.80    0.006    0.478    0.0979   9.374e-07  p
net761                      1.80    0.006    0.500    0.1000   9.333e-07  a
net728                      1.80    0.006    0.500    0.1000   9.313e-07  a
net738                      1.80    0.006    0.500    0.1000   9.298e-07  a
net496                      1.80    0.006    0.494    0.1001   9.273e-07  p
net106                      1.80    0.010    0.143    0.0573   9.257e-07  p
net130                      1.80    0.025    0.483    0.0231   9.209e-07  p
net265                      1.80    0.010    0.221    0.0573   9.086e-07  p
net219                      1.80    0.026    0.074    0.0211   9.009e-07  p
net730                      1.80    0.006    0.500    0.1000   8.924e-07  a
net91                       1.80    0.005    0.474    0.1005   8.861e-07  p
net139                      1.80    0.006    0.515    0.0958   8.846e-07  p
net148                      1.80    0.029    0.277    0.0186   8.793e-07  pm
net354                      1.80    0.030    0.449    0.0183   8.748e-07  p
net701                      1.80    0.005    0.500    0.1000   8.736e-07  a
net763                      1.80    0.005    0.500    0.1000   8.628e-07  a
net713                      1.80    0.005    0.500    0.1000   8.537e-07  a
clknet_leaf_34_clk          1.80    0.005    0.500    0.1000   8.529e-07  a
net138                      1.80    0.005    0.501    0.1003   8.506e-07  p
net769                      1.80    0.005    0.500    0.1000   8.492e-07  a
net741                      1.80    0.005    0.500    0.1000   8.322e-07  a
net247                      1.80    0.007    0.494    0.0782   8.321e-07  p
net720                      1.80    0.005    0.500    0.1000   8.236e-07  a
net663                      1.80    0.009    0.257    0.0533   8.175e-07  p
net37                       1.80    0.014    0.827    0.0358   7.978e-07  p
clknet_1_0__leaf_net289     1.80    0.010    0.249    0.0490   7.972e-07  p
net289                      1.80    0.010    0.249    0.0490   7.966e-07  pm
clknet_1_0__leaf_net663     1.80    0.009    0.257    0.0533   7.856e-07  p
clknet_leaf_1_clk           1.80    0.005    0.500    0.1000   7.800e-07  a
net772                      1.80    0.005    0.500    0.1000   7.800e-07  a
net232                      1.80    0.013    0.816    0.0368   7.775e-07  p
net706                      1.80    0.005    0.500    0.1000   7.744e-07  a
net201                      1.80    0.005    0.478    0.0978   7.707e-07  p
net799                      1.80    0.028    0.474    0.0168   7.643e-07  p
net6                        1.80    0.017    0.032    0.0280   7.558e-07  p
net205                      1.80    0.008    0.985    0.0551   7.547e-07  p
clknet_1_1__leaf_net663     1.80    0.009    0.257    0.0533   7.547e-07  p
net143                      1.80    0.003    0.718    0.1382   7.499e-07  p
net129                      1.80    0.006    0.173    0.0742   7.407e-07  p
net136                      1.80    0.009    0.333    0.0530   7.404e-07  p
net764                      1.80    0.005    0.500    0.1000   7.367e-07  a
net40                       1.80    0.021    0.497    0.0220   7.349e-07  p
net263                      1.80    0.020    0.451    0.0222   7.222e-07  p
net740                      1.80    0.004    0.500    0.1000   7.158e-07  a
net646                      1.80    0.007    0.481    0.0597   7.137e-07  p
net60                       1.80    0.004    0.812    0.1016   7.060e-07  p
net856                      1.80    0.005    0.634    0.0798   7.042e-07  p
net792                      1.80    0.032    0.481    0.0135   6.984e-07  p
net82                       1.80    0.007    0.107    0.0630   6.953e-07  p
net779                      1.80    0.004    0.500    0.1000   6.951e-07  a
clknet_1_1__leaf_net679     1.80    0.004    0.473    0.0949   6.917e-07  p
net707                      1.80    0.004    0.500    0.1000   6.898e-07  a
net7                        1.80    0.009    0.060    0.0462   6.676e-07  p
net3                        1.80    0.002    0.502    0.1918   6.634e-07  p
net371                      1.80    0.011    0.366    0.0367   6.631e-07  p
net756                      1.80    0.004    0.500    0.1000   6.603e-07  a
net748                      1.80    0.004    0.500    0.1000   6.603e-07  a
net220                      1.80    0.019    0.074    0.0211   6.575e-07  p
net252                      1.80    0.011    0.564    0.0378   6.565e-07  p
net702                      1.80    0.004    0.500    0.1000   6.565e-07  a
clknet_1_1__leaf_net602     1.80    0.007    0.285    0.0603   6.557e-07  p
net900                      1.80    0.004    0.502    0.0989   6.439e-07  p
net729                      1.80    0.004    0.500    0.1000   6.415e-07  a
net744                      1.80    0.004    0.500    0.1000   6.401e-07  a
net773                      1.80    0.004    0.500    0.1000   6.373e-07  a
clknet_1_0__leaf_net680     1.80    0.004    0.494    0.1001   6.372e-07  p
net128                      1.80    0.005    0.173    0.0742   6.274e-07  p
net356                      1.80    0.020    0.166    0.0192   6.240e-07  p
net123                      1.80    0.004    0.504    0.1003   6.229e-07  p
net699                      1.80    0.004    0.500    0.1000   6.216e-07  a
net698                      1.80    0.004    0.500    0.1000   6.120e-07  a
net41                       1.80    0.010    0.827    0.0358   6.060e-07  p
net778                      1.80    0.004    0.500    0.1000   6.035e-07  a
net704                      1.80    0.004    0.500    0.1000   5.993e-07  a
net28                       1.80    0.004    0.443    0.0968   5.992e-07  p
clknet_1_0__leaf_net679     1.80    0.004    0.473    0.0949   5.985e-07  p
net776                      1.80    0.004    0.500    0.1000   5.927e-07  a
net261                      1.80    0.016    0.451    0.0222   5.925e-07  p
net254                      1.80    0.006    0.717    0.0635   5.793e-07  p
net653                      1.80    0.008    0.955    0.0426   5.757e-07  p
net25                       1.80    0.003    0.413    0.1330   5.750e-07  p
net711                      1.80    0.004    0.500    0.1000   5.747e-07  a
net863                      1.80    0.009    0.495    0.0387   5.741e-07  p
clknet_1_0__leaf_net106     1.80    0.006    0.143    0.0573   5.725e-07  p
net216                      1.80    0.004    0.397    0.0778   5.665e-07  p
net726                      1.80    0.003    0.500    0.1000   5.664e-07  a
net249                      1.80    0.015    0.038    0.0234   5.572e-07  p
clknet_0_net806             1.80    0.021    0.924    0.0163   5.498e-07  p
net770                      1.80    0.003    0.500    0.1000   5.454e-07  a
net241                      1.80    0.008    0.176    0.0441   5.446e-07  p
net703                      1.80    0.003    0.500    0.1000   5.431e-07  a
net777                      1.80    0.003    0.500    0.1000   5.417e-07  a
net141                      1.80    0.005    0.385    0.0655   5.403e-07  p
net192                      1.80    0.003    0.496    0.1002   5.400e-07  p
net152                      1.80    0.018    0.024    0.0188   5.399e-07  p
net497                      1.80    0.003    0.506    0.1001   5.229e-07  p
net34                       1.80    0.011    0.033    0.0304   5.177e-07  p
net757                      1.80    0.003    0.500    0.1000   5.125e-07  a
net736                      1.80    0.003    0.500    0.1000   5.104e-07  a
net834                      1.80    0.003    0.491    0.1007   5.089e-07  p
net245                      1.80    0.008    0.495    0.0388   5.073e-07  p
net752                      1.80    0.003    0.500    0.1000   5.050e-07  a
net42                       1.80    0.014    0.478    0.0224   5.036e-07  p
net734                      1.80    0.003    0.500    0.1000   5.008e-07  a
net874                      1.80    0.003    0.499    0.1002   4.987e-07  p
net723                      1.80    0.003    0.500    0.1000   4.983e-07  a
net808                      1.80    0.028    0.140    0.0109   4.952e-07  p
net147                      1.80    0.016    0.026    0.0196   4.951e-07  p
net597                      1.80    0.004    0.140    0.0866   4.918e-07  p
net718                      1.80    0.003    0.500    0.1000   4.837e-07  a
net240                      1.80    0.007    0.823    0.0443   4.777e-07  pm
net866                      1.80    0.003    0.504    0.1022   4.766e-07  p
net760                      1.80    0.003    0.500    0.1000   4.756e-07  a
net800                      1.80    0.013    0.479    0.0232   4.756e-07  pm
net199                      1.80    0.008    0.297    0.0357   4.703e-07  p
net579                      1.80    0.003    0.504    0.0998   4.622e-07  p
net709                      1.80    0.003    0.500    0.1000   4.597e-07  a
net609                      1.80    0.003    0.500    0.1000   4.573e-07  a
net750                      1.80    0.003    0.500    0.1000   4.498e-07  a
net591                      1.80    0.003    0.365    0.0917   4.481e-07  p
net649                      1.80    0.008    0.812    0.0353   4.420e-07  p
net767                      1.80    0.003    0.500    0.1000   4.400e-07  a
net668                      1.80    0.016    0.522    0.0166   4.391e-07  p
net75                       1.80    0.009    0.040    0.0311   4.373e-07  p
net593                      1.80    0.003    0.504    0.0999   4.363e-07  p
clknet_1_1__leaf_net105     1.80    0.004    0.285    0.0603   4.313e-07  p
net725                      1.80    0.003    0.500    0.1000   4.297e-07  a
net775                      1.80    0.003    0.500    0.1000   4.245e-07  a
net167                      1.80    0.002    0.478    0.1059   4.222e-07  p
clknet_1_0__leaf_net602     1.80    0.004    0.285    0.0603   4.143e-07  p
net749                      1.80    0.003    0.500    0.1000   4.127e-07  a
net727                      1.80    0.003    0.500    0.1000   4.124e-07  a
net907                      1.80    0.010    0.506    0.0248   4.119e-07  p
net841                      1.80    0.004    0.481    0.0597   4.111e-07  p
net57                       1.80    0.008    0.034    0.0305   4.086e-07  p
net253                      1.80    0.002    0.520    0.1066   4.083e-07  p
net311                      1.80    0.014    0.462    0.0173   4.035e-07  p
net214                      1.80    0.014    0.486    0.0182   4.005e-07  p
net651                      1.80    0.004    0.495    0.0644   3.988e-07  p
clknet_0_net642             1.80    0.019    0.060    0.0127   3.985e-07  p
net648                      1.80    0.004    0.695    0.0638   3.947e-07  p
net700                      1.80    0.002    0.500    0.1000   3.944e-07  a
net771                      1.80    0.002    0.500    0.1000   3.898e-07  a
net193                      1.80    0.004    0.495    0.0647   3.872e-07  p
net272                      1.80    0.010    0.494    0.0249   3.866e-07  p
net316                      1.80    0.014    0.529    0.0175   3.846e-07  p
net619                      1.80    0.002    0.500    0.1000   3.811e-07  a
clknet_1_1__leaf_net327     1.80    0.002    0.355    0.1114   3.798e-07  p
net722                      1.80    0.002    0.500    0.1000   3.777e-07  a
net747                      1.80    0.002    0.500    0.1000   3.769e-07  a
net733                      1.80    0.002    0.500    0.1000   3.732e-07  a
net696                      1.80    0.002    0.500    0.1000   3.731e-07  a
net598                      1.80    0.006    0.828    0.0358   3.730e-07  p
net762                      1.80    0.002    0.500    0.1000   3.682e-07  a
net716                      1.80    0.002    0.500    0.1000   3.662e-07  a
net53                       1.80    0.002    0.483    0.1052   3.650e-07  p
net714                      1.80    0.002    0.500    0.1000   3.625e-07  a
net64                       1.80    0.018    0.124    0.0126   3.624e-07  p
net580                      1.80    0.002    0.496    0.0998   3.593e-07  p
net724                      1.80    0.002    0.500    0.1000   3.579e-07  a
net782                      1.80    0.002    0.500    0.1000   3.543e-07  a
net270                      1.80    0.006    0.188    0.0353   3.526e-07  p
net719                      1.80    0.002    0.500    0.1000   3.524e-07  a
net766                      1.80    0.002    0.500    0.1000   3.520e-07  a
net59                       1.80    0.005    0.057    0.0419   3.520e-07  p
clknet_1_1__leaf_net289     1.80    0.004    0.249    0.0490   3.459e-07  p
net712                      1.80    0.002    0.500    0.1000   3.434e-07  a
net282                      1.80    0.009    0.449    0.0233   3.428e-07  p
net887                      1.80    0.004    0.985    0.0551   3.428e-07  p
net603                      1.80    0.003    0.353    0.0792   3.427e-07  p
net892                      1.80    0.013    0.444    0.0165   3.424e-07  p
net273                      1.80    0.008    0.506    0.0249   3.399e-07  p
out44                       1.80    0.002    0.483    0.0845   3.375e-07  p
net797                      1.80    0.014    0.405    0.0152   3.352e-07  p
net131                      1.80    0.011    0.492    0.0191   3.347e-07  p
net144                      1.80    0.003    0.810    0.0781   3.323e-07  p
net745                      1.80    0.002    0.500    0.1000   3.292e-07  a
net833                      1.80    0.007    0.250    0.0280   3.288e-07  p
net33                       1.80    0.011    0.017    0.0179   3.278e-07  p
net246                      1.80    0.003    0.506    0.0782   3.275e-07  p
net218                      1.80    0.002    0.462    0.0867   3.248e-07  p
net61                       1.80    0.008    0.029    0.0266   3.236e-07  p
net217                      1.80    0.002    0.959    0.0811   3.229e-07  p
net8                        1.80    0.013    0.192    0.0151   3.218e-07  p
net645                      1.80    0.003    0.515    0.0596   3.197e-07  p
clknet_1_1__leaf_net111     1.80    0.003    0.143    0.0575   3.151e-07  p
net781                      1.80    0.002    0.500    0.1000   3.101e-07  a
net774                      1.80    0.002    0.500    0.1000   3.090e-07  a
net362                      1.80    0.010    0.576    0.0184   3.078e-07  p
net758                      1.80    0.002    0.500    0.1000   3.072e-07  a
net22                       1.80    0.014    0.844    0.0137   3.067e-07  p
net47                       1.80    0.006    0.320    0.0325   3.052e-07  p
clknet_1_1__leaf_net106     1.80    0.003    0.143    0.0573   3.033e-07  p
out79                       1.80    0.001    0.532    0.2430   3.025e-07  p
net355                      1.80    0.010    0.834    0.0192   2.989e-07  p
net298                      1.80    0.011    0.444    0.0165   2.973e-07  p
net51                       1.80    0.004    0.835    0.0522   2.963e-07  p
net788                      1.80    0.002    0.500    0.1000   2.950e-07  a
net285                      1.80    0.010    0.356    0.0178   2.937e-07  p
net142                      1.80    0.003    0.615    0.0655   2.927e-07  p
net335                      1.80    0.011    0.522    0.0166   2.926e-07  p
net234                      1.80    0.003    0.796    0.0575   2.914e-07  p
net647                      1.80    0.003    0.302    0.0635   2.907e-07  p
net242                      1.80    0.006    0.250    0.0280   2.881e-07  p
net9                        1.80    0.012    0.192    0.0151   2.855e-07  p
net333                      1.80    0.011    0.522    0.0166   2.844e-07  p
net615                      1.80    0.003    0.986    0.0551   2.811e-07  p
out66                       1.80    0.001    0.502    0.1918   2.790e-07  p
net269                      1.80    0.005    0.812    0.0353   2.790e-07  p
net614                      1.80    0.003    0.014    0.0547   2.770e-07  p
net361                      1.80    0.009    0.415    0.0181   2.756e-07  p
net92                       1.80    0.002    0.525    0.1002   2.735e-07  p
net842                      1.80    0.005    0.812    0.0353   2.689e-07  p
net62                       1.80    0.003    0.067    0.0495   2.628e-07  p
net52                       1.80    0.005    0.215    0.0316   2.621e-07  p
net43                       1.80    0.006    0.063    0.0274   2.593e-07  p
net352                      1.80    0.009    0.449    0.0183   2.590e-07  p
net46                       1.80    0.005    0.677    0.0322   2.571e-07  p
net248                      1.80    0.004    0.610    0.0351   2.553e-07  p
net96                       1.80    0.003    0.061    0.0464   2.545e-07  p
net233                      1.80    0.003    0.790    0.0544   2.533e-07  p
net277                      1.80    0.007    0.175    0.0226   2.522e-07  p
net885                      1.80    0.007    0.497    0.0220   2.503e-07  p
net73                       1.80    0.004    0.049    0.0418   2.502e-07  p
net215                      1.80    0.002    0.601    0.0775   2.474e-07  p
net151                      1.80    0.008    0.727    0.0195   2.473e-07  p
net166                      1.80    0.005    0.060    0.0299   2.470e-07  p
clknet_1_0__leaf_net105     1.80    0.002    0.285    0.0603   2.434e-07  p
net45                       1.80    0.007    0.624    0.0215   2.414e-07  p
net804                      1.80    0.006    0.205    0.0253   2.392e-07  p
net20                       1.80    0.004    0.156    0.0388   2.330e-07  p
net68                       1.80    0.011    0.124    0.0126   2.328e-07  p
net884                      1.80    0.008    0.576    0.0184   2.311e-07  p
net48                       1.80    0.003    0.157    0.0509   2.293e-07  p
net284                      1.80    0.002    0.349    0.0639   2.286e-07  p
out94                       1.80    0.001    0.502    0.1918   2.281e-07  p
net806                      1.80    0.009    0.924    0.0163   2.250e-07  p
net366                      1.80    0.011    0.432    0.0123   2.239e-07  p
net337                      1.80    0.007    0.260    0.0209   2.235e-07  p
net660                      1.80    0.008    0.357    0.0178   2.228e-07  p
net16                       1.80    0.007    0.977    0.0185   2.215e-07  p
net66                       1.80    0.006    0.101    0.0235   2.210e-07  p
net912                      1.80    0.004    0.610    0.0351   2.182e-07  p
net86                       1.80    0.020    0.985    0.0064   2.139e-07  p
net485                      1.80    0.007    0.057    0.0186   2.116e-07  p
net161                      1.80    0.002    0.813    0.0553   2.043e-07  p
net39                       1.80    0.007    0.290    0.0190   2.015e-07  p
net58                       1.80    0.003    0.067    0.0495   2.012e-07  p
clknet_0_net288             1.80    0.019    0.026    0.0065   1.994e-07  p
net200                      1.80    0.003    0.703    0.0359   1.959e-07  p
net251                      1.80    0.008    0.097    0.0142   1.953e-07  p
net642                      1.80    0.009    0.060    0.0127   1.935e-07  p
net858                      1.80    0.008    0.781    0.0146   1.899e-07  p
net221                      1.80    0.028    0.001    0.0042   1.897e-07  p
net134                      1.80    0.014    0.017    0.0082   1.828e-07  p
net616                      1.80    0.003    0.176    0.0441   1.792e-07  p
clknet_1_0__leaf_net642     1.80    0.009    0.060    0.0127   1.788e-07  p
net464                      1.80    0.009    0.047    0.0123   1.780e-07  p
net639                      1.80    0.009    0.837    0.0116   1.779e-07  p
net889                      1.80    0.008    0.134    0.0146   1.777e-07  p
net90                       1.80    0.003    0.054    0.0423   1.760e-07  p
net913                      1.80    0.006    0.415    0.0181   1.734e-07  p
net611                      1.80    0.007    0.192    0.0151   1.731e-07  p
net12                       1.80    0.002    0.064    0.0479   1.719e-07  p
net364                      1.80    0.007    0.319    0.0144   1.710e-07  p
net308                      1.80    0.002    0.249    0.0490   1.682e-07  p
net879                      1.80    0.005    0.409    0.0225   1.643e-07  p
net830                      1.80    0.010    0.144    0.0101   1.637e-07  p
net23                       1.80    0.004    0.099    0.0261   1.616e-07  p
net149                      1.80    0.005    0.024    0.0188   1.604e-07  p
net50                       1.80    0.011    0.895    0.0090   1.589e-07  p
net115                      1.80    0.008    0.852    0.0115   1.577e-07  p
net27                       1.80    0.004    0.515    0.0213   1.537e-07  p
net283                      1.80    0.007    0.272    0.0135   1.532e-07  p
net827                      1.80    0.003    0.827    0.0358   1.512e-07  p
net369                      1.80    0.006    0.384    0.0164   1.510e-07  p
net336                      1.80    0.004    0.510    0.0233   1.507e-07  p
net608                      1.80    0.004    0.511    0.0233   1.487e-07  p
net374                      1.80    0.005    0.743    0.0176   1.475e-07  p
clknet_1_1__leaf_net806     1.80    0.005    0.924    0.0163   1.434e-07  p
net35                       1.80    0.005    0.019    0.0178   1.417e-07  p
net153                      1.80    0.002    0.145    0.0392   1.415e-07  p
net652                      1.80    0.002    0.492    0.0456   1.401e-07  p
net656                      1.80    0.006    0.210    0.0144   1.364e-07  p
net635                      1.80    0.004    0.579    0.0228   1.344e-07  p
net21                       1.80    0.006    0.156    0.0137   1.340e-07  p
net243                      1.80    0.006    0.134    0.0146   1.313e-07  p
net99                       1.80    0.006    0.013    0.0139   1.310e-07  p
net658                      1.80    0.007    0.210    0.0106   1.265e-07  p
clknet_1_0__leaf_net288     1.80    0.012    0.026    0.0065   1.259e-07  p
net67                       1.80    0.003    0.111    0.0298   1.241e-07  p
net917                      1.80    0.003    0.481    0.0233   1.234e-07  p
net14                       1.80    0.005    0.814    0.0166   1.223e-07  p
net165                      1.80    0.004    0.716    0.0191   1.219e-07  p
net288                      1.80    0.011    0.026    0.0065   1.215e-07  p
net358                      1.80    0.004    0.572    0.0177   1.195e-07  p
net365                      1.80    0.007    0.012    0.0104   1.192e-07  p
net816                      1.80    0.002    0.924    0.0299   1.175e-07  p
net154                      1.80    0.002    0.052    0.0307   1.163e-07  p
net132                      1.80    0.005    0.057    0.0151   1.162e-07  p
net637                      1.80    0.007    0.849    0.0107   1.154e-07  p
net231                      1.80    0.004    0.943    0.0163   1.153e-07  p
net695                      1.80    0.006    0.124    0.0126   1.146e-07  p
clknet_0_net170             1.80    0.020    0.010    0.0036   1.146e-07  p
net845                      1.80    0.005    0.192    0.0151   1.144e-07  p
net54                       1.80    0.002    0.397    0.0329   1.139e-07  p
net875                      1.80    0.003    0.468    0.0220   1.134e-07  p
net681                      1.80    0.005    0.942    0.0135   1.126e-07  p
net876                      1.80    0.002    0.397    0.0329   1.115e-07  p
net44                       1.80    0.003    0.376    0.0215   1.114e-07  p
net347                      1.80    0.005    0.517    0.0137   1.090e-07  p
clknet_0_net643             1.80    0.019    0.020    0.0035   1.087e-07  p
net170                      1.80    0.019    0.010    0.0036   1.085e-07  p
net659                      1.80    0.003    0.481    0.0233   1.078e-07  p
out84                       1.80    0.001    0.365    0.0916   1.075e-07  p
net150                      1.80    0.003    0.273    0.0195   1.069e-07  p
clknet_1_0__leaf_net806     1.80    0.004    0.924    0.0163   1.068e-07  p
net815                      1.80    0.002    0.075    0.0296   1.060e-07  p
out98                       1.80    0.001    0.508    0.1024   1.058e-07  p
net911                      1.80    0.004    0.186    0.0166   1.041e-07  p
net11                       1.80    0.004    0.812    0.0162   1.041e-07  p
net370                      1.80    0.004    0.616    0.0164   1.039e-07  p
clknet_0_net174             1.80    0.020    0.005    0.0032   1.027e-07  p
net869                      1.80    0.004    0.188    0.0162   1.027e-07  p
net38                       1.80    0.003    0.703    0.0190   1.022e-07  p
net618                      1.80    0.003    0.717    0.0191   1.008e-07  p
net921                      1.80    0.003    0.451    0.0222   1.005e-07  p
net634                      1.80    0.005    0.047    0.0123   9.991e-08  p
net902                      1.80    0.003    0.702    0.0190   9.982e-08  p
net859                      1.80    0.002    0.320    0.0325   9.975e-08  p
clknet_1_1__leaf_net288     1.80    0.009    0.026    0.0065   9.916e-08  p
net367                      1.80    0.007    0.142    0.0091   9.898e-08  p
net334                      1.80    0.004    0.522    0.0166   9.854e-08  p
net640                      1.80    0.003    0.468    0.0220   9.827e-08  p
clknet_1_0__leaf_net173     1.80    0.019    0.005    0.0032   9.810e-08  p
net331                      1.80    0.004    0.477    0.0166   9.780e-08  p
net330                      1.80    0.003    0.534    0.0182   9.768e-08  p
clknet_0_net175             1.80    0.019    0.005    0.0032   9.755e-08  p
clknet_0_net173             1.80    0.019    0.005    0.0032   9.715e-08  p
net847                      1.80    0.003    0.449    0.0225   9.670e-08  p
net107                      1.80    0.010    0.013    0.0061   9.639e-08  p
net613                      1.80    0.003    0.430    0.0222   9.480e-08  pm
net376                      1.80    0.003    0.116    0.0181   9.439e-08  p
net499                      1.80    0.004    0.025    0.0132   9.324e-08  p
net325                      1.80    0.003    0.529    0.0175   9.243e-08  p
net655                      1.80    0.004    0.797    0.0141   9.142e-08  p
clknet_0_net178             1.80    0.017    0.005    0.0032   9.075e-08  p
clknet_1_1__leaf_net170     1.80    0.015    0.010    0.0036   9.031e-08  p
net590                      1.80    0.003    0.236    0.0166   8.977e-08  pm
net862                      1.80    0.003    0.290    0.0190   8.958e-08  p
net260                      1.80    0.003    0.449    0.0183   8.873e-08  p
out36                       1.80    0.001    0.495    0.0986   8.853e-08  p
net886                      1.80    0.003    0.506    0.0185   8.779e-08  p
net588                      1.80    0.002    0.472    0.0228   8.775e-08  p
net905                      1.80    0.004    0.797    0.0141   8.770e-08  p
clknet_0_net185             1.80    0.018    0.996    0.0029   8.685e-08  p
net230                      1.80    0.003    0.057    0.0163   8.658e-08  p
net133                      1.80    0.007    0.024    0.0074   8.647e-08  p
net498                      1.80    0.004    0.026    0.0139   8.590e-08  p
net63                       1.80    0.024    0.001    0.0022   8.581e-08  p
net636                      1.80    0.002    0.409    0.0225   8.485e-08  p
net909                      1.80    0.002    0.483    0.0231   8.380e-08  p
net338                      1.80    0.004    0.047    0.0123   8.329e-08  p
net852                      1.80    0.004    0.517    0.0137   8.325e-08  p
net13                       1.80    0.003    0.186    0.0166   8.286e-08  p
net621                      1.80    0.003    0.834    0.0192   8.220e-08  p
net168                      1.80    0.002    0.449    0.0225   8.113e-08  p
net213                      1.80    0.003    0.507    0.0185   8.093e-08  p
clknet_1_0__leaf_net170     1.80    0.014    0.010    0.0036   8.003e-08  p
net682                      1.80    0.004    0.054    0.0132   7.991e-08  p
net357                      1.80    0.003    0.428    0.0177   7.923e-08  p
net641                      1.80    0.002    0.389    0.0206   7.904e-08  p
net236                      1.80    0.002    0.207    0.0203   7.871e-08  p
net257                      1.80    0.005    0.751    0.0095   7.715e-08  p
net657                      1.80    0.003    0.782    0.0147   7.660e-08  p
clknet_0_net108             1.80    0.021    0.003    0.0023   7.659e-08  p
net428                      1.80    0.003    0.358    0.0180   7.545e-08  p
net10                       1.80    0.003    0.188    0.0162   7.504e-08  p
net169                      1.80    0.002    0.451    0.0222   7.370e-08  p
net264                      1.80    0.003    0.450    0.0149   7.341e-08  pm
clknet_0_net112             1.80    0.020    0.003    0.0023   7.327e-08  p
net671                      1.80    0.003    0.106    0.0158   7.297e-08  p
clknet_0_net113             1.80    0.020    0.003    0.0023   7.234e-08  p
net135                      1.80    0.005    0.017    0.0082   7.119e-08  p
net116                      1.80    0.019    0.003    0.0023   7.100e-08  p
net80                       1.80    0.009    0.054    0.0050   7.066e-08  p
net857                      1.80    0.002    0.439    0.0185   6.990e-08  p
net600                      1.80    0.002    0.462    0.0173   6.987e-08  p
net893                      1.80    0.002    0.472    0.0228   6.888e-08  p
net669                      1.80    0.003    0.472    0.0136   6.762e-08  p
net883                      1.80    0.003    0.469    0.0136   6.635e-08  p
net286                      1.80    0.003    0.174    0.0134   6.453e-08  p
net891                      1.80    0.002    0.529    0.0175   6.406e-08  p
net620                      1.80    0.002    0.166    0.0192   6.368e-08  p
net332                      1.80    0.002    0.472    0.0165   6.340e-08  p
net654                      1.80    0.003    0.194    0.0136   6.294e-08  p
net26                       1.80    0.003    0.811    0.0151   6.243e-08  p
net661                      1.80    0.002    0.085    0.0165   6.217e-08  p
clknet_0_net206             1.80    0.017    0.003    0.0022   6.197e-08  p
net342                      1.80    0.003    0.521    0.0135   6.133e-08  p
net599                      1.80    0.002    0.529    0.0175   5.853e-08  p
net256                      1.80    0.004    0.241    0.0094   5.673e-08  p
net259                      1.80    0.002    0.439    0.0185   5.652e-08  p
net363                      1.80    0.002    0.671    0.0144   5.630e-08  p
net36                       1.80    0.002    0.980    0.0181   5.543e-08  p
net49                       1.80    0.004    0.105    0.0090   5.421e-08  p
net643                      1.80    0.009    0.020    0.0035   5.417e-08  p
net81                       1.80    0.006    0.936    0.0055   5.403e-08  p
net881                      1.80    0.002    0.473    0.0138   5.373e-08  p
clknet_1_0__leaf_net112     1.80    0.014    0.003    0.0023   5.232e-08  p
net344                      1.80    0.002    0.517    0.0137   5.207e-08  p
net853                      1.80    0.003    0.047    0.0123   5.077e-08  p
net175                      1.80    0.010    0.005    0.0032   5.001e-08  p
net206                      1.80    0.014    0.003    0.0022   4.926e-08  p
net173                      1.80    0.009    0.005    0.0032   4.877e-08  p
net280                      1.80    0.003    0.827    0.0107   4.811e-08  p
clknet_1_0__leaf_net178     1.80    0.009    0.005    0.0032   4.762e-08  p
net844                      1.80    0.002    0.520    0.0135   4.614e-08  p
net839                      1.80    0.003    0.164    0.0100   4.557e-08  p
net83                       1.80    0.018    0.998    0.0015   4.490e-08  p
clknet_1_1__leaf_net173     1.80    0.009    0.005    0.0032   4.467e-08  p
net281                      1.80    0.003    0.164    0.0100   4.399e-08  p
clknet_1_1__leaf_net108     1.80    0.012    0.003    0.0023   4.394e-08  p
net174                      1.80    0.008    0.005    0.0032   4.373e-08  p
clknet_1_0__leaf_net175     1.80    0.008    0.005    0.0032   4.350e-08  p
net343                      1.80    0.002    0.473    0.0138   4.349e-08  p
net870                      1.80    0.002    0.432    0.0123   4.302e-08  p
net178                      1.80    0.008    0.005    0.0032   4.269e-08  p
net341                      1.80    0.002    0.469    0.0136   4.261e-08  p
net255                      1.80    0.006    0.006    0.0045   4.252e-08  p
clknet_1_1__leaf_net642     1.80    0.002    0.060    0.0127   4.083e-08  p
net104                      1.80    0.004    0.880    0.0061   4.057e-08  p
net112                      1.80    0.011    0.003    0.0023   4.050e-08  p
net880                      1.80    0.002    0.852    0.0115   3.972e-08  p
net185                      1.80    0.008    0.996    0.0029   3.944e-08  p
net638                      1.80    0.002    0.144    0.0101   3.919e-08  p
clknet_1_1__leaf_net178     1.80    0.007    0.005    0.0032   3.877e-08  p
net650                      1.80    0.008    0.008    0.0029   3.799e-08  p
clknet_1_0__leaf_net643     1.80    0.006    0.020    0.0035   3.715e-08  p
clknet_1_0__leaf_net174     1.80    0.007    0.005    0.0032   3.629e-08  p
out50                       1.80    0.001    0.205    0.0253   3.617e-08  p
net790                      1.80    0.033    0.978    0.0007   3.525e-08  p
net113                      1.80    0.009    0.003    0.0023   3.478e-08  p
net84                       1.80    0.018    0.001    0.0012   3.447e-08  p
net796                      1.80    0.005    0.022    0.0045   3.410e-08  p
net108                      1.80    0.009    0.003    0.0023   3.334e-08  p
net632                      1.80    0.003    0.013    0.0061   3.283e-08  p
net89                       1.80    0.010    0.997    0.0021   3.282e-08  p
net345                      1.80    0.016    0.005    0.0013   3.269e-08  p
out92                       1.80    0.001    0.075    0.0296   3.199e-08  p
net339                      1.80    0.016    0.005    0.0013   3.193e-08  p
net407                      1.80    0.029    0.994    0.0007   3.060e-08  p
net810                      1.80    0.012    0.003    0.0015   2.917e-08  p
clknet_0_net184             1.80    0.019    0.003    0.0009   2.898e-08  p
net287                      1.80    0.003    0.026    0.0065   2.884e-08  p
clknet_1_1__leaf_net174     1.80    0.006    0.005    0.0032   2.878e-08  p
net460                      1.80    0.027    0.991    0.0007   2.831e-08  p
net631                      1.80    0.003    0.985    0.0064   2.754e-08  p
out93                       1.80    0.001    0.923    0.0299   2.637e-08  p
out21                       1.80    0.001    0.481    0.0135   2.547e-08  p
net903                      1.80    0.003    0.013    0.0061   2.483e-08  p
net340                      1.80    0.012    0.005    0.0013   2.432e-08  p
net864                      1.80    0.003    0.109    0.0056   2.411e-08  p
net155                      1.80    0.011    0.001    0.0014   2.407e-08  p
clknet_1_1__leaf_net643     1.80    0.004    0.020    0.0035   2.305e-08  p
clknet_1_0__leaf_net108     1.80    0.006    0.003    0.0023   2.293e-08  p
net622                      1.80    0.003    0.936    0.0055   2.285e-08  p
net237                      1.80    0.002    0.979    0.0061   2.224e-08  p
net181                      1.80    0.002    0.007    0.0055   2.205e-08  p
net623                      1.80    0.003    0.054    0.0050   2.158e-08  p
clknet_1_1__leaf_net185     1.80    0.005    0.996    0.0029   2.148e-08  p
out65                       1.80    0.001    0.924    0.0163   2.145e-08  p
net459                      1.80    0.020    0.991    0.0007   2.143e-08  p
clknet_1_1__leaf_net112     1.80    0.006    0.003    0.0023   2.111e-08  p
net160                      1.80    0.018    0.999    0.0007   2.096e-08  p
net822                      1.80    0.006    0.997    0.0021   2.050e-08  p
net292                      1.80    0.006    0.992    0.0020   2.043e-08  p
clknet_1_0__leaf_net113     1.80    0.005    0.003    0.0023   1.917e-08  p
net809                      1.80    0.015    0.001    0.0008   1.897e-08  p
net908                      1.80    0.004    0.968    0.0027   1.884e-08  p
net324                      1.80    0.010    0.005    0.0012   1.864e-08  p
net678                      1.80    0.017    0.956    0.0007   1.860e-08  p
net103                      1.80    0.002    0.109    0.0056   1.851e-08  p
net436                      1.80    0.017    0.991    0.0007   1.759e-08  p
net687                      1.80    0.029    0.997    0.0003   1.541e-08  p
net24                       1.80    0.009    0.001    0.0011   1.535e-08  p
net633                      1.80    0.008    0.005    0.0012   1.526e-08  p
net294                      1.80    0.008    0.005    0.0012   1.510e-08  p
out35                       1.80    0.001    0.474    0.0168   1.507e-08  p
clknet_1_1__leaf_net175     1.80    0.003    0.005    0.0032   1.502e-08  p
net594                      1.80    0.000    0.496    0.0999   1.488e-08  pm
out32                       1.80    0.001    0.405    0.0152   1.460e-08  p
net225                      1.80    0.002    0.001    0.0042   1.458e-08  p
net226                      1.80    0.002    0.999    0.0042   1.446e-08  p
net95                       1.80    0.006    0.002    0.0015   1.431e-08  p
net184                      1.80    0.009    0.003    0.0009   1.426e-08  p
clknet_1_0__leaf_net206     1.80    0.004    0.003    0.0022   1.395e-08  p
net472                      1.80    0.010    0.968    0.0007   1.163e-08  p
net795                      1.80    0.006    0.004    0.0012   1.162e-08  p
clknet_1_0__leaf_net185     1.80    0.002    0.996    0.0029   1.106e-08  p
out70                       1.80    0.001    0.140    0.0109   1.098e-08  p
net114                      1.80    0.014    0.000    0.0005   1.078e-08  p
net664                      1.80    0.005    0.993    0.0013   1.067e-08  p
clknet_0_net118             1.80    0.018    0.000    0.0004   1.052e-08  p
net408                      1.80    0.026    0.001    0.0002   1.026e-08  p
net411                      1.80    0.025    0.001    0.0002   1.005e-08  p
net468                      1.80    0.014    0.999    0.0004   9.817e-09  p
net291                      1.80    0.003    0.008    0.0020   9.775e-09  p
net832                      1.80    0.004    0.001    0.0014   9.610e-09  p
net94                       1.80    0.004    0.998    0.0015   9.438e-09  p
net470                      1.80    0.004    0.016    0.0013   9.220e-09  p
net425                      1.80    0.009    0.006    0.0007   9.181e-09  p
net162                      1.80    0.002    0.969    0.0027   9.109e-09  p
net865                      1.80    0.003    0.008    0.0020   9.073e-09  p
net212                      1.80    0.002    0.971    0.0027   8.969e-09  p
clknet_1_1__leaf_net113     1.80    0.002    0.003    0.0023   8.958e-09  p
clknet_1_1__leaf_net184     1.80    0.006    0.003    0.0009   8.584e-09  p
net467                      1.80    0.008    0.991    0.0007   8.551e-09  p
net469                      1.80    0.008    0.992    0.0007   8.542e-09  p
net871                      1.80    0.004    0.004    0.0013   8.503e-09  p
net463                      1.80    0.008    0.986    0.0007   8.447e-09  p
net211                      1.80    0.002    0.019    0.0021   8.026e-09  p
net812                      1.80    0.003    0.995    0.0019   7.935e-09  p
clknet_1_1__leaf_net206     1.80    0.002    0.003    0.0022   7.866e-09  p
net85                       1.80    0.013    0.000    0.0004   7.818e-09  p
net72                       1.80    0.003    0.999    0.0019   7.769e-09  p
net424                      1.80    0.007    0.994    0.0007   7.732e-09  p
out3                        1.80    0.001    0.022    0.0045   7.547e-09  p
net791                      1.80    0.004    0.996    0.0012   7.438e-09  p
net163                      1.80    0.002    0.022    0.0020   7.339e-09  p
net74                       1.80    0.002    0.008    0.0018   7.337e-09  p
net868                      1.80    0.004    0.005    0.0012   7.245e-09  p
net65                       1.80    0.002    0.002    0.0021   7.210e-09  p
net644                      1.80    0.004    0.006    0.0010   6.625e-09  p
net350                      1.80    0.003    0.004    0.0013   6.349e-09  p
net346                      1.80    0.007    0.005    0.0005   6.267e-09  p
net420                      1.80    0.016    0.002    0.0002   6.133e-09  p
net665                      1.80    0.004    0.005    0.0009   5.882e-09  p
net798                      1.80    0.007    0.002    0.0005   5.871e-09  p
net896                      1.80    0.005    0.970    0.0007   5.743e-09  p
net348                      1.80    0.007    0.002    0.0005   5.734e-09  p
net328                      1.80    0.003    0.005    0.0012   5.638e-09  p
net179                      1.80    0.012    0.003    0.0003   5.601e-09  p
net118                      1.80    0.009    0.000    0.0004   5.574e-09  p
net855                      1.80    0.005    0.991    0.0007   5.465e-09  p
net180                      1.80    0.012    0.006    0.0003   5.409e-09  p
net304                      1.80    0.003    0.005    0.0012   5.339e-09  p
net349                      1.80    0.006    0.005    0.0005   5.299e-09  p
net190                      1.80    0.005    0.000    0.0007   5.221e-09  p
net412                      1.80    0.013    0.001    0.0002   5.162e-09  p
net899                      1.80    0.011    0.003    0.0003   5.017e-09  p
net71                       1.80    0.003    0.013    0.0011   4.825e-09  p
net673                      1.80    0.004    0.982    0.0007   4.710e-09  p
net305                      1.80    0.002    0.995    0.0012   4.707e-09  p
net826                      1.80    0.004    0.991    0.0007   4.613e-09  p
net409                      1.80    0.011    0.001    0.0002   4.541e-09  p
net666                      1.80    0.008    0.998    0.0003   4.450e-09  p
net878                      1.80    0.004    0.991    0.0007   4.244e-09  p
net244                      1.80    0.016    0.000    0.0002   4.243e-09  p
net351                      1.80    0.002    0.996    0.0013   4.230e-09  p
net474                      1.80    0.003    0.969    0.0008   4.223e-09  p
net186                      1.80    0.004    0.991    0.0007   4.190e-09  p
net426                      1.80    0.013    0.001    0.0002   4.151e-09  p
net398                      1.80    0.008    0.998    0.0003   4.146e-09  p
net689                      1.80    0.008    0.005    0.0003   4.087e-09  p
net897                      1.80    0.004    0.991    0.0007   4.066e-09  p
net840                      1.80    0.003    0.976    0.0007   3.869e-09  p
net478                      1.80    0.002    0.044    0.0009   3.702e-09  p
net182                      1.80    0.004    0.002    0.0005   3.675e-09  p
clknet_1_0__leaf_net184     1.80    0.002    0.003    0.0009   3.671e-09  p
net829                      1.80    0.003    0.982    0.0007   3.575e-09  p
net605                      1.80    0.003    0.992    0.0007   3.565e-09  p
net836                      1.80    0.005    0.999    0.0004   3.541e-09  p
net465                      1.80    0.002    0.013    0.0013   3.533e-09  p
net625                      1.80    0.003    0.991    0.0007   3.419e-09  p
net471                      1.80    0.003    0.976    0.0007   3.235e-09  p
net397                      1.80    0.006    0.998    0.0003   3.195e-09  p
net183                      1.80    0.004    0.998    0.0005   3.151e-09  p
net164                      1.80    0.003    0.000    0.0007   3.053e-09  p
net569                      1.80    0.003    0.009    0.0007   3.028e-09  p
net861                      1.80    0.003    0.008    0.0007   2.971e-09  p
net544                      1.80    0.003    0.001    0.0007   2.970e-09  p
net413                      1.80    0.002    0.990    0.0007   2.900e-09  p
net582                      1.80    0.003    0.991    0.0007   2.850e-09  p
net584                      1.80    0.003    0.991    0.0007   2.845e-09  p
net415                      1.80    0.003    0.008    0.0007   2.826e-09  p
net157                      1.80    0.002    0.999    0.0007   2.791e-09  p
net473                      1.80    0.002    0.968    0.0007   2.769e-09  p
net416                      1.80    0.003    0.982    0.0007   2.708e-09  p
net278                      1.80    0.003    0.989    0.0007   2.677e-09  p
net117                      1.80    0.010    0.000    0.0002   2.647e-09  p
net628                      1.80    0.007    0.001    0.0002   2.615e-09  p
net69                       1.80    0.002    0.001    0.0007   2.594e-09  p
net675                      1.80    0.002    0.971    0.0007   2.589e-09  p
net575                      1.80    0.002    0.991    0.0007   2.549e-09  p
net516                      1.80    0.002    0.991    0.0007   2.542e-09  p
net587                      1.80    0.002    0.991    0.0007   2.462e-09  p
net850                      1.80    0.002    0.990    0.0007   2.453e-09  p
net803                      1.80    0.037    0.000    0.41e-4  2.444e-09  p
clknet_1_1__leaf_net118     1.80    0.004    0.000    0.0004   2.407e-09  p
net429                      1.80    0.002    0.981    0.0007   2.400e-09  p
net196                      1.80    0.006    0.000    0.0002   2.390e-09  p
net447                      1.80    0.002    0.991    0.0007   2.374e-09  p
net156                      1.80    0.002    0.001    0.0007   2.343e-09  p
net888                      1.80    0.003    0.008    0.0005   2.306e-09  p
net410                      1.80    0.006    0.001    0.0002   2.295e-09  p
net694                      1.80    0.002    0.991    0.0007   2.292e-09  p
net189                      1.80    0.005    1.000    0.0003   2.273e-09  p
net461                      1.80    0.002    0.990    0.0007   2.152e-09  p
net417                      1.80    0.005    0.001    0.0002   2.140e-09  p
net684                      1.80    0.004    0.998    0.0003   2.136e-09  p
net188                      1.80    0.005    0.000    0.0003   2.136e-09  p
net676                      1.80    0.002    0.992    0.0007   2.125e-09  p
net258                      1.80    0.011    1.000    0.0001   2.117e-09  p
net406                      1.80    0.004    0.006    0.0003   2.088e-09  p
net848                      1.80    0.002    0.991    0.0007   2.022e-09  p
net427                      1.80    0.002    0.006    0.0007   2.013e-09  p
net672                      1.80    0.004    0.994    0.0003   1.995e-09  p
net794                      1.80    0.030    1.000    0.41e-4  1.945e-09  p
net88                       1.80    0.003    0.999    0.0004   1.908e-09  p
out71                       1.80    0.002    0.001    0.0008   1.906e-09  p
net835                      1.80    0.002    0.990    0.0007   1.904e-09  p
net422                      1.80    0.006    0.001    0.0002   1.857e-09  p
net910                      1.80    0.002    0.991    0.0007   1.856e-09  p
net466                      1.80    0.002    0.978    0.0007   1.854e-09  p
net541                      1.80    0.003    0.003    0.0003   1.814e-09  p
net418                      1.80    0.005    0.002    0.0002   1.785e-09  p
out80                       1.80    0.001    0.995    0.0019   1.776e-09  p
clknet_1_0__leaf_net118     1.80    0.003    0.000    0.0004   1.716e-09  p
net543                      1.80    0.003    0.995    0.0003   1.691e-09  p
net674                      1.80    0.002    0.008    0.0005   1.684e-09  p
net109                      1.80    0.002    0.998    0.0005   1.678e-09  p
net542                      1.80    0.003    0.005    0.0003   1.549e-09  p
net395                      1.80    0.003    0.998    0.0003   1.521e-09  p
net404                      1.80    0.003    0.998    0.0003   1.513e-09  p
net562                      1.80    0.003    0.005    0.0003   1.419e-09  p
net93                       1.80    0.007    1.000    0.0001   1.402e-09  p
net405                      1.80    0.003    0.994    0.0003   1.386e-09  p
out73                       1.80    0.001    0.003    0.0015   1.356e-09  p
net540                      1.80    0.002    0.003    0.0003   1.250e-09  p
net691                      1.80    0.004    0.002    0.0002   1.244e-09  p
net414                      1.80    0.009    0.001    0.81e-4  1.225e-09  p
net690                      1.80    0.002    0.005    0.0003   1.121e-09  p
net916                      1.80    0.002    0.000    0.0003   1.070e-09  p
out26                       1.80    0.001    0.004    0.0012   1.051e-09  p
out19                       1.80    0.001    0.996    0.0012   1.000e-09  p
net825                      1.80    0.004    0.000    0.0002   9.696e-10  p
net110                      1.80    0.003    0.000    0.0002   9.618e-10  p
net100                      1.80    0.002    0.999    0.0003   9.555e-10  p
net87                       1.80    0.005    0.000    0.0001   9.325e-10  p
net545                      1.80    0.002    0.002    0.0002   7.729e-10  p
net191                      1.80    0.011    1.000    0.41e-4  7.106e-10  p
net692                      1.80    0.002    0.003    0.0002   7.086e-10  p
net97                       1.80    0.005    0.000    0.81e-4  6.249e-10  p
out10                       1.80    0.000    0.978    0.0007   5.156e-10  p
net920                      1.80    0.006    0.000    0.41e-4  4.057e-10  p
out33                       1.80    0.000    0.002    0.0005   3.870e-10  p
net228                      1.80    0.006    0.000    0.41e-4  3.706e-10  p
net477                      1.80    0.002    1.000    0.41e-4  1.503e-10  p
out49                       1.80    0.001    0.000    0.41e-4  6.226e-11  p
out25                       1.80    0.000    1.000    0.41e-4  3.224e-11  p
clknet_0_net309             1.80    0.024    1.000    0.0000      0.0000  p
clknet_0_net419             1.80    0.018    0.000    0.0000      0.0000  p
clknet_0_net421             1.80    0.018    0.000    0.0000      0.0000  p
clknet_0_net423             1.80    0.019    0.000    0.0000      0.0000  p
clknet_0_net433             1.80    0.019    0.000    0.0000      0.0000  p
clknet_0_net454             1.80    0.019    0.000    0.0000      0.0000  p
clknet_0_net455             1.80    0.019    0.000    0.0000      0.0000  p
clknet_0_net530             1.80    0.018    0.000    0.0000      0.0000  p
clknet_0_net662             1.80    0.019    0.000    0.0000      0.0000  p
clknet_1_0__leaf_net309     1.80    0.008    1.000    0.0000      0.0000  p
clknet_1_0__leaf_net419     1.80    0.007    0.000    0.0000      0.0000  p
clknet_1_0__leaf_net421     1.80    0.010    0.000    0.0000      0.0000  p
clknet_1_0__leaf_net423     1.80    0.003    0.000    0.0000      0.0000  p
clknet_1_0__leaf_net433     1.80    0.007    0.000    0.0000      0.0000  p
clknet_1_0__leaf_net454     1.80    0.012    0.000    0.0000      0.0000  p
clknet_1_0__leaf_net455     1.80    0.017    0.000    0.0000      0.0000  p
clknet_1_0__leaf_net530     1.80    0.009    0.000    0.0000      0.0000  p
clknet_1_0__leaf_net662     1.80    0.002    0.000    0.0000      0.0000  p
clknet_1_1__leaf_net309     1.80    0.003    1.000    0.0000      0.0000  p
clknet_1_1__leaf_net419     1.80    0.006    0.000    0.0000      0.0000  p
clknet_1_1__leaf_net421     1.80    0.012    0.000    0.0000      0.0000  p
clknet_1_1__leaf_net423     1.80    0.005    0.000    0.0000      0.0000  p
clknet_1_1__leaf_net433     1.80    0.008    0.000    0.0000      0.0000  p
clknet_1_1__leaf_net454     1.80    0.012    0.000    0.0000      0.0000  p
clknet_1_1__leaf_net455     1.80    0.009    0.000    0.0000      0.0000  p
clknet_1_1__leaf_net530     1.80    0.006    0.000    0.0000      0.0000  p
clknet_1_1__leaf_net662     1.80    0.002    0.000    0.0000      0.0000  p
net119                      1.80    0.007    0.000    0.0000      0.0000  p
net120                      1.80    0.006    0.000    0.0000      0.0000  p
net121                      1.80    0.007    1.000    0.0000      0.0000  p
net158                      1.80    0.002    0.000    0.0000      0.0000  p
net159                      1.80    0.003    1.000    0.0000      0.0000  p
net171                      1.80    0.005    1.000    0.0000      0.0000  p
net176                      1.80    0.013    1.000    0.0000      0.0000  p
net187                      1.80    0.006    0.000    0.0000      0.0000  p
net207                      1.80    0.009    1.000    0.0000      0.0000  p
net224                      1.80    0.023    0.000    0.0000      0.0000  p
net229                      1.80    0.007    0.000    0.0000      0.0000  p
net235                      1.80    0.008    0.000    0.0000      0.0000  p
net266                      1.80    0.011    0.000    0.0000      0.0000  p
net267                      1.80    0.003    0.000    0.0000      0.0000  p
net268                      1.80    0.008    1.000    0.0000      0.0000  p
net271                      1.80    0.016    0.000    0.0000      0.0000  p
net274                      1.80    0.004    0.000    0.0000      0.0000  p
net275                      1.80    0.006    1.000    0.0000      0.0000  p
net276                      1.80    0.007    1.000    0.0000      0.0000  p
net279                      1.80    0.002    0.000    0.0000      0.0000  p
net290                      1.80    0.009    0.000    0.0000      0.0000  p
net293                      1.80    0.013    0.000    0.0000      0.0000  p
net295                      1.80    0.008    0.000    0.0000      0.0000  p
net296                      1.80    0.006    0.000    0.0000      0.0000  p
net297                      1.80    0.016    1.000    0.0000      0.0000  p
net299                      1.80    0.006    0.000    0.0000      0.0000  p
net300                      1.80    0.016    0.000    0.0000      0.0000  p
net301                      1.80    0.003    1.000    0.0000      0.0000  p
net302                      1.80    0.007    0.000    0.0000      0.0000  p
net303                      1.80    0.004    0.000    0.0000      0.0000  p
net306                      1.80    0.006    0.000    0.0000      0.0000  p
net307                      1.80    0.003    0.000    0.0000      0.0000  p
net309                      1.80    0.016    1.000    0.0000      0.0000  p
net310                      1.80    0.003    0.000    0.0000      0.0000  p
net312                      1.80    0.014    0.000    0.0000      0.0000  p
net313                      1.80    0.039    0.000    0.0000      0.0000  p
net314                      1.80    0.016    0.000    0.0000      0.0000  p
net315                      1.80    0.009    0.000    0.0000      0.0000  p
net317                      1.80    0.036    0.000    0.0000      0.0000  p
net318                      1.80    0.002    0.000    0.0000      0.0000  p
net319                      1.80    0.003    1.000    0.0000      0.0000  p
net320                      1.80    0.023    0.000    0.0000      0.0000  p
net321                      1.80    0.012    0.000    0.0000      0.0000  p
net322                      1.80    0.007    1.000    0.0000      0.0000  p
net323                      1.80    0.017    0.000    0.0000      0.0000  p
net326                      1.80    0.004    0.000    0.0000      0.0000  p
net329                      1.80    0.005    0.000    0.0000      0.0000  p
net359                      1.80    0.006    0.000    0.0000      0.0000  p
net360                      1.80    0.006    0.000    0.0000      0.0000  p
net368                      1.80    0.009    0.000    0.0000      0.0000  p
net372                      1.80    0.008    0.000    0.0000      0.0000  p
net373                      1.80    0.006    0.000    0.0000      0.0000  p
net375                      1.80    0.002    0.000    0.0000      0.0000  p
net377                      1.80    0.021    0.000    0.0000      0.0000  p
net378                      1.80    0.021    0.000    0.0000      0.0000  p
net379                      1.80    0.018    0.000    0.0000      0.0000  p
net380                      1.80    0.032    0.000    0.0000      0.0000  p
net381                      1.80    0.007    1.000    0.0000      0.0000  p
net382                      1.80    0.006    0.000    0.0000      0.0000  p
net383                      1.80    0.011    0.000    0.0000      0.0000  p
net384                      1.80    0.008    1.000    0.0000      0.0000  p
net385                      1.80    0.002    1.000    0.0000      0.0000  p
net386                      1.80    0.004    0.000    0.0000      0.0000  p
net387                      1.80    0.007    0.000    0.0000      0.0000  p
net388                      1.80    0.003    1.000    0.0000      0.0000  p
net389                      1.80    0.004    1.000    0.0000      0.0000  p
net390                      1.80    0.004    0.000    0.0000      0.0000  p
net391                      1.80    0.006    0.000    0.0000      0.0000  p
net392                      1.80    0.002    1.000    0.0000      0.0000  p
net393                      1.80    0.003    0.000    0.0000      0.0000  p
net394                      1.80    0.008    0.000    0.0000      0.0000  p
net396                      1.80    0.013    0.000    0.0000      0.0000  p
net399                      1.80    0.002    0.000    0.0000      0.0000  p
net400                      1.80    0.002    1.000    0.0000      0.0000  p
net401                      1.80    0.005    0.000    0.0000      0.0000  p
net402                      1.80    0.002    1.000    0.0000      0.0000  p
net403                      1.80    0.005    0.000    0.0000      0.0000  p
net419                      1.80    0.012    0.000    0.0000      0.0000  p
net421                      1.80    0.010    0.000    0.0000      0.0000  p
net423                      1.80    0.009    0.000    0.0000      0.0000  p
net430                      1.80    0.003    0.000    0.0000      0.0000  p
net431                      1.80    0.013    0.000    0.0000      0.0000  p
net432                      1.80    0.012    0.000    0.0000      0.0000  p
net433                      1.80    0.009    0.000    0.0000      0.0000  p
net434                      1.80    0.010    0.000    0.0000      0.0000  p
net435                      1.80    0.016    0.000    0.0000      0.0000  p
net437                      1.80    0.017    0.000    0.0000      0.0000  p
net438                      1.80    0.007    0.000    0.0000      0.0000  p
net439                      1.80    0.011    0.000    0.0000      0.0000  p
net440                      1.80    0.009    0.000    0.0000      0.0000  p
net441                      1.80    0.011    0.000    0.0000      0.0000  p
net442                      1.80    0.002    1.000    0.0000      0.0000  p
net443                      1.80    0.008    0.000    0.0000      0.0000  p
net444                      1.80    0.005    0.000    0.0000      0.0000  p
net445                      1.80    0.014    0.000    0.0000      0.0000  p
net446                      1.80    0.005    0.000    0.0000      0.0000  p
net448                      1.80    0.004    0.000    0.0000      0.0000  p
net449                      1.80    0.006    1.000    0.0000      0.0000  p
net450                      1.80    0.002    0.000    0.0000      0.0000  p
net451                      1.80    0.004    1.000    0.0000      0.0000  p
net452                      1.80    0.002    1.000    0.0000      0.0000  p
net453                      1.80    0.002    0.000    0.0000      0.0000  p
net454                      1.80    0.013    0.000    0.0000      0.0000  p
net455                      1.80    0.011    0.000    0.0000      0.0000  p
net456                      1.80    0.011    0.000    0.0000      0.0000  p
net457                      1.80    0.005    0.000    0.0000      0.0000  p
net458                      1.80    0.009    1.000    0.0000      0.0000  p
net462                      1.80    0.003    0.000    0.0000      0.0000  p
net475                      1.80    0.003    0.000    0.0000      0.0000  p
net476                      1.80    0.002    1.000    0.0000      0.0000  p
net479                      1.80    0.029    0.000    0.0000      0.0000  p
net480                      1.80    0.011    0.000    0.0000      0.0000  p
net481                      1.80    0.008    0.000    0.0000      0.0000  p
net482                      1.80    0.019    0.000    0.0000      0.0000  p
net483                      1.80    0.007    0.000    0.0000      0.0000  p
net486                      1.80    0.005    0.000    0.0000      0.0000  p
net487                      1.80    0.012    0.000    0.0000      0.0000  p
net488                      1.80    0.005    0.000    0.0000      0.0000  p
net489                      1.80    0.018    0.000    0.0000      0.0000  p
net490                      1.80    0.017    0.000    0.0000      0.0000  p
net491                      1.80    0.005    1.000    0.0000      0.0000  p
net492                      1.80    0.008    0.000    0.0000      0.0000  p
net493                      1.80    0.008    0.000    0.0000      0.0000  p
net494                      1.80    0.014    0.000    0.0000      0.0000  p
net495                      1.80    0.004    1.000    0.0000      0.0000  p
net500                      1.80    0.005    0.000    0.0000      0.0000  p
net501                      1.80    0.020    0.000    0.0000      0.0000  p
net502                      1.80    0.015    0.000    0.0000      0.0000  p
net503                      1.80    0.002    0.000    0.0000      0.0000  p
net504                      1.80    0.022    0.000    0.0000      0.0000  p
net505                      1.80    0.017    0.000    0.0000      0.0000  p
net506                      1.80    0.022    0.000    0.0000      0.0000  p
net507                      1.80    0.005    0.000    0.0000      0.0000  p
net508                      1.80    0.006    0.000    0.0000      0.0000  p
net509                      1.80    0.002    1.000    0.0000      0.0000  p
net510                      1.80    0.002    0.000    0.0000      0.0000  p
net511                      1.80    0.005    0.000    0.0000      0.0000  p
net512                      1.80    0.004    1.000    0.0000      0.0000  p
net513                      1.80    0.019    0.000    0.0000      0.0000  p
net514                      1.80    0.003    0.000    0.0000      0.0000  p
net515                      1.80    0.003    0.000    0.0000      0.0000  p
net517                      1.80    0.003    0.000    0.0000      0.0000  p
net518                      1.80    0.004    0.000    0.0000      0.0000  p
net519                      1.80    0.002    0.000    0.0000      0.0000  p
net520                      1.80    0.003    0.000    0.0000      0.0000  p
net521                      1.80    0.002    0.000    0.0000      0.0000  p
net522                      1.80    0.005    0.000    0.0000      0.0000  p
net523                      1.80    0.002    0.000    0.0000      0.0000  p
net524                      1.80    0.019    0.000    0.0000      0.0000  p
net527                      1.80    0.017    0.000    0.0000      0.0000  p
net528                      1.80    0.008    0.000    0.0000      0.0000  p
net529                      1.80    0.005    0.000    0.0000      0.0000  p
net530                      1.80    0.013    0.000    0.0000      0.0000  p
net531                      1.80    0.021    0.000    0.0000      0.0000  p
net532                      1.80    0.004    0.000    0.0000      0.0000  p
net533                      1.80    0.020    0.000    0.0000      0.0000  p
net534                      1.80    0.019    1.000    0.0000      0.0000  p
net535                      1.80    0.010    0.000    0.0000      0.0000  p
net536                      1.80    0.002    0.000    0.0000      0.0000  p
net537                      1.80    0.002    0.000    0.0000      0.0000  p
net538                      1.80    0.003    1.000    0.0000      0.0000  p
net539                      1.80    0.004    0.000    0.0000      0.0000  p
net546                      1.80    0.022    0.000    0.0000      0.0000  p
net547                      1.80    0.020    0.000    0.0000      0.0000  p
net548                      1.80    0.008    0.000    0.0000      0.0000  p
net549                      1.80    0.002    0.000    0.0000      0.0000  p
net550                      1.80    0.015    0.000    0.0000      0.0000  p
net551                      1.80    0.008    0.000    0.0000      0.0000  p
net552                      1.80    0.009    0.000    0.0000      0.0000  p
net553                      1.80    0.021    0.000    0.0000      0.0000  p
net554                      1.80    0.014    0.000    0.0000      0.0000  p
net555                      1.80    0.012    0.000    0.0000      0.0000  p
net556                      1.80    0.010    1.000    0.0000      0.0000  p
net557                      1.80    0.006    0.000    0.0000      0.0000  p
net558                      1.80    0.013    0.000    0.0000      0.0000  p
net559                      1.80    0.003    1.000    0.0000      0.0000  p
net560                      1.80    0.009    0.000    0.0000      0.0000  p
net561                      1.80    0.002    0.000    0.0000      0.0000  p
net563                      1.80    0.009    1.000    0.0000      0.0000  p
net564                      1.80    0.013    1.000    0.0000      0.0000  p
net565                      1.80    0.003    0.000    0.0000      0.0000  p
net566                      1.80    0.002    0.000    0.0000      0.0000  p
net567                      1.80    0.003    1.000    0.0000      0.0000  p
net568                      1.80    0.002    1.000    0.0000      0.0000  p
net570                      1.80    0.007    0.000    0.0000      0.0000  p
net573                      1.80    0.009    0.000    0.0000      0.0000  p
net574                      1.80    0.021    0.000    0.0000      0.0000  p
net576                      1.80    0.004    0.000    0.0000      0.0000  p
net577                      1.80    0.010    0.000    0.0000      0.0000  p
net578                      1.80    0.008    0.000    0.0000      0.0000  p
net581                      1.80    0.010    0.000    0.0000      0.0000  p
net583                      1.80    0.007    0.000    0.0000      0.0000  p
net585                      1.80    0.005    0.000    0.0000      0.0000  p
net586                      1.80    0.003    1.000    0.0000      0.0000  p
net589                      1.80    0.003    0.000    0.0000      0.0000  p
net595                      1.80    0.003    0.000    0.0000      0.0000  p
net596                      1.80    0.003    1.000    0.0000      0.0000  p
net601                      1.80    0.006    1.000    0.0000      0.0000  p
net606                      1.80    0.002    0.000    0.0000      0.0000  p
net624                      1.80    0.005    0.000    0.0000      0.0000  p
net626                      1.80    0.003    0.000    0.0000      0.0000  p
net627                      1.80    0.005    0.000    0.0000      0.0000  p
net629                      1.80    0.003    1.000    0.0000      0.0000  p
net630                      1.80    0.003    0.000    0.0000      0.0000  p
net662                      1.80    0.008    0.000    0.0000      0.0000  p
net667                      1.80    0.008    0.000    0.0000      0.0000  p
net670                      1.80    0.007    0.000    0.0000      0.0000  p
net677                      1.80    0.003    0.000    0.0000      0.0000  p
net683                      1.80    0.004    0.000    0.0000      0.0000  p
net685                      1.80    0.009    0.000    0.0000      0.0000  p
net686                      1.80    0.016    0.000    0.0000      0.0000  p
net688                      1.80    0.009    0.000    0.0000      0.0000  p
net693                      1.80    0.002    0.000    0.0000      0.0000  p
net793                      1.80    0.003    1.000    0.0000      0.0000  p
net802                      1.80    0.011    0.000    0.0000      0.0000  p
net805                      1.80    0.022    0.000    0.0000      0.0000  p
net813                      1.80    0.029    0.000    0.0000      0.0000  p
net824                      1.80    0.009    0.000    0.0000      0.0000  p
net828                      1.80    0.004    0.000    0.0000      0.0000  p
net831                      1.80    0.010    0.000    0.0000      0.0000  p
net837                      1.80    0.005    0.000    0.0000      0.0000  p
net838                      1.80    0.004    0.000    0.0000      0.0000  p
net843                      1.80    0.002    0.000    0.0000      0.0000  p
net846                      1.80    0.002    0.000    0.0000      0.0000  p
net849                      1.80    0.006    0.000    0.0000      0.0000  p
net851                      1.80    0.002    0.000    0.0000      0.0000  p
net854                      1.80    0.005    0.000    0.0000      0.0000  p
net860                      1.80    0.003    0.000    0.0000      0.0000  p
net867                      1.80    0.006    0.000    0.0000      0.0000  p
net872                      1.80    0.004    0.000    0.0000      0.0000  p
net873                      1.80    0.005    1.000    0.0000      0.0000  p
net877                      1.80    0.011    1.000    0.0000      0.0000  p
net882                      1.80    0.002    1.000    0.0000      0.0000  p
net890                      1.80    0.003    0.000    0.0000      0.0000  p
net894                      1.80    0.002    0.000    0.0000      0.0000  p
net898                      1.80    0.003    1.000    0.0000      0.0000  p
net901                      1.80    0.002    0.000    0.0000      0.0000  p
net904                      1.80    0.003    0.000    0.0000      0.0000  p
net906                      1.80    0.003    0.000    0.0000      0.0000  p
net914                      1.80    0.003    0.000    0.0000      0.0000  p
net915                      1.80    0.002    0.000    0.0000      0.0000  p
net918                      1.80    0.003    0.000    0.0000      0.0000  p
net919                      1.80    0.002    0.000    0.0000      0.0000  p
net922                      1.80    0.002    0.000    0.0000      0.0000  p
out23                       1.80    0.001    1.000    0.0000      0.0000  p
out47                       1.80    0.002    0.000    0.0000      0.0000  p
out54                       1.80    0.002    0.000    0.0000      0.0000  p
out83                       1.80    0.001    0.000    0.0000      0.0000  p
--------------------------------------------------------------------------------
Total (1092 nets)                                              5.828e-04 Watt



                                      Int      Switch   Leak      Total
Hierarchy                             Power    Power    Power     Power    %
--------------------------------------------------------------------------------
netlist_0                             1.37e-03 5.83e-04 6.95e-09  1.95e-03 100.0
1
