Information: Derived library resistance unit is 1.000000 Kohm (Time unit is 1 ns, and Capacitance unit is 1.000000 pF). (DES-028)
Warning: Detected semantically incorrect SPEF in coupling section. (PARA-098)
Warning: Coupling capacitor (in1:13 in15:9 0) on net in15 is discarded because the value cannot be <= 0 (PARA-040)
Warning: Coupling capacitor (in22:11 in23:13 0) on net in23 is discarded because the value cannot be <= 0 (PARA-040)
Warning: Coupling capacitor (out1 out10 0) on net out10 is discarded because the value cannot be <= 0 (PARA-040)
Warning: Coupling capacitor (clkbuf_1_1__f_net187/A clkbuf_1_0__f_net188/A 0) on net clknet_0_net188 is discarded because the value cannot be <= 0 (PARA-040)
Warning: Coupling capacitor (clkbuf_1_1__f_net187/A clkbuf_1_1__f_net188/A 0) on net clknet_0_net188 is discarded because the value cannot be <= 0 (PARA-040)
Warning: Coupling capacitor (clkbuf_1_1__f_net187/A clkbuf_1_0__f_net190/A 0) on net clknet_0_net190 is discarded because the value cannot be <= 0 (PARA-040)
Warning: Coupling capacitor (clkbuf_1_1__f_net187/A clkbuf_1_1__f_net190/A 0) on net clknet_0_net190 is discarded because the value cannot be <= 0 (PARA-040)
Warning: Coupling capacitor (clknet_0_clk:44 clkbuf_1_1__f_net284/A 0) on net clknet_0_net284 is discarded because the value cannot be <= 0 (PARA-040)
Warning: Coupling capacitor (clkbuf_1_0__f_net726/A clkbuf_1_0__f_net730/A 0) on net clknet_0_net730 is discarded because the value cannot be <= 0 (PARA-040)
Warning: Coupling capacitor (clkbuf_1_0__f_net185/A c197/GATE 0) on net clknet_1_0__leaf_net185 is discarded because the value cannot be <= 0 (PARA-040)
Warning: Coupling capacitor (clkbuf_1_1__f_net185/A c197/GATE 0) on net clknet_1_0__leaf_net185 is discarded because the value cannot be <= 0 (PARA-040)
Warning: Coupling capacitor (c204/C_N c206/RESET_B 0) on net clknet_1_0__leaf_net191 is discarded because the value cannot be <= 0 (PARA-040)
Warning: Coupling capacitor (clknet_1_0__leaf_net183:10 c206/RESET_B 0) on net clknet_1_0__leaf_net191 is discarded because the value cannot be <= 0 (PARA-040)
Warning: Coupling capacitor (clknet_1_0__leaf_net183:30 c202/SCD 0) on net clknet_1_0__leaf_net191 is discarded because the value cannot be <= 0 (PARA-040)
Warning: Coupling capacitor (clknet_1_0__leaf_net183:30 c206/RESET_B 0) on net clknet_1_0__leaf_net191 is discarded because the value cannot be <= 0 (PARA-040)
Warning: Coupling capacitor (clkbuf_1_0__f_net252/A c258/A 0) on net clknet_1_0__leaf_net251 is discarded because the value cannot be <= 0 (PARA-040)
Warning: Coupling capacitor (clkbuf_1_0__f_net252/A c267/A 0) on net clknet_1_0__leaf_net251 is discarded because the value cannot be <= 0 (PARA-040)
Warning: Coupling capacitor (clkbuf_1_1__f_net251/A c269/D 0) on net clknet_1_0__leaf_net264 is discarded because the value cannot be <= 0 (PARA-040)
Warning: Coupling capacitor (clkbuf_1_0__f_net278/A clknet_1_0__leaf_net278:8 0) on net clknet_1_0__leaf_net278 is discarded because the value cannot be <= 0 (PARA-040)
Warning: Coupling capacitor (clknet_1_0__leaf_net278:8 c288/SCE 0) on net clknet_1_0__leaf_net285 is discarded because the value cannot be <= 0 (PARA-040)
Warning: Coupling capacitor (clkbuf_1_1__f_net194/A c316/D 0) on net clknet_1_0__leaf_net319 is discarded because the value cannot be <= 0 (PARA-040)
Warning: Coupling capacitor (clkbuf_1_1__f_net519/A c512/A 0) on net clknet_1_0__leaf_net524 is discarded because the value cannot be <= 0 (PARA-040)
Warning: Coupling capacitor (c511/B c515/B 0) on net clknet_1_0__leaf_net525 is discarded because the value cannot be <= 0 (PARA-040)
Warning: Coupling capacitor (c511/B c522/SCE 0) on net clknet_1_0__leaf_net530 is discarded because the value cannot be <= 0 (PARA-040)
Warning: Coupling capacitor (c511/B clknet_1_0__leaf_net530:20 0) on net clknet_1_0__leaf_net530 is discarded because the value cannot be <= 0 (PARA-040)
Warning: Coupling capacitor (clkbuf_1_0__f_net724/A c724/S1 0) on net clknet_1_0__leaf_net709 is discarded because the value cannot be <= 0 (PARA-040)
Warning: Coupling capacitor (clkbuf_1_0__f_net724/A clknet_1_0__leaf_net709:10 0) on net clknet_1_0__leaf_net709 is discarded because the value cannot be <= 0 (PARA-040)
Warning: Coupling capacitor (c720/B c717/C 0) on net clknet_1_0__leaf_net725 is discarded because the value cannot be <= 0 (PARA-040)
Warning: Coupling capacitor (clkbuf_1_0__f_net724/A c717/C 0) on net clknet_1_0__leaf_net725 is discarded because the value cannot be <= 0 (PARA-040)
Warning: Coupling capacitor (clkbuf_1_0__f_net724/A clknet_1_0__leaf_net725:8 0) on net clknet_1_0__leaf_net725 is discarded because the value cannot be <= 0 (PARA-040)
Warning: Coupling capacitor (clkbuf_1_0__f_net726/A clknet_1_0__leaf_net727:10 0) on net clknet_1_0__leaf_net727 is discarded because the value cannot be <= 0 (PARA-040)
Warning: Coupling capacitor (c730/A0 clknet_1_0__leaf_net730:10 0) on net clknet_1_0__leaf_net730 is discarded because the value cannot be <= 0 (PARA-040)
Warning: Coupling capacitor (clknet_1_0__leaf_net727:10 c723/A 0) on net clknet_1_0__leaf_net730 is discarded because the value cannot be <= 0 (PARA-040)
Warning: Coupling capacitor (clknet_1_0__leaf_net727:10 clknet_1_0__leaf_net730:10 0) on net clknet_1_0__leaf_net730 is discarded because the value cannot be <= 0 (PARA-040)
Warning: Coupling capacitor (c721/SCE c724/S0 0) on net clknet_1_0__leaf_net733 is discarded because the value cannot be <= 0 (PARA-040)
Warning: Coupling capacitor (c723/A c724/S0 0) on net clknet_1_0__leaf_net733 is discarded because the value cannot be <= 0 (PARA-040)
Warning: Coupling capacitor (c723/A c726/D 0) on net clknet_1_0__leaf_net733 is discarded because the value cannot be <= 0 (PARA-040)
Warning: Coupling capacitor (clknet_1_0__leaf_net727:10 c724/S0 0) on net clknet_1_0__leaf_net733 is discarded because the value cannot be <= 0 (PARA-040)
Warning: Coupling capacitor (clkbuf_1_0__f_net252/A c254/B 0) on net clknet_1_0__leaf_net779 is discarded because the value cannot be <= 0 (PARA-040)
Warning: Coupling capacitor (clknet_1_0__leaf_net248:10 c254/B 0) on net clknet_1_0__leaf_net779 is discarded because the value cannot be <= 0 (PARA-040)
Warning: Coupling capacitor (clkbuf_1_0__f_net188/A c205/SCE 0) on net clknet_1_1__leaf_net183 is discarded because the value cannot be <= 0 (PARA-040)
Warning: Coupling capacitor (clkbuf_1_0__f_net190/A c201/B 0) on net clknet_1_1__leaf_net183 is discarded because the value cannot be <= 0 (PARA-040)
Warning: Coupling capacitor (clkbuf_1_1__f_net190/A c205/SCE 0) on net clknet_1_1__leaf_net183 is discarded because the value cannot be <= 0 (PARA-040)
Warning: Coupling capacitor (clkbuf_1_1__f_net187/A c209/D 0) on net clknet_1_1__leaf_net188 is discarded because the value cannot be <= 0 (PARA-040)
Warning: Coupling capacitor (clkbuf_1_1__f_net194/A c317/B 0) on net clknet_1_1__leaf_net194 is discarded because the value cannot be <= 0 (PARA-040)
Warning: Coupling capacitor (clknet_0_clk:44 c382/SCE 0) on net clknet_1_1__leaf_net256 is discarded because the value cannot be <= 0 (PARA-040)
Warning: Coupling capacitor (c290/SCE c284/A 0) on net clknet_1_1__leaf_net278 is discarded because the value cannot be <= 0 (PARA-040)
Warning: Coupling capacitor (clknet_1_0__leaf_net284:21 c284/A 0) on net clknet_1_1__leaf_net278 is discarded because the value cannot be <= 0 (PARA-040)
Warning: Coupling capacitor (clkbuf_1_1__f_net308/A c304/GATE 0) on net clknet_1_1__leaf_net303 is discarded because the value cannot be <= 0 (PARA-040)
Warning: Coupling capacitor (clkbuf_1_1__f_net318/A c314/C 0) on net clknet_1_1__leaf_net306 is discarded because the value cannot be <= 0 (PARA-040)
Warning: Coupling capacitor (c333/S0 clknet_1_1__leaf_net321:8 0) on net clknet_1_1__leaf_net321 is discarded because the value cannot be <= 0 (PARA-040)
Warning: Coupling capacitor (c333/S0 clknet_1_1__leaf_net321:14 0) on net clknet_1_1__leaf_net321 is discarded because the value cannot be <= 0 (PARA-040)
Warning: Coupling capacitor (c511/B c513/B 0) on net clknet_1_1__leaf_net519 is discarded because the value cannot be <= 0 (PARA-040)
Warning: Coupling capacitor (clkbuf_1_0__f_net523/A c513/B 0) on net clknet_1_1__leaf_net519 is discarded because the value cannot be <= 0 (PARA-040)
Warning: Coupling capacitor (clkbuf_1_0__f_net523/A clknet_1_1__leaf_net519:27 0) on net clknet_1_1__leaf_net519 is discarded because the value cannot be <= 0 (PARA-040)
Warning: Coupling capacitor (clkbuf_1_0__f_net524/A c518/SET_B 0) on net clknet_1_1__leaf_net519 is discarded because the value cannot be <= 0 (PARA-040)
Warning: Coupling capacitor (clkbuf_1_1__f_net519/A clknet_1_1__leaf_net519:12 0) on net clknet_1_1__leaf_net519 is discarded because the value cannot be <= 0 (PARA-040)
Warning: Coupling capacitor (clkbuf_1_1__f_net519/A clknet_1_1__leaf_net519:27 0) on net clknet_1_1__leaf_net519 is discarded because the value cannot be <= 0 (PARA-040)
Warning: Coupling capacitor (clkbuf_1_1__f_net523/A clknet_1_1__leaf_net519:27 0) on net clknet_1_1__leaf_net519 is discarded because the value cannot be <= 0 (PARA-040)
Warning: Coupling capacitor (c511/B c507/A 0) on net clknet_1_1__leaf_net520 is discarded because the value cannot be <= 0 (PARA-040)
Warning: Coupling capacitor (clknet_1_0__leaf_net519:10 c507/A 0) on net clknet_1_1__leaf_net520 is discarded because the value cannot be <= 0 (PARA-040)
Warning: Coupling capacitor (clknet_1_1__leaf_net519:12 c512/B 0) on net clknet_1_1__leaf_net523 is discarded because the value cannot be <= 0 (PARA-040)
Warning: Coupling capacitor (clkbuf_1_1__f_net523/A c514/RESET_B 0) on net clknet_1_1__leaf_net524 is discarded because the value cannot be <= 0 (PARA-040)
Warning: Coupling capacitor (clkbuf_1_0__f_net519/A c513/A 0) on net clknet_1_1__leaf_net525 is discarded because the value cannot be <= 0 (PARA-040)
Warning: Coupling capacitor (clkbuf_1_0__f_net525/A c513/A 0) on net clknet_1_1__leaf_net525 is discarded because the value cannot be <= 0 (PARA-040)
Warning: Coupling capacitor (clkbuf_1_1__f_net519/A c513/A 0) on net clknet_1_1__leaf_net525 is discarded because the value cannot be <= 0 (PARA-040)
Warning: Coupling capacitor (clkbuf_1_1__f_net714/A c706/S0 0) on net clknet_1_1__leaf_net710 is discarded because the value cannot be <= 0 (PARA-040)
Warning: Coupling capacitor (c724/S1 clknet_1_1__leaf_net721:14 0) on net clknet_1_1__leaf_net721 is discarded because the value cannot be <= 0 (PARA-040)
Warning: Coupling capacitor (clknet_1_0__leaf_net709:10 c719/D 0) on net clknet_1_1__leaf_net724 is discarded because the value cannot be <= 0 (PARA-040)
Warning: Coupling capacitor (c724/S1 c718/B 0) on net clknet_1_1__leaf_net726 is discarded because the value cannot be <= 0 (PARA-040)
Warning: Coupling capacitor (clknet_1_0__leaf_net709:10 clknet_1_1__leaf_net727:12 0) on net clknet_1_1__leaf_net727 is discarded because the value cannot be <= 0 (PARA-040)
Warning: Coupling capacitor (c721/SCE c722/SCD 0) on net clknet_1_1__leaf_net730 is discarded because the value cannot be <= 0 (PARA-040)
Warning: Coupling capacitor (c206/SCD clknet_2_0__leaf_clk:167 0) on net clknet_2_0__leaf_clk is discarded because the value cannot be <= 0 (PARA-040)
Warning: Coupling capacitor (clkbuf_1_1__f_net186/A clknet_2_0__leaf_clk:197 0) on net clknet_2_0__leaf_clk is discarded because the value cannot be <= 0 (PARA-040)
Warning: Coupling capacitor (clknet_0_clk:24 clknet_2_0__leaf_clk:167 0) on net clknet_2_0__leaf_clk is discarded because the value cannot be <= 0 (PARA-040)
Warning: Coupling capacitor (clknet_1_0__leaf_net183:30 clknet_2_0__leaf_clk:167 0) on net clknet_2_0__leaf_clk is discarded because the value cannot be <= 0 (PARA-040)
Warning: Coupling capacitor (clknet_1_0__leaf_net183:30 clknet_2_0__leaf_clk:178 0) on net clknet_2_0__leaf_clk is discarded because the value cannot be <= 0 (PARA-040)
Warning: Coupling capacitor (clknet_1_0__leaf_net186:24 clknet_2_0__leaf_clk:167 0) on net clknet_2_0__leaf_clk is discarded because the value cannot be <= 0 (PARA-040)
Warning: Coupling capacitor (c509/A clknet_2_1__leaf_clk:189 0) on net clknet_2_1__leaf_clk is discarded because the value cannot be <= 0 (PARA-040)
Warning: Coupling capacitor (c519/RESET_B clknet_2_1__leaf_clk:205 0) on net clknet_2_1__leaf_clk is discarded because the value cannot be <= 0 (PARA-040)
Warning: Coupling capacitor (clkbuf_1_0__f_net285/A clkbuf_leaf_1_clk/A 0) on net clknet_2_1__leaf_clk is discarded because the value cannot be <= 0 (PARA-040)
Warning: Coupling capacitor (clknet_0_clk:44 clknet_2_1__leaf_clk:16 0) on net clknet_2_1__leaf_clk is discarded because the value cannot be <= 0 (PARA-040)
Warning: Coupling capacitor (c731/A3 clkbuf_leaf_16_clk/A 0) on net clknet_2_3__leaf_clk is discarded because the value cannot be <= 0 (PARA-040)
Warning: Coupling capacitor (clknet_0_clk:24 clknet_leaf_0_clk:12 0) on net clknet_leaf_0_clk is discarded because the value cannot be <= 0 (PARA-040)
Warning: Coupling capacitor (clknet_2_0__leaf_clk:223 clknet_leaf_0_clk:12 0) on net clknet_leaf_0_clk is discarded because the value cannot be <= 0 (PARA-040)
Warning: Coupling capacitor (c550/SCD c550/CLK 0) on net clknet_leaf_10_clk is discarded because the value cannot be <= 0 (PARA-040)
Warning: Coupling capacitor (clknet_1_0__leaf_net521:24 c544/CLK 0) on net clknet_leaf_10_clk is discarded because the value cannot be <= 0 (PARA-040)
Warning: Coupling capacitor (c522/SET_B c543/CLK 0) on net clknet_leaf_11_clk is discarded because the value cannot be <= 0 (PARA-040)
Warning: Coupling capacitor (clknet_1_0__leaf_net521:24 c543/CLK 0) on net clknet_leaf_11_clk is discarded because the value cannot be <= 0 (PARA-040)
Warning: Coupling capacitor (c706/S0 s771/CLK 0) on net clknet_leaf_14_clk is discarded because the value cannot be <= 0 (PARA-040)
Warning: Coupling capacitor (clkbuf_1_1__f_net714/A s772/CLK 0) on net clknet_leaf_14_clk is discarded because the value cannot be <= 0 (PARA-040)
Warning: Coupling capacitor (c721/SCE c722/CLK 0) on net clknet_leaf_15_clk is discarded because the value cannot be <= 0 (PARA-040)
Warning: Coupling capacitor (clkbuf_1_1__f_net730/A c722/CLK 0) on net clknet_leaf_15_clk is discarded because the value cannot be <= 0 (PARA-040)
Warning: Coupling capacitor (clknet_2_3__leaf_clk:38 c726/CLK_N 0) on net clknet_leaf_17_clk is discarded because the value cannot be <= 0 (PARA-040)
Warning: Coupling capacitor (clknet_2_3__leaf_clk:42 c726/CLK_N 0) on net clknet_leaf_17_clk is discarded because the value cannot be <= 0 (PARA-040)
Warning: Coupling capacitor (clknet_2_3__leaf_clk:42 clknet_leaf_17_clk:52 0) on net clknet_leaf_17_clk is discarded because the value cannot be <= 0 (PARA-040)
Warning: Coupling capacitor (clkbuf_leaf_18_clk/A clknet_leaf_18_clk:82 0) on net clknet_leaf_18_clk is discarded because the value cannot be <= 0 (PARA-040)
Warning: Coupling capacitor (c304/GATE c304/CLK 0) on net clknet_leaf_1_clk is discarded because the value cannot be <= 0 (PARA-040)
Warning: Coupling capacitor (c308/RESET_B c306/CLK 0) on net clknet_leaf_1_clk is discarded because the value cannot be <= 0 (PARA-040)
Warning: Coupling capacitor (clkbuf_1_0__f_net285/A clknet_leaf_1_clk:64 0) on net clknet_leaf_1_clk is discarded because the value cannot be <= 0 (PARA-040)
Note - message 'PARA-040' default limit (100) exceeded.  Remainder will be suppressed.
Warning: Net 'net23' is multi-driven. (DES-023)
Warning: Net 'net247' is multi-driven. (DES-023)
Warning: Net 'net632' is multi-driven. (DES-023)

****************************************
Report : read_parasitics /nas/ei/home/ge78pav/TM_power/TM_openlane/TM_openlane_single_min/TM_openlane_min_ios/TM_openlane_min_ios_min/netlist_0/low/spef/netlist_0.nom.spef
Design : netlist_0
Version: Q-2019.12-SP1
Date   : Wed Aug 21 15:28:58 2024
****************************************

        0 error(s)
        Format is SPEF
        Annotated nets                   :         1220
        Annotated capacitances           :         5336
        Annotated resistances            :         4116
        Reduced coupling capacitances    :         5876
        Annotated PI models              :            0
        Annotated Elmore delays          :            0

