****************************************
Report : Averaged Power
	-net_power
	-hierarchy
	-sort_by net_switching_power
	-power_greater_than       0
	-nosplit
Design : netlist_0
Version: Q-2019.12-SP1
Date   : Tue Jul 30 01:30:54 2024
****************************************



  Attributes
  ----------
      a  -  Switching activity information / Switching power information annotated on net
      p  -  Propagated switching activity information on net
      d  -  Default switching activity used on net
      u  -  Net switching activity uninitialized
      m  -  Net is driven by multiple pins
      b  -  Net is a primary input (boundary net)

		Toggle rates reported with respect to time unit 1ns
--------------------------------------------------------------------------------
                                  Total      Static   Toggle   Switching
Net                         Vdd   Net Load   Prob.    Rate     Power      Attrs
--------------------------------------------------------------------------------
clknet_0_clk                1.80    0.203    0.500    0.1000   3.281e-05  a
net3                        1.80    0.083    0.501    0.1915   2.587e-05  p
net101                      1.80    0.104    0.130    0.1125   1.898e-05  p
net843                      1.80    0.111    0.500    0.1000   1.795e-05  a
net818                      1.80    0.105    0.500    0.1000   1.699e-05  a
net938                      1.80    0.105    0.155    0.0954   1.627e-05  p
net817                      1.80    0.100    0.500    0.1000   1.613e-05  a
net808                      1.80    0.098    0.500    0.1000   1.595e-05  a
net835                      1.80    0.090    0.500    0.1000   1.457e-05  a
net816                      1.80    0.089    0.500    0.1000   1.445e-05  a
net869                      1.80    0.092    0.155    0.0954   1.416e-05  p
net832                      1.80    0.078    0.500    0.1000   1.268e-05  a
clknet_4_14_0_clk           1.80    0.076    0.500    0.1000   1.233e-05  a
clknet_4_13_0_clk           1.80    0.075    0.500    0.1000   1.213e-05  a
net860                      1.80    0.074    0.500    0.1000   1.199e-05  a
clknet_4_4_0_clk            1.80    0.072    0.500    0.1000   1.172e-05  a
net839                      1.80    0.071    0.500    0.1000   1.155e-05  a
net838                      1.80    0.068    0.500    0.1000   1.105e-05  a
clknet_4_6_0_clk            1.80    0.067    0.500    0.1000   1.077e-05  a
net851                      1.80    0.064    0.500    0.1000   1.043e-05  a
net857                      1.80    0.062    0.500    0.1000   9.996e-06  a
clknet_4_3_0_clk            1.80    0.061    0.500    0.1000   9.960e-06  a
net821                      1.80    0.060    0.500    0.1000   9.701e-06  a
clknet_4_12_0_clk           1.80    0.060    0.500    0.1000   9.655e-06  a
clknet_4_2_0_clk            1.80    0.059    0.500    0.1000   9.615e-06  a
net960                      1.80    0.062    0.246    0.0935   9.352e-06  p
net806                      1.80    0.056    0.500    0.1000   9.048e-06  a
net27                       1.80    0.057    0.247    0.0971   9.014e-06  p
clknet_4_7_0_clk            1.80    0.054    0.500    0.1000   8.695e-06  a
clknet_4_8_0_clk            1.80    0.049    0.500    0.1000   8.016e-06  a
net522                      1.80    0.068    0.125    0.0723   7.932e-06  p
net64                       1.80    0.066    0.126    0.0731   7.851e-06  p
net868                      1.80    0.101    0.062    0.0476   7.762e-06  p
net149                      1.80    0.049    0.249    0.0977   7.726e-06  p
net1                        1.80    0.025    0.502    0.1859   7.627e-06  p
net812                      1.80    0.047    0.500    0.1000   7.577e-06  a
net807                      1.80    0.047    0.500    0.1000   7.548e-06  a
net918                      1.80    0.047    0.251    0.0985   7.526e-06  p
net940                      1.80    0.037    0.035    0.1252   7.496e-06  p
clknet_4_0_0_clk            1.80    0.046    0.500    0.1000   7.442e-06  a
clknet_4_1_0_clk            1.80    0.046    0.500    0.1000   7.395e-06  a
clknet_4_15_0_clk           1.80    0.045    0.500    0.1000   7.283e-06  a
clknet_4_11_0_clk           1.80    0.045    0.500    0.1000   7.271e-06  a
net865                      1.80    0.045    0.500    0.1000   7.218e-06  a
net200                      1.80    0.033    0.581    0.1338   7.199e-06  p
net401                      1.80    0.061    0.125    0.0723   7.153e-06  p
net914                      1.80    0.045    0.493    0.0969   7.053e-06  p
net17                       1.80    0.046    0.246    0.0935   7.033e-06  p
clknet_4_5_0_clk            1.80    0.043    0.500    0.1000   6.930e-06  a
net66                       1.80    0.059    0.125    0.0723   6.889e-06  p
net813                      1.80    0.042    0.500    0.1000   6.801e-06  a
clknet_4_9_0_clk            1.80    0.041    0.500    0.1000   6.714e-06  a
net18                       1.80    0.040    0.252    0.1006   6.598e-06  p
net955                      1.80    0.032    0.157    0.1240   6.467e-06  p
net36                       1.80    0.048    0.096    0.0822   6.446e-06  p
net39                       1.80    0.023    0.788    0.1699   6.350e-06  p
net836                      1.80    0.039    0.500    0.1000   6.289e-06  a
net809                      1.80    0.038    0.500    0.1000   6.220e-06  a
net42                       1.80    0.043    0.098    0.0854   5.938e-06  p
net628                      1.80    0.037    0.500    0.1000   5.935e-06  a
net2                        1.80    0.018    0.499    0.1993   5.715e-06  p
net239                      1.80    0.048    0.130    0.0741   5.705e-06  p
net856                      1.80    0.035    0.500    0.1000   5.654e-06  a
net82                       1.80    0.049    0.123    0.0712   5.641e-06  p
net951                      1.80    0.035    0.242    0.0957   5.476e-06  p
net814                      1.80    0.034    0.500    0.1000   5.453e-06  a
clknet_4_10_0_clk           1.80    0.033    0.500    0.1000   5.395e-06  a
net824                      1.80    0.033    0.500    0.1000   5.351e-06  a
net93                       1.80    0.069    0.062    0.0473   5.317e-06  p
net858                      1.80    0.032    0.500    0.1000   5.205e-06  a
net416                      1.80    0.076    0.064    0.0418   5.137e-06  p
net947                      1.80    0.079    0.816    0.0400   5.130e-06  p
net188                      1.80    0.066    0.062    0.0476   5.065e-06  p
net14                       1.80    0.032    0.242    0.0957   5.023e-06  p
net805                      1.80    0.030    0.500    0.1000   4.812e-06  a
net849                      1.80    0.030    0.500    0.1000   4.798e-06  a
net403                      1.80    0.054    0.167    0.0532   4.679e-06  p
net944                      1.80    0.072    0.816    0.0400   4.653e-06  p
net110                      1.80    0.040    0.063    0.0723   4.637e-06  p
net84                       1.80    0.026    0.487    0.1072   4.555e-06  p
net950                      1.80    0.030    0.246    0.0935   4.515e-06  p
net885                      1.80    0.048    0.226    0.0577   4.445e-06  p
net11                       1.80    0.016    0.649    0.1705   4.397e-06  p
net61                       1.80    0.028    0.252    0.0973   4.387e-06  p
net422                      1.80    0.051    0.385    0.0527   4.345e-06  p
net49                       1.80    0.023    0.196    0.1157   4.328e-06  p
net949                      1.80    0.095    0.032    0.0280   4.308e-06  p
net942                      1.80    0.048    0.903    0.0554   4.285e-06  p
net830                      1.80    0.026    0.500    0.1000   4.150e-06  a
net62                       1.80    0.026    0.253    0.0990   4.123e-06  p
net546                      1.80    0.065    0.817    0.0393   4.103e-06  p
net850                      1.80    0.025    0.500    0.1000   4.058e-06  a
net684                      1.80    0.014    0.260    0.1851   4.058e-06  p
net33                       1.80    0.018    0.233    0.1397   4.016e-06  p
net378                      1.80    0.045    0.813    0.0523   3.806e-06  p
clknet_0_net909             1.80    0.022    0.491    0.1020   3.653e-06  p
net332                      1.80    0.057    0.817    0.0393   3.634e-06  p
net68                       1.80    0.023    0.256    0.0976   3.588e-06  p
net810                      1.80    0.022    0.500    0.1000   3.551e-06  a
net208                      1.80    0.023    0.255    0.0957   3.550e-06  p
clknet_1_1__leaf_net870     1.80    0.055    0.816    0.0400   3.544e-06  p
net31                       1.80    0.022    0.156    0.0986   3.465e-06  p
net328                      1.80    0.013    0.507    0.1614   3.447e-06  p
clknet_0_net293             1.80    0.021    0.251    0.0991   3.415e-06  p
net0                        1.80    0.011    0.499    0.1876   3.402e-06  p
clknet_0_net322             1.80    0.021    0.503    0.0992   3.379e-06  p
net766                      1.80    0.034    0.640    0.0600   3.348e-06  p
net926                      1.80    0.037    0.903    0.0554   3.339e-06  p
net301                      1.80    0.021    0.503    0.0992   3.326e-06  p
clknet_0_net206             1.80    0.020    0.491    0.1020   3.322e-06  p
net823                      1.80    0.020    0.500    0.1000   3.299e-06  a
net67                       1.80    0.070    0.032    0.0290   3.298e-06  p
net957                      1.80    0.015    0.678    0.1309   3.231e-06  p
net683                      1.80    0.011    0.740    0.1851   3.228e-06  p
net877                      1.80    0.043    0.100    0.0460   3.207e-06  p
clknet_0_net238             1.80    0.019    0.491    0.1020   3.202e-06  p
net820                      1.80    0.020    0.500    0.1000   3.178e-06  a
clknet_0_net793             1.80    0.020    0.480    0.0956   3.169e-06  p
clknet_1_0__leaf_net870     1.80    0.049    0.816    0.0400   3.162e-06  p
net89                       1.80    0.026    0.130    0.0741   3.124e-06  p
net811                      1.80    0.019    0.500    0.1000   3.112e-06  a
net23                       1.80    0.019    0.255    0.0992   3.058e-06  p
net831                      1.80    0.019    0.500    0.1000   3.055e-06  a
net855                      1.80    0.019    0.500    0.1000   3.009e-06  a
net34                       1.80    0.019    0.250    0.0969   2.995e-06  p
clknet_0_net583             1.80    0.019    0.540    0.0983   2.968e-06  p
net946                      1.80    0.046    0.816    0.0400   2.963e-06  p
net845                      1.80    0.018    0.500    0.1000   2.961e-06  a
net24                       1.80    0.015    0.187    0.1218   2.956e-06  p
clknet_0_net698             1.80    0.019    0.477    0.0950   2.948e-06  p
net16                       1.80    0.026    0.122    0.0692   2.933e-06  p
net395                      1.80    0.024    0.273    0.0747   2.924e-06  p
clknet_0_net699             1.80    0.018    0.492    0.0984   2.917e-06  p
net106                      1.80    0.010    0.260    0.1851   2.889e-06  p
net873                      1.80    0.055    0.312    0.0320   2.877e-06  p
net866                      1.80    0.024    0.266    0.0721   2.841e-06  p
net659                      1.80    0.016    0.491    0.1078   2.829e-06  p
net954                      1.80    0.014    0.157    0.1240   2.810e-06  p
net909                      1.80    0.017    0.491    0.1020   2.798e-06  p
net411                      1.80    0.041    0.816    0.0400   2.667e-06  p
net70                       1.80    0.058    0.032    0.0280   2.640e-06  p
net53                       1.80    0.012    0.585    0.1301   2.603e-06  p
net456                      1.80    0.046    0.066    0.0341   2.560e-06  p
net862                      1.80    0.016    0.500    0.1000   2.537e-06  a
net329                      1.80    0.038    0.050    0.0402   2.509e-06  p
net888                      1.80    0.012    0.157    0.1240   2.508e-06  p
net852                      1.80    0.015    0.500    0.1000   2.469e-06  a
net189                      1.80    0.053    0.032    0.0286   2.461e-06  p
clknet_0_net360             1.80    0.019    0.720    0.0806   2.446e-06  p
net25                       1.80    0.012    0.187    0.1218   2.437e-06  p
net4                        1.80    0.009    0.539    0.1717   2.419e-06  p
net9                        1.80    0.011    0.678    0.1309   2.404e-06  p
net137                      1.80    0.019    0.547    0.0785   2.390e-06  p
net22                       1.80    0.037    0.954    0.0393   2.379e-06  p
net100                      1.80    0.008    0.248    0.1728   2.365e-06  p
net815                      1.80    0.014    0.500    0.1000   2.344e-06  a
net111                      1.80    0.015    0.130    0.0935   2.340e-06  p
net670                      1.80    0.036    0.500    0.0398   2.337e-06  p
clknet_0_net773             1.80    0.018    0.403    0.0783   2.307e-06  p
net293                      1.80    0.014    0.251    0.0991   2.293e-06  p
net846                      1.80    0.014    0.500    0.1000   2.248e-06  a
clknet_0_net621             1.80    0.020    0.204    0.0697   2.219e-06  p
net310                      1.80    0.035    0.817    0.0393   2.203e-06  p
net96                       1.80    0.013    0.168    0.1015   2.192e-06  p
net864                      1.80    0.013    0.500    0.1000   2.145e-06  a
clknet_0_net870             1.80    0.033    0.816    0.0400   2.136e-06  p
net83                       1.80    0.013    0.261    0.0982   2.132e-06  p
net121                      1.80    0.013    0.509    0.1018   2.109e-06  p
net165                      1.80    0.042    0.542    0.0310   2.108e-06  p
net694                      1.80    0.016    0.547    0.0785   2.096e-06  p
net327                      1.80    0.033    0.817    0.0393   2.086e-06  p
net945                      1.80    0.032    0.816    0.0400   2.084e-06  p
net837                      1.80    0.013    0.500    0.1000   2.083e-06  a
net503                      1.80    0.014    0.228    0.0935   2.080e-06  p
net414                      1.80    0.021    0.370    0.0593   2.041e-06  p
net745                      1.80    0.041    0.536    0.0310   2.034e-06  p
net38                       1.80    0.012    0.124    0.1048   2.025e-06  p
clknet_1_0__leaf_net909     1.80    0.012    0.491    0.1020   1.943e-06  p
net712                      1.80    0.030    0.817    0.0393   1.920e-06  p
net848                      1.80    0.012    0.500    0.1000   1.906e-06  a
clknet_0_net756             1.80    0.019    0.296    0.0598   1.885e-06  p
net819                      1.80    0.012    0.500    0.1000   1.884e-06  a
net698                      1.80    0.012    0.477    0.0950   1.857e-06  p
net15                       1.80    0.012    0.247    0.0976   1.847e-06  p
net354                      1.80    0.009    0.449    0.1262   1.797e-06  p
net435                      1.80    0.057    0.472    0.0195   1.790e-06  p
net884                      1.80    0.049    0.533    0.0224   1.789e-06  p
net158                      1.80    0.014    0.547    0.0785   1.760e-06  p
net113                      1.80    0.009    0.035    0.1252   1.759e-06  p
net427                      1.80    0.023    0.430    0.0471   1.756e-06  p
net827                      1.80    0.011    0.500    0.1000   1.741e-06  a
net20                       1.80    0.016    0.097    0.0652   1.708e-06  p
net119                      1.80    0.006    0.260    0.1851   1.694e-06  p
net319                      1.80    0.010    0.492    0.1008   1.658e-06  p
net958                      1.80    0.016    0.097    0.0652   1.658e-06  p
net128                      1.80    0.013    0.547    0.0785   1.648e-06  p
net962                      1.80    0.011    0.242    0.0957   1.632e-06  p
net13                       1.80    0.008    0.604    0.1308   1.631e-06  p
net863                      1.80    0.010    0.500    0.1000   1.619e-06  a
net773                      1.80    0.013    0.403    0.0783   1.609e-06  p
net148                      1.80    0.013    0.547    0.0785   1.602e-06  p
net206                      1.80    0.010    0.491    0.1020   1.589e-06  p
net97                       1.80    0.006    0.244    0.1688   1.588e-06  p
net825                      1.80    0.010    0.500    0.1000   1.567e-06  a
net488                      1.80    0.017    0.903    0.0554   1.562e-06  p
net26                       1.80    0.023    0.052    0.0424   1.554e-06  p
net844                      1.80    0.010    0.500    0.1000   1.553e-06  a
net129                      1.80    0.008    0.446    0.1188   1.541e-06  p
net876                      1.80    0.014    0.492    0.0665   1.540e-06  p
net859                      1.80    0.009    0.500    0.1000   1.530e-06  a
net10                       1.80    0.007    0.360    0.1343   1.504e-06  p
net583                      1.80    0.009    0.540    0.0983   1.504e-06  p
net306                      1.80    0.023    0.500    0.0398   1.504e-06  p
net95                       1.80    0.007    0.627    0.1241   1.502e-06  p
clknet_1_0__leaf_net206     1.80    0.009    0.491    0.1020   1.494e-06  p
net322                      1.80    0.009    0.503    0.0992   1.494e-06  p
net793                      1.80    0.010    0.480    0.0956   1.492e-06  p
clknet_0_net897             1.80    0.018    0.247    0.0500   1.480e-06  p
net801                      1.80    0.024    0.289    0.0376   1.474e-06  p
net511                      1.80    0.008    0.143    0.1177   1.472e-06  p
net841                      1.80    0.009    0.500    0.1000   1.462e-06  a
net238                      1.80    0.009    0.491    0.1020   1.456e-06  p
net699                      1.80    0.009    0.492    0.0984   1.452e-06  p
net880                      1.80    0.054    0.015    0.0164   1.442e-06  p
net28                       1.80    0.009    0.156    0.0986   1.398e-06  p
clknet_1_1__leaf_net909     1.80    0.008    0.491    0.1020   1.381e-06  p
net870                      1.80    0.021    0.816    0.0400   1.380e-06  p
net162                      1.80    0.012    0.066    0.0725   1.379e-06  p
clknet_0_net397             1.80    0.011    0.639    0.0753   1.356e-06  p
net875                      1.80    0.077    0.008    0.0106   1.333e-06  p
net248                      1.80    0.011    0.129    0.0742   1.308e-06  p
net636                      1.80    0.006    0.543    0.1251   1.305e-06  p
net376                      1.80    0.035    0.333    0.0228   1.296e-06  p
net186                      1.80    0.007    0.485    0.1102   1.295e-06  p
net894                      1.80    0.027    0.033    0.0294   1.295e-06  p
net151                      1.80    0.013    0.923    0.0611   1.275e-06  p
net840                      1.80    0.008    0.500    0.1000   1.272e-06  a
net147                      1.80    0.027    0.030    0.0293   1.260e-06  p
net397                      1.80    0.010    0.639    0.0753   1.257e-06  p
net462                      1.80    0.008    0.480    0.0956   1.247e-06  p
net847                      1.80    0.008    0.500    0.1000   1.238e-06  a
net122                      1.80    0.004    0.828    0.2116   1.236e-06  p
net905                      1.80    0.007    0.161    0.1032   1.227e-06  p
net360                      1.80    0.009    0.720    0.0806   1.213e-06  p
net557                      1.80    0.028    0.024    0.0267   1.203e-06  p
clknet_1_0__leaf_net293     1.80    0.007    0.251    0.0991   1.191e-06  p
net956                      1.80    0.006    0.157    0.1240   1.188e-06  p
net369                      1.80    0.008    0.480    0.0956   1.186e-06  p
net377                      1.80    0.032    0.667    0.0228   1.185e-06  p
net961                      1.80    0.010    0.639    0.0753   1.184e-06  p
net104                      1.80    0.009    0.885    0.0798   1.183e-06  p
net44                       1.80    0.004    0.398    0.1627   1.178e-06  p
net29                       1.80    0.007    0.156    0.0986   1.167e-06  p
net744                      1.80    0.035    0.593    0.0207   1.164e-06  p
net307                      1.80    0.018    0.500    0.0398   1.152e-06  p
net756                      1.80    0.012    0.296    0.0598   1.147e-06  p
net963                      1.80    0.007    0.242    0.0957   1.147e-06  p
net324                      1.80    0.013    0.084    0.0559   1.134e-06  p
clknet_0_net757             1.80    0.019    0.196    0.0373   1.127e-06  p
net73                       1.80    0.007    0.495    0.1012   1.124e-06  p
net303                      1.80    0.007    0.247    0.0951   1.122e-06  p
net404                      1.80    0.058    0.952    0.0119   1.117e-06  p
net853                      1.80    0.007    0.500    0.1000   1.109e-06  a
clknet_0_net561             1.80    0.020    0.068    0.0345   1.094e-06  p
clknet_1_0__leaf_net583     1.80    0.007    0.540    0.0983   1.091e-06  p
net413                      1.80    0.022    0.438    0.0307   1.087e-06  p
net50                       1.80    0.018    0.038    0.0367   1.075e-06  p
net904                      1.80    0.008    0.139    0.0840   1.064e-06  p
net276                      1.80    0.059    0.048    0.0110   1.049e-06  p
net124                      1.80    0.006    0.789    0.1044   1.048e-06  p
net19                       1.80    0.016    0.952    0.0394   1.035e-06  p
net43                       1.80    0.007    0.251    0.0975   1.033e-06  p
net890                      1.80    0.074    0.943    0.0085   1.019e-06  p
net781                      1.80    0.023    0.169    0.0272   1.012e-06  p
net412                      1.80    0.020    0.562    0.0307   1.008e-06  p
net711                      1.80    0.010    0.721    0.0594   1.007e-06  p
net46                       1.80    0.009    0.125    0.0714   9.985e-07  p
net833                      1.80    0.006    0.500    0.1000   9.963e-07  a
net854                      1.80    0.006    0.500    0.1000   9.906e-07  a
clknet_0_net590             1.80    0.020    0.769    0.0311   9.902e-07  p
net510                      1.80    0.010    0.879    0.0602   9.829e-07  p
net529                      1.80    0.015    0.184    0.0400   9.766e-07  p
net826                      1.80    0.006    0.500    0.1000   9.747e-07  a
net783                      1.80    0.025    0.111    0.0241   9.731e-07  p
net632                      1.80    0.007    0.927    0.0815   9.727e-07  p
net63                       1.80    0.008    0.130    0.0723   9.723e-07  p
net779                      1.80    0.019    0.235    0.0310   9.700e-07  p
net12                       1.80    0.003    0.375    0.1695   9.564e-07  p
net621                      1.80    0.008    0.204    0.0697   9.497e-07  p
net999                      1.80    0.006    0.124    0.1048   9.492e-07  p
net281                      1.80    0.010    0.226    0.0577   9.358e-07  p
net475                      1.80    0.010    0.843    0.0558   9.194e-07  p
net780                      1.80    0.018    0.763    0.0308   9.107e-07  p
net72                       1.80    0.033    0.016    0.0170   9.077e-07  p
clknet_0_net587             1.80    0.020    0.813    0.0279   8.990e-07  p
net373                      1.80    0.039    0.279    0.0141   8.914e-07  p
net842                      1.80    0.005    0.500    0.1000   8.791e-07  a
net6                        1.80    0.013    0.049    0.0410   8.674e-07  p
net822                      1.80    0.005    0.500    0.1000   8.643e-07  a
clknet_0_net517             1.80    0.020    0.080    0.0269   8.640e-07  p
net496                      1.80    0.009    0.102    0.0573   8.561e-07  p
net498                      1.80    0.007    0.527    0.0752   8.479e-07  p
net762                      1.80    0.012    0.168    0.0446   8.456e-07  p
net489                      1.80    0.009    0.097    0.0554   8.361e-07  p
net77                       1.80    0.008    0.078    0.0618   8.282e-07  p
net757                      1.80    0.014    0.196    0.0373   8.211e-07  p
net433                      1.80    0.012    0.011    0.0410   8.209e-07  p
clknet_1_1__leaf_net698     1.80    0.005    0.477    0.0950   8.152e-07  p
clknet_0_net719             1.80    0.020    0.117    0.0257   8.147e-07  p
clknet_0_net925             1.80    0.018    0.897    0.0270   7.931e-07  p
net75                       1.80    0.049    0.008    0.0100   7.867e-07  p
net88                       1.80    0.049    0.008    0.0099   7.865e-07  p
net518                      1.80    0.005    0.509    0.0993   7.836e-07  p
net565                      1.80    0.059    0.945    0.0082   7.795e-07  p
net941                      1.80    0.060    0.954    0.0080   7.685e-07  p
net897                      1.80    0.009    0.247    0.0500   7.654e-07  p
net423                      1.80    0.009    0.798    0.0521   7.540e-07  p
clknet_1_1__leaf_net322     1.80    0.005    0.503    0.0992   7.528e-07  p
net925                      1.80    0.017    0.897    0.0270   7.383e-07  p
clknet_0_net399             1.80    0.018    0.402    0.0247   7.282e-07  p
net91                       1.80    0.027    0.015    0.0165   7.267e-07  p
net547                      1.80    0.013    0.049    0.0345   7.175e-07  p
clknet_1_0__leaf_net793     1.80    0.005    0.480    0.0956   7.160e-07  p
clknet_1_0__leaf_net773     1.80    0.006    0.403    0.0783   7.148e-07  p
clknet_1_0__leaf_net897     1.80    0.009    0.247    0.0500   7.139e-07  p
net966                      1.80    0.005    0.242    0.0957   7.122e-07  p
net230                      1.80    0.005    0.258    0.0946   7.054e-07  p
net187                      1.80    0.009    0.062    0.0476   7.018e-07  p
clknet_1_1__leaf_net399     1.80    0.017    0.402    0.0247   6.980e-07  p
clknet_1_1__leaf_net293     1.80    0.004    0.251    0.0991   6.881e-07  p
net763                      1.80    0.023    0.958    0.0187   6.844e-07  p
net743                      1.80    0.011    0.225    0.0373   6.725e-07  p
net76                       1.80    0.024    0.017    0.0170   6.651e-07  p
net102                      1.80    0.071    0.007    0.0056   6.523e-07  p
net353                      1.80    0.010    0.053    0.0406   6.514e-07  p
net917                      1.80    0.034    0.051    0.0117   6.423e-07  p
clknet_1_1__leaf_net621     1.80    0.006    0.204    0.0697   6.416e-07  p
net474                      1.80    0.004    0.496    0.1003   6.335e-07  p
net642                      1.80    0.003    0.508    0.1129   6.332e-07  p
net103                      1.80    0.065    0.992    0.0060   6.315e-07  p
net672                      1.80    0.004    0.241    0.0953   6.302e-07  p
net588                      1.80    0.003    0.164    0.1377   6.282e-07  p
net802                      1.80    0.007    0.226    0.0577   6.257e-07  p
net90                       1.80    0.014    0.029    0.0276   6.241e-07  p
net140                      1.80    0.014    0.213    0.0269   6.198e-07  p
net201                      1.80    0.022    0.017    0.0170   6.191e-07  p
net185                      1.80    0.015    0.026    0.0260   6.170e-07  p
net184                      1.80    0.004    0.492    0.0991   6.160e-07  p
net531                      1.80    0.033    0.045    0.0115   6.146e-07  p
net614                      1.80    0.005    0.522    0.0749   6.145e-07  p
net561                      1.80    0.011    0.068    0.0345   6.139e-07  p
net441                      1.80    0.005    0.283    0.0812   6.100e-07  p
net761                      1.80    0.008    0.829    0.0448   6.080e-07  p
clknet_1_0__leaf_net699     1.80    0.004    0.492    0.0984   6.063e-07  p
net92                       1.80    0.066    0.004    0.0056   5.979e-07  p
net35                       1.80    0.034    0.008    0.0106   5.898e-07  p
net669                      1.80    0.003    0.164    0.1377   5.890e-07  p
net205                      1.80    0.012    0.032    0.0302   5.883e-07  p
net383                      1.80    0.007    0.893    0.0537   5.882e-07  p
net493                      1.80    0.006    0.843    0.0559   5.869e-07  p
clknet_1_1__leaf_net793     1.80    0.004    0.480    0.0956   5.868e-07  p
net485                      1.80    0.008    0.919    0.0432   5.853e-07  p
net154                      1.80    0.031    0.949    0.0117   5.844e-07  p
net132                      1.80    0.004    0.243    0.0958   5.758e-07  p
net965                      1.80    0.004    0.242    0.0957   5.721e-07  p
net548                      1.80    0.044    0.044    0.0080   5.716e-07  p
clknet_1_0__leaf_net621     1.80    0.005    0.204    0.0697   5.668e-07  p
net388                      1.80    0.006    0.222    0.0586   5.648e-07  p
net620                      1.80    0.004    0.370    0.0812   5.625e-07  p
net517                      1.80    0.013    0.080    0.0269   5.591e-07  p
clknet_1_0__leaf_net925     1.80    0.013    0.897    0.0270   5.591e-07  p
net901                      1.80    0.015    0.512    0.0224   5.590e-07  p
net399                      1.80    0.014    0.402    0.0247   5.530e-07  p
net289                      1.80    0.003    0.497    0.1022   5.493e-07  p
net742                      1.80    0.009    0.772    0.0375   5.332e-07  p
net996                      1.80    0.004    0.547    0.0785   5.317e-07  p
net502                      1.80    0.004    0.275    0.0747   5.269e-07  p
net721                      1.80    0.007    0.132    0.0432   5.245e-07  p
clknet_1_0__leaf_net756     1.80    0.005    0.296    0.0598   5.201e-07  p
net242                      1.80    0.009    0.037    0.0339   5.150e-07  p
net152                      1.80    0.014    0.020    0.0228   5.148e-07  p
net428                      1.80    0.005    0.387    0.0651   5.129e-07  p
net515                      1.80    0.003    0.636    0.0941   5.105e-07  p
clknet_1_1__leaf_net206     1.80    0.003    0.491    0.1020   5.084e-07  p
clknet_0_net316             1.80    0.020    0.984    0.0158   5.069e-07  p
clknet_1_0__leaf_net757     1.80    0.008    0.196    0.0373   5.063e-07  p
net209                      1.80    0.052    0.005    0.0059   5.048e-07  p
clknet_1_0__leaf_net322     1.80    0.003    0.503    0.0992   5.044e-07  p
net507                      1.80    0.003    0.158    0.1067   5.040e-07  p
net587                      1.80    0.011    0.813    0.0279   5.028e-07  p
clknet_1_1__leaf_net699     1.80    0.003    0.492    0.0984   5.018e-07  p
net590                      1.80    0.010    0.769    0.0311   4.982e-07  p
clknet_1_1__leaf_net773     1.80    0.004    0.403    0.0783   4.864e-07  p
net834                      1.80    0.003    0.500    0.1000   4.854e-07  a
net318                      1.80    0.003    0.144    0.0848   4.798e-07  p
net527                      1.80    0.019    0.045    0.0156   4.753e-07  p
net69                       1.80    0.017    0.016    0.0170   4.742e-07  p
net586                      1.80    0.003    0.580    0.0971   4.735e-07  p
net164                      1.80    0.003    0.544    0.0934   4.715e-07  p
clknet_1_1__leaf_net238     1.80    0.003    0.491    0.1020   4.670e-07  p
net426                      1.80    0.015    0.023    0.0187   4.647e-07  p
net959                      1.80    0.007    0.952    0.0394   4.591e-07  p
clknet_1_1__leaf_net756     1.80    0.005    0.296    0.0598   4.581e-07  p
net65                       1.80    0.010    0.033    0.0293   4.565e-07  p
clknet_1_0__leaf_net698     1.80    0.003    0.477    0.0950   4.543e-07  p
net271                      1.80    0.012    0.086    0.0232   4.524e-07  p
net657                      1.80    0.003    0.230    0.0942   4.476e-07  p
net410                      1.80    0.024    0.045    0.0115   4.473e-07  p
net615                      1.80    0.004    0.524    0.0762   4.455e-07  p
clknet_1_0__leaf_net360     1.80    0.003    0.720    0.0806   4.432e-07  p
net468                      1.80    0.003    0.506    0.0989   4.419e-07  p
net247                      1.80    0.003    0.258    0.0950   4.399e-07  p
net746                      1.80    0.019    0.088    0.0142   4.397e-07  p
net689                      1.80    0.011    0.879    0.0237   4.389e-07  p
net719                      1.80    0.011    0.117    0.0257   4.375e-07  p
net314                      1.80    0.007    0.816    0.0400   4.322e-07  p
net735                      1.80    0.015    0.480    0.0178   4.310e-07  p
net765                      1.80    0.005    0.229    0.0554   4.302e-07  p
net30                       1.80    0.002    0.336    0.1308   4.278e-07  p
net447                      1.80    0.003    0.499    0.0997   4.266e-07  p
net32                       1.80    0.003    0.161    0.1005   4.259e-07  p
net235                      1.80    0.026    0.009    0.0099   4.246e-07  p
net21                       1.80    0.006    0.049    0.0409   4.231e-07  p
net244                      1.80    0.003    0.254    0.0966   4.186e-07  p
net919                      1.80    0.007    0.817    0.0393   4.164e-07  p
net125                      1.80    0.029    0.007    0.0087   4.138e-07  p
clknet_1_1__leaf_net517     1.80    0.009    0.080    0.0269   4.121e-07  p
net193                      1.80    0.009    0.032    0.0286   4.104e-07  p
net514                      1.80    0.003    0.231    0.0929   4.068e-07  p
clknet_1_1__leaf_net360     1.80    0.003    0.720    0.0806   4.029e-07  p
clknet_1_0__leaf_net238     1.80    0.002    0.491    0.1020   4.020e-07  p
net361                      1.80    0.005    0.895    0.0450   4.004e-07  p
clknet_1_1__leaf_net397     1.80    0.003    0.639    0.0753   3.994e-07  p
net948                      1.80    0.066    0.007    0.0037   3.988e-07  p
net622                      1.80    0.004    0.130    0.0555   3.986e-07  p
clknet_1_1__leaf_net757     1.80    0.007    0.196    0.0373   3.969e-07  p
net542                      1.80    0.025    0.008    0.0100   3.958e-07  p
net730                      1.80    0.011    0.446    0.0227   3.940e-07  p
net294                      1.80    0.008    0.032    0.0290   3.935e-07  p
clknet_1_1__leaf_net925     1.80    0.009    0.897    0.0270   3.914e-07  p
net313                      1.80    0.006    0.816    0.0400   3.878e-07  p
net396                      1.80    0.005    0.518    0.0443   3.840e-07  p
net87                       1.80    0.014    0.016    0.0167   3.829e-07  p
net370                      1.80    0.006    0.289    0.0376   3.809e-07  p
net506                      1.80    0.003    0.187    0.0848   3.807e-07  p
net270                      1.80    0.010    0.914    0.0232   3.804e-07  p
net7                        1.80    0.014    0.015    0.0164   3.798e-07  p
net272                      1.80    0.002    0.242    0.0986   3.794e-07  p
net241                      1.80    0.002    0.258    0.0948   3.768e-07  p
clknet_1_0__leaf_net399     1.80    0.009    0.402    0.0247   3.643e-07  p
net582                      1.80    0.003    0.389    0.0776   3.637e-07  p
net560                      1.80    0.006    0.069    0.0349   3.616e-07  p
net504                      1.80    0.004    0.205    0.0596   3.613e-07  p
net964                      1.80    0.002    0.242    0.0957   3.592e-07  p
net640                      1.80    0.003    0.092    0.0853   3.567e-07  p
net829                      1.80    0.002    0.500    0.1000   3.556e-07  a
net585                      1.80    0.002    0.536    0.0982   3.555e-07  p
net438                      1.80    0.005    0.121    0.0429   3.549e-07  p
net37                       1.80    0.016    0.011    0.0133   3.532e-07  p
net975                      1.80    0.002    0.485    0.0995   3.524e-07  p
net203                      1.80    0.018    0.011    0.0120   3.506e-07  p
net240                      1.80    0.025    0.012    0.0086   3.451e-07  p
net45                       1.80    0.007    0.025    0.0303   3.446e-07  p
net501                      1.80    0.005    0.180    0.0445   3.426e-07  p
net993                      1.80    0.004    0.226    0.0577   3.412e-07  p
clknet_0_net540             1.80    0.018    0.057    0.0114   3.394e-07  p
clknet_0_net792             1.80    0.018    0.057    0.0114   3.378e-07  p
net85                       1.80    0.005    0.061    0.0458   3.342e-07  p
out3                        1.80    0.002    0.157    0.1240   3.337e-07  p
net509                      1.80    0.004    0.085    0.0470   3.307e-07  p
net968                      1.80    0.009    0.556    0.0230   3.294e-07  p
net579                      1.80    0.002    0.505    0.1007   3.277e-07  p
net861                      1.80    0.002    0.500    0.1000   3.236e-07  a
net663                      1.80    0.005    0.941    0.0437   3.226e-07  p
net660                      1.80    0.012    0.947    0.0172   3.222e-07  p
clknet_1_1__leaf_net583     1.80    0.002    0.540    0.0983   3.188e-07  p
net443                      1.80    0.012    0.826    0.0156   3.133e-07  p
net126                      1.80    0.007    0.029    0.0278   3.130e-07  p
net392                      1.80    0.004    0.355    0.0484   3.120e-07  p
net316                      1.80    0.012    0.984    0.0158   3.111e-07  p
net571                      1.80    0.004    0.811    0.0452   3.093e-07  p
net446                      1.80    0.005    0.184    0.0400   3.089e-07  p
clknet_1_0__leaf_net587     1.80    0.007    0.813    0.0279   3.081e-07  p
net828                      1.80    0.002    0.500    0.1000   3.073e-07  a
net643                      1.80    0.002    0.127    0.0835   3.059e-07  p
net290                      1.80    0.003    0.292    0.0709   3.018e-07  p
net611                      1.80    0.002    0.429    0.0932   3.017e-07  p
net734                      1.80    0.008    0.556    0.0230   2.991e-07  p
net883                      1.80    0.009    0.362    0.0198   2.963e-07  p
net543                      1.80    0.007    0.032    0.0280   2.960e-07  p
net677                      1.80    0.009    0.245    0.0212   2.929e-07  p
net995                      1.80    0.005    0.225    0.0373   2.880e-07  p
clknet_1_0__leaf_net517     1.80    0.007    0.080    0.0269   2.871e-07  p
net172                      1.80    0.003    0.240    0.0587   2.857e-07  p
net939                      1.80    0.083    0.001    0.0021   2.853e-07  p
net551                      1.80    0.022    0.954    0.0080   2.831e-07  p
net558                      1.80    0.005    0.053    0.0375   2.816e-07  p
net40                       1.80    0.002    0.072    0.0810   2.805e-07  p
clknet_1_0__leaf_net397     1.80    0.002    0.639    0.0753   2.800e-07  p
net157                      1.80    0.008    0.019    0.0215   2.775e-07  p
clknet_0_net381             1.80    0.019    0.963    0.0089   2.754e-07  p
net86                       1.80    0.004    0.055    0.0451   2.736e-07  p
net752                      1.80    0.014    0.656    0.0119   2.707e-07  p
net776                      1.80    0.006    0.815    0.0276   2.700e-07  p
net891                      1.80    0.025    0.068    0.0067   2.692e-07  p
net439                      1.80    0.004    0.052    0.0399   2.691e-07  p
clknet_1_1__leaf_net590     1.80    0.005    0.769    0.0311   2.683e-07  p
net145                      1.80    0.002    0.552    0.0812   2.675e-07  p
net656                      1.80    0.003    0.297    0.0555   2.650e-07  p
net320                      1.80    0.030    0.004    0.0055   2.638e-07  p
net715                      1.80    0.023    0.923    0.0071   2.632e-07  p
net601                      1.80    0.004    0.806    0.0400   2.595e-07  p
clknet_1_1__leaf_net897     1.80    0.003    0.247    0.0500   2.582e-07  p
net94                       1.80    0.028    0.004    0.0056   2.547e-07  p
net710                      1.80    0.029    0.989    0.0053   2.512e-07  p
net655                      1.80    0.005    0.030    0.0321   2.466e-07  p
net74                       1.80    0.009    0.984    0.0163   2.459e-07  p
net608                      1.80    0.006    0.915    0.0260   2.454e-07  p
net5                        1.80    0.004    0.049    0.0409   2.447e-07  p
net123                      1.80    0.003    0.039    0.0496   2.442e-07  p
net472                      1.80    0.010    0.697    0.0155   2.406e-07  p
clknet_1_1__leaf_net561     1.80    0.004    0.068    0.0345   2.354e-07  p
net729                      1.80    0.006    0.546    0.0229   2.337e-07  p
net144                      1.80    0.006    0.977    0.0229   2.285e-07  p
net473                      1.80    0.009    0.296    0.0153   2.248e-07  p
net895                      1.80    0.021    0.069    0.0065   2.243e-07  p
net792                      1.80    0.012    0.057    0.0114   2.225e-07  p
net139                      1.80    0.005    0.785    0.0270   2.209e-07  p
net997                      1.80    0.006    0.533    0.0223   2.192e-07  p
clknet_1_1__leaf_net719     1.80    0.005    0.117    0.0257   2.186e-07  p
net605                      1.80    0.005    0.828    0.0276   2.186e-07  p
net635                      1.80    0.003    0.056    0.0473   2.183e-07  p
net574                      1.80    0.037    0.004    0.0037   2.180e-07  p
net382                      1.80    0.004    0.501    0.0308   2.167e-07  p
net900                      1.80    0.024    0.933    0.0055   2.162e-07  p
net440                      1.80    0.003    0.121    0.0424   2.158e-07  p
net138                      1.80    0.010    0.989    0.0127   2.133e-07  p
net602                      1.80    0.004    0.136    0.0336   2.115e-07  p
net420                      1.80    0.003    0.507    0.0462   2.105e-07  p
net704                      1.80    0.010    0.816    0.0131   2.105e-07  p
net782                      1.80    0.004    0.773    0.0324   2.089e-07  p
net381                      1.80    0.014    0.963    0.0089   2.066e-07  p
net920                      1.80    0.003    0.289    0.0376   2.043e-07  p
net770                      1.80    0.028    0.048    0.0044   2.035e-07  p
net159                      1.80    0.008    0.021    0.0147   2.009e-07  p
net229                      1.80    0.014    0.012    0.0086   2.003e-07  p
net408                      1.80    0.010    0.952    0.0119   1.991e-07  p
net593                      1.80    0.004    0.235    0.0310   1.966e-07  p
net190                      1.80    0.044    0.002    0.0027   1.950e-07  p
net910                      1.80    0.033    0.003    0.0036   1.950e-07  p
net500                      1.80    0.003    0.362    0.0447   1.922e-07  p
net52                       1.80    0.039    0.002    0.0031   1.915e-07  p
net79                       1.80    0.034    0.002    0.0035   1.910e-07  p
net536                      1.80    0.006    0.054    0.0210   1.900e-07  p
net379                      1.80    0.003    0.496    0.0340   1.900e-07  p
net598                      1.80    0.002    0.780    0.0478   1.899e-07  p
clknet_0_net302             1.80    0.020    0.004    0.0058   1.873e-07  p
net41                       1.80    0.029    0.002    0.0039   1.819e-07  p
net651                      1.80    0.003    0.184    0.0400   1.800e-07  p
net521                      1.80    0.011    0.008    0.0100   1.799e-07  p
net929                      1.80    0.123    0.000    0.0009   1.785e-07  p
net720                      1.80    0.003    0.864    0.0432   1.772e-07  p
net387                      1.80    0.002    0.756    0.0536   1.760e-07  p
net409                      1.80    0.011    0.992    0.0100   1.760e-07  p
net594                      1.80    0.033    0.020    0.0033   1.753e-07  p
net650                      1.80    0.003    0.816    0.0400   1.736e-07  p
net785                      1.80    0.009    0.818    0.0124   1.732e-07  p
net612                      1.80    0.003    0.096    0.0423   1.721e-07  p
net589                      1.80    0.002    0.770    0.0445   1.710e-07  p
out45                       1.80    0.001    0.161    0.1032   1.701e-07  p
net604                      1.80    0.003    0.159    0.0348   1.700e-07  p
net595                      1.80    0.029    0.976    0.0036   1.689e-07  p
net778                      1.80    0.004    0.187    0.0276   1.688e-07  p
net81                       1.80    0.011    0.009    0.0094   1.684e-07  p
net597                      1.80    0.002    0.182    0.0416   1.678e-07  p
net539                      1.80    0.005    0.060    0.0223   1.675e-07  p
net892                      1.80    0.028    0.007    0.0037   1.668e-07  p
net552                      1.80    0.013    0.009    0.0075   1.627e-07  p
net600                      1.80    0.003    0.116    0.0387   1.606e-07  p
net578                      1.80    0.039    0.957    0.0025   1.599e-07  p
net538                      1.80    0.025    0.024    0.0040   1.595e-07  p
net445                      1.80    0.002    0.816    0.0400   1.586e-07  p
out53                       1.80    0.001    0.493    0.0969   1.583e-07  p
net391                      1.80    0.003    0.600    0.0350   1.565e-07  p
net296                      1.80    0.006    0.016    0.0157   1.550e-07  p
net195                      1.80    0.045    0.001    0.0021   1.550e-07  p
net777                      1.80    0.003    0.182    0.0274   1.549e-07  p
net1000                     1.80    0.025    0.002    0.0039   1.542e-07  p
net874                      1.80    0.083    0.983    0.0011   1.533e-07  p
net580                      1.80    0.002    0.791    0.0399   1.524e-07  p
net553                      1.80    0.012    0.991    0.0078   1.516e-07  p
clknet_1_1__leaf_net316     1.80    0.006    0.984    0.0158   1.514e-07  p
net550                      1.80    0.011    0.943    0.0085   1.502e-07  p
net540                      1.80    0.008    0.057    0.0114   1.475e-07  p
net973                      1.80    0.005    0.472    0.0195   1.466e-07  p
net394                      1.80    0.004    0.407    0.0207   1.457e-07  p
net725                      1.80    0.007    0.110    0.0127   1.451e-07  p
net170                      1.80    0.002    0.941    0.0437   1.450e-07  p
out0                        1.80    0.001    0.266    0.0721   1.446e-07  p
net559                      1.80    0.002    0.815    0.0441   1.428e-07  p
net758                      1.80    0.003    0.180    0.0332   1.420e-07  p
net700                      1.80    0.004    0.636    0.0197   1.414e-07  p
net707                      1.80    0.005    0.111    0.0184   1.412e-07  p
net48                       1.80    0.003    0.023    0.0257   1.396e-07  p
out44                       1.80    0.001    0.139    0.0840   1.379e-07  p
net421                      1.80    0.003    0.084    0.0272   1.371e-07  p
net984                      1.80    0.006    0.279    0.0141   1.351e-07  p
net491                      1.80    0.014    0.008    0.0059   1.339e-07  p
out49                       1.80    0.001    0.491    0.1020   1.339e-07  p
net213                      1.80    0.039    0.001    0.0021   1.336e-07  p
net886                      1.80    0.022    0.007    0.0037   1.333e-07  p
out19                       1.80    0.001    0.492    0.0665   1.332e-07  p
net928                      1.80    0.084    1.000    0.0010   1.331e-07  p
net575                      1.80    0.022    0.996    0.0037   1.328e-07  p
net532                      1.80    0.007    0.952    0.0119   1.316e-07  p
clknet_1_0__leaf_net719     1.80    0.003    0.117    0.0257   1.311e-07  p
net98                       1.80    0.014    0.005    0.0057   1.298e-07  p
net618                      1.80    0.002    0.094    0.0423   1.292e-07  p
net497                      1.80    0.004    0.954    0.0208   1.278e-07  p
clknet_1_0__leaf_net590     1.80    0.003    0.769    0.0311   1.264e-07  p
net687                      1.80    0.007    0.045    0.0115   1.263e-07  p
net492                      1.80    0.004    0.971    0.0181   1.261e-07  p
out57                       1.80    0.001    0.251    0.0985   1.255e-07  p
net921                      1.80    0.063    0.999    0.0012   1.246e-07  p
net508                      1.80    0.003    0.958    0.0299   1.223e-07  p
net47                       1.80    0.005    0.014    0.0161   1.217e-07  p
net625                      1.80    0.005    0.913    0.0145   1.213e-07  p
net933                      1.80    0.083    0.000    0.0009   1.201e-07  p
clknet_1_0__leaf_net561     1.80    0.002    0.068    0.0345   1.197e-07  p
net708                      1.80    0.004    0.884    0.0184   1.195e-07  p
net610                      1.80    0.007    0.966    0.0105   1.194e-07  p
clknet_0_net736             1.80    0.018    0.019    0.0040   1.164e-07  p
net130                      1.80    0.022    0.995    0.0032   1.153e-07  p
net971                      1.80    0.004    0.480    0.0178   1.145e-07  p
net513                      1.80    0.004    0.958    0.0187   1.139e-07  p
net481                      1.80    0.012    0.009    0.0057   1.132e-07  p
net648                      1.80    0.003    0.024    0.0234   1.120e-07  p
net417                      1.80    0.013    0.988    0.0055   1.117e-07  p
net153                      1.80    0.002    0.029    0.0292   1.111e-07  p
net607                      1.80    0.003    0.139    0.0270   1.108e-07  p
net134                      1.80    0.062    1.000    0.0011   1.108e-07  p
net634                      1.80    0.004    0.013    0.0156   1.102e-07  p
net623                      1.80    0.005    0.874    0.0132   1.099e-07  p
net375                      1.80    0.003    0.555    0.0228   1.097e-07  p
net791                      1.80    0.008    0.109    0.0089   1.096e-07  p
net483                      1.80    0.003    0.665    0.0230   1.095e-07  p
clknet_1_1__leaf_net381     1.80    0.007    0.963    0.0089   1.075e-07  p
net943                      1.80    0.065    0.001    0.0010   1.074e-07  p
net285                      1.80    0.045    0.018    0.0015   1.073e-07  p
clknet_0_net591             1.80    0.020    0.958    0.0033   1.072e-07  p
net58                       1.80    0.003    0.023    0.0251   1.056e-07  p
net709                      1.80    0.013    0.011    0.0049   1.053e-07  p
clknet_0_net717             1.80    0.021    0.014    0.0032   1.051e-07  p
clknet_1_1__leaf_net587     1.80    0.002    0.813    0.0279   1.046e-07  p
clknet_1_0__leaf_net381     1.80    0.007    0.963    0.0089   1.036e-07  p
net796                      1.80    0.007    0.986    0.0089   1.031e-07  p
net400                      1.80    0.023    0.002    0.0027   9.991e-08  p
net277                      1.80    0.007    0.109    0.0089   9.841e-08  p
net613                      1.80    0.005    0.960    0.0120   9.591e-08  p
net524                      1.80    0.006    0.008    0.0100   9.587e-08  p
net390                      1.80    0.006    0.050    0.0096   9.384e-08  p
clknet_1_1__leaf_net755     1.80    0.026    0.009    0.0022   9.362e-08  p
net974                      1.80    0.005    0.952    0.0119   9.345e-08  p
net566                      1.80    0.007    0.044    0.0080   9.331e-08  p
net989                      1.80    0.007    0.044    0.0080   9.315e-08  p
net530                      1.80    0.004    0.045    0.0156   9.297e-08  p
net537                      1.80    0.015    0.009    0.0039   9.277e-08  p
net668                      1.80    0.031    0.003    0.0018   9.048e-08  p
net688                      1.80    0.005    0.952    0.0119   8.987e-08  p
net326                      1.80    0.014    0.997    0.0039   8.973e-08  p
net784                      1.80    0.002    0.107    0.0268   8.951e-08  p
net166                      1.80    0.003    0.049    0.0187   8.765e-08  p
net716                      1.80    0.015    0.060    0.0036   8.717e-08  p
net499                      1.80    0.002    0.592    0.0248   8.673e-08  p
net977                      1.80    0.006    0.943    0.0085   8.659e-08  p
net516                      1.80    0.002    0.948    0.0232   8.658e-08  p
net567                      1.80    0.007    0.956    0.0080   8.415e-08  p
net696                      1.80    0.011    0.860    0.0049   8.332e-08  p
net112                      1.80    0.043    0.000    0.0012   8.306e-08  p
net786                      1.80    0.006    0.879    0.0090   8.296e-08  p
clknet_1_1__leaf_net736     1.80    0.013    0.019    0.0040   8.282e-08  p
net192                      1.80    0.023    0.001    0.0022   8.178e-08  p
out11                       1.80    0.001    0.155    0.0954   8.109e-08  p
clknet_1_1__leaf_net792     1.80    0.004    0.057    0.0114   8.095e-08  p
net924                      1.80    0.009    0.004    0.0052   8.025e-08  p
net804                      1.80    0.006    0.943    0.0085   8.006e-08  p
net263                      1.80    0.006    0.986    0.0089   8.000e-08  p
net302                      1.80    0.008    0.004    0.0058   7.969e-08  p
net269                      1.80    0.014    0.060    0.0036   7.886e-08  p
net629                      1.80    0.006    0.012    0.0086   7.804e-08  p
net478                      1.80    0.004    0.012    0.0116   7.550e-08  p
net393                      1.80    0.002    0.593    0.0207   7.471e-08  p
net789                      1.80    0.006    0.085    0.0071   7.422e-08  p
clknet_1_0__leaf_net736     1.80    0.011    0.019    0.0040   7.297e-08  p
net278                      1.80    0.003    0.115    0.0178   7.238e-08  p
out27                       1.80    0.001    0.226    0.0577   7.141e-08  p
net998                      1.80    0.006    0.044    0.0080   7.102e-08  p
net191                      1.80    0.008    0.004    0.0054   7.101e-08  p
out38                       1.80    0.001    0.247    0.0500   6.993e-08  p
net647                      1.80    0.003    0.042    0.0122   6.903e-08  p
net380                      1.80    0.003    0.043    0.0151   6.748e-08  p
net649                      1.80    0.003    0.965    0.0142   6.739e-08  p
net168                      1.80    0.004    0.011    0.0107   6.659e-08  p
net662                      1.80    0.005    0.047    0.0088   6.625e-08  p
net155                      1.80    0.010    0.997    0.0043   6.621e-08  p
net937                      1.80    0.099    0.000    0.0004   6.550e-08  p
net194                      1.80    0.025    0.001    0.0016   6.528e-08  p
net717                      1.80    0.013    0.014    0.0032   6.528e-08  p
clknet_0_net755             1.80    0.018    0.009    0.0022   6.480e-08  p
net646                      1.80    0.002    0.989    0.0165   6.457e-08  p
clknet_1_0__leaf_net755     1.80    0.018    0.009    0.0022   6.456e-08  p
net724                      1.80    0.003    0.887    0.0130   6.332e-08  p
net603                      1.80    0.003    0.922    0.0126   6.288e-08  p
clknet_1_1__leaf_net540     1.80    0.003    0.057    0.0114   6.253e-08  p
net253                      1.80    0.040    1.000    0.0010   6.253e-08  p
out59                       1.80    0.001    0.289    0.0376   6.170e-08  p
net736                      1.80    0.010    0.019    0.0040   6.106e-08  p
net652                      1.80    0.004    0.008    0.0100   6.066e-08  p
out58                       1.80    0.001    0.817    0.0393   6.048e-08  p
net545                      1.80    0.003    0.057    0.0114   6.039e-08  p
net695                      1.80    0.007    0.130    0.0052   5.999e-08  p
net591                      1.80    0.011    0.958    0.0033   5.955e-08  p
net741                      1.80    0.010    0.012    0.0037   5.822e-08  p
net143                      1.80    0.034    0.983    0.0011   5.783e-08  p
net482                      1.80    0.006    0.991    0.0059   5.747e-08  p
net740                      1.80    0.009    0.986    0.0040   5.720e-08  p
net653                      1.80    0.003    0.992    0.0100   5.648e-08  p
out10                       1.80    0.001    0.062    0.0476   5.587e-08  p
net899                      1.80    0.038    0.000    0.0009   5.555e-08  p
net236                      1.80    0.064    1.000    0.0005   5.513e-08  p
net664                      1.80    0.009    0.997    0.0039   5.510e-08  p
net682                      1.80    0.010    0.011    0.0032   5.412e-08  p
out12                       1.80    0.001    0.816    0.0400   5.258e-08  p
net334                      1.80    0.008    0.997    0.0039   5.242e-08  p
net449                      1.80    0.017    0.964    0.0018   5.041e-08  p
net680                      1.80    0.007    0.003    0.0043   5.010e-08  p
clknet_1_0__leaf_net792     1.80    0.003    0.057    0.0114   4.980e-08  p
net232                      1.80    0.039    0.000    0.0008   4.889e-08  p
net389                      1.80    0.004    0.068    0.0068   4.886e-08  p
clknet_1_0__leaf_net316     1.80    0.002    0.984    0.0158   4.879e-08  p
net893                      1.80    0.041    0.997    0.0007   4.821e-08  p
net609                      1.80    0.002    0.910    0.0149   4.809e-08  p
clknet_1_0__leaf_net540     1.80    0.003    0.057    0.0114   4.799e-08  p
net486                      1.80    0.009    0.981    0.0031   4.760e-08  p
clknet_1_0__leaf_net591     1.80    0.009    0.958    0.0033   4.713e-08  p
out9                        1.80    0.001    0.903    0.0554   4.713e-08  p
net535                      1.80    0.003    0.045    0.0115   4.685e-08  p
net127                      1.80    0.029    1.000    0.0010   4.616e-08  p
net787                      1.80    0.003    0.110    0.0084   4.604e-08  p
net55                       1.80    0.005    0.004    0.0057   4.512e-08  p
net286                      1.80    0.003    0.015    0.0097   4.451e-08  p
net199                      1.80    0.031    0.000    0.0009   4.440e-08  p
out25                       1.80    0.001    0.362    0.0198   4.417e-08  p
net359                      1.80    0.003    0.012    0.0084   4.320e-08  p
net936                      1.80    0.066    0.000    0.0004   4.320e-08  p
net51                       1.80    0.022    0.001    0.0012   4.319e-08  p
out22                       1.80    0.002    0.015    0.0164   4.292e-08  p
net415                      1.80    0.012    0.999    0.0022   4.206e-08  p
net196                      1.80    0.029    0.000    0.0009   4.191e-08  p
out2                        1.80    0.001    0.100    0.0460   4.184e-08  p
net795                      1.80    0.003    0.012    0.0086   4.149e-08  p
out35                       1.80    0.001    0.033    0.0294   4.137e-08  p
net487                      1.80    0.006    0.989    0.0046   4.125e-08  p
clknet_0_net541             1.80    0.018    0.002    0.0014   4.107e-08  p
net374                      1.80    0.003    0.007    0.0087   4.039e-08  p
net985                      1.80    0.003    0.910    0.0073   4.001e-08  p
net434                      1.80    0.024    0.001    0.0010   3.994e-08  p
net386                      1.80    0.004    0.012    0.0065   3.991e-08  p
net78                       1.80    0.007    0.002    0.0035   3.982e-08  p
clknet_1_1__leaf_net302     1.80    0.004    0.004    0.0058   3.917e-08  p
net658                      1.80    0.004    0.007    0.0060   3.902e-08  p
clknet_1_1__leaf_net591     1.80    0.007    0.958    0.0033   3.840e-08  p
out8                        1.80    0.001    0.897    0.0270   3.834e-08  p
net490                      1.80    0.064    0.999    0.0004   3.813e-08  p
net935                      1.80    0.058    0.000    0.0004   3.792e-08  p
net315                      1.80    0.007    0.003    0.0035   3.757e-08  p
net254                      1.80    0.013    0.978    0.0018   3.742e-08  p
out26                       1.80    0.001    0.533    0.0223   3.731e-08  p
net484                      1.80    0.004    0.977    0.0063   3.670e-08  p
net131                      1.80    0.079    1.000    0.0003   3.662e-08  p
net425                      1.80    0.022    0.001    0.0010   3.611e-08  p
net197                      1.80    0.025    0.000    0.0009   3.611e-08  p
net606                      1.80    0.004    0.978    0.0062   3.577e-08  p
net803                      1.80    0.006    0.007    0.0037   3.502e-08  p
net751                      1.80    0.013    0.953    0.0016   3.478e-08  p
net760                      1.80    0.024    0.993    0.0009   3.477e-08  p
net932                      1.80    0.052    1.000    0.0004   3.420e-08  p
net581                      1.80    0.032    1.000    0.0007   3.399e-08  p
net624                      1.80    0.006    0.996    0.0037   3.338e-08  p
net665                      1.80    0.006    0.003    0.0035   3.319e-08  p
net211                      1.80    0.019    0.001    0.0011   3.285e-08  p
net541                      1.80    0.014    0.002    0.0014   3.264e-08  p
net976                      1.80    0.006    0.011    0.0032   3.174e-08  p
out41                       1.80    0.001    0.512    0.0224   3.147e-08  p
net714                      1.80    0.008    0.969    0.0025   3.115e-08  p
net755                      1.80    0.009    0.009    0.0022   3.097e-08  p
net767                      1.80    0.004    0.945    0.0049   3.066e-08  p
net273                      1.80    0.002    0.109    0.0089   3.045e-08  p
net769                      1.80    0.006    0.043    0.0032   3.014e-08  p
net797                      1.80    0.002    0.954    0.0080   2.963e-08  p
net562                      1.80    0.007    0.997    0.0025   2.890e-08  p
out15                       1.80    0.001    0.312    0.0320   2.862e-08  p
net753                      1.80    0.009    0.960    0.0020   2.834e-08  p
net292                      1.80    0.008    0.001    0.0021   2.830e-08  p
net878                      1.80    0.043    0.000    0.0004   2.803e-08  p
clknet_1_0__leaf_net302     1.80    0.003    0.004    0.0058   2.790e-08  p
net494                      1.80    0.002    0.023    0.0071   2.742e-08  p
clknet_1_1__leaf_net717     1.80    0.005    0.014    0.0032   2.727e-08  p
net120                      1.80    0.001    0.495    0.0225   2.727e-08  pm
net798                      1.80    0.002    0.044    0.0080   2.724e-08  p
net768                      1.80    0.004    0.947    0.0037   2.669e-08  p
net471                      1.80    0.007    0.962    0.0025   2.642e-08  p
out18                       1.80    0.002    0.008    0.0106   2.637e-08  p
net731                      1.80    0.025    0.986    0.0007   2.630e-08  p
net969                      1.80    0.006    0.968    0.0025   2.541e-08  p
net666                      1.80    0.013    0.988    0.0012   2.472e-08  p
net754                      1.80    0.002    0.910    0.0073   2.468e-08  p
net109                      1.80    0.002    0.005    0.0059   2.386e-08  p
net495                      1.80    0.002    0.022    0.0070   2.353e-08  p
net198                      1.80    0.016    0.000    0.0009   2.290e-08  p
net268                      1.80    0.003    0.011    0.0053   2.272e-08  p
net738                      1.80    0.016    0.994    0.0009   2.237e-08  p
clknet_1_0__leaf_net541     1.80    0.009    0.002    0.0014   2.136e-08  p
net705                      1.80    0.014    0.002    0.0010   2.135e-08  p
net739                      1.80    0.024    0.004    0.0005   2.054e-08  p
clknet_1_0__leaf_net717     1.80    0.004    0.014    0.0032   2.045e-08  p
net771                      1.80    0.017    0.988    0.0007   2.041e-08  p
net287                      1.80    0.017    0.003    0.0007   1.995e-08  p
net701                      1.80    0.009    0.999    0.0013   1.932e-08  p
net713                      1.80    0.007    0.019    0.0018   1.930e-08  p
net733                      1.80    0.015    0.007    0.0008   1.891e-08  p
net227                      1.80    0.002    0.004    0.0058   1.872e-08  p
net174                      1.80    0.031    0.000    0.0004   1.866e-08  p
net772                      1.80    0.019    0.008    0.0006   1.864e-08  p
net424                      1.80    0.006    0.001    0.0019   1.864e-08  p
net450                      1.80    0.010    0.027    0.0012   1.858e-08  p
net477                      1.80    0.003    0.991    0.0045   1.852e-08  p
net217                      1.80    0.008    0.001    0.0013   1.836e-08  p
net466                      1.80    0.034    0.992    0.0003   1.808e-08  p
net681                      1.80    0.003    0.985    0.0035   1.798e-08  p
clknet_1_0__leaf_net556     1.80    0.024    0.999    0.0004   1.771e-08  p
net654                      1.80    0.003    0.985    0.0037   1.706e-08  p
net363                      1.80    0.012    0.990    0.0009   1.680e-08  p
net300                      1.80    0.008    0.999    0.0013   1.677e-08  p
net54                       1.80    0.002    0.004    0.0050   1.663e-08  p
net218                      1.80    0.002    0.996    0.0051   1.648e-08  p
net321                      1.80    0.003    0.003    0.0035   1.626e-08  p
net679                      1.80    0.014    0.992    0.0007   1.619e-08  p
net759                      1.80    0.017    0.004    0.0006   1.586e-08  p
net667                      1.80    0.011    0.010    0.0009   1.568e-08  p
out32                       1.80    0.001    0.068    0.0067   1.550e-08  p
net748                      1.80    0.014    0.984    0.0007   1.518e-08  p
out56                       1.80    0.001    0.050    0.0117   1.453e-08  p
net142                      1.80    0.022    0.005    0.0004   1.417e-08  p
net972                      1.80    0.005    0.019    0.0018   1.415e-08  p
out31                       1.80    0.001    0.943    0.0085   1.358e-08  p
net702                      1.80    0.008    0.001    0.0010   1.352e-08  p
clknet_0_net556             1.80    0.018    0.999    0.0004   1.309e-08  p
net749                      1.80    0.022    0.006    0.0004   1.308e-08  p
net135                      1.80    0.012    1.000    0.0007   1.301e-08  p
net146                      1.80    0.004    0.991    0.0020   1.296e-08  p
clknet_1_1__leaf_net541     1.80    0.005    0.002    0.0014   1.268e-08  p
net576                      1.80    0.003    0.994    0.0022   1.263e-08  p
net573                      1.80    0.005    0.975    0.0016   1.195e-08  p
net255                      1.80    0.002    0.003    0.0037   1.175e-08  p
net747                      1.80    0.022    0.001    0.0003   1.164e-08  p
net107                      1.80    0.005    0.001    0.0015   1.148e-08  p
net358                      1.80    0.029    1.000    0.0002   1.134e-08  p
net115                      1.80    0.034    0.000    0.0002   1.125e-08  p
clknet_0_net265             1.80    0.019    1.000    0.0004   1.115e-08  p
net970                      1.80    0.004    0.036    0.0016   1.110e-08  p
net56                       1.80    0.002    0.002    0.0031   1.102e-08  p
net220                      1.80    0.007    0.999    0.0010   1.098e-08  p
net181                      1.80    0.010    0.983    0.0007   1.075e-08  p
net260                      1.80    0.002    0.875    0.0034   1.072e-08  p
net233                      1.80    0.003    0.999    0.0023   1.057e-08  p
net727                      1.80    0.020    0.997    0.0003   1.054e-08  p
net372                      1.80    0.020    1.000    0.0003   1.052e-08  p
net261                      1.80    0.016    1.000    0.0004   1.048e-08  p
net225                      1.80    0.005    0.999    0.0013   1.042e-08  p
net57                       1.80    0.002    0.002    0.0031   9.773e-09  p
net913                      1.80    0.011    0.000    0.0005   9.643e-09  p
net889                      1.80    0.048    0.000    0.0001   9.520e-09  p
net556                      1.80    0.013    0.999    0.0004   9.451e-09  p
net692                      1.80    0.016    0.000    0.0004   9.348e-09  p
out36                       1.80    0.001    0.069    0.0065   9.094e-09  p
net180                      1.80    0.009    0.008    0.0007   8.971e-09  p
net584                      1.80    0.003    0.000    0.0016   8.922e-09  p
net202                      1.80    0.005    0.001    0.0010   8.901e-09  p
net219                      1.80    0.010    0.000    0.0005   8.870e-09  p
net572                      1.80    0.003    0.025    0.0016   8.756e-09  p
net215                      1.80    0.007    0.000    0.0008   8.649e-09  p
net141                      1.80    0.022    1.000    0.0002   8.532e-09  p
net800                      1.80    0.003    0.978    0.0018   8.427e-09  p
net644                      1.80    0.003    0.964    0.0020   8.387e-09  p
clknet_0_net305             1.80    0.021    0.000    0.0002   8.355e-09  p
out40                       1.80    0.001    0.933    0.0055   8.317e-09  p
net896                      1.80    0.016    0.998    0.0003   8.230e-09  p
net916                      1.80    0.013    0.000    0.0004   7.728e-09  p
net467                      1.80    0.015    0.008    0.0003   7.718e-09  p
net799                      1.80    0.003    0.018    0.0015   7.364e-09  p
net728                      1.80    0.022    0.001    0.0002   7.362e-09  p
clknet_1_1__leaf_net556     1.80    0.010    0.999    0.0004   7.199e-09  p
net912                      1.80    0.021    0.000    0.0002   6.860e-09  p
net732                      1.80    0.026    0.003    0.0002   6.797e-09  p
out33                       1.80    0.001    0.007    0.0037   6.596e-09  p
net750                      1.80    0.002    0.036    0.0016   6.589e-09  p
net676                      1.80    0.004    0.999    0.0011   6.585e-09  p
out28                       1.80    0.001    0.007    0.0037   6.192e-09  p
out7                        1.80    0.001    0.004    0.0052   6.167e-09  p
net252                      1.80    0.006    0.894    0.0007   6.063e-09  p
net304                      1.80    0.003    0.999    0.0013   6.010e-09  p
net265                      1.80    0.010    1.000    0.0004   5.756e-09  p
net637                      1.80    0.003    0.093    0.0012   5.697e-09  p
net505                      1.80    0.004    0.996    0.0008   5.561e-09  p
net355                      1.80    0.005    0.996    0.0007   5.558e-09  p
net357                      1.80    0.003    0.001    0.0010   5.502e-09  p
net722                      1.80    0.006    0.997    0.0006   5.441e-09  p
net690                      1.80    0.010    0.998    0.0003   5.380e-09  p
net686                      1.80    0.010    0.996    0.0003   5.376e-09  p
net356                      1.80    0.010    0.003    0.0003   5.340e-09  p
net980                      1.80    0.010    0.998    0.0003   5.268e-09  p
net480                      1.80    0.009    0.994    0.0004   5.158e-09  p
net249                      1.80    0.003    0.093    0.0012   5.129e-09  p
net362                      1.80    0.004    0.010    0.0009   5.080e-09  p
net398                      1.80    0.004    1.000    0.0007   4.807e-09  p
net385                      1.80    0.004    0.003    0.0007   4.726e-09  p
net305                      1.80    0.011    0.000    0.0002   4.485e-09  p
out5                        1.80    0.001    0.003    0.0036   4.479e-09  p
net691                      1.80    0.008    0.998    0.0003   4.437e-09  p
net178                      1.80    0.004    0.990    0.0007   4.001e-09  p
net169                      1.80    0.002    0.001    0.0011   3.985e-09  p
net250                      1.80    0.002    0.093    0.0012   3.953e-09  p
net987                      1.80    0.003    0.007    0.0008   3.933e-09  p
net476                      1.80    0.007    1.000    0.0003   3.915e-09  p
net991                      1.80    0.003    0.001    0.0007   3.862e-09  p
net343                      1.80    0.010    0.000    0.0002   3.812e-09  p
net167                      1.80    0.003    0.000    0.0007   3.674e-09  p
net723                      1.80    0.008    0.000    0.0003   3.608e-09  p
net267                      1.80    0.003    0.000    0.0008   3.541e-09  p
net436                      1.80    0.003    0.000    0.0008   3.508e-09  p
net364                      1.80    0.011    0.000    0.0002   3.487e-09  p
net638                      1.80    0.003    0.895    0.0007   3.377e-09  p
net479                      1.80    0.006    0.006    0.0004   3.370e-09  p
net454                      1.80    0.006    0.001    0.0003   3.302e-09  p
clknet_1_1__leaf_net265     1.80    0.005    1.000    0.0004   3.206e-09  p
net291                      1.80    0.003    0.002    0.0006   3.126e-09  p
net118                      1.80    0.024    1.000    0.81e-4  3.115e-09  p
net464                      1.80    0.006    0.998    0.0003   3.027e-09  p
net902                      1.80    0.023    1.000    0.81e-4  3.008e-09  p
net616                      1.80    0.002    0.000    0.0008   2.993e-09  p
net678                      1.80    0.006    1.000    0.0003   2.940e-09  p
net275                      1.80    0.006    1.000    0.0003   2.932e-09  p
net264                      1.80    0.004    1.000    0.0004   2.905e-09  p
net430                      1.80    0.005    1.000    0.0003   2.656e-09  p
net675                      1.80    0.002    0.001    0.0007   2.623e-09  p
clknet_1_0__leaf_net265     1.80    0.004    1.000    0.0004   2.548e-09  p
net967                      1.80    0.005    0.001    0.0003   2.500e-09  p
net237                      1.80    0.004    0.000    0.0004   2.445e-09  p
out6                        1.80    0.001    0.999    0.0012   2.233e-09  p
net619                      1.80    0.005    0.000    0.0003   2.163e-09  p
net177                      1.80    0.003    0.000    0.0004   2.067e-09  p
clknet_1_0__leaf_net305     1.80    0.005    0.000    0.0002   2.021e-09  p
net903                      1.80    0.010    0.008    0.0001   2.009e-09  p
net351                      1.80    0.003    0.001    0.0004   1.946e-09  p
net978                      1.80    0.003    0.994    0.0004   1.877e-09  p
net645                      1.80    0.003    0.000    0.0004   1.833e-09  p
net116                      1.80    0.007    0.000    0.0001   1.456e-09  p
net114                      1.80    0.004    1.000    0.0002   1.446e-09  p
net469                      1.80    0.002    0.008    0.0003   1.286e-09  p
net979                      1.80    0.004    0.001    0.0002   1.284e-09  p
net564                      1.80    0.004    0.999    0.0002   1.259e-09  p
net384                      1.80    0.003    0.000    0.0002   1.243e-09  p
out34                       1.80    0.001    0.997    0.0007   1.218e-09  p
clknet_1_1__leaf_net305     1.80    0.003    0.000    0.0002   1.210e-09  p
net992                      1.80    0.002    1.000    0.0003   1.131e-09  p
net982                      1.80    0.002    0.002    0.0003   1.127e-09  p
net570                      1.80    0.002    1.000    0.0003   1.104e-09  p
net465                      1.80    0.002    0.002    0.0003   1.091e-09  p
net617                      1.80    0.003    0.001    0.0002   9.334e-10  p
net108                      1.80    0.014    0.000    0.41e-4  9.325e-10  p
out17                       1.80    0.001    0.983    0.0011   9.232e-10  p
out52                       1.80    0.001    0.000    0.0005   8.794e-10  p
out4                        1.80    0.001    0.000    0.0009   8.748e-10  p
out55                       1.80    0.001    0.000    0.0004   8.735e-10  p
net163                      1.80    0.000    0.002    0.0009   7.477e-10  pm
net59                       1.80    0.001    0.004    0.0008   7.059e-10  pm
net596                      1.80    0.002    1.000    0.0002   6.304e-10  p
net258                      1.80    0.003    1.000    0.0001   6.154e-10  p
out37                       1.80    0.001    0.998    0.0003   5.767e-10  p
net282                      1.80    0.008    1.000    0.41e-4  5.463e-10  p
out20                       1.80    0.001    0.000    0.0004   4.840e-10  p
net133                      1.80    0.002    1.000    0.0002   4.275e-10  p
net512                      1.80    0.003    0.000    0.81e-4  4.042e-10  p
net881                      1.80    0.006    0.000    0.41e-4  4.000e-10  p
net245                      1.80    0.002    0.000    0.0001   3.925e-10  p
out51                       1.80    0.001    0.000    0.0002   3.567e-10  p
net630                      1.80    0.002    0.000    0.81e-4  3.138e-10  p
net641                      1.80    0.005    1.000    0.41e-4  3.111e-10  p
net592                      1.80    0.003    1.000    0.41e-4  2.175e-10  p
out43                       1.80    0.001    0.008    0.0001   2.109e-10  p
out30                       1.80    0.001    0.000    0.0001   1.860e-10  p
net342                      1.80    0.000    0.998    0.0003   1.804e-10  pm
out42                       1.80    0.001    1.000    0.81e-4  1.142e-10  p
out23                       1.80    0.001    0.000    0.41e-4  6.273e-11  p
clknet_0_net246             1.80    0.020    0.000    0.0000      0.0000  p
clknet_0_net274             1.80    0.019    0.000    0.0000      0.0000  p
clknet_0_net309             1.80    0.021    0.000    0.0000      0.0000  p
clknet_0_net312             1.80    0.020    1.000    0.0000      0.0000  p
clknet_0_net331             1.80    0.018    0.000    0.0000      0.0000  p
clknet_0_net333             1.80    0.024    0.000    0.0000      0.0000  p
clknet_0_net568             1.80    0.019    0.000    0.0000      0.0000  p
clknet_0_net718             1.80    0.019    0.000    0.0000      0.0000  p
clknet_0_net737             1.80    0.021    0.000    0.0000      0.0000  p
clknet_0_net774             1.80    0.019    0.000    0.0000      0.0000  p
clknet_0_net775             1.80    0.018    0.000    0.0000      0.0000  p
clknet_0_net794             1.80    0.019    0.000    0.0000      0.0000  p
clknet_0_net887             1.80    0.031    0.000    0.0000      0.0000  p
clknet_1_0__leaf_net246     1.80    0.013    0.000    0.0000      0.0000  p
clknet_1_0__leaf_net274     1.80    0.009    0.000    0.0000      0.0000  p
clknet_1_0__leaf_net309     1.80    0.006    0.000    0.0000      0.0000  p
clknet_1_0__leaf_net312     1.80    0.009    1.000    0.0000      0.0000  p
clknet_1_0__leaf_net331     1.80    0.003    0.000    0.0000      0.0000  p
clknet_1_0__leaf_net333     1.80    0.020    0.000    0.0000      0.0000  p
clknet_1_0__leaf_net568     1.80    0.003    0.000    0.0000      0.0000  p
clknet_1_0__leaf_net718     1.80    0.004    0.000    0.0000      0.0000  p
clknet_1_0__leaf_net737     1.80    0.012    0.000    0.0000      0.0000  p
clknet_1_0__leaf_net774     1.80    0.009    0.000    0.0000      0.0000  p
clknet_1_0__leaf_net775     1.80    0.008    0.000    0.0000      0.0000  p
clknet_1_0__leaf_net794     1.80    0.006    0.000    0.0000      0.0000  p
clknet_1_0__leaf_net887     1.80    0.019    0.000    0.0000      0.0000  p
clknet_1_1__leaf_net246     1.80    0.021    0.000    0.0000      0.0000  p
clknet_1_1__leaf_net274     1.80    0.005    0.000    0.0000      0.0000  p
clknet_1_1__leaf_net309     1.80    0.004    0.000    0.0000      0.0000  p
clknet_1_1__leaf_net312     1.80    0.006    1.000    0.0000      0.0000  p
clknet_1_1__leaf_net331     1.80    0.005    0.000    0.0000      0.0000  p
clknet_1_1__leaf_net333     1.80    0.042    0.000    0.0000      0.0000  p
clknet_1_1__leaf_net568     1.80    0.004    0.000    0.0000      0.0000  p
clknet_1_1__leaf_net718     1.80    0.004    0.000    0.0000      0.0000  p
clknet_1_1__leaf_net737     1.80    0.006    0.000    0.0000      0.0000  p
clknet_1_1__leaf_net774     1.80    0.005    0.000    0.0000      0.0000  p
clknet_1_1__leaf_net775     1.80    0.003    0.000    0.0000      0.0000  p
clknet_1_1__leaf_net794     1.80    0.005    0.000    0.0000      0.0000  p
clknet_1_1__leaf_net887     1.80    0.037    0.000    0.0000      0.0000  p
net8                        1.80    0.005    1.000    0.0000      0.0000  p
net60                       1.80    0.002    0.000    0.0000      0.0000  p
net71                       1.80    0.014    1.000    0.0000      0.0000  p
net80                       1.80    0.040    1.000    0.0000      0.0000  p
net99                       1.80    0.007    1.000    0.0000      0.0000  p
net105                      1.80    0.020    1.000    0.0000      0.0000  p
net117                      1.80    0.022    0.000    0.0000      0.0000  p
net136                      1.80    0.015    1.000    0.0000      0.0000  p
net150                      1.80    0.007    1.000    0.0000      0.0000  p
net156                      1.80    0.029    0.000    0.0000      0.0000  p
net160                      1.80    0.004    0.000    0.0000      0.0000  p
net161                      1.80    0.012    1.000    0.0000      0.0000  p
net171                      1.80    0.020    1.000    0.0000      0.0000  p
net173                      1.80    0.013    0.000    0.0000      0.0000  p
net175                      1.80    0.002    1.000    0.0000      0.0000  p
net176                      1.80    0.002    1.000    0.0000      0.0000  p
net179                      1.80    0.005    0.000    0.0000      0.0000  p
net182                      1.80    0.006    1.000    0.0000      0.0000  p
net183                      1.80    0.002    1.000    0.0000      0.0000  p
net204                      1.80    0.017    0.000    0.0000      0.0000  p
net207                      1.80    0.002    0.000    0.0000      0.0000  p
net210                      1.80    0.004    0.000    0.0000      0.0000  p
net212                      1.80    0.002    0.000    0.0000      0.0000  p
net214                      1.80    0.006    0.000    0.0000      0.0000  p
net216                      1.80    0.011    0.000    0.0000      0.0000  p
net221                      1.80    0.008    1.000    0.0000      0.0000  p
net222                      1.80    0.023    0.000    0.0000      0.0000  p
net223                      1.80    0.061    0.000    0.0000      0.0000  p
net224                      1.80    0.026    1.000    0.0000      0.0000  p
net226                      1.80    0.092    0.000    0.0000      0.0000  p
net228                      1.80    0.011    0.000    0.0000      0.0000  p
net231                      1.80    0.007    0.000    0.0000      0.0000  p
net234                      1.80    0.009    0.000    0.0000      0.0000  p
net243                      1.80    0.035    0.000    0.0000      0.0000  p
net246                      1.80    0.009    0.000    0.0000      0.0000  p
net251                      1.80    0.004    0.000    0.0000      0.0000  p
net256                      1.80    0.006    0.000    0.0000      0.0000  p
net257                      1.80    0.003    0.000    0.0000      0.0000  p
net259                      1.80    0.008    0.000    0.0000      0.0000  p
net262                      1.80    0.003    0.000    0.0000      0.0000  p
net266                      1.80    0.007    1.000    0.0000      0.0000  p
net274                      1.80    0.009    0.000    0.0000      0.0000  p
net279                      1.80    0.005    1.000    0.0000      0.0000  p
net280                      1.80    0.016    1.000    0.0000      0.0000  p
net283                      1.80    0.007    1.000    0.0000      0.0000  p
net284                      1.80    0.006    0.000    0.0000      0.0000  p
net288                      1.80    0.002    1.000    0.0000      0.0000  p
net295                      1.80    0.004    1.000    0.0000      0.0000  p
net297                      1.80    0.037    0.000    0.0000      0.0000  p
net298                      1.80    0.052    1.000    0.0000      0.0000  p
net299                      1.80    0.003    1.000    0.0000      0.0000  p
net308                      1.80    0.026    0.000    0.0000      0.0000  p
net309                      1.80    0.008    0.000    0.0000      0.0000  p
net311                      1.80    0.010    1.000    0.0000      0.0000  p
net312                      1.80    0.011    1.000    0.0000      0.0000  p
net317                      1.80    0.003    1.000    0.0000      0.0000  p
net323                      1.80    0.007    0.000    0.0000      0.0000  p
net325                      1.80    0.004    0.000    0.0000      0.0000  p
net330                      1.80    0.019    0.000    0.0000      0.0000  p
net331                      1.80    0.009    0.000    0.0000      0.0000  p
net333                      1.80    0.026    0.000    0.0000      0.0000  p
net335                      1.80    0.072    0.000    0.0000      0.0000  p
net336                      1.80    0.009    1.000    0.0000      0.0000  p
net337                      1.80    0.003    1.000    0.0000      0.0000  p
net338                      1.80    0.009    0.000    0.0000      0.0000  p
net339                      1.80    0.034    0.000    0.0000      0.0000  p
net340                      1.80    0.003    1.000    0.0000      0.0000  pm
net341                      1.80    0.012    0.000    0.0000      0.0000  p
net344                      1.80    0.002    0.000    0.0000      0.0000  p
net345                      1.80    0.041    1.000    0.0000      0.0000  p
net346                      1.80    0.015    0.000    0.0000      0.0000  p
net347                      1.80    0.030    1.000    0.0000      0.0000  p
net348                      1.80    0.004    0.000    0.0000      0.0000  p
net349                      1.80    0.019    1.000    0.0000      0.0000  p
net350                      1.80    0.002    1.000    0.0000      0.0000  p
net352                      1.80    0.026    0.000    0.0000      0.0000  p
net365                      1.80    0.059    0.000    0.0000      0.0000  p
net366                      1.80    0.009    0.000    0.0000      0.0000  p
net367                      1.80    0.002    0.000    0.0000      0.0000  p
net368                      1.80    0.007    0.000    0.0000      0.0000  p
net371                      1.80    0.023    1.000    0.0000      0.0000  p
net402                      1.80    0.039    0.000    0.0000      0.0000  p
net405                      1.80    0.009    0.000    0.0000      0.0000  p
net406                      1.80    0.018    0.000    0.0000      0.0000  p
net407                      1.80    0.020    0.000    0.0000      0.0000  p
net418                      1.80    0.005    0.000    0.0000      0.0000  p
net419                      1.80    0.005    1.000    0.0000      0.0000  p
net429                      1.80    0.013    0.000    0.0000      0.0000  p
net431                      1.80    0.050    1.000    0.0000      0.0000  p
net432                      1.80    0.005    0.000    0.0000      0.0000  p
net437                      1.80    0.016    0.000    0.0000      0.0000  p
net442                      1.80    0.003    0.000    0.0000      0.0000  p
net444                      1.80    0.014    1.000    0.0000      0.0000  p
net448                      1.80    0.003    0.000    0.0000      0.0000  p
net451                      1.80    0.059    0.000    0.0000      0.0000  p
net452                      1.80    0.003    1.000    0.0000      0.0000  p
net453                      1.80    0.034    1.000    0.0000      0.0000  p
net455                      1.80    0.009    0.000    0.0000      0.0000  p
net457                      1.80    0.007    0.000    0.0000      0.0000  p
net458                      1.80    0.003    0.000    0.0000      0.0000  p
net459                      1.80    0.003    1.000    0.0000      0.0000  p
net460                      1.80    0.004    0.000    0.0000      0.0000  p
net461                      1.80    0.027    0.000    0.0000      0.0000  p
net463                      1.80    0.010    0.000    0.0000      0.0000  p
net470                      1.80    0.045    0.000    0.0000      0.0000  p
net519                      1.80    0.006    0.000    0.0000      0.0000  p
net520                      1.80    0.020    0.000    0.0000      0.0000  p
net523                      1.80    0.003    1.000    0.0000      0.0000  p
net525                      1.80    0.050    0.000    0.0000      0.0000  p
net526                      1.80    0.023    1.000    0.0000      0.0000  p
net528                      1.80    0.006    0.000    0.0000      0.0000  p
net533                      1.80    0.044    0.000    0.0000      0.0000  p
net534                      1.80    0.020    0.000    0.0000      0.0000  p
net544                      1.80    0.004    0.000    0.0000      0.0000  p
net549                      1.80    0.036    0.000    0.0000      0.0000  p
net554                      1.80    0.004    1.000    0.0000      0.0000  p
net555                      1.80    0.003    1.000    0.0000      0.0000  p
net563                      1.80    0.002    1.000    0.0000      0.0000  p
net568                      1.80    0.012    0.000    0.0000      0.0000  p
net569                      1.80    0.006    1.000    0.0000      0.0000  p
net577                      1.80    0.002    1.000    0.0000      0.0000  p
net599                      1.80    0.007    1.000    0.0000      0.0000  p
net626                      1.80    0.002    1.000    0.0000      0.0000  p
net627                      1.80    0.004    0.000    0.0000      0.0000  p
net631                      1.80    0.003    0.000    0.0000      0.0000  p
net633                      1.80    0.003    1.000    0.0000      0.0000  p
net639                      1.80    0.004    1.000    0.0000      0.0000  p
net661                      1.80    0.003    0.000    0.0000      0.0000  p
net673                      1.80    0.016    0.000    0.0000      0.0000  p
net685                      1.80    0.005    0.000    0.0000      0.0000  p
net693                      1.80    0.020    0.000    0.0000      0.0000  p
net697                      1.80    0.004    1.000    0.0000      0.0000  p
net703                      1.80    0.029    0.000    0.0000      0.0000  p
net718                      1.80    0.011    0.000    0.0000      0.0000  p
net726                      1.80    0.014    0.000    0.0000      0.0000  p
net737                      1.80    0.010    0.000    0.0000      0.0000  p
net764                      1.80    0.016    0.000    0.0000      0.0000  p
net774                      1.80    0.011    0.000    0.0000      0.0000  p
net775                      1.80    0.009    0.000    0.0000      0.0000  p
net788                      1.80    0.004    0.000    0.0000      0.0000  p
net790                      1.80    0.002    0.000    0.0000      0.0000  p
net794                      1.80    0.011    0.000    0.0000      0.0000  p
net867                      1.80    0.073    1.000    0.0000      0.0000  p
net872                      1.80    0.088    0.000    0.0000      0.0000  p
net879                      1.80    0.046    0.000    0.0000      0.0000  p
net882                      1.80    0.068    0.000    0.0000      0.0000  p
net887                      1.80    0.023    0.000    0.0000      0.0000  p
net898                      1.80    0.054    1.000    0.0000      0.0000  p
net906                      1.80    0.018    1.000    0.0000      0.0000  p
net907                      1.80    0.068    1.000    0.0000      0.0000  p
net908                      1.80    0.076    0.000    0.0000      0.0000  p
net911                      1.80    0.027    1.000    0.0000      0.0000  p
net915                      1.80    0.009    1.000    0.0000      0.0000  p
net922                      1.80    0.012    0.000    0.0000      0.0000  p
net923                      1.80    0.053    1.000    0.0000      0.0000  p
net927                      1.80    0.078    0.000    0.0000      0.0000  p
net930                      1.80    0.056    0.000    0.0000      0.0000  p
net931                      1.80    0.066    0.000    0.0000      0.0000  p
net934                      1.80    0.079    0.000    0.0000      0.0000  p
net952                      1.80    0.053    0.000    0.0000      0.0000  p
net953                      1.80    0.074    1.000    0.0000      0.0000  p
net981                      1.80    0.012    0.000    0.0000      0.0000  p
net983                      1.80    0.003    0.000    0.0000      0.0000  p
net986                      1.80    0.006    0.000    0.0000      0.0000  p
net988                      1.80    0.005    0.000    0.0000      0.0000  p
net990                      1.80    0.003    0.000    0.0000      0.0000  p
net994                      1.80    0.006    1.000    0.0000      0.0000  p
out1                        1.80    0.001    1.000    0.0000      0.0000  p
out13                       1.80    0.001    0.000    0.0000      0.0000  p
out14                       1.80    0.001    0.000    0.0000      0.0000  p
out21                       1.80    0.002    0.000    0.0000      0.0000  p
out24                       1.80    0.001    0.000    0.0000      0.0000  p
out29                       1.80    0.001    0.000    0.0000      0.0000  p
out39                       1.80    0.001    1.000    0.0000      0.0000  p
out46                       1.80    0.001    1.000    0.0000      0.0000  p
out47                       1.80    0.001    1.000    0.0000      0.0000  p
out48                       1.80    0.001    0.000    0.0000      0.0000  p
out50                       1.80    0.001    1.000    0.0000      0.0000  p
out54                       1.80    0.001    1.000    0.0000      0.0000  p
out60                       1.80    0.001    0.000    0.0000      0.0000  p
out61                       1.80    0.001    1.000    0.0000      0.0000  p
--------------------------------------------------------------------------------
Total (1225 nets)                                              1.305e-03 Watt



                                      Int      Switch   Leak      Total
Hierarchy                             Power    Power    Power     Power    %
--------------------------------------------------------------------------------
netlist_0                             1.57e-03 1.31e-03 8.27e-09  2.87e-03 100.0
1
