****************************************
Report : Averaged Power
	-net_power
	-hierarchy
	-sort_by net_switching_power
	-power_greater_than       0
	-nosplit
Design : netlist_0
Version: Q-2019.12-SP1
Date   : Tue Jul 30 01:27:53 2024
****************************************



  Attributes
  ----------
      a  -  Switching activity information / Switching power information annotated on net
      p  -  Propagated switching activity information on net
      d  -  Default switching activity used on net
      u  -  Net switching activity uninitialized
      m  -  Net is driven by multiple pins
      b  -  Net is a primary input (boundary net)

		Toggle rates reported with respect to time unit 1ns
--------------------------------------------------------------------------------
                                  Total      Static   Toggle   Switching
Net                         Vdd   Net Load   Prob.    Rate     Power      Attrs
--------------------------------------------------------------------------------
clknet_0_clk                1.80    0.215    0.500    0.1000   3.484e-05  a
net3                        1.80    0.088    0.501    0.1915   2.723e-05  p
net101                      1.80    0.110    0.130    0.1125   2.009e-05  p
net843                      1.80    0.119    0.500    0.1000   1.923e-05  a
net818                      1.80    0.109    0.500    0.1000   1.768e-05  a
net817                      1.80    0.107    0.500    0.1000   1.738e-05  a
net938                      1.80    0.111    0.155    0.0954   1.715e-05  p
net808                      1.80    0.104    0.500    0.1000   1.684e-05  a
net816                      1.80    0.095    0.500    0.1000   1.538e-05  a
net835                      1.80    0.094    0.500    0.1000   1.530e-05  a
net869                      1.80    0.098    0.155    0.0954   1.509e-05  p
net832                      1.80    0.083    0.500    0.1000   1.337e-05  a
clknet_4_14_0_clk           1.80    0.080    0.500    0.1000   1.293e-05  a
net860                      1.80    0.078    0.500    0.1000   1.262e-05  a
clknet_4_13_0_clk           1.80    0.078    0.500    0.1000   1.258e-05  a
clknet_4_4_0_clk            1.80    0.076    0.500    0.1000   1.225e-05  a
net839                      1.80    0.075    0.500    0.1000   1.223e-05  a
net838                      1.80    0.070    0.500    0.1000   1.134e-05  a
clknet_4_6_0_clk            1.80    0.069    0.500    0.1000   1.119e-05  a
net851                      1.80    0.067    0.500    0.1000   1.087e-05  a
net857                      1.80    0.066    0.500    0.1000   1.070e-05  a
clknet_4_3_0_clk            1.80    0.065    0.500    0.1000   1.047e-05  a
net821                      1.80    0.064    0.500    0.1000   1.043e-05  a
clknet_4_2_0_clk            1.80    0.062    0.500    0.1000   1.012e-05  a
clknet_4_12_0_clk           1.80    0.062    0.500    0.1000   1.011e-05  a
net960                      1.80    0.066    0.246    0.0935   9.960e-06  p
net27                       1.80    0.060    0.247    0.0971   9.418e-06  p
net806                      1.80    0.058    0.500    0.1000   9.357e-06  a
clknet_4_7_0_clk            1.80    0.056    0.500    0.1000   9.127e-06  a
net522                      1.80    0.072    0.125    0.0723   8.464e-06  p
clknet_4_8_0_clk            1.80    0.051    0.500    0.1000   8.331e-06  a
net64                       1.80    0.070    0.126    0.0731   8.299e-06  p
net868                      1.80    0.107    0.062    0.0476   8.266e-06  p
net149                      1.80    0.052    0.249    0.0977   8.255e-06  p
net1                        1.80    0.027    0.502    0.1859   8.184e-06  p
net812                      1.80    0.050    0.500    0.1000   8.172e-06  a
net807                      1.80    0.050    0.500    0.1000   8.021e-06  a
net918                      1.80    0.050    0.251    0.0985   8.008e-06  p
clknet_4_0_0_clk            1.80    0.049    0.500    0.1000   7.938e-06  a
net940                      1.80    0.039    0.035    0.1252   7.830e-06  p
clknet_4_1_0_clk            1.80    0.048    0.500    0.1000   7.724e-06  a
net200                      1.80    0.035    0.581    0.1338   7.663e-06  p
net865                      1.80    0.047    0.500    0.1000   7.653e-06  a
net401                      1.80    0.065    0.125    0.0723   7.592e-06  p
clknet_4_11_0_clk           1.80    0.047    0.500    0.1000   7.584e-06  a
clknet_4_15_0_clk           1.80    0.047    0.500    0.1000   7.568e-06  a
net914                      1.80    0.048    0.493    0.0969   7.475e-06  p
net17                       1.80    0.049    0.246    0.0935   7.353e-06  p
net813                      1.80    0.045    0.500    0.1000   7.288e-06  a
net66                       1.80    0.062    0.125    0.0723   7.261e-06  p
clknet_4_5_0_clk            1.80    0.045    0.500    0.1000   7.213e-06  a
clknet_4_9_0_clk            1.80    0.044    0.500    0.1000   7.148e-06  a
net18                       1.80    0.043    0.252    0.1006   7.064e-06  p
net36                       1.80    0.051    0.096    0.0822   6.802e-06  p
net955                      1.80    0.034    0.157    0.1240   6.738e-06  p
net39                       1.80    0.024    0.788    0.1699   6.717e-06  p
net836                      1.80    0.041    0.500    0.1000   6.698e-06  a
net809                      1.80    0.040    0.500    0.1000   6.559e-06  a
net628                      1.80    0.039    0.500    0.1000   6.366e-06  a
net42                       1.80    0.045    0.098    0.0854   6.235e-06  p
net2                        1.80    0.019    0.499    0.1993   6.138e-06  p
net239                      1.80    0.051    0.130    0.0741   6.077e-06  p
net82                       1.80    0.051    0.123    0.0712   5.916e-06  p
net856                      1.80    0.036    0.500    0.1000   5.848e-06  a
net951                      1.80    0.037    0.242    0.0957   5.811e-06  p
net814                      1.80    0.036    0.500    0.1000   5.764e-06  a
net93                       1.80    0.074    0.062    0.0473   5.705e-06  p
clknet_4_10_0_clk           1.80    0.035    0.500    0.1000   5.695e-06  a
net824                      1.80    0.035    0.500    0.1000   5.616e-06  a
net858                      1.80    0.034    0.500    0.1000   5.527e-06  a
net416                      1.80    0.080    0.064    0.0418   5.438e-06  p
net947                      1.80    0.083    0.816    0.0400   5.399e-06  p
net14                       1.80    0.035    0.242    0.0957   5.376e-06  p
net188                      1.80    0.069    0.062    0.0476   5.292e-06  p
net849                      1.80    0.031    0.500    0.1000   5.084e-06  a
net805                      1.80    0.031    0.500    0.1000   5.060e-06  a
net403                      1.80    0.058    0.167    0.0532   4.968e-06  p
net110                      1.80    0.042    0.063    0.0723   4.931e-06  p
net944                      1.80    0.075    0.816    0.0400   4.867e-06  p
net84                       1.80    0.028    0.487    0.1072   4.804e-06  p
net950                      1.80    0.032    0.246    0.0935   4.773e-06  p
net61                       1.80    0.030    0.252    0.0973   4.767e-06  p
net11                       1.80    0.017    0.649    0.1705   4.686e-06  p
net885                      1.80    0.050    0.226    0.0577   4.669e-06  p
net422                      1.80    0.054    0.385    0.0527   4.585e-06  p
net949                      1.80    0.100    0.032    0.0280   4.524e-06  p
net49                       1.80    0.024    0.196    0.1157   4.485e-06  p
net942                      1.80    0.050    0.903    0.0554   4.473e-06  p
net830                      1.80    0.027    0.500    0.1000   4.409e-06  a
net546                      1.80    0.068    0.817    0.0393   4.335e-06  p
net850                      1.80    0.027    0.500    0.1000   4.305e-06  a
net62                       1.80    0.027    0.253    0.0990   4.304e-06  p
net33                       1.80    0.019    0.233    0.1397   4.289e-06  p
net684                      1.80    0.014    0.260    0.1851   4.239e-06  p
net378                      1.80    0.048    0.813    0.0523   4.034e-06  p
net332                      1.80    0.061    0.817    0.0393   3.899e-06  p
net208                      1.80    0.025    0.255    0.0957   3.809e-06  p
clknet_0_net909             1.80    0.023    0.491    0.1020   3.798e-06  p
net810                      1.80    0.023    0.500    0.1000   3.792e-06  a
net68                       1.80    0.024    0.256    0.0976   3.791e-06  p
clknet_1_1__leaf_net870     1.80    0.058    0.816    0.0400   3.747e-06  p
net31                       1.80    0.023    0.156    0.0986   3.658e-06  p
net328                      1.80    0.014    0.507    0.1614   3.584e-06  p
net823                      1.80    0.022    0.500    0.1000   3.554e-06  a
net301                      1.80    0.022    0.503    0.0992   3.536e-06  p
net926                      1.80    0.039    0.903    0.0554   3.534e-06  p
net0                        1.80    0.012    0.499    0.1876   3.525e-06  p
clknet_0_net293             1.80    0.022    0.251    0.0991   3.518e-06  p
net67                       1.80    0.074    0.032    0.0290   3.472e-06  p
net683                      1.80    0.012    0.740    0.1851   3.461e-06  p
net766                      1.80    0.036    0.640    0.0600   3.458e-06  p
clknet_0_net322             1.80    0.021    0.503    0.0992   3.453e-06  p
clknet_0_net206             1.80    0.021    0.491    0.1020   3.430e-06  p
net957                      1.80    0.016    0.678    0.1309   3.377e-06  p
clknet_1_0__leaf_net870     1.80    0.052    0.816    0.0400   3.357e-06  p
net89                       1.80    0.028    0.130    0.0741   3.340e-06  p
net877                      1.80    0.045    0.100    0.0460   3.328e-06  p
net820                      1.80    0.020    0.500    0.1000   3.296e-06  a
clknet_0_net238             1.80    0.020    0.491    0.1020   3.252e-06  p
net811                      1.80    0.020    0.500    0.1000   3.249e-06  a
clknet_0_net793             1.80    0.021    0.480    0.0956   3.242e-06  p
net855                      1.80    0.020    0.500    0.1000   3.239e-06  a
net34                       1.80    0.020    0.250    0.0969   3.216e-06  p
net831                      1.80    0.020    0.500    0.1000   3.216e-06  a
net23                       1.80    0.020    0.255    0.0992   3.190e-06  p
net24                       1.80    0.016    0.187    0.1218   3.189e-06  p
net946                      1.80    0.048    0.816    0.0400   3.127e-06  p
net16                       1.80    0.027    0.122    0.0692   3.064e-06  p
net395                      1.80    0.025    0.273    0.0747   3.053e-06  p
net659                      1.80    0.017    0.491    0.1078   3.038e-06  p
net845                      1.80    0.019    0.500    0.1000   3.033e-06  a
clknet_0_net583             1.80    0.019    0.540    0.0983   3.021e-06  p
clknet_0_net698             1.80    0.020    0.477    0.0950   3.020e-06  p
net873                      1.80    0.058    0.312    0.0320   3.010e-06  p
net909                      1.80    0.018    0.491    0.1020   3.009e-06  p
net954                      1.80    0.015    0.157    0.1240   2.984e-06  p
clknet_0_net699             1.80    0.019    0.492    0.0984   2.968e-06  p
net106                      1.80    0.010    0.260    0.1851   2.962e-06  p
net866                      1.80    0.025    0.266    0.0721   2.959e-06  p
net411                      1.80    0.044    0.816    0.0400   2.876e-06  p
net70                       1.80    0.062    0.032    0.0280   2.807e-06  p
net862                      1.80    0.017    0.500    0.1000   2.704e-06  a
net456                      1.80    0.049    0.066    0.0341   2.691e-06  p
net53                       1.80    0.013    0.585    0.1301   2.675e-06  p
net888                      1.80    0.013    0.157    0.1240   2.640e-06  p
net329                      1.80    0.040    0.050    0.0402   2.638e-06  p
net189                      1.80    0.057    0.032    0.0286   2.629e-06  p
net25                       1.80    0.013    0.187    0.1218   2.617e-06  p
net852                      1.80    0.016    0.500    0.1000   2.578e-06  a
net22                       1.80    0.040    0.954    0.0393   2.541e-06  p
net670                      1.80    0.039    0.500    0.0398   2.539e-06  p
net111                      1.80    0.017    0.130    0.0935   2.528e-06  p
net9                        1.80    0.012    0.678    0.1309   2.527e-06  p
net4                        1.80    0.009    0.539    0.1717   2.495e-06  p
clknet_0_net360             1.80    0.019    0.720    0.0806   2.489e-06  p
net137                      1.80    0.020    0.547    0.0785   2.483e-06  p
net815                      1.80    0.015    0.500    0.1000   2.477e-06  a
net293                      1.80    0.015    0.251    0.0991   2.445e-06  p
net100                      1.80    0.009    0.248    0.1728   2.414e-06  p
net846                      1.80    0.015    0.500    0.1000   2.364e-06  a
net310                      1.80    0.037    0.817    0.0393   2.341e-06  p
clknet_0_net773             1.80    0.018    0.403    0.0783   2.341e-06  p
net96                       1.80    0.014    0.168    0.1015   2.295e-06  p
clknet_0_net621             1.80    0.020    0.204    0.0697   2.273e-06  p
clknet_0_net870             1.80    0.035    0.816    0.0400   2.271e-06  p
net121                      1.80    0.014    0.509    0.1018   2.261e-06  p
net327                      1.80    0.035    0.817    0.0393   2.257e-06  p
net864                      1.80    0.014    0.500    0.1000   2.251e-06  a
net694                      1.80    0.018    0.547    0.0785   2.235e-06  p
net165                      1.80    0.044    0.542    0.0310   2.233e-06  p
net83                       1.80    0.014    0.261    0.0982   2.226e-06  p
net503                      1.80    0.015    0.228    0.0935   2.215e-06  p
net945                      1.80    0.034    0.816    0.0400   2.189e-06  p
net414                      1.80    0.023    0.370    0.0593   2.168e-06  p
net837                      1.80    0.013    0.500    0.1000   2.154e-06  a
net745                      1.80    0.043    0.536    0.0310   2.152e-06  p
net38                       1.80    0.012    0.124    0.1048   2.105e-06  p
clknet_1_0__leaf_net909     1.80    0.012    0.491    0.1020   2.059e-06  p
net848                      1.80    0.013    0.500    0.1000   2.035e-06  a
net712                      1.80    0.031    0.817    0.0393   2.001e-06  p
net354                      1.80    0.010    0.449    0.1262   1.993e-06  p
net819                      1.80    0.012    0.500    0.1000   1.984e-06  a
net698                      1.80    0.012    0.477    0.0950   1.922e-06  p
clknet_0_net756             1.80    0.020    0.296    0.0598   1.916e-06  p
net15                       1.80    0.012    0.247    0.0976   1.910e-06  p
net435                      1.80    0.060    0.472    0.0195   1.905e-06  p
net158                      1.80    0.015    0.547    0.0785   1.891e-06  p
net113                      1.80    0.009    0.035    0.1252   1.885e-06  p
net827                      1.80    0.012    0.500    0.1000   1.868e-06  a
net884                      1.80    0.052    0.533    0.0224   1.866e-06  p
net427                      1.80    0.024    0.430    0.0471   1.828e-06  p
net20                       1.80    0.017    0.097    0.0652   1.783e-06  p
net319                      1.80    0.011    0.492    0.1008   1.782e-06  p
net958                      1.80    0.017    0.097    0.0652   1.780e-06  p
net119                      1.80    0.006    0.260    0.1851   1.775e-06  p
net13                       1.80    0.008    0.604    0.1308   1.765e-06  p
net962                      1.80    0.011    0.242    0.0957   1.732e-06  p
net863                      1.80    0.011    0.500    0.1000   1.729e-06  a
net128                      1.80    0.013    0.547    0.0785   1.706e-06  p
net148                      1.80    0.013    0.547    0.0785   1.686e-06  p
net844                      1.80    0.010    0.500    0.1000   1.685e-06  a
net488                      1.80    0.019    0.903    0.0554   1.673e-06  p
net773                      1.80    0.013    0.403    0.0783   1.671e-06  p
net97                       1.80    0.006    0.244    0.1688   1.669e-06  p
net26                       1.80    0.024    0.052    0.0424   1.655e-06  p
net825                      1.80    0.010    0.500    0.1000   1.638e-06  a
net129                      1.80    0.008    0.446    0.1188   1.609e-06  p
net206                      1.80    0.010    0.491    0.1020   1.609e-06  p
net859                      1.80    0.010    0.500    0.1000   1.601e-06  a
clknet_1_0__leaf_net206     1.80    0.010    0.491    0.1020   1.600e-06  p
net876                      1.80    0.015    0.492    0.0665   1.596e-06  p
net801                      1.80    0.026    0.289    0.0376   1.590e-06  p
net10                       1.80    0.007    0.360    0.1343   1.577e-06  p
net306                      1.80    0.024    0.500    0.0398   1.546e-06  p
net511                      1.80    0.008    0.143    0.1177   1.546e-06  p
net880                      1.80    0.057    0.015    0.0164   1.523e-06  p
net322                      1.80    0.009    0.503    0.0992   1.523e-06  p
net793                      1.80    0.010    0.480    0.0956   1.521e-06  p
net95                       1.80    0.008    0.627    0.1241   1.519e-06  p
net583                      1.80    0.010    0.540    0.0983   1.517e-06  p
clknet_0_net897             1.80    0.019    0.247    0.0500   1.503e-06  p
clknet_1_1__leaf_net909     1.80    0.009    0.491    0.1020   1.501e-06  p
net841                      1.80    0.009    0.500    0.1000   1.501e-06  a
net162                      1.80    0.013    0.066    0.0725   1.481e-06  p
net238                      1.80    0.009    0.491    0.1020   1.475e-06  p
net699                      1.80    0.009    0.492    0.0984   1.470e-06  p
net28                       1.80    0.009    0.156    0.0986   1.458e-06  p
net870                      1.80    0.022    0.816    0.0400   1.456e-06  p
net636                      1.80    0.007    0.543    0.1251   1.423e-06  p
net875                      1.80    0.082    0.008    0.0106   1.412e-06  p
net376                      1.80    0.038    0.333    0.0228   1.391e-06  p
clknet_0_net397             1.80    0.011    0.639    0.0753   1.375e-06  p
net248                      1.80    0.011    0.129    0.0742   1.366e-06  p
net894                      1.80    0.028    0.033    0.0294   1.346e-06  p
net151                      1.80    0.013    0.923    0.0611   1.333e-06  p
net147                      1.80    0.028    0.030    0.0293   1.325e-06  p
net462                      1.80    0.009    0.480    0.0956   1.323e-06  p
net186                      1.80    0.007    0.485    0.1102   1.322e-06  p
net840                      1.80    0.008    0.500    0.1000   1.309e-06  a
net905                      1.80    0.008    0.161    0.1032   1.308e-06  p
net369                      1.80    0.008    0.480    0.0956   1.307e-06  p
net956                      1.80    0.006    0.157    0.1240   1.304e-06  p
net397                      1.80    0.011    0.639    0.0753   1.282e-06  p
net122                      1.80    0.004    0.828    0.2116   1.271e-06  p
net847                      1.80    0.008    0.500    0.1000   1.267e-06  a
net104                      1.80    0.010    0.885    0.0798   1.263e-06  p
clknet_1_0__leaf_net293     1.80    0.008    0.251    0.0991   1.263e-06  p
net557                      1.80    0.029    0.024    0.0267   1.259e-06  p
net377                      1.80    0.034    0.667    0.0228   1.255e-06  p
net360                      1.80    0.009    0.720    0.0806   1.229e-06  p
net44                       1.80    0.005    0.398    0.1627   1.214e-06  p
net29                       1.80    0.008    0.156    0.0986   1.212e-06  p
net307                      1.80    0.019    0.500    0.0398   1.209e-06  p
net961                      1.80    0.010    0.639    0.0753   1.204e-06  p
net744                      1.80    0.036    0.593    0.0207   1.201e-06  p
net404                      1.80    0.062    0.952    0.0119   1.197e-06  p
net963                      1.80    0.008    0.242    0.0957   1.186e-06  p
net756                      1.80    0.012    0.296    0.0598   1.185e-06  p
net303                      1.80    0.008    0.247    0.0951   1.176e-06  p
net73                       1.80    0.007    0.495    0.1012   1.172e-06  p
net324                      1.80    0.013    0.084    0.0559   1.172e-06  p
net853                      1.80    0.007    0.500    0.1000   1.164e-06  a
net413                      1.80    0.023    0.438    0.0307   1.153e-06  p
clknet_1_0__leaf_net583     1.80    0.007    0.540    0.0983   1.143e-06  p
clknet_0_net757             1.80    0.019    0.196    0.0373   1.143e-06  p
net50                       1.80    0.019    0.038    0.0367   1.126e-06  p
clknet_0_net561             1.80    0.020    0.068    0.0345   1.116e-06  p
net904                      1.80    0.008    0.139    0.0840   1.112e-06  p
net124                      1.80    0.007    0.789    0.1044   1.107e-06  p
net19                       1.80    0.017    0.952    0.0394   1.105e-06  p
net276                      1.80    0.061    0.048    0.0110   1.095e-06  p
net890                      1.80    0.079    0.943    0.0085   1.088e-06  p
net43                       1.80    0.007    0.251    0.0975   1.074e-06  p
net46                       1.80    0.009    0.125    0.0714   1.058e-06  p
net412                      1.80    0.021    0.562    0.0307   1.056e-06  p
net781                      1.80    0.024    0.169    0.0272   1.053e-06  p
net529                      1.80    0.016    0.184    0.0400   1.052e-06  p
net510                      1.80    0.011    0.879    0.0602   1.035e-06  p
net632                      1.80    0.008    0.927    0.0815   1.033e-06  p
net711                      1.80    0.011    0.721    0.0594   1.030e-06  p
net833                      1.80    0.006    0.500    0.1000   1.022e-06  a
net779                      1.80    0.020    0.235    0.0310   1.018e-06  p
net63                       1.80    0.009    0.130    0.0723   1.016e-06  p
net783                      1.80    0.026    0.111    0.0241   1.012e-06  p
net826                      1.80    0.006    0.500    0.1000   1.011e-06  a
net854                      1.80    0.006    0.500    0.1000   1.010e-06  a
clknet_0_net590             1.80    0.020    0.769    0.0311   1.009e-06  p
net999                      1.80    0.006    0.124    0.1048   9.863e-07  p
net12                       1.80    0.004    0.375    0.1695   9.800e-07  p
net281                      1.80    0.010    0.226    0.0577   9.650e-07  p
net780                      1.80    0.019    0.763    0.0308   9.541e-07  p
net475                      1.80    0.011    0.843    0.0558   9.531e-07  p
net621                      1.80    0.008    0.204    0.0697   9.516e-07  p
net373                      1.80    0.041    0.279    0.0141   9.411e-07  p
net72                       1.80    0.034    0.016    0.0170   9.392e-07  p
clknet_0_net587             1.80    0.020    0.813    0.0279   9.196e-07  p
net496                      1.80    0.010    0.102    0.0573   9.187e-07  p
net842                      1.80    0.006    0.500    0.1000   9.184e-07  a
net822                      1.80    0.006    0.500    0.1000   9.070e-07  a
net6                        1.80    0.014    0.049    0.0410   9.012e-07  p
net498                      1.80    0.007    0.527    0.0752   8.899e-07  p
clknet_0_net517             1.80    0.020    0.080    0.0269   8.840e-07  p
net489                      1.80    0.010    0.097    0.0554   8.808e-07  p
net762                      1.80    0.012    0.168    0.0446   8.794e-07  p
net433                      1.80    0.013    0.011    0.0410   8.629e-07  p
net77                       1.80    0.009    0.078    0.0618   8.548e-07  p
clknet_1_1__leaf_net698     1.80    0.006    0.477    0.0950   8.523e-07  p
net757                      1.80    0.014    0.196    0.0373   8.502e-07  p
clknet_0_net719             1.80    0.020    0.117    0.0257   8.385e-07  p
net88                       1.80    0.052    0.008    0.0099   8.321e-07  p
net75                       1.80    0.051    0.008    0.0100   8.317e-07  p
net565                      1.80    0.062    0.945    0.0082   8.231e-07  p
net518                      1.80    0.005    0.509    0.0993   8.148e-07  p
net941                      1.80    0.062    0.954    0.0080   8.052e-07  p
clknet_0_net925             1.80    0.018    0.897    0.0270   8.040e-07  p
clknet_1_1__leaf_net322     1.80    0.005    0.503    0.0992   7.970e-07  p
net423                      1.80    0.009    0.798    0.0521   7.804e-07  p
net897                      1.80    0.010    0.247    0.0500   7.717e-07  p
net925                      1.80    0.018    0.897    0.0270   7.694e-07  p
net91                       1.80    0.029    0.015    0.0165   7.652e-07  p
clknet_1_0__leaf_net793     1.80    0.005    0.480    0.0956   7.565e-07  p
net966                      1.80    0.005    0.242    0.0957   7.542e-07  p
net547                      1.80    0.013    0.049    0.0345   7.521e-07  p
clknet_1_0__leaf_net773     1.80    0.006    0.403    0.0783   7.465e-07  p
net187                      1.80    0.010    0.062    0.0476   7.415e-07  p
clknet_1_1__leaf_net399     1.80    0.018    0.402    0.0247   7.402e-07  p
clknet_0_net399             1.80    0.018    0.402    0.0247   7.357e-07  p
clknet_1_0__leaf_net897     1.80    0.009    0.247    0.0500   7.350e-07  p
net230                      1.80    0.005    0.258    0.0946   7.342e-07  p
clknet_1_1__leaf_net293     1.80    0.005    0.251    0.0991   7.341e-07  p
net76                       1.80    0.026    0.017    0.0170   7.140e-07  p
net763                      1.80    0.023    0.958    0.0187   7.065e-07  p
net743                      1.80    0.012    0.225    0.0373   6.991e-07  p
net102                      1.80    0.075    0.007    0.0056   6.836e-07  p
net917                      1.80    0.036    0.051    0.0117   6.834e-07  p
net353                      1.80    0.010    0.053    0.0406   6.825e-07  p
net201                      1.80    0.024    0.017    0.0170   6.731e-07  p
net103                      1.80    0.069    0.992    0.0060   6.708e-07  p
clknet_1_1__leaf_net621     1.80    0.006    0.204    0.0697   6.686e-07  p
net588                      1.80    0.003    0.164    0.1377   6.653e-07  p
net642                      1.80    0.004    0.508    0.1129   6.650e-07  p
net90                       1.80    0.015    0.029    0.0276   6.610e-07  p
net441                      1.80    0.005    0.283    0.0812   6.606e-07  p
net474                      1.80    0.004    0.496    0.1003   6.599e-07  p
net140                      1.80    0.015    0.213    0.0269   6.581e-07  p
net184                      1.80    0.004    0.492    0.0991   6.542e-07  p
net802                      1.80    0.007    0.226    0.0577   6.531e-07  p
net531                      1.80    0.035    0.045    0.0115   6.508e-07  p
net761                      1.80    0.009    0.829    0.0448   6.474e-07  p
net672                      1.80    0.004    0.241    0.0953   6.441e-07  p
net614                      1.80    0.005    0.522    0.0749   6.378e-07  p
net561                      1.80    0.011    0.068    0.0345   6.377e-07  p
net205                      1.80    0.013    0.032    0.0302   6.374e-07  p
net185                      1.80    0.015    0.026    0.0260   6.352e-07  p
net92                       1.80    0.070    0.004    0.0056   6.343e-07  p
clknet_1_0__leaf_net699     1.80    0.004    0.492    0.0984   6.314e-07  p
net383                      1.80    0.007    0.893    0.0537   6.239e-07  p
net35                       1.80    0.036    0.008    0.0106   6.230e-07  p
net485                      1.80    0.009    0.919    0.0432   6.199e-07  p
net154                      1.80    0.032    0.949    0.0117   6.177e-07  p
clknet_1_1__leaf_net793     1.80    0.004    0.480    0.0956   6.082e-07  p
net493                      1.80    0.007    0.843    0.0559   6.067e-07  p
net669                      1.80    0.003    0.164    0.1377   6.038e-07  p
net132                      1.80    0.004    0.243    0.0958   6.031e-07  p
net548                      1.80    0.047    0.044    0.0080   5.997e-07  p
clknet_1_0__leaf_net925     1.80    0.014    0.897    0.0270   5.975e-07  p
net388                      1.80    0.006    0.222    0.0586   5.929e-07  p
net517                      1.80    0.014    0.080    0.0269   5.885e-07  p
net965                      1.80    0.004    0.242    0.0957   5.824e-07  p
clknet_1_0__leaf_net621     1.80    0.005    0.204    0.0697   5.812e-07  p
net399                      1.80    0.014    0.402    0.0247   5.774e-07  p
net620                      1.80    0.004    0.370    0.0812   5.766e-07  p
net901                      1.80    0.016    0.512    0.0224   5.743e-07  p
net996                      1.80    0.004    0.547    0.0785   5.703e-07  p
net289                      1.80    0.003    0.497    0.1022   5.698e-07  p
net242                      1.80    0.010    0.037    0.0339   5.675e-07  p
net721                      1.80    0.008    0.132    0.0432   5.489e-07  p
clknet_1_0__leaf_net756     1.80    0.006    0.296    0.0598   5.469e-07  p
net742                      1.80    0.009    0.772    0.0375   5.454e-07  p
net152                      1.80    0.015    0.020    0.0228   5.427e-07  p
net209                      1.80    0.056    0.005    0.0059   5.382e-07  p
net502                      1.80    0.004    0.275    0.0747   5.379e-07  p
clknet_1_1__leaf_net206     1.80    0.003    0.491    0.1020   5.312e-07  p
clknet_1_0__leaf_net757     1.80    0.009    0.196    0.0373   5.279e-07  p
net428                      1.80    0.005    0.387    0.0651   5.270e-07  p
net515                      1.80    0.003    0.636    0.0941   5.268e-07  p
clknet_1_1__leaf_net699     1.80    0.003    0.492    0.0984   5.194e-07  p
net587                      1.80    0.011    0.813    0.0279   5.190e-07  p
net318                      1.80    0.004    0.144    0.0848   5.186e-07  p
clknet_1_0__leaf_net322     1.80    0.003    0.503    0.0992   5.185e-07  p
net507                      1.80    0.003    0.158    0.1067   5.157e-07  p
clknet_0_net316             1.80    0.020    0.984    0.0158   5.155e-07  p
net590                      1.80    0.010    0.769    0.0311   5.094e-07  p
clknet_1_1__leaf_net773     1.80    0.004    0.403    0.0783   5.048e-07  p
net69                       1.80    0.018    0.016    0.0170   5.017e-07  p
net164                      1.80    0.003    0.544    0.0934   5.011e-07  p
net834                      1.80    0.003    0.500    0.1000   5.011e-07  a
net527                      1.80    0.020    0.045    0.0156   4.960e-07  p
net586                      1.80    0.003    0.580    0.0971   4.938e-07  p
net65                       1.80    0.010    0.033    0.0293   4.862e-07  p
net426                      1.80    0.016    0.023    0.0187   4.861e-07  p
clknet_1_1__leaf_net238     1.80    0.003    0.491    0.1020   4.844e-07  p
net959                      1.80    0.007    0.952    0.0394   4.781e-07  p
net271                      1.80    0.013    0.086    0.0232   4.779e-07  p
clknet_1_1__leaf_net756     1.80    0.005    0.296    0.0598   4.763e-07  p
net615                      1.80    0.004    0.524    0.0762   4.753e-07  p
net410                      1.80    0.025    0.045    0.0115   4.661e-07  p
net657                      1.80    0.003    0.230    0.0942   4.615e-07  p
net247                      1.80    0.003    0.258    0.0950   4.606e-07  p
net689                      1.80    0.012    0.879    0.0237   4.600e-07  p
net746                      1.80    0.020    0.088    0.0142   4.600e-07  p
clknet_1_0__leaf_net698     1.80    0.003    0.477    0.0950   4.588e-07  p
clknet_1_0__leaf_net360     1.80    0.004    0.720    0.0806   4.572e-07  p
net468                      1.80    0.003    0.506    0.0989   4.533e-07  p
net735                      1.80    0.016    0.480    0.0178   4.487e-07  p
net235                      1.80    0.028    0.009    0.0099   4.483e-07  p
net719                      1.80    0.011    0.117    0.0257   4.483e-07  p
net765                      1.80    0.005    0.229    0.0554   4.446e-07  p
net314                      1.80    0.007    0.816    0.0400   4.435e-07  p
net447                      1.80    0.003    0.499    0.0997   4.427e-07  p
net919                      1.80    0.007    0.817    0.0393   4.417e-07  p
net30                       1.80    0.002    0.336    0.1308   4.403e-07  p
net21                       1.80    0.007    0.049    0.0409   4.392e-07  p
net244                      1.80    0.003    0.254    0.0966   4.378e-07  p
net125                      1.80    0.031    0.007    0.0087   4.363e-07  p
net32                       1.80    0.003    0.161    0.1005   4.352e-07  p
clknet_1_1__leaf_net517     1.80    0.010    0.080    0.0269   4.290e-07  p
net193                      1.80    0.009    0.032    0.0286   4.269e-07  p
net948                      1.80    0.070    0.007    0.0037   4.236e-07  p
net361                      1.80    0.006    0.895    0.0450   4.188e-07  p
net542                      1.80    0.026    0.008    0.0100   4.180e-07  p
clknet_1_0__leaf_net238     1.80    0.003    0.491    0.1020   4.173e-07  p
net294                      1.80    0.009    0.032    0.0290   4.143e-07  p
clknet_1_1__leaf_net757     1.80    0.007    0.196    0.0373   4.140e-07  p
net514                      1.80    0.003    0.231    0.0929   4.136e-07  p
net730                      1.80    0.011    0.446    0.0227   4.134e-07  p
clknet_1_1__leaf_net397     1.80    0.003    0.639    0.0753   4.125e-07  p
net313                      1.80    0.006    0.816    0.0400   4.122e-07  p
clknet_1_1__leaf_net925     1.80    0.009    0.897    0.0270   4.120e-07  p
net87                       1.80    0.015    0.016    0.0167   4.093e-07  p
clknet_1_1__leaf_net360     1.80    0.003    0.720    0.0806   4.086e-07  p
net622                      1.80    0.004    0.130    0.0555   4.042e-07  p
net370                      1.80    0.007    0.289    0.0376   4.034e-07  p
net270                      1.80    0.011    0.914    0.0232   3.997e-07  p
net272                      1.80    0.002    0.242    0.0986   3.964e-07  p
net241                      1.80    0.003    0.258    0.0948   3.934e-07  p
net506                      1.80    0.003    0.187    0.0848   3.916e-07  p
net7                        1.80    0.015    0.015    0.0164   3.898e-07  p
net396                      1.80    0.005    0.518    0.0443   3.891e-07  p
clknet_1_0__leaf_net399     1.80    0.010    0.402    0.0247   3.865e-07  p
net560                      1.80    0.007    0.069    0.0349   3.794e-07  p
net240                      1.80    0.027    0.012    0.0086   3.784e-07  p
net37                       1.80    0.017    0.011    0.0133   3.723e-07  p
net438                      1.80    0.005    0.121    0.0429   3.706e-07  p
net582                      1.80    0.003    0.389    0.0776   3.704e-07  p
net964                      1.80    0.002    0.242    0.0957   3.698e-07  p
net203                      1.80    0.019    0.011    0.0120   3.693e-07  p
net829                      1.80    0.002    0.500    0.1000   3.690e-07  a
net504                      1.80    0.004    0.205    0.0596   3.686e-07  p
net640                      1.80    0.003    0.092    0.0853   3.675e-07  p
net501                      1.80    0.005    0.180    0.0445   3.654e-07  p
net975                      1.80    0.002    0.485    0.0995   3.626e-07  p
net585                      1.80    0.002    0.536    0.0982   3.594e-07  p
net45                       1.80    0.007    0.025    0.0303   3.566e-07  p
out3                        1.80    0.002    0.157    0.1240   3.561e-07  p
net993                      1.80    0.004    0.226    0.0577   3.534e-07  p
clknet_0_net540             1.80    0.019    0.057    0.0114   3.439e-07  p
clknet_0_net792             1.80    0.019    0.057    0.0114   3.422e-07  p
net443                      1.80    0.014    0.826    0.0156   3.415e-07  p
net968                      1.80    0.009    0.556    0.0230   3.408e-07  p
net509                      1.80    0.004    0.085    0.0470   3.396e-07  p
net85                       1.80    0.005    0.061    0.0458   3.378e-07  p
net663                      1.80    0.005    0.941    0.0437   3.369e-07  p
net660                      1.80    0.012    0.947    0.0172   3.367e-07  p
net579                      1.80    0.002    0.505    0.1007   3.331e-07  p
clknet_1_1__leaf_net583     1.80    0.002    0.540    0.0983   3.294e-07  p
net446                      1.80    0.005    0.184    0.0400   3.289e-07  p
net126                      1.80    0.007    0.029    0.0278   3.280e-07  p
net316                      1.80    0.013    0.984    0.0158   3.280e-07  p
clknet_1_0__leaf_net587     1.80    0.007    0.813    0.0279   3.273e-07  p
net861                      1.80    0.002    0.500    0.1000   3.258e-07  a
net392                      1.80    0.004    0.355    0.0484   3.201e-07  p
net734                      1.80    0.008    0.556    0.0230   3.164e-07  p
net571                      1.80    0.004    0.811    0.0452   3.124e-07  p
net677                      1.80    0.009    0.245    0.0212   3.123e-07  p
net643                      1.80    0.002    0.127    0.0835   3.118e-07  p
net551                      1.80    0.024    0.954    0.0080   3.114e-07  p
net883                      1.80    0.010    0.362    0.0198   3.106e-07  p
net290                      1.80    0.003    0.292    0.0709   3.099e-07  p
net828                      1.80    0.002    0.500    0.1000   3.099e-07  a
net939                      1.80    0.089    0.001    0.0021   3.050e-07  p
net611                      1.80    0.002    0.429    0.0932   3.043e-07  p
net543                      1.80    0.007    0.032    0.0280   3.030e-07  p
clknet_1_0__leaf_net517     1.80    0.007    0.080    0.0269   3.020e-07  p
net157                      1.80    0.009    0.019    0.0215   2.974e-07  p
net558                      1.80    0.005    0.053    0.0375   2.943e-07  p
net172                      1.80    0.003    0.240    0.0587   2.923e-07  p
net995                      1.80    0.005    0.225    0.0373   2.897e-07  p
clknet_1_0__leaf_net397     1.80    0.002    0.639    0.0753   2.848e-07  p
net40                       1.80    0.002    0.072    0.0810   2.846e-07  p
net891                      1.80    0.026    0.068    0.0067   2.844e-07  p
net752                      1.80    0.015    0.656    0.0119   2.826e-07  p
net86                       1.80    0.004    0.055    0.0451   2.818e-07  p
net320                      1.80    0.031    0.004    0.0055   2.805e-07  p
clknet_0_net381             1.80    0.019    0.963    0.0089   2.794e-07  p
net776                      1.80    0.006    0.815    0.0276   2.789e-07  p
net601                      1.80    0.004    0.806    0.0400   2.785e-07  p
net145                      1.80    0.002    0.552    0.0812   2.764e-07  p
clknet_1_1__leaf_net590     1.80    0.005    0.769    0.0311   2.762e-07  p
net715                      1.80    0.024    0.923    0.0071   2.761e-07  p
net656                      1.80    0.003    0.297    0.0555   2.760e-07  p
net439                      1.80    0.004    0.052    0.0399   2.734e-07  p
net94                       1.80    0.030    0.004    0.0056   2.669e-07  p
clknet_1_1__leaf_net897     1.80    0.003    0.247    0.0500   2.654e-07  p
net710                      1.80    0.031    0.989    0.0053   2.654e-07  p
net123                      1.80    0.003    0.039    0.0496   2.587e-07  p
net5                        1.80    0.004    0.049    0.0409   2.564e-07  p
net655                      1.80    0.005    0.030    0.0321   2.560e-07  p
net74                       1.80    0.010    0.984    0.0163   2.551e-07  p
net472                      1.80    0.010    0.697    0.0155   2.541e-07  p
net608                      1.80    0.006    0.915    0.0260   2.523e-07  p
net144                      1.80    0.007    0.977    0.0229   2.484e-07  p
clknet_1_1__leaf_net561     1.80    0.004    0.068    0.0345   2.482e-07  p
net729                      1.80    0.007    0.546    0.0229   2.431e-07  p
net473                      1.80    0.010    0.296    0.0153   2.376e-07  p
clknet_1_1__leaf_net719     1.80    0.006    0.117    0.0257   2.364e-07  p
net997                      1.80    0.007    0.533    0.0223   2.358e-07  p
net895                      1.80    0.022    0.069    0.0065   2.346e-07  p
net382                      1.80    0.005    0.501    0.0308   2.296e-07  p
net792                      1.80    0.012    0.057    0.0114   2.295e-07  p
net574                      1.80    0.038    0.004    0.0037   2.279e-07  p
net605                      1.80    0.005    0.828    0.0276   2.277e-07  p
net139                      1.80    0.005    0.785    0.0270   2.254e-07  p
net900                      1.80    0.025    0.933    0.0055   2.249e-07  p
net635                      1.80    0.003    0.056    0.0473   2.239e-07  p
net602                      1.80    0.004    0.136    0.0336   2.218e-07  p
net138                      1.80    0.011    0.989    0.0127   2.213e-07  p
net440                      1.80    0.003    0.121    0.0424   2.191e-07  p
net704                      1.80    0.010    0.816    0.0131   2.185e-07  p
net159                      1.80    0.009    0.021    0.0147   2.179e-07  p
net381                      1.80    0.015    0.963    0.0089   2.162e-07  p
net420                      1.80    0.003    0.507    0.0462   2.147e-07  p
net770                      1.80    0.030    0.048    0.0044   2.136e-07  p
net782                      1.80    0.004    0.773    0.0324   2.128e-07  p
net229                      1.80    0.015    0.012    0.0086   2.104e-07  p
net920                      1.80    0.003    0.289    0.0376   2.095e-07  p
net910                      1.80    0.035    0.003    0.0036   2.072e-07  p
net190                      1.80    0.047    0.002    0.0027   2.072e-07  p
net408                      1.80    0.011    0.952    0.0119   2.062e-07  p
net79                       1.80    0.037    0.002    0.0035   2.057e-07  p
net379                      1.80    0.004    0.496    0.0340   2.038e-07  p
net52                       1.80    0.041    0.002    0.0031   2.019e-07  p
net593                      1.80    0.004    0.235    0.0310   1.998e-07  p
net500                      1.80    0.003    0.362    0.0447   1.994e-07  p
net536                      1.80    0.006    0.054    0.0210   1.973e-07  p
net598                      1.80    0.003    0.780    0.0478   1.952e-07  p
net41                       1.80    0.031    0.002    0.0039   1.935e-07  p
clknet_0_net302             1.80    0.020    0.004    0.0058   1.925e-07  p
net521                      1.80    0.012    0.008    0.0100   1.907e-07  p
net929                      1.80    0.131    0.000    0.0009   1.903e-07  p
net594                      1.80    0.035    0.020    0.0033   1.867e-07  p
net651                      1.80    0.003    0.184    0.0400   1.840e-07  p
net409                      1.80    0.011    0.992    0.0100   1.831e-07  p
net720                      1.80    0.003    0.864    0.0432   1.815e-07  p
net387                      1.80    0.002    0.756    0.0536   1.814e-07  p
out45                       1.80    0.001    0.161    0.1032   1.803e-07  p
net612                      1.80    0.003    0.096    0.0423   1.790e-07  p
net595                      1.80    0.031    0.976    0.0036   1.785e-07  p
net604                      1.80    0.003    0.159    0.0348   1.782e-07  p
net81                       1.80    0.012    0.009    0.0094   1.769e-07  p
net892                      1.80    0.029    0.007    0.0037   1.768e-07  p
net785                      1.80    0.009    0.818    0.0124   1.765e-07  p
net650                      1.80    0.003    0.816    0.0400   1.747e-07  p
net539                      1.80    0.005    0.060    0.0223   1.746e-07  p
net589                      1.80    0.002    0.770    0.0445   1.734e-07  p
net597                      1.80    0.003    0.182    0.0416   1.722e-07  p
net778                      1.80    0.004    0.187    0.0276   1.716e-07  p
net195                      1.80    0.049    0.001    0.0021   1.683e-07  p
net552                      1.80    0.014    0.009    0.0075   1.681e-07  p
net578                      1.80    0.041    0.957    0.0025   1.678e-07  p
net538                      1.80    0.026    0.024    0.0040   1.674e-07  p
out53                       1.80    0.001    0.493    0.0969   1.673e-07  p
net445                      1.80    0.003    0.816    0.0400   1.659e-07  p
net1000                     1.80    0.026    0.002    0.0039   1.629e-07  p
net874                      1.80    0.088    0.983    0.0011   1.620e-07  p
net600                      1.80    0.003    0.116    0.0387   1.615e-07  p
net391                      1.80    0.003    0.600    0.0350   1.614e-07  p
net296                      1.80    0.006    0.016    0.0157   1.606e-07  p
net777                      1.80    0.004    0.182    0.0274   1.583e-07  p
net553                      1.80    0.012    0.991    0.0078   1.575e-07  p
net394                      1.80    0.005    0.407    0.0207   1.569e-07  p
net580                      1.80    0.002    0.791    0.0399   1.558e-07  p
net550                      1.80    0.011    0.943    0.0085   1.555e-07  p
clknet_1_1__leaf_net316     1.80    0.006    0.984    0.0158   1.545e-07  p
net725                      1.80    0.007    0.110    0.0127   1.523e-07  p
out0                        1.80    0.001    0.266    0.0721   1.515e-07  p
net707                      1.80    0.005    0.111    0.0184   1.513e-07  p
net973                      1.80    0.005    0.472    0.0195   1.507e-07  p
net48                       1.80    0.004    0.023    0.0257   1.498e-07  p
net170                      1.80    0.002    0.941    0.0437   1.485e-07  p
net758                      1.80    0.003    0.180    0.0332   1.485e-07  p
net700                      1.80    0.005    0.636    0.0197   1.484e-07  p
net540                      1.80    0.008    0.057    0.0114   1.476e-07  p
net559                      1.80    0.002    0.815    0.0441   1.462e-07  p
out44                       1.80    0.001    0.139    0.0840   1.460e-07  p
net575                      1.80    0.024    0.996    0.0037   1.439e-07  p
net421                      1.80    0.003    0.084    0.0272   1.437e-07  p
net984                      1.80    0.006    0.279    0.0141   1.435e-07  p
net886                      1.80    0.024    0.007    0.0037   1.430e-07  p
out49                       1.80    0.001    0.491    0.1020   1.428e-07  p
net928                      1.80    0.090    1.000    0.0010   1.418e-07  p
net213                      1.80    0.041    0.001    0.0021   1.417e-07  p
net491                      1.80    0.015    0.008    0.0059   1.403e-07  p
out19                       1.80    0.001    0.492    0.0665   1.394e-07  p
net98                       1.80    0.015    0.005    0.0057   1.378e-07  p
net532                      1.80    0.007    0.952    0.0119   1.366e-07  p
clknet_1_0__leaf_net590     1.80    0.003    0.769    0.0311   1.335e-07  p
clknet_1_0__leaf_net719     1.80    0.003    0.117    0.0257   1.331e-07  p
net625                      1.80    0.006    0.913    0.0145   1.328e-07  p
net492                      1.80    0.005    0.971    0.0181   1.325e-07  p
out57                       1.80    0.001    0.251    0.0985   1.321e-07  p
net610                      1.80    0.008    0.966    0.0105   1.320e-07  p
net618                      1.80    0.002    0.094    0.0423   1.314e-07  p
net687                      1.80    0.007    0.045    0.0115   1.311e-07  p
net921                      1.80    0.066    0.999    0.0012   1.304e-07  p
net497                      1.80    0.004    0.954    0.0208   1.296e-07  p
net933                      1.80    0.088    0.000    0.0009   1.274e-07  p
net708                      1.80    0.004    0.884    0.0184   1.268e-07  p
net508                      1.80    0.003    0.958    0.0299   1.253e-07  p
net47                       1.80    0.005    0.014    0.0161   1.249e-07  p
clknet_1_0__leaf_net561     1.80    0.002    0.068    0.0345   1.230e-07  p
net513                      1.80    0.004    0.958    0.0187   1.228e-07  p
net130                      1.80    0.023    0.995    0.0032   1.219e-07  p
net481                      1.80    0.013    0.009    0.0057   1.201e-07  p
net971                      1.80    0.004    0.480    0.0178   1.189e-07  p
clknet_0_net736             1.80    0.018    0.019    0.0040   1.181e-07  p
net134                      1.80    0.066    1.000    0.0011   1.181e-07  p
net623                      1.80    0.006    0.874    0.0132   1.176e-07  p
net153                      1.80    0.002    0.029    0.0292   1.175e-07  p
net483                      1.80    0.003    0.665    0.0230   1.164e-07  p
net375                      1.80    0.003    0.555    0.0228   1.156e-07  p
net791                      1.80    0.008    0.109    0.0089   1.151e-07  p
net648                      1.80    0.003    0.024    0.0234   1.146e-07  p
net417                      1.80    0.013    0.988    0.0055   1.141e-07  p
net943                      1.80    0.069    0.001    0.0010   1.134e-07  p
clknet_1_1__leaf_net381     1.80    0.008    0.963    0.0089   1.133e-07  p
net285                      1.80    0.047    0.018    0.0015   1.129e-07  p
net607                      1.80    0.003    0.139    0.0270   1.127e-07  p
net796                      1.80    0.008    0.986    0.0089   1.120e-07  p
clknet_1_0__leaf_net381     1.80    0.008    0.963    0.0089   1.115e-07  p
net709                      1.80    0.014    0.011    0.0049   1.109e-07  p
net634                      1.80    0.004    0.013    0.0156   1.108e-07  p
clknet_0_net591             1.80    0.021    0.958    0.0033   1.104e-07  p
net58                       1.80    0.003    0.023    0.0251   1.098e-07  p
clknet_1_1__leaf_net587     1.80    0.002    0.813    0.0279   1.088e-07  p
clknet_0_net717             1.80    0.021    0.014    0.0032   1.083e-07  p
net400                      1.80    0.024    0.002    0.0027   1.068e-07  p
net390                      1.80    0.007    0.050    0.0096   1.031e-07  p
net277                      1.80    0.007    0.109    0.0089   1.013e-07  p
net524                      1.80    0.006    0.008    0.0100   1.003e-07  p
net989                      1.80    0.008    0.044    0.0080   9.966e-08  p
net613                      1.80    0.005    0.960    0.0120   9.881e-08  p
clknet_1_1__leaf_net755     1.80    0.028    0.009    0.0022   9.837e-08  p
net537                      1.80    0.016    0.009    0.0039   9.826e-08  p
net530                      1.80    0.004    0.045    0.0156   9.714e-08  p
net974                      1.80    0.005    0.952    0.0119   9.700e-08  p
net668                      1.80    0.033    0.003    0.0018   9.621e-08  p
net566                      1.80    0.007    0.044    0.0080   9.505e-08  p
net326                      1.80    0.015    0.997    0.0039   9.366e-08  p
net166                      1.80    0.003    0.049    0.0187   9.334e-08  p
net716                      1.80    0.016    0.060    0.0036   9.197e-08  p
net977                      1.80    0.007    0.943    0.0085   9.164e-08  p
net784                      1.80    0.002    0.107    0.0268   9.151e-08  p
net688                      1.80    0.005    0.952    0.0119   9.129e-08  p
net112                      1.80    0.047    0.000    0.0012   8.997e-08  p
net192                      1.80    0.025    0.001    0.0022   8.864e-08  p
net499                      1.80    0.002    0.592    0.0248   8.863e-08  p
net567                      1.80    0.007    0.956    0.0080   8.857e-08  p
net516                      1.80    0.002    0.948    0.0232   8.814e-08  p
clknet_1_1__leaf_net736     1.80    0.014    0.019    0.0040   8.788e-08  p
net786                      1.80    0.006    0.879    0.0090   8.764e-08  p
net696                      1.80    0.011    0.860    0.0049   8.701e-08  p
out11                       1.80    0.001    0.155    0.0954   8.566e-08  p
net269                      1.80    0.014    0.060    0.0036   8.421e-08  p
net924                      1.80    0.010    0.004    0.0052   8.412e-08  p
net263                      1.80    0.006    0.986    0.0089   8.309e-08  p
clknet_1_1__leaf_net792     1.80    0.005    0.057    0.0114   8.309e-08  p
net804                      1.80    0.006    0.943    0.0085   8.262e-08  p
net629                      1.80    0.006    0.012    0.0086   8.040e-08  p
net302                      1.80    0.009    0.004    0.0058   8.019e-08  p
net998                      1.80    0.006    0.044    0.0080   7.851e-08  p
net393                      1.80    0.002    0.593    0.0207   7.777e-08  p
net789                      1.80    0.007    0.085    0.0071   7.768e-08  p
net478                      1.80    0.004    0.012    0.0116   7.683e-08  p
clknet_1_0__leaf_net736     1.80    0.012    0.019    0.0040   7.666e-08  p
out27                       1.80    0.001    0.226    0.0577   7.566e-08  p
out38                       1.80    0.001    0.247    0.0500   7.419e-08  p
net191                      1.80    0.008    0.004    0.0054   7.386e-08  p
net278                      1.80    0.003    0.115    0.0178   7.384e-08  p
net647                      1.80    0.004    0.042    0.0122   7.117e-08  p
net155                      1.80    0.010    0.997    0.0043   7.053e-08  p
net194                      1.80    0.027    0.001    0.0016   7.002e-08  p
net168                      1.80    0.004    0.011    0.0107   6.997e-08  p
net380                      1.80    0.003    0.043    0.0151   6.996e-08  p
net937                      1.80    0.106    0.000    0.0004   6.973e-08  p
net717                      1.80    0.013    0.014    0.0032   6.881e-08  p
clknet_1_0__leaf_net755     1.80    0.019    0.009    0.0022   6.838e-08  p
net649                      1.80    0.003    0.965    0.0142   6.816e-08  p
net662                      1.80    0.005    0.047    0.0088   6.793e-08  p
net253                      1.80    0.042    1.000    0.0010   6.707e-08  p
net646                      1.80    0.002    0.989    0.0165   6.645e-08  p
net603                      1.80    0.003    0.922    0.0126   6.609e-08  p
clknet_0_net755             1.80    0.018    0.009    0.0022   6.565e-08  p
out59                       1.80    0.001    0.289    0.0376   6.535e-08  p
clknet_1_1__leaf_net540     1.80    0.004    0.057    0.0114   6.440e-08  p
out58                       1.80    0.001    0.817    0.0393   6.403e-08  p
net724                      1.80    0.003    0.887    0.0130   6.386e-08  p
net652                      1.80    0.004    0.008    0.0100   6.302e-08  p
net736                      1.80    0.010    0.019    0.0040   6.274e-08  p
net695                      1.80    0.007    0.130    0.0052   6.211e-08  p
net143                      1.80    0.036    0.983    0.0011   6.139e-08  p
net545                      1.80    0.003    0.057    0.0114   6.125e-08  p
net591                      1.80    0.011    0.958    0.0033   6.089e-08  p
net741                      1.80    0.010    0.012    0.0037   6.037e-08  p
net482                      1.80    0.006    0.991    0.0059   5.991e-08  p
net740                      1.80    0.009    0.986    0.0040   5.962e-08  p
out10                       1.80    0.001    0.062    0.0476   5.881e-08  p
net653                      1.80    0.004    0.992    0.0100   5.864e-08  p
net682                      1.80    0.011    0.011    0.0032   5.842e-08  p
net236                      1.80    0.068    1.000    0.0005   5.798e-08  p
net899                      1.80    0.040    0.000    0.0009   5.779e-08  p
net664                      1.80    0.009    0.997    0.0039   5.768e-08  p
out12                       1.80    0.001    0.816    0.0400   5.606e-08  p
net334                      1.80    0.009    0.997    0.0039   5.484e-08  p
net680                      1.80    0.008    0.003    0.0043   5.382e-08  p
net449                      1.80    0.018    0.964    0.0018   5.337e-08  p
net232                      1.80    0.041    0.000    0.0008   5.192e-08  p
clknet_1_0__leaf_net792     1.80    0.003    0.057    0.0114   5.131e-08  p
net389                      1.80    0.005    0.068    0.0068   5.098e-08  p
net893                      1.80    0.043    0.997    0.0007   5.072e-08  p
out9                        1.80    0.001    0.903    0.0554   5.000e-08  p
clknet_1_0__leaf_net540     1.80    0.003    0.057    0.0114   4.986e-08  p
clknet_1_0__leaf_net591     1.80    0.009    0.958    0.0033   4.949e-08  p
clknet_1_0__leaf_net316     1.80    0.002    0.984    0.0158   4.938e-08  p
net127                      1.80    0.031    1.000    0.0010   4.921e-08  p
net486                      1.80    0.010    0.981    0.0031   4.921e-08  p
net535                      1.80    0.003    0.045    0.0115   4.856e-08  p
net199                      1.80    0.033    0.000    0.0009   4.838e-08  p
net609                      1.80    0.002    0.910    0.0149   4.834e-08  p
net286                      1.80    0.003    0.015    0.0097   4.737e-08  p
net55                       1.80    0.005    0.004    0.0057   4.736e-08  p
net787                      1.80    0.003    0.110    0.0084   4.682e-08  p
out25                       1.80    0.001    0.362    0.0198   4.654e-08  p
net936                      1.80    0.069    0.000    0.0004   4.578e-08  p
out22                       1.80    0.002    0.015    0.0164   4.566e-08  p
out2                        1.80    0.001    0.100    0.0460   4.521e-08  p
net51                       1.80    0.023    0.001    0.0012   4.503e-08  p
net359                      1.80    0.003    0.012    0.0084   4.497e-08  p
net196                      1.80    0.031    0.000    0.0009   4.467e-08  p
net415                      1.80    0.013    0.999    0.0022   4.405e-08  p
out35                       1.80    0.001    0.033    0.0294   4.389e-08  p
net487                      1.80    0.006    0.989    0.0046   4.345e-08  p
net795                      1.80    0.003    0.012    0.0086   4.254e-08  p
net374                      1.80    0.003    0.007    0.0087   4.248e-08  p
net386                      1.80    0.004    0.012    0.0065   4.180e-08  p
net434                      1.80    0.025    0.001    0.0010   4.150e-08  p
clknet_0_net541             1.80    0.018    0.002    0.0014   4.147e-08  p
clknet_1_1__leaf_net302     1.80    0.004    0.004    0.0058   4.129e-08  p
net658                      1.80    0.004    0.007    0.0060   4.088e-08  p
net78                       1.80    0.007    0.002    0.0035   4.072e-08  p
out8                        1.80    0.001    0.897    0.0270   4.064e-08  p
net985                      1.80    0.003    0.910    0.0073   4.057e-08  p
net254                      1.80    0.014    0.978    0.0018   4.026e-08  p
net490                      1.80    0.068    0.999    0.0004   4.022e-08  p
net315                      1.80    0.007    0.003    0.0035   3.995e-08  p
clknet_1_1__leaf_net591     1.80    0.007    0.958    0.0033   3.981e-08  p
net935                      1.80    0.060    0.000    0.0004   3.977e-08  p
out26                       1.80    0.001    0.533    0.0223   3.930e-08  p
net425                      1.80    0.023    0.001    0.0010   3.849e-08  p
net131                      1.80    0.083    1.000    0.0003   3.843e-08  p
net197                      1.80    0.026    0.000    0.0009   3.809e-08  p
net606                      1.80    0.004    0.978    0.0062   3.808e-08  p
net484                      1.80    0.004    0.977    0.0063   3.803e-08  p
net760                      1.80    0.025    0.993    0.0009   3.697e-08  p
net932                      1.80    0.055    1.000    0.0004   3.617e-08  p
net751                      1.80    0.013    0.953    0.0016   3.601e-08  p
net581                      1.80    0.034    1.000    0.0007   3.580e-08  p
net803                      1.80    0.006    0.007    0.0037   3.573e-08  p
net211                      1.80    0.020    0.001    0.0011   3.474e-08  p
net624                      1.80    0.006    0.996    0.0037   3.448e-08  p
net541                      1.80    0.015    0.002    0.0014   3.386e-08  p
net665                      1.80    0.006    0.003    0.0035   3.372e-08  p
out41                       1.80    0.001    0.512    0.0224   3.339e-08  p
net976                      1.80    0.006    0.011    0.0032   3.316e-08  p
net714                      1.80    0.008    0.969    0.0025   3.286e-08  p
net769                      1.80    0.006    0.043    0.0032   3.193e-08  p
net767                      1.80    0.004    0.945    0.0049   3.161e-08  p
net755                      1.80    0.009    0.009    0.0022   3.120e-08  p
net273                      1.80    0.002    0.109    0.0089   3.100e-08  p
out15                       1.80    0.001    0.312    0.0320   3.081e-08  p
net292                      1.80    0.009    0.001    0.0021   3.069e-08  p
net562                      1.80    0.007    0.997    0.0025   2.991e-08  p
net878                      1.80    0.045    0.000    0.0004   2.984e-08  p
net120                      1.80    0.001    0.495    0.0225   2.979e-08  pm
net797                      1.80    0.002    0.954    0.0080   2.970e-08  p
clknet_1_0__leaf_net302     1.80    0.003    0.004    0.0058   2.946e-08  p
net753                      1.80    0.009    0.960    0.0020   2.944e-08  p
clknet_1_1__leaf_net717     1.80    0.006    0.014    0.0032   2.861e-08  p
out18                       1.80    0.002    0.008    0.0106   2.814e-08  p
net768                      1.80    0.005    0.947    0.0037   2.809e-08  p
net731                      1.80    0.027    0.986    0.0007   2.806e-08  p
net494                      1.80    0.002    0.023    0.0071   2.790e-08  p
net471                      1.80    0.007    0.962    0.0025   2.784e-08  p
net798                      1.80    0.002    0.044    0.0080   2.772e-08  p
net969                      1.80    0.007    0.968    0.0025   2.639e-08  p
net666                      1.80    0.013    0.988    0.0012   2.581e-08  p
net754                      1.80    0.002    0.910    0.0073   2.504e-08  p
net109                      1.80    0.003    0.005    0.0059   2.473e-08  p
net198                      1.80    0.017    0.000    0.0009   2.442e-08  p
net495                      1.80    0.002    0.022    0.0070   2.385e-08  p
net268                      1.80    0.003    0.011    0.0053   2.354e-08  p
net738                      1.80    0.017    0.994    0.0009   2.289e-08  p
clknet_1_0__leaf_net717     1.80    0.004    0.014    0.0032   2.209e-08  p
clknet_1_0__leaf_net541     1.80    0.010    0.002    0.0014   2.207e-08  p
net705                      1.80    0.014    0.002    0.0010   2.197e-08  p
net771                      1.80    0.018    0.988    0.0007   2.139e-08  p
net739                      1.80    0.025    0.004    0.0005   2.136e-08  p
net287                      1.80    0.018    0.003    0.0007   2.083e-08  p
net701                      1.80    0.009    0.999    0.0013   2.058e-08  p
net713                      1.80    0.007    0.019    0.0018   2.008e-08  p
net733                      1.80    0.015    0.007    0.0008   1.964e-08  p
net772                      1.80    0.020    0.008    0.0006   1.963e-08  p
net466                      1.80    0.037    0.992    0.0003   1.958e-08  p
net424                      1.80    0.006    0.001    0.0019   1.947e-08  p
net450                      1.80    0.010    0.027    0.0012   1.945e-08  p
net174                      1.80    0.033    0.000    0.0004   1.943e-08  p
net477                      1.80    0.003    0.991    0.0045   1.934e-08  p
net227                      1.80    0.002    0.004    0.0058   1.924e-08  p
net217                      1.80    0.009    0.001    0.0013   1.916e-08  p
clknet_1_0__leaf_net556     1.80    0.026    0.999    0.0004   1.875e-08  p
net681                      1.80    0.003    0.985    0.0035   1.832e-08  p
net300                      1.80    0.008    0.999    0.0013   1.829e-08  p
net363                      1.80    0.012    0.990    0.0009   1.779e-08  p
net654                      1.80    0.003    0.985    0.0037   1.730e-08  p
net321                      1.80    0.003    0.003    0.0035   1.716e-08  p
net54                       1.80    0.002    0.004    0.0050   1.692e-08  p
net218                      1.80    0.002    0.996    0.0051   1.681e-08  p
net679                      1.80    0.015    0.992    0.0007   1.675e-08  p
net667                      1.80    0.011    0.010    0.0009   1.645e-08  p
net759                      1.80    0.018    0.004    0.0006   1.644e-08  p
out32                       1.80    0.002    0.068    0.0067   1.634e-08  p
net748                      1.80    0.015    0.984    0.0007   1.595e-08  p
out56                       1.80    0.001    0.050    0.0117   1.540e-08  p
net142                      1.80    0.023    0.005    0.0004   1.519e-08  p
net972                      1.80    0.005    0.019    0.0018   1.471e-08  p
out31                       1.80    0.001    0.943    0.0085   1.444e-08  p
net702                      1.80    0.009    0.001    0.0010   1.425e-08  p
net146                      1.80    0.004    0.991    0.0020   1.416e-08  p
net749                      1.80    0.023    0.006    0.0004   1.388e-08  p
net135                      1.80    0.012    1.000    0.0007   1.370e-08  p
clknet_1_1__leaf_net541     1.80    0.006    0.002    0.0014   1.338e-08  p
net576                      1.80    0.004    0.994    0.0022   1.333e-08  p
clknet_0_net556             1.80    0.018    0.999    0.0004   1.332e-08  p
net573                      1.80    0.005    0.975    0.0016   1.264e-08  p
net747                      1.80    0.023    0.001    0.0003   1.217e-08  p
net358                      1.80    0.031    1.000    0.0002   1.216e-08  p
net255                      1.80    0.002    0.003    0.0037   1.207e-08  p
net107                      1.80    0.005    0.001    0.0015   1.184e-08  p
net115                      1.80    0.036    0.000    0.0002   1.176e-08  p
net220                      1.80    0.007    0.999    0.0010   1.156e-08  p
net261                      1.80    0.017    1.000    0.0004   1.147e-08  p
net970                      1.80    0.004    0.036    0.0016   1.134e-08  p
clknet_0_net265             1.80    0.019    1.000    0.0004   1.132e-08  p
net56                       1.80    0.002    0.002    0.0031   1.124e-08  p
net181                      1.80    0.011    0.983    0.0007   1.113e-08  p
net372                      1.80    0.021    1.000    0.0003   1.112e-08  p
net233                      1.80    0.003    0.999    0.0023   1.099e-08  p
net260                      1.80    0.002    0.875    0.0034   1.097e-08  p
net727                      1.80    0.021    0.997    0.0003   1.090e-08  p
net225                      1.80    0.005    0.999    0.0013   1.083e-08  p
net889                      1.80    0.052    0.000    0.0001   1.033e-08  p
net913                      1.80    0.012    0.000    0.0005   1.008e-08  p
net57                       1.80    0.002    0.002    0.0031   1.002e-08  p
net556                      1.80    0.014    0.999    0.0004   1.001e-08  p
net692                      1.80    0.017    0.000    0.0004   9.930e-09  p
net202                      1.80    0.006    0.001    0.0010   9.830e-09  p
out36                       1.80    0.001    0.069    0.0065   9.647e-09  p
net572                      1.80    0.004    0.025    0.0016   9.349e-09  p
net219                      1.80    0.011    0.000    0.0005   9.299e-09  p
net180                      1.80    0.009    0.008    0.0007   9.251e-09  p
net584                      1.80    0.003    0.000    0.0016   9.169e-09  p
net141                      1.80    0.023    1.000    0.0002   9.065e-09  p
net215                      1.80    0.007    0.000    0.0008   9.044e-09  p
out40                       1.80    0.001    0.933    0.0055   8.775e-09  p
net800                      1.80    0.003    0.978    0.0018   8.728e-09  p
net644                      1.80    0.003    0.964    0.0020   8.652e-09  p
clknet_0_net305             1.80    0.022    0.000    0.0002   8.637e-09  p
net896                      1.80    0.016    0.998    0.0003   8.551e-09  p
net467                      1.80    0.016    0.008    0.0003   8.322e-09  p
net916                      1.80    0.014    0.000    0.0004   8.198e-09  p
net728                      1.80    0.023    0.001    0.0002   7.715e-09  p
clknet_1_1__leaf_net556     1.80    0.011    0.999    0.0004   7.699e-09  p
net799                      1.80    0.003    0.018    0.0015   7.544e-09  p
net912                      1.80    0.022    0.000    0.0002   7.223e-09  p
net732                      1.80    0.027    0.003    0.0002   7.145e-09  p
out33                       1.80    0.001    0.007    0.0037   6.905e-09  p
net676                      1.80    0.004    0.999    0.0011   6.692e-09  p
net750                      1.80    0.003    0.036    0.0016   6.674e-09  p
out28                       1.80    0.001    0.007    0.0037   6.522e-09  p
out7                        1.80    0.001    0.004    0.0052   6.492e-09  p
net252                      1.80    0.006    0.894    0.0007   6.389e-09  p
net304                      1.80    0.003    0.999    0.0013   6.232e-09  p
net505                      1.80    0.004    0.996    0.0008   5.924e-09  p
net357                      1.80    0.004    0.001    0.0010   5.887e-09  p
net265                      1.80    0.010    1.000    0.0004   5.857e-09  p
net637                      1.80    0.003    0.093    0.0012   5.851e-09  p
net355                      1.80    0.006    0.996    0.0007   5.832e-09  p
net686                      1.80    0.011    0.996    0.0003   5.707e-09  p
net690                      1.80    0.011    0.998    0.0003   5.656e-09  p
net356                      1.80    0.011    0.003    0.0003   5.652e-09  p
net722                      1.80    0.006    0.997    0.0006   5.619e-09  p
net480                      1.80    0.009    0.994    0.0004   5.518e-09  p
net362                      1.80    0.004    0.010    0.0009   5.421e-09  p
net980                      1.80    0.010    0.998    0.0003   5.397e-09  p
net249                      1.80    0.003    0.093    0.0012   5.328e-09  p
net398                      1.80    0.004    1.000    0.0007   5.089e-09  p
net385                      1.80    0.004    0.003    0.0007   4.858e-09  p
out5                        1.80    0.001    0.003    0.0036   4.729e-09  p
net691                      1.80    0.009    0.998    0.0003   4.625e-09  p
net305                      1.80    0.012    0.000    0.0002   4.615e-09  p
net178                      1.80    0.004    0.990    0.0007   4.130e-09  p
net169                      1.80    0.002    0.001    0.0011   4.114e-09  p
net250                      1.80    0.002    0.093    0.0012   4.112e-09  p
net476                      1.80    0.008    1.000    0.0003   4.042e-09  p
net343                      1.80    0.010    0.000    0.0002   4.003e-09  p
net987                      1.80    0.003    0.007    0.0008   3.990e-09  p
net991                      1.80    0.003    0.001    0.0007   3.930e-09  p
net167                      1.80    0.003    0.000    0.0007   3.714e-09  p
net723                      1.80    0.008    0.000    0.0003   3.684e-09  p
net364                      1.80    0.011    0.000    0.0002   3.672e-09  p
net436                      1.80    0.003    0.000    0.0008   3.625e-09  p
net267                      1.80    0.003    0.000    0.0008   3.617e-09  p
net479                      1.80    0.006    0.006    0.0004   3.548e-09  p
net638                      1.80    0.003    0.895    0.0007   3.498e-09  p
net454                      1.80    0.007    0.001    0.0003   3.431e-09  p
clknet_1_1__leaf_net265     1.80    0.006    1.000    0.0004   3.346e-09  p
net118                      1.80    0.025    1.000    0.81e-4  3.318e-09  p
net902                      1.80    0.025    1.000    0.81e-4  3.289e-09  p
net291                      1.80    0.003    0.002    0.0006   3.172e-09  p
net464                      1.80    0.006    0.998    0.0003   3.151e-09  p
net275                      1.80    0.006    1.000    0.0003   3.110e-09  p
net616                      1.80    0.002    0.000    0.0008   3.099e-09  p
net678                      1.80    0.006    1.000    0.0003   3.038e-09  p
net264                      1.80    0.005    1.000    0.0004   2.993e-09  p
net430                      1.80    0.005    1.000    0.0003   2.738e-09  p
clknet_1_0__leaf_net265     1.80    0.004    1.000    0.0004   2.637e-09  p
net675                      1.80    0.002    0.001    0.0007   2.632e-09  p
net967                      1.80    0.005    0.001    0.0003   2.567e-09  p
net237                      1.80    0.004    0.000    0.0004   2.516e-09  p
out6                        1.80    0.001    0.999    0.0012   2.376e-09  p
net619                      1.80    0.005    0.000    0.0003   2.248e-09  p
net177                      1.80    0.003    0.000    0.0004   2.213e-09  p
clknet_1_0__leaf_net305     1.80    0.005    0.000    0.0002   2.096e-09  p
net903                      1.80    0.011    0.008    0.0001   2.086e-09  p
net351                      1.80    0.003    0.001    0.0004   2.024e-09  p
net978                      1.80    0.003    0.994    0.0004   1.987e-09  p
net645                      1.80    0.003    0.000    0.0004   1.892e-09  p
net116                      1.80    0.008    0.000    0.0001   1.530e-09  p
net114                      1.80    0.004    1.000    0.0002   1.478e-09  p
net469                      1.80    0.003    0.008    0.0003   1.338e-09  p
net564                      1.80    0.004    0.999    0.0002   1.336e-09  p
net384                      1.80    0.003    0.000    0.0002   1.326e-09  p
net979                      1.80    0.004    0.001    0.0002   1.305e-09  p
out34                       1.80    0.001    0.997    0.0007   1.283e-09  p
clknet_1_1__leaf_net305     1.80    0.003    0.000    0.0002   1.258e-09  p
net992                      1.80    0.002    1.000    0.0003   1.157e-09  p
net982                      1.80    0.002    0.002    0.0003   1.152e-09  p
net570                      1.80    0.002    1.000    0.0003   1.125e-09  p
net465                      1.80    0.002    0.002    0.0003   1.108e-09  p
net108                      1.80    0.015    0.000    0.41e-4  9.893e-10  p
out17                       1.80    0.001    0.983    0.0011   9.786e-10  p
net617                      1.80    0.003    0.001    0.0002   9.511e-10  p
out4                        1.80    0.001    0.000    0.0009   9.358e-10  p
out52                       1.80    0.001    0.000    0.0005   9.315e-10  p
out55                       1.80    0.002    0.000    0.0004   9.105e-10  p
net163                      1.80    0.001    0.002    0.0009   7.981e-10  pm
net59                       1.80    0.001    0.004    0.0008   7.512e-10  pm
net596                      1.80    0.002    1.000    0.0002   6.463e-10  p
net258                      1.80    0.003    1.000    0.0001   6.306e-10  p
out37                       1.80    0.001    0.998    0.0003   6.037e-10  p
net282                      1.80    0.009    1.000    0.41e-4  5.792e-10  p
out20                       1.80    0.001    0.000    0.0004   5.111e-10  p
net133                      1.80    0.002    1.000    0.0002   4.310e-10  p
net512                      1.80    0.003    0.000    0.81e-4  4.194e-10  p
net881                      1.80    0.006    0.000    0.41e-4  4.163e-10  p
net245                      1.80    0.002    0.000    0.0001   4.003e-10  p
out51                       1.80    0.001    0.000    0.0002   3.756e-10  p
net641                      1.80    0.005    1.000    0.41e-4  3.321e-10  p
net630                      1.80    0.002    0.000    0.81e-4  3.282e-10  p
net592                      1.80    0.003    1.000    0.41e-4  2.259e-10  p
out43                       1.80    0.001    0.008    0.0001   2.212e-10  p
out30                       1.80    0.001    0.000    0.0001   1.963e-10  p
net342                      1.80    0.000    0.998    0.0003   1.905e-10  pm
out42                       1.80    0.001    1.000    0.81e-4  1.212e-10  p
out23                       1.80    0.001    0.000    0.41e-4  6.666e-11  p
clknet_0_net246             1.80    0.020    0.000    0.0000      0.0000  p
clknet_0_net274             1.80    0.020    0.000    0.0000      0.0000  p
clknet_0_net309             1.80    0.021    0.000    0.0000      0.0000  p
clknet_0_net312             1.80    0.021    1.000    0.0000      0.0000  p
clknet_0_net331             1.80    0.018    0.000    0.0000      0.0000  p
clknet_0_net333             1.80    0.025    0.000    0.0000      0.0000  p
clknet_0_net568             1.80    0.019    0.000    0.0000      0.0000  p
clknet_0_net718             1.80    0.019    0.000    0.0000      0.0000  p
clknet_0_net737             1.80    0.021    0.000    0.0000      0.0000  p
clknet_0_net774             1.80    0.019    0.000    0.0000      0.0000  p
clknet_0_net775             1.80    0.019    0.000    0.0000      0.0000  p
clknet_0_net794             1.80    0.019    0.000    0.0000      0.0000  p
clknet_0_net887             1.80    0.032    0.000    0.0000      0.0000  p
clknet_1_0__leaf_net246     1.80    0.014    0.000    0.0000      0.0000  p
clknet_1_0__leaf_net274     1.80    0.009    0.000    0.0000      0.0000  p
clknet_1_0__leaf_net309     1.80    0.006    0.000    0.0000      0.0000  p
clknet_1_0__leaf_net312     1.80    0.010    1.000    0.0000      0.0000  p
clknet_1_0__leaf_net331     1.80    0.003    0.000    0.0000      0.0000  p
clknet_1_0__leaf_net333     1.80    0.021    0.000    0.0000      0.0000  p
clknet_1_0__leaf_net568     1.80    0.003    0.000    0.0000      0.0000  p
clknet_1_0__leaf_net718     1.80    0.004    0.000    0.0000      0.0000  p
clknet_1_0__leaf_net737     1.80    0.012    0.000    0.0000      0.0000  p
clknet_1_0__leaf_net774     1.80    0.010    0.000    0.0000      0.0000  p
clknet_1_0__leaf_net775     1.80    0.008    0.000    0.0000      0.0000  p
clknet_1_0__leaf_net794     1.80    0.007    0.000    0.0000      0.0000  p
clknet_1_0__leaf_net887     1.80    0.021    0.000    0.0000      0.0000  p
clknet_1_1__leaf_net246     1.80    0.022    0.000    0.0000      0.0000  p
clknet_1_1__leaf_net274     1.80    0.005    0.000    0.0000      0.0000  p
clknet_1_1__leaf_net309     1.80    0.004    0.000    0.0000      0.0000  p
clknet_1_1__leaf_net312     1.80    0.007    1.000    0.0000      0.0000  p
clknet_1_1__leaf_net331     1.80    0.005    0.000    0.0000      0.0000  p
clknet_1_1__leaf_net333     1.80    0.045    0.000    0.0000      0.0000  p
clknet_1_1__leaf_net568     1.80    0.005    0.000    0.0000      0.0000  p
clknet_1_1__leaf_net718     1.80    0.004    0.000    0.0000      0.0000  p
clknet_1_1__leaf_net737     1.80    0.006    0.000    0.0000      0.0000  p
clknet_1_1__leaf_net774     1.80    0.006    0.000    0.0000      0.0000  p
clknet_1_1__leaf_net775     1.80    0.003    0.000    0.0000      0.0000  p
clknet_1_1__leaf_net794     1.80    0.005    0.000    0.0000      0.0000  p
clknet_1_1__leaf_net887     1.80    0.040    0.000    0.0000      0.0000  p
net8                        1.80    0.006    1.000    0.0000      0.0000  p
net60                       1.80    0.002    0.000    0.0000      0.0000  p
net71                       1.80    0.014    1.000    0.0000      0.0000  p
net80                       1.80    0.042    1.000    0.0000      0.0000  p
net99                       1.80    0.007    1.000    0.0000      0.0000  p
net105                      1.80    0.021    1.000    0.0000      0.0000  p
net117                      1.80    0.023    0.000    0.0000      0.0000  p
net136                      1.80    0.016    1.000    0.0000      0.0000  p
net150                      1.80    0.007    1.000    0.0000      0.0000  p
net156                      1.80    0.030    0.000    0.0000      0.0000  p
net160                      1.80    0.004    0.000    0.0000      0.0000  p
net161                      1.80    0.013    1.000    0.0000      0.0000  p
net171                      1.80    0.021    1.000    0.0000      0.0000  p
net173                      1.80    0.014    0.000    0.0000      0.0000  p
net175                      1.80    0.002    1.000    0.0000      0.0000  p
net176                      1.80    0.003    1.000    0.0000      0.0000  p
net179                      1.80    0.005    0.000    0.0000      0.0000  p
net182                      1.80    0.006    1.000    0.0000      0.0000  p
net183                      1.80    0.002    1.000    0.0000      0.0000  p
net204                      1.80    0.018    0.000    0.0000      0.0000  p
net207                      1.80    0.002    0.000    0.0000      0.0000  p
net210                      1.80    0.004    0.000    0.0000      0.0000  p
net212                      1.80    0.002    0.000    0.0000      0.0000  p
net214                      1.80    0.007    0.000    0.0000      0.0000  p
net216                      1.80    0.012    0.000    0.0000      0.0000  p
net221                      1.80    0.008    1.000    0.0000      0.0000  p
net222                      1.80    0.025    0.000    0.0000      0.0000  p
net223                      1.80    0.064    0.000    0.0000      0.0000  p
net224                      1.80    0.028    1.000    0.0000      0.0000  p
net226                      1.80    0.098    0.000    0.0000      0.0000  p
net228                      1.80    0.012    0.000    0.0000      0.0000  p
net231                      1.80    0.007    0.000    0.0000      0.0000  p
net234                      1.80    0.010    0.000    0.0000      0.0000  p
net243                      1.80    0.037    0.000    0.0000      0.0000  p
net246                      1.80    0.009    0.000    0.0000      0.0000  p
net251                      1.80    0.005    0.000    0.0000      0.0000  p
net256                      1.80    0.006    0.000    0.0000      0.0000  p
net257                      1.80    0.003    0.000    0.0000      0.0000  p
net259                      1.80    0.008    0.000    0.0000      0.0000  p
net262                      1.80    0.004    0.000    0.0000      0.0000  p
net266                      1.80    0.008    1.000    0.0000      0.0000  p
net274                      1.80    0.009    0.000    0.0000      0.0000  p
net279                      1.80    0.005    1.000    0.0000      0.0000  p
net280                      1.80    0.017    1.000    0.0000      0.0000  p
net283                      1.80    0.007    1.000    0.0000      0.0000  p
net284                      1.80    0.006    0.000    0.0000      0.0000  p
net288                      1.80    0.002    1.000    0.0000      0.0000  p
net295                      1.80    0.004    1.000    0.0000      0.0000  p
net297                      1.80    0.039    0.000    0.0000      0.0000  p
net298                      1.80    0.055    1.000    0.0000      0.0000  p
net299                      1.80    0.004    1.000    0.0000      0.0000  p
net308                      1.80    0.027    0.000    0.0000      0.0000  p
net309                      1.80    0.008    0.000    0.0000      0.0000  p
net311                      1.80    0.011    1.000    0.0000      0.0000  p
net312                      1.80    0.011    1.000    0.0000      0.0000  p
net317                      1.80    0.003    1.000    0.0000      0.0000  p
net323                      1.80    0.007    0.000    0.0000      0.0000  p
net325                      1.80    0.004    0.000    0.0000      0.0000  p
net330                      1.80    0.020    0.000    0.0000      0.0000  p
net331                      1.80    0.009    0.000    0.0000      0.0000  p
net333                      1.80    0.026    0.000    0.0000      0.0000  p
net335                      1.80    0.076    0.000    0.0000      0.0000  p
net336                      1.80    0.009    1.000    0.0000      0.0000  p
net337                      1.80    0.003    1.000    0.0000      0.0000  p
net338                      1.80    0.009    0.000    0.0000      0.0000  p
net339                      1.80    0.036    0.000    0.0000      0.0000  p
net340                      1.80    0.003    1.000    0.0000      0.0000  pm
net341                      1.80    0.013    0.000    0.0000      0.0000  p
net344                      1.80    0.002    0.000    0.0000      0.0000  p
net345                      1.80    0.043    1.000    0.0000      0.0000  p
net346                      1.80    0.017    0.000    0.0000      0.0000  p
net347                      1.80    0.030    1.000    0.0000      0.0000  p
net348                      1.80    0.004    0.000    0.0000      0.0000  p
net349                      1.80    0.020    1.000    0.0000      0.0000  p
net350                      1.80    0.002    1.000    0.0000      0.0000  p
net352                      1.80    0.028    0.000    0.0000      0.0000  p
net365                      1.80    0.062    0.000    0.0000      0.0000  p
net366                      1.80    0.010    0.000    0.0000      0.0000  p
net367                      1.80    0.002    0.000    0.0000      0.0000  p
net368                      1.80    0.008    0.000    0.0000      0.0000  p
net371                      1.80    0.025    1.000    0.0000      0.0000  p
net402                      1.80    0.042    0.000    0.0000      0.0000  p
net405                      1.80    0.009    0.000    0.0000      0.0000  p
net406                      1.80    0.019    0.000    0.0000      0.0000  p
net407                      1.80    0.021    0.000    0.0000      0.0000  p
net418                      1.80    0.005    0.000    0.0000      0.0000  p
net419                      1.80    0.005    1.000    0.0000      0.0000  p
net429                      1.80    0.014    0.000    0.0000      0.0000  p
net431                      1.80    0.053    1.000    0.0000      0.0000  p
net432                      1.80    0.005    0.000    0.0000      0.0000  p
net437                      1.80    0.017    0.000    0.0000      0.0000  p
net442                      1.80    0.003    0.000    0.0000      0.0000  p
net444                      1.80    0.015    1.000    0.0000      0.0000  p
net448                      1.80    0.003    0.000    0.0000      0.0000  p
net451                      1.80    0.063    0.000    0.0000      0.0000  p
net452                      1.80    0.003    1.000    0.0000      0.0000  p
net453                      1.80    0.036    1.000    0.0000      0.0000  p
net455                      1.80    0.009    0.000    0.0000      0.0000  p
net457                      1.80    0.007    0.000    0.0000      0.0000  p
net458                      1.80    0.003    0.000    0.0000      0.0000  p
net459                      1.80    0.003    1.000    0.0000      0.0000  p
net460                      1.80    0.004    0.000    0.0000      0.0000  p
net461                      1.80    0.028    0.000    0.0000      0.0000  p
net463                      1.80    0.011    0.000    0.0000      0.0000  p
net470                      1.80    0.048    0.000    0.0000      0.0000  p
net519                      1.80    0.006    0.000    0.0000      0.0000  p
net520                      1.80    0.021    0.000    0.0000      0.0000  p
net523                      1.80    0.003    1.000    0.0000      0.0000  p
net525                      1.80    0.053    0.000    0.0000      0.0000  p
net526                      1.80    0.025    1.000    0.0000      0.0000  p
net528                      1.80    0.006    0.000    0.0000      0.0000  p
net533                      1.80    0.048    0.000    0.0000      0.0000  p
net534                      1.80    0.021    0.000    0.0000      0.0000  p
net544                      1.80    0.004    0.000    0.0000      0.0000  p
net549                      1.80    0.038    0.000    0.0000      0.0000  p
net554                      1.80    0.004    1.000    0.0000      0.0000  p
net555                      1.80    0.003    1.000    0.0000      0.0000  p
net563                      1.80    0.002    1.000    0.0000      0.0000  p
net568                      1.80    0.012    0.000    0.0000      0.0000  p
net569                      1.80    0.007    1.000    0.0000      0.0000  p
net577                      1.80    0.002    1.000    0.0000      0.0000  p
net599                      1.80    0.008    1.000    0.0000      0.0000  p
net626                      1.80    0.002    1.000    0.0000      0.0000  p
net627                      1.80    0.004    0.000    0.0000      0.0000  p
net631                      1.80    0.003    0.000    0.0000      0.0000  p
net633                      1.80    0.003    1.000    0.0000      0.0000  p
net639                      1.80    0.004    1.000    0.0000      0.0000  p
net661                      1.80    0.003    0.000    0.0000      0.0000  p
net673                      1.80    0.017    0.000    0.0000      0.0000  p
net685                      1.80    0.005    0.000    0.0000      0.0000  p
net693                      1.80    0.021    0.000    0.0000      0.0000  p
net697                      1.80    0.004    1.000    0.0000      0.0000  p
net703                      1.80    0.031    0.000    0.0000      0.0000  p
net718                      1.80    0.012    0.000    0.0000      0.0000  p
net726                      1.80    0.015    0.000    0.0000      0.0000  p
net737                      1.80    0.010    0.000    0.0000      0.0000  p
net764                      1.80    0.017    0.000    0.0000      0.0000  p
net774                      1.80    0.012    0.000    0.0000      0.0000  p
net775                      1.80    0.009    0.000    0.0000      0.0000  p
net788                      1.80    0.004    0.000    0.0000      0.0000  p
net790                      1.80    0.002    0.000    0.0000      0.0000  p
net794                      1.80    0.011    0.000    0.0000      0.0000  p
net867                      1.80    0.077    1.000    0.0000      0.0000  p
net872                      1.80    0.094    0.000    0.0000      0.0000  p
net879                      1.80    0.050    0.000    0.0000      0.0000  p
net882                      1.80    0.073    0.000    0.0000      0.0000  p
net887                      1.80    0.025    0.000    0.0000      0.0000  p
net898                      1.80    0.057    1.000    0.0000      0.0000  p
net906                      1.80    0.019    1.000    0.0000      0.0000  p
net907                      1.80    0.073    1.000    0.0000      0.0000  p
net908                      1.80    0.081    0.000    0.0000      0.0000  p
net911                      1.80    0.028    1.000    0.0000      0.0000  p
net915                      1.80    0.010    1.000    0.0000      0.0000  p
net922                      1.80    0.012    0.000    0.0000      0.0000  p
net923                      1.80    0.057    1.000    0.0000      0.0000  p
net927                      1.80    0.083    0.000    0.0000      0.0000  p
net930                      1.80    0.058    0.000    0.0000      0.0000  p
net931                      1.80    0.069    0.000    0.0000      0.0000  p
net934                      1.80    0.084    0.000    0.0000      0.0000  p
net952                      1.80    0.056    0.000    0.0000      0.0000  p
net953                      1.80    0.078    1.000    0.0000      0.0000  p
net981                      1.80    0.013    0.000    0.0000      0.0000  p
net983                      1.80    0.003    0.000    0.0000      0.0000  p
net986                      1.80    0.006    0.000    0.0000      0.0000  p
net988                      1.80    0.005    0.000    0.0000      0.0000  p
net990                      1.80    0.003    0.000    0.0000      0.0000  p
net994                      1.80    0.007    1.000    0.0000      0.0000  p
out1                        1.80    0.001    1.000    0.0000      0.0000  p
out13                       1.80    0.001    0.000    0.0000      0.0000  p
out14                       1.80    0.001    0.000    0.0000      0.0000  p
out21                       1.80    0.002    0.000    0.0000      0.0000  p
out24                       1.80    0.001    0.000    0.0000      0.0000  p
out29                       1.80    0.001    0.000    0.0000      0.0000  p
out39                       1.80    0.001    1.000    0.0000      0.0000  p
out46                       1.80    0.001    1.000    0.0000      0.0000  p
out47                       1.80    0.001    1.000    0.0000      0.0000  p
out48                       1.80    0.001    0.000    0.0000      0.0000  p
out50                       1.80    0.001    1.000    0.0000      0.0000  p
out54                       1.80    0.001    1.000    0.0000      0.0000  p
out60                       1.80    0.001    0.000    0.0000      0.0000  p
out61                       1.80    0.001    1.000    0.0000      0.0000  p
--------------------------------------------------------------------------------
Total (1225 nets)                                              1.374e-03 Watt



                                      Int      Switch   Leak      Total
Hierarchy                             Power    Power    Power     Power    %
--------------------------------------------------------------------------------
netlist_0                             1.57e-03 1.37e-03 8.27e-09  2.94e-03 100.0
1
