Information: Derived library resistance unit is 1.000000 Kohm (Time unit is 1 ns, and Capacitance unit is 1.000000 pF). (DES-028)
Warning: Coupling capacitor (in0:7 in17:7 0) on net in17 is discarded because the value cannot be <= 0 (PARA-040)
Warning: Detected semantically incorrect SPEF in coupling section. (PARA-098)
Warning: Coupling capacitor (input7/A input12/A 0) on net in19 is discarded because the value cannot be <= 0 (PARA-040)
Warning: Coupling capacitor (in14:7 in19:7 0) on net in19 is discarded because the value cannot be <= 0 (PARA-040)
Warning: Coupling capacitor (in11:7 in3:7 0) on net in3 is discarded because the value cannot be <= 0 (PARA-040)
Warning: Coupling capacitor (input12/A input26/A 0) on net in31 is discarded because the value cannot be <= 0 (PARA-040)
Warning: Coupling capacitor (input8/A input26/A 0) on net in31 is discarded because the value cannot be <= 0 (PARA-040)
Warning: Coupling capacitor (in15:7 in31:7 0) on net in31 is discarded because the value cannot be <= 0 (PARA-040)
Warning: Coupling capacitor (in19:7 in31:7 0) on net in31 is discarded because the value cannot be <= 0 (PARA-040)
Warning: Coupling capacitor (in28:11 in34:11 0) on net in34 is discarded because the value cannot be <= 0 (PARA-040)
Warning: Coupling capacitor (in18:11 in4:9 0) on net in4 is discarded because the value cannot be <= 0 (PARA-040)
Warning: Coupling capacitor (in39:13 in47:13 0) on net in47 is discarded because the value cannot be <= 0 (PARA-040)
Warning: Coupling capacitor (in37:13 in55:11 0) on net in55 is discarded because the value cannot be <= 0 (PARA-040)
Warning: Coupling capacitor (in22:13 in57:13 0) on net in57 is discarded because the value cannot be <= 0 (PARA-040)
Warning: Coupling capacitor (in15:7 in6:7 0) on net in6 is discarded because the value cannot be <= 0 (PARA-040)
Warning: Coupling capacitor (in26:13 in61:9 0) on net in61 is discarded because the value cannot be <= 0 (PARA-040)
Warning: Coupling capacitor (input10/A input60/A 0) on net in7 is discarded because the value cannot be <= 0 (PARA-040)
Warning: Coupling capacitor (input7/A input60/A 0) on net in7 is discarded because the value cannot be <= 0 (PARA-040)
Warning: Coupling capacitor (in14:7 in7:7 0) on net in7 is discarded because the value cannot be <= 0 (PARA-040)
Warning: Coupling capacitor (in17:7 in7:7 0) on net in7 is discarded because the value cannot be <= 0 (PARA-040)
Warning: Coupling capacitor (input4/A input61/A 0) on net in8 is discarded because the value cannot be <= 0 (PARA-040)
Warning: Coupling capacitor (in0:7 in8:7 0) on net in8 is discarded because the value cannot be <= 0 (PARA-040)
Warning: Coupling capacitor (in11:7 in8:7 0) on net in8 is discarded because the value cannot be <= 0 (PARA-040)
Warning: Coupling capacitor (out0 out18 0) on net out18 is discarded because the value cannot be <= 0 (PARA-040)
Warning: Coupling capacitor (out19 out26 0) on net out26 is discarded because the value cannot be <= 0 (PARA-040)
Warning: Coupling capacitor (out23 out26 0) on net out26 is discarded because the value cannot be <= 0 (PARA-040)
Warning: Coupling capacitor (out19 out27 0) on net out27 is discarded because the value cannot be <= 0 (PARA-040)
Warning: Coupling capacitor (out1 out31 0) on net out31 is discarded because the value cannot be <= 0 (PARA-040)
Warning: Coupling capacitor (out21 out31 0) on net out31 is discarded because the value cannot be <= 0 (PARA-040)
Warning: Coupling capacitor (out23 out36 0) on net out36 is discarded because the value cannot be <= 0 (PARA-040)
Warning: Coupling capacitor (out24 out36 0) on net out36 is discarded because the value cannot be <= 0 (PARA-040)
Warning: Coupling capacitor (out28 out38 0) on net out38 is discarded because the value cannot be <= 0 (PARA-040)
Warning: Coupling capacitor (out34 out38 0) on net out38 is discarded because the value cannot be <= 0 (PARA-040)
Warning: Coupling capacitor (out39 out40 0) on net out40 is discarded because the value cannot be <= 0 (PARA-040)
Warning: Coupling capacitor (out28 out42 0) on net out42 is discarded because the value cannot be <= 0 (PARA-040)
Warning: Coupling capacitor (out29 out42 0) on net out42 is discarded because the value cannot be <= 0 (PARA-040)
Warning: Coupling capacitor (out22 out43 0) on net out43 is discarded because the value cannot be <= 0 (PARA-040)
Warning: Coupling capacitor (out33 out43 0) on net out43 is discarded because the value cannot be <= 0 (PARA-040)
Warning: Coupling capacitor (out35 out45 0) on net out45 is discarded because the value cannot be <= 0 (PARA-040)
Warning: Coupling capacitor (out39 out45 0) on net out45 is discarded because the value cannot be <= 0 (PARA-040)
Warning: Coupling capacitor (out41 out50 0) on net out50 is discarded because the value cannot be <= 0 (PARA-040)
Warning: Coupling capacitor (out37 out51 0) on net out51 is discarded because the value cannot be <= 0 (PARA-040)
Warning: Coupling capacitor (out41 out51 0) on net out51 is discarded because the value cannot be <= 0 (PARA-040)
Warning: Coupling capacitor (out13 out52 0) on net out52 is discarded because the value cannot be <= 0 (PARA-040)
Warning: Coupling capacitor (out47 out53 0) on net out53 is discarded because the value cannot be <= 0 (PARA-040)
Warning: Coupling capacitor (out50 out53 0) on net out53 is discarded because the value cannot be <= 0 (PARA-040)
Warning: Coupling capacitor (out27 out54 0) on net out54 is discarded because the value cannot be <= 0 (PARA-040)
Warning: Coupling capacitor (out37 out54 0) on net out54 is discarded because the value cannot be <= 0 (PARA-040)
Warning: Coupling capacitor (out13 out55 0) on net out55 is discarded because the value cannot be <= 0 (PARA-040)
Warning: Coupling capacitor (out40 out56 0) on net out56 is discarded because the value cannot be <= 0 (PARA-040)
Warning: Coupling capacitor (out47 out56 0) on net out56 is discarded because the value cannot be <= 0 (PARA-040)
Warning: Coupling capacitor (out24 out59 0) on net out59 is discarded because the value cannot be <= 0 (PARA-040)
Warning: Coupling capacitor (out29 out59 0) on net out59 is discarded because the value cannot be <= 0 (PARA-040)
Warning: Coupling capacitor (in12:9 out6 0) on net out6 is discarded because the value cannot be <= 0 (PARA-040)
Warning: Coupling capacitor (out52 out60 0) on net out60 is discarded because the value cannot be <= 0 (PARA-040)
Warning: Coupling capacitor (out25 out8 0) on net out8 is discarded because the value cannot be <= 0 (PARA-040)
Warning: Coupling capacitor (out15 out9 0) on net out9 is discarded because the value cannot be <= 0 (PARA-040)
Warning: Coupling capacitor (clknet_0_clk:92 clkbuf_1_1__f_net333/A 0) on net clknet_0_net333 is discarded because the value cannot be <= 0 (PARA-040)
Warning: Coupling capacitor (clkbuf_1_0__f_net556/A clkbuf_1_1__f_net561/A 0) on net clknet_0_net561 is discarded because the value cannot be <= 0 (PARA-040)
Warning: Coupling capacitor (clknet_0_clk:215 clknet_0_net794:10 0) on net clknet_0_net794 is discarded because the value cannot be <= 0 (PARA-040)
Warning: Coupling capacitor (clknet_0_clk:213 clknet_0_net870:12 0) on net clknet_0_net870 is discarded because the value cannot be <= 0 (PARA-040)
Warning: Coupling capacitor (clknet_0_clk:217 clknet_0_net870:34 0) on net clknet_0_net870 is discarded because the value cannot be <= 0 (PARA-040)
Warning: Coupling capacitor (clkbuf_1_0__f_net302/A clknet_1_0__leaf_net293:12 0) on net clknet_1_0__leaf_net293 is discarded because the value cannot be <= 0 (PARA-040)
Warning: Coupling capacitor (clkbuf_1_1__f_net302/A clknet_1_0__leaf_net293:12 0) on net clknet_1_0__leaf_net293 is discarded because the value cannot be <= 0 (PARA-040)
Warning: Coupling capacitor (clknet_1_0__leaf_net206:10 clknet_1_0__leaf_net309:12 0) on net clknet_1_0__leaf_net309 is discarded because the value cannot be <= 0 (PARA-040)
Warning: Coupling capacitor (clkbuf_1_1__f_net293/A merge792/A0 0) on net clknet_1_0__leaf_net316 is discarded because the value cannot be <= 0 (PARA-040)
Warning: Coupling capacitor (clkbuf_1_0__f_net737/A c492/S1 0) on net clknet_1_0__leaf_net737 is discarded because the value cannot be <= 0 (PARA-040)
Warning: Coupling capacitor (clkbuf_1_0__f_net737/A c494/S0 0) on net clknet_1_0__leaf_net737 is discarded because the value cannot be <= 0 (PARA-040)
Warning: Coupling capacitor (clkbuf_1_0__f_net737/A clknet_1_0__leaf_net737:10 0) on net clknet_1_0__leaf_net737 is discarded because the value cannot be <= 0 (PARA-040)
Warning: Coupling capacitor (clkbuf_1_0__f_net909/A clknet_1_0__leaf_net909:27 0) on net clknet_1_0__leaf_net909 is discarded because the value cannot be <= 0 (PARA-040)
Warning: Coupling capacitor (clknet_1_0__leaf_net206:10 clknet_1_0__leaf_net909:27 0) on net clknet_1_0__leaf_net909 is discarded because the value cannot be <= 0 (PARA-040)
Warning: Coupling capacitor (clkbuf_1_1__f_net909/A merge770/B1 0) on net clknet_1_1__leaf_net302 is discarded because the value cannot be <= 0 (PARA-040)
Warning: Coupling capacitor (clknet_1_0__leaf_net887:12 merge780/S0 0) on net clknet_1_1__leaf_net316 is discarded because the value cannot be <= 0 (PARA-040)
Warning: Coupling capacitor (c499/RESET_B c499/SCD 0) on net clknet_1_1__leaf_net381 is discarded because the value cannot be <= 0 (PARA-040)
Warning: Coupling capacitor (clknet_1_0__leaf_net925:14 c499/SCD 0) on net clknet_1_1__leaf_net381 is discarded because the value cannot be <= 0 (PARA-040)
Warning: Coupling capacitor (clknet_0_clk:399 clknet_1_1__leaf_net399:16 0) on net clknet_1_1__leaf_net399 is discarded because the value cannot be <= 0 (PARA-040)
Warning: Coupling capacitor (clkbuf_1_0__f_net517/A c760/A0 0) on net clknet_1_1__leaf_net517 is discarded because the value cannot be <= 0 (PARA-040)
Warning: Coupling capacitor (clkbuf_1_1__f_net621/A c760/A0 0) on net clknet_1_1__leaf_net517 is discarded because the value cannot be <= 0 (PARA-040)
Warning: Coupling capacitor (clknet_1_1__leaf_net333:91 clknet_1_1__leaf_net736:22 0) on net clknet_1_1__leaf_net736 is discarded because the value cannot be <= 0 (PARA-040)
Warning: Coupling capacitor (clknet_1_0__leaf_net757:12 clknet_1_1__leaf_net870:120 0) on net clknet_1_1__leaf_net870 is discarded because the value cannot be <= 0 (PARA-040)
Warning: Coupling capacitor (c495/A3 clknet_1_1__leaf_net887:66 0) on net clknet_1_1__leaf_net887 is discarded because the value cannot be <= 0 (PARA-040)
Warning: Coupling capacitor (clkbuf_1_0__f_net737/A clknet_1_1__leaf_net887:12 0) on net clknet_1_1__leaf_net887 is discarded because the value cannot be <= 0 (PARA-040)
Warning: Coupling capacitor (clknet_1_0__leaf_net897:10 clknet_1_1__leaf_net887:66 0) on net clknet_1_1__leaf_net887 is discarded because the value cannot be <= 0 (PARA-040)
Warning: Coupling capacitor (merge792/A2 clknet_1_1__leaf_net909:14 0) on net clknet_1_1__leaf_net909 is discarded because the value cannot be <= 0 (PARA-040)
Warning: Coupling capacitor (c720/S1 clknet_4_11_0_clk:60 0) on net clknet_4_11_0_clk is discarded because the value cannot be <= 0 (PARA-040)
Warning: Coupling capacitor (clkbuf_1_0__f_net583/A clknet_4_11_0_clk:98 0) on net clknet_4_11_0_clk is discarded because the value cannot be <= 0 (PARA-040)
Warning: Coupling capacitor (clkbuf_1_0__f_net583/A clknet_4_11_0_clk:111 0) on net clknet_4_11_0_clk is discarded because the value cannot be <= 0 (PARA-040)
Warning: Coupling capacitor (clkbuf_1_1__f_net583/A s894/CLK 0) on net clknet_4_11_0_clk is discarded because the value cannot be <= 0 (PARA-040)
Warning: Coupling capacitor (clkbuf_1_1__f_net583/A clknet_4_11_0_clk:111 0) on net clknet_4_11_0_clk is discarded because the value cannot be <= 0 (PARA-040)
Warning: Coupling capacitor (clkbuf_1_0__f_net517/A clknet_4_15_0_clk:122 0) on net clknet_4_15_0_clk is discarded because the value cannot be <= 0 (PARA-040)
Warning: Coupling capacitor (c285/A clknet_4_2_0_clk:36 0) on net clknet_4_2_0_clk is discarded because the value cannot be <= 0 (PARA-040)
Warning: Coupling capacitor (c408/B clknet_4_2_0_clk:32 0) on net clknet_4_2_0_clk is discarded because the value cannot be <= 0 (PARA-040)
Warning: Coupling capacitor (clkbuf_1_1__f_net316/A clknet_4_2_0_clk:167 0) on net clknet_4_2_0_clk is discarded because the value cannot be <= 0 (PARA-040)
Warning: Coupling capacitor (clknet_0_clk:141 clknet_4_4_0_clk:60 0) on net clknet_4_4_0_clk is discarded because the value cannot be <= 0 (PARA-040)
Warning: Coupling capacitor (clknet_0_clk:92 clknet_4_6_0_clk:35 0) on net clknet_4_6_0_clk is discarded because the value cannot be <= 0 (PARA-040)
Warning: Coupling capacitor (clknet_0_net887:12 clknet_4_6_0_clk:89 0) on net clknet_4_6_0_clk is discarded because the value cannot be <= 0 (PARA-040)
Warning: Coupling capacitor (clknet_1_1__leaf_net333:91 ANTENNA_s863_GATE_N/DIODE 0) on net clknet_4_6_0_clk is discarded because the value cannot be <= 0 (PARA-040)
Warning: Coupling capacitor (clknet_1_1__leaf_net333:91 clknet_4_6_0_clk:245 0) on net clknet_4_6_0_clk is discarded because the value cannot be <= 0 (PARA-040)
Warning: Coupling capacitor (clknet_1_1__leaf_net333:91 clknet_4_6_0_clk:264 0) on net clknet_4_6_0_clk is discarded because the value cannot be <= 0 (PARA-040)
Warning: Coupling capacitor (clknet_0_clk:223 clknet_4_8_0_clk:10 0) on net clknet_4_8_0_clk is discarded because the value cannot be <= 0 (PARA-040)
Warning: Coupling capacitor (ANTENNA_c588_SCE/DIODE clknet_4_9_0_clk:128 0) on net clknet_4_9_0_clk is discarded because the value cannot be <= 0 (PARA-040)
Note - message 'PARA-040' default limit (100) exceeded.  Remainder will be suppressed.
Warning: Net 'net120' is multi-driven. (DES-023)
Warning: Net 'net163' is multi-driven. (DES-023)
Warning: Net 'net340' is multi-driven. (DES-023)
Warning: Net 'net342' is multi-driven. (DES-023)
Warning: Net 'net59' is multi-driven. (DES-023)

****************************************
Report : read_parasitics /nas/ei/home/ge78pav/TM_power/TM_openlane/TM_openlane_single_mid/TM_openlane_mid_ios/TM_openlane_mid_ios_mid/netlist_0/low/spef/netlist_0_post_par_nom.spef
Design : netlist_0
Version: Q-2019.12-SP1
Date   : Tue Jul 30 01:30:43 2024
****************************************

        0 error(s)
        Format is SPEF
        Annotated nets                   :         1291
        Annotated capacitances           :        10152
        Annotated resistances            :         8861
        Reduced coupling capacitances    :        16448
        Annotated PI models              :            0
        Annotated Elmore delays          :            0

