Information: Derived library resistance unit is 1.000000 Kohm (Time unit is 1 ns, and Capacitance unit is 1.000000 pF). (DES-028)
Warning: Detected semantically incorrect SPEF in coupling section. (PARA-098)
Warning: Coupling capacitor (in21:11 in22:11 0) on net in22 is discarded because the value cannot be <= 0 (PARA-040)
Warning: Coupling capacitor (in3:9 in32:11 0) on net in32 is discarded because the value cannot be <= 0 (PARA-040)
Warning: Coupling capacitor (in24:13 in41:11 0) on net in41 is discarded because the value cannot be <= 0 (PARA-040)
Warning: Coupling capacitor (in22:11 in48:11 0) on net in48 is discarded because the value cannot be <= 0 (PARA-040)
Warning: Coupling capacitor (in43:11 in49:9 0) on net in49 is discarded because the value cannot be <= 0 (PARA-040)
Warning: Coupling capacitor (in11:13 in5:13 0) on net in5 is discarded because the value cannot be <= 0 (PARA-040)
Warning: Coupling capacitor (in49:9 in51:11 0) on net in51 is discarded because the value cannot be <= 0 (PARA-040)
Warning: Coupling capacitor (in44:11 in52:7 0) on net in52 is discarded because the value cannot be <= 0 (PARA-040)
Warning: Coupling capacitor (in52:7 in53:9 0) on net in53 is discarded because the value cannot be <= 0 (PARA-040)
Warning: Coupling capacitor (in37:11 in57:13 0) on net in57 is discarded because the value cannot be <= 0 (PARA-040)
Warning: Coupling capacitor (out17 out36 0) on net out36 is discarded because the value cannot be <= 0 (PARA-040)
Warning: Coupling capacitor (out23 out50 0) on net out50 is discarded because the value cannot be <= 0 (PARA-040)
Warning: Coupling capacitor (out47 out56 0) on net out56 is discarded because the value cannot be <= 0 (PARA-040)
Warning: Coupling capacitor (out42 out58 0) on net out58 is discarded because the value cannot be <= 0 (PARA-040)
Warning: Coupling capacitor (out48 out58 0) on net out58 is discarded because the value cannot be <= 0 (PARA-040)
Warning: Coupling capacitor (clkbuf_1_1__f_net196/A clkbuf_1_1__f_net198/A 0) on net clknet_0_net198 is discarded because the value cannot be <= 0 (PARA-040)
Warning: Coupling capacitor (clknet_0_net196:8 clkbuf_1_1__f_net198/A 0) on net clknet_0_net198 is discarded because the value cannot be <= 0 (PARA-040)
Warning: Coupling capacitor (clkbuf_1_1__f_net307/A clkbuf_1_0__f_net316/A 0) on net clknet_0_net316 is discarded because the value cannot be <= 0 (PARA-040)
Warning: Coupling capacitor (clknet_0_clk:83 clkbuf_1_1__f_net316/A 0) on net clknet_0_net316 is discarded because the value cannot be <= 0 (PARA-040)
Warning: Coupling capacitor (clkbuf_1_1__f_net653/A clkbuf_1_1__f_net655/A 0) on net clknet_0_net655 is discarded because the value cannot be <= 0 (PARA-040)
Warning: Coupling capacitor (clkbuf_1_1__f_net659/A clkbuf_1_0__f_net660/A 0) on net clknet_0_net660 is discarded because the value cannot be <= 0 (PARA-040)
Warning: Coupling capacitor (clkbuf_1_1__f_net659/A clkbuf_1_1__f_net660/A 0) on net clknet_0_net660 is discarded because the value cannot be <= 0 (PARA-040)
Warning: Coupling capacitor (clkbuf_1_0__f_net658/A clkbuf_1_0__f_net669/A 0) on net clknet_0_net669 is discarded because the value cannot be <= 0 (PARA-040)
Warning: Coupling capacitor (clkbuf_1_0__f_net803/A clkbuf_1_1__f_net808/A 0) on net clknet_0_net808 is discarded because the value cannot be <= 0 (PARA-040)
Warning: Coupling capacitor (clkbuf_1_1__f_net805/A clkbuf_1_1__f_net808/A 0) on net clknet_0_net808 is discarded because the value cannot be <= 0 (PARA-040)
Warning: Coupling capacitor (clkbuf_1_0__f_net422/A clkbuf_1_0__f_net813/A 0) on net clknet_0_net813 is discarded because the value cannot be <= 0 (PARA-040)
Warning: Coupling capacitor (clkbuf_1_1__f_net422/A clkbuf_1_0__f_net813/A 0) on net clknet_0_net813 is discarded because the value cannot be <= 0 (PARA-040)
Warning: Coupling capacitor (clkbuf_1_0__f_net707/A clknet_1_0__leaf_net292:10 0) on net clknet_1_0__leaf_net292 is discarded because the value cannot be <= 0 (PARA-040)
Warning: Coupling capacitor (clkbuf_1_0__f_net708/A c346/A2 0) on net clknet_1_0__leaf_net306 is discarded because the value cannot be <= 0 (PARA-040)
Warning: Coupling capacitor (clkbuf_1_0__f_net306/A clknet_1_0__leaf_net316:12 0) on net clknet_1_0__leaf_net316 is discarded because the value cannot be <= 0 (PARA-040)
Warning: Coupling capacitor (clkbuf_1_0__f_net808/A clknet_1_0__leaf_net426:8 0) on net clknet_1_0__leaf_net426 is discarded because the value cannot be <= 0 (PARA-040)
Warning: Coupling capacitor (clkbuf_1_1__f_net725/A clknet_1_0__leaf_net426:8 0) on net clknet_1_0__leaf_net426 is discarded because the value cannot be <= 0 (PARA-040)
Warning: Coupling capacitor (c556/RESET_B c552/D 0) on net clknet_1_0__leaf_net495 is discarded because the value cannot be <= 0 (PARA-040)
Warning: Coupling capacitor (clkbuf_1_0__f_net654/A c717/B 0) on net clknet_1_0__leaf_net653 is discarded because the value cannot be <= 0 (PARA-040)
Warning: Coupling capacitor (clkbuf_1_1__f_net652/A c717/B 0) on net clknet_1_0__leaf_net653 is discarded because the value cannot be <= 0 (PARA-040)
Warning: Coupling capacitor (clkbuf_1_1__f_net653/A c722/B 0) on net clknet_1_0__leaf_net656 is discarded because the value cannot be <= 0 (PARA-040)
Warning: Coupling capacitor (c476/A c476/B 0) on net clknet_1_0__leaf_net725 is discarded because the value cannot be <= 0 (PARA-040)
Warning: Coupling capacitor (clkbuf_1_1__f_net726/A c476/B 0) on net clknet_1_0__leaf_net725 is discarded because the value cannot be <= 0 (PARA-040)
Warning: Coupling capacitor (clknet_1_0__leaf_net424:8 c476/B 0) on net clknet_1_0__leaf_net725 is discarded because the value cannot be <= 0 (PARA-040)
Warning: Coupling capacitor (clkbuf_1_0__f_net805/A c588/D 0) on net clknet_1_0__leaf_net803 is discarded because the value cannot be <= 0 (PARA-040)
Warning: Coupling capacitor (clkbuf_1_0__f_net805/A clknet_1_0__leaf_net803:10 0) on net clknet_1_0__leaf_net803 is discarded because the value cannot be <= 0 (PARA-040)
Warning: Coupling capacitor (clkbuf_1_1__f_net805/A c588/D 0) on net clknet_1_0__leaf_net803 is discarded because the value cannot be <= 0 (PARA-040)
Warning: Coupling capacitor (clkbuf_1_0__f_net426/A clknet_1_0__leaf_net808:10 0) on net clknet_1_0__leaf_net808 is discarded because the value cannot be <= 0 (PARA-040)
Warning: Coupling capacitor (clkbuf_1_0__f_net808/A output72/A 0) on net clknet_1_0__leaf_net808 is discarded because the value cannot be <= 0 (PARA-040)
Warning: Coupling capacitor (clkbuf_1_0__f_net808/A clknet_1_0__leaf_net808:10 0) on net clknet_1_0__leaf_net808 is discarded because the value cannot be <= 0 (PARA-040)
Warning: Coupling capacitor (clknet_0_net426:8 clknet_1_0__leaf_net808:10 0) on net clknet_1_0__leaf_net808 is discarded because the value cannot be <= 0 (PARA-040)
Warning: Coupling capacitor (clkbuf_1_0__f_net422/A clknet_1_0__leaf_net813:12 0) on net clknet_1_0__leaf_net813 is discarded because the value cannot be <= 0 (PARA-040)
Warning: Coupling capacitor (clkbuf_1_1__f_net198/A c249/A2 0) on net clknet_1_1__leaf_net199 is discarded because the value cannot be <= 0 (PARA-040)
Warning: Coupling capacitor (clkbuf_1_1__f_net422/A clknet_1_1__leaf_net422:10 0) on net clknet_1_1__leaf_net422 is discarded because the value cannot be <= 0 (PARA-040)
Warning: Coupling capacitor (clkbuf_1_1__f_net422/A clknet_1_1__leaf_net422:14 0) on net clknet_1_1__leaf_net422 is discarded because the value cannot be <= 0 (PARA-040)
Warning: Coupling capacitor (output72/A c482/S0 0) on net clknet_1_1__leaf_net426 is discarded because the value cannot be <= 0 (PARA-040)
Warning: Coupling capacitor (clknet_1_0__leaf_net808:10 c482/S0 0) on net clknet_1_1__leaf_net426 is discarded because the value cannot be <= 0 (PARA-040)
Warning: Coupling capacitor (clkbuf_1_1__f_net658/A c730/S0 0) on net clknet_1_1__leaf_net653 is discarded because the value cannot be <= 0 (PARA-040)
Warning: Coupling capacitor (c730/S0 c729/A3 0) on net clknet_1_1__leaf_net655 is discarded because the value cannot be <= 0 (PARA-040)
Warning: Coupling capacitor (clkbuf_1_1__f_net659/A c726/D 0) on net clknet_1_1__leaf_net660 is discarded because the value cannot be <= 0 (PARA-040)
Warning: Coupling capacitor (c731/SCD c731/D 0) on net clknet_1_1__leaf_net669 is discarded because the value cannot be <= 0 (PARA-040)
Warning: Coupling capacitor (clkbuf_1_0__f_net661/A c731/D 0) on net clknet_1_1__leaf_net669 is discarded because the value cannot be <= 0 (PARA-040)
Warning: Coupling capacitor (clkbuf_1_1__f_net661/A c731/D 0) on net clknet_1_1__leaf_net669 is discarded because the value cannot be <= 0 (PARA-040)
Warning: Coupling capacitor (clknet_1_0__leaf_net808:10 c475/B 0) on net clknet_1_1__leaf_net725 is discarded because the value cannot be <= 0 (PARA-040)
Warning: Coupling capacitor (c478/D c481/B 0) on net clknet_1_1__leaf_net726 is discarded because the value cannot be <= 0 (PARA-040)
Warning: Coupling capacitor (clknet_1_0__leaf_net426:8 c481/B 0) on net clknet_1_1__leaf_net726 is discarded because the value cannot be <= 0 (PARA-040)
Warning: Coupling capacitor (out21 clknet_1_1__leaf_net805:16 0) on net clknet_1_1__leaf_net805 is discarded because the value cannot be <= 0 (PARA-040)
Warning: Coupling capacitor (out26 output69/A 0) on net clknet_1_1__leaf_net805 is discarded because the value cannot be <= 0 (PARA-040)
Warning: Coupling capacitor (clknet_1_1__leaf_net422:14 c472/A2 0) on net clknet_1_1__leaf_net805 is discarded because the value cannot be <= 0 (PARA-040)
Warning: Coupling capacitor (clkbuf_1_0__f_net707/A clknet_2_0__leaf_clk:211 0) on net clknet_2_0__leaf_clk is discarded because the value cannot be <= 0 (PARA-040)
Warning: Coupling capacitor (clkbuf_2_0__f_clk/A clknet_2_0__leaf_clk:104 0) on net clknet_2_0__leaf_clk is discarded because the value cannot be <= 0 (PARA-040)
Warning: Coupling capacitor (clkbuf_1_0__f_net316/A clknet_2_2__leaf_clk:86 0) on net clknet_2_2__leaf_clk is discarded because the value cannot be <= 0 (PARA-040)
Warning: Coupling capacitor (clkbuf_1_1__f_net307/A clknet_2_2__leaf_clk:29 0) on net clknet_2_2__leaf_clk is discarded because the value cannot be <= 0 (PARA-040)
Warning: Coupling capacitor (c716/SCE clknet_2_3__leaf_clk:153 0) on net clknet_2_3__leaf_clk is discarded because the value cannot be <= 0 (PARA-040)
Warning: Coupling capacitor (clkbuf_1_0__f_net669/A clknet_2_3__leaf_clk:177 0) on net clknet_2_3__leaf_clk is discarded because the value cannot be <= 0 (PARA-040)
Warning: Coupling capacitor (clknet_0_net655:10 clknet_2_3__leaf_clk:177 0) on net clknet_2_3__leaf_clk is discarded because the value cannot be <= 0 (PARA-040)
Warning: Coupling capacitor (clknet_2_0__leaf_clk:40 c181/CLK 0) on net clknet_leaf_0_clk is discarded because the value cannot be <= 0 (PARA-040)
Warning: Coupling capacitor (clknet_2_1__leaf_clk:231 clknet_leaf_12_clk:10 0) on net clknet_leaf_12_clk is discarded because the value cannot be <= 0 (PARA-040)
Warning: Coupling capacitor (clkbuf_1_0__f_net493/A c564/CLK_N 0) on net clknet_leaf_14_clk is discarded because the value cannot be <= 0 (PARA-040)
Warning: Coupling capacitor (clkbuf_1_0__f_net493/A s777/GATE 0) on net clknet_leaf_14_clk is discarded because the value cannot be <= 0 (PARA-040)
Warning: Coupling capacitor (clkbuf_1_0__f_net493/A clknet_leaf_14_clk:72 0) on net clknet_leaf_14_clk is discarded because the value cannot be <= 0 (PARA-040)
Warning: Coupling capacitor (clkbuf_1_0__f_net493/A clknet_leaf_14_clk:102 0) on net clknet_leaf_14_clk is discarded because the value cannot be <= 0 (PARA-040)
Warning: Coupling capacitor (clknet_2_3__leaf_clk:177 clknet_leaf_17_clk:30 0) on net clknet_leaf_17_clk is discarded because the value cannot be <= 0 (PARA-040)
Warning: Coupling capacitor (clkbuf_1_0__f_net539/A clknet_leaf_19_clk:10 0) on net clknet_leaf_19_clk is discarded because the value cannot be <= 0 (PARA-040)
Warning: Coupling capacitor (clkbuf_1_1__f_net805/A c588/CLK 0) on net clknet_leaf_19_clk is discarded because the value cannot be <= 0 (PARA-040)
Warning: Coupling capacitor (output67/A c588/CLK 0) on net clknet_leaf_19_clk is discarded because the value cannot be <= 0 (PARA-040)
Warning: Coupling capacitor (clknet_2_0__leaf_clk:104 clknet_leaf_1_clk:20 0) on net clknet_leaf_1_clk is discarded because the value cannot be <= 0 (PARA-040)
Warning: Coupling capacitor (clknet_0_clk:107 c572/CLK 0) on net clknet_leaf_21_clk is discarded because the value cannot be <= 0 (PARA-040)
Warning: Coupling capacitor (clknet_0_clk:107 clknet_leaf_21_clk:106 0) on net clknet_leaf_21_clk is discarded because the value cannot be <= 0 (PARA-040)
Warning: Coupling capacitor (clknet_2_3__leaf_clk:10 clknet_leaf_21_clk:18 0) on net clknet_leaf_21_clk is discarded because the value cannot be <= 0 (PARA-040)
Warning: Coupling capacitor (clknet_2_3__leaf_clk:10 clknet_leaf_21_clk:45 0) on net clknet_leaf_21_clk is discarded because the value cannot be <= 0 (PARA-040)
Warning: Coupling capacitor (clknet_2_3__leaf_clk:10 clknet_leaf_21_clk:56 0) on net clknet_leaf_21_clk is discarded because the value cannot be <= 0 (PARA-040)
Warning: Coupling capacitor (clknet_2_3__leaf_clk:14 clknet_leaf_21_clk:18 0) on net clknet_leaf_21_clk is discarded because the value cannot be <= 0 (PARA-040)
Warning: Coupling capacitor (c551/SCE c552/CLK 0) on net clknet_leaf_22_clk is discarded because the value cannot be <= 0 (PARA-040)
Warning: Coupling capacitor (clknet_1_0__leaf_net494:25 c552/CLK 0) on net clknet_leaf_22_clk is discarded because the value cannot be <= 0 (PARA-040)
Warning: Coupling capacitor (c469/B clknet_leaf_24_clk:14 0) on net clknet_leaf_24_clk is discarded because the value cannot be <= 0 (PARA-040)
Warning: Coupling capacitor (c469/B clknet_leaf_24_clk:36 0) on net clknet_leaf_24_clk is discarded because the value cannot be <= 0 (PARA-040)
Warning: Coupling capacitor (c469/B clknet_leaf_24_clk:51 0) on net clknet_leaf_24_clk is discarded because the value cannot be <= 0 (PARA-040)
Warning: Coupling capacitor (c480/D clknet_leaf_24_clk:68 0) on net clknet_leaf_24_clk is discarded because the value cannot be <= 0 (PARA-040)
Warning: Coupling capacitor (clkbuf_1_1__f_net808/A s773/CLK 0) on net clknet_leaf_24_clk is discarded because the value cannot be <= 0 (PARA-040)
Warning: Coupling capacitor (clkbuf_1_1__f_net808/A clknet_leaf_24_clk:62 0) on net clknet_leaf_24_clk is discarded because the value cannot be <= 0 (PARA-040)
Warning: Coupling capacitor (clkbuf_1_1__f_net808/A clknet_leaf_24_clk:68 0) on net clknet_leaf_24_clk is discarded because the value cannot be <= 0 (PARA-040)
Warning: Coupling capacitor (clknet_1_0__leaf_net422:10 clknet_leaf_24_clk:14 0) on net clknet_leaf_24_clk is discarded because the value cannot be <= 0 (PARA-040)
Warning: Coupling capacitor (clknet_1_0__leaf_net426:8 s774/CLK 0) on net clknet_leaf_24_clk is discarded because the value cannot be <= 0 (PARA-040)
Warning: Coupling capacitor (clknet_1_0__leaf_net725:8 clknet_leaf_24_clk:14 0) on net clknet_leaf_24_clk is discarded because the value cannot be <= 0 (PARA-040)
Note - message 'PARA-040' default limit (100) exceeded.  Remainder will be suppressed.
Warning: Net 'net195' is multi-driven. (DES-023)
Warning: Net 'net218' is multi-driven. (DES-023)
Warning: Net 'net240' is multi-driven. (DES-023)
Warning: Net 'net439' is multi-driven. (DES-023)
Warning: Net 'net604' is multi-driven. (DES-023)
Warning: Net 'net677' is multi-driven. (DES-023)
Warning: Net 'net681' is multi-driven. (DES-023)
Warning: Net 'net689' is multi-driven. (DES-023)

****************************************
Report : read_parasitics /nas/ei/home/ge78pav/TM_power/TM_openlane/TM_openlane_single_min/TM_openlane_min_ios/TM_openlane_min_ios_mid/netlist_0/high/spef/netlist_0.nom.spef
Design : netlist_0
Version: Q-2019.12-SP1
Date   : Wed Aug 21 14:40:28 2024
****************************************

        0 error(s)
        Format is SPEF
        Annotated nets                   :         1209
        Annotated capacitances           :         5336
        Annotated resistances            :         4127
        Reduced coupling capacitances    :         5966
        Annotated PI models              :            0
        Annotated Elmore delays          :            0

