****************************************
Report : Averaged Power
	-net_power
	-hierarchy
	-sort_by net_switching_power
	-power_greater_than       0
	-nosplit
Design : netlist_1
Version: Q-2019.12-SP1
Date   : Fri Aug  9 16:22:36 2024
****************************************



  Attributes
  ----------
      a  -  Switching activity information / Switching power information annotated on net
      p  -  Propagated switching activity information on net
      d  -  Default switching activity used on net
      u  -  Net switching activity uninitialized
      m  -  Net is driven by multiple pins
      b  -  Net is a primary input (boundary net)

		Toggle rates reported with respect to time unit 1ns
--------------------------------------------------------------------------------
                                  Total      Static   Toggle   Switching
Net                         Vdd   Net Load   Prob.    Rate     Power      Attrs
--------------------------------------------------------------------------------
net77                       1.80    0.124    0.613    0.3338   6.716e-05  p
net794                      1.80    0.070    0.501    0.5923   6.696e-05  p
net271                      1.80    0.068    0.501    0.5797   6.430e-05  p
net741                      1.80    0.059    0.502    0.6321   6.088e-05  p
net777                      1.80    0.054    0.502    0.6915   6.011e-05  p
net300                      1.80    0.074    0.499    0.4732   5.652e-05  p
net756                      1.80    0.051    0.499    0.6709   5.560e-05  p
net435                      1.80    0.079    0.397    0.4288   5.462e-05  p
net206                      1.80    0.067    0.502    0.4932   5.321e-05  p
net123                      1.80    0.074    0.619    0.4404   5.267e-05  p
net792                      1.80    0.064    0.499    0.4732   4.937e-05  p
net791                      1.80    0.076    0.531    0.3946   4.869e-05  p
net301                      1.80    0.063    0.503    0.4754   4.853e-05  p
net776                      1.80    0.099    0.578    0.2878   4.596e-05  p
net52                       1.80    0.060    0.507    0.4662   4.496e-05  p
net302                      1.80    0.072    0.505    0.3855   4.470e-05  p
net130                      1.80    0.045    0.498    0.5992   4.343e-05  p
net124                      1.80    0.065    0.585    0.4066   4.274e-05  p
net748                      1.80    0.060    0.531    0.4356   4.220e-05  p
net109                      1.80    0.067    0.500    0.3789   4.139e-05  p
net221                      1.80    0.060    0.659    0.4176   4.032e-05  p
net9                        1.80    0.059    0.506    0.4051   3.858e-05  p
net789                      1.80    0.046    0.503    0.5178   3.819e-05  p
net800                      1.80    0.072    0.499    0.3154   3.673e-05  p
net770                      1.80    0.040    0.497    0.5694   3.659e-05  p
net782                      1.80    0.050    0.595    0.4488   3.637e-05  p
net425                      1.80    0.038    0.504    0.5904   3.623e-05  p
net786                      1.80    0.028    0.500    0.8046   3.610e-05  p
net127                      1.80    0.051    0.501    0.4357   3.594e-05  p
net346                      1.80    0.054    0.613    0.4069   3.555e-05  p
net798                      1.80    0.050    0.497    0.4406   3.545e-05  p
net201                      1.80    0.052    0.498    0.4208   3.539e-05  p
net35                       1.80    0.044    0.498    0.4831   3.419e-05  p
net303                      1.80    0.043    0.515    0.4859   3.410e-05  p
net150                      1.80    0.034    0.500    0.6107   3.368e-05  p
net811                      1.80    0.109    0.501    0.1901   3.361e-05  p
net345                      1.80    0.075    0.498    0.2748   3.352e-05  p
net517                      1.80    0.057    0.504    0.3530   3.264e-05  p
net28                       1.80    0.039    0.500    0.5115   3.192e-05  p
net835                      1.80    0.075    0.734    0.2616   3.190e-05  p
net765                      1.80    0.034    0.525    0.5727   3.173e-05  p
net96                       1.80    0.047    0.495    0.4097   3.135e-05  p
net759                      1.80    0.042    0.501    0.4578   3.089e-05  p
net102                      1.80    0.033    0.503    0.5764   3.088e-05  p
net199                      1.80    0.057    0.491    0.3305   3.072e-05  p
net2                        1.80    0.091    0.497    0.2076   3.063e-05  p
net213                      1.80    0.039    0.502    0.4807   3.022e-05  p
net125                      1.80    0.041    0.501    0.4550   2.989e-05  p
net359                      1.80    0.041    0.502    0.4555   2.989e-05  p
net746                      1.80    0.067    0.604    0.2739   2.952e-05  p
net78                       1.80    0.072    0.613    0.2521   2.933e-05  p
net313                      1.80    0.037    0.493    0.4848   2.928e-05  p
net98                       1.80    0.038    0.496    0.4702   2.915e-05  p
net758                      1.80    0.039    0.434    0.4462   2.826e-05  p
net157                      1.80    0.027    0.497    0.6322   2.800e-05  p
net112                      1.80    0.043    0.504    0.3946   2.743e-05  p
net775                      1.80    0.028    0.500    0.5930   2.733e-05  p
net799                      1.80    0.044    0.502    0.3766   2.682e-05  p
net793                      1.80    0.037    0.528    0.4434   2.676e-05  p
clknet_0_clk                1.80    0.159    0.500    0.1000   2.577e-05  a
net294                      1.80    0.033    0.522    0.4778   2.575e-05  p
net95                       1.80    0.032    0.496    0.4966   2.566e-05  p
net802                      1.80    0.046    0.499    0.3449   2.543e-05  p
net189                      1.80    0.036    0.504    0.4311   2.517e-05  p
net214                      1.80    0.040    0.498    0.3864   2.517e-05  p
net327                      1.80    0.026    0.501    0.5923   2.506e-05  p
net182                      1.80    0.042    0.500    0.3626   2.487e-05  p
net801                      1.80    0.049    0.653    0.3081   2.466e-05  p
net362                      1.80    0.052    0.503    0.2859   2.424e-05  p
net72                       1.80    0.060    0.502    0.2486   2.423e-05  p
net812                      1.80    0.077    0.501    0.1901   2.381e-05  p
net22                       1.80    0.032    0.560    0.4592   2.376e-05  p
net307                      1.80    0.056    0.644    0.2622   2.373e-05  p
net252                      1.80    0.034    0.529    0.4345   2.372e-05  p
net70                       1.80    0.043    0.496    0.3432   2.363e-05  p
net190                      1.80    0.046    0.665    0.3169   2.359e-05  p
net227                      1.80    0.030    0.526    0.4824   2.342e-05  p
net513                      1.80    0.034    0.499    0.4197   2.330e-05  p
net100                      1.80    0.035    0.627    0.4090   2.318e-05  p
net804                      1.80    0.036    0.502    0.3936   2.316e-05  p
net718                      1.80    0.142    0.500    0.1000   2.301e-05  a
net266                      1.80    0.033    0.486    0.4256   2.272e-05  p
net763                      1.80    0.022    0.504    0.6265   2.261e-05  p
net82                       1.80    0.041    0.499    0.3348   2.251e-05  p
net107                      1.80    0.048    0.503    0.2895   2.229e-05  p
net220                      1.80    0.058    0.547    0.2356   2.221e-05  p
net37                       1.80    0.034    0.503    0.4066   2.216e-05  p
net290                      1.80    0.031    0.504    0.4397   2.202e-05  p
net335                      1.80    0.023    0.546    0.5833   2.188e-05  p
net471                      1.80    0.022    0.514    0.6015   2.187e-05  p
net23                       1.80    0.034    0.683    0.3947   2.170e-05  p
net743                      1.80    0.041    0.537    0.3227   2.150e-05  p
net141                      1.80    0.047    0.564    0.2821   2.140e-05  p
net739                      1.80    0.021    0.497    0.6319   2.139e-05  p
net803                      1.80    0.036    0.500    0.3651   2.139e-05  p
net186                      1.80    0.033    0.489    0.3919   2.107e-05  p
net795                      1.80    0.034    0.500    0.3802   2.087e-05  p
net191                      1.80    0.031    0.497    0.4098   2.085e-05  p
net514                      1.80    0.050    0.501    0.2568   2.070e-05  p
net45                       1.80    0.031    0.606    0.4163   2.070e-05  p
net135                      1.80    0.021    0.500    0.5947   2.057e-05  p
net910                      1.80    0.033    0.500    0.3802   2.039e-05  p
net224                      1.80    0.022    0.501    0.5699   2.033e-05  p
net122                      1.80    0.023    0.502    0.5342   2.028e-05  p
net31                       1.80    0.024    0.500    0.5115   2.026e-05  p
net136                      1.80    0.021    0.501    0.6006   2.021e-05  p
net293                      1.80    0.025    0.504    0.4855   1.993e-05  p
net15                       1.80    0.030    0.494    0.4122   1.979e-05  p
net754                      1.80    0.018    0.529    0.6630   1.974e-05  p
net539                      1.80    0.021    0.506    0.5733   1.972e-05  p
net128                      1.80    0.022    0.500    0.5578   1.967e-05  p
net29                       1.80    0.026    0.503    0.4610   1.957e-05  p
net702                      1.80    0.121    0.500    0.1000   1.956e-05  a
net169                      1.80    0.027    0.619    0.4404   1.955e-05  p
net106                      1.80    0.045    0.500    0.2672   1.944e-05  p
net188                      1.80    0.058    0.494    0.2072   1.939e-05  p
net767                      1.80    0.062    0.503    0.1916   1.934e-05  p
net32                       1.80    0.029    0.506    0.4051   1.928e-05  p
net93                       1.80    0.027    0.497    0.4406   1.920e-05  p
net289                      1.80    0.037    0.515    0.3201   1.915e-05  p
net192                      1.80    0.058    0.624    0.2039   1.914e-05  p
net813                      1.80    0.062    0.508    0.1906   1.908e-05  p
net548                      1.80    0.020    0.495    0.5755   1.888e-05  p
net76                       1.80    0.030    0.502    0.3936   1.882e-05  p
net8                        1.80    0.043    0.493    0.2696   1.869e-05  p
net145                      1.80    0.019    0.505    0.6191   1.866e-05  p
net820                      1.80    0.047    0.532    0.2402   1.839e-05  p
net129                      1.80    0.023    0.500    0.4883   1.803e-05  p
net708                      1.80    0.111    0.500    0.1000   1.801e-05  a
net94                       1.80    0.032    0.504    0.3459   1.790e-05  p
net343                      1.80    0.017    0.546    0.6304   1.787e-05  p
net419                      1.80    0.026    0.491    0.4166   1.783e-05  p
net153                      1.80    0.026    0.626    0.4131   1.753e-05  p
net158                      1.80    0.021    0.587    0.5117   1.741e-05  p
net25                       1.80    0.025    0.502    0.4259   1.733e-05  p
net836                      1.80    0.022    0.496    0.4870   1.733e-05  p
net198                      1.80    0.039    0.604    0.2759   1.730e-05  p
net292                      1.80    0.024    0.528    0.4434   1.727e-05  p
net402                      1.80    0.036    0.502    0.2989   1.725e-05  p
net319                      1.80    0.024    0.503    0.4378   1.712e-05  p
net469                      1.80    0.031    0.349    0.3396   1.701e-05  p
net71                       1.80    0.087    0.625    0.1203   1.701e-05  p
net905                      1.80    0.022    0.503    0.4610   1.680e-05  p
net477                      1.80    0.045    0.304    0.2323   1.675e-05  p
net322                      1.80    0.042    0.714    0.2466   1.673e-05  p
net193                      1.80    0.038    0.630    0.2661   1.660e-05  p
net183                      1.80    0.027    0.506    0.3784   1.640e-05  p
net14                       1.80    0.019    0.505    0.5222   1.633e-05  p
net87                       1.80    0.033    0.512    0.3098   1.632e-05  p
net904                      1.80    0.027    0.545    0.3728   1.621e-05  p
net849                      1.80    0.049    0.683    0.2049   1.613e-05  p
net88                       1.80    0.026    0.502    0.3766   1.609e-05  p
net17                       1.80    0.020    0.496    0.4870   1.599e-05  p
net760                      1.80    0.031    0.499    0.3147   1.591e-05  p
net797                      1.80    0.021    0.503    0.4610   1.566e-05  p
net415                      1.80    0.025    0.536    0.3926   1.560e-05  p
net97                       1.80    0.025    0.505    0.3782   1.558e-05  p
net101                      1.80    0.026    0.507    0.3697   1.552e-05  p
net73                       1.80    0.040    0.532    0.2402   1.547e-05  p
net846                      1.80    0.021    0.513    0.4501   1.530e-05  p
net133                      1.80    0.050    0.504    0.1883   1.529e-05  p
net403                      1.80    0.019    0.501    0.4927   1.527e-05  p
net526                      1.80    0.028    0.499    0.3351   1.523e-05  p
net805                      1.80    0.035    0.501    0.2685   1.517e-05  p
net410                      1.80    0.028    0.754    0.3305   1.511e-05  p
net180                      1.80    0.030    0.653    0.3081   1.496e-05  p
net721                      1.80    0.092    0.500    0.1000   1.491e-05  a
net705                      1.80    0.092    0.500    0.1000   1.484e-05  a
net704                      1.80    0.091    0.500    0.1000   1.478e-05  a
net332                      1.80    0.018    0.626    0.5103   1.477e-05  p
net806                      1.80    0.043    0.494    0.2072   1.429e-05  p
net216                      1.80    0.028    0.687    0.3093   1.427e-05  p
net86                       1.80    0.029    0.506    0.3067   1.423e-05  p
net160                      1.80    0.014    0.582    0.6288   1.420e-05  p
net270                      1.80    0.014    0.502    0.6355   1.419e-05  p
net298                      1.80    0.019    0.513    0.4501   1.406e-05  p
net734                      1.80    0.086    0.500    0.1000   1.395e-05  a
net735                      1.80    0.032    0.630    0.2670   1.392e-05  p
net239                      1.80    0.033    0.631    0.2629   1.390e-05  p
net126                      1.80    0.022    0.492    0.3952   1.390e-05  p
net674                      1.80    0.086    0.500    0.1000   1.389e-05  a
net321                      1.80    0.019    0.566    0.4393   1.379e-05  p
net810                      1.80    0.045    0.510    0.1901   1.378e-05  p
net132                      1.80    0.022    0.568    0.3870   1.376e-05  p
net114                      1.80    0.023    0.499    0.3618   1.375e-05  p
net222                      1.80    0.012    0.500    0.6876   1.374e-05  p
net552                      1.80    0.026    0.485    0.3307   1.371e-05  p
net808                      1.80    0.045    0.507    0.1889   1.368e-05  p
net181                      1.80    0.025    0.521    0.3427   1.364e-05  p
net790                      1.80    0.055    0.656    0.1526   1.362e-05  p
net807                      1.80    0.031    0.502    0.2726   1.361e-05  p
net427                      1.80    0.014    0.503    0.6107   1.352e-05  p
net340                      1.80    0.052    0.656    0.1599   1.348e-05  p
net68                       1.80    0.043    0.498    0.1942   1.347e-05  p
net33                       1.80    0.020    0.565    0.4168   1.344e-05  p
net54                       1.80    0.016    0.502    0.5208   1.339e-05  p
net48                       1.80    0.018    0.507    0.4662   1.337e-05  p
net815                      1.80    0.032    0.579    0.2556   1.321e-05  p
net842                      1.80    0.023    0.511    0.3505   1.305e-05  p
net772                      1.80    0.042    0.501    0.1901   1.300e-05  p
net13                       1.80    0.017    0.501    0.4685   1.293e-05  p
net43                       1.80    0.012    0.500    0.6462   1.292e-05  p
net297                      1.80    0.036    0.496    0.2218   1.287e-05  p
net244                      1.80    0.018    0.541    0.4503   1.283e-05  p
net291                      1.80    0.024    0.477    0.3278   1.277e-05  p
net196                      1.80    0.023    0.467    0.3481   1.270e-05  p
net742                      1.80    0.025    0.647    0.3096   1.267e-05  p
net906                      1.80    0.016    0.496    0.4966   1.249e-05  p
net854                      1.80    0.013    0.500    0.5947   1.236e-05  p
net134                      1.80    0.013    0.501    0.5941   1.236e-05  p
net769                      1.80    0.037    0.691    0.2042   1.234e-05  p
net104                      1.80    0.015    0.537    0.5213   1.226e-05  p
net12                       1.80    0.021    0.500    0.3651   1.222e-05  p
net205                      1.80    0.012    0.502    0.6481   1.211e-05  p
net295                      1.80    0.016    0.507    0.4590   1.207e-05  p
net30                       1.80    0.039    0.507    0.1889   1.202e-05  p
net211                      1.80    0.029    0.623    0.2582   1.200e-05  p
net724                      1.80    0.074    0.500    0.1000   1.197e-05  a
net39                       1.80    0.017    0.504    0.4336   1.193e-05  p
net240                      1.80    0.024    0.651    0.3095   1.186e-05  p
net678                      1.80    0.073    0.500    0.1000   1.182e-05  a
net131                      1.80    0.017    0.496    0.4342   1.174e-05  p
net200                      1.80    0.028    0.579    0.2556   1.173e-05  p
net140                      1.80    0.026    0.618    0.2791   1.173e-05  p
net139                      1.80    0.011    0.498    0.6631   1.169e-05  p
net174                      1.80    0.010    0.500    0.7364   1.165e-05  p
net110                      1.80    0.038    0.505    0.1892   1.164e-05  p
net736                      1.80    0.021    0.551    0.3411   1.157e-05  p
net89                       1.80    0.037    0.498    0.1908   1.156e-05  p
net509                      1.80    0.026    0.499    0.2753   1.153e-05  p
net16                       1.80    0.020    0.499    0.3449   1.143e-05  p
net688                      1.80    0.070    0.500    0.1000   1.141e-05  a
net717                      1.80    0.070    0.500    0.1000   1.138e-05  a
net208                      1.80    0.015    0.500    0.4707   1.134e-05  p
net729                      1.80    0.070    0.500    0.1000   1.134e-05  a
net788                      1.80    0.014    0.607    0.5047   1.134e-05  p
net781                      1.80    0.010    0.501    0.6803   1.130e-05  p
net66                       1.80    0.036    0.499    0.1909   1.126e-05  p
net824                      1.80    0.014    0.504    0.4855   1.122e-05  p
net418                      1.80    0.017    0.466    0.4126   1.121e-05  p
net159                      1.80    0.030    0.555    0.2307   1.112e-05  p
net908                      1.80    0.014    0.496    0.4966   1.107e-05  p
net81                       1.80    0.029    0.628    0.2326   1.096e-05  p
net85                       1.80    0.023    0.719    0.2952   1.086e-05  p
net256                      1.80    0.014    0.511    0.4665   1.075e-05  p
net120                      1.80    0.011    0.496    0.5828   1.072e-05  p
clknet_4_9_0_clk            1.80    0.066    0.500    0.1000   1.071e-05  a
net909                      1.80    0.017    0.492    0.3952   1.056e-05  p
net451                      1.80    0.015    0.496    0.4220   1.056e-05  p
net219                      1.80    0.016    0.651    0.4141   1.046e-05  p
net844                      1.80    0.017    0.506    0.3784   1.046e-05  p
net761                      1.80    0.010    0.500    0.6477   1.042e-05  p
net231                      1.80    0.011    0.522    0.5830   1.040e-05  p
net296                      1.80    0.024    0.502    0.2652   1.036e-05  p
net42                       1.80    0.028    0.508    0.2298   1.035e-05  p
clknet_4_10_0_clk           1.80    0.064    0.500    0.1000   1.034e-05  a
clknet_4_6_0_clk            1.80    0.064    0.500    0.1000   1.033e-05  a
net117                      1.80    0.023    0.497    0.2694   1.024e-05  p
net725                      1.80    0.063    0.500    0.1000   1.015e-05  a
net809                      1.80    0.033    0.507    0.1889   1.015e-05  p
net210                      1.80    0.015    0.682    0.4262   1.014e-05  p
net827                      1.80    0.020    0.653    0.3081   1.010e-05  p
net757                      1.80    0.013    0.504    0.4748   1.004e-05  p
net6                        1.80    0.033    0.507    0.1889   1.001e-05  p
net236                      1.80    0.036    0.611    0.1731   1.001e-05  p
net91                       1.80    0.023    0.510    0.2728   1.000e-05  p
net891                      1.80    0.021    0.578    0.2878   1.000e-05  p
net333                      1.80    0.010    0.496    0.6161   9.921e-06  p
net38                       1.80    0.015    0.625    0.4102   9.850e-06  p
net324                      1.80    0.012    0.472    0.4957   9.838e-06  p
net152                      1.80    0.014    0.662    0.4471   9.814e-06  p
net113                      1.80    0.018    0.500    0.3302   9.776e-06  p
net105                      1.80    0.010    0.495    0.6081   9.746e-06  p
net744                      1.80    0.015    0.499    0.3972   9.671e-06  p
net441                      1.80    0.024    0.717    0.2493   9.635e-06  p
net473                      1.80    0.013    0.670    0.4470   9.493e-06  p
net36                       1.80    0.031    0.503    0.1898   9.467e-06  p
net364                      1.80    0.027    0.497    0.2165   9.430e-06  p
net816                      1.80    0.023    0.579    0.2556   9.406e-06  p
net185                      1.80    0.015    0.500    0.3802   9.401e-06  p
net11                       1.80    0.017    0.498    0.3469   9.376e-06  p
net512                      1.80    0.014    0.486    0.4152   9.345e-06  p
net241                      1.80    0.010    0.665    0.5602   9.311e-06  p
net5                        1.80    0.021    0.501    0.2685   9.290e-06  p
net400                      1.80    0.016    0.498    0.3495   9.181e-06  p
net115                      1.80    0.031    0.621    0.1797   9.164e-06  p
net841                      1.80    0.016    0.521    0.3427   9.157e-06  p
net682                      1.80    0.056    0.500    0.1000   9.149e-06  a
net676                      1.80    0.056    0.500    0.1000   9.147e-06  a
net325                      1.80    0.011    0.504    0.5048   8.954e-06  p
net10                       1.80    0.020    0.498    0.2724   8.914e-06  p
net111                      1.80    0.021    0.627    0.2606   8.912e-06  p
net833                      1.80    0.020    0.502    0.2726   8.863e-06  p
net602                      1.80    0.015    0.545    0.3728   8.799e-06  p
net3                        1.80    0.029    0.497    0.1866   8.780e-06  p
net401                      1.80    0.011    0.498    0.5061   8.740e-06  p
net65                       1.80    0.028    0.501    0.1932   8.727e-06  p
net856                      1.80    0.023    0.628    0.2326   8.673e-06  p
net223                      1.80    0.009    0.497    0.6223   8.630e-06  p
net825                      1.80    0.011    0.504    0.4855   8.582e-06  p
net218                      1.80    0.019    0.604    0.2739   8.523e-06  p
net829                      1.80    0.019    0.498    0.2702   8.444e-06  p
net640                      1.80    0.020    0.531    0.2587   8.427e-06  p
net226                      1.80    0.009    0.497    0.5918   8.362e-06  p
net446                      1.80    0.016    0.499    0.3154   8.309e-06  p
net405                      1.80    0.011    0.487    0.4623   8.291e-06  p
net75                       1.80    0.015    0.511    0.3505   8.284e-06  p
net26                       1.80    0.023    0.496    0.2185   8.260e-06  p
net121                      1.80    0.028    0.667    0.1845   8.239e-06  p
net7                        1.80    0.027    0.495    0.1906   8.237e-06  p
net209                      1.80    0.019    0.582    0.2631   8.109e-06  p
net351                      1.80    0.019    0.531    0.2586   8.070e-06  p
net272                      1.80    0.010    0.502    0.4830   7.996e-06  p
net320                      1.80    0.012    0.512    0.4212   7.960e-06  p
net49                       1.80    0.018    0.506    0.2698   7.934e-06  p
net460                      1.80    0.014    0.596    0.3484   7.881e-06  p
net677                      1.80    0.049    0.500    0.1000   7.864e-06  a
net1                        1.80    0.022    0.496    0.2185   7.851e-06  p
net863                      1.80    0.048    0.500    0.1000   7.817e-06  a
net536                      1.80    0.016    0.494    0.2929   7.781e-06  p
net195                      1.80    0.011    0.504    0.4213   7.731e-06  p
net154                      1.80    0.010    0.623    0.4797   7.700e-06  p
net847                      1.80    0.010    0.513    0.4501   7.622e-06  p
net617                      1.80    0.047    0.500    0.1000   7.620e-06  a
net277                      1.80    0.007    0.501    0.6726   7.592e-06  p
net726                      1.80    0.047    0.500    0.1000   7.563e-06  a
net862                      1.80    0.017    0.502    0.2726   7.546e-06  p
net679                      1.80    0.046    0.500    0.1000   7.447e-06  a
net103                      1.80    0.008    0.497    0.5615   7.431e-06  p
net696                      1.80    0.046    0.500    0.1000   7.381e-06  a
net715                      1.80    0.046    0.500    0.1000   7.376e-06  a
net907                      1.80    0.009    0.496    0.4966   7.341e-06  p
net84                       1.80    0.022    0.683    0.2049   7.286e-06  p
net40                       1.80    0.013    0.501    0.3413   7.203e-06  p
net700                      1.80    0.044    0.500    0.1000   7.176e-06  a
net823                      1.80    0.009    0.504    0.4855   7.163e-06  p
net511                      1.80    0.018    0.323    0.2427   7.132e-06  p
net304                      1.80    0.010    0.497    0.4426   7.128e-06  p
net34                       1.80    0.023    0.667    0.1876   7.091e-06  p
net168                      1.80    0.011    0.501    0.4097   7.052e-06  p
net194                      1.80    0.012    0.503    0.3551   7.037e-06  p
net18                       1.80    0.008    0.499    0.5170   7.024e-06  p
net337                      1.80    0.017    0.506    0.2540   7.001e-06  p
net681                      1.80    0.043    0.500    0.1000   6.964e-06  a
net657                      1.80    0.020    0.538    0.2118   6.957e-06  p
net166                      1.80    0.009    0.500    0.4657   6.934e-06  p
net839                      1.80    0.022    0.511    0.1907   6.919e-06  p
net433                      1.80    0.008    0.501    0.5290   6.902e-06  p
net46                       1.80    0.022    0.501    0.1917   6.876e-06  p
net379                      1.80    0.016    0.667    0.2683   6.849e-06  p
net686                      1.80    0.042    0.500    0.1000   6.819e-06  a
clknet_4_15_0_clk           1.80    0.042    0.500    0.1000   6.803e-06  a
net24                       1.80    0.026    0.542    0.1607   6.792e-06  p
net27                       1.80    0.009    0.497    0.4640   6.789e-06  p
net538                      1.80    0.020    0.484    0.2057   6.782e-06  p
net822                      1.80    0.011    0.489    0.3919   6.746e-06  p
net771                      1.80    0.013    0.301    0.3251   6.730e-06  p
net69                       1.80    0.015    0.502    0.2726   6.728e-06  p
net118                      1.80    0.008    0.502    0.4895   6.649e-06  p
net390                      1.80    0.026    0.560    0.1603   6.634e-06  p
net354                      1.80    0.026    0.849    0.1589   6.631e-06  p
clknet_4_12_0_clk           1.80    0.040    0.500    0.1000   6.532e-06  a
net732                      1.80    0.040    0.500    0.1000   6.488e-06  a
net755                      1.80    0.018    0.350    0.2229   6.449e-06  p
net855                      1.80    0.019    0.507    0.2077   6.409e-06  p
net859                      1.80    0.017    0.628    0.2326   6.395e-06  p
net267                      1.80    0.006    0.501    0.6611   6.387e-06  p
net845                      1.80    0.008    0.500    0.4816   6.385e-06  p
net409                      1.80    0.021    0.592    0.1852   6.371e-06  p
net203                      1.80    0.010    0.495    0.3872   6.332e-06  p
net245                      1.80    0.008    0.499    0.4952   6.297e-06  p
net99                       1.80    0.009    0.499    0.4321   6.276e-06  p
net366                      1.80    0.017    0.633    0.2273   6.237e-06  p
net273                      1.80    0.006    0.499    0.6445   6.233e-06  p
net482                      1.80    0.012    0.761    0.3317   6.191e-06  p
net485                      1.80    0.012    0.377    0.3233   6.129e-06  p
net654                      1.80    0.019    0.528    0.1983   6.047e-06  p
net680                      1.80    0.037    0.500    0.1000   6.008e-06  a
net830                      1.80    0.014    0.498    0.2702   5.969e-06  p
net197                      1.80    0.008    0.500    0.4816   5.939e-06  p
net474                      1.80    0.009    0.290    0.3960   5.939e-06  p
net448                      1.80    0.018    0.389    0.2030   5.858e-06  p
net728                      1.80    0.036    0.500    0.1000   5.846e-06  a
net787                      1.80    0.007    0.527    0.5521   5.829e-06  p
net796                      1.80    0.044    0.906    0.0817   5.760e-06  p
net377                      1.80    0.008    0.595    0.4638   5.728e-06  p
net447                      1.80    0.008    0.500    0.4292   5.708e-06  p
net838                      1.80    0.008    0.504    0.4213   5.696e-06  p
net58                       1.80    0.010    0.497    0.3439   5.652e-06  p
net484                      1.80    0.013    0.327    0.2678   5.644e-06  p
clknet_4_11_0_clk           1.80    0.035    0.500    0.1000   5.636e-06  a
net860                      1.80    0.015    0.628    0.2326   5.618e-06  p
clknet_4_2_0_clk            1.80    0.034    0.500    0.1000   5.573e-06  a
net785                      1.80    0.006    0.639    0.5385   5.542e-06  p
net21                       1.80    0.006    0.499    0.5404   5.507e-06  p
net727                      1.80    0.034    0.500    0.1000   5.501e-06  a
net687                      1.80    0.034    0.500    0.1000   5.482e-06  a
net429                      1.80    0.006    0.622    0.5612   5.473e-06  p
net561                      1.80    0.008    0.639    0.4123   5.419e-06  p
clknet_4_8_0_clk            1.80    0.033    0.500    0.1000   5.415e-06  a
clknet_4_5_0_clk            1.80    0.033    0.500    0.1000   5.404e-06  a
net716                      1.80    0.033    0.500    0.1000   5.402e-06  a
net286                      1.80    0.005    0.615    0.6581   5.396e-06  p
net834                      1.80    0.017    0.508    0.1906   5.391e-06  p
net472                      1.80    0.011    0.734    0.3138   5.375e-06  p
net341                      1.80    0.008    0.547    0.4237   5.319e-06  p
net212                      1.80    0.010    0.497    0.3354   5.276e-06  p
net675                      1.80    0.033    0.500    0.1000   5.268e-06  a
net733                      1.80    0.032    0.500    0.1000   5.205e-06  a
net819                      1.80    0.017    0.499    0.1909   5.178e-06  p
net684                      1.80    0.032    0.500    0.1000   5.172e-06  a
net217                      1.80    0.010    0.597    0.3191   5.172e-06  p
clknet_4_4_0_clk            1.80    0.032    0.500    0.1000   5.147e-06  a
net707                      1.80    0.032    0.500    0.1000   5.141e-06  a
clknet_4_1_0_clk            1.80    0.032    0.500    0.1000   5.135e-06  a
net459                      1.80    0.014    0.539    0.2251   5.103e-06  p
net564                      1.80    0.006    0.496    0.5169   5.061e-06  p
net247                      1.80    0.008    0.495    0.3802   5.030e-06  p
net108                      1.80    0.007    0.497    0.4406   5.027e-06  p
net817                      1.80    0.012    0.579    0.2556   5.009e-06  p
net116                      1.80    0.006    0.502    0.5118   4.975e-06  p
net215                      1.80    0.010    0.313    0.3092   4.971e-06  p
net83                       1.80    0.012    0.734    0.2616   4.970e-06  p
net361                      1.80    0.011    0.476    0.2751   4.958e-06  p
net138                      1.80    0.021    0.490    0.1483   4.949e-06  p
net74                       1.80    0.010    0.653    0.3081   4.921e-06  p
net861                      1.80    0.007    0.501    0.4578   4.883e-06  p
net903                      1.80    0.019    0.542    0.1607   4.874e-06  p
net119                      1.80    0.012    0.490    0.2542   4.869e-06  p
net722                      1.80    0.030    0.500    0.1000   4.831e-06  a
net176                      1.80    0.005    0.571    0.5495   4.818e-06  p
net41                       1.80    0.008    0.668    0.3938   4.812e-06  p
net146                      1.80    0.005    0.506    0.6129   4.790e-06  p
net699                      1.80    0.029    0.500    0.1000   4.690e-06  a
clknet_4_13_0_clk           1.80    0.029    0.500    0.1000   4.687e-06  a
clknet_4_7_0_clk            1.80    0.029    0.500    0.1000   4.667e-06  a
net685                      1.80    0.029    0.500    0.1000   4.667e-06  a
net59                       1.80    0.006    0.495    0.5159   4.646e-06  p
net584                      1.80    0.016    0.518    0.1748   4.600e-06  p
net537                      1.80    0.011    0.692    0.2536   4.597e-06  p
net653                      1.80    0.015    0.623    0.1905   4.586e-06  p
net187                      1.80    0.014    0.494    0.2072   4.550e-06  p
net60                       1.80    0.007    0.506    0.4051   4.542e-06  p
net92                       1.80    0.010    0.504    0.2768   4.541e-06  p
net565                      1.80    0.005    0.496    0.5459   4.525e-06  p
net276                      1.80    0.006    0.499    0.4944   4.520e-06  p
net731                      1.80    0.028    0.500    0.1000   4.493e-06  a
net837                      1.80    0.006    0.496    0.4870   4.485e-06  p
net559                      1.80    0.020    0.655    0.1412   4.470e-06  p
net711                      1.80    0.028    0.500    0.1000   4.469e-06  a
clknet_4_3_0_clk            1.80    0.027    0.500    0.1000   4.354e-06  a
clknet_4_14_0_clk           1.80    0.027    0.500    0.1000   4.345e-06  a
net814                      1.80    0.010    0.579    0.2556   4.329e-06  p
net248                      1.80    0.011    0.535    0.2395   4.326e-06  p
net714                      1.80    0.026    0.500    0.1000   4.280e-06  a
net857                      1.80    0.011    0.628    0.2326   4.275e-06  p
net353                      1.80    0.009    0.532    0.3012   4.261e-06  p
net281                      1.80    0.008    0.670    0.3070   4.222e-06  p
net51                       1.80    0.006    0.503    0.4636   4.158e-06  p
net558                      1.80    0.005    0.590    0.5317   4.151e-06  p
net204                      1.80    0.009    0.496    0.2744   4.131e-06  p
net230                      1.80    0.004    0.486    0.5832   4.126e-06  p
net672                      1.80    0.011    0.587    0.2331   4.120e-06  p
net529                      1.80    0.009    0.489    0.2835   4.095e-06  p
net64                       1.80    0.013    0.508    0.1906   4.043e-06  p
net370                      1.80    0.007    0.502    0.3796   4.003e-06  p
net853                      1.80    0.018    0.719    0.1381   3.967e-06  p
net19                       1.80    0.006    0.496    0.4103   3.964e-06  p
net723                      1.80    0.024    0.500    0.1000   3.961e-06  a
net683                      1.80    0.024    0.500    0.1000   3.955e-06  a
net167                      1.80    0.005    0.504    0.4782   3.911e-06  p
net284                      1.80    0.006    0.487    0.4175   3.899e-06  p
net848                      1.80    0.005    0.513    0.4501   3.890e-06  p
clknet_4_0_0_clk            1.80    0.024    0.500    0.1000   3.888e-06  a
net20                       1.80    0.005    0.627    0.4633   3.888e-06  p
net656                      1.80    0.010    0.596    0.2410   3.887e-06  p
net443                      1.80    0.004    0.514    0.5724   3.879e-06  p
net437                      1.80    0.062    0.938    0.0385   3.858e-06  p
net498                      1.80    0.008    0.653    0.2923   3.849e-06  p
net67                       1.80    0.009    0.498    0.2702   3.839e-06  p
net56                       1.80    0.008    0.245    0.2936   3.811e-06  p
net478                      1.80    0.005    0.603    0.4423   3.801e-06  p
net695                      1.80    0.023    0.500    0.1000   3.801e-06  a
net871                      1.80    0.010    0.596    0.2410   3.799e-06  p
net326                      1.80    0.005    0.410    0.4812   3.786e-06  p
net367                      1.80    0.007    0.656    0.3402   3.784e-06  p
net587                      1.80    0.008    0.693    0.2820   3.770e-06  p
net720                      1.80    0.023    0.500    0.1000   3.752e-06  a
net534                      1.80    0.008    0.501    0.3017   3.739e-06  p
net172                      1.80    0.005    0.504    0.4507   3.734e-06  p
net573                      1.80    0.004    0.496    0.5574   3.713e-06  p
net712                      1.80    0.023    0.500    0.1000   3.712e-06  a
net831                      1.80    0.008    0.498    0.2702   3.675e-06  p
net175                      1.80    0.003    0.500    0.7891   3.665e-06  p
net843                      1.80    0.006    0.506    0.3784   3.636e-06  p
net516                      1.80    0.019    0.569    0.1176   3.625e-06  p
net228                      1.80    0.009    0.547    0.2572   3.619e-06  p
net4                        1.80    0.012    0.510    0.1901   3.618e-06  p
net703                      1.80    0.022    0.500    0.1000   3.617e-06  a
net698                      1.80    0.022    0.500    0.1000   3.609e-06  a
net515                      1.80    0.007    0.480    0.3379   3.600e-06  p
net423                      1.80    0.004    0.364    0.5327   3.598e-06  p
net508                      1.80    0.009    0.323    0.2427   3.567e-06  p
net63                       1.80    0.005    0.496    0.4004   3.561e-06  p
net697                      1.80    0.022    0.500    0.1000   3.548e-06  a
net306                      1.80    0.008    0.469    0.2592   3.516e-06  p
net50                       1.80    0.006    0.499    0.3441   3.507e-06  p
net455                      1.80    0.005    0.459    0.4300   3.479e-06  p
net268                      1.80    0.005    0.503    0.4254   3.470e-06  p
net701                      1.80    0.021    0.500    0.1000   3.463e-06  a
net246                      1.80    0.016    0.506    0.1344   3.433e-06  p
net162                      1.80    0.010    0.820    0.2054   3.323e-06  p
net317                      1.80    0.004    0.613    0.4661   3.245e-06  p
net589                      1.80    0.007    0.603    0.2703   3.197e-06  p
net411                      1.80    0.006    0.353    0.3097   3.189e-06  p
net225                      1.80    0.005    0.501    0.3714   3.174e-06  p
net878                      1.80    0.004    0.502    0.4555   3.171e-06  p
net496                      1.80    0.004    0.520    0.4807   3.166e-06  p
net912                      1.80    0.020    0.500    0.1000   3.162e-06  a
net691                      1.80    0.019    0.500    0.1000   3.159e-06  a
net310                      1.80    0.011    0.625    0.1732   3.116e-06  p
net655                      1.80    0.009    0.574    0.2194   3.091e-06  p
net638                      1.80    0.004    0.500    0.4506   3.056e-06  p
net280                      1.80    0.003    0.479    0.6276   3.055e-06  p
net257                      1.80    0.010    0.644    0.1939   3.042e-06  p
net911                      1.80    0.005    0.500    0.3802   3.035e-06  p
net80                       1.80    0.014    0.719    0.1381   3.032e-06  p
net501                      1.80    0.008    0.663    0.2361   3.029e-06  p
net634                      1.80    0.004    0.593    0.4412   3.009e-06  p
net452                      1.80    0.006    0.661    0.2955   2.998e-06  p
net90                       1.80    0.010    0.497    0.1921   2.969e-06  p
net0                        1.80    0.010    0.511    0.1907   2.956e-06  p
net79                       1.80    0.009    0.507    0.2077   2.951e-06  p
net592                      1.80    0.008    0.788    0.2238   2.941e-06  p
net740                      1.80    0.033    0.890    0.0556   2.934e-06  p
net431                      1.80    0.003    0.500    0.6294   2.931e-06  p
net694                      1.80    0.018    0.500    0.1000   2.918e-06  a
net730                      1.80    0.018    0.500    0.1000   2.904e-06  a
net308                      1.80    0.003    0.501    0.5595   2.876e-06  p
net828                      1.80    0.006    0.653    0.3081   2.869e-06  p
net528                      1.80    0.006    0.507    0.2775   2.859e-06  p
net250                      1.80    0.004    0.636    0.4149   2.853e-06  p
net572                      1.80    0.004    0.476    0.4209   2.798e-06  p
net635                      1.80    0.007    0.323    0.2427   2.781e-06  p
net355                      1.80    0.004    0.521    0.4254   2.756e-06  p
net581                      1.80    0.007    0.498    0.2367   2.751e-06  p
net885                      1.80    0.010    0.159    0.1739   2.749e-06  p
net510                      1.80    0.005    0.465    0.3243   2.744e-06  p
net580                      1.80    0.018    0.792    0.0956   2.728e-06  p
net386                      1.80    0.004    0.494    0.4748   2.718e-06  p
net417                      1.80    0.006    0.501    0.2651   2.709e-06  p
net378                      1.80    0.050    0.603    0.0332   2.701e-06  p
net609                      1.80    0.004    0.515    0.3677   2.657e-06  p
net184                      1.80    0.020    0.906    0.0817   2.654e-06  p
net479                      1.80    0.005    0.608    0.3510   2.650e-06  p
net850                      1.80    0.008    0.683    0.2049   2.648e-06  p
net462                      1.80    0.011    0.310    0.1425   2.647e-06  p
net260                      1.80    0.008    0.508    0.2134   2.643e-06  p
net47                       1.80    0.016    0.488    0.1005   2.639e-06  p
net753                      1.80    0.025    0.696    0.0643   2.636e-06  p
net385                      1.80    0.019    0.635    0.0869   2.634e-06  p
net179                      1.80    0.003    0.419    0.5813   2.625e-06  p
net706                      1.80    0.016    0.500    0.1000   2.604e-06  a
net137                      1.80    0.011    0.510    0.1482   2.593e-06  p
net149                      1.80    0.008    0.573    0.1890   2.575e-06  p
net549                      1.80    0.019    0.106    0.0850   2.552e-06  p
net606                      1.80    0.003    0.621    0.4651   2.544e-06  p
net323                      1.80    0.050    0.090    0.0315   2.537e-06  p
net285                      1.80    0.003    0.594    0.4731   2.537e-06  p
net393                      1.80    0.004    0.546    0.3977   2.516e-06  p
net557                      1.80    0.006    0.623    0.2763   2.513e-06  p
net651                      1.80    0.007    0.529    0.2283   2.494e-06  p
net713                      1.80    0.015    0.500    0.1000   2.483e-06  a
net468                      1.80    0.003    0.649    0.5229   2.477e-06  p
net671                      1.80    0.006    0.604    0.2739   2.475e-06  p
net719                      1.80    0.015    0.500    0.1000   2.458e-06  a
net396                      1.80    0.006    0.610    0.2578   2.454e-06  p
net44                       1.80    0.003    0.527    0.4660   2.445e-06  p
net61                       1.80    0.004    0.502    0.4089   2.440e-06  p
net263                      1.80    0.004    0.546    0.3981   2.410e-06  p
net350                      1.80    0.008    0.840    0.1740   2.382e-06  p
net147                      1.80    0.003    0.501    0.4609   2.376e-06  p
net170                      1.80    0.002    0.502    0.7048   2.376e-06  p
net144                      1.80    0.011    0.522    0.1299   2.360e-06  p
net151                      1.80    0.002    0.501    0.6495   2.340e-06  p
net486                      1.80    0.008    0.775    0.1725   2.318e-06  p
net749                      1.80    0.010    0.607    0.1427   2.316e-06  p
net605                      1.80    0.004    0.623    0.3948   2.315e-06  p
net689                      1.80    0.014    0.500    0.1000   2.311e-06  a
net481                      1.80    0.006    0.147    0.2406   2.298e-06  p
net783                      1.80    0.005    0.812    0.3128   2.298e-06  p
net583                      1.80    0.008    0.482    0.1746   2.289e-06  p
net832                      1.80    0.005    0.498    0.2702   2.287e-06  p
net826                      1.80    0.003    0.504    0.4855   2.277e-06  p
net55                       1.80    0.005    0.497    0.2726   2.255e-06  p
net237                      1.80    0.004    0.290    0.3219   2.244e-06  p
net461                      1.80    0.004    0.651    0.3836   2.241e-06  p
net408                      1.80    0.004    0.497    0.3283   2.220e-06  p
net556                      1.80    0.055    0.342    0.0245   2.188e-06  p
net318                      1.80    0.010    0.694    0.1403   2.186e-06  p
net458                      1.80    0.004    0.380    0.3517   2.182e-06  p
net666                      1.80    0.005    0.628    0.2448   2.173e-06  p
net309                      1.80    0.003    0.501    0.4497   2.166e-06  p
net492                      1.80    0.003    0.657    0.4892   2.151e-06  p
net238                      1.80    0.004    0.710    0.3219   2.141e-06  p
net262                      1.80    0.060    0.538    0.0218   2.138e-06  p
net475                      1.80    0.005    0.797    0.2661   2.119e-06  p
net603                      1.80    0.003    0.481    0.4009   2.086e-06  p
net630                      1.80    0.002    0.602    0.5145   2.081e-06  p
net334                      1.80    0.002    0.503    0.5361   2.043e-06  p
net57                       1.80    0.005    0.499    0.2709   1.996e-06  p
net363                      1.80    0.010    0.652    0.1268   1.978e-06  p
net533                      1.80    0.003    0.503    0.3913   1.973e-06  p
net439                      1.80    0.003    0.284    0.3699   1.968e-06  p
net62                       1.80    0.006    0.619    0.1918   1.960e-06  p
net202                      1.80    0.003    0.623    0.3949   1.957e-06  p
net608                      1.80    0.003    0.510    0.3932   1.939e-06  p
net851                      1.80    0.006    0.683    0.2049   1.909e-06  p
net356                      1.80    0.003    0.627    0.3697   1.909e-06  p
net314                      1.80    0.002    0.504    0.4776   1.897e-06  p
net527                      1.80    0.004    0.499    0.2753   1.881e-06  p
net258                      1.80    0.002    0.499    0.4845   1.876e-06  p
net902                      1.80    0.007    0.542    0.1607   1.869e-06  p
net652                      1.80    0.006    0.374    0.1902   1.862e-06  p
net604                      1.80    0.003    0.590    0.4010   1.856e-06  p
net261                      1.80    0.052    0.454    0.0221   1.850e-06  p
net254                      1.80    0.002    0.500    0.4897   1.836e-06  p
net395                      1.80    0.003    0.607    0.4342   1.835e-06  p
clknet_0_net764             1.80    0.018    0.311    0.0613   1.831e-06  p
net357                      1.80    0.003    0.528    0.4061   1.828e-06  p
net53                       1.80    0.011    0.501    0.0984   1.828e-06  p
net566                      1.80    0.039    0.493    0.0289   1.823e-06  p
net875                      1.80    0.003    0.710    0.3219   1.820e-06  p
net243                      1.80    0.031    0.629    0.0365   1.816e-06  p
net709                      1.80    0.011    0.500    0.1000   1.810e-06  a
net305                      1.80    0.060    0.504    0.0185   1.807e-06  p
net500                      1.80    0.003    0.512    0.3791   1.776e-06  p
clknet_0_net750             1.80    0.018    0.304    0.0615   1.771e-06  p
net349                      1.80    0.006    0.159    0.1737   1.739e-06  p
net773                      1.80    0.003    0.504    0.4052   1.739e-06  p
net593                      1.80    0.004    0.704    0.2814   1.739e-06  p
net330                      1.80    0.003    0.380    0.4134   1.725e-06  p
net692                      1.80    0.011    0.500    0.1000   1.720e-06  a
net868                      1.80    0.005    0.538    0.2118   1.716e-06  p
net442                      1.80    0.002    0.367    0.4806   1.715e-06  p
net669                      1.80    0.007    0.518    0.1568   1.707e-06  p
net156                      1.80    0.003    0.384    0.4163   1.706e-06  p
net881                      1.80    0.006    0.572    0.1889   1.703e-06  p
net380                      1.80    0.002    0.522    0.4294   1.696e-06  p
net497                      1.80    0.004    0.766    0.2903   1.693e-06  p
net673                      1.80    0.004    0.498    0.2367   1.688e-06  p
net607                      1.80    0.003    0.472    0.3753   1.687e-06  p
net207                      1.80    0.002    0.649    0.5646   1.678e-06  p
net586                      1.80    0.003    0.667    0.3628   1.673e-06  p
net432                      1.80    0.002    0.512    0.4777   1.642e-06  p
net372                      1.80    0.002    0.565    0.4114   1.604e-06  p
net165                      1.80    0.004    0.575    0.2656   1.601e-06  p
clknet_0_net664             1.80    0.019    0.267    0.0524   1.594e-06  p
net387                      1.80    0.039    0.511    0.0248   1.576e-06  p
net750                      1.80    0.016    0.304    0.0615   1.558e-06  p
net476                      1.80    0.002    0.645    0.4470   1.546e-06  p
net420                      1.80    0.003    0.652    0.3546   1.536e-06  p
net480                      1.80    0.003    0.561    0.3133   1.518e-06  p
net287                      1.80    0.003    0.583    0.3281   1.500e-06  p
net365                      1.80    0.002    0.502    0.4299   1.494e-06  p
net398                      1.80    0.004    0.698    0.2267   1.474e-06  p
net493                      1.80    0.004    0.587    0.2331   1.462e-06  p
net710                      1.80    0.009    0.500    0.1000   1.449e-06  a
net571                      1.80    0.002    0.472    0.4170   1.436e-06  p
net352                      1.80    0.003    0.468    0.3012   1.416e-06  p
net693                      1.80    0.009    0.500    0.1000   1.407e-06  a
net171                      1.80    0.003    0.708    0.2456   1.382e-06  p
net821                      1.80    0.004    0.532    0.2402   1.378e-06  p
clknet_0_net663             1.80    0.018    0.227    0.0460   1.361e-06  p
net234                      1.80    0.034    0.530    0.0248   1.359e-06  p
net649                      1.80    0.004    0.381    0.2198   1.323e-06  p
net553                      1.80    0.003    0.686    0.2954   1.317e-06  p
net391                      1.80    0.003    0.557    0.2375   1.316e-06  p
net505                      1.80    0.002    0.752    0.3415   1.293e-06  p
net487                      1.80    0.003    0.547    0.2596   1.290e-06  p
net531                      1.80    0.006    0.692    0.1311   1.288e-06  p
net394                      1.80    0.003    0.468    0.2673   1.285e-06  p
net876                      1.80    0.003    0.766    0.2902   1.284e-06  p
net563                      1.80    0.006    0.437    0.1387   1.275e-06  p
net610                      1.80    0.003    0.331    0.3102   1.269e-06  p
net667                      1.80    0.004    0.493    0.2075   1.249e-06  p
net650                      1.80    0.003    0.467    0.2280   1.242e-06  p
net639                      1.80    0.003    0.469    0.2590   1.230e-06  p
net373                      1.80    0.003    0.621    0.2461   1.224e-06  p
net864                      1.80    0.007    0.500    0.1000   1.207e-06  a
net568                      1.80    0.005    0.657    0.1427   1.199e-06  p
net495                      1.80    0.005    0.560    0.1542   1.181e-06  p
net600                      1.80    0.002    0.583    0.3169   1.170e-06  p
net764                      1.80    0.012    0.311    0.0613   1.155e-06  p
net778                      1.80    0.003    0.816    0.2455   1.153e-06  p
net503                      1.80    0.003    0.774    0.2247   1.130e-06  p
net562                      1.80    0.003    0.372    0.2309   1.128e-06  p
net483                      1.80    0.002    0.757    0.3285   1.127e-06  p
out17                       1.80    0.002    0.499    0.3972   1.126e-06  p
net392                      1.80    0.005    0.577    0.1422   1.124e-06  p
net858                      1.80    0.003    0.628    0.2326   1.118e-06  p
net249                      1.80    0.005    0.491    0.1508   1.111e-06  p
net582                      1.80    0.003    0.498    0.2367   1.109e-06  p
net670                      1.80    0.003    0.429    0.2035   1.106e-06  p
clknet_1_1__leaf_net750     1.80    0.011    0.304    0.0615   1.105e-06  p
net316                      1.80    0.002    0.210    0.2857   1.104e-06  p
net449                      1.80    0.003    0.518    0.2251   1.102e-06  p
net336                      1.80    0.016    0.177    0.0414   1.102e-06  p
net774                      1.80    0.002    0.505    0.2716   1.100e-06  p
net454                      1.80    0.012    0.116    0.0557   1.099e-06  p
net668                      1.80    0.004    0.481    0.1568   1.097e-06  p
net371                      1.80    0.027    0.980    0.0254   1.095e-06  p
net597                      1.80    0.002    0.424    0.2684   1.081e-06  p
net574                      1.80    0.021    0.434    0.0320   1.079e-06  p
net645                      1.80    0.028    0.530    0.0236   1.079e-06  p
net436                      1.80    0.017    0.033    0.0377   1.065e-06  p
net490                      1.80    0.003    0.587    0.2331   1.062e-06  p
net614                      1.80    0.020    0.397    0.0332   1.058e-06  p
net384                      1.80    0.013    0.197    0.0505   1.055e-06  p
net570                      1.80    0.003    0.695    0.2260   1.052e-06  p
net229                      1.80    0.026    0.502    0.0243   1.018e-06  p
net360                      1.80    0.018    0.492    0.0351   1.013e-06  p
net545                      1.80    0.005    0.713    0.1222   1.010e-06  p
net143                      1.80    0.004    0.550    0.1735   1.005e-06  p
out36                       1.80    0.001    0.500    0.6477   1.002e-06  p
out14                       1.80    0.001    0.502    0.6321   9.937e-07  p
out12                       1.80    0.001    0.497    0.6319   9.845e-07  p
net470                      1.80    0.002    0.737    0.2932   9.697e-07  p
out38                       1.80    0.001    0.504    0.6265   9.614e-07  p
net555                      1.80    0.026    0.570    0.0232   9.601e-07  p
net598                      1.80    0.004    0.707    0.1467   9.383e-07  p
out55                       1.80    0.001    0.595    0.4488   9.338e-07  p
net502                      1.80    0.004    0.614    0.1549   9.328e-07  p
net818                      1.80    0.002    0.579    0.2556   9.272e-07  p
net499                      1.80    0.004    0.537    0.1463   9.227e-07  p
net342                      1.80    0.022    0.492    0.0254   9.209e-07  p
net450                      1.80    0.009    0.524    0.0588   9.015e-07  p
net882                      1.80    0.002    0.498    0.2367   9.001e-07  p
out35                       1.80    0.002    0.499    0.3147   8.969e-07  p
net840                      1.80    0.003    0.511    0.1907   8.901e-07  p
net664                      1.80    0.010    0.267    0.0524   8.801e-07  p
out49                       1.80    0.001    0.500    0.5930   8.661e-07  p
net406                      1.80    0.002    0.662    0.2495   8.486e-07  p
clknet_1_0__leaf_net750     1.80    0.008    0.304    0.0615   8.351e-07  p
net161                      1.80    0.002    0.180    0.2052   8.298e-07  p
out59                       1.80    0.001    0.639    0.5385   8.294e-07  p
net870                      1.80    0.004    0.287    0.1222   8.291e-07  p
net465                      1.80    0.003    0.469    0.1605   8.276e-07  p
net690                      1.80    0.005    0.500    0.1000   8.274e-07  a
out44                       1.80    0.001    0.497    0.5694   8.205e-07  p
net892                      1.80    0.004    0.590    0.1168   8.127e-07  p
net542                      1.80    0.024    0.909    0.0211   8.118e-07  p
clknet_1_0__leaf_net764     1.80    0.008    0.311    0.0613   8.106e-07  p
net445                      1.80    0.015    0.897    0.0330   8.025e-07  p
net178                      1.80    0.007    0.044    0.0710   7.992e-07  p
net397                      1.80    0.003    0.639    0.1665   7.931e-07  p
net463                      1.80    0.003    0.758    0.1839   7.811e-07  p
out61                       1.80    0.001    0.607    0.5047   7.773e-07  p
net596                      1.80    0.003    0.718    0.1339   7.483e-07  p
net255                      1.80    0.005    0.656    0.0894   7.416e-07  p
net886                      1.80    0.002    0.180    0.2051   7.347e-07  p
net358                      1.80    0.018    0.020    0.0251   7.222e-07  p
out6                        1.80    0.001    0.500    0.8046   7.187e-07  p
net251                      1.80    0.004    0.590    0.1161   7.091e-07  p
net591                      1.80    0.003    0.709    0.1599   7.012e-07  p
out50                       1.80    0.001    0.502    0.6915   6.960e-07  p
net663                      1.80    0.009    0.227    0.0460   6.856e-07  p
net312                      1.80    0.015    0.031    0.0284   6.840e-07  p
net329                      1.80    0.017    0.503    0.0244   6.750e-07  p
net852                      1.80    0.002    0.683    0.2049   6.739e-07  p
net457                      1.80    0.010    0.823    0.0414   6.670e-07  p
net440                      1.80    0.017    0.719    0.0240   6.633e-07  p
out34                       1.80    0.001    0.501    0.4578   6.545e-07  p
net242                      1.80    0.011    0.371    0.0365   6.501e-07  p
net177                      1.80    0.025    0.959    0.0157   6.488e-07  p
net780                      1.80    0.006    0.956    0.0710   6.434e-07  p
net595                      1.80    0.002    0.596    0.2393   6.403e-07  p
out47                       1.80    0.001    0.504    0.4052   6.328e-07  p
net142                      1.80    0.002    0.450    0.1737   6.287e-07  p
out28                       1.80    0.001    0.529    0.6630   6.284e-07  p
net278                      1.80    0.016    0.556    0.0237   6.253e-07  p
net521                      1.80    0.015    0.968    0.0261   6.167e-07  p
net466                      1.80    0.004    0.590    0.0897   6.167e-07  pm
net269                      1.80    0.016    0.556    0.0237   6.166e-07  p
net594                      1.80    0.002    0.580    0.1691   6.140e-07  p
net554                      1.80    0.016    0.421    0.0233   6.075e-07  p
net599                      1.80    0.003    0.583    0.1284   5.986e-07  p
net416                      1.80    0.010    0.039    0.0358   5.975e-07  p
out30                       1.80    0.001    0.499    0.6709   5.945e-07  p
net747                      1.80    0.013    0.957    0.0272   5.933e-07  p
net399                      1.80    0.016    0.976    0.0222   5.929e-07  p
net389                      1.80    0.003    0.639    0.1078   5.821e-07  p
net648                      1.80    0.008    0.200    0.0427   5.773e-07  p
out54                       1.80    0.001    0.501    0.6803   5.769e-07  p
net590                      1.80    0.003    0.598    0.1235   5.702e-07  p
net738                      1.80    0.011    0.923    0.0311   5.621e-07  p
net577                      1.80    0.010    0.572    0.0331   5.603e-07  p
net504                      1.80    0.005    0.717    0.0744   5.514e-07  p
net551                      1.80    0.003    0.352    0.1223   5.513e-07  p
net347                      1.80    0.004    0.217    0.0923   5.439e-07  p
net315                      1.80    0.016    0.621    0.0209   5.433e-07  p
net546                      1.80    0.003    0.287    0.1222   5.404e-07  p
net867                      1.80    0.006    0.803    0.0508   5.221e-07  p
net506                      1.80    0.002    0.645    0.1340   5.198e-07  p
net235                      1.80    0.013    0.483    0.0252   5.156e-07  p
net338                      1.80    0.014    0.472    0.0219   4.973e-07  p
net784                      1.80    0.007    0.769    0.0455   4.970e-07  p
net467                      1.80    0.003    0.409    0.0898   4.894e-07  p
out56                       1.80    0.001    0.812    0.3128   4.886e-07  p
net766                      1.80    0.013    0.363    0.0227   4.872e-07  p
out7                        1.80    0.001    0.503    0.5178   4.845e-07  p
net624                      1.80    0.013    0.097    0.0230   4.825e-07  p
out1                        1.80    0.001    0.551    0.3411   4.821e-07  p
net745                      1.80    0.012    0.573    0.0247   4.717e-07  p
net544                      1.80    0.010    0.817    0.0304   4.685e-07  p
out4                        1.80    0.001    0.525    0.5727   4.668e-07  p
net383                      1.80    0.006    0.803    0.0505   4.668e-07  p
out33                       1.80    0.001    0.434    0.4462   4.658e-07  p
net519                      1.80    0.012    0.958    0.0241   4.637e-07  p
net348                      1.80    0.003    0.783    0.0923   4.613e-07  p
net628                      1.80    0.010    0.040    0.0291   4.591e-07  p
net567                      1.80    0.005    0.576    0.0556   4.532e-07  p
net751                      1.80    0.003    0.488    0.1005   4.454e-07  p
net547                      1.80    0.002    0.504    0.1190   4.445e-07  p
net762                      1.80    0.007    0.033    0.0379   4.412e-07  p
net413                      1.80    0.011    0.493    0.0252   4.366e-07  p
net232                      1.80    0.010    0.509    0.0261   4.332e-07  p
net507                      1.80    0.013    0.970    0.0210   4.280e-07  p
net543                      1.80    0.002    0.366    0.1156   4.267e-07  p
net424                      1.80    0.007    0.969    0.0365   4.256e-07  p
net426                      1.80    0.006    0.048    0.0426   4.254e-07  p
net644                      1.80    0.011    0.459    0.0236   4.203e-07  p
net576                      1.80    0.003    0.484    0.0897   4.175e-07  p
out48                       1.80    0.001    0.505    0.2716   4.163e-07  p
clknet_1_0__leaf_net663     1.80    0.005    0.227    0.0460   4.041e-07  p
net627                      1.80    0.007    0.033    0.0379   4.007e-07  p
out60                       1.80    0.000    0.527    0.5521   3.995e-07  p
net404                      1.80    0.011    0.022    0.0215   3.907e-07  p
out15                       1.80    0.001    0.647    0.3094   3.828e-07  p
out31                       1.80    0.000    0.504    0.4748   3.803e-07  p
net616                      1.80    0.003    0.409    0.0898   3.748e-07  p
net629                      1.80    0.010    0.556    0.0237   3.703e-07  p
out9                        1.80    0.001    0.531    0.3946   3.690e-07  p
out8                        1.80    0.001    0.656    0.1526   3.658e-07  p
net541                      1.80    0.014    0.656    0.0155   3.615e-07  p
out20                       1.80    0.001    0.531    0.4356   3.588e-07  p
net872                      1.80    0.002    0.783    0.0923   3.571e-07  p
out51                       1.80    0.001    0.816    0.2455   3.539e-07  p
net233                      1.80    0.008    0.480    0.0259   3.527e-07  p
net618                      1.80    0.011    0.504    0.0198   3.463e-07  p
net253                      1.80    0.009    0.097    0.0230   3.443e-07  p
net265                      1.80    0.008    0.505    0.0253   3.418e-07  p
net636                      1.80    0.006    0.031    0.0361   3.357e-07  p
net148                      1.80    0.007    0.962    0.0299   3.254e-07  p
out19                       1.80    0.001    0.604    0.2739   3.232e-07  p
net388                      1.80    0.009    0.552    0.0210   3.207e-07  p
net737                      1.80    0.008    0.565    0.0239   3.170e-07  p
net575                      1.80    0.006    0.569    0.0324   3.157e-07  p
clknet_1_0__leaf_net664     1.80    0.004    0.267    0.0524   3.126e-07  p
net259                      1.80    0.008    0.097    0.0230   3.099e-07  p
net311                      1.80    0.007    0.968    0.0291   3.071e-07  p
out41                       1.80    0.001    0.503    0.1916   2.985e-07  p
net522                      1.80    0.004    0.946    0.0476   2.923e-07  p
net631                      1.80    0.010    0.030    0.0173   2.888e-07  p
net619                      1.80    0.007    0.503    0.0244   2.793e-07  p
net456                      1.80    0.010    0.030    0.0173   2.772e-07  p
net647                      1.80    0.007    0.449    0.0240   2.769e-07  p
net382                      1.80    0.007    0.548    0.0248   2.756e-07  p
net658                      1.80    0.009    0.279    0.0195   2.733e-07  p
net275                      1.80    0.007    0.106    0.0240   2.647e-07  p
clknet_1_1__leaf_net664     1.80    0.003    0.267    0.0524   2.641e-07  p
out45                       1.80    0.001    0.301    0.3251   2.633e-07  p
net883                      1.80    0.006    0.040    0.0291   2.633e-07  p
net550                      1.80    0.007    0.509    0.0219   2.632e-07  p
net588                      1.80    0.004    0.582    0.0392   2.607e-07  p
out16                       1.80    0.000    0.537    0.3227   2.605e-07  p
clknet_1_1__leaf_net764     1.80    0.003    0.311    0.0613   2.541e-07  p
net282                      1.80    0.004    0.965    0.0347   2.505e-07  p
net779                      1.80    0.006    0.397    0.0239   2.474e-07  p
net569                      1.80    0.003    0.505    0.0458   2.420e-07  p
net897                      1.80    0.004    0.035    0.0347   2.410e-07  p
clknet_1_1__leaf_net663     1.80    0.003    0.227    0.0460   2.398e-07  p
net665                      1.80    0.002    0.310    0.0616   2.370e-07  p
out5                        1.80    0.001    0.578    0.2878   2.369e-07  p
net643                      1.80    0.004    0.823    0.0414   2.367e-07  p
out29                       1.80    0.001    0.350    0.2229   2.334e-07  p
net518                      1.80    0.006    0.040    0.0235   2.257e-07  p
net585                      1.80    0.007    0.403    0.0202   2.248e-07  p
net578                      1.80    0.005    0.811    0.0301   2.234e-07  p
out0                        1.80    0.001    0.630    0.2670   2.223e-07  p
net288                      1.80    0.003    0.231    0.0455   2.199e-07  p
net642                      1.80    0.003    0.177    0.0414   2.129e-07  p
net626                      1.80    0.004    0.566    0.0320   2.111e-07  p
net344                      1.80    0.006    0.503    0.0198   2.051e-07  p
net579                      1.80    0.007    0.657    0.0173   2.033e-07  p
net381                      1.80    0.005    0.441    0.0245   2.028e-07  p
net339                      1.80    0.006    0.503    0.0198   1.985e-07  p
net421                      1.80    0.005    0.381    0.0229   1.975e-07  p
net434                      1.80    0.005    0.502    0.0247   1.970e-07  p
net464                      1.80    0.005    0.655    0.0236   1.960e-07  p
out46                       1.80    0.001    0.501    0.1901   1.949e-07  p
net532                      1.80    0.004    0.040    0.0291   1.933e-07  p
net893                      1.80    0.004    0.967    0.0291   1.856e-07  p
net611                      1.80    0.006    0.504    0.0185   1.853e-07  p
net428                      1.80    0.003    0.031    0.0361   1.842e-07  p
net374                      1.80    0.005    0.429    0.0246   1.829e-07  p
net525                      1.80    0.012    0.891    0.0094   1.794e-07  p
out43                       1.80    0.001    0.691    0.2042   1.787e-07  p
net560                      1.80    0.003    0.566    0.0320   1.780e-07  p
net422                      1.80    0.005    0.608    0.0231   1.777e-07  p
net489                      1.80    0.005    0.818    0.0215   1.686e-07  p
net625                      1.80    0.003    0.434    0.0320   1.686e-07  p
net375                      1.80    0.004    0.560    0.0249   1.678e-07  p
net623                      1.80    0.004    0.037    0.0293   1.675e-07  p
net331                      1.80    0.004    0.503    0.0244   1.660e-07  p
net540                      1.80    0.006    0.336    0.0155   1.612e-07  p
out24                       1.80    0.001    0.488    0.1005   1.581e-07  p
net873                      1.80    0.003    0.050    0.0314   1.575e-07  p
net612                      1.80    0.004    0.480    0.0259   1.571e-07  p
net641                      1.80    0.006    0.959    0.0154   1.566e-07  p
net535                      1.80    0.003    0.040    0.0291   1.563e-07  p
net865                      1.80    0.004    0.536    0.0240   1.559e-07  p
net299                      1.80    0.005    0.504    0.0185   1.556e-07  p
net155                      1.80    0.003    0.037    0.0293   1.552e-07  p
net900                      1.80    0.003    0.962    0.0299   1.533e-07  p
net895                      1.80    0.004    0.909    0.0210   1.532e-07  p
net752                      1.80    0.003    0.397    0.0332   1.520e-07  p
net412                      1.80    0.004    0.496    0.0251   1.509e-07  p
net899                      1.80    0.004    0.039    0.0235   1.491e-07  p
net328                      1.80    0.015    0.017    0.0062   1.468e-07  p
net660                      1.80    0.004    0.379    0.0222   1.466e-07  p
net264                      1.80    0.004    0.486    0.0253   1.464e-07  p
net874                      1.80    0.004    0.607    0.0231   1.452e-07  p
net622                      1.80    0.003    0.962    0.0299   1.433e-07  p
net444                      1.80    0.003    0.103    0.0327   1.430e-07  p
net407                      1.80    0.004    0.058    0.0233   1.425e-07  p
net414                      1.80    0.020    0.004    0.0045   1.416e-07  p
net890                      1.80    0.004    0.449    0.0240   1.415e-07  p
net369                      1.80    0.005    0.013    0.0180   1.403e-07  p
net368                      1.80    0.003    0.050    0.0314   1.384e-07  p
net637                      1.80    0.002    0.969    0.0365   1.379e-07  p
out22                       1.80    0.001    0.607    0.1427   1.364e-07  p
net633                      1.80    0.004    0.976    0.0222   1.361e-07  p
net438                      1.80    0.002    0.066    0.0426   1.297e-07  p
net279                      1.80    0.005    0.959    0.0157   1.272e-07  p
net601                      1.80    0.003    0.589    0.0230   1.253e-07  p
net662                      1.80    0.003    0.408    0.0231   1.235e-07  p
net884                      1.80    0.003    0.927    0.0243   1.229e-07  p
net615                      1.80    0.002    0.603    0.0332   1.227e-07  p
net430                      1.80    0.003    0.026    0.0291   1.223e-07  p
net283                      1.80    0.002    0.035    0.0347   1.222e-07  p
net530                      1.80    0.003    0.397    0.0230   1.201e-07  p
net888                      1.80    0.003    0.357    0.0230   1.184e-07  p
net520                      1.80    0.003    0.927    0.0243   1.180e-07  p
net866                      1.80    0.003    0.106    0.0240   1.160e-07  p
net173                      1.80    0.002    0.033    0.0379   1.138e-07  p
net613                      1.80    0.003    0.509    0.0261   1.108e-07  p
net661                      1.80    0.003    0.501    0.0229   1.102e-07  p
net880                      1.80    0.003    0.627    0.0237   1.092e-07  p
net879                      1.80    0.003    0.548    0.0248   1.086e-07  p
net488                      1.80    0.002    0.077    0.0308   1.064e-07  p
net887                      1.80    0.003    0.655    0.0225   1.062e-07  p
net889                      1.80    0.003    0.892    0.0243   1.042e-07  p
net376                      1.80    0.002    0.969    0.0260   1.020e-07  p
net164                      1.80    0.003    0.655    0.0226   9.953e-08  p
net659                      1.80    0.003    0.357    0.0230   9.854e-08  p
net163                      1.80    0.003    0.255    0.0190   9.683e-08  p
net453                      1.80    0.003    0.030    0.0173   9.555e-08  p
net896                      1.80    0.002    0.509    0.0261   9.417e-08  p
net620                      1.80    0.002    0.980    0.0254   9.347e-08  p
net901                      1.80    0.002    0.103    0.0327   9.295e-08  p
out13                       1.80    0.001    0.890    0.0556   9.251e-08  p
net646                      1.80    0.002    0.536    0.0240   9.197e-08  p
net894                      1.80    0.002    0.980    0.0254   9.125e-08  p
net877                      1.80    0.002    0.026    0.0291   9.031e-08  p
net274                      1.80    0.002    0.892    0.0243   8.681e-08  p
net632                      1.80    0.002    0.023    0.0215   8.633e-08  p
net491                      1.80    0.003    0.968    0.0165   8.552e-08  p
net621                      1.80    0.002    0.020    0.0251   8.281e-08  p
net869                      1.80    0.002    0.022    0.0215   7.908e-08  p
net494                      1.80    0.002    0.627    0.0238   7.891e-08  p
out2                        1.80    0.002    0.957    0.0272   7.690e-08  p
net524                      1.80    0.005    0.101    0.0090   7.338e-08  p
out53                       1.80    0.001    0.956    0.0710   7.133e-08  p
out26                       1.80    0.001    0.696    0.0643   6.753e-08  p
out23                       1.80    0.001    0.304    0.0615   5.784e-08  p
net898                      1.80    0.006    0.017    0.0062   5.543e-08  p
out57                       1.80    0.001    0.769    0.0455   4.663e-08  p
out39                       1.80    0.000    0.311    0.0613   4.472e-08  p
out18                       1.80    0.001    0.573    0.0247   3.317e-08  p
net523                      1.80    0.005    0.955    0.0039   3.315e-08  p
out37                       1.80    0.001    0.033    0.0379   3.290e-08  p
out25                       1.80    0.001    0.397    0.0332   2.978e-08  p
out11                       1.80    0.001    0.923    0.0315   2.856e-08  p
out40                       1.80    0.001    0.363    0.0227   2.124e-08  p
out10                       1.80    0.001    0.565    0.0239   1.957e-08  p
out52                       1.80    0.000    0.397    0.0239   1.901e-08  p
net768                      1.80    0.040    1.000    0.0000      0.0000  p
out42                       1.80    0.001    1.000    0.0000      0.0000  p
--------------------------------------------------------------------------------
Total (999 nets)                                               7.657e-03 Watt



                                      Int      Switch   Leak      Total
Hierarchy                             Power    Power    Power     Power    %
--------------------------------------------------------------------------------
netlist_1                             7.15e-03 7.66e-03 6.51e-09  1.48e-02 100.0
1
