****************************************
Report : Averaged Power
	-net_power
	-hierarchy
	-sort_by net_switching_power
	-power_greater_than       0
	-nosplit
Design : netlist_1
Version: Q-2019.12-SP1
Date   : Tue Jul 30 23:01:16 2024
****************************************



  Attributes
  ----------
      a  -  Switching activity information / Switching power information annotated on net
      p  -  Propagated switching activity information on net
      d  -  Default switching activity used on net
      u  -  Net switching activity uninitialized
      m  -  Net is driven by multiple pins
      b  -  Net is a primary input (boundary net)

		Toggle rates reported with respect to time unit 1ns
--------------------------------------------------------------------------------
                                  Total      Static   Toggle   Switching
Net                         Vdd   Net Load   Prob.    Rate     Power      Attrs
--------------------------------------------------------------------------------
clknet_0_clk                1.80    0.214    0.500    0.1000   3.461e-05  a
net13                       1.80    0.091    0.444    0.1725   2.538e-05  p
net858                      1.80    0.129    0.732    0.1023   2.136e-05  p
net119                      1.80    0.090    0.242    0.1275   1.862e-05  p
net162                      1.80    0.111    0.804    0.1011   1.819e-05  p
net8                        1.80    0.110    0.252    0.0971   1.724e-05  p
net963                      1.80    0.106    0.500    0.1000   1.718e-05  a
clknet_4_14_0_clk           1.80    0.092    0.500    0.1000   1.490e-05  a
net800                      1.80    0.091    0.500    0.1000   1.481e-05  a
clknet_4_9_0_clk            1.80    0.087    0.500    0.1000   1.404e-05  a
net948                      1.80    0.084    0.500    0.1000   1.366e-05  a
net962                      1.80    0.084    0.500    0.1000   1.365e-05  a
clknet_4_11_0_clk           1.80    0.084    0.500    0.1000   1.362e-05  a
net960                      1.80    0.083    0.500    0.1000   1.347e-05  a
net242                      1.80    0.084    0.252    0.0973   1.330e-05  p
clknet_4_4_0_clk            1.80    0.081    0.500    0.1000   1.313e-05  a
clknet_4_7_0_clk            1.80    0.080    0.500    0.1000   1.303e-05  a
clknet_4_13_0_clk           1.80    0.080    0.500    0.1000   1.298e-05  a
net857                      1.80    0.076    0.266    0.1021   1.253e-05  p
clknet_4_8_0_clk            1.80    0.075    0.500    0.1000   1.220e-05  a
net106                      1.80    0.075    0.257    0.0979   1.187e-05  p
clknet_4_3_0_clk            1.80    0.073    0.500    0.1000   1.175e-05  a
net947                      1.80    0.071    0.500    0.1000   1.149e-05  a
net107                      1.80    0.071    0.247    0.0966   1.111e-05  p
net946                      1.80    0.067    0.500    0.1000   1.090e-05  a
clknet_4_12_0_clk           1.80    0.066    0.500    0.1000   1.075e-05  a
net961                      1.80    0.066    0.500    0.1000   1.071e-05  a
net157                      1.80    0.065    0.493    0.1000   1.056e-05  p
clknet_4_5_0_clk            1.80    0.065    0.500    0.1000   1.045e-05  a
net1002                     1.80    0.103    0.090    0.0627   1.042e-05  p
net1009                     1.80    0.039    0.278    0.1549   9.888e-06  p
net93                       1.80    0.061    0.490    0.0988   9.718e-06  p
net421                      1.80    0.088    0.484    0.0660   9.448e-06  p
net996                      1.80    0.057    0.804    0.1011   9.396e-06  p
net1031                     1.80    0.028    0.606    0.2086   9.323e-06  p
net632                      1.80    0.057    0.490    0.0989   9.179e-06  p
net112                      1.80    0.059    0.250    0.0955   9.116e-06  p
clknet_4_6_0_clk            1.80    0.056    0.500    0.1000   9.032e-06  a
clknet_4_0_0_clk            1.80    0.053    0.500    0.1000   8.659e-06  a
net997                      1.80    0.053    0.804    0.1011   8.655e-06  p
net954                      1.80    0.053    0.500    0.1000   8.606e-06  a
net124                      1.80    0.053    0.758    0.0999   8.603e-06  p
clknet_4_2_0_clk            1.80    0.053    0.500    0.1000   8.532e-06  a
net956                      1.80    0.053    0.500    0.1000   8.516e-06  a
net307                      1.80    0.056    0.238    0.0932   8.396e-06  p
net953                      1.80    0.051    0.500    0.1000   8.220e-06  a
clknet_1_0__leaf_net420     1.80    0.039    0.237    0.1258   8.048e-06  p
net995                      1.80    0.049    0.804    0.1011   8.017e-06  p
net3                        1.80    0.049    0.252    0.0964   7.718e-06  p
clknet_4_15_0_clk           1.80    0.047    0.500    0.1000   7.676e-06  a
net5                        1.80    0.044    0.258    0.1008   7.131e-06  p
net945                      1.80    0.044    0.500    0.1000   7.082e-06  a
net785                      1.80    0.043    0.500    0.1000   7.005e-06  a
net955                      1.80    0.043    0.500    0.1000   6.925e-06  a
clknet_4_1_0_clk            1.80    0.043    0.500    0.1000   6.912e-06  a
net453                      1.80    0.041    0.481    0.1028   6.890e-06  p
net1012                     1.80    0.037    0.794    0.1117   6.727e-06  p
net126                      1.80    0.041    0.250    0.1001   6.672e-06  p
net965                      1.80    0.041    0.500    0.1000   6.640e-06  a
clknet_1_1__leaf_net420     1.80    0.033    0.237    0.1258   6.632e-06  p
net131                      1.80    0.042    0.252    0.0964   6.580e-06  p
net16                       1.80    0.024    0.320    0.1692   6.548e-06  p
clknet_4_10_0_clk           1.80    0.039    0.500    0.1000   6.308e-06  a
net15                       1.80    0.046    0.869    0.0842   6.276e-06  p
net1071                     1.80    0.040    0.247    0.0966   6.228e-06  p
net979                      1.80    0.025    0.278    0.1549   6.173e-06  p
net6                        1.80    0.078    0.065    0.0476   6.017e-06  p
net42                       1.80    0.029    0.438    0.1270   5.917e-06  p
net125                      1.80    0.035    0.198    0.1018   5.854e-06  p
clknet_0_net420             1.80    0.026    0.237    0.1258   5.392e-06  p
net36                       1.80    0.019    0.393    0.1797   5.392e-06  p
net286                      1.80    0.069    0.479    0.0473   5.274e-06  p
net31                       1.80    0.043    0.122    0.0691   4.761e-06  p
net132                      1.80    0.030    0.255    0.0984   4.720e-06  p
net420                      1.80    0.023    0.237    0.1258   4.715e-06  p
net952                      1.80    0.029    0.500    0.1000   4.677e-06  a
net992                      1.80    0.080    0.940    0.0350   4.559e-06  p
net363                      1.80    0.028    0.500    0.1000   4.535e-06  a
net833                      1.80    0.028    0.500    0.1000   4.501e-06  a
net136                      1.80    0.018    0.693    0.1564   4.480e-06  p
net958                      1.80    0.028    0.500    0.1000   4.461e-06  a
net957                      1.80    0.027    0.500    0.1000   4.441e-06  a
net108                      1.80    0.038    0.125    0.0714   4.366e-06  p
net1010                     1.80    0.017    0.278    0.1549   4.181e-06  p
net1034                     1.80    0.024    0.804    0.1011   3.974e-06  p
net14                       1.80    0.028    0.858    0.0869   3.951e-06  p
net1011                     1.80    0.016    0.278    0.1549   3.920e-06  p
net25                       1.80    0.038    0.090    0.0627   3.892e-06  p
net1035                     1.80    0.022    0.804    0.1011   3.679e-06  p
net19                       1.80    0.020    0.163    0.1148   3.662e-06  p
net848                      1.80    0.094    0.508    0.0240   3.660e-06  p
net263                      1.80    0.022    0.742    0.1012   3.638e-06  p
net901                      1.80    0.034    0.486    0.0647   3.588e-06  p
net105                      1.80    0.021    0.258    0.0997   3.432e-06  p
clknet_0_net875             1.80    0.021    0.496    0.1002   3.412e-06  p
net165                      1.80    0.022    0.833    0.0953   3.377e-06  p
net114                      1.80    0.123    0.016    0.0166   3.327e-06  p
net135                      1.80    0.022    0.125    0.0919   3.307e-06  p
net245                      1.80    0.071    0.029    0.0283   3.247e-06  p
net861                      1.80    0.034    0.168    0.0585   3.237e-06  p
clknet_0_net823             1.80    0.020    0.497    0.1000   3.235e-06  p
clknet_0_net821             1.80    0.020    0.500    0.0999   3.200e-06  p
clknet_1_0__leaf_net821     1.80    0.019    0.500    0.0999   3.128e-06  p
net109                      1.80    0.025    0.135    0.0763   3.092e-06  p
clknet_0_net457             1.80    0.020    0.237    0.0931   3.072e-06  p
net862                      1.80    0.032    0.829    0.0586   3.064e-06  p
net138                      1.80    0.015    0.633    0.1266   3.059e-06  p
net87                       1.80    0.019    0.490    0.0988   3.042e-06  p
net2                        1.80    0.026    0.130    0.0734   3.041e-06  p
net201                      1.80    0.053    0.940    0.0350   3.031e-06  p
clknet_1_1__leaf_net823     1.80    0.019    0.497    0.1000   3.017e-06  p
net134                      1.80    0.039    0.065    0.0468   2.982e-06  p
net45                       1.80    0.015    0.197    0.1261   2.965e-06  p
net53                       1.80    0.031    0.062    0.0584   2.957e-06  p
net949                      1.80    0.018    0.500    0.1000   2.908e-06  a
net287                      1.80    0.051    0.967    0.0346   2.841e-06  p
net17                       1.80    0.008    0.606    0.2086   2.808e-06  p
net950                      1.80    0.017    0.500    0.1000   2.774e-06  a
clknet_0_net830             1.80    0.019    0.803    0.0899   2.765e-06  p
net821                      1.80    0.017    0.500    0.0999   2.764e-06  p
net457                      1.80    0.018    0.237    0.0931   2.739e-06  p
net445                      1.80    0.017    0.188    0.0979   2.677e-06  p
net113                      1.80    0.023    0.128    0.0720   2.665e-06  p
net847                      1.80    0.067    0.484    0.0240   2.597e-06  p
net208                      1.80    0.018    0.425    0.0875   2.523e-06  p
net56                       1.80    0.015    0.251    0.1040   2.518e-06  p
net151                      1.80    0.022    0.125    0.0714   2.505e-06  p
net951                      1.80    0.015    0.500    0.1000   2.497e-06  a
net160                      1.80    0.013    0.794    0.1117   2.438e-06  p
net88                       1.80    0.015    0.499    0.1002   2.432e-06  p
net1007                     1.80    0.067    0.493    0.0225   2.431e-06  p
net985                      1.80    0.020    0.892    0.0732   2.426e-06  p
net150                      1.80    0.016    0.125    0.0919   2.387e-06  p
net21                       1.80    0.012    0.271    0.1244   2.371e-06  p
net144                      1.80    0.019    0.907    0.0783   2.349e-06  p
net1053                     1.80    0.014    0.266    0.1021   2.346e-06  p
net0                        1.80    0.015    0.249    0.0972   2.328e-06  p
net10                       1.80    0.030    0.066    0.0471   2.307e-06  p
net959                      1.80    0.014    0.500    0.1000   2.303e-06  a
net298                      1.80    0.015    0.831    0.0957   2.288e-06  p
clknet_1_0__leaf_net875     1.80    0.014    0.496    0.1002   2.253e-06  p
net659                      1.80    0.014    0.511    0.0990   2.231e-06  p
net38                       1.80    0.014    0.249    0.0972   2.195e-06  p
net92                       1.80    0.014    0.490    0.0988   2.184e-06  p
net658                      1.80    0.014    0.489    0.0990   2.176e-06  p
net161                      1.80    0.013    0.804    0.1011   2.155e-06  p
clknet_0_net985             1.80    0.018    0.892    0.0732   2.112e-06  p
net285                      1.80    0.056    0.023    0.0231   2.103e-06  p
net28                       1.80    0.075    0.017    0.0173   2.094e-06  p
net890                      1.80    0.077    0.246    0.0165   2.065e-06  p
net823                      1.80    0.013    0.497    0.1000   2.061e-06  p
net314                      1.80    0.013    0.237    0.0931   2.020e-06  p
net875                      1.80    0.012    0.496    0.1002   1.994e-06  p
net246                      1.80    0.016    0.134    0.0750   1.961e-06  p
clknet_0_net856             1.80    0.022    0.274    0.0543   1.939e-06  p
clknet_1_1__leaf_net983     1.80    0.027    0.931    0.0435   1.938e-06  p
net111                      1.80    0.025    0.062    0.0467   1.924e-06  p
net18                       1.80    0.025    0.065    0.0476   1.919e-06  p
net127                      1.80    0.040    0.033    0.0295   1.889e-06  p
net964                      1.80    0.011    0.500    0.1000   1.860e-06  a
net129                      1.80    0.012    0.246    0.0968   1.857e-06  p
net12                       1.80    0.012    0.252    0.0969   1.845e-06  p
net1015                     1.80    0.010    0.794    0.1117   1.840e-06  p
net61                       1.80    0.018    0.201    0.0613   1.834e-06  p
clknet_1_0__leaf_net823     1.80    0.011    0.497    0.1000   1.822e-06  p
clknet_0_net605             1.80    0.020    0.174    0.0545   1.779e-06  p
net7                        1.80    0.015    0.127    0.0708   1.667e-06  p
net909                      1.80    0.056    0.267    0.0181   1.640e-06  p
clknet_1_0__leaf_net983     1.80    0.023    0.931    0.0435   1.637e-06  p
net972                      1.80    0.091    0.010    0.0110   1.629e-06  p
net1                        1.80    0.010    0.254    0.0989   1.623e-06  p
clknet_1_1__leaf_net605     1.80    0.018    0.174    0.0545   1.600e-06  p
net69                       1.80    0.075    0.013    0.0128   1.549e-06  p
net198                      1.80    0.011    0.304    0.0848   1.523e-06  p
clknet_1_1__leaf_net821     1.80    0.009    0.500    0.0999   1.509e-06  p
net1013                     1.80    0.008    0.794    0.1117   1.494e-06  p
net339                      1.80    0.015    0.797    0.0613   1.487e-06  p
net902                      1.80    0.026    0.096    0.0338   1.423e-06  p
clknet_0_net353             1.80    0.020    0.931    0.0435   1.407e-06  p
net1016                     1.80    0.008    0.794    0.1117   1.407e-06  p
net4                        1.80    0.009    0.252    0.0969   1.376e-06  p
clknet_1_0__leaf_net605     1.80    0.016    0.174    0.0545   1.372e-06  p
net159                      1.80    0.023    0.035    0.0357   1.360e-06  p
net44                       1.80    0.014    0.063    0.0583   1.341e-06  p
net244                      1.80    0.017    0.057    0.0493   1.325e-06  p
net503                      1.80    0.018    0.061    0.0461   1.316e-06  p
net128                      1.80    0.017    0.068    0.0476   1.291e-06  p
net20                       1.80    0.008    0.500    0.1000   1.268e-06  a
clknet_0_net983             1.80    0.018    0.931    0.0435   1.265e-06  p
net856                      1.80    0.014    0.274    0.0543   1.251e-06  p
net462                      1.80    0.009    0.252    0.0818   1.250e-06  p
net172                      1.80    0.089    0.006    0.0083   1.195e-06  p
clknet_1_0__leaf_net457     1.80    0.008    0.237    0.0931   1.193e-06  p
net692                      1.80    0.007    0.257    0.0982   1.187e-06  p
net318                      1.80    0.008    0.238    0.0932   1.167e-06  p
net293                      1.80    0.004    0.737    0.1823   1.161e-06  p
net568                      1.80    0.007    0.243    0.0965   1.154e-06  p
net605                      1.80    0.013    0.174    0.0545   1.126e-06  p
net983                      1.80    0.016    0.931    0.0435   1.119e-06  p
net243                      1.80    0.008    0.121    0.0847   1.114e-06  p
net137                      1.80    0.030    0.978    0.0226   1.099e-06  p
net139                      1.80    0.008    0.916    0.0820   1.096e-06  p
clknet_1_0__leaf_net856     1.80    0.012    0.274    0.0543   1.091e-06  p
net975                      1.80    0.084    0.007    0.0080   1.087e-06  p
net167                      1.80    0.006    0.789    0.1186   1.084e-06  p
net982                      1.80    0.019    0.764    0.0332   1.047e-06  p
net966                      1.80    0.013    0.713    0.0485   1.041e-06  p
net814                      1.80    0.017    0.232    0.0375   1.039e-06  p
net681                      1.80    0.010    0.181    0.0626   1.035e-06  p
net1032                     1.80    0.003    0.606    0.2086   1.023e-06  p
net22                       1.80    0.009    0.127    0.0708   1.004e-06  p
net133                      1.80    0.010    0.907    0.0627   9.987e-07  p
net883                      1.80    0.010    0.298    0.0604   9.904e-07  p
clknet_0_net719             1.80    0.018    0.903    0.0332   9.837e-07  p
net23                       1.80    0.035    0.017    0.0170   9.767e-07  p
net49                       1.80    0.008    0.083    0.0725   9.662e-07  p
clknet_1_0__leaf_net830     1.80    0.007    0.803    0.0899   9.569e-07  p
net1050                     1.80    0.026    0.493    0.0225   9.567e-07  p
net110                      1.80    0.020    0.034    0.0297   9.504e-07  p
net163                      1.80    0.006    0.806    0.1012   9.477e-07  p
net495                      1.80    0.008    0.723    0.0727   9.353e-07  p
clknet_1_1__leaf_net457     1.80    0.006    0.237    0.0931   9.336e-07  p
clknet_1_1__leaf_net856     1.80    0.010    0.274    0.0543   9.182e-07  p
net780                      1.80    0.006    0.490    0.0989   9.138e-07  p
net330                      1.80    0.014    0.115    0.0404   9.014e-07  p
clknet_1_0__leaf_net985     1.80    0.008    0.892    0.0732   8.997e-07  p
net99                       1.80    0.050    0.979    0.0112   8.992e-07  p
net215                      1.80    0.003    0.550    0.1724   8.966e-07  p
net207                      1.80    0.013    0.934    0.0429   8.738e-07  p
net169                      1.80    0.004    0.337    0.1410   8.730e-07  p
clknet_1_0__leaf_net353     1.80    0.012    0.931    0.0435   8.644e-07  p
net353                      1.80    0.012    0.931    0.0435   8.461e-07  p
clknet_1_1__leaf_net830     1.80    0.006    0.803    0.0899   8.364e-07  p
net118                      1.80    0.048    0.009    0.0107   8.325e-07  p
net937                      1.80    0.008    0.797    0.0613   8.285e-07  p
net1008                     1.80    0.046    0.103    0.0109   8.110e-07  p
net866                      1.80    0.008    0.723    0.0613   8.082e-07  p
net941                      1.80    0.007    0.484    0.0660   7.888e-07  p
net168                      1.80    0.013    0.034    0.0360   7.683e-07  p
net829                      1.80    0.025    0.673    0.0188   7.575e-07  p
net679                      1.80    0.004    0.394    0.1219   7.503e-07  p
net175                      1.80    0.010    0.065    0.0468   7.468e-07  p
net153                      1.80    0.027    0.017    0.0170   7.465e-07  p
net799                      1.80    0.012    0.193    0.0387   7.436e-07  p
net426                      1.80    0.007    0.486    0.0682   7.381e-07  p
net369                      1.80    0.004    0.262    0.1029   7.372e-07  p
net1033                     1.80    0.002    0.606    0.2086   7.289e-07  p
clknet_0_net911             1.80    0.019    0.123    0.0230   7.186e-07  p
net57                       1.80    0.002    0.511    0.1813   6.959e-07  p
net130                      1.80    0.020    0.979    0.0217   6.948e-07  p
clknet_1_1__leaf_net353     1.80    0.010    0.931    0.0435   6.918e-07  p
net55                       1.80    0.024    0.017    0.0176   6.742e-07  p
net719                      1.80    0.012    0.903    0.0332   6.509e-07  p
net65                       1.80    0.007    0.249    0.0588   6.482e-07  p
net141                      1.80    0.014    0.032    0.0287   6.414e-07  p
clknet_0_net707             1.80    0.020    0.254    0.0201   6.385e-07  p
net473                      1.80    0.005    0.251    0.0826   6.366e-07  p
net104                      1.80    0.011    0.437    0.0369   6.295e-07  p
net672                      1.80    0.004    0.756    0.0970   6.245e-07  p
net78                       1.80    0.033    0.979    0.0112   6.042e-07  p
net63                       1.80    0.006    0.201    0.0613   6.026e-07  p
net97                       1.80    0.004    0.490    0.0988   5.956e-07  p
net301                      1.80    0.017    0.018    0.0210   5.919e-07  p
clknet_1_1__leaf_net875     1.80    0.004    0.496    0.1002   5.904e-07  p
net148                      1.80    0.021    0.017    0.0170   5.866e-07  p
net591                      1.80    0.006    0.197    0.0655   5.851e-07  p
net50                       1.80    0.018    0.016    0.0199   5.790e-07  p
net375                      1.80    0.005    0.099    0.0671   5.751e-07  p
net483                      1.80    0.003    0.732    0.1030   5.686e-07  p
net544                      1.80    0.004    0.250    0.0962   5.613e-07  p
net143                      1.80    0.010    0.971    0.0335   5.612e-07  p
net594                      1.80    0.002    0.551    0.1722   5.611e-07  p
net702                      1.80    0.006    0.128    0.0598   5.610e-07  p
net29                       1.80    0.009    0.047    0.0400   5.572e-07  p
net730                      1.80    0.006    0.201    0.0613   5.548e-07  p
net878                      1.80    0.006    0.738    0.0527   5.512e-07  p
net37                       1.80    0.052    0.006    0.0065   5.499e-07  p
net195                      1.80    0.005    0.692    0.0725   5.444e-07  p
net327                      1.80    0.009    0.232    0.0375   5.430e-07  p
net879                      1.80    0.006    0.259    0.0526   5.426e-07  p
net526                      1.80    0.003    0.742    0.1011   5.402e-07  p
net1014                     1.80    0.003    0.794    0.1117   5.378e-07  p
net269                      1.80    0.090    0.003    0.0037   5.376e-07  p
net851                      1.80    0.020    0.242    0.0161   5.312e-07  p
net598                      1.80    0.003    0.798    0.1096   5.310e-07  p
net24                       1.80    0.010    0.037    0.0328   5.308e-07  p
net629                      1.80    0.003    0.490    0.0989   5.277e-07  p
net573                      1.80    0.034    0.111    0.0096   5.257e-07  p
net728                      1.80    0.004    0.468    0.0899   5.213e-07  p
net853                      1.80    0.014    0.493    0.0225   5.195e-07  p
net499                      1.80    0.005    0.184    0.0622   5.147e-07  p
net355                      1.80    0.030    0.103    0.0106   5.114e-07  p
net779                      1.80    0.003    0.489    0.1001   5.077e-07  p
net768                      1.80    0.008    0.232    0.0375   5.053e-07  p
net332                      1.80    0.028    0.978    0.0113   5.040e-07  p
net147                      1.80    0.039    0.006    0.0078   5.018e-07  p
clknet_1_0__leaf_net707     1.80    0.015    0.254    0.0201   4.805e-07  p
net490                      1.80    0.003    0.298    0.0899   4.764e-07  p
net656                      1.80    0.037    0.006    0.0078   4.743e-07  p
net630                      1.80    0.003    0.490    0.0989   4.738e-07  p
net41                       1.80    0.004    0.082    0.0719   4.734e-07  p
net606                      1.80    0.007    0.871    0.0398   4.719e-07  p
net268                      1.80    0.037    0.006    0.0078   4.718e-07  p
net711                      1.80    0.006    0.058    0.0461   4.705e-07  p
net1037                     1.80    0.013    0.378    0.0227   4.702e-07  p
net491                      1.80    0.004    0.716    0.0790   4.696e-07  p
net11                       1.80    0.099    0.002    0.0029   4.689e-07  p
net121                      1.80    0.045    0.005    0.0065   4.674e-07  p
net772                      1.80    0.003    0.804    0.1022   4.665e-07  p
net326                      1.80    0.003    0.730    0.1031   4.619e-07  p
net1049                     1.80    0.008    0.232    0.0375   4.559e-07  p
net27                       1.80    0.017    0.017    0.0170   4.553e-07  p
net682                      1.80    0.004    0.180    0.0627   4.464e-07  p
net936                      1.80    0.004    0.201    0.0613   4.423e-07  p
net830                      1.80    0.013    0.403    0.0217   4.402e-07  pm
net695                      1.80    0.003    0.249    0.0913   4.378e-07  p
net258                      1.80    0.003    0.252    0.0973   4.283e-07  p
net519                      1.80    0.049    0.993    0.0053   4.238e-07  p
clknet_1_1__leaf_net985     1.80    0.004    0.892    0.0732   4.207e-07  p
net149                      1.80    0.015    0.017    0.0170   4.171e-07  p
net852                      1.80    0.011    0.378    0.0227   4.164e-07  p
net197                      1.80    0.003    0.696    0.0850   4.152e-07  p
net366                      1.80    0.004    0.759    0.0609   4.146e-07  p
net710                      1.80    0.005    0.256    0.0561   4.129e-07  p
net592                      1.80    0.004    0.803    0.0655   4.075e-07  p
net784                      1.80    0.003    0.490    0.0989   4.066e-07  p
net155                      1.80    0.022    0.010    0.0110   3.998e-07  p
net602                      1.80    0.015    0.754    0.0165   3.983e-07  p
clknet_0_net913             1.80    0.020    0.065    0.0126   3.981e-07  p
net662                      1.80    0.002    0.488    0.0991   3.888e-07  p
net497                      1.80    0.004    0.764    0.0540   3.882e-07  p
net686                      1.80    0.007    0.927    0.0324   3.851e-07  p
net122                      1.80    0.037    0.005    0.0065   3.841e-07  p
net241                      1.80    0.037    0.005    0.0065   3.820e-07  p
net231                      1.80    0.003    0.096    0.0676   3.768e-07  p
net873                      1.80    0.021    0.831    0.0113   3.758e-07  p
net58                       1.80    0.004    0.749    0.0619   3.721e-07  p
net433                      1.80    0.006    0.768    0.0375   3.667e-07  p
net723                      1.80    0.004    0.240    0.0560   3.602e-07  p
net70                       1.80    0.003    0.251    0.0832   3.551e-07  p
clknet_1_0__leaf_net911     1.80    0.010    0.123    0.0230   3.547e-07  p
net146                      1.80    0.016    0.011    0.0134   3.539e-07  p
net1001                     1.80    0.100    0.999    0.0022   3.516e-07  p
clknet_1_0__leaf_net719     1.80    0.007    0.903    0.0332   3.499e-07  p
net707                      1.80    0.011    0.254    0.0201   3.498e-07  p
net721                      1.80    0.004    0.150    0.0541   3.482e-07  p
net1004                     1.80    0.063    0.002    0.0034   3.471e-07  p
net911                      1.80    0.009    0.123    0.0230   3.469e-07  p
net82                       1.80    0.002    0.372    0.0957   3.453e-07  p
net882                      1.80    0.004    0.700    0.0603   3.440e-07  p
clknet_1_1__leaf_net707     1.80    0.011    0.254    0.0201   3.433e-07  p
net9                        1.80    0.013    0.015    0.0160   3.412e-07  p
net724                      1.80    0.003    0.264    0.0660   3.397e-07  p
net993                      1.80    0.075    0.002    0.0028   3.364e-07  p
net328                      1.80    0.013    0.015    0.0158   3.318e-07  p
net542                      1.80    0.002    0.252    0.0964   3.317e-07  p
net388                      1.80    0.055    0.003    0.0037   3.305e-07  p
net239                      1.80    0.012    0.017    0.0173   3.300e-07  p
net575                      1.80    0.002    0.308    0.0831   3.287e-07  p
net989                      1.80    0.021    0.889    0.0096   3.257e-07  p
net100                      1.80    0.002    0.503    0.1005   3.251e-07  p
net335                      1.80    0.004    0.789    0.0473   3.218e-07  p
net484                      1.80    0.004    0.760    0.0558   3.180e-07  p
net224                      1.80    0.010    0.672    0.0188   3.108e-07  p
net362                      1.80    0.003    0.130    0.0615   3.101e-07  p
clknet_1_1__leaf_net719     1.80    0.006    0.903    0.0332   3.093e-07  p
net428                      1.80    0.003    0.484    0.0660   3.035e-07  p
net984                      1.80    0.096    0.003    0.0020   3.032e-07  p
net601                      1.80    0.011    0.246    0.0165   3.018e-07  p
net792                      1.80    0.013    0.793    0.0148   3.015e-07  p
net32                       1.80    0.011    0.016    0.0162   3.003e-07  p
net213                      1.80    0.005    0.940    0.0350   2.979e-07  p
net358                      1.80    0.003    0.821    0.0681   2.970e-07  p
net223                      1.80    0.003    0.096    0.0676   2.952e-07  p
net303                      1.80    0.005    0.805    0.0389   2.951e-07  pm
net586                      1.80    0.008    0.492    0.0216   2.867e-07  p
net116                      1.80    0.016    0.009    0.0107   2.852e-07  p
net1039                     1.80    0.010    0.261    0.0177   2.813e-07  p
net587                      1.80    0.008    0.508    0.0216   2.740e-07  p
net607                      1.80    0.003    0.205    0.0498   2.722e-07  p
net320                      1.80    0.031    0.921    0.0052   2.649e-07  p
net701                      1.80    0.004    0.801    0.0410   2.646e-07  p
net429                      1.80    0.003    0.235    0.0534   2.630e-07  p
net193                      1.80    0.003    0.061    0.0560   2.618e-07  p
net978                      1.80    0.011    0.934    0.0143   2.591e-07  p
net39                       1.80    0.057    0.002    0.0028   2.544e-07  p
net924                      1.80    0.003    0.513    0.0469   2.523e-07  p
net737                      1.80    0.003    0.065    0.0469   2.487e-07  p
net991                      1.80    0.125    0.001    0.0012   2.474e-07  p
net249                      1.80    0.006    0.025    0.0251   2.404e-07  p
out20                       1.80    0.001    0.278    0.1549   2.347e-07  p
net152                      1.80    0.008    0.017    0.0170   2.333e-07  p
net684                      1.80    0.003    0.096    0.0550   2.313e-07  p
net371                      1.80    0.011    0.865    0.0131   2.313e-07  p
net769                      1.80    0.004    0.768    0.0375   2.288e-07  p
net488                      1.80    0.007    0.966    0.0207   2.255e-07  p
net837                      1.80    0.026    0.950    0.0054   2.233e-07  p
net828                      1.80    0.010    0.056    0.0138   2.229e-07  p
net736                      1.80    0.002    0.115    0.0659   2.225e-07  p
net306                      1.80    0.026    0.950    0.0053   2.220e-07  p
net708                      1.80    0.005    0.862    0.0245   2.181e-07  p
net51                       1.80    0.047    0.002    0.0028   2.111e-07  p
net174                      1.80    0.090    0.001    0.0014   2.077e-07  p
net849                      1.80    0.007    0.251    0.0170   2.054e-07  p
net26                       1.80    0.007    0.017    0.0173   2.051e-07  p
net1070                     1.80    0.003    0.479    0.0473   2.033e-07  p
net970                      1.80    0.003    0.717    0.0455   1.998e-07  p
net34                       1.80    0.019    0.006    0.0065   1.996e-07  p
net913                      1.80    0.010    0.065    0.0126   1.978e-07  p
net720                      1.80    0.004    0.906    0.0330   1.947e-07  p
net194                      1.80    0.002    0.184    0.0487   1.935e-07  p
net922                      1.80    0.003    0.162    0.0379   1.920e-07  p
net1046                     1.80    0.006    0.267    0.0181   1.909e-07  p
net977                      1.80    0.010    0.169    0.0113   1.897e-07  p
net441                      1.80    0.020    0.005    0.0058   1.853e-07  p
net850                      1.80    0.006    0.741    0.0176   1.850e-07  p
net625                      1.80    0.001    0.510    0.0987   1.845e-07  pm
net566                      1.80    0.005    0.508    0.0240   1.833e-07  p
net905                      1.80    0.019    0.927    0.0059   1.821e-07  p
net171                      1.80    0.048    0.002    0.0023   1.816e-07  p
net832                      1.80    0.004    0.153    0.0310   1.816e-07  p
clknet_1_1__leaf_net911     1.80    0.005    0.123    0.0230   1.795e-07  p
net30                       1.80    0.010    0.010    0.0110   1.724e-07  p
net870                      1.80    0.005    0.363    0.0216   1.717e-07  p
clknet_1_0__leaf_net913     1.80    0.008    0.065    0.0126   1.684e-07  p
net569                      1.80    0.011    0.111    0.0096   1.662e-07  p
net33                       1.80    0.016    0.006    0.0065   1.653e-07  p
net921                      1.80    0.005    0.900    0.0216   1.644e-07  p
net1017                     1.80    0.047    0.999    0.0022   1.643e-07  p
net826                      1.80    0.007    0.064    0.0141   1.620e-07  p
net925                      1.80    0.002    0.479    0.0474   1.600e-07  p
net864                      1.80    0.019    0.949    0.0051   1.598e-07  p
net288                      1.80    0.002    0.513    0.0469   1.593e-07  p
net1047                     1.80    0.009    0.979    0.0112   1.577e-07  p
net617                      1.80    0.015    0.005    0.0065   1.563e-07  p
net35                       1.80    0.037    0.999    0.0026   1.557e-07  p
net696                      1.80    0.003    0.651    0.0311   1.534e-07  p
net804                      1.80    0.004    0.492    0.0216   1.533e-07  p
net370                      1.80    0.007    0.135    0.0131   1.525e-07  p
net676                      1.80    0.058    0.987    0.0016   1.503e-07  p
net805                      1.80    0.004    0.506    0.0214   1.503e-07  p
net68                       1.80    0.066    0.001    0.0014   1.495e-07  p
net793                      1.80    0.008    0.897    0.0113   1.450e-07  p
net486                      1.80    0.002    0.903    0.0519   1.449e-07  p
net771                      1.80    0.004    0.016    0.0201   1.434e-07  p
net140                      1.80    0.005    0.016    0.0170   1.405e-07  p
net863                      1.80    0.014    0.010    0.0060   1.405e-07  p
net916                      1.80    0.003    0.056    0.0265   1.393e-07  p
net1042                     1.80    0.004    0.492    0.0216   1.369e-07  p
net202                      1.80    0.002    0.040    0.0387   1.362e-07  p
clknet_1_1__leaf_net463     1.80    0.022    0.003    0.0037   1.325e-07  p
net164                      1.80    0.007    0.010    0.0113   1.309e-07  p
net96                       1.80    0.055    0.001    0.0015   1.297e-07  p
net357                      1.80    0.003    0.961    0.0289   1.290e-07  p
clknet_1_0__leaf_net463     1.80    0.021    0.003    0.0037   1.279e-07  p
clknet_0_net463             1.80    0.021    0.003    0.0037   1.274e-07  p
net94                       1.80    0.002    0.061    0.0439   1.262e-07  p
net677                      1.80    0.009    0.979    0.0086   1.256e-07  p
net810                      1.80    0.006    0.037    0.0127   1.246e-07  p
clknet_1_1__leaf_net913     1.80    0.006    0.065    0.0126   1.243e-07  p
net75                       1.80    0.016    0.003    0.0048   1.233e-07  p
net256                      1.80    0.062    0.001    0.0012   1.219e-07  p
net642                      1.80    0.022    0.002    0.0034   1.201e-07  p
net994                      1.80    0.089    0.001    0.0008   1.200e-07  p
net228                      1.80    0.002    0.940    0.0350   1.189e-07  p
net48                       1.80    0.087    0.000    0.0008   1.178e-07  p
net612                      1.80    0.005    0.336    0.0146   1.177e-07  p
net698                      1.80    0.004    0.267    0.0181   1.171e-07  p
net372                      1.80    0.003    0.818    0.0254   1.133e-07  p
net689                      1.80    0.004    0.020    0.0172   1.111e-07  p
net463                      1.80    0.019    0.003    0.0037   1.110e-07  p
net817                      1.80    0.003    0.091    0.0254   1.104e-07  p
net123                      1.80    0.011    0.005    0.0065   1.102e-07  p
net871                      1.80    0.003    0.630    0.0217   1.086e-07  p
net305                      1.80    0.003    0.024    0.0233   1.077e-07  p
net494                      1.80    0.002    0.646    0.0275   1.064e-07  p
net154                      1.80    0.019    0.003    0.0034   1.025e-07  p
net487                      1.80    0.004    0.164    0.0163   1.016e-07  p
net927                      1.80    0.006    0.111    0.0096   1.015e-07  p
net715                      1.80    0.002    0.938    0.0278   1.011e-07  p
net373                      1.80    0.051    0.001    0.0012   1.009e-07  p
net766                      1.80    0.005    0.979    0.0112   9.933e-08  p
net652                      1.80    0.072    0.001    0.0008   9.830e-08  p
net46                       1.80    0.022    0.002    0.0028   9.724e-08  p
net264                      1.80    0.011    0.005    0.0057   9.719e-08  p
net815                      1.80    0.016    0.003    0.0037   9.702e-08  p
net240                      1.80    0.006    0.009    0.0106   9.654e-08  p
net489                      1.80    0.005    0.831    0.0113   9.619e-08  p
net918                      1.80    0.002    0.935    0.0269   9.597e-08  p
net214                      1.80    0.004    0.014    0.0149   9.539e-08  p
net217                      1.80    0.005    0.979    0.0112   9.505e-08  p
net277                      1.80    0.025    0.002    0.0023   9.423e-08  p
net365                      1.80    0.005    0.897    0.0111   9.308e-08  p
net717                      1.80    0.003    0.267    0.0181   9.054e-08  p
net500                      1.80    0.083    0.993    0.0007   8.924e-08  p
net987                      1.80    0.007    0.058    0.0075   8.799e-08  p
net387                      1.80    0.027    0.003    0.0020   8.434e-08  p
net622                      1.80    0.008    0.004    0.0061   8.335e-08  p
net341                      1.80    0.046    0.999    0.0011   8.326e-08  p
net390                      1.80    0.014    0.003    0.0037   8.221e-08  p
net697                      1.80    0.003    0.733    0.0185   8.183e-08  p
net364                      1.80    0.004    0.103    0.0113   8.170e-08  p
net1045                     1.80    0.004    0.831    0.0113   8.046e-08  p
net62                       1.80    0.018    0.002    0.0028   7.934e-08  p
net811                      1.80    0.004    0.963    0.0125   7.831e-08  p
net1064                     1.80    0.003    0.752    0.0150   7.762e-08  p
net675                      1.80    0.030    0.013    0.0016   7.730e-08  p
net250                      1.80    0.009    0.005    0.0054   7.612e-08  p
net897                      1.80    0.003    0.752    0.0150   7.595e-08  p
net158                      1.80    0.032    0.001    0.0014   7.437e-08  p
net646                      1.80    0.008    0.004    0.0060   7.405e-08  p
net1051                     1.80    0.003    0.242    0.0161   7.379e-08  p
net253                      1.80    0.107    0.000    0.0004   7.255e-08  p
net531                      1.80    0.023    0.003    0.0020   7.121e-08  p
net359                      1.80    0.008    0.999    0.0052   7.023e-08  p
net872                      1.80    0.002    0.262    0.0177   7.020e-08  p
net85                       1.80    0.021    0.978    0.0020   6.959e-08  p
net98                       1.80    0.003    0.016    0.0170   6.950e-08  p
net43                       1.80    0.016    0.002    0.0028   6.940e-08  p
net613                      1.80    0.003    0.784    0.0154   6.829e-08  p
net896                      1.80    0.003    0.336    0.0130   6.823e-08  p
net156                      1.80    0.028    0.001    0.0014   6.588e-08  p
net430                      1.80    0.048    0.001    0.0008   6.512e-08  p
net907                      1.80    0.021    0.025    0.0019   6.459e-08  p
net232                      1.80    0.002    0.030    0.0240   6.347e-08  pm
net906                      1.80    0.017    0.968    0.0022   6.277e-08  p
net290                      1.80    0.009    0.003    0.0044   6.207e-08  p
net300                      1.80    0.003    0.010    0.0114   6.087e-08  p
net498                      1.80    0.005    0.988    0.0080   6.056e-08  p
net699                      1.80    0.002    0.733    0.0181   5.921e-08  p
net903                      1.80    0.057    0.990    0.0006   5.848e-08  p
net226                      1.80    0.002    0.672    0.0188   5.730e-08  p
net74                       1.80    0.041    0.001    0.0008   5.581e-08  p
out4                        1.80    0.000    0.892    0.0732   5.434e-08  p
net758                      1.80    0.006    0.993    0.0053   5.355e-08  p
net786                      1.80    0.006    0.004    0.0051   5.126e-08  p
net846                      1.80    0.016    0.003    0.0020   5.111e-08  p
net142                      1.80    0.014    0.999    0.0022   5.040e-08  p
net283                      1.80    0.050    0.000    0.0006   5.036e-08  p
net86                       1.80    0.021    0.001    0.0015   5.032e-08  p
net261                      1.80    0.008    0.003    0.0037   5.019e-08  p
net816                      1.80    0.055    0.000    0.0006   4.946e-08  p
net310                      1.80    0.006    0.950    0.0053   4.933e-08  p
net266                      1.80    0.079    0.000    0.0004   4.892e-08  p
net611                      1.80    0.001    0.845    0.0312   4.762e-08  pm
net820                      1.80    0.016    0.028    0.0019   4.759e-08  p
net304                      1.80    0.064    0.000    0.0005   4.730e-08  p
out24                       1.80    0.001    0.931    0.0435   4.651e-08  p
net638                      1.80    0.005    0.993    0.0053   4.621e-08  p
net1048                     1.80    0.004    0.975    0.0075   4.575e-08  p
net392                      1.80    0.058    0.001    0.0005   4.571e-08  p
net380                      1.80    0.067    0.000    0.0004   4.569e-08  p
net356                      1.80    0.002    0.897    0.0113   4.447e-08  p
net773                      1.80    0.004    0.005    0.0065   4.422e-08  p
net459                      1.80    0.003    0.010    0.0107   4.421e-08  p
out0                        1.80    0.001    0.713    0.0485   4.391e-08  p
net661                      1.80    0.003    0.006    0.0081   4.257e-08  p
net439                      1.80    0.016    0.999    0.0016   4.217e-08  p
net761                      1.80    0.004    0.006    0.0069   4.197e-08  p
net603                      1.80    0.027    1.000    0.0009   4.145e-08  p
net472                      1.80    0.028    0.000    0.0009   4.115e-08  p
net712                      1.80    0.003    0.084    0.0099   4.096e-08  p
net508                      1.80    0.060    0.000    0.0004   4.085e-08  p
net393                      1.80    0.010    0.002    0.0024   4.005e-08  p
net280                      1.80    0.029    0.001    0.0008   3.924e-08  p
net40                       1.80    0.009    0.002    0.0028   3.886e-08  p
net210                      1.80    0.010    0.002    0.0023   3.835e-08  p
net759                      1.80    0.012    0.003    0.0020   3.765e-08  p
out12                       1.80    0.001    0.717    0.0455   3.746e-08  p
net842                      1.80    0.003    0.975    0.0075   3.656e-08  p
net722                      1.80    0.003    0.049    0.0086   3.628e-08  p
net379                      1.80    0.010    0.002    0.0022   3.592e-08  p
net705                      1.80    0.018    0.997    0.0012   3.423e-08  p
net621                      1.80    0.017    0.001    0.0012   3.399e-08  p
net251                      1.80    0.010    0.001    0.0021   3.391e-08  p
net262                      1.80    0.050    0.000    0.0004   3.371e-08  p
net397                      1.80    0.013    0.001    0.0016   3.328e-08  p
net166                      1.80    0.020    0.001    0.0010   3.319e-08  p
net1005                     1.80    0.073    1.000    0.0003   3.304e-08  p
net777                      1.80    0.004    0.075    0.0050   3.160e-08  p
net588                      1.80    0.013    0.001    0.0015   3.107e-08  p
net688                      1.80    0.012    0.001    0.0016   3.103e-08  p
net988                      1.80    0.034    0.995    0.0006   3.092e-08  p
net252                      1.80    0.012    0.001    0.0016   3.084e-08  p
clknet_0_net709             1.80    0.019    0.997    0.0010   3.069e-08  p
net376                      1.80    0.005    0.003    0.0037   3.065e-08  p
net423                      1.80    0.021    0.001    0.0009   3.063e-08  p
net317                      1.80    0.003    0.950    0.0058   3.012e-08  p
net270                      1.80    0.008    0.002    0.0023   3.008e-08  p
net173                      1.80    0.002    0.006    0.0083   2.926e-08  p
net904                      1.80    0.003    0.065    0.0056   2.908e-08  p
net789                      1.80    0.032    0.992    0.0006   2.856e-08  p
net1024                     1.80    0.008    0.999    0.0022   2.792e-08  p
out23                       1.80    0.001    0.764    0.0332   2.774e-08  p
clknet_1_0__leaf_net546     1.80    0.040    0.000    0.0004   2.722e-08  p
net260                      1.80    0.004    0.002    0.0037   2.658e-08  p
net79                       1.80    0.028    0.000    0.0006   2.644e-08  p
net279                      1.80    0.025    0.001    0.0006   2.568e-08  p
net248                      1.80    0.014    0.001    0.0011   2.544e-08  p
net819                      1.80    0.011    0.014    0.0014   2.514e-08  p
net776                      1.80    0.003    0.921    0.0052   2.481e-08  p
net103                      1.80    0.002    0.991    0.0064   2.454e-08  p
net247                      1.80    0.004    0.003    0.0038   2.451e-08  p
net254                      1.80    0.014    0.000    0.0010   2.385e-08  p
clknet_0_net609             1.80    0.019    1.000    0.0008   2.327e-08  p
net1056                     1.80    0.014    0.993    0.0010   2.325e-08  p
net273                      1.80    0.051    1.000    0.0003   2.297e-08  p
net841                      1.80    0.002    0.023    0.0072   2.280e-08  p
net655                      1.80    0.002    0.006    0.0078   2.280e-08  p
net843                      1.80    0.033    1.000    0.0004   2.271e-08  p
net836                      1.80    0.050    1.000    0.0003   2.248e-08  p
net319                      1.80    0.003    0.076    0.0052   2.207e-08  p
net885                      1.80    0.023    0.001    0.0006   2.186e-08  p
net374                      1.80    0.019    0.001    0.0007   2.176e-08  p
net703                      1.80    0.006    0.969    0.0022   2.165e-08  p
net71                       1.80    0.015    0.000    0.0009   2.140e-08  p
net474                      1.80    0.000    0.200    0.0383   2.118e-08  pm
net653                      1.80    0.003    0.003    0.0042   2.112e-08  p
net690                      1.80    0.005    0.024    0.0028   2.103e-08  p
net225                      1.80    0.034    1.000    0.0004   2.100e-08  p
net1068                     1.80    0.004    0.002    0.0034   2.087e-08  p
net794                      1.80    0.007    0.002    0.0017   2.000e-08  p
net1026                     1.80    0.006    0.999    0.0022   1.982e-08  p
out14                       1.80    0.001    0.010    0.0110   1.975e-08  p
net505                      1.80    0.027    0.001    0.0005   1.974e-08  p
net923                      1.80    0.004    0.049    0.0032   1.961e-08  p
net311                      1.80    0.014    0.996    0.0009   1.938e-08  p
net67                       1.80    0.004    0.002    0.0028   1.905e-08  p
net636                      1.80    0.000    0.494    0.1018   1.882e-08  pm
out8                        1.80    0.001    0.889    0.0096   1.881e-08  p
net787                      1.80    0.005    0.985    0.0022   1.838e-08  p
net1025                     1.80    0.005    0.999    0.0022   1.801e-08  p
net600                      1.80    0.009    0.999    0.0013   1.796e-08  p
net940                      1.80    0.018    0.990    0.0006   1.796e-08  p
net295                      1.80    0.018    0.000    0.0006   1.771e-08  p
net943                      1.80    0.020    0.992    0.0006   1.768e-08  p
clknet_1_1__leaf_net546     1.80    0.026    0.000    0.0004   1.765e-08  p
net47                       1.80    0.013    0.000    0.0008   1.700e-08  p
net865                      1.80    0.100    0.000    0.0001   1.687e-08  p
net884                      1.80    0.010    0.993    0.0010   1.679e-08  p
net220                      1.80    0.009    0.999    0.0012   1.640e-08  p
net302                      1.80    0.003    0.002    0.0030   1.608e-08  p
net939                      1.80    0.020    0.001    0.0005   1.597e-08  p
net350                      1.80    0.008    0.994    0.0012   1.578e-08  p
net551                      1.80    0.017    0.993    0.0006   1.551e-08  p
net418                      1.80    0.014    1.000    0.0007   1.543e-08  p
net971                      1.80    0.012    0.999    0.0008   1.535e-08  p
net709                      1.80    0.010    0.997    0.0010   1.534e-08  p
net170                      1.80    0.002    0.005    0.0058   1.519e-08  p
net796                      1.80    0.014    0.994    0.0007   1.493e-08  p
net694                      1.80    0.005    0.007    0.0018   1.489e-08  p
clknet_0_net292             1.80    0.021    0.002    0.0004   1.449e-08  p
clknet_0_net931             1.80    0.021    0.002    0.0004   1.413e-08  p
net536                      1.80    0.002    0.003    0.0037   1.410e-08  p
clknet_0_net329             1.80    0.021    0.002    0.0004   1.403e-08  p
net415                      1.80    0.012    0.001    0.0007   1.394e-08  p
net312                      1.80    0.010    0.004    0.0009   1.372e-08  p
clknet_0_net546             1.80    0.020    0.000    0.0004   1.371e-08  p
net1038                     1.80    0.005    0.002    0.0017   1.364e-08  p
net385                      1.80    0.030    0.000    0.0003   1.353e-08  p
net609                      1.80    0.011    1.000    0.0008   1.346e-08  p
net626                      1.80    0.030    1.000    0.0003   1.344e-08  p
net316                      1.80    0.004    0.004    0.0019   1.336e-08  p
net446                      1.80    0.017    0.000    0.0005   1.310e-08  p
net386                      1.80    0.004    0.003    0.0020   1.305e-08  p
net704                      1.80    0.004    0.005    0.0020   1.294e-08  p
net529                      1.80    0.013    0.998    0.0006   1.258e-08  p
out2                        1.80    0.001    0.934    0.0143   1.253e-08  p
net1027                     1.80    0.004    0.999    0.0022   1.251e-08  p
net521                      1.80    0.012    0.993    0.0007   1.241e-08  p
net743                      1.80    0.011    0.001    0.0007   1.240e-08  p
net910                      1.80    0.017    0.004    0.0005   1.238e-08  p
net801                      1.80    0.013    0.991    0.0006   1.179e-08  p
clknet_0_net346             1.80    0.020    1.000    0.0003   1.150e-08  p
net1069                     1.80    0.003    0.014    0.0022   1.148e-08  p
net932                      1.80    0.006    0.997    0.0012   1.100e-08  p
net389                      1.80    0.065    0.000    0.0001   1.094e-08  p
out19                       1.80    0.001    0.170    0.0113   1.093e-08  p
net691                      1.80    0.006    0.005    0.0012   1.092e-08  p
net844                      1.80    0.015    0.000    0.0004   1.046e-08  p
net383                      1.80    0.015    0.000    0.0004   1.041e-08  p
net417                      1.80    0.023    0.000    0.0003   1.035e-08  p
net714                      1.80    0.004    0.001    0.0016   1.030e-08  p
net942                      1.80    0.009    0.001    0.0007   1.024e-08  p
net806                      1.80    0.005    0.996    0.0014   1.009e-08  p
net515                      1.80    0.009    0.993    0.0007   1.003e-08  p
net809                      1.80    0.020    0.001    0.0003   9.948e-09  p
net66                       1.80    0.015    1.000    0.0004   9.858e-09  p
net919                      1.80    0.021    0.998    0.0003   9.679e-09  p
net917                      1.80    0.005    0.002    0.0011   9.661e-09  p
net767                      1.80    0.003    0.001    0.0020   9.606e-09  p
net64                       1.80    0.005    0.001    0.0013   9.543e-09  p
net377                      1.80    0.008    0.001    0.0007   9.535e-09  p
net538                      1.80    0.084    0.000    0.70e-4  9.508e-09  p
net259                      1.80    0.018    0.000    0.0003   9.335e-09  p
net671                      1.80    0.012    0.997    0.0005   9.322e-09  p
net548                      1.80    0.010    0.993    0.0006   9.140e-09  p
net580                      1.80    0.019    0.999    0.0003   8.659e-09  p
net549                      1.80    0.003    0.003    0.0020   8.591e-09  p
net532                      1.80    0.003    0.003    0.0020   8.576e-09  p
out17                       1.80    0.001    0.007    0.0080   8.567e-09  p
net546                      1.80    0.013    0.000    0.0004   8.498e-09  p
net859                      1.80    0.011    0.997    0.0005   8.481e-09  p
net745                      1.80    0.005    0.995    0.0010   8.177e-09  p
net886                      1.80    0.009    0.994    0.0006   8.132e-09  p
net378                      1.80    0.016    0.000    0.0003   8.041e-09  p
net346                      1.80    0.014    1.000    0.0003   8.018e-09  p
net590                      1.80    0.009    0.007    0.0006   7.931e-09  p
net915                      1.80    0.004    0.005    0.0011   7.808e-09  p
net435                      1.80    0.004    0.001    0.0012   7.792e-09  p
net230                      1.80    0.006    0.001    0.0008   7.776e-09  p
clknet_0_net338             1.80    0.020    0.000    0.0002   7.775e-09  p
net968                      1.80    0.069    0.001    0.70e-4  7.772e-09  p
net561                      1.80    0.002    0.001    0.0024   7.754e-09  p
net931                      1.80    0.011    0.002    0.0004   7.626e-09  p
out6                        1.80    0.001    0.058    0.0077   7.592e-09  p
net81                       1.80    0.067    0.001    0.70e-4  7.568e-09  p
net967                      1.80    0.016    0.998    0.0003   7.374e-09  p
net791                      1.80    0.008    0.992    0.0006   7.110e-09  p
net818                      1.80    0.002    0.979    0.0020   7.083e-09  p
net685                      1.80    0.007    0.993    0.0007   7.046e-09  p
net914                      1.80    0.003    0.993    0.0014   7.039e-09  p
net222                      1.80    0.008    0.992    0.0006   7.018e-09  p
net687                      1.80    0.007    1.000    0.0007   6.981e-09  p
net492                      1.80    0.006    0.999    0.0007   6.968e-09  p
net292                      1.80    0.010    0.002    0.0004   6.960e-09  p
net322                      1.80    0.004    0.997    0.0012   6.911e-09  p
net289                      1.80    0.040    1.000    0.0001   6.848e-09  p
net395                      1.80    0.011    0.000    0.0004   6.784e-09  p
net329                      1.80    0.010    0.002    0.0004   6.685e-09  p
net860                      1.80    0.015    0.001    0.0003   6.646e-09  p
net727                      1.80    0.005    1.000    0.0008   6.644e-09  p
net807                      1.80    0.003    0.002    0.0014   6.587e-09  p
net512                      1.80    0.038    0.000    0.0001   6.469e-09  p
net899                      1.80    0.012    0.001    0.0003   6.351e-09  p
net513                      1.80    0.006    0.993    0.0007   6.344e-09  p
net83                       1.80    0.003    0.014    0.0014   6.042e-09  p
net1052                     1.80    0.005    0.001    0.0008   6.024e-09  p
net89                       1.80    0.003    0.001    0.0015   5.967e-09  p
net824                      1.80    0.007    0.998    0.0006   5.951e-09  p
net775                      1.80    0.003    0.001    0.0011   5.947e-09  p
net338                      1.80    0.015    0.000    0.0002   5.929e-09  p
net496                      1.80    0.017    1.000    0.0002   5.737e-09  p
clknet_1_0__leaf_net931     1.80    0.008    0.002    0.0004   5.626e-09  p
net504                      1.80    0.020    0.000    0.0002   5.611e-09  p
net757                      1.80    0.004    0.999    0.0009   5.496e-09  p
net933                      1.80    0.004    0.001    0.0009   5.462e-09  p
net177                      1.80    0.010    1.000    0.0003   5.443e-09  p
net553                      1.80    0.005    0.990    0.0006   5.352e-09  p
net584                      1.80    0.007    0.001    0.0005   5.336e-09  p
net781                      1.80    0.003    0.001    0.0012   5.308e-09  p
net751                      1.80    0.003    0.999    0.0011   5.210e-09  p
net552                      1.80    0.009    0.997    0.0003   5.172e-09  p
net334                      1.80    0.045    0.000    0.70e-4  5.103e-09  p
clknet_1_0__leaf_net709     1.80    0.003    0.997    0.0010   5.098e-09  p
net255                      1.80    0.005    0.000    0.0006   4.819e-09  p
net360                      1.80    0.012    0.002    0.0002   4.816e-09  p
net812                      1.80    0.008    0.000    0.0003   4.740e-09  p
net774                      1.80    0.003    0.999    0.0009   4.698e-09  p
net654                      1.80    0.003    0.001    0.0008   4.698e-09  p
net218                      1.80    0.006    0.000    0.0005   4.680e-09  p
net516                      1.80    0.003    0.993    0.0011   4.635e-09  p
net190                      1.80    0.003    0.001    0.0010   4.608e-09  p
net382                      1.80    0.004    0.000    0.0006   4.531e-09  p
net1040                     1.80    0.005    0.993    0.0006   4.509e-09  p
net400                      1.80    0.006    0.000    0.0005   4.499e-09  p
net555                      1.80    0.005    0.917    0.0006   4.492e-09  p
net443                      1.80    0.005    0.990    0.0006   4.487e-09  p
net589                      1.80    0.005    0.993    0.0006   4.428e-09  p
net181                      1.80    0.004    0.000    0.0008   4.398e-09  p
net750                      1.80    0.003    0.000    0.0009   4.257e-09  p
clknet_1_1__leaf_net609     1.80    0.003    1.000    0.0008   4.247e-09  p
net84                       1.80    0.025    0.000    0.0001   4.246e-09  p
net559                      1.80    0.024    0.120    0.0001   4.139e-09  p
net778                      1.80    0.004    0.992    0.0007   4.133e-09  p
net868                      1.80    0.005    0.994    0.0006   4.081e-09  p
net599                      1.80    0.004    0.999    0.0006   3.885e-09  p
net908                      1.80    0.014    0.002    0.0002   3.883e-09  p
net938                      1.80    0.005    0.997    0.0005   3.862e-09  p
net604                      1.80    0.002    0.001    0.0011   3.852e-09  p
net664                      1.80    0.007    1.000    0.0003   3.800e-09  p
net485                      1.80    0.011    1.000    0.0002   3.763e-09  p
net1043                     1.80    0.005    0.997    0.0005   3.588e-09  p
net523                      1.80    0.003    0.001    0.0007   3.524e-09  p
clknet_1_1__leaf_net329     1.80    0.005    0.002    0.0004   3.518e-09  p
net506                      1.80    0.005    0.000    0.0004   3.434e-09  p
out3                        1.80    0.001    0.003    0.0020   3.433e-09  p
net891                      1.80    0.006    0.006    0.0003   3.392e-09  p
net296                      1.80    0.003    0.002    0.0008   3.357e-09  p
net834                      1.80    0.004    0.993    0.0006   3.344e-09  p
clknet_0_net593             1.80    0.019    0.000    0.0001   3.282e-09  p
net299                      1.80    0.029    0.000    0.70e-4  3.265e-09  p
net282                      1.80    0.004    0.000    0.0005   3.238e-09  p
net808                      1.80    0.003    0.998    0.0006   3.231e-09  p
net518                      1.80    0.019    0.000    0.0001   3.171e-09  p
net482                      1.80    0.004    1.000    0.0005   3.149e-09  p
net700                      1.80    0.003    0.001    0.0006   3.113e-09  p
clknet_1_0__leaf_net609     1.80    0.002    1.000    0.0008   3.101e-09  p
net713                      1.80    0.004    0.997    0.0005   3.060e-09  p
net888                      1.80    0.003    0.994    0.0006   3.020e-09  p
net1066                     1.80    0.003    0.993    0.0006   3.017e-09  p
clknet_1_0__leaf_net854     1.80    0.027    0.000    0.70e-4  3.001e-09  p
net184                      1.80    0.026    0.000    0.70e-4  2.979e-09  p
net180                      1.80    0.052    0.000    0.35e-4  2.944e-09  p
net91                       1.80    0.002    0.001    0.0008   2.904e-09  p
net203                      1.80    0.017    0.000    0.0001   2.862e-09  p
net265                      1.80    0.006    0.000    0.0003   2.853e-09  p
clknet_1_1__leaf_net709     1.80    0.002    0.997    0.0010   2.852e-09  p
net384                      1.80    0.006    0.000    0.0003   2.801e-09  p
net73                       1.80    0.025    0.001    0.70e-4  2.790e-09  p
clknet_1_1__leaf_net931     1.80    0.004    0.002    0.0004   2.788e-09  p
net880                      1.80    0.008    0.001    0.0002   2.739e-09  p
net748                      1.80    0.004    1.000    0.0004   2.695e-09  p
net284                      1.80    0.003    0.000    0.0006   2.669e-09  p
net72                       1.80    0.005    0.996    0.0003   2.659e-09  p
net1044                     1.80    0.003    0.992    0.0006   2.643e-09  p
net200                      1.80    0.015    0.000    0.0001   2.616e-09  p
net211                      1.80    0.023    0.000    0.70e-4  2.604e-09  p
clknet_1_0__leaf_net346     1.80    0.005    1.000    0.0003   2.580e-09  p
net634                      1.80    0.002    0.001    0.0007   2.549e-09  p
net881                      1.80    0.004    0.997    0.0003   2.525e-09  p
net554                      1.80    0.002    0.990    0.0006   2.525e-09  p
net633                      1.80    0.002    1.000    0.0006   2.502e-09  p
net557                      1.80    0.003    0.997    0.0005   2.404e-09  p
net442                      1.80    0.003    0.990    0.0006   2.395e-09  p
net920                      1.80    0.005    0.998    0.0003   2.389e-09  p
net540                      1.80    0.004    0.000    0.0004   2.372e-09  p
net595                      1.80    0.002    1.000    0.0007   2.370e-09  p
net308                      1.80    0.007    0.001    0.0002   2.345e-09  p
net666                      1.80    0.003    0.993    0.0006   2.344e-09  p
clknet_0_net894             1.80    0.021    0.000    0.70e-4  2.323e-09  p
clknet_1_0__leaf_net329     1.80    0.003    0.002    0.0004   2.318e-09  p
net479                      1.80    0.002    0.992    0.0007   2.269e-09  p
net297                      1.80    0.003    0.001    0.0005   2.262e-09  p
net475                      1.80    0.013    1.000    0.0001   2.259e-09  p
net1058                     1.80    0.004    0.006    0.0003   2.245e-09  p
net76                       1.80    0.005    0.000    0.0003   2.241e-09  p
net234                      1.80    0.004    1.000    0.0003   2.220e-09  p
clknet_0_net912             1.80    0.019    0.000    0.70e-4  2.188e-09  p
clknet_0_net854             1.80    0.019    0.000    0.70e-4  2.144e-09  p
net514                      1.80    0.002    0.993    0.0007   2.106e-09  p
net1041                     1.80    0.003    0.997    0.0005   2.038e-09  p
net274                      1.80    0.004    1.000    0.0003   2.012e-09  p
net827                      1.80    0.003    0.000    0.0004   1.970e-09  p
net973                      1.80    0.034    1.000    0.35e-4  1.925e-09  p
net732                      1.80    0.003    1.000    0.0004   1.892e-09  p
net233                      1.80    0.004    0.000    0.0003   1.839e-09  p
clknet_1_0__leaf_net338     1.80    0.005    0.000    0.0002   1.826e-09  p
net608                      1.80    0.006    1.000    0.0002   1.775e-09  p
clknet_1_0__leaf_net292     1.80    0.003    0.002    0.0004   1.718e-09  p
net934                      1.80    0.003    0.997    0.0003   1.680e-09  p
net854                      1.80    0.015    0.000    0.70e-4  1.660e-09  p
net412                      1.80    0.003    0.000    0.0004   1.643e-09  p
net403                      1.80    0.014    0.000    0.70e-4  1.622e-09  p
net404                      1.80    0.005    0.000    0.0002   1.593e-09  p
net912                      1.80    0.014    0.000    0.70e-4  1.566e-09  p
net669                      1.80    0.002    0.000    0.0004   1.550e-09  p
net657                      1.80    0.003    0.000    0.0003   1.540e-09  p
clknet_1_1__leaf_net346     1.80    0.003    1.000    0.0003   1.533e-09  p
clknet_1_0__leaf_net912     1.80    0.014    0.000    0.70e-4  1.531e-09  p
net278                      1.80    0.002    1.000    0.0004   1.497e-09  p
net735                      1.80    0.002    1.000    0.0004   1.483e-09  p
net394                      1.80    0.013    0.000    0.70e-4  1.473e-09  p
clknet_1_1__leaf_net854     1.80    0.013    0.000    0.70e-4  1.464e-09  p
net517                      1.80    0.006    0.000    0.0001   1.454e-09  p
net1057                     1.80    0.002    0.000    0.0004   1.446e-09  p
net178                      1.80    0.013    0.000    0.70e-4  1.444e-09  p
net593                      1.80    0.009    0.000    0.0001   1.444e-09  p
clknet_1_1__leaf_net292     1.80    0.002    0.002    0.0004   1.436e-09  p
clknet_1_1__leaf_net338     1.80    0.004    0.000    0.0002   1.435e-09  p
net706                      1.80    0.012    1.000    0.70e-4  1.374e-09  p
net726                      1.80    0.008    0.000    0.0001   1.328e-09  p
net294                      1.80    0.011    0.000    0.70e-4  1.252e-09  p
net731                      1.80    0.003    0.000    0.0002   1.241e-09  p
net576                      1.80    0.022    0.000    0.35e-4  1.238e-09  p
net510                      1.80    0.002    0.000    0.0004   1.192e-09  p
clknet_0_net876             1.80    0.021    0.000    0.35e-4  1.185e-09  p
net753                      1.80    0.003    1.000    0.0003   1.153e-09  p
net507                      1.80    0.020    0.000    0.35e-4  1.145e-09  p
net527                      1.80    0.002    0.001    0.0003   1.123e-09  p
net391                      1.80    0.019    0.000    0.35e-4  1.097e-09  p
net894                      1.80    0.010    0.000    0.70e-4  1.082e-09  p
out7                        1.80    0.001    0.995    0.0011   1.045e-09  p
net465                      1.80    0.005    0.000    0.0001   1.045e-09  p
net802                      1.80    0.018    1.000    0.35e-4  9.905e-10  p
net321                      1.80    0.003    0.000    0.0002   9.676e-10  p
net196                      1.80    0.003    0.000    0.0002   9.620e-10  p
net892                      1.80    0.008    0.000    0.70e-4  9.462e-10  p
net734                      1.80    0.003    0.000    0.0002   9.296e-10  p
net185                      1.80    0.005    1.000    0.0001   9.279e-10  p
clknet_1_0__leaf_net894     1.80    0.008    0.000    0.70e-4  9.232e-10  p
net368                      1.80    0.004    0.999    0.0001   8.987e-10  p
net541                      1.80    0.003    0.000    0.0002   8.852e-10  p
net367                      1.80    0.004    0.001    0.0001   8.751e-10  p
net419                      1.80    0.002    0.000    0.0002   8.607e-10  p
net460                      1.80    0.015    0.000    0.35e-4  8.197e-10  p
net60                       1.80    0.002    0.998    0.0003   7.557e-10  pm
clknet_1_0__leaf_net593     1.80    0.004    0.000    0.0001   7.198e-10  p
net770                      1.80    0.003    0.000    0.0002   7.073e-10  p
out13                       1.80    0.001    0.999    0.0008   6.940e-10  p
out1                        1.80    0.001    0.998    0.0003   6.460e-10  p
net746                      1.80    0.003    0.000    0.0001   6.445e-10  p
net1060                     1.80    0.004    0.120    0.0001   6.248e-10  p
net782                      1.80    0.003    0.000    0.0001   6.038e-10  p
net876                      1.80    0.009    0.000    0.35e-4  5.339e-10  p
net1061                     1.80    0.005    0.000    0.70e-4  5.113e-10  p
net471                      1.80    0.008    1.000    0.35e-4  4.658e-10  p
net480                      1.80    0.002    0.001    0.0001   4.221e-10  p
clknet_1_1__leaf_net894     1.80    0.004    0.000    0.70e-4  4.186e-10  p
clknet_1_1__leaf_net593     1.80    0.002    0.000    0.0001   4.173e-10  p
net413                      1.80    0.002    1.000    0.0001   3.981e-10  p
net77                       1.80    0.007    1.000    0.35e-4  3.979e-10  p
net342                      1.80    0.004    1.000    0.70e-4  3.971e-10  p
net783                      1.80    0.006    0.000    0.35e-4  3.344e-10  p
clknet_1_1__leaf_net912     1.80    0.003    0.000    0.70e-4  3.273e-10  p
net582                      1.80    0.006    0.000    0.35e-4  3.219e-10  p
net935                      1.80    0.003    0.000    0.70e-4  2.917e-10  p
net192                      1.80    0.003    0.000    0.70e-4  2.886e-10  p
clknet_1_1__leaf_net876     1.80    0.005    0.000    0.35e-4  2.852e-10  p
net313                      1.80    0.003    0.000    0.70e-4  2.826e-10  p
net579                      1.80    0.005    0.000    0.35e-4  2.792e-10  p
net755                      1.80    0.002    1.000    0.70e-4  2.791e-10  p
net80                       1.80    0.005    1.000    0.35e-4  2.603e-10  p
net209                      1.80    0.002    1.000    0.70e-4  2.476e-10  p
clknet_1_0__leaf_net876     1.80    0.004    0.000    0.35e-4  2.393e-10  p
net754                      1.80    0.002    0.000    0.70e-4  2.373e-10  p
net101                      1.80    0.004    1.000    0.35e-4  2.197e-10  p
net183                      1.80    0.003    0.000    0.35e-4  1.544e-10  p
net556                      1.80    0.003    0.000    0.35e-4  1.512e-10  p
net309                      1.80    0.002    0.000    0.35e-4  1.250e-10  p
net102                      1.80    0.002    0.000    0.35e-4  1.205e-10  p
net331                      1.80    0.002    0.000    0.35e-4  1.089e-10  p
out10                       1.80    0.001    0.001    0.70e-4  6.190e-11  p
out15                       1.80    0.001    1.000    0.35e-4  5.390e-11  p
clknet_0_net221             1.80    0.022    1.000    0.0000      0.0000  p
clknet_0_net315             1.80    0.019    0.000    0.0000      0.0000  p
clknet_0_net354             1.80    0.013    1.000    0.0000      0.0000  p
clknet_0_net361             1.80    0.011    1.000    0.0000      0.0000  p
clknet_0_net424             1.80    0.021    0.000    0.0000      0.0000  p
clknet_0_net427             1.80    0.023    0.000    0.0000      0.0000  p
clknet_0_net436             1.80    0.020    0.000    0.0000      0.0000  p
clknet_0_net447             1.80    0.020    0.000    0.0000      0.0000  p
clknet_0_net448             1.80    0.021    0.000    0.0000      0.0000  p
clknet_0_net449             1.80    0.021    0.000    0.0000      0.0000  p
clknet_0_net451             1.80    0.020    0.000    0.0000      0.0000  p
clknet_0_net452             1.80    0.019    0.000    0.0000      0.0000  p
clknet_0_net458             1.80    0.021    0.000    0.0000      0.0000  p
clknet_0_net464             1.80    0.020    0.000    0.0000      0.0000  p
clknet_0_net481             1.80    0.021    1.000    0.0000      0.0000  p
clknet_0_net567             1.80    0.021    1.000    0.0000      0.0000  p
clknet_0_net855             1.80    0.020    0.000    0.0000      0.0000  p
clknet_0_net877             1.80    0.020    0.000    0.0000      0.0000  p
clknet_0_net893             1.80    0.020    0.000    0.0000      0.0000  p
clknet_0_net895             1.80    0.020    0.000    0.0000      0.0000  p
clknet_0_net929             1.80    0.019    0.000    0.0000      0.0000  p
clknet_0_net930             1.80    0.021    0.000    0.0000      0.0000  p
clknet_0_net969             1.80    0.023    0.000    0.0000      0.0000  p
clknet_0_net974             1.80    0.018    1.000    0.0000      0.0000  p
clknet_1_0__leaf_net221     1.80    0.012    1.000    0.0000      0.0000  p
clknet_1_0__leaf_net315     1.80    0.017    0.000    0.0000      0.0000  p
clknet_1_0__leaf_net354     1.80    0.014    1.000    0.0000      0.0000  p
clknet_1_0__leaf_net361     1.80    0.004    1.000    0.0000      0.0000  p
clknet_1_0__leaf_net424     1.80    0.008    0.000    0.0000      0.0000  p
clknet_1_0__leaf_net427     1.80    0.060    0.000    0.0000      0.0000  p
clknet_1_0__leaf_net436     1.80    0.023    0.000    0.0000      0.0000  p
clknet_1_0__leaf_net447     1.80    0.008    0.000    0.0000      0.0000  p
clknet_1_0__leaf_net448     1.80    0.014    0.000    0.0000      0.0000  p
clknet_1_0__leaf_net449     1.80    0.007    0.000    0.0000      0.0000  p
clknet_1_0__leaf_net451     1.80    0.006    0.000    0.0000      0.0000  p
clknet_1_0__leaf_net452     1.80    0.010    0.000    0.0000      0.0000  p
clknet_1_0__leaf_net458     1.80    0.006    0.000    0.0000      0.0000  p
clknet_1_0__leaf_net464     1.80    0.011    0.000    0.0000      0.0000  p
clknet_1_0__leaf_net481     1.80    0.016    1.000    0.0000      0.0000  p
clknet_1_0__leaf_net567     1.80    0.006    1.000    0.0000      0.0000  p
clknet_1_0__leaf_net855     1.80    0.007    0.000    0.0000      0.0000  p
clknet_1_0__leaf_net877     1.80    0.043    0.000    0.0000      0.0000  p
clknet_1_0__leaf_net893     1.80    0.004    0.000    0.0000      0.0000  p
clknet_1_0__leaf_net895     1.80    0.005    0.000    0.0000      0.0000  p
clknet_1_0__leaf_net929     1.80    0.003    0.000    0.0000      0.0000  p
clknet_1_0__leaf_net930     1.80    0.005    0.000    0.0000      0.0000  p
clknet_1_0__leaf_net969     1.80    0.031    0.000    0.0000      0.0000  p
clknet_1_0__leaf_net974     1.80    0.032    1.000    0.0000      0.0000  p
clknet_1_1__leaf_net221     1.80    0.007    1.000    0.0000      0.0000  p
clknet_1_1__leaf_net315     1.80    0.015    0.000    0.0000      0.0000  p
clknet_1_1__leaf_net354     1.80    0.013    1.000    0.0000      0.0000  p
clknet_1_1__leaf_net361     1.80    0.005    1.000    0.0000      0.0000  p
clknet_1_1__leaf_net424     1.80    0.006    0.000    0.0000      0.0000  p
clknet_1_1__leaf_net427     1.80    0.023    0.000    0.0000      0.0000  p
clknet_1_1__leaf_net436     1.80    0.018    0.000    0.0000      0.0000  p
clknet_1_1__leaf_net447     1.80    0.012    0.000    0.0000      0.0000  p
clknet_1_1__leaf_net448     1.80    0.019    0.000    0.0000      0.0000  p
clknet_1_1__leaf_net449     1.80    0.007    0.000    0.0000      0.0000  p
clknet_1_1__leaf_net451     1.80    0.003    0.000    0.0000      0.0000  p
clknet_1_1__leaf_net452     1.80    0.006    0.000    0.0000      0.0000  p
clknet_1_1__leaf_net458     1.80    0.007    0.000    0.0000      0.0000  p
clknet_1_1__leaf_net464     1.80    0.005    0.000    0.0000      0.0000  p
clknet_1_1__leaf_net481     1.80    0.018    1.000    0.0000      0.0000  p
clknet_1_1__leaf_net567     1.80    0.004    1.000    0.0000      0.0000  p
clknet_1_1__leaf_net855     1.80    0.014    0.000    0.0000      0.0000  p
clknet_1_1__leaf_net877     1.80    0.051    0.000    0.0000      0.0000  p
clknet_1_1__leaf_net893     1.80    0.003    0.000    0.0000      0.0000  p
clknet_1_1__leaf_net895     1.80    0.006    0.000    0.0000      0.0000  p
clknet_1_1__leaf_net929     1.80    0.004    0.000    0.0000      0.0000  p
clknet_1_1__leaf_net930     1.80    0.004    0.000    0.0000      0.0000  p
clknet_1_1__leaf_net969     1.80    0.014    0.000    0.0000      0.0000  p
clknet_1_1__leaf_net974     1.80    0.012    1.000    0.0000      0.0000  p
net52                       1.80    0.005    1.000    0.0000      0.0000  p
net54                       1.80    0.014    1.000    0.0000      0.0000  p
net59                       1.80    0.005    1.000    0.0000      0.0000  p
net90                       1.80    0.003    1.000    0.0000      0.0000  p
net95                       1.80    0.028    0.000    0.0000      0.0000  p
net115                      1.80    0.097    1.000    0.0000      0.0000  p
net117                      1.80    0.045    1.000    0.0000      0.0000  p
net120                      1.80    0.023    1.000    0.0000      0.0000  p
net145                      1.80    0.019    1.000    0.0000      0.0000  p
net176                      1.80    0.003    0.000    0.0000      0.0000  p
net179                      1.80    0.009    0.000    0.0000      0.0000  p
net182                      1.80    0.076    0.000    0.0000      0.0000  p
net186                      1.80    0.018    0.000    0.0000      0.0000  p
net187                      1.80    0.011    0.000    0.0000      0.0000  p
net188                      1.80    0.040    1.000    0.0000      0.0000  p
net189                      1.80    0.004    1.000    0.0000      0.0000  p
net191                      1.80    0.080    0.000    0.0000      0.0000  p
net199                      1.80    0.005    0.000    0.0000      0.0000  p
net204                      1.80    0.004    1.000    0.0000      0.0000  p
net205                      1.80    0.022    0.000    0.0000      0.0000  p
net206                      1.80    0.014    1.000    0.0000      0.0000  p
net212                      1.80    0.003    0.000    0.0000      0.0000  p
net216                      1.80    0.058    0.000    0.0000      0.0000  p
net219                      1.80    0.014    1.000    0.0000      0.0000  p
net221                      1.80    0.010    1.000    0.0000      0.0000  p
net227                      1.80    0.031    0.000    0.0000      0.0000  p
net229                      1.80    0.044    0.000    0.0000      0.0000  p
net235                      1.80    0.012    0.000    0.0000      0.0000  p
net236                      1.80    0.002    0.000    0.0000      0.0000  p
net237                      1.80    0.015    1.000    0.0000      0.0000  p
net238                      1.80    0.013    0.000    0.0000      0.0000  p
net257                      1.80    0.020    1.000    0.0000      0.0000  p
net267                      1.80    0.014    0.000    0.0000      0.0000  p
net271                      1.80    0.014    1.000    0.0000      0.0000  p
net272                      1.80    0.003    1.000    0.0000      0.0000  p
net275                      1.80    0.002    1.000    0.0000      0.0000  p
net276                      1.80    0.006    0.000    0.0000      0.0000  p
net281                      1.80    0.003    1.000    0.0000      0.0000  p
net291                      1.80    0.010    0.000    0.0000      0.0000  p
net315                      1.80    0.016    0.000    0.0000      0.0000  p
net323                      1.80    0.027    0.000    0.0000      0.0000  p
net324                      1.80    0.029    0.000    0.0000      0.0000  p
net325                      1.80    0.004    1.000    0.0000      0.0000  p
net333                      1.80    0.009    0.000    0.0000      0.0000  p
net336                      1.80    0.004    0.000    0.0000      0.0000  p
net337                      1.80    0.003    0.000    0.0000      0.0000  p
net340                      1.80    0.003    0.000    0.0000      0.0000  p
net343                      1.80    0.002    0.000    0.0000      0.0000  p
net344                      1.80    0.008    0.000    0.0000      0.0000  p
net345                      1.80    0.002    0.000    0.0000      0.0000  p
net347                      1.80    0.002    1.000    0.0000      0.0000  p
net348                      1.80    0.010    0.000    0.0000      0.0000  p
net349                      1.80    0.002    1.000    0.0000      0.0000  p
net351                      1.80    0.003    0.000    0.0000      0.0000  p
net352                      1.80    0.009    1.000    0.0000      0.0000  p
net354                      1.80    0.012    1.000    0.0000      0.0000  p
net361                      1.80    0.011    1.000    0.0000      0.0000  p
net381                      1.80    0.036    0.000    0.0000      0.0000  p
net396                      1.80    0.025    0.000    0.0000      0.0000  p
net398                      1.80    0.005    1.000    0.0000      0.0000  p
net399                      1.80    0.019    0.000    0.0000      0.0000  p
net401                      1.80    0.004    0.000    0.0000      0.0000  p
net402                      1.80    0.062    0.000    0.0000      0.0000  p
net405                      1.80    0.014    0.000    0.0000      0.0000  p
net406                      1.80    0.011    0.000    0.0000      0.0000  p
net407                      1.80    0.021    1.000    0.0000      0.0000  p
net408                      1.80    0.011    1.000    0.0000      0.0000  p
net409                      1.80    0.006    0.000    0.0000      0.0000  p
net410                      1.80    0.012    0.000    0.0000      0.0000  p
net411                      1.80    0.017    0.000    0.0000      0.0000  p
net414                      1.80    0.066    0.000    0.0000      0.0000  p
net416                      1.80    0.003    0.000    0.0000      0.0000  p
net422                      1.80    0.004    0.000    0.0000      0.0000  p
net424                      1.80    0.008    0.000    0.0000      0.0000  p
net425                      1.80    0.026    0.000    0.0000      0.0000  p
net427                      1.80    0.016    0.000    0.0000      0.0000  p
net431                      1.80    0.003    1.000    0.0000      0.0000  p
net432                      1.80    0.014    0.000    0.0000      0.0000  p
net434                      1.80    0.002    0.000    0.0000      0.0000  p
net436                      1.80    0.015    0.000    0.0000      0.0000  p
net437                      1.80    0.045    0.000    0.0000      0.0000  p
net438                      1.80    0.047    1.000    0.0000      0.0000  p
net440                      1.80    0.004    1.000    0.0000      0.0000  p
net444                      1.80    0.012    0.000    0.0000      0.0000  p
net447                      1.80    0.014    0.000    0.0000      0.0000  p
net448                      1.80    0.015    0.000    0.0000      0.0000  p
net449                      1.80    0.008    0.000    0.0000      0.0000  p
net450                      1.80    0.013    1.000    0.0000      0.0000  p
net451                      1.80    0.013    0.000    0.0000      0.0000  p
net452                      1.80    0.017    0.000    0.0000      0.0000  p
net454                      1.80    0.004    0.000    0.0000      0.0000  p
net455                      1.80    0.002    1.000    0.0000      0.0000  p
net456                      1.80    0.003    0.000    0.0000      0.0000  p
net458                      1.80    0.011    0.000    0.0000      0.0000  p
net461                      1.80    0.005    0.000    0.0000      0.0000  p
net464                      1.80    0.013    0.000    0.0000      0.0000  p
net466                      1.80    0.032    0.000    0.0000      0.0000  p
net467                      1.80    0.013    0.000    0.0000      0.0000  p
net468                      1.80    0.042    0.000    0.0000      0.0000  p
net469                      1.80    0.009    0.000    0.0000      0.0000  p
net470                      1.80    0.004    0.000    0.0000      0.0000  p
net476                      1.80    0.010    0.000    0.0000      0.0000  p
net477                      1.80    0.004    0.000    0.0000      0.0000  p
net478                      1.80    0.003    0.000    0.0000      0.0000  p
net481                      1.80    0.016    1.000    0.0000      0.0000  p
net493                      1.80    0.002    1.000    0.0000      0.0000  p
net501                      1.80    0.029    0.000    0.0000      0.0000  p
net502                      1.80    0.006    0.000    0.0000      0.0000  p
net509                      1.80    0.007    0.000    0.0000      0.0000  p
net511                      1.80    0.028    0.000    0.0000      0.0000  p
net520                      1.80    0.002    1.000    0.0000      0.0000  p
net522                      1.80    0.042    0.000    0.0000      0.0000  p
net524                      1.80    0.002    0.000    0.0000      0.0000  p
net525                      1.80    0.010    0.000    0.0000      0.0000  p
net528                      1.80    0.002    0.000    0.0000      0.0000  p
net530                      1.80    0.005    0.000    0.0000      0.0000  p
net533                      1.80    0.023    0.000    0.0000      0.0000  p
net534                      1.80    0.002    0.000    0.0000      0.0000  p
net535                      1.80    0.003    0.000    0.0000      0.0000  p
net537                      1.80    0.017    0.000    0.0000      0.0000  p
net539                      1.80    0.003    0.000    0.0000      0.0000  p
net543                      1.80    0.029    0.000    0.0000      0.0000  p
net545                      1.80    0.002    1.000    0.0000      0.0000  p
net547                      1.80    0.003    0.000    0.0000      0.0000  p
net550                      1.80    0.002    0.000    0.0000      0.0000  p
net558                      1.80    0.016    0.000    0.0000      0.0000  p
net560                      1.80    0.005    0.000    0.0000      0.0000  p
net562                      1.80    0.003    1.000    0.0000      0.0000  p
net563                      1.80    0.010    1.000    0.0000      0.0000  p
net564                      1.80    0.006    1.000    0.0000      0.0000  p
net565                      1.80    0.013    0.000    0.0000      0.0000  p
net567                      1.80    0.029    1.000    0.0000      0.0000  p
net570                      1.80    0.045    0.000    0.0000      0.0000  p
net571                      1.80    0.062    1.000    0.0000      0.0000  p
net572                      1.80    0.003    0.000    0.0000      0.0000  p
net574                      1.80    0.003    0.000    0.0000      0.0000  p
net577                      1.80    0.003    1.000    0.0000      0.0000  p
net578                      1.80    0.021    1.000    0.0000      0.0000  p
net581                      1.80    0.024    0.000    0.0000      0.0000  p
net583                      1.80    0.003    0.000    0.0000      0.0000  p
net585                      1.80    0.005    1.000    0.0000      0.0000  p
net596                      1.80    0.004    0.000    0.0000      0.0000  p
net597                      1.80    0.006    1.000    0.0000      0.0000  p
net610                      1.80    0.002    0.000    0.0000      0.0000  p
net614                      1.80    0.004    0.000    0.0000      0.0000  p
net615                      1.80    0.003    0.000    0.0000      0.0000  p
net616                      1.80    0.008    1.000    0.0000      0.0000  p
net618                      1.80    0.005    0.000    0.0000      0.0000  p
net619                      1.80    0.075    0.000    0.0000      0.0000  p
net620                      1.80    0.019    0.000    0.0000      0.0000  p
net623                      1.80    0.017    0.000    0.0000      0.0000  p
net624                      1.80    0.037    0.000    0.0000      0.0000  p
net627                      1.80    0.059    0.000    0.0000      0.0000  p
net628                      1.80    0.002    0.000    0.0000      0.0000  p
net631                      1.80    0.002    0.000    0.0000      0.0000  p
net635                      1.80    0.021    0.000    0.0000      0.0000  p
net637                      1.80    0.007    0.000    0.0000      0.0000  p
net639                      1.80    0.033    0.000    0.0000      0.0000  p
net640                      1.80    0.008    0.000    0.0000      0.0000  p
net641                      1.80    0.017    0.000    0.0000      0.0000  p
net643                      1.80    0.008    0.000    0.0000      0.0000  p
net644                      1.80    0.004    0.000    0.0000      0.0000  p
net645                      1.80    0.007    1.000    0.0000      0.0000  p
net647                      1.80    0.020    0.000    0.0000      0.0000  p
net648                      1.80    0.014    0.000    0.0000      0.0000  p
net649                      1.80    0.016    0.000    0.0000      0.0000  p
net650                      1.80    0.002    0.000    0.0000      0.0000  p
net651                      1.80    0.005    1.000    0.0000      0.0000  p
net660                      1.80    0.003    0.000    0.0000      0.0000  p
net663                      1.80    0.064    0.000    0.0000      0.0000  p
net665                      1.80    0.030    0.000    0.0000      0.0000  p
net667                      1.80    0.002    1.000    0.0000      0.0000  p
net668                      1.80    0.002    0.000    0.0000      0.0000  p
net670                      1.80    0.024    0.000    0.0000      0.0000  p
net673                      1.80    0.006    1.000    0.0000      0.0000  p
net674                      1.80    0.006    1.000    0.0000      0.0000  p
net678                      1.80    0.005    0.000    0.0000      0.0000  p
net680                      1.80    0.003    0.000    0.0000      0.0000  p
net683                      1.80    0.063    1.000    0.0000      0.0000  p
net693                      1.80    0.035    1.000    0.0000      0.0000  p
net716                      1.80    0.002    1.000    0.0000      0.0000  p
net718                      1.80    0.004    1.000    0.0000      0.0000  p
net725                      1.80    0.010    0.000    0.0000      0.0000  p
net729                      1.80    0.005    0.000    0.0000      0.0000  p
net733                      1.80    0.004    0.000    0.0000      0.0000  p
net738                      1.80    0.005    1.000    0.0000      0.0000  p
net739                      1.80    0.004    1.000    0.0000      0.0000  p
net740                      1.80    0.002    0.000    0.0000      0.0000  p
net741                      1.80    0.003    1.000    0.0000      0.0000  p
net742                      1.80    0.005    1.000    0.0000      0.0000  p
net744                      1.80    0.004    1.000    0.0000      0.0000  p
net747                      1.80    0.002    0.000    0.0000      0.0000  p
net749                      1.80    0.011    0.000    0.0000      0.0000  p
net752                      1.80    0.003    0.000    0.0000      0.0000  p
net756                      1.80    0.007    1.000    0.0000      0.0000  p
net760                      1.80    0.002    1.000    0.0000      0.0000  p
net762                      1.80    0.003    0.000    0.0000      0.0000  p
net763                      1.80    0.004    1.000    0.0000      0.0000  p
net764                      1.80    0.004    1.000    0.0000      0.0000  p
net765                      1.80    0.004    1.000    0.0000      0.0000  p
net788                      1.80    0.006    0.000    0.0000      0.0000  p
net790                      1.80    0.007    0.000    0.0000      0.0000  p
net797                      1.80    0.024    0.000    0.0000      0.0000  p
net798                      1.80    0.007    1.000    0.0000      0.0000  p
net825                      1.80    0.004    0.000    0.0000      0.0000  p
net831                      1.80    0.040    0.000    0.0000      0.0000  p
net835                      1.80    0.008    0.000    0.0000      0.0000  p
net838                      1.80    0.009    1.000    0.0000      0.0000  p
net839                      1.80    0.010    1.000    0.0000      0.0000  p
net840                      1.80    0.007    0.000    0.0000      0.0000  p
net845                      1.80    0.007    0.000    0.0000      0.0000  p
net855                      1.80    0.013    0.000    0.0000      0.0000  p
net867                      1.80    0.008    0.000    0.0000      0.0000  p
net869                      1.80    0.010    0.000    0.0000      0.0000  p
net874                      1.80    0.029    0.000    0.0000      0.0000  p
net877                      1.80    0.010    0.000    0.0000      0.0000  p
net887                      1.80    0.010    0.000    0.0000      0.0000  p
net889                      1.80    0.011    0.000    0.0000      0.0000  p
net893                      1.80    0.011    0.000    0.0000      0.0000  p
net895                      1.80    0.010    0.000    0.0000      0.0000  p
net898                      1.80    0.006    0.000    0.0000      0.0000  p
net900                      1.80    0.016    0.000    0.0000      0.0000  p
net926                      1.80    0.006    0.000    0.0000      0.0000  p
net928                      1.80    0.008    0.000    0.0000      0.0000  p
net929                      1.80    0.009    0.000    0.0000      0.0000  p
net930                      1.80    0.009    0.000    0.0000      0.0000  p
net944                      1.80    0.004    0.000    0.0000      0.0000  p
net969                      1.80    0.021    0.000    0.0000      0.0000  p
net974                      1.80    0.020    1.000    0.0000      0.0000  p
net976                      1.80    0.081    0.000    0.0000      0.0000  p
net980                      1.80    0.013    0.000    0.0000      0.0000  p
net981                      1.80    0.036    0.000    0.0000      0.0000  p
net986                      1.80    0.055    1.000    0.0000      0.0000  p
net990                      1.80    0.020    0.000    0.0000      0.0000  p
net998                      1.80    0.059    1.000    0.0000      0.0000  p
net999                      1.80    0.075    0.000    0.0000      0.0000  p
net1000                     1.80    0.027    0.000    0.0000      0.0000  p
net1003                     1.80    0.080    0.000    0.0000      0.0000  p
net1006                     1.80    0.104    0.000    0.0000      0.0000  p
net1018                     1.80    0.046    1.000    0.0000      0.0000  p
net1019                     1.80    0.043    1.000    0.0000      0.0000  p
net1020                     1.80    0.005    1.000    0.0000      0.0000  p
net1021                     1.80    0.007    1.000    0.0000      0.0000  p
net1022                     1.80    0.008    1.000    0.0000      0.0000  p
net1023                     1.80    0.004    1.000    0.0000      0.0000  p
net1028                     1.80    0.009    1.000    0.0000      0.0000  p
net1029                     1.80    0.008    1.000    0.0000      0.0000  p
net1030                     1.80    0.003    1.000    0.0000      0.0000  p
net1036                     1.80    0.010    1.000    0.0000      0.0000  p
net1054                     1.80    0.003    0.000    0.0000      0.0000  p
net1055                     1.80    0.006    0.000    0.0000      0.0000  p
net1059                     1.80    0.003    0.000    0.0000      0.0000  p
net1062                     1.80    0.005    0.000    0.0000      0.0000  p
net1063                     1.80    0.004    0.000    0.0000      0.0000  p
net1065                     1.80    0.005    0.000    0.0000      0.0000  p
net1067                     1.80    0.008    1.000    0.0000      0.0000  p
out5                        1.80    0.001    1.000    0.0000      0.0000  p
out9                        1.80    0.001    0.000    0.0000      0.0000  p
out11                       1.80    0.000    0.000    0.0000      0.0000  p
out16                       1.80    0.000    1.000    0.0000      0.0000  p
out18                       1.80    0.001    0.000    0.0000      0.0000  p
out21                       1.80    0.001    0.000    0.0000      0.0000  p
out22                       1.80    0.001    0.000    0.0000      0.0000  p
--------------------------------------------------------------------------------
Total (1269 nets)                                              1.201e-03 Watt



                                      Int      Switch   Leak      Total
Hierarchy                             Power    Power    Power     Power    %
--------------------------------------------------------------------------------
netlist_1                             1.26e-03 1.20e-03 8.40e-09  2.46e-03 100.0
1
