****************************************
Report : Averaged Power
	-net_power
	-hierarchy
	-sort_by net_switching_power
	-power_greater_than       0
	-nosplit
Design : netlist_1
Version: Q-2019.12-SP1
Date   : Tue Jul 30 23:04:27 2024
****************************************



  Attributes
  ----------
      a  -  Switching activity information / Switching power information annotated on net
      p  -  Propagated switching activity information on net
      d  -  Default switching activity used on net
      u  -  Net switching activity uninitialized
      m  -  Net is driven by multiple pins
      b  -  Net is a primary input (boundary net)

		Toggle rates reported with respect to time unit 1ns
--------------------------------------------------------------------------------
                                  Total      Static   Toggle   Switching
Net                         Vdd   Net Load   Prob.    Rate     Power      Attrs
--------------------------------------------------------------------------------
clknet_0_clk                1.80    0.190    0.500    0.1000   3.075e-05  a
net13                       1.80    0.079    0.444    0.1725   2.204e-05  p
net858                      1.80    0.113    0.732    0.1023   1.874e-05  p
net119                      1.80    0.079    0.242    0.1275   1.624e-05  p
net8                        1.80    0.100    0.252    0.0971   1.567e-05  p
net162                      1.80    0.095    0.804    0.1011   1.557e-05  p
net963                      1.80    0.093    0.500    0.1000   1.514e-05  a
clknet_4_14_0_clk           1.80    0.083    0.500    0.1000   1.345e-05  a
clknet_4_9_0_clk            1.80    0.079    0.500    0.1000   1.278e-05  a
net800                      1.80    0.079    0.500    0.1000   1.276e-05  a
clknet_4_11_0_clk           1.80    0.076    0.500    0.1000   1.234e-05  a
net962                      1.80    0.076    0.500    0.1000   1.231e-05  a
clknet_4_7_0_clk            1.80    0.075    0.500    0.1000   1.222e-05  a
net948                      1.80    0.074    0.500    0.1000   1.205e-05  a
clknet_4_4_0_clk            1.80    0.074    0.500    0.1000   1.195e-05  a
clknet_4_13_0_clk           1.80    0.074    0.500    0.1000   1.191e-05  a
net242                      1.80    0.074    0.252    0.0973   1.167e-05  p
net960                      1.80    0.071    0.500    0.1000   1.157e-05  a
clknet_4_8_0_clk            1.80    0.069    0.500    0.1000   1.124e-05  a
net857                      1.80    0.066    0.266    0.1021   1.094e-05  p
clknet_4_3_0_clk            1.80    0.066    0.500    0.1000   1.071e-05  a
net106                      1.80    0.066    0.257    0.0979   1.048e-05  p
net947                      1.80    0.064    0.500    0.1000   1.029e-05  a
clknet_4_12_0_clk           1.80    0.060    0.500    0.1000   9.689e-06  a
clknet_4_5_0_clk            1.80    0.060    0.500    0.1000   9.688e-06  a
net107                      1.80    0.061    0.247    0.0966   9.559e-06  p
net946                      1.80    0.059    0.500    0.1000   9.478e-06  a
net157                      1.80    0.058    0.493    0.1000   9.445e-06  p
net961                      1.80    0.058    0.500    0.1000   9.418e-06  a
net1002                     1.80    0.089    0.090    0.0627   9.019e-06  p
net93                       1.80    0.055    0.490    0.0988   8.796e-06  p
net996                      1.80    0.051    0.804    0.1011   8.390e-06  p
net1031                     1.80    0.025    0.606    0.2086   8.372e-06  p
net1009                     1.80    0.033    0.278    0.1549   8.296e-06  p
net421                      1.80    0.077    0.484    0.0660   8.243e-06  p
net632                      1.80    0.051    0.490    0.0989   8.223e-06  p
clknet_4_6_0_clk            1.80    0.050    0.500    0.1000   8.153e-06  a
net112                      1.80    0.052    0.250    0.0955   8.031e-06  p
clknet_4_0_0_clk            1.80    0.048    0.500    0.1000   7.817e-06  a
net997                      1.80    0.048    0.804    0.1011   7.796e-06  p
net124                      1.80    0.047    0.758    0.0999   7.630e-06  p
clknet_4_2_0_clk            1.80    0.047    0.500    0.1000   7.608e-06  a
net954                      1.80    0.047    0.500    0.1000   7.585e-06  a
net956                      1.80    0.046    0.500    0.1000   7.401e-06  a
net307                      1.80    0.049    0.238    0.0932   7.379e-06  p
net995                      1.80    0.044    0.804    0.1011   7.258e-06  p
clknet_4_15_0_clk           1.80    0.044    0.500    0.1000   7.111e-06  a
net953                      1.80    0.044    0.500    0.1000   7.102e-06  a
clknet_1_0__leaf_net420     1.80    0.034    0.237    0.1258   6.891e-06  p
net3                        1.80    0.043    0.252    0.0964   6.663e-06  p
net945                      1.80    0.039    0.500    0.1000   6.306e-06  a
net5                        1.80    0.038    0.258    0.1008   6.224e-06  p
net955                      1.80    0.038    0.500    0.1000   6.217e-06  a
clknet_4_1_0_clk            1.80    0.038    0.500    0.1000   6.172e-06  a
net785                      1.80    0.038    0.500    0.1000   6.091e-06  a
net16                       1.80    0.022    0.320    0.1692   6.077e-06  p
net453                      1.80    0.036    0.481    0.1028   6.047e-06  p
net1012                     1.80    0.033    0.794    0.1117   6.028e-06  p
net131                      1.80    0.037    0.252    0.0964   5.851e-06  p
net965                      1.80    0.036    0.500    0.1000   5.837e-06  a
net126                      1.80    0.036    0.250    0.1001   5.805e-06  p
clknet_1_1__leaf_net420     1.80    0.028    0.237    0.1258   5.776e-06  p
net979                      1.80    0.023    0.278    0.1549   5.776e-06  p
clknet_4_10_0_clk           1.80    0.035    0.500    0.1000   5.707e-06  a
net15                       1.80    0.041    0.869    0.0842   5.544e-06  p
net6                        1.80    0.069    0.065    0.0476   5.287e-06  p
net1071                     1.80    0.034    0.247    0.0966   5.271e-06  p
net125                      1.80    0.032    0.198    0.1018   5.207e-06  p
net42                       1.80    0.025    0.438    0.1270   5.176e-06  p
clknet_0_net420             1.80    0.024    0.237    0.1258   4.935e-06  p
net36                       1.80    0.017    0.393    0.1797   4.867e-06  p
net286                      1.80    0.059    0.479    0.0473   4.548e-06  p
net31                       1.80    0.039    0.122    0.0691   4.347e-06  p
net132                      1.80    0.027    0.255    0.0984   4.243e-06  p
net952                      1.80    0.026    0.500    0.1000   4.161e-06  a
net420                      1.80    0.020    0.237    0.1258   4.129e-06  p
net958                      1.80    0.025    0.500    0.1000   4.119e-06  a
net957                      1.80    0.025    0.500    0.1000   4.079e-06  a
net992                      1.80    0.072    0.940    0.0350   4.077e-06  p
net363                      1.80    0.025    0.500    0.1000   4.068e-06  a
net136                      1.80    0.016    0.693    0.1564   4.005e-06  p
net833                      1.80    0.024    0.500    0.1000   3.956e-06  a
net108                      1.80    0.034    0.125    0.0714   3.911e-06  p
net1010                     1.80    0.015    0.278    0.1549   3.642e-06  p
net14                       1.80    0.026    0.858    0.0869   3.641e-06  p
net25                       1.80    0.035    0.090    0.0627   3.594e-06  p
net1034                     1.80    0.022    0.804    0.1011   3.584e-06  p
net1011                     1.80    0.014    0.278    0.1549   3.499e-06  p
net19                       1.80    0.018    0.163    0.1148   3.270e-06  p
net1035                     1.80    0.020    0.804    0.1011   3.267e-06  p
clknet_0_net875             1.80    0.020    0.496    0.1002   3.234e-06  p
net901                      1.80    0.030    0.486    0.0647   3.152e-06  p
net848                      1.80    0.081    0.508    0.0240   3.127e-06  p
clknet_0_net823             1.80    0.019    0.497    0.1000   3.107e-06  p
net263                      1.80    0.019    0.742    0.1012   3.089e-06  p
clknet_0_net821             1.80    0.019    0.500    0.0999   3.079e-06  p
net135                      1.80    0.021    0.125    0.0919   3.054e-06  p
net165                      1.80    0.020    0.833    0.0953   3.024e-06  p
net105                      1.80    0.019    0.258    0.0997   3.013e-06  p
clknet_0_net457             1.80    0.019    0.237    0.0931   2.930e-06  p
net109                      1.80    0.023    0.135    0.0763   2.894e-06  p
net114                      1.80    0.107    0.016    0.0166   2.879e-06  p
net245                      1.80    0.063    0.029    0.0283   2.876e-06  p
net861                      1.80    0.030    0.168    0.0585   2.848e-06  p
net138                      1.80    0.014    0.633    0.1266   2.797e-06  p
net87                       1.80    0.017    0.490    0.0988   2.732e-06  p
clknet_0_net830             1.80    0.018    0.803    0.0899   2.694e-06  p
net2                        1.80    0.022    0.130    0.0734   2.669e-06  p
clknet_1_0__leaf_net821     1.80    0.016    0.500    0.0999   2.641e-06  p
net45                       1.80    0.013    0.197    0.1261   2.638e-06  p
net134                      1.80    0.034    0.065    0.0468   2.594e-06  p
net862                      1.80    0.027    0.829    0.0586   2.588e-06  p
net201                      1.80    0.046    0.940    0.0350   2.585e-06  p
clknet_1_1__leaf_net823     1.80    0.016    0.497    0.1000   2.579e-06  p
net949                      1.80    0.016    0.500    0.1000   2.572e-06  a
net53                       1.80    0.027    0.062    0.0584   2.540e-06  p
net17                       1.80    0.007    0.606    0.2086   2.532e-06  p
net287                      1.80    0.045    0.967    0.0346   2.516e-06  p
net950                      1.80    0.015    0.500    0.1000   2.492e-06  a
net821                      1.80    0.015    0.500    0.0999   2.483e-06  p
net457                      1.80    0.016    0.237    0.0931   2.415e-06  p
net951                      1.80    0.014    0.500    0.1000   2.332e-06  a
net847                      1.80    0.059    0.484    0.0240   2.307e-06  p
net56                       1.80    0.014    0.251    0.1040   2.306e-06  p
net113                      1.80    0.020    0.128    0.0720   2.304e-06  p
net445                      1.80    0.014    0.188    0.0979   2.292e-06  p
net160                      1.80    0.013    0.794    0.1117   2.274e-06  p
net208                      1.80    0.016    0.425    0.0875   2.228e-06  p
net1007                     1.80    0.061    0.493    0.0225   2.214e-06  p
net0                        1.80    0.014    0.249    0.0972   2.195e-06  p
net151                      1.80    0.019    0.125    0.0714   2.194e-06  p
net985                      1.80    0.018    0.892    0.0732   2.188e-06  p
net21                       1.80    0.011    0.271    0.1244   2.184e-06  p
net88                       1.80    0.013    0.499    0.1002   2.176e-06  p
net298                      1.80    0.014    0.831    0.0957   2.148e-06  p
net150                      1.80    0.014    0.125    0.0919   2.122e-06  p
net144                      1.80    0.017    0.907    0.0783   2.117e-06  p
net959                      1.80    0.013    0.500    0.1000   2.105e-06  a
net10                       1.80    0.027    0.066    0.0471   2.091e-06  p
clknet_0_net985             1.80    0.018    0.892    0.0732   2.079e-06  p
net161                      1.80    0.012    0.804    0.1011   2.033e-06  p
net92                       1.80    0.013    0.490    0.0988   2.031e-06  p
net1053                     1.80    0.012    0.266    0.1021   2.025e-06  p
clknet_1_0__leaf_net875     1.80    0.012    0.496    0.1002   1.986e-06  p
net658                      1.80    0.012    0.489    0.0990   1.936e-06  p
net659                      1.80    0.012    0.511    0.0990   1.931e-06  p
net38                       1.80    0.012    0.249    0.0972   1.896e-06  p
net823                      1.80    0.012    0.497    0.1000   1.896e-06  p
net875                      1.80    0.011    0.496    0.1002   1.846e-06  p
clknet_0_net856             1.80    0.021    0.274    0.0543   1.832e-06  p
net890                      1.80    0.068    0.246    0.0165   1.820e-06  p
net285                      1.80    0.048    0.023    0.0231   1.812e-06  p
net28                       1.80    0.064    0.017    0.0173   1.803e-06  p
clknet_1_1__leaf_net983     1.80    0.025    0.931    0.0435   1.792e-06  p
net12                       1.80    0.011    0.252    0.0969   1.755e-06  p
net246                      1.80    0.014    0.134    0.0750   1.751e-06  p
net111                      1.80    0.023    0.062    0.0467   1.748e-06  p
net964                      1.80    0.011    0.500    0.1000   1.717e-06  a
clknet_0_net605             1.80    0.019    0.174    0.0545   1.715e-06  p
net314                      1.80    0.011    0.237    0.0931   1.694e-06  p
clknet_1_0__leaf_net823     1.80    0.010    0.497    0.1000   1.693e-06  p
net129                      1.80    0.011    0.246    0.0968   1.691e-06  p
net18                       1.80    0.022    0.065    0.0476   1.678e-06  p
net127                      1.80    0.035    0.033    0.0295   1.672e-06  p
net61                       1.80    0.016    0.201    0.0613   1.604e-06  p
net7                        1.80    0.014    0.127    0.0708   1.577e-06  p
net1                        1.80    0.010    0.254    0.0989   1.540e-06  p
clknet_1_0__leaf_net983     1.80    0.022    0.931    0.0435   1.532e-06  p
net909                      1.80    0.051    0.267    0.0181   1.510e-06  p
net1015                     1.80    0.008    0.794    0.1117   1.504e-06  p
clknet_1_1__leaf_net605     1.80    0.016    0.174    0.0545   1.454e-06  p
net972                      1.80    0.079    0.010    0.0110   1.419e-06  p
net69                       1.80    0.065    0.013    0.0128   1.362e-06  p
clknet_0_net353             1.80    0.019    0.931    0.0435   1.345e-06  p
net1013                     1.80    0.007    0.794    0.1117   1.326e-06  p
net198                      1.80    0.010    0.304    0.0848   1.311e-06  p
clknet_1_1__leaf_net821     1.80    0.008    0.500    0.0999   1.292e-06  p
net4                        1.80    0.008    0.252    0.0969   1.281e-06  p
net902                      1.80    0.023    0.096    0.0338   1.270e-06  p
clknet_0_net983             1.80    0.018    0.931    0.0435   1.241e-06  p
clknet_1_0__leaf_net605     1.80    0.014    0.174    0.0545   1.240e-06  p
net1016                     1.80    0.007    0.794    0.1117   1.238e-06  p
net159                      1.80    0.021    0.035    0.0357   1.220e-06  p
net339                      1.80    0.012    0.797    0.0613   1.208e-06  p
net44                       1.80    0.013    0.063    0.0583   1.189e-06  p
net20                       1.80    0.007    0.500    0.1000   1.179e-06  a
net462                      1.80    0.009    0.252    0.0818   1.178e-06  p
net244                      1.80    0.015    0.057    0.0493   1.165e-06  p
net856                      1.80    0.013    0.274    0.0543   1.154e-06  p
net503                      1.80    0.015    0.061    0.0461   1.152e-06  p
net128                      1.80    0.015    0.068    0.0476   1.121e-06  p
net172                      1.80    0.078    0.006    0.0083   1.044e-06  p
net139                      1.80    0.008    0.916    0.0820   1.042e-06  p
net605                      1.80    0.012    0.174    0.0545   1.037e-06  p
net293                      1.80    0.003    0.737    0.1823   1.032e-06  p
net318                      1.80    0.007    0.238    0.0932   1.030e-06  p
net983                      1.80    0.015    0.931    0.0435   1.029e-06  p
net692                      1.80    0.006    0.257    0.0982   1.021e-06  p
net243                      1.80    0.007    0.121    0.0847   1.020e-06  p
net167                      1.80    0.005    0.789    0.1186   9.949e-07  p
clknet_1_0__leaf_net457     1.80    0.007    0.237    0.0931   9.904e-07  p
net681                      1.80    0.010    0.181    0.0626   9.881e-07  p
net568                      1.80    0.006    0.243    0.0965   9.877e-07  p
net966                      1.80    0.012    0.713    0.0485   9.737e-07  p
net137                      1.80    0.027    0.978    0.0226   9.732e-07  p
clknet_1_0__leaf_net856     1.80    0.011    0.274    0.0543   9.697e-07  p
clknet_0_net719             1.80    0.018    0.903    0.0332   9.606e-07  p
net982                      1.80    0.018    0.764    0.0332   9.484e-07  p
net975                      1.80    0.073    0.007    0.0080   9.479e-07  p
clknet_1_0__leaf_net830     1.80    0.006    0.803    0.0899   9.366e-07  p
net814                      1.80    0.015    0.232    0.0375   9.274e-07  p
net1032                     1.80    0.003    0.606    0.2086   9.232e-07  p
net22                       1.80    0.008    0.127    0.0708   9.179e-07  p
net883                      1.80    0.009    0.298    0.0604   9.095e-07  p
net163                      1.80    0.005    0.806    0.1012   8.979e-07  p
net133                      1.80    0.009    0.907    0.0627   8.929e-07  p
net110                      1.80    0.018    0.034    0.0297   8.878e-07  p
net23                       1.80    0.032    0.017    0.0170   8.809e-07  p
net49                       1.80    0.007    0.083    0.0725   8.801e-07  p
net780                      1.80    0.005    0.490    0.0989   8.667e-07  p
net1050                     1.80    0.023    0.493    0.0225   8.452e-07  p
clknet_1_1__leaf_net856     1.80    0.010    0.274    0.0543   8.444e-07  p
net495                      1.80    0.007    0.723    0.0727   8.409e-07  p
net215                      1.80    0.003    0.550    0.1724   8.246e-07  p
net169                      1.80    0.004    0.337    0.1410   8.105e-07  p
net99                       1.80    0.044    0.979    0.0112   8.056e-07  p
clknet_1_0__leaf_net985     1.80    0.007    0.892    0.0732   7.965e-07  p
net330                      1.80    0.012    0.115    0.0404   7.942e-07  p
clknet_1_1__leaf_net457     1.80    0.005    0.237    0.0931   7.860e-07  p
net353                      1.80    0.011    0.931    0.0435   7.824e-07  p
net207                      1.80    0.011    0.934    0.0429   7.730e-07  p
clknet_1_1__leaf_net830     1.80    0.005    0.803    0.0899   7.713e-07  p
clknet_1_0__leaf_net353     1.80    0.011    0.931    0.0435   7.693e-07  p
net118                      1.80    0.042    0.009    0.0107   7.382e-07  p
net1008                     1.80    0.042    0.103    0.0109   7.367e-07  p
net937                      1.80    0.007    0.797    0.0613   7.296e-07  p
net941                      1.80    0.007    0.484    0.0660   7.220e-07  p
net866                      1.80    0.007    0.723    0.0613   7.189e-07  p
net1033                     1.80    0.002    0.606    0.2086   7.061e-07  p
clknet_0_net911             1.80    0.019    0.123    0.0230   6.980e-07  p
net168                      1.80    0.011    0.034    0.0360   6.669e-07  p
net829                      1.80    0.022    0.673    0.0188   6.639e-07  p
net57                       1.80    0.002    0.511    0.1813   6.609e-07  p
net369                      1.80    0.004    0.262    0.1029   6.571e-07  p
net799                      1.80    0.010    0.193    0.0387   6.558e-07  p
net679                      1.80    0.003    0.394    0.1219   6.481e-07  p
net175                      1.80    0.009    0.065    0.0468   6.476e-07  p
net426                      1.80    0.006    0.486    0.0682   6.360e-07  p
net130                      1.80    0.018    0.979    0.0217   6.297e-07  p
clknet_1_1__leaf_net353     1.80    0.009    0.931    0.0435   6.289e-07  p
net153                      1.80    0.023    0.017    0.0170   6.262e-07  p
clknet_0_net707             1.80    0.019    0.254    0.0201   6.160e-07  p
net672                      1.80    0.004    0.756    0.0970   6.128e-07  p
net719                      1.80    0.011    0.903    0.0332   6.121e-07  p
net141                      1.80    0.013    0.032    0.0287   5.947e-07  p
net55                       1.80    0.021    0.017    0.0176   5.887e-07  p
net65                       1.80    0.006    0.249    0.0588   5.756e-07  p
net473                      1.80    0.004    0.251    0.0826   5.678e-07  p
net63                       1.80    0.006    0.201    0.0613   5.648e-07  p
clknet_1_1__leaf_net875     1.80    0.003    0.496    0.1002   5.639e-07  p
net104                      1.80    0.009    0.437    0.0369   5.532e-07  p
net148                      1.80    0.020    0.017    0.0170   5.509e-07  p
net97                       1.80    0.003    0.490    0.0988   5.486e-07  p
net483                      1.80    0.003    0.732    0.1030   5.360e-07  p
net375                      1.80    0.005    0.099    0.0671   5.357e-07  p
net594                      1.80    0.002    0.551    0.1722   5.334e-07  p
net78                       1.80    0.029    0.979    0.0112   5.326e-07  p
net730                      1.80    0.005    0.201    0.0613   5.315e-07  p
net591                      1.80    0.005    0.197    0.0655   5.222e-07  p
net29                       1.80    0.008    0.047    0.0400   5.205e-07  p
net878                      1.80    0.006    0.738    0.0527   5.158e-07  p
net526                      1.80    0.003    0.742    0.1011   5.137e-07  p
net301                      1.80    0.015    0.018    0.0210   5.121e-07  p
net50                       1.80    0.016    0.016    0.0199   5.106e-07  p
net544                      1.80    0.003    0.250    0.0962   5.064e-07  p
net879                      1.80    0.006    0.259    0.0526   5.047e-07  p
net37                       1.80    0.047    0.006    0.0065   4.997e-07  p
net143                      1.80    0.009    0.971    0.0335   4.992e-07  p
net24                       1.80    0.009    0.037    0.0328   4.992e-07  p
net598                      1.80    0.003    0.798    0.1096   4.967e-07  p
net702                      1.80    0.005    0.128    0.0598   4.928e-07  p
net195                      1.80    0.004    0.692    0.0725   4.901e-07  p
net499                      1.80    0.005    0.184    0.0622   4.896e-07  p
net629                      1.80    0.003    0.490    0.0989   4.894e-07  p
net851                      1.80    0.018    0.242    0.0161   4.824e-07  p
net1014                     1.80    0.003    0.794    0.1117   4.818e-07  p
net573                      1.80    0.031    0.111    0.0096   4.796e-07  p
net327                      1.80    0.008    0.232    0.0375   4.770e-07  p
net728                      1.80    0.003    0.468    0.0899   4.666e-07  p
net779                      1.80    0.003    0.489    0.1001   4.666e-07  p
net269                      1.80    0.077    0.003    0.0037   4.614e-07  p
net853                      1.80    0.012    0.493    0.0225   4.541e-07  p
net41                       1.80    0.004    0.082    0.0719   4.515e-07  p
net355                      1.80    0.026    0.103    0.0106   4.497e-07  p
net490                      1.80    0.003    0.298    0.0899   4.413e-07  p
net630                      1.80    0.003    0.490    0.0989   4.395e-07  p
net768                      1.80    0.007    0.232    0.0375   4.390e-07  p
net682                      1.80    0.004    0.180    0.0627   4.332e-07  p
net491                      1.80    0.003    0.716    0.0790   4.323e-07  p
net772                      1.80    0.003    0.804    0.1022   4.321e-07  p
net326                      1.80    0.003    0.730    0.1031   4.313e-07  p
net147                      1.80    0.034    0.006    0.0078   4.293e-07  p
net332                      1.80    0.023    0.978    0.0113   4.287e-07  p
net656                      1.80    0.034    0.006    0.0078   4.262e-07  p
net11                       1.80    0.088    0.002    0.0029   4.166e-07  p
net1049                     1.80    0.007    0.232    0.0375   4.147e-07  p
clknet_1_0__leaf_net707     1.80    0.013    0.254    0.0201   4.139e-07  p
net830                      1.80    0.012    0.403    0.0217   4.138e-07  pm
net695                      1.80    0.003    0.249    0.0913   4.112e-07  p
net27                       1.80    0.015    0.017    0.0170   4.101e-07  p
net268                      1.80    0.032    0.006    0.0078   4.093e-07  p
net711                      1.80    0.005    0.058    0.0461   4.080e-07  p
net258                      1.80    0.003    0.252    0.0973   4.079e-07  p
net121                      1.80    0.039    0.005    0.0065   4.058e-07  p
net1037                     1.80    0.011    0.378    0.0227   4.013e-07  p
clknet_1_1__leaf_net985     1.80    0.003    0.892    0.0732   3.999e-07  p
net936                      1.80    0.004    0.201    0.0613   3.994e-07  p
net366                      1.80    0.004    0.759    0.0609   3.991e-07  p
net606                      1.80    0.006    0.871    0.0398   3.989e-07  p
net784                      1.80    0.002    0.490    0.0989   3.970e-07  p
clknet_0_net913             1.80    0.019    0.065    0.0126   3.833e-07  p
net710                      1.80    0.004    0.256    0.0561   3.817e-07  p
net592                      1.80    0.004    0.803    0.0655   3.777e-07  p
net197                      1.80    0.003    0.696    0.0850   3.773e-07  p
net662                      1.80    0.002    0.488    0.0991   3.753e-07  p
net519                      1.80    0.043    0.993    0.0053   3.717e-07  p
net149                      1.80    0.013    0.017    0.0170   3.669e-07  p
net852                      1.80    0.010    0.378    0.0227   3.603e-07  p
net231                      1.80    0.003    0.096    0.0676   3.596e-07  p
net497                      1.80    0.004    0.764    0.0540   3.530e-07  p
net602                      1.80    0.013    0.754    0.0165   3.521e-07  p
net155                      1.80    0.020    0.010    0.0110   3.506e-07  p
net873                      1.80    0.019    0.831    0.0113   3.465e-07  p
net122                      1.80    0.033    0.005    0.0065   3.445e-07  p
net58                       1.80    0.003    0.749    0.0619   3.391e-07  p
net911                      1.80    0.009    0.123    0.0230   3.382e-07  p
net686                      1.80    0.006    0.927    0.0324   3.371e-07  p
net241                      1.80    0.032    0.005    0.0065   3.321e-07  p
net82                       1.80    0.002    0.372    0.0957   3.303e-07  p
net70                       1.80    0.002    0.251    0.0832   3.303e-07  p
net707                      1.80    0.010    0.254    0.0201   3.298e-07  p
clknet_1_0__leaf_net911     1.80    0.009    0.123    0.0230   3.289e-07  p
net882                      1.80    0.003    0.700    0.0603   3.289e-07  p
net9                        1.80    0.013    0.015    0.0160   3.265e-07  p
net723                      1.80    0.004    0.240    0.0560   3.225e-07  p
net1001                     1.80    0.092    0.999    0.0022   3.216e-07  p
net542                      1.80    0.002    0.252    0.0964   3.206e-07  p
net100                      1.80    0.002    0.503    0.1005   3.183e-07  p
net433                      1.80    0.005    0.768    0.0375   3.175e-07  p
net724                      1.80    0.003    0.264    0.0660   3.169e-07  p
net1004                     1.80    0.057    0.002    0.0034   3.135e-07  p
clknet_1_0__leaf_net719     1.80    0.006    0.903    0.0332   3.123e-07  p
net721                      1.80    0.004    0.150    0.0541   3.118e-07  p
net146                      1.80    0.014    0.011    0.0134   3.116e-07  p
net989                      1.80    0.020    0.889    0.0096   3.105e-07  p
net575                      1.80    0.002    0.308    0.0831   3.079e-07  p
net224                      1.80    0.010    0.672    0.0188   3.013e-07  p
clknet_1_1__leaf_net707     1.80    0.009    0.254    0.0201   2.957e-07  p
net993                      1.80    0.066    0.002    0.0028   2.943e-07  p
net328                      1.80    0.011    0.015    0.0158   2.929e-07  p
net239                      1.80    0.010    0.017    0.0173   2.916e-07  p
net335                      1.80    0.004    0.789    0.0473   2.884e-07  p
clknet_1_1__leaf_net719     1.80    0.005    0.903    0.0332   2.849e-07  p
net428                      1.80    0.003    0.484    0.0660   2.832e-07  p
net388                      1.80    0.047    0.003    0.0037   2.827e-07  p
net484                      1.80    0.003    0.760    0.0558   2.801e-07  p
net362                      1.80    0.003    0.130    0.0615   2.791e-07  p
net358                      1.80    0.002    0.821    0.0681   2.742e-07  p
net792                      1.80    0.011    0.793    0.0148   2.736e-07  p
net32                       1.80    0.010    0.016    0.0162   2.726e-07  p
net213                      1.80    0.005    0.940    0.0350   2.722e-07  p
net223                      1.80    0.002    0.096    0.0676   2.710e-07  p
net116                      1.80    0.015    0.009    0.0107   2.654e-07  p
net1039                     1.80    0.009    0.261    0.0177   2.637e-07  p
net984                      1.80    0.083    0.003    0.0020   2.623e-07  p
net601                      1.80    0.010    0.246    0.0165   2.620e-07  p
net607                      1.80    0.003    0.205    0.0498   2.590e-07  p
net587                      1.80    0.007    0.508    0.0216   2.462e-07  p
net701                      1.80    0.004    0.801    0.0410   2.449e-07  p
net303                      1.80    0.004    0.805    0.0389   2.442e-07  pm
net429                      1.80    0.003    0.235    0.0534   2.425e-07  p
net193                      1.80    0.003    0.061    0.0560   2.397e-07  p
net737                      1.80    0.003    0.065    0.0469   2.388e-07  p
net586                      1.80    0.007    0.492    0.0216   2.387e-07  p
net924                      1.80    0.003    0.513    0.0469   2.345e-07  p
net320                      1.80    0.027    0.921    0.0052   2.333e-07  p
net978                      1.80    0.010    0.934    0.0143   2.320e-07  p
net39                       1.80    0.050    0.002    0.0028   2.223e-07  p
net684                      1.80    0.002    0.096    0.0550   2.221e-07  p
net249                      1.80    0.005    0.025    0.0251   2.192e-07  p
net736                      1.80    0.002    0.115    0.0659   2.150e-07  p
net991                      1.80    0.108    0.001    0.0012   2.141e-07  p
net152                      1.80    0.008    0.017    0.0170   2.134e-07  p
net769                      1.80    0.003    0.768    0.0375   2.079e-07  p
net371                      1.80    0.010    0.865    0.0131   2.051e-07  p
out20                       1.80    0.001    0.278    0.1549   2.042e-07  p
net708                      1.80    0.005    0.862    0.0245   2.037e-07  p
net828                      1.80    0.009    0.056    0.0138   2.029e-07  p
net306                      1.80    0.023    0.950    0.0053   1.991e-07  p
net837                      1.80    0.023    0.950    0.0054   1.981e-07  p
net488                      1.80    0.006    0.966    0.0207   1.931e-07  p
net913                      1.80    0.009    0.065    0.0126   1.912e-07  p
net26                       1.80    0.007    0.017    0.0173   1.909e-07  p
net1070                     1.80    0.002    0.479    0.0473   1.902e-07  p
net970                      1.80    0.003    0.717    0.0455   1.889e-07  p
net922                      1.80    0.003    0.162    0.0379   1.872e-07  p
net34                       1.80    0.018    0.006    0.0065   1.850e-07  p
net174                      1.80    0.079    0.001    0.0014   1.825e-07  p
net194                      1.80    0.002    0.184    0.0487   1.816e-07  p
net51                       1.80    0.040    0.002    0.0028   1.779e-07  p
net849                      1.80    0.006    0.251    0.0170   1.766e-07  p
net850                      1.80    0.006    0.741    0.0176   1.759e-07  p
net720                      1.80    0.003    0.906    0.0330   1.756e-07  p
net1046                     1.80    0.006    0.267    0.0181   1.731e-07  p
net977                      1.80    0.009    0.169    0.0113   1.714e-07  p
clknet_1_1__leaf_net911     1.80    0.005    0.123    0.0230   1.682e-07  p
net566                      1.80    0.004    0.508    0.0240   1.639e-07  p
net905                      1.80    0.017    0.927    0.0059   1.639e-07  p
net870                      1.80    0.005    0.363    0.0216   1.628e-07  p
net832                      1.80    0.003    0.153    0.0310   1.628e-07  p
net921                      1.80    0.005    0.900    0.0216   1.606e-07  p
net171                      1.80    0.042    0.002    0.0023   1.587e-07  p
net441                      1.80    0.017    0.005    0.0058   1.585e-07  p
clknet_1_0__leaf_net913     1.80    0.008    0.065    0.0126   1.575e-07  p
net30                       1.80    0.009    0.010    0.0110   1.564e-07  p
net925                      1.80    0.002    0.479    0.0474   1.548e-07  p
net625                      1.80    0.001    0.510    0.0987   1.547e-07  pm
net1017                     1.80    0.043    0.999    0.0022   1.519e-07  p
net33                       1.80    0.014    0.006    0.0065   1.518e-07  p
net569                      1.80    0.010    0.111    0.0096   1.517e-07  p
net288                      1.80    0.002    0.513    0.0469   1.516e-07  p
net826                      1.80    0.006    0.064    0.0141   1.437e-07  p
net370                      1.80    0.007    0.135    0.0131   1.420e-07  p
net486                      1.80    0.002    0.903    0.0519   1.415e-07  p
net864                      1.80    0.017    0.949    0.0051   1.386e-07  p
net1047                     1.80    0.008    0.979    0.0112   1.386e-07  p
net35                       1.80    0.033    0.999    0.0026   1.376e-07  p
net771                      1.80    0.004    0.016    0.0201   1.375e-07  p
net696                      1.80    0.003    0.651    0.0311   1.366e-07  p
net916                      1.80    0.003    0.056    0.0265   1.354e-07  p
net68                       1.80    0.060    0.001    0.0014   1.347e-07  p
net1042                     1.80    0.004    0.492    0.0216   1.341e-07  p
net804                      1.80    0.004    0.492    0.0216   1.336e-07  p
net805                      1.80    0.004    0.506    0.0214   1.328e-07  p
net793                      1.80    0.007    0.897    0.0113   1.317e-07  p
net617                      1.80    0.013    0.005    0.0065   1.312e-07  p
net676                      1.80    0.050    0.987    0.0016   1.307e-07  p
net140                      1.80    0.005    0.016    0.0170   1.302e-07  p
net202                      1.80    0.002    0.040    0.0387   1.279e-07  p
net863                      1.80    0.013    0.010    0.0060   1.275e-07  p
net94                       1.80    0.002    0.061    0.0439   1.251e-07  p
clknet_0_net463             1.80    0.020    0.003    0.0037   1.208e-07  p
net357                      1.80    0.003    0.961    0.0289   1.197e-07  p
net96                       1.80    0.050    0.001    0.0015   1.184e-07  p
clknet_1_1__leaf_net913     1.80    0.006    0.065    0.0126   1.172e-07  p
net810                      1.80    0.006    0.037    0.0127   1.150e-07  p
clknet_1_1__leaf_net463     1.80    0.019    0.003    0.0037   1.149e-07  p
net164                      1.80    0.006    0.010    0.0113   1.148e-07  p
clknet_1_0__leaf_net463     1.80    0.019    0.003    0.0037   1.140e-07  p
net228                      1.80    0.002    0.940    0.0350   1.136e-07  p
net75                       1.80    0.014    0.003    0.0048   1.113e-07  p
net677                      1.80    0.008    0.979    0.0086   1.092e-07  p
net372                      1.80    0.003    0.818    0.0254   1.055e-07  p
net256                      1.80    0.053    0.001    0.0012   1.050e-07  p
net698                      1.80    0.004    0.267    0.0181   1.047e-07  p
net612                      1.80    0.004    0.336    0.0146   1.044e-07  p
net994                      1.80    0.076    0.001    0.0008   1.036e-07  p
net642                      1.80    0.019    0.002    0.0034   1.030e-07  p
net48                       1.80    0.076    0.000    0.0008   1.029e-07  p
net817                      1.80    0.002    0.091    0.0254   1.028e-07  p
net123                      1.80    0.010    0.005    0.0065   1.008e-07  p
net494                      1.80    0.002    0.646    0.0275   9.855e-08  p
net715                      1.80    0.002    0.938    0.0278   9.855e-08  p
net305                      1.80    0.003    0.024    0.0233   9.823e-08  p
net463                      1.80    0.016    0.003    0.0037   9.773e-08  p
net689                      1.80    0.003    0.020    0.0172   9.674e-08  p
net871                      1.80    0.003    0.630    0.0217   9.650e-08  p
net927                      1.80    0.006    0.111    0.0096   9.501e-08  p
net766                      1.80    0.005    0.979    0.0112   9.409e-08  p
net214                      1.80    0.004    0.014    0.0149   9.378e-08  p
net264                      1.80    0.010    0.005    0.0057   9.335e-08  p
net918                      1.80    0.002    0.935    0.0269   9.129e-08  p
net373                      1.80    0.045    0.001    0.0012   8.966e-08  p
net652                      1.80    0.066    0.001    0.0008   8.932e-08  p
net487                      1.80    0.003    0.164    0.0163   8.895e-08  p
net240                      1.80    0.005    0.009    0.0106   8.877e-08  p
net815                      1.80    0.015    0.003    0.0037   8.785e-08  p
net154                      1.80    0.016    0.003    0.0034   8.725e-08  p
net46                       1.80    0.019    0.002    0.0028   8.573e-08  p
net489                      1.80    0.005    0.831    0.0113   8.447e-08  p
net217                      1.80    0.005    0.979    0.0112   8.358e-08  p
net277                      1.80    0.022    0.002    0.0023   8.290e-08  p
net717                      1.80    0.003    0.267    0.0181   8.242e-08  p
net365                      1.80    0.004    0.897    0.0111   8.061e-08  p
net364                      1.80    0.004    0.103    0.0113   8.021e-08  p
net987                      1.80    0.007    0.058    0.0075   7.952e-08  p
net622                      1.80    0.008    0.004    0.0061   7.819e-08  p
net1045                     1.80    0.004    0.831    0.0113   7.794e-08  p
net500                      1.80    0.072    0.993    0.0007   7.733e-08  p
net697                      1.80    0.003    0.733    0.0185   7.597e-08  p
net1064                     1.80    0.003    0.752    0.0150   7.595e-08  p
net341                      1.80    0.041    0.999    0.0011   7.396e-08  p
net390                      1.80    0.012    0.003    0.0037   7.316e-08  p
net811                      1.80    0.004    0.963    0.0125   7.308e-08  p
net387                      1.80    0.023    0.003    0.0020   7.265e-08  p
net62                       1.80    0.016    0.002    0.0028   7.184e-08  p
net675                      1.80    0.027    0.013    0.0016   7.139e-08  p
net250                      1.80    0.008    0.005    0.0054   7.111e-08  p
net897                      1.80    0.003    0.752    0.0150   6.950e-08  p
net1051                     1.80    0.003    0.242    0.0161   6.815e-08  p
net98                       1.80    0.002    0.016    0.0170   6.651e-08  p
net896                      1.80    0.003    0.336    0.0130   6.628e-08  p
net158                      1.80    0.029    0.001    0.0014   6.622e-08  p
net872                      1.80    0.002    0.262    0.0177   6.621e-08  p
net646                      1.80    0.007    0.004    0.0060   6.616e-08  p
net85                       1.80    0.020    0.978    0.0020   6.511e-08  p
net613                      1.80    0.003    0.784    0.0154   6.511e-08  p
net359                      1.80    0.008    0.999    0.0052   6.491e-08  p
net253                      1.80    0.092    0.000    0.0004   6.262e-08  p
net531                      1.80    0.020    0.003    0.0020   6.180e-08  p
net43                       1.80    0.014    0.002    0.0028   6.149e-08  p
net156                      1.80    0.026    0.001    0.0014   6.052e-08  p
net907                      1.80    0.019    0.025    0.0019   5.997e-08  p
net430                      1.80    0.043    0.001    0.0008   5.789e-08  p
net906                      1.80    0.016    0.968    0.0022   5.625e-08  p
net699                      1.80    0.002    0.733    0.0181   5.621e-08  p
net300                      1.80    0.003    0.010    0.0114   5.602e-08  p
net290                      1.80    0.008    0.003    0.0044   5.565e-08  p
net226                      1.80    0.002    0.672    0.0188   5.532e-08  p
net498                      1.80    0.004    0.988    0.0080   5.524e-08  p
net903                      1.80    0.053    0.990    0.0006   5.357e-08  p
net232                      1.80    0.001    0.030    0.0240   5.157e-08  pm
net758                      1.80    0.006    0.993    0.0053   5.081e-08  p
out4                        1.80    0.000    0.892    0.0732   4.859e-08  p
net74                       1.80    0.036    0.001    0.0008   4.836e-08  p
net142                      1.80    0.014    0.999    0.0022   4.804e-08  p
net261                      1.80    0.008    0.003    0.0037   4.718e-08  p
net846                      1.80    0.015    0.003    0.0020   4.669e-08  p
net1048                     1.80    0.004    0.975    0.0075   4.510e-08  p
net86                       1.80    0.019    0.001    0.0015   4.500e-08  p
net638                      1.80    0.005    0.993    0.0053   4.451e-08  p
net283                      1.80    0.044    0.000    0.0006   4.443e-08  p
net816                      1.80    0.049    0.000    0.0006   4.437e-08  p
net310                      1.80    0.005    0.950    0.0053   4.435e-08  p
net786                      1.80    0.005    0.004    0.0051   4.356e-08  p
net266                      1.80    0.070    0.000    0.0004   4.352e-08  p
net304                      1.80    0.057    0.000    0.0005   4.214e-08  p
net356                      1.80    0.002    0.897    0.0113   4.203e-08  p
net820                      1.80    0.014    0.028    0.0019   4.170e-08  p
net773                      1.80    0.004    0.005    0.0065   4.071e-08  p
net459                      1.80    0.002    0.010    0.0107   4.070e-08  p
out24                       1.80    0.001    0.931    0.0435   4.030e-08  p
net392                      1.80    0.051    0.001    0.0005   4.025e-08  p
net380                      1.80    0.059    0.000    0.0004   3.988e-08  p
out0                        1.80    0.001    0.713    0.0485   3.946e-08  p
net661                      1.80    0.003    0.006    0.0081   3.823e-08  p
net761                      1.80    0.003    0.006    0.0069   3.811e-08  p
net439                      1.80    0.015    0.999    0.0016   3.770e-08  p
net712                      1.80    0.002    0.084    0.0099   3.743e-08  p
net603                      1.80    0.024    1.000    0.0009   3.718e-08  p
net611                      1.80    0.001    0.845    0.0312   3.709e-08  pm
net472                      1.80    0.025    0.000    0.0009   3.693e-08  p
net508                      1.80    0.054    0.000    0.0004   3.685e-08  p
net210                      1.80    0.009    0.002    0.0023   3.545e-08  p
net40                       1.80    0.008    0.002    0.0028   3.524e-08  p
net722                      1.80    0.002    0.049    0.0086   3.428e-08  p
net842                      1.80    0.003    0.975    0.0075   3.418e-08  p
out12                       1.80    0.000    0.717    0.0455   3.386e-08  p
net280                      1.80    0.025    0.001    0.0008   3.336e-08  p
net759                      1.80    0.011    0.003    0.0020   3.330e-08  p
net379                      1.80    0.009    0.002    0.0022   3.295e-08  p
net393                      1.80    0.008    0.002    0.0024   3.277e-08  p
net621                      1.80    0.016    0.001    0.0012   3.133e-08  p
net251                      1.80    0.009    0.001    0.0021   3.093e-08  p
net262                      1.80    0.045    0.000    0.0004   3.068e-08  p
net705                      1.80    0.016    0.997    0.0012   3.000e-08  p
net1005                     1.80    0.066    1.000    0.0003   2.969e-08  p
clknet_0_net709             1.80    0.019    0.997    0.0010   2.959e-08  p
net397                      1.80    0.011    0.001    0.0016   2.932e-08  p
net777                      1.80    0.004    0.075    0.0050   2.885e-08  p
net252                      1.80    0.011    0.001    0.0016   2.849e-08  p
net376                      1.80    0.005    0.003    0.0037   2.807e-08  p
net904                      1.80    0.003    0.065    0.0056   2.785e-08  p
net988                      1.80    0.031    0.995    0.0006   2.776e-08  p
net166                      1.80    0.017    0.001    0.0010   2.776e-08  p
net317                      1.80    0.003    0.950    0.0058   2.772e-08  p
net173                      1.80    0.002    0.006    0.0083   2.754e-08  p
net270                      1.80    0.007    0.002    0.0023   2.722e-08  p
net688                      1.80    0.010    0.001    0.0016   2.721e-08  p
net423                      1.80    0.018    0.001    0.0009   2.691e-08  p
net588                      1.80    0.011    0.001    0.0015   2.614e-08  p
net1024                     1.80    0.007    0.999    0.0022   2.517e-08  p
net789                      1.80    0.028    0.992    0.0006   2.512e-08  p
out23                       1.80    0.000    0.764    0.0332   2.476e-08  p
net260                      1.80    0.004    0.002    0.0037   2.473e-08  p
net79                       1.80    0.026    0.000    0.0006   2.451e-08  p
clknet_1_0__leaf_net546     1.80    0.036    0.000    0.0004   2.431e-08  p
net776                      1.80    0.003    0.921    0.0052   2.387e-08  p
net247                      1.80    0.004    0.003    0.0038   2.359e-08  p
net103                      1.80    0.002    0.991    0.0064   2.322e-08  p
net819                      1.80    0.010    0.014    0.0014   2.315e-08  p
clknet_0_net609             1.80    0.018    1.000    0.0008   2.268e-08  p
net279                      1.80    0.022    0.001    0.0006   2.254e-08  p
net248                      1.80    0.012    0.001    0.0011   2.248e-08  p
net655                      1.80    0.002    0.006    0.0078   2.205e-08  p
net841                      1.80    0.002    0.023    0.0072   2.170e-08  p
net254                      1.80    0.012    0.000    0.0010   2.079e-08  p
net1056                     1.80    0.012    0.993    0.0010   2.058e-08  p
net1068                     1.80    0.004    0.002    0.0034   2.058e-08  p
net273                      1.80    0.045    1.000    0.0003   2.021e-08  p
net843                      1.80    0.029    1.000    0.0004   1.995e-08  p
net319                      1.80    0.002    0.076    0.0052   1.976e-08  p
net836                      1.80    0.043    1.000    0.0003   1.944e-08  p
net653                      1.80    0.003    0.003    0.0042   1.926e-08  p
net885                      1.80    0.020    0.001    0.0006   1.919e-08  p
net703                      1.80    0.005    0.969    0.0022   1.910e-08  p
net690                      1.80    0.004    0.024    0.0028   1.907e-08  p
net71                       1.80    0.014    0.000    0.0009   1.907e-08  p
net923                      1.80    0.004    0.049    0.0032   1.868e-08  p
net374                      1.80    0.016    0.001    0.0007   1.860e-08  p
net225                      1.80    0.029    1.000    0.0004   1.830e-08  p
net1026                     1.80    0.005    0.999    0.0022   1.816e-08  p
net794                      1.80    0.007    0.002    0.0017   1.804e-08  p
net67                       1.80    0.004    0.002    0.0028   1.796e-08  p
net787                      1.80    0.005    0.985    0.0022   1.739e-08  p
net474                      1.80    0.000    0.200    0.0383   1.716e-08  pm
out14                       1.80    0.001    0.010    0.0110   1.714e-08  p
net505                      1.80    0.023    0.001    0.0005   1.714e-08  p
net311                      1.80    0.012    0.996    0.0009   1.691e-08  p
net1025                     1.80    0.005    0.999    0.0022   1.687e-08  p
out8                        1.80    0.001    0.889    0.0096   1.661e-08  p
net600                      1.80    0.008    0.999    0.0013   1.587e-08  p
net47                       1.80    0.012    0.000    0.0008   1.577e-08  p
net940                      1.80    0.015    0.990    0.0006   1.564e-08  p
net636                      1.80    0.000    0.494    0.1018   1.532e-08  pm
net220                      1.80    0.008    0.999    0.0012   1.526e-08  p
net302                      1.80    0.003    0.002    0.0030   1.520e-08  p
clknet_1_1__leaf_net546     1.80    0.022    0.000    0.0004   1.517e-08  p
net295                      1.80    0.016    0.000    0.0006   1.511e-08  p
net943                      1.80    0.017    0.992    0.0006   1.502e-08  p
net170                      1.80    0.002    0.005    0.0058   1.497e-08  p
net865                      1.80    0.088    0.000    0.0001   1.486e-08  p
net709                      1.80    0.009    0.997    0.0010   1.482e-08  p
net884                      1.80    0.009    0.993    0.0010   1.465e-08  p
net418                      1.80    0.013    1.000    0.0007   1.426e-08  p
net350                      1.80    0.008    0.994    0.0012   1.415e-08  p
net796                      1.80    0.013    0.994    0.0007   1.392e-08  p
net971                      1.80    0.011    0.999    0.0008   1.377e-08  p
clknet_0_net292             1.80    0.020    0.002    0.0004   1.376e-08  p
net939                      1.80    0.017    0.001    0.0005   1.359e-08  p
clknet_0_net931             1.80    0.020    0.002    0.0004   1.354e-08  p
net551                      1.80    0.015    0.993    0.0006   1.353e-08  p
clknet_0_net329             1.80    0.020    0.002    0.0004   1.336e-08  p
net694                      1.80    0.005    0.007    0.0018   1.324e-08  p
clknet_0_net546             1.80    0.019    0.000    0.0004   1.312e-08  p
net536                      1.80    0.002    0.003    0.0037   1.299e-08  p
net1038                     1.80    0.005    0.002    0.0017   1.288e-08  p
net609                      1.80    0.010    1.000    0.0008   1.286e-08  p
net312                      1.80    0.009    0.004    0.0009   1.240e-08  p
net386                      1.80    0.004    0.003    0.0020   1.234e-08  p
net626                      1.80    0.026    1.000    0.0003   1.185e-08  p
net415                      1.80    0.010    0.001    0.0007   1.183e-08  p
net316                      1.80    0.004    0.004    0.0019   1.181e-08  p
net385                      1.80    0.025    0.000    0.0003   1.148e-08  p
net446                      1.80    0.014    0.000    0.0005   1.144e-08  p
net704                      1.80    0.004    0.005    0.0020   1.143e-08  p
net529                      1.80    0.012    0.998    0.0006   1.137e-08  p
net521                      1.80    0.011    0.993    0.0007   1.128e-08  p
net1027                     1.80    0.003    0.999    0.0022   1.125e-08  p
clknet_0_net346             1.80    0.019    1.000    0.0003   1.099e-08  p
out2                        1.80    0.000    0.934    0.0143   1.097e-08  p
net910                      1.80    0.015    0.004    0.0005   1.097e-08  p
net743                      1.80    0.010    0.001    0.0007   1.087e-08  p
net1069                     1.80    0.003    0.014    0.0022   1.048e-08  p
net801                      1.80    0.012    0.991    0.0006   1.047e-08  p
net806                      1.80    0.004    0.996    0.0014   9.901e-09  p
net932                      1.80    0.005    0.997    0.0012   9.828e-09  p
net389                      1.80    0.057    0.000    0.0001   9.694e-09  p
out19                       1.80    0.001    0.170    0.0113   9.582e-09  p
net844                      1.80    0.014    0.000    0.0004   9.547e-09  p
net691                      1.80    0.005    0.005    0.0012   9.340e-09  p
net714                      1.80    0.004    0.001    0.0016   9.309e-09  p
net942                      1.80    0.008    0.001    0.0007   9.224e-09  p
net383                      1.80    0.013    0.000    0.0004   9.062e-09  p
net64                       1.80    0.004    0.001    0.0013   9.023e-09  p
net417                      1.80    0.020    0.000    0.0003   8.979e-09  p
net767                      1.80    0.003    0.001    0.0020   8.890e-09  p
net919                      1.80    0.020    0.998    0.0003   8.866e-09  p
net377                      1.80    0.008    0.001    0.0007   8.784e-09  p
net66                       1.80    0.013    1.000    0.0004   8.764e-09  p
net917                      1.80    0.005    0.002    0.0011   8.758e-09  p
net515                      1.80    0.008    0.993    0.0007   8.663e-09  p
net809                      1.80    0.017    0.001    0.0003   8.606e-09  p
net538                      1.80    0.074    0.000    0.70e-4  8.401e-09  p
net671                      1.80    0.010    0.997    0.0005   8.305e-09  p
net549                      1.80    0.003    0.003    0.0020   7.912e-09  p
net532                      1.80    0.002    0.003    0.0020   7.904e-09  p
net546                      1.80    0.012    0.000    0.0004   7.891e-09  p
net259                      1.80    0.016    0.000    0.0003   7.884e-09  p
net580                      1.80    0.017    0.999    0.0003   7.805e-09  p
net745                      1.80    0.005    0.995    0.0010   7.798e-09  p
net859                      1.80    0.010    0.997    0.0005   7.752e-09  p
net548                      1.80    0.009    0.993    0.0006   7.693e-09  p
net561                      1.80    0.002    0.001    0.0024   7.580e-09  p
clknet_0_net338             1.80    0.019    0.000    0.0002   7.481e-09  p
out17                       1.80    0.001    0.007    0.0080   7.458e-09  p
net886                      1.80    0.008    0.994    0.0006   7.455e-09  p
net346                      1.80    0.013    1.000    0.0003   7.286e-09  p
net931                      1.80    0.011    0.002    0.0004   7.215e-09  p
net915                      1.80    0.004    0.005    0.0011   7.185e-09  p
net378                      1.80    0.014    0.000    0.0003   7.182e-09  p
net590                      1.80    0.008    0.007    0.0006   7.131e-09  p
net435                      1.80    0.004    0.001    0.0012   6.964e-09  p
net914                      1.80    0.003    0.993    0.0014   6.835e-09  p
net818                      1.80    0.002    0.979    0.0020   6.823e-09  p
net968                      1.80    0.060    0.001    0.70e-4  6.734e-09  p
net230                      1.80    0.005    0.001    0.0008   6.714e-09  p
net292                      1.80    0.010    0.002    0.0004   6.637e-09  p
out6                        1.80    0.001    0.058    0.0077   6.608e-09  p
net81                       1.80    0.058    0.001    0.70e-4  6.586e-09  p
net791                      1.80    0.007    0.992    0.0006   6.478e-09  p
net329                      1.80    0.010    0.002    0.0004   6.456e-09  p
net222                      1.80    0.007    0.992    0.0006   6.390e-09  p
net687                      1.80    0.006    1.000    0.0007   6.313e-09  p
net727                      1.80    0.005    1.000    0.0008   6.206e-09  p
net395                      1.80    0.010    0.000    0.0004   6.195e-09  p
net492                      1.80    0.005    0.999    0.0007   6.190e-09  p
net685                      1.80    0.006    0.993    0.0007   6.174e-09  p
net967                      1.80    0.014    0.998    0.0003   6.155e-09  p
net322                      1.80    0.003    0.997    0.0012   6.117e-09  p
net899                      1.80    0.012    0.001    0.0003   6.023e-09  p
net807                      1.80    0.003    0.002    0.0014   5.924e-09  p
net860                      1.80    0.013    0.001    0.0003   5.918e-09  p
net289                      1.80    0.035    1.000    0.0001   5.905e-09  p
net513                      1.80    0.005    0.993    0.0007   5.809e-09  p
net83                       1.80    0.002    0.014    0.0014   5.789e-09  p
net512                      1.80    0.033    0.000    0.0001   5.585e-09  p
net89                       1.80    0.002    0.001    0.0015   5.548e-09  p
net775                      1.80    0.003    0.001    0.0011   5.434e-09  p
net824                      1.80    0.006    0.998    0.0006   5.408e-09  p
net338                      1.80    0.014    0.000    0.0002   5.383e-09  p
net1052                     1.80    0.004    0.001    0.0008   5.311e-09  p
net177                      1.80    0.009    1.000    0.0003   5.119e-09  p
net757                      1.80    0.004    0.999    0.0009   5.116e-09  p
net751                      1.80    0.003    0.999    0.0011   5.032e-09  p
net933                      1.80    0.003    0.001    0.0009   5.006e-09  p
net504                      1.80    0.017    0.000    0.0002   4.933e-09  p
net781                      1.80    0.002    0.001    0.0012   4.919e-09  p
clknet_1_0__leaf_net931     1.80    0.007    0.002    0.0004   4.889e-09  p
net496                      1.80    0.014    1.000    0.0002   4.824e-09  p
net553                      1.80    0.005    0.990    0.0006   4.770e-09  p
net552                      1.80    0.008    0.997    0.0003   4.651e-09  p
clknet_1_0__leaf_net709     1.80    0.003    0.997    0.0010   4.595e-09  p
net334                      1.80    0.040    0.000    0.70e-4  4.518e-09  p
net584                      1.80    0.006    0.001    0.0005   4.499e-09  p
net255                      1.80    0.004    0.000    0.0006   4.467e-09  p
net654                      1.80    0.003    0.001    0.0008   4.444e-09  p
net360                      1.80    0.011    0.002    0.0002   4.428e-09  p
net516                      1.80    0.002    0.993    0.0011   4.418e-09  p
net218                      1.80    0.006    0.000    0.0005   4.408e-09  p
net812                      1.80    0.008    0.000    0.0003   4.379e-09  p
net190                      1.80    0.003    0.001    0.0010   4.346e-09  p
net382                      1.80    0.004    0.000    0.0006   4.317e-09  p
net774                      1.80    0.003    0.999    0.0009   4.312e-09  p
net1040                     1.80    0.005    0.993    0.0006   4.300e-09  p
net443                      1.80    0.005    0.990    0.0006   4.148e-09  p
net555                      1.80    0.005    0.917    0.0006   4.145e-09  p
net181                      1.80    0.003    0.000    0.0008   4.128e-09  p
net750                      1.80    0.003    0.000    0.0009   4.074e-09  p
net400                      1.80    0.005    0.000    0.0005   4.065e-09  p
net589                      1.80    0.004    0.993    0.0006   4.021e-09  p
clknet_1_1__leaf_net609     1.80    0.003    1.000    0.0008   3.911e-09  p
net84                       1.80    0.023    0.000    0.0001   3.833e-09  p
net599                      1.80    0.004    0.999    0.0006   3.801e-09  p
net778                      1.80    0.003    0.992    0.0007   3.789e-09  p
net604                      1.80    0.002    0.001    0.0011   3.756e-09  p
net938                      1.80    0.005    0.997    0.0005   3.741e-09  p
net868                      1.80    0.004    0.994    0.0006   3.673e-09  p
net559                      1.80    0.021    0.120    0.0001   3.553e-09  p
net908                      1.80    0.013    0.002    0.0002   3.540e-09  p
net1043                     1.80    0.004    0.997    0.0005   3.429e-09  p
net664                      1.80    0.007    1.000    0.0003   3.338e-09  p
net485                      1.80    0.010    1.000    0.0002   3.298e-09  p
net523                      1.80    0.003    0.001    0.0007   3.254e-09  p
net891                      1.80    0.006    0.006    0.0003   3.225e-09  p
net296                      1.80    0.003    0.002    0.0008   3.192e-09  p
net506                      1.80    0.005    0.000    0.0004   3.181e-09  p
clknet_0_net593             1.80    0.019    0.000    0.0001   3.179e-09  p
clknet_1_1__leaf_net329     1.80    0.005    0.002    0.0004   3.076e-09  p
net834                      1.80    0.003    0.993    0.0006   3.026e-09  p
net282                      1.80    0.004    0.000    0.0005   3.021e-09  p
net808                      1.80    0.003    0.998    0.0006   3.017e-09  p
out3                        1.80    0.001    0.003    0.0020   2.994e-09  p
net700                      1.80    0.003    0.001    0.0006   2.891e-09  p
net482                      1.80    0.003    1.000    0.0005   2.872e-09  p
net1066                     1.80    0.003    0.993    0.0006   2.864e-09  p
net299                      1.80    0.025    0.000    0.70e-4  2.851e-09  p
clknet_1_0__leaf_net609     1.80    0.002    1.000    0.0008   2.827e-09  p
net91                       1.80    0.002    0.001    0.0008   2.781e-09  p
net713                      1.80    0.004    0.997    0.0005   2.772e-09  p
net518                      1.80    0.016    0.000    0.0001   2.756e-09  p
clknet_1_1__leaf_net709     1.80    0.002    0.997    0.0010   2.753e-09  p
net888                      1.80    0.003    0.994    0.0006   2.692e-09  p
net748                      1.80    0.004    1.000    0.0004   2.659e-09  p
clknet_1_0__leaf_net854     1.80    0.023    0.000    0.70e-4  2.621e-09  p
net1044                     1.80    0.003    0.992    0.0006   2.600e-09  p
net184                      1.80    0.023    0.000    0.70e-4  2.576e-09  p
net265                      1.80    0.006    0.000    0.0003   2.560e-09  p
net180                      1.80    0.045    0.000    0.35e-4  2.559e-09  p
clknet_1_1__leaf_net931     1.80    0.004    0.002    0.0004   2.552e-09  p
net384                      1.80    0.006    0.000    0.0003   2.521e-09  p
net203                      1.80    0.015    0.000    0.0001   2.519e-09  p
net880                      1.80    0.007    0.001    0.0002   2.458e-09  p
net634                      1.80    0.002    0.001    0.0007   2.426e-09  p
net633                      1.80    0.002    1.000    0.0006   2.422e-09  p
net284                      1.80    0.002    0.000    0.0006   2.395e-09  p
net554                      1.80    0.002    0.990    0.0006   2.374e-09  p
net73                       1.80    0.021    0.001    0.70e-4  2.371e-09  p
net211                      1.80    0.021    0.000    0.70e-4  2.351e-09  p
net200                      1.80    0.014    0.000    0.0001   2.337e-09  p
net881                      1.80    0.004    0.997    0.0003   2.313e-09  p
net72                       1.80    0.004    0.996    0.0003   2.277e-09  p
net557                      1.80    0.003    0.997    0.0005   2.244e-09  p
clknet_1_0__leaf_net346     1.80    0.004    1.000    0.0003   2.241e-09  p
clknet_0_net894             1.80    0.020    0.000    0.70e-4  2.216e-09  p
net595                      1.80    0.002    1.000    0.0007   2.200e-09  p
net666                      1.80    0.002    0.993    0.0006   2.184e-09  p
net442                      1.80    0.002    0.990    0.0006   2.170e-09  p
net920                      1.80    0.005    0.998    0.0003   2.154e-09  p
net540                      1.80    0.003    0.000    0.0004   2.140e-09  p
net1058                     1.80    0.004    0.006    0.0003   2.138e-09  p
net479                      1.80    0.002    0.992    0.0007   2.128e-09  p
clknet_0_net912             1.80    0.019    0.000    0.70e-4  2.120e-09  p
clknet_1_0__leaf_net329     1.80    0.003    0.002    0.0004   2.109e-09  p
net234                      1.80    0.004    1.000    0.0003   2.104e-09  p
net76                       1.80    0.005    0.000    0.0003   2.092e-09  p
clknet_0_net854             1.80    0.018    0.000    0.70e-4  2.075e-09  p
net297                      1.80    0.003    0.001    0.0005   2.044e-09  p
net475                      1.80    0.012    1.000    0.0001   2.042e-09  p
net514                      1.80    0.002    0.993    0.0007   2.020e-09  p
net1041                     1.80    0.002    0.997    0.0005   1.973e-09  p
net308                      1.80    0.006    0.001    0.0002   1.951e-09  p
net274                      1.80    0.004    1.000    0.0003   1.934e-09  p
net827                      1.80    0.003    0.000    0.0004   1.877e-09  p
net732                      1.80    0.003    1.000    0.0004   1.801e-09  p
net233                      1.80    0.003    0.000    0.0003   1.755e-09  p
net973                      1.80    0.030    1.000    0.35e-4  1.717e-09  p
net934                      1.80    0.003    0.997    0.0003   1.606e-09  p
clknet_1_0__leaf_net338     1.80    0.004    0.000    0.0002   1.597e-09  p
clknet_1_0__leaf_net292     1.80    0.002    0.002    0.0004   1.563e-09  p
net608                      1.80    0.005    1.000    0.0002   1.543e-09  p
net412                      1.80    0.002    0.000    0.0004   1.535e-09  p
net854                      1.80    0.013    0.000    0.70e-4  1.510e-09  p
net669                      1.80    0.002    0.000    0.0004   1.494e-09  p
net404                      1.80    0.004    0.000    0.0002   1.489e-09  p
net912                      1.80    0.013    0.000    0.70e-4  1.452e-09  p
net593                      1.80    0.008    0.000    0.0001   1.423e-09  p
net657                      1.80    0.003    0.000    0.0003   1.416e-09  p
net735                      1.80    0.002    1.000    0.0004   1.411e-09  p
clknet_1_1__leaf_net346     1.80    0.002    1.000    0.0003   1.398e-09  p
net403                      1.80    0.012    0.000    0.70e-4  1.376e-09  p
clknet_1_0__leaf_net912     1.80    0.012    0.000    0.70e-4  1.366e-09  p
net278                      1.80    0.002    1.000    0.0004   1.364e-09  p
net1057                     1.80    0.002    0.000    0.0004   1.357e-09  p
clknet_1_1__leaf_net292     1.80    0.002    0.002    0.0004   1.346e-09  p
clknet_1_1__leaf_net854     1.80    0.012    0.000    0.70e-4  1.324e-09  p
net394                      1.80    0.011    0.000    0.70e-4  1.299e-09  p
net517                      1.80    0.006    0.000    0.0001   1.298e-09  p
clknet_1_1__leaf_net338     1.80    0.003    0.000    0.0002   1.293e-09  p
net178                      1.80    0.011    0.000    0.70e-4  1.260e-09  p
net706                      1.80    0.011    1.000    0.70e-4  1.239e-09  p
net726                      1.80    0.007    0.000    0.0001   1.204e-09  p
net731                      1.80    0.003    0.000    0.0002   1.173e-09  p
net510                      1.80    0.002    0.000    0.0004   1.168e-09  p
clknet_0_net876             1.80    0.020    0.000    0.35e-4  1.123e-09  p
net294                      1.80    0.010    0.000    0.70e-4  1.112e-09  p
net753                      1.80    0.002    1.000    0.0003   1.082e-09  p
net576                      1.80    0.019    0.000    0.35e-4  1.079e-09  p
net527                      1.80    0.002    0.001    0.0003   1.051e-09  p
net894                      1.80    0.009    0.000    0.70e-4  1.050e-09  p
net465                      1.80    0.005    0.000    0.0001   1.018e-09  p
net507                      1.80    0.018    0.000    0.35e-4  9.987e-10  p
net391                      1.80    0.017    0.000    0.35e-4  9.341e-10  p
net802                      1.80    0.016    1.000    0.35e-4  9.245e-10  p
out7                        1.80    0.001    0.995    0.0011   9.095e-10  p
net321                      1.80    0.003    0.000    0.0002   9.002e-10  p
net734                      1.80    0.003    0.000    0.0002   8.804e-10  p
net196                      1.80    0.003    0.000    0.0002   8.762e-10  p
clknet_1_0__leaf_net894     1.80    0.008    0.000    0.70e-4  8.498e-10  p
net892                      1.80    0.007    0.000    0.70e-4  8.240e-10  p
net419                      1.80    0.002    0.000    0.0002   8.074e-10  p
net541                      1.80    0.003    0.000    0.0002   8.063e-10  p
net185                      1.80    0.005    1.000    0.0001   8.000e-10  p
net368                      1.80    0.004    0.999    0.0001   7.917e-10  p
net367                      1.80    0.003    0.001    0.0001   7.787e-10  p
net460                      1.80    0.012    0.000    0.35e-4  7.047e-10  p
net770                      1.80    0.002    0.000    0.0002   6.719e-10  p
clknet_1_0__leaf_net593     1.80    0.004    0.000    0.0001   6.400e-10  p
net60                       1.80    0.001    0.998    0.0003   6.399e-10  pm
out13                       1.80    0.000    0.999    0.0008   6.202e-10  p
net746                      1.80    0.003    0.000    0.0001   5.986e-10  p
out1                        1.80    0.001    0.998    0.0003   5.645e-10  p
net782                      1.80    0.002    0.000    0.0001   5.610e-10  p
net1060                     1.80    0.003    0.120    0.0001   5.589e-10  p
net876                      1.80    0.009    0.000    0.35e-4  5.175e-10  p
net1061                     1.80    0.004    0.000    0.70e-4  4.974e-10  p
net471                      1.80    0.007    1.000    0.35e-4  4.022e-10  p
clknet_1_1__leaf_net894     1.80    0.004    0.000    0.70e-4  3.994e-10  p
clknet_1_1__leaf_net593     1.80    0.002    0.000    0.0001   3.991e-10  p
net480                      1.80    0.002    0.001    0.0001   3.949e-10  p
net413                      1.80    0.002    1.000    0.0001   3.811e-10  p
net77                       1.80    0.006    1.000    0.35e-4  3.585e-10  p
net342                      1.80    0.003    1.000    0.70e-4  3.584e-10  p
net783                      1.80    0.005    0.000    0.35e-4  3.106e-10  p
clknet_1_1__leaf_net912     1.80    0.003    0.000    0.70e-4  2.970e-10  p
net935                      1.80    0.003    0.000    0.70e-4  2.868e-10  p
net582                      1.80    0.005    0.000    0.35e-4  2.783e-10  p
net192                      1.80    0.002    0.000    0.70e-4  2.752e-10  p
net755                      1.80    0.002    1.000    0.70e-4  2.729e-10  p
clknet_1_1__leaf_net876     1.80    0.005    0.000    0.35e-4  2.677e-10  p
net313                      1.80    0.002    0.000    0.70e-4  2.664e-10  p
net579                      1.80    0.004    0.000    0.35e-4  2.472e-10  p
net80                       1.80    0.004    1.000    0.35e-4  2.458e-10  p
net209                      1.80    0.002    1.000    0.70e-4  2.317e-10  p
net754                      1.80    0.002    0.000    0.70e-4  2.299e-10  p
clknet_1_0__leaf_net876     1.80    0.004    0.000    0.35e-4  2.217e-10  p
net101                      1.80    0.003    1.000    0.35e-4  1.956e-10  p
net183                      1.80    0.003    0.000    0.35e-4  1.423e-10  p
net556                      1.80    0.002    0.000    0.35e-4  1.376e-10  p
net309                      1.80    0.002    0.000    0.35e-4  1.184e-10  p
net102                      1.80    0.002    0.000    0.35e-4  1.158e-10  p
net331                      1.80    0.002    0.000    0.35e-4  1.046e-10  p
out10                       1.80    0.000    0.001    0.70e-4  5.456e-11  p
out15                       1.80    0.001    1.000    0.35e-4  4.643e-11  p
clknet_0_net221             1.80    0.021    1.000    0.0000      0.0000  p
clknet_0_net315             1.80    0.018    0.000    0.0000      0.0000  p
clknet_0_net354             1.80    0.012    1.000    0.0000      0.0000  p
clknet_0_net361             1.80    0.011    1.000    0.0000      0.0000  p
clknet_0_net424             1.80    0.020    0.000    0.0000      0.0000  p
clknet_0_net427             1.80    0.022    0.000    0.0000      0.0000  p
clknet_0_net436             1.80    0.019    0.000    0.0000      0.0000  p
clknet_0_net447             1.80    0.019    0.000    0.0000      0.0000  p
clknet_0_net448             1.80    0.020    0.000    0.0000      0.0000  p
clknet_0_net449             1.80    0.020    0.000    0.0000      0.0000  p
clknet_0_net451             1.80    0.019    0.000    0.0000      0.0000  p
clknet_0_net452             1.80    0.019    0.000    0.0000      0.0000  p
clknet_0_net458             1.80    0.020    0.000    0.0000      0.0000  p
clknet_0_net464             1.80    0.019    0.000    0.0000      0.0000  p
clknet_0_net481             1.80    0.020    1.000    0.0000      0.0000  p
clknet_0_net567             1.80    0.020    1.000    0.0000      0.0000  p
clknet_0_net855             1.80    0.020    0.000    0.0000      0.0000  p
clknet_0_net877             1.80    0.019    0.000    0.0000      0.0000  p
clknet_0_net893             1.80    0.019    0.000    0.0000      0.0000  p
clknet_0_net895             1.80    0.019    0.000    0.0000      0.0000  p
clknet_0_net929             1.80    0.019    0.000    0.0000      0.0000  p
clknet_0_net930             1.80    0.020    0.000    0.0000      0.0000  p
clknet_0_net969             1.80    0.022    0.000    0.0000      0.0000  p
clknet_0_net974             1.80    0.018    1.000    0.0000      0.0000  p
clknet_1_0__leaf_net221     1.80    0.011    1.000    0.0000      0.0000  p
clknet_1_0__leaf_net315     1.80    0.015    0.000    0.0000      0.0000  p
clknet_1_0__leaf_net354     1.80    0.013    1.000    0.0000      0.0000  p
clknet_1_0__leaf_net361     1.80    0.003    1.000    0.0000      0.0000  p
clknet_1_0__leaf_net424     1.80    0.007    0.000    0.0000      0.0000  p
clknet_1_0__leaf_net427     1.80    0.053    0.000    0.0000      0.0000  p
clknet_1_0__leaf_net436     1.80    0.021    0.000    0.0000      0.0000  p
clknet_1_0__leaf_net447     1.80    0.007    0.000    0.0000      0.0000  p
clknet_1_0__leaf_net448     1.80    0.012    0.000    0.0000      0.0000  p
clknet_1_0__leaf_net449     1.80    0.006    0.000    0.0000      0.0000  p
clknet_1_0__leaf_net451     1.80    0.005    0.000    0.0000      0.0000  p
clknet_1_0__leaf_net452     1.80    0.009    0.000    0.0000      0.0000  p
clknet_1_0__leaf_net458     1.80    0.005    0.000    0.0000      0.0000  p
clknet_1_0__leaf_net464     1.80    0.010    0.000    0.0000      0.0000  p
clknet_1_0__leaf_net481     1.80    0.014    1.000    0.0000      0.0000  p
clknet_1_0__leaf_net567     1.80    0.006    1.000    0.0000      0.0000  p
clknet_1_0__leaf_net855     1.80    0.007    0.000    0.0000      0.0000  p
clknet_1_0__leaf_net877     1.80    0.038    0.000    0.0000      0.0000  p
clknet_1_0__leaf_net893     1.80    0.004    0.000    0.0000      0.0000  p
clknet_1_0__leaf_net895     1.80    0.004    0.000    0.0000      0.0000  p
clknet_1_0__leaf_net929     1.80    0.003    0.000    0.0000      0.0000  p
clknet_1_0__leaf_net930     1.80    0.005    0.000    0.0000      0.0000  p
clknet_1_0__leaf_net969     1.80    0.028    0.000    0.0000      0.0000  p
clknet_1_0__leaf_net974     1.80    0.028    1.000    0.0000      0.0000  p
clknet_1_1__leaf_net221     1.80    0.006    1.000    0.0000      0.0000  p
clknet_1_1__leaf_net315     1.80    0.013    0.000    0.0000      0.0000  p
clknet_1_1__leaf_net354     1.80    0.011    1.000    0.0000      0.0000  p
clknet_1_1__leaf_net361     1.80    0.004    1.000    0.0000      0.0000  p
clknet_1_1__leaf_net424     1.80    0.005    0.000    0.0000      0.0000  p
clknet_1_1__leaf_net427     1.80    0.020    0.000    0.0000      0.0000  p
clknet_1_1__leaf_net436     1.80    0.016    0.000    0.0000      0.0000  p
clknet_1_1__leaf_net447     1.80    0.010    0.000    0.0000      0.0000  p
clknet_1_1__leaf_net448     1.80    0.016    0.000    0.0000      0.0000  p
clknet_1_1__leaf_net449     1.80    0.006    0.000    0.0000      0.0000  p
clknet_1_1__leaf_net451     1.80    0.002    0.000    0.0000      0.0000  p
clknet_1_1__leaf_net452     1.80    0.006    0.000    0.0000      0.0000  p
clknet_1_1__leaf_net458     1.80    0.006    0.000    0.0000      0.0000  p
clknet_1_1__leaf_net464     1.80    0.004    0.000    0.0000      0.0000  p
clknet_1_1__leaf_net481     1.80    0.016    1.000    0.0000      0.0000  p
clknet_1_1__leaf_net567     1.80    0.004    1.000    0.0000      0.0000  p
clknet_1_1__leaf_net855     1.80    0.013    0.000    0.0000      0.0000  p
clknet_1_1__leaf_net877     1.80    0.046    0.000    0.0000      0.0000  p
clknet_1_1__leaf_net893     1.80    0.002    0.000    0.0000      0.0000  p
clknet_1_1__leaf_net895     1.80    0.005    0.000    0.0000      0.0000  p
clknet_1_1__leaf_net929     1.80    0.004    0.000    0.0000      0.0000  p
clknet_1_1__leaf_net930     1.80    0.004    0.000    0.0000      0.0000  p
clknet_1_1__leaf_net969     1.80    0.013    0.000    0.0000      0.0000  p
clknet_1_1__leaf_net974     1.80    0.011    1.000    0.0000      0.0000  p
net52                       1.80    0.004    1.000    0.0000      0.0000  p
net54                       1.80    0.012    1.000    0.0000      0.0000  p
net59                       1.80    0.004    1.000    0.0000      0.0000  p
net90                       1.80    0.003    1.000    0.0000      0.0000  p
net95                       1.80    0.023    0.000    0.0000      0.0000  p
net115                      1.80    0.086    1.000    0.0000      0.0000  p
net117                      1.80    0.039    1.000    0.0000      0.0000  p
net120                      1.80    0.021    1.000    0.0000      0.0000  p
net145                      1.80    0.017    1.000    0.0000      0.0000  p
net176                      1.80    0.002    0.000    0.0000      0.0000  p
net179                      1.80    0.009    0.000    0.0000      0.0000  p
net182                      1.80    0.067    0.000    0.0000      0.0000  p
net186                      1.80    0.017    0.000    0.0000      0.0000  p
net187                      1.80    0.010    0.000    0.0000      0.0000  p
net188                      1.80    0.036    1.000    0.0000      0.0000  p
net189                      1.80    0.004    1.000    0.0000      0.0000  p
net191                      1.80    0.071    0.000    0.0000      0.0000  p
net199                      1.80    0.004    0.000    0.0000      0.0000  p
net204                      1.80    0.003    1.000    0.0000      0.0000  p
net205                      1.80    0.020    0.000    0.0000      0.0000  p
net206                      1.80    0.012    1.000    0.0000      0.0000  p
net212                      1.80    0.003    0.000    0.0000      0.0000  p
net216                      1.80    0.053    0.000    0.0000      0.0000  p
net219                      1.80    0.013    1.000    0.0000      0.0000  p
net221                      1.80    0.010    1.000    0.0000      0.0000  p
net227                      1.80    0.028    0.000    0.0000      0.0000  p
net229                      1.80    0.039    0.000    0.0000      0.0000  p
net235                      1.80    0.011    0.000    0.0000      0.0000  p
net236                      1.80    0.002    0.000    0.0000      0.0000  p
net237                      1.80    0.014    1.000    0.0000      0.0000  p
net238                      1.80    0.011    0.000    0.0000      0.0000  p
net257                      1.80    0.018    1.000    0.0000      0.0000  p
net267                      1.80    0.013    0.000    0.0000      0.0000  p
net271                      1.80    0.012    1.000    0.0000      0.0000  p
net272                      1.80    0.003    1.000    0.0000      0.0000  p
net275                      1.80    0.002    1.000    0.0000      0.0000  p
net276                      1.80    0.005    0.000    0.0000      0.0000  p
net281                      1.80    0.003    1.000    0.0000      0.0000  p
net291                      1.80    0.009    0.000    0.0000      0.0000  p
net315                      1.80    0.015    0.000    0.0000      0.0000  p
net323                      1.80    0.024    0.000    0.0000      0.0000  p
net324                      1.80    0.025    0.000    0.0000      0.0000  p
net325                      1.80    0.004    1.000    0.0000      0.0000  p
net333                      1.80    0.007    0.000    0.0000      0.0000  p
net336                      1.80    0.004    0.000    0.0000      0.0000  p
net337                      1.80    0.002    0.000    0.0000      0.0000  p
net340                      1.80    0.003    0.000    0.0000      0.0000  p
net343                      1.80    0.002    0.000    0.0000      0.0000  p
net344                      1.80    0.007    0.000    0.0000      0.0000  p
net345                      1.80    0.002    0.000    0.0000      0.0000  p
net347                      1.80    0.002    1.000    0.0000      0.0000  p
net348                      1.80    0.008    0.000    0.0000      0.0000  p
net349                      1.80    0.002    1.000    0.0000      0.0000  p
net351                      1.80    0.003    0.000    0.0000      0.0000  p
net352                      1.80    0.008    1.000    0.0000      0.0000  p
net354                      1.80    0.012    1.000    0.0000      0.0000  p
net361                      1.80    0.011    1.000    0.0000      0.0000  p
net381                      1.80    0.031    0.000    0.0000      0.0000  p
net396                      1.80    0.022    0.000    0.0000      0.0000  p
net398                      1.80    0.005    1.000    0.0000      0.0000  p
net399                      1.80    0.017    0.000    0.0000      0.0000  p
net401                      1.80    0.004    0.000    0.0000      0.0000  p
net402                      1.80    0.056    0.000    0.0000      0.0000  p
net405                      1.80    0.013    0.000    0.0000      0.0000  p
net406                      1.80    0.009    0.000    0.0000      0.0000  p
net407                      1.80    0.019    1.000    0.0000      0.0000  p
net408                      1.80    0.010    1.000    0.0000      0.0000  p
net409                      1.80    0.005    0.000    0.0000      0.0000  p
net410                      1.80    0.010    0.000    0.0000      0.0000  p
net411                      1.80    0.015    0.000    0.0000      0.0000  p
net414                      1.80    0.057    0.000    0.0000      0.0000  p
net416                      1.80    0.002    0.000    0.0000      0.0000  p
net422                      1.80    0.003    0.000    0.0000      0.0000  p
net424                      1.80    0.008    0.000    0.0000      0.0000  p
net425                      1.80    0.024    0.000    0.0000      0.0000  p
net427                      1.80    0.014    0.000    0.0000      0.0000  p
net431                      1.80    0.003    1.000    0.0000      0.0000  p
net432                      1.80    0.013    0.000    0.0000      0.0000  p
net434                      1.80    0.002    0.000    0.0000      0.0000  p
net436                      1.80    0.014    0.000    0.0000      0.0000  p
net437                      1.80    0.038    0.000    0.0000      0.0000  p
net438                      1.80    0.042    1.000    0.0000      0.0000  p
net440                      1.80    0.004    1.000    0.0000      0.0000  p
net444                      1.80    0.010    0.000    0.0000      0.0000  p
net447                      1.80    0.013    0.000    0.0000      0.0000  p
net448                      1.80    0.013    0.000    0.0000      0.0000  p
net449                      1.80    0.008    0.000    0.0000      0.0000  p
net450                      1.80    0.012    1.000    0.0000      0.0000  p
net451                      1.80    0.012    0.000    0.0000      0.0000  p
net452                      1.80    0.016    0.000    0.0000      0.0000  p
net454                      1.80    0.004    0.000    0.0000      0.0000  p
net455                      1.80    0.002    1.000    0.0000      0.0000  p
net456                      1.80    0.003    0.000    0.0000      0.0000  p
net458                      1.80    0.010    0.000    0.0000      0.0000  p
net461                      1.80    0.005    0.000    0.0000      0.0000  p
net464                      1.80    0.012    0.000    0.0000      0.0000  p
net466                      1.80    0.028    0.000    0.0000      0.0000  p
net467                      1.80    0.012    0.000    0.0000      0.0000  p
net468                      1.80    0.038    0.000    0.0000      0.0000  p
net469                      1.80    0.008    0.000    0.0000      0.0000  p
net470                      1.80    0.003    0.000    0.0000      0.0000  p
net476                      1.80    0.009    0.000    0.0000      0.0000  p
net477                      1.80    0.003    0.000    0.0000      0.0000  p
net478                      1.80    0.003    0.000    0.0000      0.0000  p
net481                      1.80    0.014    1.000    0.0000      0.0000  p
net493                      1.80    0.002    1.000    0.0000      0.0000  p
net501                      1.80    0.026    0.000    0.0000      0.0000  p
net502                      1.80    0.006    0.000    0.0000      0.0000  p
net509                      1.80    0.006    0.000    0.0000      0.0000  p
net511                      1.80    0.025    0.000    0.0000      0.0000  p
net520                      1.80    0.002    1.000    0.0000      0.0000  p
net522                      1.80    0.037    0.000    0.0000      0.0000  p
net524                      1.80    0.002    0.000    0.0000      0.0000  p
net525                      1.80    0.009    0.000    0.0000      0.0000  p
net528                      1.80    0.002    0.000    0.0000      0.0000  p
net530                      1.80    0.005    0.000    0.0000      0.0000  p
net533                      1.80    0.019    0.000    0.0000      0.0000  p
net534                      1.80    0.002    0.000    0.0000      0.0000  p
net535                      1.80    0.003    0.000    0.0000      0.0000  p
net537                      1.80    0.015    0.000    0.0000      0.0000  p
net539                      1.80    0.002    0.000    0.0000      0.0000  p
net543                      1.80    0.026    0.000    0.0000      0.0000  p
net545                      1.80    0.002    1.000    0.0000      0.0000  p
net547                      1.80    0.003    0.000    0.0000      0.0000  p
net550                      1.80    0.002    0.000    0.0000      0.0000  p
net558                      1.80    0.013    0.000    0.0000      0.0000  p
net560                      1.80    0.005    0.000    0.0000      0.0000  p
net562                      1.80    0.003    1.000    0.0000      0.0000  p
net563                      1.80    0.009    1.000    0.0000      0.0000  p
net564                      1.80    0.005    1.000    0.0000      0.0000  p
net565                      1.80    0.011    0.000    0.0000      0.0000  p
net567                      1.80    0.025    1.000    0.0000      0.0000  p
net570                      1.80    0.040    0.000    0.0000      0.0000  p
net571                      1.80    0.054    1.000    0.0000      0.0000  p
net572                      1.80    0.003    0.000    0.0000      0.0000  p
net574                      1.80    0.002    0.000    0.0000      0.0000  p
net577                      1.80    0.003    1.000    0.0000      0.0000  p
net578                      1.80    0.018    1.000    0.0000      0.0000  p
net581                      1.80    0.020    0.000    0.0000      0.0000  p
net583                      1.80    0.003    0.000    0.0000      0.0000  p
net585                      1.80    0.005    1.000    0.0000      0.0000  p
net596                      1.80    0.003    0.000    0.0000      0.0000  p
net597                      1.80    0.006    1.000    0.0000      0.0000  p
net610                      1.80    0.002    0.000    0.0000      0.0000  p
net614                      1.80    0.004    0.000    0.0000      0.0000  p
net615                      1.80    0.003    0.000    0.0000      0.0000  p
net616                      1.80    0.007    1.000    0.0000      0.0000  p
net618                      1.80    0.005    0.000    0.0000      0.0000  p
net619                      1.80    0.067    0.000    0.0000      0.0000  p
net620                      1.80    0.017    0.000    0.0000      0.0000  p
net623                      1.80    0.016    0.000    0.0000      0.0000  p
net624                      1.80    0.033    0.000    0.0000      0.0000  p
net627                      1.80    0.054    0.000    0.0000      0.0000  p
net628                      1.80    0.002    0.000    0.0000      0.0000  p
net631                      1.80    0.002    0.000    0.0000      0.0000  p
net635                      1.80    0.018    0.000    0.0000      0.0000  p
net637                      1.80    0.007    0.000    0.0000      0.0000  p
net639                      1.80    0.030    0.000    0.0000      0.0000  p
net640                      1.80    0.007    0.000    0.0000      0.0000  p
net641                      1.80    0.015    0.000    0.0000      0.0000  p
net643                      1.80    0.008    0.000    0.0000      0.0000  p
net644                      1.80    0.003    0.000    0.0000      0.0000  p
net645                      1.80    0.006    1.000    0.0000      0.0000  p
net647                      1.80    0.018    0.000    0.0000      0.0000  p
net648                      1.80    0.013    0.000    0.0000      0.0000  p
net649                      1.80    0.015    0.000    0.0000      0.0000  p
net650                      1.80    0.002    0.000    0.0000      0.0000  p
net651                      1.80    0.004    1.000    0.0000      0.0000  p
net660                      1.80    0.002    0.000    0.0000      0.0000  p
net663                      1.80    0.057    0.000    0.0000      0.0000  p
net665                      1.80    0.027    0.000    0.0000      0.0000  p
net667                      1.80    0.002    1.000    0.0000      0.0000  p
net668                      1.80    0.002    0.000    0.0000      0.0000  p
net670                      1.80    0.022    0.000    0.0000      0.0000  p
net673                      1.80    0.006    1.000    0.0000      0.0000  p
net674                      1.80    0.005    1.000    0.0000      0.0000  p
net678                      1.80    0.005    0.000    0.0000      0.0000  p
net680                      1.80    0.002    0.000    0.0000      0.0000  p
net683                      1.80    0.057    1.000    0.0000      0.0000  p
net693                      1.80    0.031    1.000    0.0000      0.0000  p
net716                      1.80    0.002    1.000    0.0000      0.0000  p
net718                      1.80    0.003    1.000    0.0000      0.0000  p
net725                      1.80    0.009    0.000    0.0000      0.0000  p
net729                      1.80    0.005    0.000    0.0000      0.0000  p
net733                      1.80    0.004    0.000    0.0000      0.0000  p
net738                      1.80    0.005    1.000    0.0000      0.0000  p
net739                      1.80    0.004    1.000    0.0000      0.0000  p
net740                      1.80    0.002    0.000    0.0000      0.0000  p
net741                      1.80    0.003    1.000    0.0000      0.0000  p
net742                      1.80    0.005    1.000    0.0000      0.0000  p
net744                      1.80    0.004    1.000    0.0000      0.0000  p
net747                      1.80    0.002    0.000    0.0000      0.0000  p
net749                      1.80    0.010    0.000    0.0000      0.0000  p
net752                      1.80    0.002    0.000    0.0000      0.0000  p
net756                      1.80    0.006    1.000    0.0000      0.0000  p
net760                      1.80    0.002    1.000    0.0000      0.0000  p
net762                      1.80    0.003    0.000    0.0000      0.0000  p
net763                      1.80    0.003    1.000    0.0000      0.0000  p
net764                      1.80    0.003    1.000    0.0000      0.0000  p
net765                      1.80    0.004    1.000    0.0000      0.0000  p
net788                      1.80    0.006    0.000    0.0000      0.0000  p
net790                      1.80    0.007    0.000    0.0000      0.0000  p
net797                      1.80    0.023    0.000    0.0000      0.0000  p
net798                      1.80    0.007    1.000    0.0000      0.0000  p
net825                      1.80    0.003    0.000    0.0000      0.0000  p
net831                      1.80    0.036    0.000    0.0000      0.0000  p
net835                      1.80    0.007    0.000    0.0000      0.0000  p
net838                      1.80    0.009    1.000    0.0000      0.0000  p
net839                      1.80    0.009    1.000    0.0000      0.0000  p
net840                      1.80    0.006    0.000    0.0000      0.0000  p
net845                      1.80    0.006    0.000    0.0000      0.0000  p
net855                      1.80    0.012    0.000    0.0000      0.0000  p
net867                      1.80    0.007    0.000    0.0000      0.0000  p
net869                      1.80    0.009    0.000    0.0000      0.0000  p
net874                      1.80    0.026    0.000    0.0000      0.0000  p
net877                      1.80    0.010    0.000    0.0000      0.0000  p
net887                      1.80    0.010    0.000    0.0000      0.0000  p
net889                      1.80    0.010    0.000    0.0000      0.0000  p
net893                      1.80    0.011    0.000    0.0000      0.0000  p
net895                      1.80    0.010    0.000    0.0000      0.0000  p
net898                      1.80    0.005    0.000    0.0000      0.0000  p
net900                      1.80    0.015    0.000    0.0000      0.0000  p
net926                      1.80    0.006    0.000    0.0000      0.0000  p
net928                      1.80    0.007    0.000    0.0000      0.0000  p
net929                      1.80    0.009    0.000    0.0000      0.0000  p
net930                      1.80    0.009    0.000    0.0000      0.0000  p
net944                      1.80    0.004    0.000    0.0000      0.0000  p
net969                      1.80    0.018    0.000    0.0000      0.0000  p
net974                      1.80    0.018    1.000    0.0000      0.0000  p
net976                      1.80    0.071    0.000    0.0000      0.0000  p
net980                      1.80    0.011    0.000    0.0000      0.0000  p
net981                      1.80    0.032    0.000    0.0000      0.0000  p
net986                      1.80    0.048    1.000    0.0000      0.0000  p
net990                      1.80    0.017    0.000    0.0000      0.0000  p
net998                      1.80    0.051    1.000    0.0000      0.0000  p
net999                      1.80    0.067    0.000    0.0000      0.0000  p
net1000                     1.80    0.024    0.000    0.0000      0.0000  p
net1003                     1.80    0.070    0.000    0.0000      0.0000  p
net1006                     1.80    0.091    0.000    0.0000      0.0000  p
net1018                     1.80    0.039    1.000    0.0000      0.0000  p
net1019                     1.80    0.038    1.000    0.0000      0.0000  p
net1020                     1.80    0.004    1.000    0.0000      0.0000  p
net1021                     1.80    0.006    1.000    0.0000      0.0000  p
net1022                     1.80    0.007    1.000    0.0000      0.0000  p
net1023                     1.80    0.003    1.000    0.0000      0.0000  p
net1028                     1.80    0.008    1.000    0.0000      0.0000  p
net1029                     1.80    0.007    1.000    0.0000      0.0000  p
net1030                     1.80    0.003    1.000    0.0000      0.0000  p
net1036                     1.80    0.010    1.000    0.0000      0.0000  p
net1054                     1.80    0.003    0.000    0.0000      0.0000  p
net1055                     1.80    0.006    0.000    0.0000      0.0000  p
net1059                     1.80    0.003    0.000    0.0000      0.0000  p
net1062                     1.80    0.005    0.000    0.0000      0.0000  p
net1063                     1.80    0.004    0.000    0.0000      0.0000  p
net1065                     1.80    0.005    0.000    0.0000      0.0000  p
net1067                     1.80    0.007    1.000    0.0000      0.0000  p
out5                        1.80    0.001    1.000    0.0000      0.0000  p
out9                        1.80    0.001    0.000    0.0000      0.0000  p
out11                       1.80    0.000    0.000    0.0000      0.0000  p
out16                       1.80    0.000    1.000    0.0000      0.0000  p
out18                       1.80    0.001    0.000    0.0000      0.0000  p
out21                       1.80    0.001    0.000    0.0000      0.0000  p
out22                       1.80    0.000    0.000    0.0000      0.0000  p
--------------------------------------------------------------------------------
Total (1269 nets)                                              1.072e-03 Watt



                                      Int      Switch   Leak      Total
Hierarchy                             Power    Power    Power     Power    %
--------------------------------------------------------------------------------
netlist_1                             1.26e-03 1.07e-03 8.40e-09  2.33e-03 100.0
1
