Information: Derived library resistance unit is 1.000000 Kohm (Time unit is 1 ns, and Capacitance unit is 1.000000 pF). (DES-028)
Warning: Detected semantically incorrect SPEF in coupling section. (PARA-098)
Warning: Coupling capacitor (in17:9 in23:7 0) on net in23 is discarded because the value cannot be <= 0 (PARA-040)
Warning: Coupling capacitor (in1:9 in24:5 0) on net in24 is discarded because the value cannot be <= 0 (PARA-040)
Warning: Coupling capacitor (in11:9 in26:13 0) on net in26 is discarded because the value cannot be <= 0 (PARA-040)
Warning: Coupling capacitor (in24:5 ANTENNA_input21_A/DIODE 0) on net in27 is discarded because the value cannot be <= 0 (PARA-040)
Warning: Coupling capacitor (in24:5 in27:5 0) on net in27 is discarded because the value cannot be <= 0 (PARA-040)
Warning: Coupling capacitor (in0:13 in3:11 0) on net in3 is discarded because the value cannot be <= 0 (PARA-040)
Warning: Coupling capacitor (in10:9 in3:11 0) on net in3 is discarded because the value cannot be <= 0 (PARA-040)
Warning: Coupling capacitor (in17:9 in34:9 0) on net in34 is discarded because the value cannot be <= 0 (PARA-040)
Warning: Coupling capacitor (in19:5 ANTENNA_input29_A/DIODE 0) on net in34 is discarded because the value cannot be <= 0 (PARA-040)
Warning: Coupling capacitor (in19:5 in34:9 0) on net in34 is discarded because the value cannot be <= 0 (PARA-040)
Warning: Coupling capacitor (in1:9 in35:5 0) on net in35 is discarded because the value cannot be <= 0 (PARA-040)
Warning: Coupling capacitor (in19:5 ANTENNA_input30_A/DIODE 0) on net in35 is discarded because the value cannot be <= 0 (PARA-040)
Warning: Coupling capacitor (in19:5 in35:5 0) on net in35 is discarded because the value cannot be <= 0 (PARA-040)
Warning: Coupling capacitor (in21:9 in36:13 0) on net in36 is discarded because the value cannot be <= 0 (PARA-040)
Warning: Coupling capacitor (input23/A input32/A 0) on net in37 is discarded because the value cannot be <= 0 (PARA-040)
Warning: Coupling capacitor (in29:7 in37:7 0) on net in37 is discarded because the value cannot be <= 0 (PARA-040)
Warning: Coupling capacitor (input25/A input34/A 0) on net in39 is discarded because the value cannot be <= 0 (PARA-040)
Warning: Coupling capacitor (input32/A input34/A 0) on net in39 is discarded because the value cannot be <= 0 (PARA-040)
Warning: Coupling capacitor (in30:7 in39:7 0) on net in39 is discarded because the value cannot be <= 0 (PARA-040)
Warning: Coupling capacitor (in37:7 in39:7 0) on net in39 is discarded because the value cannot be <= 0 (PARA-040)
Warning: Coupling capacitor (input17/A input37/A 0) on net in41 is discarded because the value cannot be <= 0 (PARA-040)
Warning: Coupling capacitor (in23:7 in41:7 0) on net in41 is discarded because the value cannot be <= 0 (PARA-040)
Warning: Coupling capacitor (in40:7 in41:7 0) on net in41 is discarded because the value cannot be <= 0 (PARA-040)
Warning: Coupling capacitor (in31:5 in42:5 0) on net in42 is discarded because the value cannot be <= 0 (PARA-040)
Warning: Coupling capacitor (input36/A input39/A 0) on net in43 is discarded because the value cannot be <= 0 (PARA-040)
Warning: Coupling capacitor (in40:7 in43:7 0) on net in43 is discarded because the value cannot be <= 0 (PARA-040)
Warning: Coupling capacitor (input19/A input40/A 0) on net in44 is discarded because the value cannot be <= 0 (PARA-040)
Warning: Coupling capacitor (in25:9 in44:9 0) on net in44 is discarded because the value cannot be <= 0 (PARA-040)
Warning: Coupling capacitor (in25:9 in47:11 0) on net in47 is discarded because the value cannot be <= 0 (PARA-040)
Warning: Coupling capacitor (in32:5 in49:9 0) on net in49 is discarded because the value cannot be <= 0 (PARA-040)
Warning: Coupling capacitor (input7/A input47/A 0) on net in50 is discarded because the value cannot be <= 0 (PARA-040)
Warning: Coupling capacitor (in14:7 in50:7 0) on net in50 is discarded because the value cannot be <= 0 (PARA-040)
Warning: Coupling capacitor (in32:5 in51:5 0) on net in51 is discarded because the value cannot be <= 0 (PARA-040)
Warning: Coupling capacitor (in31:5 in52:9 0) on net in52 is discarded because the value cannot be <= 0 (PARA-040)
Warning: Coupling capacitor (in33:9 in52:9 0) on net in52 is discarded because the value cannot be <= 0 (PARA-040)
Warning: Coupling capacitor (ANTENNA_input42_A/DIODE ANTENNA_input50_A/DIODE 0) on net in53 is discarded because the value cannot be <= 0 (PARA-040)
Warning: Coupling capacitor (in46:5 in53:5 0) on net in53 is discarded because the value cannot be <= 0 (PARA-040)
Warning: Coupling capacitor (in48:13 in53:5 0) on net in53 is discarded because the value cannot be <= 0 (PARA-040)
Warning: Coupling capacitor (in50:7 in54:5 0) on net in54 is discarded because the value cannot be <= 0 (PARA-040)
Warning: Coupling capacitor (input23/A input52/A 0) on net in55 is discarded because the value cannot be <= 0 (PARA-040)
Warning: Coupling capacitor (in29:7 in55:7 0) on net in55 is discarded because the value cannot be <= 0 (PARA-040)
Warning: Coupling capacitor (input25/A input54/A 0) on net in57 is discarded because the value cannot be <= 0 (PARA-040)
Warning: Coupling capacitor (in30:7 in57:7 0) on net in57 is discarded because the value cannot be <= 0 (PARA-040)
Warning: Coupling capacitor (in22:11 in58:9 0) on net in58 is discarded because the value cannot be <= 0 (PARA-040)
Warning: Coupling capacitor (in14:7 in59:7 0) on net in59 is discarded because the value cannot be <= 0 (PARA-040)
Warning: Coupling capacitor (in55:7 in59:7 0) on net in59 is discarded because the value cannot be <= 0 (PARA-040)
Warning: Coupling capacitor (in44:9 in6:5 0) on net in6 is discarded because the value cannot be <= 0 (PARA-040)
Warning: Coupling capacitor (in57:7 in6:5 0) on net in6 is discarded because the value cannot be <= 0 (PARA-040)
Warning: Coupling capacitor (in51:5 in61:9 0) on net in61 is discarded because the value cannot be <= 0 (PARA-040)
Warning: Coupling capacitor (in58:9 in61:9 0) on net in61 is discarded because the value cannot be <= 0 (PARA-040)
Warning: Coupling capacitor (in27:5 in8:7 0) on net in8 is discarded because the value cannot be <= 0 (PARA-040)
Warning: Coupling capacitor (in54:5 in8:7 0) on net in8 is discarded because the value cannot be <= 0 (PARA-040)
Warning: Coupling capacitor (in28:13 in9:13 0) on net in9 is discarded because the value cannot be <= 0 (PARA-040)
Warning: Coupling capacitor (in46:5 out17 0) on net out17 is discarded because the value cannot be <= 0 (PARA-040)
Warning: Coupling capacitor (out15 out18 0) on net out18 is discarded because the value cannot be <= 0 (PARA-040)
Warning: Coupling capacitor (in18:7 out19 0) on net out19 is discarded because the value cannot be <= 0 (PARA-040)
Warning: Coupling capacitor (in56:11 out29 0) on net out29 is discarded because the value cannot be <= 0 (PARA-040)
Warning: Coupling capacitor (out18 out34 0) on net out34 is discarded because the value cannot be <= 0 (PARA-040)
Warning: Coupling capacitor (out12 out38 0) on net out38 is discarded because the value cannot be <= 0 (PARA-040)
Warning: Coupling capacitor (in42:5 out4 0) on net out4 is discarded because the value cannot be <= 0 (PARA-040)
Warning: Coupling capacitor (out38 out42 0) on net out42 is discarded because the value cannot be <= 0 (PARA-040)
Warning: Coupling capacitor (out40 out5 0) on net out5 is discarded because the value cannot be <= 0 (PARA-040)
Warning: Coupling capacitor (out13 out53 0) on net out53 is discarded because the value cannot be <= 0 (PARA-040)
Warning: Coupling capacitor (out26 out53 0) on net out53 is discarded because the value cannot be <= 0 (PARA-040)
Warning: Coupling capacitor (out4 out57 0) on net out57 is discarded because the value cannot be <= 0 (PARA-040)
Warning: Coupling capacitor (in45:7 out57 0) on net out57 is discarded because the value cannot be <= 0 (PARA-040)
Warning: Coupling capacitor (out36 out58 0) on net out58 is discarded because the value cannot be <= 0 (PARA-040)
Warning: Coupling capacitor (out11 out9 0) on net out9 is discarded because the value cannot be <= 0 (PARA-040)
Warning: Coupling capacitor (clknet_0_clk:252 clkbuf_1_1__f_net264/A 0) on net clknet_0_net264 is discarded because the value cannot be <= 0 (PARA-040)
Warning: Coupling capacitor (clkbuf_1_0__f_net415/A clkbuf_1_0__f_net421/A 0) on net clknet_0_net421 is discarded because the value cannot be <= 0 (PARA-040)
Warning: Coupling capacitor (clknet_0_clk:399 clkbuf_1_0__f_net421/A 0) on net clknet_0_net421 is discarded because the value cannot be <= 0 (PARA-040)
Warning: Coupling capacitor (clknet_0_clk:381 clkbuf_1_1__f_net928/A 0) on net clknet_0_net928 is discarded because the value cannot be <= 0 (PARA-040)
Warning: Coupling capacitor (clkbuf_1_0__f_net294/A clknet_1_0__leaf_net173:33 0) on net clknet_1_0__leaf_net173 is discarded because the value cannot be <= 0 (PARA-040)
Warning: Coupling capacitor (clkbuf_1_0__f_net302/A clknet_1_0__leaf_net173:33 0) on net clknet_1_0__leaf_net173 is discarded because the value cannot be <= 0 (PARA-040)
Warning: Coupling capacitor (clkbuf_1_1__f_net253/A c342/A2 0) on net clknet_1_0__leaf_net263 is discarded because the value cannot be <= 0 (PARA-040)
Warning: Coupling capacitor (c338/A3 clknet_1_0__leaf_net267:68 0) on net clknet_1_0__leaf_net267 is discarded because the value cannot be <= 0 (PARA-040)
Warning: Coupling capacitor (clkbuf_1_0__f_net253/A clknet_1_0__leaf_net267:68 0) on net clknet_1_0__leaf_net267 is discarded because the value cannot be <= 0 (PARA-040)
Warning: Coupling capacitor (clkbuf_1_1__f_net264/A ANTENNA_clkbuf_1_0__f_net267_X/DIODE 0) on net clknet_1_0__leaf_net267 is discarded because the value cannot be <= 0 (PARA-040)
Warning: Coupling capacitor (clknet_1_0__leaf_net263:14 clknet_1_0__leaf_net267:68 0) on net clknet_1_0__leaf_net267 is discarded because the value cannot be <= 0 (PARA-040)
Warning: Coupling capacitor (clknet_0_clk:14 merge812/A1 0) on net clknet_1_0__leaf_net277 is discarded because the value cannot be <= 0 (PARA-040)
Warning: Coupling capacitor (clkbuf_1_0__f_net512/A c760/S1 0) on net clknet_1_0__leaf_net512 is discarded because the value cannot be <= 0 (PARA-040)
Warning: Coupling capacitor (clkbuf_1_1__f_net512/A c760/S1 0) on net clknet_1_0__leaf_net512 is discarded because the value cannot be <= 0 (PARA-040)
Warning: Coupling capacitor (clkbuf_1_0__f_net611/A c745/A2 0) on net clknet_1_0__leaf_net614 is discarded because the value cannot be <= 0 (PARA-040)
Warning: Coupling capacitor (clkbuf_4_8_0_clk/A c769/A3 0) on net clknet_1_0__leaf_net642 is discarded because the value cannot be <= 0 (PARA-040)
Warning: Coupling capacitor (clknet_1_0__leaf_net508:68 c769/A1 0) on net clknet_1_0__leaf_net643 is discarded because the value cannot be <= 0 (PARA-040)
Warning: Coupling capacitor (clknet_1_0__leaf_net508:68 clknet_1_0__leaf_net643:8 0) on net clknet_1_0__leaf_net643 is discarded because the value cannot be <= 0 (PARA-040)
Warning: Coupling capacitor (c329/A1 clknet_1_0__leaf_net790:36 0) on net clknet_1_0__leaf_net790 is discarded because the value cannot be <= 0 (PARA-040)
Warning: Coupling capacitor (c752/A0 c752/A3 0) on net clknet_1_0__leaf_net880 is discarded because the value cannot be <= 0 (PARA-040)
Warning: Coupling capacitor (c752/A1 c752/A3 0) on net clknet_1_0__leaf_net880 is discarded because the value cannot be <= 0 (PARA-040)
Warning: Coupling capacitor (clkbuf_1_0__f_net930/A clknet_1_0__leaf_net880:99 0) on net clknet_1_0__leaf_net880 is discarded because the value cannot be <= 0 (PARA-040)
Warning: Coupling capacitor (clkbuf_1_0__f_net898/A output81/A 0) on net clknet_1_0__leaf_net898 is discarded because the value cannot be <= 0 (PARA-040)
Warning: Coupling capacitor (clkbuf_1_0__f_net898/A clknet_1_0__leaf_net898:8 0) on net clknet_1_0__leaf_net898 is discarded because the value cannot be <= 0 (PARA-040)
Warning: Coupling capacitor (clkbuf_1_0__f_net421/A c503/A3 0) on net clknet_1_0__leaf_net904 is discarded because the value cannot be <= 0 (PARA-040)
Warning: Coupling capacitor (clknet_0_clk:409 c389/A2 0) on net clknet_1_0__leaf_net913 is discarded because the value cannot be <= 0 (PARA-040)
Warning: Coupling capacitor (c479/A3 clknet_1_0__leaf_net930:110 0) on net clknet_1_0__leaf_net930 is discarded because the value cannot be <= 0 (PARA-040)
Warning: Coupling capacitor (clkbuf_1_1__f_net151/A c502/A0 0) on net clknet_1_1__leaf_net151 is discarded because the value cannot be <= 0 (PARA-040)
Warning: Coupling capacitor (clknet_0_clk:252 c226/A2 0) on net clknet_1_1__leaf_net152 is discarded because the value cannot be <= 0 (PARA-040)
Warning: Coupling capacitor (clknet_0_clk:252 clknet_1_1__leaf_net152:22 0) on net clknet_1_1__leaf_net152 is discarded because the value cannot be <= 0 (PARA-040)
Warning: Coupling capacitor (c621/A2 c626/A1 0) on net clknet_1_1__leaf_net173 is discarded because the value cannot be <= 0 (PARA-040)
Warning: Coupling capacitor (c626/A3 c626/A1 0) on net clknet_1_1__leaf_net173 is discarded because the value cannot be <= 0 (PARA-040)
Note - message 'PARA-040' default limit (100) exceeded.  Remainder will be suppressed.
Warning: Net 'net381' is multi-driven. (DES-023)
Warning: Net 'net426' is multi-driven. (DES-023)
Warning: Net 'net553' is multi-driven. (DES-023)
Warning: Net 'net756' is multi-driven. (DES-023)

****************************************
Report : read_parasitics /nas/ei/home/ge78pav/TM_power/TM_openlane/TM_openlane_single_mid/TM_openlane_mid_cr/TM_openlane_mid_cr_max/netlist_0/high/spef/netlist_0_post_par_nom.spef
Design : netlist_0
Version: Q-2019.12-SP1
Date   : Fri Aug  9 23:16:00 2024
****************************************

        0 error(s)
        Format is SPEF
        Annotated nets                   :         1382
        Annotated capacitances           :        10441
        Annotated resistances            :         9059
        Reduced coupling capacitances    :        17908
        Annotated PI models              :            0
        Annotated Elmore delays          :            0

