Information: Derived library resistance unit is 1.000000 Kohm (Time unit is 1 ns, and Capacitance unit is 1.000000 pF). (DES-028)
Warning: Detected semantically incorrect SPEF in coupling section. (PARA-098)
Warning: Coupling capacitor (in0:7 in2:9 0) on net in2 is discarded because the value cannot be <= 0 (PARA-040)
Warning: Coupling capacitor (in15:13 in21:11 0) on net in21 is discarded because the value cannot be <= 0 (PARA-040)
Warning: Coupling capacitor (in31:7 in35:9 0) on net in35 is discarded because the value cannot be <= 0 (PARA-040)
Warning: Coupling capacitor (ANTENNA_input6_A/DIODE in36:9 0) on net in36 is discarded because the value cannot be <= 0 (PARA-040)
Warning: Coupling capacitor (in13:5 in36:9 0) on net in36 is discarded because the value cannot be <= 0 (PARA-040)
Warning: Coupling capacitor (in27:11 in4:13 0) on net in4 is discarded because the value cannot be <= 0 (PARA-040)
Warning: Coupling capacitor (input32/A input37/A 0) on net in41 is discarded because the value cannot be <= 0 (PARA-040)
Warning: Coupling capacitor (in37:7 in41:7 0) on net in41 is discarded because the value cannot be <= 0 (PARA-040)
Warning: Coupling capacitor (input14/A input43/A 0) on net in47 is discarded because the value cannot be <= 0 (PARA-040)
Warning: Coupling capacitor (in20:7 in47:7 0) on net in47 is discarded because the value cannot be <= 0 (PARA-040)
Warning: Coupling capacitor (input29/A input45/A 0) on net in49 is discarded because the value cannot be <= 0 (PARA-040)
Warning: Coupling capacitor (input40/A input45/A 0) on net in49 is discarded because the value cannot be <= 0 (PARA-040)
Warning: Coupling capacitor (in34:7 in49:7 0) on net in49 is discarded because the value cannot be <= 0 (PARA-040)
Warning: Coupling capacitor (in44:7 in49:7 0) on net in49 is discarded because the value cannot be <= 0 (PARA-040)
Warning: Coupling capacitor (in34:7 in50:5 0) on net in50 is discarded because the value cannot be <= 0 (PARA-040)
Warning: Coupling capacitor (input22/A input50/A 0) on net in53 is discarded because the value cannot be <= 0 (PARA-040)
Warning: Coupling capacitor (in28:7 in53:7 0) on net in53 is discarded because the value cannot be <= 0 (PARA-040)
Warning: Coupling capacitor (in29:9 in54:9 0) on net in54 is discarded because the value cannot be <= 0 (PARA-040)
Warning: Coupling capacitor (input20/A input52/A 0) on net in55 is discarded because the value cannot be <= 0 (PARA-040)
Warning: Coupling capacitor (in26:7 in55:7 0) on net in55 is discarded because the value cannot be <= 0 (PARA-040)
Warning: Coupling capacitor (ANTENNA_input47_A/DIODE ANTENNA_input53_A/DIODE 0) on net in56 is discarded because the value cannot be <= 0 (PARA-040)
Warning: Coupling capacitor (ANTENNA_input47_A/DIODE in56:5 0) on net in56 is discarded because the value cannot be <= 0 (PARA-040)
Warning: Coupling capacitor (in50:5 in56:5 0) on net in56 is discarded because the value cannot be <= 0 (PARA-040)
Warning: Coupling capacitor (input48/A input54/A 0) on net in57 is discarded because the value cannot be <= 0 (PARA-040)
Warning: Coupling capacitor (in51:7 in57:7 0) on net in57 is discarded because the value cannot be <= 0 (PARA-040)
Warning: Coupling capacitor (in25:9 in58:7 0) on net in58 is discarded because the value cannot be <= 0 (PARA-040)
Warning: Coupling capacitor (in56:5 in59:7 0) on net in59 is discarded because the value cannot be <= 0 (PARA-040)
Warning: Coupling capacitor (input40/A input58/A 0) on net in60 is discarded because the value cannot be <= 0 (PARA-040)
Warning: Coupling capacitor (in44:7 in60:7 0) on net in60 is discarded because the value cannot be <= 0 (PARA-040)
Warning: Coupling capacitor (in53:7 in60:7 0) on net in60 is discarded because the value cannot be <= 0 (PARA-040)
Warning: Coupling capacitor (ANTENNA_input6_A/DIODE in61:9 0) on net in61 is discarded because the value cannot be <= 0 (PARA-040)
Warning: Coupling capacitor (in13:5 in61:9 0) on net in61 is discarded because the value cannot be <= 0 (PARA-040)
Warning: Coupling capacitor (input43/A input60/A 0) on net in7 is discarded because the value cannot be <= 0 (PARA-040)
Warning: Coupling capacitor (in29:9 in7:9 0) on net in7 is discarded because the value cannot be <= 0 (PARA-040)
Warning: Coupling capacitor (in41:7 out11 0) on net out11 is discarded because the value cannot be <= 0 (PARA-040)
Warning: Coupling capacitor (out11 out17 0) on net out17 is discarded because the value cannot be <= 0 (PARA-040)
Warning: Coupling capacitor (in35:9 out24 0) on net out24 is discarded because the value cannot be <= 0 (PARA-040)
Warning: Coupling capacitor (in37:7 out24 0) on net out24 is discarded because the value cannot be <= 0 (PARA-040)
Warning: Coupling capacitor (in52:9 out28 0) on net out28 is discarded because the value cannot be <= 0 (PARA-040)
Warning: Coupling capacitor (in52:9 out29 0) on net out29 is discarded because the value cannot be <= 0 (PARA-040)
Warning: Coupling capacitor (out15 out3 0) on net out3 is discarded because the value cannot be <= 0 (PARA-040)
Warning: Coupling capacitor (out10 out39 0) on net out39 is discarded because the value cannot be <= 0 (PARA-040)
Warning: Coupling capacitor (in45:7 out45 0) on net out45 is discarded because the value cannot be <= 0 (PARA-040)
Warning: Coupling capacitor (out40 out5 0) on net out5 is discarded because the value cannot be <= 0 (PARA-040)
Warning: Coupling capacitor (out29 out51 0) on net out51 is discarded because the value cannot be <= 0 (PARA-040)
Warning: Coupling capacitor (out46 out52 0) on net out52 is discarded because the value cannot be <= 0 (PARA-040)
Warning: Coupling capacitor (out51 out53 0) on net out53 is discarded because the value cannot be <= 0 (PARA-040)
Warning: Coupling capacitor (in48:7 out53 0) on net out53 is discarded because the value cannot be <= 0 (PARA-040)
Warning: Coupling capacitor (out45 out55 0) on net out55 is discarded because the value cannot be <= 0 (PARA-040)
Warning: Coupling capacitor (in61:9 out55 0) on net out55 is discarded because the value cannot be <= 0 (PARA-040)
Warning: Coupling capacitor (in54:9 out56 0) on net out56 is discarded because the value cannot be <= 0 (PARA-040)
Warning: Coupling capacitor (in58:7 out56 0) on net out56 is discarded because the value cannot be <= 0 (PARA-040)
Warning: Coupling capacitor (out19 out6 0) on net out6 is discarded because the value cannot be <= 0 (PARA-040)
Warning: Coupling capacitor (out42 out9 0) on net out9 is discarded because the value cannot be <= 0 (PARA-040)
Warning: Coupling capacitor (clkbuf_1_1__f_net181/A clkbuf_1_1__f_net182/A 0) on net clknet_0_net182 is discarded because the value cannot be <= 0 (PARA-040)
Warning: Coupling capacitor (clkbuf_1_1__f_net253/A clkbuf_1_1__f_net257/A 0) on net clknet_0_net257 is discarded because the value cannot be <= 0 (PARA-040)
Warning: Coupling capacitor (clk:21 clkbuf_1_1__f_net475/A 0) on net clknet_0_net475 is discarded because the value cannot be <= 0 (PARA-040)
Warning: Coupling capacitor (clkbuf_1_0__f_net50/A clkbuf_1_0__f_net56/A 0) on net clknet_0_net56 is discarded because the value cannot be <= 0 (PARA-040)
Warning: Coupling capacitor (clkbuf_1_0__f_net778/A clkbuf_1_1__f_net799/A 0) on net clknet_0_net799 is discarded because the value cannot be <= 0 (PARA-040)
Warning: Coupling capacitor (clkbuf_1_0__f_net778/A clknet_0_net799:10 0) on net clknet_0_net799 is discarded because the value cannot be <= 0 (PARA-040)
Warning: Coupling capacitor (clkbuf_1_1__f_net778/A clknet_0_net799:10 0) on net clknet_0_net799 is discarded because the value cannot be <= 0 (PARA-040)
Warning: Coupling capacitor (clkbuf_1_0__f_net798/A clkbuf_1_0__f_net835/A 0) on net clknet_0_net835 is discarded because the value cannot be <= 0 (PARA-040)
Warning: Coupling capacitor (clkbuf_1_0__f_net184/A clkbuf_1_0__f_net965/A 0) on net clknet_0_net965 is discarded because the value cannot be <= 0 (PARA-040)
Warning: Coupling capacitor (clkbuf_1_1__f_net937/A clkbuf_1_1__f_net972/A 0) on net clknet_0_net972 is discarded because the value cannot be <= 0 (PARA-040)
Warning: Coupling capacitor (clknet_0_clk:279 clknet_1_0__leaf_net153:56 0) on net clknet_1_0__leaf_net153 is discarded because the value cannot be <= 0 (PARA-040)
Warning: Coupling capacitor (clknet_0_clk:279 clknet_1_0__leaf_net153:60 0) on net clknet_1_0__leaf_net153 is discarded because the value cannot be <= 0 (PARA-040)
Warning: Coupling capacitor (clkbuf_1_1__f_net177/A c251/A2 0) on net clknet_1_0__leaf_net182 is discarded because the value cannot be <= 0 (PARA-040)
Warning: Coupling capacitor (clkbuf_1_0__f_net762/A c489/S1 0) on net clknet_1_0__leaf_net300 is discarded because the value cannot be <= 0 (PARA-040)
Warning: Coupling capacitor (clkbuf_1_1__f_net852/A clknet_1_0__leaf_net386:10 0) on net clknet_1_0__leaf_net386 is discarded because the value cannot be <= 0 (PARA-040)
Warning: Coupling capacitor (c547/A3 clknet_1_0__leaf_net433:10 0) on net clknet_1_0__leaf_net433 is discarded because the value cannot be <= 0 (PARA-040)
Warning: Coupling capacitor (clknet_1_0__leaf_net386:10 c741/A1 0) on net clknet_1_0__leaf_net483 is discarded because the value cannot be <= 0 (PARA-040)
Warning: Coupling capacitor (clkbuf_1_1__f_net617/A clknet_1_0__leaf_net510:18 0) on net clknet_1_0__leaf_net510 is discarded because the value cannot be <= 0 (PARA-040)
Warning: Coupling capacitor (clkbuf_1_0__f_net515/A c634/A0 0) on net clknet_1_0__leaf_net517 is discarded because the value cannot be <= 0 (PARA-040)
Warning: Coupling capacitor (clkbuf_1_0__f_net606/A c744/A1 0) on net clknet_1_0__leaf_net595 is discarded because the value cannot be <= 0 (PARA-040)
Warning: Coupling capacitor (clkbuf_1_0__f_net606/A clknet_1_0__leaf_net595:16 0) on net clknet_1_0__leaf_net595 is discarded because the value cannot be <= 0 (PARA-040)
Warning: Coupling capacitor (clkbuf_1_1__f_net606/A clknet_1_0__leaf_net595:16 0) on net clknet_1_0__leaf_net595 is discarded because the value cannot be <= 0 (PARA-040)
Warning: Coupling capacitor (clknet_0_clk:91 clknet_1_0__leaf_net778:12 0) on net clknet_1_0__leaf_net778 is discarded because the value cannot be <= 0 (PARA-040)
Warning: Coupling capacitor (clkbuf_1_1__f_net251/A c319/S1 0) on net clknet_1_0__leaf_net780 is discarded because the value cannot be <= 0 (PARA-040)
Warning: Coupling capacitor (clkbuf_1_1__f_net251/A clknet_1_0__leaf_net780:12 0) on net clknet_1_0__leaf_net780 is discarded because the value cannot be <= 0 (PARA-040)
Warning: Coupling capacitor (clkbuf_1_1__f_net251/A clknet_1_0__leaf_net780:40 0) on net clknet_1_0__leaf_net780 is discarded because the value cannot be <= 0 (PARA-040)
Warning: Coupling capacitor (clkbuf_1_0__f_net493/A clknet_1_0__leaf_net833:40 0) on net clknet_1_0__leaf_net833 is discarded because the value cannot be <= 0 (PARA-040)
Warning: Coupling capacitor (clkbuf_1_1__f_net493/A clknet_1_0__leaf_net833:40 0) on net clknet_1_0__leaf_net833 is discarded because the value cannot be <= 0 (PARA-040)
Warning: Coupling capacitor (clkbuf_1_0__f_net798/A clknet_1_0__leaf_net834:8 0) on net clknet_1_0__leaf_net834 is discarded because the value cannot be <= 0 (PARA-040)
Warning: Coupling capacitor (clkbuf_1_0__f_net508/A clknet_1_0__leaf_net924:12 0) on net clknet_1_0__leaf_net924 is discarded because the value cannot be <= 0 (PARA-040)
Warning: Coupling capacitor (clkbuf_1_1__f_net508/A clknet_1_0__leaf_net924:12 0) on net clknet_1_0__leaf_net924 is discarded because the value cannot be <= 0 (PARA-040)
Warning: Coupling capacitor (c494/S1 c619/S0 0) on net clknet_1_0__leaf_net927 is discarded because the value cannot be <= 0 (PARA-040)
Warning: Coupling capacitor (c255/A2 clknet_1_0__leaf_net959:27 0) on net clknet_1_0__leaf_net959 is discarded because the value cannot be <= 0 (PARA-040)
Warning: Coupling capacitor (clkbuf_1_1__f_net177/A c392/A2 0) on net clknet_1_0__leaf_net965 is discarded because the value cannot be <= 0 (PARA-040)
Warning: Coupling capacitor (clknet_1_0__leaf_net705:57 clknet_1_1__leaf_net153:166 0) on net clknet_1_1__leaf_net153 is discarded because the value cannot be <= 0 (PARA-040)
Warning: Coupling capacitor (clknet_1_0__leaf_net959:61 clknet_1_1__leaf_net177:39 0) on net clknet_1_1__leaf_net177 is discarded because the value cannot be <= 0 (PARA-040)
Warning: Coupling capacitor (clknet_1_0__leaf_net959:65 c252/A2 0) on net clknet_1_1__leaf_net177 is discarded because the value cannot be <= 0 (PARA-040)
Warning: Coupling capacitor (clknet_1_0__leaf_net959:65 clknet_1_1__leaf_net177:39 0) on net clknet_1_1__leaf_net177 is discarded because the value cannot be <= 0 (PARA-040)
Warning: Coupling capacitor (clkbuf_1_1__f_net179/A c248/A2 0) on net clknet_1_1__leaf_net179 is discarded because the value cannot be <= 0 (PARA-040)
Warning: Coupling capacitor (clknet_1_0__leaf_net959:61 c248/A2 0) on net clknet_1_1__leaf_net179 is discarded because the value cannot be <= 0 (PARA-040)
Warning: Coupling capacitor (clkbuf_1_0__f_net188/A clknet_1_1__leaf_net181:18 0) on net clknet_1_1__leaf_net181 is discarded because the value cannot be <= 0 (PARA-040)
Warning: Coupling capacitor (clknet_1_0__leaf_net959:61 c254/A1 0) on net clknet_1_1__leaf_net182 is discarded because the value cannot be <= 0 (PARA-040)
Warning: Coupling capacitor (c321/A2 c331/A0 0) on net clknet_1_1__leaf_net251 is discarded because the value cannot be <= 0 (PARA-040)
Warning: Coupling capacitor (clkbuf_1_1__f_net302/A clknet_1_1__leaf_net300:12 0) on net clknet_1_1__leaf_net300 is discarded because the value cannot be <= 0 (PARA-040)
Warning: Coupling capacitor (clknet_0_clk:79 clknet_1_1__leaf_net330:35 0) on net clknet_1_1__leaf_net330 is discarded because the value cannot be <= 0 (PARA-040)
Warning: Coupling capacitor (clknet_1_0__leaf_net330:32 c447/RESET_B 0) on net clknet_1_1__leaf_net332 is discarded because the value cannot be <= 0 (PARA-040)
Note - message 'PARA-040' default limit (100) exceeded.  Remainder will be suppressed.
Warning: Net 'net233' is multi-driven. (DES-023)
Warning: Net 'net266' is multi-driven. (DES-023)
Warning: Net 'net306' is multi-driven. (DES-023)
Warning: Net 'net709' is multi-driven. (DES-023)

****************************************
Report : read_parasitics /nas/ei/home/ge78pav/TM_power/TM_openlane/TM_openlane_single_mid/TM_openlane_mid_ad/TM_openlane_mid_ad_max/netlist_1/high/spef/netlist_1_post_par_nom.spef
Design : netlist_1
Version: Q-2019.12-SP1
Date   : Fri Aug  9 15:46:57 2024
****************************************

        0 error(s)
        Format is SPEF
        Annotated nets                   :         1592
        Annotated capacitances           :        13953
        Annotated resistances            :        12361
        Reduced coupling capacitances    :        26169
        Annotated PI models              :            0
        Annotated Elmore delays          :            0

