Information: Derived library resistance unit is 1.000000 Kohm (Time unit is 1 ns, and Capacitance unit is 1.000000 pF). (DES-028)
Warning: Detected semantically incorrect SPEF in coupling section. (PARA-098)
Warning: Coupling capacitor (ANTENNA_input17_A/DIODE in24:9 0) on net in24 is discarded because the value cannot be <= 0 (PARA-040)
Warning: Coupling capacitor (in14:13 in24:9 0) on net in24 is discarded because the value cannot be <= 0 (PARA-040)
Warning: Coupling capacitor (in2:7 in5:9 0) on net in5 is discarded because the value cannot be <= 0 (PARA-040)
Warning: Coupling capacitor (in20:7 in8:5 0) on net in8 is discarded because the value cannot be <= 0 (PARA-040)
Warning: Coupling capacitor (in4:9 ANTENNA_input24_A/DIODE 0) on net in8 is discarded because the value cannot be <= 0 (PARA-040)
Warning: Coupling capacitor (in4:9 in8:5 0) on net in8 is discarded because the value cannot be <= 0 (PARA-040)
Warning: Coupling capacitor (in18:7 in9:7 0) on net in9 is discarded because the value cannot be <= 0 (PARA-040)
Warning: Coupling capacitor (in7:5 in9:7 0) on net in9 is discarded because the value cannot be <= 0 (PARA-040)
Warning: Coupling capacitor (ANTENNA_input15_A/DIODE out15 0) on net out15 is discarded because the value cannot be <= 0 (PARA-040)
Warning: Coupling capacitor (input15/A out15 0) on net out15 is discarded because the value cannot be <= 0 (PARA-040)
Warning: Coupling capacitor (in21:7 out15 0) on net out15 is discarded because the value cannot be <= 0 (PARA-040)
Warning: Coupling capacitor (in16:7 out18 0) on net out18 is discarded because the value cannot be <= 0 (PARA-040)
Warning: Coupling capacitor (in0:5 out19 0) on net out19 is discarded because the value cannot be <= 0 (PARA-040)
Warning: Coupling capacitor (in3:7 out19 0) on net out19 is discarded because the value cannot be <= 0 (PARA-040)
Warning: Coupling capacitor (in21:7 out2 0) on net out2 is discarded because the value cannot be <= 0 (PARA-040)
Warning: Coupling capacitor (out2 out22 0) on net out22 is discarded because the value cannot be <= 0 (PARA-040)
Warning: Coupling capacitor (in24:9 out22 0) on net out22 is discarded because the value cannot be <= 0 (PARA-040)
Warning: Coupling capacitor (out20 out23 0) on net out23 is discarded because the value cannot be <= 0 (PARA-040)
Warning: Coupling capacitor (out12 out3 0) on net out3 is discarded because the value cannot be <= 0 (PARA-040)
Warning: Coupling capacitor (out16 out3 0) on net out3 is discarded because the value cannot be <= 0 (PARA-040)
Warning: Coupling capacitor (out13 out4 0) on net out4 is discarded because the value cannot be <= 0 (PARA-040)
Warning: Coupling capacitor (in7:5 out5 0) on net out5 is discarded because the value cannot be <= 0 (PARA-040)
Warning: Coupling capacitor (out21 out8 0) on net out8 is discarded because the value cannot be <= 0 (PARA-040)
Warning: Coupling capacitor (input1/A out8 0) on net out8 is discarded because the value cannot be <= 0 (PARA-040)
Warning: Coupling capacitor (in0:5 out8 0) on net out8 is discarded because the value cannot be <= 0 (PARA-040)
Warning: Coupling capacitor (out4 out9 0) on net out9 is discarded because the value cannot be <= 0 (PARA-040)
Warning: Coupling capacitor (clkbuf_1_0__f_net142/A clkbuf_1_0__f_net301/A 0) on net clknet_0_net301 is discarded because the value cannot be <= 0 (PARA-040)
Warning: Coupling capacitor (clkbuf_1_1__f_net142/A clkbuf_1_0__f_net301/A 0) on net clknet_0_net301 is discarded because the value cannot be <= 0 (PARA-040)
Warning: Coupling capacitor (clknet_0_clk:10 clkbuf_1_0__f_net423/A 0) on net clknet_0_net423 is discarded because the value cannot be <= 0 (PARA-040)
Warning: Coupling capacitor (clkbuf_1_0__f_net300/A clkbuf_1_0__f_net429/A 0) on net clknet_0_net429 is discarded because the value cannot be <= 0 (PARA-040)
Warning: Coupling capacitor (clkbuf_1_1__f_net511/A clkbuf_1_1__f_net518/A 0) on net clknet_0_net518 is discarded because the value cannot be <= 0 (PARA-040)
Warning: Coupling capacitor (clkbuf_1_1__f_net336/A clkbuf_1_1__f_net800/A 0) on net clknet_0_net800 is discarded because the value cannot be <= 0 (PARA-040)
Warning: Coupling capacitor (c414/RESET_B c531/D 0) on net clknet_1_0__leaf_net405 is discarded because the value cannot be <= 0 (PARA-040)
Warning: Coupling capacitor (clknet_1_0__leaf_net142:12 c567/C 0) on net clknet_1_0__leaf_net423 is discarded because the value cannot be <= 0 (PARA-040)
Warning: Coupling capacitor (clknet_1_0__leaf_net396:12 clknet_1_0__leaf_net519:12 0) on net clknet_1_0__leaf_net519 is discarded because the value cannot be <= 0 (PARA-040)
Warning: Coupling capacitor (clknet_1_0__leaf_net142:12 c716/A3 0) on net clknet_1_0__leaf_net575 is discarded because the value cannot be <= 0 (PARA-040)
Warning: Coupling capacitor (clkbuf_1_1__f_net298/A clknet_1_0__leaf_net800:34 0) on net clknet_1_0__leaf_net800 is discarded because the value cannot be <= 0 (PARA-040)
Warning: Coupling capacitor (clknet_1_0__leaf_net135:16 clknet_1_1__leaf_net272:18 0) on net clknet_1_1__leaf_net272 is discarded because the value cannot be <= 0 (PARA-040)
Warning: Coupling capacitor (c531/D merge732/SCE 0) on net clknet_1_1__leaf_net393 is discarded because the value cannot be <= 0 (PARA-040)
Warning: Coupling capacitor (clkbuf_1_1__f_net405/A c414/D 0) on net clknet_1_1__leaf_net405 is discarded because the value cannot be <= 0 (PARA-040)
Warning: Coupling capacitor (clknet_1_0__leaf_net519:20 c519/A 0) on net clknet_1_1__leaf_net517 is discarded because the value cannot be <= 0 (PARA-040)
Warning: Coupling capacitor (c519/A c521/A 0) on net clknet_1_1__leaf_net523 is discarded because the value cannot be <= 0 (PARA-040)
Warning: Coupling capacitor (c638/A c631/B 0) on net clknet_1_1__leaf_net527 is discarded because the value cannot be <= 0 (PARA-040)
Warning: Coupling capacitor (c359/RESET_B clknet_1_1__leaf_net789:8 0) on net clknet_1_1__leaf_net789 is discarded because the value cannot be <= 0 (PARA-040)
Warning: Coupling capacitor (c558/D clkbuf_leaf_0_clk/A 0) on net clknet_2_0__leaf_clk is discarded because the value cannot be <= 0 (PARA-040)
Warning: Coupling capacitor (clknet_1_1__leaf_net449:20 clknet_2_1__leaf_clk:44 0) on net clknet_2_1__leaf_clk is discarded because the value cannot be <= 0 (PARA-040)
Warning: Coupling capacitor (c320/SCD clknet_2_3__leaf_clk:21 0) on net clknet_2_3__leaf_clk is discarded because the value cannot be <= 0 (PARA-040)
Warning: Coupling capacitor (clknet_1_1__leaf_net130:38 clknet_2_3__leaf_clk:93 0) on net clknet_2_3__leaf_clk is discarded because the value cannot be <= 0 (PARA-040)
Warning: Coupling capacitor (clknet_2_3__leaf_clk:93 c443/CLK 0) on net clknet_leaf_18_clk is discarded because the value cannot be <= 0 (PARA-040)
Warning: Coupling capacitor (clknet_2_3__leaf_clk:93 clknet_leaf_18_clk:68 0) on net clknet_leaf_18_clk is discarded because the value cannot be <= 0 (PARA-040)
Warning: Coupling capacitor (clkbuf_1_1__f_net449/A clknet_leaf_25_clk:12 0) on net clknet_leaf_25_clk is discarded because the value cannot be <= 0 (PARA-040)
Warning: Coupling capacitor (clknet_1_1__leaf_net620:24 s754/GATE_N 0) on net clknet_leaf_25_clk is discarded because the value cannot be <= 0 (PARA-040)
Warning: Coupling capacitor (clknet_1_0__leaf_net449:10 c440/CLK 0) on net clknet_leaf_26_clk is discarded because the value cannot be <= 0 (PARA-040)
Warning: Coupling capacitor (clknet_0_clk:10 clknet_leaf_29_clk:18 0) on net clknet_leaf_29_clk is discarded because the value cannot be <= 0 (PARA-040)
Warning: Coupling capacitor (clknet_1_0__leaf_net300:24 s744/CLK 0) on net clknet_leaf_29_clk is discarded because the value cannot be <= 0 (PARA-040)
Warning: Coupling capacitor (c519/A c513/CLK 0) on net clknet_leaf_31_clk is discarded because the value cannot be <= 0 (PARA-040)
Warning: Coupling capacitor (c660/A c513/CLK 0) on net clknet_leaf_31_clk is discarded because the value cannot be <= 0 (PARA-040)
Warning: Coupling capacitor (c646/D c646/CLK 0) on net clknet_leaf_32_clk is discarded because the value cannot be <= 0 (PARA-040)
Warning: Coupling capacitor (c646/SET_B c646/CLK 0) on net clknet_leaf_32_clk is discarded because the value cannot be <= 0 (PARA-040)
Warning: Coupling capacitor (c688/D clknet_leaf_33_clk:16 0) on net clknet_leaf_33_clk is discarded because the value cannot be <= 0 (PARA-040)
Warning: Coupling capacitor (clknet_2_2__leaf_clk:12 c218/GATE 0) on net clknet_leaf_7_clk is discarded because the value cannot be <= 0 (PARA-040)
Warning: Coupling capacitor (clknet_2_2__leaf_clk:104 c218/GATE 0) on net clknet_leaf_7_clk is discarded because the value cannot be <= 0 (PARA-040)
Warning: Coupling capacitor (clknet_2_2__leaf_clk:104 clknet_leaf_7_clk:81 0) on net clknet_leaf_7_clk is discarded because the value cannot be <= 0 (PARA-040)
Warning: Coupling capacitor (clknet_2_2__leaf_clk:140 c112/CLK 0) on net clknet_leaf_9_clk is discarded because the value cannot be <= 0 (PARA-040)
Warning: Coupling capacitor (clknet_2_2__leaf_clk:140 clknet_leaf_9_clk:84 0) on net clknet_leaf_9_clk is discarded because the value cannot be <= 0 (PARA-040)
Warning: Coupling capacitor (clknet_2_2__leaf_clk:168 c112/CLK 0) on net clknet_leaf_9_clk is discarded because the value cannot be <= 0 (PARA-040)
Warning: Coupling capacitor (c219/GATE net0:75 0) on net net0 is discarded because the value cannot be <= 0 (PARA-040)
Warning: Coupling capacitor (clknet_0_net129:49 net1:145 0) on net net1 is discarded because the value cannot be <= 0 (PARA-040)
Warning: Coupling capacitor (clkbuf_1_1__f_net221/A c247/SCE 0) on net net100 is discarded because the value cannot be <= 0 (PARA-040)
Warning: Coupling capacitor (c121/CLK c119/D 0) on net net105 is discarded because the value cannot be <= 0 (PARA-040)
Warning: Coupling capacitor (c320/SCD net11:52 0) on net net11 is discarded because the value cannot be <= 0 (PARA-040)
Warning: Coupling capacitor (clknet_1_1__leaf_net300:38 net11:10 0) on net net11 is discarded because the value cannot be <= 0 (PARA-040)
Warning: Coupling capacitor (c121/SET_B hold100/A 0) on net net110 is discarded because the value cannot be <= 0 (PARA-040)
Warning: Coupling capacitor (clknet_leaf_8_clk:77 hold100/A 0) on net net110 is discarded because the value cannot be <= 0 (PARA-040)
Warning: Coupling capacitor (c120/A c125/A 0) on net net111 is discarded because the value cannot be <= 0 (PARA-040)
Warning: Coupling capacitor (c120/A c125/B 0) on net net112 is discarded because the value cannot be <= 0 (PARA-040)
Warning: Coupling capacitor (c124/SCD net113:20 0) on net net113 is discarded because the value cannot be <= 0 (PARA-040)
Warning: Coupling capacitor (c396/B c634/A 0) on net net118 is discarded because the value cannot be <= 0 (PARA-040)
Warning: Coupling capacitor (c396/B net118:27 0) on net net118 is discarded because the value cannot be <= 0 (PARA-040)
Warning: Coupling capacitor (clknet_1_0__leaf_net387:10 c141/GATE 0) on net net118 is discarded because the value cannot be <= 0 (PARA-040)
Warning: Coupling capacitor (clknet_1_0__leaf_net387:10 c634/A 0) on net net118 is discarded because the value cannot be <= 0 (PARA-040)
Warning: Coupling capacitor (clknet_0_clk:12 net119:32 0) on net net119 is discarded because the value cannot be <= 0 (PARA-040)
Warning: Coupling capacitor (clknet_0_clk:22 net119:32 0) on net net119 is discarded because the value cannot be <= 0 (PARA-040)
Warning: Coupling capacitor (clknet_0_net129:49 net119:44 0) on net net119 is discarded because the value cannot be <= 0 (PARA-040)
Warning: Coupling capacitor (clknet_0_net300:25 net12:63 0) on net net12 is discarded because the value cannot be <= 0 (PARA-040)
Warning: Coupling capacitor (clknet_1_0__leaf_net300:24 net120:120 0) on net net120 is discarded because the value cannot be <= 0 (PARA-040)
Warning: Coupling capacitor (clknet_1_0__leaf_net800:18 net121:160 0) on net net121 is discarded because the value cannot be <= 0 (PARA-040)
Warning: Coupling capacitor (clkbuf_1_0__f_net300/A c257/B 0) on net net122 is discarded because the value cannot be <= 0 (PARA-040)
Warning: Coupling capacitor (net1:139 net122:24 0) on net net122 is discarded because the value cannot be <= 0 (PARA-040)
Warning: Coupling capacitor (c558/D net123:86 0) on net net123 is discarded because the value cannot be <= 0 (PARA-040)
Warning: Coupling capacitor (c676/CLK net123:42 0) on net net123 is discarded because the value cannot be <= 0 (PARA-040)
Warning: Coupling capacitor (clknet_leaf_0_clk:20 net123:42 0) on net net123 is discarded because the value cannot be <= 0 (PARA-040)
Warning: Coupling capacitor (clknet_leaf_0_clk:24 net123:42 0) on net net123 is discarded because the value cannot be <= 0 (PARA-040)
Warning: Coupling capacitor (clknet_leaf_22_clk:22 net123:121 0) on net net123 is discarded because the value cannot be <= 0 (PARA-040)
Warning: Coupling capacitor (c142/B net125:124 0) on net net125 is discarded because the value cannot be <= 0 (PARA-040)
Warning: Coupling capacitor (c706/CLK net125:73 0) on net net125 is discarded because the value cannot be <= 0 (PARA-040)
Warning: Coupling capacitor (clknet_2_2__leaf_clk:12 net125:124 0) on net net125 is discarded because the value cannot be <= 0 (PARA-040)
Warning: Coupling capacitor (clknet_2_2__leaf_clk:32 net125:124 0) on net net125 is discarded because the value cannot be <= 0 (PARA-040)
Warning: Coupling capacitor (net0:49 net125:75 0) on net net125 is discarded because the value cannot be <= 0 (PARA-040)
Warning: Coupling capacitor (clknet_2_0__leaf_clk:53 ANTENNA_c706_SCE/DIODE 0) on net net126 is discarded because the value cannot be <= 0 (PARA-040)
Note - message 'PARA-040' default limit (100) exceeded.  Remainder will be suppressed.

****************************************
Report : read_parasitics /nas/ei/home/ge78pav/TM_power/TM_openlane/TM_openlane_single_min/TM_openlane_min_anb/TM_openlane_min_anb_max/netlist_1/low/spef/netlist_1.nom.spef
Design : netlist_1
Version: Q-2019.12-SP1
Date   : Wed Aug 21 12:39:07 2024
****************************************

        0 error(s)
        Format is SPEF
        Annotated nets                   :         1175
        Annotated capacitances           :         7660
        Annotated resistances            :         6485
        Reduced coupling capacitances    :        12911
        Annotated PI models              :            0
        Annotated Elmore delays          :            0

