Information: Derived library resistance unit is 1.000000 Kohm (Time unit is 1 ns, and Capacitance unit is 1.000000 pF). (DES-028)
Warning: Coupling capacitor (in12:7 in15:5 0) on net in15 is discarded because the value cannot be <= 0 (PARA-040)
Warning: Coupling capacitor (in14:9 ANTENNA_input8_A/DIODE 0) on net in15 is discarded because the value cannot be <= 0 (PARA-040)
Warning: Coupling capacitor (in14:9 in15:5 0) on net in15 is discarded because the value cannot be <= 0 (PARA-040)
Warning: Detected semantically incorrect SPEF in coupling section. (PARA-098)
Warning: Coupling capacitor (input5/A input9/A 0) on net in16 is discarded because the value cannot be <= 0 (PARA-040)
Warning: Coupling capacitor (in12:7 in16:7 0) on net in16 is discarded because the value cannot be <= 0 (PARA-040)
Warning: Coupling capacitor (in16:7 in18:9 0) on net in18 is discarded because the value cannot be <= 0 (PARA-040)
Warning: Coupling capacitor (in18:9 in2:9 0) on net in2 is discarded because the value cannot be <= 0 (PARA-040)
Warning: Coupling capacitor (in2:9 in3:7 0) on net in3 is discarded because the value cannot be <= 0 (PARA-040)
Warning: Coupling capacitor (in35:13 in36:11 0) on net in36 is discarded because the value cannot be <= 0 (PARA-040)
Warning: Coupling capacitor (in22:7 in40:5 0) on net in40 is discarded because the value cannot be <= 0 (PARA-040)
Warning: Coupling capacitor (in35:13 in41:11 0) on net in41 is discarded because the value cannot be <= 0 (PARA-040)
Warning: Coupling capacitor (in0:9 in5:5 0) on net in5 is discarded because the value cannot be <= 0 (PARA-040)
Warning: Coupling capacitor (in14:9 in5:5 0) on net in5 is discarded because the value cannot be <= 0 (PARA-040)
Warning: Coupling capacitor (in46:13 in52:13 0) on net in52 is discarded because the value cannot be <= 0 (PARA-040)
Warning: Coupling capacitor (in17:7 in59:9 0) on net in59 is discarded because the value cannot be <= 0 (PARA-040)
Warning: Coupling capacitor (in29:11 in6:11 0) on net in6 is discarded because the value cannot be <= 0 (PARA-040)
Warning: Coupling capacitor (in47:11 in69:7 0) on net in69 is discarded because the value cannot be <= 0 (PARA-040)
Warning: Coupling capacitor (in26:11 in7:11 0) on net in7 is discarded because the value cannot be <= 0 (PARA-040)
Warning: Coupling capacitor (in44:9 in71:5 0) on net in71 is discarded because the value cannot be <= 0 (PARA-040)
Warning: Coupling capacitor (in70:11 in76:11 0) on net in76 is discarded because the value cannot be <= 0 (PARA-040)
Warning: Coupling capacitor (in75:9 in77:13 0) on net in77 is discarded because the value cannot be <= 0 (PARA-040)
Warning: Coupling capacitor (clk:11 in80:11 0) on net in80 is discarded because the value cannot be <= 0 (PARA-040)
Warning: Coupling capacitor (in74:5 in81:9 0) on net in81 is discarded because the value cannot be <= 0 (PARA-040)
Warning: Coupling capacitor (in49:11 in83:13 0) on net in83 is discarded because the value cannot be <= 0 (PARA-040)
Warning: Coupling capacitor (in78:11 in86:13 0) on net in86 is discarded because the value cannot be <= 0 (PARA-040)
Warning: Coupling capacitor (in66:11 in89:7 0) on net in89 is discarded because the value cannot be <= 0 (PARA-040)
Warning: Coupling capacitor (in88:7 in92:7 0) on net in92 is discarded because the value cannot be <= 0 (PARA-040)
Warning: Coupling capacitor (in89:7 in92:7 0) on net in92 is discarded because the value cannot be <= 0 (PARA-040)
Warning: Coupling capacitor (in74:5 in93:9 0) on net in93 is discarded because the value cannot be <= 0 (PARA-040)
Warning: Coupling capacitor (in91:5 in94:7 0) on net in94 is discarded because the value cannot be <= 0 (PARA-040)
Warning: Coupling capacitor (in93:9 in94:7 0) on net in94 is discarded because the value cannot be <= 0 (PARA-040)
Warning: Coupling capacitor (in85:11 in98:11 0) on net in98 is discarded because the value cannot be <= 0 (PARA-040)
Warning: Coupling capacitor (ANTENNA_input92_A/DIODE ANTENNA_input100_A/DIODE 0) on net in99 is discarded because the value cannot be <= 0 (PARA-040)
Warning: Coupling capacitor (in91:5 ANTENNA_input100_A/DIODE 0) on net in99 is discarded because the value cannot be <= 0 (PARA-040)
Warning: Coupling capacitor (in91:5 in99:5 0) on net in99 is discarded because the value cannot be <= 0 (PARA-040)
Warning: Coupling capacitor (in56:9 out12 0) on net out12 is discarded because the value cannot be <= 0 (PARA-040)
Warning: Coupling capacitor (in56:9 out13 0) on net out13 is discarded because the value cannot be <= 0 (PARA-040)
Warning: Coupling capacitor (in80:11 out13 0) on net out13 is discarded because the value cannot be <= 0 (PARA-040)
Warning: Coupling capacitor (in71:5 out15 0) on net out15 is discarded because the value cannot be <= 0 (PARA-040)
Warning: Coupling capacitor (in79:5 out18 0) on net out18 is discarded because the value cannot be <= 0 (PARA-040)
Warning: Coupling capacitor (out18 out19 0) on net out19 is discarded because the value cannot be <= 0 (PARA-040)
Warning: Coupling capacitor (in6:11 out2 0) on net out2 is discarded because the value cannot be <= 0 (PARA-040)
Warning: Coupling capacitor (out12 out21 0) on net out21 is discarded because the value cannot be <= 0 (PARA-040)
Warning: Coupling capacitor (out19 out21 0) on net out21 is discarded because the value cannot be <= 0 (PARA-040)
Warning: Coupling capacitor (out23 out25 0) on net out25 is discarded because the value cannot be <= 0 (PARA-040)
Warning: Coupling capacitor (in23:9 out25 0) on net out25 is discarded because the value cannot be <= 0 (PARA-040)
Warning: Coupling capacitor (in44:9 out27 0) on net out27 is discarded because the value cannot be <= 0 (PARA-040)
Warning: Coupling capacitor (in95:7 out27 0) on net out27 is discarded because the value cannot be <= 0 (PARA-040)
Warning: Coupling capacitor (in22:7 out3 0) on net out3 is discarded because the value cannot be <= 0 (PARA-040)
Warning: Coupling capacitor (out23 out30 0) on net out30 is discarded because the value cannot be <= 0 (PARA-040)
Warning: Coupling capacitor (out24 out30 0) on net out30 is discarded because the value cannot be <= 0 (PARA-040)
Warning: Coupling capacitor (in1:9 out31 0) on net out31 is discarded because the value cannot be <= 0 (PARA-040)
Warning: Coupling capacitor (out15 out34 0) on net out34 is discarded because the value cannot be <= 0 (PARA-040)
Warning: Coupling capacitor (in96:5 out38 0) on net out38 is discarded because the value cannot be <= 0 (PARA-040)
Warning: Coupling capacitor (in40:5 out4 0) on net out4 is discarded because the value cannot be <= 0 (PARA-040)
Warning: Coupling capacitor (in79:5 out4 0) on net out4 is discarded because the value cannot be <= 0 (PARA-040)
Warning: Coupling capacitor (in23:9 out40 0) on net out40 is discarded because the value cannot be <= 0 (PARA-040)
Warning: Coupling capacitor (in81:9 out43 0) on net out43 is discarded because the value cannot be <= 0 (PARA-040)
Warning: Coupling capacitor (out33 out44 0) on net out44 is discarded because the value cannot be <= 0 (PARA-040)
Warning: Coupling capacitor (out31 out47 0) on net out47 is discarded because the value cannot be <= 0 (PARA-040)
Warning: Coupling capacitor (in84:9 out50 0) on net out50 is discarded because the value cannot be <= 0 (PARA-040)
Warning: Coupling capacitor (out38 out52 0) on net out52 is discarded because the value cannot be <= 0 (PARA-040)
Warning: Coupling capacitor (out53 out54 0) on net out54 is discarded because the value cannot be <= 0 (PARA-040)
Warning: Coupling capacitor (out24 out57 0) on net out57 is discarded because the value cannot be <= 0 (PARA-040)
Warning: Coupling capacitor (in95:7 out57 0) on net out57 is discarded because the value cannot be <= 0 (PARA-040)
Warning: Coupling capacitor (out52 out59 0) on net out59 is discarded because the value cannot be <= 0 (PARA-040)
Warning: Coupling capacitor (out54 out59 0) on net out59 is discarded because the value cannot be <= 0 (PARA-040)
Warning: Coupling capacitor (in88:7 out60 0) on net out60 is discarded because the value cannot be <= 0 (PARA-040)
Warning: Coupling capacitor (in99:5 out60 0) on net out60 is discarded because the value cannot be <= 0 (PARA-040)
Warning: Coupling capacitor (out58 out61 0) on net out61 is discarded because the value cannot be <= 0 (PARA-040)
Warning: Coupling capacitor (out53 out65 0) on net out65 is discarded because the value cannot be <= 0 (PARA-040)
Warning: Coupling capacitor (out58 out65 0) on net out65 is discarded because the value cannot be <= 0 (PARA-040)
Warning: Coupling capacitor (out47 out66 0) on net out66 is discarded because the value cannot be <= 0 (PARA-040)
Warning: Coupling capacitor (out66 out68 0) on net out68 is discarded because the value cannot be <= 0 (PARA-040)
Warning: Coupling capacitor (out11 out7 0) on net out7 is discarded because the value cannot be <= 0 (PARA-040)
Warning: Coupling capacitor (clk:11 out7 0) on net out7 is discarded because the value cannot be <= 0 (PARA-040)
Warning: Coupling capacitor (in87:11 out70 0) on net out70 is discarded because the value cannot be <= 0 (PARA-040)
Warning: Coupling capacitor (out43 out76 0) on net out76 is discarded because the value cannot be <= 0 (PARA-040)
Warning: Coupling capacitor (in1:9 out76 0) on net out76 is discarded because the value cannot be <= 0 (PARA-040)
Warning: Coupling capacitor (out68 out78 0) on net out78 is discarded because the value cannot be <= 0 (PARA-040)
Warning: Coupling capacitor (in96:5 out78 0) on net out78 is discarded because the value cannot be <= 0 (PARA-040)
Warning: Coupling capacitor (ANTENNA_input74_A/DIODE out79 0) on net out79 is discarded because the value cannot be <= 0 (PARA-040)
Warning: Coupling capacitor (in97:13 out83 0) on net out83 is discarded because the value cannot be <= 0 (PARA-040)
Warning: Coupling capacitor (out3 out86 0) on net out86 is discarded because the value cannot be <= 0 (PARA-040)
Warning: Coupling capacitor (out34 out86 0) on net out86 is discarded because the value cannot be <= 0 (PARA-040)
Warning: Coupling capacitor (in87:11 out88 0) on net out88 is discarded because the value cannot be <= 0 (PARA-040)
Warning: Coupling capacitor (in70:11 out89 0) on net out89 is discarded because the value cannot be <= 0 (PARA-040)
Warning: Coupling capacitor (out6 out9 0) on net out9 is discarded because the value cannot be <= 0 (PARA-040)
Warning: Coupling capacitor (out54 clkbuf_1_1__f_net180/A 0) on net clknet_0_net180 is discarded because the value cannot be <= 0 (PARA-040)
Warning: Coupling capacitor (out65 clkbuf_1_1__f_net180/A 0) on net clknet_0_net180 is discarded because the value cannot be <= 0 (PARA-040)
Warning: Coupling capacitor (clkbuf_1_0__f_net435/A clkbuf_1_1__f_net713/A 0) on net clknet_0_net713 is discarded because the value cannot be <= 0 (PARA-040)
Warning: Coupling capacitor (clkbuf_4_2_0_clk/A clkbuf_1_1__f_net836/A 0) on net clknet_0_net836 is discarded because the value cannot be <= 0 (PARA-040)
Warning: Coupling capacitor (clknet_0_clk:235 clkbuf_1_1__f_net836/A 0) on net clknet_0_net836 is discarded because the value cannot be <= 0 (PARA-040)
Warning: Coupling capacitor (out25 clkbuf_1_0__f_net853/A 0) on net clknet_0_net853 is discarded because the value cannot be <= 0 (PARA-040)
Warning: Coupling capacitor (clkbuf_4_0_0_clk/A clkbuf_1_1__f_net868/A 0) on net clknet_0_net868 is discarded because the value cannot be <= 0 (PARA-040)
Warning: Coupling capacitor (out31 clkbuf_1_1__f_net93/A 0) on net clknet_0_net93 is discarded because the value cannot be <= 0 (PARA-040)
Warning: Coupling capacitor (clkbuf_1_1__f_net844/A c364/A3 0) on net clknet_1_0__leaf_net177 is discarded because the value cannot be <= 0 (PARA-040)
Warning: Coupling capacitor (clknet_0_net673:41 clknet_1_0__leaf_net316:10 0) on net clknet_1_0__leaf_net316 is discarded because the value cannot be <= 0 (PARA-040)
Warning: Coupling capacitor (c689/A0 c701/A0 0) on net clknet_1_0__leaf_net450 is discarded because the value cannot be <= 0 (PARA-040)
Warning: Coupling capacitor (clkbuf_1_0__f_net483/A clknet_1_0__leaf_net466:12 0) on net clknet_1_0__leaf_net466 is discarded because the value cannot be <= 0 (PARA-040)
Note - message 'PARA-040' default limit (100) exceeded.  Remainder will be suppressed.
Warning: Net 'net253' is multi-driven. (DES-023)
Warning: Net 'net348' is multi-driven. (DES-023)
Warning: Net 'net42' is multi-driven. (DES-023)
Warning: Net 'net851' is multi-driven. (DES-023)
Warning: Net 'net853' is multi-driven. (DES-023)

****************************************
Report : read_parasitics /nas/ei/home/ge78pav/TM_power/TM_openlane/TM_openlane_single_max/TM_openlane_max_cr/TM_openlane_max_cr_mid/netlist_1/low/spef/netlist_1.nom.spef
Design : netlist_1
Version: Q-2019.12-SP1
Date   : Mon Aug 19 17:49:25 2024
****************************************

        0 error(s)
        Format is SPEF
        Annotated nets                   :         1529
        Annotated capacitances           :        15611
        Annotated resistances            :        14082
        Reduced coupling capacitances    :        32691
        Annotated PI models              :            0
        Annotated Elmore delays          :            0

