****************************************
Report : Averaged Power
	-net_power
	-hierarchy
	-sort_by net_switching_power
	-power_greater_than       0
	-nosplit
Design : netlist_1
Version: Q-2019.12-SP1
Date   : Wed Aug 21 14:23:40 2024
****************************************



  Attributes
  ----------
      a  -  Switching activity information / Switching power information annotated on net
      p  -  Propagated switching activity information on net
      d  -  Default switching activity used on net
      u  -  Net switching activity uninitialized
      m  -  Net is driven by multiple pins
      b  -  Net is a primary input (boundary net)

		Toggle rates reported with respect to time unit 1ns
--------------------------------------------------------------------------------
                                  Total      Static   Toggle   Switching
Net                         Vdd   Net Load   Prob.    Rate     Power      Attrs
--------------------------------------------------------------------------------
net252                      1.80    0.131    0.690    0.4898   1.037e-04  p
net389                      1.80    0.055    0.646    0.4996   4.473e-05  p
net390                      1.80    0.041    0.646    0.4996   3.281e-05  p
net276                      1.80    0.040    0.598    0.4989   3.245e-05  p
clknet_0_clk                1.80    0.194    0.500    0.1000   3.142e-05  a
net397                      1.80    0.033    0.666    0.4998   2.685e-05  p
net399                      1.80    0.033    0.666    0.4998   2.635e-05  p
net127                      1.80    0.050    0.490    0.2794   2.279e-05  p
net113                      1.80    0.048    0.498    0.2722   2.114e-05  p
net254                      1.80    0.025    0.310    0.4901   1.961e-05  p
net281                      1.80    0.023    0.690    0.4898   1.811e-05  p
clknet_0_net528             1.80    0.019    0.560    0.5430   1.688e-05  p
net994                      1.80    0.052    0.503    0.1910   1.596e-05  p
clknet_4_1_0_clk            1.80    0.088    0.500    0.1000   1.430e-05  a
clknet_4_15_0_clk           1.80    0.088    0.500    0.1000   1.419e-05  a
net282                      1.80    0.022    0.793    0.3552   1.288e-05  p
net253                      1.80    0.014    0.493    0.5385   1.260e-05  p
net24                       1.80    0.074    0.488    0.0992   1.192e-05  p
clknet_4_3_0_clk            1.80    0.073    0.500    0.1000   1.181e-05  a
net992                      1.80    0.072    0.492    0.0994   1.167e-05  p
clknet_4_12_0_clk           1.80    0.071    0.500    0.1000   1.158e-05  a
net357                      1.80    0.029    0.522    0.2408   1.135e-05  p
clknet_4_13_0_clk           1.80    0.070    0.500    0.1000   1.130e-05  a
clknet_4_0_0_clk            1.80    0.067    0.500    0.1000   1.089e-05  a
clknet_4_14_0_clk           1.80    0.065    0.500    0.1000   1.054e-05  a
net539                      1.80    0.047    0.162    0.1305   1.002e-05  p
clknet_4_2_0_clk            1.80    0.061    0.500    0.1000   9.808e-06  a
net540                      1.80    0.045    0.185    0.1343   9.743e-06  p
net285                      1.80    0.041    0.897    0.1431   9.539e-06  p
clknet_4_11_0_clk           1.80    0.058    0.500    0.1000   9.371e-06  a
clknet_4_7_0_clk            1.80    0.056    0.500    0.1000   9.111e-06  a
net354                      1.80    0.024    0.511    0.2318   8.983e-06  p
clknet_4_9_0_clk            1.80    0.053    0.500    0.1000   8.596e-06  a
net520                      1.80    0.011    0.463    0.5011   8.577e-06  p
net528                      1.80    0.010    0.560    0.5430   8.541e-06  p
clknet_4_4_0_clk            1.80    0.051    0.500    0.1000   8.315e-06  a
net119                      1.80    0.014    0.499    0.3450   7.922e-06  p
net521                      1.80    0.010    0.690    0.4898   7.781e-06  p
net124                      1.80    0.025    0.741    0.1871   7.675e-06  p
clknet_4_10_0_clk           1.80    0.044    0.500    0.1000   7.194e-06  a
net250                      1.80    0.039    0.428    0.1120   7.164e-06  p
net278                      1.80    0.009    0.612    0.4928   6.849e-06  p
net549                      1.80    0.031    0.185    0.1343   6.755e-06  p
clknet_0_net307             1.80    0.019    0.428    0.2170   6.648e-06  p
net77                       1.80    0.039    0.495    0.1019   6.519e-06  p
net342                      1.80    0.036    0.428    0.1120   6.519e-06  p
net305                      1.80    0.023    0.656    0.1765   6.494e-06  p
net505                      1.80    0.030    0.096    0.1312   6.470e-06  p
net3                        1.80    0.019    0.622    0.2078   6.401e-06  p
net9                        1.80    0.019    0.532    0.2044   6.371e-06  p
net121                      1.80    0.027    0.737    0.1473   6.362e-06  p
net892                      1.80    0.022    0.317    0.1738   6.131e-06  p
net72                       1.80    0.033    0.489    0.1152   6.116e-06  p
net31                       1.80    0.031    0.432    0.1194   6.055e-06  p
net334                      1.80    0.040    0.551    0.0935   6.046e-06  p
clknet_4_8_0_clk            1.80    0.036    0.500    0.1000   5.909e-06  a
net345                      1.80    0.029    0.477    0.1263   5.903e-06  p
net0                        1.80    0.019    0.503    0.1886   5.868e-06  p
clknet_4_6_0_clk            1.80    0.036    0.500    0.1000   5.839e-06  a
net323                      1.80    0.066    0.669    0.0547   5.832e-06  p
net398                      1.80    0.027    0.162    0.1305   5.751e-06  p
net644                      1.80    0.025    0.791    0.1355   5.508e-06  p
clknet_0_net448             1.80    0.020    0.453    0.1721   5.494e-06  p
net215                      1.80    0.016    0.630    0.2149   5.442e-06  p
clknet_0_net164             1.80    0.018    0.496    0.1826   5.420e-06  p
net122                      1.80    0.030    0.509    0.1092   5.292e-06  p
net997                      1.80    0.006    0.493    0.5385   5.140e-06  p
net50                       1.80    0.026    0.488    0.1168   4.891e-06  p
net346                      1.80    0.023    0.477    0.1263   4.802e-06  p
net29                       1.80    0.030    0.512    0.0992   4.741e-06  p
clknet_4_5_0_clk            1.80    0.029    0.500    0.1000   4.686e-06  a
net348                      1.80    0.022    0.904    0.1312   4.601e-06  p
net965                      1.80    0.028    0.500    0.1000   4.572e-06  a
net982                      1.80    0.020    0.149    0.1361   4.435e-06  p
net269                      1.80    0.006    0.555    0.4762   4.429e-06  p
clknet_1_0__leaf_net923     1.80    0.051    0.262    0.0529   4.396e-06  p
net972                      1.80    0.027    0.500    0.1000   4.363e-06  a
net970                      1.80    0.026    0.500    0.1000   4.190e-06  a
net971                      1.80    0.025    0.500    0.1000   4.126e-06  a
net734                      1.80    0.005    0.690    0.4900   4.039e-06  p
net544                      1.80    0.017    0.552    0.1438   3.983e-06  p
net68                       1.80    0.024    0.488    0.0992   3.906e-06  p
clknet_1_1__leaf_net528     1.80    0.004    0.560    0.5430   3.853e-06  p
clknet_1_0__leaf_net307     1.80    0.011    0.428    0.2170   3.822e-06  p
clknet_0_net585             1.80    0.020    0.480    0.1200   3.812e-06  p
net995                      1.80    0.015    0.350    0.1580   3.768e-06  p
net264                      1.80    0.015    0.350    0.1580   3.757e-06  p
net459                      1.80    0.025    0.551    0.0935   3.714e-06  p
net115                      1.80    0.008    0.493    0.2721   3.680e-06  p
net1038                     1.80    0.023    0.488    0.0992   3.645e-06  p
net268                      1.80    0.005    0.445    0.4762   3.633e-06  p
net55                       1.80    0.019    0.521    0.1192   3.619e-06  p
clknet_1_1__leaf_net307     1.80    0.010    0.428    0.2170   3.597e-06  p
net307                      1.80    0.010    0.428    0.2170   3.587e-06  p
net509                      1.80    0.016    0.851    0.1360   3.560e-06  p
net1000                     1.80    0.004    0.493    0.5385   3.466e-06  p
net998                      1.80    0.004    0.493    0.5385   3.413e-06  p
net351                      1.80    0.010    0.495    0.2173   3.368e-06  p
net296                      1.80    0.004    0.635    0.4725   3.319e-06  p
net5                        1.80    0.017    0.557    0.1227   3.303e-06  p
clknet_0_net445             1.80    0.020    0.471    0.1023   3.255e-06  p
clknet_0_net686             1.80    0.020    0.485    0.1004   3.243e-06  p
net403                      1.80    0.004    0.690    0.4898   3.239e-06  p
net132                      1.80    0.010    0.710    0.2056   3.193e-06  p
net78                       1.80    0.019    0.505    0.1019   3.184e-06  p
clknet_1_0__leaf_net321     1.80    0.034    0.383    0.0573   3.171e-06  p
net112                      1.80    0.010    0.503    0.1910   3.146e-06  p
net922                      1.80    0.023    0.420    0.0848   3.129e-06  p
net8                        1.80    0.010    0.499    0.1926   3.097e-06  p
net973                      1.80    0.019    0.500    0.1000   3.090e-06  a
clknet_0_net898             1.80    0.019    0.485    0.1004   3.048e-06  p
net546                      1.80    0.014    0.162    0.1305   3.033e-06  p
net550                      1.80    0.014    0.162    0.1305   3.002e-06  p
net261                      1.80    0.004    0.782    0.5085   2.996e-06  p
clknet_0_net525             1.80    0.021    0.591    0.0875   2.966e-06  p
net326                      1.80    0.018    0.585    0.1041   2.956e-06  p
net118                      1.80    0.007    0.500    0.2714   2.943e-06  p
net257                      1.80    0.016    0.572    0.1120   2.936e-06  p
net298                      1.80    0.010    0.317    0.1738   2.923e-06  p
net979                      1.80    0.018    0.500    0.1000   2.879e-06  a
net117                      1.80    0.009    0.505    0.1993   2.876e-06  p
clknet_1_0__leaf_net652     1.80    0.030    0.282    0.0590   2.862e-06  p
net270                      1.80    0.004    0.704    0.4903   2.809e-06  p
net163                      1.80    0.014    0.487    0.1207   2.802e-06  p
clknet_0_net415             1.80    0.020    0.420    0.0848   2.798e-06  p
clknet_0_net523             1.80    0.020    0.420    0.0848   2.765e-06  p
clknet_1_1__leaf_net523     1.80    0.020    0.420    0.0848   2.753e-06  p
net593                      1.80    0.036    0.464    0.0465   2.750e-06  p
net492                      1.80    0.011    0.671    0.1498   2.748e-06  p
net986                      1.80    0.032    0.487    0.0537   2.745e-06  p
clknet_0_net514             1.80    0.020    0.420    0.0848   2.738e-06  p
net585                      1.80    0.014    0.480    0.1200   2.705e-06  p
clknet_1_0__leaf_net448     1.80    0.010    0.453    0.1721   2.683e-06  p
net227                      1.80    0.013    0.492    0.1252   2.650e-06  p
net677                      1.80    0.028    0.385    0.0584   2.639e-06  p
clknet_0_net440             1.80    0.019    0.575    0.0846   2.639e-06  p
clknet_0_net945             1.80    0.020    0.396    0.0802   2.638e-06  p
clknet_0_net414             1.80    0.019    0.420    0.0848   2.634e-06  p
net80                       1.80    0.015    0.505    0.1099   2.632e-06  p
net313                      1.80    0.017    0.798    0.0936   2.613e-06  p
clknet_0_net515             1.80    0.019    0.420    0.0848   2.569e-06  p
clknet_0_net922             1.80    0.019    0.420    0.0848   2.568e-06  p
net131                      1.80    0.014    0.428    0.1120   2.550e-06  p
clknet_0_net413             1.80    0.018    0.420    0.0848   2.542e-06  p
clknet_0_net419             1.80    0.018    0.420    0.0848   2.528e-06  p
net164                      1.80    0.009    0.496    0.1826   2.515e-06  p
net93                       1.80    0.014    0.490    0.1072   2.514e-06  p
clknet_1_0__leaf_net523     1.80    0.018    0.420    0.0848   2.500e-06  p
net369                      1.80    0.014    0.491    0.1123   2.461e-06  p
net491                      1.80    0.016    0.605    0.0920   2.412e-06  pm
net975                      1.80    0.015    0.500    0.1000   2.405e-06  a
net472                      1.80    0.069    0.576    0.0211   2.358e-06  p
clknet_1_1__leaf_net923     1.80    0.027    0.262    0.0529   2.355e-06  p
net126                      1.80    0.008    0.740    0.1814   2.354e-06  p
net128                      1.80    0.007    0.370    0.2149   2.349e-06  p
clknet_0_net260             1.80    0.018    0.396    0.0802   2.340e-06  p
net256                      1.80    0.003    0.597    0.5212   2.340e-06  p
net263                      1.80    0.011    0.791    0.1355   2.331e-06  p
net353                      1.80    0.010    0.513    0.1472   2.327e-06  p
net900                      1.80    0.013    0.356    0.1072   2.325e-06  p
net959                      1.80    0.014    0.500    0.1000   2.309e-06  a
clknet_0_net901             1.80    0.020    0.349    0.0695   2.302e-06  p
net205                      1.80    0.055    0.925    0.0256   2.293e-06  p
net448                      1.80    0.008    0.453    0.1721   2.287e-06  p
clknet_0_net439             1.80    0.020    0.349    0.0695   2.274e-06  p
net733                      1.80    0.003    0.310    0.4900   2.264e-06  p
clknet_0_net255             1.80    0.017    0.396    0.0802   2.261e-06  p
net545                      1.80    0.010    0.185    0.1343   2.251e-06  p
net506                      1.80    0.010    0.149    0.1361   2.249e-06  p
net316                      1.80    0.059    0.546    0.0233   2.215e-06  p
clknet_0_net924             1.80    0.020    0.340    0.0698   2.213e-06  p
net150                      1.80    0.015    0.608    0.0900   2.211e-06  p
clknet_0_net441             1.80    0.019    0.349    0.0695   2.194e-06  p
net359                      1.80    0.012    0.519    0.1101   2.117e-06  p
clknet_0_net321             1.80    0.023    0.383    0.0573   2.099e-06  p
net137                      1.80    0.052    0.474    0.0245   2.053e-06  p
net755                      1.80    0.010    0.904    0.1312   2.034e-06  p
clknet_1_0__leaf_net164     1.80    0.007    0.496    0.1826   2.032e-06  p
clknet_0_net923             1.80    0.023    0.262    0.0529   2.007e-06  p
clknet_1_0__leaf_net528     1.80    0.002    0.560    0.5430   1.998e-06  p
net373                      1.80    0.039    0.053    0.0307   1.927e-06  p
net754                      1.80    0.012    0.500    0.1000   1.924e-06  a
net547                      1.80    0.008    0.563    0.1457   1.915e-06  p
clknet_0_net574             1.80    0.019    0.272    0.0610   1.897e-06  p
net352                      1.80    0.009    0.904    0.1312   1.896e-06  p
net404                      1.80    0.008    0.065    0.1430   1.879e-06  p
net231                      1.80    0.029    0.389    0.0393   1.867e-06  p
clknet_0_net652             1.80    0.019    0.282    0.0590   1.862e-06  p
net661                      1.80    0.043    0.422    0.0264   1.857e-06  p
net133                      1.80    0.051    0.581    0.0222   1.824e-06  p
net297                      1.80    0.003    0.692    0.3977   1.824e-06  p
net419                      1.80    0.013    0.420    0.0848   1.803e-06  p
net146                      1.80    0.009    0.496    0.1229   1.796e-06  p
net898                      1.80    0.011    0.485    0.1004   1.757e-06  p
clknet_0_net657             1.80    0.020    0.262    0.0529   1.747e-06  p
net16                       1.80    0.005    0.693    0.2040   1.741e-06  p
net94                       1.80    0.010    0.490    0.1072   1.738e-06  p
net584                      1.80    0.023    0.464    0.0465   1.726e-06  p
clknet_1_1__leaf_net413     1.80    0.013    0.420    0.0848   1.725e-06  p
net513                      1.80    0.010    0.412    0.1045   1.718e-06  p
net408                      1.80    0.002    0.641    0.4861   1.717e-06  p
net17                       1.80    0.005    0.659    0.1974   1.709e-06  p
clknet_0_net138             1.80    0.021    0.251    0.0489   1.696e-06  p
net582                      1.80    0.032    0.462    0.0325   1.690e-06  p
net907                      1.80    0.048    0.071    0.0218   1.685e-06  p
clknet_0_net944             1.80    0.021    0.251    0.0489   1.672e-06  p
clknet_1_1__leaf_net439     1.80    0.015    0.349    0.0695   1.667e-06  p
clknet_0_net135             1.80    0.021    0.251    0.0489   1.661e-06  p
clknet_1_0__leaf_net255     1.80    0.013    0.396    0.0802   1.651e-06  p
net652                      1.80    0.017    0.282    0.0590   1.646e-06  p
net686                      1.80    0.010    0.485    0.1004   1.614e-06  p
net560                      1.80    0.032    0.229    0.0308   1.610e-06  p
clknet_0_net33              1.80    0.019    0.266    0.0522   1.605e-06  p
net69                       1.80    0.010    0.488    0.0992   1.583e-06  p
net39                       1.80    0.009    0.469    0.1075   1.564e-06  p
clknet_0_net759             1.80    0.020    0.251    0.0489   1.560e-06  p
clknet_1_1__leaf_net414     1.80    0.011    0.420    0.0848   1.557e-06  p
net445                      1.80    0.009    0.471    0.1023   1.557e-06  p
clknet_0_net943             1.80    0.018    0.266    0.0522   1.557e-06  p
net523                      1.80    0.011    0.420    0.0848   1.546e-06  p
clknet_0_net302             1.80    0.020    0.251    0.0489   1.545e-06  p
clknet_0_net794             1.80    0.019    0.251    0.0489   1.540e-06  p
clknet_0_net178             1.80    0.019    0.251    0.0489   1.537e-06  p
clknet_0_net660             1.80    0.018    0.299    0.0525   1.533e-06  p
clknet_0_net301             1.80    0.019    0.251    0.0489   1.528e-06  p
net134                      1.80    0.038    0.474    0.0245   1.516e-06  p
net654                      1.80    0.042    0.410    0.0222   1.516e-06  p
clknet_0_net157             1.80    0.019    0.251    0.0489   1.515e-06  p
net967                      1.80    0.009    0.500    0.1000   1.507e-06  a
clknet_0_net310             1.80    0.019    0.251    0.0489   1.507e-06  p
clknet_1_0__leaf_net514     1.80    0.011    0.420    0.0848   1.504e-06  p
clknet_0_net745             1.80    0.019    0.251    0.0489   1.503e-06  p
clknet_1_1__leaf_net652     1.80    0.016    0.282    0.0590   1.499e-06  p
net525                      1.80    0.011    0.591    0.0875   1.496e-06  p
net815                      1.80    0.009    0.500    0.1000   1.482e-06  a
net92                       1.80    0.047    0.714    0.0196   1.478e-06  pm
net923                      1.80    0.017    0.262    0.0529   1.427e-06  p
net329                      1.80    0.017    0.333    0.0506   1.409e-06  p
net255                      1.80    0.011    0.396    0.0802   1.402e-06  p
clknet_1_1__leaf_net514     1.80    0.010    0.420    0.0848   1.402e-06  p
clknet_1_0__leaf_net440     1.80    0.010    0.575    0.0846   1.396e-06  p
net202                      1.80    0.039    0.085    0.0221   1.395e-06  p
net413                      1.80    0.010    0.420    0.0848   1.386e-06  p
net279                      1.80    0.045    0.702    0.0189   1.384e-06  p
net41                       1.80    0.008    0.519    0.1101   1.377e-06  p
net365                      1.80    0.063    0.285    0.0135   1.375e-06  p
net446                      1.80    0.005    0.685    0.1623   1.373e-06  p
clknet_1_0__leaf_net178     1.80    0.017    0.251    0.0489   1.372e-06  p
clknet_1_1__leaf_net585     1.80    0.007    0.480    0.1200   1.364e-06  p
clknet_1_0__leaf_net260     1.80    0.010    0.396    0.0802   1.358e-06  p
net18                       1.80    0.005    0.592    0.1854   1.356e-06  p
net85                       1.80    0.007    0.478    0.1283   1.355e-06  p
clknet_1_0__leaf_net445     1.80    0.008    0.471    0.1023   1.352e-06  p
net980                      1.80    0.022    0.468    0.0378   1.348e-06  p
clknet_1_0__leaf_net901     1.80    0.012    0.349    0.0695   1.344e-06  p
net840                      1.80    0.004    0.430    0.1973   1.340e-06  p
net675                      1.80    0.027    0.525    0.0302   1.332e-06  p
net428                      1.80    0.021    0.465    0.0387   1.330e-06  p
net460                      1.80    0.012    0.349    0.0695   1.324e-06  p
net333                      1.80    0.015    0.736    0.0553   1.313e-06  p
net952                      1.80    0.010    0.373    0.0775   1.303e-06  p
net154                      1.80    0.008    0.740    0.0941   1.279e-06  p
net130                      1.80    0.006    0.751    0.1365   1.278e-06  p
net858                      1.80    0.003    0.797    0.2654   1.269e-06  p
net515                      1.80    0.009    0.420    0.0848   1.266e-06  p
net934                      1.80    0.006    0.162    0.1305   1.262e-06  p
net563                      1.80    0.005    0.243    0.1415   1.259e-06  p
net469                      1.80    0.008    0.492    0.0994   1.259e-06  p
clknet_1_0__leaf_net439     1.80    0.011    0.349    0.0695   1.258e-06  p
clknet_1_0__leaf_net414     1.80    0.009    0.420    0.0848   1.245e-06  p
net178                      1.80    0.016    0.251    0.0489   1.243e-06  p
net172                      1.80    0.010    0.306    0.0753   1.231e-06  p
net514                      1.80    0.009    0.420    0.0848   1.228e-06  p
net379                      1.80    0.019    0.025    0.0407   1.226e-06  p
net844                      1.80    0.003    0.412    0.2201   1.219e-06  p
net139                      1.80    0.016    0.545    0.0460   1.218e-06  p
net355                      1.80    0.008    0.500    0.0935   1.217e-06  p
net440                      1.80    0.009    0.575    0.0846   1.204e-06  p
net457                      1.80    0.008    0.551    0.0935   1.199e-06  p
net180                      1.80    0.041    0.075    0.0178   1.197e-06  p
net483                      1.80    0.021    0.568    0.0346   1.197e-06  p
net415                      1.80    0.009    0.420    0.0848   1.197e-06  p
clknet_0_net666             1.80    0.019    0.349    0.0387   1.195e-06  p
net67                       1.80    0.020    0.122    0.0368   1.186e-06  p
net945                      1.80    0.009    0.396    0.0802   1.186e-06  p
clknet_1_1__leaf_net445     1.80    0.007    0.471    0.1023   1.181e-06  p
net823                      1.80    0.003    0.630    0.2146   1.179e-06  p
net71                       1.80    0.006    0.521    0.1149   1.172e-06  p
net183                      1.80    0.032    0.498    0.0227   1.167e-06  p
net888                      1.80    0.011    0.303    0.0669   1.160e-06  p
clknet_1_0__leaf_net898     1.80    0.007    0.485    0.1004   1.155e-06  p
clknet_1_0__leaf_net924     1.80    0.010    0.340    0.0698   1.149e-06  p
net953                      1.80    0.005    0.791    0.1355   1.140e-06  p
net887                      1.80    0.011    0.697    0.0669   1.138e-06  p
net95                       1.80    0.007    0.492    0.0992   1.135e-06  p
net414                      1.80    0.008    0.420    0.0848   1.134e-06  p
net901                      1.80    0.010    0.349    0.0695   1.134e-06  p
net993                      1.80    0.096    0.919    0.0072   1.131e-06  p
net977                      1.80    0.007    0.500    0.1000   1.127e-06  a
net259                      1.80    0.004    0.401    0.1631   1.125e-06  p
net758                      1.80    0.005    0.162    0.1305   1.122e-06  p
net429                      1.80    0.013    0.356    0.0526   1.120e-06  p
net658                      1.80    0.015    0.217    0.0452   1.107e-06  p
net151                      1.80    0.008    0.620    0.0894   1.091e-06  p
clknet_1_0__leaf_net413     1.80    0.008    0.420    0.0848   1.089e-06  p
net12                       1.80    0.010    0.823    0.0689   1.086e-06  p
net933                      1.80    0.006    0.428    0.1120   1.082e-06  p
net10                       1.80    0.003    0.695    0.2005   1.080e-06  p
net260                      1.80    0.008    0.396    0.0802   1.073e-06  p
net964                      1.80    0.007    0.500    0.1000   1.067e-06  a
net974                      1.80    0.007    0.500    0.1000   1.058e-06  a
net159                      1.80    0.028    0.500    0.0233   1.057e-06  p
net924                      1.80    0.009    0.340    0.0698   1.054e-06  p
net623                      1.80    0.027    0.566    0.0245   1.052e-06  p
net822                      1.80    0.003    0.370    0.2146   1.048e-06  p
net308                      1.80    0.003    0.473    0.2326   1.044e-06  p
net1007                     1.80    0.006    0.519    0.1101   1.042e-06  p
net327                      1.80    0.013    0.667    0.0506   1.041e-06  p
net1001                     1.80    0.006    0.572    0.1120   1.035e-06  p
net156                      1.80    0.006    0.500    0.1068   1.027e-06  p
net512                      1.80    0.019    0.158    0.0327   1.027e-06  p
net441                      1.80    0.009    0.349    0.0695   1.024e-06  p
net2                        1.80    0.003    0.494    0.1902   1.021e-06  p
net489                      1.80    0.012    0.261    0.0548   1.021e-06  p
clknet_1_0__leaf_net922     1.80    0.007    0.420    0.0848   1.020e-06  p
net344                      1.80    0.036    0.534    0.0175   1.019e-06  p
net683                      1.80    0.007    0.636    0.0905   1.017e-06  p
net732                      1.80    0.005    0.096    0.1312   1.016e-06  p
net84                       1.80    0.005    0.489    0.1152   1.016e-06  p
net841                      1.80    0.003    0.164    0.2403   1.012e-06  p
clknet_1_1__leaf_net515     1.80    0.007    0.420    0.0848   1.012e-06  p
net212                      1.80    0.033    0.275    0.0188   9.969e-07  p
net857                      1.80    0.005    0.372    0.1333   9.963e-07  p
net439                      1.80    0.009    0.349    0.0695   9.962e-07  p
net114                      1.80    0.006    0.502    0.1009   9.958e-07  p
clknet_1_1__leaf_net525     1.80    0.007    0.591    0.0875   9.939e-07  p
net46                       1.80    0.030    0.905    0.0199   9.821e-07  p
net4                        1.80    0.003    0.502    0.1916   9.794e-07  p
net14                       1.80    0.003    0.612    0.1937   9.648e-07  p
net43                       1.80    0.034    0.942    0.0176   9.637e-07  p
clknet_1_0__leaf_net686     1.80    0.006    0.485    0.1004   9.636e-07  p
clknet_0_net532             1.80    0.019    0.163    0.0317   9.627e-07  p
net829                      1.80    0.003    0.586    0.1901   9.611e-07  p
net555                      1.80    0.007    0.233    0.0841   9.459e-07  p
net228                      1.80    0.020    0.800    0.0290   9.428e-07  p
net850                      1.80    0.002    0.574    0.2498   9.412e-07  p
clknet_1_1__leaf_net901     1.80    0.008    0.349    0.0695   9.342e-07  p
net609                      1.80    0.018    0.421    0.0326   9.335e-07  p
net438                      1.80    0.016    0.562    0.0354   9.322e-07  p
clknet_1_1__leaf_net321     1.80    0.010    0.383    0.0573   9.307e-07  p
net741                      1.80    0.003    0.771    0.1793   9.293e-07  p
net340                      1.80    0.005    0.309    0.1095   9.276e-07  p
net436                      1.80    0.015    0.462    0.0377   9.265e-07  p
net960                      1.80    0.006    0.500    0.1000   9.261e-07  a
net339                      1.80    0.006    0.475    0.1009   9.044e-07  p
net911                      1.80    0.006    0.500    0.1000   9.026e-07  a
net258                      1.80    0.004    0.692    0.1311   8.963e-07  p
net434                      1.80    0.013    0.634    0.0410   8.945e-07  p
clknet_1_0__leaf_net157     1.80    0.011    0.251    0.0489   8.925e-07  p
net138                      1.80    0.011    0.251    0.0489   8.873e-07  p
net884                      1.80    0.004    0.444    0.1516   8.762e-07  p
net1046                     1.80    0.005    0.492    0.0992   8.752e-07  p
net86                       1.80    0.005    0.282    0.1029   8.729e-07  p
net501                      1.80    0.049    0.871    0.0110   8.699e-07  p
net963                      1.80    0.005    0.500    0.1000   8.688e-07  a
net63                       1.80    0.021    0.741    0.0254   8.681e-07  p
net33                       1.80    0.010    0.266    0.0522   8.632e-07  p
clknet_1_0__leaf_net301     1.80    0.011    0.251    0.0489   8.608e-07  p
net961                      1.80    0.005    0.500    0.1000   8.581e-07  a
net1                        1.80    0.004    0.628    0.1408   8.579e-07  p
net187                      1.80    0.017    0.877    0.0306   8.575e-07  p
net788                      1.80    0.006    0.636    0.0858   8.555e-07  p
net567                      1.80    0.039    0.697    0.0134   8.547e-07  p
net361                      1.80    0.004    0.661    0.1239   8.545e-07  p
net465                      1.80    0.036    0.522    0.0147   8.512e-07  p
net158                      1.80    0.023    0.585    0.0228   8.447e-07  p
net241                      1.80    0.016    0.345    0.0332   8.420e-07  p
net574                      1.80    0.009    0.272    0.0610   8.415e-07  p
net332                      1.80    0.005    0.495    0.1037   8.407e-07  p
net328                      1.80    0.005    0.508    0.0994   8.391e-07  p
clknet_0_net196             1.80    0.020    0.505    0.0259   8.373e-07  p
clknet_1_0__leaf_net302     1.80    0.011    0.251    0.0489   8.352e-07  p
net393                      1.80    0.039    0.013    0.0131   8.347e-07  p
net978                      1.80    0.005    0.500    0.1000   8.344e-07  a
net891                      1.80    0.029    0.075    0.0178   8.336e-07  p
net274                      1.80    0.027    0.702    0.0189   8.248e-07  p
net984                      1.80    0.022    0.247    0.0228   8.230e-07  p
clknet_1_1__leaf_net686     1.80    0.005    0.485    0.1004   8.209e-07  p
clknet_1_1__leaf_net157     1.80    0.010    0.251    0.0489   8.180e-07  p
net962                      1.80    0.005    0.500    0.1000   8.088e-07  a
net793                      1.80    0.004    0.565    0.1300   8.070e-07  p
net302                      1.80    0.010    0.251    0.0489   8.032e-07  p
net70                       1.80    0.005    0.488    0.0992   8.029e-07  p
net561                      1.80    0.055    0.876    0.0090   8.003e-07  p
net985                      1.80    0.004    0.629    0.1212   7.998e-07  p
net990                      1.80    0.027    0.625    0.0183   7.973e-07  p
net657                      1.80    0.009    0.262    0.0529   7.952e-07  p
net589                      1.80    0.006    0.373    0.0775   7.927e-07  p
net272                      1.80    0.003    0.476    0.1591   7.922e-07  p
net552                      1.80    0.015    0.943    0.0328   7.873e-07  p
net11                       1.80    0.007    0.177    0.0689   7.872e-07  p
net894                      1.80    0.022    0.036    0.0220   7.860e-07  p
net321                      1.80    0.008    0.383    0.0573   7.838e-07  p
net759                      1.80    0.010    0.251    0.0489   7.823e-07  p
net1053                     1.80    0.003    0.556    0.1516   7.818e-07  p
net301                      1.80    0.010    0.251    0.0489   7.799e-07  p
clknet_1_0__leaf_net525     1.80    0.006    0.591    0.0875   7.799e-07  p
net507                      1.80    0.004    0.096    0.1312   7.788e-07  p
net803                      1.80    0.004    0.904    0.1312   7.782e-07  p
net199                      1.80    0.026    0.290    0.0186   7.771e-07  p
net484                      1.80    0.024    0.343    0.0202   7.744e-07  p
net226                      1.80    0.027    0.534    0.0175   7.670e-07  p
clknet_1_0__leaf_net415     1.80    0.006    0.420    0.0848   7.659e-07  p
net430                      1.80    0.016    0.491    0.0286   7.651e-07  p
clknet_1_0__leaf_net585     1.80    0.004    0.480    0.1200   7.592e-07  p
net157                      1.80    0.010    0.251    0.0489   7.586e-07  p
net890                      1.80    0.009    0.261    0.0548   7.578e-07  p
net862                      1.80    0.007    0.679    0.0630   7.557e-07  p
clknet_1_1__leaf_net924     1.80    0.007    0.340    0.0698   7.546e-07  p
net427                      1.80    0.021    0.552    0.0222   7.511e-07  p
net696                      1.80    0.011    0.275    0.0406   7.495e-07  p
net32                       1.80    0.020    0.498    0.0227   7.425e-07  p
net277                      1.80    0.024    0.968    0.0190   7.413e-07  p
net44                       1.80    0.023    0.905    0.0199   7.410e-07  p
net135                      1.80    0.009    0.251    0.0489   7.404e-07  p
net843                      1.80    0.002    0.538    0.2293   7.386e-07  p
net1010                     1.80    0.004    0.418    0.1158   7.384e-07  p
net618                      1.80    0.012    0.580    0.0390   7.380e-07  p
net471                      1.80    0.031    0.491    0.0147   7.360e-07  p
net360                      1.80    0.004    0.556    0.1218   7.356e-07  p
net579                      1.80    0.006    0.656    0.0783   7.347e-07  p
clknet_1_0__leaf_net310     1.80    0.009    0.251    0.0489   7.328e-07  p
net76                       1.80    0.004    0.511    0.1152   7.304e-07  p
net679                      1.80    0.005    0.635    0.0873   7.291e-07  p
net588                      1.80    0.030    0.491    0.0147   7.267e-07  p
net802                      1.80    0.003    0.096    0.1312   7.259e-07  p
net660                      1.80    0.009    0.299    0.0525   7.239e-07  p
net943                      1.80    0.009    0.266    0.0522   7.235e-07  p
net769                      1.80    0.006    0.373    0.0775   7.226e-07  p
net141                      1.80    0.003    0.494    0.1417   7.163e-07  p
clknet_1_0__leaf_net515     1.80    0.005    0.420    0.0848   7.161e-07  p
net926                      1.80    0.006    0.761    0.0694   7.118e-07  p
net669                      1.80    0.010    0.228    0.0457   7.114e-07  p
net433                      1.80    0.005    0.420    0.0848   7.098e-07  p
net870                      1.80    0.014    0.153    0.0305   7.075e-07  p
net851                      1.80    0.003    0.800    0.1491   7.070e-07  p
net45                       1.80    0.022    0.905    0.0199   7.060e-07  p
net794                      1.80    0.009    0.251    0.0489   7.039e-07  p
net201                      1.80    0.012    0.686    0.0361   7.027e-07  p
net944                      1.80    0.009    0.251    0.0489   6.981e-07  p
net996                      1.80    0.003    0.350    0.1580   6.961e-07  p
net566                      1.80    0.038    0.696    0.0114   6.949e-07  p
net90                       1.80    0.049    0.969    0.0088   6.938e-07  p
net251                      1.80    0.003    0.486    0.1317   6.910e-07  p
net149                      1.80    0.017    0.531    0.0254   6.894e-07  p
net310                      1.80    0.009    0.251    0.0489   6.890e-07  p
net536                      1.80    0.014    0.229    0.0308   6.881e-07  p
net88                       1.80    0.004    0.526    0.1005   6.830e-07  p
net89                       1.80    0.004    0.508    0.1019   6.823e-07  p
net554                      1.80    0.003    0.185    0.1343   6.767e-07  p
net27                       1.80    0.018    0.498    0.0227   6.736e-07  p
clknet_1_0__leaf_net419     1.80    0.005    0.420    0.0848   6.688e-07  p
net559                      1.80    0.007    0.277    0.0583   6.687e-07  p
net966                      1.80    0.004    0.500    0.1000   6.634e-07  a
net553                      1.80    0.004    0.198    0.0937   6.591e-07  p
net745                      1.80    0.008    0.251    0.0489   6.579e-07  p
net311                      1.80    0.005    0.373    0.0775   6.484e-07  p
net532                      1.80    0.013    0.163    0.0317   6.477e-07  p
clknet_1_1__leaf_net164     1.80    0.002    0.496    0.1826   6.473e-07  p
net59                       1.80    0.007    0.457    0.0571   6.473e-07  p
net500                      1.80    0.038    0.118    0.0104   6.454e-07  p
net204                      1.80    0.018    0.085    0.0221   6.435e-07  p
net487                      1.80    0.007    0.487    0.0537   6.428e-07  p
net171                      1.80    0.003    0.508    0.1282   6.398e-07  p
net861                      1.80    0.002    0.520    0.1905   6.394e-07  p
net177                      1.80    0.037    0.957    0.0105   6.348e-07  p
net543                      1.80    0.021    0.453    0.0191   6.336e-07  p
clknet_1_1__leaf_net178     1.80    0.008    0.251    0.0489   6.319e-07  p
net375                      1.80    0.016    0.486    0.0247   6.295e-07  p
net372                      1.80    0.022    0.762    0.0176   6.269e-07  p
net456                      1.80    0.004    0.393    0.0968   6.255e-07  p
net169                      1.80    0.005    0.694    0.0753   6.224e-07  p
net987                      1.80    0.031    0.136    0.0125   6.211e-07  p
net426                      1.80    0.016    0.525    0.0239   6.182e-07  p
net467                      1.80    0.004    0.531    0.1070   6.167e-07  p
net497                      1.80    0.004    0.513    0.1004   6.131e-07  p
net678                      1.80    0.006    0.303    0.0669   6.114e-07  p
net927                      1.80    0.004    0.412    0.1045   6.099e-07  p
net161                      1.80    0.003    0.496    0.1201   6.099e-07  p
net412                      1.80    0.005    0.858    0.0740   6.095e-07  p
clknet_1_1__leaf_net448     1.80    0.002    0.453    0.1721   6.071e-07  p
net925                      1.80    0.005    0.236    0.0691   6.028e-07  p
net496                      1.80    0.003    0.548    0.1285   6.015e-07  p
net363                      1.80    0.011    0.568    0.0346   5.986e-07  p
net666                      1.80    0.010    0.349    0.0387   5.976e-07  p
net435                      1.80    0.023    0.209    0.0162   5.912e-07  p
clknet_1_1__leaf_net301     1.80    0.007    0.251    0.0489   5.860e-07  p
net955                      1.80    0.007    0.667    0.0506   5.853e-07  p
net167                      1.80    0.004    0.756    0.0915   5.836e-07  p
net341                      1.80    0.016    0.498    0.0227   5.829e-07  p
net219                      1.80    0.010    0.368    0.0364   5.819e-07  p
clknet_1_1__leaf_net898     1.80    0.004    0.485    0.1004   5.803e-07  p
net284                      1.80    0.018    0.701    0.0194   5.801e-07  p
net562                      1.80    0.039    0.876    0.0090   5.765e-07  p
net218                      1.80    0.009    0.321    0.0398   5.735e-07  p
net247                      1.80    0.004    0.248    0.0831   5.716e-07  p
net160                      1.80    0.005    0.451    0.0704   5.715e-07  p
net47                       1.80    0.021    0.328    0.0164   5.705e-07  p
net22                       1.80    0.020    0.942    0.0176   5.702e-07  p
net370                      1.80    0.014    0.486    0.0247   5.672e-07  p
net688                      1.80    0.005    0.697    0.0669   5.660e-07  p
net587                      1.80    0.007    0.464    0.0465   5.633e-07  p
net147                      1.80    0.016    0.439    0.0222   5.620e-07  p
net443                      1.80    0.005    0.697    0.0669   5.590e-07  p
net885                      1.80    0.012    0.800    0.0290   5.584e-07  p
net969                      1.80    0.003    0.500    0.1000   5.574e-07  a
net418                      1.80    0.003    0.373    0.1036   5.504e-07  p
clknet_1_0__leaf_net660     1.80    0.006    0.299    0.0525   5.496e-07  p
net61                       1.80    0.014    0.746    0.0240   5.468e-07  p
net206                      1.80    0.012    0.101    0.0290   5.451e-07  p
net854                      1.80    0.002    0.219    0.1463   5.448e-07  p
net848                      1.80    0.003    0.510    0.1266   5.444e-07  p
net676                      1.80    0.005    0.303    0.0669   5.410e-07  p
net968                      1.80    0.003    0.500    0.1000   5.409e-07  a
net423                      1.80    0.027    0.825    0.0123   5.408e-07  p
net64                       1.80    0.003    0.521    0.1192   5.405e-07  p
net928                      1.80    0.003    0.585    0.1041   5.377e-07  p
net531                      1.80    0.004    0.425    0.0839   5.375e-07  p
net300                      1.80    0.022    0.812    0.0147   5.349e-07  p
net488                      1.80    0.006    0.487    0.0537   5.349e-07  p
clknet_1_0__leaf_net657     1.80    0.006    0.262    0.0529   5.340e-07  p
net883                      1.80    0.002    0.556    0.1516   5.310e-07  p
net320                      1.80    0.006    0.383    0.0573   5.268e-07  p
net931                      1.80    0.006    0.457    0.0571   5.238e-07  p
net148                      1.80    0.012    0.798    0.0280   5.234e-07  p
net368                      1.80    0.013    0.506    0.0244   5.205e-07  pm
net877                      1.80    0.006    0.366    0.0518   5.202e-07  p
clknet_1_1__leaf_net441     1.80    0.005    0.349    0.0695   5.161e-07  p
net54                       1.80    0.009    0.380    0.0359   5.156e-07  p
net855                      1.80    0.004    0.306    0.0753   5.152e-07  p
net665                      1.80    0.007    0.768    0.0468   5.150e-07  p
net191                      1.80    0.010    0.877    0.0306   5.142e-07  p
net129                      1.80    0.013    0.474    0.0245   5.129e-07  p
net845                      1.80    0.002    0.892    0.1272   5.121e-07  p
net402                      1.80    0.003    0.875    0.0988   5.103e-07  p
net1050                     1.80    0.002    0.162    0.1305   5.089e-07  p
net611                      1.80    0.018    0.870    0.0178   5.081e-07  p
clknet_1_1__leaf_net260     1.80    0.004    0.396    0.0802   5.069e-07  p
net495                      1.80    0.007    0.784    0.0463   5.058e-07  p
net697                      1.80    0.016    0.228    0.0189   5.037e-07  p
net347                      1.80    0.003    0.428    0.1120   5.027e-07  p
clknet_1_0__leaf_net441     1.80    0.004    0.349    0.0695   5.024e-07  p
net648                      1.80    0.003    0.500    0.1000   5.021e-07  a
net83                       1.80    0.003    0.505    0.1019   5.007e-07  p
clknet_1_1__leaf_net440     1.80    0.004    0.575    0.0846   4.995e-07  p
clknet_1_0__leaf_net33      1.80    0.006    0.266    0.0522   4.995e-07  p
net909                      1.80    0.017    0.099    0.0177   4.981e-07  p
clknet_1_0__leaf_net138     1.80    0.006    0.251    0.0489   4.973e-07  p
net189                      1.80    0.006    0.772    0.0498   4.965e-07  p
net314                      1.80    0.003    0.797    0.0939   4.950e-07  p
net868                      1.80    0.009    0.149    0.0321   4.945e-07  pm
net625                      1.80    0.014    0.203    0.0215   4.922e-07  p
net468                      1.80    0.004    0.440    0.0828   4.919e-07  p
net682                      1.80    0.068    0.820    0.0044   4.897e-07  p
clknet_1_1__leaf_net135     1.80    0.006    0.251    0.0489   4.869e-07  p
net831                      1.80    0.003    0.432    0.0960   4.846e-07  p
net211                      1.80    0.013    0.085    0.0228   4.844e-07  p
clknet_1_0__leaf_net945     1.80    0.004    0.396    0.0802   4.838e-07  p
clknet_1_1__leaf_net255     1.80    0.004    0.396    0.0802   4.834e-07  p
net780                      1.80    0.013    0.498    0.0227   4.833e-07  p
clknet_1_1__leaf_net945     1.80    0.004    0.396    0.0802   4.811e-07  p
net416                      1.80    0.015    0.378    0.0201   4.802e-07  p
net645                      1.80    0.002    0.769    0.1279   4.790e-07  p
net58                       1.80    0.017    0.197    0.0175   4.736e-07  p
net950                      1.80    0.003    0.798    0.0936   4.680e-07  p
net49                       1.80    0.008    0.380    0.0359   4.645e-07  p
net197                      1.80    0.007    0.322    0.0415   4.644e-07  p
net578                      1.80    0.004    0.602    0.0807   4.626e-07  p
net551                      1.80    0.009    0.057    0.0328   4.624e-07  p
net195                      1.80    0.012    0.494    0.0243   4.616e-07  p
net193                      1.80    0.012    0.823    0.0226   4.567e-07  p
net684                      1.80    0.003    0.460    0.0928   4.556e-07  p
net613                      1.80    0.020    0.446    0.0138   4.536e-07  p
net906                      1.80    0.013    0.085    0.0222   4.529e-07  p
net424                      1.80    0.010    0.136    0.0287   4.525e-07  p
clknet_1_1__leaf_net922     1.80    0.003    0.420    0.0848   4.521e-07  p
net249                      1.80    0.006    0.309    0.0484   4.511e-07  p
net153                      1.80    0.003    0.491    0.0877   4.509e-07  p
net622                      1.80    0.008    0.394    0.0358   4.497e-07  p
net474                      1.80    0.002    0.495    0.1182   4.477e-07  p
net184                      1.80    0.008    0.490    0.0330   4.474e-07  p
clknet_1_0__leaf_net666     1.80    0.007    0.349    0.0387   4.472e-07  p
net814                      1.80    0.003    0.395    0.0920   4.472e-07  p
net976                      1.80    0.003    0.500    0.1000   4.464e-07  a
net641                      1.80    0.020    0.798    0.0138   4.457e-07  p
net736                      1.80    0.004    0.491    0.0764   4.449e-07  p
clknet_1_1__leaf_net138     1.80    0.006    0.251    0.0489   4.437e-07  p
clknet_1_1__leaf_net944     1.80    0.006    0.251    0.0489   4.434e-07  p
net493                      1.80    0.003    0.395    0.0920   4.433e-07  p
net140                      1.80    0.009    0.308    0.0299   4.401e-07  p
net920                      1.80    0.020    0.285    0.0135   4.364e-07  p
net600                      1.80    0.006    0.437    0.0445   4.362e-07  p
net237                      1.80    0.009    0.127    0.0288   4.345e-07  p
net384                      1.80    0.007    0.629    0.0366   4.321e-07  p
net480                      1.80    0.013    0.343    0.0202   4.318e-07  p
net391                      1.80    0.021    0.945    0.0127   4.308e-07  p
clknet_1_0__leaf_net745     1.80    0.005    0.251    0.0489   4.306e-07  p
net935                      1.80    0.008    0.527    0.0318   4.305e-07  p
clknet_1_1__leaf_net759     1.80    0.005    0.251    0.0489   4.305e-07  p
net382                      1.80    0.012    0.935    0.0227   4.303e-07  p
net518                      1.80    0.012    0.423    0.0213   4.302e-07  p
net956                      1.80    0.002    0.519    0.1101   4.296e-07  p
net162                      1.80    0.003    0.520    0.1050   4.285e-07  p
net556                      1.80    0.002    0.418    0.1158   4.254e-07  p
net57                       1.80    0.015    0.803    0.0175   4.246e-07  p
net620                      1.80    0.015    0.385    0.0176   4.242e-07  p
net225                      1.80    0.006    0.652    0.0442   4.241e-07  p
net722                      1.80    0.023    0.452    0.0115   4.221e-07  p
net324                      1.80    0.002    0.508    0.1156   4.208e-07  p
net527                      1.80    0.009    0.136    0.0287   4.199e-07  p
net21                       1.80    0.015    0.942    0.0176   4.173e-07  p
net498                      1.80    0.003    0.502    0.1006   4.170e-07  p
net280                      1.80    0.007    0.711    0.0372   4.167e-07  p
net860                      1.80    0.003    0.653    0.0737   4.159e-07  p
net494                      1.80    0.008    0.877    0.0306   4.154e-07  p
net714                      1.80    0.011    0.274    0.0226   4.154e-07  p
net475                      1.80    0.003    0.492    0.0994   4.140e-07  p
net48                       1.80    0.016    0.328    0.0164   4.134e-07  p
net432                      1.80    0.007    0.535    0.0387   4.113e-07  p
net538                      1.80    0.012    0.566    0.0214   4.096e-07  p
net1025                     1.80    0.011    0.581    0.0222   4.078e-07  p
net322                      1.80    0.021    0.082    0.0118   4.074e-07  pm
net490                      1.80    0.005    0.261    0.0548   4.067e-07  p
net40                       1.80    0.009    0.158    0.0278   4.064e-07  p
net1051                     1.80    0.003    0.373    0.0775   4.064e-07  p
net454                      1.80    0.008    0.748    0.0325   4.060e-07  p
net777                      1.80    0.012    0.416    0.0208   4.023e-07  p
net349                      1.80    0.002    0.501    0.1093   4.018e-07  p
net951                      1.80    0.003    0.198    0.0937   3.986e-07  p
clknet_1_0__leaf_net794     1.80    0.005    0.251    0.0489   3.984e-07  p
net856                      1.80    0.003    0.694    0.0753   3.956e-07  p
net173                      1.80    0.003    0.789    0.0794   3.951e-07  p
clknet_1_1__leaf_net415     1.80    0.003    0.420    0.0848   3.950e-07  p
net170                      1.80    0.003    0.669    0.0827   3.930e-07  p
net558                      1.80    0.003    0.534    0.0729   3.921e-07  p
net1014                     1.80    0.002    0.513    0.0992   3.921e-07  p
net621                      1.80    0.014    0.615    0.0176   3.896e-07  p
net647                      1.80    0.004    0.786    0.0676   3.877e-07  p
net337                      1.80    0.008    0.527    0.0318   3.872e-07  p
clknet_1_0__leaf_net944     1.80    0.005    0.251    0.0489   3.851e-07  p
net182                      1.80    0.010    0.498    0.0227   3.832e-07  p
net53                       1.80    0.009    0.631    0.0274   3.826e-07  p
net229                      1.80    0.021    0.365    0.0114   3.823e-07  p
net13                       1.80    0.003    0.871    0.0845   3.816e-07  p
net668                      1.80    0.008    0.840    0.0282   3.798e-07  p
net687                      1.80    0.014    0.381    0.0164   3.761e-07  p
net239                      1.80    0.018    0.366    0.0130   3.759e-07  p
net168                      1.80    0.010    0.585    0.0228   3.753e-07  p
net452                      1.80    0.002    0.541    0.1040   3.749e-07  p
net330                      1.80    0.045    0.089    0.0051   3.746e-07  p
net782                      1.80    0.008    0.877    0.0307   3.741e-07  p
net847                      1.80    0.002    0.413    0.1119   3.733e-07  p
net1020                     1.80    0.003    0.761    0.0694   3.711e-07  p
net273                      1.80    0.018    0.945    0.0127   3.711e-07  p
net581                      1.80    0.003    0.530    0.0751   3.707e-07  p
net628                      1.80    0.032    0.919    0.0072   3.706e-07  p
net437                      1.80    0.003    0.349    0.0695   3.696e-07  p
net232                      1.80    0.019    0.388    0.0120   3.687e-07  p
net87                       1.80    0.026    0.969    0.0088   3.678e-07  p
net610                      1.80    0.020    0.130    0.0110   3.639e-07  p
net999                      1.80    0.002    0.428    0.1120   3.611e-07  p
net185                      1.80    0.010    0.498    0.0227   3.608e-07  p
net853                      1.80    0.004    0.344    0.0554   3.608e-07  p
net380                      1.80    0.009    0.235    0.0242   3.585e-07  p
net62                       1.80    0.008    0.821    0.0293   3.579e-07  p
net165                      1.80    0.009    0.500    0.0233   3.574e-07  p
net702                      1.80    0.012    0.228    0.0189   3.558e-07  p
clknet_1_1__leaf_net745     1.80    0.004    0.251    0.0489   3.558e-07  p
clknet_1_0__leaf_net574     1.80    0.004    0.272    0.0610   3.547e-07  p
net519                      1.80    0.010    0.566    0.0214   3.539e-07  p
net210                      1.80    0.009    0.913    0.0234   3.529e-07  p
net123                      1.80    0.020    0.951    0.0107   3.507e-07  p
net570                      1.80    0.002    0.485    0.1004   3.494e-07  p
net608                      1.80    0.010    0.401    0.0210   3.467e-07  p
net572                      1.80    0.019    0.294    0.0115   3.455e-07  p
net1005                     1.80    0.004    0.729    0.0548   3.447e-07  p
net504                      1.80    0.020    0.882    0.0105   3.438e-07  p
net773                      1.80    0.007    0.308    0.0299   3.418e-07  p
net752                      1.80    0.006    0.289    0.0355   3.418e-07  p
net266                      1.80    0.004    0.729    0.0549   3.417e-07  p
net190                      1.80    0.007    0.410    0.0310   3.416e-07  p
net35                       1.80    0.022    0.103    0.0095   3.406e-07  p
net196                      1.80    0.008    0.505    0.0259   3.396e-07  p
out22                       1.80    0.002    0.629    0.1212   3.387e-07  p
net303                      1.80    0.053    0.053    0.0039   3.367e-07  p
net238                      1.80    0.007    0.873    0.0288   3.356e-07  p
net275                      1.80    0.011    0.702    0.0189   3.318e-07  p
net19                       1.80    0.012    0.058    0.0176   3.317e-07  p
net378                      1.80    0.011    0.964    0.0177   3.293e-07  p
net1030                     1.80    0.003    0.176    0.0689   3.293e-07  p
out19                       1.80    0.001    0.149    0.1361   3.288e-07  p
net864                      1.80    0.007    0.799    0.0308   3.267e-07  p
clknet_1_0__leaf_net532     1.80    0.006    0.163    0.0317   3.258e-07  p
net627                      1.80    0.004    0.544    0.0498   3.251e-07  p
net800                      1.80    0.007    0.136    0.0287   3.229e-07  p
net37                       1.80    0.004    0.327    0.0455   3.198e-07  p
net693                      1.80    0.015    0.441    0.0130   3.186e-07  p
net596                      1.80    0.010    0.228    0.0189   3.139e-07  p
net502                      1.80    0.018    0.882    0.0105   3.129e-07  p
net631                      1.80    0.016    0.829    0.0118   3.114e-07  p
net607                      1.80    0.009    0.599    0.0210   3.071e-07  p
net244                      1.80    0.003    0.457    0.0571   3.067e-07  p
net725                      1.80    0.010    0.263    0.0185   3.057e-07  p
net954                      1.80    0.007    0.798    0.0280   3.050e-07  p
net38                       1.80    0.003    0.842    0.0548   3.048e-07  p
net913                      1.80    0.009    0.797    0.0215   3.046e-07  p
net444                      1.80    0.014    0.488    0.0129   3.037e-07  p
net691                      1.80    0.020    0.760    0.0094   3.031e-07  p
net632                      1.80    0.016    0.829    0.0118   3.015e-07  p
net880                      1.80    0.017    0.951    0.0107   3.005e-07  p
clknet_1_1__leaf_net302     1.80    0.004    0.251    0.0489   3.000e-07  p
net207                      1.80    0.009    0.914    0.0215   2.995e-07  p
net220                      1.80    0.003    0.604    0.0576   2.992e-07  p
net20                       1.80    0.010    0.942    0.0176   2.983e-07  p
net663                      1.80    0.004    0.783    0.0458   2.974e-07  p
net309                      1.80    0.004    0.251    0.0489   2.973e-07  p
clknet_1_1__leaf_net794     1.80    0.004    0.251    0.0489   2.966e-07  p
net667                      1.80    0.015    0.551    0.0125   2.959e-07  p
net358                      1.80    0.009    0.343    0.0202   2.931e-07  p
net318                      1.80    0.003    0.472    0.0572   2.927e-07  p
net7                        1.80    0.009    0.570    0.0191   2.903e-07  p
net385                      1.80    0.003    0.266    0.0522   2.891e-07  p
net136                      1.80    0.004    0.545    0.0460   2.857e-07  p
net586                      1.80    0.002    0.373    0.0775   2.851e-07  p
net224                      1.80    0.006    0.463    0.0312   2.849e-07  p
net97                       1.80    0.020    0.031    0.0088   2.846e-07  p
clknet_1_1__leaf_net419     1.80    0.002    0.420    0.0848   2.844e-07  p
net420                      1.80    0.010    0.056    0.0171   2.836e-07  p
net262                      1.80    0.004    0.789    0.0415   2.831e-07  p
net243                      1.80    0.007    0.503    0.0240   2.807e-07  p
net381                      1.80    0.003    0.667    0.0506   2.785e-07  p
net612                      1.80    0.024    0.554    0.0071   2.779e-07  p
net503                      1.80    0.016    0.118    0.0104   2.769e-07  p
clknet_1_1__leaf_net657     1.80    0.003    0.262    0.0529   2.755e-07  p
net651                      1.80    0.015    0.079    0.0112   2.723e-07  p
net698                      1.80    0.025    0.998    0.0068   2.716e-07  p
net186                      1.80    0.020    0.203    0.0085   2.714e-07  p
net174                      1.80    0.003    0.584    0.0561   2.707e-07  p
net576                      1.80    0.018    0.090    0.0092   2.704e-07  p
clknet_1_1__leaf_net574     1.80    0.003    0.272    0.0610   2.703e-07  p
net642                      1.80    0.036    0.923    0.0046   2.689e-07  p
net25                       1.80    0.009    0.058    0.0176   2.684e-07  p
clknet_1_0__leaf_net943     1.80    0.003    0.266    0.0522   2.682e-07  p
net422                      1.80    0.009    0.939    0.0177   2.655e-07  p
net670                      1.80    0.006    0.761    0.0276   2.640e-07  p
net835                      1.80    0.014    0.294    0.0115   2.636e-07  p
net548                      1.80    0.007    0.488    0.0221   2.624e-07  p
net449                      1.80    0.008    0.420    0.0197   2.606e-07  p
net463                      1.80    0.011    0.522    0.0147   2.599e-07  p
clknet_1_0__leaf_net759     1.80    0.003    0.251    0.0489   2.597e-07  p
net530                      1.80    0.016    0.910    0.0098   2.596e-07  p
net450                      1.80    0.005    0.748    0.0325   2.590e-07  p
net664                      1.80    0.003    0.232    0.0468   2.582e-07  p
net116                      1.80    0.015    0.951    0.0107   2.579e-07  p
clknet_1_1__leaf_net660     1.80    0.003    0.299    0.0525   2.571e-07  p
net832                      1.80    0.008    0.580    0.0197   2.530e-07  p
net762                      1.80    0.004    0.614    0.0384   2.523e-07  p
clknet_1_1__leaf_net33      1.80    0.003    0.266    0.0522   2.522e-07  p
net723                      1.80    0.008    0.780    0.0194   2.509e-07  p
net680                      1.80    0.005    0.576    0.0281   2.481e-07  p
net695                      1.80    0.005    0.798    0.0280   2.472e-07  p
net630                      1.80    0.026    0.954    0.0059   2.446e-07  p
net209                      1.80    0.017    0.969    0.0088   2.436e-07  p
net36                       1.80    0.016    0.897    0.0095   2.435e-07  p
net598                      1.80    0.009    0.874    0.0167   2.398e-07  p
net312                      1.80    0.003    0.759    0.0471   2.394e-07  p
clknet_1_1__leaf_net310     1.80    0.003    0.251    0.0489   2.374e-07  p
net15                       1.80    0.002    0.456    0.0784   2.364e-07  p
net1035                     1.80    0.020    0.919    0.0072   2.355e-07  p
net60                       1.80    0.006    0.254    0.0240   2.349e-07  p
net597                      1.80    0.009    0.126    0.0167   2.328e-07  p
net908                      1.80    0.011    0.058    0.0129   2.319e-07  p
net267                      1.80    0.012    0.169    0.0115   2.313e-07  p
net79                       1.80    0.016    0.969    0.0088   2.312e-07  p
net343                      1.80    0.008    0.534    0.0175   2.303e-07  p
net335                      1.80    0.013    0.046    0.0107   2.296e-07  p
net568                      1.80    0.006    0.470    0.0238   2.286e-07  p
net787                      1.80    0.012    0.829    0.0118   2.283e-07  p
net914                      1.80    0.013    0.871    0.0107   2.270e-07  p
net902                      1.80    0.007    0.904    0.0199   2.256e-07  p
net522                      1.80    0.011    0.825    0.0123   2.249e-07  p
net703                      1.80    0.012    0.819    0.0112   2.235e-07  p
net942                      1.80    0.006    0.498    0.0227   2.233e-07  p
net1028                     1.80    0.004    0.201    0.0308   2.225e-07  p
net564                      1.80    0.031    0.820    0.0044   2.208e-07  p
net565                      1.80    0.031    0.820    0.0044   2.207e-07  p
net106                      1.80    0.018    0.959    0.0077   2.201e-07  p
net605                      1.80    0.020    0.002    0.0068   2.199e-07  p
net710                      1.80    0.010    0.378    0.0130   2.193e-07  p
net286                      1.80    0.015    0.876    0.0090   2.188e-07  p
net451                      1.80    0.010    0.488    0.0129   2.172e-07  p
clknet_1_1__leaf_net943     1.80    0.003    0.266    0.0522   2.171e-07  p
net499                      1.80    0.004    0.877    0.0323   2.134e-07  p
net707                      1.80    0.011    0.223    0.0121   2.130e-07  p
net458                      1.80    0.008    0.381    0.0164   2.102e-07  p
net949                      1.80    0.004    0.368    0.0364   2.099e-07  p
clknet_0_net655             1.80    0.020    0.932    0.0066   2.099e-07  p
net662                      1.80    0.004    0.868    0.0367   2.086e-07  p
net265                      1.80    0.002    0.271    0.0549   2.080e-07  p
net466                      1.80    0.009    0.478    0.0147   2.063e-07  p
net473                      1.80    0.009    0.509    0.0147   2.062e-07  p
net179                      1.80    0.003    0.251    0.0489   2.059e-07  p
net791                      1.80    0.005    0.459    0.0250   2.057e-07  p
net455                      1.80    0.005    0.459    0.0250   2.051e-07  p
net248                      1.80    0.003    0.150    0.0440   2.043e-07  p
net619                      1.80    0.007    0.873    0.0184   2.031e-07  p
net991                      1.80    0.017    0.990    0.0074   2.021e-07  p
net763                      1.80    0.003    0.783    0.0452   2.014e-07  p
net893                      1.80    0.015    0.941    0.0082   2.008e-07  p
net744                      1.80    0.014    0.876    0.0090   2.008e-07  p
net771                      1.80    0.006    0.703    0.0189   1.983e-07  p
net1036                     1.80    0.007    0.328    0.0164   1.983e-07  p
net571                      1.80    0.011    0.696    0.0114   1.975e-07  p
net573                      1.80    0.004    0.525    0.0302   1.973e-07  p
net362                      1.80    0.006    0.554    0.0217   1.960e-07  p
net709                      1.80    0.010    0.615    0.0126   1.960e-07  p
net699                      1.80    0.005    0.228    0.0242   1.956e-07  p
net1034                     1.80    0.002    0.261    0.0548   1.946e-07  p
clknet_1_1__leaf_net532     1.80    0.004    0.163    0.0317   1.945e-07  p
net989                      1.80    0.006    0.172    0.0212   1.940e-07  p
net306                      1.80    0.006    0.580    0.0197   1.939e-07  p
net294                      1.80    0.007    0.811    0.0178   1.925e-07  p
net706                      1.80    0.002    0.276    0.0473   1.907e-07  p
net569                      1.80    0.027    0.820    0.0044   1.907e-07  p
net761                      1.80    0.005    0.500    0.0233   1.902e-07  p
net374                      1.80    0.002    0.105    0.0483   1.901e-07  p
net615                      1.80    0.015    0.438    0.0077   1.892e-07  p
net760                      1.80    0.005    0.498    0.0227   1.890e-07  p
net592                      1.80    0.005    0.797    0.0215   1.886e-07  p
clknet_1_1__leaf_net666     1.80    0.003    0.349    0.0387   1.886e-07  p
net293                      1.80    0.007    0.189    0.0178   1.886e-07  p
net948                      1.80    0.003    0.629    0.0366   1.877e-07  p
net772                      1.80    0.005    0.797    0.0215   1.874e-07  p
net486                      1.80    0.005    0.687    0.0239   1.873e-07  p
net726                      1.80    0.009    0.789    0.0135   1.859e-07  p
net1009                     1.80    0.005    0.488    0.0221   1.852e-07  p
net731                      1.80    0.007    0.328    0.0164   1.852e-07  p
net377                      1.80    0.006    0.036    0.0177   1.851e-07  p
net1062                     1.80    0.009    0.697    0.0134   1.851e-07  p
clknet_1_0__leaf_net655     1.80    0.017    0.932    0.0066   1.838e-07  p
net764                      1.80    0.003    0.217    0.0452   1.833e-07  p
net897                      1.80    0.008    0.719    0.0139   1.826e-07  p
net235                      1.80    0.009    0.366    0.0130   1.813e-07  p
net192                      1.80    0.002    0.361    0.0449   1.809e-07  p
clknet_1_0__leaf_net196     1.80    0.004    0.505    0.0259   1.809e-07  p
net746                      1.80    0.003    0.553    0.0369   1.808e-07  p
net366                      1.80    0.008    0.285    0.0135   1.806e-07  p
net1040                     1.80    0.002    0.271    0.0548   1.805e-07  p
net756                      1.80    0.006    0.570    0.0191   1.804e-07  p
net595                      1.80    0.006    0.772    0.0189   1.803e-07  p
net542                      1.80    0.015    0.919    0.0072   1.799e-07  p
net886                      1.80    0.004    0.200    0.0290   1.797e-07  p
net508                      1.80    0.009    0.882    0.0119   1.794e-07  p
clknet_1_1__leaf_net196     1.80    0.004    0.505    0.0259   1.790e-07  p
net481                      1.80    0.005    0.343    0.0202   1.788e-07  p
clknet_1_0__leaf_net135     1.80    0.002    0.251    0.0489   1.787e-07  p
net828                      1.80    0.007    0.381    0.0164   1.783e-07  p
net694                      1.80    0.003    0.816    0.0345   1.780e-07  p
net535                      1.80    0.003    0.196    0.0335   1.765e-07  p
net790                      1.80    0.009    0.825    0.0123   1.758e-07  p
net143                      1.80    0.006    0.150    0.0194   1.737e-07  pm
net633                      1.80    0.009    0.829    0.0118   1.736e-07  p
net203                      1.80    0.027    0.012    0.0039   1.719e-07  p
net852                      1.80    0.004    0.474    0.0273   1.709e-07  p
net577                      1.80    0.004    0.780    0.0282   1.705e-07  p
net1008                     1.80    0.004    0.898    0.0265   1.691e-07  p
net417                      1.80    0.005    0.613    0.0204   1.675e-07  p
net289                      1.80    0.008    0.791    0.0131   1.674e-07  p
net176                      1.80    0.005    0.415    0.0228   1.671e-07  p
net213                      1.80    0.006    0.712    0.0184   1.669e-07  p
net376                      1.80    0.004    0.780    0.0275   1.662e-07  p
net453                      1.80    0.005    0.420    0.0197   1.637e-07  p
net194                      1.80    0.004    0.364    0.0271   1.633e-07  p
net720                      1.80    0.004    0.755    0.0270   1.623e-07  p
net442                      1.80    0.007    0.470    0.0146   1.606e-07  p
net659                      1.80    0.023    0.920    0.0043   1.589e-07  p
net287                      1.80    0.002    0.673    0.0401   1.576e-07  p
net1003                     1.80    0.011    0.132    0.0092   1.572e-07  p
net477                      1.80    0.004    0.579    0.0237   1.564e-07  p
net742                      1.80    0.004    0.566    0.0214   1.557e-07  p
net479                      1.80    0.003    0.441    0.0354   1.553e-07  p
net1027                     1.80    0.004    0.486    0.0247   1.550e-07  p
net656                      1.80    0.003    0.580    0.0333   1.543e-07  p
net859                      1.80    0.002    0.806    0.0414   1.539e-07  p
net692                      1.80    0.009    0.889    0.0104   1.538e-07  p
net394                      1.80    0.006    0.064    0.0152   1.535e-07  p
net476                      1.80    0.004    0.419    0.0239   1.535e-07  p
net537                      1.80    0.004    0.566    0.0214   1.521e-07  p
net34                       1.80    0.002    0.130    0.0497   1.510e-07  p
net603                      1.80    0.005    0.529    0.0188   1.496e-07  p
net786                      1.80    0.004    0.439    0.0222   1.488e-07  p
net810                      1.80    0.010    0.090    0.0092   1.480e-07  p
net42                       1.80    0.003    0.898    0.0265   1.465e-07  p
net846                      1.80    0.003    0.298    0.0300   1.441e-07  p
net200                      1.80    0.003    0.505    0.0259   1.424e-07  p
net1037                     1.80    0.005    0.657    0.0174   1.422e-07  p
net599                      1.80    0.004    0.895    0.0224   1.422e-07  p
net795                      1.80    0.005    0.725    0.0188   1.406e-07  p
net704                      1.80    0.010    0.866    0.0090   1.402e-07  p
net1032                     1.80    0.004    0.474    0.0205   1.401e-07  p
net936                      1.80    0.004    0.474    0.0245   1.399e-07  p
net387                      1.80    0.003    0.527    0.0318   1.385e-07  p
net591                      1.80    0.004    0.797    0.0215   1.385e-07  p
net234                      1.80    0.007    0.365    0.0114   1.382e-07  p
net824                      1.80    0.007    0.488    0.0129   1.382e-07  p
net842                      1.80    0.002    0.524    0.0439   1.380e-07  p
net807                      1.80    0.003    0.631    0.0271   1.377e-07  p
net230                      1.80    0.004    0.085    0.0228   1.374e-07  p
net747                      1.80    0.004    0.904    0.0223   1.373e-07  pm
net738                      1.80    0.004    0.378    0.0201   1.362e-07  p
net1061                     1.80    0.005    0.657    0.0174   1.352e-07  p
net700                      1.80    0.012    0.998    0.0068   1.351e-07  p
net915                      1.80    0.008    0.860    0.0098   1.350e-07  p
net921                      1.80    0.005    0.658    0.0174   1.301e-07  p
net295                      1.80    0.005    0.812    0.0147   1.288e-07  p
net364                      1.80    0.003    0.607    0.0275   1.276e-07  p
net236                      1.80    0.003    0.749    0.0245   1.269e-07  p
net425                      1.80    0.003    0.416    0.0290   1.259e-07  p
net606                      1.80    0.011    0.998    0.0068   1.259e-07  p
net806                      1.80    0.003    0.365    0.0271   1.250e-07  p
net947                      1.80    0.003    0.470    0.0238   1.237e-07  p
net716                      1.80    0.012    0.998    0.0064   1.235e-07  p
net869                      1.80    0.006    0.070    0.0138   1.234e-07  p
net1017                     1.80    0.005    0.930    0.0153   1.231e-07  p
net865                      1.80    0.002    0.201    0.0308   1.230e-07  p
net797                      1.80    0.006    0.136    0.0125   1.214e-07  p
net896                      1.80    0.010    0.554    0.0071   1.205e-07  p
net737                      1.80    0.004    0.613    0.0204   1.205e-07  p
net73                       1.80    0.004    0.942    0.0176   1.199e-07  p
net233                      1.80    0.007    0.766    0.0112   1.196e-07  p
net685                      1.80    0.002    0.545    0.0322   1.188e-07  p
net386                      1.80    0.004    0.966    0.0182   1.185e-07  p
net1021                     1.80    0.003    0.607    0.0274   1.184e-07  p
net903                      1.80    0.004    0.096    0.0199   1.182e-07  p
net639                      1.80    0.016    0.923    0.0046   1.182e-07  p
net614                      1.80    0.011    0.002    0.0068   1.181e-07  p
net624                      1.80    0.003    0.534    0.0259   1.180e-07  p
net730                      1.80    0.006    0.438    0.0131   1.179e-07  p
net749                      1.80    0.006    0.366    0.0114   1.176e-07  p
net805                      1.80    0.004    0.056    0.0171   1.173e-07  p
net655                      1.80    0.011    0.932    0.0066   1.169e-07  p
net713                      1.80    0.005    0.912    0.0137   1.167e-07  p
net338                      1.80    0.002    0.512    0.0324   1.159e-07  p
net937                      1.80    0.003    0.516    0.0241   1.158e-07  p
net1023                     1.80    0.004    0.197    0.0175   1.147e-07  p
net1043                     1.80    0.004    0.780    0.0194   1.143e-07  p
net830                      1.80    0.003    0.500    0.0265   1.137e-07  p
net319                      1.80    0.003    0.556    0.0227   1.124e-07  p
net198                      1.80    0.004    0.705    0.0185   1.123e-07  p
net594                      1.80    0.003    0.791    0.0211   1.118e-07  p
net939                      1.80    0.003    0.410    0.0222   1.108e-07  p
net125                      1.80    0.006    0.951    0.0107   1.105e-07  p
net447                      1.80    0.004    0.381    0.0164   1.105e-07  p
net317                      1.80    0.003    0.516    0.0241   1.104e-07  p
net912                      1.80    0.003    0.203    0.0215   1.097e-07  p
net6                        1.80    0.004    0.570    0.0191   1.096e-07  p
net240                      1.80    0.006    0.859    0.0109   1.088e-07  p
net798                      1.80    0.005    0.366    0.0130   1.087e-07  p
net120                      1.80    0.006    0.951    0.0107   1.077e-07  p
net792                      1.80    0.003    0.531    0.0254   1.073e-07  p
net482                      1.80    0.004    0.099    0.0177   1.070e-07  p
net511                      1.80    0.004    0.328    0.0164   1.067e-07  p
net708                      1.80    0.006    0.937    0.0111   1.067e-07  p
net590                      1.80    0.002    0.543    0.0352   1.066e-07  p
net288                      1.80    0.005    0.199    0.0130   1.063e-07  p
net541                      1.80    0.002    0.277    0.0323   1.060e-07  p
net65                       1.80    0.004    0.075    0.0179   1.057e-07  p
net874                      1.80    0.005    0.438    0.0131   1.056e-07  p
net1022                     1.80    0.003    0.576    0.0211   1.030e-07  p
net879                      1.80    0.009    0.960    0.0070   1.027e-07  p
net643                      1.80    0.025    0.990    0.0026   1.022e-07  p
net748                      1.80    0.005    0.829    0.0118   1.020e-07  p
net753                      1.80    0.003    0.486    0.0247   1.017e-07  p
net1048                     1.80    0.005    0.829    0.0118   1.012e-07  p
net930                      1.80    0.003    0.503    0.0240   1.002e-07  p
net640                      1.80    0.005    0.706    0.0115   9.930e-08  p
net929                      1.80    0.003    0.494    0.0243   9.927e-08  p
net796                      1.80    0.003    0.275    0.0188   9.904e-08  p
net636                      1.80    0.011    0.940    0.0055   9.862e-08  p
net946                      1.80    0.003    0.525    0.0239   9.717e-08  p
net1016                     1.80    0.006    0.870    0.0107   9.682e-08  p
net765                      1.80    0.007    0.866    0.0090   9.585e-08  p
net371                      1.80    0.003    0.238    0.0176   9.432e-08  p
net30                       1.80    0.002    0.308    0.0299   9.347e-08  p
net743                      1.80    0.003    0.423    0.0213   9.186e-08  p
clknet_1_1__leaf_net655     1.80    0.009    0.932    0.0066   9.149e-08  p
net938                      1.80    0.003    0.581    0.0222   9.148e-08  p
net299                      1.80    0.005    0.957    0.0105   9.080e-08  p
net1058                     1.80    0.005    0.887    0.0120   9.033e-08  p
net1033                     1.80    0.005    0.766    0.0112   8.927e-08  p
net689                      1.80    0.010    0.940    0.0055   8.738e-08  p
net653                      1.80    0.013    0.051    0.0041   8.689e-08  p
net411                      1.80    0.003    0.660    0.0208   8.686e-08  p
net66                       1.80    0.003    0.199    0.0175   8.649e-08  p
net717                      1.80    0.003    0.360    0.0207   8.634e-08  p
net395                      1.80    0.006    0.866    0.0090   8.591e-08  p
net246                      1.80    0.003    0.474    0.0205   8.561e-08  p
net671                      1.80    0.005    0.063    0.0105   8.533e-08  p
net431                      1.80    0.000    0.548    0.1081   8.531e-08  pm
net214                      1.80    0.003    0.288    0.0184   8.513e-08  p
net808                      1.80    0.003    0.615    0.0176   8.488e-08  p
net820                      1.80    0.004    0.522    0.0148   8.434e-08  p
net838                      1.80    0.004    0.509    0.0147   8.428e-08  p
net932                      1.80    0.006    0.866    0.0090   8.419e-08  p
net940                      1.80    0.006    0.876    0.0091   8.389e-08  p
net981                      1.80    0.002    0.416    0.0208   8.372e-08  p
net1057                     1.80    0.004    0.113    0.0120   8.353e-08  p
net1006                     1.80    0.003    0.324    0.0158   8.303e-08  p
net604                      1.80    0.003    0.462    0.0186   8.298e-08  p
net400                      1.80    0.004    0.987    0.0131   8.285e-08  p
net637                      1.80    0.009    0.940    0.0055   8.284e-08  p
net882                      1.80    0.008    0.035    0.0067   8.256e-08  p
net56                       1.80    0.033    0.995    0.0015   8.111e-08  p
net849                      1.80    0.004    0.075    0.0137   8.075e-08  p
net833                      1.80    0.003    0.420    0.0197   8.062e-08  p
net804                      1.80    0.003    0.939    0.0177   7.997e-08  p
net809                      1.80    0.003    0.385    0.0176   7.973e-08  p
net1052                     1.80    0.004    0.388    0.0120   7.879e-08  p
net785                      1.80    0.002    0.552    0.0222   7.836e-08  p
net1039                     1.80    0.004    0.615    0.0126   7.817e-08  p
net719                      1.80    0.003    0.782    0.0164   7.770e-08  p
net673                      1.80    0.003    0.086    0.0151   7.625e-08  p
net1041                     1.80    0.005    0.876    0.0090   7.527e-08  p
net271                      1.80    0.004    0.880    0.0129   7.513e-08  p
net617                      1.80    0.009    0.089    0.0051   7.509e-08  p
net75                       1.80    0.003    0.942    0.0176   7.396e-08  p
net783                      1.80    0.003    0.441    0.0130   7.372e-08  p
net779                      1.80    0.005    0.970    0.0085   7.352e-08  p
net821                      1.80    0.003    0.470    0.0146   7.279e-08  p
net575                      1.80    0.004    0.858    0.0125   7.243e-08  p
net1029                     1.80    0.002    0.570    0.0191   7.171e-08  p
net740                      1.80    0.004    0.987    0.0125   7.167e-08  p
net534                      1.80    0.006    0.930    0.0069   7.124e-08  p
net672                      1.80    0.005    0.933    0.0093   7.107e-08  p
net91                       1.80    0.005    0.969    0.0088   7.081e-08  p
net876                      1.80    0.005    0.933    0.0087   7.079e-08  p
net109                      1.80    0.005    0.062    0.0085   7.049e-08  p
net245                      1.80    0.004    0.388    0.0120   6.985e-08  p
net1059                     1.80    0.003    0.667    0.0163   6.946e-08  p
net650                      1.80    0.006    0.932    0.0066   6.940e-08  p
net751                      1.80    0.004    0.453    0.0115   6.865e-08  p
net889                      1.80    0.010    0.053    0.0039   6.703e-08  p
net728                      1.80    0.003    0.735    0.0123   6.687e-08  p
net221                      1.80    0.002    0.287    0.0184   6.515e-08  p
net715                      1.80    0.003    0.394    0.0132   6.509e-08  p
net983                      1.80    0.004    0.928    0.0109   6.461e-08  p
net873                      1.80    0.005    0.938    0.0078   6.380e-08  p
net690                      1.80    0.003    0.829    0.0118   6.307e-08  p
net778                      1.80    0.002    0.576    0.0211   6.221e-08  p
net784                      1.80    0.003    0.551    0.0125   6.113e-08  p
net216                      1.80    0.003    0.134    0.0109   6.104e-08  p
net712                      1.80    0.006    0.972    0.0064   6.008e-08  p
net701                      1.80    0.005    0.998    0.0068   6.000e-08  p
net875                      1.80    0.004    0.060    0.0091   5.973e-08  p
net410                      1.80    0.003    0.354    0.0131   5.847e-08  p
net557                      1.80    0.002    0.962    0.0156   5.833e-08  p
net223                      1.80    0.002    0.324    0.0158   5.757e-08  p
net222                      1.80    0.002    0.668    0.0163   5.756e-08  p
net739                      1.80    0.003    0.013    0.0125   5.756e-08  p
net711                      1.80    0.006    0.028    0.0064   5.707e-08  p
net866                      1.80    0.003    0.887    0.0120   5.662e-08  p
net51                       1.80    0.012    0.010    0.0029   5.661e-08  p
net988                      1.80    0.003    0.072    0.0109   5.582e-08  p
net941                      1.80    0.002    0.329    0.0165   5.543e-08  p
net789                      1.80    0.007    0.089    0.0051   5.487e-08  p
net836                      1.80    0.003    0.706    0.0115   5.456e-08  p
net839                      1.80    0.002    0.491    0.0147   5.450e-08  p
net242                      1.80    0.003    0.852    0.0114   5.443e-08  p
net409                      1.80    0.003    0.636    0.0126   5.410e-08  p
out15                       1.80    0.001    0.468    0.0378   5.396e-08  p
net52                       1.80    0.002    0.725    0.0188   5.355e-08  p
net1031                     1.80    0.003    0.365    0.0114   5.347e-08  p
net356                      1.80    0.003    0.136    0.0125   5.319e-08  p
net638                      1.80    0.006    0.067    0.0052   5.251e-08  p
net1042                     1.80    0.002    0.126    0.0167   5.236e-08  p
net834                      1.80    0.003    0.841    0.0099   5.207e-08  p
net837                      1.80    0.003    0.866    0.0123   5.117e-08  p
net916                      1.80    0.003    0.132    0.0093   5.104e-08  p
net290                      1.80    0.004    0.136    0.0075   5.054e-08  p
net635                      1.80    0.011    0.988    0.0029   5.037e-08  p
net681                      1.80    0.002    0.697    0.0134   4.993e-08  p
net602                      1.80    0.002    0.141    0.0137   4.961e-08  p
net217                      1.80    0.003    0.858    0.0111   4.940e-08  p
net813                      1.80    0.006    0.940    0.0049   4.900e-08  p
net601                      1.80    0.002    0.930    0.0153   4.832e-08  p
net626                      1.80    0.004    0.964    0.0068   4.788e-08  p
net583                      1.80    0.002    0.491    0.0147   4.751e-08  p
net1012                     1.80    0.003    0.169    0.0115   4.715e-08  p
net105                      1.80    0.003    0.958    0.0093   4.668e-08  p
net867                      1.80    0.002    0.113    0.0120   4.584e-08  p
net811                      1.80    0.003    0.910    0.0092   4.433e-08  p
net705                      1.80    0.003    0.866    0.0090   4.393e-08  p
net108                      1.80    0.003    0.984    0.0077   4.172e-08  p
out23                       1.80    0.000    0.487    0.0537   4.129e-08  p
net331                      1.80    0.003    0.788    0.0081   4.074e-08  p
net1019                     1.80    0.002    0.857    0.0111   4.067e-08  p
net727                      1.80    0.002    0.265    0.0123   4.029e-08  p
net529                      1.80    0.003    0.919    0.0078   3.959e-08  p
net406                      1.80    0.006    0.010    0.0042   3.855e-08  p
net649                      1.80    0.004    0.068    0.0066   3.796e-08  p
net819                      1.80    0.003    0.788    0.0081   3.743e-08  p
net188                      1.80    0.003    0.203    0.0085   3.701e-08  p
net895                      1.80    0.003    0.438    0.0077   3.649e-08  p
net718                      1.80    0.003    0.035    0.0067   3.592e-08  p
net1045                     1.80    0.003    0.854    0.0072   3.569e-08  p
net818                      1.80    0.003    0.203    0.0085   3.556e-08  p
net510                      1.80    0.002    0.118    0.0104   3.535e-08  p
net526                      1.80    0.003    0.919    0.0072   3.517e-08  p
net881                      1.80    0.003    0.964    0.0068   3.496e-08  p
net863                      1.80    0.002    0.971    0.0113   3.474e-08  p
net816                      1.80    0.005    0.820    0.0044   3.434e-08  p
net208                      1.80    0.005    0.988    0.0039   3.319e-08  p
net99                       1.80    0.030    0.982    0.0007   3.192e-08  p
net1004                     1.80    0.004    0.017    0.0049   3.190e-08  p
net817                      1.80    0.004    0.089    0.0051   3.129e-08  p
net533                      1.80    0.003    0.070    0.0069   3.061e-08  p
net107                      1.80    0.002    0.969    0.0088   3.009e-08  p
net768                      1.80    0.005    0.956    0.0039   2.931e-08  pm
net405                      1.80    0.002    0.016    0.0078   2.930e-08  p
net111                      1.80    0.002    0.970    0.0087   2.737e-08  p
net110                      1.80    0.002    0.950    0.0086   2.734e-08  p
net616                      1.80    0.002    0.990    0.0074   2.702e-08  p
net292                      1.80    0.002    0.905    0.0075   2.667e-08  p
out6                        1.80    0.001    0.625    0.0183   2.609e-08  p
net872                      1.80    0.002    0.062    0.0078   2.586e-08  p
net291                      1.80    0.002    0.854    0.0072   2.562e-08  p
net524                      1.80    0.005    0.012    0.0029   2.475e-08  p
net776                      1.80    0.005    0.988    0.0029   2.424e-08  p
net919                      1.80    0.006    0.969    0.0022   2.244e-08  p
net580                      1.80    0.003    0.952    0.0044   2.161e-08  p
net871                      1.80    0.020    0.990    0.0007   2.131e-08  p
net1018                     1.80    0.003    0.820    0.0044   2.102e-08  p
net396                      1.80    0.020    0.962    0.0007   2.061e-08  p
net1055                     1.80    0.002    0.990    0.0055   2.034e-08  p
out21                       1.80    0.001    0.247    0.0228   2.033e-08  p
net383                      1.80    0.003    0.017    0.0049   2.006e-08  p
net336                      1.80    0.003    0.053    0.0039   1.902e-08  p
net767                      1.80    0.003    0.012    0.0039   1.893e-08  p
net910                      1.80    0.005    0.008    0.0021   1.858e-08  p
out4                        1.80    0.001    0.172    0.0212   1.790e-08  p
out16                       1.80    0.000    0.416    0.0208   1.653e-08  p
net766                      1.80    0.003    0.988    0.0039   1.623e-08  p
net1024                     1.80    0.004    0.969    0.0022   1.579e-08  p
net101                      1.80    0.003    0.990    0.0029   1.520e-08  p
net1047                     1.80    0.002    0.051    0.0041   1.439e-08  p
net407                      1.80    0.002    0.990    0.0048   1.428e-08  p
net750                      1.80    0.001    0.540    0.0118   1.297e-08  pm
net775                      1.80    0.003    0.012    0.0029   1.211e-08  p
net878                      1.80    0.006    0.991    0.0013   1.179e-08  p
net826                      1.80    0.003    0.010    0.0022   1.175e-08  p
net401                      1.80    0.007    0.030    0.0011   1.158e-08  p
net827                      1.80    0.003    0.990    0.0022   1.156e-08  p
net283                      1.80    0.013    0.998    0.0005   1.094e-08  p
out2                        1.80    0.001    0.928    0.0109   9.865e-09  p
out24                       1.80    0.000    0.136    0.0125   9.588e-09  p
net674                      1.80    0.003    0.989    0.0023   9.545e-09  pm
out3                        1.80    0.000    0.072    0.0109   8.691e-09  p
net812                      1.80    0.005    0.995    0.0009   7.356e-09  p
out9                        1.80    0.001    0.990    0.0074   7.277e-09  p
net100                      1.80    0.003    0.995    0.0015   6.625e-09  p
net102                      1.80    0.006    0.982    0.0007   6.455e-09  p
net388                      1.80    0.032    0.000    0.0001   6.386e-09  p
net825                      1.80    0.005    0.982    0.0007   5.540e-09  p
net957                      1.80    0.003    0.030    0.0011   5.227e-09  p
net781                      1.80    0.006    0.998    0.0005   5.193e-09  p
net918                      1.80    0.004    0.989    0.0007   4.716e-09  p
net304                      1.80    0.005    0.998    0.0005   4.271e-09  p
net958                      1.80    0.003    0.962    0.0007   3.451e-09  p
net103                      1.80    0.003    0.982    0.0007   3.203e-09  p
net1054                     1.80    0.003    0.000    0.81e-4  4.165e-10  p
net917                      1.80    0.002    0.000    0.81e-4  2.831e-10  p
clknet_0_net421             1.80    0.020    1.000    0.0000      0.0000  p
clknet_0_net516             1.80    0.021    1.000    0.0000      0.0000  p
clknet_1_0__leaf_net421     1.80    0.008    1.000    0.0000      0.0000  p
clknet_1_0__leaf_net516     1.80    0.003    1.000    0.0000      0.0000  p
clknet_1_1__leaf_net421     1.80    0.012    1.000    0.0000      0.0000  p
clknet_1_1__leaf_net516     1.80    0.005    1.000    0.0000      0.0000  p
net26                       1.80    0.009    1.000    0.0000      0.0000  p
net28                       1.80    0.032    0.000    0.0000      0.0000  p
net81                       1.80    0.021    0.000    0.0000      0.0000  p
net82                       1.80    0.004    1.000    0.0000      0.0000  p
net96                       1.80    0.009    0.000    0.0000      0.0000  p
net98                       1.80    0.023    1.000    0.0000      0.0000  p
net104                      1.80    0.003    0.000    0.0000      0.0000  p
net142                      1.80    0.017    1.000    0.0000      0.0000  p
net144                      1.80    0.065    1.000    0.0000      0.0000  p
net145                      1.80    0.007    0.000    0.0000      0.0000  p
net152                      1.80    0.003    1.000    0.0000      0.0000  p
net155                      1.80    0.003    1.000    0.0000      0.0000  p
net166                      1.80    0.018    1.000    0.0000      0.0000  p
net175                      1.80    0.005    0.000    0.0000      0.0000  p
net181                      1.80    0.024    1.000    0.0000      0.0000  p
net315                      1.80    0.003    1.000    0.0000      0.0000  p
net325                      1.80    0.026    0.000    0.0000      0.0000  p
net350                      1.80    0.005    1.000    0.0000      0.0000  p
net367                      1.80    0.027    1.000    0.0000      0.0000  p
net392                      1.80    0.020    1.000    0.0000      0.0000  p
net421                      1.80    0.012    1.000    0.0000      0.0000  p
net461                      1.80    0.013    0.000    0.0000      0.0000  p
net462                      1.80    0.005    0.000    0.0000      0.0000  p
net464                      1.80    0.005    0.000    0.0000      0.0000  p
net470                      1.80    0.020    0.000    0.0000      0.0000  p
net478                      1.80    0.004    0.000    0.0000      0.0000  p
net485                      1.80    0.010    1.000    0.0000      0.0000  p
net516                      1.80    0.010    1.000    0.0000      0.0000  p
net517                      1.80    0.005    1.000    0.0000      0.0000  p
net629                      1.80    0.036    1.000    0.0000      0.0000  p
net634                      1.80    0.011    1.000    0.0000      0.0000  p
net646                      1.80    0.007    1.000    0.0000      0.0000  p
net724                      1.80    0.021    1.000    0.0000      0.0000  p
net729                      1.80    0.005    1.000    0.0000      0.0000  p
net735                      1.80    0.005    0.000    0.0000      0.0000  p
net799                      1.80    0.006    0.000    0.0000      0.0000  p
net801                      1.80    0.004    0.000    0.0000      0.0000  p
net904                      1.80    0.003    1.000    0.0000      0.0000  p
net905                      1.80    0.002    0.000    0.0000      0.0000  p
net1011                     1.80    0.004    0.000    0.0000      0.0000  p
net1013                     1.80    0.003    0.000    0.0000      0.0000  p
net1015                     1.80    0.004    1.000    0.0000      0.0000  p
net1026                     1.80    0.014    1.000    0.0000      0.0000  p
net1044                     1.80    0.003    0.000    0.0000      0.0000  p
net1056                     1.80    0.005    1.000    0.0000      0.0000  p
--------------------------------------------------------------------------------
Total (1232 nets)                                              1.684e-03 Watt



                                      Int      Switch   Leak      Total
Hierarchy                             Power    Power    Power     Power    %
--------------------------------------------------------------------------------
netlist_1                             2.87e-03 1.68e-03 7.68e-09  4.56e-03 100.0
1
