****************************************
Report : Averaged Power
	-net_power
	-hierarchy
	-sort_by net_switching_power
	-power_greater_than       0
	-nosplit
Design : netlist_1
Version: Q-2019.12-SP1
Date   : Wed Aug 21 13:43:09 2024
****************************************



  Attributes
  ----------
      a  -  Switching activity information / Switching power information annotated on net
      p  -  Propagated switching activity information on net
      d  -  Default switching activity used on net
      u  -  Net switching activity uninitialized
      m  -  Net is driven by multiple pins
      b  -  Net is a primary input (boundary net)

		Toggle rates reported with respect to time unit 1ns
--------------------------------------------------------------------------------
                                  Total      Static   Toggle   Switching
Net                         Vdd   Net Load   Prob.    Rate     Power      Attrs
--------------------------------------------------------------------------------
clknet_0_clk                1.80    0.192    0.500    0.1000   3.109e-05  a
clknet_4_6_0_clk            1.80    0.070    0.500    0.1000   1.141e-05  a
clknet_4_8_0_clk            1.80    0.068    0.500    0.1000   1.105e-05  a
clknet_4_11_0_clk           1.80    0.068    0.500    0.1000   1.096e-05  a
clknet_4_3_0_clk            1.80    0.067    0.500    0.1000   1.084e-05  a
clknet_4_5_0_clk            1.80    0.066    0.500    0.1000   1.072e-05  a
clknet_4_1_0_clk            1.80    0.064    0.500    0.1000   1.043e-05  a
clknet_4_4_0_clk            1.80    0.056    0.500    0.1000   9.006e-06  a
clknet_4_7_0_clk            1.80    0.049    0.500    0.1000   7.928e-06  a
clknet_4_2_0_clk            1.80    0.045    0.500    0.1000   7.229e-06  a
clknet_4_9_0_clk            1.80    0.040    0.500    0.1000   6.543e-06  a
clknet_4_10_0_clk           1.80    0.040    0.500    0.1000   6.418e-06  a
clknet_4_15_0_clk           1.80    0.039    0.500    0.1000   6.295e-06  a
clknet_4_13_0_clk           1.80    0.031    0.500    0.1000   5.055e-06  a
clknet_4_12_0_clk           1.80    0.027    0.500    0.1000   4.336e-06  a
clknet_4_0_0_clk            1.80    0.027    0.500    0.1000   4.335e-06  a
net110                      1.80    0.026    0.250    0.0973   4.030e-06  p
clknet_4_14_0_clk           1.80    0.024    0.500    0.1000   3.955e-06  a
clknet_0_net66              1.80    0.023    0.501    0.0989   3.722e-06  p
clknet_0_net76              1.80    0.023    0.501    0.0989   3.657e-06  p
clknet_0_net79              1.80    0.022    0.501    0.0989   3.550e-06  p
clknet_0_net78              1.80    0.022    0.501    0.0989   3.521e-06  p
clknet_0_net202             1.80    0.022    0.501    0.0989   3.512e-06  p
clknet_0_net85              1.80    0.022    0.501    0.0989   3.468e-06  p
clknet_0_net77              1.80    0.022    0.501    0.0989   3.456e-06  p
clknet_0_net71              1.80    0.021    0.501    0.0989   3.439e-06  p
clknet_0_net64              1.80    0.021    0.501    0.0989   3.431e-06  p
clknet_0_net67              1.80    0.021    0.501    0.0989   3.364e-06  p
net744                      1.80    0.021    0.500    0.1000   3.361e-06  a
clknet_0_net206             1.80    0.021    0.501    0.0989   3.338e-06  p
clknet_0_net205             1.80    0.021    0.501    0.0989   3.337e-06  p
clknet_0_net68              1.80    0.021    0.501    0.0989   3.334e-06  p
clknet_0_net65              1.80    0.021    0.501    0.0989   3.285e-06  p
clknet_0_net70              1.80    0.020    0.501    0.0989   3.281e-06  p
clknet_0_net87              1.80    0.020    0.501    0.0989   3.281e-06  p
clknet_0_net716             1.80    0.020    0.501    0.0989   3.233e-06  p
clknet_0_net72              1.80    0.020    0.501    0.0989   3.200e-06  p
clknet_0_net69              1.80    0.020    0.501    0.0989   3.152e-06  p
net745                      1.80    0.019    0.500    0.1000   3.144e-06  a
clknet_0_net336             1.80    0.020    0.501    0.0989   3.138e-06  p
net20                       1.80    0.019    0.253    0.0972   3.045e-06  p
clknet_0_net84              1.80    0.018    0.501    0.0989   2.944e-06  p
clknet_0_net82              1.80    0.018    0.501    0.0989   2.922e-06  p
clknet_0_net92              1.80    0.018    0.501    0.0989   2.914e-06  p
clknet_0_net207             1.80    0.018    0.501    0.0989   2.818e-06  p
clknet_0_net195             1.80    0.017    0.501    0.0989   2.797e-06  p
net18                       1.80    0.017    0.500    0.1000   2.726e-06  a
net78                       1.80    0.015    0.501    0.0989   2.403e-06  p
clknet_1_1__leaf_net87      1.80    0.015    0.501    0.0989   2.357e-06  p
clknet_0_net196             1.80    0.014    0.501    0.0989   2.318e-06  p
net137                      1.80    0.049    0.031    0.0285   2.276e-06  p
net70                       1.80    0.014    0.501    0.0989   2.240e-06  p
clknet_1_1__leaf_net78      1.80    0.014    0.501    0.0989   2.220e-06  p
clknet_1_1__leaf_net92      1.80    0.014    0.501    0.0989   2.181e-06  p
clknet_1_1__leaf_net195     1.80    0.013    0.501    0.0989   2.072e-06  p
clknet_1_1__leaf_net196     1.80    0.013    0.501    0.0989   2.040e-06  p
net27                       1.80    0.013    0.253    0.0972   1.989e-06  p
net85                       1.80    0.012    0.501    0.0989   1.928e-06  p
net84                       1.80    0.012    0.501    0.0989   1.903e-06  p
clknet_0_net200             1.80    0.012    0.501    0.0989   1.900e-06  p
net206                      1.80    0.012    0.501    0.0989   1.871e-06  p
net196                      1.80    0.012    0.501    0.0989   1.864e-06  p
net67                       1.80    0.012    0.501    0.0989   1.860e-06  p
clknet_0_net198             1.80    0.011    0.501    0.0989   1.839e-06  p
net77                       1.80    0.011    0.501    0.0989   1.820e-06  p
net92                       1.80    0.011    0.501    0.0989   1.818e-06  p
net76                       1.80    0.011    0.501    0.0989   1.788e-06  p
net195                      1.80    0.011    0.501    0.0989   1.779e-06  p
net716                      1.80    0.011    0.501    0.0989   1.758e-06  p
clknet_1_0__leaf_net78      1.80    0.011    0.501    0.0989   1.702e-06  p
clknet_1_0__leaf_net87      1.80    0.011    0.501    0.0989   1.689e-06  p
clknet_1_0__leaf_net69      1.80    0.011    0.501    0.0989   1.684e-06  p
net774                      1.80    0.010    0.501    0.0989   1.679e-06  p
net776                      1.80    0.010    0.501    0.0989   1.668e-06  p
net22                       1.80    0.011    0.253    0.0972   1.667e-06  p
net775                      1.80    0.010    0.501    0.0989   1.661e-06  p
net87                       1.80    0.010    0.501    0.0989   1.658e-06  p
clknet_1_0__leaf_net92      1.80    0.010    0.501    0.0989   1.644e-06  p
net205                      1.80    0.010    0.501    0.0989   1.629e-06  p
net17                       1.80    0.010    0.500    0.1000   1.619e-06  a
net202                      1.80    0.010    0.501    0.0989   1.604e-06  p
net79                       1.80    0.010    0.501    0.0989   1.586e-06  p
net72                       1.80    0.010    0.501    0.0989   1.585e-06  p
clknet_1_1__leaf_net65      1.80    0.010    0.501    0.0989   1.581e-06  p
clknet_1_0__leaf_net71      1.80    0.009    0.501    0.0989   1.495e-06  p
net64                       1.80    0.009    0.501    0.0989   1.484e-06  p
net127                      1.80    0.009    0.236    0.1007   1.480e-06  p
clknet_1_0__leaf_net195     1.80    0.009    0.501    0.0989   1.464e-06  p
net66                       1.80    0.009    0.501    0.0989   1.462e-06  p
net198                      1.80    0.009    0.501    0.0989   1.457e-06  p
net207                      1.80    0.009    0.501    0.0989   1.456e-06  p
net71                       1.80    0.009    0.501    0.0989   1.449e-06  p
net200                      1.80    0.009    0.501    0.0989   1.445e-06  p
net65                       1.80    0.009    0.501    0.0989   1.443e-06  p
net336                      1.80    0.009    0.501    0.0989   1.414e-06  p
net69                       1.80    0.009    0.501    0.0989   1.412e-06  p
net753                      1.80    0.009    0.500    0.1000   1.401e-06  a
clknet_1_0__leaf_net70      1.80    0.009    0.501    0.0989   1.400e-06  p
clknet_1_0__leaf_net198     1.80    0.008    0.501    0.0989   1.357e-06  p
net68                       1.80    0.008    0.501    0.0989   1.342e-06  p
net82                       1.80    0.008    0.501    0.0989   1.339e-06  p
clknet_1_1__leaf_net205     1.80    0.008    0.501    0.0989   1.293e-06  p
clknet_1_0__leaf_net84      1.80    0.008    0.501    0.0989   1.280e-06  p
net29                       1.80    0.008    0.253    0.0972   1.274e-06  p
net112                      1.80    0.011    0.119    0.0698   1.260e-06  p
clknet_1_0__leaf_net76      1.80    0.008    0.501    0.0989   1.236e-06  p
clknet_1_0__leaf_net68      1.80    0.008    0.501    0.0989   1.209e-06  p
clknet_1_1__leaf_net69      1.80    0.007    0.501    0.0989   1.198e-06  p
net732                      1.80    0.007    0.500    0.1000   1.179e-06  a
clknet_1_0__leaf_net196     1.80    0.007    0.501    0.0989   1.153e-06  p
net787                      1.80    0.007    0.501    0.0989   1.145e-06  p
clknet_1_0__leaf_net202     1.80    0.007    0.501    0.0989   1.133e-06  p
clknet_1_1__leaf_net71      1.80    0.007    0.501    0.0989   1.124e-06  p
net239                      1.80    0.024    0.031    0.0285   1.112e-06  p
clknet_1_1__leaf_net67      1.80    0.007    0.501    0.0989   1.088e-06  p
net738                      1.80    0.007    0.500    0.1000   1.076e-06  a
net117                      1.80    0.014    0.060    0.0458   1.075e-06  p
clknet_1_0__leaf_net205     1.80    0.007    0.501    0.0989   1.075e-06  p
net100                      1.80    0.006    0.499    0.0989   1.036e-06  p
clknet_1_1__leaf_net68      1.80    0.006    0.501    0.0989   1.009e-06  p
clknet_1_0__leaf_net200     1.80    0.006    0.501    0.0989   9.996e-07  p
clknet_1_0__leaf_net72      1.80    0.006    0.501    0.0989   9.984e-07  p
net24                       1.80    0.006    0.253    0.0972   9.941e-07  p
clknet_1_1__leaf_net198     1.80    0.006    0.501    0.0989   9.830e-07  p
net81                       1.80    0.006    0.501    0.0989   9.709e-07  p
clknet_1_1__leaf_net66      1.80    0.006    0.501    0.0989   9.514e-07  p
clknet_1_1__leaf_net202     1.80    0.006    0.501    0.0989   9.412e-07  p
clknet_1_0__leaf_net336     1.80    0.006    0.501    0.0989   9.329e-07  p
net75                       1.80    0.006    0.501    0.0989   9.262e-07  p
clknet_1_0__leaf_net82      1.80    0.006    0.501    0.0989   9.262e-07  p
clknet_1_0__leaf_net64      1.80    0.006    0.501    0.0989   9.157e-07  p
clknet_1_0__leaf_net206     1.80    0.006    0.501    0.0989   9.049e-07  p
clknet_1_0__leaf_net85      1.80    0.006    0.501    0.0989   8.959e-07  p
net121                      1.80    0.019    0.031    0.0285   8.947e-07  p
clknet_1_0__leaf_net65      1.80    0.006    0.501    0.0989   8.937e-07  p
net4                        1.80    0.006    0.248    0.0997   8.892e-07  p
clknet_1_1__leaf_net84      1.80    0.005    0.501    0.0989   8.800e-07  p
net80                       1.80    0.005    0.501    0.0989   8.739e-07  p
net733                      1.80    0.005    0.500    0.1000   8.573e-07  a
net199                      1.80    0.005    0.501    0.0989   8.500e-07  p
clknet_1_1__leaf_net85      1.80    0.005    0.501    0.0989   8.428e-07  p
net749                      1.80    0.005    0.500    0.1000   8.141e-07  a
clknet_1_0__leaf_net66      1.80    0.005    0.501    0.0989   8.135e-07  p
net266                      1.80    0.010    0.113    0.0477   7.935e-07  p
clknet_1_1__leaf_net207     1.80    0.005    0.501    0.0989   7.704e-07  p
clknet_1_1__leaf_net336     1.80    0.005    0.501    0.0989   7.682e-07  p
clknet_1_0__leaf_net716     1.80    0.005    0.501    0.0989   7.622e-07  p
clknet_1_0__leaf_net77      1.80    0.005    0.501    0.0989   7.566e-07  p
clknet_1_1__leaf_net76      1.80    0.005    0.501    0.0989   7.301e-07  p
net119                      1.80    0.015    0.031    0.0285   7.157e-07  p
net203                      1.80    0.004    0.501    0.0989   7.030e-07  p
net2                        1.80    0.006    0.129    0.0736   6.863e-07  p
net197                      1.80    0.004    0.501    0.0989   6.806e-07  p
net247                      1.80    0.024    0.017    0.0174   6.700e-07  p
clknet_1_1__leaf_net82      1.80    0.004    0.501    0.0989   6.538e-07  p
net6                        1.80    0.008    0.068    0.0498   6.469e-07  p
net742                      1.80    0.004    0.500    0.1000   6.256e-07  a
clknet_1_1__leaf_net70      1.80    0.004    0.501    0.0989   6.230e-07  p
clknet_1_1__leaf_net64      1.80    0.004    0.501    0.0989   6.204e-07  p
net208                      1.80    0.004    0.501    0.0989   5.976e-07  p
net15                       1.80    0.004    0.497    0.1013   5.956e-07  p
clknet_1_0__leaf_net207     1.80    0.004    0.501    0.0989   5.859e-07  p
net21                       1.80    0.004    0.253    0.0972   5.788e-07  p
clknet_1_1__leaf_net72      1.80    0.004    0.501    0.0989   5.778e-07  p
net214                      1.80    0.004    0.501    0.0989   5.718e-07  p
net0                        1.80    0.003    0.250    0.0984   5.547e-07  p
clknet_1_1__leaf_net716     1.80    0.003    0.501    0.0989   5.545e-07  p
net16                       1.80    0.003    0.750    0.0991   5.521e-07  p
clknet_1_0__leaf_net79      1.80    0.003    0.501    0.0989   5.508e-07  p
net242                      1.80    0.012    0.031    0.0285   5.473e-07  p
net5                        1.80    0.003    0.253    0.0980   5.299e-07  p
net132                      1.80    0.011    0.031    0.0285   5.264e-07  p
clknet_1_0__leaf_net67      1.80    0.003    0.501    0.0989   5.252e-07  p
net35                       1.80    0.003    0.253    0.0972   5.055e-07  p
net94                       1.80    0.003    0.501    0.0989   5.017e-07  p
clknet_1_1__leaf_net77      1.80    0.003    0.501    0.0989   4.995e-07  p
net752                      1.80    0.003    0.500    0.1000   4.982e-07  a
net36                       1.80    0.003    0.253    0.0972   4.932e-07  p
net736                      1.80    0.003    0.500    0.1000   4.771e-07  a
net37                       1.80    0.003    0.253    0.0972   4.743e-07  p
clknet_1_1__leaf_net79      1.80    0.003    0.501    0.0989   4.725e-07  p
net739                      1.80    0.003    0.500    0.1000   4.658e-07  a
net128                      1.80    0.010    0.031    0.0285   4.643e-07  p
net731                      1.80    0.003    0.500    0.1000   4.537e-07  a
net735                      1.80    0.003    0.500    0.1000   4.519e-07  a
net746                      1.80    0.003    0.500    0.1000   4.453e-07  a
net747                      1.80    0.003    0.500    0.1000   4.294e-07  a
net113                      1.80    0.006    0.061    0.0464   4.293e-07  p
clknet_1_1__leaf_net200     1.80    0.003    0.501    0.0989   4.279e-07  p
net743                      1.80    0.003    0.500    0.1000   4.230e-07  a
clknet_1_1__leaf_net206     1.80    0.003    0.501    0.0989   4.115e-07  p
net754                      1.80    0.002    0.500    0.1000   4.032e-07  a
net7                        1.80    0.008    0.033    0.0308   4.000e-07  p
net734                      1.80    0.002    0.500    0.1000   3.906e-07  a
net750                      1.80    0.002    0.500    0.1000   3.837e-07  a
net238                      1.80    0.008    0.031    0.0285   3.825e-07  p
net741                      1.80    0.002    0.500    0.1000   3.796e-07  a
net241                      1.80    0.008    0.031    0.0285   3.687e-07  p
net129                      1.80    0.008    0.031    0.0285   3.684e-07  p
net740                      1.80    0.002    0.500    0.1000   3.682e-07  a
net748                      1.80    0.002    0.500    0.1000   3.672e-07  a
net105                      1.80    0.002    0.475    0.0950   3.564e-07  p
net777                      1.80    0.002    0.501    0.0989   3.530e-07  p
net126                      1.80    0.002    0.250    0.0973   3.496e-07  p
net1                        1.80    0.002    0.248    0.0997   3.458e-07  p
net74                       1.80    0.002    0.501    0.0989   3.455e-07  p
net107                      1.80    0.002    0.247    0.0966   3.442e-07  p
net123                      1.80    0.012    0.017    0.0174   3.440e-07  p
net201                      1.80    0.002    0.501    0.0989   3.435e-07  p
net125                      1.80    0.002    0.250    0.0973   3.426e-07  p
net116                      1.80    0.003    0.127    0.0724   3.383e-07  p
net245                      1.80    0.012    0.017    0.0174   3.280e-07  p
net737                      1.80    0.002    0.500    0.1000   3.273e-07  a
net751                      1.80    0.002    0.500    0.1000   3.157e-07  a
net3                        1.80    0.002    0.248    0.0997   3.101e-07  p
net252                      1.80    0.006    0.031    0.0285   2.870e-07  p
net240                      1.80    0.009    0.017    0.0174   2.500e-07  p
net271                      1.80    0.006    0.057    0.0238   2.452e-07  p
net8                        1.80    0.002    0.133    0.0748   2.372e-07  p
net11                       1.80    0.007    0.017    0.0192   2.244e-07  p
net243                      1.80    0.008    0.017    0.0174   2.218e-07  p
net111                      1.80    0.002    0.128    0.0733   2.202e-07  p
net14                       1.80    0.013    0.009    0.0103   2.093e-07  p
net10                       1.80    0.007    0.017    0.0192   2.080e-07  p
net108                      1.80    0.002    0.123    0.0697   1.928e-07  p
net256                      1.80    0.007    0.017    0.0174   1.909e-07  p
net136                      1.80    0.004    0.031    0.0285   1.883e-07  p
net12                       1.80    0.006    0.017    0.0192   1.765e-07  p
net42                       1.80    0.055    0.001    0.0020   1.760e-07  p
net109                      1.80    0.002    0.061    0.0451   1.678e-07  p
net28                       1.80    0.009    0.009    0.0104   1.568e-07  p
net114                      1.80    0.002    0.060    0.0456   1.563e-07  p
net33                       1.80    0.009    0.009    0.0104   1.513e-07  p
net265                      1.80    0.006    0.015    0.0142   1.475e-07  p
net209                      1.80    0.004    0.508    0.0228   1.448e-07  p
net254                      1.80    0.005    0.017    0.0174   1.427e-07  p
net246                      1.80    0.005    0.017    0.0174   1.406e-07  p
net115                      1.80    0.002    0.060    0.0456   1.404e-07  p
net264                      1.80    0.002    0.227    0.0445   1.375e-07  p
net25                       1.80    0.008    0.009    0.0104   1.343e-07  p
net260                      1.80    0.008    0.981    0.0103   1.268e-07  p
net248                      1.80    0.004    0.017    0.0174   1.216e-07  p
net244                      1.80    0.004    0.017    0.0174   1.161e-07  p
net158                      1.80    0.021    0.002    0.0034   1.153e-07  p
net9                        1.80    0.002    0.033    0.0308   1.151e-07  p
net133                      1.80    0.002    0.031    0.0285   1.081e-07  p
net130                      1.80    0.002    0.031    0.0285   1.052e-07  p
net259                      1.80    0.004    0.983    0.0174   1.036e-07  p
net138                      1.80    0.012    0.003    0.0048   9.248e-08  p
net120                      1.80    0.002    0.031    0.0285   9.168e-08  p
net147                      1.80    0.002    0.030    0.0284   8.781e-08  p
net13                       1.80    0.003    0.017    0.0192   8.417e-08  p
net26                       1.80    0.014    0.002    0.0034   7.702e-08  p
net131                      1.80    0.002    0.023    0.0240   7.528e-08  p
net516                      1.80    0.016    0.003    0.0028   7.223e-08  p
net514                      1.80    0.015    0.021    0.0028   6.863e-08  p
net162                      1.80    0.012    0.002    0.0034   6.678e-08  p
net163                      1.80    0.012    0.002    0.0034   6.589e-08  p
net154                      1.80    0.011    0.002    0.0034   6.160e-08  p
net134                      1.80    0.003    0.011    0.0138   5.971e-08  p
net150                      1.80    0.011    0.002    0.0034   5.857e-08  p
net30                       1.80    0.006    0.005    0.0057   5.826e-08  p
net149                      1.80    0.010    0.002    0.0034   5.728e-08  p
net155                      1.80    0.010    0.002    0.0034   5.544e-08  p
net397                      1.80    0.012    0.024    0.0028   5.313e-08  p
net152                      1.80    0.009    0.002    0.0034   5.067e-08  p
net718                      1.80    0.003    0.981    0.0103   4.973e-08  p
net153                      1.80    0.009    0.002    0.0034   4.904e-08  p
net19                       1.80    0.005    0.005    0.0065   4.843e-08  p
net44                       1.80    0.014    0.001    0.0020   4.589e-08  p
net379                      1.80    0.011    0.031    0.0027   4.586e-08  p
net156                      1.80    0.008    0.002    0.0034   4.320e-08  p
net122                      1.80    0.007    0.003    0.0040   4.296e-08  p
clknet_0_net401             1.80    0.019    0.007    0.0012   3.814e-08  p
net381                      1.80    0.009    0.034    0.0025   3.752e-08  p
clknet_0_net398             1.80    0.019    0.007    0.0012   3.720e-08  p
net380                      1.80    0.008    0.969    0.0027   3.543e-08  p
net170                      1.80    0.009    0.996    0.0022   3.278e-08  p
net187                      1.80    0.010    0.996    0.0020   3.196e-08  p
net179                      1.80    0.009    0.996    0.0022   3.154e-08  p
net389                      1.80    0.016    0.007    0.0012   3.150e-08  p
net383                      1.80    0.014    0.009    0.0013   3.081e-08  p
net38                       1.80    0.009    0.001    0.0020   2.961e-08  p
net144                      1.80    0.004    0.003    0.0048   2.730e-08  p
net23                       1.80    0.003    0.005    0.0067   2.726e-08  p
net401                      1.80    0.014    0.007    0.0012   2.722e-08  p
net40                       1.80    0.008    0.001    0.0020   2.625e-08  p
net39                       1.80    0.008    0.001    0.0020   2.609e-08  p
net31                       1.80    0.002    0.005    0.0067   2.581e-08  p
net41                       1.80    0.008    0.001    0.0020   2.537e-08  p
net261                      1.80    0.017    0.442    0.0009   2.365e-08  p
net307                      1.80    0.033    0.000    0.0004   2.179e-08  p
net118                      1.80    0.002    0.005    0.0066   2.034e-08  p
net773                      1.80    0.010    0.007    0.0012   2.027e-08  p
net171                      1.80    0.006    0.002    0.0019   2.007e-08  p
net388                      1.80    0.009    0.007    0.0012   1.738e-08  p
net172                      1.80    0.011    0.001    0.0010   1.736e-08  p
net43                       1.80    0.005    0.001    0.0020   1.732e-08  p
net399                      1.80    0.008    0.007    0.0012   1.662e-08  p
net398                      1.80    0.008    0.007    0.0012   1.661e-08  p
net386                      1.80    0.008    0.007    0.0012   1.657e-08  p
net378                      1.80    0.006    0.016    0.0017   1.641e-08  p
net161                      1.80    0.003    0.002    0.0034   1.613e-08  p
net376                      1.80    0.006    0.016    0.0017   1.593e-08  p
net816                      1.80    0.005    0.002    0.0019   1.503e-08  p
net771                      1.80    0.005    0.996    0.0020   1.502e-08  p
net385                      1.80    0.008    0.007    0.0012   1.487e-08  p
net393                      1.80    0.007    0.007    0.0012   1.482e-08  p
net382                      1.80    0.007    0.007    0.0012   1.465e-08  p
net124                      1.80    0.003    0.002    0.0028   1.432e-08  p
net396                      1.80    0.003    0.031    0.0027   1.387e-08  p
net465                      1.80    0.013    0.987    0.0007   1.321e-08  p
net375                      1.80    0.004    0.975    0.0023   1.315e-08  p
net377                      1.80    0.005    0.016    0.0017   1.286e-08  p
net32                       1.80    0.002    0.002    0.0034   1.245e-08  p
net178                      1.80    0.014    0.000    0.0005   1.186e-08  p
net151                      1.80    0.002    0.002    0.0034   1.177e-08  p
net772                      1.80    0.004    0.996    0.0020   1.166e-08  p
net520                      1.80    0.003    0.003    0.0028   1.156e-08  p
net250                      1.80    0.016    0.520    0.0004   1.140e-08  p
net249                      1.80    0.006    0.471    0.0011   1.092e-08  p
net391                      1.80    0.005    0.007    0.0012   1.029e-08  p
net139                      1.80    0.013    0.000    0.0005   1.025e-08  p
net177                      1.80    0.012    1.000    0.0005   1.024e-08  p
net269                      1.80    0.003    0.002    0.0024   1.022e-08  p
net174                      1.80    0.010    0.000    0.0007   1.015e-08  p
net157                      1.80    0.002    0.002    0.0034   1.004e-08  p
net515                      1.80    0.002    0.021    0.0028   9.600e-09  p
clknet_1_0__leaf_net401     1.80    0.005    0.007    0.0012   9.159e-09  p
net63                       1.80    0.003    0.999    0.0020   9.121e-09  p
net186                      1.80    0.014    0.000    0.0004   8.922e-09  p
net34                       1.80    0.003    0.001    0.0020   8.875e-09  p
net173                      1.80    0.008    1.000    0.0007   8.113e-09  p
net189                      1.80    0.005    0.999    0.0011   7.984e-09  p
clknet_0_net270             1.80    0.018    0.001    0.0002   7.286e-09  p
net188                      1.80    0.011    0.000    0.0004   7.220e-09  p
net268                      1.80    0.002    0.002    0.0024   6.872e-09  p
net825                      1.80    0.013    0.996    0.0003   6.782e-09  p
net587                      1.80    0.006    0.992    0.0007   6.739e-09  p
net141                      1.80    0.008    0.000    0.0005   6.528e-09  p
clknet_1_1__leaf_net398     1.80    0.003    0.007    0.0012   6.478e-09  p
net637                      1.80    0.006    0.990    0.0007   6.322e-09  p
net262                      1.80    0.022    0.000    0.0002   5.856e-09  p
clknet_1_1__leaf_net401     1.80    0.003    0.007    0.0012   5.582e-09  p
net234                      1.80    0.005    0.990    0.0007   5.520e-09  p
net810                      1.80    0.005    0.992    0.0007   5.475e-09  p
net86                       1.80    0.004    0.001    0.0007   5.317e-09  p
net826                      1.80    0.005    0.992    0.0007   5.195e-09  p
net697                      1.80    0.005    0.992    0.0007   5.135e-09  p
net643                      1.80    0.005    0.979    0.0007   5.134e-09  p
net721                      1.80    0.009    0.996    0.0003   4.957e-09  p
net829                      1.80    0.005    0.987    0.0007   4.920e-09  p
net322                      1.80    0.007    1.000    0.0004   4.897e-09  p
net45                       1.80    0.009    1.000    0.0003   4.813e-09  p
net466                      1.80    0.004    0.987    0.0007   4.740e-09  p
clknet_1_0__leaf_net398     1.80    0.002    0.007    0.0012   4.137e-09  p
net165                      1.80    0.009    0.003    0.0003   4.134e-09  p
net695                      1.80    0.004    0.991    0.0007   4.083e-09  p
net103                      1.80    0.004    0.991    0.0007   4.080e-09  p
net803                      1.80    0.004    0.978    0.0007   4.051e-09  p
clknet_0_net210             1.80    0.020    0.000    0.0001   3.982e-09  p
clknet_0_net218             1.80    0.020    0.000    0.0001   3.895e-09  p
net270                      1.80    0.009    0.001    0.0002   3.695e-09  p
clknet_0_net216             1.80    0.019    0.000    0.0001   3.689e-09  p
net164                      1.80    0.007    1.000    0.0003   3.668e-09  p
clknet_0_net219             1.80    0.018    0.000    0.0001   3.644e-09  p
clknet_0_net223             1.80    0.018    0.000    0.0001   3.609e-09  p
net328                      1.80    0.003    0.996    0.0007   3.461e-09  p
net641                      1.80    0.003    0.989    0.0007   3.375e-09  p
net210                      1.80    0.017    0.000    0.0001   3.353e-09  p
net832                      1.80    0.003    0.989    0.0007   3.229e-09  p
net222                      1.80    0.016    0.000    0.0001   3.226e-09  p
net817                      1.80    0.002    0.441    0.0009   3.092e-09  p
net802                      1.80    0.003    0.989    0.0007   3.070e-09  p
net639                      1.80    0.003    0.990    0.0007   3.033e-09  p
clknet_1_0__leaf_net210     1.80    0.015    0.000    0.0001   3.018e-09  p
clknet_0_net211             1.80    0.023    0.000    0.81e-4  2.972e-09  p
clknet_1_1__leaf_net270     1.80    0.007    0.001    0.0002   2.955e-09  p
clknet_1_0__leaf_net270     1.80    0.007    0.001    0.0002   2.910e-09  p
net135                      1.80    0.002    0.001    0.0009   2.902e-09  p
net176                      1.80    0.004    0.000    0.0004   2.878e-09  p
net577                      1.80    0.003    0.991    0.0007   2.815e-09  p
net359                      1.80    0.003    0.992    0.0007   2.806e-09  p
clknet_1_0__leaf_net218     1.80    0.014    0.000    0.0001   2.750e-09  p
net56                       1.80    0.004    1.000    0.0004   2.704e-09  p
net166                      1.80    0.006    1.000    0.0003   2.662e-09  p
net145                      1.80    0.004    0.000    0.0004   2.661e-09  p
clknet_1_0__leaf_net219     1.80    0.013    0.000    0.0001   2.643e-09  p
clknet_1_1__leaf_net219     1.80    0.013    0.000    0.0001   2.603e-09  p
net591                      1.80    0.002    0.992    0.0007   2.598e-09  p
clknet_0_net272             1.80    0.019    0.000    0.81e-4  2.552e-09  p
net576                      1.80    0.002    0.991    0.0007   2.542e-09  p
net219                      1.80    0.013    0.000    0.0001   2.523e-09  p
clknet_0_net215             1.80    0.019    0.000    0.81e-4  2.468e-09  p
clknet_0_net273             1.80    0.018    0.000    0.81e-4  2.414e-09  p
net321                      1.80    0.004    0.000    0.0004   2.317e-09  p
clknet_1_1__leaf_net218     1.80    0.012    0.000    0.0001   2.305e-09  p
net223                      1.80    0.011    0.000    0.0001   2.246e-09  p
net474                      1.80    0.002    0.987    0.0007   2.187e-09  p
net49                       1.80    0.003    1.000    0.0004   2.129e-09  p
net218                      1.80    0.010    0.000    0.0001   2.068e-09  p
net175                      1.80    0.003    1.000    0.0004   2.038e-09  p
net57                       1.80    0.003    0.000    0.0004   1.973e-09  p
net143                      1.80    0.002    0.000    0.0005   1.952e-09  p
net784                      1.80    0.004    0.003    0.0003   1.905e-09  p
net216                      1.80    0.009    0.000    0.0001   1.838e-09  p
net724                      1.80    0.003    0.996    0.0003   1.826e-09  p
net50                       1.80    0.002    1.000    0.0005   1.744e-09  p
net785                      1.80    0.002    1.000    0.0005   1.693e-09  p
clknet_1_1__leaf_net223     1.80    0.008    0.000    0.0001   1.594e-09  p
net211                      1.80    0.012    0.000    0.81e-4  1.554e-09  p
net273                      1.80    0.012    0.000    0.81e-4  1.524e-09  p
net215                      1.80    0.011    0.000    0.81e-4  1.505e-09  p
clknet_1_0__leaf_net272     1.80    0.011    0.000    0.81e-4  1.483e-09  p
clknet_1_1__leaf_net216     1.80    0.007    0.000    0.0001   1.472e-09  p
net48                       1.80    0.002    0.000    0.0004   1.434e-09  p
net791                      1.80    0.007    0.000    0.0001   1.362e-09  p
net140                      1.80    0.002    0.000    0.0004   1.343e-09  p
net142                      1.80    0.002    0.000    0.0004   1.340e-09  p
clknet_1_0__leaf_net216     1.80    0.007    0.000    0.0001   1.316e-09  p
clknet_0_net280             1.80    0.020    0.000    0.41e-4  1.286e-09  p
net167                      1.80    0.003    0.000    0.0003   1.249e-09  p
net258                      1.80    0.002    1.000    0.0003   1.247e-09  p
net272                      1.80    0.009    0.000    0.81e-4  1.167e-09  p
clknet_1_1__leaf_net272     1.80    0.009    0.000    0.81e-4  1.140e-09  p
clknet_1_0__leaf_net223     1.80    0.006    0.000    0.0001   1.131e-09  p
net719                      1.80    0.002    0.998    0.0003   1.054e-09  p
net146                      1.80    0.002    1.000    0.0003   1.036e-09  p
net769                      1.80    0.005    0.000    0.0001   9.793e-10  p
clknet_1_1__leaf_net215     1.80    0.007    0.000    0.81e-4  9.523e-10  p
net277                      1.80    0.007    0.000    0.81e-4  9.378e-10  p
clknet_1_0__leaf_net215     1.80    0.007    0.000    0.81e-4  9.350e-10  p
net230                      1.80    0.007    0.000    0.81e-4  8.811e-10  p
net225                      1.80    0.012    0.000    0.41e-4  7.883e-10  p
net53                       1.80    0.006    0.000    0.81e-4  7.865e-10  p
net52                       1.80    0.006    0.000    0.81e-4  7.751e-10  p
net284                      1.80    0.006    0.000    0.81e-4  7.515e-10  p
net169                      1.80    0.003    0.000    0.0002   7.453e-10  p
net220                      1.80    0.004    0.000    0.0001   7.401e-10  p
net51                       1.80    0.002    0.000    0.0002   6.288e-10  p
net221                      1.80    0.003    0.000    0.0001   6.237e-10  p
net226                      1.80    0.009    1.000    0.41e-4  5.956e-10  p
clknet_1_0__leaf_net211     1.80    0.005    0.000    0.81e-4  5.954e-10  p
net267                      1.80    0.009    0.000    0.41e-4  5.796e-10  p
net279                      1.80    0.002    1.000    0.0002   5.770e-10  p
net204                      1.80    0.003    0.000    0.0001   5.727e-10  p
net280                      1.80    0.009    0.000    0.41e-4  5.722e-10  p
net795                      1.80    0.002    0.000    0.0002   5.270e-10  p
net314                      1.80    0.008    1.000    0.41e-4  5.150e-10  p
net148                      1.80    0.002    0.000    0.0002   4.679e-10  p
net168                      1.80    0.002    0.000    0.0002   4.499e-10  p
net229                      1.80    0.002    0.000    0.0001   4.306e-10  p
net276                      1.80    0.003    1.000    0.81e-4  4.188e-10  p
clknet_1_1__leaf_net211     1.80    0.003    0.000    0.81e-4  3.884e-10  p
net263                      1.80    0.005    0.000    0.41e-4  3.542e-10  p
net717                      1.80    0.003    0.000    0.81e-4  3.494e-10  p
clknet_1_0__leaf_net273     1.80    0.003    0.000    0.81e-4  3.481e-10  p
clknet_1_1__leaf_net210     1.80    0.002    0.000    0.0001   3.470e-10  p
net212                      1.80    0.003    0.000    0.81e-4  3.413e-10  p
clknet_1_1__leaf_net273     1.80    0.002    0.000    0.81e-4  3.018e-10  p
net224                      1.80    0.002    0.000    0.81e-4  2.967e-10  p
net820                      1.80    0.002    0.000    0.81e-4  2.751e-10  p
net236                      1.80    0.002    0.000    0.81e-4  2.724e-10  p
net213                      1.80    0.004    1.000    0.41e-4  2.422e-10  p
net227                      1.80    0.003    1.000    0.41e-4  2.270e-10  p
clknet_1_1__leaf_net280     1.80    0.003    0.000    0.41e-4  2.156e-10  p
net228                      1.80    0.002    0.000    0.81e-4  2.114e-10  p
net232                      1.80    0.003    0.000    0.41e-4  1.851e-10  p
clknet_1_0__leaf_net280     1.80    0.003    0.000    0.41e-4  1.804e-10  p
out6                        1.80    0.001    0.000    0.0001   1.708e-10  p
net62                       1.80    0.003    0.000    0.41e-4  1.683e-10  p
net792                      1.80    0.003    0.000    0.41e-4  1.654e-10  p
net231                      1.80    0.002    1.000    0.41e-4  1.597e-10  p
net237                      1.80    0.002    0.000    0.41e-4  1.592e-10  p
net281                      1.80    0.002    0.000    0.41e-4  1.554e-10  p
clknet_0_net88              1.80    0.019    0.000    0.0000      0.0000  p
clknet_0_net89              1.80    0.020    0.000    0.0000      0.0000  p
clknet_0_net90              1.80    0.020    0.000    0.0000      0.0000  p
clknet_0_net91              1.80    0.018    0.000    0.0000      0.0000  p
clknet_0_net102             1.80    0.019    1.000    0.0000      0.0000  p
clknet_0_net192             1.80    0.019    1.000    0.0000      0.0000  p
clknet_0_net275             1.80    0.017    0.000    0.0000      0.0000  p
clknet_0_net285             1.80    0.018    0.000    0.0000      0.0000  p
clknet_0_net287             1.80    0.019    0.000    0.0000      0.0000  p
clknet_0_net300             1.80    0.019    0.000    0.0000      0.0000  p
clknet_0_net337             1.80    0.018    0.000    0.0000      0.0000  p
clknet_0_net340             1.80    0.019    0.000    0.0000      0.0000  p
clknet_0_net341             1.80    0.020    0.000    0.0000      0.0000  p
clknet_0_net355             1.80    0.018    1.000    0.0000      0.0000  p
clknet_0_net356             1.80    0.018    0.000    0.0000      0.0000  p
clknet_0_net361             1.80    0.019    0.000    0.0000      0.0000  p
clknet_0_net402             1.80    0.022    0.000    0.0000      0.0000  p
clknet_0_net403             1.80    0.018    0.000    0.0000      0.0000  p
clknet_0_net404             1.80    0.020    0.000    0.0000      0.0000  p
clknet_0_net405             1.80    0.019    0.000    0.0000      0.0000  p
clknet_0_net406             1.80    0.019    0.000    0.0000      0.0000  p
clknet_0_net407             1.80    0.018    0.000    0.0000      0.0000  p
clknet_0_net408             1.80    0.020    0.000    0.0000      0.0000  p
clknet_0_net409             1.80    0.022    0.000    0.0000      0.0000  p
clknet_0_net410             1.80    0.019    0.000    0.0000      0.0000  p
clknet_0_net411             1.80    0.023    0.000    0.0000      0.0000  p
clknet_0_net413             1.80    0.018    0.000    0.0000      0.0000  p
clknet_0_net426             1.80    0.019    0.000    0.0000      0.0000  p
clknet_0_net437             1.80    0.020    0.000    0.0000      0.0000  p
clknet_0_net439             1.80    0.020    0.000    0.0000      0.0000  p
clknet_0_net440             1.80    0.020    0.000    0.0000      0.0000  p
clknet_0_net441             1.80    0.020    0.000    0.0000      0.0000  p
clknet_0_net530             1.80    0.017    0.000    0.0000      0.0000  p
clknet_0_net558             1.80    0.019    0.000    0.0000      0.0000  p
clknet_0_net559             1.80    0.019    0.000    0.0000      0.0000  p
clknet_0_net562             1.80    0.019    0.000    0.0000      0.0000  p
clknet_0_net564             1.80    0.021    0.000    0.0000      0.0000  p
clknet_0_net565             1.80    0.020    0.000    0.0000      0.0000  p
clknet_0_net571             1.80    0.019    0.000    0.0000      0.0000  p
clknet_0_net573             1.80    0.020    0.000    0.0000      0.0000  p
clknet_0_net578             1.80    0.020    0.000    0.0000      0.0000  p
clknet_0_net580             1.80    0.019    0.000    0.0000      0.0000  p
clknet_0_net581             1.80    0.020    0.000    0.0000      0.0000  p
clknet_0_net582             1.80    0.019    0.000    0.0000      0.0000  p
clknet_0_net584             1.80    0.021    0.000    0.0000      0.0000  p
clknet_0_net585             1.80    0.019    0.000    0.0000      0.0000  p
clknet_0_net647             1.80    0.019    0.000    0.0000      0.0000  p
clknet_0_net648             1.80    0.021    0.000    0.0000      0.0000  p
clknet_0_net650             1.80    0.018    0.000    0.0000      0.0000  p
clknet_0_net651             1.80    0.021    0.000    0.0000      0.0000  p
clknet_0_net652             1.80    0.021    0.000    0.0000      0.0000  p
clknet_0_net653             1.80    0.021    0.000    0.0000      0.0000  p
clknet_0_net654             1.80    0.020    0.000    0.0000      0.0000  p
clknet_0_net655             1.80    0.020    0.000    0.0000      0.0000  p
clknet_0_net656             1.80    0.018    0.000    0.0000      0.0000  p
clknet_0_net659             1.80    0.022    0.000    0.0000      0.0000  p
clknet_0_net660             1.80    0.020    1.000    0.0000      0.0000  p
clknet_0_net662             1.80    0.023    1.000    0.0000      0.0000  p
clknet_0_net663             1.80    0.023    0.000    0.0000      0.0000  p
clknet_0_net664             1.80    0.023    0.000    0.0000      0.0000  p
clknet_0_net668             1.80    0.019    0.000    0.0000      0.0000  p
clknet_0_net669             1.80    0.018    0.000    0.0000      0.0000  p
clknet_0_net672             1.80    0.023    0.000    0.0000      0.0000  p
clknet_0_net673             1.80    0.020    0.000    0.0000      0.0000  p
clknet_0_net676             1.80    0.021    0.000    0.0000      0.0000  p
clknet_0_net677             1.80    0.019    0.000    0.0000      0.0000  p
clknet_0_net680             1.80    0.021    0.000    0.0000      0.0000  p
clknet_0_net681             1.80    0.019    0.000    0.0000      0.0000  p
clknet_0_net692             1.80    0.020    1.000    0.0000      0.0000  p
clknet_0_net698             1.80    0.019    0.000    0.0000      0.0000  p
clknet_0_net705             1.80    0.019    0.000    0.0000      0.0000  p
clknet_0_net756             1.80    0.018    0.000    0.0000      0.0000  p
clknet_0_net757             1.80    0.018    1.000    0.0000      0.0000  p
clknet_0_net761             1.80    0.018    1.000    0.0000      0.0000  p
clknet_1_0__leaf_net88      1.80    0.003    0.000    0.0000      0.0000  p
clknet_1_0__leaf_net89      1.80    0.007    0.000    0.0000      0.0000  p
clknet_1_0__leaf_net90      1.80    0.003    0.000    0.0000      0.0000  p
clknet_1_0__leaf_net91      1.80    0.003    0.000    0.0000      0.0000  p
clknet_1_0__leaf_net102     1.80    0.005    1.000    0.0000      0.0000  p
clknet_1_0__leaf_net192     1.80    0.003    1.000    0.0000      0.0000  p
clknet_1_0__leaf_net275     1.80    0.007    0.000    0.0000      0.0000  p
clknet_1_0__leaf_net285     1.80    0.005    0.000    0.0000      0.0000  p
clknet_1_0__leaf_net287     1.80    0.005    0.000    0.0000      0.0000  p
clknet_1_0__leaf_net300     1.80    0.002    0.000    0.0000      0.0000  p
clknet_1_0__leaf_net337     1.80    0.004    0.000    0.0000      0.0000  p
clknet_1_0__leaf_net340     1.80    0.005    0.000    0.0000      0.0000  p
clknet_1_0__leaf_net341     1.80    0.009    0.000    0.0000      0.0000  p
clknet_1_0__leaf_net355     1.80    0.005    1.000    0.0000      0.0000  p
clknet_1_0__leaf_net356     1.80    0.019    0.000    0.0000      0.0000  p
clknet_1_0__leaf_net361     1.80    0.004    0.000    0.0000      0.0000  p
clknet_1_0__leaf_net402     1.80    0.009    0.000    0.0000      0.0000  p
clknet_1_0__leaf_net403     1.80    0.004    0.000    0.0000      0.0000  p
clknet_1_0__leaf_net404     1.80    0.006    0.000    0.0000      0.0000  p
clknet_1_0__leaf_net405     1.80    0.010    0.000    0.0000      0.0000  p
clknet_1_0__leaf_net406     1.80    0.004    0.000    0.0000      0.0000  p
clknet_1_0__leaf_net407     1.80    0.003    0.000    0.0000      0.0000  p
clknet_1_0__leaf_net408     1.80    0.009    0.000    0.0000      0.0000  p
clknet_1_0__leaf_net409     1.80    0.006    0.000    0.0000      0.0000  p
clknet_1_0__leaf_net410     1.80    0.006    0.000    0.0000      0.0000  p
clknet_1_0__leaf_net411     1.80    0.002    0.000    0.0000      0.0000  p
clknet_1_0__leaf_net413     1.80    0.016    0.000    0.0000      0.0000  p
clknet_1_0__leaf_net426     1.80    0.003    0.000    0.0000      0.0000  p
clknet_1_0__leaf_net437     1.80    0.003    0.000    0.0000      0.0000  p
clknet_1_0__leaf_net439     1.80    0.013    0.000    0.0000      0.0000  p
clknet_1_0__leaf_net440     1.80    0.003    0.000    0.0000      0.0000  p
clknet_1_0__leaf_net441     1.80    0.014    0.000    0.0000      0.0000  p
clknet_1_0__leaf_net530     1.80    0.005    0.000    0.0000      0.0000  p
clknet_1_0__leaf_net558     1.80    0.005    0.000    0.0000      0.0000  p
clknet_1_0__leaf_net559     1.80    0.008    0.000    0.0000      0.0000  p
clknet_1_0__leaf_net562     1.80    0.005    0.000    0.0000      0.0000  p
clknet_1_0__leaf_net564     1.80    0.003    0.000    0.0000      0.0000  p
clknet_1_0__leaf_net565     1.80    0.007    0.000    0.0000      0.0000  p
clknet_1_0__leaf_net571     1.80    0.002    0.000    0.0000      0.0000  p
clknet_1_0__leaf_net573     1.80    0.010    0.000    0.0000      0.0000  p
clknet_1_0__leaf_net578     1.80    0.009    0.000    0.0000      0.0000  p
clknet_1_0__leaf_net580     1.80    0.004    0.000    0.0000      0.0000  p
clknet_1_0__leaf_net581     1.80    0.004    0.000    0.0000      0.0000  p
clknet_1_0__leaf_net582     1.80    0.005    0.000    0.0000      0.0000  p
clknet_1_0__leaf_net584     1.80    0.003    0.000    0.0000      0.0000  p
clknet_1_0__leaf_net585     1.80    0.008    0.000    0.0000      0.0000  p
clknet_1_0__leaf_net647     1.80    0.004    0.000    0.0000      0.0000  p
clknet_1_0__leaf_net648     1.80    0.004    0.000    0.0000      0.0000  p
clknet_1_0__leaf_net650     1.80    0.003    0.000    0.0000      0.0000  p
clknet_1_0__leaf_net651     1.80    0.008    0.000    0.0000      0.0000  p
clknet_1_0__leaf_net652     1.80    0.009    0.000    0.0000      0.0000  p
clknet_1_0__leaf_net653     1.80    0.012    0.000    0.0000      0.0000  p
clknet_1_0__leaf_net654     1.80    0.010    0.000    0.0000      0.0000  p
clknet_1_0__leaf_net655     1.80    0.004    0.000    0.0000      0.0000  p
clknet_1_0__leaf_net656     1.80    0.007    0.000    0.0000      0.0000  p
clknet_1_0__leaf_net659     1.80    0.004    0.000    0.0000      0.0000  p
clknet_1_0__leaf_net660     1.80    0.006    1.000    0.0000      0.0000  p
clknet_1_0__leaf_net662     1.80    0.006    1.000    0.0000      0.0000  p
clknet_1_0__leaf_net663     1.80    0.005    0.000    0.0000      0.0000  p
clknet_1_0__leaf_net664     1.80    0.006    0.000    0.0000      0.0000  p
clknet_1_0__leaf_net668     1.80    0.006    0.000    0.0000      0.0000  p
clknet_1_0__leaf_net669     1.80    0.002    0.000    0.0000      0.0000  p
clknet_1_0__leaf_net672     1.80    0.003    0.000    0.0000      0.0000  p
clknet_1_0__leaf_net673     1.80    0.014    0.000    0.0000      0.0000  p
clknet_1_0__leaf_net676     1.80    0.013    0.000    0.0000      0.0000  p
clknet_1_0__leaf_net677     1.80    0.004    0.000    0.0000      0.0000  p
clknet_1_0__leaf_net680     1.80    0.015    0.000    0.0000      0.0000  p
clknet_1_0__leaf_net681     1.80    0.019    0.000    0.0000      0.0000  p
clknet_1_0__leaf_net692     1.80    0.005    1.000    0.0000      0.0000  p
clknet_1_0__leaf_net698     1.80    0.006    0.000    0.0000      0.0000  p
clknet_1_0__leaf_net705     1.80    0.006    0.000    0.0000      0.0000  p
clknet_1_0__leaf_net756     1.80    0.027    0.000    0.0000      0.0000  p
clknet_1_0__leaf_net757     1.80    0.003    1.000    0.0000      0.0000  p
clknet_1_0__leaf_net761     1.80    0.007    1.000    0.0000      0.0000  p
clknet_1_1__leaf_net88      1.80    0.003    0.000    0.0000      0.0000  p
clknet_1_1__leaf_net89      1.80    0.008    0.000    0.0000      0.0000  p
clknet_1_1__leaf_net90      1.80    0.003    0.000    0.0000      0.0000  p
clknet_1_1__leaf_net91      1.80    0.006    0.000    0.0000      0.0000  p
clknet_1_1__leaf_net102     1.80    0.005    1.000    0.0000      0.0000  p
clknet_1_1__leaf_net192     1.80    0.005    1.000    0.0000      0.0000  p
clknet_1_1__leaf_net275     1.80    0.008    0.000    0.0000      0.0000  p
clknet_1_1__leaf_net285     1.80    0.005    0.000    0.0000      0.0000  p
clknet_1_1__leaf_net287     1.80    0.003    0.000    0.0000      0.0000  p
clknet_1_1__leaf_net300     1.80    0.005    0.000    0.0000      0.0000  p
clknet_1_1__leaf_net337     1.80    0.003    0.000    0.0000      0.0000  p
clknet_1_1__leaf_net340     1.80    0.005    0.000    0.0000      0.0000  p
clknet_1_1__leaf_net341     1.80    0.003    0.000    0.0000      0.0000  p
clknet_1_1__leaf_net355     1.80    0.011    1.000    0.0000      0.0000  p
clknet_1_1__leaf_net356     1.80    0.014    0.000    0.0000      0.0000  p
clknet_1_1__leaf_net361     1.80    0.003    0.000    0.0000      0.0000  p
clknet_1_1__leaf_net402     1.80    0.017    0.000    0.0000      0.0000  p
clknet_1_1__leaf_net403     1.80    0.003    0.000    0.0000      0.0000  p
clknet_1_1__leaf_net404     1.80    0.003    0.000    0.0000      0.0000  p
clknet_1_1__leaf_net405     1.80    0.012    0.000    0.0000      0.0000  p
clknet_1_1__leaf_net406     1.80    0.004    0.000    0.0000      0.0000  p
clknet_1_1__leaf_net407     1.80    0.004    0.000    0.0000      0.0000  p
clknet_1_1__leaf_net408     1.80    0.005    0.000    0.0000      0.0000  p
clknet_1_1__leaf_net409     1.80    0.011    0.000    0.0000      0.0000  p
clknet_1_1__leaf_net410     1.80    0.003    0.000    0.0000      0.0000  p
clknet_1_1__leaf_net411     1.80    0.005    0.000    0.0000      0.0000  p
clknet_1_1__leaf_net413     1.80    0.018    0.000    0.0000      0.0000  p
clknet_1_1__leaf_net426     1.80    0.004    0.000    0.0000      0.0000  p
clknet_1_1__leaf_net437     1.80    0.005    0.000    0.0000      0.0000  p
clknet_1_1__leaf_net439     1.80    0.002    0.000    0.0000      0.0000  p
clknet_1_1__leaf_net440     1.80    0.004    0.000    0.0000      0.0000  p
clknet_1_1__leaf_net441     1.80    0.013    0.000    0.0000      0.0000  p
clknet_1_1__leaf_net530     1.80    0.008    0.000    0.0000      0.0000  p
clknet_1_1__leaf_net558     1.80    0.002    0.000    0.0000      0.0000  p
clknet_1_1__leaf_net559     1.80    0.003    0.000    0.0000      0.0000  p
clknet_1_1__leaf_net562     1.80    0.007    0.000    0.0000      0.0000  p
clknet_1_1__leaf_net564     1.80    0.004    0.000    0.0000      0.0000  p
clknet_1_1__leaf_net565     1.80    0.008    0.000    0.0000      0.0000  p
clknet_1_1__leaf_net571     1.80    0.003    0.000    0.0000      0.0000  p
clknet_1_1__leaf_net573     1.80    0.009    0.000    0.0000      0.0000  p
clknet_1_1__leaf_net578     1.80    0.009    0.000    0.0000      0.0000  p
clknet_1_1__leaf_net580     1.80    0.008    0.000    0.0000      0.0000  p
clknet_1_1__leaf_net581     1.80    0.003    0.000    0.0000      0.0000  p
clknet_1_1__leaf_net582     1.80    0.006    0.000    0.0000      0.0000  p
clknet_1_1__leaf_net584     1.80    0.005    0.000    0.0000      0.0000  p
clknet_1_1__leaf_net585     1.80    0.003    0.000    0.0000      0.0000  p
clknet_1_1__leaf_net647     1.80    0.006    0.000    0.0000      0.0000  p
clknet_1_1__leaf_net648     1.80    0.008    0.000    0.0000      0.0000  p
clknet_1_1__leaf_net650     1.80    0.003    0.000    0.0000      0.0000  p
clknet_1_1__leaf_net651     1.80    0.004    0.000    0.0000      0.0000  p
clknet_1_1__leaf_net652     1.80    0.013    0.000    0.0000      0.0000  p
clknet_1_1__leaf_net653     1.80    0.006    0.000    0.0000      0.0000  p
clknet_1_1__leaf_net654     1.80    0.007    0.000    0.0000      0.0000  p
clknet_1_1__leaf_net655     1.80    0.005    0.000    0.0000      0.0000  p
clknet_1_1__leaf_net656     1.80    0.004    0.000    0.0000      0.0000  p
clknet_1_1__leaf_net659     1.80    0.006    0.000    0.0000      0.0000  p
clknet_1_1__leaf_net660     1.80    0.002    1.000    0.0000      0.0000  p
clknet_1_1__leaf_net662     1.80    0.004    1.000    0.0000      0.0000  p
clknet_1_1__leaf_net663     1.80    0.003    0.000    0.0000      0.0000  p
clknet_1_1__leaf_net664     1.80    0.005    0.000    0.0000      0.0000  p
clknet_1_1__leaf_net668     1.80    0.010    0.000    0.0000      0.0000  p
clknet_1_1__leaf_net669     1.80    0.003    0.000    0.0000      0.0000  p
clknet_1_1__leaf_net672     1.80    0.008    0.000    0.0000      0.0000  p
clknet_1_1__leaf_net673     1.80    0.005    0.000    0.0000      0.0000  p
clknet_1_1__leaf_net676     1.80    0.003    0.000    0.0000      0.0000  p
clknet_1_1__leaf_net677     1.80    0.005    0.000    0.0000      0.0000  p
clknet_1_1__leaf_net680     1.80    0.002    0.000    0.0000      0.0000  p
clknet_1_1__leaf_net681     1.80    0.019    0.000    0.0000      0.0000  p
clknet_1_1__leaf_net692     1.80    0.003    1.000    0.0000      0.0000  p
clknet_1_1__leaf_net698     1.80    0.004    0.000    0.0000      0.0000  p
clknet_1_1__leaf_net705     1.80    0.010    0.000    0.0000      0.0000  p
clknet_1_1__leaf_net756     1.80    0.021    0.000    0.0000      0.0000  p
clknet_1_1__leaf_net757     1.80    0.003    1.000    0.0000      0.0000  p
clknet_1_1__leaf_net761     1.80    0.004    1.000    0.0000      0.0000  p
net46                       1.80    0.007    0.000    0.0000      0.0000  p
net47                       1.80    0.008    0.000    0.0000      0.0000  p
net54                       1.80    0.016    1.000    0.0000      0.0000  p
net55                       1.80    0.003    0.000    0.0000      0.0000  p
net58                       1.80    0.006    0.000    0.0000      0.0000  p
net59                       1.80    0.002    0.000    0.0000      0.0000  p
net60                       1.80    0.003    0.000    0.0000      0.0000  p
net61                       1.80    0.004    1.000    0.0000      0.0000  p
net73                       1.80    0.003    1.000    0.0000      0.0000  p
net83                       1.80    0.004    1.000    0.0000      0.0000  p
net88                       1.80    0.009    0.000    0.0000      0.0000  p
net89                       1.80    0.009    0.000    0.0000      0.0000  p
net90                       1.80    0.009    0.000    0.0000      0.0000  p
net91                       1.80    0.010    0.000    0.0000      0.0000  p
net93                       1.80    0.003    0.000    0.0000      0.0000  p
net95                       1.80    0.002    0.000    0.0000      0.0000  p
net96                       1.80    0.003    0.000    0.0000      0.0000  p
net97                       1.80    0.003    0.000    0.0000      0.0000  p
net98                       1.80    0.008    0.000    0.0000      0.0000  p
net99                       1.80    0.008    1.000    0.0000      0.0000  p
net101                      1.80    0.006    0.000    0.0000      0.0000  p
net102                      1.80    0.010    1.000    0.0000      0.0000  p
net104                      1.80    0.004    0.000    0.0000      0.0000  p
net106                      1.80    0.004    0.000    0.0000      0.0000  p
net159                      1.80    0.004    1.000    0.0000      0.0000  p
net160                      1.80    0.027    1.000    0.0000      0.0000  p
net180                      1.80    0.007    0.000    0.0000      0.0000  p
net181                      1.80    0.026    0.000    0.0000      0.0000  p
net182                      1.80    0.014    0.000    0.0000      0.0000  p
net183                      1.80    0.010    0.000    0.0000      0.0000  p
net184                      1.80    0.005    0.000    0.0000      0.0000  p
net185                      1.80    0.006    0.000    0.0000      0.0000  p
net190                      1.80    0.004    0.000    0.0000      0.0000  p
net191                      1.80    0.005    1.000    0.0000      0.0000  p
net192                      1.80    0.009    1.000    0.0000      0.0000  p
net193                      1.80    0.003    1.000    0.0000      0.0000  p
net194                      1.80    0.007    1.000    0.0000      0.0000  p
net217                      1.80    0.005    0.000    0.0000      0.0000  p
net233                      1.80    0.002    0.000    0.0000      0.0000  p
net235                      1.80    0.003    0.000    0.0000      0.0000  p
net251                      1.80    0.005    1.000    0.0000      0.0000  p
net253                      1.80    0.002    1.000    0.0000      0.0000  p
net255                      1.80    0.007    1.000    0.0000      0.0000  p
net257                      1.80    0.004    0.000    0.0000      0.0000  p
net274                      1.80    0.002    0.000    0.0000      0.0000  p
net275                      1.80    0.010    0.000    0.0000      0.0000  p
net278                      1.80    0.009    0.000    0.0000      0.0000  p
net282                      1.80    0.005    1.000    0.0000      0.0000  p
net283                      1.80    0.012    1.000    0.0000      0.0000  p
net285                      1.80    0.012    0.000    0.0000      0.0000  p
net286                      1.80    0.011    0.000    0.0000      0.0000  p
net287                      1.80    0.009    0.000    0.0000      0.0000  p
net288                      1.80    0.007    1.000    0.0000      0.0000  p
net289                      1.80    0.012    0.000    0.0000      0.0000  p
net290                      1.80    0.007    0.000    0.0000      0.0000  p
net291                      1.80    0.005    0.000    0.0000      0.0000  p
net292                      1.80    0.003    0.000    0.0000      0.0000  p
net293                      1.80    0.005    0.000    0.0000      0.0000  p
net294                      1.80    0.007    0.000    0.0000      0.0000  p
net295                      1.80    0.002    0.000    0.0000      0.0000  p
net296                      1.80    0.005    0.000    0.0000      0.0000  p
net297                      1.80    0.003    0.000    0.0000      0.0000  p
net298                      1.80    0.006    0.000    0.0000      0.0000  p
net299                      1.80    0.007    0.000    0.0000      0.0000  p
net300                      1.80    0.010    0.000    0.0000      0.0000  p
net301                      1.80    0.003    0.000    0.0000      0.0000  p
net302                      1.80    0.004    0.000    0.0000      0.0000  p
net303                      1.80    0.003    0.000    0.0000      0.0000  p
net304                      1.80    0.007    0.000    0.0000      0.0000  p
net305                      1.80    0.016    0.000    0.0000      0.0000  p
net306                      1.80    0.023    0.000    0.0000      0.0000  p
net308                      1.80    0.002    0.000    0.0000      0.0000  p
net309                      1.80    0.007    0.000    0.0000      0.0000  p
net310                      1.80    0.026    0.000    0.0000      0.0000  p
net311                      1.80    0.007    0.000    0.0000      0.0000  p
net312                      1.80    0.009    1.000    0.0000      0.0000  p
net313                      1.80    0.015    0.000    0.0000      0.0000  p
net315                      1.80    0.003    0.000    0.0000      0.0000  p
net316                      1.80    0.021    0.000    0.0000      0.0000  p
net317                      1.80    0.002    0.000    0.0000      0.0000  p
net318                      1.80    0.006    0.000    0.0000      0.0000  p
net319                      1.80    0.002    1.000    0.0000      0.0000  p
net320                      1.80    0.008    0.000    0.0000      0.0000  p
net323                      1.80    0.002    0.000    0.0000      0.0000  p
net324                      1.80    0.007    0.000    0.0000      0.0000  p
net325                      1.80    0.003    0.000    0.0000      0.0000  p
net326                      1.80    0.004    1.000    0.0000      0.0000  p
net327                      1.80    0.002    0.000    0.0000      0.0000  p
net329                      1.80    0.009    0.000    0.0000      0.0000  p
net330                      1.80    0.009    1.000    0.0000      0.0000  p
net331                      1.80    0.016    1.000    0.0000      0.0000  p
net332                      1.80    0.015    1.000    0.0000      0.0000  p
net333                      1.80    0.014    1.000    0.0000      0.0000  p
net334                      1.80    0.003    0.000    0.0000      0.0000  p
net335                      1.80    0.007    0.000    0.0000      0.0000  p
net337                      1.80    0.008    0.000    0.0000      0.0000  p
net338                      1.80    0.002    0.000    0.0000      0.0000  p
net339                      1.80    0.005    1.000    0.0000      0.0000  p
net340                      1.80    0.009    0.000    0.0000      0.0000  p
net341                      1.80    0.010    0.000    0.0000      0.0000  p
net342                      1.80    0.002    0.000    0.0000      0.0000  p
net343                      1.80    0.004    0.000    0.0000      0.0000  p
net344                      1.80    0.002    0.000    0.0000      0.0000  p
net345                      1.80    0.002    0.000    0.0000      0.0000  p
net346                      1.80    0.002    0.000    0.0000      0.0000  p
net347                      1.80    0.003    0.000    0.0000      0.0000  p
net348                      1.80    0.003    0.000    0.0000      0.0000  p
net349                      1.80    0.002    0.000    0.0000      0.0000  p
net350                      1.80    0.004    0.000    0.0000      0.0000  p
net351                      1.80    0.016    0.000    0.0000      0.0000  p
net352                      1.80    0.015    1.000    0.0000      0.0000  p
net353                      1.80    0.018    0.000    0.0000      0.0000  p
net354                      1.80    0.002    0.000    0.0000      0.0000  p
net355                      1.80    0.010    1.000    0.0000      0.0000  p
net356                      1.80    0.011    0.000    0.0000      0.0000  p
net357                      1.80    0.003    1.000    0.0000      0.0000  p
net358                      1.80    0.014    0.000    0.0000      0.0000  p
net360                      1.80    0.004    0.000    0.0000      0.0000  p
net361                      1.80    0.009    0.000    0.0000      0.0000  p
net362                      1.80    0.013    1.000    0.0000      0.0000  p
net363                      1.80    0.007    0.000    0.0000      0.0000  p
net364                      1.80    0.003    1.000    0.0000      0.0000  p
net365                      1.80    0.003    0.000    0.0000      0.0000  p
net366                      1.80    0.004    1.000    0.0000      0.0000  p
net367                      1.80    0.002    0.000    0.0000      0.0000  p
net368                      1.80    0.004    0.000    0.0000      0.0000  p
net369                      1.80    0.002    0.000    0.0000      0.0000  p
net370                      1.80    0.003    0.000    0.0000      0.0000  p
net371                      1.80    0.003    0.000    0.0000      0.0000  p
net372                      1.80    0.002    0.000    0.0000      0.0000  p
net373                      1.80    0.003    0.000    0.0000      0.0000  p
net374                      1.80    0.005    0.000    0.0000      0.0000  p
net384                      1.80    0.005    0.000    0.0000      0.0000  p
net387                      1.80    0.006    0.000    0.0000      0.0000  p
net390                      1.80    0.008    0.000    0.0000      0.0000  p
net392                      1.80    0.006    0.000    0.0000      0.0000  p
net394                      1.80    0.006    0.000    0.0000      0.0000  p
net395                      1.80    0.010    0.000    0.0000      0.0000  p
net400                      1.80    0.007    0.000    0.0000      0.0000  p
net402                      1.80    0.012    0.000    0.0000      0.0000  p
net403                      1.80    0.014    0.000    0.0000      0.0000  p
net404                      1.80    0.008    0.000    0.0000      0.0000  p
net405                      1.80    0.011    0.000    0.0000      0.0000  p
net406                      1.80    0.009    0.000    0.0000      0.0000  p
net407                      1.80    0.010    0.000    0.0000      0.0000  p
net408                      1.80    0.009    0.000    0.0000      0.0000  p
net409                      1.80    0.010    0.000    0.0000      0.0000  p
net410                      1.80    0.009    0.000    0.0000      0.0000  p
net411                      1.80    0.009    0.000    0.0000      0.0000  p
net412                      1.80    0.012    0.000    0.0000      0.0000  p
net413                      1.80    0.012    0.000    0.0000      0.0000  p
net414                      1.80    0.005    0.000    0.0000      0.0000  p
net415                      1.80    0.011    1.000    0.0000      0.0000  p
net416                      1.80    0.002    0.000    0.0000      0.0000  p
net417                      1.80    0.003    1.000    0.0000      0.0000  p
net418                      1.80    0.004    0.000    0.0000      0.0000  p
net419                      1.80    0.006    1.000    0.0000      0.0000  p
net420                      1.80    0.003    1.000    0.0000      0.0000  p
net421                      1.80    0.002    0.000    0.0000      0.0000  p
net422                      1.80    0.012    0.000    0.0000      0.0000  p
net423                      1.80    0.015    0.000    0.0000      0.0000  p
net424                      1.80    0.002    0.000    0.0000      0.0000  p
net425                      1.80    0.004    0.000    0.0000      0.0000  p
net426                      1.80    0.010    0.000    0.0000      0.0000  p
net427                      1.80    0.013    0.000    0.0000      0.0000  p
net428                      1.80    0.007    0.000    0.0000      0.0000  p
net429                      1.80    0.005    1.000    0.0000      0.0000  p
net430                      1.80    0.011    0.000    0.0000      0.0000  p
net431                      1.80    0.007    0.000    0.0000      0.0000  p
net432                      1.80    0.006    0.000    0.0000      0.0000  p
net433                      1.80    0.004    0.000    0.0000      0.0000  p
net434                      1.80    0.008    0.000    0.0000      0.0000  p
net435                      1.80    0.010    0.000    0.0000      0.0000  p
net436                      1.80    0.007    0.000    0.0000      0.0000  p
net437                      1.80    0.009    0.000    0.0000      0.0000  p
net438                      1.80    0.002    0.000    0.0000      0.0000  p
net439                      1.80    0.011    0.000    0.0000      0.0000  p
net440                      1.80    0.009    0.000    0.0000      0.0000  p
net441                      1.80    0.013    0.000    0.0000      0.0000  p
net442                      1.80    0.003    1.000    0.0000      0.0000  p
net443                      1.80    0.003    1.000    0.0000      0.0000  p
net444                      1.80    0.007    0.000    0.0000      0.0000  p
net445                      1.80    0.009    0.000    0.0000      0.0000  p
net446                      1.80    0.016    0.000    0.0000      0.0000  p
net447                      1.80    0.018    0.000    0.0000      0.0000  p
net448                      1.80    0.024    0.000    0.0000      0.0000  p
net449                      1.80    0.010    0.000    0.0000      0.0000  p
net450                      1.80    0.019    0.000    0.0000      0.0000  p
net451                      1.80    0.005    0.000    0.0000      0.0000  p
net452                      1.80    0.010    0.000    0.0000      0.0000  p
net453                      1.80    0.005    0.000    0.0000      0.0000  p
net454                      1.80    0.005    0.000    0.0000      0.0000  p
net455                      1.80    0.005    0.000    0.0000      0.0000  p
net456                      1.80    0.005    0.000    0.0000      0.0000  p
net457                      1.80    0.015    0.000    0.0000      0.0000  p
net458                      1.80    0.002    0.000    0.0000      0.0000  p
net459                      1.80    0.003    0.000    0.0000      0.0000  p
net460                      1.80    0.005    1.000    0.0000      0.0000  p
net461                      1.80    0.002    0.000    0.0000      0.0000  p
net462                      1.80    0.002    0.000    0.0000      0.0000  p
net463                      1.80    0.003    0.000    0.0000      0.0000  p
net464                      1.80    0.004    0.000    0.0000      0.0000  p
net467                      1.80    0.006    0.000    0.0000      0.0000  p
net468                      1.80    0.012    0.000    0.0000      0.0000  p
net469                      1.80    0.003    0.000    0.0000      0.0000  p
net470                      1.80    0.003    0.000    0.0000      0.0000  p
net471                      1.80    0.002    1.000    0.0000      0.0000  p
net472                      1.80    0.003    0.000    0.0000      0.0000  p
net473                      1.80    0.003    0.000    0.0000      0.0000  p
net475                      1.80    0.027    0.000    0.0000      0.0000  p
net476                      1.80    0.006    0.000    0.0000      0.0000  p
net477                      1.80    0.002    0.000    0.0000      0.0000  p
net478                      1.80    0.003    0.000    0.0000      0.0000  p
net479                      1.80    0.007    0.000    0.0000      0.0000  p
net480                      1.80    0.002    0.000    0.0000      0.0000  p
net481                      1.80    0.011    0.000    0.0000      0.0000  p
net482                      1.80    0.003    1.000    0.0000      0.0000  p
net483                      1.80    0.002    0.000    0.0000      0.0000  p
net484                      1.80    0.002    0.000    0.0000      0.0000  p
net485                      1.80    0.012    0.000    0.0000      0.0000  p
net486                      1.80    0.010    0.000    0.0000      0.0000  p
net487                      1.80    0.006    0.000    0.0000      0.0000  p
net488                      1.80    0.009    0.000    0.0000      0.0000  p
net489                      1.80    0.026    0.000    0.0000      0.0000  p
net490                      1.80    0.012    0.000    0.0000      0.0000  p
net491                      1.80    0.019    0.000    0.0000      0.0000  p
net492                      1.80    0.002    0.000    0.0000      0.0000  p
net493                      1.80    0.004    0.000    0.0000      0.0000  p
net494                      1.80    0.019    0.000    0.0000      0.0000  p
net495                      1.80    0.008    0.000    0.0000      0.0000  p
net496                      1.80    0.027    0.000    0.0000      0.0000  p
net497                      1.80    0.003    0.000    0.0000      0.0000  p
net498                      1.80    0.005    0.000    0.0000      0.0000  p
net499                      1.80    0.004    0.000    0.0000      0.0000  p
net500                      1.80    0.004    0.000    0.0000      0.0000  p
net501                      1.80    0.002    0.000    0.0000      0.0000  p
net502                      1.80    0.008    0.000    0.0000      0.0000  p
net503                      1.80    0.005    0.000    0.0000      0.0000  p
net504                      1.80    0.014    0.000    0.0000      0.0000  p
net505                      1.80    0.008    0.000    0.0000      0.0000  p
net506                      1.80    0.005    0.000    0.0000      0.0000  p
net507                      1.80    0.004    0.000    0.0000      0.0000  p
net508                      1.80    0.002    0.000    0.0000      0.0000  p
net509                      1.80    0.002    0.000    0.0000      0.0000  p
net510                      1.80    0.006    0.000    0.0000      0.0000  p
net511                      1.80    0.003    0.000    0.0000      0.0000  p
net512                      1.80    0.003    0.000    0.0000      0.0000  p
net513                      1.80    0.030    0.000    0.0000      0.0000  p
net517                      1.80    0.017    0.000    0.0000      0.0000  p
net518                      1.80    0.016    0.000    0.0000      0.0000  p
net519                      1.80    0.015    0.000    0.0000      0.0000  p
net521                      1.80    0.003    0.000    0.0000      0.0000  p
net522                      1.80    0.002    0.000    0.0000      0.0000  p
net523                      1.80    0.006    0.000    0.0000      0.0000  p
net524                      1.80    0.003    0.000    0.0000      0.0000  p
net525                      1.80    0.050    0.000    0.0000      0.0000  p
net526                      1.80    0.003    0.000    0.0000      0.0000  p
net527                      1.80    0.002    0.000    0.0000      0.0000  p
net528                      1.80    0.003    0.000    0.0000      0.0000  p
net529                      1.80    0.003    0.000    0.0000      0.0000  p
net530                      1.80    0.009    0.000    0.0000      0.0000  p
net531                      1.80    0.004    1.000    0.0000      0.0000  p
net532                      1.80    0.003    0.000    0.0000      0.0000  p
net533                      1.80    0.003    1.000    0.0000      0.0000  p
net534                      1.80    0.007    1.000    0.0000      0.0000  p
net535                      1.80    0.020    0.000    0.0000      0.0000  p
net536                      1.80    0.027    0.000    0.0000      0.0000  p
net537                      1.80    0.002    0.000    0.0000      0.0000  p
net538                      1.80    0.022    0.000    0.0000      0.0000  p
net539                      1.80    0.019    0.000    0.0000      0.0000  p
net540                      1.80    0.002    0.000    0.0000      0.0000  p
net541                      1.80    0.013    0.000    0.0000      0.0000  p
net542                      1.80    0.005    0.000    0.0000      0.0000  p
net543                      1.80    0.003    0.000    0.0000      0.0000  p
net544                      1.80    0.002    0.000    0.0000      0.0000  p
net545                      1.80    0.006    0.000    0.0000      0.0000  p
net546                      1.80    0.007    0.000    0.0000      0.0000  p
net547                      1.80    0.002    0.000    0.0000      0.0000  p
net548                      1.80    0.031    0.000    0.0000      0.0000  p
net549                      1.80    0.003    0.000    0.0000      0.0000  p
net550                      1.80    0.013    0.000    0.0000      0.0000  p
net551                      1.80    0.009    1.000    0.0000      0.0000  p
net552                      1.80    0.003    0.000    0.0000      0.0000  p
net553                      1.80    0.004    1.000    0.0000      0.0000  p
net554                      1.80    0.003    0.000    0.0000      0.0000  p
net555                      1.80    0.003    0.000    0.0000      0.0000  p
net556                      1.80    0.017    0.000    0.0000      0.0000  p
net557                      1.80    0.003    0.000    0.0000      0.0000  p
net558                      1.80    0.008    0.000    0.0000      0.0000  p
net559                      1.80    0.009    0.000    0.0000      0.0000  p
net560                      1.80    0.002    0.000    0.0000      0.0000  p
net561                      1.80    0.003    0.000    0.0000      0.0000  p
net562                      1.80    0.012    0.000    0.0000      0.0000  p
net563                      1.80    0.004    0.000    0.0000      0.0000  p
net564                      1.80    0.009    0.000    0.0000      0.0000  p
net565                      1.80    0.008    0.000    0.0000      0.0000  p
net566                      1.80    0.004    1.000    0.0000      0.0000  p
net567                      1.80    0.008    0.000    0.0000      0.0000  p
net568                      1.80    0.002    0.000    0.0000      0.0000  p
net569                      1.80    0.006    0.000    0.0000      0.0000  p
net570                      1.80    0.006    1.000    0.0000      0.0000  p
net571                      1.80    0.010    0.000    0.0000      0.0000  p
net572                      1.80    0.005    1.000    0.0000      0.0000  p
net573                      1.80    0.013    0.000    0.0000      0.0000  p
net574                      1.80    0.003    0.000    0.0000      0.0000  p
net575                      1.80    0.004    1.000    0.0000      0.0000  p
net578                      1.80    0.010    0.000    0.0000      0.0000  p
net579                      1.80    0.010    0.000    0.0000      0.0000  p
net580                      1.80    0.009    0.000    0.0000      0.0000  p
net581                      1.80    0.010    0.000    0.0000      0.0000  p
net582                      1.80    0.011    0.000    0.0000      0.0000  p
net583                      1.80    0.003    0.000    0.0000      0.0000  p
net584                      1.80    0.010    0.000    0.0000      0.0000  p
net585                      1.80    0.009    0.000    0.0000      0.0000  p
net586                      1.80    0.004    0.000    0.0000      0.0000  p
net588                      1.80    0.008    0.000    0.0000      0.0000  p
net589                      1.80    0.006    0.000    0.0000      0.0000  p
net590                      1.80    0.006    0.000    0.0000      0.0000  p
net592                      1.80    0.006    0.000    0.0000      0.0000  p
net593                      1.80    0.003    0.000    0.0000      0.0000  p
net594                      1.80    0.014    0.000    0.0000      0.0000  p
net595                      1.80    0.002    0.000    0.0000      0.0000  p
net596                      1.80    0.002    0.000    0.0000      0.0000  p
net597                      1.80    0.004    0.000    0.0000      0.0000  p
net598                      1.80    0.004    1.000    0.0000      0.0000  p
net599                      1.80    0.005    0.000    0.0000      0.0000  p
net600                      1.80    0.013    0.000    0.0000      0.0000  p
net601                      1.80    0.009    0.000    0.0000      0.0000  p
net602                      1.80    0.004    0.000    0.0000      0.0000  p
net603                      1.80    0.007    0.000    0.0000      0.0000  p
net604                      1.80    0.006    0.000    0.0000      0.0000  p
net605                      1.80    0.013    0.000    0.0000      0.0000  p
net606                      1.80    0.006    0.000    0.0000      0.0000  p
net607                      1.80    0.010    1.000    0.0000      0.0000  p
net608                      1.80    0.002    0.000    0.0000      0.0000  p
net609                      1.80    0.011    0.000    0.0000      0.0000  p
net610                      1.80    0.014    0.000    0.0000      0.0000  p
net611                      1.80    0.012    0.000    0.0000      0.0000  p
net612                      1.80    0.016    0.000    0.0000      0.0000  p
net613                      1.80    0.003    0.000    0.0000      0.0000  p
net614                      1.80    0.005    1.000    0.0000      0.0000  p
net615                      1.80    0.004    1.000    0.0000      0.0000  p
net616                      1.80    0.013    0.000    0.0000      0.0000  p
net617                      1.80    0.011    0.000    0.0000      0.0000  p
net618                      1.80    0.004    1.000    0.0000      0.0000  p
net619                      1.80    0.003    1.000    0.0000      0.0000  p
net620                      1.80    0.007    0.000    0.0000      0.0000  p
net621                      1.80    0.006    1.000    0.0000      0.0000  p
net622                      1.80    0.008    0.000    0.0000      0.0000  p
net623                      1.80    0.038    0.000    0.0000      0.0000  p
net624                      1.80    0.027    0.000    0.0000      0.0000  p
net625                      1.80    0.002    0.000    0.0000      0.0000  p
net626                      1.80    0.002    1.000    0.0000      0.0000  p
net627                      1.80    0.002    0.000    0.0000      0.0000  p
net628                      1.80    0.012    1.000    0.0000      0.0000  p
net629                      1.80    0.012    0.000    0.0000      0.0000  p
net630                      1.80    0.009    1.000    0.0000      0.0000  p
net631                      1.80    0.008    1.000    0.0000      0.0000  p
net632                      1.80    0.016    0.000    0.0000      0.0000  p
net633                      1.80    0.005    1.000    0.0000      0.0000  p
net634                      1.80    0.002    0.000    0.0000      0.0000  p
net635                      1.80    0.008    1.000    0.0000      0.0000  p
net636                      1.80    0.005    0.000    0.0000      0.0000  p
net638                      1.80    0.014    0.000    0.0000      0.0000  p
net640                      1.80    0.003    0.000    0.0000      0.0000  p
net642                      1.80    0.006    0.000    0.0000      0.0000  p
net644                      1.80    0.004    1.000    0.0000      0.0000  p
net645                      1.80    0.004    1.000    0.0000      0.0000  p
net646                      1.80    0.002    1.000    0.0000      0.0000  p
net647                      1.80    0.009    0.000    0.0000      0.0000  p
net648                      1.80    0.011    0.000    0.0000      0.0000  p
net649                      1.80    0.002    0.000    0.0000      0.0000  p
net650                      1.80    0.010    0.000    0.0000      0.0000  p
net651                      1.80    0.011    0.000    0.0000      0.0000  p
net652                      1.80    0.011    0.000    0.0000      0.0000  p
net653                      1.80    0.010    0.000    0.0000      0.0000  p
net654                      1.80    0.008    0.000    0.0000      0.0000  p
net655                      1.80    0.009    0.000    0.0000      0.0000  p
net656                      1.80    0.010    0.000    0.0000      0.0000  p
net657                      1.80    0.002    0.000    0.0000      0.0000  p
net658                      1.80    0.008    0.000    0.0000      0.0000  p
net659                      1.80    0.012    0.000    0.0000      0.0000  p
net660                      1.80    0.011    1.000    0.0000      0.0000  p
net661                      1.80    0.006    0.000    0.0000      0.0000  p
net662                      1.80    0.010    1.000    0.0000      0.0000  p
net663                      1.80    0.008    0.000    0.0000      0.0000  p
net664                      1.80    0.009    0.000    0.0000      0.0000  p
net665                      1.80    0.002    0.000    0.0000      0.0000  p
net666                      1.80    0.004    0.000    0.0000      0.0000  p
net667                      1.80    0.003    1.000    0.0000      0.0000  p
net668                      1.80    0.012    0.000    0.0000      0.0000  p
net669                      1.80    0.018    0.000    0.0000      0.0000  p
net670                      1.80    0.020    1.000    0.0000      0.0000  p
net671                      1.80    0.008    0.000    0.0000      0.0000  p
net672                      1.80    0.008    0.000    0.0000      0.0000  p
net673                      1.80    0.014    0.000    0.0000      0.0000  p
net674                      1.80    0.002    1.000    0.0000      0.0000  p
net675                      1.80    0.007    0.000    0.0000      0.0000  p
net676                      1.80    0.011    0.000    0.0000      0.0000  p
net677                      1.80    0.011    0.000    0.0000      0.0000  p
net678                      1.80    0.004    1.000    0.0000      0.0000  p
net679                      1.80    0.004    0.000    0.0000      0.0000  p
net680                      1.80    0.011    0.000    0.0000      0.0000  p
net681                      1.80    0.017    0.000    0.0000      0.0000  p
net682                      1.80    0.005    1.000    0.0000      0.0000  p
net683                      1.80    0.006    0.000    0.0000      0.0000  p
net684                      1.80    0.011    0.000    0.0000      0.0000  p
net685                      1.80    0.004    0.000    0.0000      0.0000  p
net686                      1.80    0.004    0.000    0.0000      0.0000  p
net687                      1.80    0.005    1.000    0.0000      0.0000  p
net688                      1.80    0.005    0.000    0.0000      0.0000  p
net689                      1.80    0.004    1.000    0.0000      0.0000  p
net690                      1.80    0.004    0.000    0.0000      0.0000  p
net691                      1.80    0.002    1.000    0.0000      0.0000  p
net692                      1.80    0.011    1.000    0.0000      0.0000  p
net693                      1.80    0.004    0.000    0.0000      0.0000  p
net694                      1.80    0.003    0.000    0.0000      0.0000  p
net696                      1.80    0.006    0.000    0.0000      0.0000  p
net698                      1.80    0.010    0.000    0.0000      0.0000  p
net699                      1.80    0.011    0.000    0.0000      0.0000  p
net700                      1.80    0.011    0.000    0.0000      0.0000  p
net701                      1.80    0.016    0.000    0.0000      0.0000  p
net702                      1.80    0.011    0.000    0.0000      0.0000  p
net703                      1.80    0.008    0.000    0.0000      0.0000  p
net704                      1.80    0.002    0.000    0.0000      0.0000  p
net705                      1.80    0.010    0.000    0.0000      0.0000  p
net706                      1.80    0.013    0.000    0.0000      0.0000  p
net707                      1.80    0.002    0.000    0.0000      0.0000  p
net708                      1.80    0.004    0.000    0.0000      0.0000  p
net709                      1.80    0.002    1.000    0.0000      0.0000  p
net710                      1.80    0.008    0.000    0.0000      0.0000  p
net711                      1.80    0.011    0.000    0.0000      0.0000  p
net712                      1.80    0.004    0.000    0.0000      0.0000  p
net713                      1.80    0.004    1.000    0.0000      0.0000  p
net714                      1.80    0.006    0.000    0.0000      0.0000  p
net715                      1.80    0.002    0.000    0.0000      0.0000  p
net720                      1.80    0.003    0.000    0.0000      0.0000  p
net722                      1.80    0.004    0.000    0.0000      0.0000  p
net723                      1.80    0.005    0.000    0.0000      0.0000  p
net725                      1.80    0.003    0.000    0.0000      0.0000  p
net726                      1.80    0.003    0.000    0.0000      0.0000  p
net727                      1.80    0.005    0.000    0.0000      0.0000  p
net728                      1.80    0.003    0.000    0.0000      0.0000  p
net729                      1.80    0.005    0.000    0.0000      0.0000  p
net730                      1.80    0.004    0.000    0.0000      0.0000  p
net755                      1.80    0.027    0.000    0.0000      0.0000  p
net756                      1.80    0.013    0.000    0.0000      0.0000  p
net757                      1.80    0.010    1.000    0.0000      0.0000  p
net758                      1.80    0.025    1.000    0.0000      0.0000  p
net759                      1.80    0.003    1.000    0.0000      0.0000  p
net760                      1.80    0.030    0.000    0.0000      0.0000  p
net761                      1.80    0.020    1.000    0.0000      0.0000  p
net762                      1.80    0.010    0.000    0.0000      0.0000  p
net763                      1.80    0.003    0.000    0.0000      0.0000  p
net764                      1.80    0.009    1.000    0.0000      0.0000  p
net765                      1.80    0.013    1.000    0.0000      0.0000  p
net766                      1.80    0.028    0.000    0.0000      0.0000  p
net767                      1.80    0.010    1.000    0.0000      0.0000  p
net768                      1.80    0.006    1.000    0.0000      0.0000  p
net770                      1.80    0.013    0.000    0.0000      0.0000  p
net778                      1.80    0.006    0.000    0.0000      0.0000  p
net779                      1.80    0.004    0.000    0.0000      0.0000  p
net780                      1.80    0.004    0.000    0.0000      0.0000  p
net781                      1.80    0.006    0.000    0.0000      0.0000  p
net782                      1.80    0.003    0.000    0.0000      0.0000  p
net783                      1.80    0.002    0.000    0.0000      0.0000  p
net786                      1.80    0.004    0.000    0.0000      0.0000  p
net788                      1.80    0.003    0.000    0.0000      0.0000  p
net789                      1.80    0.012    0.000    0.0000      0.0000  p
net790                      1.80    0.003    0.000    0.0000      0.0000  p
net793                      1.80    0.008    0.000    0.0000      0.0000  p
net794                      1.80    0.002    0.000    0.0000      0.0000  p
net796                      1.80    0.007    0.000    0.0000      0.0000  p
net797                      1.80    0.006    0.000    0.0000      0.0000  p
net798                      1.80    0.003    0.000    0.0000      0.0000  p
net799                      1.80    0.012    1.000    0.0000      0.0000  p
net800                      1.80    0.002    0.000    0.0000      0.0000  p
net801                      1.80    0.002    0.000    0.0000      0.0000  p
net804                      1.80    0.006    0.000    0.0000      0.0000  p
net805                      1.80    0.009    0.000    0.0000      0.0000  p
net806                      1.80    0.006    0.000    0.0000      0.0000  p
net807                      1.80    0.014    0.000    0.0000      0.0000  p
net808                      1.80    0.004    0.000    0.0000      0.0000  p
net809                      1.80    0.002    0.000    0.0000      0.0000  p
net811                      1.80    0.004    1.000    0.0000      0.0000  p
net812                      1.80    0.005    0.000    0.0000      0.0000  p
net813                      1.80    0.004    0.000    0.0000      0.0000  p
net814                      1.80    0.004    1.000    0.0000      0.0000  p
net815                      1.80    0.007    0.000    0.0000      0.0000  p
net818                      1.80    0.007    0.000    0.0000      0.0000  p
net819                      1.80    0.002    0.000    0.0000      0.0000  p
net821                      1.80    0.004    0.000    0.0000      0.0000  p
net822                      1.80    0.003    0.000    0.0000      0.0000  p
net823                      1.80    0.002    0.000    0.0000      0.0000  p
net824                      1.80    0.003    1.000    0.0000      0.0000  p
net827                      1.80    0.004    1.000    0.0000      0.0000  p
net828                      1.80    0.002    1.000    0.0000      0.0000  p
net830                      1.80    0.003    0.000    0.0000      0.0000  p
net831                      1.80    0.005    0.000    0.0000      0.0000  p
out1                        1.80    0.001    0.000    0.0000      0.0000  p
out2                        1.80    0.001    0.000    0.0000      0.0000  p
out4                        1.80    0.001    1.000    0.0000      0.0000  p
out8                        1.80    0.000    0.000    0.0000      0.0000  p
out10                       1.80    0.001    0.000    0.0000      0.0000  p
out11                       1.80    0.001    1.000    0.0000      0.0000  p
out16                       1.80    0.001    1.000    0.0000      0.0000  p
out17                       1.80    0.000    1.000    0.0000      0.0000  p
out18                       1.80    0.001    0.000    0.0000      0.0000  p
out19                       1.80    0.001    1.000    0.0000      0.0000  p
out20                       1.80    0.001    0.000    0.0000      0.0000  p
out21                       1.80    0.001    1.000    0.0000      0.0000  p
out22                       1.80    0.001    1.000    0.0000      0.0000  p
out23                       1.80    0.001    0.000    0.0000      0.0000  p
out24                       1.80    0.001    1.000    0.0000      0.0000  p
--------------------------------------------------------------------------------
Total (1211 nets)                                              4.366e-04 Watt



                                      Int      Switch   Leak      Total
Hierarchy                             Power    Power    Power     Power    %
--------------------------------------------------------------------------------
netlist_1                             1.25e-03 4.37e-04 8.34e-09  1.69e-03 100.0
1
