Information: Derived library resistance unit is 1.000000 Kohm (Time unit is 1 ns, and Capacitance unit is 1.000000 pF). (DES-028)
Warning: Detected semantically incorrect SPEF in coupling section. (PARA-098)
Warning: Coupling capacitor (in10:13 in19:13 0) on net in19 is discarded because the value cannot be <= 0 (PARA-040)
Warning: Coupling capacitor (in17:5 in21:9 0) on net in21 is discarded because the value cannot be <= 0 (PARA-040)
Warning: Coupling capacitor (ANTENNA_input11_A/DIODE ANTENNA_input23_A/DIODE 0) on net in29 is discarded because the value cannot be <= 0 (PARA-040)
Warning: Coupling capacitor (in18:5 in29:5 0) on net in29 is discarded because the value cannot be <= 0 (PARA-040)
Warning: Coupling capacitor (in27:7 in29:5 0) on net in29 is discarded because the value cannot be <= 0 (PARA-040)
Warning: Coupling capacitor (in0:13 in3:9 0) on net in3 is discarded because the value cannot be <= 0 (PARA-040)
Warning: Coupling capacitor (in28:7 in34:9 0) on net in34 is discarded because the value cannot be <= 0 (PARA-040)
Warning: Coupling capacitor (in27:7 in35:5 0) on net in35 is discarded because the value cannot be <= 0 (PARA-040)
Warning: Coupling capacitor (input19/A input35/A 0) on net in4 is discarded because the value cannot be <= 0 (PARA-040)
Warning: Coupling capacitor (in25:5 in4:9 0) on net in4 is discarded because the value cannot be <= 0 (PARA-040)
Warning: Coupling capacitor (input18/A input38/A 0) on net in42 is discarded because the value cannot be <= 0 (PARA-040)
Warning: Coupling capacitor (in24:9 in42:7 0) on net in42 is discarded because the value cannot be <= 0 (PARA-040)
Warning: Coupling capacitor (ANTENNA_input30_A/DIODE ANTENNA_input44_A/DIODE 0) on net in48 is discarded because the value cannot be <= 0 (PARA-040)
Warning: Coupling capacitor (in35:5 in48:5 0) on net in48 is discarded because the value cannot be <= 0 (PARA-040)
Warning: Coupling capacitor (in44:7 in48:5 0) on net in48 is discarded because the value cannot be <= 0 (PARA-040)
Warning: Coupling capacitor (in36:7 in51:7 0) on net in51 is discarded because the value cannot be <= 0 (PARA-040)
Warning: Coupling capacitor (in47:7 in51:7 0) on net in51 is discarded because the value cannot be <= 0 (PARA-040)
Warning: Coupling capacitor (in36:7 in52:5 0) on net in52 is discarded because the value cannot be <= 0 (PARA-040)
Warning: Coupling capacitor (in50:5 in55:7 0) on net in55 is discarded because the value cannot be <= 0 (PARA-040)
Warning: Coupling capacitor (in52:5 in55:7 0) on net in55 is discarded because the value cannot be <= 0 (PARA-040)
Warning: Coupling capacitor (in46:9 in56:9 0) on net in56 is discarded because the value cannot be <= 0 (PARA-040)
Warning: Coupling capacitor (in54:9 in57:7 0) on net in57 is discarded because the value cannot be <= 0 (PARA-040)
Warning: Coupling capacitor (in26:9 in58:5 0) on net in58 is discarded because the value cannot be <= 0 (PARA-040)
Warning: Coupling capacitor (in53:7 in59:9 0) on net in59 is discarded because the value cannot be <= 0 (PARA-040)
Warning: Coupling capacitor (in56:9 in59:9 0) on net in59 is discarded because the value cannot be <= 0 (PARA-040)
Warning: Coupling capacitor (in30:5 in6:7 0) on net in6 is discarded because the value cannot be <= 0 (PARA-040)
Warning: Coupling capacitor (in44:7 in60:5 0) on net in60 is discarded because the value cannot be <= 0 (PARA-040)
Warning: Coupling capacitor (in50:5 in60:5 0) on net in60 is discarded because the value cannot be <= 0 (PARA-040)
Warning: Coupling capacitor (in53:7 in63:5 0) on net in63 is discarded because the value cannot be <= 0 (PARA-040)
Warning: Coupling capacitor (in46:9 in64:15 0) on net in64 is discarded because the value cannot be <= 0 (PARA-040)
Warning: Coupling capacitor (input43/A input63/A 0) on net in65 is discarded because the value cannot be <= 0 (PARA-040)
Warning: Coupling capacitor (in47:7 in65:7 0) on net in65 is discarded because the value cannot be <= 0 (PARA-040)
Warning: Coupling capacitor (ANTENNA_input62_A/DIODE ANTENNA_input70_A/DIODE 0) on net in71 is discarded because the value cannot be <= 0 (PARA-040)
Warning: Coupling capacitor (in64:15 input70/A 0) on net in71 is discarded because the value cannot be <= 0 (PARA-040)
Warning: Coupling capacitor (ANTENNA_input69_A/DIODE ANTENNA_input71_A/DIODE 0) on net in72 is discarded because the value cannot be <= 0 (PARA-040)
Warning: Coupling capacitor (ANTENNA_input69_A/DIODE in72:5 0) on net in72 is discarded because the value cannot be <= 0 (PARA-040)
Warning: Coupling capacitor (in23:9 in72:5 0) on net in72 is discarded because the value cannot be <= 0 (PARA-040)
Warning: Coupling capacitor (in70:5 in72:5 0) on net in72 is discarded because the value cannot be <= 0 (PARA-040)
Warning: Coupling capacitor (in69:7 in76:9 0) on net in76 is discarded because the value cannot be <= 0 (PARA-040)
Warning: Coupling capacitor (in73:5 in76:9 0) on net in76 is discarded because the value cannot be <= 0 (PARA-040)
Warning: Coupling capacitor (in66:7 in77:9 0) on net in77 is discarded because the value cannot be <= 0 (PARA-040)
Warning: Coupling capacitor (in68:7 in78:9 0) on net in78 is discarded because the value cannot be <= 0 (PARA-040)
Warning: Coupling capacitor (input45/A input78/A 0) on net in79 is discarded because the value cannot be <= 0 (PARA-040)
Warning: Coupling capacitor (in49:7 in79:7 0) on net in79 is discarded because the value cannot be <= 0 (PARA-040)
Warning: Coupling capacitor (input66/A input81/A 0) on net in81 is discarded because the value cannot be <= 0 (PARA-040)
Warning: Coupling capacitor (in68:7 in81:7 0) on net in81 is discarded because the value cannot be <= 0 (PARA-040)
Warning: Coupling capacitor (in77:9 in81:7 0) on net in81 is discarded because the value cannot be <= 0 (PARA-040)
Warning: Coupling capacitor (in69:7 in83:7 0) on net in83 is discarded because the value cannot be <= 0 (PARA-040)
Warning: Coupling capacitor (input65/A input84/A 0) on net in84 is discarded because the value cannot be <= 0 (PARA-040)
Warning: Coupling capacitor (in67:7 in84:7 0) on net in84 is discarded because the value cannot be <= 0 (PARA-040)
Warning: Coupling capacitor (ANTENNA_input70_A/DIODE ANTENNA_input86_A/DIODE 0) on net in86 is discarded because the value cannot be <= 0 (PARA-040)
Warning: Coupling capacitor (ANTENNA_input70_A/DIODE in86:5 0) on net in86 is discarded because the value cannot be <= 0 (PARA-040)
Warning: Coupling capacitor (in71:5 in86:5 0) on net in86 is discarded because the value cannot be <= 0 (PARA-040)
Warning: Coupling capacitor (in78:9 in86:5 0) on net in86 is discarded because the value cannot be <= 0 (PARA-040)
Warning: Coupling capacitor (ANTENNA_input69_A/DIODE in87:9 0) on net in87 is discarded because the value cannot be <= 0 (PARA-040)
Warning: Coupling capacitor (in70:5 in87:9 0) on net in87 is discarded because the value cannot be <= 0 (PARA-040)
Warning: Coupling capacitor (in85:9 in87:9 0) on net in87 is discarded because the value cannot be <= 0 (PARA-040)
Warning: Coupling capacitor (in61:7 in89:9 0) on net in89 is discarded because the value cannot be <= 0 (PARA-040)
Warning: Coupling capacitor (in10:13 in9:13 0) on net in9 is discarded because the value cannot be <= 0 (PARA-040)
Warning: Coupling capacitor (input65/A input98/A 0) on net in97 is discarded because the value cannot be <= 0 (PARA-040)
Warning: Coupling capacitor (input88/A input98/A 0) on net in97 is discarded because the value cannot be <= 0 (PARA-040)
Warning: Coupling capacitor (in67:7 in97:7 0) on net in97 is discarded because the value cannot be <= 0 (PARA-040)
Warning: Coupling capacitor (in88:7 in97:7 0) on net in97 is discarded because the value cannot be <= 0 (PARA-040)
Warning: Coupling capacitor (in5:13 out0 0) on net out0 is discarded because the value cannot be <= 0 (PARA-040)
Warning: Coupling capacitor (in30:5 out10 0) on net out10 is discarded because the value cannot be <= 0 (PARA-040)
Warning: Coupling capacitor (out13 out14 0) on net out14 is discarded because the value cannot be <= 0 (PARA-040)
Warning: Coupling capacitor (in25:5 out14 0) on net out14 is discarded because the value cannot be <= 0 (PARA-040)
Warning: Coupling capacitor (in24:9 out2 0) on net out2 is discarded because the value cannot be <= 0 (PARA-040)
Warning: Coupling capacitor (in45:7 out23 0) on net out23 is discarded because the value cannot be <= 0 (PARA-040)
Warning: Coupling capacitor (out27 out31 0) on net out31 is discarded because the value cannot be <= 0 (PARA-040)
Warning: Coupling capacitor (in17:5 out32 0) on net out32 is discarded because the value cannot be <= 0 (PARA-040)
Warning: Coupling capacitor (in4:9 out32 0) on net out32 is discarded because the value cannot be <= 0 (PARA-040)
Warning: Coupling capacitor (in32:7 out35 0) on net out35 is discarded because the value cannot be <= 0 (PARA-040)
Warning: Coupling capacitor (in45:7 out35 0) on net out35 is discarded because the value cannot be <= 0 (PARA-040)
Warning: Coupling capacitor (in23:9 out42 0) on net out42 is discarded because the value cannot be <= 0 (PARA-040)
Warning: Coupling capacitor (ANTENNA_input70_A/DIODE out49 0) on net out49 is discarded because the value cannot be <= 0 (PARA-040)
Warning: Coupling capacitor (in71:5 out49 0) on net out49 is discarded because the value cannot be <= 0 (PARA-040)
Warning: Coupling capacitor (out51 out52 0) on net out52 is discarded because the value cannot be <= 0 (PARA-040)
Warning: Coupling capacitor (out42 out57 0) on net out57 is discarded because the value cannot be <= 0 (PARA-040)
Warning: Coupling capacitor (in66:7 out57 0) on net out57 is discarded because the value cannot be <= 0 (PARA-040)
Warning: Coupling capacitor (in74:11 out59 0) on net out59 is discarded because the value cannot be <= 0 (PARA-040)
Warning: Coupling capacitor (in63:5 out62 0) on net out62 is discarded because the value cannot be <= 0 (PARA-040)
Warning: Coupling capacitor (in65:7 out62 0) on net out62 is discarded because the value cannot be <= 0 (PARA-040)
Warning: Coupling capacitor (ANTENNA_input11_A/DIODE out64 0) on net out64 is discarded because the value cannot be <= 0 (PARA-040)
Warning: Coupling capacitor (in18:5 out64 0) on net out64 is discarded because the value cannot be <= 0 (PARA-040)
Warning: Coupling capacitor (in34:9 out64 0) on net out64 is discarded because the value cannot be <= 0 (PARA-040)
Warning: Coupling capacitor (in61:7 out66 0) on net out66 is discarded because the value cannot be <= 0 (PARA-040)
Warning: Coupling capacitor (in95:7 out66 0) on net out66 is discarded because the value cannot be <= 0 (PARA-040)
Warning: Coupling capacitor (in57:7 out68 0) on net out68 is discarded because the value cannot be <= 0 (PARA-040)
Warning: Coupling capacitor (in85:9 out69 0) on net out69 is discarded because the value cannot be <= 0 (PARA-040)
Warning: Coupling capacitor (in88:7 out69 0) on net out69 is discarded because the value cannot be <= 0 (PARA-040)
Warning: Coupling capacitor (out60 out79 0) on net out79 is discarded because the value cannot be <= 0 (PARA-040)
Warning: Coupling capacitor (in83:7 out81 0) on net out81 is discarded because the value cannot be <= 0 (PARA-040)
Warning: Coupling capacitor (in89:9 out81 0) on net out81 is discarded because the value cannot be <= 0 (PARA-040)
Warning: Coupling capacitor (out68 out84 0) on net out84 is discarded because the value cannot be <= 0 (PARA-040)
Warning: Coupling capacitor (in73:5 out84 0) on net out84 is discarded because the value cannot be <= 0 (PARA-040)
Warning: Coupling capacitor (in58:5 out85 0) on net out85 is discarded because the value cannot be <= 0 (PARA-040)
Warning: Coupling capacitor (in90:9 out85 0) on net out85 is discarded because the value cannot be <= 0 (PARA-040)
Warning: Coupling capacitor (out79 out86 0) on net out86 is discarded because the value cannot be <= 0 (PARA-040)
Warning: Coupling capacitor (out18 out89 0) on net out89 is discarded because the value cannot be <= 0 (PARA-040)
Note - message 'PARA-040' default limit (100) exceeded.  Remainder will be suppressed.
Warning: Net 'net302' is multi-driven. (DES-023)
Warning: Net 'net322' is multi-driven. (DES-023)
Warning: Net 'net483' is multi-driven. (DES-023)
Warning: Net 'net651' is multi-driven. (DES-023)
Warning: Net 'net66' is multi-driven. (DES-023)
Warning: Net 'net87' is multi-driven. (DES-023)

****************************************
Report : read_parasitics /nas/ei/home/ge78pav/TM_power/TM_openlane/TM_openlane_single_max/TM_openlane_max_ato/TM_openlane_max_ato_min/netlist_0/high/spef/netlist_0.nom.spef
Design : netlist_0
Version: Q-2019.12-SP1
Date   : Mon Aug 19 17:32:47 2024
****************************************

        0 error(s)
        Format is SPEF
        Annotated nets                   :         1801
        Annotated capacitances           :        16331
        Annotated resistances            :        14530
        Reduced coupling capacitances    :        34918
        Annotated PI models              :            0
        Annotated Elmore delays          :            0

