Information: Derived library resistance unit is 1.000000 Kohm (Time unit is 1 ns, and Capacitance unit is 1.000000 pF). (DES-028)
Warning: Detected semantically incorrect SPEF in coupling section. (PARA-098)
Warning: Coupling capacitor (input117/A input118/A 0) on net in25 is discarded because the value cannot be <= 0 (PARA-040)
Warning: Coupling capacitor (in24:7 in25:7 0) on net in25 is discarded because the value cannot be <= 0 (PARA-040)
Warning: Coupling capacitor (in1:13 in3:13 0) on net in3 is discarded because the value cannot be <= 0 (PARA-040)
Warning: Coupling capacitor (input114/A input128/A 0) on net in34 is discarded because the value cannot be <= 0 (PARA-040)
Warning: Coupling capacitor (in21:7 in34:7 0) on net in34 is discarded because the value cannot be <= 0 (PARA-040)
Warning: Coupling capacitor (in33:11 in37:13 0) on net in37 is discarded because the value cannot be <= 0 (PARA-040)
Warning: Coupling capacitor (ANTENNA_clkbuf_0_clk_A/DIODE in38:11 0) on net in38 is discarded because the value cannot be <= 0 (PARA-040)
Warning: Coupling capacitor (input120/A input138/A 0) on net in43 is discarded because the value cannot be <= 0 (PARA-040)
Warning: Coupling capacitor (input126/A input138/A 0) on net in43 is discarded because the value cannot be <= 0 (PARA-040)
Warning: Coupling capacitor (in27:7 in43:7 0) on net in43 is discarded because the value cannot be <= 0 (PARA-040)
Warning: Coupling capacitor (in32:7 in43:7 0) on net in43 is discarded because the value cannot be <= 0 (PARA-040)
Warning: Coupling capacitor (in35:9 in44:9 0) on net in44 is discarded because the value cannot be <= 0 (PARA-040)
Warning: Coupling capacitor (input128/A input143/A 0) on net in48 is discarded because the value cannot be <= 0 (PARA-040)
Warning: Coupling capacitor (in34:7 in48:7 0) on net in48 is discarded because the value cannot be <= 0 (PARA-040)
Warning: Coupling capacitor (input118/A input145/A 0) on net in5 is discarded because the value cannot be <= 0 (PARA-040)
Warning: Coupling capacitor (input122/A input145/A 0) on net in5 is discarded because the value cannot be <= 0 (PARA-040)
Warning: Coupling capacitor (in25:7 in5:7 0) on net in5 is discarded because the value cannot be <= 0 (PARA-040)
Warning: Coupling capacitor (in29:7 in5:7 0) on net in5 is discarded because the value cannot be <= 0 (PARA-040)
Warning: Coupling capacitor (input140/A input148/A 0) on net in52 is discarded because the value cannot be <= 0 (PARA-040)
Warning: Coupling capacitor (in45:7 in52:7 0) on net in52 is discarded because the value cannot be <= 0 (PARA-040)
Warning: Coupling capacitor (input142/A input149/A 0) on net in53 is discarded because the value cannot be <= 0 (PARA-040)
Warning: Coupling capacitor (in47:7 in53:7 0) on net in53 is discarded because the value cannot be <= 0 (PARA-040)
Warning: Coupling capacitor (input109/A input154/A 0) on net in58 is discarded because the value cannot be <= 0 (PARA-040)
Warning: Coupling capacitor (in17:7 in58:7 0) on net in58 is discarded because the value cannot be <= 0 (PARA-040)
Warning: Coupling capacitor (in22:7 in58:7 0) on net in58 is discarded because the value cannot be <= 0 (PARA-040)
Warning: Coupling capacitor (input148/A input158/A 0) on net in61 is discarded because the value cannot be <= 0 (PARA-040)
Warning: Coupling capacitor (in52:7 in61:7 0) on net in61 is discarded because the value cannot be <= 0 (PARA-040)
Warning: Coupling capacitor (input126/A input159/A 0) on net in62 is discarded because the value cannot be <= 0 (PARA-040)
Warning: Coupling capacitor (input158/A input159/A 0) on net in62 is discarded because the value cannot be <= 0 (PARA-040)
Warning: Coupling capacitor (in32:7 in62:7 0) on net in62 is discarded because the value cannot be <= 0 (PARA-040)
Warning: Coupling capacitor (in61:7 in62:7 0) on net in62 is discarded because the value cannot be <= 0 (PARA-040)
Warning: Coupling capacitor (input140/A input162/A 0) on net in65 is discarded because the value cannot be <= 0 (PARA-040)
Warning: Coupling capacitor (in45:7 in65:7 0) on net in65 is discarded because the value cannot be <= 0 (PARA-040)
Warning: Coupling capacitor (input103/A input164/A 0) on net in67 is discarded because the value cannot be <= 0 (PARA-040)
Warning: Coupling capacitor (in11:7 in67:7 0) on net in67 is discarded because the value cannot be <= 0 (PARA-040)
Warning: Coupling capacitor (input163/A input168/A 0) on net in70 is discarded because the value cannot be <= 0 (PARA-040)
Warning: Coupling capacitor (in66:7 in70:7 0) on net in70 is discarded because the value cannot be <= 0 (PARA-040)
Warning: Coupling capacitor (input157/A input169/A 0) on net in71 is discarded because the value cannot be <= 0 (PARA-040)
Warning: Coupling capacitor (in60:7 in71:7 0) on net in71 is discarded because the value cannot be <= 0 (PARA-040)
Warning: Coupling capacitor (input114/A input170/A 0) on net in72 is discarded because the value cannot be <= 0 (PARA-040)
Warning: Coupling capacitor (input117/A input170/A 0) on net in72 is discarded because the value cannot be <= 0 (PARA-040)
Warning: Coupling capacitor (in21:7 in72:7 0) on net in72 is discarded because the value cannot be <= 0 (PARA-040)
Warning: Coupling capacitor (in24:7 in72:7 0) on net in72 is discarded because the value cannot be <= 0 (PARA-040)
Warning: Coupling capacitor (input169/A input171/A 0) on net in73 is discarded because the value cannot be <= 0 (PARA-040)
Warning: Coupling capacitor (in71:7 in73:7 0) on net in73 is discarded because the value cannot be <= 0 (PARA-040)
Warning: Coupling capacitor (input144/A input173/A 0) on net in75 is discarded because the value cannot be <= 0 (PARA-040)
Warning: Coupling capacitor (in49:7 in75:7 0) on net in75 is discarded because the value cannot be <= 0 (PARA-040)
Warning: Coupling capacitor (input171/A input176/A 0) on net in78 is discarded because the value cannot be <= 0 (PARA-040)
Warning: Coupling capacitor (input174/A input176/A 0) on net in78 is discarded because the value cannot be <= 0 (PARA-040)
Warning: Coupling capacitor (in73:7 in78:7 0) on net in78 is discarded because the value cannot be <= 0 (PARA-040)
Warning: Coupling capacitor (in76:7 in78:7 0) on net in78 is discarded because the value cannot be <= 0 (PARA-040)
Warning: Coupling capacitor (ANTENNA_input139_A/DIODE input179/A 0) on net in80 is discarded because the value cannot be <= 0 (PARA-040)
Warning: Coupling capacitor (input173/A input183/A 0) on net in84 is discarded because the value cannot be <= 0 (PARA-040)
Warning: Coupling capacitor (in75:7 in84:7 0) on net in84 is discarded because the value cannot be <= 0 (PARA-040)
Warning: Coupling capacitor (input120/A input185/A 0) on net in86 is discarded because the value cannot be <= 0 (PARA-040)
Warning: Coupling capacitor (input122/A input185/A 0) on net in86 is discarded because the value cannot be <= 0 (PARA-040)
Warning: Coupling capacitor (in27:7 in86:7 0) on net in86 is discarded because the value cannot be <= 0 (PARA-040)
Warning: Coupling capacitor (in29:7 in86:7 0) on net in86 is discarded because the value cannot be <= 0 (PARA-040)
Warning: Coupling capacitor (input165/A input187/A 0) on net in88 is discarded because the value cannot be <= 0 (PARA-040)
Warning: Coupling capacitor (in68:7 in88:7 0) on net in88 is discarded because the value cannot be <= 0 (PARA-040)
Warning: Coupling capacitor (input162/A input190/A 0) on net in90 is discarded because the value cannot be <= 0 (PARA-040)
Warning: Coupling capacitor (in65:7 in90:7 0) on net in90 is discarded because the value cannot be <= 0 (PARA-040)
Warning: Coupling capacitor (input142/A input194/A 0) on net in94 is discarded because the value cannot be <= 0 (PARA-040)
Warning: Coupling capacitor (in47:7 in94:7 0) on net in94 is discarded because the value cannot be <= 0 (PARA-040)
Warning: Coupling capacitor (input191/A input196/A 0) on net in97 is discarded because the value cannot be <= 0 (PARA-040)
Warning: Coupling capacitor (in80:9 in97:7 0) on net in97 is discarded because the value cannot be <= 0 (PARA-040)
Warning: Coupling capacitor (in91:7 in97:7 0) on net in97 is discarded because the value cannot be <= 0 (PARA-040)
Warning: Coupling capacitor (input149/A input197/A 0) on net in98 is discarded because the value cannot be <= 0 (PARA-040)
Warning: Coupling capacitor (in53:7 in98:7 0) on net in98 is discarded because the value cannot be <= 0 (PARA-040)
Warning: Coupling capacitor (input137/A input198/A 0) on net in99 is discarded because the value cannot be <= 0 (PARA-040)
Warning: Coupling capacitor (input183/A input198/A 0) on net in99 is discarded because the value cannot be <= 0 (PARA-040)
Warning: Coupling capacitor (in42:7 in99:7 0) on net in99 is discarded because the value cannot be <= 0 (PARA-040)
Warning: Coupling capacitor (in84:7 in99:7 0) on net in99 is discarded because the value cannot be <= 0 (PARA-040)
Warning: Coupling capacitor (out0 out1 0) on net out1 is discarded because the value cannot be <= 0 (PARA-040)
Warning: Coupling capacitor (in56:7 out1 0) on net out1 is discarded because the value cannot be <= 0 (PARA-040)
Warning: Coupling capacitor (in36:7 out16 0) on net out16 is discarded because the value cannot be <= 0 (PARA-040)
Warning: Coupling capacitor (in90:7 out18 0) on net out18 is discarded because the value cannot be <= 0 (PARA-040)
Warning: Coupling capacitor (in93:7 out18 0) on net out18 is discarded because the value cannot be <= 0 (PARA-040)
Warning: Coupling capacitor (in51:9 out21 0) on net out21 is discarded because the value cannot be <= 0 (PARA-040)
Warning: Coupling capacitor (in79:9 out21 0) on net out21 is discarded because the value cannot be <= 0 (PARA-040)
Warning: Coupling capacitor (out11 out28 0) on net out28 is discarded because the value cannot be <= 0 (PARA-040)
Warning: Coupling capacitor (out15 out28 0) on net out28 is discarded because the value cannot be <= 0 (PARA-040)
Warning: Coupling capacitor (in18:13 out3 0) on net out3 is discarded because the value cannot be <= 0 (PARA-040)
Warning: Coupling capacitor (in4:5 out30 0) on net out30 is discarded because the value cannot be <= 0 (PARA-040)
Warning: Coupling capacitor (in67:7 out33 0) on net out33 is discarded because the value cannot be <= 0 (PARA-040)
Warning: Coupling capacitor (in7:11 out34 0) on net out34 is discarded because the value cannot be <= 0 (PARA-040)
Warning: Coupling capacitor (out33 out36 0) on net out36 is discarded because the value cannot be <= 0 (PARA-040)
Warning: Coupling capacitor (in48:7 out36 0) on net out36 is discarded because the value cannot be <= 0 (PARA-040)
Warning: Coupling capacitor (in70:7 out38 0) on net out38 is discarded because the value cannot be <= 0 (PARA-040)
Warning: Coupling capacitor (out34 out39 0) on net out39 is discarded because the value cannot be <= 0 (PARA-040)
Warning: Coupling capacitor (in79:9 out4 0) on net out4 is discarded because the value cannot be <= 0 (PARA-040)
Warning: Coupling capacitor (in91:7 out47 0) on net out47 is discarded because the value cannot be <= 0 (PARA-040)
Warning: Coupling capacitor (in46:7 out49 0) on net out49 is discarded because the value cannot be <= 0 (PARA-040)
Warning: Coupling capacitor (in93:7 out49 0) on net out49 is discarded because the value cannot be <= 0 (PARA-040)
Warning: Coupling capacitor (in55:7 out51 0) on net out51 is discarded because the value cannot be <= 0 (PARA-040)
Warning: Coupling capacitor (in94:7 out51 0) on net out51 is discarded because the value cannot be <= 0 (PARA-040)
Warning: Coupling capacitor (in74:7 out52 0) on net out52 is discarded because the value cannot be <= 0 (PARA-040)
Warning: Coupling capacitor (in85:7 out52 0) on net out52 is discarded because the value cannot be <= 0 (PARA-040)
Warning: Coupling capacitor (out20 out53 0) on net out53 is discarded because the value cannot be <= 0 (PARA-040)
Warning: Coupling capacitor (out45 out54 0) on net out54 is discarded because the value cannot be <= 0 (PARA-040)
Note - message 'PARA-040' default limit (100) exceeded.  Remainder will be suppressed.
Warning: Net 'net511' is multi-driven. (DES-023)
Warning: Net 'net540' is multi-driven. (DES-023)

****************************************
Report : read_parasitics /nas/ei/home/ge78pav/TM_power/TM_openlane/TM_openlane_single_max/TM_openlane_max_ad/TM_openlane_max_ad_min/netlist_0/high/spef/netlist_0.nom.spef
Design : netlist_0
Version: Q-2019.12-SP1
Date   : Mon Aug 19 15:34:29 2024
****************************************

        0 error(s)
        Format is SPEF
        Annotated nets                   :         1356
        Annotated capacitances           :         9666
        Annotated resistances            :         8310
        Reduced coupling capacitances    :        13352
        Annotated PI models              :            0
        Annotated Elmore delays          :            0

