Information: Derived library resistance unit is 1.000000 Kohm (Time unit is 1 ns, and Capacitance unit is 1.000000 pF). (DES-028)
Warning: Detected semantically incorrect SPEF in coupling section. (PARA-098)
Warning: Coupling capacitor (in22:11 in7:11 0) on net in7 is discarded because the value cannot be <= 0 (PARA-040)
Warning: Coupling capacitor (out14 out21 0) on net out21 is discarded because the value cannot be <= 0 (PARA-040)
Warning: Coupling capacitor (out3 out4 0) on net out4 is discarded because the value cannot be <= 0 (PARA-040)
Warning: Coupling capacitor (out8 out9 0) on net out9 is discarded because the value cannot be <= 0 (PARA-040)
Warning: Coupling capacitor (clkbuf_1_0__f_net181/A clkbuf_1_1__f_net195/A 0) on net clknet_0_net195 is discarded because the value cannot be <= 0 (PARA-040)
Warning: Coupling capacitor (clkbuf_1_0__f_net202/A clkbuf_1_1__f_net211/A 0) on net clknet_0_net211 is discarded because the value cannot be <= 0 (PARA-040)
Warning: Coupling capacitor (clkbuf_1_0__f_net249/A clkbuf_1_1__f_net252/A 0) on net clknet_0_net252 is discarded because the value cannot be <= 0 (PARA-040)
Warning: Coupling capacitor (clkbuf_1_1__f_net249/A clkbuf_1_1__f_net252/A 0) on net clknet_0_net252 is discarded because the value cannot be <= 0 (PARA-040)
Warning: Coupling capacitor (clkbuf_1_1__f_net417/A clkbuf_1_1__f_net418/A 0) on net clknet_0_net418 is discarded because the value cannot be <= 0 (PARA-040)
Warning: Coupling capacitor (clkbuf_1_0__f_net487/A clkbuf_1_1__f_net492/A 0) on net clknet_0_net492 is discarded because the value cannot be <= 0 (PARA-040)
Warning: Coupling capacitor (clkbuf_1_0__f_net1052/A clkbuf_1_1__f_net503/A 0) on net clknet_0_net503 is discarded because the value cannot be <= 0 (PARA-040)
Warning: Coupling capacitor (out21 clkbuf_1_1__f_net524/A 0) on net clknet_0_net524 is discarded because the value cannot be <= 0 (PARA-040)
Warning: Coupling capacitor (out5 clkbuf_1_0__f_net524/A 0) on net clknet_0_net524 is discarded because the value cannot be <= 0 (PARA-040)
Warning: Coupling capacitor (out9 clkbuf_1_0__f_net524/A 0) on net clknet_0_net524 is discarded because the value cannot be <= 0 (PARA-040)
Warning: Coupling capacitor (clkbuf_1_1__f_net549/A clkbuf_1_0__f_net550/A 0) on net clknet_0_net550 is discarded because the value cannot be <= 0 (PARA-040)
Warning: Coupling capacitor (clkbuf_1_0__f_net550/A clkbuf_1_0__f_net554/A 0) on net clknet_0_net554 is discarded because the value cannot be <= 0 (PARA-040)
Warning: Coupling capacitor (clkbuf_1_1__f_net550/A clkbuf_1_0__f_net554/A 0) on net clknet_0_net554 is discarded because the value cannot be <= 0 (PARA-040)
Warning: Coupling capacitor (clkbuf_1_1__f_net1071/A clkbuf_1_0__f_net570/A 0) on net clknet_0_net570 is discarded because the value cannot be <= 0 (PARA-040)
Warning: Coupling capacitor (clkbuf_1_1__f_net1071/A clkbuf_1_1__f_net570/A 0) on net clknet_0_net570 is discarded because the value cannot be <= 0 (PARA-040)
Warning: Coupling capacitor (clkbuf_1_0__f_net202/A clkbuf_1_0__f_net846/A 0) on net clknet_0_net846 is discarded because the value cannot be <= 0 (PARA-040)
Warning: Coupling capacitor (clkbuf_1_1__f_net211/A clkbuf_1_1__f_net846/A 0) on net clknet_0_net846 is discarded because the value cannot be <= 0 (PARA-040)
Warning: Coupling capacitor (clkbuf_1_1__f_net1052/A clkbuf_1_1__f_net848/A 0) on net clknet_0_net848 is discarded because the value cannot be <= 0 (PARA-040)
Warning: Coupling capacitor (clkbuf_1_0__f_net35/A clkbuf_1_0__f_net906/A 0) on net clknet_0_net906 is discarded because the value cannot be <= 0 (PARA-040)
Warning: Coupling capacitor (clkbuf_1_1__f_net35/A clkbuf_1_1__f_net906/A 0) on net clknet_0_net906 is discarded because the value cannot be <= 0 (PARA-040)
Warning: Coupling capacitor (clkbuf_1_0__f_net341/A clkbuf_1_1__f_net969/A 0) on net clknet_0_net969 is discarded because the value cannot be <= 0 (PARA-040)
Warning: Coupling capacitor (clkbuf_1_0__f_net968/A clkbuf_1_0__f_net969/A 0) on net clknet_0_net969 is discarded because the value cannot be <= 0 (PARA-040)
Warning: Coupling capacitor (clkbuf_1_1__f_net968/A clkbuf_1_0__f_net969/A 0) on net clknet_0_net969 is discarded because the value cannot be <= 0 (PARA-040)
Warning: Coupling capacitor (clkbuf_1_1__f_net1011/A clknet_1_0__leaf_net1009:25 0) on net clknet_1_0__leaf_net1009 is discarded because the value cannot be <= 0 (PARA-040)
Warning: Coupling capacitor (clkbuf_1_1__f_net1011/A clknet_1_0__leaf_net1009:31 0) on net clknet_1_0__leaf_net1009 is discarded because the value cannot be <= 0 (PARA-040)
Warning: Coupling capacitor (c367/S0 c367/S1 0) on net clknet_1_0__leaf_net1011 is discarded because the value cannot be <= 0 (PARA-040)
Warning: Coupling capacitor (clkbuf_1_0__f_net925/A merge756/D 0) on net clknet_1_0__leaf_net105 is discarded because the value cannot be <= 0 (PARA-040)
Warning: Coupling capacitor (clkbuf_1_1__f_net228/A c238/B1 0) on net clknet_1_0__leaf_net105 is discarded because the value cannot be <= 0 (PARA-040)
Warning: Coupling capacitor (clkbuf_1_1__f_net925/A merge756/D 0) on net clknet_1_0__leaf_net105 is discarded because the value cannot be <= 0 (PARA-040)
Warning: Coupling capacitor (clkbuf_1_1__f_net608/A clknet_1_0__leaf_net1091:10 0) on net clknet_1_0__leaf_net1091 is discarded because the value cannot be <= 0 (PARA-040)
Warning: Coupling capacitor (clkbuf_1_1__f_net1093/A c601/S1 0) on net clknet_1_0__leaf_net1092 is discarded because the value cannot be <= 0 (PARA-040)
Warning: Coupling capacitor (clkbuf_1_1__f_net595/A clknet_1_0__leaf_net1153:48 0) on net clknet_1_0__leaf_net1153 is discarded because the value cannot be <= 0 (PARA-040)
Warning: Coupling capacitor (clkbuf_1_0__f_net905/A c176/SCD 0) on net clknet_1_0__leaf_net159 is discarded because the value cannot be <= 0 (PARA-040)
Warning: Coupling capacitor (clknet_1_0__leaf_net179:16 c195/S0 0) on net clknet_1_0__leaf_net180 is discarded because the value cannot be <= 0 (PARA-040)
Warning: Coupling capacitor (clknet_1_0__leaf_net179:76 clknet_1_0__leaf_net185:70 0) on net clknet_1_0__leaf_net185 is discarded because the value cannot be <= 0 (PARA-040)
Warning: Coupling capacitor (clknet_1_0__leaf_net204:12 c223/A1 0) on net clknet_1_0__leaf_net208 is discarded because the value cannot be <= 0 (PARA-040)
Warning: Coupling capacitor (clknet_1_0__leaf_net204:12 clknet_1_0__leaf_net208:45 0) on net clknet_1_0__leaf_net208 is discarded because the value cannot be <= 0 (PARA-040)
Warning: Coupling capacitor (clkbuf_1_1__f_net210/A c222/SCD 0) on net clknet_1_0__leaf_net210 is discarded because the value cannot be <= 0 (PARA-040)
Warning: Coupling capacitor (clkbuf_1_1__f_net846/A clknet_1_0__leaf_net220:8 0) on net clknet_1_0__leaf_net220 is discarded because the value cannot be <= 0 (PARA-040)
Warning: Coupling capacitor (clkbuf_1_0__f_net227/A clknet_1_0__leaf_net227:10 0) on net clknet_1_0__leaf_net227 is discarded because the value cannot be <= 0 (PARA-040)
Warning: Coupling capacitor (c239/D c236/D 0) on net clknet_1_0__leaf_net228 is discarded because the value cannot be <= 0 (PARA-040)
Warning: Coupling capacitor (c239/D c239/SCE 0) on net clknet_1_0__leaf_net228 is discarded because the value cannot be <= 0 (PARA-040)
Warning: Coupling capacitor (clkbuf_1_1__f_net248/A c255/SCD 0) on net clknet_1_0__leaf_net248 is discarded because the value cannot be <= 0 (PARA-040)
Warning: Coupling capacitor (clkbuf_1_1__f_net248/A clknet_1_0__leaf_net248:14 0) on net clknet_1_0__leaf_net248 is discarded because the value cannot be <= 0 (PARA-040)
Warning: Coupling capacitor (clkbuf_1_1__f_net248/A clknet_1_0__leaf_net248:16 0) on net clknet_1_0__leaf_net248 is discarded because the value cannot be <= 0 (PARA-040)
Warning: Coupling capacitor (clknet_1_0__leaf_net247:10 c255/D 0) on net clknet_1_0__leaf_net249 is discarded because the value cannot be <= 0 (PARA-040)
Warning: Coupling capacitor (clknet_1_0__leaf_net247:10 merge749/SCE 0) on net clknet_1_0__leaf_net252 is discarded because the value cannot be <= 0 (PARA-040)
Warning: Coupling capacitor (clkbuf_1_0__f_net341/A clknet_1_0__leaf_net341:59 0) on net clknet_1_0__leaf_net341 is discarded because the value cannot be <= 0 (PARA-040)
Warning: Coupling capacitor (clkbuf_1_1__f_net989/A c406/SCD 0) on net clknet_1_0__leaf_net418 is discarded because the value cannot be <= 0 (PARA-040)
Warning: Coupling capacitor (clknet_1_0__leaf_net479:8 clknet_1_0__leaf_net482:8 0) on net clknet_1_0__leaf_net482 is discarded because the value cannot be <= 0 (PARA-040)
Warning: Coupling capacitor (c470/A2 c467/A0 0) on net clknet_1_0__leaf_net489 is discarded because the value cannot be <= 0 (PARA-040)
Warning: Coupling capacitor (clknet_0_net488:8 c467/A0 0) on net clknet_1_0__leaf_net489 is discarded because the value cannot be <= 0 (PARA-040)
Warning: Coupling capacitor (clknet_1_0__leaf_net487:63 c467/A0 0) on net clknet_1_0__leaf_net489 is discarded because the value cannot be <= 0 (PARA-040)
Warning: Coupling capacitor (clknet_1_0__leaf_net487:80 c467/A0 0) on net clknet_1_0__leaf_net489 is discarded because the value cannot be <= 0 (PARA-040)
Warning: Coupling capacitor (clkbuf_1_1__f_net487/A c478/A1 0) on net clknet_1_0__leaf_net503 is discarded because the value cannot be <= 0 (PARA-040)
Warning: Coupling capacitor (clkbuf_1_1__f_net487/A c479/A0 0) on net clknet_1_0__leaf_net503 is discarded because the value cannot be <= 0 (PARA-040)
Warning: Coupling capacitor (clkbuf_1_0__f_net524/A clknet_1_0__leaf_net524:8 0) on net clknet_1_0__leaf_net524 is discarded because the value cannot be <= 0 (PARA-040)
Warning: Coupling capacitor (clkbuf_1_0__f_net535/A c512/A 0) on net clknet_1_0__leaf_net533 is discarded because the value cannot be <= 0 (PARA-040)
Warning: Coupling capacitor (clknet_1_0__leaf_net533:18 c513/B1 0) on net clknet_1_0__leaf_net535 is discarded because the value cannot be <= 0 (PARA-040)
Warning: Coupling capacitor (clknet_1_0__leaf_net533:18 clknet_1_0__leaf_net535:16 0) on net clknet_1_0__leaf_net535 is discarded because the value cannot be <= 0 (PARA-040)
Warning: Coupling capacitor (clkbuf_1_1__f_net549/A clknet_1_0__leaf_net548:26 0) on net clknet_1_0__leaf_net548 is discarded because the value cannot be <= 0 (PARA-040)
Warning: Coupling capacitor (clkbuf_1_0__f_net550/A c535/SET_B 0) on net clknet_1_0__leaf_net550 is discarded because the value cannot be <= 0 (PARA-040)
Warning: Coupling capacitor (c526/A clknet_1_0__leaf_net553:12 0) on net clknet_1_0__leaf_net553 is discarded because the value cannot be <= 0 (PARA-040)
Warning: Coupling capacitor (clkbuf_1_0__f_net549/A clknet_1_0__leaf_net553:12 0) on net clknet_1_0__leaf_net553 is discarded because the value cannot be <= 0 (PARA-040)
Warning: Coupling capacitor (c525/A clknet_1_0__leaf_net554:10 0) on net clknet_1_0__leaf_net554 is discarded because the value cannot be <= 0 (PARA-040)
Warning: Coupling capacitor (clknet_1_0__leaf_net548:39 clknet_1_0__leaf_net554:10 0) on net clknet_1_0__leaf_net554 is discarded because the value cannot be <= 0 (PARA-040)
Warning: Coupling capacitor (clkbuf_1_0__f_net570/A clknet_1_0__leaf_net570:14 0) on net clknet_1_0__leaf_net570 is discarded because the value cannot be <= 0 (PARA-040)
Warning: Coupling capacitor (c597/A2 clknet_1_0__leaf_net619:49 0) on net clknet_1_0__leaf_net619 is discarded because the value cannot be <= 0 (PARA-040)
Warning: Coupling capacitor (clknet_1_0__leaf_net618:12 c598/A2 0) on net clknet_1_0__leaf_net619 is discarded because the value cannot be <= 0 (PARA-040)
Warning: Coupling capacitor (clknet_1_0__leaf_net618:34 c596/A0 0) on net clknet_1_0__leaf_net619 is discarded because the value cannot be <= 0 (PARA-040)
Warning: Coupling capacitor (clknet_1_0__leaf_net618:34 clknet_1_0__leaf_net619:49 0) on net clknet_1_0__leaf_net619 is discarded because the value cannot be <= 0 (PARA-040)
Warning: Coupling capacitor (c656/S0 clknet_1_0__leaf_net668:29 0) on net clknet_1_0__leaf_net668 is discarded because the value cannot be <= 0 (PARA-040)
Warning: Coupling capacitor (clkbuf_1_0__f_net318/A clknet_1_0__leaf_net891:18 0) on net clknet_1_0__leaf_net891 is discarded because the value cannot be <= 0 (PARA-040)
Warning: Coupling capacitor (clkbuf_1_0__f_net227/A clknet_1_0__leaf_net926:10 0) on net clknet_1_0__leaf_net926 is discarded because the value cannot be <= 0 (PARA-040)
Warning: Coupling capacitor (clkbuf_1_0__f_net946/A c186/A3 0) on net clknet_1_0__leaf_net946 is discarded because the value cannot be <= 0 (PARA-040)
Warning: Coupling capacitor (clkbuf_1_0__f_net946/A clknet_1_0__leaf_net946:10 0) on net clknet_1_0__leaf_net946 is discarded because the value cannot be <= 0 (PARA-040)
Warning: Coupling capacitor (clkbuf_1_0__f_net946/A c186/S1 0) on net clknet_1_0__leaf_net948 is discarded because the value cannot be <= 0 (PARA-040)
Warning: Coupling capacitor (clkbuf_1_1__f_net946/A c186/S1 0) on net clknet_1_0__leaf_net948 is discarded because the value cannot be <= 0 (PARA-040)
Warning: Coupling capacitor (clkbuf_1_1__f_net228/A c235/C 0) on net clknet_1_0__leaf_net969 is discarded because the value cannot be <= 0 (PARA-040)
Warning: Coupling capacitor (clkbuf_1_1__f_net1030/A c432/S1 0) on net clknet_1_1__leaf_net1030 is discarded because the value cannot be <= 0 (PARA-040)
Warning: Coupling capacitor (clkbuf_1_1__f_net457/A clknet_1_1__leaf_net1031:10 0) on net clknet_1_1__leaf_net1031 is discarded because the value cannot be <= 0 (PARA-040)
Warning: Coupling capacitor (clknet_1_0__leaf_net1030:12 clknet_1_1__leaf_net1031:50 0) on net clknet_1_1__leaf_net1031 is discarded because the value cannot be <= 0 (PARA-040)
Warning: Coupling capacitor (clkbuf_1_1__f_net507/A c480/S0 0) on net clknet_1_1__leaf_net1051 is discarded because the value cannot be <= 0 (PARA-040)
Warning: Coupling capacitor (c543/A2 c545/S0 0) on net clknet_1_1__leaf_net1071 is discarded because the value cannot be <= 0 (PARA-040)
Warning: Coupling capacitor (clkbuf_1_1__f_net570/A c545/S0 0) on net clknet_1_1__leaf_net1071 is discarded because the value cannot be <= 0 (PARA-040)
Warning: Coupling capacitor (clknet_1_1__leaf_net1070:37 c545/S0 0) on net clknet_1_1__leaf_net1071 is discarded because the value cannot be <= 0 (PARA-040)
Warning: Coupling capacitor (clkbuf_1_1__f_net608/A clknet_1_1__leaf_net1091:20 0) on net clknet_1_1__leaf_net1091 is discarded because the value cannot be <= 0 (PARA-040)
Warning: Coupling capacitor (clkbuf_1_1__f_net1093/A clknet_1_1__leaf_net1092:16 0) on net clknet_1_1__leaf_net1092 is discarded because the value cannot be <= 0 (PARA-040)
Warning: Coupling capacitor (clkbuf_1_0__f_net886/A clknet_1_1__leaf_net1093:8 0) on net clknet_1_1__leaf_net1093 is discarded because the value cannot be <= 0 (PARA-040)
Warning: Coupling capacitor (clkbuf_1_0__f_net886/A clknet_1_1__leaf_net1093:10 0) on net clknet_1_1__leaf_net1093 is discarded because the value cannot be <= 0 (PARA-040)
Warning: Coupling capacitor (clkbuf_1_1__f_net886/A clknet_1_1__leaf_net1093:8 0) on net clknet_1_1__leaf_net1093 is discarded because the value cannot be <= 0 (PARA-040)
Warning: Coupling capacitor (c490/RESET_B clknet_1_1__leaf_net1150:10 0) on net clknet_1_1__leaf_net1150 is discarded because the value cannot be <= 0 (PARA-040)
Warning: Coupling capacitor (clkbuf_1_1__f_net507/A c629/A1 0) on net clknet_1_1__leaf_net1150 is discarded because the value cannot be <= 0 (PARA-040)
Warning: Coupling capacitor (clkbuf_1_1__f_net848/A clknet_1_1__leaf_net1150:27 0) on net clknet_1_1__leaf_net1150 is discarded because the value cannot be <= 0 (PARA-040)
Warning: Coupling capacitor (clkbuf_1_1__f_net1092/A clknet_1_1__leaf_net1153:10 0) on net clknet_1_1__leaf_net1153 is discarded because the value cannot be <= 0 (PARA-040)
Warning: Coupling capacitor (clknet_0_net1093:14 output32/A 0) on net clknet_1_1__leaf_net1153 is discarded because the value cannot be <= 0 (PARA-040)
Note - message 'PARA-040' default limit (100) exceeded.  Remainder will be suppressed.
Warning: Net 'net189' is multi-driven. (DES-023)
Warning: Net 'net224' is multi-driven. (DES-023)
Warning: Net 'net29' is multi-driven. (DES-023)
Warning: Net 'net292' is multi-driven. (DES-023)
Warning: Net 'net319' is multi-driven. (DES-023)
Warning: Net 'net367' is multi-driven. (DES-023)
Warning: Net 'net394' is multi-driven. (DES-023)
Warning: Net 'net438' is multi-driven. (DES-023)
Warning: Net 'net497' is multi-driven. (DES-023)
Warning: Net 'net530' is multi-driven. (DES-023)
Warning: Net 'net713' is multi-driven. (DES-023)
Warning: Net 'net715' is multi-driven. (DES-023)
Warning: Net 'net739' is multi-driven. (DES-023)
Warning: Net 'net768' is multi-driven. (DES-023)
Warning: Net 'net806' is multi-driven. (DES-023)
Warning: Net 'net845' is multi-driven. (DES-023)
Warning: Net 'net886' is multi-driven. (DES-023)

****************************************
Report : read_parasitics /nas/ei/home/ge78pav/TM_power/TM_openlane/TM_openlane_single_min/TM_openlane_min_ad/TM_openlane_min_ad_max/netlist_1/low/spef/netlist_1.nom.spef
Design : netlist_1
Version: Q-2019.12-SP1
Date   : Wed Aug 21 00:48:03 2024
****************************************

        0 error(s)
        Format is SPEF
        Annotated nets                   :         1756
        Annotated capacitances           :        10004
        Annotated resistances            :         8248
        Reduced coupling capacitances    :        15155
        Annotated PI models              :            0
        Annotated Elmore delays          :            0

