Information: Derived library resistance unit is 1.000000 Kohm (Time unit is 1 ns, and Capacitance unit is 1.000000 pF). (DES-028)
Warning: Detected semantically incorrect SPEF in coupling section. (PARA-098)
Warning: Coupling capacitor (in17:13 in22:13 0) on net in22 is discarded because the value cannot be <= 0 (PARA-040)
Warning: Coupling capacitor (in28:11 in3:13 0) on net in3 is discarded because the value cannot be <= 0 (PARA-040)
Warning: Coupling capacitor (in14:13 in31:11 0) on net in31 is discarded because the value cannot be <= 0 (PARA-040)
Warning: Coupling capacitor (ANTENNA_input1_A/DIODE ANTENNA_input27_A/DIODE 0) on net in32 is discarded because the value cannot be <= 0 (PARA-040)
Warning: Coupling capacitor (in0:5 in32:5 0) on net in32 is discarded because the value cannot be <= 0 (PARA-040)
Warning: Coupling capacitor (in10:20 in38:13 0) on net in38 is discarded because the value cannot be <= 0 (PARA-040)
Warning: Coupling capacitor (in14:13 in41:11 0) on net in41 is discarded because the value cannot be <= 0 (PARA-040)
Warning: Coupling capacitor (in26:13 in42:13 0) on net in42 is discarded because the value cannot be <= 0 (PARA-040)
Warning: Coupling capacitor (in18:7 in5:9 0) on net in5 is discarded because the value cannot be <= 0 (PARA-040)
Warning: Coupling capacitor (in35:9 in5:9 0) on net in5 is discarded because the value cannot be <= 0 (PARA-040)
Warning: Coupling capacitor (in42:13 in56:13 0) on net in56 is discarded because the value cannot be <= 0 (PARA-040)
Warning: Coupling capacitor (in23:5 in60:9 0) on net in60 is discarded because the value cannot be <= 0 (PARA-040)
Warning: Coupling capacitor (in6:7 in9:9 0) on net in9 is discarded because the value cannot be <= 0 (PARA-040)
Warning: Coupling capacitor (in0:5 out10 0) on net out10 is discarded because the value cannot be <= 0 (PARA-040)
Warning: Coupling capacitor (in28:11 out11 0) on net out11 is discarded because the value cannot be <= 0 (PARA-040)
Warning: Coupling capacitor (in30:13 out17 0) on net out17 is discarded because the value cannot be <= 0 (PARA-040)
Warning: Coupling capacitor (out10 out18 0) on net out18 is discarded because the value cannot be <= 0 (PARA-040)
Warning: Coupling capacitor (out18 out19 0) on net out19 is discarded because the value cannot be <= 0 (PARA-040)
Warning: Coupling capacitor (in33:9 out19 0) on net out19 is discarded because the value cannot be <= 0 (PARA-040)
Warning: Coupling capacitor (in20:5 out23 0) on net out23 is discarded because the value cannot be <= 0 (PARA-040)
Warning: Coupling capacitor (in4:5 out23 0) on net out23 is discarded because the value cannot be <= 0 (PARA-040)
Warning: Coupling capacitor (in49:5 out25 0) on net out25 is discarded because the value cannot be <= 0 (PARA-040)
Warning: Coupling capacitor (in49:5 out26 0) on net out26 is discarded because the value cannot be <= 0 (PARA-040)
Warning: Coupling capacitor (in50:9 out29 0) on net out29 is discarded because the value cannot be <= 0 (PARA-040)
Warning: Coupling capacitor (out25 out32 0) on net out32 is discarded because the value cannot be <= 0 (PARA-040)
Warning: Coupling capacitor (out31 out33 0) on net out33 is discarded because the value cannot be <= 0 (PARA-040)
Warning: Coupling capacitor (in58:5 out33 0) on net out33 is discarded because the value cannot be <= 0 (PARA-040)
Warning: Coupling capacitor (in54:7 out35 0) on net out35 is discarded because the value cannot be <= 0 (PARA-040)
Warning: Coupling capacitor (in11:7 out36 0) on net out36 is discarded because the value cannot be <= 0 (PARA-040)
Warning: Coupling capacitor (in18:7 out36 0) on net out36 is discarded because the value cannot be <= 0 (PARA-040)
Warning: Coupling capacitor (out31 out37 0) on net out37 is discarded because the value cannot be <= 0 (PARA-040)
Warning: Coupling capacitor (in60:9 out37 0) on net out37 is discarded because the value cannot be <= 0 (PARA-040)
Warning: Coupling capacitor (out14 out38 0) on net out38 is discarded because the value cannot be <= 0 (PARA-040)
Warning: Coupling capacitor (in53:9 out38 0) on net out38 is discarded because the value cannot be <= 0 (PARA-040)
Warning: Coupling capacitor (in58:5 out4 0) on net out4 is discarded because the value cannot be <= 0 (PARA-040)
Warning: Coupling capacitor (in23:5 out42 0) on net out42 is discarded because the value cannot be <= 0 (PARA-040)
Warning: Coupling capacitor (in53:9 out42 0) on net out42 is discarded because the value cannot be <= 0 (PARA-040)
Warning: Coupling capacitor (in47:13 out44 0) on net out44 is discarded because the value cannot be <= 0 (PARA-040)
Warning: Coupling capacitor (out35 out45 0) on net out45 is discarded because the value cannot be <= 0 (PARA-040)
Warning: Coupling capacitor (in4:5 out46 0) on net out46 is discarded because the value cannot be <= 0 (PARA-040)
Warning: Coupling capacitor (in50:9 out46 0) on net out46 is discarded because the value cannot be <= 0 (PARA-040)
Warning: Coupling capacitor (out45 out48 0) on net out48 is discarded because the value cannot be <= 0 (PARA-040)
Warning: Coupling capacitor (out29 out49 0) on net out49 is discarded because the value cannot be <= 0 (PARA-040)
Warning: Coupling capacitor (out48 out49 0) on net out49 is discarded because the value cannot be <= 0 (PARA-040)
Warning: Coupling capacitor (out32 out5 0) on net out5 is discarded because the value cannot be <= 0 (PARA-040)
Warning: Coupling capacitor (in30:13 out50 0) on net out50 is discarded because the value cannot be <= 0 (PARA-040)
Warning: Coupling capacitor (in20:5 out51 0) on net out51 is discarded because the value cannot be <= 0 (PARA-040)
Warning: Coupling capacitor (out1 out52 0) on net out52 is discarded because the value cannot be <= 0 (PARA-040)
Warning: Coupling capacitor (out54 out56 0) on net out56 is discarded because the value cannot be <= 0 (PARA-040)
Warning: Coupling capacitor (in54:7 out56 0) on net out56 is discarded because the value cannot be <= 0 (PARA-040)
Warning: Coupling capacitor (out26 out57 0) on net out57 is discarded because the value cannot be <= 0 (PARA-040)
Warning: Coupling capacitor (out52 out57 0) on net out57 is discarded because the value cannot be <= 0 (PARA-040)
Warning: Coupling capacitor (out1 out59 0) on net out59 is discarded because the value cannot be <= 0 (PARA-040)
Warning: Coupling capacitor (out54 out59 0) on net out59 is discarded because the value cannot be <= 0 (PARA-040)
Warning: Coupling capacitor (in32:5 out6 0) on net out6 is discarded because the value cannot be <= 0 (PARA-040)
Warning: Coupling capacitor (in46:11 out7 0) on net out7 is discarded because the value cannot be <= 0 (PARA-040)
Warning: Coupling capacitor (clknet_0_clk:305 clkbuf_1_1__f_net396/A 0) on net clknet_0_net396 is discarded because the value cannot be <= 0 (PARA-040)
Warning: Coupling capacitor (clknet_0_clk:256 clkbuf_1_0__f_net719/A 0) on net clknet_0_net719 is discarded because the value cannot be <= 0 (PARA-040)
Warning: Coupling capacitor (clk:17 c597/S1 0) on net clknet_1_0__leaf_net701 is discarded because the value cannot be <= 0 (PARA-040)
Warning: Coupling capacitor (clkbuf_1_0__f_net737/A c744/A2 0) on net clknet_1_1__leaf_net600 is discarded because the value cannot be <= 0 (PARA-040)
Warning: Coupling capacitor (clknet_1_1__leaf_net594:22 c739/S1 0) on net clknet_1_1__leaf_net682 is discarded because the value cannot be <= 0 (PARA-040)
Warning: Coupling capacitor (clkbuf_1_0__f_net737/A clknet_4_11_0_clk:192 0) on net clknet_4_11_0_clk is discarded because the value cannot be <= 0 (PARA-040)
Warning: Coupling capacitor (c615/S0 clknet_4_12_0_clk:16 0) on net clknet_4_12_0_clk is discarded because the value cannot be <= 0 (PARA-040)
Warning: Coupling capacitor (out7 s872/CLK 0) on net clknet_4_14_0_clk is discarded because the value cannot be <= 0 (PARA-040)
Warning: Coupling capacitor (out7 clknet_4_14_0_clk:118 0) on net clknet_4_14_0_clk is discarded because the value cannot be <= 0 (PARA-040)
Warning: Coupling capacitor (clknet_1_0__leaf_net574:25 s835/GATE_N 0) on net clknet_4_14_0_clk is discarded because the value cannot be <= 0 (PARA-040)
Warning: Coupling capacitor (clknet_1_0__leaf_net574:25 clknet_4_14_0_clk:58 0) on net clknet_4_14_0_clk is discarded because the value cannot be <= 0 (PARA-040)
Warning: Coupling capacitor (clknet_1_1__leaf_net574:18 clknet_4_14_0_clk:52 0) on net clknet_4_14_0_clk is discarded because the value cannot be <= 0 (PARA-040)
Warning: Coupling capacitor (clknet_0_clk:256 clknet_4_15_0_clk:10 0) on net clknet_4_15_0_clk is discarded because the value cannot be <= 0 (PARA-040)
Warning: Coupling capacitor (clknet_0_clk:256 clknet_4_15_0_clk:12 0) on net clknet_4_15_0_clk is discarded because the value cannot be <= 0 (PARA-040)
Warning: Coupling capacitor (clknet_0_clk:256 clknet_4_15_0_clk:14 0) on net clknet_4_15_0_clk is discarded because the value cannot be <= 0 (PARA-040)
Warning: Coupling capacitor (clknet_0_clk:256 clknet_4_15_0_clk:16 0) on net clknet_4_15_0_clk is discarded because the value cannot be <= 0 (PARA-040)
Warning: Coupling capacitor (clknet_0_clk:256 clknet_4_15_0_clk:66 0) on net clknet_4_15_0_clk is discarded because the value cannot be <= 0 (PARA-040)
Warning: Coupling capacitor (clknet_0_clk:75 s815/GATE_N 0) on net clknet_4_3_0_clk is discarded because the value cannot be <= 0 (PARA-040)
Warning: Coupling capacitor (in8:29 net102:62 0) on net net102 is discarded because the value cannot be <= 0 (PARA-040)
Warning: Coupling capacitor (net104:61 net108:29 0) on net net108 is discarded because the value cannot be <= 0 (PARA-040)
Warning: Coupling capacitor (clknet_4_13_0_clk:46 c632/S0 0) on net net11 is discarded because the value cannot be <= 0 (PARA-040)
Warning: Coupling capacitor (c192/A1 c192/A3 0) on net net112 is discarded because the value cannot be <= 0 (PARA-040)
Warning: Coupling capacitor (net108:29 c192/A3 0) on net net112 is discarded because the value cannot be <= 0 (PARA-040)
Warning: Coupling capacitor (c192/A3 c192/A0 0) on net net117 is discarded because the value cannot be <= 0 (PARA-040)
Warning: Coupling capacitor (c207/A net119:12 0) on net net119 is discarded because the value cannot be <= 0 (PARA-040)
Warning: Coupling capacitor (net118:73 net119:18 0) on net net119 is discarded because the value cannot be <= 0 (PARA-040)
Warning: Coupling capacitor (net104:98 net120:50 0) on net net120 is discarded because the value cannot be <= 0 (PARA-040)
Warning: Coupling capacitor (c197/S0 net121:33 0) on net net121 is discarded because the value cannot be <= 0 (PARA-040)
Warning: Coupling capacitor (net114:99 net122:18 0) on net net122 is discarded because the value cannot be <= 0 (PARA-040)
Warning: Net 'net124' is multi-driven. (DES-023)
Warning: Coupling capacitor (c220/B net126:16 0) on net net126 is discarded because the value cannot be <= 0 (PARA-040)
Warning: Coupling capacitor (clknet_4_4_0_clk:53 net126:16 0) on net net126 is discarded because the value cannot be <= 0 (PARA-040)
Warning: Coupling capacitor (clknet_4_5_0_clk:170 net126:18 0) on net net126 is discarded because the value cannot be <= 0 (PARA-040)
Warning: Coupling capacitor (net111:67 net126:12 0) on net net126 is discarded because the value cannot be <= 0 (PARA-040)
Warning: Coupling capacitor (c228/A net131:10 0) on net net131 is discarded because the value cannot be <= 0 (PARA-040)
Warning: Coupling capacitor (net114:110 net131:10 0) on net net131 is discarded because the value cannot be <= 0 (PARA-040)
Warning: Coupling capacitor (net114:129 net131:10 0) on net net131 is discarded because the value cannot be <= 0 (PARA-040)
Warning: Coupling capacitor (c205/A net134:12 0) on net net134 is discarded because the value cannot be <= 0 (PARA-040)
Warning: Coupling capacitor (net126:12 net134:12 0) on net net134 is discarded because the value cannot be <= 0 (PARA-040)
Warning: Coupling capacitor (c219/A2 net136:31 0) on net net136 is discarded because the value cannot be <= 0 (PARA-040)
Warning: Coupling capacitor (clknet_4_4_0_clk:53 c128/A1 0) on net net14 is discarded because the value cannot be <= 0 (PARA-040)
Warning: Coupling capacitor (net118:139 net142:26 0) on net net142 is discarded because the value cannot be <= 0 (PARA-040)
Warning: Coupling capacitor (net118:163 net142:26 0) on net net142 is discarded because the value cannot be <= 0 (PARA-040)
Warning: Coupling capacitor (net114:129 c232/A 0) on net net153 is discarded because the value cannot be <= 0 (PARA-040)
Warning: Coupling capacitor (net144:31 net156:33 0) on net net156 is discarded because the value cannot be <= 0 (PARA-040)
Note - message 'PARA-040' default limit (100) exceeded.  Remainder will be suppressed.
Warning: Net 'net413' is multi-driven. (DES-023)

****************************************
Report : read_parasitics /nas/ei/home/ge78pav/TM_power/TM_openlane/TM_openlane_single_mid/TM_openlane_mid_anb/TM_openlane_mid_anb_max/netlist_1/low/spef/netlist_1_post_par_nom.spef
Design : netlist_1
Version: Q-2019.12-SP1
Date   : Fri Aug  9 18:41:58 2024
****************************************

        0 error(s)
        Format is SPEF
        Annotated nets                   :         1163
        Annotated capacitances           :        11029
        Annotated resistances            :         9866
        Reduced coupling capacitances    :        20829
        Annotated PI models              :            0
        Annotated Elmore delays          :            0

