Information: Derived library resistance unit is 1.000000 Kohm (Time unit is 1 ns, and Capacitance unit is 1.000000 pF). (DES-028)
Warning: Detected semantically incorrect SPEF in coupling section. (PARA-098)
Warning: Coupling capacitor (input7/A input10/A 0) on net in17 is discarded because the value cannot be <= 0 (PARA-040)
Warning: Coupling capacitor (in12:7 in17:7 0) on net in17 is discarded because the value cannot be <= 0 (PARA-040)
Warning: Coupling capacitor (in14:7 in17:7 0) on net in17 is discarded because the value cannot be <= 0 (PARA-040)
Warning: Coupling capacitor (in15:11 in22:11 0) on net in22 is discarded because the value cannot be <= 0 (PARA-040)
Warning: Coupling capacitor (in14:7 in27:9 0) on net in27 is discarded because the value cannot be <= 0 (PARA-040)
Warning: Coupling capacitor (in20:7 in27:9 0) on net in27 is discarded because the value cannot be <= 0 (PARA-040)
Warning: Coupling capacitor (input5/A input24/A 0) on net in3 is discarded because the value cannot be <= 0 (PARA-040)
Warning: Coupling capacitor (in12:7 in3:7 0) on net in3 is discarded because the value cannot be <= 0 (PARA-040)
Warning: Coupling capacitor (in0:13 in33:13 0) on net in33 is discarded because the value cannot be <= 0 (PARA-040)
Warning: Coupling capacitor (in16:9 in33:13 0) on net in33 is discarded because the value cannot be <= 0 (PARA-040)
Warning: Coupling capacitor (in22:11 in34:11 0) on net in34 is discarded because the value cannot be <= 0 (PARA-040)
Warning: Coupling capacitor (in2:11 in35:11 0) on net in35 is discarded because the value cannot be <= 0 (PARA-040)
Warning: Coupling capacitor (in15:11 in36:11 0) on net in36 is discarded because the value cannot be <= 0 (PARA-040)
Warning: Coupling capacitor (in20:7 ANTENNA_input35_A/DIODE 0) on net in4 is discarded because the value cannot be <= 0 (PARA-040)
Warning: Coupling capacitor (in20:7 in4:5 0) on net in4 is discarded because the value cannot be <= 0 (PARA-040)
Warning: Coupling capacitor (in31:9 in43:13 0) on net in43 is discarded because the value cannot be <= 0 (PARA-040)
Warning: Coupling capacitor (in28:13 in45:11 0) on net in45 is discarded because the value cannot be <= 0 (PARA-040)
Warning: Coupling capacitor (input4/A input46/A 0) on net in5 is discarded because the value cannot be <= 0 (PARA-040)
Warning: Coupling capacitor (in11:7 in5:7 0) on net in5 is discarded because the value cannot be <= 0 (PARA-040)
Warning: Coupling capacitor (in4:5 in6:7 0) on net in6 is discarded because the value cannot be <= 0 (PARA-040)
Warning: Coupling capacitor (input57/A input60/A 0) on net in7 is discarded because the value cannot be <= 0 (PARA-040)
Warning: Coupling capacitor (in6:7 in7:7 0) on net in7 is discarded because the value cannot be <= 0 (PARA-040)
Warning: Coupling capacitor (input24/A input62/A 0) on net in9 is discarded because the value cannot be <= 0 (PARA-040)
Warning: Coupling capacitor (input4/A input62/A 0) on net in9 is discarded because the value cannot be <= 0 (PARA-040)
Warning: Coupling capacitor (in11:7 in9:7 0) on net in9 is discarded because the value cannot be <= 0 (PARA-040)
Warning: Coupling capacitor (in3:7 in9:7 0) on net in9 is discarded because the value cannot be <= 0 (PARA-040)
Warning: Coupling capacitor (in7:7 out11 0) on net out11 is discarded because the value cannot be <= 0 (PARA-040)
Warning: Coupling capacitor (out10 out15 0) on net out15 is discarded because the value cannot be <= 0 (PARA-040)
Warning: Coupling capacitor (out17 out23 0) on net out23 is discarded because the value cannot be <= 0 (PARA-040)
Warning: Coupling capacitor (out19 out23 0) on net out23 is discarded because the value cannot be <= 0 (PARA-040)
Warning: Coupling capacitor (out18 out25 0) on net out25 is discarded because the value cannot be <= 0 (PARA-040)
Warning: Coupling capacitor (out16 out29 0) on net out29 is discarded because the value cannot be <= 0 (PARA-040)
Warning: Coupling capacitor (out19 out29 0) on net out29 is discarded because the value cannot be <= 0 (PARA-040)
Warning: Coupling capacitor (out18 out33 0) on net out33 is discarded because the value cannot be <= 0 (PARA-040)
Warning: Coupling capacitor (out30 out35 0) on net out35 is discarded because the value cannot be <= 0 (PARA-040)
Warning: Coupling capacitor (out32 out37 0) on net out37 is discarded because the value cannot be <= 0 (PARA-040)
Warning: Coupling capacitor (out32 out38 0) on net out38 is discarded because the value cannot be <= 0 (PARA-040)
Warning: Coupling capacitor (out16 out39 0) on net out39 is discarded because the value cannot be <= 0 (PARA-040)
Warning: Coupling capacitor (out34 out4 0) on net out4 is discarded because the value cannot be <= 0 (PARA-040)
Warning: Coupling capacitor (out38 out41 0) on net out41 is discarded because the value cannot be <= 0 (PARA-040)
Warning: Coupling capacitor (out30 out42 0) on net out42 is discarded because the value cannot be <= 0 (PARA-040)
Warning: Coupling capacitor (out33 out42 0) on net out42 is discarded because the value cannot be <= 0 (PARA-040)
Warning: Coupling capacitor (out4 out43 0) on net out43 is discarded because the value cannot be <= 0 (PARA-040)
Warning: Coupling capacitor (out28 out44 0) on net out44 is discarded because the value cannot be <= 0 (PARA-040)
Warning: Coupling capacitor (out22 out45 0) on net out45 is discarded because the value cannot be <= 0 (PARA-040)
Warning: Coupling capacitor (out34 out45 0) on net out45 is discarded because the value cannot be <= 0 (PARA-040)
Warning: Coupling capacitor (out35 out46 0) on net out46 is discarded because the value cannot be <= 0 (PARA-040)
Warning: Coupling capacitor (out25 out47 0) on net out47 is discarded because the value cannot be <= 0 (PARA-040)
Warning: Coupling capacitor (out43 out49 0) on net out49 is discarded because the value cannot be <= 0 (PARA-040)
Warning: Coupling capacitor (out14 out52 0) on net out52 is discarded because the value cannot be <= 0 (PARA-040)
Warning: Coupling capacitor (out22 out53 0) on net out53 is discarded because the value cannot be <= 0 (PARA-040)
Warning: Coupling capacitor (out40 out53 0) on net out53 is discarded because the value cannot be <= 0 (PARA-040)
Warning: Coupling capacitor (out14 out55 0) on net out55 is discarded because the value cannot be <= 0 (PARA-040)
Warning: Coupling capacitor (out17 out56 0) on net out56 is discarded because the value cannot be <= 0 (PARA-040)
Warning: Coupling capacitor (out51 out57 0) on net out57 is discarded because the value cannot be <= 0 (PARA-040)
Warning: Coupling capacitor (out56 out57 0) on net out57 is discarded because the value cannot be <= 0 (PARA-040)
Warning: Coupling capacitor (out51 out58 0) on net out58 is discarded because the value cannot be <= 0 (PARA-040)
Warning: Coupling capacitor (out52 out58 0) on net out58 is discarded because the value cannot be <= 0 (PARA-040)
Warning: Coupling capacitor (out50 out59 0) on net out59 is discarded because the value cannot be <= 0 (PARA-040)
Warning: Coupling capacitor (out55 out59 0) on net out59 is discarded because the value cannot be <= 0 (PARA-040)
Warning: Coupling capacitor (out39 out61 0) on net out61 is discarded because the value cannot be <= 0 (PARA-040)
Warning: Coupling capacitor (out49 out61 0) on net out61 is discarded because the value cannot be <= 0 (PARA-040)
Warning: Coupling capacitor (out12 out9 0) on net out9 is discarded because the value cannot be <= 0 (PARA-040)
Warning: Coupling capacitor (clkbuf_1_0__f_net155/A clkbuf_1_0__f_net280/A 0) on net clknet_0_net280 is discarded because the value cannot be <= 0 (PARA-040)
Warning: Coupling capacitor (clkbuf_1_0__f_net155/A clkbuf_1_1__f_net280/A 0) on net clknet_0_net280 is discarded because the value cannot be <= 0 (PARA-040)
Warning: Coupling capacitor (clkbuf_1_1__f_net281/A clkbuf_1_1__f_net501/A 0) on net clknet_0_net501 is discarded because the value cannot be <= 0 (PARA-040)
Warning: Coupling capacitor (clknet_0_clk:55 clknet_0_net686:8 0) on net clknet_0_net686 is discarded because the value cannot be <= 0 (PARA-040)
Warning: Coupling capacitor (clkbuf_1_1__f_net598/A clkbuf_1_1__f_net716/A 0) on net clknet_0_net716 is discarded because the value cannot be <= 0 (PARA-040)
Warning: Coupling capacitor (clknet_1_0__leaf_net386:214 c467/SCE 0) on net clknet_1_0__leaf_net404 is discarded because the value cannot be <= 0 (PARA-040)
Warning: Coupling capacitor (clknet_1_0__leaf_net576:14 c667/A2 0) on net clknet_1_0__leaf_net577 is discarded because the value cannot be <= 0 (PARA-040)
Warning: Coupling capacitor (clknet_1_0__leaf_net576:14 clknet_1_0__leaf_net577:10 0) on net clknet_1_0__leaf_net577 is discarded because the value cannot be <= 0 (PARA-040)
Warning: Coupling capacitor (clkbuf_1_0__f_net580/A c670/A2 0) on net clknet_1_0__leaf_net580 is discarded because the value cannot be <= 0 (PARA-040)
Warning: Coupling capacitor (clkbuf_1_0__f_net580/A clknet_1_0__leaf_net580:16 0) on net clknet_1_0__leaf_net580 is discarded because the value cannot be <= 0 (PARA-040)
Warning: Coupling capacitor (clkbuf_1_1__f_net633/A c720/A1 0) on net clknet_1_0__leaf_net632 is discarded because the value cannot be <= 0 (PARA-040)
Warning: Coupling capacitor (c462/SET_B c356/C 0) on net clknet_1_0__leaf_net672 is discarded because the value cannot be <= 0 (PARA-040)
Warning: Coupling capacitor (clkbuf_1_0__f_net404/A clknet_1_0__leaf_net672:18 0) on net clknet_1_0__leaf_net672 is discarded because the value cannot be <= 0 (PARA-040)
Warning: Coupling capacitor (clkbuf_1_1__f_net404/A clknet_1_0__leaf_net672:18 0) on net clknet_1_0__leaf_net672 is discarded because the value cannot be <= 0 (PARA-040)
Warning: Coupling capacitor (c667/A2 clknet_1_0__leaf_net716:22 0) on net clknet_1_0__leaf_net716 is discarded because the value cannot be <= 0 (PARA-040)
Warning: Coupling capacitor (clkbuf_1_0__f_net736/A c718/S0 0) on net clknet_1_0__leaf_net736 is discarded because the value cannot be <= 0 (PARA-040)
Warning: Coupling capacitor (clkbuf_1_0__f_net736/A clknet_1_0__leaf_net736:10 0) on net clknet_1_0__leaf_net736 is discarded because the value cannot be <= 0 (PARA-040)
Warning: Coupling capacitor (clkbuf_1_0__f_net299/A c601/S0 0) on net clknet_1_0__leaf_net834 is discarded because the value cannot be <= 0 (PARA-040)
Warning: Coupling capacitor (c208/A3 clknet_1_0__leaf_net859:20 0) on net clknet_1_0__leaf_net859 is discarded because the value cannot be <= 0 (PARA-040)
Warning: Coupling capacitor (c436/C1 c424/S1 0) on net clknet_1_0__leaf_net859 is discarded because the value cannot be <= 0 (PARA-040)
Warning: Coupling capacitor (out29 clknet_1_1__leaf_net196:12 0) on net clknet_1_1__leaf_net196 is discarded because the value cannot be <= 0 (PARA-040)
Warning: Coupling capacitor (out39 clknet_1_1__leaf_net196:12 0) on net clknet_1_1__leaf_net196 is discarded because the value cannot be <= 0 (PARA-040)
Warning: Coupling capacitor (clkbuf_1_1__f_net373/A c438/SCD 0) on net clknet_1_1__leaf_net373 is discarded because the value cannot be <= 0 (PARA-040)
Warning: Coupling capacitor (clkbuf_1_1__f_net716/A clknet_1_1__leaf_net386:123 0) on net clknet_1_1__leaf_net386 is discarded because the value cannot be <= 0 (PARA-040)
Warning: Coupling capacitor (clkbuf_1_0__f_net826/A c602/D 0) on net clknet_1_1__leaf_net531 is discarded because the value cannot be <= 0 (PARA-040)
Warning: Coupling capacitor (clkbuf_1_0__f_net736/A c718/A2 0) on net clknet_1_1__leaf_net598 is discarded because the value cannot be <= 0 (PARA-040)
Warning: Coupling capacitor (clkbuf_1_1__f_net736/A c718/A2 0) on net clknet_1_1__leaf_net598 is discarded because the value cannot be <= 0 (PARA-040)
Warning: Coupling capacitor (clkbuf_1_1__f_net834/A c730/A3 0) on net clknet_1_1__leaf_net633 is discarded because the value cannot be <= 0 (PARA-040)
Warning: Coupling capacitor (clkbuf_1_1__f_net646/A c733/A0 0) on net clknet_1_1__leaf_net646 is discarded because the value cannot be <= 0 (PARA-040)
Warning: Coupling capacitor (c575/A3 clknet_1_1__leaf_net655:17 0) on net clknet_1_1__leaf_net655 is discarded because the value cannot be <= 0 (PARA-040)
Warning: Coupling capacitor (clkbuf_1_0__f_net646/A clknet_1_1__leaf_net834:53 0) on net clknet_1_1__leaf_net834 is discarded because the value cannot be <= 0 (PARA-040)
Warning: Coupling capacitor (clkbuf_1_1__f_net687/A clknet_1_1__leaf_net855:10 0) on net clknet_1_1__leaf_net855 is discarded because the value cannot be <= 0 (PARA-040)
Warning: Coupling capacitor (clknet_1_0__leaf_net386:214 clknet_1_1__leaf_net855:10 0) on net clknet_1_1__leaf_net855 is discarded because the value cannot be <= 0 (PARA-040)
Warning: Coupling capacitor (clknet_1_0__leaf_net386:249 clknet_1_1__leaf_net855:10 0) on net clknet_1_1__leaf_net855 is discarded because the value cannot be <= 0 (PARA-040)
Warning: Coupling capacitor (clkbuf_1_1__f_net855/A clknet_1_1__leaf_net859:69 0) on net clknet_1_1__leaf_net859 is discarded because the value cannot be <= 0 (PARA-040)
Warning: Coupling capacitor (output87/A clknet_1_1__leaf_net859:69 0) on net clknet_1_1__leaf_net859 is discarded because the value cannot be <= 0 (PARA-040)
Warning: Coupling capacitor (c434/D1 clknet_2_0__leaf_clk:209 0) on net clknet_2_0__leaf_clk is discarded because the value cannot be <= 0 (PARA-040)
Note - message 'PARA-040' default limit (100) exceeded.  Remainder will be suppressed.

****************************************
Report : read_parasitics /nas/ei/home/ge78pav/TM_power/TM_openlane/TM_openlane_single_mid/TM_openlane_mid_cr/TM_openlane_mid_cr_min/netlist_1/low/spef/netlist_1_post_par_nom.spef
Design : netlist_1
Version: Q-2019.12-SP1
Date   : Fri Aug  9 23:50:09 2024
****************************************

        0 error(s)
        Format is SPEF
        Annotated nets                   :         1289
        Annotated capacitances           :         9614
        Annotated resistances            :         8325
        Reduced coupling capacitances    :        15386
        Annotated PI models              :            0
        Annotated Elmore delays          :            0

