Information: Derived library resistance unit is 1.000000 Kohm (Time unit is 1 ns, and Capacitance unit is 1.000000 pF). (DES-028)
Warning: Detected semantically incorrect SPEF in coupling section. (PARA-098)
Warning: Coupling capacitor (in10:13 in15:13 0) on net in15 is discarded because the value cannot be <= 0 (PARA-040)
Warning: Coupling capacitor (in0:11 in19:13 0) on net in19 is discarded because the value cannot be <= 0 (PARA-040)
Warning: Coupling capacitor (in11:11 in23:13 0) on net in23 is discarded because the value cannot be <= 0 (PARA-040)
Warning: Coupling capacitor (ANTENNA_input13_A/DIODE ANTENNA_input23_A/DIODE 0) on net in29 is discarded because the value cannot be <= 0 (PARA-040)
Warning: Coupling capacitor (in2:5 in29:5 0) on net in29 is discarded because the value cannot be <= 0 (PARA-040)
Warning: Coupling capacitor (in31:7 in38:5 0) on net in38 is discarded because the value cannot be <= 0 (PARA-040)
Warning: Coupling capacitor (in25:5 in40:9 0) on net in40 is discarded because the value cannot be <= 0 (PARA-040)
Warning: Coupling capacitor (in29:5 in43:7 0) on net in43 is discarded because the value cannot be <= 0 (PARA-040)
Warning: Coupling capacitor (ANTENNA_input13_A/DIODE ANTENNA_input41_A/DIODE 0) on net in45 is discarded because the value cannot be <= 0 (PARA-040)
Warning: Coupling capacitor (in17:11 ANTENNA_input41_A/DIODE 0) on net in45 is discarded because the value cannot be <= 0 (PARA-040)
Warning: Coupling capacitor (in17:11 in45:5 0) on net in45 is discarded because the value cannot be <= 0 (PARA-040)
Warning: Coupling capacitor (in2:5 ANTENNA_input41_A/DIODE 0) on net in45 is discarded because the value cannot be <= 0 (PARA-040)
Warning: Coupling capacitor (in2:5 in45:5 0) on net in45 is discarded because the value cannot be <= 0 (PARA-040)
Warning: Coupling capacitor (in25:5 in5:9 0) on net in5 is discarded because the value cannot be <= 0 (PARA-040)
Warning: Coupling capacitor (in30:9 in50:9 0) on net in50 is discarded because the value cannot be <= 0 (PARA-040)
Warning: Coupling capacitor (in47:9 in51:9 0) on net in51 is discarded because the value cannot be <= 0 (PARA-040)
Warning: Coupling capacitor (in24:13 in58:9 0) on net in58 is discarded because the value cannot be <= 0 (PARA-040)
Warning: Coupling capacitor (in30:9 in58:9 0) on net in58 is discarded because the value cannot be <= 0 (PARA-040)
Warning: Coupling capacitor (in47:9 in61:5 0) on net in61 is discarded because the value cannot be <= 0 (PARA-040)
Warning: Coupling capacitor (in59:7 in61:5 0) on net in61 is discarded because the value cannot be <= 0 (PARA-040)
Warning: Coupling capacitor (in21:11 in9:15 0) on net in9 is discarded because the value cannot be <= 0 (PARA-040)
Warning: Coupling capacitor (in59:7 in9:15 0) on net in9 is discarded because the value cannot be <= 0 (PARA-040)
Warning: Coupling capacitor (in55:7 out0 0) on net out0 is discarded because the value cannot be <= 0 (PARA-040)
Warning: Coupling capacitor (in21:11 out14 0) on net out14 is discarded because the value cannot be <= 0 (PARA-040)
Warning: Coupling capacitor (in38:5 out16 0) on net out16 is discarded because the value cannot be <= 0 (PARA-040)
Warning: Coupling capacitor (in50:9 out18 0) on net out18 is discarded because the value cannot be <= 0 (PARA-040)
Warning: Coupling capacitor (out14 out20 0) on net out20 is discarded because the value cannot be <= 0 (PARA-040)
Warning: Coupling capacitor (in48:13 out20 0) on net out20 is discarded because the value cannot be <= 0 (PARA-040)
Warning: Coupling capacitor (in48:13 out21 0) on net out21 is discarded because the value cannot be <= 0 (PARA-040)
Warning: Coupling capacitor (out22 out23 0) on net out23 is discarded because the value cannot be <= 0 (PARA-040)
Warning: Coupling capacitor (in22:9 out28 0) on net out28 is discarded because the value cannot be <= 0 (PARA-040)
Warning: Coupling capacitor (in5:9 out29 0) on net out29 is discarded because the value cannot be <= 0 (PARA-040)
Warning: Coupling capacitor (in56:5 out29 0) on net out29 is discarded because the value cannot be <= 0 (PARA-040)
Warning: Coupling capacitor (ANTENNA_input53_A/DIODE out3 0) on net out3 is discarded because the value cannot be <= 0 (PARA-040)
Warning: Coupling capacitor (in56:5 out3 0) on net out3 is discarded because the value cannot be <= 0 (PARA-040)
Warning: Coupling capacitor (in26:9 out30 0) on net out30 is discarded because the value cannot be <= 0 (PARA-040)
Warning: Coupling capacitor (in51:9 out30 0) on net out30 is discarded because the value cannot be <= 0 (PARA-040)
Warning: Coupling capacitor (out21 out34 0) on net out34 is discarded because the value cannot be <= 0 (PARA-040)
Warning: Coupling capacitor (in49:9 out34 0) on net out34 is discarded because the value cannot be <= 0 (PARA-040)
Warning: Coupling capacitor (in17:11 out35 0) on net out35 is discarded because the value cannot be <= 0 (PARA-040)
Warning: Coupling capacitor (in53:5 out35 0) on net out35 is discarded because the value cannot be <= 0 (PARA-040)
Warning: Coupling capacitor (out16 out4 0) on net out4 is discarded because the value cannot be <= 0 (PARA-040)
Warning: Coupling capacitor (in35:7 out4 0) on net out4 is discarded because the value cannot be <= 0 (PARA-040)
Warning: Coupling capacitor (out15 out40 0) on net out40 is discarded because the value cannot be <= 0 (PARA-040)
Warning: Coupling capacitor (in57:7 out42 0) on net out42 is discarded because the value cannot be <= 0 (PARA-040)
Warning: Coupling capacitor (in24:13 out43 0) on net out43 is discarded because the value cannot be <= 0 (PARA-040)
Warning: Coupling capacitor (in26:9 out46 0) on net out46 is discarded because the value cannot be <= 0 (PARA-040)
Warning: Coupling capacitor (in44:9 out46 0) on net out46 is discarded because the value cannot be <= 0 (PARA-040)
Warning: Coupling capacitor (out43 out48 0) on net out48 is discarded because the value cannot be <= 0 (PARA-040)
Warning: Coupling capacitor (in13:7 out5 0) on net out5 is discarded because the value cannot be <= 0 (PARA-040)
Warning: Coupling capacitor (out48 out53 0) on net out53 is discarded because the value cannot be <= 0 (PARA-040)
Warning: Coupling capacitor (out36 out55 0) on net out55 is discarded because the value cannot be <= 0 (PARA-040)
Warning: Coupling capacitor (out53 out56 0) on net out56 is discarded because the value cannot be <= 0 (PARA-040)
Warning: Coupling capacitor (in53:5 out56 0) on net out56 is discarded because the value cannot be <= 0 (PARA-040)
Warning: Coupling capacitor (out52 out57 0) on net out57 is discarded because the value cannot be <= 0 (PARA-040)
Warning: Coupling capacitor (out18 out58 0) on net out58 is discarded because the value cannot be <= 0 (PARA-040)
Warning: Coupling capacitor (in52:11 out58 0) on net out58 is discarded because the value cannot be <= 0 (PARA-040)
Warning: Coupling capacitor (out50 out59 0) on net out59 is discarded because the value cannot be <= 0 (PARA-040)
Warning: Coupling capacitor (out3 out61 0) on net out61 is discarded because the value cannot be <= 0 (PARA-040)
Warning: Coupling capacitor (in44:9 out61 0) on net out61 is discarded because the value cannot be <= 0 (PARA-040)
Warning: Coupling capacitor (out1 out7 0) on net out7 is discarded because the value cannot be <= 0 (PARA-040)
Warning: Coupling capacitor (out43 clkbuf_1_0__f_net910/A 0) on net clknet_0_net910 is discarded because the value cannot be <= 0 (PARA-040)
Warning: Coupling capacitor (in58:9 clkbuf_1_0__f_net910/A 0) on net clknet_0_net910 is discarded because the value cannot be <= 0 (PARA-040)
Warning: Coupling capacitor (out18 clkbuf_1_0__f_net924/A 0) on net clknet_0_net924 is discarded because the value cannot be <= 0 (PARA-040)
Warning: Coupling capacitor (out18 clkbuf_1_1__f_net924/A 0) on net clknet_0_net924 is discarded because the value cannot be <= 0 (PARA-040)
Warning: Coupling capacitor (clkbuf_1_0__f_net709/A c384/S0 0) on net clknet_1_0__leaf_net709 is discarded because the value cannot be <= 0 (PARA-040)
Warning: Coupling capacitor (clknet_0_net776:14 clknet_1_0__leaf_net710:10 0) on net clknet_1_0__leaf_net710 is discarded because the value cannot be <= 0 (PARA-040)
Warning: Coupling capacitor (c263/A0 c263/S1 0) on net clknet_1_0__leaf_net759 is discarded because the value cannot be <= 0 (PARA-040)
Warning: Coupling capacitor (clkbuf_1_0__f_net495/A c613/A3 0) on net clknet_1_0__leaf_net776 is discarded because the value cannot be <= 0 (PARA-040)
Warning: Coupling capacitor (clkbuf_1_0__f_net511/A c613/A3 0) on net clknet_1_0__leaf_net776 is discarded because the value cannot be <= 0 (PARA-040)
Warning: Coupling capacitor (clkbuf_1_0__f_net511/A c739/A3 0) on net clknet_1_0__leaf_net776 is discarded because the value cannot be <= 0 (PARA-040)
Warning: Coupling capacitor (clkbuf_1_1__f_net511/A c613/A3 0) on net clknet_1_0__leaf_net776 is discarded because the value cannot be <= 0 (PARA-040)
Warning: Coupling capacitor (clkbuf_1_1__f_net797/A c613/S1 0) on net clknet_1_0__leaf_net798 is discarded because the value cannot be <= 0 (PARA-040)
Warning: Coupling capacitor (clkbuf_1_1__f_net797/A c615/S1 0) on net clknet_1_0__leaf_net798 is discarded because the value cannot be <= 0 (PARA-040)
Warning: Coupling capacitor (out18 c262/S1 0) on net clknet_1_0__leaf_net901 is discarded because the value cannot be <= 0 (PARA-040)
Warning: Coupling capacitor (c379/S1 clknet_1_0__leaf_net905:35 0) on net clknet_1_0__leaf_net905 is discarded because the value cannot be <= 0 (PARA-040)
Warning: Coupling capacitor (c614/S1 c615/A1 0) on net clknet_1_1__leaf_net511 is discarded because the value cannot be <= 0 (PARA-040)
Warning: Coupling capacitor (clknet_1_0__leaf_net775:10 c757/A0 0) on net clknet_1_1__leaf_net610 is discarded because the value cannot be <= 0 (PARA-040)
Warning: Coupling capacitor (clkbuf_1_0__f_net610/A c743/A0 0) on net clknet_1_1__leaf_net611 is discarded because the value cannot be <= 0 (PARA-040)
Warning: Coupling capacitor (clkbuf_1_1__f_net610/A c743/A0 0) on net clknet_1_1__leaf_net611 is discarded because the value cannot be <= 0 (PARA-040)
Warning: Coupling capacitor (clkbuf_1_1__f_net710/A c611/A2 0) on net clknet_1_1__leaf_net710 is discarded because the value cannot be <= 0 (PARA-040)
Warning: Coupling capacitor (clkbuf_1_0__f_net595/A c750/S1 0) on net clknet_1_1__leaf_net818 is discarded because the value cannot be <= 0 (PARA-040)
Warning: Coupling capacitor (clkbuf_1_1__f_net595/A c750/S1 0) on net clknet_1_1__leaf_net818 is discarded because the value cannot be <= 0 (PARA-040)
Warning: Coupling capacitor (c263/S1 c263/A3 0) on net clknet_1_1__leaf_net905 is discarded because the value cannot be <= 0 (PARA-040)
Warning: Coupling capacitor (in48:13 output90/A 0) on net clknet_1_1__leaf_net905 is discarded because the value cannot be <= 0 (PARA-040)
Warning: Coupling capacitor (out34 output109/A 0) on net clknet_1_1__leaf_net924 is discarded because the value cannot be <= 0 (PARA-040)
Warning: Coupling capacitor (output90/A output109/A 0) on net clknet_1_1__leaf_net924 is discarded because the value cannot be <= 0 (PARA-040)
Warning: Coupling capacitor (clkbuf_4_2_0_clk/A s916/GATE 0) on net clknet_4_2_0_clk is discarded because the value cannot be <= 0 (PARA-040)
Warning: Coupling capacitor (c741/S1 clknet_4_5_0_clk:111 0) on net clknet_4_5_0_clk is discarded because the value cannot be <= 0 (PARA-040)
Warning: Coupling capacitor (clknet_1_0__leaf_net879:22 clknet_4_5_0_clk:59 0) on net clknet_4_5_0_clk is discarded because the value cannot be <= 0 (PARA-040)
Warning: Coupling capacitor (clknet_1_0__leaf_net879:37 merge862/CLK 0) on net clknet_4_5_0_clk is discarded because the value cannot be <= 0 (PARA-040)
Warning: Coupling capacitor (clkbuf_1_1__f_net532/A clknet_4_7_0_clk:130 0) on net clknet_4_7_0_clk is discarded because the value cannot be <= 0 (PARA-040)
Warning: Coupling capacitor (clkbuf_1_1__f_net532/A clknet_4_7_0_clk:152 0) on net clknet_4_7_0_clk is discarded because the value cannot be <= 0 (PARA-040)
Warning: Coupling capacitor (clknet_1_1__leaf_net879:20 clknet_4_7_0_clk:180 0) on net clknet_4_7_0_clk is discarded because the value cannot be <= 0 (PARA-040)
Warning: Coupling capacitor (net0:41 net10:22 0) on net net10 is discarded because the value cannot be <= 0 (PARA-040)
Warning: Coupling capacitor (c490/A1 net1000:112 0) on net net1000 is discarded because the value cannot be <= 0 (PARA-040)
Warning: Coupling capacitor (s909/CLK net1000:118 0) on net net1000 is discarded because the value cannot be <= 0 (PARA-040)
Warning: Coupling capacitor (clknet_0_net879:35 net1000:120 0) on net net1000 is discarded because the value cannot be <= 0 (PARA-040)
Warning: Coupling capacitor (clknet_4_12_0_clk:42 net1000:118 0) on net net1000 is discarded because the value cannot be <= 0 (PARA-040)
Warning: Coupling capacitor (clknet_4_12_0_clk:44 net1000:118 0) on net net1000 is discarded because the value cannot be <= 0 (PARA-040)
Note - message 'PARA-040' default limit (100) exceeded.  Remainder will be suppressed.
Warning: Net 'net235' is multi-driven. (DES-023)
Warning: Net 'net251' is multi-driven. (DES-023)
Warning: Net 'net598' is multi-driven. (DES-023)
Warning: Net 'net674' is multi-driven. (DES-023)
Warning: Net 'net709' is multi-driven. (DES-023)

****************************************
Report : read_parasitics /nas/ei/home/ge78pav/TM_power/TM_openlane/TM_openlane_single_max/TM_openlane_max_ios/TM_openlane_max_ios_mid/netlist_1/low/spef/netlist_1.nom.spef
Design : netlist_1
Version: Q-2019.12-SP1
Date   : Mon Aug 19 20:25:38 2024
****************************************

        0 error(s)
        Format is SPEF
        Annotated nets                   :         1356
        Annotated capacitances           :        15239
        Annotated resistances            :        13883
        Reduced coupling capacitances    :        32519
        Annotated PI models              :            0
        Annotated Elmore delays          :            0

