****************************************
Report : Averaged Power
	-net_power
	-hierarchy
	-sort_by net_switching_power
	-power_greater_than       0
	-nosplit
Design : netlist_1
Version: Q-2019.12-SP1
Date   : Tue Jul 30 20:19:50 2024
****************************************



  Attributes
  ----------
      a  -  Switching activity information / Switching power information annotated on net
      p  -  Propagated switching activity information on net
      d  -  Default switching activity used on net
      u  -  Net switching activity uninitialized
      m  -  Net is driven by multiple pins
      b  -  Net is a primary input (boundary net)

		Toggle rates reported with respect to time unit 1ns
--------------------------------------------------------------------------------
                                  Total      Static   Toggle   Switching
Net                         Vdd   Net Load   Prob.    Rate     Power      Attrs
--------------------------------------------------------------------------------
net946                      1.80    0.077    0.334    0.5042   6.261e-05  p
net202                      1.80    0.106    0.172    0.3604   6.174e-05  p
net899                      1.80    0.085    0.362    0.4448   6.097e-05  p
net954                      1.80    0.118    0.509    0.3175   6.045e-05  p
net947                      1.80    0.072    0.334    0.5042   5.887e-05  p
net969                      1.80    0.132    0.504    0.2701   5.773e-05  p
net223                      1.80    0.082    0.705    0.4137   5.463e-05  p
net970                      1.80    0.085    0.508    0.3942   5.446e-05  p
net950                      1.80    0.103    0.505    0.3241   5.431e-05  p
net530                      1.80    0.073    0.516    0.4362   5.186e-05  p
net955                      1.80    0.080    0.573    0.3701   4.788e-05  p
net221                      1.80    0.068    0.490    0.4253   4.704e-05  p
net949                      1.80    0.064    0.489    0.4383   4.568e-05  p
net958                      1.80    0.106    0.460    0.2620   4.499e-05  p
net961                      1.80    0.077    0.500    0.3460   4.344e-05  p
net948                      1.80    0.052    0.334    0.5042   4.286e-05  p
net952                      1.80    0.120    0.714    0.2127   4.138e-05  p
net36                       1.80    0.050    0.502    0.4747   3.842e-05  p
net96                       1.80    0.063    0.546    0.3676   3.737e-05  p
net957                      1.80    0.063    0.500    0.3597   3.642e-05  p
net441                      1.80    0.087    0.255    0.2581   3.639e-05  p
net945                      1.80    0.044    0.334    0.5042   3.615e-05  p
net962                      1.80    0.058    0.504    0.3856   3.602e-05  p
net135                      1.80    0.098    0.107    0.2230   3.555e-05  p
net37                       1.80    0.071    0.656    0.3085   3.525e-05  p
clknet_0_clk                1.80    0.212    0.500    0.1000   3.432e-05  a
net41                       1.80    0.062    0.569    0.3352   3.347e-05  p
net973                      1.80    0.110    0.914    0.1766   3.151e-05  p
net960                      1.80    0.083    0.639    0.2306   3.083e-05  p
net418                      1.80    0.041    0.570    0.4417   2.903e-05  p
net968                      1.80    0.059    0.643    0.3017   2.863e-05  p
net460                      1.80    0.047    0.573    0.3701   2.800e-05  p
net527                      1.80    0.077    0.458    0.2245   2.796e-05  p
net144                      1.80    0.079    0.102    0.2166   2.763e-05  p
net33                       1.80    0.054    0.581    0.3104   2.739e-05  p
net883                      1.80    0.164    0.500    0.1000   2.664e-05  a
net963                      1.80    0.042    0.496    0.3856   2.648e-05  p
net956                      1.80    0.045    0.500    0.3597   2.641e-05  p
net414                      1.80    0.036    0.511    0.4568   2.627e-05  p
net959                      1.80    0.053    0.500    0.3028   2.598e-05  p
net89                       1.80    0.053    0.500    0.3028   2.593e-05  p
net885                      1.80    0.059    0.504    0.2701   2.564e-05  p
net32                       1.80    0.043    0.501    0.3696   2.562e-05  p
net28                       1.80    0.041    0.505    0.3826   2.558e-05  p
net208                      1.80    0.044    0.501    0.3587   2.550e-05  p
net543                      1.80    0.037    0.541    0.4220   2.535e-05  p
net254                      1.80    0.032    0.502    0.4930   2.532e-05  p
net895                      1.80    0.054    0.754    0.2857   2.514e-05  p
net940                      1.80    0.068    0.236    0.2225   2.447e-05  p
net1039                     1.80    0.091    0.554    0.1640   2.428e-05  p
net85                       1.80    0.058    0.618    0.2599   2.424e-05  p
net101                      1.80    0.047    0.509    0.3175   2.423e-05  p
net92                       1.80    0.079    0.502    0.1902   2.423e-05  p
net195                      1.80    0.074    0.434    0.2002   2.390e-05  p
net87                       1.80    0.065    0.488    0.2258   2.371e-05  p
net234                      1.80    0.055    0.907    0.2633   2.359e-05  p
net832                      1.80    0.140    0.500    0.1000   2.267e-05  a
net894                      1.80    0.085    0.554    0.1640   2.266e-05  p
net886                      1.80    0.040    0.500    0.3460   2.236e-05  p
net966                      1.80    0.047    0.325    0.2938   2.234e-05  p
net218                      1.80    0.042    0.118    0.3264   2.233e-05  p
net944                      1.80    0.063    0.337    0.2177   2.232e-05  p
net938                      1.80    0.065    0.714    0.2127   2.228e-05  p
net974                      1.80    0.083    0.554    0.1640   2.216e-05  p
net965                      1.80    0.078    0.168    0.1748   2.208e-05  p
net867                      1.80    0.135    0.500    0.1000   2.186e-05  a
net943                      1.80    0.036    0.589    0.3694   2.179e-05  p
net728                      1.80    0.041    0.882    0.3267   2.177e-05  p
net982                      1.80    0.070    0.500    0.1892   2.158e-05  p
net47                       1.80    0.039    0.664    0.3422   2.156e-05  p
net413                      1.80    0.032    0.495    0.4173   2.155e-05  p
net240                      1.80    0.032    0.655    0.4095   2.147e-05  p
net125                      1.80    0.058    0.260    0.2251   2.098e-05  p
net93                       1.80    0.047    0.528    0.2694   2.035e-05  p
net1093                     1.80    0.037    0.569    0.3352   2.023e-05  p
net834                      1.80    0.122    0.500    0.1000   1.969e-05  a
net148                      1.80    0.058    0.301    0.2083   1.950e-05  p
net86                       1.80    0.063    0.489    0.1880   1.931e-05  p
net222                      1.80    0.038    0.887    0.3151   1.929e-05  p
net302                      1.80    0.055    0.525    0.2129   1.913e-05  p
net271                      1.80    0.058    0.848    0.2021   1.910e-05  p
net31                       1.80    0.036    0.505    0.3241   1.902e-05  p
net901                      1.80    0.061    0.199    0.1915   1.901e-05  p
net972                      1.80    0.055    0.417    0.2126   1.899e-05  p
net415                      1.80    0.027    0.504    0.4364   1.899e-05  p
net1094                     1.80    0.026    0.503    0.4434   1.881e-05  p
net141                      1.80    0.052    0.107    0.2230   1.879e-05  p
net262                      1.80    0.035    0.882    0.3267   1.869e-05  p
net205                      1.80    0.029    0.504    0.3856   1.840e-05  p
net971                      1.80    0.060    0.626    0.1881   1.834e-05  p
net22                       1.80    0.028    0.509    0.3963   1.823e-05  p
net307                      1.80    0.040    0.354    0.2773   1.808e-05  p
net874                      1.80    0.111    0.500    0.1000   1.804e-05  a
net78                       1.80    0.069    0.595    0.1602   1.799e-05  p
net225                      1.80    0.042    0.460    0.2620   1.778e-05  p
net909                      1.80    0.022    0.532    0.5052   1.777e-05  p
net953                      1.80    0.087    0.832    0.1241   1.746e-05  p
net76                       1.80    0.056    0.665    0.1916   1.725e-05  p
net528                      1.80    0.022    0.497    0.4758   1.725e-05  p
net1000                     1.80    0.049    0.628    0.2160   1.713e-05  p
net964                      1.80    0.035    0.381    0.3039   1.699e-05  p
net249                      1.80    0.024    0.489    0.4383   1.687e-05  p
net524                      1.80    0.037    0.531    0.2758   1.667e-05  p
net98                       1.80    0.037    0.499    0.2795   1.666e-05  p
net729                      1.80    0.031    0.118    0.3264   1.646e-05  p
net236                      1.80    0.033    0.536    0.3052   1.641e-05  p
net363                      1.80    0.022    0.520    0.4538   1.623e-05  p
net526                      1.80    0.035    0.528    0.2866   1.623e-05  p
net10                       1.80    0.041    0.601    0.2395   1.593e-05  p
net411                      1.80    0.032    0.643    0.3017   1.586e-05  p
net239                      1.80    0.031    0.722    0.3124   1.584e-05  p
net1043                     1.80    0.059    0.554    0.1640   1.568e-05  p
net340                      1.80    0.072    0.094    0.1331   1.558e-05  p
net1044                     1.80    0.058    0.554    0.1640   1.551e-05  p
net904                      1.80    0.041    0.731    0.2314   1.545e-05  p
net84                       1.80    0.049    0.700    0.1955   1.542e-05  p
net297                      1.80    0.045    0.504    0.2110   1.537e-05  p
net313                      1.80    0.049    0.256    0.1920   1.535e-05  p
net916                      1.80    0.093    0.157    0.1017   1.533e-05  p
net299                      1.80    0.030    0.498    0.3137   1.531e-05  p
net95                       1.80    0.047    0.726    0.1992   1.528e-05  p
net233                      1.80    0.053    0.914    0.1766   1.518e-05  p
net980                      1.80    0.043    0.102    0.2166   1.503e-05  p
net152                      1.80    0.045    0.498    0.2047   1.488e-05  p
net171                      1.80    0.032    0.495    0.2849   1.479e-05  p
net102                      1.80    0.027    0.435    0.3309   1.460e-05  p
net103                      1.80    0.022    0.503    0.4121   1.452e-05  p
net871                      1.80    0.090    0.500    0.1000   1.451e-05  a
net11                       1.80    0.028    0.544    0.3150   1.430e-05  p
net737                      1.80    0.041    0.102    0.2166   1.426e-05  p
net841                      1.80    0.087    0.500    0.1000   1.411e-05  a
net977                      1.80    0.088    0.506    0.0988   1.409e-05  p
net15                       1.80    0.029    0.553    0.2947   1.400e-05  p
net73                       1.80    0.052    0.637    0.1634   1.389e-05  p
net188                      1.80    0.029    0.495    0.2959   1.381e-05  p
net82                       1.80    0.036    0.648    0.2374   1.381e-05  p
net531                      1.80    0.026    0.513    0.3215   1.379e-05  p
net68                       1.80    0.067    0.653    0.1274   1.375e-05  p
net937                      1.80    0.069    0.948    0.1225   1.374e-05  p
net979                      1.80    0.079    0.141    0.1061   1.362e-05  p
net26                       1.80    0.019    0.503    0.4434   1.361e-05  p
net912                      1.80    0.051    0.127    0.1645   1.359e-05  p
net105                      1.80    0.030    0.632    0.2796   1.346e-05  p
net204                      1.80    0.021    0.496    0.3856   1.343e-05  p
net1006                     1.80    0.026    0.564    0.3126   1.333e-05  p
net985                      1.80    0.027    0.560    0.3077   1.325e-05  p
net337                      1.80    0.037    0.415    0.2218   1.325e-05  p
net911                      1.80    0.039    0.708    0.2114   1.324e-05  p
net72                       1.80    0.050    0.594    0.1609   1.313e-05  p
net525                      1.80    0.027    0.381    0.3039   1.308e-05  p
net13                       1.80    0.020    0.508    0.3942   1.299e-05  p
net6                        1.80    0.042    0.510    0.1919   1.296e-05  p
clknet_4_10_0_clk           1.80    0.080    0.500    0.1000   1.293e-05  a
net206                      1.80    0.035    0.627    0.2297   1.288e-05  p
net1033                     1.80    0.020    0.509    0.3963   1.284e-05  p
net825                      1.80    0.079    0.500    0.1000   1.277e-05  a
net42                       1.80    0.020    0.654    0.3981   1.271e-05  p
net412                      1.80    0.026    0.325    0.2938   1.261e-05  p
clknet_4_8_0_clk            1.80    0.077    0.500    0.1000   1.253e-05  a
net873                      1.80    0.077    0.500    0.1000   1.251e-05  a
net845                      1.80    0.077    0.500    0.1000   1.250e-05  a
net29                       1.80    0.033    0.639    0.2306   1.248e-05  p
net69                       1.80    0.058    0.605    0.1315   1.246e-05  p
net228                      1.80    0.027    0.451    0.2863   1.232e-05  p
clknet_0_net373             1.80    0.020    0.500    0.3847   1.231e-05  p
net50                       1.80    0.023    0.639    0.3306   1.223e-05  p
net17                       1.80    0.035    0.538    0.2158   1.217e-05  p
clknet_4_3_0_clk            1.80    0.075    0.500    0.1000   1.209e-05  a
net212                      1.80    0.017    0.500    0.4341   1.198e-05  p
net444                      1.80    0.029    0.815    0.2593   1.198e-05  p
net836                      1.80    0.074    0.500    0.1000   1.194e-05  a
net1036                     1.80    0.017    0.572    0.4378   1.190e-05  p
net939                      1.80    0.014    0.546    0.5089   1.186e-05  p
net220                      1.80    0.018    0.761    0.4054   1.183e-05  p
net906                      1.80    0.058    0.827    0.1255   1.183e-05  p
net794                      1.80    0.034    0.571    0.2107   1.172e-05  p
net599                      1.80    0.020    0.589    0.3694   1.172e-05  p
net25                       1.80    0.034    0.497    0.2132   1.171e-05  p
net734                      1.80    0.044    0.126    0.1636   1.170e-05  p
net908                      1.80    0.025    0.832    0.2910   1.170e-05  p
net848                      1.80    0.071    0.500    0.1000   1.153e-05  a
net48                       1.80    0.021    0.506    0.3281   1.127e-05  p
net8                        1.80    0.056    0.622    0.1231   1.126e-05  p
net978                      1.80    0.070    0.506    0.0988   1.114e-05  p
net918                      1.80    0.022    0.560    0.3077   1.114e-05  p
net523                      1.80    0.023    0.454    0.3007   1.113e-05  p
clknet_4_1_0_clk            1.80    0.068    0.500    0.1000   1.104e-05  a
net907                      1.80    0.031    0.201    0.2196   1.103e-05  p
clknet_4_11_0_clk           1.80    0.068    0.500    0.1000   1.101e-05  a
net9                        1.80    0.032    0.498    0.2141   1.095e-05  p
net190                      1.80    0.032    0.605    0.2081   1.092e-05  p
net35                       1.80    0.013    0.497    0.5043   1.088e-05  p
net926                      1.80    0.015    0.501    0.4510   1.085e-05  p
clknet_4_2_0_clk            1.80    0.067    0.500    0.1000   1.085e-05  a
net691                      1.80    0.027    0.461    0.2459   1.084e-05  p
net776                      1.80    0.032    0.420    0.2099   1.082e-05  p
net537                      1.80    0.019    0.627    0.3594   1.079e-05  p
net20                       1.80    0.022    0.505    0.2972   1.075e-05  p
net196                      1.80    0.029    0.585    0.2246   1.072e-05  p
net229                      1.80    0.053    0.827    0.1253   1.070e-05  p
net97                       1.80    0.044    0.570    0.1518   1.070e-05  p
clknet_4_9_0_clk            1.80    0.065    0.500    0.1000   1.057e-05  a
net847                      1.80    0.065    0.500    0.1000   1.054e-05  a
net989                      1.80    0.035    0.626    0.1881   1.054e-05  p
net983                      1.80    0.034    0.500    0.1892   1.053e-05  p
net879                      1.80    0.065    0.500    0.1000   1.051e-05  a
net416                      1.80    0.016    0.495    0.4173   1.050e-05  p
net868                      1.80    0.064    0.500    0.1000   1.030e-05  a
net485                      1.80    0.019    0.283    0.3377   1.017e-05  p
net1047                     1.80    0.063    0.500    0.1000   1.016e-05  a
net71                       1.80    0.050    0.601    0.1245   1.009e-05  p
net993                      1.80    0.030    0.516    0.2058   9.915e-06  p
net929                      1.80    0.046    0.734    0.1314   9.895e-06  p
net709                      1.80    0.012    0.538    0.4874   9.836e-06  p
net45                       1.80    0.028    0.161    0.2159   9.742e-06  p
net872                      1.80    0.060    0.500    0.1000   9.717e-06  a
net408                      1.80    0.016    0.500    0.3806   9.684e-06  p
net91                       1.80    0.032    0.626    0.1881   9.644e-06  p
net123                      1.80    0.048    0.832    0.1241   9.640e-06  p
net80                       1.80    0.048    0.734    0.1228   9.620e-06  p
net198                      1.80    0.042    0.749    0.1414   9.584e-06  p
net878                      1.80    0.059    0.500    0.1000   9.578e-06  a
net189                      1.80    0.025    0.674    0.2336   9.528e-06  p
net835                      1.80    0.058    0.500    0.1000   9.451e-06  a
net39                       1.80    0.013    0.572    0.4378   9.410e-06  p
net137                      1.80    0.027    0.463    0.2112   9.396e-06  p
net893                      1.80    0.033    0.168    0.1748   9.382e-06  p
net185                      1.80    0.022    0.680    0.2654   9.332e-06  p
net562                      1.80    0.017    0.587    0.3339   9.250e-06  p
net1017                     1.80    0.023    0.737    0.2475   9.243e-06  p
net454                      1.80    0.038    0.371    0.1503   9.236e-06  p
clknet_0_net376             1.80    0.019    0.511    0.2976   9.133e-06  p
net551                      1.80    0.016    0.524    0.3486   9.114e-06  p
net539                      1.80    0.013    0.478    0.4210   9.110e-06  p
net193                      1.80    0.022    0.495    0.2522   9.085e-06  p
net1004                     1.80    0.026    0.628    0.2160   9.084e-06  p
clknet_4_4_0_clk            1.80    0.056    0.500    0.1000   9.051e-06  a
net1030                     1.80    0.042    0.605    0.1315   8.998e-06  p
net191                      1.80    0.026    0.628    0.2160   8.995e-06  p
clknet_4_12_0_clk           1.80    0.055    0.500    0.1000   8.946e-06  a
net828                      1.80    0.055    0.500    0.1000   8.914e-06  a
clknet_4_0_0_clk            1.80    0.055    0.500    0.1000   8.900e-06  a
net183                      1.80    0.036    0.334    0.1538   8.874e-06  p
net575                      1.80    0.052    0.141    0.1061   8.866e-06  p
net777                      1.80    0.026    0.576    0.2100   8.862e-06  p
net19                       1.80    0.012    0.503    0.4533   8.752e-06  p
net120                      1.80    0.054    0.753    0.1004   8.745e-06  p
net1045                     1.80    0.035    0.547    0.1528   8.743e-06  p
clknet_0_net445             1.80    0.022    0.603    0.2377   8.613e-06  p
net311                      1.80    0.028    0.509    0.1857   8.569e-06  p
net536                      1.80    0.017    0.407    0.3036   8.482e-06  p
clknet_1_0__leaf_net372     1.80    0.020    0.559    0.2628   8.477e-06  p
net546                      1.80    0.015    0.366    0.3439   8.464e-06  p
net79                       1.80    0.040    0.665    0.1295   8.424e-06  p
net5                        1.80    0.027    0.495    0.1890   8.394e-06  p
net533                      1.80    0.013    0.499    0.4090   8.353e-06  p
clknet_4_7_0_clk            1.80    0.051    0.500    0.1000   8.329e-06  a
clknet_0_net372             1.80    0.019    0.559    0.2628   8.301e-06  p
net70                       1.80    0.040    0.654    0.1264   8.288e-06  p
net192                      1.80    0.024    0.497    0.2121   8.282e-06  p
net197                      1.80    0.018    0.506    0.2896   8.270e-06  p
net215                      1.80    0.015    0.882    0.3267   8.151e-06  p
net502                      1.80    0.019    0.477    0.2598   8.122e-06  p
net991                      1.80    0.017    0.505    0.2972   7.977e-06  p
net12                       1.80    0.018    0.501    0.2744   7.843e-06  p
net7                        1.80    0.013    0.505    0.3774   7.817e-06  p
net859                      1.80    0.048    0.500    0.1000   7.814e-06  a
net242                      1.80    0.017    0.609    0.2863   7.740e-06  p
net18                       1.80    0.021    0.421    0.2252   7.737e-06  p
net1011                     1.80    0.031    0.547    0.1528   7.728e-06  p
net66                       1.80    0.039    0.622    0.1236   7.712e-06  p
net1018                     1.80    0.019    0.737    0.2475   7.630e-06  p
net920                      1.80    0.094    0.833    0.0503   7.629e-06  p
net67                       1.80    0.031    0.547    0.1528   7.608e-06  p
net829                      1.80    0.047    0.500    0.1000   7.555e-06  a
clknet_4_6_0_clk            1.80    0.047    0.500    0.1000   7.542e-06  a
net984                      1.80    0.015    0.560    0.3077   7.539e-06  p
net866                      1.80    0.046    0.500    0.1000   7.475e-06  a
net209                      1.80    0.030    0.846    0.1519   7.473e-06  p
net853                      1.80    0.046    0.500    0.1000   7.453e-06  a
net235                      1.80    0.010    0.367    0.4433   7.358e-06  p
net796                      1.80    0.027    0.419    0.1658   7.347e-06  p
net839                      1.80    0.045    0.500    0.1000   7.328e-06  a
net865                      1.80    0.045    0.500    0.1000   7.280e-06  a
net295                      1.80    0.044    0.157    0.1017   7.224e-06  p
net1009                     1.80    0.014    0.564    0.3126   7.171e-06  p
net992                      1.80    0.015    0.505    0.2972   7.166e-06  p
net778                      1.80    0.022    0.380    0.1972   7.087e-06  p
clknet_1_0__leaf_net887     1.80    0.038    0.349    0.1133   7.067e-06  p
net435                      1.80    0.041    0.141    0.1061   7.055e-06  p
net1037                     1.80    0.028    0.547    0.1528   7.045e-06  p
net988                      1.80    0.018    0.648    0.2374   7.030e-06  p
net861                      1.80    0.043    0.500    0.1000   7.015e-06  a
clknet_0_net567             1.80    0.019    0.562    0.2231   6.989e-06  p
net1102                     1.80    0.020    0.708    0.2114   6.915e-06  p
net27                       1.80    0.022    0.502    0.1924   6.899e-06  p
net296                      1.80    0.042    0.157    0.1017   6.884e-06  p
net136                      1.80    0.019    0.102    0.2166   6.774e-06  p
net279                      1.80    0.021    0.642    0.2011   6.748e-06  p
net624                      1.80    0.042    0.500    0.1000   6.726e-06  a
clknet_1_1__leaf_net887     1.80    0.036    0.349    0.1133   6.686e-06  p
clknet_1_0__leaf_net373     1.80    0.011    0.500    0.3847   6.676e-06  p
net975                      1.80    0.042    0.506    0.0988   6.673e-06  p
net207                      1.80    0.011    0.501    0.3606   6.668e-06  p
net780                      1.80    0.020    0.255    0.2038   6.639e-06  p
net897                      1.80    0.027    0.474    0.1527   6.587e-06  p
net143                      1.80    0.020    0.094    0.1996   6.579e-06  p
net145                      1.80    0.019    0.102    0.2166   6.563e-06  p
net231                      1.80    0.013    0.609    0.3115   6.556e-06  p
net374                      1.80    0.011    0.502    0.3582   6.532e-06  p
net863                      1.80    0.040    0.500    0.1000   6.510e-06  a
net601                      1.80    0.019    0.326    0.2069   6.495e-06  p
clknet_0_net359             1.80    0.020    0.581    0.1979   6.490e-06  p
clknet_0_net507             1.80    0.020    0.685    0.2047   6.489e-06  p
net761                      1.80    0.036    0.830    0.1107   6.479e-06  p
net501                      1.80    0.016    0.653    0.2427   6.461e-06  p
net170                      1.80    0.012    0.502    0.3421   6.424e-06  p
clknet_0_net168             1.80    0.018    0.597    0.2155   6.424e-06  p
net394                      1.80    0.016    0.500    0.2400   6.412e-06  p
net372                      1.80    0.015    0.559    0.2628   6.393e-06  p
net699                      1.80    0.015    0.264    0.2637   6.356e-06  p
clknet_4_5_0_clk            1.80    0.039    0.500    0.1000   6.262e-06  a
net838                      1.80    0.038    0.500    0.1000   6.193e-06  a
net64                       1.80    0.015    0.581    0.2474   6.165e-06  p
clknet_4_14_0_clk           1.80    0.038    0.500    0.1000   6.155e-06  a
net175                      1.80    0.014    0.581    0.2737   6.137e-06  p
net312                      1.80    0.022    0.180    0.1724   6.108e-06  p
net655                      1.80    0.010    0.590    0.3864   6.095e-06  p
net375                      1.80    0.011    0.377    0.3318   6.093e-06  p
net131                      1.80    0.017    0.102    0.2166   6.069e-06  p
net994                      1.80    0.018    0.516    0.2058   6.040e-06  p
net203                      1.80    0.019    0.669    0.2001   6.012e-06  p
net88                       1.80    0.021    0.628    0.1769   5.920e-06  p
net316                      1.80    0.008    0.607    0.4624   5.903e-06  p
net373                      1.80    0.009    0.500    0.3847   5.899e-06  p
clknet_0_net446             1.80    0.019    0.604    0.1891   5.840e-06  p
net161                      1.80    0.017    0.500    0.2128   5.838e-06  p
net882                      1.80    0.036    0.500    0.1000   5.823e-06  a
net224                      1.80    0.009    0.501    0.4139   5.816e-06  p
net38                       1.80    0.012    0.532    0.3049   5.799e-06  p
net268                      1.80    0.020    0.798    0.1808   5.760e-06  p
clknet_1_1__leaf_net168     1.80    0.016    0.597    0.2155   5.722e-06  p
net556                      1.80    0.009    0.583    0.3890   5.702e-06  p
net486                      1.80    0.019    0.210    0.1865   5.691e-06  p
net114                      1.80    0.018    0.532    0.1917   5.682e-06  p
net602                      1.80    0.017    0.674    0.2069   5.659e-06  p
net216                      1.80    0.008    0.506    0.4262   5.649e-06  p
net1014                     1.80    0.017    0.511    0.2098   5.636e-06  p
net219                      1.80    0.011    0.882    0.3264   5.601e-06  p
net733                      1.80    0.022    0.155    0.1556   5.598e-06  p
net503                      1.80    0.011    0.452    0.3262   5.593e-06  p
net362                      1.80    0.010    0.518    0.3517   5.562e-06  p
net849                      1.80    0.034    0.500    0.1000   5.559e-06  a
net636                      1.80    0.010    0.487    0.3268   5.525e-06  p
clknet_4_13_0_clk           1.80    0.034    0.500    0.1000   5.507e-06  a
clknet_0_net622             1.80    0.020    0.522    0.1706   5.501e-06  p
net100                      1.80    0.011    0.598    0.3119   5.460e-06  p
net862                      1.80    0.034    0.500    0.1000   5.441e-06  a
net1013                     1.80    0.011    0.505    0.2972   5.429e-06  p
net23                       1.80    0.022    0.570    0.1529   5.406e-06  p
net1050                     1.80    0.033    0.500    0.1000   5.354e-06  a
net423                      1.80    0.012    0.687    0.2680   5.319e-06  p
net813                      1.80    0.035    0.736    0.0942   5.290e-06  p
net30                       1.80    0.013    0.687    0.2490   5.277e-06  p
net798                      1.80    0.031    0.526    0.1031   5.252e-06  p
net910                      1.80    0.017    0.661    0.1949   5.238e-06  p
net186                      1.80    0.011    0.521    0.3009   5.221e-06  p
net584                      1.80    0.034    0.512    0.0951   5.216e-06  p
net255                      1.80    0.015    0.102    0.2166   5.138e-06  p
net869                      1.80    0.032    0.500    0.1000   5.113e-06  a
net3                        1.80    0.017    0.505    0.1891   5.087e-06  p
net538                      1.80    0.031    0.665    0.1003   5.053e-06  p
net921                      1.80    0.009    0.529    0.3470   5.026e-06  p
net843                      1.80    0.031    0.500    0.1000   5.018e-06  a
net1038                     1.80    0.024    0.605    0.1315   5.011e-06  p
net211                      1.80    0.011    0.660    0.2767   4.985e-06  p
net856                      1.80    0.031    0.500    0.1000   4.984e-06  a
net247                      1.80    0.008    0.353    0.3617   4.914e-06  p
clknet_4_15_0_clk           1.80    0.030    0.500    0.1000   4.895e-06  a
net854                      1.80    0.030    0.500    0.1000   4.885e-06  a
net65                       1.80    0.025    0.630    0.1214   4.882e-06  p
net877                      1.80    0.030    0.500    0.1000   4.875e-06  a
net2                        1.80    0.013    0.541    0.2281   4.855e-06  p
net187                      1.80    0.016    0.500    0.1892   4.817e-06  p
net484                      1.80    0.008    0.514    0.3611   4.806e-06  p
net1003                     1.80    0.014    0.628    0.2160   4.797e-06  p
net951                      1.80    0.055    0.658    0.0531   4.760e-06  p
net49                       1.80    0.014    0.498    0.2141   4.756e-06  p
net317                      1.80    0.010    0.168    0.2910   4.724e-06  p
net976                      1.80    0.029    0.506    0.0988   4.667e-06  p
net409                      1.80    0.081    0.017    0.0354   4.666e-06  p
net359                      1.80    0.015    0.581    0.1979   4.666e-06  p
clknet_1_0__leaf_net884     1.80    0.046    0.313    0.0630   4.657e-06  p
net355                      1.80    0.007    0.564    0.4004   4.655e-06  p
net613                      1.80    0.008    0.654    0.3775   4.653e-06  p
net308                      1.80    0.013    0.738    0.2205   4.594e-06  p
net887                      1.80    0.025    0.349    0.1133   4.591e-06  p
net371                      1.80    0.008    0.375    0.3723   4.590e-06  p
net286                      1.80    0.024    0.316    0.1182   4.565e-06  p
net248                      1.80    0.016    0.466    0.1737   4.562e-06  p
net465                      1.80    0.008    0.577    0.3434   4.547e-06  p
net140                      1.80    0.009    0.289    0.3257   4.543e-06  p
net168                      1.80    0.013    0.597    0.2155   4.529e-06  p
clknet_1_1__leaf_net884     1.80    0.044    0.313    0.0630   4.516e-06  p
net1095                     1.80    0.006    0.503    0.4434   4.510e-06  p
net376                      1.80    0.009    0.511    0.2976   4.500e-06  p
net738                      1.80    0.021    0.094    0.1331   4.496e-06  p
net1096                     1.80    0.018    0.570    0.1518   4.487e-06  p
clknet_0_net889             1.80    0.018    0.458    0.1525   4.476e-06  p
net21                       1.80    0.011    0.737    0.2475   4.474e-06  p
net445                      1.80    0.012    0.603    0.2377   4.456e-06  p
net512                      1.80    0.011    0.505    0.2538   4.453e-06  p
net321                      1.80    0.005    0.380    0.5185   4.453e-06  p
net1048                     1.80    0.014    0.700    0.1955   4.423e-06  p
net267                      1.80    0.015    0.202    0.1808   4.413e-06  p
net881                      1.80    0.027    0.500    0.1000   4.408e-06  a
net217                      1.80    0.008    0.882    0.3267   4.390e-06  p
net675                      1.80    0.005    0.541    0.4992   4.376e-06  p
net687                      1.80    0.007    0.376    0.4035   4.375e-06  p
net554                      1.80    0.009    0.804    0.2839   4.357e-06  p
net54                       1.80    0.006    0.499    0.4818   4.356e-06  p
net300                      1.80    0.026    0.157    0.1017   4.334e-06  p
net264                      1.80    0.013    0.185    0.2037   4.332e-06  p
net837                      1.80    0.027    0.500    0.1000   4.313e-06  a
net740                      1.80    0.036    0.052    0.0746   4.308e-06  p
net471                      1.80    0.021    0.820    0.1275   4.292e-06  p
net1067                     1.80    0.013    0.104    0.2087   4.283e-06  p
net1007                     1.80    0.008    0.564    0.3126   4.283e-06  p
clknet_1_0__leaf_net168     1.80    0.012    0.597    0.2155   4.258e-06  p
net851                      1.80    0.026    0.500    0.1000   4.249e-06  a
net923                      1.80    0.010    0.703    0.2687   4.187e-06  p
net53                       1.80    0.010    0.626    0.2562   4.180e-06  p
net75                       1.80    0.014    0.626    0.1881   4.115e-06  p
net658                      1.80    0.006    0.606    0.4262   4.082e-06  p
net4                        1.80    0.013    0.493    0.1926   4.072e-06  p
net16                       1.80    0.013    0.500    0.1901   4.043e-06  p
clknet_0_net887             1.80    0.022    0.349    0.1133   4.032e-06  p
net74                       1.80    0.018    0.631    0.1379   4.005e-06  p
net889                      1.80    0.016    0.458    0.1525   3.967e-06  p
net246                      1.80    0.010    0.626    0.2480   3.957e-06  p
net591                      1.80    0.006    0.389    0.4108   3.928e-06  p
net294                      1.80    0.013    0.213    0.1875   3.915e-06  p
net585                      1.80    0.010    0.374    0.2307   3.913e-06  p
net210                      1.80    0.009    0.531    0.2687   3.913e-06  p
net913                      1.80    0.013    0.741    0.1900   3.913e-06  p
net507                      1.80    0.012    0.685    0.2047   3.869e-06  p
net90                       1.80    0.009    0.502    0.2747   3.868e-06  p
net348                      1.80    0.021    0.898    0.1156   3.846e-06  p
net0                        1.80    0.012    0.516    0.2058   3.846e-06  p
net298                      1.80    0.012    0.617    0.2048   3.844e-06  p
net690                      1.80    0.011    0.799    0.2196   3.808e-06  p
net826                      1.80    0.023    0.500    0.1000   3.785e-06  a
net1034                     1.80    0.006    0.509    0.3963   3.785e-06  p
clknet_1_0__leaf_net359     1.80    0.012    0.581    0.1979   3.757e-06  p
net269                      1.80    0.021    0.725    0.1082   3.749e-06  p
net567                      1.80    0.010    0.562    0.2231   3.739e-06  p
net870                      1.80    0.023    0.500    0.1000   3.735e-06  a
clknet_1_1__leaf_net372     1.80    0.009    0.559    0.2628   3.732e-06  p
clknet_1_1__leaf_net359     1.80    0.012    0.581    0.1979   3.719e-06  p
net327                      1.80    0.010    0.337    0.2177   3.702e-06  p
net521                      1.80    0.009    0.651    0.2592   3.695e-06  p
net663                      1.80    0.006    0.356    0.3801   3.687e-06  p
net790                      1.80    0.011    0.503    0.2090   3.676e-06  p
net253                      1.80    0.007    0.405    0.3042   3.674e-06  p
net184                      1.80    0.008    0.503    0.2709   3.668e-06  p
net138                      1.80    0.019    0.949    0.1191   3.636e-06  p
net795                      1.80    0.011    0.714    0.2021   3.622e-06  p
net570                      1.80    0.006    0.630    0.3812   3.618e-06  p
net130                      1.80    0.012    0.475    0.1910   3.598e-06  p
net586                      1.80    0.008    0.669    0.2787   3.587e-06  p
net305                      1.80    0.022    0.157    0.1017   3.575e-06  p
net14                       1.80    0.014    0.649    0.1525   3.573e-06  p
net431                      1.80    0.005    0.512    0.4878   3.562e-06  p
net241                      1.80    0.007    0.896    0.2931   3.534e-06  p
clknet_0_net480             1.80    0.019    0.334    0.1130   3.512e-06  p
net281                      1.80    0.007    0.473    0.3201   3.508e-06  p
net1                        1.80    0.010    0.511    0.2098   3.468e-06  p
net917                      1.80    0.023    0.159    0.0945   3.458e-06  p
net550                      1.80    0.004    0.608    0.5083   3.449e-06  p
net200                      1.80    0.006    0.436    0.3585   3.445e-06  p
net596                      1.80    0.007    0.407    0.3135   3.443e-06  p
net1040                     1.80    0.010    0.417    0.2126   3.428e-06  p
net896                      1.80    0.010    0.495    0.2091   3.422e-06  p
net850                      1.80    0.021    0.500    0.1000   3.381e-06  a
clknet_1_0__leaf_net770     1.80    0.032    0.318    0.0656   3.366e-06  p
net83                       1.80    0.009    0.562    0.2289   3.365e-06  p
net667                      1.80    0.005    0.665    0.3820   3.359e-06  p
net630                      1.80    0.009    0.356    0.2333   3.356e-06  p
net393                      1.80    0.013    0.468    0.1559   3.313e-06  p
net844                      1.80    0.020    0.500    0.1000   3.313e-06  a
net463                      1.80    0.017    0.839    0.1222   3.289e-06  p
net579                      1.80    0.013    0.665    0.1506   3.288e-06  p
net213                      1.80    0.006    0.599    0.3410   3.280e-06  p
net381                      1.80    0.005    0.662    0.3632   3.226e-06  p
net697                      1.80    0.010    0.104    0.2087   3.225e-06  p
net875                      1.80    0.020    0.500    0.1000   3.212e-06  a
net455                      1.80    0.005    0.184    0.3678   3.212e-06  p
net421                      1.80    0.007    0.325    0.2938   3.208e-06  p
net941                      1.80    0.013    0.146    0.1516   3.202e-06  p
clknet_0_net154             1.80    0.021    0.252    0.0918   3.194e-06  p
net852                      1.80    0.020    0.500    0.1000   3.193e-06  a
net77                       1.80    0.009    0.628    0.2160   3.177e-06  p
net846                      1.80    0.020    0.500    0.1000   3.176e-06  a
net304                      1.80    0.009    0.417    0.2126   3.176e-06  p
net422                      1.80    0.007    0.675    0.2696   3.172e-06  p
net736                      1.80    0.004    0.432    0.4965   3.161e-06  p
net439                      1.80    0.004    0.341    0.4963   3.150e-06  p
net864                      1.80    0.019    0.500    0.1000   3.141e-06  a
net1051                     1.80    0.036    0.658    0.0531   3.137e-06  p
net549                      1.80    0.005    0.591    0.3744   3.134e-06  p
net611                      1.80    0.006    0.642    0.3237   3.127e-06  p
net998                      1.80    0.009    0.638    0.2168   3.112e-06  p
net309                      1.80    0.010    0.503    0.1880   3.107e-06  p
net481                      1.80    0.029    0.845    0.0655   3.091e-06  p
net664                      1.80    0.007    0.749    0.2793   3.086e-06  p
net967                      1.80    0.080    0.430    0.0237   3.069e-06  p
net194                      1.80    0.006    0.571    0.2951   3.066e-06  p
net34                       1.80    0.006    0.499    0.3149   3.032e-06  p
net662                      1.80    0.006    0.630    0.3347   3.009e-06  p
net58                       1.80    0.006    0.369    0.3109   3.004e-06  p
net201                      1.80    0.005    0.609    0.3416   2.998e-06  p
net1031                     1.80    0.012    0.547    0.1528   2.992e-06  p
net420                      1.80    0.010    0.512    0.1908   2.980e-06  p
clknet_1_0__leaf_net744     1.80    0.023    0.389    0.0794   2.948e-06  p
net927                      1.80    0.061    0.553    0.0296   2.943e-06  p
net855                      1.80    0.018    0.500    0.1000   2.937e-06  a
net345                      1.80    0.014    0.945    0.1336   2.928e-06  p
net490                      1.80    0.009    0.104    0.1983   2.927e-06  p
net842                      1.80    0.018    0.500    0.1000   2.916e-06  a
clknet_0_net707             1.80    0.018    0.486    0.0971   2.903e-06  p
net692                      1.80    0.003    0.561    0.5496   2.897e-06  p
net643                      1.80    0.006    0.902    0.3117   2.886e-06  p
net1032                     1.80    0.012    0.547    0.1528   2.885e-06  p
net360                      1.80    0.006    0.405    0.2905   2.883e-06  p
clknet_0_net744             1.80    0.022    0.389    0.0794   2.883e-06  p
net245                      1.80    0.007    0.671    0.2667   2.878e-06  p
net797                      1.80    0.015    0.383    0.1185   2.876e-06  p
net578                      1.80    0.012    0.335    0.1506   2.868e-06  p
net725                      1.80    0.003    0.473    0.5495   2.868e-06  p
net24                       1.80    0.006    0.564    0.3126   2.861e-06  p
net1099                     1.80    0.012    0.570    0.1518   2.856e-06  p
net261                      1.80    0.006    0.253    0.2722   2.853e-06  p
net1035                     1.80    0.004    0.572    0.4378   2.853e-06  p
net605                      1.80    0.006    0.302    0.2750   2.840e-06  p
net898                      1.80    0.012    0.154    0.1517   2.840e-06  p
net598                      1.80    0.009    0.248    0.1895   2.826e-06  p
net472                      1.80    0.005    0.529    0.3435   2.816e-06  p
net647                      1.80    0.004    0.688    0.4048   2.809e-06  p
clknet_0_net477             1.80    0.020    0.667    0.0887   2.805e-06  p
clknet_1_0__leaf_net806     1.80    0.026    0.322    0.0654   2.795e-06  p
clknet_1_1__leaf_net373     1.80    0.004    0.500    0.3847   2.782e-06  p
net94                       1.80    0.009    0.502    0.1886   2.769e-06  p
net758                      1.80    0.016    0.278    0.1078   2.766e-06  p
net81                       1.80    0.008    0.638    0.2168   2.743e-06  p
net358                      1.80    0.006    0.703    0.3033   2.732e-06  p
clknet_0_net350             1.80    0.019    0.396    0.0866   2.731e-06  p
net446                      1.80    0.009    0.604    0.1891   2.707e-06  p
net876                      1.80    0.017    0.500    0.1000   2.703e-06  a
net391                      1.80    0.005    0.613    0.3265   2.698e-06  p
net104                      1.80    0.005    0.480    0.3334   2.692e-06  p
net609                      1.80    0.004    0.587    0.3715   2.689e-06  p
clknet_0_net710             1.80    0.018    0.447    0.0911   2.670e-06  p
net928                      1.80    0.013    0.502    0.1227   2.649e-06  p
net382                      1.80    0.004    0.412    0.4186   2.634e-06  p
net627                      1.80    0.006    0.462    0.2547   2.615e-06  p
net1010                     1.80    0.005    0.564    0.3126   2.613e-06  p
net453                      1.80    0.003    0.337    0.5067   2.608e-06  p
net642                      1.80    0.004    0.428    0.3616   2.607e-06  p
clknet_0_net770             1.80    0.024    0.318    0.0656   2.601e-06  p
net1046                     1.80    0.010    0.637    0.1634   2.600e-06  p
net559                      1.80    0.033    0.484    0.0488   2.574e-06  p
net987                      1.80    0.005    0.560    0.3077   2.555e-06  p
net759                      1.80    0.015    0.720    0.1081   2.546e-06  p
net320                      1.80    0.004    0.708    0.4135   2.542e-06  p
net700                      1.80    0.015    0.157    0.1017   2.524e-06  p
net770                      1.80    0.024    0.318    0.0656   2.517e-06  p
net182                      1.80    0.013    0.628    0.1242   2.516e-06  p
net199                      1.80    0.005    0.118    0.3264   2.514e-06  p
net830                      1.80    0.016    0.500    0.1000   2.512e-06  a
clknet_0_net464             1.80    0.020    0.323    0.0769   2.501e-06  p
clknet_0_net708             1.80    0.020    0.377    0.0765   2.500e-06  p
net129                      1.80    0.033    0.168    0.0473   2.500e-06  p
net1042                     1.80    0.007    0.417    0.2126   2.493e-06  p
net1002                     1.80    0.007    0.628    0.2160   2.476e-06  p
net942                      1.80    0.032    0.762    0.0471   2.470e-06  p
net732                      1.80    0.010    0.841    0.1556   2.466e-06  p
net1016                     1.80    0.007    0.738    0.2205   2.463e-06  p
net118                      1.80    0.018    0.180    0.0863   2.449e-06  p
clknet_0_net344             1.80    0.019    0.389    0.0794   2.444e-06  p
net890                      1.80    0.020    0.302    0.0756   2.443e-06  p
net52                       1.80    0.006    0.493    0.2475   2.441e-06  p
net113                      1.80    0.053    0.071    0.0282   2.430e-06  p
net318                      1.80    0.003    0.336    0.5038   2.429e-06  p
net392                      1.80    0.010    0.531    0.1558   2.429e-06  p
net981                      1.80    0.087    0.242    0.0173   2.426e-06  p
clknet_1_0__leaf_net892     1.80    0.030    0.242    0.0503   2.422e-06  p
net935                      1.80    0.009    0.348    0.1595   2.398e-06  p
net1008                     1.80    0.005    0.564    0.3126   2.394e-06  p
net779                      1.80    0.008    0.387    0.1955   2.389e-06  p
net568                      1.80    0.005    0.624    0.3200   2.379e-06  p
net283                      1.80    0.006    0.745    0.2323   2.379e-06  p
net1015                     1.80    0.007    0.511    0.2098   2.365e-06  p
net622                      1.80    0.008    0.522    0.1706   2.349e-06  p
net397                      1.80    0.010    0.628    0.1443   2.337e-06  p
clknet_1_0__leaf_net567     1.80    0.006    0.562    0.2231   2.329e-06  p
net380                      1.80    0.008    0.808    0.1789   2.310e-06  p
net450                      1.80    0.010    0.516    0.1479   2.307e-06  p
net637                      1.80    0.014    0.157    0.1017   2.295e-06  p
net1005                     1.80    0.007    0.628    0.2160   2.290e-06  p
net124                      1.80    0.010    0.418    0.1346   2.288e-06  p
net288                      1.80    0.007    0.512    0.2123   2.286e-06  p
net739                      1.80    0.013    0.141    0.1061   2.284e-06  p
net698                      1.80    0.007    0.626    0.1934   2.253e-06  p
net814                      1.80    0.009    0.493    0.1537   2.231e-06  p
net757                      1.80    0.010    0.472    0.1328   2.212e-06  p
clknet_1_0__leaf_net507     1.80    0.007    0.685    0.2047   2.210e-06  p
net900                      1.80    0.012    0.107    0.1122   2.194e-06  p
clknet_0_net469             1.80    0.020    0.315    0.0654   2.169e-06  p
net260                      1.80    0.006    0.102    0.2166   2.165e-06  p
net768                      1.80    0.057    0.592    0.0234   2.160e-06  p
net40                       1.80    0.003    0.606    0.3996   2.158e-06  p
net936                      1.80    0.008    0.643    0.1642   2.156e-06  p
net1078                     1.80    0.013    0.500    0.1000   2.152e-06  a
net760                      1.80    0.007    0.431    0.1834   2.134e-06  p
net319                      1.80    0.003    0.342    0.3920   2.133e-06  p
clknet_1_1__leaf_net806     1.80    0.020    0.322    0.0654   2.124e-06  p
clknet_1_0__leaf_net889     1.80    0.009    0.458    0.1525   2.123e-06  p
net999                      1.80    0.006    0.638    0.2168   2.122e-06  p
net781                      1.80    0.011    0.600    0.1226   2.115e-06  p
net730                      1.80    0.009    0.846    0.1519   2.110e-06  p
net43                       1.80    0.003    0.507    0.4009   2.096e-06  p
clknet_0_net884             1.80    0.020    0.313    0.0630   2.090e-06  p
net347                      1.80    0.011    0.102    0.1156   2.090e-06  p
net649                      1.80    0.003    0.506    0.3981   2.085e-06  p
net833                      1.80    0.013    0.500    0.1000   2.082e-06  a
net301                      1.80    0.044    0.084    0.0294   2.076e-06  p
net669                      1.80    0.007    0.426    0.1729   2.074e-06  p
net117                      1.80    0.013    0.743    0.0982   2.057e-06  p
net805                      1.80    0.058    0.578    0.0218   2.045e-06  p
net884                      1.80    0.020    0.313    0.0630   2.043e-06  p
net256                      1.80    0.006    0.102    0.2166   2.043e-06  p
clknet_0_net930             1.80    0.019    0.245    0.0649   2.041e-06  p
net166                      1.80    0.005    0.429    0.2717   2.036e-06  p
net510                      1.80    0.004    0.551    0.3325   2.027e-06  p
net767                      1.80    0.062    0.310    0.0202   2.020e-06  p
net517                      1.80    0.005    0.425    0.2440   2.014e-06  p
net934                      1.80    0.012    0.604    0.1050   2.002e-06  p
net696                      1.80    0.011    0.892    0.1126   1.998e-06  p
net633                      1.80    0.006    0.777    0.1925   1.993e-06  p
net762                      1.80    0.007    0.484    0.1765   1.986e-06  p
net134                      1.80    0.016    0.612    0.0768   1.979e-06  p
net1021                     1.80    0.005    0.415    0.2218   1.975e-06  p
net514                      1.80    0.004    0.708    0.3274   1.966e-06  p
net1041                     1.80    0.006    0.417    0.2126   1.958e-06  p
net108                      1.80    0.007    0.665    0.1613   1.947e-06  p
net275                      1.80    0.005    0.705    0.2228   1.946e-06  p
net417                      1.80    0.008    0.350    0.1572   1.943e-06  p
clknet_0_net789             1.80    0.020    0.293    0.0590   1.930e-06  p
clknet_0_net806             1.80    0.018    0.322    0.0654   1.926e-06  p
net336                      1.80    0.052    0.572    0.0227   1.919e-06  p
net367                      1.80    0.005    0.469    0.2318   1.907e-06  p
net343                      1.80    0.002    0.489    0.4811   1.906e-06  p
net57                       1.80    0.003    0.523    0.4279   1.904e-06  p
net162                      1.80    0.005    0.386    0.2277   1.903e-06  p
net534                      1.80    0.008    0.696    0.1470   1.892e-06  p
net617                      1.80    0.004    0.515    0.3196   1.890e-06  p
net477                      1.80    0.013    0.667    0.0887   1.880e-06  p
clknet_1_0__leaf_net446     1.80    0.006    0.604    0.1891   1.878e-06  p
clknet_1_1__leaf_net507     1.80    0.006    0.685    0.2047   1.874e-06  p
net407                      1.80    0.009    0.635    0.1274   1.869e-06  p
net126                      1.80    0.010    0.171    0.1214   1.868e-06  p
net707                      1.80    0.012    0.486    0.0971   1.867e-06  p
clknet_1_0__leaf_net344     1.80    0.014    0.389    0.0794   1.864e-06  p
net824                      1.80    0.011    0.500    0.1000   1.855e-06  a
net51                       1.80    0.003    0.592    0.3817   1.854e-06  p
net806                      1.80    0.017    0.322    0.0654   1.851e-06  p
net860                      1.80    0.011    0.500    0.1000   1.844e-06  a
net395                      1.80    0.014    0.470    0.0830   1.839e-06  p
net1052                     1.80    0.021    0.658    0.0531   1.826e-06  p
net744                      1.80    0.014    0.389    0.0794   1.825e-06  p
net63                       1.80    0.007    0.840    0.1539   1.824e-06  p
net990                      1.80    0.006    0.626    0.1881   1.823e-06  p
net342                      1.80    0.005    0.511    0.2269   1.812e-06  p
clknet_1_1__leaf_net376     1.80    0.004    0.511    0.2976   1.810e-06  p
net266                      1.80    0.004    0.163    0.3166   1.810e-06  p
net157                      1.80    0.003    0.359    0.3698   1.792e-06  p
net314                      1.80    0.002    0.334    0.5042   1.786e-06  p
net553                      1.80    0.004    0.196    0.2839   1.781e-06  p
net816                      1.80    0.006    0.420    0.1898   1.779e-06  p
net625                      1.80    0.005    0.467    0.2060   1.777e-06  p
clknet_1_1__leaf_net744     1.80    0.014    0.389    0.0794   1.776e-06  p
net615                      1.80    0.005    0.448    0.2097   1.774e-06  p
net718                      1.80    0.003    0.497    0.3604   1.774e-06  p
net1049                     1.80    0.006    0.700    0.1955   1.764e-06  p
net1059                     1.80    0.009    0.600    0.1226   1.763e-06  p
net1101                     1.80    0.007    0.570    0.1518   1.759e-06  p
net366                      1.80    0.003    0.576    0.3848   1.750e-06  p
clknet_0_net752             1.80    0.021    0.254    0.0509   1.744e-06  p
net815                      1.80    0.006    0.596    0.1758   1.740e-06  p
net997                      1.80    0.005    0.415    0.2218   1.736e-06  p
net379                      1.80    0.003    0.393    0.3750   1.733e-06  p
net46                       1.80    0.003    0.633    0.3664   1.730e-06  p
net545                      1.80    0.051    0.585    0.0210   1.727e-06  p
net661                      1.80    0.003    0.451    0.3848   1.726e-06  p
net464                      1.80    0.014    0.323    0.0769   1.726e-06  p
net665                      1.80    0.004    0.509    0.2671   1.725e-06  p
clknet_0_net892             1.80    0.021    0.242    0.0503   1.720e-06  p
net181                      1.80    0.009    0.351    0.1205   1.706e-06  p
net160                      1.80    0.004    0.421    0.2797   1.704e-06  p
net263                      1.80    0.005    0.815    0.2037   1.697e-06  p
net695                      1.80    0.004    0.459    0.2586   1.691e-06  p
net671                      1.80    0.003    0.422    0.3431   1.687e-06  p
net544                      1.80    0.004    0.217    0.2457   1.684e-06  p
net932                      1.80    0.005    0.420    0.1898   1.673e-06  p
net259                      1.80    0.030    0.984    0.0339   1.670e-06  p
net111                      1.80    0.008    0.624    0.1244   1.666e-06  p
net1084                     1.80    0.006    0.484    0.1765   1.666e-06  p
net516                      1.80    0.003    0.418    0.3046   1.656e-06  p
net670                      1.80    0.004    0.595    0.2542   1.654e-06  p
net334                      1.80    0.004    0.403    0.2416   1.651e-06  p
net384                      1.80    0.003    0.249    0.3891   1.650e-06  p
net646                      1.80    0.003    0.339    0.3276   1.649e-06  p
net350                      1.80    0.012    0.396    0.0866   1.648e-06  p
net703                      1.80    0.010    0.154    0.1032   1.645e-06  p
net676                      1.80    0.002    0.441    0.4484   1.639e-06  p
net506                      1.80    0.002    0.517    0.4091   1.631e-06  p
net535                      1.80    0.003    0.504    0.3854   1.628e-06  p
net99                       1.80    0.005    0.639    0.1895   1.624e-06  p
net791                      1.80    0.007    0.524    0.1526   1.620e-06  p
net428                      1.80    0.003    0.429    0.3987   1.616e-06  p
net154                      1.80    0.011    0.252    0.0918   1.613e-06  p
net541                      1.80    0.003    0.489    0.3554   1.613e-06  p
clknet_1_1__leaf_net445     1.80    0.004    0.603    0.2377   1.602e-06  p
net915                      1.80    0.015    0.901    0.0646   1.599e-06  p
clknet_1_0__leaf_net480     1.80    0.009    0.334    0.1130   1.597e-06  p
net772                      1.80    0.011    0.508    0.0924   1.589e-06  p
net404                      1.80    0.027    0.728    0.0356   1.585e-06  p
net310                      1.80    0.003    0.564    0.3295   1.583e-06  p
net623                      1.80    0.003    0.391    0.3087   1.580e-06  p
net237                      1.80    0.034    0.928    0.0283   1.576e-06  p
net880                      1.80    0.010    0.500    0.1000   1.566e-06  a
net504                      1.80    0.003    0.564    0.3437   1.564e-06  p
clknet_1_1__leaf_net464     1.80    0.013    0.323    0.0769   1.559e-06  p
net694                      1.80    0.006    0.854    0.1516   1.556e-06  p
clknet_1_0__leaf_net930     1.80    0.015    0.245    0.0649   1.546e-06  p
net112                      1.80    0.007    0.656    0.1271   1.540e-06  p
clknet_1_0__leaf_net350     1.80    0.011    0.396    0.0866   1.534e-06  p
net390                      1.80    0.004    0.496    0.2312   1.531e-06  p
net590                      1.80    0.005    0.555    0.1770   1.528e-06  p
net128                      1.80    0.020    0.832    0.0473   1.525e-06  p
net678                      1.80    0.003    0.504    0.3209   1.523e-06  p
net163                      1.80    0.004    0.613    0.2279   1.512e-06  p
net151                      1.80    0.049    0.369    0.0190   1.512e-06  p
net634                      1.80    0.010    0.426    0.0917   1.509e-06  p
clknet_1_1__leaf_net930     1.80    0.014    0.245    0.0649   1.508e-06  p
net505                      1.80    0.003    0.502    0.2977   1.504e-06  p
clknet_1_0__leaf_net154     1.80    0.010    0.252    0.0918   1.503e-06  p
net827                      1.80    0.009    0.500    0.1000   1.503e-06  a
clknet_0_net771             1.80    0.019    0.256    0.0500   1.499e-06  p
net811                      1.80    0.005    0.645    0.1978   1.490e-06  p
net715                      1.80    0.004    0.477    0.2449   1.490e-06  p
net628                      1.80    0.003    0.496    0.2640   1.486e-06  p
net986                      1.80    0.003    0.560    0.3077   1.479e-06  p
net480                      1.80    0.008    0.334    0.1130   1.478e-06  p
net509                      1.80    0.003    0.314    0.2597   1.470e-06  p
net565                      1.80    0.004    0.454    0.2025   1.469e-06  p
net452                      1.80    0.014    0.802    0.0663   1.460e-06  p
clknet_1_1__leaf_net344     1.80    0.011    0.389    0.0794   1.460e-06  p
net620                      1.80    0.004    0.591    0.2519   1.455e-06  p
clknet_1_0__leaf_net707     1.80    0.009    0.486    0.0971   1.454e-06  p
net857                      1.80    0.009    0.500    0.1000   1.452e-06  a
clknet_1_1__leaf_net567     1.80    0.004    0.562    0.2231   1.452e-06  p
net513                      1.80    0.002    0.575    0.3898   1.448e-06  p
net547                      1.80    0.005    0.876    0.1622   1.444e-06  p
net493                      1.80    0.002    0.675    0.4131   1.443e-06  p
clknet_1_1__leaf_net753     1.80    0.021    0.217    0.0431   1.442e-06  p
net930                      1.80    0.014    0.245    0.0649   1.440e-06  p
net265                      1.80    0.002    0.273    0.3902   1.428e-06  p
net364                      1.80    0.002    0.500    0.3597   1.423e-06  p
net508                      1.80    0.003    0.486    0.2777   1.415e-06  p
net888                      1.80    0.020    0.174    0.0425   1.406e-06  p
net1029                     1.80    0.004    0.415    0.2218   1.403e-06  p
net1019                     1.80    0.004    0.415    0.2218   1.400e-06  p
clknet_1_1__leaf_net446     1.80    0.005    0.604    0.1891   1.398e-06  p
clknet_1_1__leaf_net480     1.80    0.008    0.334    0.1130   1.397e-06  p
net273                      1.80    0.032    0.941    0.0273   1.394e-06  p
net518                      1.80    0.003    0.513    0.2907   1.393e-06  p
net274                      1.80    0.002    0.434    0.3536   1.390e-06  p
net470                      1.80    0.007    0.601    0.1236   1.386e-06  p
clknet_0_net353             1.80    0.021    0.030    0.0406   1.380e-06  p
net520                      1.80    0.003    0.479    0.2757   1.379e-06  p
net451                      1.80    0.013    0.198    0.0663   1.377e-06  p
net735                      1.80    0.008    0.272    0.1085   1.377e-06  p
net462                      1.80    0.003    0.626    0.3135   1.375e-06  p
net59                       1.80    0.002    0.553    0.3533   1.373e-06  p
net1088                     1.80    0.005    0.431    0.1834   1.366e-06  p
net677                      1.80    0.003    0.497    0.2905   1.364e-06  p
net1097                     1.80    0.006    0.570    0.1518   1.363e-06  p
net812                      1.80    0.005    0.541    0.1764   1.360e-06  p
net629                      1.80    0.004    0.475    0.1959   1.360e-06  p
net607                      1.80    0.003    0.411    0.2617   1.353e-06  p
net494                      1.80    0.004    0.384    0.1998   1.352e-06  p
net640                      1.80    0.006    0.546    0.1362   1.346e-06  p
net429                      1.80    0.035    0.430    0.0237   1.344e-06  p
net344                      1.80    0.010    0.389    0.0794   1.343e-06  p
net1064                     1.80    0.005    0.202    0.1807   1.338e-06  p
net285                      1.80    0.007    0.333    0.1249   1.337e-06  p
net167                      1.80    0.003    0.340    0.2902   1.337e-06  p
net787                      1.80    0.037    0.606    0.0225   1.332e-06  p
net892                      1.80    0.016    0.242    0.0503   1.331e-06  p
net1075                     1.80    0.005    0.665    0.1511   1.328e-06  p
net287                      1.80    0.004    0.414    0.1999   1.327e-06  p
net1100                     1.80    0.005    0.570    0.1518   1.323e-06  p
net651                      1.80    0.005    0.235    0.1802   1.318e-06  p
net522                      1.80    0.003    0.525    0.2383   1.316e-06  p
net369                      1.80    0.004    0.249    0.2037   1.312e-06  p
net631                      1.80    0.002    0.599    0.3301   1.311e-06  p
net1023                     1.80    0.004    0.415    0.2218   1.301e-06  p
net644                      1.80    0.007    0.506    0.1169   1.299e-06  p
net333                      1.80    0.006    0.463    0.1404   1.299e-06  p
net689                      1.80    0.034    0.980    0.0234   1.294e-06  p
net751                      1.80    0.048    0.768    0.0167   1.293e-06  p
net370                      1.80    0.002    0.172    0.3309   1.291e-06  p
net564                      1.80    0.002    0.574    0.3380   1.291e-06  p
net357                      1.80    0.028    0.639    0.0284   1.289e-06  p
net349                      1.80    0.003    0.557    0.2333   1.288e-06  p
net469                      1.80    0.012    0.315    0.0654   1.287e-06  p
net716                      1.80    0.039    0.042    0.0201   1.285e-06  p
net519                      1.80    0.003    0.387    0.2552   1.280e-06  p
net331                      1.80    0.005    0.510    0.1554   1.279e-06  p
net561                      1.80    0.015    0.658    0.0531   1.278e-06  p
net588                      1.80    0.003    0.588    0.3130   1.278e-06  p
net902                      1.80    0.027    0.447    0.0296   1.276e-06  p
net110                      1.80    0.004    0.658    0.1795   1.276e-06  p
net180                      1.80    0.005    0.518    0.1532   1.274e-06  p
net666                      1.80    0.002    0.603    0.3850   1.271e-06  p
net632                      1.80    0.004    0.571    0.2203   1.268e-06  p
net1027                     1.80    0.004    0.415    0.2218   1.263e-06  p
net710                      1.80    0.009    0.447    0.0911   1.260e-06  p
net178                      1.80    0.005    0.874    0.1478   1.260e-06  p
net840                      1.80    0.008    0.500    0.1000   1.256e-06  a
net150                      1.80    0.002    0.489    0.3728   1.254e-06  p
clknet_0_net753             1.80    0.018    0.217    0.0431   1.253e-06  p
net810                      1.80    0.004    0.643    0.1737   1.249e-06  p
net571                      1.80    0.006    0.302    0.1201   1.241e-06  p
net383                      1.80    0.003    0.536    0.2952   1.240e-06  p
net589                      1.80    0.003    0.637    0.3004   1.239e-06  p
net788                      1.80    0.044    0.242    0.0173   1.236e-06  p
net1071                     1.80    0.003    0.832    0.2908   1.234e-06  p
clknet_1_1__leaf_net889     1.80    0.005    0.458    0.1525   1.230e-06  p
net1020                     1.80    0.003    0.415    0.2218   1.222e-06  p
net315                      1.80    0.015    0.240    0.0506   1.222e-06  p
net657                      1.80    0.003    0.583    0.2618   1.220e-06  p
net1098                     1.80    0.005    0.570    0.1518   1.213e-06  p
net176                      1.80    0.003    0.476    0.2392   1.211e-06  p
net774                      1.80    0.029    0.935    0.0259   1.208e-06  p
net329                      1.80    0.002    0.363    0.3526   1.202e-06  p
net529                      1.80    0.031    0.398    0.0240   1.197e-06  p
net532                      1.80    0.019    0.456    0.0395   1.186e-06  p
net924                      1.80    0.006    0.590    0.1283   1.183e-06  p
clknet_0_net769             1.80    0.020    0.193    0.0367   1.181e-06  p
net576                      1.80    0.003    0.394    0.2492   1.179e-06  p
net403                      1.80    0.020    0.271    0.0359   1.177e-06  p
net569                      1.80    0.004    0.596    0.1758   1.170e-06  p
net457                      1.80    0.024    0.340    0.0296   1.168e-06  p
net473                      1.80    0.007    0.470    0.1001   1.161e-06  p
net800                      1.80    0.028    0.533    0.0253   1.161e-06  p
net775                      1.80    0.028    0.063    0.0256   1.158e-06  p
net789                      1.80    0.012    0.293    0.0590   1.158e-06  p
clknet_1_1__leaf_net350     1.80    0.008    0.396    0.0866   1.157e-06  p
net566                      1.80    0.003    0.598    0.2358   1.157e-06  p
net458                      1.80    0.024    0.660    0.0296   1.152e-06  p
net650                      1.80    0.004    0.477    0.1776   1.143e-06  p
net1022                     1.80    0.003    0.415    0.2218   1.141e-06  p
net750                      1.80    0.029    0.563    0.0246   1.138e-06  p
net280                      1.80    0.004    0.342    0.1774   1.136e-06  p
net858                      1.80    0.007    0.500    0.1000   1.125e-06  a
net583                      1.80    0.009    0.520    0.0765   1.124e-06  p
net378                      1.80    0.002    0.338    0.3867   1.123e-06  p
clknet_1_0__leaf_net464     1.80    0.009    0.323    0.0769   1.113e-06  p
net164                      1.80    0.003    0.446    0.2447   1.113e-06  p
net326                      1.80    0.003    0.136    0.1961   1.111e-06  p
net153                      1.80    0.002    0.558    0.2982   1.101e-06  p
net405                      1.80    0.003    0.358    0.2384   1.099e-06  p
net258                      1.80    0.020    0.016    0.0339   1.098e-06  p
net996                      1.80    0.003    0.415    0.2218   1.098e-06  p
net133                      1.80    0.009    0.388    0.0768   1.095e-06  p
clknet_1_0__leaf_net622     1.80    0.004    0.522    0.1706   1.092e-06  p
clknet_0_net595             1.80    0.020    0.585    0.0340   1.089e-06  p
net330                      1.80    0.003    0.661    0.2301   1.087e-06  p
net786                      1.80    0.028    0.430    0.0237   1.085e-06  p
net749                      1.80    0.026    0.487    0.0260   1.085e-06  p
clknet_1_1__leaf_net770     1.80    0.010    0.318    0.0656   1.078e-06  p
net727                      1.80    0.021    0.924    0.0316   1.074e-06  p
net614                      1.80    0.002    0.502    0.2682   1.073e-06  p
clknet_1_0__leaf_net752     1.80    0.013    0.254    0.0509   1.073e-06  p
net323                      1.80    0.013    0.760    0.0506   1.071e-06  p
net555                      1.80    0.028    0.606    0.0238   1.069e-06  p
net292                      1.80    0.004    0.449    0.1765   1.067e-06  p
net226                      1.80    0.022    0.923    0.0302   1.066e-06  p
net1028                     1.80    0.003    0.415    0.2218   1.062e-06  p
net419                      1.80    0.007    0.079    0.0916   1.056e-06  p
net563                      1.80    0.002    0.591    0.2803   1.054e-06  p
net291                      1.80    0.002    0.620    0.2799   1.042e-06  p
net804                      1.80    0.028    0.636    0.0226   1.038e-06  p
net1001                     1.80    0.003    0.628    0.2160   1.033e-06  p
clknet_1_1__leaf_net752     1.80    0.013    0.254    0.0509   1.033e-06  p
net436                      1.80    0.003    0.097    0.2340   1.026e-06  p
net443                      1.80    0.006    0.141    0.1061   1.015e-06  p
net244                      1.80    0.003    0.731    0.1865   1.014e-06  p
net492                      1.80    0.002    0.506    0.2734   1.014e-06  p
clknet_1_1__leaf_net707     1.80    0.006    0.486    0.0971   1.012e-06  p
net708                      1.80    0.008    0.377    0.0765   1.010e-06  p
net146                      1.80    0.002    0.780    0.2678   1.009e-06  p
net406                      1.80    0.004    0.767    0.1644   1.007e-06  p
clknet_1_0__leaf_net376     1.80    0.002    0.511    0.2976   1.004e-06  p
net773                      1.80    0.007    0.488    0.0923   1.001e-06  p
net1025                     1.80    0.003    0.415    0.2218   9.998e-07  p
clknet_1_0__leaf_net753     1.80    0.014    0.217    0.0431   9.906e-07  p
net398                      1.80    0.006    0.184    0.0949   9.874e-07  p
clknet_0_net754             1.80    0.019    0.169    0.0322   9.856e-07  p
net147                      1.80    0.006    0.962    0.1037   9.837e-07  p
net277                      1.80    0.003    0.837    0.2081   9.827e-07  p
net396                      1.80    0.007    0.529    0.0829   9.803e-07  p
net656                      1.80    0.004    0.324    0.1667   9.787e-07  p
net515                      1.80    0.003    0.591    0.2079   9.761e-07  p
net230                      1.80    0.020    0.923    0.0302   9.622e-07  p
net109                      1.80    0.021    0.071    0.0282   9.604e-07  p
net434                      1.80    0.006    0.141    0.1061   9.550e-07  p
net278                      1.80    0.003    0.875    0.1820   9.526e-07  p
net755                      1.80    0.004    0.649    0.1597   9.429e-07  p
net933                      1.80    0.018    0.924    0.0316   9.389e-07  p
net594                      1.80    0.036    0.506    0.0159   9.319e-07  p
clknet_1_0__leaf_net595     1.80    0.017    0.585    0.0340   9.290e-07  p
net303                      1.80    0.012    0.051    0.0467   9.275e-07  p
net821                      1.80    0.025    0.572    0.0227   9.275e-07  p
net399                      1.80    0.003    0.298    0.2001   9.265e-07  p
net1024                     1.80    0.003    0.415    0.2218   9.220e-07  p
net61                       1.80    0.007    0.870    0.0819   9.188e-07  p
net654                      1.80    0.003    0.500    0.1892   9.180e-07  p
net127                      1.80    0.006    0.507    0.0985   9.119e-07  p
net914                      1.80    0.023    0.868    0.0246   9.040e-07  p
net132                      1.80    0.004    0.839    0.1273   9.023e-07  p
net593                      1.80    0.004    0.503    0.1497   9.012e-07  p
net753                      1.80    0.013    0.217    0.0431   8.979e-07  p
clknet_1_0__leaf_net445     1.80    0.002    0.603    0.2377   8.920e-07  p
clknet_1_1__leaf_net622     1.80    0.003    0.522    0.1706   8.919e-07  p
net478                      1.80    0.015    0.044    0.0352   8.847e-07  p
net600                      1.80    0.002    0.431    0.2243   8.830e-07  p
clknet_1_1__leaf_net595     1.80    0.016    0.585    0.0340   8.828e-07  p
net169                      1.80    0.003    0.420    0.1898   8.806e-07  p
net448                      1.80    0.026    0.313    0.0206   8.805e-07  p
net618                      1.80    0.008    0.855    0.0684   8.789e-07  p
net572                      1.80    0.003    0.596    0.1758   8.782e-07  p
net139                      1.80    0.005    0.647    0.1065   8.753e-07  p
net387                      1.80    0.002    0.628    0.2499   8.594e-07  p
net626                      1.80    0.005    0.598    0.1051   8.589e-07  p
net903                      1.80    0.017    0.924    0.0316   8.564e-07  p
net156                      1.80    0.006    0.265    0.0952   8.509e-07  p
net282                      1.80    0.013    0.069    0.0406   8.490e-07  p
net542                      1.80    0.015    0.017    0.0354   8.406e-07  p
clknet_0_net482             1.80    0.018    0.989    0.0291   8.372e-07  p
net1082                     1.80    0.003    0.419    0.1658   8.371e-07  p
net497                      1.80    0.016    0.239    0.0330   8.368e-07  p
net995                      1.80    0.003    0.516    0.2058   8.364e-07  p
net771                      1.80    0.010    0.256    0.0500   8.306e-07  p
net619                      1.80    0.003    0.739    0.1701   8.269e-07  p
net389                      1.80    0.007    0.633    0.0724   8.222e-07  p
net289                      1.80    0.004    0.889    0.1199   8.203e-07  p
net573                      1.80    0.012    0.847    0.0429   8.167e-07  p
clknet_1_1__leaf_net154     1.80    0.005    0.252    0.0918   8.070e-07  p
net322                      1.80    0.023    0.024    0.0215   8.026e-07  p
net388                      1.80    0.007    0.366    0.0726   7.989e-07  p
net831                      1.80    0.005    0.500    0.1000   7.961e-07  a
net155                      1.80    0.026    0.369    0.0190   7.960e-07  p
net459                      1.80    0.002    0.580    0.2154   7.860e-07  p
net142                      1.80    0.003    0.846    0.1519   7.858e-07  p
clknet_1_0__leaf_net771     1.80    0.010    0.256    0.0500   7.822e-07  p
net752                      1.80    0.009    0.254    0.0509   7.733e-07  p
net424                      1.80    0.002    0.203    0.2319   7.716e-07  p
net243                      1.80    0.016    0.923    0.0302   7.704e-07  p
net905                      1.80    0.022    0.053    0.0217   7.694e-07  p
net1054                     1.80    0.018    0.487    0.0260   7.659e-07  p
clknet_1_0__leaf_net477     1.80    0.005    0.667    0.0887   7.529e-07  p
net449                      1.80    0.003    0.193    0.1764   7.433e-07  p
net1053                     1.80    0.013    0.017    0.0354   7.415e-07  p
clknet_1_1__leaf_net469     1.80    0.007    0.315    0.0654   7.408e-07  p
net723                      1.80    0.016    0.928    0.0283   7.374e-07  p
net1026                     1.80    0.002    0.415    0.2218   7.347e-07  p
net621                      1.80    0.003    0.542    0.1796   7.324e-07  p
out33                       1.80    0.001    0.532    0.5052   7.232e-07  p
net809                      1.80    0.003    0.399    0.1415   7.223e-07  p
net511                      1.80    0.003    0.639    0.1316   7.195e-07  p
net801                      1.80    0.020    0.401    0.0223   7.076e-07  p
net116                      1.80    0.004    0.506    0.0988   7.074e-07  p
net284                      1.80    0.003    0.667    0.1249   7.041e-07  p
net754                      1.80    0.013    0.169    0.0322   6.955e-07  p
net784                      1.80    0.028    0.786    0.0154   6.916e-07  p
net686                      1.80    0.014    0.923    0.0302   6.873e-07  p
net401                      1.80    0.003    0.544    0.1271   6.857e-07  p
net595                      1.80    0.012    0.585    0.0340   6.825e-07  p
net1012                     1.80    0.003    0.547    0.1528   6.823e-07  p
net769                      1.80    0.011    0.193    0.0367   6.778e-07  p
net440                      1.80    0.006    0.973    0.0754   6.715e-07  p
clknet_1_0__leaf_net708     1.80    0.005    0.377    0.0765   6.691e-07  p
net149                      1.80    0.002    0.412    0.2329   6.679e-07  p
net430                      1.80    0.020    0.677    0.0210   6.673e-07  p
net756                      1.80    0.003    0.526    0.1326   6.665e-07  p
net447                      1.80    0.002    0.618    0.1920   6.653e-07  p
net487                      1.80    0.009    0.238    0.0471   6.611e-07  p
net606                      1.80    0.002    0.505    0.2093   6.586e-07  p
out49                       1.80    0.001    0.501    0.4510   6.499e-07  p
net603                      1.80    0.002    0.729    0.1719   6.449e-07  p
net339                      1.80    0.003    0.263    0.1196   6.398e-07  p
net353                      1.80    0.010    0.030    0.0406   6.292e-07  p
net456                      1.80    0.002    0.168    0.1748   6.264e-07  p
net612                      1.80    0.003    0.749    0.1254   6.189e-07  p
net352                      1.80    0.021    0.983    0.0177   6.174e-07  p
net891                      1.80    0.007    0.133    0.0507   6.147e-07  p
net276                      1.80    0.014    0.941    0.0273   6.141e-07  p
net400                      1.80    0.024    0.974    0.0157   6.123e-07  p
net616                      1.80    0.005    0.580    0.0776   6.117e-07  p
net648                      1.80    0.004    0.061    0.0869   6.092e-07  p
net724                      1.80    0.013    0.941    0.0273   5.933e-07  p
net410                      1.80    0.010    0.017    0.0354   5.884e-07  p
clknet_1_0__leaf_net754     1.80    0.011    0.169    0.0322   5.855e-07  p
net386                      1.80    0.017    0.737    0.0218   5.840e-07  p
net1060                     1.80    0.004    0.839    0.0948   5.751e-07  p
net121                      1.80    0.004    0.506    0.0988   5.713e-07  p
out20                       1.80    0.002    0.495    0.2091   5.681e-07  p
clknet_1_1__leaf_net710     1.80    0.004    0.447    0.0911   5.609e-07  p
net482                      1.80    0.012    0.989    0.0291   5.552e-07  p
net174                      1.80    0.003    0.550    0.1205   5.536e-07  p
net335                      1.80    0.002    0.495    0.1553   5.484e-07  p
clknet_1_1__leaf_net892     1.80    0.007    0.242    0.0503   5.406e-07  p
net290                      1.80    0.003    0.322    0.1315   5.394e-07  p
net425                      1.80    0.007    0.820    0.0480   5.392e-07  p
net479                      1.80    0.006    0.690    0.0524   5.387e-07  p
net693                      1.80    0.003    0.500    0.1000   5.364e-07  a
net717                      1.80    0.012    0.122    0.0270   5.298e-07  p
net1091                     1.80    0.014    0.430    0.0237   5.214e-07  p
net548                      1.80    0.004    0.052    0.0746   5.192e-07  p
net159                      1.80    0.003    0.276    0.1173   5.158e-07  p
net338                      1.80    0.002    0.094    0.1331   5.121e-07  p
net582                      1.80    0.015    0.460    0.0213   5.108e-07  p
net332                      1.80    0.002    0.537    0.1404   5.108e-07  p
clknet_1_0__leaf_net769     1.80    0.009    0.193    0.0367   5.106e-07  p
net351                      1.80    0.017    0.017    0.0177   5.018e-07  p
net803                      1.80    0.013    0.572    0.0230   4.973e-07  p
out44                       1.80    0.001    0.529    0.3470   4.954e-07  p
net491                      1.80    0.004    0.848    0.0716   4.907e-07  p
clknet_0_net919             1.80    0.021    0.892    0.0146   4.881e-07  p
net726                      1.80    0.022    0.971    0.0136   4.790e-07  p
net712                      1.80    0.010    0.084    0.0294   4.763e-07  p
net356                      1.80    0.010    0.359    0.0283   4.756e-07  p
net252                      1.80    0.015    0.022    0.0198   4.744e-07  p
out10                       1.80    0.001    0.504    0.2701   4.685e-07  p
net587                      1.80    0.002    0.810    0.1149   4.635e-07  p
net122                      1.80    0.003    0.508    0.0992   4.631e-07  p
net476                      1.80    0.016    0.963    0.0179   4.587e-07  p
net1083                     1.80    0.003    0.720    0.1081   4.584e-07  p
net426                      1.80    0.003    0.286    0.1032   4.582e-07  p
net919                      1.80    0.019    0.892    0.0146   4.545e-07  p
net604                      1.80    0.007    0.645    0.0426   4.510e-07  p
clknet_1_1__leaf_net708     1.80    0.004    0.377    0.0765   4.491e-07  p
clknet_1_1__leaf_net477     1.80    0.003    0.667    0.0887   4.421e-07  p
net56                       1.80    0.009    0.068    0.0297   4.411e-07  p
clknet_1_1__leaf_net754     1.80    0.008    0.169    0.0322   4.398e-07  p
net597                      1.80    0.004    0.551    0.0711   4.393e-07  p
out41                       1.80    0.001    0.560    0.3077   4.389e-07  p
clknet_1_0__leaf_net353     1.80    0.007    0.030    0.0406   4.354e-07  p
net468                      1.80    0.004    0.314    0.0640   4.332e-07  p
net1089                     1.80    0.004    0.366    0.0729   4.241e-07  p
out2                        1.80    0.001    0.754    0.2857   4.220e-07  p
net931                      1.80    0.013    0.605    0.0204   4.190e-07  p
net438                      1.80    0.004    0.036    0.0584   4.174e-07  p
net580                      1.80    0.003    0.389    0.0794   4.165e-07  p
net354                      1.80    0.002    0.105    0.1151   4.160e-07  p
net270                      1.80    0.018    0.971    0.0139   4.135e-07  p
clknet_1_1__leaf_net789     1.80    0.004    0.293    0.0590   4.114e-07  p
net560                      1.80    0.003    0.580    0.0781   4.111e-07  p
out60                       1.80    0.000    0.546    0.5089   4.076e-07  p
out11                       1.80    0.001    0.500    0.3460   4.065e-07  p
clknet_1_0__leaf_net710     1.80    0.003    0.447    0.0911   4.065e-07  p
net581                      1.80    0.012    0.531    0.0213   4.059e-07  p
net711                      1.80    0.008    0.914    0.0298   4.055e-07  p
clknet_1_0__leaf_net789     1.80    0.004    0.293    0.0590   4.054e-07  p
clknet_1_0__leaf_net469     1.80    0.004    0.315    0.0654   4.051e-07  p
net44                       1.80    0.001    0.223    0.1888   4.045e-07  pm
net680                      1.80    0.018    0.018    0.0141   4.011e-07  p
net685                      1.80    0.010    0.967    0.0246   3.927e-07  p
net743                      1.80    0.024    0.274    0.0101   3.909e-07  p
out46                       1.80    0.001    0.703    0.2687   3.834e-07  p
net437                      1.80    0.010    0.398    0.0240   3.811e-07  p
clknet_1_1__leaf_net771     1.80    0.005    0.256    0.0500   3.793e-07  p
net1092                     1.80    0.005    0.174    0.0425   3.782e-07  p
out22                       1.80    0.002    0.154    0.1517   3.742e-07  p
net713                      1.80    0.008    0.902    0.0282   3.738e-07  p
net1069                     1.80    0.002    0.530    0.1000   3.721e-07  p
net467                      1.80    0.006    0.823    0.0375   3.687e-07  p
net746                      1.80    0.009    0.603    0.0240   3.644e-07  p
net466                      1.80    0.006    0.177    0.0375   3.614e-07  p
net731                      1.80    0.002    0.839    0.0948   3.591e-07  p
net377                      1.80    0.022    0.964    0.0100   3.561e-07  p
out24                       1.80    0.000    0.362    0.4448   3.553e-07  p
net552                      1.80    0.003    0.052    0.0746   3.552e-07  p
net250                      1.80    0.010    0.978    0.0216   3.409e-07  p
net783                      1.80    0.012    0.614    0.0177   3.405e-07  p
net60                       1.80    0.009    0.429    0.0240   3.395e-07  p
net748                      1.80    0.009    0.617    0.0238   3.384e-07  p
clknet_1_1__leaf_net353     1.80    0.005    0.030    0.0406   3.371e-07  p
net702                      1.80    0.006    0.017    0.0354   3.364e-07  p
net668                      1.80    0.004    0.579    0.0537   3.343e-07  p
net782                      1.80    0.012    0.376    0.0178   3.326e-07  p
net251                      1.80    0.010    0.021    0.0213   3.310e-07  p
out32                       1.80    0.001    0.832    0.2908   3.309e-07  p
net1058                     1.80    0.010    0.310    0.0202   3.286e-07  p
clknet_1_0__leaf_net919     1.80    0.014    0.892    0.0146   3.277e-07  p
net808                      1.80    0.004    0.244    0.0491   3.271e-07  p
net119                      1.80    0.009    0.977    0.0220   3.156e-07  p
net823                      1.80    0.008    0.607    0.0242   3.151e-07  p
net792                      1.80    0.003    0.369    0.0748   3.144e-07  p
net474                      1.80    0.002    0.530    0.1000   3.084e-07  p
net62                       1.80    0.006    0.924    0.0316   3.073e-07  p
net793                      1.80    0.003    0.628    0.0751   3.056e-07  p
net55                       1.80    0.006    0.931    0.0300   2.993e-07  p
net574                      1.80    0.004    0.830    0.0487   2.937e-07  p
net822                      1.80    0.008    0.429    0.0240   2.935e-07  p
net1073                     1.80    0.009    0.042    0.0201   2.920e-07  p
clknet_1_1__leaf_net769     1.80    0.005    0.193    0.0367   2.841e-07  p
net639                      1.80    0.003    0.240    0.0506   2.799e-07  p
net433                      1.80    0.008    0.677    0.0210   2.769e-07  p
net1065                     1.80    0.011    0.203    0.0153   2.761e-07  p
net681                      1.80    0.009    0.026    0.0178   2.731e-07  p
net1061                     1.80    0.007    0.605    0.0225   2.654e-07  p
net1056                     1.80    0.008    0.313    0.0206   2.578e-07  p
net238                      1.80    0.005    0.923    0.0302   2.564e-07  p
net684                      1.80    0.006    0.032    0.0240   2.520e-07  p
out36                       1.80    0.001    0.127    0.1645   2.518e-07  p
net442                      1.80    0.002    0.279    0.0662   2.513e-07  p
net475                      1.80    0.009    0.037    0.0179   2.504e-07  p
net807                      1.80    0.005    0.152    0.0317   2.457e-07  p
net802                      1.80    0.007    0.590    0.0225   2.452e-07  p
net785                      1.80    0.010    0.203    0.0153   2.419e-07  p
net1062                     1.80    0.003    0.238    0.0471   2.417e-07  p
out58                       1.80    0.001    0.643    0.1642   2.398e-07  p
net638                      1.80    0.003    0.760    0.0506   2.382e-07  p
net1066                     1.80    0.005    0.914    0.0298   2.342e-07  p
net764                      1.80    0.007    0.402    0.0190   2.308e-07  p
net714                      1.80    0.005    0.092    0.0277   2.293e-07  p
out61                       1.80    0.001    0.236    0.2225   2.283e-07  p
out57                       1.80    0.001    0.348    0.1595   2.277e-07  p
net432                      1.80    0.004    0.591    0.0355   2.245e-07  p
net722                      1.80    0.005    0.071    0.0282   2.236e-07  p
out40                       1.80    0.001    0.159    0.0945   2.211e-07  p
net1090                     1.80    0.006    0.617    0.0238   2.203e-07  p
net1087                     1.80    0.006    0.603    0.0240   2.193e-07  p
out6                        1.80    0.001    0.714    0.2127   2.186e-07  p
out18                       1.80    0.001    0.168    0.1748   2.186e-07  p
out26                       1.80    0.001    0.199    0.1915   2.109e-07  p
out19                       1.80    0.001    0.554    0.1640   2.095e-07  p
net674                      1.80    0.006    0.230    0.0220   2.080e-07  p
out35                       1.80    0.001    0.708    0.2114   2.066e-07  p
net635                      1.80    0.009    0.537    0.0133   2.044e-07  p
net177                      1.80    0.012    0.274    0.0101   2.030e-07  p
out47                       1.80    0.001    0.590    0.1283   1.976e-07  p
net659                      1.80    0.004    0.447    0.0296   1.945e-07  p
net641                      1.80    0.006    0.677    0.0210   1.936e-07  p
net704                      1.80    0.005    0.508    0.0249   1.912e-07  p
net165                      1.80    0.018    0.984    0.0063   1.863e-07  p
out29                       1.80    0.000    0.731    0.2314   1.856e-07  p
net592                      1.80    0.008    0.201    0.0151   1.853e-07  p
net660                      1.80    0.004    0.553    0.0296   1.841e-07  p
out31                       1.80    0.001    0.201    0.2196   1.838e-07  p
net1070                     1.80    0.004    0.359    0.0282   1.822e-07  p
net1057                     1.80    0.005    0.132    0.0246   1.820e-07  p
out34                       1.80    0.001    0.661    0.1949   1.810e-07  p
net1079                     1.80    0.005    0.636    0.0226   1.796e-07  p
out50                       1.80    0.001    0.502    0.1227   1.783e-07  p
net745                      1.80    0.005    0.388    0.0239   1.768e-07  p
out59                       1.80    0.001    0.948    0.1225   1.752e-07  p
out25                       1.80    0.001    0.107    0.1122   1.738e-07  p
net720                      1.80    0.004    0.251    0.0284   1.711e-07  p
net925                      1.80    0.018    0.013    0.0056   1.679e-07  p
net328                      1.80    0.006    0.071    0.0160   1.653e-07  p
net402                      1.80    0.005    0.900    0.0213   1.633e-07  p
net645                      1.80    0.005    0.369    0.0190   1.576e-07  p
out54                       1.80    0.001    0.420    0.1898   1.567e-07  p
net766                      1.80    0.011    0.886    0.0084   1.564e-07  p
net461                      1.80    0.017    0.996    0.0056   1.549e-07  p
out37                       1.80    0.000    0.741    0.1900   1.537e-07  p
out39                       1.80    0.001    0.901    0.0646   1.534e-07  p
net179                      1.80    0.004    0.429    0.0240   1.510e-07  p
clknet_1_1__leaf_net919     1.80    0.006    0.892    0.0146   1.504e-07  p
net719                      1.80    0.020    0.016    0.0047   1.501e-07  p
net763                      1.80    0.005    0.588    0.0188   1.456e-07  p
out15                       1.80    0.001    0.302    0.0756   1.431e-07  p
net799                      1.80    0.003    0.459    0.0253   1.429e-07  p
out30                       1.80    0.001    0.827    0.1255   1.421e-07  p
net346                      1.80    0.003    0.084    0.0294   1.390e-07  p
net1072                     1.80    0.004    0.605    0.0203   1.384e-07  p
out7                        1.80    0.001    0.146    0.1516   1.377e-07  p
net1063                     1.80    0.003    0.930    0.0300   1.357e-07  p
out9                        1.80    0.002    0.762    0.0471   1.342e-07  p
out4                        1.80    0.001    0.157    0.1017   1.282e-07  p
net721                      1.80    0.003    0.741    0.0284   1.278e-07  p
net115                      1.80    0.003    0.928    0.0283   1.277e-07  p
net1085                     1.80    0.003    0.590    0.0225   1.273e-07  p
out14                       1.80    0.001    0.458    0.1525   1.250e-07  p
net158                      1.80    0.003    0.607    0.0242   1.250e-07  p
out21                       1.80    0.001    0.474    0.1527   1.245e-07  p
net577                      1.80    0.003    0.572    0.0227   1.239e-07  p
net1086                     1.80    0.004    0.402    0.0190   1.192e-07  p
net172                      1.80    0.002    0.924    0.0316   1.174e-07  p
net325                      1.80    0.006    0.991    0.0122   1.172e-07  p
net673                      1.80    0.003    0.760    0.0223   1.171e-07  p
net495                      1.80    0.004    0.014    0.0160   1.165e-07  p
net765                      1.80    0.009    0.104    0.0080   1.159e-07  p
net540                      1.80    0.002    0.017    0.0354   1.140e-07  p
net385                      1.80    0.003    0.263    0.0218   1.105e-07  p
net365                      1.80    0.005    0.537    0.0133   1.095e-07  p
net557                      1.80    0.005    0.730    0.0124   1.094e-07  p
net1080                     1.80    0.003    0.429    0.0240   1.080e-07  p
net1074                     1.80    0.005    0.018    0.0141   1.062e-07  p
out51                       1.80    0.000    0.734    0.1314   1.042e-07  p
net682                      1.80    0.011    0.005    0.0058   1.041e-07  p
net1077                     1.80    0.003    0.374    0.0236   1.024e-07  p
net483                      1.80    0.004    0.787    0.0157   9.765e-08  p
net257                      1.80    0.007    0.017    0.0085   9.684e-08  p
out12                       1.80    0.001    0.349    0.1133   9.554e-08  p
net672                      1.80    0.002    0.132    0.0246   9.351e-08  p
net820                      1.80    0.003    0.313    0.0206   9.273e-08  p
net819                      1.80    0.003    0.677    0.0210   9.200e-08  p
out1                        1.80    0.001    0.313    0.0630   8.944e-08  p
out52                       1.80    0.001    0.245    0.0649   8.887e-08  p
net741                      1.80    0.002    0.581    0.0219   8.825e-08  p
net922                      1.80    0.002    0.607    0.0242   8.760e-08  p
clknet_1_1__leaf_net482     1.80    0.002    0.989    0.0291   8.638e-08  p
clknet_1_0__leaf_net482     1.80    0.002    0.989    0.0291   8.559e-08  p
net747                      1.80    0.002    0.374    0.0236   8.527e-08  p
out56                       1.80    0.000    0.604    0.1050   8.465e-08  p
net496                      1.80    0.003    0.986    0.0160   8.038e-08  p
net498                      1.80    0.003    0.975    0.0185   7.933e-08  p
net558                      1.80    0.004    0.261    0.0120   7.853e-08  p
net1081                     1.80    0.003    0.201    0.0151   7.550e-08  p
out17                       1.80    0.001    0.242    0.0503   7.141e-08  p
net1055                     1.80    0.013    0.988    0.0034   7.030e-08  p
net608                      1.80    0.004    0.984    0.0120   6.860e-08  p
net489                      1.80    0.013    0.988    0.0034   6.851e-08  p
net818                      1.80    0.003    0.787    0.0157   6.514e-08  p
net499                      1.80    0.004    0.042    0.0108   6.320e-08  p
net817                      1.80    0.003    0.201    0.0151   6.197e-08  p
out13                       1.80    0.001    0.174    0.0425   6.069e-08  p
net1068                     1.80    0.002    0.071    0.0160   5.920e-08  p
net1076                     1.80    0.004    0.886    0.0084   5.853e-08  p
net272                      1.80    0.002    0.971    0.0139   5.495e-08  p
net500                      1.80    0.003    0.958    0.0108   5.159e-08  p
out16                       1.80    0.001    0.133    0.0507   5.085e-08  p
out28                       1.80    0.001    0.924    0.0316   4.609e-08  p
out43                       1.80    0.001    0.833    0.0503   4.594e-08  p
net610                      1.80    0.002    0.984    0.0127   4.527e-08  p
out55                       1.80    0.001    0.924    0.0316   4.506e-08  p
net742                      1.80    0.001    0.409    0.0217   4.408e-08  pm
net368                      1.80    0.002    0.537    0.0133   4.157e-08  p
net361                      1.80    0.001    0.483    0.0247   4.139e-08  pm
out3                        1.80    0.001    0.053    0.0217   4.056e-08  p
net324                      1.80    0.002    0.009    0.0122   3.920e-08  p
out45                       1.80    0.001    0.607    0.0242   3.457e-08  p
net173                      1.80    0.002    0.274    0.0101   3.423e-08  p
net683                      1.80    0.003    0.995    0.0061   3.222e-08  p
net293                      1.80    0.000    0.866    0.0508   3.148e-08  pm
net653                      1.80    0.003    0.013    0.0056   2.854e-08  p
net652                      1.80    0.003    0.984    0.0063   2.787e-08  p
out5                        1.80    0.001    0.553    0.0296   2.747e-08  p
out27                       1.80    0.001    0.447    0.0296   2.746e-08  p
net106                      1.80    0.001    0.901    0.0224   2.541e-08  pm
net706                      1.80    0.020    0.984    0.0007   2.104e-08  p
out38                       1.80    0.000    0.868    0.0246   1.914e-08  p
net488                      1.80    0.017    0.984    0.0007   1.774e-08  p
out53                       1.80    0.001    0.605    0.0203   1.745e-08  p
net427                      1.80    0.001    0.056    0.0133   1.208e-08  pm
out42                       1.80    0.001    0.892    0.0146   1.190e-08  p
out48                       1.80    0.001    0.013    0.0056   7.969e-09  p
net107                      1.80    0.012    1.000    0.0000      0.0000  p
net214                      1.80    0.006    1.000    0.0000      0.0000  p
net227                      1.80    0.063    1.000    0.0000      0.0000  p
net232                      1.80    0.007    1.000    0.0000      0.0000  p
net306                      1.80    0.010    1.000    0.0000      0.0000  p
net341                      1.80    0.005    1.000    0.0000      0.0000  p
--------------------------------------------------------------------------------
Total (1289 nets)                                              6.934e-03 Watt



                                      Int      Switch   Leak      Total
Hierarchy                             Power    Power    Power     Power    %
--------------------------------------------------------------------------------
netlist_1                             6.99e-03 6.93e-03 8.97e-09  1.39e-02 100.0
1
