Information: Derived library resistance unit is 1.000000 Kohm (Time unit is 1 ns, and Capacitance unit is 1.000000 pF). (DES-028)
Warning: Detected semantically incorrect SPEF in coupling section. (PARA-098)
Warning: Coupling capacitor (input6/A input11/A 0) on net in18 is discarded because the value cannot be <= 0 (PARA-040)
Warning: Coupling capacitor (in13:7 in18:7 0) on net in18 is discarded because the value cannot be <= 0 (PARA-040)
Warning: Coupling capacitor (in18:7 in23:7 0) on net in23 is discarded because the value cannot be <= 0 (PARA-040)
Warning: Coupling capacitor (in17:7 in24:7 0) on net in24 is discarded because the value cannot be <= 0 (PARA-040)
Warning: Coupling capacitor (in24:7 in5:7 0) on net in5 is discarded because the value cannot be <= 0 (PARA-040)
Warning: Coupling capacitor (in5:7 in6:7 0) on net in6 is discarded because the value cannot be <= 0 (PARA-040)
Warning: Coupling capacitor (input10/A input24/A 0) on net in8 is discarded because the value cannot be <= 0 (PARA-040)
Warning: Coupling capacitor (input6/A input24/A 0) on net in8 is discarded because the value cannot be <= 0 (PARA-040)
Warning: Coupling capacitor (in13:7 in8:7 0) on net in8 is discarded because the value cannot be <= 0 (PARA-040)
Warning: Coupling capacitor (in17:7 in8:7 0) on net in8 is discarded because the value cannot be <= 0 (PARA-040)
Warning: Coupling capacitor (input17/A input25/A 0) on net in9 is discarded because the value cannot be <= 0 (PARA-040)
Warning: Coupling capacitor (in23:7 in9:7 0) on net in9 is discarded because the value cannot be <= 0 (PARA-040)
Warning: Coupling capacitor (in9:7 out20 0) on net out20 is discarded because the value cannot be <= 0 (PARA-040)
Warning: Coupling capacitor (out17 out4 0) on net out4 is discarded because the value cannot be <= 0 (PARA-040)
Warning: Coupling capacitor (in3:13 out5 0) on net out5 is discarded because the value cannot be <= 0 (PARA-040)
Warning: Coupling capacitor (out22 out6 0) on net out6 is discarded because the value cannot be <= 0 (PARA-040)
Warning: Coupling capacitor (out21 out9 0) on net out9 is discarded because the value cannot be <= 0 (PARA-040)
Warning: Coupling capacitor (clk:9 clknet_0_clk:340 0) on net clknet_0_clk is discarded because the value cannot be <= 0 (PARA-040)
Warning: Coupling capacitor (clkbuf_1_0__f_net353/A clkbuf_1_0__f_net354/A 0) on net clknet_0_net354 is discarded because the value cannot be <= 0 (PARA-040)
Warning: Coupling capacitor (clknet_0_clk:200 clkbuf_1_0__f_net567/A 0) on net clknet_0_net567 is discarded because the value cannot be <= 0 (PARA-040)
Warning: Coupling capacitor (clkbuf_1_0__f_net481/A clkbuf_1_1__f_net605/A 0) on net clknet_0_net605 is discarded because the value cannot be <= 0 (PARA-040)
Warning: Coupling capacitor (clkbuf_1_1__f_net481/A clkbuf_1_1__f_net605/A 0) on net clknet_0_net605 is discarded because the value cannot be <= 0 (PARA-040)
Warning: Coupling capacitor (clkbuf_1_1__f_net449/A clkbuf_1_1__f_net930/A 0) on net clknet_0_net930 is discarded because the value cannot be <= 0 (PARA-040)
Warning: Coupling capacitor (clkbuf_1_0__f_net329/A c365/A1 0) on net clknet_1_0__leaf_net329 is discarded because the value cannot be <= 0 (PARA-040)
Warning: Coupling capacitor (clkbuf_1_0__f_net354/A c381/SCE 0) on net clknet_1_0__leaf_net353 is discarded because the value cannot be <= 0 (PARA-040)
Warning: Coupling capacitor (clkbuf_1_0__f_net823/A clknet_1_0__leaf_net463:12 0) on net clknet_1_0__leaf_net463 is discarded because the value cannot be <= 0 (PARA-040)
Warning: Coupling capacitor (clkbuf_1_1__f_net823/A clknet_1_0__leaf_net463:12 0) on net clknet_1_0__leaf_net463 is discarded because the value cannot be <= 0 (PARA-040)
Warning: Coupling capacitor (c497/A3 c500/A2 0) on net clknet_1_0__leaf_net464 is discarded because the value cannot be <= 0 (PARA-040)
Warning: Coupling capacitor (clkbuf_1_1__f_net329/A c365/S1 0) on net clknet_1_0__leaf_net823 is discarded because the value cannot be <= 0 (PARA-040)
Warning: Coupling capacitor (clkbuf_1_1__f_net329/A clknet_1_0__leaf_net823:12 0) on net clknet_1_0__leaf_net823 is discarded because the value cannot be <= 0 (PARA-040)
Warning: Coupling capacitor (c527/A1 c522/SCD 0) on net clknet_1_0__leaf_net983 is discarded because the value cannot be <= 0 (PARA-040)
Warning: Coupling capacitor (clknet_1_0__leaf_net974:49 c522/SCD 0) on net clknet_1_0__leaf_net983 is discarded because the value cannot be <= 0 (PARA-040)
Warning: Coupling capacitor (c365/A1 c375/D 0) on net clknet_1_1__leaf_net315 is discarded because the value cannot be <= 0 (PARA-040)
Warning: Coupling capacitor (clkbuf_1_1__f_net338/A c501/A 0) on net clknet_1_1__leaf_net338 is discarded because the value cannot be <= 0 (PARA-040)
Warning: Coupling capacitor (clkbuf_1_1__f_net353/A clknet_1_1__leaf_net354:10 0) on net clknet_1_1__leaf_net354 is discarded because the value cannot be <= 0 (PARA-040)
Warning: Coupling capacitor (clknet_1_0__leaf_net420:12 c480/S0 0) on net clknet_1_1__leaf_net436 is discarded because the value cannot be <= 0 (PARA-040)
Warning: Coupling capacitor (clkbuf_1_0__f_net821/A c593/SCD 0) on net clknet_1_1__leaf_net546 is discarded because the value cannot be <= 0 (PARA-040)
Warning: Coupling capacitor (clkbuf_1_1__f_net449/A c616/D 0) on net clknet_1_1__leaf_net546 is discarded because the value cannot be <= 0 (PARA-040)
Warning: Coupling capacitor (clkbuf_1_0__f_net709/A c753/A2 0) on net clknet_1_1__leaf_net707 is discarded because the value cannot be <= 0 (PARA-040)
Warning: Coupling capacitor (clkbuf_1_1__f_net709/A c753/A2 0) on net clknet_1_1__leaf_net707 is discarded because the value cannot be <= 0 (PARA-040)
Warning: Coupling capacitor (c480/S0 clknet_1_1__leaf_net821:12 0) on net clknet_1_1__leaf_net821 is discarded because the value cannot be <= 0 (PARA-040)
Warning: Coupling capacitor (clkbuf_1_0__f_net448/A clknet_1_1__leaf_net821:12 0) on net clknet_1_1__leaf_net821 is discarded because the value cannot be <= 0 (PARA-040)
Warning: Coupling capacitor (clknet_1_0__leaf_net877:70 clknet_1_1__leaf_net821:12 0) on net clknet_1_1__leaf_net821 is discarded because the value cannot be <= 0 (PARA-040)
Warning: Coupling capacitor (clkbuf_1_0__f_net315/A clknet_1_1__leaf_net854:10 0) on net clknet_1_1__leaf_net854 is discarded because the value cannot be <= 0 (PARA-040)
Warning: Coupling capacitor (c637/SCD c636/S1 0) on net clknet_1_1__leaf_net894 is discarded because the value cannot be <= 0 (PARA-040)
Warning: Coupling capacitor (clkbuf_1_1__f_net913/A c745/S0 0) on net clknet_1_1__leaf_net913 is discarded because the value cannot be <= 0 (PARA-040)
Warning: Coupling capacitor (c365/A1 clknet_4_11_0_clk:175 0) on net clknet_4_11_0_clk is discarded because the value cannot be <= 0 (PARA-040)
Warning: Coupling capacitor (c365/S1 clknet_4_11_0_clk:141 0) on net clknet_4_11_0_clk is discarded because the value cannot be <= 0 (PARA-040)
Warning: Coupling capacitor (c389/A2 clknet_4_11_0_clk:127 0) on net clknet_4_11_0_clk is discarded because the value cannot be <= 0 (PARA-040)
Warning: Coupling capacitor (c390/SCD c390/CLK_N 0) on net clknet_4_11_0_clk is discarded because the value cannot be <= 0 (PARA-040)
Warning: Coupling capacitor (clkbuf_1_0__f_net353/A clknet_4_11_0_clk:234 0) on net clknet_4_11_0_clk is discarded because the value cannot be <= 0 (PARA-040)
Warning: Coupling capacitor (clkbuf_1_0__f_net354/A clknet_4_11_0_clk:226 0) on net clknet_4_11_0_clk is discarded because the value cannot be <= 0 (PARA-040)
Warning: Coupling capacitor (clknet_1_1__leaf_net221:12 ANTENNA_s876_SLEEP_B/DIODE 0) on net clknet_4_11_0_clk is discarded because the value cannot be <= 0 (PARA-040)
Warning: Coupling capacitor (c637/D clknet_4_13_0_clk:49 0) on net clknet_4_13_0_clk is discarded because the value cannot be <= 0 (PARA-040)
Warning: Coupling capacitor (c753/A2 clknet_4_13_0_clk:146 0) on net clknet_4_13_0_clk is discarded because the value cannot be <= 0 (PARA-040)
Warning: Coupling capacitor (c753/A2 clknet_4_13_0_clk:215 0) on net clknet_4_13_0_clk is discarded because the value cannot be <= 0 (PARA-040)
Warning: Coupling capacitor (c753/A2 clknet_4_13_0_clk:228 0) on net clknet_4_13_0_clk is discarded because the value cannot be <= 0 (PARA-040)
Warning: Coupling capacitor (c762/A0 clknet_4_13_0_clk:45 0) on net clknet_4_13_0_clk is discarded because the value cannot be <= 0 (PARA-040)
Warning: Coupling capacitor (c762/A0 clknet_4_13_0_clk:47 0) on net clknet_4_13_0_clk is discarded because the value cannot be <= 0 (PARA-040)
Warning: Coupling capacitor (clkbuf_1_0__f_net719/A clknet_4_13_0_clk:134 0) on net clknet_4_13_0_clk is discarded because the value cannot be <= 0 (PARA-040)
Warning: Coupling capacitor (clkbuf_1_1__f_net609/A clknet_4_13_0_clk:49 0) on net clknet_4_13_0_clk is discarded because the value cannot be <= 0 (PARA-040)
Warning: Coupling capacitor (clkbuf_1_1__f_net913/A clknet_4_13_0_clk:273 0) on net clknet_4_13_0_clk is discarded because the value cannot be <= 0 (PARA-040)
Warning: Coupling capacitor (clknet_1_1__leaf_net605:34 clknet_4_13_0_clk:49 0) on net clknet_4_13_0_clk is discarded because the value cannot be <= 0 (PARA-040)
Warning: Coupling capacitor (c509/B1 clknet_4_14_0_clk:14 0) on net clknet_4_14_0_clk is discarded because the value cannot be <= 0 (PARA-040)
Warning: Coupling capacitor (c509/B1 clknet_4_14_0_clk:16 0) on net clknet_4_14_0_clk is discarded because the value cannot be <= 0 (PARA-040)
Warning: Coupling capacitor (c515/SCD c515/CLK 0) on net clknet_4_14_0_clk is discarded because the value cannot be <= 0 (PARA-040)
Warning: Coupling capacitor (clkbuf_1_0__f_net353/A clknet_4_14_0_clk:216 0) on net clknet_4_14_0_clk is discarded because the value cannot be <= 0 (PARA-040)
Warning: Coupling capacitor (clkbuf_1_1__f_net338/A c521/CLK_N 0) on net clknet_4_14_0_clk is discarded because the value cannot be <= 0 (PARA-040)
Warning: Coupling capacitor (clkbuf_1_1__f_net338/A clknet_4_14_0_clk:73 0) on net clknet_4_14_0_clk is discarded because the value cannot be <= 0 (PARA-040)
Warning: Coupling capacitor (clkbuf_1_1__f_net353/A clknet_4_14_0_clk:216 0) on net clknet_4_14_0_clk is discarded because the value cannot be <= 0 (PARA-040)
Warning: Coupling capacitor (clknet_1_1__leaf_net221:12 clknet_4_14_0_clk:22 0) on net clknet_4_14_0_clk is discarded because the value cannot be <= 0 (PARA-040)
Warning: Coupling capacitor (clknet_1_1__leaf_net354:10 clknet_4_14_0_clk:216 0) on net clknet_4_14_0_clk is discarded because the value cannot be <= 0 (PARA-040)
Warning: Coupling capacitor (ANTENNA_clkbuf_1_0__f_net427_X/DIODE clknet_4_3_0_clk:190 0) on net clknet_4_3_0_clk is discarded because the value cannot be <= 0 (PARA-040)
Warning: Coupling capacitor (clknet_1_0__leaf_net427:133 clknet_4_3_0_clk:190 0) on net clknet_4_3_0_clk is discarded because the value cannot be <= 0 (PARA-040)
Warning: Coupling capacitor (c590/A1 clknet_4_6_0_clk:53 0) on net clknet_4_6_0_clk is discarded because the value cannot be <= 0 (PARA-040)
Warning: Coupling capacitor (c613/D clknet_4_6_0_clk:143 0) on net clknet_4_6_0_clk is discarded because the value cannot be <= 0 (PARA-040)
Warning: Coupling capacitor (c616/D merge819/CLK_N 0) on net clknet_4_6_0_clk is discarded because the value cannot be <= 0 (PARA-040)
Warning: Coupling capacitor (c616/D clknet_4_6_0_clk:145 0) on net clknet_4_6_0_clk is discarded because the value cannot be <= 0 (PARA-040)
Warning: Coupling capacitor (clknet_1_0__leaf_net427:193 clknet_4_6_0_clk:53 0) on net clknet_4_6_0_clk is discarded because the value cannot be <= 0 (PARA-040)
Warning: Coupling capacitor (clknet_1_1__leaf_net457:16 clknet_4_7_0_clk:10 0) on net clknet_4_7_0_clk is discarded because the value cannot be <= 0 (PARA-040)
Warning: Coupling capacitor (clknet_1_1__leaf_net457:16 clknet_4_7_0_clk:16 0) on net clknet_4_7_0_clk is discarded because the value cannot be <= 0 (PARA-040)
Warning: Coupling capacitor (clk:9 clknet_4_8_0_clk:187 0) on net clknet_4_8_0_clk is discarded because the value cannot be <= 0 (PARA-040)
Warning: Coupling capacitor (clk:9 clknet_4_8_0_clk:200 0) on net clknet_4_8_0_clk is discarded because the value cannot be <= 0 (PARA-040)
Warning: Coupling capacitor (clk:9 clknet_4_8_0_clk:212 0) on net clknet_4_8_0_clk is discarded because the value cannot be <= 0 (PARA-040)
Warning: Coupling capacitor (clknet_0_clk:340 clknet_4_8_0_clk:212 0) on net clknet_4_8_0_clk is discarded because the value cannot be <= 0 (PARA-040)
Warning: Coupling capacitor (clkbuf_1_0__f_net931/A clknet_4_9_0_clk:14 0) on net clknet_4_9_0_clk is discarded because the value cannot be <= 0 (PARA-040)
Warning: Coupling capacitor (clkbuf_1_0__f_net931/A clknet_4_9_0_clk:16 0) on net clknet_4_9_0_clk is discarded because the value cannot be <= 0 (PARA-040)
Warning: Coupling capacitor (clknet_1_1__leaf_net457:16 c734/A1 0) on net net1000 is discarded because the value cannot be <= 0 (PARA-040)
Warning: Coupling capacitor (ANTENNA_c756_A1/DIODE c749/S1 0) on net net1002 is discarded because the value cannot be <= 0 (PARA-040)
Warning: Coupling capacitor (clkbuf_1_0__f_net895/A c749/S1 0) on net net1002 is discarded because the value cannot be <= 0 (PARA-040)
Warning: Coupling capacitor (clknet_1_1__leaf_net420:63 c749/S1 0) on net net1002 is discarded because the value cannot be <= 0 (PARA-040)
Warning: Coupling capacitor (c480/S0 net1003:50 0) on net net1003 is discarded because the value cannot be <= 0 (PARA-040)
Warning: Coupling capacitor (c504/A net1003:151 0) on net net1003 is discarded because the value cannot be <= 0 (PARA-040)
Warning: Coupling capacitor (clknet_1_0__leaf_net420:12 net1003:50 0) on net net1003 is discarded because the value cannot be <= 0 (PARA-040)
Warning: Coupling capacitor (clknet_4_14_0_clk:158 net1003:207 0) on net net1003 is discarded because the value cannot be <= 0 (PARA-040)
Warning: Coupling capacitor (c687/CLK_N c694/C1 0) on net net1004 is discarded because the value cannot be <= 0 (PARA-040)
Warning: Coupling capacitor (c687/CLK_N net1004:113 0) on net net1004 is discarded because the value cannot be <= 0 (PARA-040)
Warning: Coupling capacitor (clknet_0_clk:41 net1004:33 0) on net net1004 is discarded because the value cannot be <= 0 (PARA-040)
Warning: Coupling capacitor (c692/CLK net1005:71 0) on net net1005 is discarded because the value cannot be <= 0 (PARA-040)
Warning: Coupling capacitor (c692/CLK net1005:93 0) on net net1005 is discarded because the value cannot be <= 0 (PARA-040)
Note - message 'PARA-040' default limit (100) exceeded.  Remainder will be suppressed.
Warning: Net 'net232' is multi-driven. (DES-023)
Warning: Net 'net303' is multi-driven. (DES-023)
Warning: Net 'net474' is multi-driven. (DES-023)
Warning: Net 'net60' is multi-driven. (DES-023)
Warning: Net 'net611' is multi-driven. (DES-023)
Warning: Net 'net625' is multi-driven. (DES-023)
Warning: Net 'net636' is multi-driven. (DES-023)
Warning: Net 'net830' is multi-driven. (DES-023)

****************************************
Report : read_parasitics /nas/ei/home/ge78pav/TM_power/TM_openlane/TM_openlane_single_mid/TM_openlane_mid_ios/TM_openlane_mid_ios_min/netlist_1/low/spef/netlist_1_post_par_nom.spef
Design : netlist_1
Version: Q-2019.12-SP1
Date   : Tue Jul 30 23:05:38 2024
****************************************

        0 error(s)
        Format is SPEF
        Annotated nets                   :         1298
        Annotated capacitances           :        10210
        Annotated resistances            :         8912
        Reduced coupling capacitances    :        17123
        Annotated PI models              :            0
        Annotated Elmore delays          :            0

