Information: Derived library resistance unit is 1.000000 Kohm (Time unit is 1 ns, and Capacitance unit is 1.000000 pF). (DES-028)
Warning: Detected semantically incorrect SPEF in coupling section. (PARA-098)
Warning: Coupling capacitor (in14:11 in16:13 0) on net in16 is discarded because the value cannot be <= 0 (PARA-040)
Warning: Coupling capacitor (in24:13 in28:13 0) on net in28 is discarded because the value cannot be <= 0 (PARA-040)
Warning: Coupling capacitor (in28:13 in29:13 0) on net in29 is discarded because the value cannot be <= 0 (PARA-040)
Warning: Coupling capacitor (in45:7 in47:11 0) on net in47 is discarded because the value cannot be <= 0 (PARA-040)
Warning: Coupling capacitor (input44/A input47/A 0) on net in50 is discarded because the value cannot be <= 0 (PARA-040)
Warning: Coupling capacitor (in48:7 in50:7 0) on net in50 is discarded because the value cannot be <= 0 (PARA-040)
Warning: Coupling capacitor (input47/A input49/A 0) on net in52 is discarded because the value cannot be <= 0 (PARA-040)
Warning: Coupling capacitor (in50:7 in52:7 0) on net in52 is discarded because the value cannot be <= 0 (PARA-040)
Warning: Coupling capacitor (input50/A input51/A 0) on net in54 is discarded because the value cannot be <= 0 (PARA-040)
Warning: Coupling capacitor (in53:7 in54:7 0) on net in54 is discarded because the value cannot be <= 0 (PARA-040)
Warning: Coupling capacitor (input44/A input52/A 0) on net in55 is discarded because the value cannot be <= 0 (PARA-040)
Warning: Coupling capacitor (in48:7 in55:7 0) on net in55 is discarded because the value cannot be <= 0 (PARA-040)
Warning: Coupling capacitor (input51/A input54/A 0) on net in57 is discarded because the value cannot be <= 0 (PARA-040)
Warning: Coupling capacitor (in54:7 in57:7 0) on net in57 is discarded because the value cannot be <= 0 (PARA-040)
Warning: Coupling capacitor (in39:11 in60:11 0) on net in60 is discarded because the value cannot be <= 0 (PARA-040)
Warning: Coupling capacitor (in42:11 in60:11 0) on net in60 is discarded because the value cannot be <= 0 (PARA-040)
Warning: Coupling capacitor (in47:11 in62:9 0) on net in62 is discarded because the value cannot be <= 0 (PARA-040)
Warning: Coupling capacitor (in55:7 in62:9 0) on net in62 is discarded because the value cannot be <= 0 (PARA-040)
Warning: Coupling capacitor (input49/A input61/A 0) on net in63 is discarded because the value cannot be <= 0 (PARA-040)
Warning: Coupling capacitor (input50/A input61/A 0) on net in63 is discarded because the value cannot be <= 0 (PARA-040)
Warning: Coupling capacitor (in52:7 in63:7 0) on net in63 is discarded because the value cannot be <= 0 (PARA-040)
Warning: Coupling capacitor (in53:7 in63:7 0) on net in63 is discarded because the value cannot be <= 0 (PARA-040)
Warning: Coupling capacitor (in59:11 in65:11 0) on net in65 is discarded because the value cannot be <= 0 (PARA-040)
Warning: Coupling capacitor (in68:13 in70:13 0) on net in70 is discarded because the value cannot be <= 0 (PARA-040)
Warning: Coupling capacitor (ANTENNA_input67_A/DIODE in72:15 0) on net in72 is discarded because the value cannot be <= 0 (PARA-040)
Warning: Coupling capacitor (in69:9 in72:15 0) on net in72 is discarded because the value cannot be <= 0 (PARA-040)
Warning: Coupling capacitor (input45/A ANTENNA_input73_A/DIODE 0) on net in74 is discarded because the value cannot be <= 0 (PARA-040)
Warning: Coupling capacitor (in70:13 in74:13 0) on net in74 is discarded because the value cannot be <= 0 (PARA-040)
Warning: Coupling capacitor (input64/A input75/A 0) on net in76 is discarded because the value cannot be <= 0 (PARA-040)
Warning: Coupling capacitor (in66:7 in76:7 0) on net in76 is discarded because the value cannot be <= 0 (PARA-040)
Warning: Coupling capacitor (input75/A input76/A 0) on net in77 is discarded because the value cannot be <= 0 (PARA-040)
Warning: Coupling capacitor (in76:7 in77:7 0) on net in77 is discarded because the value cannot be <= 0 (PARA-040)
Warning: Coupling capacitor (input74/A input77/A 0) on net in78 is discarded because the value cannot be <= 0 (PARA-040)
Warning: Coupling capacitor (in75:7 in78:7 0) on net in78 is discarded because the value cannot be <= 0 (PARA-040)
Warning: Coupling capacitor (input64/A input78/A 0) on net in79 is discarded because the value cannot be <= 0 (PARA-040)
Warning: Coupling capacitor (in66:7 in79:7 0) on net in79 is discarded because the value cannot be <= 0 (PARA-040)
Warning: Coupling capacitor (input54/A input81/A 0) on net in81 is discarded because the value cannot be <= 0 (PARA-040)
Warning: Coupling capacitor (input78/A input81/A 0) on net in81 is discarded because the value cannot be <= 0 (PARA-040)
Warning: Coupling capacitor (in57:7 in81:7 0) on net in81 is discarded because the value cannot be <= 0 (PARA-040)
Warning: Coupling capacitor (in79:7 in81:7 0) on net in81 is discarded because the value cannot be <= 0 (PARA-040)
Warning: Coupling capacitor (input74/A input82/A 0) on net in82 is discarded because the value cannot be <= 0 (PARA-040)
Warning: Coupling capacitor (in73:7 in82:7 0) on net in82 is discarded because the value cannot be <= 0 (PARA-040)
Warning: Coupling capacitor (in75:7 in82:7 0) on net in82 is discarded because the value cannot be <= 0 (PARA-040)
Warning: Coupling capacitor (input55/A input83/A 0) on net in83 is discarded because the value cannot be <= 0 (PARA-040)
Warning: Coupling capacitor (input77/A input83/A 0) on net in83 is discarded because the value cannot be <= 0 (PARA-040)
Warning: Coupling capacitor (in58:7 in83:7 0) on net in83 is discarded because the value cannot be <= 0 (PARA-040)
Warning: Coupling capacitor (in78:7 in83:7 0) on net in83 is discarded because the value cannot be <= 0 (PARA-040)
Warning: Coupling capacitor (in74:13 in84:19 0) on net in84 is discarded because the value cannot be <= 0 (PARA-040)
Warning: Coupling capacitor (in61:9 in85:5 0) on net in85 is discarded because the value cannot be <= 0 (PARA-040)
Warning: Coupling capacitor (input67/A in86:9 0) on net in86 is discarded because the value cannot be <= 0 (PARA-040)
Warning: Coupling capacitor (input70/A input86/A 0) on net in86 is discarded because the value cannot be <= 0 (PARA-040)
Warning: Coupling capacitor (input55/A input87/A 0) on net in87 is discarded because the value cannot be <= 0 (PARA-040)
Warning: Coupling capacitor (input76/A input87/A 0) on net in87 is discarded because the value cannot be <= 0 (PARA-040)
Warning: Coupling capacitor (in58:7 in87:7 0) on net in87 is discarded because the value cannot be <= 0 (PARA-040)
Warning: Coupling capacitor (in77:7 in87:7 0) on net in87 is discarded because the value cannot be <= 0 (PARA-040)
Warning: Coupling capacitor (input80/A input88/A 0) on net in88 is discarded because the value cannot be <= 0 (PARA-040)
Warning: Coupling capacitor (in80:7 in88:7 0) on net in88 is discarded because the value cannot be <= 0 (PARA-040)
Warning: Coupling capacitor (in85:5 in89:13 0) on net in89 is discarded because the value cannot be <= 0 (PARA-040)
Warning: Coupling capacitor (input88/A input91/A 0) on net in90 is discarded because the value cannot be <= 0 (PARA-040)
Warning: Coupling capacitor (in88:7 in90:7 0) on net in90 is discarded because the value cannot be <= 0 (PARA-040)
Warning: Coupling capacitor (in68:13 in91:9 0) on net in91 is discarded because the value cannot be <= 0 (PARA-040)
Warning: Coupling capacitor (in86:9 in91:9 0) on net in91 is discarded because the value cannot be <= 0 (PARA-040)
Warning: Coupling capacitor (in69:9 in92:7 0) on net in92 is discarded because the value cannot be <= 0 (PARA-040)
Warning: Coupling capacitor (in71:9 in93:9 0) on net in93 is discarded because the value cannot be <= 0 (PARA-040)
Warning: Coupling capacitor (in72:15 in93:9 0) on net in93 is discarded because the value cannot be <= 0 (PARA-040)
Warning: Coupling capacitor (ANTENNA_input93_A/DIODE in94:7 0) on net in94 is discarded because the value cannot be <= 0 (PARA-040)
Warning: Coupling capacitor (input91/A input95/A 0) on net in94 is discarded because the value cannot be <= 0 (PARA-040)
Warning: Coupling capacitor (in90:7 in94:7 0) on net in94 is discarded because the value cannot be <= 0 (PARA-040)
Warning: Coupling capacitor (input72/A input96/A 0) on net in95 is discarded because the value cannot be <= 0 (PARA-040)
Warning: Coupling capacitor (input80/A input96/A 0) on net in95 is discarded because the value cannot be <= 0 (PARA-040)
Warning: Coupling capacitor (in73:7 in95:7 0) on net in95 is discarded because the value cannot be <= 0 (PARA-040)
Warning: Coupling capacitor (in80:7 in95:7 0) on net in95 is discarded because the value cannot be <= 0 (PARA-040)
Warning: Coupling capacitor (input45/A input97/A 0) on net in96 is discarded because the value cannot be <= 0 (PARA-040)
Warning: Coupling capacitor (input70/A in96:21 0) on net in96 is discarded because the value cannot be <= 0 (PARA-040)
Warning: Coupling capacitor (in49:13 in96:21 0) on net in96 is discarded because the value cannot be <= 0 (PARA-040)
Warning: Coupling capacitor (in89:13 in97:5 0) on net in97 is discarded because the value cannot be <= 0 (PARA-040)
Warning: Coupling capacitor (in92:7 in97:5 0) on net in97 is discarded because the value cannot be <= 0 (PARA-040)
Warning: Coupling capacitor (ANTENNA_input67_A/DIODE ANTENNA_input99_A/DIODE 0) on net in98 is discarded because the value cannot be <= 0 (PARA-040)
Warning: Coupling capacitor (in67:7 in98:5 0) on net in98 is discarded because the value cannot be <= 0 (PARA-040)
Warning: Coupling capacitor (in85:5 in98:5 0) on net in98 is discarded because the value cannot be <= 0 (PARA-040)
Warning: Coupling capacitor (in67:7 in99:5 0) on net in99 is discarded because the value cannot be <= 0 (PARA-040)
Warning: Coupling capacitor (in94:7 in99:5 0) on net in99 is discarded because the value cannot be <= 0 (PARA-040)
Warning: Coupling capacitor (out20 out33 0) on net out33 is discarded because the value cannot be <= 0 (PARA-040)
Warning: Coupling capacitor (out55 out58 0) on net out58 is discarded because the value cannot be <= 0 (PARA-040)
Warning: Coupling capacitor (out79 out87 0) on net out87 is discarded because the value cannot be <= 0 (PARA-040)
Warning: Coupling capacitor (out76 out90 0) on net out90 is discarded because the value cannot be <= 0 (PARA-040)
Warning: Coupling capacitor (out82 out90 0) on net out90 is discarded because the value cannot be <= 0 (PARA-040)
Warning: Coupling capacitor (ANTENNA_input84_A/DIODE clkbuf_1_1__f_net131/A 0) on net clknet_0_net131 is discarded because the value cannot be <= 0 (PARA-040)
Warning: Coupling capacitor (clkbuf_1_0__f_net134/A clkbuf_1_1__f_net138/A 0) on net clknet_0_net138 is discarded because the value cannot be <= 0 (PARA-040)
Warning: Coupling capacitor (clknet_0_net134:14 clkbuf_1_1__f_net138/A 0) on net clknet_0_net138 is discarded because the value cannot be <= 0 (PARA-040)
Warning: Coupling capacitor (clk:9 clkbuf_1_0__f_net142/A 0) on net clknet_0_net142 is discarded because the value cannot be <= 0 (PARA-040)
Warning: Coupling capacitor (clkbuf_1_1__f_net159/A clkbuf_1_0__f_net160/A 0) on net clknet_0_net160 is discarded because the value cannot be <= 0 (PARA-040)
Warning: Coupling capacitor (clkbuf_1_0__f_net180/A clkbuf_1_0__f_net182/A 0) on net clknet_0_net182 is discarded because the value cannot be <= 0 (PARA-040)
Warning: Coupling capacitor (clkbuf_1_0__f_net180/A clkbuf_1_1__f_net182/A 0) on net clknet_0_net182 is discarded because the value cannot be <= 0 (PARA-040)
Warning: Coupling capacitor (clkbuf_1_1__f_net185/A clkbuf_1_1__f_net187/A 0) on net clknet_0_net187 is discarded because the value cannot be <= 0 (PARA-040)
Warning: Coupling capacitor (clknet_0_net180:27 clkbuf_1_0__f_net188/A 0) on net clknet_0_net188 is discarded because the value cannot be <= 0 (PARA-040)
Warning: Coupling capacitor (clknet_0_net180:27 clkbuf_1_1__f_net188/A 0) on net clknet_0_net188 is discarded because the value cannot be <= 0 (PARA-040)
Warning: Coupling capacitor (clkbuf_1_0__f_net186/A clkbuf_1_0__f_net189/A 0) on net clknet_0_net189 is discarded because the value cannot be <= 0 (PARA-040)
Warning: Coupling capacitor (clkbuf_1_0__f_net186/A clkbuf_1_1__f_net189/A 0) on net clknet_0_net189 is discarded because the value cannot be <= 0 (PARA-040)
Warning: Coupling capacitor (clkbuf_1_1__f_net186/A clkbuf_1_1__f_net189/A 0) on net clknet_0_net189 is discarded because the value cannot be <= 0 (PARA-040)
Note - message 'PARA-040' default limit (100) exceeded.  Remainder will be suppressed.
Warning: Net 'net120' is multi-driven. (DES-023)
Warning: Net 'net146' is multi-driven. (DES-023)
Warning: Net 'net154' is multi-driven. (DES-023)
Warning: Net 'net268' is multi-driven. (DES-023)
Warning: Net 'net339' is multi-driven. (DES-023)
Warning: Net 'net497' is multi-driven. (DES-023)
Warning: Net 'net618' is multi-driven. (DES-023)
Warning: Net 'net62' is multi-driven. (DES-023)
Warning: Net 'net628' is multi-driven. (DES-023)
Warning: Net 'net654' is multi-driven. (DES-023)
Warning: Net 'net707' is multi-driven. (DES-023)

****************************************
Report : read_parasitics /nas/ei/home/ge78pav/TM_power/TM_openlane/TM_openlane_single_max/TM_openlane_max_anb/TM_openlane_max_anb_min/netlist_1/low/spef/netlist_1.nom.spef
Design : netlist_1
Version: Q-2019.12-SP1
Date   : Mon Aug 19 17:20:04 2024
****************************************

        0 error(s)
        Format is SPEF
        Annotated nets                   :         1707
        Annotated capacitances           :        11403
        Annotated resistances            :         9696
        Reduced coupling capacitances    :        19472
        Annotated PI models              :            0
        Annotated Elmore delays          :            0

