Information: Derived library resistance unit is 1.000000 Kohm (Time unit is 1 ns, and Capacitance unit is 1.000000 pF). (DES-028)
Warning: Detected semantically incorrect SPEF in coupling section. (PARA-098)
Warning: Coupling capacitor (in10:13 in11:13 0) on net in11 is discarded because the value cannot be <= 0 (PARA-040)
Warning: Coupling capacitor (input10/A ANTENNA_input15_A/DIODE 0) on net in21 is discarded because the value cannot be <= 0 (PARA-040)
Warning: Coupling capacitor (in30:11 in32:11 0) on net in32 is discarded because the value cannot be <= 0 (PARA-040)
Warning: Coupling capacitor (in32:11 input29/A 0) on net in34 is discarded because the value cannot be <= 0 (PARA-040)
Warning: Coupling capacitor (in31:11 in36:13 0) on net in36 is discarded because the value cannot be <= 0 (PARA-040)
Warning: Coupling capacitor (in30:11 in44:11 0) on net in44 is discarded because the value cannot be <= 0 (PARA-040)
Warning: Coupling capacitor (in35:11 in44:11 0) on net in44 is discarded because the value cannot be <= 0 (PARA-040)
Warning: Coupling capacitor (in45:7 in47:9 0) on net in47 is discarded because the value cannot be <= 0 (PARA-040)
Warning: Coupling capacitor (in47:9 in48:7 0) on net in48 is discarded because the value cannot be <= 0 (PARA-040)
Warning: Coupling capacitor (in39:11 in50:11 0) on net in50 is discarded because the value cannot be <= 0 (PARA-040)
Warning: Coupling capacitor (in35:11 in51:11 0) on net in51 is discarded because the value cannot be <= 0 (PARA-040)
Warning: Coupling capacitor (in39:11 in51:11 0) on net in51 is discarded because the value cannot be <= 0 (PARA-040)
Warning: Coupling capacitor (input49/A input51/A 0) on net in54 is discarded because the value cannot be <= 0 (PARA-040)
Warning: Coupling capacitor (in52:7 in54:7 0) on net in54 is discarded because the value cannot be <= 0 (PARA-040)
Warning: Coupling capacitor (in48:7 ANTENNA_input53_A/DIODE 0) on net in56 is discarded because the value cannot be <= 0 (PARA-040)
Warning: Coupling capacitor (in48:7 in56:5 0) on net in56 is discarded because the value cannot be <= 0 (PARA-040)
Warning: Coupling capacitor (in23:11 in60:11 0) on net in60 is discarded because the value cannot be <= 0 (PARA-040)
Warning: Coupling capacitor (input52/A input62/A 0) on net in64 is discarded because the value cannot be <= 0 (PARA-040)
Warning: Coupling capacitor (input60/A input62/A 0) on net in64 is discarded because the value cannot be <= 0 (PARA-040)
Warning: Coupling capacitor (in55:7 in64:7 0) on net in64 is discarded because the value cannot be <= 0 (PARA-040)
Warning: Coupling capacitor (in62:7 in64:7 0) on net in64 is discarded because the value cannot be <= 0 (PARA-040)
Warning: Coupling capacitor (in41:11 in65:11 0) on net in65 is discarded because the value cannot be <= 0 (PARA-040)
Warning: Coupling capacitor (in68:9 in69:13 0) on net in69 is discarded because the value cannot be <= 0 (PARA-040)
Warning: Coupling capacitor (in61:7 ANTENNA_input71_A/DIODE 0) on net in72 is discarded because the value cannot be <= 0 (PARA-040)
Warning: Coupling capacitor (in68:9 in72:13 0) on net in72 is discarded because the value cannot be <= 0 (PARA-040)
Warning: Coupling capacitor (input64/A input75/A 0) on net in76 is discarded because the value cannot be <= 0 (PARA-040)
Warning: Coupling capacitor (in66:7 in76:7 0) on net in76 is discarded because the value cannot be <= 0 (PARA-040)
Warning: Coupling capacitor (input72/A input76/A 0) on net in77 is discarded because the value cannot be <= 0 (PARA-040)
Warning: Coupling capacitor (input75/A input76/A 0) on net in77 is discarded because the value cannot be <= 0 (PARA-040)
Warning: Coupling capacitor (in73:7 in77:7 0) on net in77 is discarded because the value cannot be <= 0 (PARA-040)
Warning: Coupling capacitor (in76:7 in77:7 0) on net in77 is discarded because the value cannot be <= 0 (PARA-040)
Warning: Coupling capacitor (input72/A input77/A 0) on net in78 is discarded because the value cannot be <= 0 (PARA-040)
Warning: Coupling capacitor (input74/A input77/A 0) on net in78 is discarded because the value cannot be <= 0 (PARA-040)
Warning: Coupling capacitor (in73:7 in78:7 0) on net in78 is discarded because the value cannot be <= 0 (PARA-040)
Warning: Coupling capacitor (in75:7 in78:7 0) on net in78 is discarded because the value cannot be <= 0 (PARA-040)
Warning: Coupling capacitor (input55/A input78/A 0) on net in79 is discarded because the value cannot be <= 0 (PARA-040)
Warning: Coupling capacitor (input64/A input78/A 0) on net in79 is discarded because the value cannot be <= 0 (PARA-040)
Warning: Coupling capacitor (in58:7 in79:7 0) on net in79 is discarded because the value cannot be <= 0 (PARA-040)
Warning: Coupling capacitor (in66:7 in79:7 0) on net in79 is discarded because the value cannot be <= 0 (PARA-040)
Warning: Coupling capacitor (input74/A input80/A 0) on net in80 is discarded because the value cannot be <= 0 (PARA-040)
Warning: Coupling capacitor (in75:7 in80:7 0) on net in80 is discarded because the value cannot be <= 0 (PARA-040)
Warning: Coupling capacitor (in54:7 in81:7 0) on net in81 is discarded because the value cannot be <= 0 (PARA-040)
Warning: Coupling capacitor (in56:5 in81:7 0) on net in81 is discarded because the value cannot be <= 0 (PARA-040)
Warning: Coupling capacitor (in61:7 in82:9 0) on net in82 is discarded because the value cannot be <= 0 (PARA-040)
Warning: Coupling capacitor (in67:7 ANTENNA_input82_A/DIODE 0) on net in82 is discarded because the value cannot be <= 0 (PARA-040)
Warning: Coupling capacitor (input49/A input85/A 0) on net in85 is discarded because the value cannot be <= 0 (PARA-040)
Warning: Coupling capacitor (input60/A input85/A 0) on net in85 is discarded because the value cannot be <= 0 (PARA-040)
Warning: Coupling capacitor (in52:7 in85:7 0) on net in85 is discarded because the value cannot be <= 0 (PARA-040)
Warning: Coupling capacitor (in62:7 in85:7 0) on net in85 is discarded because the value cannot be <= 0 (PARA-040)
Warning: Coupling capacitor (input82/A in86:7 0) on net in86 is discarded because the value cannot be <= 0 (PARA-040)
Warning: Coupling capacitor (in82:9 in86:7 0) on net in86 is discarded because the value cannot be <= 0 (PARA-040)
Warning: Coupling capacitor (input52/A input87/A 0) on net in87 is discarded because the value cannot be <= 0 (PARA-040)
Warning: Coupling capacitor (input55/A input87/A 0) on net in87 is discarded because the value cannot be <= 0 (PARA-040)
Warning: Coupling capacitor (in55:7 in87:7 0) on net in87 is discarded because the value cannot be <= 0 (PARA-040)
Warning: Coupling capacitor (in58:7 in87:7 0) on net in87 is discarded because the value cannot be <= 0 (PARA-040)
Warning: Coupling capacitor (in83:9 in88:7 0) on net in88 is discarded because the value cannot be <= 0 (PARA-040)
Warning: Coupling capacitor (in86:7 in89:7 0) on net in89 is discarded because the value cannot be <= 0 (PARA-040)
Warning: Coupling capacitor (in88:7 in90:11 0) on net in90 is discarded because the value cannot be <= 0 (PARA-040)
Warning: Coupling capacitor (in84:13 input92/A 0) on net in91 is discarded because the value cannot be <= 0 (PARA-040)
Warning: Coupling capacitor (in84:13 in91:7 0) on net in91 is discarded because the value cannot be <= 0 (PARA-040)
Warning: Coupling capacitor (in49:17 in92:5 0) on net in92 is discarded because the value cannot be <= 0 (PARA-040)
Warning: Coupling capacitor (in74:9 in92:5 0) on net in92 is discarded because the value cannot be <= 0 (PARA-040)
Warning: Coupling capacitor (in69:13 in93:11 0) on net in93 is discarded because the value cannot be <= 0 (PARA-040)
Warning: Coupling capacitor (in70:9 in93:11 0) on net in93 is discarded because the value cannot be <= 0 (PARA-040)
Warning: Coupling capacitor (in71:17 in93:11 0) on net in93 is discarded because the value cannot be <= 0 (PARA-040)
Warning: Coupling capacitor (ANTENNA_input71_A/DIODE in94:7 0) on net in94 is discarded because the value cannot be <= 0 (PARA-040)
Warning: Coupling capacitor (in90:11 in94:7 0) on net in94 is discarded because the value cannot be <= 0 (PARA-040)
Warning: Coupling capacitor (in80:7 in95:7 0) on net in95 is discarded because the value cannot be <= 0 (PARA-040)
Warning: Coupling capacitor (in83:9 in95:7 0) on net in95 is discarded because the value cannot be <= 0 (PARA-040)
Warning: Coupling capacitor (input92/A in96:13 0) on net in96 is discarded because the value cannot be <= 0 (PARA-040)
Warning: Coupling capacitor (in71:17 in96:13 0) on net in96 is discarded because the value cannot be <= 0 (PARA-040)
Warning: Coupling capacitor (in91:7 in96:13 0) on net in96 is discarded because the value cannot be <= 0 (PARA-040)
Warning: Coupling capacitor (in61:7 in97:9 0) on net in97 is discarded because the value cannot be <= 0 (PARA-040)
Warning: Coupling capacitor (in72:13 in97:9 0) on net in97 is discarded because the value cannot be <= 0 (PARA-040)
Warning: Coupling capacitor (ANTENNA_input98_A/DIODE ANTENNA_input99_A/DIODE 0) on net in98 is discarded because the value cannot be <= 0 (PARA-040)
Warning: Coupling capacitor (in67:7 in98:9 0) on net in98 is discarded because the value cannot be <= 0 (PARA-040)
Warning: Coupling capacitor (in88:7 ANTENNA_input99_A/DIODE 0) on net in98 is discarded because the value cannot be <= 0 (PARA-040)
Warning: Coupling capacitor (in89:7 in98:9 0) on net in98 is discarded because the value cannot be <= 0 (PARA-040)
Warning: Coupling capacitor (input99/A ANTENNA_input100_A/DIODE 0) on net in99 is discarded because the value cannot be <= 0 (PARA-040)
Warning: Coupling capacitor (in67:7 in99:7 0) on net in99 is discarded because the value cannot be <= 0 (PARA-040)
Warning: Coupling capacitor (in94:7 in99:7 0) on net in99 is discarded because the value cannot be <= 0 (PARA-040)
Warning: Coupling capacitor (out0 out15 0) on net out15 is discarded because the value cannot be <= 0 (PARA-040)
Warning: Coupling capacitor (out22 out4 0) on net out4 is discarded because the value cannot be <= 0 (PARA-040)
Warning: Coupling capacitor (out50 out55 0) on net out55 is discarded because the value cannot be <= 0 (PARA-040)
Warning: Coupling capacitor (clk:17 out72 0) on net out72 is discarded because the value cannot be <= 0 (PARA-040)
Warning: Coupling capacitor (input93/A clknet_0_net128:22 0) on net clknet_0_net128 is discarded because the value cannot be <= 0 (PARA-040)
Warning: Coupling capacitor (in84:13 clknet_0_net128:22 0) on net clknet_0_net128 is discarded because the value cannot be <= 0 (PARA-040)
Warning: Coupling capacitor (input92/A clknet_0_net129:28 0) on net clknet_0_net129 is discarded because the value cannot be <= 0 (PARA-040)
Warning: Coupling capacitor (input93/A clknet_0_net129:28 0) on net clknet_0_net129 is discarded because the value cannot be <= 0 (PARA-040)
Warning: Coupling capacitor (in71:17 clknet_0_net129:28 0) on net clknet_0_net129 is discarded because the value cannot be <= 0 (PARA-040)
Warning: Coupling capacitor (clkbuf_1_0__f_net130/A clkbuf_1_1__f_net131/A 0) on net clknet_0_net131 is discarded because the value cannot be <= 0 (PARA-040)
Warning: Coupling capacitor (clknet_0_net137:14 clkbuf_1_0__f_net139/A 0) on net clknet_0_net139 is discarded because the value cannot be <= 0 (PARA-040)
Warning: Coupling capacitor (clkbuf_1_1__f_net179/A clkbuf_1_1__f_net188/A 0) on net clknet_0_net188 is discarded because the value cannot be <= 0 (PARA-040)
Warning: Coupling capacitor (clkbuf_1_0__f_net184/A clkbuf_1_1__f_net191/A 0) on net clknet_0_net191 is discarded because the value cannot be <= 0 (PARA-040)
Warning: Coupling capacitor (clkbuf_1_0__f_net184/A clkbuf_1_0__f_net194/A 0) on net clknet_0_net194 is discarded because the value cannot be <= 0 (PARA-040)
Warning: Coupling capacitor (clknet_0_net184:10 clkbuf_1_0__f_net194/A 0) on net clknet_0_net194 is discarded because the value cannot be <= 0 (PARA-040)
Warning: Coupling capacitor (clknet_0_net184:10 clkbuf_1_1__f_net194/A 0) on net clknet_0_net194 is discarded because the value cannot be <= 0 (PARA-040)
Warning: Coupling capacitor (clkbuf_1_0__f_net207/A clkbuf_1_0__f_net208/A 0) on net clknet_0_net208 is discarded because the value cannot be <= 0 (PARA-040)
Warning: Coupling capacitor (clkbuf_1_0__f_net207/A clkbuf_1_1__f_net208/A 0) on net clknet_0_net208 is discarded because the value cannot be <= 0 (PARA-040)
Warning: Coupling capacitor (clknet_0_clk:22 clkbuf_1_0__f_net212/A 0) on net clknet_0_net212 is discarded because the value cannot be <= 0 (PARA-040)
Note - message 'PARA-040' default limit (100) exceeded.  Remainder will be suppressed.
Warning: Net 'net120' is multi-driven. (DES-023)
Warning: Net 'net146' is multi-driven. (DES-023)
Warning: Net 'net154' is multi-driven. (DES-023)
Warning: Net 'net268' is multi-driven. (DES-023)
Warning: Net 'net339' is multi-driven. (DES-023)
Warning: Net 'net497' is multi-driven. (DES-023)
Warning: Net 'net618' is multi-driven. (DES-023)
Warning: Net 'net62' is multi-driven. (DES-023)
Warning: Net 'net628' is multi-driven. (DES-023)
Warning: Net 'net654' is multi-driven. (DES-023)
Warning: Net 'net707' is multi-driven. (DES-023)

****************************************
Report : read_parasitics /nas/ei/home/ge78pav/TM_power/TM_openlane/TM_openlane_single_max/TM_openlane_max_anb/TM_openlane_max_anb_min/netlist_0/high/spef/netlist_0.nom.spef
Design : netlist_0
Version: Q-2019.12-SP1
Date   : Mon Aug 19 17:03:52 2024
****************************************

        0 error(s)
        Format is SPEF
        Annotated nets                   :         1705
        Annotated capacitances           :        11499
        Annotated resistances            :         9794
        Reduced coupling capacitances    :        20198
        Annotated PI models              :            0
        Annotated Elmore delays          :            0

