Information: Derived library resistance unit is 1.000000 Kohm (Time unit is 1 ns, and Capacitance unit is 1.000000 pF). (DES-028)
Warning: Detected semantically incorrect SPEF in coupling section. (PARA-098)
Warning: Coupling capacitor (in13:9 in20:13 0) on net in20 is discarded because the value cannot be <= 0 (PARA-040)
Warning: Coupling capacitor (in14:7 in21:13 0) on net in21 is discarded because the value cannot be <= 0 (PARA-040)
Warning: Coupling capacitor (in1:13 in23:13 0) on net in23 is discarded because the value cannot be <= 0 (PARA-040)
Warning: Coupling capacitor (in2:7 in25:5 0) on net in25 is discarded because the value cannot be <= 0 (PARA-040)
Warning: Coupling capacitor (ANTENNA_input19_A/DIODE ANTENNA_input20_A/DIODE 0) on net in26 is discarded because the value cannot be <= 0 (PARA-040)
Warning: Coupling capacitor (ANTENNA_input19_A/DIODE in26:5 0) on net in26 is discarded because the value cannot be <= 0 (PARA-040)
Warning: Coupling capacitor (in25:5 in26:5 0) on net in26 is discarded because the value cannot be <= 0 (PARA-040)
Warning: Coupling capacitor (in26:5 in29:7 0) on net in29 is discarded because the value cannot be <= 0 (PARA-040)
Warning: Coupling capacitor (in24:13 in3:13 0) on net in3 is discarded because the value cannot be <= 0 (PARA-040)
Warning: Coupling capacitor (input3/A input25/A 0) on net in30 is discarded because the value cannot be <= 0 (PARA-040)
Warning: Coupling capacitor (in10:7 in30:7 0) on net in30 is discarded because the value cannot be <= 0 (PARA-040)
Warning: Coupling capacitor (in29:7 in30:7 0) on net in30 is discarded because the value cannot be <= 0 (PARA-040)
Warning: Coupling capacitor (in32:9 in33:5 0) on net in33 is discarded because the value cannot be <= 0 (PARA-040)
Warning: Coupling capacitor (input16/A input29/A 0) on net in34 is discarded because the value cannot be <= 0 (PARA-040)
Warning: Coupling capacitor (in22:7 in34:7 0) on net in34 is discarded because the value cannot be <= 0 (PARA-040)
Warning: Coupling capacitor (input3/A input31/A 0) on net in36 is discarded because the value cannot be <= 0 (PARA-040)
Warning: Coupling capacitor (in10:7 in36:7 0) on net in36 is discarded because the value cannot be <= 0 (PARA-040)
Warning: Coupling capacitor (input31/A input33/A 0) on net in38 is discarded because the value cannot be <= 0 (PARA-040)
Warning: Coupling capacitor (in36:7 in38:7 0) on net in38 is discarded because the value cannot be <= 0 (PARA-040)
Warning: Coupling capacitor (ANTENNA_input28_A/DIODE ANTENNA_input34_A/DIODE 0) on net in39 is discarded because the value cannot be <= 0 (PARA-040)
Warning: Coupling capacitor (in33:5 in39:5 0) on net in39 is discarded because the value cannot be <= 0 (PARA-040)
Warning: Coupling capacitor (input27/A input37/A 0) on net in41 is discarded because the value cannot be <= 0 (PARA-040)
Warning: Coupling capacitor (input33/A input37/A 0) on net in41 is discarded because the value cannot be <= 0 (PARA-040)
Warning: Coupling capacitor (in32:9 in41:7 0) on net in41 is discarded because the value cannot be <= 0 (PARA-040)
Warning: Coupling capacitor (in38:7 in41:7 0) on net in41 is discarded because the value cannot be <= 0 (PARA-040)
Warning: Coupling capacitor (input22/A input39/A 0) on net in43 is discarded because the value cannot be <= 0 (PARA-040)
Warning: Coupling capacitor (in28:7 in43:9 0) on net in43 is discarded because the value cannot be <= 0 (PARA-040)
Warning: Coupling capacitor (in39:5 in43:9 0) on net in43 is discarded because the value cannot be <= 0 (PARA-040)
Warning: Coupling capacitor (input22/A input40/A 0) on net in44 is discarded because the value cannot be <= 0 (PARA-040)
Warning: Coupling capacitor (in28:7 in44:7 0) on net in44 is discarded because the value cannot be <= 0 (PARA-040)
Warning: Coupling capacitor (in27:7 in45:7 0) on net in45 is discarded because the value cannot be <= 0 (PARA-040)
Warning: Coupling capacitor (in34:7 in48:7 0) on net in48 is discarded because the value cannot be <= 0 (PARA-040)
Warning: Coupling capacitor (in45:7 in48:7 0) on net in48 is discarded because the value cannot be <= 0 (PARA-040)
Warning: Coupling capacitor (in46:11 in49:7 0) on net in49 is discarded because the value cannot be <= 0 (PARA-040)
Warning: Coupling capacitor (in51:9 in52:5 0) on net in52 is discarded because the value cannot be <= 0 (PARA-040)
Warning: Coupling capacitor (input45/A input50/A 0) on net in53 is discarded because the value cannot be <= 0 (PARA-040)
Warning: Coupling capacitor (input47/A input50/A 0) on net in53 is discarded because the value cannot be <= 0 (PARA-040)
Warning: Coupling capacitor (in49:7 in53:7 0) on net in53 is discarded because the value cannot be <= 0 (PARA-040)
Warning: Coupling capacitor (in50:7 in53:7 0) on net in53 is discarded because the value cannot be <= 0 (PARA-040)
Warning: Coupling capacitor (input38/A input51/A 0) on net in54 is discarded because the value cannot be <= 0 (PARA-040)
Warning: Coupling capacitor (in42:7 in54:7 0) on net in54 is discarded because the value cannot be <= 0 (PARA-040)
Warning: Coupling capacitor (input38/A input53/A 0) on net in56 is discarded because the value cannot be <= 0 (PARA-040)
Warning: Coupling capacitor (input40/A input53/A 0) on net in56 is discarded because the value cannot be <= 0 (PARA-040)
Warning: Coupling capacitor (in42:7 in56:7 0) on net in56 is discarded because the value cannot be <= 0 (PARA-040)
Warning: Coupling capacitor (in44:7 in56:7 0) on net in56 is discarded because the value cannot be <= 0 (PARA-040)
Warning: Coupling capacitor (ANTENNA_input49_A/DIODE ANTENNA_input54_A/DIODE 0) on net in57 is discarded because the value cannot be <= 0 (PARA-040)
Warning: Coupling capacitor (in52:5 in57:5 0) on net in57 is discarded because the value cannot be <= 0 (PARA-040)
Warning: Coupling capacitor (input16/A input55/A 0) on net in58 is discarded because the value cannot be <= 0 (PARA-040)
Warning: Coupling capacitor (input51/A input55/A 0) on net in58 is discarded because the value cannot be <= 0 (PARA-040)
Warning: Coupling capacitor (in22:7 in58:7 0) on net in58 is discarded because the value cannot be <= 0 (PARA-040)
Warning: Coupling capacitor (in54:7 in58:7 0) on net in58 is discarded because the value cannot be <= 0 (PARA-040)
Warning: Coupling capacitor (in50:7 in59:9 0) on net in59 is discarded because the value cannot be <= 0 (PARA-040)
Warning: Coupling capacitor (ANTENNA_input42_A/DIODE in60:9 0) on net in60 is discarded because the value cannot be <= 0 (PARA-040)
Warning: Coupling capacitor (in27:7 in60:9 0) on net in60 is discarded because the value cannot be <= 0 (PARA-040)
Warning: Coupling capacitor (in46:11 in60:9 0) on net in60 is discarded because the value cannot be <= 0 (PARA-040)
Warning: Coupling capacitor (in61:7 in9:5 0) on net in9 is discarded because the value cannot be <= 0 (PARA-040)
Warning: Coupling capacitor (in47:9 out0 0) on net out0 is discarded because the value cannot be <= 0 (PARA-040)
Warning: Coupling capacitor (in31:11 out10 0) on net out10 is discarded because the value cannot be <= 0 (PARA-040)
Warning: Coupling capacitor (in55:7 out11 0) on net out11 is discarded because the value cannot be <= 0 (PARA-040)
Warning: Coupling capacitor (in13:9 out13 0) on net out13 is discarded because the value cannot be <= 0 (PARA-040)
Warning: Coupling capacitor (out12 out15 0) on net out15 is discarded because the value cannot be <= 0 (PARA-040)
Warning: Coupling capacitor (out0 out16 0) on net out16 is discarded because the value cannot be <= 0 (PARA-040)
Warning: Coupling capacitor (in61:7 out16 0) on net out16 is discarded because the value cannot be <= 0 (PARA-040)
Warning: Coupling capacitor (out12 out18 0) on net out18 is discarded because the value cannot be <= 0 (PARA-040)
Warning: Coupling capacitor (out23 out30 0) on net out30 is discarded because the value cannot be <= 0 (PARA-040)
Warning: Coupling capacitor (in47:9 out31 0) on net out31 is discarded because the value cannot be <= 0 (PARA-040)
Warning: Coupling capacitor (in59:9 out31 0) on net out31 is discarded because the value cannot be <= 0 (PARA-040)
Warning: Coupling capacitor (out19 out35 0) on net out35 is discarded because the value cannot be <= 0 (PARA-040)
Warning: Coupling capacitor (out23 out37 0) on net out37 is discarded because the value cannot be <= 0 (PARA-040)
Warning: Coupling capacitor (in57:5 out37 0) on net out37 is discarded because the value cannot be <= 0 (PARA-040)
Warning: Coupling capacitor (in17:7 out4 0) on net out4 is discarded because the value cannot be <= 0 (PARA-040)
Warning: Coupling capacitor (out25 out41 0) on net out41 is discarded because the value cannot be <= 0 (PARA-040)
Warning: Coupling capacitor (out32 out41 0) on net out41 is discarded because the value cannot be <= 0 (PARA-040)
Warning: Coupling capacitor (out14 out44 0) on net out44 is discarded because the value cannot be <= 0 (PARA-040)
Warning: Coupling capacitor (out28 out47 0) on net out47 is discarded because the value cannot be <= 0 (PARA-040)
Warning: Coupling capacitor (out18 out49 0) on net out49 is discarded because the value cannot be <= 0 (PARA-040)
Warning: Coupling capacitor (out17 out5 0) on net out5 is discarded because the value cannot be <= 0 (PARA-040)
Warning: Coupling capacitor (out30 out50 0) on net out50 is discarded because the value cannot be <= 0 (PARA-040)
Warning: Coupling capacitor (out49 out51 0) on net out51 is discarded because the value cannot be <= 0 (PARA-040)
Warning: Coupling capacitor (out50 out51 0) on net out51 is discarded because the value cannot be <= 0 (PARA-040)
Warning: Coupling capacitor (out39 out53 0) on net out53 is discarded because the value cannot be <= 0 (PARA-040)
Warning: Coupling capacitor (out24 out54 0) on net out54 is discarded because the value cannot be <= 0 (PARA-040)
Warning: Coupling capacitor (in9:5 out56 0) on net out56 is discarded because the value cannot be <= 0 (PARA-040)
Warning: Coupling capacitor (out47 out57 0) on net out57 is discarded because the value cannot be <= 0 (PARA-040)
Warning: Coupling capacitor (out39 out58 0) on net out58 is discarded because the value cannot be <= 0 (PARA-040)
Warning: Coupling capacitor (out28 out59 0) on net out59 is discarded because the value cannot be <= 0 (PARA-040)
Warning: Coupling capacitor (out53 out6 0) on net out6 is discarded because the value cannot be <= 0 (PARA-040)
Warning: Coupling capacitor (out57 out6 0) on net out6 is discarded because the value cannot be <= 0 (PARA-040)
Warning: Coupling capacitor (out44 out7 0) on net out7 is discarded because the value cannot be <= 0 (PARA-040)
Warning: Coupling capacitor (out13 out8 0) on net out8 is discarded because the value cannot be <= 0 (PARA-040)
Warning: Coupling capacitor (out15 out9 0) on net out9 is discarded because the value cannot be <= 0 (PARA-040)
Warning: Coupling capacitor (out58 out9 0) on net out9 is discarded because the value cannot be <= 0 (PARA-040)
Warning: Coupling capacitor (clkbuf_1_0__f_net118/A clkbuf_1_0__f_net130/A 0) on net clknet_0_net130 is discarded because the value cannot be <= 0 (PARA-040)
Warning: Coupling capacitor (clkbuf_1_0__f_net118/A c193/A2 0) on net clknet_1_0__leaf_net131 is discarded because the value cannot be <= 0 (PARA-040)
Warning: Coupling capacitor (clknet_0_net966:34 clknet_1_0__leaf_net379:12 0) on net clknet_1_0__leaf_net379 is discarded because the value cannot be <= 0 (PARA-040)
Warning: Coupling capacitor (clkbuf_1_1__f_net164/A c502/A0 0) on net clknet_1_0__leaf_net407 is discarded because the value cannot be <= 0 (PARA-040)
Warning: Coupling capacitor (clkbuf_1_1__f_net164/A clknet_1_0__leaf_net407:10 0) on net clknet_1_0__leaf_net407 is discarded because the value cannot be <= 0 (PARA-040)
Warning: Coupling capacitor (clkbuf_1_0__f_net404/A clknet_1_0__leaf_net409:93 0) on net clknet_1_0__leaf_net409 is discarded because the value cannot be <= 0 (PARA-040)
Warning: Coupling capacitor (clkbuf_1_1__f_net404/A clknet_1_0__leaf_net409:93 0) on net clknet_1_0__leaf_net409 is discarded because the value cannot be <= 0 (PARA-040)
Warning: Coupling capacitor (clkbuf_1_0__f_net605/A c741/S0 0) on net clknet_1_0__leaf_net884 is discarded because the value cannot be <= 0 (PARA-040)
Note - message 'PARA-040' default limit (100) exceeded.  Remainder will be suppressed.
Warning: Net 'net305' is multi-driven. (DES-023)

****************************************
Report : read_parasitics /nas/ei/home/ge78pav/TM_power/TM_openlane/TM_openlane_single_mid/TM_openlane_mid_ato/TM_openlane_mid_ato_min/netlist_1/low/spef/netlist_1_post_par_nom.spef
Design : netlist_1
Version: Q-2019.12-SP1
Date   : Fri Aug  9 23:12:46 2024
****************************************

        0 error(s)
        Format is SPEF
        Annotated nets                   :         1470
        Annotated capacitances           :        10905
        Annotated resistances            :         9435
        Reduced coupling capacitances    :        18786
        Annotated PI models              :            0
        Annotated Elmore delays          :            0

