****************************************
Report : Averaged Power
	-net_power
	-hierarchy
	-sort_by net_switching_power
	-power_greater_than       0
	-nosplit
Design : netlist_0
Version: Q-2019.12-SP1
Date   : Wed Aug 21 02:48:37 2024
****************************************



  Attributes
  ----------
      a  -  Switching activity information / Switching power information annotated on net
      p  -  Propagated switching activity information on net
      d  -  Default switching activity used on net
      u  -  Net switching activity uninitialized
      m  -  Net is driven by multiple pins
      b  -  Net is a primary input (boundary net)

		Toggle rates reported with respect to time unit 1ns
--------------------------------------------------------------------------------
                                  Total      Static   Toggle   Switching
Net                         Vdd   Net Load   Prob.    Rate     Power      Attrs
--------------------------------------------------------------------------------
net755                      1.80    0.123    0.500    0.1000   1.998e-05  a
net774                      1.80    0.110    0.500    0.1000   1.785e-05  a
net754                      1.80    0.106    0.500    0.1000   1.712e-05  a
net764                      1.80    0.105    0.500    0.1000   1.698e-05  a
net803                      1.80    0.104    0.500    0.1000   1.685e-05  a
clknet_2_1__leaf_clk        1.80    0.100    0.500    0.1000   1.617e-05  a
net756                      1.80    0.099    0.500    0.1000   1.609e-05  a
clknet_2_2__leaf_clk        1.80    0.098    0.500    0.1000   1.581e-05  a
net767                      1.80    0.097    0.500    0.1000   1.564e-05  a
net760                      1.80    0.096    0.500    0.1000   1.549e-05  a
clknet_2_3__leaf_clk        1.80    0.095    0.500    0.1000   1.544e-05  a
net757                      1.80    0.093    0.500    0.1000   1.513e-05  a
net12                       1.80    0.095    0.264    0.0986   1.510e-05  p
net761                      1.80    0.091    0.500    0.1000   1.481e-05  a
net773                      1.80    0.091    0.500    0.1000   1.476e-05  a
net768                      1.80    0.089    0.500    0.1000   1.450e-05  a
net1                        1.80    0.088    0.500    0.1000   1.427e-05  a
net759                      1.80    0.088    0.500    0.1000   1.425e-05  a
clknet_0_clk                1.80    0.085    0.500    0.1000   1.379e-05  a
net8                        1.80    0.083    0.500    0.1000   1.351e-05  a
net778                      1.80    0.082    0.500    0.1000   1.326e-05  a
net765                      1.80    0.081    0.500    0.1000   1.311e-05  a
net776                      1.80    0.080    0.500    0.1000   1.295e-05  a
net127                      1.80    0.084    0.251    0.0947   1.286e-05  p
net804                      1.80    0.079    0.500    0.1000   1.278e-05  a
net775                      1.80    0.077    0.500    0.1000   1.241e-05  a
net763                      1.80    0.076    0.500    0.1000   1.236e-05  a
net514                      1.80    0.075    0.250    0.1012   1.233e-05  p
net769                      1.80    0.075    0.500    0.1000   1.214e-05  a
clknet_2_0__leaf_clk        1.80    0.074    0.500    0.1000   1.203e-05  a
net758                      1.80    0.072    0.500    0.1000   1.173e-05  a
net770                      1.80    0.071    0.500    0.1000   1.156e-05  a
net121                      1.80    0.070    0.245    0.0978   1.107e-05  p
net143                      1.80    0.070    0.250    0.0961   1.084e-05  p
net28                       1.80    0.067    0.500    0.1000   1.078e-05  a
net120                      1.80    0.069    0.250    0.0961   1.068e-05  p
net246                      1.80    0.065    0.245    0.0978   1.030e-05  p
net141                      1.80    0.062    0.500    0.1000   1.004e-05  a
net762                      1.80    0.060    0.500    0.1000   9.797e-06  a
clknet_leaf_28_clk          1.80    0.059    0.500    0.1000   9.611e-06  a
net772                      1.80    0.059    0.500    0.1000   9.481e-06  a
net766                      1.80    0.058    0.500    0.1000   9.477e-06  a
net13                       1.80    0.075    0.126    0.0743   9.081e-06  p
net771                      1.80    0.055    0.500    0.1000   8.935e-06  a
net126                      1.80    0.056    0.250    0.0969   8.732e-06  p
net124                      1.80    0.075    0.119    0.0704   8.517e-06  p
net139                      1.80    0.052    0.500    0.1000   8.452e-06  a
net22                       1.80    0.050    0.252    0.0997   8.144e-06  p
net389                      1.80    0.046    0.500    0.1000   7.487e-06  a
net157                      1.80    0.085    0.116    0.0535   7.364e-06  p
net147                      1.80    0.047    0.243    0.0951   7.253e-06  p
net27                       1.80    0.044    0.500    0.1000   7.159e-06  a
net24                       1.80    0.043    0.500    0.1000   7.029e-06  a
net128                      1.80    0.061    0.119    0.0704   7.000e-06  p
clknet_leaf_10_clk          1.80    0.043    0.500    0.1000   6.982e-06  a
clknet_leaf_14_clk          1.80    0.043    0.500    0.1000   6.923e-06  a
net2                        1.80    0.043    0.500    0.1000   6.892e-06  a
net7                        1.80    0.055    0.127    0.0731   6.470e-06  p
net3                        1.80    0.039    0.500    0.1000   6.379e-06  a
clknet_leaf_32_clk          1.80    0.039    0.500    0.1000   6.347e-06  a
clknet_leaf_3_clk           1.80    0.039    0.500    0.1000   6.341e-06  a
clknet_leaf_20_clk          1.80    0.039    0.500    0.1000   6.286e-06  a
clknet_leaf_30_clk          1.80    0.038    0.500    0.1000   6.201e-06  a
net146                      1.80    0.038    0.252    0.1012   6.164e-06  p
net0                        1.80    0.038    0.500    0.1000   6.126e-06  a
clknet_leaf_12_clk          1.80    0.038    0.500    0.1000   6.087e-06  a
clknet_leaf_6_clk           1.80    0.038    0.500    0.1000   6.082e-06  a
net777                      1.80    0.037    0.500    0.1000   6.075e-06  a
net9                        1.80    0.038    0.253    0.0987   6.055e-06  p
net31                       1.80    0.037    0.500    0.1000   6.044e-06  a
net4                        1.80    0.038    0.248    0.0981   6.026e-06  p
clknet_leaf_0_clk           1.80    0.037    0.500    0.1000   6.011e-06  a
clknet_leaf_31_clk          1.80    0.037    0.500    0.1000   5.988e-06  a
net119                      1.80    0.037    0.500    0.1000   5.973e-06  a
net386                      1.80    0.036    0.500    0.1000   5.877e-06  a
clknet_leaf_16_clk          1.80    0.036    0.500    0.1000   5.786e-06  a
net831                      1.80    0.036    0.500    0.1000   5.762e-06  a
net23                       1.80    0.035    0.500    0.1000   5.732e-06  a
clknet_leaf_7_clk           1.80    0.035    0.500    0.1000   5.718e-06  a
net144                      1.80    0.048    0.121    0.0725   5.636e-06  p
clknet_leaf_17_clk          1.80    0.035    0.500    0.1000   5.593e-06  a
clknet_leaf_33_clk          1.80    0.033    0.500    0.1000   5.364e-06  a
clknet_leaf_26_clk          1.80    0.033    0.500    0.1000   5.304e-06  a
net138                      1.80    0.033    0.500    0.1000   5.279e-06  a
net132                      1.80    0.069    0.080    0.0472   5.241e-06  p
net11                       1.80    0.032    0.252    0.1012   5.189e-06  p
net413                      1.80    0.035    0.239    0.0918   5.135e-06  p
net123                      1.80    0.061    0.066    0.0507   5.018e-06  p
net145                      1.80    0.031    0.500    0.1000   5.016e-06  a
clknet_leaf_13_clk          1.80    0.030    0.500    0.1000   4.900e-06  a
net29                       1.80    0.033    0.425    0.0913   4.881e-06  p
clknet_leaf_4_clk           1.80    0.030    0.500    0.1000   4.874e-06  a
net509                      1.80    0.031    0.245    0.0966   4.868e-06  p
clknet_leaf_9_clk           1.80    0.030    0.500    0.1000   4.848e-06  a
net49                       1.80    0.044    0.112    0.0676   4.802e-06  p
clknet_leaf_27_clk          1.80    0.030    0.500    0.1000   4.789e-06  a
clknet_leaf_22_clk          1.80    0.029    0.500    0.1000   4.762e-06  a
clknet_leaf_29_clk          1.80    0.029    0.500    0.1000   4.703e-06  a
net357                      1.80    0.034    0.788    0.0843   4.630e-06  p
clknet_leaf_8_clk           1.80    0.028    0.500    0.1000   4.590e-06  a
net32                       1.80    0.028    0.500    0.1000   4.573e-06  a
clknet_leaf_5_clk           1.80    0.028    0.500    0.1000   4.536e-06  a
net412                      1.80    0.029    0.235    0.0962   4.525e-06  p
clknet_leaf_25_clk          1.80    0.028    0.500    0.1000   4.517e-06  a
net249                      1.80    0.028    0.247    0.0983   4.482e-06  p
clknet_leaf_19_clk          1.80    0.028    0.500    0.1000   4.458e-06  a
clknet_leaf_21_clk          1.80    0.027    0.500    0.1000   4.388e-06  a
clknet_leaf_2_clk           1.80    0.027    0.500    0.1000   4.325e-06  a
clknet_leaf_18_clk          1.80    0.026    0.500    0.1000   4.263e-06  a
net116                      1.80    0.025    0.259    0.1030   4.102e-06  p
clknet_leaf_1_clk           1.80    0.025    0.500    0.1000   4.029e-06  a
net82                       1.80    0.028    0.201    0.0882   3.951e-06  p
clknet_leaf_23_clk          1.80    0.024    0.500    0.1000   3.860e-06  a
net182                      1.80    0.021    0.404    0.1116   3.859e-06  p
net805                      1.80    0.017    0.345    0.1348   3.790e-06  p
net512                      1.80    0.023    0.495    0.0998   3.736e-06  p
net384                      1.80    0.023    0.500    0.1000   3.654e-06  a
net722                      1.80    0.019    0.209    0.1186   3.645e-06  p
net381                      1.80    0.023    0.239    0.0967   3.634e-06  p
clknet_leaf_15_clk          1.80    0.022    0.500    0.1000   3.575e-06  a
net52                       1.80    0.023    0.251    0.0966   3.527e-06  p
net21                       1.80    0.022    0.500    0.1000   3.521e-06  a
net466                      1.80    0.022    0.247    0.0971   3.513e-06  p
net255                      1.80    0.021    0.500    0.1000   3.481e-06  a
clknet_1_0__leaf_net129     1.80    0.041    0.260    0.0524   3.474e-06  p
net122                      1.80    0.022    0.242    0.0981   3.458e-06  p
net785                      1.80    0.016    0.345    0.1348   3.443e-06  p
net83                       1.80    0.022    0.246    0.0970   3.397e-06  p
net117                      1.80    0.021    0.500    0.1000   3.354e-06  a
net93                       1.80    0.021    0.248    0.0971   3.345e-06  p
net10                       1.80    0.028    0.128    0.0732   3.284e-06  p
net44                       1.80    0.020    0.500    0.1000   3.168e-06  a
clknet_leaf_11_clk          1.80    0.019    0.500    0.1000   3.110e-06  a
net380                      1.80    0.020    0.239    0.0967   3.106e-06  p
clknet_1_0__leaf_net519     1.80    0.037    0.247    0.0519   3.090e-06  p
clknet_0_net129             1.80    0.036    0.260    0.0524   3.077e-06  p
clknet_1_1__leaf_net129     1.80    0.035    0.260    0.0524   2.941e-06  p
net115                      1.80    0.018    0.500    0.1000   2.930e-06  a
net129                      1.80    0.034    0.260    0.0524   2.921e-06  p
clknet_0_net308             1.80    0.020    0.617    0.0863   2.835e-06  p
clknet_leaf_24_clk          1.80    0.017    0.500    0.1000   2.829e-06  a
net430                      1.80    0.011    0.391    0.1603   2.804e-06  p
net5                        1.80    0.018    0.253    0.0987   2.802e-06  p
net736                      1.80    0.026    0.502    0.0667   2.792e-06  p
net796                      1.80    0.051    0.129    0.0335   2.773e-06  p
net282                      1.80    0.046    0.044    0.0370   2.747e-06  p
net118                      1.80    0.017    0.500    0.1000   2.738e-06  a
net42                       1.80    0.017    0.500    0.1000   2.735e-06  a
net273                      1.80    0.022    0.123    0.0742   2.676e-06  p
net195                      1.80    0.017    0.254    0.0985   2.665e-06  p
net6                        1.80    0.016    0.500    0.1000   2.651e-06  a
net257                      1.80    0.017    0.245    0.0974   2.648e-06  p
net308                      1.80    0.018    0.617    0.0863   2.556e-06  p
clknet_1_0__leaf_net150     1.80    0.038    0.075    0.0413   2.517e-06  p
net89                       1.80    0.021    0.114    0.0720   2.505e-06  p
net114                      1.80    0.015    0.500    0.1000   2.470e-06  a
net57                       1.80    0.021    0.124    0.0708   2.448e-06  p
net734                      1.80    0.023    0.169    0.0656   2.438e-06  p
net271                      1.80    0.048    0.847    0.0310   2.391e-06  p
net37                       1.80    0.078    0.082    0.0188   2.387e-06  p
net823                      1.80    0.015    0.500    0.1000   2.371e-06  a
clknet_1_0__leaf_net308     1.80    0.017    0.617    0.0863   2.324e-06  p
net51                       1.80    0.041    0.824    0.0348   2.300e-06  p
net550                      1.80    0.014    0.494    0.1019   2.280e-06  p
net16                       1.80    0.077    0.033    0.0179   2.232e-06  p
net675                      1.80    0.014    0.506    0.1008   2.214e-06  p
net385                      1.80    0.014    0.500    0.1000   2.191e-06  a
net642                      1.80    0.013    0.033    0.1010   2.188e-06  p
net783                      1.80    0.069    0.037    0.0193   2.166e-06  p
net76                       1.80    0.020    0.114    0.0675   2.136e-06  p
net410                      1.80    0.014    0.251    0.0947   2.133e-06  p
net735                      1.80    0.024    0.214    0.0540   2.057e-06  p
net180                      1.80    0.018    0.194    0.0711   2.037e-06  p
net663                      1.80    0.013    0.758    0.0956   2.031e-06  p
net150                      1.80    0.030    0.075    0.0413   2.022e-06  p
net67                       1.80    0.015    0.212    0.0843   2.000e-06  p
net41                       1.80    0.013    0.226    0.0939   2.000e-06  p
clknet_0_net519             1.80    0.024    0.247    0.0519   1.980e-06  p
net77                       1.80    0.012    0.408    0.0991   1.963e-06  p
net321                      1.80    0.066    0.257    0.0184   1.961e-06  p
net601                      1.80    0.011    0.722    0.1095   1.951e-06  p
net453                      1.80    0.013    0.328    0.0937   1.949e-06  p
net50                       1.80    0.012    0.253    0.0968   1.931e-06  p
net694                      1.80    0.012    0.565    0.1013   1.923e-06  p
net304                      1.80    0.035    0.073    0.0336   1.915e-06  p
clknet_0_net135             1.80    0.023    0.259    0.0515   1.900e-06  p
clknet_1_0__leaf_net135     1.80    0.023    0.259    0.0515   1.880e-06  p
net565                      1.80    0.011    0.750    0.1012   1.859e-06  p
net537                      1.80    0.011    0.251    0.0980   1.824e-06  p
clknet_0_net423             1.80    0.019    0.268    0.0592   1.797e-06  p
net634                      1.80    0.024    0.938    0.0453   1.789e-06  p
net74                       1.80    0.013    0.212    0.0837   1.773e-06  p
net647                      1.80    0.047    0.469    0.0232   1.767e-06  p
net168                      1.80    0.046    0.049    0.0235   1.762e-06  p
net75                       1.80    0.011    0.500    0.1000   1.754e-06  a
net71                       1.80    0.009    0.372    0.1176   1.754e-06  p
net45                       1.80    0.050    0.408    0.0213   1.742e-06  p
net881                      1.80    0.035    0.860    0.0309   1.738e-06  p
net181                      1.80    0.011    0.254    0.0985   1.720e-06  p
net54                       1.80    0.034    0.860    0.0309   1.719e-06  p
clknet_0_net142             1.80    0.018    0.280    0.0575   1.713e-06  p
net808                      1.80    0.012    0.212    0.0843   1.703e-06  p
clknet_0_net523             1.80    0.020    0.247    0.0519   1.669e-06  p
clknet_0_net517             1.80    0.020    0.247    0.0519   1.663e-06  p
net30                       1.80    0.011    0.425    0.0913   1.657e-06  p
net85                       1.80    0.021    0.224    0.0492   1.654e-06  p
net519                      1.80    0.019    0.247    0.0519   1.632e-06  p
net142                      1.80    0.017    0.280    0.0575   1.600e-06  p
net189                      1.80    0.029    0.044    0.0339   1.598e-06  p
net622                      1.80    0.014    0.121    0.0707   1.597e-06  p
net248                      1.80    0.010    0.500    0.1000   1.590e-06  a
clknet_0_net621             1.80    0.019    0.260    0.0524   1.586e-06  p
net278                      1.80    0.011    0.351    0.0849   1.571e-06  p
clknet_0_net525             1.80    0.019    0.247    0.0519   1.557e-06  p
net513                      1.80    0.010    0.505    0.0998   1.550e-06  p
clknet_0_net150             1.80    0.023    0.075    0.0413   1.517e-06  p
net270                      1.80    0.012    0.128    0.0749   1.512e-06  p
clknet_0_net277             1.80    0.022    0.194    0.0428   1.504e-06  p
clknet_1_1__leaf_net142     1.80    0.016    0.280    0.0575   1.502e-06  p
net277                      1.80    0.021    0.194    0.0428   1.480e-06  p
net193                      1.80    0.010    0.432    0.0901   1.479e-06  p
clknet_1_1__leaf_net519     1.80    0.017    0.247    0.0519   1.469e-06  p
net137                      1.80    0.013    0.124    0.0700   1.463e-06  p
net626                      1.80    0.009    0.255    0.0964   1.426e-06  p
net148                      1.80    0.013    0.124    0.0700   1.423e-06  p
net135                      1.80    0.017    0.259    0.0515   1.420e-06  p
net68                       1.80    0.009    0.253    0.0987   1.406e-06  p
net279                      1.80    0.012    0.127    0.0728   1.394e-06  p
net53                       1.80    0.039    0.944    0.0221   1.392e-06  p
net716                      1.80    0.007    0.344    0.1137   1.379e-06  p
net25                       1.80    0.009    0.244    0.0960   1.368e-06  p
net78                       1.80    0.008    0.500    0.1000   1.352e-06  a
net608                      1.80    0.017    0.502    0.0494   1.348e-06  p
net807                      1.80    0.008    0.495    0.1022   1.341e-06  p
net802                      1.80    0.050    0.018    0.0164   1.329e-06  p
net86                       1.80    0.016    0.774    0.0495   1.310e-06  p
net837                      1.80    0.034    0.492    0.0230   1.270e-06  p
net704                      1.80    0.009    0.593    0.0814   1.247e-06  p
net817                      1.80    0.045    0.241    0.0169   1.243e-06  p
net602                      1.80    0.014    0.675    0.0554   1.236e-06  p
net66                       1.80    0.008    0.748    0.0967   1.226e-06  p
net326                      1.80    0.009    0.152    0.0863   1.223e-06  p
net418                      1.80    0.045    0.954    0.0168   1.222e-06  p
clknet_1_1__leaf_net308     1.80    0.009    0.617    0.0863   1.218e-06  p
net658                      1.80    0.021    0.862    0.0365   1.215e-06  p
net70                       1.80    0.010    0.129    0.0720   1.197e-06  p
net739                      1.80    0.007    0.385    0.0971   1.159e-06  p
clknet_1_0__leaf_net142     1.80    0.012    0.280    0.0575   1.130e-06  p
net472                      1.80    0.017    0.106    0.0404   1.117e-06  p
clknet_1_1__leaf_net150     1.80    0.016    0.075    0.0413   1.060e-06  p
net655                      1.80    0.028    0.532    0.0231   1.045e-06  p
net58                       1.80    0.007    0.248    0.0958   1.044e-06  p
net26                       1.80    0.037    0.241    0.0169   1.022e-06  p
net406                      1.80    0.006    0.495    0.1022   1.016e-06  p
net548                      1.80    0.012    0.247    0.0519   1.004e-06  p
net664                      1.80    0.018    0.873    0.0350   9.985e-07  p
net717                      1.80    0.006    0.261    0.0995   9.840e-07  p
net733                      1.80    0.009    0.828    0.0659   9.816e-07  p
net346                      1.80    0.029    0.033    0.0205   9.745e-07  p
net252                      1.80    0.006    0.242    0.0981   9.664e-07  p
net463                      1.80    0.009    0.112    0.0682   9.645e-07  p
net726                      1.80    0.007    0.319    0.0800   9.617e-07  p
net898                      1.80    0.016    0.138    0.0365   9.566e-07  p
net276                      1.80    0.008    0.835    0.0691   9.384e-07  p
net854                      1.80    0.006    0.425    0.0913   9.268e-07  p
clknet_0_net508             1.80    0.022    0.118    0.0255   9.251e-07  p
net713                      1.80    0.006    0.588    0.1001   9.238e-07  p
net718                      1.80    0.008    0.284    0.0685   9.145e-07  p
net723                      1.80    0.006    0.322    0.1007   9.067e-07  p
net657                      1.80    0.015    0.138    0.0365   9.034e-07  p
net423                      1.80    0.009    0.268    0.0592   8.824e-07  p
net687                      1.80    0.024    0.482    0.0224   8.822e-07  p
net382                      1.80    0.005    0.500    0.1000   8.677e-07  a
net709                      1.80    0.016    0.877    0.0336   8.476e-07  p
net631                      1.80    0.013    0.148    0.0391   8.428e-07  p
net525                      1.80    0.010    0.247    0.0519   8.395e-07  p
clknet_0_net627             1.80    0.021    0.064    0.0249   8.374e-07  p
clknet_0_net524             1.80    0.020    0.121    0.0257   8.255e-07  p
clknet_0_net620             1.80    0.020    0.064    0.0248   8.168e-07  p
net391                      1.80    0.005    0.500    0.1000   8.080e-07  a
net435                      1.80    0.005    0.476    0.1017   8.015e-07  p
net107                      1.80    0.005    0.756    0.0959   7.932e-07  p
net724                      1.80    0.003    0.484    0.1451   7.921e-07  p
net59                       1.80    0.007    0.613    0.0659   7.655e-07  p
net720                      1.80    0.005    0.173    0.0907   7.586e-07  p
clknet_0_net511             1.80    0.020    0.054    0.0232   7.393e-07  p
net621                      1.80    0.009    0.260    0.0524   7.388e-07  p
net781                      1.80    0.005    0.532    0.0933   7.356e-07  p
clknet_0_net527             1.80    0.018    0.127    0.0256   7.333e-07  p
net20                       1.80    0.041    0.130    0.0109   7.301e-07  p
net517                      1.80    0.009    0.247    0.0519   7.271e-07  p
net164                      1.80    0.006    0.121    0.0715   7.132e-07  p
net91                       1.80    0.037    0.012    0.0118   7.049e-07  p
net793                      1.80    0.004    0.505    0.1002   7.017e-07  p
net523                      1.80    0.008    0.247    0.0519   6.994e-07  p
net615                      1.80    0.004    0.503    0.0985   6.910e-07  p
net508                      1.80    0.016    0.118    0.0255   6.694e-07  p
net533                      1.80    0.004    0.489    0.1016   6.688e-07  p
clknet_1_0__leaf_net511     1.80    0.018    0.054    0.0232   6.631e-07  p
net678                      1.80    0.004    0.752    0.1006   6.607e-07  p
net33                       1.80    0.024    0.241    0.0169   6.543e-07  p
net870                      1.80    0.018    0.471    0.0218   6.533e-07  p
net125                      1.80    0.069    0.063    0.0059   6.529e-07  p
net224                      1.80    0.047    0.983    0.0086   6.472e-07  p
net106                      1.80    0.004    0.244    0.0959   6.405e-07  p
net254                      1.80    0.032    0.030    0.0123   6.396e-07  p
net69                       1.80    0.004    0.500    0.1000   6.353e-07  a
net34                       1.80    0.044    0.966    0.0089   6.347e-07  p
net703                      1.80    0.005    0.406    0.0815   6.342e-07  p
net390                      1.80    0.017    0.492    0.0230   6.206e-07  p
net879                      1.80    0.011    0.073    0.0336   6.162e-07  p
net425                      1.80    0.004    0.786    0.0839   6.102e-07  p
net136                      1.80    0.005    0.124    0.0700   6.052e-07  p
net222                      1.80    0.017    0.095    0.0210   5.781e-07  p
net84                       1.80    0.008    0.096    0.0431   5.775e-07  p
net834                      1.80    0.005    0.169    0.0656   5.685e-07  p
net309                      1.80    0.004    0.202    0.0873   5.646e-07  p
net444                      1.80    0.016    0.349    0.0211   5.599e-07  p
net511                      1.80    0.015    0.054    0.0232   5.596e-07  p
net65                       1.80    0.004    0.252    0.0967   5.592e-07  p
net166                      1.80    0.073    0.034    0.0047   5.570e-07  p
clknet_0_net652             1.80    0.019    0.032    0.0182   5.538e-07  p
net474                      1.80    0.004    0.239    0.0953   5.483e-07  p
clknet_1_1__leaf_net135     1.80    0.007    0.259    0.0515   5.461e-07  p
net684                      1.80    0.027    0.003    0.0127   5.440e-07  p
net818                      1.80    0.004    0.385    0.0795   5.379e-07  p
net652                      1.80    0.018    0.032    0.0182   5.332e-07  p
net738                      1.80    0.005    0.377    0.0715   5.328e-07  p
net263                      1.80    0.059    0.007    0.0055   5.264e-07  p
net750                      1.80    0.004    0.489    0.0887   5.247e-07  p
clknet_0_net337             1.80    0.021    0.074    0.0156   5.242e-07  p
clknet_0_net272             1.80    0.020    0.017    0.0162   5.225e-07  p
net220                      1.80    0.003    0.381    0.1215   5.218e-07  p
net437                      1.80    0.003    0.459    0.0998   5.170e-07  p
net60                       1.80    0.005    0.387    0.0659   5.166e-07  p
net749                      1.80    0.004    0.207    0.0713   5.162e-07  p
net779                      1.80    0.010    0.052    0.0325   5.117e-07  p
net790                      1.80    0.055    0.006    0.0057   5.101e-07  p
net620                      1.80    0.013    0.064    0.0248   5.088e-07  p
net721                      1.80    0.002    0.313    0.1321   5.036e-07  p
net648                      1.80    0.003    0.255    0.0966   5.030e-07  p
net315                      1.80    0.082    0.204    0.0038   5.023e-07  p
net524                      1.80    0.012    0.121    0.0257   5.012e-07  p
clknet_1_0__leaf_net524     1.80    0.012    0.121    0.0257   5.008e-07  p
clknet_1_0__leaf_net620     1.80    0.012    0.064    0.0248   4.986e-07  p
net170                      1.80    0.024    0.967    0.0127   4.960e-07  p
net322                      1.80    0.003    0.503    0.1013   4.902e-07  p
net229                      1.80    0.023    0.067    0.0133   4.847e-07  p
net905                      1.80    0.013    0.278    0.0233   4.835e-07  p
net737                      1.80    0.006    0.152    0.0495   4.826e-07  p
net679                      1.80    0.003    0.025    0.0971   4.821e-07  p
clknet_0_net334             1.80    0.021    0.026    0.0140   4.788e-07  p
net109                      1.80    0.003    0.244    0.0958   4.682e-07  p
net623                      1.80    0.003    0.251    0.0959   4.641e-07  p
net697                      1.80    0.012    0.278    0.0233   4.636e-07  p
net590                      1.80    0.003    0.499    0.1030   4.555e-07  p
net307                      1.80    0.003    0.249    0.0955   4.485e-07  p
net110                      1.80    0.003    0.756    0.0958   4.453e-07  p
net528                      1.80    0.006    0.057    0.0441   4.437e-07  p
clknet_1_0__leaf_net300     1.80    0.041    0.029    0.0067   4.429e-07  p
net725                      1.80    0.004    0.125    0.0683   4.379e-07  p
net670                      1.80    0.014    0.083    0.0189   4.365e-07  p
net661                      1.80    0.003    0.753    0.1003   4.352e-07  p
clknet_1_0__leaf_net277     1.80    0.006    0.194    0.0428   4.334e-07  p
net564                      1.80    0.003    0.250    0.1012   4.327e-07  p
net197                      1.80    0.008    0.044    0.0336   4.289e-07  p
net748                      1.80    0.009    0.159    0.0306   4.280e-07  p
clknet_1_1__leaf_net277     1.80    0.006    0.194    0.0428   4.265e-07  p
net859                      1.80    0.012    0.480    0.0226   4.229e-07  p
clknet_0_net221             1.80    0.021    0.061    0.0122   4.193e-07  p
net433                      1.80    0.003    0.463    0.1008   4.153e-07  p
net152                      1.80    0.038    0.071    0.0067   4.127e-07  p
net493                      1.80    0.003    0.755    0.0954   4.118e-07  p
net177                      1.80    0.007    0.826    0.0352   4.107e-07  p
net682                      1.80    0.003    0.385    0.0796   4.107e-07  p
net683                      1.80    0.003    0.614    0.0794   4.105e-07  p
net609                      1.80    0.011    0.487    0.0233   4.099e-07  p
net131                      1.80    0.002    0.173    0.1128   4.050e-07  p
net809                      1.80    0.041    0.077    0.0061   4.043e-07  p
clknet_1_0__leaf_net337     1.80    0.016    0.074    0.0156   4.042e-07  p
net312                      1.80    0.013    0.913    0.0198   4.020e-07  p
clknet_1_1__leaf_net300     1.80    0.037    0.029    0.0067   4.012e-07  p
net906                      1.80    0.008    0.191    0.0296   4.006e-07  p
net673                      1.80    0.003    0.483    0.0929   3.974e-07  p
net341                      1.80    0.002    0.375    0.1146   3.962e-07  p
net62                       1.80    0.024    0.974    0.0103   3.956e-07  p
net810                      1.80    0.007    0.825    0.0352   3.940e-07  p
net411                      1.80    0.011    0.842    0.0213   3.932e-07  p
net81                       1.80    0.007    0.078    0.0350   3.921e-07  p
net904                      1.80    0.003    0.755    0.0962   3.919e-07  p
net864                      1.80    0.010    0.482    0.0229   3.897e-07  p
net14                       1.80    0.010    0.933    0.0237   3.866e-07  p
net295                      1.80    0.012    0.975    0.0205   3.858e-07  p
net424                      1.80    0.003    0.214    0.0839   3.856e-07  p
net562                      1.80    0.010    0.482    0.0229   3.772e-07  p
net784                      1.80    0.037    0.014    0.0063   3.767e-07  p
clknet_0_net229             1.80    0.017    0.067    0.0133   3.758e-07  p
net600                      1.80    0.008    0.952    0.0273   3.728e-07  p
net700                      1.80    0.005    0.925    0.0451   3.725e-07  p
clknet_1_0__leaf_net784     1.80    0.037    0.014    0.0063   3.722e-07  p
net752                      1.80    0.005    0.319    0.0508   3.707e-07  p
net680                      1.80    0.007    0.060    0.0335   3.684e-07  p
net677                      1.80    0.002    0.240    0.0991   3.597e-07  p
net299                      1.80    0.003    0.349    0.0857   3.593e-07  p
clknet_1_1__leaf_net423     1.80    0.004    0.268    0.0592   3.585e-07  p
net527                      1.80    0.009    0.127    0.0256   3.521e-07  p
clknet_1_0__leaf_net517     1.80    0.004    0.247    0.0519   3.497e-07  p
net627                      1.80    0.009    0.064    0.0249   3.496e-07  p
clknet_0_net656             1.80    0.021    0.016    0.0098   3.427e-07  p
net337                      1.80    0.014    0.074    0.0156   3.425e-07  p
net298                      1.80    0.032    0.015    0.0065   3.391e-07  p
net194                      1.80    0.054    0.005    0.0039   3.389e-07  p
clknet_1_0__leaf_net800     1.80    0.036    0.028    0.0058   3.346e-07  p
net751                      1.80    0.006    0.107    0.0363   3.269e-07  p
net294                      1.80    0.010    0.025    0.0205   3.240e-07  p
net699                      1.80    0.007    0.191    0.0296   3.211e-07  p
net18                       1.80    0.011    0.250    0.0179   3.180e-07  p
net839                      1.80    0.004    0.152    0.0495   3.175e-07  p
clknet_1_1__leaf_net524     1.80    0.008    0.121    0.0257   3.145e-07  p
net340                      1.80    0.006    0.062    0.0327   3.106e-07  p
out15                       1.80    0.001    0.345    0.1348   3.097e-07  p
net272                      1.80    0.012    0.017    0.0162   3.025e-07  p
net275                      1.80    0.003    0.164    0.0690   3.006e-07  p
net557                      1.80    0.014    0.170    0.0130   2.986e-07  p
net653                      1.80    0.002    0.317    0.0766   2.955e-07  p
net660                      1.80    0.009    0.031    0.0190   2.863e-07  p
net100                      1.80    0.026    0.011    0.0066   2.845e-07  p
net434                      1.80    0.003    0.408    0.0595   2.823e-07  p
net795                      1.80    0.003    0.766    0.0497   2.799e-07  p
clknet_1_0__leaf_net523     1.80    0.003    0.247    0.0519   2.784e-07  p
clknet_1_1__leaf_net621     1.80    0.003    0.260    0.0524   2.775e-07  p
clknet_1_1__leaf_net523     1.80    0.003    0.247    0.0519   2.720e-07  p
net869                      1.80    0.002    0.614    0.0793   2.689e-07  p
net103                      1.80    0.002    0.126    0.0705   2.675e-07  p
net15                       1.80    0.007    0.066    0.0235   2.664e-07  p
net17                       1.80    0.009    0.741    0.0184   2.660e-07  p
net35                       1.80    0.018    0.034    0.0089   2.641e-07  p
clknet_0_net300             1.80    0.024    0.029    0.0067   2.637e-07  p
clknet_0_net465             1.80    0.020    0.011    0.0083   2.635e-07  p
clknet_0_net335             1.80    0.020    0.013    0.0082   2.627e-07  p
net861                      1.80    0.005    0.847    0.0310   2.623e-07  p
net712                      1.80    0.002    0.805    0.0788   2.620e-07  p
net61                       1.80    0.014    0.859    0.0113   2.597e-07  p
net160                      1.80    0.026    0.077    0.0061   2.593e-07  p
clknet_1_0__leaf_net130     1.80    0.032    0.017    0.0049   2.593e-07  p
net274                      1.80    0.083    0.998    0.0019   2.586e-07  p
clknet_1_0__leaf_net652     1.80    0.009    0.032    0.0182   2.585e-07  p
net606                      1.80    0.016    0.024    0.0099   2.560e-07  p
clknet_1_1__leaf_net525     1.80    0.003    0.247    0.0519   2.553e-07  p
net259                      1.80    0.007    0.376    0.0216   2.551e-07  p
net676                      1.80    0.007    0.467    0.0223   2.545e-07  p
clknet_1_0__leaf_net272     1.80    0.010    0.017    0.0162   2.536e-07  p
net814                      1.80    0.007    0.513    0.0224   2.529e-07  p
net674                      1.80    0.007    0.490    0.0218   2.526e-07  p
clknet_0_net784             1.80    0.024    0.014    0.0063   2.490e-07  p
clknet_1_1__leaf_net337     1.80    0.010    0.074    0.0156   2.470e-07  p
net331                      1.80    0.003    0.152    0.0495   2.443e-07  p
net221                      1.80    0.012    0.061    0.0122   2.426e-07  p
net506                      1.80    0.005    0.322    0.0314   2.411e-07  p
net63                       1.80    0.015    0.025    0.0100   2.381e-07  p
net685                      1.80    0.004    0.138    0.0365   2.339e-07  p
clknet_0_net130             1.80    0.029    0.017    0.0049   2.308e-07  p
net269                      1.80    0.039    0.996    0.0036   2.270e-07  p
clknet_1_1__leaf_net620     1.80    0.006    0.064    0.0248   2.248e-07  p
net335                      1.80    0.016    0.013    0.0082   2.174e-07  p
net300                      1.80    0.020    0.029    0.0067   2.170e-07  p
clknet_0_net140             1.80    0.020    0.030    0.0067   2.152e-07  p
clknet_1_1__leaf_net627     1.80    0.005    0.064    0.0249   2.141e-07  p
clknet_1_0__leaf_net621     1.80    0.002    0.260    0.0524   2.119e-07  p
net260                      1.80    0.010    0.030    0.0123   2.091e-07  p
out22                       1.80    0.001    0.505    0.1002   2.083e-07  p
clknet_0_net151             1.80    0.019    0.030    0.0067   2.062e-07  p
net730                      1.80    0.003    0.876    0.0430   2.054e-07  p
clknet_1_1__leaf_net517     1.80    0.002    0.247    0.0519   2.046e-07  p
clknet_0_net298             1.80    0.019    0.015    0.0065   2.037e-07  p
net876                      1.80    0.032    0.009    0.0039   2.031e-07  p
clknet_1_1__leaf_net508     1.80    0.005    0.118    0.0255   2.027e-07  p
clknet_1_1__leaf_net784     1.80    0.020    0.014    0.0063   2.004e-07  p
clknet_1_1__leaf_net527     1.80    0.005    0.127    0.0256   1.995e-07  p
clknet_0_net149             1.80    0.018    0.030    0.0067   1.973e-07  p
net242                      1.80    0.005    0.513    0.0224   1.965e-07  p
net438                      1.80    0.018    0.006    0.0066   1.951e-07  p
net332                      1.80    0.002    0.848    0.0495   1.936e-07  p
net334                      1.80    0.008    0.026    0.0140   1.924e-07  p
net289                      1.80    0.006    0.037    0.0192   1.919e-07  p
clknet_1_1__leaf_net652     1.80    0.006    0.032    0.0182   1.894e-07  p
clknet_1_0__leaf_net525     1.80    0.002    0.247    0.0519   1.880e-07  p
net856                      1.80    0.002    0.387    0.0659   1.868e-07  p
net163                      1.80    0.018    0.013    0.0065   1.856e-07  p
net432                      1.80    0.011    0.126    0.0100   1.856e-07  p
net397                      1.80    0.038    0.011    0.0030   1.824e-07  p
net156                      1.80    0.028    0.009    0.0040   1.823e-07  p
net73                       1.80    0.003    0.077    0.0370   1.816e-07  p
net80                       1.80    0.003    0.922    0.0350   1.802e-07  p
net190                      1.80    0.009    0.858    0.0117   1.799e-07  p
net560                      1.80    0.003    0.103    0.0431   1.786e-07  p
clknet_1_0__leaf_net423     1.80    0.002    0.268    0.0592   1.766e-07  p
net130                      1.80    0.022    0.017    0.0049   1.761e-07  p
net353                      1.80    0.005    0.027    0.0214   1.757e-07  p
net504                      1.80    0.003    0.808    0.0378   1.750e-07  p
net794                      1.80    0.004    0.842    0.0300   1.749e-07  p
net656                      1.80    0.011    0.016    0.0098   1.740e-07  p
net436                      1.80    0.009    0.017    0.0122   1.726e-07  p
net98                       1.80    0.003    0.078    0.0399   1.716e-07  p
net414                      1.80    0.008    0.015    0.0128   1.710e-07  p
net465                      1.80    0.013    0.011    0.0083   1.701e-07  p
net72                       1.80    0.003    0.923    0.0370   1.683e-07  p
clknet_0_net800             1.80    0.018    0.028    0.0058   1.652e-07  p
net388                      1.80    0.032    0.006    0.0032   1.637e-07  p
net87                       1.80    0.005    0.030    0.0217   1.632e-07  p
net247                      1.80    0.017    0.013    0.0058   1.616e-07  p
net731                      1.80    0.002    0.122    0.0428   1.614e-07  p
net635                      1.80    0.012    0.961    0.0084   1.584e-07  p
clknet_1_1__leaf_net334     1.80    0.007    0.026    0.0140   1.584e-07  p
clknet_1_1__leaf_net511     1.80    0.004    0.054    0.0232   1.578e-07  p
clknet_1_0__leaf_net229     1.80    0.007    0.067    0.0133   1.563e-07  p
net171                      1.80    0.009    0.035    0.0108   1.551e-07  p
net251                      1.80    0.059    0.002    0.0016   1.549e-07  p
net291                      1.80    0.010    0.991    0.0099   1.536e-07  p
out11                       1.80    0.001    0.532    0.0933   1.532e-07  p
net140                      1.80    0.014    0.030    0.0067   1.510e-07  p
net822                      1.80    0.004    0.376    0.0216   1.510e-07  p
net872                      1.80    0.004    0.582    0.0218   1.502e-07  p
clknet_1_1__leaf_net130     1.80    0.019    0.017    0.0049   1.497e-07  p
clknet_0_net789             1.80    0.023    0.008    0.0040   1.492e-07  p
clknet_0_net387             1.80    0.024    0.008    0.0038   1.487e-07  p
net710                      1.80    0.008    0.960    0.0109   1.458e-07  p
net188                      1.80    0.006    0.019    0.0162   1.446e-07  p
net743                      1.80    0.004    0.582    0.0218   1.441e-07  p
net714                      1.80    0.003    0.050    0.0252   1.428e-07  p
net149                      1.80    0.013    0.030    0.0067   1.425e-07  p
clknet_1_1__leaf_net272     1.80    0.005    0.017    0.0162   1.422e-07  p
net95                       1.80    0.013    0.011    0.0066   1.399e-07  p
net691                      1.80    0.010    0.013    0.0088   1.394e-07  p
net628                      1.80    0.004    0.297    0.0199   1.391e-07  p
net884                      1.80    0.006    0.784    0.0149   1.382e-07  p
clknet_1_0__leaf_net527     1.80    0.003    0.127    0.0256   1.370e-07  p
clknet_1_0__leaf_net656     1.80    0.009    0.016    0.0098   1.360e-07  p
net705                      1.80    0.007    0.982    0.0123   1.342e-07  p
clknet_1_0__leaf_net627     1.80    0.003    0.064    0.0249   1.330e-07  p
net187                      1.80    0.005    0.979    0.0165   1.312e-07  p
clknet_0_net306             1.80    0.020    0.005    0.0040   1.302e-07  p
net387                      1.80    0.021    0.008    0.0038   1.289e-07  p
net908                      1.80    0.014    0.063    0.0059   1.286e-07  p
net800                      1.80    0.014    0.028    0.0058   1.286e-07  p
clknet_0_net156             1.80    0.020    0.009    0.0040   1.285e-07  p
net582                      1.80    0.014    0.017    0.0055   1.283e-07  p
net654                      1.80    0.003    0.468    0.0231   1.272e-07  p
clknet_1_0__leaf_net508     1.80    0.003    0.118    0.0255   1.254e-07  p
net599                      1.80    0.005    0.983    0.0147   1.242e-07  p
net484                      1.80    0.004    0.918    0.0188   1.214e-07  p
net134                      1.80    0.003    0.471    0.0218   1.193e-07  p
net256                      1.80    0.019    0.009    0.0039   1.192e-07  p
net728                      1.80    0.003    0.042    0.0243   1.188e-07  p
net789                      1.80    0.018    0.008    0.0040   1.186e-07  p
net64                       1.80    0.016    0.006    0.0046   1.182e-07  p
net36                       1.80    0.013    0.009    0.0055   1.162e-07  p
clknet_1_0__leaf_net156     1.80    0.018    0.009    0.0040   1.154e-07  p
clknet_0_net336             1.80    0.018    0.006    0.0039   1.154e-07  p
net882                      1.80    0.003    0.408    0.0213   1.150e-07  p
clknet_1_0__leaf_net151     1.80    0.011    0.030    0.0067   1.145e-07  p
net230                      1.80    0.012    0.020    0.0056   1.109e-07  p
net866                      1.80    0.003    0.518    0.0221   1.086e-07  p
net356                      1.80    0.004    0.141    0.0183   1.085e-07  p
net79                       1.80    0.008    0.015    0.0082   1.085e-07  p
net468                      1.80    0.015    0.048    0.0045   1.080e-07  p
net288                      1.80    0.003    0.961    0.0196   1.060e-07  p
net829                      1.80    0.003    0.042    0.0255   1.051e-07  p
net464                      1.80    0.003    0.366    0.0212   1.049e-07  p
net862                      1.80    0.007    0.009    0.0099   1.043e-07  p
net727                      1.80    0.002    0.597    0.0259   1.039e-07  p
net645                      1.80    0.009    0.044    0.0072   1.033e-07  p
net501                      1.80    0.003    0.496    0.0232   1.031e-07  p
clknet_1_1__leaf_net221     1.80    0.005    0.061    0.0122   1.029e-07  p
net90                       1.80    0.002    0.042    0.0255   1.028e-07  p
net151                      1.80    0.009    0.030    0.0067   1.024e-07  p
net350                      1.80    0.016    0.803    0.0039   1.019e-07  p
clknet_1_1__leaf_net149     1.80    0.009    0.030    0.0067   1.009e-07  p
net841                      1.80    0.004    0.979    0.0165   1.006e-07  p
clknet_1_1__leaf_net387     1.80    0.016    0.008    0.0038   9.999e-08  p
net92                       1.80    0.008    0.008    0.0076   9.856e-08  p
net896                      1.80    0.006    0.991    0.0099   9.661e-08  p
clknet_1_0__leaf_net789     1.80    0.015    0.008    0.0040   9.628e-08  p
net719                      1.80    0.012    0.009    0.0049   9.436e-08  p
net48                       1.80    0.006    0.981    0.0099   9.429e-08  p
clknet_1_0__leaf_net153     1.80    0.042    0.007    0.0014   9.421e-08  p
net848                      1.80    0.003    0.494    0.0221   9.418e-08  p
net159                      1.80    0.010    0.009    0.0059   9.370e-08  p
net903                      1.80    0.002    0.066    0.0235   9.359e-08  p
clknet_1_0__leaf_net149     1.80    0.008    0.030    0.0067   9.180e-08  p
clknet_1_0__leaf_net387     1.80    0.015    0.008    0.0038   9.129e-08  p
net742                      1.80    0.004    0.785    0.0149   8.865e-08  p
net176                      1.80    0.010    0.017    0.0055   8.859e-08  p
net458                      1.80    0.002    0.944    0.0221   8.855e-08  p
net740                      1.80    0.004    0.753    0.0150   8.850e-08  p
net19                       1.80    0.005    0.859    0.0113   8.810e-08  p
net901                      1.80    0.018    0.011    0.0030   8.801e-08  p
clknet_0_net153             1.80    0.039    0.007    0.0014   8.717e-08  p
net650                      1.80    0.002    0.062    0.0276   8.714e-08  p
net671                      1.80    0.002    0.480    0.0226   8.703e-08  p
net747                      1.80    0.003    0.091    0.0174   8.600e-08  p
net459                      1.80    0.002    0.056    0.0221   8.502e-08  p
net311                      1.80    0.048    0.001    0.0011   8.502e-08  p
clknet_1_1__leaf_net656     1.80    0.005    0.016    0.0098   8.362e-08  p
net250                      1.80    0.013    0.007    0.0039   8.284e-08  p
clknet_0_net393             1.80    0.020    0.004    0.0025   8.245e-08  p
net367                      1.80    0.004    0.202    0.0139   8.239e-08  p
out13                       1.80    0.003    0.037    0.0193   8.222e-08  p
out24                       1.80    0.001    0.766    0.0497   8.161e-08  p
net217                      1.80    0.029    0.002    0.0017   8.068e-08  p
clknet_1_1__leaf_net156     1.80    0.012    0.009    0.0040   8.056e-08  p
clknet_1_0__leaf_net221     1.80    0.004    0.061    0.0122   8.024e-08  p
net133                      1.80    0.002    0.518    0.0221   7.967e-08  p
net94                       1.80    0.003    0.019    0.0153   7.933e-08  p
net336                      1.80    0.012    0.006    0.0039   7.729e-08  p
net883                      1.80    0.002    0.027    0.0214   7.611e-08  p
clknet_1_1__leaf_net800     1.80    0.008    0.028    0.0058   7.557e-08  p
clknet_1_0__leaf_net140     1.80    0.007    0.030    0.0067   7.553e-08  p
net666                      1.80    0.002    0.494    0.0221   7.303e-08  p
net855                      1.80    0.002    0.961    0.0196   7.203e-08  p
clknet_1_1__leaf_net335     1.80    0.005    0.013    0.0082   7.176e-08  p
clknet_1_1__leaf_net465     1.80    0.005    0.011    0.0083   7.116e-08  p
net415                      1.80    0.003    0.985    0.0128   7.095e-08  p
net753                      1.80    0.004    0.041    0.0121   7.081e-08  p
clknet_1_1__leaf_net229     1.80    0.003    0.067    0.0133   7.074e-08  p
clknet_1_0__leaf_net334     1.80    0.003    0.026    0.0140   7.024e-08  p
clknet_1_0__leaf_net335     1.80    0.005    0.013    0.0082   6.704e-08  p
net383                      1.80    0.013    0.006    0.0032   6.667e-08  p
clknet_1_0__leaf_net465     1.80    0.005    0.011    0.0083   6.633e-08  p
net302                      1.80    0.004    0.876    0.0095   6.602e-08  p
net113                      1.80    0.012    0.003    0.0034   6.559e-08  p
net732                      1.80    0.002    0.073    0.0197   6.461e-08  p
net833                      1.80    0.002    0.232    0.0168   6.457e-08  p
clknet_1_1__leaf_net151     1.80    0.006    0.030    0.0067   6.343e-08  p
net690                      1.80    0.003    0.997    0.0117   6.308e-08  p
net715                      1.80    0.003    0.025    0.0127   6.231e-08  p
net902                      1.80    0.013    0.011    0.0030   6.086e-08  p
net306                      1.80    0.009    0.005    0.0040   6.061e-08  p
net689                      1.80    0.008    0.017    0.0046   6.000e-08  p
net551                      1.80    0.006    0.074    0.0062   5.866e-08  p
net479                      1.80    0.002    0.232    0.0168   5.647e-08  p
clknet_0_net162             1.80    0.021    0.002    0.0017   5.545e-08  p
net169                      1.80    0.003    0.032    0.0124   5.389e-08  p
net494                      1.80    0.002    0.753    0.0179   5.342e-08  p
net393                      1.80    0.013    0.004    0.0025   5.310e-08  p
net155                      1.80    0.027    0.008    0.0012   5.261e-08  p
net286                      1.80    0.014    0.003    0.0023   5.240e-08  p
net692                      1.80    0.010    0.039    0.0033   5.211e-08  p
clknet_1_1__leaf_net789     1.80    0.008    0.008    0.0040   5.184e-08  p
net431                      1.80    0.003    0.866    0.0105   5.064e-08  p
net112                      1.80    0.002    0.763    0.0171   4.974e-08  p
net887                      1.80    0.005    0.011    0.0066   4.970e-08  p
net234                      1.80    0.003    0.016    0.0110   4.786e-08  p
net327                      1.80    0.002    0.066    0.0118   4.779e-08  p
net816                      1.80    0.004    0.071    0.0067   4.748e-08  p
out3                        1.80    0.001    0.129    0.0335   4.741e-08  p
net153                      1.80    0.020    0.007    0.0014   4.530e-08  p
net741                      1.80    0.002    0.240    0.0145   4.504e-08  p
clknet_1_0__leaf_net306     1.80    0.007    0.005    0.0040   4.503e-08  p
net643                      1.80    0.007    0.943    0.0038   4.495e-08  p
net47                       1.80    0.003    0.018    0.0098   4.323e-08  p
net167                      1.80    0.005    0.022    0.0056   4.300e-08  p
net105                      1.80    0.011    0.003    0.0024   4.257e-08  p
net203                      1.80    0.011    0.003    0.0024   4.231e-08  p
out23                       1.80    0.001    0.842    0.0300   4.204e-08  p
clknet_0_net452             1.80    0.019    0.002    0.0013   3.951e-08  p
net613                      1.80    0.007    0.993    0.0033   3.897e-08  p
clknet_1_0__leaf_net298     1.80    0.004    0.015    0.0065   3.857e-08  p
net186                      1.80    0.005    0.011    0.0048   3.820e-08  p
net328                      1.80    0.003    0.025    0.0075   3.723e-08  p
clknet_1_0__leaf_net162     1.80    0.014    0.002    0.0017   3.684e-08  p
net292                      1.80    0.002    0.009    0.0099   3.670e-08  p
net443                      1.80    0.003    0.132    0.0088   3.664e-08  p
net174                      1.80    0.032    0.001    0.0007   3.596e-08  p
net693                      1.80    0.003    0.031    0.0080   3.568e-08  p
net744                      1.80    0.005    0.043    0.0042   3.528e-08  p
net343                      1.80    0.018    0.002    0.0012   3.525e-08  p
net241                      1.80    0.003    0.010    0.0061   3.459e-08  p
net668                      1.80    0.004    0.058    0.0049   3.455e-08  p
net218                      1.80    0.006    0.191    0.0036   3.439e-08  p
net611                      1.80    0.033    0.990    0.0007   3.429e-08  p
net821                      1.80    0.004    0.022    0.0056   3.327e-08  p
net827                      1.80    0.002    0.034    0.0089   3.290e-08  p
net625                      1.80    0.007    0.006    0.0027   3.254e-08  p
net452                      1.80    0.015    0.002    0.0013   3.202e-08  p
net293                      1.80    0.028    0.001    0.0007   3.166e-08  p
net235                      1.80    0.004    0.010    0.0044   3.160e-08  p
net649                      1.80    0.002    0.016    0.0098   3.151e-08  p
clknet_1_1__leaf_net162     1.80    0.012    0.002    0.0017   3.150e-08  p
net442                      1.80    0.002    0.857    0.0094   3.148e-08  p
clknet_1_1__leaf_net153     1.80    0.014    0.007    0.0014   3.147e-08  p
net445                      1.80    0.052    0.000    0.0004   3.080e-08  p
net641                      1.80    0.007    0.967    0.0025   3.028e-08  p
net644                      1.80    0.003    0.956    0.0072   3.015e-08  p
clknet_1_1__leaf_net393     1.80    0.007    0.004    0.0025   2.993e-08  p
net266                      1.80    0.038    0.001    0.0005   2.966e-08  p
net563                      1.80    0.002    0.031    0.0087   2.928e-08  p
net407                      1.80    0.004    0.005    0.0040   2.892e-08  p
net303                      1.80    0.002    0.113    0.0092   2.884e-08  p
clknet_1_0__leaf_net336     1.80    0.005    0.006    0.0039   2.857e-08  p
net446                      1.80    0.008    0.003    0.0023   2.851e-08  p
net667                      1.80    0.002    0.012    0.0072   2.828e-08  p
net162                      1.80    0.010    0.002    0.0017   2.819e-08  p
net296                      1.80    0.011    0.002    0.0015   2.765e-08  p
net267                      1.80    0.034    0.999    0.0005   2.715e-08  p
clknet_1_1__leaf_net298     1.80    0.003    0.015    0.0065   2.682e-08  p
clknet_1_1__leaf_net306     1.80    0.004    0.005    0.0040   2.599e-08  p
net812                      1.80    0.004    0.005    0.0040   2.567e-08  p
net830                      1.80    0.004    0.995    0.0040   2.552e-08  p
net681                      1.80    0.004    0.005    0.0039   2.524e-08  p
out1                        1.80    0.000    0.052    0.0325   2.500e-08  p
net825                      1.80    0.037    0.000    0.0004   2.467e-08  p
net624                      1.80    0.007    0.006    0.0023   2.464e-08  p
net408                      1.80    0.004    0.995    0.0040   2.401e-08  p
net158                      1.80    0.002    0.990    0.0063   2.382e-08  p
out9                        1.80    0.001    0.018    0.0164   2.320e-08  p
net619                      1.80    0.005    0.011    0.0030   2.297e-08  p
net845                      1.80    0.002    0.488    0.0062   2.294e-08  p
net349                      1.80    0.003    0.197    0.0039   2.189e-08  p
clknet_1_1__leaf_net336     1.80    0.003    0.006    0.0039   2.168e-08  p
clknet_1_1__leaf_net140     1.80    0.002    0.030    0.0067   2.160e-08  p
clknet_1_1__leaf_net452     1.80    0.010    0.002    0.0013   2.101e-08  p
net372                      1.80    0.004    0.008    0.0032   2.088e-08  p
net507                      1.80    0.002    0.488    0.0062   2.020e-08  p
clknet_1_0__leaf_net452     1.80    0.009    0.002    0.0013   1.973e-08  p
net185                      1.80    0.002    0.009    0.0059   1.937e-08  p
net806                      1.80    0.010    0.002    0.0012   1.848e-08  p
net811                      1.80    0.015    0.009    0.0007   1.777e-08  p
net840                      1.80    0.019    0.999    0.0005   1.671e-08  p
net38                       1.80    0.036    0.002    0.0003   1.646e-08  p
net344                      1.80    0.003    0.007    0.0038   1.634e-08  p
net39                       1.80    0.025    0.000    0.0004   1.634e-08  p
net284                      1.80    0.019    0.001    0.0005   1.623e-08  p
net786                      1.80    0.003    0.008    0.0032   1.481e-08  p
net329                      1.80    0.013    0.002    0.0007   1.439e-08  p
net227                      1.80    0.002    0.993    0.0039   1.437e-08  p
clknet_1_0__leaf_net393     1.80    0.003    0.004    0.0025   1.415e-08  p
net111                      1.80    0.002    0.004    0.0043   1.407e-08  p
net603                      1.80    0.011    0.995    0.0008   1.369e-08  p
out2                        1.80    0.001    0.006    0.0057   1.343e-08  p
net539                      1.80    0.003    0.006    0.0030   1.321e-08  p
net745                      1.80    0.003    0.028    0.0025   1.313e-08  p
net584                      1.80    0.010    0.999    0.0008   1.274e-08  p
net852                      1.80    0.004    0.004    0.0018   1.212e-08  p
net231                      1.80    0.002    0.995    0.0039   1.212e-08  p
net319                      1.80    0.009    0.001    0.0007   1.111e-08  p
net469                      1.80    0.005    0.016    0.0014   1.091e-08  p
net368                      1.80    0.002    0.006    0.0027   1.083e-08  p
net867                      1.80    0.003    0.967    0.0025   1.077e-08  p
net552                      1.80    0.008    0.990    0.0008   9.973e-09  p
net225                      1.80    0.003    0.001    0.0019   9.770e-09  p
clknet_0_net629             1.80    0.021    0.000    0.0003   9.598e-09  p
net532                      1.80    0.002    0.003    0.0026   9.525e-09  p
net285                      1.80    0.002    0.996    0.0025   9.232e-09  p
net417                      1.80    0.017    0.999    0.0003   9.151e-09  p
net578                      1.80    0.008    0.995    0.0007   8.945e-09  p
net481                      1.80    0.007    0.002    0.0008   8.794e-09  p
net531                      1.80    0.002    0.004    0.0024   8.470e-09  p
net213                      1.80    0.003    0.002    0.0017   8.211e-09  p
out7                        1.80    0.001    0.028    0.0058   8.176e-09  p
net154                      1.80    0.004    0.992    0.0012   8.112e-09  p
net893                      1.80    0.005    0.001    0.0011   8.072e-09  p
net184                      1.80    0.010    0.002    0.0005   7.894e-09  p
net456                      1.80    0.020    0.000    0.0002   7.857e-09  p
net392                      1.80    0.017    0.001    0.0003   7.614e-09  p
net566                      1.80    0.006    0.010    0.0008   7.603e-09  p
clknet_0_net301             1.80    0.023    0.000    0.0002   7.583e-09  p
net629                      1.80    0.016    0.000    0.0003   7.218e-09  p
clknet_0_net287             1.80    0.021    0.000    0.0002   6.970e-09  p
net449                      1.80    0.026    0.000    0.0002   6.840e-09  p
net826                      1.80    0.008    0.001    0.0005   6.572e-09  p
net240                      1.80    0.016    0.002    0.0002   6.478e-09  p
net495                      1.80    0.002    0.004    0.0018   6.458e-09  p
clknet_1_1__leaf_net301     1.80    0.019    0.000    0.0002   6.389e-09  p
net873                      1.80    0.002    0.002    0.0017   6.120e-09  p
net401                      1.80    0.045    1.000    0.81e-4  5.952e-09  p
net99                       1.80    0.004    0.697    0.0010   5.838e-09  p
net179                      1.80    0.003    1.000    0.0010   5.746e-09  p
out19                       1.80    0.001    0.008    0.0040   5.606e-09  p
net865                      1.80    0.004    0.001    0.0008   5.576e-09  p
net536                      1.80    0.014    0.000    0.0002   5.576e-09  p
net301                      1.80    0.017    0.000    0.0002   5.560e-09  p
net365                      1.80    0.014    0.001    0.0002   5.559e-09  p
net96                       1.80    0.002    0.002    0.0017   5.472e-09  p
net746                      1.80    0.004    0.003    0.0007   5.168e-09  p
net310                      1.80    0.016    0.000    0.0002   5.155e-09  p
net283                      1.80    0.006    0.999    0.0005   5.140e-09  p
net262                      1.80    0.013    0.000    0.0002   5.113e-09  p
net572                      1.80    0.003    0.014    0.0013   5.113e-09  p
net102                      1.80    0.003    0.001    0.0010   5.024e-09  p
clknet_0_net449             1.80    0.019    0.000    0.0002   5.012e-09  p
net261                      1.80    0.025    0.000    0.0001   4.965e-09  p
net835                      1.80    0.002    0.014    0.0013   4.726e-09  p
net198                      1.80    0.006    0.000    0.0005   4.634e-09  p
net281                      1.80    0.003    0.001    0.0009   4.631e-09  p
net900                      1.80    0.006    0.002    0.0005   4.595e-09  p
out16                       1.80    0.001    0.008    0.0032   4.578e-09  p
net567                      1.80    0.017    0.000    0.0002   4.565e-09  p
out14                       1.80    0.000    0.014    0.0063   4.526e-09  p
net696                      1.80    0.004    0.999    0.0008   4.459e-09  p
net232                      1.80    0.003    0.010    0.0010   4.444e-09  p
net280                      1.80    0.003    0.999    0.0009   4.388e-09  p
net632                      1.80    0.003    0.001    0.0008   4.137e-09  p
net214                      1.80    0.030    0.000    0.81e-4  4.015e-09  p
net183                      1.80    0.005    0.998    0.0005   3.989e-09  p
net287                      1.80    0.012    0.000    0.0002   3.900e-09  p
net819                      1.80    0.004    0.005    0.0007   3.809e-09  p
clknet_1_0__leaf_net301     1.80    0.011    0.000    0.0002   3.551e-09  p
net455                      1.80    0.025    1.000    0.81e-4  3.339e-09  p
clknet_1_0__leaf_net287     1.80    0.010    0.000    0.0002   3.283e-09  p
net454                      1.80    0.003    0.009    0.0007   3.205e-09  p
net238                      1.80    0.002    0.991    0.0008   3.056e-09  p
net211                      1.80    0.002    0.001    0.0008   2.935e-09  p
net409                      1.80    0.021    0.000    0.81e-4  2.822e-09  p
net400                      1.80    0.042    0.000    0.41e-4  2.799e-09  p
net457                      1.80    0.004    0.999    0.0004   2.785e-09  p
net597                      1.80    0.005    0.999    0.0003   2.725e-09  p
net520                      1.80    0.027    0.038    0.61e-4  2.658e-09  p
net40                       1.80    0.040    0.000    0.41e-4  2.631e-09  p
clknet_0_net290             1.80    0.020    0.000    0.81e-4  2.592e-09  p
net345                      1.80    0.003    0.009    0.0006   2.556e-09  p
net338                      1.80    0.005    0.000    0.0003   2.536e-09  p
net538                      1.80    0.003    0.001    0.0005   2.424e-09  p
net399                      1.80    0.037    0.000    0.41e-4  2.414e-09  p
net577                      1.80    0.002    0.005    0.0007   2.390e-09  p
net462                      1.80    0.002    0.991    0.0007   2.380e-09  p
net265                      1.80    0.036    1.000    0.41e-4  2.372e-09  p
clknet_0_net429             1.80    0.018    0.000    0.81e-4  2.338e-09  p
net471                      1.80    0.002    0.001    0.0008   2.283e-09  p
net223                      1.80    0.004    0.000    0.0004   2.278e-09  p
clknet_1_0__leaf_net629     1.80    0.005    0.000    0.0003   2.269e-09  p
net202                      1.80    0.034    0.000    0.41e-4  2.256e-09  p
net97                       1.80    0.003    0.000    0.0004   2.229e-09  p
net245                      1.80    0.003    0.003    0.0005   2.180e-09  p
clknet_1_1__leaf_net287     1.80    0.007    0.000    0.0002   2.147e-09  p
net316                      1.80    0.002    0.994    0.0007   2.114e-09  p
net907                      1.80    0.004    0.999    0.0003   2.096e-09  p
net364                      1.80    0.005    0.999    0.0002   2.094e-09  p
net402                      1.80    0.016    1.000    0.81e-4  2.047e-09  p
net421                      1.80    0.005    1.000    0.0002   2.034e-09  p
net377                      1.80    0.003    0.001    0.0004   1.995e-09  p
net460                      1.80    0.003    0.999    0.0004   1.851e-09  p
clknet_1_1__leaf_net629     1.80    0.004    0.000    0.0003   1.737e-09  p
net618                      1.80    0.013    0.000    0.81e-4  1.697e-09  p
net440                      1.80    0.003    1.000    0.0004   1.659e-09  p
net791                      1.80    0.003    0.293    0.0003   1.646e-09  p
net290                      1.80    0.012    0.000    0.81e-4  1.618e-09  p
net874                      1.80    0.003    0.002    0.0003   1.609e-09  p
net429                      1.80    0.012    0.000    0.81e-4  1.552e-09  p
net244                      1.80    0.002    0.997    0.0005   1.544e-09  p
net897                      1.80    0.002    0.999    0.0004   1.518e-09  p
net253                      1.80    0.023    0.000    0.41e-4  1.515e-09  p
clknet_1_0__leaf_net429     1.80    0.011    0.000    0.81e-4  1.484e-09  p
net317                      1.80    0.022    0.000    0.41e-4  1.468e-09  p
net492                      1.80    0.011    0.001    0.81e-4  1.467e-09  p
clknet_1_0__leaf_net449     1.80    0.005    0.000    0.0002   1.407e-09  p
net516                      1.80    0.010    0.000    0.81e-4  1.364e-09  p
net161                      1.80    0.010    0.000    0.81e-4  1.274e-09  p
net553                      1.80    0.006    0.002    0.0001   1.269e-09  p
clknet_1_1__leaf_net429     1.80    0.010    0.000    0.81e-4  1.258e-09  p
net237                      1.80    0.003    0.000    0.0003   1.209e-09  p
clknet_1_1__leaf_net449     1.80    0.004    0.000    0.0002   1.135e-09  p
net258                      1.80    0.017    0.000    0.41e-4  1.114e-09  p
net838                      1.80    0.008    0.000    0.81e-4  1.087e-09  p
net441                      1.80    0.002    0.000    0.0004   1.079e-09  p
net422                      1.80    0.003    0.000    0.0002   1.072e-09  p
net801                      1.80    0.003    0.000    0.0002   1.063e-09  p
net638                      1.80    0.003    0.000    0.0002   1.038e-09  p
net450                      1.80    0.008    0.000    0.81e-4  1.000e-09  p
net228                      1.80    0.007    0.001    0.81e-4  9.274e-10  p
net487                      1.80    0.014    1.000    0.41e-4  9.094e-10  p
net729                      1.80    0.007    1.000    0.81e-4  8.699e-10  p
net890                      1.80    0.013    0.000    0.41e-4  8.345e-10  p
net813                      1.80    0.004    0.002    0.0001   7.649e-10  p
net206                      1.80    0.006    0.001    0.81e-4  7.343e-10  p
net580                      1.80    0.004    1.000    0.0001   7.268e-10  p
net478                      1.80    0.011    0.000    0.41e-4  7.107e-10  p
clknet_1_0__leaf_net290     1.80    0.005    0.000    0.81e-4  6.642e-10  p
net836                      1.80    0.003    0.001    0.0001   6.498e-10  p
net201                      1.80    0.010    0.000    0.41e-4  6.377e-10  p
net305                      1.80    0.009    0.000    0.41e-4  6.202e-10  p
net324                      1.80    0.009    0.001    0.41e-4  6.123e-10  p
net592                      1.80    0.005    0.001    0.81e-4  6.097e-10  p
out20                       1.80    0.001    0.293    0.0003   5.679e-10  p
net515                      1.80    0.005    0.038    0.61e-4  5.388e-10  p
net589                      1.80    0.003    0.000    0.0001   5.331e-10  p
net607                      1.80    0.004    1.000    0.81e-4  5.024e-10  p
net510                      1.80    0.008    0.000    0.41e-4  5.006e-10  p
clknet_1_1__leaf_net290     1.80    0.003    0.000    0.81e-4  4.441e-10  p
net239                      1.80    0.002    0.001    0.0001   4.318e-10  p
net585                      1.80    0.003    0.000    0.81e-4  4.221e-10  p
net369                      1.80    0.003    0.002    0.81e-4  4.109e-10  p
net199                      1.80    0.006    1.000    0.41e-4  3.994e-10  p
out8                        1.80    0.001    0.000    0.0002   3.610e-10  p
net844                      1.80    0.005    0.000    0.41e-4  3.453e-10  p
net530                      1.80    0.003    0.000    0.81e-4  3.432e-10  p
net891                      1.80    0.003    1.000    0.81e-4  3.325e-10  p
net858                      1.80    0.005    0.000    0.41e-4  3.308e-10  p
net351                      1.80    0.005    0.000    0.41e-4  3.217e-10  p
net895                      1.80    0.005    0.000    0.41e-4  3.193e-10  p
net698                      1.80    0.005    0.000    0.41e-4  3.084e-10  p
net165                      1.80    0.005    0.000    0.41e-4  3.029e-10  p
net529                      1.80    0.002    0.000    0.81e-4  2.947e-10  p
net526                      1.80    0.004    0.000    0.41e-4  2.923e-10  p
net788                      1.80    0.004    1.000    0.41e-4  2.910e-10  p
net889                      1.80    0.004    0.000    0.41e-4  2.838e-10  p
net820                      1.80    0.004    0.000    0.41e-4  2.464e-10  p
net370                      1.80    0.004    1.000    0.41e-4  2.367e-10  p
net851                      1.80    0.002    0.038    0.61e-4  1.961e-10  p
net849                      1.80    0.003    0.000    0.41e-4  1.955e-10  p
net264                      1.80    0.003    0.000    0.41e-4  1.808e-10  p
net843                      1.80    0.003    0.000    0.41e-4  1.801e-10  p
net200                      1.80    0.002    0.000    0.41e-4  1.577e-10  p
net686                      1.80    0.002    0.000    0.41e-4  1.567e-10  p
net586                      1.80    0.002    0.001    0.41e-4  1.435e-10  p
net212                      1.80    0.002    0.000    0.41e-4  1.302e-10  p
out18                       1.80    0.001    1.000    0.41e-4  5.824e-11  p
clknet_0_net333             1.80    0.019    0.000    0.0000      0.0000  p
clknet_0_net396             1.80    0.021    0.000    0.0000      0.0000  p
clknet_0_net398             1.80    0.024    0.000    0.0000      0.0000  p
clknet_0_net405             1.80    0.020    0.000    0.0000      0.0000  p
clknet_0_net518             1.80    0.019    0.000    0.0000      0.0000  p
clknet_0_net569             1.80    0.019    0.000    0.0000      0.0000  p
clknet_0_net575             1.80    0.019    0.000    0.0000      0.0000  p
clknet_0_net595             1.80    0.018    0.000    0.0000      0.0000  p
clknet_0_net797             1.80    0.018    0.000    0.0000      0.0000  p
clknet_1_0__leaf_net333     1.80    0.007    0.000    0.0000      0.0000  p
clknet_1_0__leaf_net396     1.80    0.005    0.000    0.0000      0.0000  p
clknet_1_0__leaf_net398     1.80    0.017    0.000    0.0000      0.0000  p
clknet_1_0__leaf_net405     1.80    0.005    0.000    0.0000      0.0000  p
clknet_1_0__leaf_net518     1.80    0.009    0.000    0.0000      0.0000  p
clknet_1_0__leaf_net569     1.80    0.005    0.000    0.0000      0.0000  p
clknet_1_0__leaf_net575     1.80    0.004    0.000    0.0000      0.0000  p
clknet_1_0__leaf_net595     1.80    0.007    0.000    0.0000      0.0000  p
clknet_1_0__leaf_net797     1.80    0.002    0.000    0.0000      0.0000  p
clknet_1_1__leaf_net333     1.80    0.011    0.000    0.0000      0.0000  p
clknet_1_1__leaf_net396     1.80    0.002    0.000    0.0000      0.0000  p
clknet_1_1__leaf_net398     1.80    0.010    0.000    0.0000      0.0000  p
clknet_1_1__leaf_net405     1.80    0.004    0.000    0.0000      0.0000  p
clknet_1_1__leaf_net518     1.80    0.014    0.000    0.0000      0.0000  p
clknet_1_1__leaf_net569     1.80    0.005    0.000    0.0000      0.0000  p
clknet_1_1__leaf_net575     1.80    0.004    0.000    0.0000      0.0000  p
clknet_1_1__leaf_net595     1.80    0.007    0.000    0.0000      0.0000  p
clknet_1_1__leaf_net797     1.80    0.002    0.000    0.0000      0.0000  p
net43                       1.80    0.039    0.000    0.0000      0.0000  p
net46                       1.80    0.081    0.000    0.0000      0.0000  p
net55                       1.80    0.002    1.000    0.0000      0.0000  p
net56                       1.80    0.021    0.000    0.0000      0.0000  p
net88                       1.80    0.009    0.000    0.0000      0.0000  p
net101                      1.80    0.007    0.000    0.0000      0.0000  p
net104                      1.80    0.005    0.000    0.0000      0.0000  p
net108                      1.80    0.006    0.000    0.0000      0.0000  p
net172                      1.80    0.004    0.000    0.0000      0.0000  p
net173                      1.80    0.003    1.000    0.0000      0.0000  p
net175                      1.80    0.011    1.000    0.0000      0.0000  p
net178                      1.80    0.014    0.000    0.0000      0.0000  p
net191                      1.80    0.003    1.000    0.0000      0.0000  p
net192                      1.80    0.002    0.000    0.0000      0.0000  p
net196                      1.80    0.026    0.000    0.0000      0.0000  p
net204                      1.80    0.013    0.000    0.0000      0.0000  p
net205                      1.80    0.008    0.000    0.0000      0.0000  p
net207                      1.80    0.009    0.000    0.0000      0.0000  p
net208                      1.80    0.006    1.000    0.0000      0.0000  p
net209                      1.80    0.002    0.000    0.0000      0.0000  p
net210                      1.80    0.008    0.000    0.0000      0.0000  p
net215                      1.80    0.004    0.000    0.0000      0.0000  p
net216                      1.80    0.005    0.000    0.0000      0.0000  p
net219                      1.80    0.036    0.000    0.0000      0.0000  p
net226                      1.80    0.003    0.000    0.0000      0.0000  p
net233                      1.80    0.003    0.000    0.0000      0.0000  p
net236                      1.80    0.006    0.000    0.0000      0.0000  p
net243                      1.80    0.002    0.000    0.0000      0.0000  p
net268                      1.80    0.010    0.000    0.0000      0.0000  p
net297                      1.80    0.007    0.000    0.0000      0.0000  p
net313                      1.80    0.007    0.000    0.0000      0.0000  p
net314                      1.80    0.009    0.000    0.0000      0.0000  p
net318                      1.80    0.053    0.000    0.0000      0.0000  p
net320                      1.80    0.074    0.000    0.0000      0.0000  p
net323                      1.80    0.040    1.000    0.0000      0.0000  p
net325                      1.80    0.009    0.000    0.0000      0.0000  p
net330                      1.80    0.024    0.000    0.0000      0.0000  p
net333                      1.80    0.021    0.000    0.0000      0.0000  p
net339                      1.80    0.032    1.000    0.0000      0.0000  p
net342                      1.80    0.013    0.000    0.0000      0.0000  p
net347                      1.80    0.010    0.000    0.0000      0.0000  p
net348                      1.80    0.003    0.000    0.0000      0.0000  p
net352                      1.80    0.003    0.000    0.0000      0.0000  p
net354                      1.80    0.006    0.000    0.0000      0.0000  p
net355                      1.80    0.008    1.000    0.0000      0.0000  p
net358                      1.80    0.035    0.000    0.0000      0.0000  p
net359                      1.80    0.007    0.000    0.0000      0.0000  p
net360                      1.80    0.004    0.000    0.0000      0.0000  p
net361                      1.80    0.004    1.000    0.0000      0.0000  p
net362                      1.80    0.005    0.000    0.0000      0.0000  p
net363                      1.80    0.004    0.000    0.0000      0.0000  p
net366                      1.80    0.003    0.000    0.0000      0.0000  p
net371                      1.80    0.003    0.000    0.0000      0.0000  p
net373                      1.80    0.010    0.000    0.0000      0.0000  p
net374                      1.80    0.004    0.000    0.0000      0.0000  p
net375                      1.80    0.002    0.000    0.0000      0.0000  p
net376                      1.80    0.002    0.000    0.0000      0.0000  p
net378                      1.80    0.005    0.000    0.0000      0.0000  p
net379                      1.80    0.008    0.000    0.0000      0.0000  p
net394                      1.80    0.040    0.000    0.0000      0.0000  p
net395                      1.80    0.006    0.000    0.0000      0.0000  p
net396                      1.80    0.011    0.000    0.0000      0.0000  p
net398                      1.80    0.020    0.000    0.0000      0.0000  p
net403                      1.80    0.003    0.000    0.0000      0.0000  p
net404                      1.80    0.007    1.000    0.0000      0.0000  p
net405                      1.80    0.010    0.000    0.0000      0.0000  p
net416                      1.80    0.033    0.000    0.0000      0.0000  p
net419                      1.80    0.003    1.000    0.0000      0.0000  p
net420                      1.80    0.005    0.000    0.0000      0.0000  p
net426                      1.80    0.002    0.000    0.0000      0.0000  p
net427                      1.80    0.002    1.000    0.0000      0.0000  p
net428                      1.80    0.011    0.000    0.0000      0.0000  p
net439                      1.80    0.028    0.000    0.0000      0.0000  p
net447                      1.80    0.031    0.000    0.0000      0.0000  p
net448                      1.80    0.012    0.000    0.0000      0.0000  p
net451                      1.80    0.010    0.000    0.0000      0.0000  p
net461                      1.80    0.005    0.000    0.0000      0.0000  p
net467                      1.80    0.003    0.000    0.0000      0.0000  p
net470                      1.80    0.014    0.000    0.0000      0.0000  p
net473                      1.80    0.003    0.000    0.0000      0.0000  p
net475                      1.80    0.003    0.000    0.0000      0.0000  p
net476                      1.80    0.003    0.000    0.0000      0.0000  p
net477                      1.80    0.014    0.000    0.0000      0.0000  p
net480                      1.80    0.008    0.000    0.0000      0.0000  p
net482                      1.80    0.002    0.000    0.0000      0.0000  p
net483                      1.80    0.010    0.000    0.0000      0.0000  p
net485                      1.80    0.003    0.000    0.0000      0.0000  p
net486                      1.80    0.010    1.000    0.0000      0.0000  p
net488                      1.80    0.003    0.000    0.0000      0.0000  p
net489                      1.80    0.004    0.000    0.0000      0.0000  p
net490                      1.80    0.025    0.000    0.0000      0.0000  p
net491                      1.80    0.003    0.000    0.0000      0.0000  p
net496                      1.80    0.003    0.000    0.0000      0.0000  p
net497                      1.80    0.002    0.000    0.0000      0.0000  p
net498                      1.80    0.004    1.000    0.0000      0.0000  p
net499                      1.80    0.003    0.000    0.0000      0.0000  p
net500                      1.80    0.004    0.000    0.0000      0.0000  p
net502                      1.80    0.005    0.000    0.0000      0.0000  p
net503                      1.80    0.003    1.000    0.0000      0.0000  p
net505                      1.80    0.012    1.000    0.0000      0.0000  p
net518                      1.80    0.015    0.000    0.0000      0.0000  p
net521                      1.80    0.015    0.000    0.0000      0.0000  p
net522                      1.80    0.009    0.000    0.0000      0.0000  p
net534                      1.80    0.018    1.000    0.0000      0.0000  p
net535                      1.80    0.008    0.000    0.0000      0.0000  p
net540                      1.80    0.002    0.000    0.0000      0.0000  p
net541                      1.80    0.004    0.000    0.0000      0.0000  p
net542                      1.80    0.008    0.000    0.0000      0.0000  p
net543                      1.80    0.004    0.000    0.0000      0.0000  p
net544                      1.80    0.050    0.000    0.0000      0.0000  p
net545                      1.80    0.014    0.000    0.0000      0.0000  p
net546                      1.80    0.007    0.000    0.0000      0.0000  p
net547                      1.80    0.004    0.000    0.0000      0.0000  p
net549                      1.80    0.003    0.000    0.0000      0.0000  p
net554                      1.80    0.011    0.000    0.0000      0.0000  p
net555                      1.80    0.004    0.000    0.0000      0.0000  p
net556                      1.80    0.004    1.000    0.0000      0.0000  p
net558                      1.80    0.011    0.000    0.0000      0.0000  p
net559                      1.80    0.002    0.000    0.0000      0.0000  p
net561                      1.80    0.002    0.000    0.0000      0.0000  p
net568                      1.80    0.031    0.000    0.0000      0.0000  p
net569                      1.80    0.016    0.000    0.0000      0.0000  p
net570                      1.80    0.007    0.000    0.0000      0.0000  p
net571                      1.80    0.002    1.000    0.0000      0.0000  p
net573                      1.80    0.004    0.000    0.0000      0.0000  p
net574                      1.80    0.003    0.000    0.0000      0.0000  p
net575                      1.80    0.013    0.000    0.0000      0.0000  p
net576                      1.80    0.002    0.000    0.0000      0.0000  p
net579                      1.80    0.023    0.000    0.0000      0.0000  p
net581                      1.80    0.009    0.000    0.0000      0.0000  p
net583                      1.80    0.003    0.000    0.0000      0.0000  p
net587                      1.80    0.010    0.000    0.0000      0.0000  p
net588                      1.80    0.011    0.000    0.0000      0.0000  p
net591                      1.80    0.018    0.000    0.0000      0.0000  p
net593                      1.80    0.003    1.000    0.0000      0.0000  p
net594                      1.80    0.012    0.000    0.0000      0.0000  p
net595                      1.80    0.018    0.000    0.0000      0.0000  p
net596                      1.80    0.011    1.000    0.0000      0.0000  p
net598                      1.80    0.005    1.000    0.0000      0.0000  p
net604                      1.80    0.003    1.000    0.0000      0.0000  p
net605                      1.80    0.008    1.000    0.0000      0.0000  p
net610                      1.80    0.010    0.000    0.0000      0.0000  p
net612                      1.80    0.008    1.000    0.0000      0.0000  p
net614                      1.80    0.003    1.000    0.0000      0.0000  p
net616                      1.80    0.003    0.000    0.0000      0.0000  p
net617                      1.80    0.003    0.000    0.0000      0.0000  p
net630                      1.80    0.003    0.000    0.0000      0.0000  p
net633                      1.80    0.003    0.000    0.0000      0.0000  p
net636                      1.80    0.017    1.000    0.0000      0.0000  p
net637                      1.80    0.026    0.000    0.0000      0.0000  p
net639                      1.80    0.004    1.000    0.0000      0.0000  p
net640                      1.80    0.003    0.000    0.0000      0.0000  p
net646                      1.80    0.007    0.000    0.0000      0.0000  p
net651                      1.80    0.003    0.000    0.0000      0.0000  p
net659                      1.80    0.002    0.000    0.0000      0.0000  p
net662                      1.80    0.002    0.000    0.0000      0.0000  p
net665                      1.80    0.002    0.000    0.0000      0.0000  p
net669                      1.80    0.005    1.000    0.0000      0.0000  p
net672                      1.80    0.003    0.000    0.0000      0.0000  p
net688                      1.80    0.003    1.000    0.0000      0.0000  p
net695                      1.80    0.005    1.000    0.0000      0.0000  p
net701                      1.80    0.003    0.000    0.0000      0.0000  p
net702                      1.80    0.003    1.000    0.0000      0.0000  p
net706                      1.80    0.003    0.000    0.0000      0.0000  p
net707                      1.80    0.012    1.000    0.0000      0.0000  p
net708                      1.80    0.002    1.000    0.0000      0.0000  p
net711                      1.80    0.027    1.000    0.0000      0.0000  p
net780                      1.80    0.037    1.000    0.0000      0.0000  p
net782                      1.80    0.022    0.000    0.0000      0.0000  p
net787                      1.80    0.009    0.000    0.0000      0.0000  p
net792                      1.80    0.013    0.000    0.0000      0.0000  p
net797                      1.80    0.009    0.000    0.0000      0.0000  p
net798                      1.80    0.029    0.000    0.0000      0.0000  p
net799                      1.80    0.009    0.000    0.0000      0.0000  p
net815                      1.80    0.009    0.000    0.0000      0.0000  p
net824                      1.80    0.004    0.000    0.0000      0.0000  p
net828                      1.80    0.011    0.000    0.0000      0.0000  p
net832                      1.80    0.006    0.000    0.0000      0.0000  p
net842                      1.80    0.002    0.000    0.0000      0.0000  p
net846                      1.80    0.003    0.000    0.0000      0.0000  p
net847                      1.80    0.002    1.000    0.0000      0.0000  p
net850                      1.80    0.010    0.000    0.0000      0.0000  p
net853                      1.80    0.003    0.000    0.0000      0.0000  p
net857                      1.80    0.007    1.000    0.0000      0.0000  p
net860                      1.80    0.002    0.000    0.0000      0.0000  p
net863                      1.80    0.003    0.000    0.0000      0.0000  p
net868                      1.80    0.006    0.000    0.0000      0.0000  p
net871                      1.80    0.005    0.000    0.0000      0.0000  p
net875                      1.80    0.003    0.000    0.0000      0.0000  p
net877                      1.80    0.003    0.000    0.0000      0.0000  p
net878                      1.80    0.002    0.000    0.0000      0.0000  p
net880                      1.80    0.004    0.000    0.0000      0.0000  p
net885                      1.80    0.002    0.000    0.0000      0.0000  p
net886                      1.80    0.003    1.000    0.0000      0.0000  p
net888                      1.80    0.004    0.000    0.0000      0.0000  p
net892                      1.80    0.008    1.000    0.0000      0.0000  p
net894                      1.80    0.002    1.000    0.0000      0.0000  p
net899                      1.80    0.005    1.000    0.0000      0.0000  p
out4                        1.80    0.001    0.000    0.0000      0.0000  p
out5                        1.80    0.001    0.000    0.0000      0.0000  p
out6                        1.80    0.003    0.000    0.0000      0.0000  p
out10                       1.80    0.001    1.000    0.0000      0.0000  p
out12                       1.80    0.001    0.000    0.0000      0.0000  p
out17                       1.80    0.001    0.000    0.0000      0.0000  p
out21                       1.80    0.002    0.000    0.0000      0.0000  p
--------------------------------------------------------------------------------
Total (1149 nets)                                              1.405e-03 Watt



                                      Int      Switch   Leak      Total
Hierarchy                             Power    Power    Power     Power    %
--------------------------------------------------------------------------------
netlist_0                             1.61e-03 1.40e-03 8.04e-09  3.02e-03 100.0
1
