Information: Derived library resistance unit is 1.000000 Kohm (Time unit is 1 ns, and Capacitance unit is 1.000000 pF). (DES-028)
Warning: Detected semantically incorrect SPEF in coupling section. (PARA-098)
Warning: Coupling capacitor (in18:11 in20:9 0) on net in20 is discarded because the value cannot be <= 0 (PARA-040)
Warning: Coupling capacitor (input23/A input42/A 0) on net in47 is discarded because the value cannot be <= 0 (PARA-040)
Warning: Coupling capacitor (input5/A input42/A 0) on net in47 is discarded because the value cannot be <= 0 (PARA-040)
Warning: Coupling capacitor (in12:7 in47:7 0) on net in47 is discarded because the value cannot be <= 0 (PARA-040)
Warning: Coupling capacitor (in29:7 in47:7 0) on net in47 is discarded because the value cannot be <= 0 (PARA-040)
Warning: Coupling capacitor (in46:9 in48:11 0) on net in48 is discarded because the value cannot be <= 0 (PARA-040)
Warning: Coupling capacitor (in18:11 in5:13 0) on net in5 is discarded because the value cannot be <= 0 (PARA-040)
Warning: Coupling capacitor (input39/A input47/A 0) on net in51 is discarded because the value cannot be <= 0 (PARA-040)
Warning: Coupling capacitor (in44:7 in51:7 0) on net in51 is discarded because the value cannot be <= 0 (PARA-040)
Warning: Coupling capacitor (in42:11 in52:7 0) on net in52 is discarded because the value cannot be <= 0 (PARA-040)
Warning: Coupling capacitor (in46:9 in53:11 0) on net in53 is discarded because the value cannot be <= 0 (PARA-040)
Warning: Coupling capacitor (in48:11 in54:11 0) on net in54 is discarded because the value cannot be <= 0 (PARA-040)
Warning: Coupling capacitor (in53:11 in56:11 0) on net in56 is discarded because the value cannot be <= 0 (PARA-040)
Warning: Coupling capacitor (in43:11 in57:11 0) on net in57 is discarded because the value cannot be <= 0 (PARA-040)
Warning: Coupling capacitor (in56:11 in57:11 0) on net in57 is discarded because the value cannot be <= 0 (PARA-040)
Warning: Coupling capacitor (input47/A input55/A 0) on net in59 is discarded because the value cannot be <= 0 (PARA-040)
Warning: Coupling capacitor (input5/A input55/A 0) on net in59 is discarded because the value cannot be <= 0 (PARA-040)
Warning: Coupling capacitor (in12:7 in59:7 0) on net in59 is discarded because the value cannot be <= 0 (PARA-040)
Warning: Coupling capacitor (in51:7 in59:7 0) on net in59 is discarded because the value cannot be <= 0 (PARA-040)
Warning: Coupling capacitor (in33:13 in6:9 0) on net in6 is discarded because the value cannot be <= 0 (PARA-040)
Warning: Coupling capacitor (in42:11 in61:11 0) on net in61 is discarded because the value cannot be <= 0 (PARA-040)
Warning: Coupling capacitor (out3 out36 0) on net out36 is discarded because the value cannot be <= 0 (PARA-040)
Warning: Coupling capacitor (out45 out56 0) on net out56 is discarded because the value cannot be <= 0 (PARA-040)
Warning: Coupling capacitor (out48 out58 0) on net out58 is discarded because the value cannot be <= 0 (PARA-040)
Warning: Coupling capacitor (clkbuf_1_0__f_net540/A clkbuf_1_0__f_net553/A 0) on net clknet_0_net553 is discarded because the value cannot be <= 0 (PARA-040)
Warning: Coupling capacitor (clkbuf_1_1__f_net539/A clkbuf_1_1__f_net553/A 0) on net clknet_0_net553 is discarded because the value cannot be <= 0 (PARA-040)
Warning: Coupling capacitor (clkbuf_1_1__f_net540/A clkbuf_1_0__f_net553/A 0) on net clknet_0_net553 is discarded because the value cannot be <= 0 (PARA-040)
Warning: Coupling capacitor (clkbuf_1_0__f_net655/A clkbuf_1_1__f_net656/A 0) on net clknet_0_net656 is discarded because the value cannot be <= 0 (PARA-040)
Warning: Coupling capacitor (clkbuf_1_0__f_net656/A clkbuf_1_1__f_net658/A 0) on net clknet_0_net658 is discarded because the value cannot be <= 0 (PARA-040)
Warning: Coupling capacitor (clkbuf_1_1__f_net654/A clkbuf_1_0__f_net658/A 0) on net clknet_0_net658 is discarded because the value cannot be <= 0 (PARA-040)
Warning: Coupling capacitor (clkbuf_1_1__f_net656/A clkbuf_1_1__f_net658/A 0) on net clknet_0_net658 is discarded because the value cannot be <= 0 (PARA-040)
Warning: Coupling capacitor (clkbuf_1_1__f_net656/A clkbuf_1_0__f_net660/A 0) on net clknet_0_net660 is discarded because the value cannot be <= 0 (PARA-040)
Warning: Coupling capacitor (clk:11 clkbuf_1_0__f_net708/A 0) on net clknet_0_net708 is discarded because the value cannot be <= 0 (PARA-040)
Warning: Coupling capacitor (out34 clkbuf_1_1__f_net808/A 0) on net clknet_0_net808 is discarded because the value cannot be <= 0 (PARA-040)
Warning: Coupling capacitor (clkbuf_1_0__f_net422/A clkbuf_1_1__f_net813/A 0) on net clknet_0_net813 is discarded because the value cannot be <= 0 (PARA-040)
Warning: Coupling capacitor (out47 clkbuf_1_0__f_net819/A 0) on net clknet_0_net819 is discarded because the value cannot be <= 0 (PARA-040)
Warning: Coupling capacitor (out50 clkbuf_1_0__f_net819/A 0) on net clknet_0_net819 is discarded because the value cannot be <= 0 (PARA-040)
Warning: Coupling capacitor (clkbuf_1_0__f_net306/A clknet_1_0__leaf_net306:23 0) on net clknet_1_0__leaf_net306 is discarded because the value cannot be <= 0 (PARA-040)
Warning: Coupling capacitor (clk:11 c341/B 0) on net clknet_1_0__leaf_net307 is discarded because the value cannot be <= 0 (PARA-040)
Warning: Coupling capacitor (clk:13 c341/B 0) on net clknet_1_0__leaf_net307 is discarded because the value cannot be <= 0 (PARA-040)
Warning: Coupling capacitor (clkbuf_1_0__f_net306/A c347/SCD 0) on net clknet_1_0__leaf_net316 is discarded because the value cannot be <= 0 (PARA-040)
Warning: Coupling capacitor (clkbuf_1_0__f_net306/A c355/A3 0) on net clknet_1_0__leaf_net316 is discarded because the value cannot be <= 0 (PARA-040)
Warning: Coupling capacitor (clkbuf_1_0__f_net316/A c347/SCD 0) on net clknet_1_0__leaf_net316 is discarded because the value cannot be <= 0 (PARA-040)
Warning: Coupling capacitor (clkbuf_1_0__f_net316/A c355/A3 0) on net clknet_1_0__leaf_net316 is discarded because the value cannot be <= 0 (PARA-040)
Warning: Coupling capacitor (clkbuf_1_1__f_net316/A c355/A3 0) on net clknet_1_0__leaf_net316 is discarded because the value cannot be <= 0 (PARA-040)
Warning: Coupling capacitor (clkbuf_1_0__f_net424/A c473/D 0) on net clknet_1_0__leaf_net424 is discarded because the value cannot be <= 0 (PARA-040)
Warning: Coupling capacitor (clknet_0_net725:12 c482/S0 0) on net clknet_1_0__leaf_net426 is discarded because the value cannot be <= 0 (PARA-040)
Warning: Coupling capacitor (clknet_0_net725:12 clknet_1_0__leaf_net426:10 0) on net clknet_1_0__leaf_net426 is discarded because the value cannot be <= 0 (PARA-040)
Warning: Coupling capacitor (c550/B c552/D 0) on net clknet_1_0__leaf_net495 is discarded because the value cannot be <= 0 (PARA-040)
Warning: Coupling capacitor (c550/B c560/S0 0) on net clknet_1_0__leaf_net495 is discarded because the value cannot be <= 0 (PARA-040)
Warning: Coupling capacitor (clkbuf_1_1__f_net652/A c717/B 0) on net clknet_1_0__leaf_net653 is discarded because the value cannot be <= 0 (PARA-040)
Warning: Coupling capacitor (c717/B c719/A 0) on net clknet_1_0__leaf_net654 is discarded because the value cannot be <= 0 (PARA-040)
Warning: Coupling capacitor (clkbuf_1_1__f_net654/A c721/C 0) on net clknet_1_0__leaf_net655 is discarded because the value cannot be <= 0 (PARA-040)
Warning: Coupling capacitor (clkbuf_1_0__f_net654/A c724/A 0) on net clknet_1_0__leaf_net657 is discarded because the value cannot be <= 0 (PARA-040)
Warning: Coupling capacitor (clkbuf_1_1__f_net654/A c724/A 0) on net clknet_1_0__leaf_net657 is discarded because the value cannot be <= 0 (PARA-040)
Warning: Coupling capacitor (clkbuf_1_0__f_net707/A c209/C 0) on net clknet_1_0__leaf_net707 is discarded because the value cannot be <= 0 (PARA-040)
Warning: Coupling capacitor (clkbuf_1_0__f_net424/A c473/RESET_B 0) on net clknet_1_0__leaf_net725 is discarded because the value cannot be <= 0 (PARA-040)
Warning: Coupling capacitor (clkbuf_1_0__f_net426/A clknet_1_0__leaf_net808:10 0) on net clknet_1_0__leaf_net808 is discarded because the value cannot be <= 0 (PARA-040)
Warning: Coupling capacitor (clknet_1_0__leaf_net426:10 clknet_1_0__leaf_net808:10 0) on net clknet_1_0__leaf_net808 is discarded because the value cannot be <= 0 (PARA-040)
Warning: Coupling capacitor (clkbuf_1_0__f_net422/A c480/D 0) on net clknet_1_0__leaf_net813 is discarded because the value cannot be <= 0 (PARA-040)
Warning: Coupling capacitor (clknet_1_0__leaf_net422:10 c471/D 0) on net clknet_1_0__leaf_net813 is discarded because the value cannot be <= 0 (PARA-040)
Warning: Coupling capacitor (clkbuf_1_0__f_net422/A c472/S0 0) on net clknet_1_1__leaf_net422 is discarded because the value cannot be <= 0 (PARA-040)
Warning: Coupling capacitor (clknet_0_net805:10 c472/S0 0) on net clknet_1_1__leaf_net422 is discarded because the value cannot be <= 0 (PARA-040)
Warning: Coupling capacitor (clknet_1_0__leaf_net803:10 c472/S0 0) on net clknet_1_1__leaf_net422 is discarded because the value cannot be <= 0 (PARA-040)
Warning: Coupling capacitor (clkbuf_1_1__f_net726/A clknet_1_1__leaf_net426:16 0) on net clknet_1_1__leaf_net426 is discarded because the value cannot be <= 0 (PARA-040)
Warning: Coupling capacitor (clkbuf_1_0__f_net659/A clknet_1_1__leaf_net657:23 0) on net clknet_1_1__leaf_net657 is discarded because the value cannot be <= 0 (PARA-040)
Warning: Coupling capacitor (clknet_1_0__leaf_net660:10 c728/S1 0) on net clknet_1_1__leaf_net657 is discarded because the value cannot be <= 0 (PARA-040)
Warning: Coupling capacitor (c476/A clknet_1_1__leaf_net725:20 0) on net clknet_1_1__leaf_net725 is discarded because the value cannot be <= 0 (PARA-040)
Warning: Coupling capacitor (c478/D c475/B 0) on net clknet_1_1__leaf_net725 is discarded because the value cannot be <= 0 (PARA-040)
Warning: Coupling capacitor (clkbuf_1_0__f_net808/A c475/B 0) on net clknet_1_1__leaf_net725 is discarded because the value cannot be <= 0 (PARA-040)
Warning: Coupling capacitor (out33 clknet_1_1__leaf_net726:10 0) on net clknet_1_1__leaf_net726 is discarded because the value cannot be <= 0 (PARA-040)
Warning: Coupling capacitor (c478/D clknet_1_1__leaf_net726:10 0) on net clknet_1_1__leaf_net726 is discarded because the value cannot be <= 0 (PARA-040)
Warning: Coupling capacitor (clkbuf_1_0__f_net808/A clknet_1_1__leaf_net726:10 0) on net clknet_1_1__leaf_net726 is discarded because the value cannot be <= 0 (PARA-040)
Warning: Coupling capacitor (out21 output69/A 0) on net clknet_1_1__leaf_net805 is discarded because the value cannot be <= 0 (PARA-040)
Warning: Coupling capacitor (output67/A output69/A 0) on net clknet_1_1__leaf_net805 is discarded because the value cannot be <= 0 (PARA-040)
Warning: Coupling capacitor (c329/SCE clknet_2_0__leaf_clk:205 0) on net clknet_2_0__leaf_clk is discarded because the value cannot be <= 0 (PARA-040)
Warning: Coupling capacitor (clkbuf_1_0__f_net298/A clknet_2_0__leaf_clk:205 0) on net clknet_2_0__leaf_clk is discarded because the value cannot be <= 0 (PARA-040)
Warning: Coupling capacitor (clknet_1_0__leaf_net298:8 clknet_2_0__leaf_clk:205 0) on net clknet_2_0__leaf_clk is discarded because the value cannot be <= 0 (PARA-040)
Warning: Coupling capacitor (c250/SCE clkbuf_leaf_22_clk/A 0) on net clknet_2_2__leaf_clk is discarded because the value cannot be <= 0 (PARA-040)
Warning: Coupling capacitor (c337/A clknet_2_2__leaf_clk:46 0) on net clknet_2_2__leaf_clk is discarded because the value cannot be <= 0 (PARA-040)
Warning: Coupling capacitor (c338/A clkbuf_leaf_24_clk/A 0) on net clknet_2_2__leaf_clk is discarded because the value cannot be <= 0 (PARA-040)
Warning: Coupling capacitor (clkbuf_1_1__f_net708/A clkbuf_leaf_24_clk/A 0) on net clknet_2_2__leaf_clk is discarded because the value cannot be <= 0 (PARA-040)
Warning: Coupling capacitor (clknet_1_0__leaf_net306:23 clknet_2_2__leaf_clk:46 0) on net clknet_2_2__leaf_clk is discarded because the value cannot be <= 0 (PARA-040)
Warning: Coupling capacitor (c607/D clknet_2_3__leaf_clk:201 0) on net clknet_2_3__leaf_clk is discarded because the value cannot be <= 0 (PARA-040)
Warning: Coupling capacitor (clkbuf_1_0__f_net494/A clknet_2_3__leaf_clk:50 0) on net clknet_2_3__leaf_clk is discarded because the value cannot be <= 0 (PARA-040)
Warning: Coupling capacitor (clkbuf_1_0__f_net660/A ANTENNA_clkbuf_leaf_15_clk_A/DIODE 0) on net clknet_2_3__leaf_clk is discarded because the value cannot be <= 0 (PARA-040)
Warning: Coupling capacitor (clkbuf_1_0__f_net669/A clknet_2_3__leaf_clk:110 0) on net clknet_2_3__leaf_clk is discarded because the value cannot be <= 0 (PARA-040)
Warning: Coupling capacitor (clkbuf_1_1__f_net494/A clknet_2_3__leaf_clk:50 0) on net clknet_2_3__leaf_clk is discarded because the value cannot be <= 0 (PARA-040)
Warning: Coupling capacitor (clkbuf_1_1__f_net539/A clknet_2_3__leaf_clk:201 0) on net clknet_2_3__leaf_clk is discarded because the value cannot be <= 0 (PARA-040)
Warning: Coupling capacitor (clknet_1_0__leaf_net652:10 clkbuf_leaf_16_clk/A 0) on net clknet_2_3__leaf_clk is discarded because the value cannot be <= 0 (PARA-040)
Warning: Coupling capacitor (clknet_2_1__leaf_clk:166 c416/CLK 0) on net clknet_leaf_10_clk is discarded because the value cannot be <= 0 (PARA-040)
Warning: Coupling capacitor (clknet_2_1__leaf_clk:172 c416/CLK 0) on net clknet_leaf_10_clk is discarded because the value cannot be <= 0 (PARA-040)
Warning: Coupling capacitor (c552/RESET_B c552/CLK 0) on net clknet_leaf_12_clk is discarded because the value cannot be <= 0 (PARA-040)
Warning: Coupling capacitor (clknet_1_1__leaf_net494:10 c552/CLK 0) on net clknet_leaf_12_clk is discarded because the value cannot be <= 0 (PARA-040)
Warning: Coupling capacitor (clknet_2_3__leaf_clk:50 clknet_leaf_12_clk:10 0) on net clknet_leaf_12_clk is discarded because the value cannot be <= 0 (PARA-040)
Warning: Coupling capacitor (clknet_2_3__leaf_clk:50 clknet_leaf_12_clk:12 0) on net clknet_leaf_12_clk is discarded because the value cannot be <= 0 (PARA-040)
Warning: Coupling capacitor (clknet_2_3__leaf_clk:50 clknet_leaf_12_clk:14 0) on net clknet_leaf_12_clk is discarded because the value cannot be <= 0 (PARA-040)
Warning: Coupling capacitor (c721/C clknet_leaf_15_clk:30 0) on net clknet_leaf_15_clk is discarded because the value cannot be <= 0 (PARA-040)
Warning: Coupling capacitor (c723/SCE c723/CLK 0) on net clknet_leaf_15_clk is discarded because the value cannot be <= 0 (PARA-040)
Warning: Coupling capacitor (clkbuf_1_0__f_net652/A s783/CLK 0) on net clknet_leaf_15_clk is discarded because the value cannot be <= 0 (PARA-040)
Note - message 'PARA-040' default limit (100) exceeded.  Remainder will be suppressed.
Warning: Net 'net195' is multi-driven. (DES-023)
Warning: Net 'net218' is multi-driven. (DES-023)
Warning: Net 'net240' is multi-driven. (DES-023)
Warning: Net 'net439' is multi-driven. (DES-023)
Warning: Net 'net604' is multi-driven. (DES-023)
Warning: Net 'net677' is multi-driven. (DES-023)
Warning: Net 'net681' is multi-driven. (DES-023)
Warning: Net 'net689' is multi-driven. (DES-023)

****************************************
Report : read_parasitics /nas/ei/home/ge78pav/TM_power/TM_openlane/TM_openlane_single_min/TM_openlane_min_ios/TM_openlane_min_ios_mid/netlist_0/low/spef/netlist_0.nom.spef
Design : netlist_0
Version: Q-2019.12-SP1
Date   : Wed Aug 21 14:45:30 2024
****************************************

        0 error(s)
        Format is SPEF
        Annotated nets                   :         1200
        Annotated capacitances           :         5307
        Annotated resistances            :         4107
        Reduced coupling capacitances    :         5960
        Annotated PI models              :            0
        Annotated Elmore delays          :            0

