Information: Derived library resistance unit is 1.000000 Kohm (Time unit is 1 ns, and Capacitance unit is 1.000000 pF). (DES-028)
Warning: Detected semantically incorrect SPEF in coupling section. (PARA-098)
Warning: Coupling capacitor (in16:13 in18:13 0) on net in18 is discarded because the value cannot be <= 0 (PARA-040)
Warning: Coupling capacitor (in1:7 in2:7 0) on net in2 is discarded because the value cannot be <= 0 (PARA-040)
Warning: Coupling capacitor (input12/A input14/A 0) on net in21 is discarded because the value cannot be <= 0 (PARA-040)
Warning: Coupling capacitor (in2:7 in21:7 0) on net in21 is discarded because the value cannot be <= 0 (PARA-040)
Warning: Coupling capacitor (input15/A input17/A 0) on net in24 is discarded because the value cannot be <= 0 (PARA-040)
Warning: Coupling capacitor (in10:5 in24:7 0) on net in24 is discarded because the value cannot be <= 0 (PARA-040)
Warning: Coupling capacitor (in22:7 in24:7 0) on net in24 is discarded because the value cannot be <= 0 (PARA-040)
Warning: Coupling capacitor (in1:7 in4:7 0) on net in4 is discarded because the value cannot be <= 0 (PARA-040)
Warning: Coupling capacitor (in17:7 in5:5 0) on net in5 is discarded because the value cannot be <= 0 (PARA-040)
Warning: Coupling capacitor (input14/A input21/A 0) on net in6 is discarded because the value cannot be <= 0 (PARA-040)
Warning: Coupling capacitor (input15/A input21/A 0) on net in6 is discarded because the value cannot be <= 0 (PARA-040)
Warning: Coupling capacitor (in21:7 in6:7 0) on net in6 is discarded because the value cannot be <= 0 (PARA-040)
Warning: Coupling capacitor (in22:7 in6:7 0) on net in6 is discarded because the value cannot be <= 0 (PARA-040)
Warning: Coupling capacitor (out0 out11 0) on net out11 is discarded because the value cannot be <= 0 (PARA-040)
Warning: Coupling capacitor (out10 out16 0) on net out16 is discarded because the value cannot be <= 0 (PARA-040)
Warning: Coupling capacitor (out14 out16 0) on net out16 is discarded because the value cannot be <= 0 (PARA-040)
Warning: Coupling capacitor (in4:7 out17 0) on net out17 is discarded because the value cannot be <= 0 (PARA-040)
Warning: Coupling capacitor (out11 out22 0) on net out22 is discarded because the value cannot be <= 0 (PARA-040)
Warning: Coupling capacitor (out19 out22 0) on net out22 is discarded because the value cannot be <= 0 (PARA-040)
Warning: Coupling capacitor (out19 out3 0) on net out3 is discarded because the value cannot be <= 0 (PARA-040)
Warning: Coupling capacitor (out24 out3 0) on net out3 is discarded because the value cannot be <= 0 (PARA-040)
Warning: Coupling capacitor (out4 out9 0) on net out9 is discarded because the value cannot be <= 0 (PARA-040)
Warning: Coupling capacitor (clknet_0_clk:12 clkbuf_1_0__f_net252/A 0) on net clknet_0_net252 is discarded because the value cannot be <= 0 (PARA-040)
Warning: Coupling capacitor (clknet_0_clk:12 clkbuf_1_0__f_net401/A 0) on net clknet_0_net401 is discarded because the value cannot be <= 0 (PARA-040)
Warning: Coupling capacitor (clknet_0_clk:12 clkbuf_1_1__f_net401/A 0) on net clknet_0_net401 is discarded because the value cannot be <= 0 (PARA-040)
Warning: Coupling capacitor (clknet_1_0__leaf_net165:18 c183/A3 0) on net clknet_1_0__leaf_net166 is discarded because the value cannot be <= 0 (PARA-040)
Warning: Coupling capacitor (clkbuf_1_0__f_net356/A c500/B 0) on net clknet_1_0__leaf_net242 is discarded because the value cannot be <= 0 (PARA-040)
Warning: Coupling capacitor (clkbuf_1_0__f_net359/A clknet_1_0__leaf_net359:10 0) on net clknet_1_0__leaf_net359 is discarded because the value cannot be <= 0 (PARA-040)
Warning: Coupling capacitor (c409/D c401/A 0) on net clknet_1_1__leaf_net261 is discarded because the value cannot be <= 0 (PARA-040)
Warning: Coupling capacitor (clknet_1_0__leaf_net165:10 c304/A0 0) on net clknet_1_1__leaf_net290 is discarded because the value cannot be <= 0 (PARA-040)
Warning: Coupling capacitor (clknet_1_0__leaf_net165:12 c304/A0 0) on net clknet_1_1__leaf_net290 is discarded because the value cannot be <= 0 (PARA-040)
Warning: Coupling capacitor (clkbuf_1_1__f_net398/A c403/A 0) on net clknet_1_1__leaf_net398 is discarded because the value cannot be <= 0 (PARA-040)
Warning: Coupling capacitor (clkbuf_1_1__f_net252/A c541/SCE 0) on net clknet_1_1__leaf_net539 is discarded because the value cannot be <= 0 (PARA-040)
Warning: Coupling capacitor (c183/S1 clknet_2_0__leaf_clk:116 0) on net clknet_2_0__leaf_clk is discarded because the value cannot be <= 0 (PARA-040)
Warning: Coupling capacitor (clkbuf_1_0__f_net260/A clknet_2_2__leaf_clk:165 0) on net clknet_2_2__leaf_clk is discarded because the value cannot be <= 0 (PARA-040)
Warning: Coupling capacitor (clkbuf_1_1__f_net252/A clknet_2_2__leaf_clk:35 0) on net clknet_2_2__leaf_clk is discarded because the value cannot be <= 0 (PARA-040)
Warning: Coupling capacitor (clkbuf_1_1__f_net252/A clknet_2_2__leaf_clk:41 0) on net clknet_2_2__leaf_clk is discarded because the value cannot be <= 0 (PARA-040)
Warning: Coupling capacitor (clkbuf_1_1__f_net260/A clknet_2_2__leaf_clk:165 0) on net clknet_2_2__leaf_clk is discarded because the value cannot be <= 0 (PARA-040)
Warning: Coupling capacitor (clkbuf_1_0__f_net757/A c425/CLK 0) on net clknet_leaf_11_clk is discarded because the value cannot be <= 0 (PARA-040)
Warning: Coupling capacitor (clkbuf_1_0__f_net757/A clknet_leaf_11_clk:31 0) on net clknet_leaf_11_clk is discarded because the value cannot be <= 0 (PARA-040)
Warning: Coupling capacitor (clkbuf_1_1__f_net757/A clknet_leaf_11_clk:31 0) on net clknet_leaf_11_clk is discarded because the value cannot be <= 0 (PARA-040)
Warning: Coupling capacitor (clknet_1_1__leaf_net814:55 c607/CLK_N 0) on net clknet_leaf_17_clk is discarded because the value cannot be <= 0 (PARA-040)
Warning: Coupling capacitor (clknet_2_3__leaf_clk:60 c480/CLK 0) on net clknet_leaf_17_clk is discarded because the value cannot be <= 0 (PARA-040)
Warning: Coupling capacitor (clknet_2_3__leaf_clk:60 clknet_leaf_17_clk:22 0) on net clknet_leaf_17_clk is discarded because the value cannot be <= 0 (PARA-040)
Warning: Coupling capacitor (clknet_2_3__leaf_clk:76 clknet_leaf_17_clk:22 0) on net clknet_leaf_17_clk is discarded because the value cannot be <= 0 (PARA-040)
Warning: Coupling capacitor (c261/A clknet_leaf_1_clk:12 0) on net clknet_leaf_1_clk is discarded because the value cannot be <= 0 (PARA-040)
Warning: Coupling capacitor (clknet_0_net402:12 c387/GATE_N 0) on net clknet_leaf_1_clk is discarded because the value cannot be <= 0 (PARA-040)
Warning: Coupling capacitor (clknet_0_clk:101 c460/CLK 0) on net clknet_leaf_20_clk is discarded because the value cannot be <= 0 (PARA-040)
Warning: Coupling capacitor (clknet_0_clk:101 clknet_leaf_20_clk:79 0) on net clknet_leaf_20_clk is discarded because the value cannot be <= 0 (PARA-040)
Warning: Coupling capacitor (clknet_2_1__leaf_clk:16 s753/CLK 0) on net clknet_leaf_27_clk is discarded because the value cannot be <= 0 (PARA-040)
Warning: Coupling capacitor (clkbuf_leaf_28_clk/A c237/CLK 0) on net clknet_leaf_28_clk is discarded because the value cannot be <= 0 (PARA-040)
Warning: Coupling capacitor (clknet_0_clk:42 merge733/CLK 0) on net clknet_leaf_32_clk is discarded because the value cannot be <= 0 (PARA-040)
Warning: Coupling capacitor (clk:13 merge735/GATE_N 0) on net clknet_leaf_34_clk is discarded because the value cannot be <= 0 (PARA-040)
Warning: Coupling capacitor (clk:13 clknet_leaf_34_clk:25 0) on net clknet_leaf_34_clk is discarded because the value cannot be <= 0 (PARA-040)
Warning: Coupling capacitor (clk:13 clknet_leaf_34_clk:27 0) on net clknet_leaf_34_clk is discarded because the value cannot be <= 0 (PARA-040)
Warning: Coupling capacitor (clk:13 clknet_leaf_34_clk:29 0) on net clknet_leaf_34_clk is discarded because the value cannot be <= 0 (PARA-040)
Warning: Coupling capacitor (clk:13 clknet_leaf_34_clk:76 0) on net clknet_leaf_34_clk is discarded because the value cannot be <= 0 (PARA-040)
Warning: Coupling capacitor (clknet_2_0__leaf_clk:126 merge747/CLK 0) on net clknet_leaf_35_clk is discarded because the value cannot be <= 0 (PARA-040)
Warning: Coupling capacitor (clknet_2_0__leaf_clk:126 clknet_leaf_35_clk:18 0) on net clknet_leaf_35_clk is discarded because the value cannot be <= 0 (PARA-040)
Warning: Coupling capacitor (clknet_2_2__leaf_clk:178 c407/CLK_N 0) on net clknet_leaf_3_clk is discarded because the value cannot be <= 0 (PARA-040)
Warning: Coupling capacitor (clknet_2_2__leaf_clk:239 clknet_leaf_7_clk:10 0) on net clknet_leaf_7_clk is discarded because the value cannot be <= 0 (PARA-040)
Warning: Coupling capacitor (clknet_2_2__leaf_clk:239 clknet_leaf_7_clk:12 0) on net clknet_leaf_7_clk is discarded because the value cannot be <= 0 (PARA-040)
Warning: Coupling capacitor (clknet_1_1__leaf_net165:23 net1:98 0) on net net1 is discarded because the value cannot be <= 0 (PARA-040)
Warning: Coupling capacitor (c156/GATE net106:12 0) on net net106 is discarded because the value cannot be <= 0 (PARA-040)
Warning: Coupling capacitor (c176/CLK net106:69 0) on net net106 is discarded because the value cannot be <= 0 (PARA-040)
Warning: Coupling capacitor (c183/A1 net106:69 0) on net net106 is discarded because the value cannot be <= 0 (PARA-040)
Warning: Coupling capacitor (clknet_1_0__leaf_net158:10 net106:69 0) on net net106 is discarded because the value cannot be <= 0 (PARA-040)
Warning: Coupling capacitor (clknet_2_0__leaf_clk:116 net106:75 0) on net net106 is discarded because the value cannot be <= 0 (PARA-040)
Warning: Coupling capacitor (clknet_leaf_38_clk:10 net106:12 0) on net net106 is discarded because the value cannot be <= 0 (PARA-040)
Warning: Coupling capacitor (net1:33 net106:69 0) on net net106 is discarded because the value cannot be <= 0 (PARA-040)
Warning: Coupling capacitor (clkbuf_1_0__f_net165/A net108:30 0) on net net108 is discarded because the value cannot be <= 0 (PARA-040)
Warning: Coupling capacitor (clknet_0_clk:12 net108:46 0) on net net108 is discarded because the value cannot be <= 0 (PARA-040)
Warning: Coupling capacitor (net106:12 net11:20 0) on net net11 is discarded because the value cannot be <= 0 (PARA-040)
Warning: Coupling capacitor (c188/SCD net110:47 0) on net net110 is discarded because the value cannot be <= 0 (PARA-040)
Warning: Coupling capacitor (merge735/GATE_N net110:17 0) on net net110 is discarded because the value cannot be <= 0 (PARA-040)
Warning: Coupling capacitor (merge735/GATE_N net110:47 0) on net net110 is discarded because the value cannot be <= 0 (PARA-040)
Warning: Coupling capacitor (clkbuf_1_0__f_net258/A net111:17 0) on net net111 is discarded because the value cannot be <= 0 (PARA-040)
Warning: Coupling capacitor (clknet_2_0__leaf_clk:41 net111:145 0) on net net111 is discarded because the value cannot be <= 0 (PARA-040)
Warning: Coupling capacitor (net111:139 net113:73 0) on net net113 is discarded because the value cannot be <= 0 (PARA-040)
Warning: Coupling capacitor (net111:145 net113:99 0) on net net113 is discarded because the value cannot be <= 0 (PARA-040)
Warning: Coupling capacitor (clknet_leaf_3_clk:38 c137/RESET_B 0) on net net114 is discarded because the value cannot be <= 0 (PARA-040)
Warning: Coupling capacitor (clknet_leaf_3_clk:38 net114:14 0) on net net114 is discarded because the value cannot be <= 0 (PARA-040)
Warning: Coupling capacitor (c401/A net115:173 0) on net net115 is discarded because the value cannot be <= 0 (PARA-040)
Warning: Coupling capacitor (c425/CLK net115:97 0) on net net115 is discarded because the value cannot be <= 0 (PARA-040)
Warning: Coupling capacitor (clkbuf_1_0__f_net250/A net115:81 0) on net net115 is discarded because the value cannot be <= 0 (PARA-040)
Warning: Coupling capacitor (clkbuf_1_0__f_net261/A net115:81 0) on net net115 is discarded because the value cannot be <= 0 (PARA-040)
Warning: Coupling capacitor (clkbuf_1_0__f_net261/A net115:173 0) on net net115 is discarded because the value cannot be <= 0 (PARA-040)
Warning: Coupling capacitor (clknet_leaf_1_clk:71 net115:173 0) on net net115 is discarded because the value cannot be <= 0 (PARA-040)
Warning: Coupling capacitor (c144/S1 net118:18 0) on net net118 is discarded because the value cannot be <= 0 (PARA-040)
Warning: Coupling capacitor (net111:139 c158/C 0) on net net119 is discarded because the value cannot be <= 0 (PARA-040)
Warning: Coupling capacitor (c173/CLK c41/RESET_B 0) on net net12 is discarded because the value cannot be <= 0 (PARA-040)
Warning: Coupling capacitor (c273/A net12:76 0) on net net12 is discarded because the value cannot be <= 0 (PARA-040)
Warning: Coupling capacitor (clknet_2_3__leaf_clk:90 c715/SCE 0) on net net12 is discarded because the value cannot be <= 0 (PARA-040)
Warning: Coupling capacitor (clknet_2_3__leaf_clk:90 net12:184 0) on net net12 is discarded because the value cannot be <= 0 (PARA-040)
Warning: Coupling capacitor (clknet_2_3__leaf_clk:110 net12:184 0) on net net12 is discarded because the value cannot be <= 0 (PARA-040)
Warning: Coupling capacitor (clknet_2_3__leaf_clk:130 c725/A1 0) on net net12 is discarded because the value cannot be <= 0 (PARA-040)
Warning: Coupling capacitor (net11:28 net12:76 0) on net net12 is discarded because the value cannot be <= 0 (PARA-040)
Warning: Coupling capacitor (net111:145 net12:12 0) on net net12 is discarded because the value cannot be <= 0 (PARA-040)
Warning: Coupling capacitor (c139/RESET_B net120:17 0) on net net120 is discarded because the value cannot be <= 0 (PARA-040)
Warning: Coupling capacitor (c410/A net120:53 0) on net net120 is discarded because the value cannot be <= 0 (PARA-040)
Note - message 'PARA-040' default limit (100) exceeded.  Remainder will be suppressed.
Warning: Net 'net154' is multi-driven. (DES-023)

****************************************
Report : read_parasitics /nas/ei/home/ge78pav/TM_power/TM_openlane/TM_openlane_single_min/TM_openlane_min_anb/TM_openlane_min_anb_mid/netlist_1/low/spef/netlist_1.nom.spef
Design : netlist_1
Version: Q-2019.12-SP1
Date   : Wed Aug 21 13:15:50 2024
****************************************

        0 error(s)
        Format is SPEF
        Annotated nets                   :         1188
        Annotated capacitances           :         7050
        Annotated resistances            :         5862
        Reduced coupling capacitances    :        10234
        Annotated PI models              :            0
        Annotated Elmore delays          :            0

