****************************************
Report : Averaged Power
	-net_power
	-hierarchy
	-sort_by net_switching_power
	-power_greater_than       0
	-nosplit
Design : netlist_1
Version: Q-2019.12-SP1
Date   : Wed Aug 21 14:25:35 2024
****************************************



  Attributes
  ----------
      a  -  Switching activity information / Switching power information annotated on net
      p  -  Propagated switching activity information on net
      d  -  Default switching activity used on net
      u  -  Net switching activity uninitialized
      m  -  Net is driven by multiple pins
      b  -  Net is a primary input (boundary net)

		Toggle rates reported with respect to time unit 1ns
--------------------------------------------------------------------------------
                                  Total      Static   Toggle   Switching
Net                         Vdd   Net Load   Prob.    Rate     Power      Attrs
--------------------------------------------------------------------------------
clknet_0_clk                1.80    0.194    0.500    0.1000   3.145e-05  a
clknet_4_8_0_clk            1.80    0.104    0.500    0.1000   1.678e-05  a
clknet_4_9_0_clk            1.80    0.079    0.500    0.1000   1.288e-05  a
clknet_4_11_0_clk           1.80    0.079    0.500    0.1000   1.281e-05  a
clknet_4_1_0_clk            1.80    0.077    0.500    0.1000   1.253e-05  a
clknet_4_13_0_clk           1.80    0.067    0.500    0.1000   1.089e-05  a
clknet_4_12_0_clk           1.80    0.064    0.500    0.1000   1.039e-05  a
clknet_4_10_0_clk           1.80    0.063    0.500    0.1000   1.026e-05  a
clknet_4_2_0_clk            1.80    0.060    0.500    0.1000   9.797e-06  a
clknet_4_14_0_clk           1.80    0.059    0.500    0.1000   9.638e-06  a
clknet_4_7_0_clk            1.80    0.053    0.500    0.1000   8.607e-06  a
clknet_4_4_0_clk            1.80    0.047    0.500    0.1000   7.691e-06  a
clknet_4_15_0_clk           1.80    0.047    0.500    0.1000   7.586e-06  a
clknet_4_3_0_clk            1.80    0.038    0.500    0.1000   6.235e-06  a
clknet_4_6_0_clk            1.80    0.037    0.500    0.1000   5.934e-06  a
clknet_4_0_0_clk            1.80    0.037    0.500    0.1000   5.927e-06  a
net981                      1.80    0.030    0.500    0.1000   4.876e-06  a
net42                       1.80    0.022    0.500    0.1000   3.599e-06  a
clknet_4_5_0_clk            1.80    0.021    0.500    0.1000   3.350e-06  a
clknet_0_net366             1.80    0.020    0.497    0.0999   3.262e-06  p
clknet_0_net579             1.80    0.020    0.487    0.1003   3.208e-06  p
clknet_0_net963             1.80    0.019    0.487    0.1003   3.151e-06  p
net636                      1.80    0.019    0.490    0.1004   3.134e-06  p
net113                      1.80    0.027    0.121    0.0691   3.014e-06  p
clknet_0_net146             1.80    0.018    0.487    0.1003   3.000e-06  p
clknet_0_net895             1.80    0.019    0.496    0.0969   2.935e-06  p
clknet_0_net932             1.80    0.018    0.497    0.0999   2.889e-06  p
net228                      1.80    0.015    0.971    0.1145   2.782e-06  p
net738                      1.80    0.022    0.501    0.0663   2.408e-06  p
clknet_0_net940             1.80    0.019    0.379    0.0724   2.213e-06  p
net657                      1.80    0.017    0.702    0.0776   2.183e-06  p
net21                       1.80    0.013    0.500    0.1000   2.168e-06  a
net897                      1.80    0.026    0.247    0.0488   2.078e-06  pm
net116                      1.80    0.027    0.061    0.0445   1.977e-06  p
net653                      1.80    0.020    0.706    0.0605   1.925e-06  p
net932                      1.80    0.012    0.497    0.0999   1.902e-06  p
net366                      1.80    0.011    0.497    0.0999   1.841e-06  p
net963                      1.80    0.011    0.487    0.1003   1.793e-06  p
clknet_1_0__leaf_net579     1.80    0.011    0.487    0.1003   1.766e-06  p
clknet_0_net897             1.80    0.022    0.247    0.0488   1.763e-06  p
net895                      1.80    0.011    0.496    0.0969   1.678e-06  p
net146                      1.80    0.010    0.487    0.1003   1.615e-06  p
net341                      1.80    0.016    0.403    0.0641   1.611e-06  p
clknet_0_net688             1.80    0.020    0.247    0.0488   1.582e-06  p
net564                      1.80    0.015    0.499    0.0662   1.556e-06  p
net986                      1.80    0.009    0.500    0.1000   1.494e-06  a
clknet_1_1__leaf_net366     1.80    0.009    0.497    0.0999   1.475e-06  p
net579                      1.80    0.009    0.487    0.1003   1.426e-06  p
net71                       1.80    0.018    0.507    0.0492   1.415e-06  p
net20                       1.80    0.009    0.500    0.1000   1.407e-06  a
clknet_1_0__leaf_net932     1.80    0.009    0.497    0.0999   1.404e-06  p
clknet_1_0__leaf_net366     1.80    0.008    0.497    0.0999   1.316e-06  p
net484                      1.80    0.021    0.808    0.0381   1.283e-06  p
net9                        1.80    0.024    0.043    0.0332   1.280e-06  p
net352                      1.80    0.008    0.497    0.0999   1.270e-06  p
net504                      1.80    0.020    0.486    0.0385   1.232e-06  p
net983                      1.80    0.008    0.500    0.1000   1.230e-06  a
net646                      1.80    0.012    0.294    0.0605   1.195e-06  p
net340                      1.80    0.011    0.403    0.0641   1.193e-06  p
net73                       1.80    0.015    0.503    0.0492   1.182e-06  p
clknet_1_1__leaf_net146     1.80    0.007    0.487    0.1003   1.134e-06  p
net371                      1.80    0.018    0.192    0.0381   1.119e-06  p
net865                      1.80    0.008    0.708    0.0885   1.111e-06  p
net348                      1.80    0.010    0.403    0.0641   1.082e-06  p
net6                        1.80    0.008    0.358    0.0818   1.055e-06  p
clknet_1_1__leaf_net932     1.80    0.006    0.497    0.0999   1.044e-06  p
net1028                     1.80    0.010    0.501    0.0663   1.040e-06  p
net940                      1.80    0.009    0.379    0.0724   1.017e-06  p
clknet_1_0__leaf_net963     1.80    0.006    0.487    0.1003   9.923e-07  p
net647                      1.80    0.009    0.706    0.0602   9.233e-07  p
net490                      1.80    0.015    0.303    0.0379   8.977e-07  p
net980                      1.80    0.005    0.500    0.1000   8.748e-07  a
net688                      1.80    0.011    0.247    0.0488   8.666e-07  p
net2                        1.80    0.018    0.032    0.0298   8.528e-07  p
net1                        1.80    0.011    0.062    0.0475   8.386e-07  p
net985                      1.80    0.005    0.500    0.1000   8.327e-07  a
net353                      1.80    0.005    0.503    0.0999   8.309e-07  p
net323                      1.80    0.020    0.815    0.0253   8.054e-07  p
net330                      1.80    0.019    0.815    0.0253   7.981e-07  p
net0                        1.80    0.007    0.125    0.0721   7.915e-07  p
net750                      1.80    0.008    0.403    0.0641   7.818e-07  p
clknet_1_0__leaf_net895     1.80    0.005    0.496    0.0969   7.457e-07  p
net534                      1.80    0.005    0.500    0.1000   7.316e-07  a
net652                      1.80    0.005    0.193    0.0961   7.270e-07  p
net88                       1.80    0.009    0.507    0.0492   7.229e-07  p
net115                      1.80    0.006    0.120    0.0704   7.168e-07  p
net662                      1.80    0.015    0.103    0.0295   6.974e-07  p
net550                      1.80    0.006    0.501    0.0663   6.840e-07  p
net972                      1.80    0.004    0.500    0.1000   6.545e-07  a
net953                      1.80    0.006    0.501    0.0663   6.473e-07  p
net979                      1.80    0.004    0.500    0.1000   6.180e-07  a
clknet_0_net128             1.80    0.020    0.099    0.0190   6.151e-07  p
clknet_0_net140             1.80    0.020    0.099    0.0190   6.131e-07  p
net511                      1.80    0.010    0.486    0.0383   6.094e-07  p
clknet_1_0__leaf_net146     1.80    0.004    0.487    0.1003   6.061e-07  p
net345                      1.80    0.006    0.403    0.0641   6.049e-07  p
net758                      1.80    0.003    0.028    0.1139   5.992e-07  p
clknet_0_net153             1.80    0.020    0.097    0.0185   5.916e-07  p
clknet_1_1__leaf_net940     1.80    0.005    0.379    0.0724   5.878e-07  p
clknet_0_net121             1.80    0.019    0.048    0.0194   5.852e-07  p
net112                      1.80    0.004    0.242    0.0973   5.836e-07  p
clknet_0_net141             1.80    0.019    0.097    0.0185   5.794e-07  p
clknet_0_net931             1.80    0.019    0.099    0.0190   5.778e-07  p
clknet_1_1__leaf_net963     1.80    0.004    0.487    0.1003   5.767e-07  p
net626                      1.80    0.010    0.187    0.0371   5.760e-07  p
net119                      1.80    0.007    0.065    0.0466   5.616e-07  p
clknet_0_net144             1.80    0.018    0.099    0.0190   5.578e-07  p
net545                      1.80    0.005    0.501    0.0663   5.547e-07  p
net803                      1.80    0.015    0.487    0.0231   5.516e-07  p
clknet_1_0__leaf_net688     1.80    0.007    0.247    0.0488   5.365e-07  p
net19                       1.80    0.030    0.015    0.0107   5.225e-07  p
net486                      1.80    0.008    0.802    0.0386   5.089e-07  p
net759                      1.80    0.003    0.972    0.1139   5.041e-07  p
net845                      1.80    0.003    0.975    0.0986   4.932e-07  p
net840                      1.80    0.003    0.494    0.0994   4.914e-07  p
net31                       1.80    0.005    0.501    0.0663   4.880e-07  p
net492                      1.80    0.011    0.185    0.0253   4.686e-07  p
clknet_1_0__leaf_net897     1.80    0.006    0.247    0.0488   4.668e-07  p
net864                      1.80    0.003    0.500    0.1000   4.637e-07  a
net973                      1.80    0.003    0.500    0.1000   4.597e-07  a
net1047                     1.80    0.004    0.595    0.0639   4.588e-07  p
net22                       1.80    0.003    0.500    0.1000   4.543e-07  a
net767                      1.80    0.003    0.500    0.1000   4.442e-07  a
net583                      1.80    0.003    0.500    0.1000   4.399e-07  a
net975                      1.80    0.003    0.500    0.1000   4.374e-07  a
net969                      1.80    0.004    0.595    0.0639   4.282e-07  p
net988                      1.80    0.003    0.500    0.1000   4.223e-07  a
net814                      1.80    0.003    0.500    0.1000   4.206e-07  a
clknet_1_1__leaf_net579     1.80    0.002    0.487    0.1003   3.971e-07  p
net976                      1.80    0.002    0.500    0.1000   3.940e-07  a
net784                      1.80    0.003    0.157    0.0863   3.903e-07  p
clknet_1_0__leaf_net940     1.80    0.003    0.379    0.0724   3.853e-07  p
net833                      1.80    0.003    0.621    0.0729   3.839e-07  p
net987                      1.80    0.002    0.500    0.1000   3.839e-07  a
clknet_1_0__leaf_net140     1.80    0.012    0.099    0.0190   3.833e-07  p
net795                      1.80    0.006    0.486    0.0380   3.821e-07  p
net907                      1.80    0.006    0.187    0.0371   3.795e-07  p
net144                      1.80    0.012    0.099    0.0190   3.769e-07  p
net990                      1.80    0.006    0.813    0.0371   3.759e-07  p
net26                       1.80    0.002    0.249    0.0970   3.754e-07  p
clknet_1_1__leaf_net897     1.80    0.005    0.247    0.0488   3.729e-07  p
net977                      1.80    0.002    0.500    0.1000   3.692e-07  a
net971                      1.80    0.002    0.500    0.1000   3.641e-07  a
clknet_1_1__leaf_net895     1.80    0.002    0.496    0.0969   3.625e-07  p
net984                      1.80    0.002    0.500    0.1000   3.560e-07  a
net229                      1.80    0.002    0.029    0.1145   3.559e-07  p
net650                      1.80    0.002    0.193    0.0961   3.544e-07  p
net155                      1.80    0.012    0.048    0.0180   3.528e-07  p
net731                      1.80    0.002    0.500    0.1000   3.521e-07  a
net982                      1.80    0.002    0.500    0.1000   3.502e-07  a
net978                      1.80    0.002    0.500    0.1000   3.492e-07  a
net974                      1.80    0.002    0.500    0.1000   3.298e-07  a
net661                      1.80    0.008    0.184    0.0241   3.280e-07  p
net114                      1.80    0.004    0.061    0.0449   3.261e-07  p
net121                      1.80    0.010    0.048    0.0194   3.191e-07  p
net362                      1.80    0.002    0.708    0.0885   3.136e-07  p
net140                      1.80    0.010    0.099    0.0190   3.090e-07  p
net147                      1.80    0.002    0.486    0.1002   3.087e-07  p
net863                      1.80    0.005    0.813    0.0372   3.048e-07  p
clknet_1_1__leaf_net140     1.80    0.010    0.099    0.0190   3.029e-07  p
net227                      1.80    0.002    0.971    0.1145   3.012e-07  p
net128                      1.80    0.010    0.099    0.0190   3.004e-07  p
net410                      1.80    0.039    0.964    0.0047   2.981e-07  p
net101                      1.80    0.004    0.503    0.0492   2.926e-07  p
net931                      1.80    0.009    0.099    0.0190   2.846e-07  p
clknet_0_net942             1.80    0.019    0.042    0.0091   2.835e-07  p
clknet_1_0__leaf_net128     1.80    0.009    0.099    0.0190   2.828e-07  p
net86                       1.80    0.004    0.507    0.0492   2.815e-07  p
net659                      1.80    0.006    0.125    0.0268   2.804e-07  p
net141                      1.80    0.009    0.097    0.0185   2.756e-07  p
net485                      1.80    0.004    0.486    0.0385   2.746e-07  p
net75                       1.80    0.003    0.487    0.0486   2.745e-07  p
net77                       1.80    0.003    0.507    0.0492   2.678e-07  p
net1008                     1.80    0.007    0.497    0.0224   2.670e-07  p
net858                      1.80    0.002    0.593    0.0664   2.665e-07  p
clknet_0_net123             1.80    0.018    0.042    0.0091   2.638e-07  p
net105                      1.80    0.007    0.484    0.0220   2.625e-07  p
net669                      1.80    0.003    0.719    0.0557   2.603e-07  p
net153                      1.80    0.009    0.097    0.0185   2.588e-07  p
net663                      1.80    0.011    0.732    0.0138   2.559e-07  p
net36                       1.80    0.002    0.595    0.0639   2.546e-07  p
net781                      1.80    0.003    0.487    0.0486   2.528e-07  p
net642                      1.80    0.007    0.487    0.0222   2.518e-07  p
clknet_1_1__leaf_net688     1.80    0.003    0.247    0.0488   2.487e-07  p
net546                      1.80    0.002    0.501    0.0663   2.486e-07  p
net272                      1.80    0.004    0.784    0.0377   2.451e-07  p
net1063                     1.80    0.007    0.506    0.0229   2.436e-07  p
net968                      1.80    0.002    0.403    0.0641   2.425e-07  p
net648                      1.80    0.002    0.197    0.0799   2.419e-07  p
net1053                     1.80    0.002    0.501    0.0663   2.411e-07  p
net788                      1.80    0.003    0.091    0.0486   2.377e-07  p
net656                      1.80    0.005    0.872    0.0270   2.311e-07  pm
net12                       1.80    0.004    0.957    0.0332   2.293e-07  p
clknet_1_0__leaf_net931     1.80    0.007    0.099    0.0190   2.272e-07  p
net874                      1.80    0.007    0.995    0.0195   2.264e-07  p
net3                        1.80    0.007    0.265    0.0179   2.171e-07  p
net782                      1.80    0.003    0.507    0.0492   2.153e-07  p
net925                      1.80    0.013    0.016    0.0098   2.093e-07  p
net126                      1.80    0.010    0.045    0.0128   2.059e-07  p
net830                      1.80    0.002    0.090    0.0608   2.025e-07  p
clknet_1_1__leaf_net931     1.80    0.007    0.099    0.0190   2.011e-07  p
net235                      1.80    0.006    0.503    0.0224   2.008e-07  p
net387                      1.80    0.029    0.920    0.0042   1.980e-07  p
net80                       1.80    0.002    0.497    0.0492   1.885e-07  p
net512                      1.80    0.003    0.485    0.0381   1.858e-07  p
net82                       1.80    0.002    0.507    0.0492   1.796e-07  p
net76                       1.80    0.002    0.507    0.0492   1.783e-07  p
net106                      1.80    0.005    0.516    0.0220   1.687e-07  p
net820                      1.80    0.008    0.732    0.0133   1.681e-07  p
net649                      1.80    0.006    0.996    0.0178   1.674e-07  p
net11                       1.80    0.003    0.043    0.0332   1.659e-07  p
net898                      1.80    0.005    0.508    0.0226   1.650e-07  p
net806                      1.80    0.003    0.192    0.0381   1.609e-07  p
net8                        1.80    0.004    0.021    0.0209   1.504e-07  p
net1052                     1.80    0.002    0.486    0.0385   1.468e-07  p
net808                      1.80    0.004    0.184    0.0241   1.437e-07  p
net264                      1.80    0.006    0.082    0.0146   1.401e-07  p
clknet_1_1__leaf_net141     1.80    0.005    0.097    0.0185   1.399e-07  p
clknet_1_1__leaf_net153     1.80    0.005    0.097    0.0185   1.390e-07  p
net548                      1.80    0.003    0.814    0.0252   1.375e-07  p
net643                      1.80    0.004    0.506    0.0223   1.374e-07  p
net5                        1.80    0.005    0.727    0.0184   1.353e-07  p
net1045                     1.80    0.002    0.808    0.0381   1.295e-07  p
net730                      1.80    0.003    0.125    0.0268   1.289e-07  p
net942                      1.80    0.009    0.042    0.0091   1.287e-07  p
net123                      1.80    0.009    0.042    0.0091   1.284e-07  p
net132                      1.80    0.004    0.030    0.0182   1.283e-07  p
net240                      1.80    0.005    0.996    0.0159   1.251e-07  p
net624                      1.80    0.002    0.811    0.0373   1.206e-07  pm
net995                      1.80    0.003    0.487    0.0230   1.193e-07  p
net118                      1.80    0.008    0.030    0.0087   1.187e-07  p
net816                      1.80    0.003    0.185    0.0253   1.176e-07  p
clknet_1_1__leaf_net121     1.80    0.004    0.048    0.0194   1.175e-07  p
net805                      1.80    0.002    0.808    0.0381   1.144e-07  p
net120                      1.80    0.004    0.099    0.0190   1.134e-07  p
net251                      1.80    0.024    0.034    0.0028   1.127e-07  p
net143                      1.80    0.004    0.097    0.0185   1.118e-07  p
net817                      1.80    0.003    0.815    0.0253   1.102e-07  p
net395                      1.80    0.017    0.884    0.0040   1.102e-07  p
net950                      1.80    0.005    0.045    0.0128   1.099e-07  p
net111                      1.80    0.003    0.497    0.0224   1.096e-07  p
clknet_1_0__leaf_net144     1.80    0.004    0.099    0.0190   1.080e-07  p
net495                      1.80    0.002    0.806    0.0384   1.061e-07  p
net741                      1.80    0.004    0.265    0.0179   1.053e-07  p
net359                      1.80    0.003    0.487    0.0230   1.050e-07  p
net324                      1.80    0.003    0.815    0.0253   1.043e-07  p
net732                      1.80    0.017    0.882    0.0038   1.037e-07  p
clknet_1_0__leaf_net141     1.80    0.003    0.097    0.0185   1.015e-07  p
net672                      1.80    0.005    0.732    0.0138   1.011e-07  p
net807                      1.80    0.003    0.814    0.0247   1.005e-07  p
net156                      1.80    0.003    0.099    0.0190   9.927e-08  p
net389                      1.80    0.014    0.920    0.0042   9.761e-08  p
net494                      1.80    0.002    0.181    0.0246   9.741e-08  p
net234                      1.80    0.003    0.497    0.0224   9.545e-08  p
net110                      1.80    0.003    0.494    0.0219   9.506e-08  p
net130                      1.80    0.006    0.013    0.0104   9.440e-08  p
net108                      1.80    0.003    0.508    0.0226   9.352e-08  p
net1071                     1.80    0.003    0.497    0.0224   9.114e-08  p
net1025                     1.80    0.003    0.487    0.0222   9.043e-08  p
net1030                     1.80    0.003    0.995    0.0195   9.024e-08  p
net644                      1.80    0.004    0.731    0.0139   8.756e-08  p
clknet_1_1__leaf_net128     1.80    0.003    0.099    0.0190   8.714e-08  p
clknet_1_1__leaf_net942     1.80    0.006    0.042    0.0091   8.553e-08  p
clknet_1_1__leaf_net144     1.80    0.003    0.099    0.0190   8.321e-08  p
net386                      1.80    0.012    0.920    0.0042   8.312e-08  p
clknet_1_0__leaf_net153     1.80    0.003    0.097    0.0185   8.231e-08  p
net493                      1.80    0.002    0.181    0.0246   8.218e-08  p
net393                      1.80    0.012    0.920    0.0042   8.171e-08  p
net929                      1.80    0.013    0.071    0.0039   7.928e-08  p
net740                      1.80    0.003    0.727    0.0184   7.823e-08  p
net880                      1.80    0.005    0.967    0.0090   7.688e-08  p
net634                      1.80    0.003    0.732    0.0138   7.593e-08  p
net879                      1.80    0.005    0.030    0.0087   7.592e-08  p
net837                      1.80    0.002    0.048    0.0192   7.496e-08  p
net148                      1.80    0.002    0.099    0.0190   7.235e-08  p
net150                      1.80    0.002    0.048    0.0180   7.176e-08  p
net763                      1.80    0.005    0.992    0.0093   6.928e-08  p
clknet_1_0__leaf_net942     1.80    0.005    0.042    0.0091   6.928e-08  p
clknet_1_0__leaf_net121     1.80    0.002    0.048    0.0194   6.923e-08  p
net124                      1.80    0.010    0.021    0.0043   6.731e-08  p
net1011                     1.80    0.002    0.727    0.0184   6.693e-08  p
net4                        1.80    0.002    0.017    0.0178   6.527e-08  p
net606                      1.80    0.044    0.990    0.0009   6.239e-08  p
net394                      1.80    0.010    0.885    0.0040   6.221e-08  p
net396                      1.80    0.009    0.115    0.0041   6.197e-08  p
clknet_1_0__leaf_net123     1.80    0.004    0.042    0.0091   5.895e-08  p
net260                      1.80    0.003    0.045    0.0128   5.866e-08  p
net994                      1.80    0.064    0.993    0.0006   5.778e-08  p
net928                      1.80    0.008    0.920    0.0042   5.577e-08  p
clknet_1_1__leaf_net123     1.80    0.004    0.042    0.0091   5.340e-08  p
net117                      1.80    0.004    0.030    0.0087   5.112e-08  p
out24                       1.80    0.001    0.487    0.0230   5.086e-08  p
net1046                     1.80    0.007    0.885    0.0040   4.795e-08  p
net1000                     1.80    0.051    0.992    0.0006   4.605e-08  p
net400                      1.80    0.013    0.007    0.0020   4.175e-08  p
net390                      1.80    0.006    0.920    0.0042   4.028e-08  p
net13                       1.80    0.006    0.999    0.0040   3.980e-08  p
net934                      1.80    0.008    0.034    0.0028   3.537e-08  p
net1060                     1.80    0.002    0.016    0.0098   3.501e-08  p
net125                      1.80    0.002    0.042    0.0091   3.335e-08  p
out19                       1.80    0.001    0.813    0.0371   3.317e-08  p
clknet_1_0__leaf_net503     1.80    0.037    0.990    0.0006   3.300e-08  p
net27                       1.80    0.026    0.000    0.0008   3.225e-08  p
net703                      1.80    0.014    0.000    0.0014   3.038e-08  p
net90                       1.80    0.033    0.992    0.0006   3.022e-08  p
net271                      1.80    0.000    0.185    0.0371   2.898e-08  pm
net899                      1.80    0.014    0.010    0.0011   2.563e-08  p
net437                      1.80    0.004    0.882    0.0038   2.468e-08  p
clknet_1_1__leaf_net503     1.80    0.026    0.990    0.0006   2.366e-08  p
net72                       1.80    0.026    0.992    0.0006   2.340e-08  p
net965                      1.80    0.004    0.882    0.0038   2.284e-08  p
net772                      1.80    0.025    0.992    0.0006   2.263e-08  p
net453                      1.80    0.024    0.996    0.0006   2.193e-08  p
net23                       1.80    0.018    0.000    0.0008   2.176e-08  p
net480                      1.80    0.024    0.993    0.0006   2.130e-08  p
net224                      1.80    0.024    0.018    0.0006   2.129e-08  p
net398                      1.80    0.003    0.045    0.0045   2.125e-08  p
net904                      1.80    0.023    0.994    0.0006   2.088e-08  p
net964                      1.80    0.003    0.115    0.0041   2.057e-08  p
net591                      1.80    0.022    0.992    0.0006   2.020e-08  p
net397                      1.80    0.002    0.949    0.0048   1.952e-08  p
net543                      1.80    0.021    0.993    0.0006   1.912e-08  p
net996                      1.80    0.021    0.018    0.0006   1.896e-08  p
clknet_0_net503             1.80    0.020    0.990    0.0006   1.799e-08  p
net1034                     1.80    0.002    0.944    0.0044   1.785e-08  p
net89                       1.80    0.019    0.992    0.0006   1.731e-08  p
net607                      1.80    0.019    0.007    0.0006   1.727e-08  p
net7                        1.80    0.003    0.997    0.0040   1.697e-08  p
net127                      1.80    0.002    0.997    0.0042   1.673e-08  p
net245                      1.80    0.002    0.944    0.0044   1.597e-08  p
net856                      1.80    0.002    0.884    0.0040   1.582e-08  p
net1065                     1.80    0.002    0.046    0.0041   1.573e-08  p
net244                      1.80    0.002    0.046    0.0041   1.550e-08  p
net526                      1.80    0.017    0.993    0.0006   1.540e-08  p
net184                      1.80    0.016    0.992    0.0006   1.466e-08  p
net403                      1.80    0.003    0.912    0.0031   1.444e-08  p
net680                      1.80    0.025    0.002    0.0003   1.408e-08  p
net402                      1.80    0.003    0.081    0.0033   1.393e-08  p
net664                      1.80    0.015    0.987    0.0006   1.374e-08  p
net433                      1.80    0.002    0.882    0.0038   1.349e-08  p
net633                      1.80    0.015    0.007    0.0006   1.311e-08  p
net18                       1.80    0.003    0.001    0.0028   1.301e-08  p
net503                      1.80    0.014    0.990    0.0006   1.299e-08  p
net92                       1.80    0.013    0.992    0.0006   1.145e-08  p
net138                      1.80    0.012    0.992    0.0006   1.104e-08  p
net25                       1.80    0.009    0.000    0.0008   1.100e-08  p
net98                       1.80    0.012    0.992    0.0006   1.079e-08  p
net1024                     1.80    0.005    0.001    0.0013   1.076e-08  p
net882                      1.80    0.005    0.000    0.0014   1.070e-08  p
net933                      1.80    0.002    0.960    0.0034   1.050e-08  p
net960                      1.80    0.006    0.012    0.0011   1.011e-08  p
clknet_0_net129             1.80    0.020    0.001    0.0003   1.008e-08  p
net218                      1.80    0.011    0.992    0.0006   1.006e-08  p
net935                      1.80    0.010    0.991    0.0006   1.003e-08  p
net1068                     1.80    0.002    0.912    0.0031   9.902e-09  p
net958                      1.80    0.011    0.994    0.0006   9.767e-09  p
net487                      1.80    0.011    0.993    0.0006   9.653e-09  p
net151                      1.80    0.011    0.992    0.0006   9.639e-09  p
net205                      1.80    0.011    0.992    0.0006   9.598e-09  p
net991                      1.80    0.008    0.989    0.0007   9.588e-09  p
net765                      1.80    0.010    0.993    0.0006   9.470e-09  p
net631                      1.80    0.010    0.007    0.0006   9.411e-09  p
net249                      1.80    0.010    0.990    0.0006   9.366e-09  p
net718                      1.80    0.004    0.001    0.0014   9.332e-09  p
net505                      1.80    0.020    0.998    0.0003   9.181e-09  p
net791                      1.80    0.010    0.993    0.0006   9.030e-09  p
net221                      1.80    0.010    0.992    0.0006   9.002e-09  p
net482                      1.80    0.010    0.993    0.0006   8.889e-09  p
net675                      1.80    0.016    0.002    0.0003   8.838e-09  p
net471                      1.80    0.005    0.012    0.0011   8.734e-09  p
net906                      1.80    0.009    0.982    0.0006   8.537e-09  p
net1001                     1.80    0.004    0.000    0.0014   8.451e-09  p
net737                      1.80    0.009    0.992    0.0006   8.417e-09  p
net556                      1.80    0.018    0.003    0.0003   8.293e-09  p
net683                      1.80    0.009    0.993    0.0006   8.235e-09  p
net443                      1.80    0.009    0.993    0.0006   8.172e-09  p
net259                      1.80    0.018    0.998    0.0003   8.069e-09  p
net194                      1.80    0.009    0.982    0.0006   8.054e-09  p
net488                      1.80    0.012    0.004    0.0004   7.980e-09  p
net589                      1.80    0.009    0.993    0.0006   7.885e-09  p
net697                      1.80    0.001    0.062    0.0054   7.877e-09  pm
net107                      1.80    0.009    1.000    0.0006   7.856e-09  p
net764                      1.80    0.009    0.992    0.0006   7.754e-09  p
net951                      1.80    0.014    0.002    0.0003   7.721e-09  p
net613                      1.80    0.008    0.993    0.0006   7.535e-09  p
net744                      1.80    0.008    0.018    0.0006   7.448e-09  p
net599                      1.80    0.008    0.984    0.0006   7.284e-09  p
net500                      1.80    0.008    0.018    0.0006   7.027e-09  p
net1002                     1.80    0.008    0.992    0.0006   6.905e-09  p
net620                      1.80    0.008    0.993    0.0006   6.893e-09  p
net881                      1.80    0.003    0.997    0.0016   6.867e-09  p
net319                      1.80    0.007    0.992    0.0006   6.691e-09  p
net210                      1.80    0.007    0.993    0.0006   6.546e-09  p
net609                      1.80    0.007    0.993    0.0006   6.436e-09  p
net913                      1.80    0.007    0.983    0.0006   6.429e-09  p
net483                      1.80    0.007    0.993    0.0006   6.357e-09  p
net944                      1.80    0.007    0.996    0.0006   6.226e-09  p
net902                      1.80    0.007    0.982    0.0006   6.043e-09  p
net622                      1.80    0.004    0.990    0.0008   5.722e-09  p
net601                      1.80    0.006    0.974    0.0006   5.714e-09  p
net97                       1.80    0.006    0.992    0.0006   5.656e-09  p
net358                      1.80    0.006    0.992    0.0006   5.627e-09  p
net491                      1.80    0.012    0.998    0.0003   5.477e-09  p
net603                      1.80    0.003    0.981    0.0011   5.373e-09  p
net868                      1.80    0.002    0.001    0.0013   5.186e-09  p
net704                      1.80    0.002    0.997    0.0016   5.005e-09  p
net531                      1.80    0.006    0.993    0.0006   4.995e-09  p
net401                      1.80    0.011    0.038    0.0003   4.971e-09  p
net222                      1.80    0.005    1.000    0.0006   4.952e-09  p
net95                       1.80    0.005    0.992    0.0006   4.803e-09  p
net892                      1.80    0.005    0.990    0.0006   4.791e-09  p
net639                      1.80    0.005    0.996    0.0006   4.668e-09  p
net885                      1.80    0.010    0.003    0.0003   4.636e-09  p
net129                      1.80    0.009    0.001    0.0003   4.613e-09  p
net208                      1.80    0.005    0.993    0.0006   4.331e-09  p
net506                      1.80    0.002    0.012    0.0011   4.270e-09  p
net900                      1.80    0.005    0.983    0.0006   4.254e-09  p
net552                      1.80    0.006    0.004    0.0005   4.133e-09  p
net572                      1.80    0.005    0.993    0.0006   4.101e-09  p
net695                      1.80    0.005    0.993    0.0006   4.094e-09  p
net532                      1.80    0.005    0.007    0.0006   4.094e-09  p
net901                      1.80    0.004    0.009    0.0007   3.788e-09  p
net174                      1.80    0.004    0.993    0.0006   3.654e-09  p
net560                      1.80    0.008    0.003    0.0003   3.625e-09  p
net525                      1.80    0.004    0.993    0.0006   3.517e-09  p
net848                      1.80    0.002    0.008    0.0011   3.455e-09  p
net855                      1.80    0.003    0.992    0.0006   3.307e-09  p
net749                      1.80    0.006    0.002    0.0003   3.291e-09  p
net956                      1.80    0.003    0.989    0.0007   3.249e-09  p
net507                      1.80    0.004    0.990    0.0006   3.216e-09  p
clknet_0_net131             1.80    0.019    0.000    0.0001   3.174e-09  p
net122                      1.80    0.011    0.040    0.0002   3.147e-09  p
net253                      1.80    0.053    0.000    0.35e-4  3.002e-09  p
net800                      1.80    0.003    0.993    0.0006   2.759e-09  p
net798                      1.80    0.003    0.993    0.0006   2.744e-09  p
net1070                     1.80    0.003    0.992    0.0006   2.712e-09  p
net761                      1.80    0.003    0.993    0.0006   2.702e-09  p
clknet_1_1__leaf_net129     1.80    0.005    0.001    0.0003   2.636e-09  p
net1042                     1.80    0.003    0.984    0.0006   2.522e-09  p
net794                      1.80    0.009    0.002    0.0002   2.487e-09  p
net481                      1.80    0.003    0.993    0.0006   2.446e-09  p
net955                      1.80    0.003    0.993    0.0006   2.425e-09  p
net555                      1.80    0.003    0.004    0.0005   2.420e-09  p
net770                      1.80    0.003    0.993    0.0006   2.384e-09  p
net823                      1.80    0.003    0.994    0.0006   2.364e-09  p
net209                      1.80    0.003    0.993    0.0006   2.353e-09  p
net195                      1.80    0.003    0.982    0.0006   2.310e-09  p
net602                      1.80    0.003    0.980    0.0006   2.301e-09  p
net1039                     1.80    0.003    0.992    0.0006   2.293e-09  p
net139                      1.80    0.041    0.001    0.35e-4  2.292e-09  p
net91                       1.80    0.003    0.992    0.0006   2.271e-09  p
net183                      1.80    0.002    0.992    0.0006   2.197e-09  p
net768                      1.80    0.002    0.993    0.0006   2.168e-09  p
net909                      1.80    0.002    0.993    0.0006   2.147e-09  p
net769                      1.80    0.002    0.007    0.0006   2.134e-09  p
net594                      1.80    0.002    0.992    0.0006   2.116e-09  p
net838                      1.80    0.002    0.002    0.0006   2.116e-09  p
net822                      1.80    0.002    0.988    0.0006   2.089e-09  p
net230                      1.80    0.002    0.992    0.0006   2.075e-09  p
clknet_1_0__leaf_net129     1.80    0.004    0.001    0.0003   2.028e-09  p
net821                      1.80    0.003    0.004    0.0004   2.009e-09  p
net632                      1.80    0.004    0.000    0.0003   1.831e-09  p
net137                      1.80    0.002    0.992    0.0006   1.811e-09  p
net943                      1.80    0.004    0.000    0.0003   1.801e-09  p
net524                      1.80    0.002    0.993    0.0006   1.767e-09  p
net871                      1.80    0.002    0.993    0.0006   1.740e-09  p
net966                      1.80    0.004    0.998    0.0003   1.729e-09  p
net131                      1.80    0.010    0.000    0.0001   1.643e-09  p
net257                      1.80    0.029    0.006    0.35e-4  1.642e-09  p
net773                      1.80    0.006    0.040    0.0002   1.617e-09  p
net87                       1.80    0.002    0.992    0.0006   1.601e-09  p
net611                      1.80    0.002    0.007    0.0006   1.598e-09  p
net638                      1.80    0.006    0.001    0.0002   1.597e-09  p
out4                        1.80    0.002    0.018    0.0006   1.446e-09  p
net630                      1.80    0.003    0.999    0.0003   1.360e-09  pm
net508                      1.80    0.002    0.002    0.0003   1.312e-09  p
net920                      1.80    0.022    1.000    0.35e-4  1.224e-09  p
net843                      1.80    0.004    0.001    0.0002   1.168e-09  p
net947                      1.80    0.003    0.998    0.0003   1.160e-09  p
net945                      1.80    0.002    0.998    0.0003   1.123e-09  p
clknet_0_net142             1.80    0.019    0.000    0.35e-4  1.068e-09  p
clknet_0_net727             1.80    0.019    0.000    0.35e-4  1.050e-09  p
net635                      1.80    0.018    0.001    0.35e-4  1.014e-09  p
net673                      1.80    0.002    0.000    0.0003   9.443e-10  p
net254                      1.80    0.016    0.000    0.35e-4  9.043e-10  p
net133                      1.80    0.004    0.000    0.0001   8.925e-10  p
net551                      1.80    0.014    0.006    0.35e-4  7.878e-10  p
net957                      1.80    0.003    0.002    0.0002   7.807e-10  p
net262                      1.80    0.003    0.040    0.0002   7.206e-10  p
net15                       1.80    0.002    1.000    0.0002   6.972e-10  p
net466                      1.80    0.002    0.002    0.0002   6.723e-10  p
out2                        1.80    0.001    0.989    0.0007   6.671e-10  p
net640                      1.80    0.005    0.001    0.70e-4  5.984e-10  p
clknet_1_0__leaf_net131     1.80    0.004    0.000    0.0001   5.954e-10  p
net252                      1.80    0.010    0.000    0.35e-4  5.552e-10  p
net792                      1.80    0.010    0.000    0.35e-4  5.517e-10  p
net463                      1.80    0.002    0.002    0.0002   5.385e-10  p
net727                      1.80    0.009    0.000    0.35e-4  5.321e-10  p
out23                       1.80    0.001    0.993    0.0006   5.031e-10  p
net719                      1.80    0.009    0.000    0.35e-4  4.804e-10  p
net142                      1.80    0.008    0.000    0.35e-4  4.712e-10  p
net825                      1.80    0.008    0.001    0.35e-4  4.326e-10  p
net921                      1.80    0.008    0.000    0.35e-4  4.277e-10  p
net645                      1.80    0.004    0.000    0.70e-4  4.271e-10  p
clknet_1_1__leaf_net727     1.80    0.006    0.000    0.35e-4  3.535e-10  p
net696                      1.80    0.003    0.001    0.70e-4  3.385e-10  p
net802                      1.80    0.006    0.006    0.35e-4  3.355e-10  p
net641                      1.80    0.003    0.999    0.70e-4  3.254e-10  p
clknet_1_1__leaf_net131     1.80    0.002    0.000    0.0001   3.204e-10  p
net285                      1.80    0.005    0.000    0.35e-4  2.600e-10  p
net936                      1.80    0.005    0.001    0.35e-4  2.555e-10  p
net1054                     1.80    0.005    0.000    0.35e-4  2.544e-10  p
clknet_1_0__leaf_net142     1.80    0.004    0.000    0.35e-4  2.168e-10  p
net1003                     1.80    0.004    0.000    0.35e-4  2.150e-10  p
net716                      1.80    0.004    0.001    0.35e-4  2.110e-10  p
clknet_1_0__leaf_net727     1.80    0.004    0.000    0.35e-4  2.096e-10  p
net409                      1.80    0.003    0.000    0.35e-4  1.756e-10  p
net149                      1.80    0.003    0.000    0.35e-4  1.577e-10  p
net793                      1.80    0.003    1.000    0.35e-4  1.522e-10  p
clknet_1_1__leaf_net142     1.80    0.003    0.000    0.35e-4  1.505e-10  p
net441                      1.80    0.002    1.000    0.35e-4  1.381e-10  p
net404                      1.80    0.002    0.000    0.35e-4  1.355e-10  p
net554                      1.80    0.002    0.006    0.35e-4  1.058e-10  p
net170                      1.80    0.001    0.000    0.35e-4  8.372e-11  pm
clknet_0_net145             1.80    0.019    0.000    0.0000      0.0000  p
clknet_0_net193             1.80    0.018    0.000    0.0000      0.0000  p
clknet_0_net196             1.80    0.020    0.000    0.0000      0.0000  p
clknet_0_net365             1.80    0.022    0.000    0.0000      0.0000  p
clknet_0_net368             1.80    0.019    0.000    0.0000      0.0000  p
clknet_0_net369             1.80    0.020    0.000    0.0000      0.0000  p
clknet_0_net370             1.80    0.019    0.000    0.0000      0.0000  p
clknet_0_net374             1.80    0.020    0.000    0.0000      0.0000  p
clknet_0_net380             1.80    0.019    1.000    0.0000      0.0000  p
clknet_0_net382             1.80    0.020    1.000    0.0000      0.0000  p
clknet_0_net501             1.80    0.018    0.000    0.0000      0.0000  p
clknet_0_net674             1.80    0.021    0.000    0.0000      0.0000  p
clknet_0_net678             1.80    0.019    0.000    0.0000      0.0000  p
clknet_0_net690             1.80    0.018    0.000    0.0000      0.0000  p
clknet_0_net694             1.80    0.020    0.000    0.0000      0.0000  p
clknet_0_net702             1.80    0.020    0.000    0.0000      0.0000  p
clknet_0_net720             1.80    0.019    0.000    0.0000      0.0000  p
clknet_0_net721             1.80    0.018    0.000    0.0000      0.0000  p
clknet_0_net722             1.80    0.020    0.000    0.0000      0.0000  p
clknet_0_net723             1.80    0.020    1.000    0.0000      0.0000  p
clknet_0_net724             1.80    0.018    0.000    0.0000      0.0000  p
clknet_0_net751             1.80    0.022    0.000    0.0000      0.0000  p
clknet_0_net941             1.80    0.019    0.000    0.0000      0.0000  p
clknet_0_net961             1.80    0.020    0.000    0.0000      0.0000  p
clknet_0_net962             1.80    0.019    0.000    0.0000      0.0000  p
clknet_0_net989             1.80    0.019    1.000    0.0000      0.0000  p
clknet_0_net998             1.80    0.018    0.000    0.0000      0.0000  p
clknet_1_0__leaf_net145     1.80    0.003    0.000    0.0000      0.0000  p
clknet_1_0__leaf_net193     1.80    0.004    0.000    0.0000      0.0000  p
clknet_1_0__leaf_net196     1.80    0.005    0.000    0.0000      0.0000  p
clknet_1_0__leaf_net365     1.80    0.030    0.000    0.0000      0.0000  p
clknet_1_0__leaf_net368     1.80    0.007    0.000    0.0000      0.0000  p
clknet_1_0__leaf_net369     1.80    0.008    0.000    0.0000      0.0000  p
clknet_1_0__leaf_net370     1.80    0.007    0.000    0.0000      0.0000  p
clknet_1_0__leaf_net374     1.80    0.010    0.000    0.0000      0.0000  p
clknet_1_0__leaf_net380     1.80    0.004    1.000    0.0000      0.0000  p
clknet_1_0__leaf_net382     1.80    0.006    1.000    0.0000      0.0000  p
clknet_1_0__leaf_net501     1.80    0.005    0.000    0.0000      0.0000  p
clknet_1_0__leaf_net674     1.80    0.003    0.000    0.0000      0.0000  p
clknet_1_0__leaf_net678     1.80    0.012    0.000    0.0000      0.0000  p
clknet_1_0__leaf_net690     1.80    0.010    0.000    0.0000      0.0000  p
clknet_1_0__leaf_net694     1.80    0.008    0.000    0.0000      0.0000  p
clknet_1_0__leaf_net702     1.80    0.004    0.000    0.0000      0.0000  p
clknet_1_0__leaf_net720     1.80    0.005    0.000    0.0000      0.0000  p
clknet_1_0__leaf_net721     1.80    0.007    0.000    0.0000      0.0000  p
clknet_1_0__leaf_net722     1.80    0.013    0.000    0.0000      0.0000  p
clknet_1_0__leaf_net723     1.80    0.008    1.000    0.0000      0.0000  p
clknet_1_0__leaf_net724     1.80    0.006    0.000    0.0000      0.0000  p
clknet_1_0__leaf_net751     1.80    0.004    0.000    0.0000      0.0000  p
clknet_1_0__leaf_net941     1.80    0.006    0.000    0.0000      0.0000  p
clknet_1_0__leaf_net961     1.80    0.005    0.000    0.0000      0.0000  p
clknet_1_0__leaf_net962     1.80    0.003    0.000    0.0000      0.0000  p
clknet_1_0__leaf_net989     1.80    0.005    1.000    0.0000      0.0000  p
clknet_1_0__leaf_net998     1.80    0.006    0.000    0.0000      0.0000  p
clknet_1_1__leaf_net145     1.80    0.005    0.000    0.0000      0.0000  p
clknet_1_1__leaf_net193     1.80    0.003    0.000    0.0000      0.0000  p
clknet_1_1__leaf_net196     1.80    0.003    0.000    0.0000      0.0000  p
clknet_1_1__leaf_net365     1.80    0.029    0.000    0.0000      0.0000  p
clknet_1_1__leaf_net368     1.80    0.003    0.000    0.0000      0.0000  p
clknet_1_1__leaf_net369     1.80    0.008    0.000    0.0000      0.0000  p
clknet_1_1__leaf_net370     1.80    0.003    0.000    0.0000      0.0000  p
clknet_1_1__leaf_net374     1.80    0.014    0.000    0.0000      0.0000  p
clknet_1_1__leaf_net380     1.80    0.007    1.000    0.0000      0.0000  p
clknet_1_1__leaf_net382     1.80    0.004    1.000    0.0000      0.0000  p
clknet_1_1__leaf_net501     1.80    0.010    0.000    0.0000      0.0000  p
clknet_1_1__leaf_net674     1.80    0.008    0.000    0.0000      0.0000  p
clknet_1_1__leaf_net678     1.80    0.012    0.000    0.0000      0.0000  p
clknet_1_1__leaf_net690     1.80    0.008    0.000    0.0000      0.0000  p
clknet_1_1__leaf_net694     1.80    0.004    0.000    0.0000      0.0000  p
clknet_1_1__leaf_net702     1.80    0.005    0.000    0.0000      0.0000  p
clknet_1_1__leaf_net720     1.80    0.005    0.000    0.0000      0.0000  p
clknet_1_1__leaf_net721     1.80    0.010    0.000    0.0000      0.0000  p
clknet_1_1__leaf_net722     1.80    0.008    0.000    0.0000      0.0000  p
clknet_1_1__leaf_net723     1.80    0.007    1.000    0.0000      0.0000  p
clknet_1_1__leaf_net724     1.80    0.007    0.000    0.0000      0.0000  p
clknet_1_1__leaf_net751     1.80    0.007    0.000    0.0000      0.0000  p
clknet_1_1__leaf_net941     1.80    0.004    0.000    0.0000      0.0000  p
clknet_1_1__leaf_net961     1.80    0.006    0.000    0.0000      0.0000  p
clknet_1_1__leaf_net962     1.80    0.006    0.000    0.0000      0.0000  p
clknet_1_1__leaf_net989     1.80    0.005    1.000    0.0000      0.0000  p
clknet_1_1__leaf_net998     1.80    0.005    0.000    0.0000      0.0000  p
net10                       1.80    0.006    0.000    0.0000      0.0000  p
net14                       1.80    0.004    1.000    0.0000      0.0000  p
net16                       1.80    0.005    1.000    0.0000      0.0000  p
net17                       1.80    0.003    1.000    0.0000      0.0000  p
net24                       1.80    0.002    1.000    0.0000      0.0000  p
net28                       1.80    0.010    1.000    0.0000      0.0000  p
net29                       1.80    0.012    1.000    0.0000      0.0000  p
net30                       1.80    0.027    0.000    0.0000      0.0000  p
net32                       1.80    0.017    0.000    0.0000      0.0000  p
net33                       1.80    0.002    0.000    0.0000      0.0000  p
net34                       1.80    0.030    1.000    0.0000      0.0000  p
net35                       1.80    0.014    0.000    0.0000      0.0000  p
net37                       1.80    0.002    0.000    0.0000      0.0000  p
net38                       1.80    0.004    1.000    0.0000      0.0000  p
net39                       1.80    0.002    1.000    0.0000      0.0000  p
net40                       1.80    0.002    1.000    0.0000      0.0000  p
net41                       1.80    0.008    0.000    0.0000      0.0000  p
net43                       1.80    0.009    0.000    0.0000      0.0000  p
net44                       1.80    0.008    0.000    0.0000      0.0000  p
net45                       1.80    0.009    0.000    0.0000      0.0000  p
net46                       1.80    0.005    0.000    0.0000      0.0000  p
net47                       1.80    0.015    0.000    0.0000      0.0000  p
net48                       1.80    0.010    0.000    0.0000      0.0000  p
net49                       1.80    0.009    0.000    0.0000      0.0000  p
net50                       1.80    0.016    0.000    0.0000      0.0000  p
net51                       1.80    0.018    0.000    0.0000      0.0000  p
net52                       1.80    0.024    0.000    0.0000      0.0000  p
net53                       1.80    0.014    1.000    0.0000      0.0000  p
net54                       1.80    0.004    0.000    0.0000      0.0000  p
net55                       1.80    0.012    1.000    0.0000      0.0000  p
net56                       1.80    0.022    0.000    0.0000      0.0000  p
net57                       1.80    0.004    0.000    0.0000      0.0000  p
net58                       1.80    0.003    0.000    0.0000      0.0000  p
net59                       1.80    0.004    0.000    0.0000      0.0000  p
net60                       1.80    0.002    1.000    0.0000      0.0000  p
net61                       1.80    0.003    0.000    0.0000      0.0000  p
net62                       1.80    0.008    0.000    0.0000      0.0000  p
net63                       1.80    0.003    0.000    0.0000      0.0000  p
net64                       1.80    0.008    0.000    0.0000      0.0000  p
net65                       1.80    0.019    1.000    0.0000      0.0000  p
net66                       1.80    0.002    1.000    0.0000      0.0000  p
net67                       1.80    0.002    1.000    0.0000      0.0000  p
net68                       1.80    0.012    0.000    0.0000      0.0000  p
net69                       1.80    0.002    0.000    0.0000      0.0000  p
net70                       1.80    0.002    0.000    0.0000      0.0000  p
net74                       1.80    0.002    0.000    0.0000      0.0000  p
net78                       1.80    0.002    0.000    0.0000      0.0000  p
net79                       1.80    0.015    0.000    0.0000      0.0000  p
net81                       1.80    0.004    1.000    0.0000      0.0000  p
net83                       1.80    0.002    0.000    0.0000      0.0000  p
net84                       1.80    0.002    0.000    0.0000      0.0000  p
net85                       1.80    0.003    1.000    0.0000      0.0000  p
net93                       1.80    0.007    1.000    0.0000      0.0000  p
net94                       1.80    0.002    1.000    0.0000      0.0000  p
net96                       1.80    0.005    1.000    0.0000      0.0000  p
net99                       1.80    0.007    0.000    0.0000      0.0000  p
net100                      1.80    0.002    1.000    0.0000      0.0000  p
net102                      1.80    0.003    1.000    0.0000      0.0000  p
net103                      1.80    0.005    0.000    0.0000      0.0000  p
net104                      1.80    0.004    0.000    0.0000      0.0000  p
net109                      1.80    0.002    1.000    0.0000      0.0000  p
net134                      1.80    0.039    1.000    0.0000      0.0000  p
net135                      1.80    0.050    1.000    0.0000      0.0000  p
net136                      1.80    0.050    1.000    0.0000      0.0000  p
net145                      1.80    0.009    0.000    0.0000      0.0000  p
net152                      1.80    0.013    0.000    0.0000      0.0000  p
net154                      1.80    0.005    0.000    0.0000      0.0000  p
net157                      1.80    0.013    0.000    0.0000      0.0000  p
net158                      1.80    0.010    0.000    0.0000      0.0000  p
net159                      1.80    0.016    0.000    0.0000      0.0000  p
net160                      1.80    0.010    0.000    0.0000      0.0000  p
net161                      1.80    0.004    0.000    0.0000      0.0000  p
net162                      1.80    0.002    0.000    0.0000      0.0000  p
net163                      1.80    0.018    0.000    0.0000      0.0000  p
net164                      1.80    0.003    0.000    0.0000      0.0000  p
net165                      1.80    0.011    0.000    0.0000      0.0000  p
net166                      1.80    0.005    0.000    0.0000      0.0000  p
net167                      1.80    0.002    1.000    0.0000      0.0000  p
net168                      1.80    0.006    0.000    0.0000      0.0000  p
net169                      1.80    0.003    1.000    0.0000      0.0000  p
net171                      1.80    0.007    0.000    0.0000      0.0000  p
net172                      1.80    0.009    0.000    0.0000      0.0000  p
net173                      1.80    0.005    1.000    0.0000      0.0000  pm
net175                      1.80    0.003    0.000    0.0000      0.0000  p
net176                      1.80    0.002    0.000    0.0000      0.0000  p
net177                      1.80    0.002    0.000    0.0000      0.0000  p
net178                      1.80    0.010    0.000    0.0000      0.0000  p
net179                      1.80    0.026    0.000    0.0000      0.0000  p
net180                      1.80    0.023    0.000    0.0000      0.0000  p
net181                      1.80    0.051    0.000    0.0000      0.0000  p
net182                      1.80    0.008    0.000    0.0000      0.0000  p
net185                      1.80    0.003    0.000    0.0000      0.0000  p
net186                      1.80    0.021    0.000    0.0000      0.0000  p
net187                      1.80    0.014    0.000    0.0000      0.0000  p
net188                      1.80    0.003    0.000    0.0000      0.0000  p
net189                      1.80    0.013    0.000    0.0000      0.0000  p
net190                      1.80    0.002    0.000    0.0000      0.0000  p
net191                      1.80    0.020    0.000    0.0000      0.0000  p
net192                      1.80    0.008    0.000    0.0000      0.0000  p
net193                      1.80    0.008    0.000    0.0000      0.0000  p
net196                      1.80    0.008    0.000    0.0000      0.0000  p
net197                      1.80    0.004    0.000    0.0000      0.0000  p
net198                      1.80    0.001    0.000    0.0000      0.0000  pm
net199                      1.80    0.005    0.000    0.0000      0.0000  p
net200                      1.80    0.015    0.000    0.0000      0.0000  p
net201                      1.80    0.011    0.000    0.0000      0.0000  p
net202                      1.80    0.018    1.000    0.0000      0.0000  p
net203                      1.80    0.015    1.000    0.0000      0.0000  p
net204                      1.80    0.007    1.000    0.0000      0.0000  p
net206                      1.80    0.014    0.000    0.0000      0.0000  p
net207                      1.80    0.016    0.000    0.0000      0.0000  p
net211                      1.80    0.003    1.000    0.0000      0.0000  p
net212                      1.80    0.005    0.000    0.0000      0.0000  p
net213                      1.80    0.004    1.000    0.0000      0.0000  p
net214                      1.80    0.002    0.000    0.0000      0.0000  p
net215                      1.80    0.016    0.000    0.0000      0.0000  p
net216                      1.80    0.003    0.000    0.0000      0.0000  p
net217                      1.80    0.003    0.000    0.0000      0.0000  p
net219                      1.80    0.006    0.000    0.0000      0.0000  p
net220                      1.80    0.010    0.000    0.0000      0.0000  p
net223                      1.80    0.021    0.000    0.0000      0.0000  p
net225                      1.80    0.006    0.000    0.0000      0.0000  p
net226                      1.80    0.004    0.000    0.0000      0.0000  p
net231                      1.80    0.024    0.000    0.0000      0.0000  p
net232                      1.80    0.002    0.000    0.0000      0.0000  p
net233                      1.80    0.015    0.000    0.0000      0.0000  p
net236                      1.80    0.006    0.000    0.0000      0.0000  p
net237                      1.80    0.022    0.000    0.0000      0.0000  p
net238                      1.80    0.003    1.000    0.0000      0.0000  p
net239                      1.80    0.007    0.000    0.0000      0.0000  p
net241                      1.80    0.002    0.000    0.0000      0.0000  p
net242                      1.80    0.005    0.000    0.0000      0.0000  p
net243                      1.80    0.002    0.000    0.0000      0.0000  p
net246                      1.80    0.006    0.000    0.0000      0.0000  p
net247                      1.80    0.004    0.000    0.0000      0.0000  p
net248                      1.80    0.004    0.000    0.0000      0.0000  p
net250                      1.80    0.013    0.000    0.0000      0.0000  p
net255                      1.80    0.002    0.000    0.0000      0.0000  p
net256                      1.80    0.002    0.000    0.0000      0.0000  p
net258                      1.80    0.013    0.000    0.0000      0.0000  p
net261                      1.80    0.002    0.000    0.0000      0.0000  p
net263                      1.80    0.036    0.000    0.0000      0.0000  p
net265                      1.80    0.042    0.000    0.0000      0.0000  p
net266                      1.80    0.013    0.000    0.0000      0.0000  p
net267                      1.80    0.003    0.000    0.0000      0.0000  p
net268                      1.80    0.002    0.000    0.0000      0.0000  p
net269                      1.80    0.002    0.000    0.0000      0.0000  p
net270                      1.80    0.005    1.000    0.0000      0.0000  p
net273                      1.80    0.030    0.000    0.0000      0.0000  p
net274                      1.80    0.005    0.000    0.0000      0.0000  p
net275                      1.80    0.008    0.000    0.0000      0.0000  p
net276                      1.80    0.010    0.000    0.0000      0.0000  p
net277                      1.80    0.008    0.000    0.0000      0.0000  p
net278                      1.80    0.014    0.000    0.0000      0.0000  p
net279                      1.80    0.003    0.000    0.0000      0.0000  p
net280                      1.80    0.007    0.000    0.0000      0.0000  p
net281                      1.80    0.008    0.000    0.0000      0.0000  p
net282                      1.80    0.005    0.000    0.0000      0.0000  p
net283                      1.80    0.013    0.000    0.0000      0.0000  p
net284                      1.80    0.002    0.000    0.0000      0.0000  p
net286                      1.80    0.007    1.000    0.0000      0.0000  p
net287                      1.80    0.008    0.000    0.0000      0.0000  p
net288                      1.80    0.002    0.000    0.0000      0.0000  p
net289                      1.80    0.006    0.000    0.0000      0.0000  p
net290                      1.80    0.003    0.000    0.0000      0.0000  p
net291                      1.80    0.008    1.000    0.0000      0.0000  p
net292                      1.80    0.004    0.000    0.0000      0.0000  p
net293                      1.80    0.015    0.000    0.0000      0.0000  p
net294                      1.80    0.004    0.000    0.0000      0.0000  p
net295                      1.80    0.011    0.000    0.0000      0.0000  p
net296                      1.80    0.018    0.000    0.0000      0.0000  p
net297                      1.80    0.021    0.000    0.0000      0.0000  p
net298                      1.80    0.015    0.000    0.0000      0.0000  p
net299                      1.80    0.025    0.000    0.0000      0.0000  p
net300                      1.80    0.028    0.000    0.0000      0.0000  p
net301                      1.80    0.006    0.000    0.0000      0.0000  p
net302                      1.80    0.020    1.000    0.0000      0.0000  p
net303                      1.80    0.017    0.000    0.0000      0.0000  p
net304                      1.80    0.003    0.000    0.0000      0.0000  p
net305                      1.80    0.005    0.000    0.0000      0.0000  p
net306                      1.80    0.002    0.000    0.0000      0.0000  p
net307                      1.80    0.014    0.000    0.0000      0.0000  p
net308                      1.80    0.006    0.000    0.0000      0.0000  p
net309                      1.80    0.006    0.000    0.0000      0.0000  p
net310                      1.80    0.004    1.000    0.0000      0.0000  p
net311                      1.80    0.007    0.000    0.0000      0.0000  p
net312                      1.80    0.028    0.000    0.0000      0.0000  p
net313                      1.80    0.002    0.000    0.0000      0.0000  p
net314                      1.80    0.011    0.000    0.0000      0.0000  p
net315                      1.80    0.025    0.000    0.0000      0.0000  p
net316                      1.80    0.007    0.000    0.0000      0.0000  p
net317                      1.80    0.022    0.000    0.0000      0.0000  p
net318                      1.80    0.012    0.000    0.0000      0.0000  p
net320                      1.80    0.015    0.000    0.0000      0.0000  p
net321                      1.80    0.020    0.000    0.0000      0.0000  p
net322                      1.80    0.013    0.000    0.0000      0.0000  p
net325                      1.80    0.002    0.000    0.0000      0.0000  p
net326                      1.80    0.014    0.000    0.0000      0.0000  p
net327                      1.80    0.009    0.000    0.0000      0.0000  p
net328                      1.80    0.018    0.000    0.0000      0.0000  p
net329                      1.80    0.002    0.000    0.0000      0.0000  p
net331                      1.80    0.016    1.000    0.0000      0.0000  p
net332                      1.80    0.020    0.000    0.0000      0.0000  p
net333                      1.80    0.012    0.000    0.0000      0.0000  p
net334                      1.80    0.005    0.000    0.0000      0.0000  p
net335                      1.80    0.009    0.000    0.0000      0.0000  p
net336                      1.80    0.002    0.000    0.0000      0.0000  p
net337                      1.80    0.004    0.000    0.0000      0.0000  p
net338                      1.80    0.005    0.000    0.0000      0.0000  p
net339                      1.80    0.012    0.000    0.0000      0.0000  p
net342                      1.80    0.007    0.000    0.0000      0.0000  p
net343                      1.80    0.004    0.000    0.0000      0.0000  p
net344                      1.80    0.009    0.000    0.0000      0.0000  p
net346                      1.80    0.039    0.000    0.0000      0.0000  p
net347                      1.80    0.005    0.000    0.0000      0.0000  p
net349                      1.80    0.019    0.000    0.0000      0.0000  p
net350                      1.80    0.024    0.000    0.0000      0.0000  p
net351                      1.80    0.003    1.000    0.0000      0.0000  p
net354                      1.80    0.003    0.000    0.0000      0.0000  p
net355                      1.80    0.002    1.000    0.0000      0.0000  p
net356                      1.80    0.005    1.000    0.0000      0.0000  p
net357                      1.80    0.006    0.000    0.0000      0.0000  p
net360                      1.80    0.003    0.000    0.0000      0.0000  p
net361                      1.80    0.003    1.000    0.0000      0.0000  p
net363                      1.80    0.031    0.000    0.0000      0.0000  p
net364                      1.80    0.003    0.000    0.0000      0.0000  p
net365                      1.80    0.018    0.000    0.0000      0.0000  p
net367                      1.80    0.015    0.000    0.0000      0.0000  p
net368                      1.80    0.008    0.000    0.0000      0.0000  p
net369                      1.80    0.010    0.000    0.0000      0.0000  p
net370                      1.80    0.012    0.000    0.0000      0.0000  p
net372                      1.80    0.003    0.000    0.0000      0.0000  p
net373                      1.80    0.002    0.000    0.0000      0.0000  p
net374                      1.80    0.009    0.000    0.0000      0.0000  p
net375                      1.80    0.002    0.000    0.0000      0.0000  p
net376                      1.80    0.008    1.000    0.0000      0.0000  p
net377                      1.80    0.006    0.000    0.0000      0.0000  p
net378                      1.80    0.006    1.000    0.0000      0.0000  p
net379                      1.80    0.006    0.000    0.0000      0.0000  p
net380                      1.80    0.010    1.000    0.0000      0.0000  p
net381                      1.80    0.003    0.000    0.0000      0.0000  p
net382                      1.80    0.009    1.000    0.0000      0.0000  p
net383                      1.80    0.005    1.000    0.0000      0.0000  p
net384                      1.80    0.006    1.000    0.0000      0.0000  p
net385                      1.80    0.005    1.000    0.0000      0.0000  p
net388                      1.80    0.016    1.000    0.0000      0.0000  p
net391                      1.80    0.002    0.000    0.0000      0.0000  p
net392                      1.80    0.006    1.000    0.0000      0.0000  p
net399                      1.80    0.002    0.000    0.0000      0.0000  p
net405                      1.80    0.007    0.000    0.0000      0.0000  p
net406                      1.80    0.008    0.000    0.0000      0.0000  p
net407                      1.80    0.003    0.000    0.0000      0.0000  p
net408                      1.80    0.005    0.000    0.0000      0.0000  p
net411                      1.80    0.010    0.000    0.0000      0.0000  p
net412                      1.80    0.012    0.000    0.0000      0.0000  p
net413                      1.80    0.013    0.000    0.0000      0.0000  p
net414                      1.80    0.015    0.000    0.0000      0.0000  p
net415                      1.80    0.004    0.000    0.0000      0.0000  p
net416                      1.80    0.019    0.000    0.0000      0.0000  p
net417                      1.80    0.002    0.000    0.0000      0.0000  p
net418                      1.80    0.003    0.000    0.0000      0.0000  p
net419                      1.80    0.015    0.000    0.0000      0.0000  p
net420                      1.80    0.015    0.000    0.0000      0.0000  p
net421                      1.80    0.007    0.000    0.0000      0.0000  p
net422                      1.80    0.007    0.000    0.0000      0.0000  p
net423                      1.80    0.005    0.000    0.0000      0.0000  p
net424                      1.80    0.006    0.000    0.0000      0.0000  p
net425                      1.80    0.002    0.000    0.0000      0.0000  p
net426                      1.80    0.007    0.000    0.0000      0.0000  p
net427                      1.80    0.002    0.000    0.0000      0.0000  p
net428                      1.80    0.006    0.000    0.0000      0.0000  p
net429                      1.80    0.003    0.000    0.0000      0.0000  p
net430                      1.80    0.007    0.000    0.0000      0.0000  p
net431                      1.80    0.021    0.000    0.0000      0.0000  p
net432                      1.80    0.004    0.000    0.0000      0.0000  p
net434                      1.80    0.018    0.000    0.0000      0.0000  p
net435                      1.80    0.003    0.000    0.0000      0.0000  p
net436                      1.80    0.017    0.000    0.0000      0.0000  p
net438                      1.80    0.041    0.000    0.0000      0.0000  p
net439                      1.80    0.013    0.000    0.0000      0.0000  p
net440                      1.80    0.002    0.000    0.0000      0.0000  p
net442                      1.80    0.022    0.000    0.0000      0.0000  p
net444                      1.80    0.004    0.000    0.0000      0.0000  p
net445                      1.80    0.002    0.000    0.0000      0.0000  p
net446                      1.80    0.042    0.000    0.0000      0.0000  p
net447                      1.80    0.011    0.000    0.0000      0.0000  p
net448                      1.80    0.004    0.000    0.0000      0.0000  p
net449                      1.80    0.007    0.000    0.0000      0.0000  p
net450                      1.80    0.007    0.000    0.0000      0.0000  p
net451                      1.80    0.003    1.000    0.0000      0.0000  p
net452                      1.80    0.002    0.000    0.0000      0.0000  p
net454                      1.80    0.004    0.000    0.0000      0.0000  p
net455                      1.80    0.011    1.000    0.0000      0.0000  p
net456                      1.80    0.010    0.000    0.0000      0.0000  p
net457                      1.80    0.003    0.000    0.0000      0.0000  p
net458                      1.80    0.045    0.000    0.0000      0.0000  p
net459                      1.80    0.002    0.000    0.0000      0.0000  p
net460                      1.80    0.050    0.000    0.0000      0.0000  p
net461                      1.80    0.005    0.000    0.0000      0.0000  p
net462                      1.80    0.034    0.000    0.0000      0.0000  p
net464                      1.80    0.048    0.000    0.0000      0.0000  p
net465                      1.80    0.002    0.000    0.0000      0.0000  p
net467                      1.80    0.002    0.000    0.0000      0.0000  p
net468                      1.80    0.003    1.000    0.0000      0.0000  p
net469                      1.80    0.003    0.000    0.0000      0.0000  p
net470                      1.80    0.046    0.000    0.0000      0.0000  p
net472                      1.80    0.007    0.000    0.0000      0.0000  p
net473                      1.80    0.003    0.000    0.0000      0.0000  p
net474                      1.80    0.006    0.000    0.0000      0.0000  p
net475                      1.80    0.012    0.000    0.0000      0.0000  p
net476                      1.80    0.004    0.000    0.0000      0.0000  p
net477                      1.80    0.053    0.000    0.0000      0.0000  p
net478                      1.80    0.008    0.000    0.0000      0.0000  p
net479                      1.80    0.029    0.000    0.0000      0.0000  p
net489                      1.80    0.023    0.000    0.0000      0.0000  p
net496                      1.80    0.003    0.000    0.0000      0.0000  p
net497                      1.80    0.003    0.000    0.0000      0.0000  p
net498                      1.80    0.004    0.000    0.0000      0.0000  p
net499                      1.80    0.008    1.000    0.0000      0.0000  p
net501                      1.80    0.012    0.000    0.0000      0.0000  p
net502                      1.80    0.002    0.000    0.0000      0.0000  p
net509                      1.80    0.004    1.000    0.0000      0.0000  p
net510                      1.80    0.004    0.000    0.0000      0.0000  p
net513                      1.80    0.013    0.000    0.0000      0.0000  p
net514                      1.80    0.010    0.000    0.0000      0.0000  p
net515                      1.80    0.008    0.000    0.0000      0.0000  p
net516                      1.80    0.008    0.000    0.0000      0.0000  p
net517                      1.80    0.006    0.000    0.0000      0.0000  p
net518                      1.80    0.006    0.000    0.0000      0.0000  p
net519                      1.80    0.011    0.000    0.0000      0.0000  p
net520                      1.80    0.005    0.000    0.0000      0.0000  p
net521                      1.80    0.008    0.000    0.0000      0.0000  p
net522                      1.80    0.005    1.000    0.0000      0.0000  p
net523                      1.80    0.005    0.000    0.0000      0.0000  p
net527                      1.80    0.005    0.000    0.0000      0.0000  p
net528                      1.80    0.005    0.000    0.0000      0.0000  p
net529                      1.80    0.008    0.000    0.0000      0.0000  p
net530                      1.80    0.002    1.000    0.0000      0.0000  p
net533                      1.80    0.003    0.000    0.0000      0.0000  p
net535                      1.80    0.028    0.000    0.0000      0.0000  p
net536                      1.80    0.007    1.000    0.0000      0.0000  p
net537                      1.80    0.029    1.000    0.0000      0.0000  p
net538                      1.80    0.007    1.000    0.0000      0.0000  p
net539                      1.80    0.017    1.000    0.0000      0.0000  p
net540                      1.80    0.002    1.000    0.0000      0.0000  p
net541                      1.80    0.039    1.000    0.0000      0.0000  p
net542                      1.80    0.007    0.000    0.0000      0.0000  p
net544                      1.80    0.009    0.000    0.0000      0.0000  p
net547                      1.80    0.006    1.000    0.0000      0.0000  p
net549                      1.80    0.002    1.000    0.0000      0.0000  p
net553                      1.80    0.002    0.000    0.0000      0.0000  p
net557                      1.80    0.011    0.000    0.0000      0.0000  p
net558                      1.80    0.005    1.000    0.0000      0.0000  p
net559                      1.80    0.004    0.000    0.0000      0.0000  p
net561                      1.80    0.026    0.000    0.0000      0.0000  p
net562                      1.80    0.006    0.000    0.0000      0.0000  p
net563                      1.80    0.005    0.000    0.0000      0.0000  p
net565                      1.80    0.014    0.000    0.0000      0.0000  p
net566                      1.80    0.003    0.000    0.0000      0.0000  p
net567                      1.80    0.002    0.000    0.0000      0.0000  p
net568                      1.80    0.035    0.000    0.0000      0.0000  p
net569                      1.80    0.002    0.000    0.0000      0.0000  p
net570                      1.80    0.003    0.000    0.0000      0.0000  p
net571                      1.80    0.005    0.000    0.0000      0.0000  p
net573                      1.80    0.005    0.000    0.0000      0.0000  p
net574                      1.80    0.002    0.000    0.0000      0.0000  p
net575                      1.80    0.002    0.000    0.0000      0.0000  p
net576                      1.80    0.019    0.000    0.0000      0.0000  p
net577                      1.80    0.005    0.000    0.0000      0.0000  p
net578                      1.80    0.015    0.000    0.0000      0.0000  p
net580                      1.80    0.003    0.000    0.0000      0.0000  p
net581                      1.80    0.003    0.000    0.0000      0.0000  p
net582                      1.80    0.009    0.000    0.0000      0.0000  p
net584                      1.80    0.004    1.000    0.0000      0.0000  p
net585                      1.80    0.024    1.000    0.0000      0.0000  p
net586                      1.80    0.005    1.000    0.0000      0.0000  p
net587                      1.80    0.022    1.000    0.0000      0.0000  p
net588                      1.80    0.010    0.000    0.0000      0.0000  p
net590                      1.80    0.010    0.000    0.0000      0.0000  p
net592                      1.80    0.010    0.000    0.0000      0.0000  p
net593                      1.80    0.024    0.000    0.0000      0.0000  p
net595                      1.80    0.002    1.000    0.0000      0.0000  p
net596                      1.80    0.010    1.000    0.0000      0.0000  p
net597                      1.80    0.045    0.000    0.0000      0.0000  p
net598                      1.80    0.004    0.000    0.0000      0.0000  p
net600                      1.80    0.009    0.000    0.0000      0.0000  p
net604                      1.80    0.002    1.000    0.0000      0.0000  p
net605                      1.80    0.003    1.000    0.0000      0.0000  p
net608                      1.80    0.011    0.000    0.0000      0.0000  p
net610                      1.80    0.008    0.000    0.0000      0.0000  p
net612                      1.80    0.006    0.000    0.0000      0.0000  p
net614                      1.80    0.005    0.000    0.0000      0.0000  p
net615                      1.80    0.010    0.000    0.0000      0.0000  p
net616                      1.80    0.002    0.000    0.0000      0.0000  p
net617                      1.80    0.007    0.000    0.0000      0.0000  p
net618                      1.80    0.004    0.000    0.0000      0.0000  p
net619                      1.80    0.006    0.000    0.0000      0.0000  p
net621                      1.80    0.007    0.000    0.0000      0.0000  p
net623                      1.80    0.005    0.000    0.0000      0.0000  p
net625                      1.80    0.002    0.000    0.0000      0.0000  p
net627                      1.80    0.028    1.000    0.0000      0.0000  p
net628                      1.80    0.012    1.000    0.0000      0.0000  p
net629                      1.80    0.017    1.000    0.0000      0.0000  p
net637                      1.80    0.008    1.000    0.0000      0.0000  p
net651                      1.80    0.002    1.000    0.0000      0.0000  p
net654                      1.80    0.017    0.000    0.0000      0.0000  p
net655                      1.80    0.007    0.000    0.0000      0.0000  p
net658                      1.80    0.010    0.000    0.0000      0.0000  p
net660                      1.80    0.007    0.000    0.0000      0.0000  p
net665                      1.80    0.022    0.000    0.0000      0.0000  p
net666                      1.80    0.003    0.000    0.0000      0.0000  p
net667                      1.80    0.011    0.000    0.0000      0.0000  p
net668                      1.80    0.003    0.000    0.0000      0.0000  p
net670                      1.80    0.002    0.000    0.0000      0.0000  p
net671                      1.80    0.017    0.000    0.0000      0.0000  p
net674                      1.80    0.010    0.000    0.0000      0.0000  p
net676                      1.80    0.003    0.000    0.0000      0.0000  p
net677                      1.80    0.015    0.000    0.0000      0.0000  p
net678                      1.80    0.010    0.000    0.0000      0.0000  p
net679                      1.80    0.005    0.000    0.0000      0.0000  p
net681                      1.80    0.009    0.000    0.0000      0.0000  p
net682                      1.80    0.002    0.000    0.0000      0.0000  p
net684                      1.80    0.007    0.000    0.0000      0.0000  p
net685                      1.80    0.010    0.000    0.0000      0.0000  p
net686                      1.80    0.015    0.000    0.0000      0.0000  p
net687                      1.80    0.016    0.000    0.0000      0.0000  p
net689                      1.80    0.003    0.000    0.0000      0.0000  p
net690                      1.80    0.010    0.000    0.0000      0.0000  p
net691                      1.80    0.003    0.000    0.0000      0.0000  p
net692                      1.80    0.003    0.000    0.0000      0.0000  p
net693                      1.80    0.012    0.000    0.0000      0.0000  p
net694                      1.80    0.008    0.000    0.0000      0.0000  p
net698                      1.80    0.010    0.000    0.0000      0.0000  p
net699                      1.80    0.007    0.000    0.0000      0.0000  p
net700                      1.80    0.014    0.000    0.0000      0.0000  p
net701                      1.80    0.017    0.000    0.0000      0.0000  p
net702                      1.80    0.011    0.000    0.0000      0.0000  p
net705                      1.80    0.004    0.000    0.0000      0.0000  p
net706                      1.80    0.007    0.000    0.0000      0.0000  p
net707                      1.80    0.010    0.000    0.0000      0.0000  p
net708                      1.80    0.005    0.000    0.0000      0.0000  p
net709                      1.80    0.024    0.000    0.0000      0.0000  p
net710                      1.80    0.003    0.000    0.0000      0.0000  p
net711                      1.80    0.012    0.000    0.0000      0.0000  p
net712                      1.80    0.014    0.000    0.0000      0.0000  p
net713                      1.80    0.008    0.000    0.0000      0.0000  p
net714                      1.80    0.009    1.000    0.0000      0.0000  p
net715                      1.80    0.003    0.000    0.0000      0.0000  p
net717                      1.80    0.011    0.000    0.0000      0.0000  p
net720                      1.80    0.008    0.000    0.0000      0.0000  p
net721                      1.80    0.009    0.000    0.0000      0.0000  p
net722                      1.80    0.010    0.000    0.0000      0.0000  p
net723                      1.80    0.009    1.000    0.0000      0.0000  p
net724                      1.80    0.010    0.000    0.0000      0.0000  p
net725                      1.80    0.003    0.000    0.0000      0.0000  p
net726                      1.80    0.005    1.000    0.0000      0.0000  p
net728                      1.80    0.002    1.000    0.0000      0.0000  p
net729                      1.80    0.002    1.000    0.0000      0.0000  p
net733                      1.80    0.006    1.000    0.0000      0.0000  p
net734                      1.80    0.007    0.000    0.0000      0.0000  p
net735                      1.80    0.003    0.000    0.0000      0.0000  p
net736                      1.80    0.003    1.000    0.0000      0.0000  p
net739                      1.80    0.006    1.000    0.0000      0.0000  p
net742                      1.80    0.014    0.000    0.0000      0.0000  p
net743                      1.80    0.005    1.000    0.0000      0.0000  p
net745                      1.80    0.011    0.000    0.0000      0.0000  p
net746                      1.80    0.005    1.000    0.0000      0.0000  p
net747                      1.80    0.006    0.000    0.0000      0.0000  p
net748                      1.80    0.006    1.000    0.0000      0.0000  p
net751                      1.80    0.009    0.000    0.0000      0.0000  p
net752                      1.80    0.003    0.000    0.0000      0.0000  p
net753                      1.80    0.007    0.000    0.0000      0.0000  p
net754                      1.80    0.002    1.000    0.0000      0.0000  p
net755                      1.80    0.003    0.000    0.0000      0.0000  p
net756                      1.80    0.006    0.000    0.0000      0.0000  p
net757                      1.80    0.006    0.000    0.0000      0.0000  p
net760                      1.80    0.013    0.000    0.0000      0.0000  p
net762                      1.80    0.002    0.000    0.0000      0.0000  p
net766                      1.80    0.003    0.000    0.0000      0.0000  p
net771                      1.80    0.003    0.000    0.0000      0.0000  p
net774                      1.80    0.007    0.000    0.0000      0.0000  p
net775                      1.80    0.002    1.000    0.0000      0.0000  p
net776                      1.80    0.002    0.000    0.0000      0.0000  p
net777                      1.80    0.002    1.000    0.0000      0.0000  p
net778                      1.80    0.004    0.000    0.0000      0.0000  p
net779                      1.80    0.005    0.000    0.0000      0.0000  p
net780                      1.80    0.005    1.000    0.0000      0.0000  p
net783                      1.80    0.002    0.000    0.0000      0.0000  p
net785                      1.80    0.003    1.000    0.0000      0.0000  p
net786                      1.80    0.011    0.000    0.0000      0.0000  p
net787                      1.80    0.007    0.000    0.0000      0.0000  p
net789                      1.80    0.003    0.000    0.0000      0.0000  p
net790                      1.80    0.003    1.000    0.0000      0.0000  p
net796                      1.80    0.005    1.000    0.0000      0.0000  p
net797                      1.80    0.007    1.000    0.0000      0.0000  p
net799                      1.80    0.003    0.000    0.0000      0.0000  p
net801                      1.80    0.003    0.000    0.0000      0.0000  p
net804                      1.80    0.005    0.000    0.0000      0.0000  p
net809                      1.80    0.007    0.000    0.0000      0.0000  p
net810                      1.80    0.005    0.000    0.0000      0.0000  p
net811                      1.80    0.006    0.000    0.0000      0.0000  p
net812                      1.80    0.006    0.000    0.0000      0.0000  p
net813                      1.80    0.003    0.000    0.0000      0.0000  p
net815                      1.80    0.002    0.000    0.0000      0.0000  pm
net818                      1.80    0.022    1.000    0.0000      0.0000  p
net819                      1.80    0.010    1.000    0.0000      0.0000  p
net824                      1.80    0.003    0.000    0.0000      0.0000  p
net826                      1.80    0.007    0.000    0.0000      0.0000  p
net827                      1.80    0.007    0.000    0.0000      0.0000  p
net828                      1.80    0.003    1.000    0.0000      0.0000  p
net829                      1.80    0.003    0.000    0.0000      0.0000  p
net831                      1.80    0.003    1.000    0.0000      0.0000  p
net832                      1.80    0.003    0.000    0.0000      0.0000  p
net834                      1.80    0.003    0.000    0.0000      0.0000  p
net835                      1.80    0.003    0.000    0.0000      0.0000  p
net836                      1.80    0.002    0.000    0.0000      0.0000  p
net839                      1.80    0.002    0.000    0.0000      0.0000  p
net841                      1.80    0.003    1.000    0.0000      0.0000  p
net842                      1.80    0.004    0.000    0.0000      0.0000  p
net844                      1.80    0.002    1.000    0.0000      0.0000  p
net846                      1.80    0.006    0.000    0.0000      0.0000  p
net847                      1.80    0.002    0.000    0.0000      0.0000  p
net849                      1.80    0.003    0.000    0.0000      0.0000  p
net850                      1.80    0.011    1.000    0.0000      0.0000  p
net851                      1.80    0.006    0.000    0.0000      0.0000  p
net852                      1.80    0.002    0.000    0.0000      0.0000  p
net853                      1.80    0.002    0.000    0.0000      0.0000  p
net854                      1.80    0.004    1.000    0.0000      0.0000  p
net857                      1.80    0.006    0.000    0.0000      0.0000  p
net859                      1.80    0.002    0.000    0.0000      0.0000  p
net860                      1.80    0.002    1.000    0.0000      0.0000  p
net861                      1.80    0.003    0.000    0.0000      0.0000  p
net862                      1.80    0.005    1.000    0.0000      0.0000  p
net866                      1.80    0.008    0.000    0.0000      0.0000  p
net867                      1.80    0.016    0.000    0.0000      0.0000  p
net869                      1.80    0.005    0.000    0.0000      0.0000  p
net870                      1.80    0.003    0.000    0.0000      0.0000  p
net872                      1.80    0.002    0.000    0.0000      0.0000  p
net873                      1.80    0.005    1.000    0.0000      0.0000  p
net875                      1.80    0.004    1.000    0.0000      0.0000  p
net876                      1.80    0.009    1.000    0.0000      0.0000  p
net877                      1.80    0.003    1.000    0.0000      0.0000  p
net878                      1.80    0.005    0.000    0.0000      0.0000  p
net883                      1.80    0.003    1.000    0.0000      0.0000  p
net884                      1.80    0.003    0.000    0.0000      0.0000  p
net886                      1.80    0.004    0.000    0.0000      0.0000  p
net889                      1.80    0.005    0.000    0.0000      0.0000  p
net890                      1.80    0.013    0.000    0.0000      0.0000  p
net891                      1.80    0.012    0.000    0.0000      0.0000  p
net893                      1.80    0.002    0.000    0.0000      0.0000  p
net894                      1.80    0.004    0.000    0.0000      0.0000  p
net896                      1.80    0.003    0.000    0.0000      0.0000  p
net903                      1.80    0.013    0.000    0.0000      0.0000  p
net905                      1.80    0.007    0.000    0.0000      0.0000  p
net910                      1.80    0.005    0.000    0.0000      0.0000  p
net911                      1.80    0.011    0.000    0.0000      0.0000  p
net912                      1.80    0.005    1.000    0.0000      0.0000  p
net914                      1.80    0.004    1.000    0.0000      0.0000  p
net915                      1.80    0.020    0.000    0.0000      0.0000  p
net916                      1.80    0.008    1.000    0.0000      0.0000  p
net917                      1.80    0.007    0.000    0.0000      0.0000  p
net918                      1.80    0.008    1.000    0.0000      0.0000  p
net919                      1.80    0.007    0.000    0.0000      0.0000  p
net922                      1.80    0.014    0.000    0.0000      0.0000  p
net923                      1.80    0.026    0.000    0.0000      0.0000  p
net924                      1.80    0.014    0.000    0.0000      0.0000  p
net927                      1.80    0.006    0.000    0.0000      0.0000  pm
net937                      1.80    0.024    0.000    0.0000      0.0000  p
net938                      1.80    0.007    0.000    0.0000      0.0000  p
net939                      1.80    0.019    0.000    0.0000      0.0000  p
net941                      1.80    0.010    0.000    0.0000      0.0000  p
net946                      1.80    0.003    0.000    0.0000      0.0000  p
net948                      1.80    0.003    0.000    0.0000      0.0000  p
net949                      1.80    0.006    0.000    0.0000      0.0000  p
net952                      1.80    0.006    0.000    0.0000      0.0000  p
net954                      1.80    0.018    0.000    0.0000      0.0000  p
net959                      1.80    0.006    0.000    0.0000      0.0000  p
net961                      1.80    0.009    0.000    0.0000      0.0000  p
net962                      1.80    0.009    0.000    0.0000      0.0000  p
net967                      1.80    0.003    0.000    0.0000      0.0000  p
net970                      1.80    0.010    0.000    0.0000      0.0000  p
net989                      1.80    0.012    1.000    0.0000      0.0000  p
net992                      1.80    0.010    0.000    0.0000      0.0000  p
net993                      1.80    0.008    0.000    0.0000      0.0000  p
net997                      1.80    0.028    0.000    0.0000      0.0000  p
net998                      1.80    0.015    0.000    0.0000      0.0000  p
net999                      1.80    0.008    1.000    0.0000      0.0000  p
net1004                     1.80    0.004    0.000    0.0000      0.0000  p
net1005                     1.80    0.008    0.000    0.0000      0.0000  p
net1006                     1.80    0.008    0.000    0.0000      0.0000  p
net1007                     1.80    0.004    0.000    0.0000      0.0000  p
net1009                     1.80    0.002    0.000    0.0000      0.0000  p
net1010                     1.80    0.003    0.000    0.0000      0.0000  p
net1012                     1.80    0.003    0.000    0.0000      0.0000  p
net1013                     1.80    0.003    0.000    0.0000      0.0000  p
net1014                     1.80    0.004    0.000    0.0000      0.0000  p
net1015                     1.80    0.005    1.000    0.0000      0.0000  p
net1016                     1.80    0.002    0.000    0.0000      0.0000  p
net1017                     1.80    0.005    0.000    0.0000      0.0000  p
net1018                     1.80    0.010    0.000    0.0000      0.0000  p
net1019                     1.80    0.002    0.000    0.0000      0.0000  p
net1020                     1.80    0.002    0.000    0.0000      0.0000  p
net1021                     1.80    0.004    0.000    0.0000      0.0000  p
net1022                     1.80    0.005    1.000    0.0000      0.0000  p
net1023                     1.80    0.004    1.000    0.0000      0.0000  p
net1026                     1.80    0.005    0.000    0.0000      0.0000  p
net1027                     1.80    0.002    1.000    0.0000      0.0000  p
net1031                     1.80    0.002    0.000    0.0000      0.0000  p
net1032                     1.80    0.004    1.000    0.0000      0.0000  p
net1033                     1.80    0.002    0.000    0.0000      0.0000  p
net1035                     1.80    0.002    0.000    0.0000      0.0000  p
net1036                     1.80    0.003    0.000    0.0000      0.0000  p
net1037                     1.80    0.002    0.000    0.0000      0.0000  p
net1038                     1.80    0.003    0.000    0.0000      0.0000  p
net1040                     1.80    0.003    0.000    0.0000      0.0000  p
net1041                     1.80    0.004    0.000    0.0000      0.0000  p
net1043                     1.80    0.005    0.000    0.0000      0.0000  p
net1044                     1.80    0.005    0.000    0.0000      0.0000  p
net1048                     1.80    0.003    1.000    0.0000      0.0000  p
net1049                     1.80    0.004    1.000    0.0000      0.0000  p
net1050                     1.80    0.005    0.000    0.0000      0.0000  p
net1051                     1.80    0.003    0.000    0.0000      0.0000  p
net1055                     1.80    0.006    0.000    0.0000      0.0000  p
net1056                     1.80    0.003    0.000    0.0000      0.0000  p
net1057                     1.80    0.003    0.000    0.0000      0.0000  p
net1058                     1.80    0.004    1.000    0.0000      0.0000  p
net1059                     1.80    0.005    0.000    0.0000      0.0000  p
net1061                     1.80    0.002    1.000    0.0000      0.0000  p
net1062                     1.80    0.004    1.000    0.0000      0.0000  p
net1064                     1.80    0.003    0.000    0.0000      0.0000  p
net1066                     1.80    0.004    0.000    0.0000      0.0000  p
net1067                     1.80    0.002    1.000    0.0000      0.0000  p
net1069                     1.80    0.003    0.000    0.0000      0.0000  p
out5                        1.80    0.000    0.000    0.0000      0.0000  p
out7                        1.80    0.000    0.000    0.0000      0.0000  p
out9                        1.80    0.001    1.000    0.0000      0.0000  p
out11                       1.80    0.000    1.000    0.0000      0.0000  p
out21                       1.80    0.000    0.000    0.0000      0.0000  p
out22                       1.80    0.000    0.000    0.0000      0.0000  p
--------------------------------------------------------------------------------
Total (1244 nets)                                              3.500e-04 Watt



                                      Int      Switch   Leak      Total
Hierarchy                             Power    Power    Power     Power    %
--------------------------------------------------------------------------------
netlist_1                             8.44e-04 3.50e-04 6.90e-09  1.19e-03 100.0
1
