Information: Derived library resistance unit is 1.000000 Kohm (Time unit is 1 ns, and Capacitance unit is 1.000000 pF). (DES-028)
Warning: Detected semantically incorrect SPEF in coupling section. (PARA-098)
Warning: Coupling capacitor (in13:13 in14:13 0) on net in14 is discarded because the value cannot be <= 0 (PARA-040)
Warning: Coupling capacitor (out19 out7 0) on net out7 is discarded because the value cannot be <= 0 (PARA-040)
Warning: Coupling capacitor (out22 out9 0) on net out9 is discarded because the value cannot be <= 0 (PARA-040)
Warning: Coupling capacitor (clkbuf_1_0__f_net128/A clkbuf_1_1__f_net131/A 0) on net clknet_0_net131 is discarded because the value cannot be <= 0 (PARA-040)
Warning: Coupling capacitor (clknet_0_clk:82 clkbuf_1_0__f_net146/A 0) on net clknet_0_net146 is discarded because the value cannot be <= 0 (PARA-040)
Warning: Coupling capacitor (clkbuf_1_0__f_net146/A clkbuf_1_0__f_net153/A 0) on net clknet_0_net153 is discarded because the value cannot be <= 0 (PARA-040)
Warning: Coupling capacitor (clkbuf_1_1__f_net146/A clkbuf_1_1__f_net153/A 0) on net clknet_0_net153 is discarded because the value cannot be <= 0 (PARA-040)
Warning: Coupling capacitor (clknet_0_clk:82 clkbuf_1_1__f_net153/A 0) on net clknet_0_net153 is discarded because the value cannot be <= 0 (PARA-040)
Warning: Coupling capacitor (clkbuf_1_0__f_net365/A clkbuf_1_0__f_net503/A 0) on net clknet_0_net503 is discarded because the value cannot be <= 0 (PARA-040)
Warning: Coupling capacitor (clkbuf_1_0__f_net365/A clkbuf_1_1__f_net503/A 0) on net clknet_0_net503 is discarded because the value cannot be <= 0 (PARA-040)
Warning: Coupling capacitor (clkbuf_1_0__f_net688/A clkbuf_1_0__f_net690/A 0) on net clknet_0_net690 is discarded because the value cannot be <= 0 (PARA-040)
Warning: Coupling capacitor (clkbuf_1_0__f_net688/A clkbuf_1_1__f_net690/A 0) on net clknet_0_net690 is discarded because the value cannot be <= 0 (PARA-040)
Warning: Coupling capacitor (clkbuf_1_1__f_net688/A clkbuf_1_1__f_net690/A 0) on net clknet_0_net690 is discarded because the value cannot be <= 0 (PARA-040)
Warning: Coupling capacitor (clkbuf_1_1__f_net688/A clkbuf_1_0__f_net694/A 0) on net clknet_0_net694 is discarded because the value cannot be <= 0 (PARA-040)
Warning: Coupling capacitor (clkbuf_1_1__f_net720/A clkbuf_1_1__f_net722/A 0) on net clknet_0_net722 is discarded because the value cannot be <= 0 (PARA-040)
Warning: Coupling capacitor (clkbuf_1_0__f_net722/A clkbuf_1_0__f_net724/A 0) on net clknet_0_net724 is discarded because the value cannot be <= 0 (PARA-040)
Warning: Coupling capacitor (clkbuf_1_0__f_net722/A clkbuf_1_1__f_net724/A 0) on net clknet_0_net724 is discarded because the value cannot be <= 0 (PARA-040)
Warning: Coupling capacitor (clkbuf_1_0__f_net723/A clkbuf_1_0__f_net724/A 0) on net clknet_0_net724 is discarded because the value cannot be <= 0 (PARA-040)
Warning: Coupling capacitor (clkbuf_1_0__f_net723/A clkbuf_1_0__f_net727/A 0) on net clknet_0_net727 is discarded because the value cannot be <= 0 (PARA-040)
Warning: Coupling capacitor (clkbuf_1_0__f_net723/A clknet_0_net727:8 0) on net clknet_0_net727 is discarded because the value cannot be <= 0 (PARA-040)
Warning: Coupling capacitor (clkbuf_1_0__f_net722/A clkbuf_1_0__f_net941/A 0) on net clknet_0_net941 is discarded because the value cannot be <= 0 (PARA-040)
Warning: Coupling capacitor (clkbuf_1_1__f_net720/A clkbuf_1_1__f_net941/A 0) on net clknet_0_net941 is discarded because the value cannot be <= 0 (PARA-040)
Warning: Coupling capacitor (clkbuf_1_1__f_net722/A clkbuf_1_0__f_net941/A 0) on net clknet_0_net941 is discarded because the value cannot be <= 0 (PARA-040)
Warning: Coupling capacitor (clkbuf_1_1__f_net722/A clkbuf_1_1__f_net941/A 0) on net clknet_0_net941 is discarded because the value cannot be <= 0 (PARA-040)
Warning: Coupling capacitor (clkbuf_1_0__f_net942/A c147/A 0) on net clknet_1_0__leaf_net123 is discarded because the value cannot be <= 0 (PARA-040)
Warning: Coupling capacitor (clkbuf_1_1__f_net931/A c172/A1 0) on net clknet_1_0__leaf_net141 is discarded because the value cannot be <= 0 (PARA-040)
Warning: Coupling capacitor (clkbuf_1_0__f_net503/A clknet_1_0__leaf_net365:46 0) on net clknet_1_0__leaf_net365 is discarded because the value cannot be <= 0 (PARA-040)
Warning: Coupling capacitor (c379/B merge833/SCE 0) on net clknet_1_0__leaf_net368 is discarded because the value cannot be <= 0 (PARA-040)
Warning: Coupling capacitor (clkbuf_1_1__f_net962/A clknet_1_0__leaf_net369:10 0) on net clknet_1_0__leaf_net369 is discarded because the value cannot be <= 0 (PARA-040)
Warning: Coupling capacitor (c753/SCD c751/A 0) on net clknet_1_0__leaf_net721 is discarded because the value cannot be <= 0 (PARA-040)
Warning: Coupling capacitor (merge776/A3 merge776/S0 0) on net clknet_1_0__leaf_net721 is discarded because the value cannot be <= 0 (PARA-040)
Warning: Coupling capacitor (clkbuf_1_0__f_net727/A c756/B1 0) on net clknet_1_0__leaf_net723 is discarded because the value cannot be <= 0 (PARA-040)
Warning: Coupling capacitor (clknet_0_net727:8 c756/B1 0) on net clknet_1_0__leaf_net723 is discarded because the value cannot be <= 0 (PARA-040)
Warning: Coupling capacitor (c143/A merge841/A1 0) on net clknet_1_1__leaf_net121 is discarded because the value cannot be <= 0 (PARA-040)
Warning: Coupling capacitor (clkbuf_1_0__f_net942/A c149/B 0) on net clknet_1_1__leaf_net123 is discarded because the value cannot be <= 0 (PARA-040)
Warning: Coupling capacitor (c164/B c173/C 0) on net clknet_1_1__leaf_net146 is discarded because the value cannot be <= 0 (PARA-040)
Warning: Coupling capacitor (c175/B c173/C 0) on net clknet_1_1__leaf_net146 is discarded because the value cannot be <= 0 (PARA-040)
Warning: Coupling capacitor (c175/B clknet_1_1__leaf_net146:10 0) on net clknet_1_1__leaf_net146 is discarded because the value cannot be <= 0 (PARA-040)
Warning: Coupling capacitor (c214/A2 c217/A0 0) on net clknet_1_1__leaf_net196 is discarded because the value cannot be <= 0 (PARA-040)
Warning: Coupling capacitor (clkbuf_1_1__f_net193/A c217/A0 0) on net clknet_1_1__leaf_net196 is discarded because the value cannot be <= 0 (PARA-040)
Warning: Coupling capacitor (clkbuf_1_0__f_net382/A clknet_1_1__leaf_net365:40 0) on net clknet_1_1__leaf_net365 is discarded because the value cannot be <= 0 (PARA-040)
Warning: Coupling capacitor (c392/A1 c389/B 0) on net clknet_1_1__leaf_net369 is discarded because the value cannot be <= 0 (PARA-040)
Warning: Coupling capacitor (clkbuf_1_0__f_net382/A c392/B1 0) on net clknet_1_1__leaf_net374 is discarded because the value cannot be <= 0 (PARA-040)
Warning: Coupling capacitor (clkbuf_1_0__f_net382/A c392/C1 0) on net clknet_1_1__leaf_net380 is discarded because the value cannot be <= 0 (PARA-040)
Warning: Coupling capacitor (clkbuf_1_1__f_net382/A c392/C1 0) on net clknet_1_1__leaf_net380 is discarded because the value cannot be <= 0 (PARA-040)
Warning: Coupling capacitor (clknet_1_0__leaf_net365:70 clknet_1_1__leaf_net503:30 0) on net clknet_1_1__leaf_net503 is discarded because the value cannot be <= 0 (PARA-040)
Warning: Coupling capacitor (clkbuf_1_0__f_net702/A clknet_1_1__leaf_net674:18 0) on net clknet_1_1__leaf_net674 is discarded because the value cannot be <= 0 (PARA-040)
Warning: Coupling capacitor (clkbuf_1_0__f_net702/A c725/A2 0) on net clknet_1_1__leaf_net688 is discarded because the value cannot be <= 0 (PARA-040)
Warning: Coupling capacitor (clkbuf_1_1__f_net722/A c750/B 0) on net clknet_1_1__leaf_net721 is discarded because the value cannot be <= 0 (PARA-040)
Warning: Coupling capacitor (c751/A c751/C_N 0) on net clknet_1_1__leaf_net722 is discarded because the value cannot be <= 0 (PARA-040)
Warning: Coupling capacitor (c751/A clknet_1_1__leaf_net722:12 0) on net clknet_1_1__leaf_net722 is discarded because the value cannot be <= 0 (PARA-040)
Warning: Coupling capacitor (clknet_1_1__leaf_net722:12 c753/D 0) on net clknet_1_1__leaf_net723 is discarded because the value cannot be <= 0 (PARA-040)
Warning: Coupling capacitor (clkbuf_1_0__f_net722/A clknet_1_1__leaf_net724:12 0) on net clknet_1_1__leaf_net724 is discarded because the value cannot be <= 0 (PARA-040)
Warning: Coupling capacitor (clknet_1_1__leaf_net722:10 c748/A 0) on net clknet_1_1__leaf_net941 is discarded because the value cannot be <= 0 (PARA-040)
Warning: Coupling capacitor (c145/A clknet_4_0_0_clk:100 0) on net clknet_4_0_0_clk is discarded because the value cannot be <= 0 (PARA-040)
Warning: Coupling capacitor (c722/A clknet_4_10_0_clk:14 0) on net clknet_4_10_0_clk is discarded because the value cannot be <= 0 (PARA-040)
Warning: Coupling capacitor (c751/C_N clknet_4_10_0_clk:193 0) on net clknet_4_10_0_clk is discarded because the value cannot be <= 0 (PARA-040)
Warning: Coupling capacitor (clkbuf_1_0__f_net688/A clknet_4_10_0_clk:149 0) on net clknet_4_10_0_clk is discarded because the value cannot be <= 0 (PARA-040)
Warning: Coupling capacitor (clkbuf_1_1__f_net674/A clknet_4_10_0_clk:232 0) on net clknet_4_10_0_clk is discarded because the value cannot be <= 0 (PARA-040)
Warning: Coupling capacitor (clkbuf_1_1__f_net688/A clknet_4_10_0_clk:149 0) on net clknet_4_10_0_clk is discarded because the value cannot be <= 0 (PARA-040)
Warning: Coupling capacitor (clknet_1_0__leaf_net688:10 clknet_4_10_0_clk:18 0) on net clknet_4_10_0_clk is discarded because the value cannot be <= 0 (PARA-040)
Warning: Coupling capacitor (clknet_1_0__leaf_net998:16 merge871/CLK 0) on net clknet_4_11_0_clk is discarded because the value cannot be <= 0 (PARA-040)
Warning: Coupling capacitor (clknet_0_clk:333 ANTENNA_merge791_CLK/DIODE 0) on net clknet_4_12_0_clk is discarded because the value cannot be <= 0 (PARA-040)
Warning: Coupling capacitor (c527/A clknet_4_14_0_clk:223 0) on net clknet_4_14_0_clk is discarded because the value cannot be <= 0 (PARA-040)
Warning: Coupling capacitor (c527/A clknet_4_14_0_clk:227 0) on net clknet_4_14_0_clk is discarded because the value cannot be <= 0 (PARA-040)
Warning: Coupling capacitor (merge815/SCD clknet_4_14_0_clk:152 0) on net clknet_4_14_0_clk is discarded because the value cannot be <= 0 (PARA-040)
Warning: Coupling capacitor (merge815/SCE merge833/CLK 0) on net clknet_4_14_0_clk is discarded because the value cannot be <= 0 (PARA-040)
Warning: Coupling capacitor (clknet_1_1__leaf_net365:25 clknet_4_14_0_clk:78 0) on net clknet_4_14_0_clk is discarded because the value cannot be <= 0 (PARA-040)
Warning: Coupling capacitor (clknet_1_1__leaf_net365:40 clknet_4_14_0_clk:40 0) on net clknet_4_14_0_clk is discarded because the value cannot be <= 0 (PARA-040)
Warning: Coupling capacitor (clkbuf_1_0__f_net146/A clknet_4_1_0_clk:56 0) on net clknet_4_1_0_clk is discarded because the value cannot be <= 0 (PARA-040)
Warning: Coupling capacitor (clkbuf_1_0__f_net153/A clknet_4_1_0_clk:12 0) on net clknet_4_1_0_clk is discarded because the value cannot be <= 0 (PARA-040)
Warning: Coupling capacitor (clkbuf_1_0__f_net153/A clknet_4_1_0_clk:56 0) on net clknet_4_1_0_clk is discarded because the value cannot be <= 0 (PARA-040)
Warning: Coupling capacitor (clkbuf_1_1__f_net142/A clknet_4_1_0_clk:154 0) on net clknet_4_1_0_clk is discarded because the value cannot be <= 0 (PARA-040)
Warning: Coupling capacitor (clkbuf_1_1__f_net931/A merge916/CLK 0) on net clknet_4_1_0_clk is discarded because the value cannot be <= 0 (PARA-040)
Warning: Coupling capacitor (clknet_0_clk:82 clknet_4_1_0_clk:105 0) on net clknet_4_1_0_clk is discarded because the value cannot be <= 0 (PARA-040)
Warning: Coupling capacitor (clknet_0_clk:82 clknet_4_1_0_clk:134 0) on net clknet_4_1_0_clk is discarded because the value cannot be <= 0 (PARA-040)
Warning: Coupling capacitor (clknet_1_0__leaf_net128:8 clknet_4_1_0_clk:209 0) on net clknet_4_1_0_clk is discarded because the value cannot be <= 0 (PARA-040)
Warning: Coupling capacitor (clknet_0_clk:29 clknet_4_2_0_clk:203 0) on net clknet_4_2_0_clk is discarded because the value cannot be <= 0 (PARA-040)
Warning: Coupling capacitor (clknet_0_clk:223 clknet_4_9_0_clk:21 0) on net clknet_4_9_0_clk is discarded because the value cannot be <= 0 (PARA-040)
Warning: Coupling capacitor (clknet_0_clk:223 clknet_4_9_0_clk:126 0) on net clknet_4_9_0_clk is discarded because the value cannot be <= 0 (PARA-040)
Warning: Coupling capacitor (clknet_0_clk:227 clknet_4_9_0_clk:10 0) on net clknet_4_9_0_clk is discarded because the value cannot be <= 0 (PARA-040)
Warning: Coupling capacitor (clknet_0_clk:227 clknet_4_9_0_clk:312 0) on net clknet_4_9_0_clk is discarded because the value cannot be <= 0 (PARA-040)
Warning: Coupling capacitor (net0:14 c36/RESET_B 0) on net net10 is discarded because the value cannot be <= 0 (PARA-040)
Warning: Coupling capacitor (c379/B c206/A 0) on net net1004 is discarded because the value cannot be <= 0 (PARA-040)
Warning: Coupling capacitor (clknet_4_13_0_clk:171 c127/D 0) on net net101 is discarded because the value cannot be <= 0 (PARA-040)
Warning: Coupling capacitor (clknet_4_13_0_clk:199 c127/D 0) on net net101 is discarded because the value cannot be <= 0 (PARA-040)
Warning: Coupling capacitor (net1000:172 c127/D 0) on net net101 is discarded because the value cannot be <= 0 (PARA-040)
Warning: Coupling capacitor (clknet_1_0__leaf_net365:10 c609/C 0) on net net1013 is discarded because the value cannot be <= 0 (PARA-040)
Warning: Coupling capacitor (clknet_1_0__leaf_net365:46 c609/C 0) on net net1013 is discarded because the value cannot be <= 0 (PARA-040)
Warning: Coupling capacitor (c127/D c128/C1 0) on net net102 is discarded because the value cannot be <= 0 (PARA-040)
Warning: Coupling capacitor (clknet_4_7_0_clk:68 c70/A 0) on net net1021 is discarded because the value cannot be <= 0 (PARA-040)
Warning: Coupling capacitor (clknet_1_0__leaf_net365:10 c608/D 0) on net net1039 is discarded because the value cannot be <= 0 (PARA-040)
Warning: Coupling capacitor (c703/A c711/A 0) on net net1040 is discarded because the value cannot be <= 0 (PARA-040)
Warning: Coupling capacitor (clkbuf_1_0__f_net678/A c711/A 0) on net net1040 is discarded because the value cannot be <= 0 (PARA-040)
Warning: Coupling capacitor (clknet_1_0__leaf_net365:10 c610/D 0) on net net1042 is discarded because the value cannot be <= 0 (PARA-040)
Warning: Coupling capacitor (ANTENNA_merge796_CLK_N/DIODE merge796/RESET_B 0) on net net1044 is discarded because the value cannot be <= 0 (PARA-040)
Warning: Coupling capacitor (clknet_4_14_0_clk:107 c490/A 0) on net net1045 is discarded because the value cannot be <= 0 (PARA-040)
Warning: Coupling capacitor (c130/A1 c128/B1 0) on net net105 is discarded because the value cannot be <= 0 (PARA-040)
Warning: Coupling capacitor (c608/D c608/SCD 0) on net net1057 is discarded because the value cannot be <= 0 (PARA-040)
Warning: Coupling capacitor (clknet_1_0__leaf_net503:8 c608/SCD 0) on net net1057 is discarded because the value cannot be <= 0 (PARA-040)
Note - message 'PARA-040' default limit (100) exceeded.  Remainder will be suppressed.
Warning: Net 'net170' is multi-driven. (DES-023)
Warning: Net 'net173' is multi-driven. (DES-023)
Warning: Net 'net198' is multi-driven. (DES-023)
Warning: Net 'net271' is multi-driven. (DES-023)
Warning: Net 'net624' is multi-driven. (DES-023)
Warning: Net 'net630' is multi-driven. (DES-023)
Warning: Net 'net656' is multi-driven. (DES-023)
Warning: Net 'net697' is multi-driven. (DES-023)
Warning: Net 'net815' is multi-driven. (DES-023)
Warning: Net 'net897' is multi-driven. (DES-023)
Warning: Net 'net927' is multi-driven. (DES-023)

****************************************
Report : read_parasitics /nas/ei/home/ge78pav/TM_power/TM_openlane/TM_openlane_single_min/TM_openlane_min_cr/TM_openlane_min_cr_mid/netlist_1/low/spef/netlist_1.nom.spef
Design : netlist_1
Version: Q-2019.12-SP1
Date   : Wed Aug 21 14:25:21 2024
****************************************

        0 error(s)
        Format is SPEF
        Annotated nets                   :         1272
        Annotated capacitances           :         6301
        Annotated resistances            :         5029
        Reduced coupling capacitances    :         8016
        Annotated PI models              :            0
        Annotated Elmore delays          :            0

