****************************************
Report : Averaged Power
	-net_power
	-hierarchy
	-sort_by net_switching_power
	-power_greater_than       0
	-nosplit
Design : netlist_0
Version: Q-2019.12-SP1
Date   : Wed Aug 21 14:21:30 2024
****************************************



  Attributes
  ----------
      a  -  Switching activity information / Switching power information annotated on net
      p  -  Propagated switching activity information on net
      d  -  Default switching activity used on net
      u  -  Net switching activity uninitialized
      m  -  Net is driven by multiple pins
      b  -  Net is a primary input (boundary net)

		Toggle rates reported with respect to time unit 1ns
--------------------------------------------------------------------------------
                                  Total      Static   Toggle   Switching
Net                         Vdd   Net Load   Prob.    Rate     Power      Attrs
--------------------------------------------------------------------------------
clknet_0_clk                1.80    0.189    0.500    0.1000   3.060e-05  a
net252                      1.80    0.062    0.954    0.1839   1.862e-05  p
clknet_4_10_0_clk           1.80    0.096    0.500    0.1000   1.551e-05  a
clknet_4_9_0_clk            1.80    0.078    0.500    0.1000   1.265e-05  a
clknet_4_6_0_clk            1.80    0.076    0.500    0.1000   1.225e-05  a
clknet_4_7_0_clk            1.80    0.074    0.500    0.1000   1.193e-05  a
clknet_4_14_0_clk           1.80    0.073    0.500    0.1000   1.189e-05  a
clknet_4_11_0_clk           1.80    0.064    0.500    0.1000   1.033e-05  a
clknet_4_15_0_clk           1.80    0.057    0.500    0.1000   9.293e-06  a
clknet_4_5_0_clk            1.80    0.056    0.500    0.1000   9.128e-06  a
clknet_4_8_0_clk            1.80    0.050    0.500    0.1000   8.135e-06  a
clknet_4_4_0_clk            1.80    0.049    0.500    0.1000   7.991e-06  a
clknet_4_3_0_clk            1.80    0.049    0.500    0.1000   7.930e-06  a
net24                       1.80    0.048    0.488    0.0992   7.746e-06  p
clknet_4_0_0_clk            1.80    0.046    0.500    0.1000   7.530e-06  a
net389                      1.80    0.027    0.945    0.1678   7.247e-06  p
clknet_4_12_0_clk           1.80    0.044    0.500    0.1000   7.146e-06  a
clknet_4_2_0_clk            1.80    0.042    0.500    0.1000   6.808e-06  a
net112                      1.80    0.042    0.254    0.0982   6.755e-06  p
clknet_4_13_0_clk           1.80    0.038    0.500    0.1000   6.167e-06  a
net391                      1.80    0.021    0.945    0.1678   5.632e-06  p
clknet_4_1_0_clk            1.80    0.035    0.500    0.1000   5.606e-06  a
net254                      1.80    0.018    0.046    0.1839   5.425e-06  p
net122                      1.80    0.033    0.511    0.0995   5.291e-06  p
net392                      1.80    0.019    0.945    0.1678   5.204e-06  p
net127                      1.80    0.045    0.123    0.0698   5.102e-06  p
clknet_0_net528             1.80    0.020    0.447    0.1556   4.963e-06  p
net390                      1.80    0.018    0.945    0.1678   4.923e-06  p
net253                      1.80    0.015    0.061    0.1884   4.518e-06  p
net397                      1.80    0.023    0.902    0.1161   4.296e-06  p
net972                      1.80    0.026    0.500    0.1000   4.290e-06  a
net754                      1.80    0.025    0.500    0.1000   4.128e-06  a
net965                      1.80    0.024    0.500    0.1000   3.808e-06  a
net72                       1.80    0.023    0.488    0.0992   3.657e-06  p
net399                      1.80    0.019    0.902    0.1161   3.553e-06  p
clknet_0_net901             1.80    0.021    0.507    0.1017   3.503e-06  p
net977                      1.80    0.021    0.500    0.1000   3.444e-06  a
clknet_0_net441             1.80    0.021    0.477    0.0973   3.385e-06  p
net98                       1.80    0.021    0.492    0.1000   3.377e-06  p
clknet_0_net686             1.80    0.020    0.507    0.1017   3.268e-06  p
clknet_0_net440             1.80    0.021    0.477    0.0973   3.236e-06  p
clknet_0_net898             1.80    0.019    0.507    0.1017   3.193e-06  p
net113                      1.80    0.028    0.125    0.0703   3.190e-06  p
clknet_0_net943             1.80    0.020    0.491    0.0993   3.171e-06  p
clknet_0_net439             1.80    0.019    0.507    0.1017   3.165e-06  p
clknet_0_net33              1.80    0.020    0.491    0.0993   3.165e-06  p
clknet_0_net414             1.80    0.020    0.465    0.0958   3.161e-06  p
net50                       1.80    0.019    0.488    0.0992   3.131e-06  p
clknet_0_net516             1.80    0.020    0.465    0.0958   3.092e-06  p
clknet_0_net415             1.80    0.020    0.465    0.0958   3.028e-06  p
clknet_0_net413             1.80    0.019    0.465    0.0958   3.007e-06  p
clknet_0_net421             1.80    0.019    0.465    0.0958   2.991e-06  p
clknet_0_net922             1.80    0.019    0.465    0.0958   2.933e-06  p
clknet_0_net419             1.80    0.018    0.465    0.0958   2.843e-06  p
clknet_0_net523             1.80    0.018    0.465    0.0958   2.843e-06  p
clknet_0_net515             1.80    0.018    0.465    0.0958   2.807e-06  p
net528                      1.80    0.011    0.447    0.1556   2.807e-06  p
clknet_0_net514             1.80    0.018    0.465    0.0958   2.765e-06  p
net77                       1.80    0.016    0.495    0.1019   2.594e-06  p
net970                      1.80    0.016    0.500    0.1000   2.516e-06  a
net971                      1.80    0.015    0.500    0.1000   2.511e-06  a
net964                      1.80    0.015    0.500    0.1000   2.443e-06  a
net539                      1.80    0.026    0.115    0.0554   2.355e-06  p
net932                      1.80    0.027    0.835    0.0531   2.352e-06  p
clknet_1_0__leaf_net413     1.80    0.015    0.465    0.0958   2.278e-06  p
clknet_1_0__leaf_net523     1.80    0.015    0.465    0.0958   2.260e-06  p
net468                      1.80    0.013    0.507    0.1017   2.142e-06  p
net421                      1.80    0.014    0.465    0.0958   2.108e-06  p
clknet_1_1__leaf_net523     1.80    0.014    0.465    0.0958   2.106e-06  p
net269                      1.80    0.007    0.941    0.1826   2.104e-06  p
net979                      1.80    0.013    0.500    0.1000   2.075e-06  a
net992                      1.80    0.057    0.457    0.0221   2.061e-06  p
net393                      1.80    0.022    0.059    0.0559   2.031e-06  p
clknet_1_1__leaf_net439     1.80    0.012    0.507    0.1017   2.013e-06  p
net521                      1.80    0.008    0.894    0.1500   2.012e-06  p
net118                      1.80    0.017    0.127    0.0710   1.932e-06  p
clknet_0_net532             1.80    0.019    0.659    0.0598   1.826e-06  p
net546                      1.80    0.020    0.115    0.0554   1.824e-06  p
net516                      1.80    0.012    0.465    0.0958   1.785e-06  p
net973                      1.80    0.011    0.500    0.1000   1.781e-06  a
net901                      1.80    0.011    0.507    0.1017   1.778e-06  p
net117                      1.80    0.011    0.252    0.0979   1.767e-06  p
net419                      1.80    0.011    0.465    0.0958   1.749e-06  p
net523                      1.80    0.011    0.465    0.0958   1.747e-06  p
net413                      1.80    0.011    0.465    0.0958   1.723e-06  p
net686                      1.80    0.010    0.507    0.1017   1.688e-06  p
net996                      1.80    0.005    0.061    0.1884   1.677e-06  p
net0                        1.80    0.011    0.252    0.0957   1.670e-06  p
net398                      1.80    0.019    0.115    0.0554   1.661e-06  p
clknet_1_1__leaf_net421     1.80    0.011    0.465    0.0958   1.648e-06  p
net80                       1.80    0.010    0.495    0.1037   1.640e-06  p
net922                      1.80    0.010    0.465    0.0958   1.605e-06  p
net959                      1.80    0.010    0.500    0.1000   1.574e-06  a
net33                       1.80    0.010    0.491    0.0993   1.569e-06  p
net121                      1.80    0.014    0.127    0.0711   1.564e-06  p
net975                      1.80    0.010    0.500    0.1000   1.559e-06  a
net1053                     1.80    0.010    0.492    0.0994   1.548e-06  p
net491                      1.80    0.009    0.523    0.1015   1.543e-06  pm
clknet_1_0__leaf_net901     1.80    0.009    0.507    0.1017   1.531e-06  p
net144                      1.80    0.067    0.203    0.0141   1.528e-06  p
net898                      1.80    0.009    0.507    0.1017   1.505e-06  p
net415                      1.80    0.010    0.465    0.0958   1.491e-06  p
clknet_1_0__leaf_net33      1.80    0.009    0.491    0.0993   1.490e-06  p
clknet_1_1__leaf_net901     1.80    0.009    0.507    0.1017   1.477e-06  p
net514                      1.80    0.009    0.465    0.0958   1.472e-06  p
clknet_1_1__leaf_net514     1.80    0.009    0.465    0.0958   1.471e-06  p
net997                      1.80    0.005    0.061    0.1884   1.442e-06  p
net8                        1.80    0.009    0.250    0.0973   1.437e-06  p
net272                      1.80    0.005    0.067    0.1824   1.419e-06  p
net439                      1.80    0.009    0.507    0.1017   1.408e-06  p
net414                      1.80    0.009    0.465    0.0958   1.376e-06  p
net943                      1.80    0.009    0.491    0.0993   1.372e-06  p
clknet_1_0__leaf_net321     1.80    0.031    0.138    0.0272   1.368e-06  p
net532                      1.80    0.014    0.659    0.0598   1.365e-06  p
clknet_1_1__leaf_net414     1.80    0.009    0.465    0.0958   1.364e-06  p
net326                      1.80    0.013    0.487    0.0655   1.359e-06  p
net863                      1.80    0.005    0.945    0.1678   1.357e-06  p
net440                      1.80    0.009    0.477    0.0973   1.352e-06  p
net644                      1.80    0.017    0.328    0.0463   1.311e-06  p
net520                      1.80    0.005    0.894    0.1500   1.310e-06  p
net967                      1.80    0.008    0.500    0.1000   1.310e-06  a
net515                      1.80    0.008    0.465    0.0958   1.299e-06  p
net441                      1.80    0.008    0.477    0.0973   1.266e-06  p
net404                      1.80    0.008    0.037    0.0940   1.235e-06  p
net215                      1.80    0.011    0.878    0.0691   1.205e-06  p
net68                       1.80    0.007    0.488    0.0992   1.195e-06  p
clknet_1_0__leaf_net421     1.80    0.008    0.465    0.0958   1.189e-06  p
net95                       1.80    0.007    0.492    0.1000   1.145e-06  p
net513                      1.80    0.010    0.511    0.0657   1.108e-06  p
clknet_1_0__leaf_net439     1.80    0.007    0.507    0.1017   1.104e-06  p
clknet_1_1__leaf_net686     1.80    0.007    0.507    0.1017   1.103e-06  p
clknet_1_1__leaf_net528     1.80    0.004    0.447    0.1556   1.076e-06  p
clknet_1_0__leaf_net440     1.80    0.007    0.477    0.0973   1.076e-06  p
clknet_1_0__leaf_net898     1.80    0.006    0.507    0.1017   1.067e-06  p
clknet_1_0__leaf_net414     1.80    0.007    0.465    0.0958   1.052e-06  p
net324                      1.80    0.006    0.487    0.1000   1.049e-06  p
clknet_1_1__leaf_net441     1.80    0.007    0.477    0.0973   1.047e-06  p
clknet_0_net321             1.80    0.023    0.138    0.0272   1.032e-06  p
net629                      1.80    0.028    0.457    0.0221   1.010e-06  p
net642                      1.80    0.034    0.351    0.0181   1.009e-06  p
net540                      1.80    0.026    0.045    0.0237   9.948e-07  p
net75                       1.80    0.006    0.488    0.0992   9.941e-07  p
net146                      1.80    0.022    0.107    0.0271   9.644e-07  p
net456                      1.80    0.006    0.433    0.0937   9.114e-07  p
net733                      1.80    0.003    0.046    0.1840   9.055e-07  p
net84                       1.80    0.005    0.741    0.1003   8.924e-07  p
net630                      1.80    0.024    0.447    0.0225   8.846e-07  p
net126                      1.80    0.012    0.939    0.0448   8.790e-07  p
net268                      1.80    0.003    0.059    0.1826   8.656e-07  p
clknet_1_0__leaf_net922     1.80    0.006    0.465    0.0958   8.633e-07  p
clknet_1_0__leaf_net514     1.80    0.006    0.465    0.0958   8.555e-07  p
clknet_1_0__leaf_net415     1.80    0.006    0.465    0.0958   8.547e-07  p
net1041                     1.80    0.005    0.492    0.0992   8.541e-07  p
net9                        1.80    0.015    0.089    0.0345   8.424e-07  p
net270                      1.80    0.004    0.967    0.1321   8.292e-07  p
net69                       1.80    0.005    0.488    0.0992   8.105e-07  p
net322                      1.80    0.057    0.054    0.0087   8.072e-07  pm
net793                      1.80    0.004    0.628    0.1192   8.035e-07  p
net128                      1.80    0.007    0.122    0.0691   8.014e-07  p
net92                       1.80    0.020    0.481    0.0238   7.827e-07  pm
net124                      1.80    0.011    0.062    0.0451   7.703e-07  p
clknet_1_1__leaf_net943     1.80    0.005    0.491    0.0993   7.493e-07  p
clknet_0_net135             1.80    0.021    0.099    0.0217   7.417e-07  p
net955                      1.80    0.010    0.498    0.0449   7.263e-07  p
net577                      1.80    0.005    0.544    0.0983   7.241e-07  p
net202                      1.80    0.023    0.107    0.0192   7.208e-07  p
net263                      1.80    0.010    0.328    0.0463   7.189e-07  p
clknet_0_net157             1.80    0.020    0.099    0.0217   7.170e-07  p
clknet_0_net759             1.80    0.020    0.099    0.0217   7.161e-07  p
net3                        1.80    0.015    0.031    0.0281   7.042e-07  p
clknet_0_net525             1.80    0.020    0.081    0.0211   6.911e-07  p
clknet_1_0__leaf_net178     1.80    0.020    0.099    0.0217   6.907e-07  p
clknet_0_net745             1.80    0.020    0.099    0.0217   6.899e-07  p
net962                      1.80    0.004    0.500    0.1000   6.877e-07  a
clknet_0_net301             1.80    0.019    0.099    0.0217   6.848e-07  p
net841                      1.80    0.003    0.109    0.1219   6.820e-07  p
net765                      1.80    0.008    0.835    0.0531   6.813e-07  p
clknet_0_net944             1.80    0.019    0.099    0.0217   6.812e-07  p
net517                      1.80    0.004    0.465    0.0958   6.810e-07  p
clknet_0_net945             1.80    0.020    0.104    0.0208   6.808e-07  p
clknet_0_net794             1.80    0.019    0.099    0.0217   6.767e-07  p
clknet_0_net302             1.80    0.019    0.099    0.0217   6.750e-07  p
net119                      1.80    0.009    0.064    0.0469   6.707e-07  p
net643                      1.80    0.022    0.351    0.0181   6.605e-07  p
clknet_0_net178             1.80    0.019    0.099    0.0217   6.601e-07  p
clknet_0_net260             1.80    0.020    0.104    0.0208   6.590e-07  p
net209                      1.80    0.019    0.106    0.0206   6.502e-07  p
clknet_0_net138             1.80    0.018    0.099    0.0217   6.495e-07  p
net408                      1.80    0.003    0.954    0.1306   6.424e-07  p
net73                       1.80    0.004    0.488    0.0992   6.385e-07  p
clknet_0_net255             1.80    0.019    0.104    0.0208   6.356e-07  p
net567                      1.80    0.041    0.061    0.0094   6.279e-07  p
net93                       1.80    0.004    0.492    0.1000   6.270e-07  p
net651                      1.80    0.006    0.279    0.0593   6.244e-07  p
clknet_1_0__leaf_net528     1.80    0.002    0.447    0.1556   6.152e-07  p
net403                      1.80    0.004    0.977    0.0903   6.117e-07  p
net114                      1.80    0.005    0.125    0.0703   6.095e-07  p
net581                      1.80    0.004    0.455    0.0921   6.042e-07  p
net628                      1.80    0.017    0.457    0.0221   5.918e-07  p
net974                      1.80    0.004    0.500    0.1000   5.827e-07  a
clknet_1_0__leaf_net441     1.80    0.004    0.477    0.0973   5.822e-07  p
clknet_1_1__leaf_net532     1.80    0.006    0.659    0.0598   5.794e-07  p
net734                      1.80    0.002    0.954    0.1840   5.790e-07  p
net704                      1.80    0.007    0.835    0.0531   5.789e-07  p
net843                      1.80    0.003    0.804    0.1062   5.697e-07  p
net844                      1.80    0.003    0.247    0.1008   5.688e-07  p
net321                      1.80    0.013    0.138    0.0272   5.591e-07  p
clknet_1_1__leaf_net516     1.80    0.004    0.465    0.0958   5.545e-07  p
net89                       1.80    0.003    0.505    0.1019   5.537e-07  p
net35                       1.80    0.016    0.411    0.0215   5.528e-07  p
net178                      1.80    0.016    0.099    0.0217   5.512e-07  p
net385                      1.80    0.003    0.491    0.0993   5.474e-07  p
net758                      1.80    0.006    0.115    0.0554   5.472e-07  p
net2                        1.80    0.003    0.243    0.0981   5.422e-07  p
net1026                     1.80    0.003    0.513    0.0992   5.414e-07  p
clknet_1_1__leaf_net33      1.80    0.003    0.491    0.0993   5.213e-07  p
clknet_1_1__leaf_net415     1.80    0.003    0.465    0.0958   5.177e-07  p
net708                      1.80    0.006    0.811    0.0530   5.130e-07  p
net428                      1.80    0.015    0.514    0.0209   5.120e-07  p
net12                       1.80    0.010    0.917    0.0323   5.083e-07  p
net133                      1.80    0.018    0.736    0.0175   5.036e-07  p
net11                       1.80    0.010    0.083    0.0323   5.032e-07  p
net911                      1.80    0.003    0.500    0.1000   5.015e-07  a
net953                      1.80    0.007    0.328    0.0463   4.928e-07  p
net115                      1.80    0.004    0.122    0.0691   4.919e-07  p
net47                       1.80    0.021    0.403    0.0142   4.917e-07  p
clknet_1_1__leaf_net515     1.80    0.003    0.465    0.0958   4.908e-07  p
net934                      1.80    0.005    0.115    0.0554   4.892e-07  p
clknet_1_1__leaf_net419     1.80    0.003    0.465    0.0958   4.855e-07  p
net493                      1.80    0.003    0.477    0.1015   4.820e-07  p
clknet_1_0__leaf_net515     1.80    0.003    0.465    0.0958   4.818e-07  p
net654                      1.80    0.017    0.254    0.0172   4.788e-07  p
clknet_1_0__leaf_net686     1.80    0.003    0.507    0.1017   4.764e-07  p
net103                      1.80    0.003    0.468    0.0950   4.722e-07  p
clknet_1_0__leaf_net943     1.80    0.003    0.491    0.0993   4.705e-07  p
net63                       1.80    0.018    0.583    0.0163   4.688e-07  p
net406                      1.80    0.005    0.056    0.0560   4.646e-07  p
net526                      1.80    0.013    0.457    0.0221   4.495e-07  p
net969                      1.80    0.003    0.500    0.1000   4.492e-07  a
clknet_1_0__leaf_net532     1.80    0.005    0.659    0.0598   4.488e-07  p
clknet_1_1__leaf_net413     1.80    0.003    0.465    0.0958   4.457e-07  p
net960                      1.80    0.003    0.500    0.1000   4.432e-07  a
net966                      1.80    0.003    0.500    0.1000   4.394e-07  a
net570                      1.80    0.003    0.507    0.1017   4.387e-07  p
net531                      1.80    0.004    0.653    0.0609   4.373e-07  p
clknet_1_0__leaf_net419     1.80    0.003    0.465    0.0958   4.330e-07  p
net250                      1.80    0.023    0.106    0.0116   4.325e-07  p
net870                      1.80    0.012    0.456    0.0227   4.320e-07  p
net815                      1.80    0.003    0.500    0.1000   4.272e-07  a
net550                      1.80    0.011    0.045    0.0237   4.265e-07  p
net814                      1.80    0.003    0.477    0.1015   4.256e-07  p
net157                      1.80    0.012    0.099    0.0217   4.231e-07  p
net868                      1.80    0.008    0.148    0.0321   4.165e-07  pm
net682                      1.80    0.033    0.863    0.0078   4.159e-07  p
net641                      1.80    0.014    0.351    0.0181   4.146e-07  p
clknet_1_1__leaf_net898     1.80    0.003    0.507    0.1017   4.136e-07  p
clknet_1_1__leaf_net440     1.80    0.003    0.477    0.0973   4.119e-07  p
net56                       1.80    0.022    0.953    0.0112   4.069e-07  p
net976                      1.80    0.003    0.500    0.1000   4.062e-07  a
net36                       1.80    0.011    0.589    0.0215   4.002e-07  p
net837                      1.80    0.002    0.835    0.1053   3.980e-07  p
net1061                     1.80    0.002    0.488    0.0992   3.978e-07  p
net137                      1.80    0.017    0.203    0.0141   3.975e-07  p
net703                      1.80    0.031    0.863    0.0078   3.960e-07  p
net822                      1.80    0.004    0.122    0.0692   3.959e-07  p
net786                      1.80    0.012    0.477    0.0210   3.956e-07  p
net232                      1.80    0.011    0.221    0.0222   3.939e-07  p
net829                      1.80    0.002    0.487    0.1000   3.920e-07  p
net691                      1.80    0.012    0.397    0.0201   3.918e-07  p
clknet_1_1__leaf_net922     1.80    0.003    0.465    0.0958   3.898e-07  p
net963                      1.80    0.002    0.500    0.1000   3.865e-07  a
net142                      1.80    0.017    0.203    0.0141   3.856e-07  p
net34                       1.80    0.002    0.255    0.0972   3.854e-07  p
net134                      1.80    0.017    0.203    0.0141   3.852e-07  p
clknet_1_0__leaf_net516     1.80    0.002    0.465    0.0958   3.834e-07  p
net740                      1.80    0.004    0.942    0.0553   3.817e-07  p
net675                      1.80    0.031    0.036    0.0076   3.775e-07  p
net835                      1.80    0.017    0.784    0.0134   3.768e-07  p
net906                      1.80    0.012    0.107    0.0192   3.712e-07  p
net648                      1.80    0.002    0.500    0.1000   3.709e-07  a
net111                      1.80    0.002    0.495    0.0996   3.705e-07  p
net542                      1.80    0.010    0.045    0.0237   3.662e-07  p
net961                      1.80    0.002    0.500    0.1000   3.644e-07  a
net342                      1.80    0.019    0.106    0.0116   3.631e-07  p
net635                      1.80    0.010    0.915    0.0224   3.621e-07  p
clknet_1_1__leaf_net157     1.80    0.010    0.099    0.0217   3.619e-07  p
net323                      1.80    0.073    0.024    0.0031   3.617e-07  p
net928                      1.80    0.003    0.487    0.0655   3.614e-07  p
net968                      1.80    0.002    0.500    0.1000   3.599e-07  a
net978                      1.80    0.002    0.500    0.1000   3.590e-07  a
net460                      1.80    0.002    0.507    0.1017   3.560e-07  p
net302                      1.80    0.010    0.099    0.0217   3.556e-07  p
net1035                     1.80    0.010    0.221    0.0222   3.550e-07  p
net525                      1.80    0.010    0.081    0.0211   3.549e-07  p
net566                      1.80    0.023    0.061    0.0094   3.503e-07  p
net562                      1.80    0.023    0.196    0.0092   3.469e-07  p
net731                      1.80    0.015    0.403    0.0142   3.435e-07  p
net745                      1.80    0.010    0.099    0.0217   3.434e-07  p
net851                      1.80    0.003    0.213    0.0711   3.416e-07  p
net138                      1.80    0.010    0.099    0.0217   3.411e-07  p
net71                       1.80    0.006    0.148    0.0363   3.394e-07  p
net156                      1.80    0.003    0.296    0.0676   3.339e-07  p
net135                      1.80    0.009    0.099    0.0217   3.338e-07  p
net57                       1.80    0.017    0.689    0.0124   3.326e-07  p
net705                      1.80    0.004    0.835    0.0531   3.304e-07  p
net474                      1.80    0.002    0.492    0.0994   3.286e-07  p
clknet_1_0__leaf_net302     1.80    0.009    0.099    0.0217   3.251e-07  p
net860                      1.80    0.003    0.487    0.0655   3.246e-07  p
net256                      1.80    0.003    0.018    0.0714   3.232e-07  p
net418                      1.80    0.002    0.463    0.0954   3.226e-07  p
net437                      1.80    0.002    0.507    0.1017   3.214e-07  p
net4                        1.80    0.002    0.248    0.0984   3.210e-07  p
net1034                     1.80    0.009    0.457    0.0221   3.205e-07  p
net131                      1.80    0.017    0.106    0.0116   3.204e-07  p
net429                      1.80    0.008    0.491    0.0241   3.201e-07  p
net939                      1.80    0.011    0.254    0.0172   3.189e-07  p
net759                      1.80    0.009    0.099    0.0217   3.180e-07  p
net633                      1.80    0.009    0.434    0.0215   3.166e-07  p
net927                      1.80    0.003    0.511    0.0657   3.155e-07  p
net94                       1.80    0.002    0.492    0.1000   3.130e-07  p
net561                      1.80    0.021    0.196    0.0092   3.128e-07  p
net400                      1.80    0.003    0.941    0.0559   3.118e-07  p
net313                      1.80    0.014    0.952    0.0132   3.065e-07  p
net427                      1.80    0.009    0.514    0.0209   3.044e-07  p
net255                      1.80    0.009    0.104    0.0208   3.042e-07  p
net496                      1.80    0.002    0.502    0.1006   3.036e-07  p
clknet_1_0__leaf_net255     1.80    0.009    0.104    0.0208   3.019e-07  p
net714                      1.80    0.009    0.065    0.0200   3.008e-07  p
net945                      1.80    0.009    0.104    0.0208   3.006e-07  p
net653                      1.80    0.025    0.105    0.0075   2.998e-07  p
net739                      1.80    0.003    0.058    0.0553   2.989e-07  p
net823                      1.80    0.003    0.878    0.0692   2.968e-07  p
net794                      1.80    0.008    0.099    0.0217   2.960e-07  p
net944                      1.80    0.008    0.099    0.0217   2.953e-07  p
net147                      1.80    0.009    0.477    0.0209   2.941e-07  p
net858                      1.80    0.002    0.330    0.0815   2.934e-07  p
net1017                     1.80    0.008    0.511    0.0216   2.883e-07  p
net70                       1.80    0.002    0.488    0.0992   2.856e-07  p
net301                      1.80    0.008    0.099    0.0217   2.832e-07  p
clknet_1_1__leaf_net301     1.80    0.008    0.099    0.0217   2.821e-07  p
net395                      1.80    0.003    0.835    0.0531   2.819e-07  p
net637                      1.80    0.011    0.508    0.0154   2.786e-07  p
net1073                     1.80    0.004    0.328    0.0463   2.714e-07  p
net260                      1.80    0.008    0.104    0.0208   2.710e-07  p
net407                      1.80    0.003    0.944    0.0560   2.692e-07  p
clknet_1_0__leaf_net260     1.80    0.008    0.104    0.0208   2.666e-07  p
net569                      1.80    0.017    0.061    0.0094   2.647e-07  p
net412                      1.80    0.003    0.946    0.0472   2.645e-07  p
net54                       1.80    0.011    0.403    0.0142   2.642e-07  p
clknet_1_1__leaf_net178     1.80    0.007    0.099    0.0217   2.611e-07  p
clknet_1_0__leaf_net525     1.80    0.008    0.081    0.0211   2.600e-07  p
net351                      1.80    0.002    0.492    0.0994   2.596e-07  p
net1059                     1.80    0.003    0.115    0.0554   2.539e-07  p
net402                      1.80    0.003    0.024    0.0459   2.535e-07  p
clknet_0_net924             1.80    0.020    0.036    0.0076   2.504e-07  p
net158                      1.80    0.017    0.136    0.0092   2.482e-07  p
net926                      1.80    0.006    0.341    0.0251   2.466e-07  p
net139                      1.80    0.012    0.129    0.0130   2.454e-07  p
net933                      1.80    0.013    0.106    0.0116   2.425e-07  p
net150                      1.80    0.015    0.034    0.0101   2.391e-07  p
net915                      1.80    0.007    0.478    0.0214   2.386e-07  p
net636                      1.80    0.009    0.533    0.0166   2.331e-07  p
net1078                     1.80    0.003    0.944    0.0560   2.313e-07  p
net183                      1.80    0.021    0.108    0.0066   2.298e-07  p
net130                      1.80    0.007    0.034    0.0200   2.294e-07  p
clknet_1_1__leaf_net321     1.80    0.005    0.138    0.0272   2.285e-07  p
net1051                     1.80    0.011    0.129    0.0130   2.267e-07  p
net85                       1.80    0.009    0.042    0.0147   2.225e-07  p
clknet_1_1__leaf_net525     1.80    0.006    0.081    0.0211   2.221e-07  p
clknet_1_1__leaf_net135     1.80    0.006    0.099    0.0217   2.217e-07  p
net560                      1.80    0.024    0.937    0.0055   2.163e-07  p
net639                      1.80    0.007    0.354    0.0182   2.143e-07  p
net132                      1.80    0.014    0.014    0.0094   2.109e-07  p
net925                      1.80    0.005    0.656    0.0255   2.076e-07  p
clknet_1_0__leaf_net301     1.80    0.006    0.099    0.0217   2.055e-07  p
net320                      1.80    0.005    0.138    0.0272   1.983e-07  p
clknet_1_0__leaf_net157     1.80    0.006    0.099    0.0217   1.981e-07  p
net129                      1.80    0.009    0.203    0.0141   1.978e-07  p
clknet_1_1__leaf_net759     1.80    0.006    0.099    0.0217   1.948e-07  p
net647                      1.80    0.004    0.717    0.0339   1.930e-07  p
net645                      1.80    0.004    0.345    0.0318   1.924e-07  p
clknet_1_0__leaf_net794     1.80    0.005    0.099    0.0217   1.919e-07  p
clknet_0_net196             1.80    0.020    0.975    0.0059   1.884e-07  p
clknet_1_1__leaf_net945     1.80    0.006    0.104    0.0208   1.881e-07  p
clknet_1_0__leaf_net745     1.80    0.005    0.099    0.0217   1.835e-07  p
net206                      1.80    0.005    0.106    0.0206   1.832e-07  p
net60                       1.80    0.008    0.401    0.0144   1.810e-07  p
net1                        1.80    0.002    0.066    0.0473   1.794e-07  p
net580                      1.80    0.005    0.563    0.0230   1.792e-07  p
net1037                     1.80    0.004    0.341    0.0251   1.783e-07  p
net58                       1.80    0.009    0.311    0.0124   1.781e-07  p
net919                      1.80    0.005    0.498    0.0228   1.752e-07  p
net213                      1.80    0.005    0.106    0.0206   1.741e-07  p
clknet_1_1__leaf_net745     1.80    0.005    0.099    0.0217   1.721e-07  p
net286                      1.80    0.011    0.196    0.0092   1.713e-07  p
net1024                     1.80    0.004    0.093    0.0264   1.699e-07  p
net53                       1.80    0.007    0.435    0.0150   1.692e-07  p
net368                      1.80    0.006    0.250    0.0173   1.687e-07  pm
net942                      1.80    0.016    0.108    0.0066   1.676e-07  p
clknet_1_0__leaf_net944     1.80    0.005    0.099    0.0217   1.637e-07  p
net426                      1.80    0.012    0.955    0.0083   1.615e-07  p
net813                      1.80    0.006    0.534    0.0160   1.611e-07  p
net148                      1.80    0.008    0.076    0.0128   1.607e-07  p
net1054                     1.80    0.003    0.083    0.0322   1.586e-07  p
clknet_1_1__leaf_net944     1.80    0.004    0.099    0.0217   1.579e-07  p
net49                       1.80    0.007    0.403    0.0142   1.577e-07  p
net1043                     1.80    0.004    0.498    0.0228   1.572e-07  p
clknet_1_0__leaf_net759     1.80    0.004    0.099    0.0217   1.568e-07  p
net67                       1.80    0.006    0.426    0.0160   1.566e-07  p
net1058                     1.80    0.007    0.403    0.0142   1.553e-07  p
net780                      1.80    0.014    0.108    0.0066   1.551e-07  p
net582                      1.80    0.007    0.784    0.0134   1.540e-07  p
net149                      1.80    0.009    0.124    0.0103   1.536e-07  p
net327                      1.80    0.002    0.498    0.0449   1.522e-07  p
net564                      1.80    0.012    0.863    0.0078   1.500e-07  p
net565                      1.80    0.010    0.061    0.0094   1.471e-07  p
net48                       1.80    0.006    0.403    0.0142   1.421e-07  p
clknet_1_0__leaf_net945     1.80    0.004    0.104    0.0208   1.415e-07  p
net535                      1.80    0.004    0.448    0.0234   1.413e-07  p
net638                      1.80    0.005    0.636    0.0188   1.393e-07  p
net55                       1.80    0.018    0.023    0.0047   1.391e-07  p
net744                      1.80    0.009    0.196    0.0092   1.366e-07  p
clknet_1_0__leaf_net138     1.80    0.004    0.099    0.0217   1.362e-07  p
clknet_1_1__leaf_net794     1.80    0.004    0.099    0.0217   1.357e-07  p
net381                      1.80    0.002    0.498    0.0449   1.356e-07  p
net370                      1.80    0.005    0.741    0.0178   1.333e-07  p
net854                      1.80    0.003    0.045    0.0237   1.300e-07  p
net1019                     1.80    0.004    0.896    0.0208   1.290e-07  p
net283                      1.80    0.010    0.964    0.0079   1.283e-07  p
clknet_1_1__leaf_net260     1.80    0.004    0.104    0.0208   1.272e-07  p
net216                      1.80    0.005    0.206    0.0147   1.245e-07  p
net836                      1.80    0.006    0.216    0.0134   1.239e-07  p
net924                      1.80    0.010    0.036    0.0076   1.210e-07  p
net709                      1.80    0.009    0.797    0.0081   1.204e-07  p
net556                      1.80    0.003    0.093    0.0264   1.175e-07  p
net840                      1.80    0.004    0.113    0.0183   1.170e-07  p
net850                      1.80    0.005    0.232    0.0147   1.164e-07  p
clknet_1_1__leaf_net302     1.80    0.003    0.099    0.0217   1.153e-07  p
net212                      1.80    0.025    0.013    0.0028   1.151e-07  p
net753                      1.80    0.004    0.741    0.0178   1.139e-07  p
net86                       1.80    0.005    0.042    0.0147   1.121e-07  p
net785                      1.80    0.003    0.514    0.0210   1.103e-07  p
clknet_1_0__leaf_net135     1.80    0.003    0.099    0.0217   1.099e-07  p
net265                      1.80    0.003    0.104    0.0208   1.098e-07  p
net536                      1.80    0.012    0.937    0.0055   1.096e-07  p
net878                      1.80    0.008    0.111    0.0090   1.092e-07  p
net954                      1.80    0.005    0.076    0.0128   1.074e-07  p
net871                      1.80    0.007    0.186    0.0098   1.069e-07  p
net193                      1.80    0.010    0.107    0.0068   1.064e-07  p
net1064                     1.80    0.003    0.104    0.0208   1.011e-07  p
net775                      1.80    0.003    0.085    0.0224   1.009e-07  p
net511                      1.80    0.004    0.403    0.0142   1.006e-07  p
net710                      1.80    0.008    0.193    0.0077   1.006e-07  p
net993                      1.80    0.005    0.106    0.0116   1.004e-07  p
clknet_1_1__leaf_net255     1.80    0.003    0.104    0.0208   9.991e-08  p
clknet_1_0__leaf_net923     1.80    0.044    0.007    0.0014   9.916e-08  p
net309                      1.80    0.003    0.099    0.0217   9.881e-08  p
net776                      1.80    0.003    0.915    0.0224   9.851e-08  p
net1048                     1.80    0.005    0.310    0.0124   9.839e-08  p
net938                      1.80    0.003    0.736    0.0175   9.732e-08  p
net61                       1.80    0.004    0.599    0.0144   9.685e-08  p
net312                      1.80    0.003    0.099    0.0217   9.682e-08  p
net529                      1.80    0.002    0.994    0.0240   9.599e-08  p
net534                      1.80    0.003    0.982    0.0223   9.555e-08  p
net711                      1.80    0.006    0.036    0.0095   9.521e-08  p
net318                      1.80    0.002    0.138    0.0272   9.509e-08  p
net405                      1.80    0.003    0.013    0.0188   9.476e-08  p
net846                      1.80    0.003    0.411    0.0215   9.371e-08  p
net689                      1.80    0.003    0.533    0.0166   9.348e-08  p
net847                      1.80    0.002    0.101    0.0242   9.345e-08  p
net916                      1.80    0.003    0.511    0.0216   9.274e-08  p
net747                      1.80    0.003    0.900    0.0217   9.004e-08  pm
net1004                     1.80    0.005    0.106    0.0116   8.944e-08  p
net812                      1.80    0.005    0.953    0.0109   8.827e-08  p
net722                      1.80    0.025    0.949    0.0022   8.745e-08  p
clknet_1_1__leaf_net138     1.80    0.002    0.099    0.0217   8.744e-08  p
net773                      1.80    0.007    0.072    0.0078   8.623e-08  p
net571                      1.80    0.006    0.061    0.0094   8.481e-08  p
net1001                     1.80    0.005    0.106    0.0116   8.466e-08  p
net196                      1.80    0.009    0.975    0.0059   8.295e-08  p
net90                       1.80    0.027    1.000    0.0019   8.275e-08  p
net88                       1.80    0.002    0.106    0.0206   8.223e-08  p
net423                      1.80    0.013    0.942    0.0039   8.179e-08  p
net1005                     1.80    0.004    0.106    0.0116   8.154e-08  p
net160                      1.80    0.003    0.059    0.0145   8.088e-08  p
net950                      1.80    0.004    0.952    0.0132   8.076e-08  p
net185                      1.80    0.007    0.108    0.0067   7.981e-08  p
net940                      1.80    0.005    0.196    0.0093   7.908e-08  p
net538                      1.80    0.012    0.062    0.0042   7.865e-08  p
net522                      1.80    0.012    0.942    0.0039   7.757e-08  p
net649                      1.80    0.002    0.570    0.0192   7.750e-08  p
net806                      1.80    0.003    0.561    0.0149   7.741e-08  p
net999                      1.80    0.004    0.106    0.0116   7.736e-08  p
net572                      1.80    0.004    0.784    0.0134   7.711e-08  p
net951                      1.80    0.004    0.044    0.0129   7.632e-08  p
net199                      1.80    0.009    0.062    0.0050   7.524e-08  p
net179                      1.80    0.002    0.099    0.0217   7.464e-08  p
clknet_1_1__leaf_net923     1.80    0.033    0.007    0.0014   7.450e-08  p
clknet_1_0__leaf_net924     1.80    0.006    0.036    0.0076   7.441e-08  p
net807                      1.80    0.003    0.434    0.0147   7.411e-08  p
net266                      1.80    0.002    0.896    0.0208   7.362e-08  p
net315                      1.80    0.002    0.099    0.0217   7.332e-08  p
net314                      1.80    0.003    0.922    0.0167   7.206e-08  p
net712                      1.80    0.005    0.964    0.0095   7.122e-08  p
net524                      1.80    0.002    0.085    0.0224   7.081e-08  p
net189                      1.80    0.004    0.045    0.0109   7.072e-08  p
net141                      1.80    0.002    0.052    0.0200   7.009e-08  p
net220                      1.80    0.002    0.105    0.0192   6.971e-08  p
net298                      1.80    0.018    0.031    0.0024   6.958e-08  p
net1007                     1.80    0.004    0.106    0.0116   6.891e-08  p
net781                      1.80    0.005    0.964    0.0079   6.866e-08  p
net859                      1.80    0.002    0.077    0.0201   6.850e-08  p
net140                      1.80    0.005    0.072    0.0077   6.829e-08  p
net553                      1.80    0.003    0.044    0.0129   6.819e-08  p
net217                      1.80    0.003    0.783    0.0152   6.813e-08  p
net162                      1.80    0.007    0.018    0.0057   6.795e-08  p
net692                      1.80    0.002    0.388    0.0187   6.735e-08  p
net533                      1.80    0.002    0.018    0.0223   6.699e-08  p
net214                      1.80    0.002    0.894    0.0206   6.644e-08  p
net760                      1.80    0.006    0.108    0.0066   6.637e-08  p
net317                      1.80    0.003    0.788    0.0141   6.559e-08  p
net182                      1.80    0.006    0.108    0.0066   6.409e-08  p
net937                      1.80    0.003    0.789    0.0141   6.367e-08  p
net16                       1.80    0.008    0.995    0.0046   6.328e-08  p
net258                      1.80    0.004    0.030    0.0090   6.264e-08  p
net190                      1.80    0.006    0.108    0.0066   6.254e-08  p
net650                      1.80    0.002    0.430    0.0192   6.185e-08  p
net563                      1.80    0.004    0.196    0.0092   6.177e-08  p
net1032                     1.80    0.002    0.783    0.0152   6.135e-08  p
net1082                     1.80    0.003    0.599    0.0144   6.060e-08  p
net869                      1.80    0.007    0.055    0.0051   5.994e-08  p
net197                      1.80    0.005    0.107    0.0068   5.982e-08  p
net816                      1.80    0.005    0.863    0.0078   5.913e-08  p
net194                      1.80    0.002    0.561    0.0149   5.861e-08  p
net136                      1.80    0.003    0.129    0.0130   5.843e-08  p
net640                      1.80    0.003    0.216    0.0134   5.830e-08  p
net559                      1.80    0.007    0.075    0.0050   5.826e-08  p
net575                      1.80    0.004    0.062    0.0096   5.804e-08  p
net151                      1.80    0.003    0.034    0.0101   5.742e-08  p
net1040                     1.80    0.004    0.196    0.0092   5.720e-08  p
net845                      1.80    0.002    0.197    0.0146   5.626e-08  p
net204                      1.80    0.002    0.107    0.0192   5.618e-08  p
net791                      1.80    0.003    0.876    0.0103   5.604e-08  p
net455                      1.80    0.003    0.876    0.0103   5.548e-08  p
net646                      1.80    0.008    0.993    0.0042   5.471e-08  p
net936                      1.80    0.002    0.204    0.0141   5.431e-08  p
net656                      1.80    0.002    0.070    0.0190   5.373e-08  p
net435                      1.80    0.009    0.940    0.0039   5.367e-08  p
net152                      1.80    0.002    0.206    0.0141   5.363e-08  p
net161                      1.80    0.002    0.066    0.0172   5.339e-08  p
clknet_0_net923             1.80    0.023    0.007    0.0014   5.220e-08  p
net181                      1.80    0.015    0.991    0.0022   5.208e-08  p
net891                      1.80    0.015    0.991    0.0022   5.200e-08  p
net201                      1.80    0.006    0.062    0.0051   5.167e-08  p
net154                      1.80    0.014    0.003    0.0022   5.018e-08  p
net1062                     1.80    0.004    0.796    0.0081   4.900e-08  p
net684                      1.80    0.004    0.036    0.0076   4.863e-08  p
clknet_1_1__leaf_net924     1.80    0.004    0.036    0.0076   4.850e-08  p
net998                      1.80    0.003    0.106    0.0116   4.829e-08  p
net1006                     1.80    0.003    0.106    0.0116   4.810e-08  p
net706                      1.80    0.002    0.074    0.0125   4.804e-08  p
net87                       1.80    0.015    1.000    0.0019   4.740e-08  p
net198                      1.80    0.005    0.927    0.0057   4.732e-08  p
net852                      1.80    0.003    0.036    0.0113   4.680e-08  p
net394                      1.80    0.005    0.045    0.0059   4.648e-08  p
net792                      1.80    0.003    0.124    0.0103   4.575e-08  p
net205                      1.80    0.049    0.003    0.0006   4.557e-08  p
net756                      1.80    0.005    0.326    0.0053   4.524e-08  p
net882                      1.80    0.012    0.962    0.0024   4.444e-08  p
net696                      1.80    0.002    0.074    0.0125   4.440e-08  p
net51                       1.80    0.005    0.024    0.0050   4.422e-08  p
net1008                     1.80    0.002    0.106    0.0116   4.403e-08  p
net518                      1.80    0.006    0.930    0.0044   4.398e-08  p
net578                      1.80    0.003    0.002    0.0076   4.336e-08  p
net519                      1.80    0.006    0.062    0.0042   4.223e-08  p
net1002                     1.80    0.002    0.106    0.0116   4.221e-08  p
net941                      1.80    0.002    0.403    0.0142   4.220e-08  p
clknet_1_1__leaf_net196     1.80    0.004    0.975    0.0059   4.210e-08  p
net228                      1.80    0.006    0.014    0.0045   4.171e-08  p
net1003                     1.80    0.002    0.106    0.0116   4.170e-08  p
net1000                     1.80    0.002    0.106    0.0116   4.163e-08  p
net790                      1.80    0.006    0.942    0.0039   4.072e-08  p
net180                      1.80    0.011    0.991    0.0022   4.051e-08  p
net1056                     1.80    0.009    0.960    0.0026   3.935e-08  p
net192                      1.80    0.004    0.971    0.0055   3.931e-08  p
net6                        1.80    0.005    0.326    0.0053   3.925e-08  p
net10                       1.80    0.002    0.013    0.0114   3.862e-08  p
net100                      1.80    0.002    0.953    0.0112   3.857e-08  p
net608                      1.80    0.003    0.940    0.0092   3.834e-08  p
net947                      1.80    0.003    0.042    0.0080   3.799e-08  p
net555                      1.80    0.005    0.034    0.0046   3.735e-08  p
net923                      1.80    0.016    0.007    0.0014   3.717e-08  p
net695                      1.80    0.002    0.076    0.0128   3.713e-08  p
net191                      1.80    0.010    0.991    0.0022   3.560e-08  p
net30                       1.80    0.003    0.072    0.0077   3.530e-08  p
net27                       1.80    0.003    0.108    0.0066   3.474e-08  p
net1039                     1.80    0.003    0.863    0.0078   3.448e-08  p
net681                      1.80    0.002    0.061    0.0094   3.446e-08  p
net251                      1.80    0.002    0.078    0.0092   3.383e-08  p
net409                      1.80    0.005    0.934    0.0045   3.380e-08  p
net946                      1.80    0.003    0.955    0.0083   3.377e-08  p
net1080                     1.80    0.003    0.964    0.0079   3.311e-08  p
net702                      1.80    0.031    0.000    0.0007   3.310e-08  p
net885                      1.80    0.005    0.029    0.0044   3.296e-08  p
net593                      1.80    0.031    0.010    0.0007   3.229e-08  p
net304                      1.80    0.003    0.964    0.0079   3.214e-08  p
net607                      1.80    0.002    0.060    0.0092   3.191e-08  p
net742                      1.80    0.005    0.062    0.0042   3.073e-08  p
net396                      1.80    0.004    0.935    0.0042   3.052e-08  p
net573                      1.80    0.002    0.036    0.0076   3.028e-08  p
net289                      1.80    0.006    0.960    0.0030   2.994e-08  p
net227                      1.80    0.004    0.014    0.0045   2.981e-08  p
net584                      1.80    0.028    0.010    0.0007   2.969e-08  p
net826                      1.80    0.004    0.024    0.0047   2.930e-08  p
net341                      1.80    0.003    0.108    0.0066   2.832e-08  p
net726                      1.80    0.008    0.949    0.0022   2.823e-08  p
net558                      1.80    0.003    0.013    0.0061   2.813e-08  p
net543                      1.80    0.010    0.029    0.0017   2.679e-08  p
net568                      1.80    0.002    0.042    0.0080   2.650e-08  p
net1079                     1.80    0.002    0.105    0.0075   2.557e-08  p
net1065                     1.80    0.003    0.326    0.0053   2.526e-08  p
clknet_1_0__leaf_net196     1.80    0.003    0.975    0.0059   2.516e-08  p
net787                      1.80    0.013    0.910    0.0012   2.489e-08  p
net37                       1.80    0.003    0.038    0.0056   2.471e-08  p
net303                      1.80    0.046    0.995    0.0003   2.414e-08  p
net79                       1.80    0.008    1.000    0.0019   2.374e-08  p
net545                      1.80    0.019    0.005    0.0008   2.337e-08  p
net874                      1.80    0.006    0.949    0.0022   2.271e-08  p
net101                      1.80    0.003    0.976    0.0050   2.267e-08  p
net13                       1.80    0.002    0.006    0.0062   2.122e-08  p
net557                      1.80    0.002    0.037    0.0074   2.112e-08  p
net827                      1.80    0.003    0.976    0.0047   2.105e-08  p
net267                      1.80    0.013    0.008    0.0010   2.102e-08  p
net143                      1.80    0.003    0.038    0.0051   2.099e-08  pm
net720                      1.80    0.005    0.964    0.0028   2.089e-08  p
net288                      1.80    0.005    0.031    0.0024   2.067e-08  p
net500                      1.80    0.019    0.991    0.0007   2.056e-08  p
net1028                     1.80    0.004    0.990    0.0033   2.041e-08  p
net471                      1.80    0.019    0.010    0.0007   1.992e-08  p
net401                      1.80    0.003    0.055    0.0036   1.981e-08  p
net743                      1.80    0.003    0.931    0.0044   1.937e-08  p
net958                      1.80    0.003    0.935    0.0042   1.907e-08  p
net908                      1.80    0.011    0.014    0.0011   1.857e-08  p
net779                      1.80    0.006    1.000    0.0019   1.788e-08  p
net99                       1.80    0.017    0.952    0.0007   1.781e-08  p
net7                        1.80    0.002    0.326    0.0053   1.726e-08  p
net957                      1.80    0.003    0.055    0.0036   1.714e-08  p
net886                      1.80    0.003    0.968    0.0041   1.708e-08  p
net410                      1.80    0.003    0.059    0.0040   1.702e-08  p
net465                      1.80    0.016    0.991    0.0007   1.699e-08  p
net537                      1.80    0.002    0.062    0.0042   1.607e-08  p
net631                      1.80    0.008    0.910    0.0012   1.495e-08  p
net64                       1.80    0.002    0.994    0.0042   1.423e-08  p
clknet_1_0__leaf_net652     1.80    0.031    0.001    0.0003   1.422e-08  p
net463                      1.80    0.013    0.991    0.0007   1.384e-08  p
net626                      1.80    0.004    0.035    0.0024   1.351e-08  p
net795                      1.80    0.003    0.987    0.0028   1.319e-08  p
net881                      1.80    0.003    0.035    0.0024   1.316e-08  p
net697                      1.80    0.012    0.000    0.0007   1.309e-08  p
net186                      1.80    0.012    0.988    0.0007   1.291e-08  p
net155                      1.80    0.002    0.990    0.0033   1.263e-08  p
net796                      1.80    0.003    0.013    0.0028   1.228e-08  p
net1027                     1.80    0.003    0.003    0.0022   1.214e-08  p
net693                      1.80    0.011    0.987    0.0007   1.205e-08  p
net831                      1.80    0.004    0.006    0.0020   1.190e-08  p
net52                       1.80    0.003    0.987    0.0028   1.157e-08  p
net632                      1.80    0.006    0.910    0.0012   1.142e-08  p
net296                      1.80    0.003    0.031    0.0024   1.130e-08  p
net588                      1.80    0.011    0.010    0.0007   1.126e-08  p
net921                      1.80    0.003    0.961    0.0026   1.115e-08  p
net59                       1.80    0.006    0.004    0.0011   1.111e-08  p
net544                      1.80    0.009    0.005    0.0008   1.104e-08  p
net273                      1.80    0.006    0.986    0.0011   1.097e-08  p
net1023                     1.80    0.008    0.014    0.0009   1.090e-08  p
net718                      1.80    0.003    0.962    0.0024   1.063e-08  p
clknet_1_1__leaf_net652     1.80    0.023    0.001    0.0003   1.062e-08  p
net411                      1.80    0.003    0.021    0.0023   1.046e-08  p
net719                      1.80    0.003    0.966    0.0024   1.043e-08  p
net931                      1.80    0.006    0.004    0.0011   1.040e-08  p
net105                      1.80    0.003    0.951    0.0024   1.039e-08  p
net422                      1.80    0.007    0.005    0.0009   1.032e-08  p
net748                      1.80    0.005    0.910    0.0012   1.028e-08  p
net730                      1.80    0.003    0.949    0.0022   1.023e-08  p
net271                      1.80    0.006    0.992    0.0010   1.007e-08  p
net751                      1.80    0.003    0.949    0.0022   9.921e-09  p
net634                      1.80    0.005    0.910    0.0012   9.903e-09  p
net153                      1.80    0.002    0.007    0.0035   9.810e-09  p
net597                      1.80    0.008    0.004    0.0007   9.740e-09  p
net598                      1.80    0.009    0.990    0.0007   9.240e-09  p
net65                       1.80    0.002    0.995    0.0025   9.051e-09  p
clknet_0_net652             1.80    0.019    0.001    0.0003   8.995e-09  p
clknet_0_net657             1.80    0.019    0.001    0.0003   8.949e-09  p
net233                      1.80    0.006    0.008    0.0009   8.798e-09  p
clknet_0_net655             1.80    0.018    0.001    0.0003   8.400e-09  p
net877                      1.80    0.008    0.010    0.0007   8.192e-09  p
net431                      1.80    0.000    0.897    0.0483   8.172e-09  pm
clknet_0_net574             1.80    0.019    0.001    0.0003   8.073e-09  p
net615                      1.80    0.008    0.992    0.0007   7.965e-09  p
net218                      1.80    0.008    0.002    0.0006   7.762e-09  p
net473                      1.80    0.007    0.990    0.0007   7.685e-09  p
net188                      1.80    0.002    0.982    0.0024   7.616e-09  p
net207                      1.80    0.007    0.003    0.0006   7.304e-09  p
net652                      1.80    0.016    0.001    0.0003   7.280e-09  p
net1045                     1.80    0.005    0.008    0.0009   6.906e-09  p
net219                      1.80    0.006    0.992    0.0007   6.628e-09  p
net541                      1.80    0.002    0.018    0.0017   6.484e-09  p
net203                      1.80    0.007    0.003    0.0006   6.290e-09  p
net880                      1.80    0.012    0.997    0.0003   6.115e-09  p
net587                      1.80    0.006    0.010    0.0007   5.872e-09  p
net595                      1.80    0.005    0.995    0.0007   5.734e-09  p
net530                      1.80    0.017    1.000    0.0002   5.476e-09  p
net420                      1.80    0.004    0.995    0.0009   5.426e-09  p
net91                       1.80    0.002    1.000    0.0019   5.357e-09  p
net825                      1.80    0.005    0.952    0.0007   5.280e-09  p
net655                      1.80    0.011    0.001    0.0003   5.111e-09  p
clknet_0_net660             1.80    0.019    0.000    0.0002   5.074e-09  p
net576                      1.80    0.015    0.000    0.0002   4.985e-09  p
net804                      1.80    0.003    0.005    0.0009   4.904e-09  p
net290                      1.80    0.005    0.990    0.0007   4.787e-09  p
clknet_1_1__leaf_net655     1.80    0.010    0.001    0.0003   4.778e-09  p
clknet_1_0__leaf_net655     1.80    0.010    0.001    0.0003   4.753e-09  p
net690                      1.80    0.002    0.910    0.0012   4.713e-09  p
net102                      1.80    0.004    0.952    0.0007   4.658e-09  p
net244                      1.80    0.003    0.004    0.0011   4.583e-09  p
net889                      1.80    0.009    0.995    0.0003   4.548e-09  p
net665                      1.80    0.005    0.998    0.0005   4.486e-09  p
net1057                     1.80    0.002    0.910    0.0012   4.360e-09  p
net574                      1.80    0.010    0.001    0.0003   4.251e-09  p
net1029                     1.80    0.003    0.008    0.0010   4.166e-09  p
net767                      1.80    0.005    0.003    0.0006   4.160e-09  p
net664                      1.80    0.005    0.002    0.0005   4.093e-09  p
net603                      1.80    0.003    0.011    0.0007   3.926e-09  p
net657                      1.80    0.008    0.001    0.0003   3.846e-09  p
net888                      1.80    0.007    0.998    0.0003   3.737e-09  p
net125                      1.80    0.007    0.997    0.0003   3.697e-09  p
net604                      1.80    0.003    0.980    0.0007   3.682e-09  p
net417                      1.80    0.003    0.991    0.0007   3.633e-09  p
net805                      1.80    0.002    0.995    0.0009   3.564e-09  p
net548                      1.80    0.003    0.014    0.0009   3.497e-09  p
net1066                     1.80    0.003    0.991    0.0007   3.435e-09  p
net384                      1.80    0.005    0.003    0.0004   3.324e-09  p
net1076                     1.80    0.003    0.989    0.0007   3.310e-09  p
net222                      1.80    0.003    0.991    0.0008   3.295e-09  p
net838                      1.80    0.003    0.991    0.0007   3.200e-09  p
net766                      1.80    0.003    0.997    0.0006   3.028e-09  p
net195                      1.80    0.006    0.996    0.0003   3.011e-09  p
net917                      1.80    0.003    0.989    0.0007   2.926e-09  p
net853                      1.80    0.003    0.997    0.0006   2.921e-09  p
net818                      1.80    0.003    0.989    0.0007   2.912e-09  p
net895                      1.80    0.003    0.992    0.0007   2.854e-09  p
net949                      1.80    0.002    0.992    0.0007   2.850e-09  p
net820                      1.80    0.003    0.991    0.0007   2.769e-09  p
net477                      1.80    0.002    0.994    0.0007   2.704e-09  p
net116                      1.80    0.005    0.997    0.0003   2.696e-09  p
net737                      1.80    0.003    0.991    0.0007   2.686e-09  p
clknet_1_0__leaf_net657     1.80    0.006    0.001    0.0003   2.657e-09  p
net1049                     1.80    0.002    0.010    0.0007   2.628e-09  p
net839                      1.80    0.002    0.009    0.0007   2.628e-09  p
net590                      1.80    0.002    0.010    0.0007   2.628e-09  p
net783                      1.80    0.002    0.987    0.0007   2.608e-09  p
net224                      1.80    0.006    0.001    0.0003   2.597e-09  p
net583                      1.80    0.002    0.010    0.0007   2.515e-09  p
net1070                     1.80    0.002    0.000    0.0007   2.488e-09  p
net1081                     1.80    0.002    0.991    0.0008   2.424e-09  p
net600                      1.80    0.002    0.010    0.0007   2.412e-09  p
net768                      1.80    0.002    0.992    0.0007   2.383e-09  pm
net660                      1.80    0.009    0.000    0.0002   2.363e-09  p
net120                      1.80    0.004    0.997    0.0003   2.297e-09  p
net1042                     1.80    0.002    0.004    0.0007   2.268e-09  p
net905                      1.80    0.002    0.991    0.0007   2.175e-09  p
net479                      1.80    0.002    0.003    0.0006   2.156e-09  p
net123                      1.80    0.004    0.997    0.0003   2.053e-09  p
net659                      1.80    0.008    0.002    0.0002   2.049e-09  p
net208                      1.80    0.002    0.997    0.0006   2.012e-09  p
net948                      1.80    0.003    0.003    0.0004   1.941e-09  p
net1077                     1.80    0.004    0.998    0.0003   1.865e-09  p
net699                      1.80    0.002    0.000    0.0007   1.854e-09  p
net547                      1.80    0.007    0.001    0.0002   1.826e-09  p
net848                      1.80    0.003    0.997    0.0004   1.787e-09  p
net476                      1.80    0.003    0.002    0.0003   1.781e-09  p
clknet_1_0__leaf_net660     1.80    0.007    0.000    0.0002   1.776e-09  p
net883                      1.80    0.003    0.998    0.0003   1.621e-09  p
clknet_1_1__leaf_net657     1.80    0.004    0.001    0.0003   1.616e-09  p
net929                      1.80    0.003    0.996    0.0003   1.504e-09  p
net750                      1.80    0.000    0.043    0.0023   1.431e-09  pm
net354                      1.80    0.021    0.000    0.41e-4  1.373e-09  p
clknet_0_net585             1.80    0.019    0.000    0.41e-4  1.275e-09  p
net344                      1.80    0.019    0.000    0.41e-4  1.258e-09  p
clknet_0_net666             1.80    0.019    0.000    0.41e-4  1.249e-09  p
net673                      1.80    0.003    0.001    0.0003   1.214e-09  p
net585                      1.80    0.018    0.000    0.41e-4  1.198e-09  p
net671                      1.80    0.003    0.001    0.0003   1.175e-09  p
clknet_1_0__leaf_net574     1.80    0.003    0.001    0.0003   1.166e-09  p
clknet_1_1__leaf_net574     1.80    0.003    0.001    0.0003   1.157e-09  p
net676                      1.80    0.002    0.998    0.0003   1.131e-09  p
net247                      1.80    0.003    0.000    0.0002   1.126e-09  p
net678                      1.80    0.002    0.998    0.0003   1.124e-09  p
net336                      1.80    0.002    0.995    0.0003   1.111e-09  p
net811                      1.80    0.003    1.000    0.0002   1.029e-09  p
net810                      1.80    0.003    0.000    0.0002   9.338e-10  p
net674                      1.80    0.002    0.997    0.0003   9.294e-10  pm
net579                      1.80    0.003    0.000    0.0002   9.201e-10  p
clknet_1_1__leaf_net660     1.80    0.003    0.000    0.0002   8.768e-10  p
net226                      1.80    0.012    0.000    0.41e-4  8.018e-10  p
net353                      1.80    0.010    0.000    0.41e-4  6.718e-10  p
net666                      1.80    0.010    0.000    0.41e-4  6.667e-10  p
net862                      1.80    0.009    0.000    0.41e-4  5.781e-10  p
clknet_1_0__leaf_net585     1.80    0.008    0.000    0.41e-4  5.408e-10  p
net200                      1.80    0.004    1.000    0.81e-4  5.252e-10  p
net223                      1.80    0.002    0.001    0.0001   4.332e-10  p
net1020                     1.80    0.002    0.001    0.0001   3.916e-10  p
clknet_1_0__leaf_net666     1.80    0.006    0.000    0.41e-4  3.730e-10  p
net62                       1.80    0.005    0.000    0.41e-4  3.043e-10  p
net343                      1.80    0.005    0.000    0.41e-4  3.037e-10  p
clknet_1_1__leaf_net585     1.80    0.005    0.000    0.41e-4  3.018e-10  p
clknet_1_1__leaf_net666     1.80    0.002    0.000    0.41e-4  1.594e-10  p
net1033                     1.80    0.002    1.000    0.41e-4  1.400e-10  p
net364                      1.80    0.002    1.000    0.41e-4  1.385e-10  p
clknet_0_net164             1.80    0.020    0.000    0.0000      0.0000  p
clknet_0_net307             1.80    0.019    0.000    0.0000      0.0000  p
clknet_0_net310             1.80    0.020    0.000    0.0000      0.0000  p
clknet_0_net445             1.80    0.021    0.000    0.0000      0.0000  p
clknet_0_net448             1.80    0.018    0.000    0.0000      0.0000  p
clknet_1_0__leaf_net164     1.80    0.005    0.000    0.0000      0.0000  p
clknet_1_0__leaf_net307     1.80    0.006    0.000    0.0000      0.0000  p
clknet_1_0__leaf_net310     1.80    0.010    0.000    0.0000      0.0000  p
clknet_1_0__leaf_net445     1.80    0.005    0.000    0.0000      0.0000  p
clknet_1_0__leaf_net448     1.80    0.007    0.000    0.0000      0.0000  p
clknet_1_1__leaf_net164     1.80    0.004    0.000    0.0000      0.0000  p
clknet_1_1__leaf_net307     1.80    0.010    0.000    0.0000      0.0000  p
clknet_1_1__leaf_net310     1.80    0.003    0.000    0.0000      0.0000  p
clknet_1_1__leaf_net445     1.80    0.005    0.000    0.0000      0.0000  p
clknet_1_1__leaf_net448     1.80    0.003    0.000    0.0000      0.0000  p
net5                        1.80    0.017    1.000    0.0000      0.0000  p
net14                       1.80    0.003    1.000    0.0000      0.0000  p
net15                       1.80    0.002    0.000    0.0000      0.0000  p
net17                       1.80    0.004    1.000    0.0000      0.0000  p
net18                       1.80    0.005    0.000    0.0000      0.0000  p
net19                       1.80    0.015    0.000    0.0000      0.0000  p
net20                       1.80    0.012    1.000    0.0000      0.0000  p
net21                       1.80    0.008    1.000    0.0000      0.0000  p
net22                       1.80    0.025    1.000    0.0000      0.0000  p
net25                       1.80    0.006    0.000    0.0000      0.0000  p
net26                       1.80    0.014    1.000    0.0000      0.0000  p
net28                       1.80    0.017    0.000    0.0000      0.0000  p
net29                       1.80    0.008    0.000    0.0000      0.0000  p
net31                       1.80    0.025    0.000    0.0000      0.0000  p
net32                       1.80    0.018    0.000    0.0000      0.0000  p
net38                       1.80    0.002    0.000    0.0000      0.0000  p
net39                       1.80    0.006    0.000    0.0000      0.0000  p
net40                       1.80    0.005    0.000    0.0000      0.0000  p
net41                       1.80    0.003    0.000    0.0000      0.0000  p
net42                       1.80    0.002    0.000    0.0000      0.0000  p
net43                       1.80    0.015    1.000    0.0000      0.0000  p
net44                       1.80    0.005    1.000    0.0000      0.0000  p
net45                       1.80    0.017    1.000    0.0000      0.0000  p
net46                       1.80    0.034    1.000    0.0000      0.0000  p
net66                       1.80    0.004    1.000    0.0000      0.0000  p
net76                       1.80    0.004    0.000    0.0000      0.0000  p
net78                       1.80    0.013    0.000    0.0000      0.0000  p
net81                       1.80    0.016    0.000    0.0000      0.0000  p
net82                       1.80    0.003    0.000    0.0000      0.0000  p
net83                       1.80    0.004    0.000    0.0000      0.0000  p
net96                       1.80    0.002    0.000    0.0000      0.0000  p
net97                       1.80    0.018    0.000    0.0000      0.0000  p
net104                      1.80    0.002    0.000    0.0000      0.0000  p
net106                      1.80    0.013    0.000    0.0000      0.0000  p
net107                      1.80    0.002    0.000    0.0000      0.0000  p
net108                      1.80    0.003    0.000    0.0000      0.0000  p
net109                      1.80    0.005    0.000    0.0000      0.0000  p
net110                      1.80    0.002    0.000    0.0000      0.0000  p
net145                      1.80    0.005    0.000    0.0000      0.0000  p
net159                      1.80    0.012    0.000    0.0000      0.0000  p
net163                      1.80    0.010    0.000    0.0000      0.0000  p
net164                      1.80    0.009    0.000    0.0000      0.0000  p
net165                      1.80    0.002    0.000    0.0000      0.0000  p
net166                      1.80    0.015    0.000    0.0000      0.0000  p
net167                      1.80    0.004    0.000    0.0000      0.0000  p
net168                      1.80    0.007    0.000    0.0000      0.0000  p
net169                      1.80    0.002    1.000    0.0000      0.0000  p
net170                      1.80    0.002    1.000    0.0000      0.0000  p
net171                      1.80    0.002    0.000    0.0000      0.0000  p
net172                      1.80    0.010    0.000    0.0000      0.0000  p
net173                      1.80    0.002    0.000    0.0000      0.0000  p
net174                      1.80    0.002    0.000    0.0000      0.0000  p
net175                      1.80    0.003    0.000    0.0000      0.0000  p
net176                      1.80    0.009    0.000    0.0000      0.0000  p
net177                      1.80    0.025    0.000    0.0000      0.0000  p
net184                      1.80    0.010    0.000    0.0000      0.0000  p
net187                      1.80    0.013    1.000    0.0000      0.0000  p
net210                      1.80    0.008    0.000    0.0000      0.0000  p
net211                      1.80    0.009    1.000    0.0000      0.0000  p
net221                      1.80    0.003    0.000    0.0000      0.0000  p
net225                      1.80    0.005    0.000    0.0000      0.0000  p
net229                      1.80    0.005    0.000    0.0000      0.0000  p
net230                      1.80    0.003    1.000    0.0000      0.0000  p
net231                      1.80    0.030    0.000    0.0000      0.0000  p
net234                      1.80    0.007    0.000    0.0000      0.0000  p
net235                      1.80    0.005    0.000    0.0000      0.0000  p
net236                      1.80    0.003    0.000    0.0000      0.0000  p
net237                      1.80    0.009    0.000    0.0000      0.0000  p
net238                      1.80    0.005    1.000    0.0000      0.0000  p
net239                      1.80    0.016    0.000    0.0000      0.0000  p
net240                      1.80    0.005    0.000    0.0000      0.0000  p
net241                      1.80    0.015    0.000    0.0000      0.0000  p
net242                      1.80    0.003    0.000    0.0000      0.0000  p
net243                      1.80    0.006    0.000    0.0000      0.0000  p
net245                      1.80    0.002    1.000    0.0000      0.0000  p
net246                      1.80    0.003    1.000    0.0000      0.0000  p
net248                      1.80    0.002    0.000    0.0000      0.0000  p
net249                      1.80    0.006    0.000    0.0000      0.0000  p
net257                      1.80    0.013    0.000    0.0000      0.0000  p
net259                      1.80    0.003    0.000    0.0000      0.0000  p
net261                      1.80    0.003    0.000    0.0000      0.0000  p
net262                      1.80    0.003    0.000    0.0000      0.0000  p
net264                      1.80    0.016    0.000    0.0000      0.0000  p
net274                      1.80    0.011    0.000    0.0000      0.0000  p
net275                      1.80    0.009    0.000    0.0000      0.0000  p
net276                      1.80    0.018    0.000    0.0000      0.0000  p
net277                      1.80    0.017    0.000    0.0000      0.0000  p
net278                      1.80    0.007    0.000    0.0000      0.0000  p
net279                      1.80    0.018    0.000    0.0000      0.0000  p
net280                      1.80    0.005    0.000    0.0000      0.0000  p
net281                      1.80    0.013    0.000    0.0000      0.0000  p
net282                      1.80    0.005    0.000    0.0000      0.0000  p
net284                      1.80    0.016    0.000    0.0000      0.0000  p
net285                      1.80    0.036    0.000    0.0000      0.0000  p
net287                      1.80    0.003    0.000    0.0000      0.0000  p
net291                      1.80    0.002    0.000    0.0000      0.0000  p
net292                      1.80    0.004    1.000    0.0000      0.0000  p
net293                      1.80    0.010    0.000    0.0000      0.0000  p
net294                      1.80    0.005    1.000    0.0000      0.0000  p
net295                      1.80    0.007    0.000    0.0000      0.0000  p
net297                      1.80    0.005    0.000    0.0000      0.0000  p
net299                      1.80    0.008    0.000    0.0000      0.0000  p
net300                      1.80    0.024    0.000    0.0000      0.0000  p
net305                      1.80    0.014    0.000    0.0000      0.0000  p
net306                      1.80    0.005    0.000    0.0000      0.0000  p
net307                      1.80    0.010    0.000    0.0000      0.0000  p
net308                      1.80    0.003    0.000    0.0000      0.0000  p
net310                      1.80    0.009    0.000    0.0000      0.0000  p
net311                      1.80    0.003    0.000    0.0000      0.0000  p
net316                      1.80    0.053    0.000    0.0000      0.0000  p
net319                      1.80    0.002    1.000    0.0000      0.0000  p
net325                      1.80    0.008    0.000    0.0000      0.0000  p
net328                      1.80    0.002    0.000    0.0000      0.0000  p
net329                      1.80    0.016    0.000    0.0000      0.0000  p
net330                      1.80    0.034    0.000    0.0000      0.0000  p
net331                      1.80    0.003    0.000    0.0000      0.0000  p
net332                      1.80    0.005    0.000    0.0000      0.0000  p
net333                      1.80    0.013    0.000    0.0000      0.0000  p
net334                      1.80    0.037    0.000    0.0000      0.0000  p
net335                      1.80    0.020    0.000    0.0000      0.0000  p
net337                      1.80    0.008    0.000    0.0000      0.0000  p
net338                      1.80    0.004    0.000    0.0000      0.0000  p
net339                      1.80    0.002    0.000    0.0000      0.0000  p
net340                      1.80    0.003    0.000    0.0000      0.0000  p
net345                      1.80    0.026    0.000    0.0000      0.0000  p
net346                      1.80    0.005    0.000    0.0000      0.0000  p
net347                      1.80    0.002    0.000    0.0000      0.0000  p
net348                      1.80    0.005    1.000    0.0000      0.0000  p
net349                      1.80    0.002    0.000    0.0000      0.0000  p
net350                      1.80    0.004    0.000    0.0000      0.0000  p
net352                      1.80    0.005    1.000    0.0000      0.0000  p
net355                      1.80    0.003    0.000    0.0000      0.0000  p
net356                      1.80    0.003    0.000    0.0000      0.0000  p
net357                      1.80    0.026    0.000    0.0000      0.0000  p
net358                      1.80    0.008    0.000    0.0000      0.0000  p
net359                      1.80    0.010    0.000    0.0000      0.0000  p
net360                      1.80    0.005    1.000    0.0000      0.0000  p
net361                      1.80    0.004    0.000    0.0000      0.0000  p
net362                      1.80    0.002    0.000    0.0000      0.0000  p
net363                      1.80    0.014    0.000    0.0000      0.0000  p
net365                      1.80    0.034    0.000    0.0000      0.0000  p
net366                      1.80    0.005    0.000    0.0000      0.0000  p
net367                      1.80    0.017    0.000    0.0000      0.0000  p
net369                      1.80    0.011    0.000    0.0000      0.0000  p
net371                      1.80    0.002    0.000    0.0000      0.0000  p
net372                      1.80    0.006    1.000    0.0000      0.0000  p
net373                      1.80    0.030    0.000    0.0000      0.0000  p
net374                      1.80    0.002    1.000    0.0000      0.0000  p
net375                      1.80    0.012    0.000    0.0000      0.0000  p
net376                      1.80    0.004    0.000    0.0000      0.0000  p
net377                      1.80    0.006    0.000    0.0000      0.0000  p
net378                      1.80    0.005    1.000    0.0000      0.0000  p
net379                      1.80    0.021    0.000    0.0000      0.0000  p
net380                      1.80    0.006    0.000    0.0000      0.0000  p
net382                      1.80    0.010    0.000    0.0000      0.0000  p
net383                      1.80    0.003    0.000    0.0000      0.0000  p
net386                      1.80    0.003    0.000    0.0000      0.0000  p
net387                      1.80    0.003    0.000    0.0000      0.0000  p
net388                      1.80    0.008    0.000    0.0000      0.0000  p
net416                      1.80    0.013    0.000    0.0000      0.0000  p
net424                      1.80    0.005    0.000    0.0000      0.0000  p
net425                      1.80    0.004    1.000    0.0000      0.0000  p
net430                      1.80    0.010    0.000    0.0000      0.0000  p
net432                      1.80    0.010    0.000    0.0000      0.0000  p
net433                      1.80    0.003    1.000    0.0000      0.0000  p
net434                      1.80    0.014    1.000    0.0000      0.0000  p
net436                      1.80    0.005    0.000    0.0000      0.0000  p
net438                      1.80    0.015    0.000    0.0000      0.0000  p
net442                      1.80    0.002    0.000    0.0000      0.0000  p
net443                      1.80    0.004    0.000    0.0000      0.0000  p
net444                      1.80    0.007    0.000    0.0000      0.0000  p
net445                      1.80    0.010    0.000    0.0000      0.0000  p
net446                      1.80    0.002    0.000    0.0000      0.0000  p
net447                      1.80    0.003    0.000    0.0000      0.0000  p
net448                      1.80    0.009    0.000    0.0000      0.0000  p
net449                      1.80    0.008    1.000    0.0000      0.0000  p
net450                      1.80    0.002    0.000    0.0000      0.0000  p
net451                      1.80    0.004    0.000    0.0000      0.0000  p
net452                      1.80    0.003    0.000    0.0000      0.0000  p
net453                      1.80    0.002    0.000    0.0000      0.0000  p
net454                      1.80    0.005    0.000    0.0000      0.0000  p
net457                      1.80    0.008    0.000    0.0000      0.0000  p
net458                      1.80    0.009    0.000    0.0000      0.0000  p
net459                      1.80    0.028    0.000    0.0000      0.0000  p
net461                      1.80    0.012    0.000    0.0000      0.0000  p
net462                      1.80    0.002    0.000    0.0000      0.0000  p
net464                      1.80    0.003    0.000    0.0000      0.0000  p
net466                      1.80    0.003    0.000    0.0000      0.0000  p
net467                      1.80    0.003    0.000    0.0000      0.0000  p
net469                      1.80    0.007    1.000    0.0000      0.0000  p
net470                      1.80    0.020    0.000    0.0000      0.0000  p
net472                      1.80    0.047    1.000    0.0000      0.0000  p
net475                      1.80    0.003    1.000    0.0000      0.0000  p
net478                      1.80    0.004    1.000    0.0000      0.0000  p
net480                      1.80    0.010    0.000    0.0000      0.0000  p
net481                      1.80    0.002    0.000    0.0000      0.0000  p
net482                      1.80    0.003    0.000    0.0000      0.0000  p
net483                      1.80    0.007    0.000    0.0000      0.0000  p
net484                      1.80    0.008    0.000    0.0000      0.0000  p
net485                      1.80    0.007    0.000    0.0000      0.0000  p
net486                      1.80    0.004    0.000    0.0000      0.0000  p
net487                      1.80    0.009    0.000    0.0000      0.0000  p
net488                      1.80    0.005    0.000    0.0000      0.0000  p
net489                      1.80    0.007    0.000    0.0000      0.0000  p
net490                      1.80    0.005    0.000    0.0000      0.0000  p
net492                      1.80    0.011    0.000    0.0000      0.0000  p
net494                      1.80    0.004    1.000    0.0000      0.0000  p
net495                      1.80    0.006    0.000    0.0000      0.0000  p
net497                      1.80    0.003    0.000    0.0000      0.0000  p
net498                      1.80    0.003    1.000    0.0000      0.0000  p
net499                      1.80    0.005    0.000    0.0000      0.0000  p
net501                      1.80    0.019    0.000    0.0000      0.0000  p
net502                      1.80    0.007    0.000    0.0000      0.0000  p
net503                      1.80    0.006    0.000    0.0000      0.0000  p
net504                      1.80    0.009    0.000    0.0000      0.0000  p
net505                      1.80    0.012    0.000    0.0000      0.0000  p
net506                      1.80    0.011    0.000    0.0000      0.0000  p
net507                      1.80    0.002    0.000    0.0000      0.0000  p
net508                      1.80    0.002    0.000    0.0000      0.0000  p
net509                      1.80    0.015    0.000    0.0000      0.0000  p
net510                      1.80    0.002    0.000    0.0000      0.0000  p
net512                      1.80    0.016    0.000    0.0000      0.0000  p
net527                      1.80    0.009    0.000    0.0000      0.0000  p
net549                      1.80    0.018    1.000    0.0000      0.0000  p
net551                      1.80    0.007    0.000    0.0000      0.0000  p
net552                      1.80    0.012    1.000    0.0000      0.0000  p
net554                      1.80    0.003    1.000    0.0000      0.0000  p
net586                      1.80    0.002    0.000    0.0000      0.0000  p
net589                      1.80    0.006    0.000    0.0000      0.0000  p
net591                      1.80    0.003    1.000    0.0000      0.0000  p
net592                      1.80    0.006    1.000    0.0000      0.0000  p
net594                      1.80    0.005    0.000    0.0000      0.0000  p
net596                      1.80    0.008    0.000    0.0000      0.0000  p
net599                      1.80    0.004    0.000    0.0000      0.0000  p
net601                      1.80    0.002    1.000    0.0000      0.0000  p
net602                      1.80    0.003    0.000    0.0000      0.0000  p
net605                      1.80    0.006    0.000    0.0000      0.0000  p
net606                      1.80    0.010    1.000    0.0000      0.0000  p
net609                      1.80    0.010    0.000    0.0000      0.0000  p
net610                      1.80    0.010    0.000    0.0000      0.0000  p
net611                      1.80    0.016    0.000    0.0000      0.0000  p
net612                      1.80    0.008    0.000    0.0000      0.0000  p
net613                      1.80    0.008    0.000    0.0000      0.0000  p
net614                      1.80    0.008    0.000    0.0000      0.0000  p
net616                      1.80    0.002    0.000    0.0000      0.0000  p
net617                      1.80    0.008    0.000    0.0000      0.0000  p
net618                      1.80    0.009    0.000    0.0000      0.0000  p
net619                      1.80    0.006    0.000    0.0000      0.0000  p
net620                      1.80    0.004    1.000    0.0000      0.0000  p
net621                      1.80    0.007    0.000    0.0000      0.0000  p
net622                      1.80    0.005    0.000    0.0000      0.0000  p
net623                      1.80    0.024    0.000    0.0000      0.0000  p
net624                      1.80    0.002    0.000    0.0000      0.0000  p
net625                      1.80    0.012    0.000    0.0000      0.0000  p
net627                      1.80    0.004    0.000    0.0000      0.0000  p
net658                      1.80    0.015    0.000    0.0000      0.0000  p
net661                      1.80    0.024    0.000    0.0000      0.0000  p
net662                      1.80    0.004    0.000    0.0000      0.0000  p
net663                      1.80    0.003    1.000    0.0000      0.0000  p
net667                      1.80    0.011    0.000    0.0000      0.0000  p
net668                      1.80    0.009    0.000    0.0000      0.0000  p
net669                      1.80    0.003    0.000    0.0000      0.0000  p
net670                      1.80    0.004    0.000    0.0000      0.0000  p
net672                      1.80    0.004    1.000    0.0000      0.0000  p
net677                      1.80    0.027    0.000    0.0000      0.0000  p
net679                      1.80    0.002    0.000    0.0000      0.0000  p
net680                      1.80    0.003    0.000    0.0000      0.0000  p
net683                      1.80    0.007    0.000    0.0000      0.0000  p
net685                      1.80    0.002    0.000    0.0000      0.0000  p
net687                      1.80    0.008    0.000    0.0000      0.0000  p
net688                      1.80    0.002    0.000    0.0000      0.0000  p
net694                      1.80    0.002    0.000    0.0000      0.0000  p
net698                      1.80    0.020    1.000    0.0000      0.0000  p
net700                      1.80    0.030    1.000    0.0000      0.0000  p
net701                      1.80    0.002    1.000    0.0000      0.0000  p
net707                      1.80    0.009    0.000    0.0000      0.0000  p
net713                      1.80    0.002    0.000    0.0000      0.0000  p
net715                      1.80    0.002    0.000    0.0000      0.0000  p
net716                      1.80    0.012    1.000    0.0000      0.0000  p
net717                      1.80    0.005    0.000    0.0000      0.0000  p
net723                      1.80    0.009    0.000    0.0000      0.0000  p
net724                      1.80    0.019    1.000    0.0000      0.0000  p
net725                      1.80    0.010    1.000    0.0000      0.0000  p
net727                      1.80    0.003    0.000    0.0000      0.0000  p
net728                      1.80    0.003    1.000    0.0000      0.0000  p
net729                      1.80    0.002    1.000    0.0000      0.0000  p
net732                      1.80    0.006    0.000    0.0000      0.0000  p
net735                      1.80    0.008    0.000    0.0000      0.0000  p
net736                      1.80    0.003    1.000    0.0000      0.0000  p
net738                      1.80    0.004    0.000    0.0000      0.0000  p
net741                      1.80    0.003    1.000    0.0000      0.0000  p
net746                      1.80    0.002    1.000    0.0000      0.0000  p
net749                      1.80    0.007    0.000    0.0000      0.0000  p
net752                      1.80    0.004    1.000    0.0000      0.0000  p
net755                      1.80    0.012    1.000    0.0000      0.0000  p
net761                      1.80    0.007    0.000    0.0000      0.0000  p
net762                      1.80    0.005    0.000    0.0000      0.0000  p
net763                      1.80    0.003    1.000    0.0000      0.0000  p
net764                      1.80    0.003    0.000    0.0000      0.0000  p
net769                      1.80    0.006    0.000    0.0000      0.0000  p
net771                      1.80    0.006    0.000    0.0000      0.0000  p
net772                      1.80    0.006    1.000    0.0000      0.0000  p
net777                      1.80    0.006    0.000    0.0000      0.0000  p
net778                      1.80    0.002    1.000    0.0000      0.0000  p
net782                      1.80    0.008    1.000    0.0000      0.0000  p
net784                      1.80    0.003    0.000    0.0000      0.0000  p
net788                      1.80    0.006    1.000    0.0000      0.0000  p
net789                      1.80    0.007    0.000    0.0000      0.0000  p
net797                      1.80    0.008    0.000    0.0000      0.0000  p
net798                      1.80    0.005    0.000    0.0000      0.0000  p
net799                      1.80    0.002    0.000    0.0000      0.0000  p
net800                      1.80    0.006    0.000    0.0000      0.0000  p
net801                      1.80    0.006    0.000    0.0000      0.0000  p
net802                      1.80    0.003    0.000    0.0000      0.0000  p
net803                      1.80    0.003    1.000    0.0000      0.0000  p
net808                      1.80    0.004    0.000    0.0000      0.0000  p
net809                      1.80    0.003    1.000    0.0000      0.0000  p
net817                      1.80    0.004    1.000    0.0000      0.0000  p
net819                      1.80    0.003    0.000    0.0000      0.0000  p
net821                      1.80    0.004    0.000    0.0000      0.0000  p
net824                      1.80    0.006    0.000    0.0000      0.0000  p
net828                      1.80    0.009    0.000    0.0000      0.0000  p
net830                      1.80    0.002    0.000    0.0000      0.0000  p
net832                      1.80    0.004    0.000    0.0000      0.0000  p
net833                      1.80    0.003    1.000    0.0000      0.0000  p
net834                      1.80    0.003    1.000    0.0000      0.0000  p
net842                      1.80    0.002    0.000    0.0000      0.0000  p
net849                      1.80    0.003    1.000    0.0000      0.0000  p
net855                      1.80    0.003    0.000    0.0000      0.0000  p
net856                      1.80    0.004    1.000    0.0000      0.0000  p
net857                      1.80    0.007    0.000    0.0000      0.0000  p
net861                      1.80    0.002    0.000    0.0000      0.0000  p
net864                      1.80    0.002    1.000    0.0000      0.0000  p
net865                      1.80    0.003    0.000    0.0000      0.0000  p
net866                      1.80    0.003    1.000    0.0000      0.0000  p
net867                      1.80    0.002    0.000    0.0000      0.0000  p
net872                      1.80    0.002    0.000    0.0000      0.0000  p
net873                      1.80    0.002    1.000    0.0000      0.0000  p
net875                      1.80    0.003    0.000    0.0000      0.0000  p
net876                      1.80    0.003    1.000    0.0000      0.0000  p
net879                      1.80    0.009    0.000    0.0000      0.0000  p
net884                      1.80    0.004    0.000    0.0000      0.0000  p
net887                      1.80    0.006    0.000    0.0000      0.0000  p
net890                      1.80    0.009    0.000    0.0000      0.0000  p
net892                      1.80    0.007    0.000    0.0000      0.0000  p
net893                      1.80    0.007    0.000    0.0000      0.0000  p
net894                      1.80    0.007    0.000    0.0000      0.0000  p
net896                      1.80    0.011    0.000    0.0000      0.0000  p
net897                      1.80    0.007    0.000    0.0000      0.0000  p
net900                      1.80    0.011    0.000    0.0000      0.0000  p
net902                      1.80    0.008    1.000    0.0000      0.0000  p
net903                      1.80    0.002    0.000    0.0000      0.0000  p
net904                      1.80    0.003    0.000    0.0000      0.0000  p
net907                      1.80    0.039    0.000    0.0000      0.0000  p
net909                      1.80    0.018    0.000    0.0000      0.0000  p
net910                      1.80    0.002    0.000    0.0000      0.0000  p
net912                      1.80    0.003    0.000    0.0000      0.0000  p
net913                      1.80    0.012    1.000    0.0000      0.0000  p
net914                      1.80    0.012    1.000    0.0000      0.0000  p
net918                      1.80    0.002    0.000    0.0000      0.0000  p
net920                      1.80    0.006    0.000    0.0000      0.0000  p
net930                      1.80    0.003    0.000    0.0000      0.0000  p
net935                      1.80    0.016    0.000    0.0000      0.0000  p
net952                      1.80    0.014    0.000    0.0000      0.0000  p
net956                      1.80    0.003    0.000    0.0000      0.0000  p
net980                      1.80    0.023    0.000    0.0000      0.0000  p
net981                      1.80    0.002    0.000    0.0000      0.0000  p
net982                      1.80    0.017    0.000    0.0000      0.0000  p
net983                      1.80    0.003    1.000    0.0000      0.0000  p
net984                      1.80    0.016    0.000    0.0000      0.0000  p
net985                      1.80    0.002    0.000    0.0000      0.0000  p
net986                      1.80    0.020    0.000    0.0000      0.0000  p
net987                      1.80    0.022    0.000    0.0000      0.0000  p
net988                      1.80    0.002    0.000    0.0000      0.0000  p
net989                      1.80    0.007    0.000    0.0000      0.0000  p
net990                      1.80    0.018    0.000    0.0000      0.0000  p
net991                      1.80    0.014    0.000    0.0000      0.0000  p
net994                      1.80    0.010    0.000    0.0000      0.0000  p
net995                      1.80    0.003    0.000    0.0000      0.0000  p
net1018                     1.80    0.005    0.000    0.0000      0.0000  p
net1021                     1.80    0.005    0.000    0.0000      0.0000  p
net1022                     1.80    0.004    0.000    0.0000      0.0000  p
net1025                     1.80    0.007    0.000    0.0000      0.0000  p
net1030                     1.80    0.005    1.000    0.0000      0.0000  p
net1031                     1.80    0.002    1.000    0.0000      0.0000  p
net1036                     1.80    0.004    1.000    0.0000      0.0000  p
net1038                     1.80    0.002    1.000    0.0000      0.0000  p
net1044                     1.80    0.002    0.000    0.0000      0.0000  p
net1046                     1.80    0.005    0.000    0.0000      0.0000  p
net1047                     1.80    0.004    0.000    0.0000      0.0000  p
net1050                     1.80    0.004    0.000    0.0000      0.0000  p
net1052                     1.80    0.002    0.000    0.0000      0.0000  p
net1055                     1.80    0.004    0.000    0.0000      0.0000  p
net1060                     1.80    0.002    0.000    0.0000      0.0000  p
net1063                     1.80    0.004    1.000    0.0000      0.0000  p
net1067                     1.80    0.003    0.000    0.0000      0.0000  p
net1068                     1.80    0.005    0.000    0.0000      0.0000  p
net1069                     1.80    0.003    0.000    0.0000      0.0000  p
net1071                     1.80    0.005    1.000    0.0000      0.0000  p
net1072                     1.80    0.007    0.000    0.0000      0.0000  p
net1074                     1.80    0.004    0.000    0.0000      0.0000  p
net1075                     1.80    0.005    0.000    0.0000      0.0000  p
out2                        1.80    0.001    1.000    0.0000      0.0000  p
out3                        1.80    0.001    0.000    0.0000      0.0000  p
out4                        1.80    0.001    0.000    0.0000      0.0000  p
out6                        1.80    0.001    0.000    0.0000      0.0000  p
out9                        1.80    0.000    0.000    0.0000      0.0000  p
out15                       1.80    0.001    0.000    0.0000      0.0000  p
out16                       1.80    0.000    0.000    0.0000      0.0000  p
out19                       1.80    0.000    0.000    0.0000      0.0000  p
out21                       1.80    0.001    0.000    0.0000      0.0000  p
out22                       1.80    0.001    0.000    0.0000      0.0000  p
out23                       1.80    0.001    0.000    0.0000      0.0000  p
out24                       1.80    0.001    0.000    0.0000      0.0000  p
--------------------------------------------------------------------------------
Total (1247 nets)                                              6.203e-04 Watt



                                      Int      Switch   Leak      Total
Hierarchy                             Power    Power    Power     Power    %
--------------------------------------------------------------------------------
netlist_0                             1.39e-03 6.20e-04 7.06e-09  2.01e-03 100.0
1
