****************************************
Report : Averaged Power
	-net_power
	-hierarchy
	-sort_by net_switching_power
	-power_greater_than       0
	-nosplit
Design : netlist_1
Version: Q-2019.12-SP1
Date   : Wed Aug 21 13:24:03 2024
****************************************



  Attributes
  ----------
      a  -  Switching activity information / Switching power information annotated on net
      p  -  Propagated switching activity information on net
      d  -  Default switching activity used on net
      u  -  Net switching activity uninitialized
      m  -  Net is driven by multiple pins
      b  -  Net is a primary input (boundary net)

		Toggle rates reported with respect to time unit 1ns
--------------------------------------------------------------------------------
                                  Total      Static   Toggle   Switching
Net                         Vdd   Net Load   Prob.    Rate     Power      Attrs
--------------------------------------------------------------------------------
net42                       1.80    0.090    0.596    0.2231   3.250e-05  p
clknet_0_clk                1.80    0.153    0.500    0.1000   2.472e-05  a
net643                      1.80    0.042    0.451    0.3589   2.415e-05  p
net519                      1.80    0.057    0.520    0.2362   2.176e-05  p
net156                      1.80    0.043    0.502    0.3019   2.119e-05  p
net759                      1.80    0.046    0.556    0.2719   2.037e-05  p
net765                      1.80    0.060    0.618    0.2095   2.026e-05  p
net511                      1.80    0.053    0.520    0.2362   2.020e-05  p
net166                      1.80    0.040    0.502    0.3019   1.941e-05  p
net763                      1.80    0.039    0.502    0.3019   1.928e-05  p
net173                      1.80    0.051    0.596    0.2231   1.847e-05  p
net231                      1.80    0.054    0.618    0.2095   1.846e-05  p
net168                      1.80    0.051    0.596    0.2231   1.840e-05  p
net490                      1.80    0.056    0.693    0.2022   1.818e-05  p
net128                      1.80    0.051    0.618    0.2095   1.744e-05  p
net150                      1.80    0.035    0.502    0.3019   1.726e-05  p
net238                      1.80    0.044    0.312    0.2429   1.723e-05  p
net762                      1.80    0.034    0.456    0.3072   1.697e-05  p
net240                      1.80    0.050    0.693    0.2022   1.637e-05  p
net488                      1.80    0.037    0.556    0.2719   1.609e-05  p
net113                      1.80    0.028    0.504    0.3467   1.563e-05  p
net242                      1.80    0.040    0.312    0.2429   1.562e-05  p
net406                      1.80    0.047    0.636    0.2013   1.548e-05  p
net614                      1.80    0.040    0.520    0.2362   1.527e-05  p
net106                      1.80    0.049    0.507    0.1906   1.518e-05  p
net378                      1.80    0.038    0.535    0.2427   1.508e-05  p
net761                      1.80    0.038    0.535    0.2427   1.494e-05  p
net512                      1.80    0.039    0.520    0.2335   1.471e-05  p
net135                      1.80    0.027    0.565    0.3349   1.462e-05  p
net133                      1.80    0.043    0.618    0.2095   1.461e-05  p
net253                      1.80    0.040    0.381    0.2227   1.428e-05  p
net764                      1.80    0.035    0.520    0.2362   1.351e-05  p
net510                      1.80    0.039    0.608    0.2153   1.351e-05  p
net233                      1.80    0.041    0.693    0.2022   1.334e-05  p
net108                      1.80    0.030    0.498    0.2706   1.324e-05  p
net299                      1.80    0.031    0.605    0.2601   1.320e-05  p
net149                      1.80    0.026    0.502    0.3019   1.267e-05  p
clknet_0_net424             1.80    0.021    0.495    0.3713   1.260e-05  p
net616                      1.80    0.031    0.385    0.2471   1.258e-05  p
net760                      1.80    0.035    0.596    0.2231   1.256e-05  p
net117                      1.80    0.037    0.618    0.2095   1.254e-05  p
net396                      1.80    0.030    0.450    0.2581   1.251e-05  p
net252                      1.80    0.037    0.616    0.2099   1.250e-05  p
clknet_0_net417             1.80    0.021    0.496    0.3719   1.237e-05  p
clknet_0_net419             1.80    0.020    0.504    0.3723   1.224e-05  p
net148                      1.80    0.025    0.502    0.3019   1.224e-05  p
net115                      1.80    0.022    0.501    0.3466   1.214e-05  p
clknet_0_net422             1.80    0.020    0.507    0.3703   1.200e-05  p
net239                      1.80    0.035    0.618    0.2095   1.198e-05  p
clknet_0_net287             1.80    0.020    0.497    0.3724   1.198e-05  p
net20                       1.80    0.038    0.505    0.1888   1.178e-05  p
clknet_0_net281             1.80    0.019    0.496    0.3719   1.153e-05  p
clknet_0_net283             1.80    0.019    0.496    0.3719   1.142e-05  p
net123                      1.80    0.035    0.693    0.2022   1.141e-05  p
net154                      1.80    0.023    0.502    0.3019   1.135e-05  p
net644                      1.80    0.019    0.451    0.3589   1.133e-05  p
clknet_0_net437             1.80    0.019    0.495    0.3713   1.131e-05  p
net513                      1.80    0.029    0.520    0.2367   1.108e-05  p
net167                      1.80    0.022    0.456    0.3072   1.101e-05  p
net170                      1.80    0.030    0.596    0.2231   1.087e-05  p
net494                      1.80    0.022    0.486    0.2985   1.047e-05  p
net169                      1.80    0.021    0.502    0.3019   1.039e-05  p
clknet_0_net282             1.80    0.021    0.502    0.3019   1.033e-05  p
net533                      1.80    0.026    0.592    0.2381   1.013e-05  p
clknet_0_net398             1.80    0.018    0.509    0.3366   9.911e-06  p
clknet_0_net286             1.80    0.020    0.501    0.3022   9.743e-06  p
clknet_0_net292             1.80    0.020    0.500    0.3024   9.663e-06  p
net642                      1.80    0.023    0.385    0.2471   9.267e-06  p
net131                      1.80    0.018    0.541    0.3212   9.233e-06  p
clknet_4_6_0_clk            1.80    0.057    0.500    0.1000   9.215e-06  a
net369                      1.80    0.028    0.691    0.2027   9.148e-06  p
clknet_0_net291             1.80    0.018    0.501    0.3022   9.015e-06  p
clknet_1_0__leaf_net417     1.80    0.015    0.496    0.3719   8.968e-06  p
net489                      1.80    0.020    0.564    0.2700   8.713e-06  p
net236                      1.80    0.026    0.693    0.2022   8.642e-06  p
net125                      1.80    0.025    0.618    0.2095   8.592e-06  p
net146                      1.80    0.017    0.502    0.3019   8.454e-06  p
net366                      1.80    0.025    0.693    0.2022   8.217e-06  p
clknet_1_1__leaf_net281     1.80    0.014    0.496    0.3719   8.176e-06  p
net417                      1.80    0.013    0.496    0.3719   7.872e-06  p
net641                      1.80    0.019    0.385    0.2471   7.767e-06  p
clknet_4_4_0_clk            1.80    0.048    0.500    0.1000   7.702e-06  a
net237                      1.80    0.023    0.693    0.2022   7.537e-06  p
clknet_0_net425             1.80    0.020    0.709    0.2312   7.471e-06  p
net639                      1.80    0.031    0.636    0.1462   7.365e-06  p
clknet_4_9_0_clk            1.80    0.045    0.500    0.1000   7.323e-06  a
net134                      1.80    0.037    0.633    0.1214   7.317e-06  p
net137                      1.80    0.014    0.541    0.3212   7.294e-06  p
clknet_4_3_0_clk            1.80    0.044    0.500    0.1000   7.190e-06  a
net372                      1.80    0.022    0.697    0.2001   7.111e-06  p
clknet_4_0_0_clk            1.80    0.044    0.500    0.1000   7.111e-06  a
net437                      1.80    0.012    0.495    0.3713   7.063e-06  p
net18                       1.80    0.044    0.500    0.1000   7.053e-06  a
net491                      1.80    0.018    0.535    0.2427   6.991e-06  p
net281                      1.80    0.011    0.496    0.3719   6.846e-06  p
net395                      1.80    0.016    0.486    0.2663   6.821e-06  p
net145                      1.80    0.014    0.502    0.3019   6.801e-06  p
clknet_0_net566             1.80    0.019    0.486    0.2209   6.755e-06  p
net419                      1.80    0.011    0.504    0.3723   6.716e-06  p
net656                      1.80    0.011    0.513    0.3787   6.609e-06  p
net389                      1.80    0.015    0.503    0.2627   6.414e-06  p
net152                      1.80    0.013    0.502    0.3019   6.369e-06  p
clknet_0_net296             1.80    0.020    0.739    0.2001   6.364e-06  p
net732                      1.80    0.039    0.500    0.1000   6.361e-06  a
net261                      1.80    0.019    0.416    0.2028   6.325e-06  p
net388                      1.80    0.018    0.651    0.2163   6.143e-06  p
clknet_4_7_0_clk            1.80    0.038    0.500    0.1000   6.140e-06  a
clknet_1_0__leaf_net281     1.80    0.010    0.496    0.3719   6.126e-06  p
clknet_1_0__leaf_net282     1.80    0.012    0.502    0.3019   6.018e-06  p
net422                      1.80    0.010    0.507    0.3703   5.964e-06  p
net621                      1.80    0.015    0.520    0.2362   5.884e-06  p
net303                      1.80    0.026    0.596    0.1413   5.871e-06  p
net119                      1.80    0.011    0.625    0.3062   5.685e-06  p
net267                      1.80    0.015    0.400    0.2301   5.642e-06  p
net399                      1.80    0.016    0.629    0.2189   5.623e-06  p
net124                      1.80    0.017    0.618    0.2095   5.616e-06  p
net393                      1.80    0.057    0.152    0.0602   5.594e-06  p
net43                       1.80    0.015    0.596    0.2231   5.565e-06  p
net292                      1.80    0.011    0.500    0.3024   5.514e-06  p
clknet_1_0__leaf_net283     1.80    0.009    0.496    0.3719   5.494e-06  p
clknet_4_11_0_clk           1.80    0.034    0.500    0.1000   5.480e-06  a
clknet_4_5_0_clk            1.80    0.034    0.500    0.1000   5.477e-06  a
net623                      1.80    0.016    0.311    0.2070   5.468e-06  p
net286                      1.80    0.011    0.501    0.3022   5.411e-06  p
net6                        1.80    0.016    0.495    0.2120   5.404e-06  p
clknet_0_net433             1.80    0.020    0.739    0.1627   5.385e-06  p
net733                      1.80    0.033    0.500    0.1000   5.350e-06  a
net51                       1.80    0.015    0.596    0.2231   5.330e-06  p
net283                      1.80    0.009    0.496    0.3719   5.266e-06  p
net302                      1.80    0.023    0.592    0.1403   5.241e-06  p
net44                       1.80    0.014    0.407    0.2232   5.235e-06  p
net26                       1.80    0.011    0.502    0.3019   5.208e-06  p
net257                      1.80    0.015    0.618    0.2095   5.175e-06  p
net398                      1.80    0.009    0.509    0.3366   5.149e-06  p
net287                      1.80    0.008    0.497    0.3724   5.098e-06  p
net160                      1.80    0.010    0.502    0.3019   5.077e-06  p
net144                      1.80    0.018    0.186    0.1754   5.072e-06  p
clknet_4_8_0_clk            1.80    0.031    0.500    0.1000   5.027e-06  a
net666                      1.80    0.024    0.531    0.1281   5.023e-06  p
clknet_0_net687             1.80    0.020    0.504    0.1568   5.010e-06  p
net234                      1.80    0.015    0.618    0.2095   4.959e-06  p
net400                      1.80    0.020    0.592    0.1546   4.959e-06  p
net424                      1.80    0.008    0.495    0.3713   4.954e-06  p
net85                       1.80    0.019    0.254    0.1651   4.953e-06  p
net291                      1.80    0.010    0.501    0.3022   4.947e-06  p
clknet_4_2_0_clk            1.80    0.030    0.500    0.1000   4.874e-06  a
net282                      1.80    0.010    0.502    0.3019   4.846e-06  p
net161                      1.80    0.010    0.502    0.3019   4.844e-06  p
clknet_4_10_0_clk           1.80    0.030    0.500    0.1000   4.814e-06  a
net17                       1.80    0.029    0.500    0.1000   4.762e-06  a
net38                       1.80    0.013    0.596    0.2231   4.727e-06  p
clknet_1_0__leaf_net744     1.80    0.032    0.529    0.0899   4.591e-06  p
clknet_0_net397             1.80    0.018    0.515    0.1533   4.576e-06  p
clknet_1_0__leaf_net286     1.80    0.009    0.501    0.3022   4.546e-06  p
net14                       1.80    0.020    0.668    0.1408   4.532e-06  p
clknet_4_1_0_clk            1.80    0.028    0.500    0.1000   4.465e-06  a
net275                      1.80    0.009    0.502    0.3019   4.446e-06  p
net391                      1.80    0.021    0.185    0.1314   4.424e-06  p
clknet_1_1__leaf_net663     1.80    0.019    0.502    0.1414   4.410e-06  p
net655                      1.80    0.008    0.601    0.3199   4.381e-06  p
net604                      1.80    0.029    0.718    0.0928   4.377e-06  p
clknet_1_0__leaf_net422     1.80    0.007    0.507    0.3703   4.345e-06  p
clknet_0_net432             1.80    0.018    0.389    0.1491   4.309e-06  p
net143                      1.80    0.009    0.434    0.2865   4.299e-06  p
clknet_4_14_0_clk           1.80    0.027    0.500    0.1000   4.296e-06  a
net620                      1.80    0.011    0.385    0.2471   4.272e-06  p
clknet_1_0__leaf_net663     1.80    0.019    0.502    0.1414   4.264e-06  p
clknet_1_0__leaf_net287     1.80    0.007    0.497    0.3724   4.217e-06  p
clknet_0_net663             1.80    0.018    0.502    0.1414   4.120e-06  p
net84                       1.80    0.015    0.254    0.1651   4.003e-06  p
net254                      1.80    0.014    0.193    0.1759   3.967e-06  p
net2                        1.80    0.020    0.633    0.1214   3.957e-06  p
net276                      1.80    0.008    0.502    0.3019   3.925e-06  p
net651                      1.80    0.007    0.451    0.3589   3.924e-06  p
net58                       1.80    0.010    0.474    0.2488   3.839e-06  p
clknet_4_13_0_clk           1.80    0.024    0.500    0.1000   3.817e-06  a
net403                      1.80    0.009    0.620    0.2641   3.744e-06  p
net82                       1.80    0.014    0.254    0.1651   3.723e-06  p
clknet_1_1__leaf_net287     1.80    0.006    0.497    0.3724   3.710e-06  p
net41                       1.80    0.010    0.596    0.2231   3.631e-06  p
clknet_1_1__leaf_net417     1.80    0.006    0.496    0.3719   3.631e-06  p
net425                      1.80    0.010    0.709    0.2312   3.615e-06  p
clknet_0_net430             1.80    0.023    0.875    0.0984   3.607e-06  p
net565                      1.80    0.020    0.555    0.1108   3.588e-06  p
clknet_4_12_0_clk           1.80    0.022    0.500    0.1000   3.586e-06  a
net39                       1.80    0.010    0.596    0.2231   3.570e-06  p
net394                      1.80    0.015    0.778    0.1460   3.535e-06  p
net647                      1.80    0.015    0.674    0.1486   3.522e-06  p
clknet_0_net290             1.80    0.022    0.484    0.1000   3.494e-06  p
net645                      1.80    0.015    0.636    0.1462   3.488e-06  p
net377                      1.80    0.019    0.688    0.1120   3.477e-06  p
net114                      1.80    0.004    0.505    0.5692   3.467e-06  p
net37                       1.80    0.011    0.505    0.1888   3.434e-06  p
net105                      1.80    0.006    0.503    0.3422   3.420e-06  p
clknet_1_1__leaf_net422     1.80    0.006    0.507    0.3703   3.420e-06  p
net118                      1.80    0.007    0.628    0.3121   3.412e-06  p
clknet_0_net285             1.80    0.021    0.483    0.0999   3.408e-06  p
clknet_1_1__leaf_net437     1.80    0.006    0.495    0.3713   3.399e-06  p
clknet_0_net434             1.80    0.017    0.711    0.1210   3.399e-06  p
clknet_1_0__leaf_net434     1.80    0.017    0.711    0.1210   3.366e-06  p
clknet_1_1__leaf_net424     1.80    0.006    0.495    0.3713   3.315e-06  p
net617                      1.80    0.008    0.385    0.2471   3.282e-06  p
net306                      1.80    0.014    0.592    0.1406   3.271e-06  p
clknet_1_0__leaf_net291     1.80    0.007    0.501    0.3022   3.262e-06  p
net19                       1.80    0.009    0.503    0.2257   3.250e-06  p
clknet_0_net423             1.80    0.022    0.460    0.0918   3.241e-06  p
clknet_1_1__leaf_net292     1.80    0.007    0.500    0.3024   3.216e-06  p
clknet_1_0__leaf_net574     1.80    0.026    0.557    0.0774   3.213e-06  p
clknet_0_net469             1.80    0.020    0.529    0.1014   3.212e-06  p
clknet_1_1__leaf_net744     1.80    0.022    0.529    0.0899   3.210e-06  p
clknet_0_net689             1.80    0.020    0.635    0.0960   3.173e-06  p
clknet_0_net707             1.80    0.020    0.483    0.0994   3.160e-06  p
clknet_1_1__leaf_net282     1.80    0.006    0.502    0.3019   3.145e-06  p
clknet_0_net280             1.80    0.019    0.485    0.1002   3.129e-06  p
net566                      1.80    0.009    0.486    0.2209   3.110e-06  p
net418                      1.80    0.005    0.496    0.3719   3.108e-06  p
clknet_0_net473             1.80    0.020    0.528    0.0957   3.106e-06  p
clknet_0_net279             1.80    0.019    0.483    0.0994   3.100e-06  p
net602                      1.80    0.022    0.331    0.0873   3.091e-06  p
net498                      1.80    0.026    0.779    0.0727   3.081e-06  p
net296                      1.80    0.009    0.739    0.2001   3.057e-06  p
clknet_1_1__leaf_net419     1.80    0.005    0.504    0.3723   3.052e-06  p
net433                      1.80    0.012    0.739    0.1627   3.044e-06  p
net25                       1.80    0.009    0.500    0.2109   3.037e-06  p
net371                      1.80    0.009    0.688    0.2003   3.031e-06  p
net723                      1.80    0.019    0.500    0.1000   3.017e-06  a
net30                       1.80    0.009    0.504    0.2150   3.015e-06  p
clknet_1_0__leaf_net292     1.80    0.006    0.500    0.3024   2.995e-06  p
net725                      1.80    0.018    0.500    0.1000   2.973e-06  a
net181                      1.80    0.036    0.987    0.0511   2.969e-06  p
clknet_0_net470             1.80    0.020    0.404    0.0922   2.959e-06  p
net40                       1.80    0.008    0.596    0.2231   2.944e-06  p
clknet_1_1__leaf_net283     1.80    0.005    0.496    0.3719   2.927e-06  p
net155                      1.80    0.006    0.502    0.3019   2.901e-06  p
net10                       1.80    0.012    0.528    0.1499   2.897e-06  p
clknet_0_net745             1.80    0.019    0.602    0.0947   2.896e-06  p
net610                      1.80    0.019    0.718    0.0928   2.891e-06  p
net176                      1.80    0.007    0.532    0.2630   2.861e-06  p
net110                      1.80    0.005    0.497    0.3426   2.857e-06  p
net728                      1.80    0.018    0.500    0.1000   2.848e-06  a
net111                      1.80    0.009    0.497    0.1881   2.828e-06  p
clknet_1_0__leaf_net432     1.80    0.012    0.389    0.1491   2.789e-06  p
clknet_0_net429             1.80    0.019    0.460    0.0916   2.748e-06  p
net493                      1.80    0.006    0.564    0.2700   2.728e-06  p
clknet_0_net584             1.80    0.018    0.495    0.0919   2.725e-06  p
clknet_1_0__leaf_net424     1.80    0.005    0.495    0.3713   2.712e-06  p
clknet_1_1__leaf_net576     1.80    0.019    0.529    0.0899   2.707e-06  p
net722                      1.80    0.017    0.500    0.1000   2.690e-06  a
net383                      1.80    0.014    0.694    0.1159   2.687e-06  p
clknet_1_0__leaf_net437     1.80    0.004    0.495    0.3713   2.686e-06  p
clknet_1_0__leaf_net419     1.80    0.004    0.504    0.3723   2.657e-06  p
net28                       1.80    0.013    0.408    0.1273   2.647e-06  p
net33                       1.80    0.009    0.658    0.1807   2.646e-06  p
clknet_0_net744             1.80    0.018    0.529    0.0899   2.611e-06  p
net4                        1.80    0.008    0.495    0.1923   2.583e-06  p
net109                      1.80    0.005    0.498    0.3475   2.579e-06  p
net452                      1.80    0.039    0.389    0.0404   2.575e-06  p
net432                      1.80    0.011    0.389    0.1491   2.574e-06  p
net27                       1.80    0.016    0.750    0.0979   2.569e-06  p
clknet_1_1__leaf_net574     1.80    0.020    0.557    0.0774   2.565e-06  p
net104                      1.80    0.006    0.502    0.2682   2.563e-06  p
net162                      1.80    0.005    0.502    0.3019   2.554e-06  p
net650                      1.80    0.006    0.600    0.2476   2.542e-06  p
net22                       1.80    0.016    0.498    0.1000   2.538e-06  p
net501                      1.80    0.006    0.444    0.2718   2.507e-06  p
net313                      1.80    0.011    0.593    0.1412   2.498e-06  p
net138                      1.80    0.005    0.562    0.3028   2.472e-06  p
net483                      1.80    0.033    0.636    0.0459   2.470e-06  p
net260                      1.80    0.010    0.764    0.1478   2.469e-06  p
net671                      1.80    0.008    0.333    0.1990   2.451e-06  p
net390                      1.80    0.006    0.503    0.2382   2.446e-06  p
net172                      1.80    0.007    0.596    0.2231   2.443e-06  p
net687                      1.80    0.010    0.504    0.1568   2.436e-06  p
clknet_4_15_0_clk           1.80    0.015    0.500    0.1000   2.433e-06  a
net771                      1.80    0.014    0.529    0.1014   2.361e-06  p
net107                      1.80    0.005    0.510    0.2731   2.359e-06  p
net663                      1.80    0.010    0.502    0.1414   2.357e-06  p
net368                      1.80    0.007    0.693    0.2022   2.353e-06  p
net21                       1.80    0.015    0.492    0.0988   2.347e-06  p
net434                      1.80    0.012    0.711    0.1210   2.344e-06  p
net48                       1.80    0.008    0.505    0.1888   2.331e-06  p
net745                      1.80    0.015    0.602    0.0947   2.297e-06  p
net553                      1.80    0.010    0.636    0.1456   2.275e-06  p
clknet_1_1__leaf_net398     1.80    0.004    0.509    0.3366   2.269e-06  p
net557                      1.80    0.006    0.485    0.2526   2.266e-06  p
net500                      1.80    0.008    0.634    0.1816   2.262e-06  p
net12                       1.80    0.007    0.580    0.2109   2.257e-06  p
clknet_1_1__leaf_net291     1.80    0.005    0.501    0.3022   2.251e-06  p
net367                      1.80    0.007    0.693    0.2022   2.239e-06  p
net142                      1.80    0.006    0.396    0.2497   2.234e-06  p
net11                       1.80    0.011    0.578    0.1257   2.229e-06  p
clknet_0_net427             1.80    0.020    0.345    0.0692   2.224e-06  p
net767                      1.80    0.046    0.613    0.0295   2.218e-06  p
net646                      1.80    0.009    0.636    0.1462   2.216e-06  p
net673                      1.80    0.028    0.100    0.0487   2.216e-06  p
clknet_0_net426             1.80    0.020    0.346    0.0693   2.197e-06  p
net86                       1.80    0.008    0.254    0.1651   2.197e-06  p
clknet_1_0__leaf_net463     1.80    0.021    0.411    0.0643   2.179e-06  p
net103                      1.80    0.007    0.508    0.1875   2.175e-06  p
net592                      1.80    0.045    0.613    0.0295   2.146e-06  p
net397                      1.80    0.009    0.515    0.1533   2.143e-06  p
net307                      1.80    0.008    0.401    0.1620   2.143e-06  p
net445                      1.80    0.008    0.436    0.1726   2.125e-06  p
clknet_1_0__leaf_net425     1.80    0.006    0.709    0.2312   2.114e-06  p
clknet_1_1__leaf_net279     1.80    0.013    0.483    0.0994   2.109e-06  p
net141                      1.80    0.005    0.661    0.2491   2.109e-06  p
clknet_1_1__leaf_net286     1.80    0.004    0.501    0.3022   2.088e-06  p
net136                      1.80    0.007    0.494    0.1930   2.078e-06  p
net53                       1.80    0.008    0.254    0.1651   2.077e-06  p
net7                        1.80    0.010    0.630    0.1234   2.071e-06  p
clknet_1_1__leaf_net423     1.80    0.014    0.460    0.0918   2.047e-06  p
net112                      1.80    0.005    0.503    0.2697   2.015e-06  p
net16                       1.80    0.006    0.543    0.1957   2.015e-06  p
net8                        1.80    0.010    0.630    0.1234   1.930e-06  p
clknet_0_net686             1.80    0.019    0.881    0.0609   1.920e-06  p
net382                      1.80    0.007    0.471    0.1636   1.910e-06  p
net65                       1.80    0.046    0.456    0.0254   1.893e-06  p
net126                      1.80    0.006    0.618    0.2095   1.888e-06  p
clknet_0_net463             1.80    0.018    0.411    0.0643   1.879e-06  p
net680                      1.80    0.008    0.665    0.1367   1.863e-06  p
net638                      1.80    0.008    0.636    0.1462   1.858e-06  p
net246                      1.80    0.006    0.693    0.2022   1.852e-06  p
clknet_1_0__leaf_net469     1.80    0.011    0.529    0.1014   1.850e-06  p
clknet_1_0__leaf_net279     1.80    0.011    0.483    0.0994   1.845e-06  p
net744                      1.80    0.013    0.529    0.0899   1.838e-06  p
net660                      1.80    0.011    0.497    0.1018   1.823e-06  p
clknet_0_net708             1.80    0.019    0.302    0.0604   1.823e-06  p
net531                      1.80    0.081    0.713    0.0139   1.822e-06  p
net664                      1.80    0.011    0.684    0.1010   1.785e-06  p
net127                      1.80    0.003    0.506    0.3645   1.774e-06  p
clknet_0_net576             1.80    0.012    0.529    0.0899   1.767e-06  p
net487                      1.80    0.028    0.111    0.0391   1.747e-06  p
net379                      1.80    0.010    0.688    0.1120   1.732e-06  p
net163                      1.80    0.003    0.502    0.3019   1.706e-06  p
net56                       1.80    0.006    0.505    0.1888   1.700e-06  p
net451                      1.80    0.021    0.604    0.0505   1.693e-06  p
net29                       1.80    0.011    0.750    0.0979   1.688e-06  p
clknet_0_net585             1.80    0.019    0.481    0.0550   1.685e-06  p
net285                      1.80    0.010    0.483    0.0999   1.678e-06  p
net259                      1.80    0.005    0.389    0.2047   1.667e-06  p
net564                      1.80    0.004    0.503    0.2637   1.658e-06  p
net470                      1.80    0.011    0.404    0.0922   1.641e-06  p
clknet_0_net749             1.80    0.019    0.784    0.0536   1.635e-06  p
net1                        1.80    0.005    0.495    0.1923   1.619e-06  p
net430                      1.80    0.010    0.875    0.0984   1.611e-06  p
net180                      1.80    0.019    0.987    0.0511   1.604e-06  p
net384                      1.80    0.006    0.522    0.1597   1.604e-06  p
clknet_1_0__leaf_net290     1.80    0.010    0.484    0.1000   1.590e-06  p
clknet_1_1__leaf_net397     1.80    0.006    0.515    0.1533   1.584e-06  p
net444                      1.80    0.032    0.250    0.0308   1.579e-06  p
net213                      1.80    0.038    0.409    0.0255   1.567e-06  p
net140                      1.80    0.007    0.770    0.1473   1.565e-06  p
net120                      1.80    0.003    0.470    0.3518   1.554e-06  p
net689                      1.80    0.010    0.635    0.0960   1.538e-06  p
clknet_0_net574             1.80    0.012    0.557    0.0774   1.534e-06  p
net24                       1.80    0.010    0.492    0.0988   1.532e-06  p
net290                      1.80    0.009    0.484    0.1000   1.523e-06  p
clknet_1_0__leaf_net296     1.80    0.005    0.739    0.2001   1.516e-06  p
clknet_1_0__leaf_net398     1.80    0.003    0.509    0.3366   1.514e-06  p
net0                        1.80    0.005    0.503    0.1904   1.512e-06  p
net130                      1.80    0.004    0.545    0.2323   1.509e-06  p
net279                      1.80    0.009    0.483    0.0994   1.508e-06  p
net661                      1.80    0.009    0.501    0.1021   1.507e-06  p
clknet_1_1__leaf_net566     1.80    0.004    0.486    0.2209   1.505e-06  p
clknet_1_1__leaf_net425     1.80    0.004    0.709    0.2312   1.500e-06  p
clknet_1_1__leaf_net432     1.80    0.006    0.389    0.1491   1.495e-06  p
net574                      1.80    0.012    0.557    0.0774   1.493e-06  p
clknet_1_0__leaf_net687     1.80    0.006    0.504    0.1568   1.491e-06  p
net442                      1.80    0.027    0.520    0.0345   1.490e-06  p
net429                      1.80    0.010    0.460    0.0916   1.483e-06  p
net413                      1.80    0.005    0.331    0.1708   1.462e-06  p
net280                      1.80    0.009    0.485    0.1002   1.458e-06  p
net479                      1.80    0.019    0.364    0.0459   1.450e-06  p
net749                      1.80    0.017    0.784    0.0536   1.444e-06  p
net768                      1.80    0.010    0.529    0.0899   1.440e-06  p
net558                      1.80    0.018    0.513    0.0497   1.430e-06  p
net692                      1.80    0.010    0.605    0.0871   1.422e-06  p
net380                      1.80    0.006    0.529    0.1592   1.418e-06  p
net5                        1.80    0.005    0.494    0.1916   1.418e-06  p
clknet_0_net465             1.80    0.020    0.656    0.0446   1.417e-06  p
net294                      1.80    0.005    0.240    0.1880   1.414e-06  p
net23                       1.80    0.004    0.495    0.2336   1.406e-06  p
net707                      1.80    0.009    0.483    0.0994   1.402e-06  p
net502                      1.80    0.003    0.503    0.2861   1.397e-06  p
net469                      1.80    0.008    0.529    0.1014   1.392e-06  p
net552                      1.80    0.006    0.364    0.1456   1.391e-06  p
net473                      1.80    0.009    0.528    0.0957   1.387e-06  p
net576                      1.80    0.009    0.529    0.0899   1.383e-06  p
net13                       1.80    0.006    0.528    0.1499   1.375e-06  p
net748                      1.80    0.025    0.828    0.0341   1.372e-06  p
net609                      1.80    0.009    0.718    0.0928   1.364e-06  p
net305                      1.80    0.021    0.768    0.0399   1.359e-06  p
net581                      1.80    0.008    0.496    0.1043   1.356e-06  p
net750                      1.80    0.019    0.813    0.0431   1.355e-06  p
net61                       1.80    0.033    0.456    0.0254   1.351e-06  p
clknet_1_0__leaf_net470     1.80    0.009    0.404    0.0922   1.340e-06  p
net555                      1.80    0.032    0.499    0.0258   1.339e-06  p
net427                      1.80    0.012    0.345    0.0692   1.327e-06  p
clknet_1_1__leaf_net469     1.80    0.008    0.529    0.1014   1.322e-06  p
clknet_1_1__leaf_net296     1.80    0.004    0.739    0.2001   1.320e-06  p
net423                      1.80    0.009    0.460    0.0918   1.318e-06  p
clknet_0_net693             1.80    0.019    0.950    0.0413   1.300e-06  p
clknet_1_0__leaf_net280     1.80    0.008    0.485    0.1002   1.297e-06  p
net622                      1.80    0.009    0.718    0.0928   1.290e-06  p
net462                      1.80    0.011    0.490    0.0737   1.277e-06  p
net165                      1.80    0.003    0.502    0.3019   1.273e-06  p
clknet_1_0__leaf_net566     1.80    0.004    0.486    0.2209   1.272e-06  p
net492                      1.80    0.022    0.121    0.0362   1.267e-06  p
net514                      1.80    0.004    0.618    0.2095   1.262e-06  p
net603                      1.80    0.026    0.613    0.0295   1.253e-06  p
net584                      1.80    0.008    0.495    0.0919   1.243e-06  p
net559                      1.80    0.031    0.492    0.0245   1.217e-06  p
net443                      1.80    0.026    0.758    0.0283   1.212e-06  p
net670                      1.80    0.006    0.616    0.1255   1.206e-06  p
clknet_1_0__leaf_net686     1.80    0.012    0.881    0.0609   1.206e-06  p
net526                      1.80    0.003    0.520    0.2362   1.196e-06  p
net770                      1.80    0.010    0.557    0.0774   1.192e-06  p
net9                        1.80    0.003    0.499    0.2118   1.192e-06  p
net721                      1.80    0.007    0.500    0.1000   1.189e-06  a
net579                      1.80    0.025    0.589    0.0292   1.182e-06  p
net556                      1.80    0.034    0.352    0.0211   1.169e-06  p
net438                      1.80    0.029    0.492    0.0245   1.163e-06  p
clknet_1_1__leaf_net280     1.80    0.007    0.485    0.1002   1.161e-06  p
net54                       1.80    0.006    0.847    0.1163   1.160e-06  p
net561                      1.80    0.022    0.695    0.0327   1.153e-06  p
net139                      1.80    0.005    0.795    0.1490   1.150e-06  p
net594                      1.80    0.024    0.613    0.0295   1.149e-06  p
net527                      1.80    0.003    0.520    0.2362   1.145e-06  p
clknet_1_1__leaf_net434     1.80    0.006    0.711    0.1210   1.130e-06  p
net782                      1.80    0.028    0.492    0.0245   1.126e-06  p
net688                      1.80    0.008    0.408    0.0882   1.124e-06  p
net672                      1.80    0.010    0.180    0.0663   1.120e-06  p
net741                      1.80    0.007    0.500    0.1000   1.120e-06  a
clknet_1_0__leaf_net689     1.80    0.007    0.635    0.0960   1.112e-06  p
net426                      1.80    0.010    0.346    0.0693   1.107e-06  p
net703                      1.80    0.009    0.571    0.0774   1.099e-06  p
net662                      1.80    0.016    0.601    0.0418   1.099e-06  p
net340                      1.80    0.017    0.231    0.0408   1.098e-06  p
net683                      1.80    0.004    0.610    0.1523   1.096e-06  p
net585                      1.80    0.012    0.481    0.0550   1.090e-06  p
net563                      1.80    0.011    0.554    0.0599   1.089e-06  p
net175                      1.80    0.013    0.987    0.0511   1.088e-06  p
clknet_1_0__leaf_net423     1.80    0.007    0.460    0.0918   1.085e-06  p
clknet_0_net428             1.80    0.021    0.832    0.0322   1.076e-06  p
net562                      1.80    0.032    0.272    0.0203   1.069e-06  p
net619                      1.80    0.007    0.718    0.0928   1.064e-06  p
net481                      1.80    0.014    0.636    0.0459   1.063e-06  p
net716                      1.80    0.008    0.611    0.0867   1.062e-06  p
net318                      1.80    0.003    0.687    0.1934   1.061e-06  p
net121                      1.80    0.003    0.589    0.2213   1.053e-06  p
net719                      1.80    0.006    0.500    0.1000   1.032e-06  a
net31                       1.80    0.003    0.630    0.1853   1.031e-06  p
clknet_1_1__leaf_net285     1.80    0.006    0.483    0.0999   1.031e-06  p
net174                      1.80    0.012    0.153    0.0512   1.029e-06  p
net122                      1.80    0.003    0.523    0.2027   1.016e-06  p
clknet_1_1__leaf_net430     1.80    0.006    0.875    0.0984   1.013e-06  p
clknet_1_1__leaf_net707     1.80    0.006    0.483    0.0994   1.011e-06  p
net57                       1.80    0.003    0.698    0.2315   1.007e-06  p
net320                      1.80    0.004    0.791    0.1534   1.007e-06  p
net560                      1.80    0.019    0.644    0.0335   1.007e-06  p
net675                      1.80    0.006    0.595    0.1069   1.006e-06  p
net754                      1.80    0.032    0.237    0.0194   1.006e-06  p
net387                      1.80    0.003    0.691    0.2027   1.005e-06  p
net34                       1.80    0.003    0.596    0.2231   9.987e-07  p
net810                      1.80    0.025    0.606    0.0243   9.961e-07  p
net731                      1.80    0.006    0.500    0.1000   9.955e-07  a
net702                      1.80    0.008    0.469    0.0785   9.904e-07  p
clknet_1_1__leaf_net290     1.80    0.006    0.484    0.1000   9.896e-07  p
net679                      1.80    0.007    0.382    0.0861   9.850e-07  p
net304                      1.80    0.015    0.231    0.0402   9.821e-07  p
net769                      1.80    0.008    0.557    0.0774   9.808e-07  p
net319                      1.80    0.003    0.700    0.1884   9.625e-07  p
clknet_1_1__leaf_net433     1.80    0.004    0.739    0.1627   9.615e-07  p
net484                      1.80    0.013    0.364    0.0459   9.606e-07  p
net724                      1.80    0.006    0.500    0.1000   9.602e-07  a
clknet_1_0__leaf_net285     1.80    0.006    0.483    0.0999   9.576e-07  p
net32                       1.80    0.004    0.705    0.1621   9.571e-07  p
net685                      1.80    0.007    0.778    0.0865   9.508e-07  p
net328                      1.80    0.014    0.769    0.0408   9.412e-07  p
net544                      1.80    0.003    0.458    0.1903   9.389e-07  p
net568                      1.80    0.042    0.713    0.0139   9.361e-07  p
net505                      1.80    0.003    0.313    0.2025   9.305e-07  p
net435                      1.80    0.014    0.611    0.0404   9.288e-07  p
net801                      1.80    0.012    0.100    0.0487   9.285e-07  p
net674                      1.80    0.005    0.404    0.1066   9.174e-07  p
net95                       1.80    0.016    0.742    0.0348   9.146e-07  p
net735                      1.80    0.006    0.500    0.1000   9.128e-07  a
net799                      1.80    0.008    0.180    0.0663   9.102e-07  p
clknet_1_1__leaf_net473     1.80    0.006    0.528    0.0957   8.985e-07  p
net3                        1.80    0.005    0.497    0.1013   8.889e-07  p
clknet_1_0__leaf_net433     1.80    0.003    0.739    0.1627   8.850e-07  p
net720                      1.80    0.005    0.500    0.1000   8.762e-07  a
net381                      1.80    0.003    0.469    0.1590   8.752e-07  p
net708                      1.80    0.009    0.302    0.0604   8.740e-07  p
net217                      1.80    0.023    0.591    0.0235   8.688e-07  p
net738                      1.80    0.005    0.500    0.1000   8.682e-07  a
net640                      1.80    0.003    0.480    0.1585   8.653e-07  p
net507                      1.80    0.018    0.613    0.0295   8.644e-07  p
net755                      1.80    0.012    0.636    0.0459   8.637e-07  p
net772                      1.80    0.005    0.529    0.1014   8.581e-07  p
net255                      1.80    0.002    0.381    0.2227   8.505e-07  p
net463                      1.80    0.008    0.411    0.0643   8.495e-07  p
net499                      1.80    0.007    0.221    0.0732   8.474e-07  p
net439                      1.80    0.021    0.492    0.0245   8.468e-07  p
net189                      1.80    0.022    0.592    0.0235   8.460e-07  p
net446                      1.80    0.018    0.758    0.0283   8.424e-07  p
clknet_1_1__leaf_net689     1.80    0.005    0.635    0.0960   8.421e-07  p
net116                      1.80    0.003    0.497    0.1881   8.411e-07  p
net686                      1.80    0.009    0.881    0.0609   8.408e-07  p
net727                      1.80    0.005    0.500    0.1000   8.407e-07  a
net600                      1.80    0.003    0.693    0.2022   8.399e-07  p
clknet_1_1__leaf_net429     1.80    0.006    0.460    0.0916   8.395e-07  p
net441                      1.80    0.042    0.231    0.0122   8.344e-07  p
net516                      1.80    0.002    0.485    0.2430   8.327e-07  p
clknet_1_1__leaf_net584     1.80    0.006    0.495    0.0919   8.248e-07  p
net551                      1.80    0.004    0.559    0.1398   8.225e-07  p
net596                      1.80    0.017    0.613    0.0295   8.218e-07  p
clknet_1_0__leaf_net426     1.80    0.007    0.346    0.0693   8.190e-07  p
net220                      1.80    0.021    0.592    0.0245   8.183e-07  p
net736                      1.80    0.005    0.500    0.1000   8.178e-07  a
net729                      1.80    0.005    0.500    0.1000   8.164e-07  a
net742                      1.80    0.005    0.500    0.1000   8.164e-07  a
net421                      1.80    0.016    0.421    0.0324   8.162e-07  p
clknet_1_1__leaf_net687     1.80    0.003    0.504    0.1568   8.160e-07  p
net598                      1.80    0.017    0.613    0.0295   8.135e-07  p
net331                      1.80    0.012    0.769    0.0408   7.975e-07  p
net780                      1.80    0.025    0.423    0.0200   7.959e-07  p
net571                      1.80    0.004    0.470    0.1301   7.920e-07  p
net740                      1.80    0.005    0.500    0.1000   7.884e-07  a
net678                      1.80    0.003    0.641    0.1779   7.798e-07  p
net465                      1.80    0.011    0.656    0.0446   7.785e-07  p
net15                       1.80    0.004    0.583    0.1290   7.727e-07  p
net431                      1.80    0.005    0.902    0.0934   7.651e-07  p
net412                      1.80    0.010    0.881    0.0455   7.638e-07  p
net575                      1.80    0.034    0.713    0.0139   7.597e-07  p
clknet_0_net461             1.80    0.019    0.896    0.0249   7.585e-07  p
net436                      1.80    0.021    0.469    0.0226   7.519e-07  p
net605                      1.80    0.016    0.613    0.0295   7.491e-07  p
net545                      1.80    0.019    0.606    0.0243   7.469e-07  p
net804                      1.80    0.003    0.469    0.1590   7.423e-07  p
net659                      1.80    0.010    0.861    0.0474   7.381e-07  p
clknet_0_net460             1.80    0.018    0.896    0.0249   7.367e-07  p
clknet_0_net583             1.80    0.021    0.510    0.0214   7.361e-07  p
net301                      1.80    0.003    0.408    0.1406   7.291e-07  p
clknet_1_1__leaf_net708     1.80    0.007    0.302    0.0604   7.270e-07  p
net35                       1.80    0.003    0.531    0.1507   7.238e-07  p
net271                      1.80    0.002    0.402    0.2253   7.193e-07  p
net667                      1.80    0.006    0.254    0.0791   7.140e-07  p
clknet_1_0__leaf_net430     1.80    0.004    0.875    0.0984   7.113e-07  p
net693                      1.80    0.011    0.950    0.0413   7.099e-07  p
net704                      1.80    0.006    0.469    0.0785   7.086e-07  p
net218                      1.80    0.019    0.591    0.0235   7.075e-07  p
net624                      1.80    0.005    0.896    0.0795   6.979e-07  p
net606                      1.80    0.004    0.734    0.0989   6.977e-07  p
net345                      1.80    0.029    0.593    0.0148   6.906e-07  p
net52                       1.80    0.002    0.596    0.2231   6.761e-07  p
net472                      1.80    0.005    0.557    0.0774   6.693e-07  p
net743                      1.80    0.013    0.250    0.0308   6.677e-07  p
clknet_1_0__leaf_net461     1.80    0.016    0.896    0.0249   6.644e-07  p
net310                      1.80    0.002    0.380    0.1716   6.642e-07  p
net480                      1.80    0.009    0.636    0.0459   6.638e-07  p
clknet_1_1__leaf_net427     1.80    0.006    0.345    0.0692   6.599e-07  p
net179                      1.80    0.008    0.013    0.0511   6.533e-07  p
net791                      1.80    0.008    0.153    0.0511   6.491e-07  p
net36                       1.80    0.003    0.652    0.1265   6.481e-07  p
net537                      1.80    0.017    0.540    0.0234   6.392e-07  p
clknet_1_1__leaf_net470     1.80    0.004    0.404    0.0922   6.304e-07  p
net414                      1.80    0.012    0.421    0.0324   6.283e-07  p
net713                      1.80    0.004    0.454    0.1102   6.255e-07  p
net648                      1.80    0.002    0.262    0.1650   6.237e-07  p
clknet_1_0__leaf_net749     1.80    0.007    0.784    0.0536   6.209e-07  p
net523                      1.80    0.003    0.864    0.1283   6.187e-07  p
net521                      1.80    0.003    0.656    0.1237   6.174e-07  p
net709                      1.80    0.005    0.393    0.0797   6.129e-07  p
net726                      1.80    0.004    0.500    0.1000   6.119e-07  a
clknet_1_1__leaf_net686     1.80    0.006    0.881    0.0609   6.058e-07  p
net448                      1.80    0.010    0.286    0.0386   6.056e-07  p
net758                      1.80    0.011    0.695    0.0327   6.039e-07  p
net734                      1.80    0.004    0.500    0.1000   6.000e-07  a
clknet_1_0__leaf_net397     1.80    0.002    0.515    0.1533   5.977e-07  p
net684                      1.80    0.003    0.314    0.1443   5.970e-07  p
net668                      1.80    0.019    0.053    0.0191   5.970e-07  p
clknet_1_0__leaf_net473     1.80    0.004    0.528    0.0957   5.926e-07  p
net528                      1.80    0.002    0.747    0.1475   5.924e-07  p
clknet_1_0__leaf_net428     1.80    0.011    0.832    0.0322   5.918e-07  p
clknet_1_1__leaf_net745     1.80    0.004    0.602    0.0947   5.915e-07  p
net349                      1.80    0.024    0.397    0.0153   5.876e-07  p
clknet_1_0__leaf_net745     1.80    0.004    0.602    0.0947   5.869e-07  p
net718                      1.80    0.005    0.556    0.0784   5.861e-07  p
net347                      1.80    0.024    0.408    0.0148   5.855e-07  p
net455                      1.80    0.006    0.575    0.0617   5.767e-07  p
net428                      1.80    0.011    0.832    0.0322   5.692e-07  p
clknet_0_net580             1.80    0.022    0.717    0.0156   5.642e-07  p
net177                      1.80    0.007    0.158    0.0523   5.610e-07  p
net548                      1.80    0.022    0.717    0.0156   5.568e-07  p
net777                      1.80    0.004    0.408    0.0882   5.544e-07  p
net63                       1.80    0.013    0.456    0.0254   5.502e-07  p
net508                      1.80    0.048    0.968    0.0070   5.485e-07  p
net669                      1.80    0.003    0.384    0.1255   5.466e-07  p
net547                      1.80    0.012    0.715    0.0287   5.440e-07  p
net710                      1.80    0.005    0.743    0.0705   5.410e-07  p
net737                      1.80    0.003    0.500    0.1000   5.394e-07  a
clknet_1_0__leaf_net576     1.80    0.004    0.529    0.0899   5.293e-07  p
net739                      1.80    0.003    0.500    0.1000   5.266e-07  a
net401                      1.80    0.003    0.190    0.1127   5.239e-07  p
net809                      1.80    0.003    0.190    0.1127   5.173e-07  p
net504                      1.80    0.015    0.628    0.0215   5.151e-07  p
net458                      1.80    0.006    0.356    0.0573   5.135e-07  p
clknet_1_0__leaf_net577     1.80    0.023    0.713    0.0139   5.133e-07  p
net461                      1.80    0.013    0.896    0.0249   5.115e-07  p
clknet_0_net475             1.80    0.019    0.958    0.0161   5.074e-07  p
net402                      1.80    0.003    0.809    0.1131   5.018e-07  p
net496                      1.80    0.009    0.121    0.0361   4.983e-07  p
net538                      1.80    0.013    0.625    0.0240   4.917e-07  p
net408                      1.80    0.007    0.894    0.0428   4.904e-07  p
net407                      1.80    0.007    0.106    0.0428   4.891e-07  p
net699                      1.80    0.002    0.577    0.1342   4.796e-07  p
clknet_1_0__leaf_net429     1.80    0.003    0.460    0.0916   4.785e-07  p
net681                      1.80    0.002    0.448    0.1621   4.764e-07  p
net677                      1.80    0.007    0.890    0.0401   4.742e-07  p
net72                       1.80    0.011    0.535    0.0255   4.736e-07  p
clknet_1_0__leaf_net707     1.80    0.003    0.483    0.0994   4.695e-07  p
net567                      1.80    0.003    0.585    0.1005   4.676e-07  p
net68                       1.80    0.011    0.535    0.0255   4.645e-07  p
net478                      1.80    0.005    0.751    0.0551   4.633e-07  p
net784                      1.80    0.005    0.152    0.0602   4.586e-07  p
net591                      1.80    0.007    0.782    0.0401   4.572e-07  p
net530                      1.80    0.020    0.714    0.0139   4.569e-07  p
net711                      1.80    0.004    0.254    0.0702   4.544e-07  p
net227                      1.80    0.011    0.409    0.0245   4.482e-07  p
clknet_0_net577             1.80    0.020    0.713    0.0139   4.453e-07  p
clknet_1_1__leaf_net426     1.80    0.004    0.346    0.0693   4.410e-07  p
clknet_0_net582             1.80    0.019    0.793    0.0141   4.350e-07  p
net274                      1.80    0.010    0.353    0.0265   4.335e-07  p
clknet_1_0__leaf_net460     1.80    0.011    0.896    0.0249   4.329e-07  p
clknet_1_0__leaf_net584     1.80    0.003    0.495    0.0919   4.284e-07  p
net691                      1.80    0.003    0.395    0.0871   4.250e-07  p
net534                      1.80    0.013    0.568    0.0206   4.227e-07  p
net199                      1.80    0.005    0.013    0.0511   4.224e-07  p
net477                      1.80    0.003    0.606    0.0845   4.188e-07  p
net464                      1.80    0.003    0.510    0.0737   4.134e-07  p
net467                      1.80    0.003    0.510    0.0737   4.128e-07  p
net554                      1.80    0.006    0.389    0.0404   4.120e-07  p
net355                      1.80    0.017    0.408    0.0148   4.049e-07  p
clknet_1_0__leaf_net585     1.80    0.004    0.481    0.0550   3.977e-07  p
net59                       1.80    0.010    0.535    0.0255   3.956e-07  p
clknet_1_0__leaf_net427     1.80    0.004    0.345    0.0692   3.954e-07  p
net392                      1.80    0.009    0.353    0.0265   3.919e-07  p
clknet_1_0__leaf_net708     1.80    0.004    0.302    0.0604   3.911e-07  p
net216                      1.80    0.009    0.409    0.0255   3.902e-07  p
clknet_1_0__leaf_net465     1.80    0.005    0.656    0.0446   3.864e-07  p
net665                      1.80    0.002    0.315    0.1007   3.849e-07  p
net60                       1.80    0.009    0.457    0.0254   3.824e-07  p
net774                      1.80    0.004    0.158    0.0522   3.804e-07  p
clknet_1_1__leaf_net585     1.80    0.004    0.481    0.0550   3.803e-07  p
net590                      1.80    0.005    0.786    0.0508   3.784e-07  p
net573                      1.80    0.017    0.713    0.0139   3.769e-07  p
net569                      1.80    0.003    0.697    0.0812   3.721e-07  p
clknet_1_1__leaf_net693     1.80    0.006    0.950    0.0413   3.695e-07  p
clknet_1_0__leaf_net693     1.80    0.006    0.950    0.0413   3.693e-07  p
net460                      1.80    0.009    0.896    0.0249   3.684e-07  p
net454                      1.80    0.003    0.525    0.0752   3.669e-07  p
net549                      1.80    0.009    0.686    0.0256   3.640e-07  p
net354                      1.80    0.015    0.408    0.0148   3.618e-07  p
net525                      1.80    0.007    0.933    0.0300   3.604e-07  p
net730                      1.80    0.002    0.500    0.1000   3.577e-07  a
net97                       1.80    0.006    0.740    0.0343   3.541e-07  p
net790                      1.80    0.002    0.315    0.1007   3.479e-07  p
net753                      1.80    0.008    0.873    0.0269   3.433e-07  p
net583                      1.80    0.010    0.510    0.0214   3.398e-07  p
net73                       1.80    0.008    0.456    0.0254   3.387e-07  p
net457                      1.80    0.003    0.387    0.0732   3.282e-07  p
clknet_1_1__leaf_net465     1.80    0.005    0.656    0.0446   3.267e-07  p
net450                      1.80    0.018    0.013    0.0111   3.261e-07  p
net588                      1.80    0.003    0.696    0.0629   3.256e-07  p
net597                      1.80    0.007    0.613    0.0295   3.185e-07  p
net62                       1.80    0.008    0.456    0.0254   3.184e-07  p
net87                       1.80    0.011    0.756    0.0184   3.176e-07  p
net712                      1.80    0.004    0.524    0.0503   3.165e-07  p
net524                      1.80    0.006    0.067    0.0300   3.152e-07  p
net803                      1.80    0.014    0.713    0.0139   3.109e-07  p
net690                      1.80    0.013    0.031    0.0146   3.047e-07  p
net715                      1.80    0.003    0.681    0.0656   3.028e-07  p
clknet_1_1__leaf_net463     1.80    0.003    0.411    0.0643   3.007e-07  p
clknet_1_1__leaf_net749     1.80    0.003    0.784    0.0536   2.879e-07  p
net316                      1.80    0.003    0.765    0.0608   2.856e-07  p
net315                      1.80    0.008    0.647    0.0219   2.834e-07  p
net321                      1.80    0.007    0.896    0.0249   2.809e-07  p
net541                      1.80    0.019    0.798    0.0090   2.790e-07  p
net812                      1.80    0.009    0.423    0.0200   2.767e-07  p
net611                      1.80    0.004    0.507    0.0468   2.756e-07  p
net212                      1.80    0.005    0.740    0.0343   2.746e-07  p
net90                       1.80    0.007    0.040    0.0233   2.745e-07  p
net654                      1.80    0.005    0.825    0.0324   2.733e-07  p
net471                      1.80    0.004    0.695    0.0460   2.728e-07  p
clknet_1_1__leaf_net475     1.80    0.010    0.958    0.0161   2.703e-07  p
net779                      1.80    0.004    0.894    0.0427   2.697e-07  p
net700                      1.80    0.008    0.354    0.0196   2.681e-07  p
net587                      1.80    0.013    0.505    0.0131   2.681e-07  p
net586                      1.80    0.003    0.745    0.0524   2.623e-07  p
net459                      1.80    0.005    0.828    0.0341   2.614e-07  p
net717                      1.80    0.002    0.341    0.0737   2.602e-07  p
net264                      1.80    0.015    0.976    0.0104   2.600e-07  p
net475                      1.80    0.010    0.958    0.0161   2.597e-07  p
net658                      1.80    0.002    0.895    0.0814   2.578e-07  p
net92                       1.80    0.010    0.973    0.0164   2.533e-07  p
net580                      1.80    0.010    0.717    0.0156   2.507e-07  p
net385                      1.80    0.007    0.296    0.0212   2.505e-07  p
net634                      1.80    0.006    0.498    0.0240   2.469e-07  p
net258                      1.80    0.018    0.095    0.0086   2.451e-07  p
net582                      1.80    0.011    0.793    0.0141   2.431e-07  p
net102                      1.80    0.004    0.740    0.0343   2.418e-07  p
net453                      1.80    0.003    0.407    0.0433   2.376e-07  p
net811                      1.80    0.003    0.013    0.0511   2.368e-07  p
net601                      1.80    0.002    0.669    0.0873   2.348e-07  p
net775                      1.80    0.004    0.121    0.0361   2.345e-07  p
net351                      1.80    0.009    0.397    0.0153   2.319e-07  p
net411                      1.80    0.003    0.119    0.0455   2.281e-07  p
clknet_1_0__leaf_net580     1.80    0.009    0.717    0.0156   2.267e-07  p
clknet_1_1__leaf_net460     1.80    0.006    0.896    0.0249   2.254e-07  p
clknet_1_0__leaf_net475     1.80    0.009    0.958    0.0161   2.242e-07  p
net652                      1.80    0.008    0.232    0.0173   2.222e-07  p
net456                      1.80    0.003    0.812    0.0443   2.187e-07  p
net265                      1.80    0.011    0.988    0.0123   2.176e-07  p
clknet_1_1__leaf_net582     1.80    0.009    0.793    0.0141   2.143e-07  p
net405                      1.80    0.006    0.619    0.0219   2.140e-07  p
clknet_1_1__leaf_net577     1.80    0.009    0.713    0.0139   2.090e-07  p
net781                      1.80    0.004    0.067    0.0306   2.078e-07  p
net70                       1.80    0.005    0.456    0.0254   2.056e-07  p
net509                      1.80    0.018    0.968    0.0070   2.025e-07  p
net221                      1.80    0.005    0.409    0.0255   2.021e-07  p
net71                       1.80    0.005    0.535    0.0255   2.013e-07  p
net482                      1.80    0.010    0.282    0.0124   1.997e-07  p
net570                      1.80    0.005    0.492    0.0245   1.987e-07  p
net476                      1.80    0.006    0.942    0.0189   1.978e-07  p
net797                      1.80    0.008    0.031    0.0146   1.973e-07  p
net342                      1.80    0.003    0.231    0.0408   1.967e-07  p
net705                      1.80    0.002    0.342    0.0605   1.947e-07  p
net695                      1.80    0.008    0.219    0.0148   1.945e-07  p
net701                      1.80    0.011    0.123    0.0112   1.930e-07  p
net420                      1.80    0.011    0.721    0.0109   1.926e-07  p
net365                      1.80    0.010    0.282    0.0125   1.922e-07  p
net577                      1.80    0.009    0.713    0.0139   1.918e-07  p
net263                      1.80    0.012    0.023    0.0101   1.896e-07  p
net474                      1.80    0.003    0.883    0.0366   1.894e-07  p
net215                      1.80    0.005    0.591    0.0235   1.886e-07  p
net608                      1.80    0.004    0.613    0.0295   1.842e-07  p
net778                      1.80    0.003    0.175    0.0321   1.819e-07  p
net266                      1.80    0.003    0.937    0.0350   1.801e-07  p
net637                      1.80    0.007    0.525    0.0149   1.757e-07  p
net696                      1.80    0.007    0.772    0.0154   1.747e-07  p
clknet_1_1__leaf_net461     1.80    0.004    0.896    0.0249   1.741e-07  p
clknet_1_0__leaf_net582     1.80    0.007    0.793    0.0141   1.700e-07  p
net344                      1.80    0.007    0.397    0.0153   1.687e-07  p
net506                      1.80    0.009    0.985    0.0106   1.623e-07  p
net211                      1.80    0.047    0.001    0.0021   1.619e-07  p
net449                      1.80    0.009    0.987    0.0111   1.607e-07  p
net101                      1.80    0.003    0.742    0.0348   1.585e-07  p
net676                      1.80    0.002    0.110    0.0398   1.568e-07  p
net698                      1.80    0.008    0.807    0.0115   1.561e-07  p
net440                      1.80    0.008    0.769    0.0122   1.534e-07  p
net214                      1.80    0.044    0.001    0.0021   1.502e-07  p
net76                       1.80    0.004    0.544    0.0254   1.486e-07  p
net358                      1.80    0.006    0.397    0.0153   1.454e-07  p
net612                      1.80    0.003    0.613    0.0295   1.454e-07  p
clknet_1_1__leaf_net428     1.80    0.003    0.832    0.0322   1.441e-07  p
net77                       1.80    0.003    0.465    0.0255   1.395e-07  p
net69                       1.80    0.003    0.465    0.0255   1.376e-07  p
net546                      1.80    0.003    0.715    0.0275   1.368e-07  p
net386                      1.80    0.004    0.704    0.0212   1.346e-07  p
net468                      1.80    0.003    0.896    0.0249   1.330e-07  p
net522                      1.80    0.004    0.901    0.0232   1.316e-07  p
net807                      1.80    0.003    0.746    0.0314   1.308e-07  p
net503                      1.80    0.002    0.747    0.0314   1.260e-07  p
net317                      1.80    0.008    0.848    0.0092   1.250e-07  p
net270                      1.80    0.008    0.997    0.0095   1.226e-07  p
clknet_1_0__leaf_net583     1.80    0.004    0.510    0.0214   1.224e-07  p
net96                       1.80    0.003    0.040    0.0233   1.211e-07  p
net357                      1.80    0.005    0.408    0.0148   1.210e-07  p
net486                      1.80    0.003    0.873    0.0269   1.177e-07  p
net542                      1.80    0.004    0.568    0.0206   1.169e-07  p
net466                      1.80    0.003    0.900    0.0249   1.168e-07  p
net697                      1.80    0.006    0.185    0.0117   1.166e-07  p
net653                      1.80    0.002    0.175    0.0321   1.162e-07  p
net272                      1.80    0.007    0.976    0.0104   1.148e-07  p
net311                      1.80    0.003    0.333    0.0213   1.112e-07  p
net572                      1.80    0.004    0.946    0.0185   1.110e-07  p
net222                      1.80    0.003    0.591    0.0235   1.098e-07  p
net808                      1.80    0.003    0.373    0.0217   1.091e-07  p
net589                      1.80    0.004    0.916    0.0173   1.079e-07  p
net515                      1.80    0.002    0.615    0.0303   1.033e-07  p
net228                      1.80    0.003    0.591    0.0245   1.008e-07  p
net314                      1.80    0.003    0.340    0.0217   9.299e-08  p
net747                      1.80    0.003    0.237    0.0194   8.787e-08  p
out10                       1.80    0.001    0.529    0.0899   8.692e-08  p
clknet_1_1__leaf_net583     1.80    0.002    0.510    0.0214   8.656e-08  p
net298                      1.80    0.048    0.995    0.0011   8.618e-08  p
net802                      1.80    0.004    0.505    0.0131   8.617e-08  p
net404                      1.80    0.002    0.373    0.0217   8.518e-08  p
net773                      1.80    0.004    0.403    0.0125   8.452e-08  p
net535                      1.80    0.003    0.423    0.0200   8.392e-08  p
net682                      1.80    0.002    0.974    0.0228   8.250e-08  p
net370                      1.80    0.019    0.994    0.0026   8.204e-08  p
net269                      1.80    0.005    0.003    0.0095   7.765e-08  p
net806                      1.80    0.003    0.219    0.0148   7.715e-08  p
net410                      1.80    0.003    0.759    0.0169   7.663e-08  p
clknet_1_1__leaf_net580     1.80    0.003    0.717    0.0156   7.415e-08  p
net309                      1.80    0.025    0.999    0.0018   7.325e-08  p
net205                      1.80    0.021    0.001    0.0021   7.294e-08  p
net348                      1.80    0.003    0.408    0.0148   7.183e-08  p
net518                      1.80    0.002    0.576    0.0221   7.164e-08  p
net409                      1.80    0.003    0.233    0.0163   7.153e-08  p
out24                       1.80    0.001    0.636    0.0459   7.151e-08  p
net362                      1.80    0.003    0.408    0.0148   7.028e-08  p
net539                      1.80    0.003    0.996    0.0151   6.937e-08  p
net359                      1.80    0.003    0.408    0.0148   6.885e-08  p
net312                      1.80    0.002    0.654    0.0216   6.778e-08  p
out11                       1.80    0.000    0.602    0.0947   6.778e-08  p
net543                      1.80    0.002    0.423    0.0200   6.751e-08  p
net363                      1.80    0.003    0.603    0.0153   6.369e-08  p
net550                      1.80    0.002    0.629    0.0160   6.173e-08  p
net517                      1.80    0.005    0.967    0.0078   5.793e-08  p
net88                       1.80    0.002    0.236    0.0183   5.727e-08  p
net795                      1.80    0.002    0.772    0.0153   5.716e-08  p
out18                       1.80    0.001    0.828    0.0341   5.188e-08  p
net99                       1.80    0.002    0.004    0.0148   5.049e-08  p
net364                      1.80    0.002    0.403    0.0125   5.031e-08  p
net657                      1.80    0.003    0.881    0.0089   4.866e-08  p
net540                      1.80    0.002    0.713    0.0139   4.467e-08  p
out1                        1.80    0.001    0.250    0.0308   4.389e-08  p
out19                       1.80    0.000    0.784    0.0536   4.302e-08  p
net268                      1.80    0.034    0.998    0.0008   4.208e-08  p
out22                       1.80    0.001    0.873    0.0269   4.103e-08  p
net793                      1.80    0.002    0.807    0.0115   3.981e-08  p
net800                      1.80    0.002    0.720    0.0109   3.972e-08  p
net251                      1.80    0.037    0.991    0.0007   3.869e-08  p
net694                      1.80    0.002    0.982    0.0117   3.829e-08  p
net273                      1.80    0.003    0.995    0.0081   3.788e-08  p
out2                        1.80    0.000    0.813    0.0431   3.053e-08  p
net375                      1.80    0.008    0.996    0.0024   3.031e-08  p
out23                       1.80    0.001    0.237    0.0194   2.772e-08  p
out17                       1.80    0.001    0.237    0.0194   2.763e-08  p
net188                      1.80    0.005    0.973    0.0031   2.758e-08  p
net206                      1.80    0.008    0.999    0.0021   2.644e-08  p
out8                        1.80    0.000    0.695    0.0327   2.619e-08  p
clknet_0_net288             1.80    0.019    0.998    0.0008   2.551e-08  p
clknet_0_net295             1.80    0.019    0.998    0.0008   2.383e-08  p
net794                      1.80    0.010    0.990    0.0013   2.205e-08  p
net495                      1.80    0.003    0.015    0.0042   1.929e-08  p
net64                       1.80    0.017    0.009    0.0007   1.778e-08  p
net352                      1.80    0.016    0.989    0.0007   1.675e-08  p
net278                      1.80    0.013    0.998    0.0008   1.659e-08  p
net416                      1.80    0.015    0.978    0.0007   1.581e-08  p
net787                      1.80    0.002    0.015    0.0042   1.488e-08  p
net529                      1.80    0.003    0.995    0.0026   1.423e-08  p
net300                      1.80    0.005    0.992    0.0018   1.386e-08  p
net295                      1.80    0.011    0.998    0.0008   1.342e-08  p
net288                      1.80    0.010    0.998    0.0008   1.320e-08  p
net183                      1.80    0.003    0.973    0.0023   1.318e-08  p
net757                      1.80    0.004    0.001    0.0021   1.317e-08  p
net798                      1.80    0.002    0.995    0.0033   1.281e-08  p
net374                      1.80    0.012    0.991    0.0007   1.217e-08  p
net297                      1.80    0.011    0.990    0.0007   1.187e-08  p
net805                      1.80    0.003    0.001    0.0021   1.000e-08  p
net361                      1.80    0.008    0.011    0.0007   8.797e-09  p
net353                      1.80    0.008    0.989    0.0007   8.752e-09  p
net376                      1.80    0.008    0.986    0.0007   8.576e-09  p
net786                      1.80    0.008    0.001    0.0006   8.081e-09  p
net75                       1.80    0.008    0.991    0.0007   8.042e-09  p
net208                      1.80    0.002    0.999    0.0021   7.982e-09  p
clknet_1_1__leaf_net288     1.80    0.006    0.998    0.0008   7.730e-09  p
net629                      1.80    0.006    0.988    0.0007   7.532e-09  p
net223                      1.80    0.002    0.001    0.0021   7.168e-09  p
net630                      1.80    0.005    0.009    0.0010   7.152e-09  p
net94                       1.80    0.007    0.998    0.0007   7.128e-09  p
net262                      1.80    0.007    0.991    0.0007   7.072e-09  p
net783                      1.80    0.004    0.976    0.0011   6.990e-09  p
net636                      1.80    0.003    0.980    0.0015   6.864e-09  p
net256                      1.80    0.006    0.991    0.0007   6.669e-09  p
net93                       1.80    0.006    0.999    0.0007   6.072e-09  p
net100                      1.80    0.006    0.998    0.0007   5.849e-09  p
net415                      1.80    0.006    0.009    0.0006   5.684e-09  p
clknet_1_0__leaf_net295     1.80    0.004    0.998    0.0008   5.233e-09  p
net284                      1.80    0.005    0.998    0.0007   5.129e-09  p
net789                      1.80    0.004    0.991    0.0007   4.516e-09  p
net224                      1.80    0.010    1.000    0.0003   4.416e-09  p
net308                      1.80    0.003    1.000    0.0008   4.317e-09  p
clknet_1_0__leaf_net288     1.80    0.003    0.998    0.0008   4.062e-09  p
net229                      1.80    0.002    0.000    0.0011   3.831e-09  p
net714                      1.80    0.002    0.976    0.0011   3.779e-09  p
clknet_1_1__leaf_net295     1.80    0.003    0.998    0.0008   3.768e-09  p
net776                      1.80    0.004    0.996    0.0007   3.715e-09  p
net293                      1.80    0.003    0.998    0.0007   3.488e-09  p
net631                      1.80    0.003    0.980    0.0007   3.138e-09  p
net633                      1.80    0.003    0.991    0.0007   3.075e-09  p
out6                        1.80    0.001    0.001    0.0021   3.019e-09  p
net497                      1.80    0.003    0.001    0.0006   2.775e-09  p
net185                      1.80    0.002    0.997    0.0007   2.551e-09  p
net289                      1.80    0.003    0.999    0.0005   2.409e-09  p
net706                      1.80    0.002    0.991    0.0007   2.306e-09  p
net788                      1.80    0.002    0.986    0.0007   2.237e-09  p
net356                      1.80    0.004    1.000    0.0003   1.779e-09  p
net628                      1.80    0.010    0.001    0.81e-4  1.346e-09  p
net277                      1.80    0.004    0.000    0.0002   9.549e-10  p
net182                      1.80    0.003    0.000    0.81e-4  4.485e-10  p
net792                      1.80    0.002    0.000    0.81e-4  2.942e-10  p
net45                       1.80    0.014    1.000    0.0000      0.0000  p
net46                       1.80    0.005    1.000    0.0000      0.0000  p
net47                       1.80    0.008    1.000    0.0000      0.0000  p
net49                       1.80    0.009    1.000    0.0000      0.0000  p
net50                       1.80    0.007    1.000    0.0000      0.0000  p
net55                       1.80    0.003    1.000    0.0000      0.0000  p
net66                       1.80    0.031    1.000    0.0000      0.0000  p
net67                       1.80    0.021    1.000    0.0000      0.0000  p
net74                       1.80    0.045    0.000    0.0000      0.0000  p
net78                       1.80    0.007    1.000    0.0000      0.0000  p
net79                       1.80    0.002    0.000    0.0000      0.0000  p
net80                       1.80    0.035    1.000    0.0000      0.0000  p
net81                       1.80    0.021    1.000    0.0000      0.0000  p
net83                       1.80    0.065    1.000    0.0000      0.0000  p
net89                       1.80    0.027    1.000    0.0000      0.0000  p
net91                       1.80    0.004    1.000    0.0000      0.0000  p
net98                       1.80    0.009    1.000    0.0000      0.0000  p
net129                      1.80    0.003    1.000    0.0000      0.0000  p
net132                      1.80    0.035    1.000    0.0000      0.0000  p
net147                      1.80    0.003    1.000    0.0000      0.0000  p
net151                      1.80    0.029    1.000    0.0000      0.0000  p
net153                      1.80    0.003    1.000    0.0000      0.0000  p
net157                      1.80    0.005    1.000    0.0000      0.0000  p
net158                      1.80    0.023    1.000    0.0000      0.0000  p
net159                      1.80    0.012    1.000    0.0000      0.0000  p
net164                      1.80    0.002    1.000    0.0000      0.0000  p
net171                      1.80    0.027    1.000    0.0000      0.0000  p
net178                      1.80    0.030    1.000    0.0000      0.0000  p
net184                      1.80    0.005    0.000    0.0000      0.0000  p
net186                      1.80    0.004    1.000    0.0000      0.0000  p
net187                      1.80    0.020    0.000    0.0000      0.0000  p
net190                      1.80    0.044    0.000    0.0000      0.0000  p
net191                      1.80    0.047    1.000    0.0000      0.0000  p
net192                      1.80    0.005    1.000    0.0000      0.0000  p
net193                      1.80    0.025    0.000    0.0000      0.0000  p
net194                      1.80    0.010    0.000    0.0000      0.0000  p
net195                      1.80    0.015    0.000    0.0000      0.0000  p
net196                      1.80    0.005    0.000    0.0000      0.0000  p
net197                      1.80    0.017    1.000    0.0000      0.0000  p
net198                      1.80    0.003    1.000    0.0000      0.0000  p
net200                      1.80    0.018    1.000    0.0000      0.0000  p
net201                      1.80    0.009    0.000    0.0000      0.0000  p
net202                      1.80    0.008    1.000    0.0000      0.0000  p
net203                      1.80    0.003    1.000    0.0000      0.0000  p
net204                      1.80    0.003    1.000    0.0000      0.0000  p
net207                      1.80    0.003    1.000    0.0000      0.0000  p
net209                      1.80    0.003    0.000    0.0000      0.0000  p
net210                      1.80    0.022    0.000    0.0000      0.0000  p
net219                      1.80    0.005    1.000    0.0000      0.0000  p
net225                      1.80    0.002    0.000    0.0000      0.0000  p
net226                      1.80    0.002    0.000    0.0000      0.0000  p
net230                      1.80    0.020    0.000    0.0000      0.0000  p
net232                      1.80    0.047    1.000    0.0000      0.0000  p
net235                      1.80    0.013    1.000    0.0000      0.0000  p
net241                      1.80    0.008    1.000    0.0000      0.0000  p
net243                      1.80    0.006    1.000    0.0000      0.0000  p
net244                      1.80    0.007    1.000    0.0000      0.0000  p
net245                      1.80    0.002    1.000    0.0000      0.0000  p
net247                      1.80    0.008    1.000    0.0000      0.0000  p
net248                      1.80    0.007    1.000    0.0000      0.0000  p
net249                      1.80    0.005    1.000    0.0000      0.0000  p
net250                      1.80    0.003    1.000    0.0000      0.0000  p
net322                      1.80    0.016    1.000    0.0000      0.0000  p
net323                      1.80    0.030    0.000    0.0000      0.0000  p
net324                      1.80    0.057    0.000    0.0000      0.0000  p
net325                      1.80    0.047    1.000    0.0000      0.0000  p
net326                      1.80    0.028    0.000    0.0000      0.0000  p
net327                      1.80    0.005    0.000    0.0000      0.0000  p
net329                      1.80    0.017    1.000    0.0000      0.0000  p
net330                      1.80    0.014    1.000    0.0000      0.0000  p
net332                      1.80    0.012    0.000    0.0000      0.0000  p
net333                      1.80    0.017    0.000    0.0000      0.0000  p
net334                      1.80    0.026    0.000    0.0000      0.0000  p
net335                      1.80    0.003    0.000    0.0000      0.0000  p
net336                      1.80    0.011    1.000    0.0000      0.0000  p
net337                      1.80    0.005    0.000    0.0000      0.0000  p
net338                      1.80    0.003    1.000    0.0000      0.0000  p
net339                      1.80    0.006    0.000    0.0000      0.0000  p
net341                      1.80    0.003    1.000    0.0000      0.0000  p
net343                      1.80    0.004    1.000    0.0000      0.0000  p
net346                      1.80    0.006    0.000    0.0000      0.0000  p
net350                      1.80    0.028    1.000    0.0000      0.0000  p
net360                      1.80    0.005    1.000    0.0000      0.0000  p
net373                      1.80    0.008    1.000    0.0000      0.0000  p
net447                      1.80    0.005    1.000    0.0000      0.0000  p
net485                      1.80    0.023    1.000    0.0000      0.0000  p
net520                      1.80    0.002    1.000    0.0000      0.0000  p
net532                      1.80    0.004    1.000    0.0000      0.0000  p
net536                      1.80    0.010    1.000    0.0000      0.0000  p
net578                      1.80    0.004    1.000    0.0000      0.0000  p
net593                      1.80    0.042    1.000    0.0000      0.0000  p
net595                      1.80    0.012    1.000    0.0000      0.0000  p
net599                      1.80    0.014    1.000    0.0000      0.0000  p
net607                      1.80    0.003    1.000    0.0000      0.0000  p
net613                      1.80    0.030    1.000    0.0000      0.0000  p
net615                      1.80    0.042    1.000    0.0000      0.0000  p
net618                      1.80    0.003    1.000    0.0000      0.0000  p
net625                      1.80    0.004    0.000    0.0000      0.0000  p
net626                      1.80    0.008    1.000    0.0000      0.0000  p
net627                      1.80    0.020    1.000    0.0000      0.0000  p
net632                      1.80    0.003    1.000    0.0000      0.0000  p
net635                      1.80    0.003    1.000    0.0000      0.0000  p
net649                      1.80    0.003    1.000    0.0000      0.0000  p
net746                      1.80    0.026    1.000    0.0000      0.0000  p
net751                      1.80    0.020    1.000    0.0000      0.0000  p
net752                      1.80    0.007    1.000    0.0000      0.0000  p
net756                      1.80    0.005    1.000    0.0000      0.0000  p
net766                      1.80    0.035    1.000    0.0000      0.0000  p
net785                      1.80    0.002    0.000    0.0000      0.0000  p
net796                      1.80    0.003    0.000    0.0000      0.0000  p
out4                        1.80    0.001    1.000    0.0000      0.0000  p
out16                       1.80    0.001    1.000    0.0000      0.0000  p
out20                       1.80    0.001    1.000    0.0000      0.0000  p
out21                       1.80    0.001    1.000    0.0000      0.0000  p
--------------------------------------------------------------------------------
Total (1020 nets)                                              2.381e-03 Watt



                                      Int      Switch   Leak      Total
Hierarchy                             Power    Power    Power     Power    %
--------------------------------------------------------------------------------
netlist_1                             4.29e-03 2.38e-03 7.35e-09  6.67e-03 100.0
1
