Information: Derived library resistance unit is 1.000000 Kohm (Time unit is 1 ns, and Capacitance unit is 1.000000 pF). (DES-028)
Warning: Detected semantically incorrect SPEF in coupling section. (PARA-098)
Warning: Coupling capacitor (in11:13 in14:13 0) on net in14 is discarded because the value cannot be <= 0 (PARA-040)
Warning: Coupling capacitor (in12:13 in18:9 0) on net in18 is discarded because the value cannot be <= 0 (PARA-040)
Warning: Coupling capacitor (out18 out19 0) on net out19 is discarded because the value cannot be <= 0 (PARA-040)
Warning: Coupling capacitor (out2 out3 0) on net out3 is discarded because the value cannot be <= 0 (PARA-040)
Warning: Coupling capacitor (out19 out6 0) on net out6 is discarded because the value cannot be <= 0 (PARA-040)
Warning: Coupling capacitor (out15 clkbuf_1_0__f_net533/A 0) on net clknet_0_net533 is discarded because the value cannot be <= 0 (PARA-040)
Warning: Coupling capacitor (out6 clkbuf_1_0__f_net533/A 0) on net clknet_0_net533 is discarded because the value cannot be <= 0 (PARA-040)
Warning: Coupling capacitor (clkbuf_1_1__f_net1057/A clkbuf_1_1__f_net536/A 0) on net clknet_0_net536 is discarded because the value cannot be <= 0 (PARA-040)
Warning: Coupling capacitor (clkbuf_1_0__f_net538/A clkbuf_1_0__f_net540/A 0) on net clknet_0_net540 is discarded because the value cannot be <= 0 (PARA-040)
Warning: Coupling capacitor (clkbuf_1_1__f_net540/A clkbuf_1_0__f_net543/A 0) on net clknet_0_net543 is discarded because the value cannot be <= 0 (PARA-040)
Warning: Coupling capacitor (clkbuf_1_0__f_net539/A clkbuf_1_1__f_net544/A 0) on net clknet_0_net544 is discarded because the value cannot be <= 0 (PARA-040)
Warning: Coupling capacitor (clkbuf_1_0__f_net541/A clkbuf_1_1__f_net544/A 0) on net clknet_0_net544 is discarded because the value cannot be <= 0 (PARA-040)
Warning: Coupling capacitor (clknet_0_net539:8 clkbuf_1_0__f_net544/A 0) on net clknet_0_net544 is discarded because the value cannot be <= 0 (PARA-040)
Warning: Coupling capacitor (clknet_0_net539:8 clkbuf_1_1__f_net544/A 0) on net clknet_0_net544 is discarded because the value cannot be <= 0 (PARA-040)
Warning: Coupling capacitor (clkbuf_1_1__f_net540/A clkbuf_1_0__f_net545/A 0) on net clknet_0_net545 is discarded because the value cannot be <= 0 (PARA-040)
Warning: Coupling capacitor (clkbuf_1_1__f_net543/A clkbuf_1_0__f_net545/A 0) on net clknet_0_net545 is discarded because the value cannot be <= 0 (PARA-040)
Warning: Coupling capacitor (clkbuf_1_0__f_net544/A clkbuf_1_0__f_net550/A 0) on net clknet_0_net550 is discarded because the value cannot be <= 0 (PARA-040)
Warning: Coupling capacitor (clkbuf_1_1__f_net139/A c148/A 0) on net clknet_1_0__leaf_net137 is discarded because the value cannot be <= 0 (PARA-040)
Warning: Coupling capacitor (clkbuf_1_1__f_net139/A c159/SET_B 0) on net clknet_1_0__leaf_net137 is discarded because the value cannot be <= 0 (PARA-040)
Warning: Coupling capacitor (clkbuf_1_0__f_net139/A c156/RESET_B 0) on net clknet_1_0__leaf_net138 is discarded because the value cannot be <= 0 (PARA-040)
Warning: Coupling capacitor (clkbuf_1_0__f_net139/A merge762/D 0) on net clknet_1_0__leaf_net138 is discarded because the value cannot be <= 0 (PARA-040)
Warning: Coupling capacitor (c156/RESET_B c156/SCE 0) on net clknet_1_0__leaf_net139 is discarded because the value cannot be <= 0 (PARA-040)
Warning: Coupling capacitor (c156/RESET_B merge762/SCE 0) on net clknet_1_0__leaf_net139 is discarded because the value cannot be <= 0 (PARA-040)
Warning: Coupling capacitor (clkbuf_1_1__f_net138/A merge791/A2 0) on net clknet_1_0__leaf_net139 is discarded because the value cannot be <= 0 (PARA-040)
Warning: Coupling capacitor (merge762/D merge762/SCE 0) on net clknet_1_0__leaf_net139 is discarded because the value cannot be <= 0 (PARA-040)
Warning: Coupling capacitor (c180/A c173/SCD 0) on net clknet_1_0__leaf_net161 is discarded because the value cannot be <= 0 (PARA-040)
Warning: Coupling capacitor (clknet_1_0__leaf_net160:19 c173/SCD 0) on net clknet_1_0__leaf_net161 is discarded because the value cannot be <= 0 (PARA-040)
Warning: Coupling capacitor (clkbuf_1_0__f_net262/A clknet_1_0__leaf_net262:10 0) on net clknet_1_0__leaf_net262 is discarded because the value cannot be <= 0 (PARA-040)
Warning: Coupling capacitor (clknet_0_clk:18 clknet_1_0__leaf_net451:18 0) on net clknet_1_0__leaf_net451 is discarded because the value cannot be <= 0 (PARA-040)
Warning: Coupling capacitor (clknet_0_clk:18 clknet_1_0__leaf_net451:33 0) on net clknet_1_0__leaf_net451 is discarded because the value cannot be <= 0 (PARA-040)
Warning: Coupling capacitor (clkbuf_1_0__f_net451/A c436/D 0) on net clknet_1_0__leaf_net462 is discarded because the value cannot be <= 0 (PARA-040)
Warning: Coupling capacitor (clkbuf_1_0__f_net523/A c492/A1 0) on net clknet_1_0__leaf_net523 is discarded because the value cannot be <= 0 (PARA-040)
Warning: Coupling capacitor (clkbuf_1_1__f_net540/A c506/A 0) on net clknet_1_0__leaf_net538 is discarded because the value cannot be <= 0 (PARA-040)
Warning: Coupling capacitor (clkbuf_1_1__f_net540/A c506/B 0) on net clknet_1_0__leaf_net539 is discarded because the value cannot be <= 0 (PARA-040)
Warning: Coupling capacitor (c518/SCD c516/RESET_B 0) on net clknet_1_0__leaf_net544 is discarded because the value cannot be <= 0 (PARA-040)
Warning: Coupling capacitor (c516/RESET_B clknet_1_0__leaf_net550:12 0) on net clknet_1_0__leaf_net550 is discarded because the value cannot be <= 0 (PARA-040)
Warning: Coupling capacitor (c516/SET_B c516/SCE 0) on net clknet_1_0__leaf_net550 is discarded because the value cannot be <= 0 (PARA-040)
Warning: Coupling capacitor (c516/SET_B clknet_1_0__leaf_net550:31 0) on net clknet_1_0__leaf_net550 is discarded because the value cannot be <= 0 (PARA-040)
Warning: Coupling capacitor (c518/SCD clknet_1_0__leaf_net550:12 0) on net clknet_1_0__leaf_net550 is discarded because the value cannot be <= 0 (PARA-040)
Warning: Coupling capacitor (clkbuf_1_1__f_net544/A c520/S1 0) on net clknet_1_0__leaf_net556 is discarded because the value cannot be <= 0 (PARA-040)
Warning: Coupling capacitor (clkbuf_1_1__f_net611/A clknet_1_0__leaf_net613:40 0) on net clknet_1_0__leaf_net613 is discarded because the value cannot be <= 0 (PARA-040)
Warning: Coupling capacitor (clk:13 clknet_1_0__leaf_net613:46 0) on net clknet_1_0__leaf_net613 is discarded because the value cannot be <= 0 (PARA-040)
Warning: Coupling capacitor (clkbuf_1_0__f_net454/A c581/SCE 0) on net clknet_1_0__leaf_net622 is discarded because the value cannot be <= 0 (PARA-040)
Warning: Coupling capacitor (clkbuf_1_0__f_net609/A c586/S0 0) on net clknet_1_0__leaf_net622 is discarded because the value cannot be <= 0 (PARA-040)
Warning: Coupling capacitor (clkbuf_1_1__f_net454/A clknet_1_0__leaf_net622:10 0) on net clknet_1_0__leaf_net622 is discarded because the value cannot be <= 0 (PARA-040)
Warning: Coupling capacitor (merge785/A2 merge785/S1 0) on net clknet_1_0__leaf_net639 is discarded because the value cannot be <= 0 (PARA-040)
Warning: Coupling capacitor (c93/A3 c90/D 0) on net clknet_1_0__leaf_net69 is discarded because the value cannot be <= 0 (PARA-040)
Warning: Coupling capacitor (clknet_1_0__leaf_net68:19 c90/D 0) on net clknet_1_0__leaf_net69 is discarded because the value cannot be <= 0 (PARA-040)
Warning: Coupling capacitor (clknet_1_0__leaf_net68:19 clknet_1_0__leaf_net69:10 0) on net clknet_1_0__leaf_net69 is discarded because the value cannot be <= 0 (PARA-040)
Warning: Coupling capacitor (clknet_1_0__leaf_net68:19 clknet_1_0__leaf_net69:32 0) on net clknet_1_0__leaf_net69 is discarded because the value cannot be <= 0 (PARA-040)
Warning: Coupling capacitor (clknet_1_0__leaf_net68:30 c90/D 0) on net clknet_1_0__leaf_net69 is discarded because the value cannot be <= 0 (PARA-040)
Warning: Coupling capacitor (clknet_1_0__leaf_net68:58 clknet_1_0__leaf_net69:10 0) on net clknet_1_0__leaf_net69 is discarded because the value cannot be <= 0 (PARA-040)
Warning: Coupling capacitor (clknet_1_0__leaf_net68:66 c95/SCD 0) on net clknet_1_0__leaf_net69 is discarded because the value cannot be <= 0 (PARA-040)
Warning: Coupling capacitor (c93/A3 c90/SCD 0) on net clknet_1_0__leaf_net70 is discarded because the value cannot be <= 0 (PARA-040)
Warning: Coupling capacitor (clknet_1_0__leaf_net68:19 c90/SCD 0) on net clknet_1_0__leaf_net70 is discarded because the value cannot be <= 0 (PARA-040)
Warning: Coupling capacitor (clknet_1_0__leaf_net68:19 clknet_1_0__leaf_net70:42 0) on net clknet_1_0__leaf_net70 is discarded because the value cannot be <= 0 (PARA-040)
Warning: Coupling capacitor (clknet_1_0__leaf_net68:30 c90/SCD 0) on net clknet_1_0__leaf_net70 is discarded because the value cannot be <= 0 (PARA-040)
Warning: Coupling capacitor (c586/S1 c706/SET_B 0) on net clknet_1_0__leaf_net725 is discarded because the value cannot be <= 0 (PARA-040)
Warning: Coupling capacitor (clkbuf_1_0__f_net628/A c706/SET_B 0) on net clknet_1_0__leaf_net725 is discarded because the value cannot be <= 0 (PARA-040)
Warning: Coupling capacitor (clkbuf_1_1__f_net722/A c699/C 0) on net clknet_1_0__leaf_net725 is discarded because the value cannot be <= 0 (PARA-040)
Warning: Coupling capacitor (clkbuf_1_1__f_net722/A clknet_1_0__leaf_net725:66 0) on net clknet_1_0__leaf_net725 is discarded because the value cannot be <= 0 (PARA-040)
Warning: Coupling capacitor (merge786/D merge786/SCE 0) on net clknet_1_0__leaf_net725 is discarded because the value cannot be <= 0 (PARA-040)
Warning: Coupling capacitor (merge786/D clknet_1_0__leaf_net725:46 0) on net clknet_1_0__leaf_net725 is discarded because the value cannot be <= 0 (PARA-040)
Warning: Coupling capacitor (merge786/D clknet_1_0__leaf_net725:100 0) on net clknet_1_0__leaf_net725 is discarded because the value cannot be <= 0 (PARA-040)
Warning: Coupling capacitor (clknet_1_0__leaf_net628:25 c706/SET_B 0) on net clknet_1_0__leaf_net725 is discarded because the value cannot be <= 0 (PARA-040)
Warning: Coupling capacitor (clknet_1_0__leaf_net628:25 clknet_1_0__leaf_net725:100 0) on net clknet_1_0__leaf_net725 is discarded because the value cannot be <= 0 (PARA-040)
Warning: Coupling capacitor (clknet_1_0__leaf_net725:66 clknet_1_0__leaf_net727:12 0) on net clknet_1_0__leaf_net727 is discarded because the value cannot be <= 0 (PARA-040)
Warning: Coupling capacitor (clknet_1_0__leaf_net725:66 clknet_1_0__leaf_net727:23 0) on net clknet_1_0__leaf_net727 is discarded because the value cannot be <= 0 (PARA-040)
Warning: Coupling capacitor (c703/S0 c704/SCE 0) on net clknet_1_0__leaf_net729 is discarded because the value cannot be <= 0 (PARA-040)
Warning: Coupling capacitor (clkbuf_1_0__f_net728/A clknet_1_0__leaf_net729:12 0) on net clknet_1_0__leaf_net729 is discarded because the value cannot be <= 0 (PARA-040)
Warning: Coupling capacitor (clkbuf_1_0__f_net756/A c723/A2 0) on net clknet_1_0__leaf_net756 is discarded because the value cannot be <= 0 (PARA-040)
Warning: Coupling capacitor (clkbuf_1_0__f_net756/A clknet_1_0__leaf_net756:10 0) on net clknet_1_0__leaf_net756 is discarded because the value cannot be <= 0 (PARA-040)
Warning: Coupling capacitor (clkbuf_1_0__f_net756/A c727/A1 0) on net clknet_1_0__leaf_net759 is discarded because the value cannot be <= 0 (PARA-040)
Warning: Coupling capacitor (c181/D_N clknet_1_0__leaf_net872:20 0) on net clknet_1_0__leaf_net872 is discarded because the value cannot be <= 0 (PARA-040)
Warning: Coupling capacitor (c79/A2 c80/SET_B 0) on net clknet_1_0__leaf_net873 is discarded because the value cannot be <= 0 (PARA-040)
Warning: Coupling capacitor (clkbuf_1_0__f_net911/A c312/SET_B 0) on net clknet_1_0__leaf_net910 is discarded because the value cannot be <= 0 (PARA-040)
Warning: Coupling capacitor (clkbuf_1_1__f_net138/A clknet_1_0__leaf_net911:14 0) on net clknet_1_0__leaf_net911 is discarded because the value cannot be <= 0 (PARA-040)
Warning: Coupling capacitor (clknet_0_clk:36 c314/SET_B 0) on net clknet_1_0__leaf_net911 is discarded because the value cannot be <= 0 (PARA-040)
Warning: Coupling capacitor (clkbuf_1_0__f_net538/A c514/B 0) on net clknet_1_0__leaf_net931 is discarded because the value cannot be <= 0 (PARA-040)
Warning: Coupling capacitor (clkbuf_1_1__f_net540/A c514/B 0) on net clknet_1_0__leaf_net931 is discarded because the value cannot be <= 0 (PARA-040)
Warning: Coupling capacitor (clkbuf_1_1__f_net540/A clknet_1_0__leaf_net931:8 0) on net clknet_1_0__leaf_net931 is discarded because the value cannot be <= 0 (PARA-040)
Warning: Coupling capacitor (clkbuf_1_0__f_net520/A c494/SET_B 0) on net clknet_1_0__leaf_net950 is discarded because the value cannot be <= 0 (PARA-040)
Warning: Coupling capacitor (c361/A clknet_1_1__leaf_net1007:18 0) on net clknet_1_1__leaf_net1007 is discarded because the value cannot be <= 0 (PARA-040)
Warning: Coupling capacitor (clkbuf_1_0__f_net536/A clknet_1_1__leaf_net1055:12 0) on net clknet_1_1__leaf_net1055 is discarded because the value cannot be <= 0 (PARA-040)
Warning: Coupling capacitor (clkbuf_1_0__f_net536/A clknet_1_1__leaf_net1057:10 0) on net clknet_1_1__leaf_net1057 is discarded because the value cannot be <= 0 (PARA-040)
Warning: Coupling capacitor (clkbuf_1_1__f_net536/A clknet_1_1__leaf_net1057:10 0) on net clknet_1_1__leaf_net1057 is discarded because the value cannot be <= 0 (PARA-040)
Warning: Coupling capacitor (clkbuf_1_1__f_net139/A clknet_1_1__leaf_net139:14 0) on net clknet_1_1__leaf_net139 is discarded because the value cannot be <= 0 (PARA-040)
Warning: Coupling capacitor (clkbuf_1_1__f_net139/A clknet_1_1__leaf_net139:34 0) on net clknet_1_1__leaf_net139 is discarded because the value cannot be <= 0 (PARA-040)
Warning: Coupling capacitor (clkbuf_1_1__f_net141/A merge762/SCD 0) on net clknet_1_1__leaf_net141 is discarded because the value cannot be <= 0 (PARA-040)
Warning: Coupling capacitor (merge762/D merge762/SCD 0) on net clknet_1_1__leaf_net141 is discarded because the value cannot be <= 0 (PARA-040)
Warning: Coupling capacitor (clkbuf_1_1__f_net48/A c73/RESET_B 0) on net clknet_1_1__leaf_net48 is discarded because the value cannot be <= 0 (PARA-040)
Warning: Coupling capacitor (c502/A3 c502/S0 0) on net clknet_1_1__leaf_net518 is discarded because the value cannot be <= 0 (PARA-040)
Warning: Coupling capacitor (c510/A c513/SCE 0) on net clknet_1_1__leaf_net538 is discarded because the value cannot be <= 0 (PARA-040)
Warning: Coupling capacitor (clkbuf_1_1__f_net543/A merge757/D 0) on net clknet_1_1__leaf_net540 is discarded because the value cannot be <= 0 (PARA-040)
Warning: Coupling capacitor (c509/B clknet_1_1__leaf_net543:10 0) on net clknet_1_1__leaf_net543 is discarded because the value cannot be <= 0 (PARA-040)
Warning: Coupling capacitor (c509/B clknet_1_1__leaf_net543:12 0) on net clknet_1_1__leaf_net543 is discarded because the value cannot be <= 0 (PARA-040)
Warning: Coupling capacitor (clkbuf_1_0__f_net541/A clknet_1_1__leaf_net543:10 0) on net clknet_1_1__leaf_net543 is discarded because the value cannot be <= 0 (PARA-040)
Warning: Coupling capacitor (clkbuf_1_1__f_net541/A clknet_1_1__leaf_net543:10 0) on net clknet_1_1__leaf_net543 is discarded because the value cannot be <= 0 (PARA-040)
Warning: Coupling capacitor (c520/S1 c520/A1 0) on net clknet_1_1__leaf_net544 is discarded because the value cannot be <= 0 (PARA-040)
Warning: Coupling capacitor (clkbuf_1_1__f_net544/A c519/C 0) on net clknet_1_1__leaf_net549 is discarded because the value cannot be <= 0 (PARA-040)
Note - message 'PARA-040' default limit (100) exceeded.  Remainder will be suppressed.
Warning: Net 'net140' is multi-driven. (DES-023)
Warning: Net 'net228' is multi-driven. (DES-023)
Warning: Net 'net470' is multi-driven. (DES-023)
Warning: Net 'net587' is multi-driven. (DES-023)
Warning: Net 'net6' is multi-driven. (DES-023)
Warning: Net 'net852' is multi-driven. (DES-023)
Warning: Net 'net861' is multi-driven. (DES-023)

****************************************
Report : read_parasitics /nas/ei/home/ge78pav/TM_power/TM_openlane/TM_openlane_single_min/TM_openlane_min_ad/TM_openlane_min_ad_mid/netlist_0/low/spef/netlist_0.nom.spef
Design : netlist_0
Version: Q-2019.12-SP1
Date   : Wed Aug 21 02:38:06 2024
****************************************

        0 error(s)
        Format is SPEF
        Annotated nets                   :         1547
        Annotated capacitances           :         7712
        Annotated resistances            :         6165
        Reduced coupling capacitances    :        10280
        Annotated PI models              :            0
        Annotated Elmore delays          :            0

