****************************************
Report : Averaged Power
	-net_power
	-hierarchy
	-sort_by net_switching_power
	-power_greater_than       0
	-nosplit
Design : netlist_0
Version: Q-2019.12-SP1
Date   : Wed Aug 21 15:12:33 2024
****************************************



  Attributes
  ----------
      a  -  Switching activity information / Switching power information annotated on net
      p  -  Propagated switching activity information on net
      d  -  Default switching activity used on net
      u  -  Net switching activity uninitialized
      m  -  Net is driven by multiple pins
      b  -  Net is a primary input (boundary net)

		Toggle rates reported with respect to time unit 1ns
--------------------------------------------------------------------------------
                                  Total      Static   Toggle   Switching
Net                         Vdd   Net Load   Prob.    Rate     Power      Attrs
--------------------------------------------------------------------------------
clknet_2_3__leaf_clk        1.80    0.104    0.500    0.1000   1.688e-05  a
clknet_2_1__leaf_clk        1.80    0.103    0.500    0.1000   1.676e-05  a
net115                      1.80    0.053    0.498    0.1896   1.625e-05  p
clknet_2_2__leaf_clk        1.80    0.100    0.500    0.1000   1.618e-05  a
clknet_leaf_8_clk           1.80    0.078    0.500    0.1000   1.269e-05  a
clknet_2_0__leaf_clk        1.80    0.078    0.500    0.1000   1.259e-05  a
clknet_0_clk                1.80    0.073    0.500    0.1000   1.177e-05  a
net122                      1.80    0.018    0.501    0.3453   1.017e-05  p
net48                       1.80    0.071    0.979    0.0858   9.913e-06  p
net117                      1.80    0.022    0.507    0.2707   9.643e-06  p
clknet_leaf_16_clk          1.80    0.055    0.500    0.1000   8.966e-06  a
net22                       1.80    0.026    0.504    0.1909   8.153e-06  p
net402                      1.80    0.044    0.615    0.1042   7.487e-06  p
net127                      1.80    0.024    0.502    0.1896   7.384e-06  p
clknet_leaf_2_clk           1.80    0.044    0.500    0.1000   7.153e-06  a
clknet_leaf_30_clk          1.80    0.042    0.500    0.1000   6.877e-06  a
clknet_leaf_1_clk           1.80    0.040    0.500    0.1000   6.405e-06  a
net809                      1.80    0.038    0.500    0.1000   6.102e-06  a
net6                        1.80    0.018    0.497    0.2112   6.024e-06  p
clknet_leaf_25_clk          1.80    0.037    0.500    0.1000   6.001e-06  a
clknet_leaf_27_clk          1.80    0.037    0.500    0.1000   5.933e-06  a
clknet_leaf_0_clk           1.80    0.037    0.500    0.1000   5.921e-06  a
clknet_leaf_12_clk          1.80    0.036    0.500    0.1000   5.831e-06  a
clknet_leaf_20_clk          1.80    0.036    0.500    0.1000   5.785e-06  a
net810                      1.80    0.035    0.500    0.1000   5.600e-06  a
clknet_leaf_9_clk           1.80    0.034    0.500    0.1000   5.549e-06  a
clknet_0_net248             1.80    0.020    0.497    0.1675   5.536e-06  p
clknet_0_net255             1.80    0.018    0.354    0.1904   5.429e-06  p
clknet_leaf_29_clk          1.80    0.033    0.500    0.1000   5.317e-06  a
clknet_leaf_11_clk          1.80    0.033    0.500    0.1000   5.314e-06  a
net20                       1.80    0.032    0.500    0.1000   5.234e-06  a
clknet_0_net256             1.80    0.019    0.503    0.1675   5.197e-06  p
clknet_0_net321             1.80    0.018    0.411    0.1765   5.155e-06  p
clknet_0_net252             1.80    0.018    0.497    0.1675   4.962e-06  p
clknet_leaf_7_clk           1.80    0.030    0.500    0.1000   4.926e-06  a
net395                      1.80    0.027    0.605    0.1116   4.847e-06  p
clknet_leaf_23_clk          1.80    0.030    0.500    0.1000   4.846e-06  a
net392                      1.80    0.030    0.510    0.0958   4.723e-06  p
clknet_1_0__leaf_net256     1.80    0.017    0.503    0.1675   4.649e-06  p
clknet_leaf_19_clk          1.80    0.028    0.500    0.1000   4.609e-06  a
clknet_0_net640             1.80    0.019    0.502    0.1464   4.453e-06  p
net256                      1.80    0.016    0.503    0.1675   4.408e-06  p
clknet_leaf_32_clk          1.80    0.027    0.500    0.1000   4.371e-06  a
net420                      1.80    0.029    0.416    0.0933   4.344e-06  p
clknet_leaf_35_clk          1.80    0.026    0.500    0.1000   4.274e-06  a
clknet_leaf_14_clk          1.80    0.026    0.500    0.1000   4.218e-06  a
clknet_leaf_28_clk          1.80    0.026    0.500    0.1000   4.183e-06  a
clknet_leaf_4_clk           1.80    0.025    0.500    0.1000   4.092e-06  a
clknet_leaf_21_clk          1.80    0.025    0.500    0.1000   4.039e-06  a
clknet_leaf_13_clk          1.80    0.025    0.500    0.1000   3.989e-06  a
clknet_0_net566             1.80    0.019    0.488    0.1248   3.928e-06  p
net272                      1.80    0.024    0.492    0.1024   3.913e-06  p
clknet_leaf_26_clk          1.80    0.024    0.500    0.1000   3.875e-06  a
clknet_leaf_31_clk          1.80    0.023    0.500    0.1000   3.799e-06  a
clknet_1_0__leaf_net321     1.80    0.013    0.411    0.1765   3.768e-06  p
net271                      1.80    0.029    0.523    0.0807   3.764e-06  p
clknet_leaf_3_clk           1.80    0.023    0.500    0.1000   3.753e-06  a
clknet_leaf_15_clk          1.80    0.023    0.500    0.1000   3.750e-06  a
net50                       1.80    0.011    0.641    0.2038   3.724e-06  p
net145                      1.80    0.019    0.623    0.1227   3.715e-06  p
clknet_0_net287             1.80    0.018    0.460    0.1254   3.690e-06  p
net16                       1.80    0.016    0.669    0.1428   3.646e-06  p
clknet_1_1__leaf_net321     1.80    0.013    0.411    0.1765   3.623e-06  p
net321                      1.80    0.013    0.411    0.1765   3.590e-06  p
net788                      1.80    0.036    0.640    0.0611   3.567e-06  p
clknet_0_net525             1.80    0.022    0.559    0.0981   3.444e-06  p
clknet_1_0__leaf_net725     1.80    0.021    0.520    0.1024   3.417e-06  p
clknet_0_net725             1.80    0.020    0.520    0.1024   3.339e-06  p
clknet_0_net190             1.80    0.021    0.503    0.0995   3.325e-06  p
clknet_0_net186             1.80    0.020    0.495    0.1010   3.284e-06  p
clknet_1_1__leaf_net525     1.80    0.021    0.559    0.0981   3.267e-06  p
clknet_0_net724             1.80    0.020    0.469    0.0991   3.231e-06  p
net401                      1.80    0.021    0.381    0.0965   3.226e-06  p
net19                       1.80    0.020    0.500    0.1000   3.223e-06  a
clknet_0_net726             1.80    0.020    0.672    0.1016   3.217e-06  p
clknet_leaf_18_clk          1.80    0.020    0.500    0.1000   3.207e-06  a
clknet_leaf_17_clk          1.80    0.020    0.500    0.1000   3.192e-06  a
clknet_0_net319             1.80    0.019    0.590    0.1012   3.184e-06  p
net246                      1.80    0.010    0.502    0.1896   3.140e-06  p
net128                      1.80    0.007    0.501    0.2740   3.137e-06  p
clknet_0_net194             1.80    0.019    0.409    0.0992   3.125e-06  p
clknet_1_0__leaf_net519     1.80    0.031    0.314    0.0612   3.118e-06  p
clknet_0_net264             1.80    0.018    0.460    0.1053   3.113e-06  p
clknet_1_0__leaf_net186     1.80    0.019    0.495    0.1010   3.106e-06  p
clknet_0_net185             1.80    0.019    0.495    0.1010   3.101e-06  p
clknet_1_1__leaf_net726     1.80    0.019    0.672    0.1016   3.076e-06  p
net255                      1.80    0.010    0.354    0.1904   3.057e-06  p
net800                      1.80    0.019    0.500    0.1000   3.032e-06  a
clknet_leaf_5_clk           1.80    0.019    0.500    0.1000   3.030e-06  a
net682                      1.80    0.024    0.463    0.0766   3.023e-06  p
clknet_0_net523             1.80    0.019    0.423    0.0956   3.019e-06  p
net21                       1.80    0.008    0.504    0.2272   2.994e-06  p
net7                        1.80    0.015    0.615    0.1225   2.963e-06  p
clknet_1_1__leaf_net519     1.80    0.030    0.314    0.0612   2.963e-06  p
net802                      1.80    0.018    0.500    0.1000   2.948e-06  a
net566                      1.80    0.014    0.488    0.1248   2.919e-06  p
net4                        1.80    0.009    0.498    0.1915   2.892e-06  p
net799                      1.80    0.018    0.500    0.1000   2.862e-06  a
net204                      1.80    0.041    0.424    0.0432   2.834e-06  p
net299                      1.80    0.031    0.292    0.0572   2.830e-06  p
net640                      1.80    0.012    0.502    0.1464   2.820e-06  p
clknet_leaf_36_clk          1.80    0.017    0.500    0.1000   2.814e-06  a
net2                        1.80    0.014    0.623    0.1227   2.793e-06  p
clknet_0_net527             1.80    0.018    0.423    0.0956   2.787e-06  p
clknet_1_0__leaf_net523     1.80    0.018    0.423    0.0956   2.784e-06  p
clknet_0_net530             1.80    0.018    0.554    0.0962   2.754e-06  p
clknet_0_net284             1.80    0.020    0.620    0.0861   2.736e-06  p
net637                      1.80    0.017    0.495    0.1007   2.702e-06  p
clknet_leaf_37_clk          1.80    0.017    0.500    0.1000   2.680e-06  a
net24                       1.80    0.018    0.397    0.0886   2.603e-06  p
clknet_1_0__leaf_net566     1.80    0.013    0.488    0.1248   2.601e-06  p
clknet_0_net183             1.80    0.020    0.405    0.0806   2.581e-06  p
clknet_0_net308             1.80    0.019    0.410    0.0815   2.564e-06  p
net135                      1.80    0.008    0.502    0.1896   2.548e-06  p
clknet_leaf_33_clk          1.80    0.016    0.500    0.1000   2.523e-06  a
clknet_1_1__leaf_net186     1.80    0.015    0.495    0.1010   2.520e-06  p
clknet_leaf_10_clk          1.80    0.016    0.500    0.1000   2.515e-06  a
clknet_leaf_24_clk          1.80    0.015    0.500    0.1000   2.510e-06  a
clknet_1_0__leaf_net248     1.80    0.009    0.497    0.1675   2.495e-06  p
net301                      1.80    0.026    0.701    0.0602   2.492e-06  p
clknet_0_net285             1.80    0.018    0.383    0.0837   2.469e-06  p
clknet_0_net191             1.80    0.019    0.416    0.0815   2.445e-06  p
clknet_1_1__leaf_net566     1.80    0.012    0.488    0.1248   2.439e-06  p
clknet_0_net727             1.80    0.021    0.192    0.0732   2.431e-06  p
net113                      1.80    0.005    0.488    0.2731   2.424e-06  p
clknet_0_net251             1.80    0.020    0.368    0.0754   2.416e-06  p
net841                      1.80    0.063    0.488    0.0236   2.415e-06  p
net248                      1.80    0.009    0.497    0.1675   2.414e-06  p
net51                       1.80    0.018    0.021    0.0845   2.412e-06  p
clknet_1_0__leaf_net183     1.80    0.018    0.405    0.0806   2.412e-06  p
clknet_0_net709             1.80    0.019    0.391    0.0785   2.393e-06  p
net146                      1.80    0.022    0.223    0.0677   2.369e-06  p
clknet_0_net278             1.80    0.018    0.372    0.0797   2.353e-06  p
net116                      1.80    0.005    0.496    0.2744   2.321e-06  p
clknet_0_net714             1.80    0.019    0.761    0.0748   2.310e-06  p
clknet_0_net779             1.80    0.019    0.368    0.0754   2.285e-06  p
clknet_leaf_34_clk          1.80    0.014    0.500    0.1000   2.270e-06  a
net564                      1.80    0.045    0.287    0.0305   2.235e-06  p
clknet_1_0__leaf_net724     1.80    0.014    0.469    0.0991   2.226e-06  p
clknet_leaf_22_clk          1.80    0.014    0.500    0.1000   2.218e-06  a
clknet_1_1__leaf_net248     1.80    0.008    0.497    0.1675   2.212e-06  p
net435                      1.80    0.015    0.416    0.0933   2.198e-06  p
clknet_1_0__leaf_net709     1.80    0.017    0.391    0.0785   2.193e-06  p
net252                      1.80    0.008    0.497    0.1675   2.185e-06  p
net467                      1.80    0.028    0.550    0.0472   2.177e-06  p
clknet_0_net519             1.80    0.022    0.314    0.0612   2.162e-06  p
net344                      1.80    0.036    0.625    0.0369   2.160e-06  p
clknet_1_1__leaf_net183     1.80    0.017    0.405    0.0806   2.160e-06  p
net441                      1.80    0.022    0.701    0.0602   2.141e-06  p
net186                      1.80    0.013    0.495    0.1010   2.136e-06  p
net287                      1.80    0.010    0.460    0.1254   2.127e-06  p
clknet_0_net518             1.80    0.018    0.363    0.0710   2.054e-06  p
net190                      1.80    0.013    0.503    0.0995   2.041e-06  p
net678                      1.80    0.022    0.753    0.0566   2.017e-06  p
clknet_1_1__leaf_net284     1.80    0.014    0.620    0.0861   2.007e-06  p
clknet_1_0__leaf_net521     1.80    0.024    0.733    0.0512   2.000e-06  p
clknet_1_1__leaf_net530     1.80    0.013    0.554    0.0962   1.976e-06  p
net425                      1.80    0.008    0.467    0.1424   1.934e-06  p
net543                      1.80    0.025    0.496    0.0464   1.893e-06  p
net118                      1.80    0.003    0.500    0.3460   1.891e-06  p
net148                      1.80    0.010    0.599    0.1161   1.870e-06  p
net8                        1.80    0.009    0.615    0.1225   1.860e-06  p
clknet_1_0__leaf_net640     1.80    0.008    0.502    0.1464   1.849e-06  p
net525                      1.80    0.012    0.559    0.0981   1.849e-06  p
net883                      1.80    0.011    0.505    0.1007   1.847e-06  p
net655                      1.80    0.055    0.541    0.0206   1.828e-06  p
net546                      1.80    0.030    0.302    0.0364   1.762e-06  p
net453                      1.80    0.014    0.552    0.0761   1.761e-06  p
clknet_1_1__leaf_net194     1.80    0.011    0.409    0.0992   1.760e-06  p
net278                      1.80    0.013    0.372    0.0797   1.739e-06  p
clknet_1_1__leaf_net709     1.80    0.014    0.391    0.0785   1.726e-06  p
net540                      1.80    0.025    0.608    0.0430   1.715e-06  p
clknet_0_net524             1.80    0.021    0.243    0.0498   1.696e-06  p
net936                      1.80    0.045    0.206    0.0233   1.694e-06  p
clknet_1_0__leaf_net255     1.80    0.005    0.354    0.1904   1.673e-06  p
net343                      1.80    0.028    0.625    0.0369   1.671e-06  p
net36                       1.80    0.008    0.511    0.1281   1.670e-06  p
net422                      1.80    0.010    0.412    0.0999   1.653e-06  p
net14                       1.80    0.006    0.394    0.1660   1.642e-06  p
clknet_0_net521             1.80    0.020    0.733    0.0512   1.637e-06  p
net231                      1.80    0.026    0.527    0.0390   1.631e-06  p
net112                      1.80    0.005    0.500    0.1928   1.621e-06  p
net179                      1.80    0.010    0.789    0.0973   1.619e-06  p
net57                       1.80    0.012    0.979    0.0858   1.603e-06  p
net227                      1.80    0.038    0.217    0.0259   1.603e-06  p
net264                      1.80    0.009    0.460    0.1053   1.598e-06  p
net247                      1.80    0.038    0.495    0.0256   1.571e-06  pm
net726                      1.80    0.010    0.672    0.1016   1.564e-06  p
net1                        1.80    0.005    0.498    0.1915   1.551e-06  p
net3                        1.80    0.009    0.498    0.1016   1.543e-06  p
clknet_0_net520             1.80    0.019    0.243    0.0498   1.515e-06  p
net798                      1.80    0.009    0.500    0.1000   1.512e-06  a
net319                      1.80    0.009    0.590    0.1012   1.496e-06  p
clknet_1_0__leaf_net251     1.80    0.012    0.368    0.0754   1.493e-06  p
net724                      1.80    0.009    0.469    0.0991   1.492e-06  p
net539                      1.80    0.018    0.359    0.0516   1.483e-06  p
clknet_1_1__leaf_net727     1.80    0.012    0.192    0.0732   1.467e-06  p
net284                      1.80    0.011    0.620    0.0861   1.466e-06  p
net527                      1.80    0.009    0.423    0.0956   1.462e-06  p
clknet_1_1__leaf_net521     1.80    0.018    0.733    0.0512   1.461e-06  p
net183                      1.80    0.011    0.405    0.0806   1.458e-06  p
net576                      1.80    0.028    0.780    0.0327   1.458e-06  p
net213                      1.80    0.016    0.769    0.0558   1.445e-06  p
net805                      1.80    0.009    0.500    0.1000   1.438e-06  a
net523                      1.80    0.009    0.423    0.0956   1.435e-06  p
net460                      1.80    0.029    0.287    0.0305   1.419e-06  p
net285                      1.80    0.010    0.383    0.0837   1.414e-06  p
net530                      1.80    0.009    0.554    0.0962   1.413e-06  p
net0                        1.80    0.005    0.492    0.1889   1.406e-06  p
net553                      1.80    0.064    0.876    0.0135   1.406e-06  p
net165                      1.80    0.026    0.253    0.0329   1.406e-06  p
net725                      1.80    0.008    0.520    0.1024   1.405e-06  p
net462                      1.80    0.018    0.550    0.0472   1.404e-06  p
net194                      1.80    0.009    0.409    0.0992   1.402e-06  p
net373                      1.80    0.019    0.668    0.0456   1.402e-06  p
net418                      1.80    0.019    0.704    0.0461   1.398e-06  p
clknet_0_net306             1.80    0.019    0.232    0.0451   1.395e-06  p
net701                      1.80    0.052    0.250    0.0165   1.395e-06  p
net709                      1.80    0.011    0.391    0.0785   1.394e-06  p
net185                      1.80    0.008    0.495    0.1010   1.390e-06  p
clknet_1_1__leaf_net523     1.80    0.009    0.423    0.0956   1.382e-06  p
net563                      1.80    0.028    0.287    0.0305   1.378e-06  p
net253                      1.80    0.009    0.838    0.0954   1.376e-06  p
net43                       1.80    0.006    0.646    0.1381   1.376e-06  p
clknet_leaf_6_clk           1.80    0.008    0.500    0.1000   1.375e-06  a
clknet_1_0__leaf_net287     1.80    0.007    0.460    0.1254   1.362e-06  p
net261                      1.80    0.008    0.504    0.1004   1.353e-06  p
clknet_1_0__leaf_net284     1.80    0.010    0.620    0.0861   1.345e-06  p
clknet_1_1__leaf_net287     1.80    0.007    0.460    0.1254   1.338e-06  p
clknet_1_1__leaf_net191     1.80    0.010    0.416    0.0815   1.334e-06  p
net218                      1.80    0.025    0.651    0.0331   1.328e-06  p
net44                       1.80    0.010    0.979    0.0858   1.322e-06  p
net161                      1.80    0.038    0.090    0.0214   1.311e-06  p
net779                      1.80    0.011    0.368    0.0754   1.297e-06  p
net215                      1.80    0.028    0.373    0.0288   1.297e-06  p
net417                      1.80    0.010    0.632    0.0762   1.296e-06  p
net119                      1.80    0.002    0.504    0.3458   1.287e-06  p
clknet_1_0__leaf_net779     1.80    0.010    0.368    0.0754   1.281e-06  p
net521                      1.80    0.015    0.733    0.0512   1.280e-06  p
clknet_1_1__leaf_net256     1.80    0.005    0.503    0.1675   1.263e-06  p
net649                      1.80    0.015    0.848    0.0516   1.259e-06  p
net114                      1.80    0.002    0.499    0.3445   1.257e-06  p
net644                      1.80    0.015    0.845    0.0516   1.257e-06  p
net438                      1.80    0.010    0.494    0.0803   1.251e-06  p
net378                      1.80    0.018    0.588    0.0422   1.240e-06  p
net254                      1.80    0.008    0.162    0.0954   1.237e-06  p
net639                      1.80    0.005    0.498    0.1464   1.235e-06  p
net74                       1.80    0.024    0.761    0.0313   1.193e-06  p
net354                      1.80    0.012    0.654    0.0623   1.187e-06  p
net47                       1.80    0.009    0.979    0.0858   1.186e-06  p
net300                      1.80    0.010    0.667    0.0703   1.186e-06  p
net201                      1.80    0.009    0.642    0.0806   1.184e-06  p
clknet_1_0__leaf_net319     1.80    0.007    0.590    0.1012   1.180e-06  p
net308                      1.80    0.009    0.410    0.0815   1.178e-06  p
net818                      1.80    0.007    0.500    0.1000   1.177e-06  a
net537                      1.80    0.021    0.723    0.0345   1.175e-06  p
net714                      1.80    0.010    0.761    0.0748   1.163e-06  p
net10                       1.80    0.007    0.466    0.0972   1.161e-06  p
net421                      1.80    0.013    0.263    0.0540   1.161e-06  p
net636                      1.80    0.007    0.495    0.1007   1.160e-06  p
net15                       1.80    0.008    0.516    0.0926   1.160e-06  p
net202                      1.80    0.023    0.575    0.0311   1.160e-06  p
net451                      1.80    0.013    0.641    0.0542   1.135e-06  p
net305                      1.80    0.008    0.369    0.0827   1.133e-06  p
net251                      1.80    0.009    0.368    0.0754   1.132e-06  p
net753                      1.80    0.007    0.500    0.1000   1.123e-06  a
net45                       1.80    0.008    0.979    0.0858   1.117e-06  p
net558                      1.80    0.019    0.718    0.0365   1.115e-06  p
net13                       1.80    0.009    0.628    0.0785   1.114e-06  p
clknet_0_net318             1.80    0.018    0.812    0.0382   1.111e-06  p
net191                      1.80    0.008    0.416    0.0815   1.110e-06  p
net569                      1.80    0.017    0.756    0.0399   1.102e-06  p
net367                      1.80    0.025    0.672    0.0276   1.099e-06  p
clknet_1_0__leaf_net278     1.80    0.008    0.372    0.0797   1.093e-06  p
clknet_1_0__leaf_net194     1.80    0.007    0.409    0.0992   1.090e-06  p
clknet_1_1__leaf_net319     1.80    0.007    0.590    0.1012   1.078e-06  p
clknet_1_0__leaf_net530     1.80    0.007    0.554    0.0962   1.078e-06  p
net727                      1.80    0.009    0.192    0.0732   1.064e-06  p
net257                      1.80    0.006    0.663    0.1130   1.060e-06  p
clknet_0_net794             1.80    0.018    0.170    0.0368   1.056e-06  p
clknet_1_0__leaf_net525     1.80    0.007    0.559    0.0981   1.038e-06  p
net643                      1.80    0.012    0.155    0.0516   1.037e-06  p
net411                      1.80    0.006    0.533    0.0991   1.030e-06  p
net437                      1.80    0.007    0.447    0.0875   1.022e-06  p
net447                      1.80    0.027    0.809    0.0233   1.015e-06  p
net518                      1.80    0.009    0.363    0.0710   1.015e-06  p
net273                      1.80    0.014    0.699    0.0451   1.001e-06  p
net46                       1.80    0.007    0.979    0.0858   1.000e-06  p
net434                      1.80    0.044    0.221    0.0139   9.945e-07  p
net656                      1.80    0.029    0.450    0.0209   9.940e-07  p
net365                      1.80    0.036    0.695    0.0170   9.888e-07  p
clknet_1_1__leaf_net725     1.80    0.006    0.520    0.1024   9.847e-07  p
net139                      1.80    0.025    0.488    0.0236   9.693e-07  p
net519                      1.80    0.010    0.314    0.0612   9.628e-07  p
net72                       1.80    0.040    0.591    0.0146   9.569e-07  p
net801                      1.80    0.006    0.500    0.1000   9.505e-07  a
net426                      1.80    0.008    0.523    0.0736   9.469e-07  p
net819                      1.80    0.006    0.500    0.1000   9.468e-07  a
net258                      1.80    0.005    0.337    0.1130   9.461e-07  p
net457                      1.80    0.020    0.204    0.0291   9.440e-07  p
net547                      1.80    0.023    0.819    0.0256   9.377e-07  p
net389                      1.80    0.031    0.462    0.0185   9.376e-07  p
net52                       1.80    0.007    0.021    0.0858   9.337e-07  p
clknet_1_0__leaf_net252     1.80    0.003    0.497    0.1675   9.261e-07  p
net398                      1.80    0.009    0.298    0.0616   9.210e-07  p
net132                      1.80    0.003    0.505    0.1888   9.207e-07  p
net638                      1.80    0.014    0.539    0.0389   9.118e-07  p
net804                      1.80    0.006    0.500    0.1000   9.073e-07  a
net956                      1.80    0.003    0.142    0.1684   9.037e-07  p
net9                        1.80    0.003    0.494    0.2106   9.027e-07  p
net55                       1.80    0.010    0.541    0.0562   8.987e-07  p
clknet_1_0__leaf_net520     1.80    0.011    0.243    0.0498   8.959e-07  p
net423                      1.80    0.012    0.826    0.0476   8.922e-07  p
net123                      1.80    0.003    0.142    0.1684   8.879e-07  p
net703                      1.80    0.019    0.571    0.0294   8.830e-07  p
net806                      1.80    0.005    0.500    0.1000   8.802e-07  a
clknet_0_net303             1.80    0.019    0.149    0.0283   8.800e-07  p
net653                      1.80    0.012    0.531    0.0459   8.794e-07  p
net394                      1.80    0.015    0.687    0.0361   8.763e-07  p
net289                      1.80    0.006    0.616    0.0828   8.696e-07  p
net121                      1.80    0.002    0.498    0.2697   8.678e-07  p
net452                      1.80    0.009    0.551    0.0613   8.653e-07  p
net11                       1.80    0.005    0.533    0.0972   8.612e-07  p
net811                      1.80    0.005    0.500    0.1000   8.406e-07  a
net351                      1.80    0.011    0.546    0.0478   8.405e-07  p
net813                      1.80    0.005    0.500    0.1000   8.377e-07  a
net427                      1.80    0.011    0.704    0.0461   8.372e-07  p
net812                      1.80    0.005    0.500    0.1000   8.365e-07  a
net586                      1.80    0.009    0.753    0.0567   8.354e-07  p
net25                       1.80    0.003    0.500    0.1852   8.349e-07  p
clknet_1_1__leaf_net518     1.80    0.007    0.363    0.0710   8.321e-07  p
net808                      1.80    0.005    0.500    0.1000   8.302e-07  a
net134                      1.80    0.003    0.751    0.1811   8.284e-07  p
clknet_1_1__leaf_net255     1.80    0.003    0.354    0.1904   8.277e-07  p
net746                      1.80    0.005    0.500    0.1000   8.277e-07  a
net884                      1.80    0.005    0.495    0.1007   8.205e-07  p
clknet_1_0__leaf_net191     1.80    0.006    0.416    0.0815   8.159e-07  p
net815                      1.80    0.005    0.500    0.1000   8.148e-07  a
net23                       1.80    0.006    0.602    0.0886   8.124e-07  pm
net150                      1.80    0.004    0.456    0.1308   8.053e-07  p
net538                      1.80    0.010    0.356    0.0513   7.902e-07  p
net149                      1.80    0.005    0.328    0.0906   7.898e-07  p
net405                      1.80    0.006    0.359    0.0807   7.898e-07  p
net290                      1.80    0.006    0.384    0.0828   7.888e-07  p
net928                      1.80    0.005    0.504    0.1004   7.857e-07  p
clknet_1_0__leaf_net726     1.80    0.005    0.672    0.1016   7.817e-07  p
clknet_1_0__leaf_net190     1.80    0.005    0.503    0.0995   7.788e-07  p
net927                      1.80    0.010    0.174    0.0473   7.750e-07  p
net654                      1.80    0.008    0.433    0.0593   7.681e-07  p
net274                      1.80    0.010    0.301    0.0451   7.661e-07  p
net614                      1.80    0.011    0.355    0.0445   7.642e-07  p
net585                      1.80    0.008    0.247    0.0567   7.549e-07  p
net136                      1.80    0.020    0.488    0.0236   7.524e-07  p
net677                      1.80    0.008    0.753    0.0566   7.319e-07  p
net369                      1.80    0.021    0.772    0.0216   7.315e-07  p
net520                      1.80    0.009    0.243    0.0498   7.306e-07  p
clknet_1_0__leaf_net527     1.80    0.005    0.423    0.0956   7.306e-07  p
net545                      1.80    0.033    0.876    0.0135   7.293e-07  p
net409                      1.80    0.007    0.558    0.0677   7.284e-07  p
net396                      1.80    0.008    0.501    0.0546   7.227e-07  p
clknet_1_1__leaf_net520     1.80    0.009    0.243    0.0498   7.197e-07  p
net524                      1.80    0.009    0.243    0.0498   7.187e-07  p
net5                        1.80    0.002    0.496    0.1935   7.156e-07  p
net262                      1.80    0.005    0.616    0.0862   7.122e-07  p
net399                      1.80    0.007    0.702    0.0616   7.099e-07  p
net279                      1.80    0.012    0.366    0.0363   7.059e-07  p
net683                      1.80    0.021    0.787    0.0208   7.021e-07  p
clknet_0_net710             1.80    0.018    0.275    0.0243   6.919e-07  p
net268                      1.80    0.004    0.286    0.0949   6.916e-07  p
net307                      1.80    0.006    0.340    0.0733   6.863e-07  p
net328                      1.80    0.012    0.892    0.0339   6.841e-07  p
net858                      1.80    0.005    0.979    0.0858   6.833e-07  p
net73                       1.80    0.013    0.761    0.0313   6.819e-07  p
clknet_1_1__leaf_net252     1.80    0.003    0.497    0.1675   6.803e-07  p
net542                      1.80    0.018    0.206    0.0233   6.737e-07  p
net49                       1.80    0.005    0.979    0.0858   6.695e-07  p
net242                      1.80    0.013    0.621    0.0312   6.693e-07  p
net306                      1.80    0.009    0.232    0.0451   6.627e-07  p
clknet_1_1__leaf_net779     1.80    0.005    0.368    0.0754   6.571e-07  p
clknet_1_1__leaf_net640     1.80    0.003    0.502    0.1464   6.562e-07  p
clknet_1_0__leaf_net727     1.80    0.006    0.192    0.0732   6.560e-07  p
clknet_1_1__leaf_net524     1.80    0.008    0.243    0.0498   6.544e-07  p
net225                      1.80    0.012    0.651    0.0331   6.483e-07  p
net380                      1.80    0.007    0.526    0.0554   6.480e-07  p
net865                      1.80    0.009    0.301    0.0451   6.472e-07  p
net702                      1.80    0.012    0.432    0.0326   6.471e-07  p
net163                      1.80    0.012    0.253    0.0329   6.435e-07  p
net613                      1.80    0.011    0.719    0.0364   6.425e-07  p
net950                      1.80    0.008    0.155    0.0516   6.410e-07  p
clknet_1_0__leaf_net264     1.80    0.004    0.460    0.1053   6.406e-07  p
clknet_1_0__leaf_net185     1.80    0.004    0.495    0.1010   6.391e-07  p
net283                      1.80    0.010    0.134    0.0397   6.363e-07  p
net270                      1.80    0.003    0.557    0.1263   6.345e-07  p
net646                      1.80    0.004    0.387    0.0883   6.331e-07  p
clknet_1_1__leaf_net285     1.80    0.005    0.383    0.0837   6.317e-07  p
net632                      1.80    0.022    0.598    0.0178   6.307e-07  pm
net155                      1.80    0.004    0.384    0.0905   6.299e-07  p
net142                      1.80    0.002    0.499    0.1630   6.272e-07  p
net17                       1.80    0.004    0.495    0.0997   6.265e-07  p
net147                      1.80    0.003    0.434    0.1386   6.264e-07  p
clknet_0_net187             1.80    0.020    0.096    0.0192   6.254e-07  p
net152                      1.80    0.003    0.591    0.1270   6.246e-07  p
net318                      1.80    0.010    0.812    0.0382   6.225e-07  p
net783                      1.80    0.007    0.704    0.0574   6.201e-07  p
net814                      1.80    0.004    0.500    0.1000   6.195e-07  a
net414                      1.80    0.004    0.646    0.0984   6.121e-07  p
net357                      1.80    0.013    0.671    0.0289   6.039e-07  p
net684                      1.80    0.018    0.213    0.0208   5.951e-07  p
net352                      1.80    0.007    0.595    0.0488   5.885e-07  p
clknet_0_net188             1.80    0.018    0.949    0.0199   5.820e-07  p
net704                      1.80    0.008    0.653    0.0465   5.790e-07  p
clknet_1_1__leaf_net251     1.80    0.005    0.368    0.0754   5.744e-07  p
net794                      1.80    0.010    0.170    0.0368   5.733e-07  p
net864                      1.80    0.005    0.340    0.0733   5.675e-07  p
net33                       1.80    0.011    0.321    0.0309   5.665e-07  p
net631                      1.80    0.008    0.608    0.0430   5.640e-07  p
net686                      1.80    0.014    0.671    0.0249   5.627e-07  p
net41                       1.80    0.003    0.727    0.1259   5.616e-07  p
net580                      1.80    0.010    0.276    0.0339   5.594e-07  p
net449                      1.80    0.009    0.438    0.0393   5.590e-07  p
net280                      1.80    0.006    0.245    0.0613   5.586e-07  p
net455                      1.80    0.005    0.500    0.0697   5.581e-07  p
net154                      1.80    0.005    0.597    0.0654   5.568e-07  p
net816                      1.80    0.003    0.500    0.1000   5.568e-07  a
net828                      1.80    0.026    0.248    0.0132   5.550e-07  p
net68                       1.80    0.021    0.594    0.0166   5.521e-07  p
net412                      1.80    0.009    0.528    0.0389   5.441e-07  p
net138                      1.80    0.003    0.231    0.1157   5.440e-07  p
net178                      1.80    0.027    0.803    0.0125   5.428e-07  p
net162                      1.80    0.029    0.820    0.0117   5.413e-07  p
net157                      1.80    0.016    0.090    0.0214   5.413e-07  p
net693                      1.80    0.006    0.753    0.0566   5.326e-07  p
net440                      1.80    0.018    0.591    0.0180   5.284e-07  p
net249                      1.80    0.013    0.497    0.0258   5.277e-07  p
net488                      1.80    0.012    0.221    0.0268   5.264e-07  p
net324                      1.80    0.026    0.939    0.0124   5.206e-07  p
net277                      1.80    0.009    0.193    0.0372   5.196e-07  p
net54                       1.80    0.006    0.177    0.0579   5.190e-07  p
net184                      1.80    0.014    0.839    0.0221   5.150e-07  p
net228                      1.80    0.024    0.632    0.0132   5.131e-07  p
net330                      1.80    0.024    0.074    0.0133   5.127e-07  p
net803                      1.80    0.003    0.500    0.1000   5.103e-07  a
net160                      1.80    0.015    0.090    0.0214   5.102e-07  p
net660                      1.80    0.015    0.450    0.0209   5.087e-07  p
clknet_1_1__leaf_net278     1.80    0.004    0.372    0.0797   5.031e-07  p
clknet_1_0__leaf_net308     1.80    0.004    0.410    0.0815   5.025e-07  p
net589                      1.80    0.031    0.216    0.0100   5.018e-07  p
net83                       1.80    0.019    0.836    0.0159   5.007e-07  p
clknet_1_0__leaf_net524     1.80    0.006    0.243    0.0498   4.935e-07  p
net141                      1.80    0.005    0.582    0.0635   4.930e-07  p
net235                      1.80    0.019    0.959    0.0163   4.901e-07  p
net681                      1.80    0.014    0.450    0.0209   4.889e-07  p
net898                      1.80    0.010    0.417    0.0305   4.877e-07  p
net130                      1.80    0.008    0.057    0.0392   4.874e-07  p
net817                      1.80    0.003    0.500    0.1000   4.859e-07  a
net64                       1.80    0.004    0.979    0.0843   4.831e-07  p
net234                      1.80    0.006    0.279    0.0529   4.827e-07  p
clknet_1_1__leaf_net185     1.80    0.003    0.495    0.1010   4.802e-07  p
net489                      1.80    0.004    0.511    0.0691   4.777e-07  p
net899                      1.80    0.010    0.417    0.0305   4.745e-07  p
net320                      1.80    0.025    0.056    0.0118   4.732e-07  p
net408                      1.80    0.003    0.441    0.1012   4.717e-07  p
net214                      1.80    0.011    0.852    0.0264   4.686e-07  p
net513                      1.80    0.026    0.290    0.0113   4.685e-07  p
net666                      1.80    0.012    0.688    0.0250   4.670e-07  p
clknet_1_1__leaf_net724     1.80    0.003    0.469    0.0991   4.666e-07  p
clknet_1_0__leaf_net306     1.80    0.006    0.232    0.0451   4.653e-07  p
net705                      1.80    0.022    0.248    0.0132   4.644e-07  p
net269                      1.80    0.003    0.714    0.0949   4.637e-07  p
net129                      1.80    0.007    0.942    0.0395   4.617e-07  p
net133                      1.80    0.002    0.741    0.1517   4.556e-07  p
net18                       1.80    0.003    0.710    0.1110   4.538e-07  p
net156                      1.80    0.013    0.090    0.0214   4.528e-07  p
net661                      1.80    0.014    0.441    0.0207   4.525e-07  p
net371                      1.80    0.020    0.797    0.0141   4.513e-07  p
net679                      1.80    0.004    0.416    0.0713   4.494e-07  p
net71                       1.80    0.019    0.399    0.0148   4.493e-07  p
net634                      1.80    0.006    0.392    0.0430   4.490e-07  p
net710                      1.80    0.011    0.275    0.0243   4.478e-07  p
net56                       1.80    0.005    0.435    0.0547   4.478e-07  p
clknet_1_1__leaf_net264     1.80    0.003    0.460    0.1053   4.442e-07  p
net446                      1.80    0.017    0.488    0.0158   4.417e-07  p
net611                      1.80    0.020    0.201    0.0135   4.387e-07  p
net294                      1.80    0.003    0.312    0.0923   4.365e-07  p
net510                      1.80    0.015    0.518    0.0180   4.346e-07  p
net429                      1.80    0.006    0.179    0.0475   4.337e-07  p
net766                      1.80    0.003    0.021    0.0845   4.323e-07  p
net688                      1.80    0.004    0.234    0.0750   4.300e-07  p
net770                      1.80    0.010    0.217    0.0259   4.296e-07  p
net511                      1.80    0.014    0.473    0.0186   4.292e-07  p
net608                      1.80    0.024    0.226    0.0108   4.279e-07  p
net943                      1.80    0.003    0.384    0.0828   4.269e-07  p
net65                       1.80    0.003    0.595    0.0886   4.261e-07  p
net151                      1.80    0.004    0.813    0.0697   4.253e-07  p
net602                      1.80    0.026    0.216    0.0100   4.246e-07  p
net855                      1.80    0.004    0.640    0.0611   4.237e-07  p
net600                      1.80    0.007    0.701    0.0376   4.233e-07  p
net30                       1.80    0.012    0.090    0.0214   4.184e-07  p
net849                      1.80    0.022    0.056    0.0118   4.174e-07  p
net507                      1.80    0.010    0.490    0.0256   4.170e-07  p
net232                      1.80    0.010    0.279    0.0251   4.167e-07  p
net866                      1.80    0.002    0.170    0.1081   4.161e-07  p
net159                      1.80    0.012    0.090    0.0214   4.144e-07  p
net848                      1.80    0.008    0.491    0.0335   4.141e-07  p
net616                      1.80    0.017    0.578    0.0151   4.105e-07  p
net541                      1.80    0.011    0.206    0.0233   4.094e-07  p
net685                      1.80    0.008    0.266    0.0335   4.089e-07  p
net485                      1.80    0.013    0.129    0.0192   4.077e-07  p
net708                      1.80    0.010    0.305    0.0264   4.064e-07  p
net575                      1.80    0.002    0.477    0.1063   4.056e-07  p
net785                      1.80    0.009    0.080    0.0278   4.056e-07  p
net298                      1.80    0.016    0.366    0.0160   4.055e-07  p
net144                      1.80    0.011    0.488    0.0236   4.054e-07  p
net153                      1.80    0.005    0.135    0.0516   4.053e-07  p
net557                      1.80    0.006    0.295    0.0393   4.037e-07  p
clknet_1_1__leaf_net190     1.80    0.002    0.503    0.0995   4.020e-07  p
net934                      1.80    0.002    0.441    0.1014   4.000e-07  p
net404                      1.80    0.007    0.184    0.0369   3.986e-07  p
clknet_1_0__leaf_net518     1.80    0.003    0.363    0.0710   3.979e-07  p
net120                      1.80    0.002    0.170    0.1081   3.961e-07  p
net263                      1.80    0.002    0.609    0.1199   3.956e-07  p
net944                      1.80    0.025    0.150    0.0099   3.951e-07  p
net680                      1.80    0.012    0.450    0.0209   3.933e-07  p
net210                      1.80    0.018    0.343    0.0135   3.921e-07  p
net428                      1.80    0.021    0.087    0.0116   3.916e-07  p
net205                      1.80    0.006    0.424    0.0432   3.883e-07  p
net973                      1.80    0.003    0.372    0.0785   3.880e-07  p
net948                      1.80    0.018    0.631    0.0132   3.880e-07  p
net326                      1.80    0.019    0.073    0.0126   3.859e-07  p
net211                      1.80    0.010    0.452    0.0231   3.856e-07  p
net203                      1.80    0.008    0.417    0.0305   3.847e-07  p
net366                      1.80    0.017    0.341    0.0138   3.845e-07  p
net923                      1.80    0.013    0.473    0.0182   3.811e-07  p
net780                      1.80    0.006    0.215    0.0423   3.802e-07  p
net459                      1.80    0.008    0.704    0.0305   3.793e-07  p
net188                      1.80    0.012    0.949    0.0199   3.771e-07  p
net39                       1.80    0.011    0.986    0.0208   3.754e-07  p
net588                      1.80    0.019    0.247    0.0122   3.751e-07  p
net508                      1.80    0.009    0.490    0.0256   3.737e-07  p
net444                      1.80    0.024    0.053    0.0097   3.719e-07  p
net219                      1.80    0.007    0.651    0.0334   3.717e-07  p
clknet_0_net721             1.80    0.018    0.940    0.0126   3.714e-07  p
net260                      1.80    0.026    0.014    0.0089   3.708e-07  p
net767                      1.80    0.003    0.979    0.0851   3.707e-07  p
net303                      1.80    0.008    0.149    0.0283   3.689e-07  p
net67                       1.80    0.014    0.594    0.0166   3.676e-07  p
net419                      1.80    0.005    0.296    0.0457   3.650e-07  p
net551                      1.80    0.007    0.235    0.0346   3.647e-07  p
net926                      1.80    0.002    0.559    0.1014   3.633e-07  p
net904                      1.80    0.018    0.066    0.0124   3.610e-07  p
net416                      1.80    0.013    0.555    0.0171   3.598e-07  p
clknet_1_1__leaf_net306     1.80    0.005    0.232    0.0451   3.577e-07  p
net832                      1.80    0.011    0.575    0.0208   3.561e-07  p
net124                      1.80    0.013    0.974    0.0174   3.561e-07  p
net350                      1.80    0.013    0.840    0.0165   3.533e-07  p
clknet_1_1__leaf_net714     1.80    0.003    0.761    0.0748   3.530e-07  p
net745                      1.80    0.002    0.397    0.0887   3.526e-07  p
net471                      1.80    0.006    0.892    0.0339   3.524e-07  p
net893                      1.80    0.002    0.533    0.0972   3.507e-07  p
net699                      1.80    0.035    0.927    0.0062   3.502e-07  p
net648                      1.80    0.011    0.439    0.0204   3.486e-07  p
clknet_1_0__leaf_net710     1.80    0.009    0.275    0.0243   3.475e-07  p
net450                      1.80    0.005    0.554    0.0389   3.463e-07  p
net868                      1.80    0.003    0.440    0.0678   3.451e-07  p
net807                      1.80    0.002    0.500    0.1000   3.442e-07  a
clknet_1_1__leaf_net527     1.80    0.002    0.423    0.0956   3.384e-07  p
net480                      1.80    0.006    0.496    0.0334   3.382e-07  p
net206                      1.80    0.016    0.925    0.0131   3.366e-07  p
net407                      1.80    0.002    0.559    0.1012   3.354e-07  p
net825                      1.80    0.028    0.718    0.0073   3.349e-07  p
net349                      1.80    0.015    0.919    0.0139   3.346e-07  p
net506                      1.80    0.017    0.548    0.0120   3.326e-07  p
net189                      1.80    0.011    0.899    0.0195   3.326e-07  p
net782                      1.80    0.003    0.525    0.0770   3.313e-07  p
clknet_1_0__leaf_net285     1.80    0.002    0.383    0.0837   3.304e-07  p
net833                      1.80    0.018    0.825    0.0111   3.300e-07  p
net221                      1.80    0.007    0.436    0.0310   3.289e-07  p
net187                      1.80    0.011    0.096    0.0192   3.279e-07  p
net512                      1.80    0.011    0.485    0.0179   3.251e-07  p
clknet_1_0__leaf_net714     1.80    0.003    0.761    0.0748   3.246e-07  p
net82                       1.80    0.013    0.164    0.0159   3.245e-07  p
net325                      1.80    0.015    0.927    0.0133   3.234e-07  p
net250                      1.80    0.014    0.743    0.0141   3.233e-07  p
net309                      1.80    0.003    0.685    0.0581   3.202e-07  p
net667                      1.80    0.008    0.307    0.0245   3.195e-07  p
clknet_1_1__leaf_net308     1.80    0.002    0.410    0.0815   3.184e-07  p
net410                      1.80    0.003    0.440    0.0678   3.175e-07  p
net479                      1.80    0.004    0.498    0.0459   3.173e-07  p
net971                      1.80    0.004    0.296    0.0457   3.163e-07  p
net668                      1.80    0.008    0.652    0.0249   3.160e-07  p
net896                      1.80    0.018    0.656    0.0109   3.130e-07  p
net229                      1.80    0.005    0.527    0.0390   3.125e-07  p
net170                      1.80    0.021    0.202    0.0092   3.124e-07  p
net615                      1.80    0.004    0.351    0.0469   3.120e-07  p
net172                      1.80    0.014    0.202    0.0139   3.101e-07  p
net62                       1.80    0.002    0.021    0.0858   3.088e-07  p
net834                      1.80    0.010    0.522    0.0182   3.088e-07  p
net286                      1.80    0.004    0.301    0.0451   3.080e-07  p
net192                      1.80    0.010    0.096    0.0192   3.073e-07  p
net941                      1.80    0.003    0.435    0.0547   3.064e-07  p
net223                      1.80    0.022    0.152    0.0085   3.054e-07  p
net659                      1.80    0.008    0.074    0.0242   3.040e-07  p
net573                      1.80    0.019    0.216    0.0100   3.032e-07  p
net267                      1.80    0.008    0.510    0.0227   3.031e-07  p
net652                      1.80    0.004    0.469    0.0459   3.019e-07  p
net12                       1.80    0.002    0.372    0.0785   3.008e-07  p
net458                      1.80    0.006    0.796    0.0291   2.999e-07  p
net955                      1.80    0.015    0.939    0.0121   2.988e-07  p
net706                      1.80    0.012    0.553    0.0158   2.988e-07  p
net840                      1.80    0.068    0.974    0.0027   2.981e-07  p
net66                       1.80    0.002    0.600    0.0833   2.962e-07  p
net216                      1.80    0.002    0.590    0.0744   2.946e-07  p
net651                      1.80    0.003    0.722    0.0575   2.945e-07  p
net526                      1.80    0.003    0.640    0.0611   2.939e-07  p
clknet_1_0__leaf_net187     1.80    0.009    0.096    0.0192   2.893e-07  p
net222                      1.80    0.005    0.844    0.0364   2.883e-07  p
net208                      1.80    0.006    0.417    0.0305   2.878e-07  p
net734                      1.80    0.003    0.413    0.0642   2.874e-07  p
net372                      1.80    0.010    0.995    0.0182   2.873e-07  p
net911                      1.80    0.008    0.096    0.0218   2.872e-07  p
net908                      1.80    0.004    0.496    0.0475   2.872e-07  p
net443                      1.80    0.006    0.426    0.0317   2.835e-07  p
net336                      1.80    0.008    0.546    0.0217   2.834e-07  p
clknet_1_0__leaf_net794     1.80    0.005    0.170    0.0368   2.817e-07  p
net718                      1.80    0.003    0.692    0.0663   2.814e-07  p
net599                      1.80    0.020    0.172    0.0088   2.804e-07  p
net400                      1.80    0.009    0.530    0.0186   2.785e-07  p
net567                      1.80    0.017    0.150    0.0099   2.784e-07  p
net370                      1.80    0.012    0.203    0.0141   2.773e-07  p
clknet_0_net733             1.80    0.018    0.958    0.0096   2.749e-07  p
net477                      1.80    0.022    0.879    0.0078   2.726e-07  p
net63                       1.80    0.002    0.021    0.0843   2.688e-07  p
net406                      1.80    0.002    0.640    0.0805   2.660e-07  p
net912                      1.80    0.009    0.590    0.0184   2.660e-07  p
net827                      1.80    0.014    0.546    0.0115   2.647e-07  p
net691                      1.80    0.007    0.811    0.0241   2.643e-07  p
net486                      1.80    0.008    0.129    0.0192   2.629e-07  p
net647                      1.80    0.003    0.734    0.0571   2.627e-07  p
net514                      1.80    0.015    0.175    0.0111   2.627e-07  p
net339                      1.80    0.003    0.205    0.0504   2.605e-07  p
clknet_1_1__leaf_net187     1.80    0.008    0.096    0.0192   2.597e-07  p
net712                      1.80    0.006    0.763    0.0269   2.592e-07  p
net985                      1.80    0.009    0.473    0.0182   2.588e-07  p
net696                      1.80    0.010    0.622    0.0163   2.573e-07  p
net895                      1.80    0.005    0.155    0.0325   2.567e-07  p
net793                      1.80    0.002    0.369    0.0774   2.566e-07  p
net669                      1.80    0.006    0.348    0.0249   2.549e-07  p
net857                      1.80    0.003    0.177    0.0578   2.540e-07  p
net37                       1.80    0.002    0.199    0.0677   2.537e-07  p
net448                      1.80    0.008    0.842    0.0184   2.484e-07  p
net140                      1.80    0.003    0.234    0.0570   2.470e-07  p
net220                      1.80    0.004    0.408    0.0398   2.413e-07  p
net281                      1.80    0.002    0.468    0.0639   2.407e-07  p
net403                      1.80    0.004    0.816    0.0369   2.397e-07  p
net282                      1.80    0.021    0.017    0.0071   2.390e-07  p
net415                      1.80    0.009    0.555    0.0171   2.373e-07  p
net35                       1.80    0.007    0.369    0.0210   2.371e-07  p
net291                      1.80    0.003    0.372    0.0490   2.361e-07  p
net771                      1.80    0.007    0.129    0.0192   2.325e-07  p
net32                       1.80    0.008    0.253    0.0168   2.315e-07  p
net836                      1.80    0.012    0.445    0.0116   2.303e-07  p
net484                      1.80    0.008    0.460    0.0172   2.258e-07  p
net338                      1.80    0.006    0.464    0.0232   2.252e-07  p
net663                      1.80    0.010    0.450    0.0144   2.235e-07  p
net233                      1.80    0.005    0.721    0.0251   2.232e-07  p
net658                      1.80    0.002    0.599    0.0659   2.232e-07  p
net454                      1.80    0.008    0.505    0.0164   2.221e-07  p
net193                      1.80    0.007    0.904    0.0192   2.204e-07  p
net29                       1.80    0.007    0.081    0.0205   2.199e-07  p
net40                       1.80    0.002    0.154    0.0563   2.196e-07  p
clknet_1_0__leaf_net188     1.80    0.007    0.949    0.0199   2.196e-07  p
net755                      1.80    0.007    0.591    0.0180   2.183e-07  p
net692                      1.80    0.008    0.679    0.0161   2.173e-07  p
net533                      1.80    0.004    0.278    0.0344   2.173e-07  p
net784                      1.80    0.002    0.292    0.0572   2.138e-07  p
clknet_1_1__leaf_net794     1.80    0.004    0.170    0.0368   2.136e-07  p
net342                      1.80    0.003    0.504    0.0405   2.118e-07  p
net862                      1.80    0.008    0.026    0.0172   2.097e-07  p
net167                      1.80    0.039    0.014    0.0033   2.092e-07  p
net182                      1.80    0.013    0.773    0.0098   2.084e-07  p
net379                      1.80    0.007    0.693    0.0193   2.081e-07  p
net665                      1.80    0.009    0.550    0.0144   2.077e-07  p
clknet_1_0__leaf_net318     1.80    0.003    0.812    0.0382   2.062e-07  p
net31                       1.80    0.007    0.737    0.0174   2.042e-07  p
net550                      1.80    0.002    0.447    0.0558   2.040e-07  p
net275                      1.80    0.005    0.091    0.0265   2.033e-07  p
net829                      1.80    0.004    0.714    0.0283   2.030e-07  p
net131                      1.80    0.004    0.968    0.0308   2.023e-07  p
net549                      1.80    0.005    0.635    0.0250   2.007e-07  p
net552                      1.80    0.004    0.876    0.0333   1.991e-07  p
net698                      1.80    0.009    0.891    0.0134   1.983e-07  p
net377                      1.80    0.009    0.741    0.0138   1.977e-07  p
net463                      1.80    0.007    0.842    0.0184   1.957e-07  p
net70                       1.80    0.007    0.594    0.0166   1.954e-07  p
net137                      1.80    0.005    0.488    0.0236   1.944e-07  p
net796                      1.80    0.003    0.414    0.0432   1.944e-07  p
net697                      1.80    0.003    0.713    0.0451   1.941e-07  p
clknet_1_0__leaf_net733     1.80    0.012    0.958    0.0096   1.932e-07  p
clknet_1_1__leaf_net318     1.80    0.003    0.812    0.0382   1.931e-07  p
net168                      1.80    0.005    0.922    0.0245   1.931e-07  p
net707                      1.80    0.006    0.560    0.0189   1.894e-07  p
net642                      1.80    0.006    0.430    0.0201   1.888e-07  p
clknet_1_1__leaf_net303     1.80    0.004    0.149    0.0283   1.882e-07  p
net535                      1.80    0.005    0.138    0.0240   1.876e-07  p
net747                      1.80    0.005    0.489    0.0236   1.876e-07  p
net906                      1.80    0.003    0.496    0.0334   1.870e-07  p
net340                      1.80    0.002    0.082    0.0492   1.867e-07  p
net591                      1.80    0.009    0.753    0.0122   1.865e-07  p
net641                      1.80    0.006    0.561    0.0204   1.861e-07  p
net433                      1.80    0.007    0.606    0.0174   1.854e-07  p
net386                      1.80    0.003    0.529    0.0432   1.852e-07  p
net361                      1.80    0.002    0.595    0.0488   1.838e-07  p
net491                      1.80    0.003    0.441    0.0368   1.833e-07  p
net505                      1.80    0.002    0.496    0.0475   1.805e-07  p
net368                      1.80    0.002    0.581    0.0474   1.800e-07  p
net353                      1.80    0.007    0.610    0.0166   1.791e-07  p
net662                      1.80    0.011    0.991    0.0103   1.784e-07  p
net605                      1.80    0.005    0.240    0.0220   1.756e-07  p
net385                      1.80    0.002    0.581    0.0539   1.750e-07  p
net390                      1.80    0.006    0.462    0.0185   1.750e-07  p
net240                      1.80    0.004    0.216    0.0259   1.706e-07  p
net259                      1.80    0.012    0.986    0.0089   1.702e-07  p
net756                      1.80    0.006    0.555    0.0171   1.695e-07  p
net334                      1.80    0.008    0.068    0.0134   1.695e-07  p
net288                      1.80    0.009    0.939    0.0121   1.687e-07  p
net897                      1.80    0.004    0.672    0.0276   1.683e-07  p
net476                      1.80    0.012    0.128    0.0083   1.675e-07  p
net529                      1.80    0.003    0.155    0.0325   1.670e-07  p
net673                      1.80    0.005    0.559    0.0207   1.665e-07  p
net436                      1.80    0.005    0.530    0.0216   1.659e-07  p
net721                      1.80    0.008    0.940    0.0126   1.649e-07  p
net672                      1.80    0.004    0.352    0.0247   1.645e-07  p
net499                      1.80    0.008    0.516    0.0126   1.642e-07  p
net297                      1.80    0.009    0.809    0.0108   1.640e-07  p
net375                      1.80    0.007    0.678    0.0137   1.634e-07  p
net574                      1.80    0.006    0.797    0.0156   1.632e-07  p
net78                       1.80    0.004    0.234    0.0254   1.631e-07  p
net720                      1.80    0.003    0.268    0.0325   1.615e-07  p
net534                      1.80    0.004    0.883    0.0243   1.614e-07  p
clknet_1_0__leaf_net303     1.80    0.004    0.149    0.0283   1.610e-07  p
net918                      1.80    0.009    0.133    0.0110   1.593e-07  p
net87                       1.80    0.006    0.712    0.0156   1.592e-07  p
net844                      1.80    0.007    0.816    0.0137   1.583e-07  p
net752                      1.80    0.004    0.497    0.0258   1.579e-07  p
clknet_0_net730             1.80    0.019    0.959    0.0051   1.566e-07  p
net490                      1.80    0.014    0.099    0.0069   1.560e-07  p
net173                      1.80    0.010    0.317    0.0100   1.545e-07  p
net754                      1.80    0.005    0.995    0.0176   1.545e-07  p
net381                      1.80    0.005    0.995    0.0182   1.544e-07  p
net391                      1.80    0.005    0.462    0.0185   1.544e-07  p
net528                      1.80    0.003    0.845    0.0325   1.538e-07  p
net676                      1.80    0.006    0.667    0.0148   1.535e-07  p
net481                      1.80    0.003    0.543    0.0378   1.533e-07  p
net871                      1.80    0.004    0.091    0.0265   1.526e-07  p
net341                      1.80    0.003    0.053    0.0298   1.520e-07  p
net393                      1.80    0.005    0.473    0.0182   1.518e-07  p
net125                      1.80    0.005    0.026    0.0172   1.517e-07  p
net921                      1.80    0.006    0.538    0.0157   1.493e-07  p
net842                      1.80    0.003    0.305    0.0264   1.487e-07  p
net424                      1.80    0.002    0.174    0.0473   1.482e-07  p
net831                      1.80    0.008    0.290    0.0113   1.480e-07  p
net445                      1.80    0.016    0.182    0.0057   1.478e-07  p
net974                      1.80    0.003    0.661    0.0308   1.478e-07  p
net929                      1.80    0.007    0.116    0.0134   1.478e-07  p
net887                      1.80    0.004    0.497    0.0258   1.473e-07  p
net570                      1.80    0.013    0.935    0.0068   1.467e-07  p
net594                      1.80    0.007    0.753    0.0122   1.461e-07  p
net733                      1.80    0.009    0.958    0.0096   1.461e-07  p
net749                      1.80    0.003    0.339    0.0308   1.451e-07  p
net387                      1.80    0.005    0.451    0.0191   1.449e-07  p
net954                      1.80    0.005    0.610    0.0166   1.445e-07  p
net495                      1.80    0.022    0.555    0.0041   1.441e-07  p
net207                      1.80    0.003    0.417    0.0305   1.438e-07  p
net700                      1.80    0.015    0.068    0.0059   1.433e-07  p
net171                      1.80    0.010    0.806    0.0084   1.423e-07  p
net239                      1.80    0.005    0.718    0.0162   1.418e-07  p
net606                      1.80    0.004    0.760    0.0220   1.417e-07  p
net748                      1.80    0.003    0.661    0.0308   1.398e-07  p
net924                      1.80    0.003    0.721    0.0251   1.386e-07  p
net874                      1.80    0.005    0.594    0.0166   1.386e-07  p
net970                      1.80    0.005    0.473    0.0186   1.370e-07  p
net969                      1.80    0.003    0.633    0.0273   1.369e-07  p
net84                       1.80    0.006    0.601    0.0148   1.364e-07  p
net69                       1.80    0.005    0.594    0.0166   1.361e-07  p
net932                      1.80    0.004    0.444    0.0217   1.361e-07  p
net795                      1.80    0.004    0.111    0.0228   1.359e-07  p
net397                      1.80    0.005    0.590    0.0184   1.346e-07  p
net890                      1.80    0.002    0.278    0.0344   1.342e-07  p
net236                      1.80    0.003    0.217    0.0259   1.336e-07  p
clknet_0_net97              1.80    0.019    0.983    0.0043   1.332e-07  p
net199                      1.80    0.007    0.066    0.0124   1.328e-07  p
net26                       1.80    0.004    0.903    0.0221   1.324e-07  p
net787                      1.80    0.007    0.866    0.0114   1.316e-07  p
net456                      1.80    0.004    0.611    0.0198   1.305e-07  p
net670                      1.80    0.006    0.552    0.0144   1.304e-07  p
net413                      1.80    0.002    0.735    0.0441   1.301e-07  p
net28                       1.80    0.004    0.919    0.0205   1.300e-07  p
net719                      1.80    0.003    0.345    0.0262   1.291e-07  p
net843                      1.80    0.003    0.305    0.0264   1.278e-07  p
net58                       1.80    0.002    0.253    0.0335   1.277e-07  p
net80                       1.80    0.005    0.288    0.0156   1.273e-07  p
net835                      1.80    0.006    0.267    0.0124   1.269e-07  p
net889                      1.80    0.002    0.266    0.0335   1.265e-07  p
net789                      1.80    0.002    0.496    0.0334   1.264e-07  p
net604                      1.80    0.006    0.706    0.0134   1.262e-07  p
net296                      1.80    0.024    0.014    0.0033   1.257e-07  p
net461                      1.80    0.010    0.879    0.0078   1.255e-07  p
net432                      1.80    0.004    0.384    0.0180   1.239e-07  p
net777                      1.80    0.005    0.595    0.0166   1.238e-07  p
net572                      1.80    0.002    0.661    0.0308   1.228e-07  p
net769                      1.80    0.004    0.787    0.0208   1.223e-07  p
net903                      1.80    0.004    0.591    0.0180   1.221e-07  p
net494                      1.80    0.016    0.435    0.0046   1.216e-07  p
net694                      1.80    0.008    0.857    0.0099   1.207e-07  p
net711                      1.80    0.003    0.237    0.0269   1.206e-07  p
net209                      1.80    0.006    0.290    0.0132   1.199e-07  p
net902                      1.80    0.007    0.821    0.0107   1.199e-07  p
net716                      1.80    0.005    0.512    0.0158   1.197e-07  p
net717                      1.80    0.002    0.820    0.0312   1.188e-07  p
net230                      1.80    0.003    0.217    0.0259   1.176e-07  p
net713                      1.80    0.003    0.765    0.0274   1.159e-07  p
clknet_0_net761             1.80    0.021    0.016    0.0035   1.159e-07  p
net536                      1.80    0.004    0.082    0.0198   1.158e-07  p
net900                      1.80    0.003    0.488    0.0236   1.156e-07  p
clknet_1_1__leaf_net710     1.80    0.003    0.275    0.0243   1.147e-07  p
net739                      1.80    0.008    0.051    0.0086   1.147e-07  p
net856                      1.80    0.008    0.836    0.0090   1.144e-07  p
net773                      1.80    0.003    0.541    0.0206   1.144e-07  p
net38                       1.80    0.004    0.287    0.0190   1.142e-07  p
net622                      1.80    0.004    0.466    0.0195   1.141e-07  p
net967                      1.80    0.004    0.253    0.0168   1.140e-07  p
net276                      1.80    0.003    0.114    0.0258   1.140e-07  p
net548                      1.80    0.004    0.754    0.0194   1.125e-07  p
net571                      1.80    0.002    0.339    0.0308   1.123e-07  p
net515                      1.80    0.003    0.740    0.0212   1.116e-07  p
net34                       1.80    0.003    0.622    0.0211   1.105e-07  p
clknet_0_net95              1.80    0.020    0.016    0.0035   1.105e-07  p
net304                      1.80    0.005    0.198    0.0126   1.103e-07  p
net916                      1.80    0.004    0.026    0.0172   1.102e-07  p
net81                       1.80    0.004    0.712    0.0156   1.099e-07  p
net77                       1.80    0.006    0.824    0.0108   1.097e-07  p
net986                      1.80    0.005    0.631    0.0132   1.096e-07  p
net837                      1.80    0.003    0.217    0.0259   1.095e-07  p
clknet_1_1__leaf_net721     1.80    0.005    0.940    0.0126   1.090e-07  p
net617                      1.80    0.003    0.896    0.0219   1.081e-07  p
net217                      1.80    0.002    0.633    0.0274   1.079e-07  p
net555                      1.80    0.003    0.621    0.0200   1.077e-07  p
net384                      1.80    0.003    0.867    0.0226   1.075e-07  p
clknet_0_net96              1.80    0.019    0.016    0.0035   1.073e-07  p
net738                      1.80    0.009    0.966    0.0074   1.064e-07  p
net382                      1.80    0.005    0.859    0.0123   1.054e-07  p
net60                       1.80    0.003    0.335    0.0205   1.052e-07  p
net487                      1.80    0.002    0.491    0.0335   1.048e-07  p
net776                      1.80    0.004    0.728    0.0183   1.046e-07  p
net200                      1.80    0.003    0.097    0.0192   1.042e-07  p
net671                      1.80    0.003    0.541    0.0209   1.038e-07  p
net958                      1.80    0.005    0.662    0.0123   1.038e-07  p
net966                      1.80    0.005    0.221    0.0139   1.033e-07  p
net675                      1.80    0.003    0.375    0.0204   1.031e-07  p
net888                      1.80    0.003    0.452    0.0225   1.029e-07  p
net496                      1.80    0.006    0.479    0.0109   1.025e-07  p
net930                      1.80    0.005    0.312    0.0137   1.011e-07  p
net869                      1.80    0.002    0.114    0.0258   1.004e-07  p
net61                       1.80    0.003    0.665    0.0205   1.002e-07  p
net853                      1.80    0.004    0.408    0.0162   1.002e-07  p
net760                      1.80    0.005    0.820    0.0117   9.951e-08  p
net237                      1.80    0.002    0.279    0.0251   9.825e-08  p
net961                      1.80    0.003    0.809    0.0233   9.745e-08  p
net730                      1.80    0.012    0.959    0.0051   9.680e-08  p
net972                      1.80    0.002    0.253    0.0335   9.518e-08  p
net907                      1.80    0.014    0.938    0.0042   9.501e-08  p
net316                      1.80    0.004    0.697    0.0159   9.485e-08  p
net623                      1.80    0.003    0.438    0.0184   9.444e-08  p
net577                      1.80    0.002    0.330    0.0272   9.341e-08  p
net442                      1.80    0.003    0.591    0.0180   9.323e-08  p
net992                      1.80    0.004    0.631    0.0132   9.197e-08  p
net786                      1.80    0.003    0.047    0.0169   9.137e-08  p
net174                      1.80    0.005    0.820    0.0117   9.119e-08  p
net664                      1.80    0.004    0.948    0.0136   9.090e-08  p
net687                      1.80    0.004    0.441    0.0145   9.066e-08  p
net951                      1.80    0.004    0.678    0.0137   9.065e-08  p
net618                      1.80    0.003    0.104    0.0219   8.981e-08  p
net892                      1.80    0.002    0.330    0.0272   8.974e-08  p
net590                      1.80    0.002    0.284    0.0233   8.934e-08  p
net870                      1.80    0.004    0.744    0.0141   8.918e-08  p
net880                      1.80    0.005    0.290    0.0113   8.846e-08  p
net492                      1.80    0.003    0.129    0.0192   8.832e-08  p
net949                      1.80    0.004    0.250    0.0135   8.714e-08  p
net522                      1.80    0.005    0.951    0.0098   8.610e-08  p
net76                       1.80    0.003    0.235    0.0156   8.557e-08  p
net310                      1.80    0.004    0.944    0.0124   8.509e-08  p
net850                      1.80    0.005    0.226    0.0108   8.504e-08  p
net501                      1.80    0.007    0.518    0.0075   8.495e-08  p
net195                      1.80    0.003    0.615    0.0196   8.477e-08  p
net597                      1.80    0.008    0.873    0.0063   8.461e-08  p
net85                       1.80    0.003    0.400    0.0149   8.446e-08  p
net609                      1.80    0.019    0.026    0.0027   8.393e-08  p
net772                      1.80    0.002    0.450    0.0209   8.376e-08  p
clknet_1_1__leaf_net188     1.80    0.003    0.949    0.0199   8.357e-08  p
net875                      1.80    0.003    0.594    0.0166   8.317e-08  p
net497                      1.80    0.003    0.187    0.0188   8.289e-08  p
net915                      1.80    0.003    0.466    0.0195   8.256e-08  p
net337                      1.80    0.002    0.453    0.0225   8.189e-08  p
net439                      1.80    0.009    0.182    0.0057   8.172e-08  p
net624                      1.80    0.007    0.949    0.0077   8.151e-08  p
net175                      1.80    0.004    0.123    0.0113   8.128e-08  p
net953                      1.80    0.003    0.995    0.0182   8.098e-08  p
net931                      1.80    0.003    0.462    0.0185   8.035e-08  p
net768                      1.80    0.002    0.213    0.0208   8.017e-08  p
net873                      1.80    0.002    0.398    0.0221   8.003e-08  p
net579                      1.80    0.008    0.858    0.0060   7.932e-08  p
net265                      1.80    0.004    0.131    0.0132   7.928e-08  p
net872                      1.80    0.002    0.104    0.0219   7.901e-08  p
net430                      1.80    0.004    0.330    0.0138   7.860e-08  p
net933                      1.80    0.005    0.787    0.0098   7.851e-08  p
net360                      1.80    0.003    0.840    0.0165   7.788e-08  p
net947                      1.80    0.002    0.352    0.0247   7.641e-08  p
net775                      1.80    0.003    0.462    0.0185   7.624e-08  p
net988                      1.80    0.003    0.744    0.0141   7.588e-08  p
net645                      1.80    0.002    0.398    0.0221   7.586e-08  p
net774                      1.80    0.003    0.531    0.0186   7.576e-08  p
net493                      1.80    0.002    0.129    0.0192   7.515e-08  p
net621                      1.80    0.002    0.534    0.0195   7.508e-08  p
net625                      1.80    0.007    0.051    0.0071   7.501e-08  p
net922                      1.80    0.002    0.369    0.0210   7.488e-08  p
net740                      1.80    0.006    0.966    0.0074   7.454e-08  p
net607                      1.80    0.017    0.026    0.0027   7.444e-08  p
net732                      1.80    0.016    0.955    0.0029   7.362e-08  p
net909                      1.80    0.006    0.482    0.0075   7.355e-08  p
net975                      1.80    0.003    0.836    0.0159   7.269e-08  p
net715                      1.80    0.003    0.488    0.0158   7.228e-08  p
clknet_1_0__leaf_net730     1.80    0.009    0.959    0.0051   7.221e-08  p
net584                      1.80    0.002    0.776    0.0209   7.141e-08  p
net905                      1.80    0.003    0.797    0.0156   7.117e-08  p
net963                      1.80    0.005    0.986    0.0089   7.096e-08  p
net335                      1.80    0.002    0.445    0.0217   7.096e-08  p
net790                      1.80    0.002    0.465    0.0200   7.084e-08  p
net980                      1.80    0.002    0.464    0.0200   7.084e-08  p
net27                       1.80    0.002    0.096    0.0218   7.026e-08  p
net93                       1.80    0.048    0.011    0.0009   6.994e-08  p
net728                      1.80    0.004    0.172    0.0106   6.955e-08  p
net957                      1.80    0.003    0.862    0.0142   6.942e-08  p
net722                      1.80    0.012    0.051    0.0037   6.932e-08  p
net483                      1.80    0.003    0.538    0.0157   6.900e-08  p
net917                      1.80    0.002    0.429    0.0201   6.813e-08  p
net877                      1.80    0.004    0.175    0.0111   6.795e-08  p
net910                      1.80    0.002    0.534    0.0195   6.710e-08  p
net863                      1.80    0.012    0.014    0.0033   6.625e-08  p
net945                      1.80    0.003    0.175    0.0140   6.577e-08  p
net295                      1.80    0.003    0.573    0.0139   6.552e-08  p
net847                      1.80    0.005    0.806    0.0084   6.415e-08  p
net196                      1.80    0.004    0.878    0.0098   6.410e-08  p
net979                      1.80    0.003    0.790    0.0136   6.400e-08  p
net792                      1.80    0.002    0.408    0.0162   6.391e-08  p
net674                      1.80    0.002    0.661    0.0210   6.328e-08  p
net293                      1.80    0.004    0.430    0.0091   6.318e-08  p
net243                      1.80    0.002    0.695    0.0170   6.307e-08  p
net593                      1.80    0.004    0.784    0.0100   6.307e-08  p
net964                      1.80    0.006    0.823    0.0070   6.301e-08  p
net516                      1.80    0.003    0.289    0.0153   6.251e-08  p
net323                      1.80    0.026    0.007    0.0015   6.229e-08  p
net582                      1.80    0.003    0.816    0.0137   6.180e-08  p
clknet_1_1__leaf_net95      1.80    0.011    0.016    0.0035   6.160e-08  p
net42                       1.80    0.002    0.347    0.0215   6.154e-08  p
net376                      1.80    0.003    0.250    0.0135   6.122e-08  p
net851                      1.80    0.004    0.317    0.0100   6.088e-08  p
net587                      1.80    0.005    0.879    0.0078   6.087e-08  p
net894                      1.80    0.002    0.535    0.0153   5.998e-08  p
net97                       1.80    0.009    0.983    0.0043   5.985e-08  p
net331                      1.80    0.003    0.932    0.0127   5.916e-08  p
net821                      1.80    0.013    0.974    0.0027   5.860e-08  p
net695                      1.80    0.005    0.669    0.0066   5.843e-08  p
net901                      1.80    0.002    0.695    0.0170   5.804e-08  p
clknet_1_0__leaf_net721     1.80    0.003    0.940    0.0126   5.801e-08  p
net363                      1.80    0.003    0.919    0.0139   5.788e-08  p
net266                      1.80    0.003    0.862    0.0135   5.762e-08  p
net241                      1.80    0.002    0.449    0.0164   5.727e-08  p
net561                      1.80    0.002    0.203    0.0176   5.706e-08  p
net311                      1.80    0.003    0.056    0.0124   5.702e-08  p
net482                      1.80    0.002    0.535    0.0153   5.609e-08  p
net96                       1.80    0.010    0.016    0.0035   5.564e-08  p
net935                      1.80    0.002    0.849    0.0149   5.559e-08  p
net731                      1.80    0.002    0.677    0.0169   5.556e-08  p
net737                      1.80    0.007    0.046    0.0047   5.507e-08  p
net750                      1.80    0.002    0.399    0.0148   5.501e-08  p
net852                      1.80    0.002    0.591    0.0146   5.449e-08  p
net166                      1.80    0.006    0.011    0.0056   5.433e-08  p
clknet_1_0__leaf_net95      1.80    0.010    0.016    0.0035   5.425e-08  p
net610                      1.80    0.012    0.974    0.0027   5.423e-08  p
net981                      1.80    0.002    0.450    0.0144   5.420e-08  p
net939                      1.80    0.002    0.449    0.0164   5.409e-08  p
net302                      1.80    0.010    0.014    0.0033   5.363e-08  p
net925                      1.80    0.005    0.669    0.0066   5.329e-08  p
net581                      1.80    0.002    0.175    0.0140   5.310e-08  p
net751                      1.80    0.002    0.591    0.0146   5.297e-08  p
net758                      1.80    0.003    0.753    0.0116   5.257e-08  p
net431                      1.80    0.002    0.660    0.0143   5.248e-08  p
net603                      1.80    0.003    0.231    0.0125   5.241e-08  p
net292                      1.80    0.003    0.562    0.0096   5.202e-08  p
net95                       1.80    0.009    0.016    0.0035   5.196e-08  p
net860                      1.80    0.002    0.399    0.0148   5.157e-08  p
net498                      1.80    0.003    0.226    0.0108   5.094e-08  p
net882                      1.80    0.003    0.231    0.0125   5.064e-08  p
net583                      1.80    0.003    0.293    0.0114   5.022e-08  p
net374                      1.80    0.002    0.312    0.0137   4.952e-08  p
net244                      1.80    0.002    0.849    0.0149   4.937e-08  p
net504                      1.80    0.006    0.437    0.0050   4.878e-08  p
net824                      1.80    0.002    0.724    0.0127   4.847e-08  p
net544                      1.80    0.002    0.116    0.0134   4.824e-08  p
net503                      1.80    0.003    0.456    0.0108   4.780e-08  p
net881                      1.80    0.002    0.659    0.0143   4.777e-08  p
net169                      1.80    0.003    0.787    0.0098   4.769e-08  p
net212                      1.80    0.003    0.133    0.0110   4.735e-08  p
net759                      1.80    0.003    0.247    0.0116   4.717e-08  p
net92                       1.80    0.015    0.975    0.0019   4.686e-08  p
net598                      1.80    0.003    0.175    0.0113   4.682e-08  p
net823                      1.80    0.003    0.890    0.0111   4.678e-08  p
net761                      1.80    0.008    0.016    0.0035   4.628e-08  p
net729                      1.80    0.003    0.821    0.0107   4.573e-08  p
net383                      1.80    0.002    0.662    0.0124   4.572e-08  p
net245                      1.80    0.003    0.657    0.0109   4.534e-08  p
net781                      1.80    0.003    0.809    0.0108   4.453e-08  p
net920                      1.80    0.004    0.934    0.0068   4.444e-08  p
net177                      1.80    0.002    0.812    0.0119   4.408e-08  p
net628                      1.80    0.003    0.049    0.0082   4.393e-08  p
net742                      1.80    0.003    0.956    0.0097   4.373e-08  p
net879                      1.80    0.002    0.056    0.0124   4.363e-08  p
net348                      1.80    0.004    0.823    0.0070   4.354e-08  p
net238                      1.80    0.002    0.791    0.0136   4.316e-08  p
clknet_1_1__leaf_net730     1.80    0.005    0.959    0.0051   4.306e-08  p
net502                      1.80    0.003    0.482    0.0075   4.172e-08  p
net891                      1.80    0.002    0.293    0.0114   4.118e-08  p
clknet_1_1__leaf_net733     1.80    0.003    0.958    0.0096   4.017e-08  p
net164                      1.80    0.003    0.109    0.0092   4.014e-08  p
net612                      1.80    0.002    0.774    0.0108   3.913e-08  p
net977                      1.80    0.003    0.869    0.0084   3.879e-08  p
net224                      1.80    0.003    0.836    0.0090   3.833e-08  p
out6                        1.80    0.001    0.217    0.0259   3.695e-08  p
net885                      1.80    0.002    0.109    0.0092   3.652e-08  p
net826                      1.80    0.002    0.110    0.0111   3.649e-08  p
clknet_1_1__leaf_net97      1.80    0.005    0.983    0.0043   3.618e-08  p
net689                      1.80    0.003    0.119    0.0079   3.529e-08  p
net517                      1.80    0.003    0.998    0.0068   3.509e-08  p
net317                      1.80    0.010    0.013    0.0022   3.500e-08  p
net470                      1.80    0.033    0.007    0.0007   3.496e-08  p
net556                      1.80    0.003    0.891    0.0081   3.489e-08  p
net735                      1.80    0.007    0.937    0.0029   3.450e-08  p
net690                      1.80    0.003    0.869    0.0084   3.397e-08  p
net627                      1.80    0.003    0.052    0.0077   3.284e-08  p
net962                      1.80    0.002    0.171    0.0088   3.274e-08  p
net736                      1.80    0.004    0.954    0.0047   3.271e-08  p
net650                      1.80    0.003    0.915    0.0074   3.228e-08  p
net105                      1.80    0.006    0.026    0.0034   3.226e-08  p
net578                      1.80    0.003    0.142    0.0060   3.166e-08  p
net91                       1.80    0.022    0.011    0.0009   3.133e-08  p
net744                      1.80    0.003    0.928    0.0062   3.064e-08  p
clknet_1_1__leaf_net761     1.80    0.005    0.016    0.0035   3.047e-08  p
net388                      1.80    0.010    0.961    0.0018   3.010e-08  p
net741                      1.80    0.003    0.944    0.0067   2.998e-08  p
net176                      1.80    0.002    0.716    0.0115   2.982e-08  p
net596                      1.80    0.003    0.124    0.0060   2.914e-08  p
net797                      1.80    0.003    0.940    0.0057   2.894e-08  p
net474                      1.80    0.012    0.006    0.0015   2.886e-08  p
net104                      1.80    0.017    0.988    0.0010   2.847e-08  p
net359                      1.80    0.002    0.823    0.0070   2.825e-08  p
net629                      1.80    0.005    0.960    0.0034   2.814e-08  p
net743                      1.80    0.003    0.068    0.0059   2.764e-08  p
out2                        1.80    0.001    0.714    0.0290   2.653e-08  p
net791                      1.80    0.005    0.055    0.0035   2.644e-08  p
net99                       1.80    0.003    0.025    0.0051   2.621e-08  p
net968                      1.80    0.017    0.984    0.0010   2.617e-08  p
net878                      1.80    0.002    0.915    0.0074   2.589e-08  p
net327                      1.80    0.016    0.994    0.0010   2.453e-08  p
net723                      1.80    0.003    0.938    0.0042   2.312e-08  p
clknet_1_1__leaf_net96      1.80    0.004    0.016    0.0035   2.298e-08  p
net509                      1.80    0.008    0.030    0.0017   2.224e-08  p
clknet_1_0__leaf_net761     1.80    0.004    0.016    0.0035   2.187e-08  p
net59                       1.80    0.007    0.975    0.0019   2.180e-08  p
net937                      1.80    0.004    0.963    0.0033   2.174e-08  p
net472                      1.80    0.020    0.993    0.0007   2.068e-08  p
net347                      1.80    0.020    0.991    0.0007   2.060e-08  p
net940                      1.80    0.005    0.024    0.0023   2.032e-08  p
net468                      1.80    0.019    0.993    0.0007   2.024e-08  p
clknet_1_0__leaf_net96      1.80    0.003    0.016    0.0035   1.887e-08  p
net942                      1.80    0.004    0.989    0.0028   1.827e-08  p
net53                       1.80    0.005    0.024    0.0023   1.817e-08  p
net778                      1.80    0.004    0.017    0.0028   1.799e-08  p
net313                      1.80    0.005    0.013    0.0022   1.765e-08  p
clknet_1_0__leaf_net97      1.80    0.002    0.983    0.0043   1.718e-08  p
net362                      1.80    0.003    0.984    0.0034   1.710e-08  p
net322                      1.80    0.004    0.014    0.0030   1.688e-08  p
out22                       1.80    0.000    0.575    0.0208   1.665e-08  p
out24                       1.80    0.001    0.522    0.0182   1.652e-08  p
net126                      1.80    0.003    0.005    0.0036   1.625e-08  p
net820                      1.80    0.015    0.007    0.0007   1.605e-08  p
net475                      1.80    0.018    0.008    0.0005   1.539e-08  p
net103                      1.80    0.006    0.017    0.0015   1.486e-08  p
net106                      1.80    0.006    0.012    0.0016   1.446e-08  p
net976                      1.80    0.003    0.954    0.0029   1.386e-08  p
net657                      1.80    0.013    0.009    0.0007   1.364e-08  p
net107                      1.80    0.009    0.011    0.0009   1.353e-08  p
net90                       1.80    0.009    0.011    0.0009   1.325e-08  p
net94                       1.80    0.003    0.027    0.0028   1.324e-08  p
net562                      1.80    0.007    0.005    0.0012   1.314e-08  p
net630                      1.80    0.003    0.963    0.0026   1.302e-08  p
net315                      1.80    0.003    0.986    0.0025   1.296e-08  p
net79                       1.80    0.012    0.992    0.0007   1.294e-08  p
net626                      1.80    0.003    0.036    0.0026   1.293e-08  p
net619                      1.80    0.003    0.989    0.0028   1.274e-08  p
net876                      1.80    0.003    0.011    0.0028   1.228e-08  p
net854                      1.80    0.004    0.975    0.0019   1.142e-08  p
net763                      1.80    0.003    0.026    0.0027   1.124e-08  p
net762                      1.80    0.002    0.974    0.0027   1.093e-08  p
net75                       1.80    0.010    0.010    0.0007   1.089e-08  p
out4                        1.80    0.001    0.267    0.0124   1.062e-08  p
out5                        1.80    0.001    0.445    0.0116   1.053e-08  p
out17                       1.80    0.001    0.110    0.0111   1.024e-08  p
out18                       1.80    0.001    0.546    0.0115   1.024e-08  p
net332                      1.80    0.003    0.976    0.0020   1.012e-08  p
out19                       1.80    0.000    0.248    0.0132   1.010e-08  p
out13                       1.80    0.001    0.890    0.0111   1.008e-08  p
out15                       1.80    0.000    0.724    0.0127   1.006e-08  p
net620                      1.80    0.002    0.011    0.0028   9.591e-09  p
out23                       1.80    0.001    0.825    0.0111   9.387e-09  p
out21                       1.80    0.000    0.290    0.0113   9.106e-09  p
net822                      1.80    0.003    0.026    0.0020   9.010e-09  p
net198                      1.80    0.006    0.996    0.0009   8.100e-09  p
net473                      1.80    0.007    0.993    0.0007   7.705e-09  p
net109                      1.80    0.005    0.013    0.0009   7.609e-09  p
out10                       1.80    0.002    0.974    0.0027   7.359e-09  p
net314                      1.80    0.012    0.001    0.0004   7.181e-09  p
net110                      1.80    0.003    0.027    0.0017   7.043e-09  p
net181                      1.80    0.004    0.985    0.0010   6.999e-09  p
net312                      1.80    0.002    0.987    0.0022   6.824e-09  p
out16                       1.80    0.001    0.718    0.0073   6.672e-09  p
net108                      1.80    0.003    0.021    0.0014   6.460e-09  p
net978                      1.80    0.004    0.988    0.0010   6.180e-09  p
net102                      1.80    0.006    0.992    0.0007   6.116e-09  p
net329                      1.80    0.002    0.007    0.0015   5.802e-09  p
net180                      1.80    0.010    0.007    0.0004   5.793e-09  p
net959                      1.80    0.002    0.021    0.0014   5.388e-09  p
net531                      1.80    0.010    0.997    0.0003   5.198e-09  p
net846                      1.80    0.004    0.012    0.0008   5.178e-09  p
net845                      1.80    0.004    0.980    0.0008   5.152e-09  p
net100                      1.80    0.003    0.011    0.0009   4.873e-09  p
net333                      1.80    0.002    0.015    0.0014   4.352e-09  p
net987                      1.80    0.003    0.013    0.0009   4.113e-09  p
net197                      1.80    0.003    0.004    0.0009   3.955e-09  p
net478                      1.80    0.004    0.007    0.0007   3.883e-09  p
net89                       1.80    0.003    0.980    0.0008   3.559e-09  p
net86                       1.80    0.003    0.991    0.0007   3.372e-09  p
net839                      1.80    0.002    0.989    0.0009   3.297e-09  p
net867                      1.80    0.003    0.992    0.0007   3.093e-09  p
out11                       1.80    0.001    0.026    0.0020   2.946e-09  p
net559                      1.80    0.002    0.012    0.0008   2.720e-09  p
net101                      1.80    0.002    0.992    0.0007   2.519e-09  p
net500                      1.80    0.002    0.993    0.0007   2.309e-09  p
net919                      1.80    0.003    0.003    0.0004   2.073e-09  p
net560                      1.80    0.003    0.003    0.0004   1.740e-09  p
net965                      1.80    0.004    0.001    0.0002   9.905e-10  p
net830                      1.80    0.002    0.002    0.0003   9.900e-10  p
out1                        1.80    0.001    0.007    0.0007   7.979e-10  p
out9                        1.80    0.000    0.989    0.0009   7.537e-10  p
net88                       1.80    0.003    0.001    0.0002   6.621e-10  p
out20                       1.80    0.001    0.002    0.0003   2.928e-10  p
net98                       1.80    0.022    1.000    0.0000      0.0000  p
net111                      1.80    0.003    1.000    0.0000      0.0000  p
net143                      1.80    0.014    1.000    0.0000      0.0000  p
net158                      1.80    0.003    1.000    0.0000      0.0000  p
net226                      1.80    0.004    1.000    0.0000      0.0000  p
net345                      1.80    0.023    1.000    0.0000      0.0000  p
net346                      1.80    0.009    0.000    0.0000      0.0000  p
net355                      1.80    0.020    1.000    0.0000      0.0000  p
net356                      1.80    0.004    1.000    0.0000      0.0000  p
net358                      1.80    0.006    1.000    0.0000      0.0000  p
net364                      1.80    0.003    1.000    0.0000      0.0000  p
net464                      1.80    0.026    0.000    0.0000      0.0000  p
net465                      1.80    0.034    0.000    0.0000      0.0000  p
net466                      1.80    0.052    1.000    0.0000      0.0000  p
net469                      1.80    0.007    0.000    0.0000      0.0000  p
net532                      1.80    0.003    0.000    0.0000      0.0000  p
net554                      1.80    0.004    1.000    0.0000      0.0000  p
net565                      1.80    0.002    1.000    0.0000      0.0000  p
net568                      1.80    0.003    1.000    0.0000      0.0000  p
net592                      1.80    0.018    0.000    0.0000      0.0000  p
net595                      1.80    0.003    1.000    0.0000      0.0000  p
net601                      1.80    0.003    0.000    0.0000      0.0000  p
net633                      1.80    0.013    0.000    0.0000      0.0000  p
net635                      1.80    0.018    0.000    0.0000      0.0000  p
net764                      1.80    0.003    1.000    0.0000      0.0000  p
net765                      1.80    0.003    0.000    0.0000      0.0000  p
net838                      1.80    0.010    1.000    0.0000      0.0000  p
net859                      1.80    0.004    0.000    0.0000      0.0000  p
net861                      1.80    0.030    1.000    0.0000      0.0000  p
net913                      1.80    0.010    1.000    0.0000      0.0000  p
net914                      1.80    0.002    0.000    0.0000      0.0000  p
net952                      1.80    0.005    0.000    0.0000      0.0000  p
net960                      1.80    0.003    1.000    0.0000      0.0000  p
out8                        1.80    0.000    1.000    0.0000      0.0000  p
--------------------------------------------------------------------------------
Total (1199 nets)                                              1.068e-03 Watt



                                      Int      Switch   Leak      Total
Hierarchy                             Power    Power    Power     Power    %
--------------------------------------------------------------------------------
netlist_0                             2.69e-03 1.07e-03 8.66e-09  3.76e-03 100.0
1
