****************************************
Report : Averaged Power
	-net_power
	-hierarchy
	-sort_by net_switching_power
	-power_greater_than       0
	-nosplit
Design : netlist_0
Version: Q-2019.12-SP1
Date   : Fri Aug  9 17:04:40 2024
****************************************



  Attributes
  ----------
      a  -  Switching activity information / Switching power information annotated on net
      p  -  Propagated switching activity information on net
      d  -  Default switching activity used on net
      u  -  Net switching activity uninitialized
      m  -  Net is driven by multiple pins
      b  -  Net is a primary input (boundary net)

		Toggle rates reported with respect to time unit 1ns
--------------------------------------------------------------------------------
                                  Total      Static   Toggle   Switching
Net                         Vdd   Net Load   Prob.    Rate     Power      Attrs
--------------------------------------------------------------------------------
net892                      1.80    0.109    0.505    0.4588   8.136e-05  p
net833                      1.80    0.098    0.503    0.4500   7.148e-05  p
net207                      1.80    0.074    0.512    0.5566   6.647e-05  p
net234                      1.80    0.114    0.577    0.3541   6.568e-05  p
net88                       1.80    0.089    0.506    0.4478   6.464e-05  p
net891                      1.80    0.118    0.509    0.3313   6.343e-05  p
net908                      1.80    0.142    0.506    0.2716   6.255e-05  p
net18                       1.80    0.083    0.505    0.4588   6.147e-05  p
net204                      1.80    0.075    0.504    0.4924   6.000e-05  p
net517                      1.80    0.074    0.499    0.4926   5.888e-05  p
net32                       1.80    0.072    0.658    0.4921   5.775e-05  p
net994                      1.80    0.065    0.504    0.4924   5.163e-05  p
net73                       1.80    0.092    0.500    0.3465   5.150e-05  p
net852                      1.80    0.074    0.500    0.4180   5.030e-05  p
net196                      1.80    0.068    0.580    0.4529   4.967e-05  p
net834                      1.80    0.109    0.222    0.2786   4.934e-05  p
net195                      1.80    0.070    0.625    0.4214   4.794e-05  p
net879                      1.80    0.073    0.546    0.4040   4.789e-05  p
net895                      1.80    0.067    0.498    0.4357   4.753e-05  p
net215                      1.80    0.049    0.499    0.5886   4.627e-05  p
net213                      1.80    0.055    0.501    0.5205   4.605e-05  p
net305                      1.80    0.058    0.528    0.4865   4.533e-05  p
net896                      1.80    0.096    0.503    0.2892   4.498e-05  p
net231                      1.80    0.085    0.496    0.3192   4.410e-05  p
net206                      1.80    0.050    0.499    0.5443   4.390e-05  p
net907                      1.80    0.099    0.500    0.2737   4.381e-05  p
net308                      1.80    0.055    0.509    0.4877   4.344e-05  p
net191                      1.80    0.066    0.501    0.4063   4.340e-05  p
net883                      1.80    0.089    0.609    0.2892   4.182e-05  p
net80                       1.80    0.080    0.626    0.3212   4.146e-05  p
net878                      1.80    0.105    0.722    0.2399   4.091e-05  p
net186                      1.80    0.069    0.658    0.3665   4.079e-05  p
net863                      1.80    0.053    0.674    0.4692   4.046e-05  p
net882                      1.80    0.089    0.580    0.2782   4.011e-05  p
net82                       1.80    0.066    0.497    0.3581   3.816e-05  p
net211                      1.80    0.043    0.508    0.5408   3.772e-05  p
net884                      1.80    0.046    0.560    0.4959   3.675e-05  p
net867                      1.80    0.106    0.511    0.2077   3.581e-05  p
net237                      1.80    0.042    0.499    0.5257   3.581e-05  p
net452                      1.80    0.052    0.629    0.4221   3.576e-05  p
net903                      1.80    0.064    0.506    0.3432   3.571e-05  p
net6                        1.80    0.078    0.503    0.2750   3.453e-05  p
net902                      1.80    0.076    0.494    0.2784   3.446e-05  p
clknet_0_clk                1.80    0.210    0.500    0.1000   3.394e-05  a
net911                      1.80    0.111    0.504    0.1879   3.380e-05  p
net880                      1.80    0.050    0.546    0.4040   3.283e-05  p
net411                      1.80    0.054    0.469    0.3758   3.275e-05  p
net205                      1.80    0.084    0.626    0.2388   3.261e-05  p
net66                       1.80    0.058    0.502    0.3437   3.235e-05  p
net83                       1.80    0.051    0.498    0.3897   3.220e-05  p
net217                      1.80    0.051    0.535    0.3874   3.214e-05  p
net328                      1.80    0.045    0.626    0.4291   3.129e-05  p
net29                       1.80    0.035    0.496    0.5492   3.106e-05  p
net901                      1.80    0.053    0.497    0.3581   3.093e-05  p
net905                      1.80    0.091    0.562    0.2078   3.050e-05  p
net999                      1.80    0.045    0.625    0.4214   3.045e-05  p
net889                      1.80    0.139    0.532    0.1338   3.018e-05  p
net894                      1.80    0.085    0.497    0.2143   2.953e-05  p
net887                      1.80    0.130    0.537    0.1402   2.952e-05  p
net433                      1.80    0.052    0.501    0.3509   2.951e-05  p
net993                      1.80    0.033    0.503    0.5477   2.893e-05  p
net190                      1.80    0.044    0.498    0.4086   2.882e-05  p
net897                      1.80    0.051    0.504    0.3477   2.879e-05  p
net72                       1.80    0.062    0.488    0.2864   2.867e-05  p
net829                      1.80    0.035    0.516    0.5002   2.856e-05  p
net299                      1.80    0.051    0.539    0.3437   2.846e-05  p
net185                      1.80    0.037    0.500    0.4649   2.801e-05  p
net944                      1.80    0.035    0.560    0.4959   2.797e-05  p
net830                      1.80    0.082    0.620    0.2110   2.786e-05  p
net255                      1.80    0.040    0.576    0.4317   2.780e-05  p
net203                      1.80    0.035    0.497    0.4928   2.767e-05  p
net84                       1.80    0.037    0.494    0.4535   2.753e-05  p
net866                      1.80    0.056    0.517    0.3026   2.744e-05  p
net194                      1.80    0.036    0.494    0.4719   2.743e-05  p
net384                      1.80    0.054    0.573    0.3146   2.735e-05  p
net558                      1.80    0.050    0.620    0.3356   2.733e-05  p
net427                      1.80    0.034    0.561    0.4863   2.707e-05  p
net135                      1.80    0.045    0.508    0.3633   2.668e-05  p
net918                      1.80    0.085    0.501    0.1922   2.652e-05  p
net50                       1.80    0.030    0.503    0.5477   2.644e-05  p
net381                      1.80    0.051    0.674    0.3170   2.638e-05  p
net350                      1.80    0.076    0.718    0.2135   2.632e-05  p
net990                      1.80    0.030    0.503    0.5477   2.627e-05  p
net199                      1.80    0.071    0.511    0.2273   2.617e-05  p
net893                      1.80    0.039    0.501    0.4063   2.573e-05  p
net422                      1.80    0.070    0.154    0.2250   2.562e-05  p
net812                      1.80    0.158    0.500    0.1000   2.562e-05  a
net960                      1.80    0.036    0.498    0.4357   2.544e-05  p
net90                       1.80    0.054    0.629    0.2871   2.529e-05  p
net419                      1.80    0.070    0.502    0.2221   2.529e-05  p
net798                      1.80    0.155    0.500    0.1000   2.516e-05  a
net307                      1.80    0.035    0.576    0.4394   2.502e-05  p
net888                      1.80    0.041    0.492    0.3767   2.494e-05  p
net635                      1.80    0.153    0.500    0.1000   2.483e-05  a
net297                      1.80    0.065    0.615    0.2368   2.477e-05  p
net210                      1.80    0.032    0.570    0.4755   2.470e-05  p
net776                      1.80    0.152    0.500    0.1000   2.463e-05  a
net303                      1.80    0.056    0.499    0.2687   2.455e-05  p
net832                      1.80    0.052    0.503    0.2892   2.446e-05  p
net332                      1.80    0.057    0.326    0.2626   2.444e-05  p
net1007                     1.80    0.030    0.560    0.4959   2.427e-05  p
net881                      1.80    0.101    0.633    0.1486   2.424e-05  p
net772                      1.80    0.149    0.500    0.1000   2.408e-05  a
net218                      1.80    0.056    0.549    0.2621   2.398e-05  p
net915                      1.80    0.078    0.502    0.1894   2.396e-05  p
net102                      1.80    0.045    0.509    0.3313   2.393e-05  p
net768                      1.80    0.148    0.500    0.1000   2.392e-05  a
net827                      1.80    0.147    0.500    0.1000   2.382e-05  a
net912                      1.80    0.079    0.503    0.1871   2.381e-05  p
net142                      1.80    0.051    0.609    0.2892   2.376e-05  p
net885                      1.80    0.029    0.560    0.4959   2.368e-05  p
net319                      1.80    0.030    0.592    0.4867   2.364e-05  p
net31                       1.80    0.026    0.497    0.5502   2.351e-05  p
net1015                     1.80    0.027    0.502    0.5209   2.318e-05  p
net836                      1.80    0.075    0.498    0.1889   2.304e-05  p
net566                      1.80    0.035    0.602    0.4104   2.303e-05  p
net919                      1.80    0.142    0.500    0.1000   2.298e-05  a
net890                      1.80    0.098    0.437    0.1429   2.268e-05  p
net257                      1.80    0.031    0.646    0.4541   2.266e-05  p
net321                      1.80    0.028    0.506    0.5035   2.264e-05  p
net1020                     1.80    0.050    0.494    0.2784   2.239e-05  p
net114                      1.80    0.038    0.494    0.3639   2.235e-05  p
net416                      1.80    0.046    0.505    0.2984   2.233e-05  p
net23                       1.80    0.030    0.628    0.4562   2.222e-05  p
net533                      1.80    0.033    0.686    0.4174   2.199e-05  p
net11                       1.80    0.071    0.504    0.1899   2.190e-05  p
net773                      1.80    0.135    0.500    0.1000   2.179e-05  a
net2                        1.80    0.118    0.534    0.1142   2.177e-05  p
net799                      1.80    0.134    0.500    0.1000   2.175e-05  a
net326                      1.80    0.046    0.602    0.2901   2.153e-05  p
net144                      1.80    0.055    0.722    0.2399   2.133e-05  p
net790                      1.80    0.132    0.500    0.1000   2.131e-05  a
net311                      1.80    0.030    0.674    0.4298   2.120e-05  p
net770                      1.80    0.131    0.500    0.1000   2.118e-05  a
net930                      1.80    0.047    0.494    0.2784   2.111e-05  p
net855                      1.80    0.065    0.581    0.1984   2.091e-05  p
net900                      1.80    0.052    0.504    0.2486   2.091e-05  p
net906                      1.80    0.048    0.510    0.2686   2.080e-05  p
net62                       1.80    0.067    0.498    0.1914   2.078e-05  p
net505                      1.80    0.029    0.486    0.4484   2.071e-05  p
net112                      1.80    0.082    0.235    0.1561   2.064e-05  p
net916                      1.80    0.066    0.498    0.1914   2.060e-05  p
net828                      1.80    0.127    0.500    0.1000   2.050e-05  a
net244                      1.80    0.068    0.622    0.1853   2.043e-05  p
net417                      1.80    0.027    0.499    0.4644   2.033e-05  p
net948                      1.80    0.029    0.498    0.4357   2.021e-05  p
net1006                     1.80    0.043    0.488    0.2864   2.015e-05  p
net163                      1.80    0.030    0.627    0.4078   2.008e-05  p
net909                      1.80    0.045    0.498    0.2719   2.003e-05  p
net28                       1.80    0.034    0.498    0.3647   1.989e-05  p
net9                        1.80    0.087    0.634    0.1411   1.986e-05  p
net1                        1.80    0.065    0.511    0.1869   1.979e-05  p
net14                       1.80    0.030    0.497    0.4138   1.978e-05  p
net318                      1.80    0.047    0.502    0.2575   1.972e-05  p
net418                      1.80    0.063    0.493    0.1917   1.959e-05  p
net198                      1.80    0.028    0.498    0.4357   1.955e-05  p
net105                      1.80    0.063    0.691    0.1913   1.945e-05  p
net425                      1.80    0.040    0.656    0.2946   1.930e-05  p
net779                      1.80    0.119    0.500    0.1000   1.924e-05  a
net197                      1.80    0.031    0.492    0.3767   1.918e-05  p
net690                      1.80    0.051    0.509    0.2334   1.913e-05  p
net34                       1.80    0.058    0.635    0.2029   1.909e-05  p
net435                      1.80    0.035    0.659    0.3347   1.906e-05  p
net781                      1.80    0.117    0.500    0.1000   1.903e-05  a
net192                      1.80    0.041    0.525    0.2855   1.900e-05  p
net1021                     1.80    0.061    0.501    0.1922   1.885e-05  p
net775                      1.80    0.116    0.500    0.1000   1.877e-05  a
net122                      1.80    0.032    0.569    0.3604   1.862e-05  p
net873                      1.80    0.067    0.824    0.1706   1.857e-05  p
net43                       1.80    0.051    0.625    0.2242   1.845e-05  p
net769                      1.80    0.113    0.500    0.1000   1.838e-05  a
net4                        1.80    0.056    0.493    0.2008   1.837e-05  p
net777                      1.80    0.113    0.500    0.1000   1.836e-05  a
net424                      1.80    0.041    0.505    0.2783   1.834e-05  p
net45                       1.80    0.017    0.499    0.6615   1.831e-05  p
net36                       1.80    0.026    0.508    0.4229   1.807e-05  p
net864                      1.80    0.059    0.507    0.1884   1.805e-05  p
net1027                     1.80    0.022    0.560    0.4959   1.805e-05  p
net300                      1.80    0.019    0.502    0.5796   1.804e-05  p
net263                      1.80    0.037    0.715    0.2969   1.802e-05  p
net200                      1.80    0.023    0.496    0.4832   1.799e-05  p
net774                      1.80    0.111    0.500    0.1000   1.798e-05  a
net356                      1.80    0.034    0.435    0.3300   1.793e-05  p
net97                       1.80    0.041    0.504    0.2701   1.789e-05  p
net282                      1.80    0.034    0.699    0.3207   1.765e-05  p
net423                      1.80    0.030    0.643    0.3647   1.753e-05  p
net221                      1.80    0.024    0.565    0.4468   1.750e-05  p
net771                      1.80    0.107    0.500    0.1000   1.741e-05  a
net795                      1.80    0.107    0.500    0.1000   1.740e-05  a
net212                      1.80    0.069    0.536    0.1550   1.736e-05  p
net71                       1.80    0.087    0.620    0.1224   1.733e-05  p
net780                      1.80    0.106    0.500    0.1000   1.719e-05  a
net81                       1.80    0.084    0.538    0.1251   1.711e-05  p
net963                      1.80    0.026    0.529    0.4030   1.701e-05  p
net426                      1.80    0.030    0.623    0.3448   1.690e-05  p
net831                      1.80    0.052    0.630    0.2023   1.690e-05  p
net232                      1.80    0.048    0.620    0.2145   1.674e-05  p
net572                      1.80    0.023    0.485    0.4575   1.673e-05  p
net823                      1.80    0.103    0.500    0.1000   1.669e-05  a
net726                      1.80    0.047    0.558    0.2179   1.668e-05  p
net438                      1.80    0.041    0.575    0.2532   1.667e-05  p
net917                      1.80    0.053    0.501    0.1922   1.663e-05  p
net528                      1.80    0.044    0.502    0.2312   1.656e-05  p
net941                      1.80    0.021    0.499    0.4909   1.656e-05  p
net52                       1.80    0.023    0.676    0.4372   1.656e-05  p
net37                       1.80    0.025    0.741    0.4081   1.653e-05  p
net899                      1.80    0.072    0.674    0.1426   1.653e-05  p
net64                       1.80    0.054    0.500    0.1879   1.651e-05  p
net274                      1.80    0.039    0.624    0.2639   1.649e-05  p
net17                       1.80    0.026    0.501    0.3946   1.639e-05  p
net444                      1.80    0.028    0.582    0.3625   1.638e-05  p
net324                      1.80    0.053    0.504    0.1879   1.625e-05  p
net820                      1.80    0.100    0.500    0.1000   1.621e-05  a
net940                      1.80    0.023    0.498    0.4357   1.620e-05  p
net921                      1.80    0.100    0.500    0.1000   1.618e-05  a
net801                      1.80    0.100    0.500    0.1000   1.617e-05  a
net61                       1.80    0.052    0.501    0.1922   1.615e-05  p
net1019                     1.80    0.018    0.508    0.5408   1.612e-05  p
net924                      1.80    0.100    0.500    0.1000   1.612e-05  a
net459                      1.80    0.033    0.665    0.2946   1.599e-05  p
net193                      1.80    0.020    0.499    0.4909   1.589e-05  p
net120                      1.80    0.058    0.660    0.1669   1.577e-05  p
net95                       1.80    0.041    0.560    0.2368   1.576e-05  p
net24                       1.80    0.051    0.496    0.1865   1.556e-05  p
net943                      1.80    0.019    0.560    0.4959   1.555e-05  p
net26                       1.80    0.032    0.503    0.3024   1.554e-05  p
net816                      1.80    0.096    0.500    0.1000   1.553e-05  a
net939                      1.80    0.022    0.498    0.4357   1.547e-05  p
net837                      1.80    0.017    0.503    0.5477   1.537e-05  p
net16                       1.80    0.027    0.498    0.3509   1.537e-05  p
clknet_0_net493             1.80    0.021    0.503    0.4472   1.536e-05  p
net540                      1.80    0.038    0.837    0.2480   1.535e-05  p
net76                       1.80    0.034    0.494    0.2784   1.526e-05  p
net787                      1.80    0.094    0.500    0.1000   1.526e-05  a
net225                      1.80    0.061    0.540    0.1529   1.518e-05  p
net69                       1.80    0.078    0.625    0.1199   1.516e-05  p
net778                      1.80    0.093    0.500    0.1000   1.500e-05  a
net13                       1.80    0.036    0.678    0.2545   1.479e-05  p
net96                       1.80    0.063    0.547    0.1456   1.475e-05  p
net325                      1.80    0.044    0.562    0.2078   1.472e-05  p
net922                      1.80    0.091    0.500    0.1000   1.468e-05  a
net942                      1.80    0.018    0.499    0.4909   1.466e-05  p
net910                      1.80    0.090    0.514    0.1000   1.465e-05  p
net871                      1.80    0.041    0.625    0.2155   1.441e-05  p
net214                      1.80    0.015    0.499    0.5896   1.435e-05  p
net945                      1.80    0.018    0.560    0.4959   1.433e-05  p
net860                      1.80    0.030    0.632    0.2939   1.426e-05  p
net958                      1.80    0.020    0.498    0.4357   1.425e-05  p
net835                      1.80    0.031    0.580    0.2782   1.414e-05  p
net815                      1.80    0.087    0.500    0.1000   1.410e-05  a
net327                      1.80    0.062    0.628    0.1402   1.406e-05  p
net807                      1.80    0.087    0.500    0.1000   1.403e-05  a
net150                      1.80    0.028    0.503    0.3103   1.403e-05  p
net410                      1.80    0.029    0.500    0.2920   1.391e-05  p
net118                      1.80    0.050    0.618    0.1704   1.382e-05  p
net136                      1.80    0.025    0.522    0.3393   1.378e-05  p
net116                      1.80    0.036    0.701    0.2369   1.372e-05  p
net898                      1.80    0.059    0.674    0.1426   1.368e-05  p
net364                      1.80    0.061    0.534    0.1373   1.368e-05  p
net74                       1.80    0.025    0.506    0.3432   1.367e-05  p
clknet_0_net574             1.80    0.021    0.491    0.4040   1.364e-05  p
net98                       1.80    0.028    0.522    0.3004   1.363e-05  p
net810                      1.80    0.084    0.500    0.1000   1.363e-05  a
net529                      1.80    0.018    0.500    0.4648   1.354e-05  p
net414                      1.80    0.028    0.705    0.3035   1.354e-05  p
net301                      1.80    0.019    0.499    0.4379   1.346e-05  p
net331                      1.80    0.041    0.683    0.2007   1.345e-05  p
net310                      1.80    0.017    0.476    0.5029   1.345e-05  p
net70                       1.80    0.044    0.503    0.1871   1.329e-05  p
net306                      1.80    0.018    0.632    0.4586   1.328e-05  p
net63                       1.80    0.043    0.502    0.1894   1.323e-05  p
net920                      1.80    0.081    0.500    0.1000   1.311e-05  a
net961                      1.80    0.056    0.759    0.1443   1.307e-05  p
net987                      1.80    0.015    0.508    0.5408   1.303e-05  p
net805                      1.80    0.080    0.500    0.1000   1.301e-05  a
net1025                     1.80    0.016    0.560    0.4959   1.295e-05  p
net800                      1.80    0.080    0.500    0.1000   1.292e-05  a
net550                      1.80    0.018    0.646    0.4457   1.292e-05  p
net161                      1.80    0.016    0.503    0.5090   1.283e-05  p
net844                      1.80    0.017    0.412    0.4587   1.282e-05  p
net788                      1.80    0.078    0.500    0.1000   1.272e-05  a
net137                      1.80    0.037    0.571    0.2123   1.271e-05  p
net201                      1.80    0.015    0.502    0.5209   1.269e-05  p
net1000                     1.80    0.029    0.498    0.2719   1.264e-05  p
net995                      1.80    0.064    0.620    0.1224   1.263e-05  p
net108                      1.80    0.028    0.464    0.2818   1.262e-05  p
net86                       1.80    0.041    0.503    0.1888   1.262e-05  p
net115                      1.80    0.045    0.828    0.1747   1.260e-05  p
net68                       1.80    0.029    0.506    0.2716   1.257e-05  p
net904                      1.80    0.054    0.759    0.1443   1.252e-05  p
net841                      1.80    0.025    0.501    0.3033   1.251e-05  p
net804                      1.80    0.077    0.500    0.1000   1.249e-05  a
net839                      1.80    0.021    0.486    0.3584   1.239e-05  p
clknet_0_net480             1.80    0.020    0.566    0.3909   1.237e-05  p
net12                       1.80    0.022    0.504    0.3477   1.237e-05  p
net106                      1.80    0.053    0.437    0.1429   1.236e-05  p
net22                       1.80    0.034    0.501    0.2256   1.234e-05  p
net188                      1.80    0.017    0.498    0.4357   1.234e-05  p
net782                      1.80    0.076    0.500    0.1000   1.232e-05  a
clknet_4_10_0_clk           1.80    0.076    0.500    0.1000   1.228e-05  a
net187                      1.80    0.027    0.515    0.2802   1.227e-05  p
net843                      1.80    0.058    0.541    0.1287   1.212e-05  p
net808                      1.80    0.075    0.500    0.1000   1.212e-05  a
net5                        1.80    0.039    0.503    0.1937   1.208e-05  p
net783                      1.80    0.074    0.500    0.1000   1.196e-05  a
net822                      1.80    0.074    0.500    0.1000   1.191e-05  a
net796                      1.80    0.073    0.500    0.1000   1.190e-05  a
net914                      1.80    0.039    0.500    0.1879   1.179e-05  p
net134                      1.80    0.028    0.665    0.2568   1.177e-05  p
net283                      1.80    0.029    0.297    0.2487   1.174e-05  p
net373                      1.80    0.017    0.547    0.4260   1.164e-05  p
net33                       1.80    0.014    0.498    0.5251   1.162e-05  p
net111                      1.80    0.059    0.629    0.1222   1.161e-05  p
net246                      1.80    0.025    0.636    0.2850   1.148e-05  p
net791                      1.80    0.071    0.500    0.1000   1.144e-05  a
net92                       1.80    0.067    0.501    0.1060   1.144e-05  p
net103                      1.80    0.050    0.537    0.1402   1.141e-05  p
net245                      1.80    0.023    0.580    0.3045   1.131e-05  p
net886                      1.80    0.014    0.560    0.4959   1.122e-05  p
net989                      1.80    0.013    0.503    0.5477   1.117e-05  p
net1018                     1.80    0.013    0.502    0.5209   1.110e-05  p
net482                      1.80    0.023    0.448    0.2934   1.110e-05  p
net296                      1.80    0.015    0.504    0.4695   1.109e-05  p
net500                      1.80    0.013    0.545    0.5074   1.105e-05  p
net93                       1.80    0.029    0.505    0.2373   1.103e-05  p
net125                      1.80    0.037    0.543    0.1845   1.101e-05  p
net825                      1.80    0.068    0.500    0.1000   1.101e-05  a
net10                       1.80    0.026    0.628    0.2643   1.099e-05  p
net113                      1.80    0.047    0.550    0.1443   1.096e-05  p
net209                      1.80    0.022    0.497    0.3046   1.095e-05  p
clknet_0_net478             1.80    0.019    0.504    0.3512   1.094e-05  p
net119                      1.80    0.021    0.473    0.3141   1.093e-05  p
net853                      1.80    0.031    0.533    0.2149   1.090e-05  p
net298                      1.80    0.023    0.494    0.2867   1.086e-05  p
net271                      1.80    0.026    0.522    0.2545   1.085e-05  p
net913                      1.80    0.035    0.500    0.1904   1.085e-05  p
net962                      1.80    0.046    0.759    0.1443   1.082e-05  p
net313                      1.80    0.020    0.777    0.3401   1.078e-05  p
net107                      1.80    0.024    0.497    0.2746   1.071e-05  p
net158                      1.80    0.021    0.503    0.3179   1.065e-05  p
net574                      1.80    0.016    0.491    0.4040   1.064e-05  p
net1008                     1.80    0.035    0.502    0.1894   1.062e-05  p
net75                       1.80    0.067    0.493    0.0980   1.062e-05  p
net811                      1.80    0.065    0.500    0.1000   1.056e-05  a
clknet_4_8_0_clk            1.80    0.065    0.500    0.1000   1.046e-05  a
net15                       1.80    0.051    0.531    0.1274   1.046e-05  p
net129                      1.80    0.018    0.616    0.3632   1.044e-05  p
net354                      1.80    0.027    0.502    0.2388   1.040e-05  p
net794                      1.80    0.064    0.500    0.1000   1.038e-05  a
net877                      1.80    0.034    0.504    0.1883   1.036e-05  p
net470                      1.80    0.024    0.569    0.2717   1.036e-05  p
net513                      1.80    0.027    0.505    0.2391   1.032e-05  p
net330                      1.80    0.062    0.941    0.1024   1.032e-05  p
net184                      1.80    0.024    0.510    0.2686   1.029e-05  p
clknet_1_0__leaf_net574     1.80    0.016    0.491    0.4040   1.027e-05  p
net821                      1.80    0.063    0.500    0.1000   1.014e-05  a
net544                      1.80    0.018    0.618    0.3372   1.010e-05  p
net429                      1.80    0.014    0.609    0.4440   1.005e-05  p
clknet_4_13_0_clk           1.80    0.062    0.500    0.1000   9.968e-06  a
clknet_4_11_0_clk           1.80    0.061    0.500    0.1000   9.935e-06  a
net160                      1.80    0.033    0.687    0.1879   9.925e-06  p
net219                      1.80    0.020    0.633    0.3041   9.903e-06  p
net483                      1.80    0.014    0.612    0.4307   9.887e-06  p
net547                      1.80    0.017    0.685    0.3453   9.758e-06  p
net923                      1.80    0.060    0.500    0.1000   9.748e-06  a
net337                      1.80    0.015    0.529    0.4030   9.720e-06  p
net53                       1.80    0.011    0.497    0.5514   9.719e-06  p
net950                      1.80    0.017    0.468    0.3620   9.707e-06  p
net525                      1.80    0.014    0.657    0.4400   9.702e-06  p
net797                      1.80    0.059    0.500    0.1000   9.637e-06  a
net1028                     1.80    0.012    0.560    0.4959   9.582e-06  p
net516                      1.80    0.016    0.661    0.3674   9.547e-06  p
net100                      1.80    0.044    0.532    0.1338   9.475e-06  p
net78                       1.80    0.060    0.493    0.0980   9.468e-06  p
clknet_4_5_0_clk            1.80    0.058    0.500    0.1000   9.433e-06  a
net824                      1.80    0.058    0.500    0.1000   9.413e-06  a
net520                      1.80    0.027    0.499    0.2122   9.412e-06  p
net430                      1.80    0.023    0.575    0.2532   9.366e-06  p
net57                       1.80    0.013    0.691    0.4514   9.335e-06  p
net156                      1.80    0.018    0.508    0.3166   9.333e-06  p
net845                      1.80    0.013    0.418    0.4403   9.331e-06  p
net856                      1.80    0.052    0.509    0.1102   9.313e-06  p
net94                       1.80    0.035    0.557    0.1650   9.311e-06  p
net202                      1.80    0.012    0.558    0.4764   9.239e-06  p
net518                      1.80    0.011    0.499    0.5173   9.159e-06  p
net304                      1.80    0.012    0.580    0.4676   9.130e-06  p
net0                        1.80    0.029    0.509    0.1955   9.127e-06  p
net258                      1.80    0.011    0.579    0.5051   9.122e-06  p
net110                      1.80    0.024    0.644    0.2380   9.100e-06  p
clknet_0_net600             1.80    0.019    0.518    0.2938   9.092e-06  p
net398                      1.80    0.012    0.378    0.4672   9.084e-06  p
net813                      1.80    0.056    0.500    0.1000   9.004e-06  a
net1023                     1.80    0.038    0.759    0.1443   8.988e-06  p
net229                      1.80    0.011    0.503    0.5098   8.972e-06  p
net692                      1.80    0.028    0.571    0.1973   8.971e-06  p
net446                      1.80    0.039    0.674    0.1426   8.912e-06  p
clknet_0_net485             1.80    0.022    0.503    0.2532   8.906e-06  p
net89                       1.80    0.037    0.627    0.1471   8.881e-06  p
net421                      1.80    0.014    0.499    0.3971   8.880e-06  p
net336                      1.80    0.015    0.549    0.3670   8.874e-06  p
net786                      1.80    0.054    0.500    0.1000   8.743e-06  a
net44                       1.80    0.014    0.505    0.3965   8.738e-06  p
net803                      1.80    0.054    0.500    0.1000   8.733e-06  a
net499                      1.80    0.012    0.524    0.4436   8.648e-06  p
clknet_0_net396             1.80    0.019    0.517    0.2814   8.635e-06  p
net551                      1.80    0.025    0.335    0.2111   8.625e-06  p
net936                      1.80    0.028    0.500    0.1904   8.556e-06  p
net818                      1.80    0.053    0.500    0.1000   8.543e-06  a
net986                      1.80    0.022    0.505    0.2373   8.531e-06  p
net216                      1.80    0.049    0.494    0.1075   8.492e-06  p
net420                      1.80    0.018    0.628    0.2843   8.489e-06  p
net1003                     1.80    0.010    0.506    0.5035   8.468e-06  p
net785                      1.80    0.052    0.500    0.1000   8.461e-06  a
clknet_4_4_0_clk            1.80    0.052    0.500    0.1000   8.428e-06  a
net434                      1.80    0.012    0.498    0.4244   8.394e-06  p
net3                        1.80    0.027    0.503    0.1895   8.388e-06  p
net104                      1.80    0.055    0.755    0.0930   8.357e-06  p
net289                      1.80    0.054    0.718    0.0955   8.336e-06  p
net222                      1.80    0.014    0.770    0.3754   8.330e-06  p
net428                      1.80    0.011    0.623    0.4525   8.327e-06  p
net343                      1.80    0.013    0.770    0.3754   8.191e-06  p
net557                      1.80    0.015    0.593    0.3409   8.189e-06  p
net527                      1.80    0.012    0.622    0.4262   8.161e-06  p
net19                       1.80    0.036    0.568    0.1406   8.139e-06  p
net91                       1.80    0.029    0.637    0.1739   8.128e-06  p
net159                      1.80    0.014    0.577    0.3589   8.098e-06  p
net38                       1.80    0.014    0.496    0.3565   8.056e-06  p
net668                      1.80    0.019    0.299    0.2684   8.048e-06  p
net784                      1.80    0.049    0.500    0.1000   8.014e-06  a
net265                      1.80    0.012    0.715    0.4040   8.013e-06  p
net30                       1.80    0.012    0.502    0.4142   8.010e-06  p
net671                      1.80    0.020    0.402    0.2487   7.946e-06  p
clknet_0_net594             1.80    0.019    0.588    0.2536   7.924e-06  p
net227                      1.80    0.064    0.927    0.0761   7.913e-06  p
net857                      1.80    0.020    0.504    0.2486   7.889e-06  p
net85                       1.80    0.035    0.522    0.1392   7.854e-06  p
net1017                     1.80    0.009    0.502    0.5209   7.837e-06  p
net925                      1.80    0.017    0.515    0.2802   7.814e-06  p
net183                      1.80    0.015    0.447    0.3183   7.809e-06  p
net79                       1.80    0.018    0.500    0.2737   7.795e-06  p
net515                      1.80    0.020    0.384    0.2354   7.795e-06  p
clknet_4_0_0_clk            1.80    0.048    0.500    0.1000   7.793e-06  a
net490                      1.80    0.012    0.565    0.3990   7.752e-06  p
net992                      1.80    0.009    0.503    0.5477   7.734e-06  p
clknet_4_6_0_clk            1.80    0.048    0.500    0.1000   7.729e-06  a
net806                      1.80    0.048    0.500    0.1000   7.722e-06  a
net149                      1.80    0.019    0.525    0.2441   7.691e-06  p
net809                      1.80    0.047    0.500    0.1000   7.668e-06  a
net178                      1.80    0.013    0.601    0.3692   7.644e-06  p
net543                      1.80    0.017    0.680    0.2689   7.600e-06  p
net20                       1.80    0.037    0.531    0.1274   7.566e-06  p
net340                      1.80    0.031    0.633    0.1486   7.519e-06  p
net48                       1.80    0.008    0.503    0.5480   7.508e-06  p
net226                      1.80    0.009    0.572    0.5279   7.485e-06  p
net728                      1.80    0.041    0.428    0.1110   7.463e-06  p
net334                      1.80    0.013    0.468    0.3620   7.447e-06  p
net466                      1.80    0.010    0.615    0.4444   7.446e-06  p
clknet_0_net469             1.80    0.019    0.466    0.2359   7.416e-06  p
net1022                     1.80    0.047    0.493    0.0980   7.387e-06  p
net481                      1.80    0.012    0.463    0.3897   7.336e-06  p
net408                      1.80    0.013    0.555    0.3515   7.330e-06  p
net285                      1.80    0.031    0.804    0.1468   7.328e-06  p
net208                      1.80    0.008    0.504    0.5963   7.285e-06  p
net320                      1.80    0.013    0.731    0.3520   7.279e-06  p
net859                      1.80    0.018    0.402    0.2487   7.279e-06  p
net133                      1.80    0.027    0.597    0.1677   7.252e-06  p
clknet_4_12_0_clk           1.80    0.045    0.500    0.1000   7.227e-06  a
net261                      1.80    0.032    0.503    0.1396   7.153e-06  p
net996                      1.80    0.035    0.538    0.1251   7.106e-06  p
net793                      1.80    0.044    0.500    0.1000   7.101e-06  a
net817                      1.80    0.044    0.500    0.1000   7.097e-06  a
net826                      1.80    0.044    0.500    0.1000   7.077e-06  a
net101                      1.80    0.010    0.566    0.4217   7.058e-06  p
clknet_4_14_0_clk           1.80    0.044    0.500    0.1000   7.051e-06  a
net955                      1.80    0.020    0.533    0.2149   7.049e-06  p
net870                      1.80    0.017    0.684    0.2534   7.038e-06  p
clknet_0_net592             1.80    0.022    0.600    0.1986   7.030e-06  p
net369                      1.80    0.011    0.546    0.4040   6.998e-06  p
net413                      1.80    0.014    0.294    0.3034   6.986e-06  pm
net568                      1.80    0.012    0.620    0.3558   6.963e-06  p
net875                      1.80    0.031    0.496    0.1395   6.943e-06  p
net99                       1.80    0.037    0.499    0.1144   6.923e-06  p
net21                       1.80    0.008    0.497    0.5107   6.893e-06  p
net47                       1.80    0.009    0.502    0.4962   6.856e-06  p
net233                      1.80    0.017    0.631    0.2424   6.854e-06  p
net597                      1.80    0.010    0.565    0.4425   6.853e-06  p
net792                      1.80    0.042    0.500    0.1000   6.778e-06  a
net277                      1.80    0.016    0.551    0.2676   6.767e-06  p
net469                      1.80    0.018    0.466    0.2359   6.741e-06  p
net388                      1.80    0.011    0.619    0.3649   6.671e-06  p
net109                      1.80    0.022    0.498    0.1872   6.662e-06  p
net151                      1.80    0.017    0.814    0.2479   6.647e-06  p
net309                      1.80    0.036    0.933    0.1140   6.616e-06  p
net819                      1.80    0.041    0.500    0.1000   6.610e-06  a
net493                      1.80    0.009    0.503    0.4472   6.576e-06  p
net946                      1.80    0.008    0.560    0.4959   6.572e-06  p
net938                      1.80    0.009    0.498    0.4357   6.529e-06  p
net393                      1.80    0.014    0.590    0.2831   6.504e-06  p
net143                      1.80    0.021    0.752    0.1936   6.495e-06  p
clknet_4_15_0_clk           1.80    0.040    0.500    0.1000   6.495e-06  a
net763                      1.80    0.015    0.549    0.2621   6.494e-06  p
net228                      1.80    0.024    0.490    0.1656   6.441e-06  p
net959                      1.80    0.009    0.498    0.4357   6.398e-06  p
net478                      1.80    0.011    0.504    0.3512   6.386e-06  p
net614                      1.80    0.009    0.559    0.4496   6.358e-06  p
net1005                     1.80    0.032    0.620    0.1224   6.328e-06  p
net333                      1.80    0.027    0.759    0.1443   6.323e-06  p
net322                      1.80    0.021    0.584    0.1864   6.304e-06  p
net503                      1.80    0.009    0.594    0.4347   6.289e-06  p
net480                      1.80    0.010    0.566    0.3909   6.249e-06  p
clknet_4_7_0_clk            1.80    0.039    0.500    0.1000   6.245e-06  a
net8                        1.80    0.011    0.499    0.3457   6.170e-06  p
net485                      1.80    0.015    0.503    0.2532   6.107e-06  p
net415                      1.80    0.018    0.635    0.2129   6.091e-06  p
net554                      1.80    0.011    0.570    0.3506   6.082e-06  p
net451                      1.80    0.036    0.084    0.1050   6.068e-06  p
net241                      1.80    0.030    0.815    0.1234   5.949e-06  p
net152                      1.80    0.010    0.626    0.3774   5.918e-06  p
clknet_4_9_0_clk            1.80    0.036    0.500    0.1000   5.895e-06  a
net694                      1.80    0.015    0.381    0.2437   5.881e-06  p
clknet_1_0__leaf_net478     1.80    0.010    0.504    0.3512   5.869e-06  p
clknet_1_0__leaf_net682     1.80    0.047    0.373    0.0769   5.867e-06  p
net1016                     1.80    0.007    0.502    0.5209   5.858e-06  p
net230                      1.80    0.026    0.666    0.1360   5.823e-06  p
net273                      1.80    0.013    0.601    0.2828   5.784e-06  p
clknet_1_1__leaf_net469     1.80    0.015    0.466    0.2359   5.777e-06  p
clknet_4_2_0_clk            1.80    0.036    0.500    0.1000   5.773e-06  a
net412                      1.80    0.009    0.504    0.4130   5.764e-06  p
net117                      1.80    0.020    0.604    0.1817   5.757e-06  p
net138                      1.80    0.015    0.614    0.2379   5.722e-06  p
clknet_0_net462             1.80    0.021    0.378    0.1691   5.721e-06  p
net789                      1.80    0.035    0.500    0.1000   5.664e-06  a
net371                      1.80    0.012    0.384    0.2806   5.657e-06  p
net139                      1.80    0.014    0.637    0.2526   5.651e-06  p
net442                      1.80    0.014    0.649    0.2522   5.648e-06  p
net937                      1.80    0.018    0.500    0.1904   5.607e-06  p
net501                      1.80    0.009    0.532    0.3823   5.557e-06  p
net35                       1.80    0.006    0.498    0.5377   5.487e-06  p
net957                      1.80    0.018    0.503    0.1871   5.479e-06  p
net519                      1.80    0.007    0.440    0.4914   5.381e-06  p
net991                      1.80    0.006    0.503    0.5477   5.364e-06  p
net847                      1.80    0.017    0.674    0.1924   5.351e-06  p
net727                      1.80    0.015    0.560    0.2272   5.351e-06  p
net1002                     1.80    0.007    0.506    0.5035   5.330e-06  p
net586                      1.80    0.008    0.542    0.3956   5.318e-06  p
net669                      1.80    0.031    0.084    0.1050   5.287e-06  p
net126                      1.80    0.026    0.892    0.1242   5.271e-06  p
net840                      1.80    0.015    0.254    0.2182   5.270e-06  p
clknet_4_1_0_clk            1.80    0.032    0.500    0.1000   5.235e-06  a
net494                      1.80    0.009    0.504    0.3609   5.231e-06  p
net724                      1.80    0.022    0.481    0.1428   5.179e-06  p
net601                      1.80    0.011    0.441    0.3001   5.166e-06  p
net155                      1.80    0.012    0.493    0.2625   5.133e-06  p
net951                      1.80    0.009    0.468    0.3620   5.094e-06  p
net127                      1.80    0.016    0.584    0.1991   5.034e-06  p
net947                      1.80    0.006    0.560    0.4959   5.014e-06  p
net988                      1.80    0.006    0.508    0.5408   4.944e-06  p
net302                      1.80    0.006    0.560    0.4959   4.937e-06  p
net954                      1.80    0.014    0.533    0.2149   4.930e-06  p
net546                      1.80    0.038    0.530    0.0811   4.928e-06  p
net315                      1.80    0.009    0.779    0.3380   4.924e-06  p
net249                      1.80    0.007    0.579    0.4263   4.918e-06  p
net970                      1.80    0.011    0.222    0.2786   4.881e-06  p
clknet_4_3_0_clk            1.80    0.030    0.500    0.1000   4.876e-06  a
net600                      1.80    0.010    0.518    0.2938   4.839e-06  p
net25                       1.80    0.012    0.538    0.2453   4.818e-06  p
net179                      1.80    0.010    0.466    0.3062   4.793e-06  p
net742                      1.80    0.013    0.629    0.2344   4.782e-06  p
net292                      1.80    0.016    0.692    0.1890   4.777e-06  p
net56                       1.80    0.012    0.692    0.2421   4.762e-06  p
net288                      1.80    0.031    0.281    0.0953   4.734e-06  p
net275                      1.80    0.005    0.543    0.5405   4.694e-06  p
net722                      1.80    0.027    0.377    0.1085   4.661e-06  p
net643                      1.80    0.007    0.596    0.4332   4.633e-06  p
net130                      1.80    0.015    0.626    0.1851   4.633e-06  p
net46                       1.80    0.006    0.504    0.4556   4.604e-06  p
clknet_1_0__leaf_net469     1.80    0.012    0.466    0.2359   4.585e-06  p
net1004                     1.80    0.006    0.506    0.5035   4.582e-06  p
net552                      1.80    0.011    0.686    0.2610   4.536e-06  p
net953                      1.80    0.013    0.533    0.2149   4.525e-06  p
net440                      1.80    0.011    0.549    0.2621   4.524e-06  p
net27                       1.80    0.007    0.497    0.3727   4.490e-06  p
net58                       1.80    0.011    0.315    0.2530   4.483e-06  p
net949                      1.80    0.006    0.498    0.4357   4.481e-06  p
net506                      1.80    0.007    0.461    0.3723   4.441e-06  p
net357                      1.80    0.079    0.315    0.0344   4.409e-06  p
net1026                     1.80    0.005    0.560    0.4959   4.359e-06  p
net396                      1.80    0.010    0.517    0.2814   4.340e-06  p
net926                      1.80    0.021    0.538    0.1251   4.339e-06  p
net595                      1.80    0.009    0.431    0.3084   4.325e-06  p
net660                      1.80    0.011    0.186    0.2476   4.314e-06  p
net121                      1.80    0.015    0.730    0.1771   4.308e-06  p
net670                      1.80    0.012    0.230    0.2152   4.299e-06  p
net531                      1.80    0.056    0.123    0.0477   4.297e-06  p
net1001                     1.80    0.005    0.506    0.5035   4.280e-06  p
net361                      1.80    0.009    0.649    0.3055   4.270e-06  p
net874                      1.80    0.010    0.769    0.2545   4.258e-06  p
net596                      1.80    0.007    0.437    0.3888   4.251e-06  p
net189                      1.80    0.012    0.497    0.2143   4.240e-06  p
net236                      1.80    0.007    0.501    0.3680   4.233e-06  p
net168                      1.80    0.008    0.641    0.3280   4.233e-06  p
net262                      1.80    0.034    0.782    0.0743   4.132e-06  p
net1013                     1.80    0.015    0.618    0.1704   4.131e-06  p
net542                      1.80    0.013    0.613    0.1960   4.127e-06  p
net39                       1.80    0.008    0.701    0.3037   4.121e-06  p
net147                      1.80    0.006    0.502    0.4255   4.109e-06  p
net341                      1.80    0.007    0.513    0.3792   4.097e-06  p
net594                      1.80    0.010    0.588    0.2536   4.096e-06  p
net599                      1.80    0.008    0.532    0.3197   4.088e-06  p
net848                      1.80    0.013    0.637    0.1887   4.086e-06  p
net865                      1.80    0.010    0.524    0.2505   4.037e-06  p
net395                      1.80    0.007    0.596    0.3717   4.034e-06  p
net456                      1.80    0.013    0.643    0.1908   3.998e-06  p
net861                      1.80    0.005    0.586    0.4754   3.979e-06  p
net584                      1.80    0.012    0.520    0.2049   3.970e-06  p
net1029                     1.80    0.023    0.501    0.1060   3.964e-06  p
net741                      1.80    0.010    0.368    0.2344   3.954e-06  p
net323                      1.80    0.017    0.240    0.1440   3.936e-06  p
net77                       1.80    0.034    0.127    0.0717   3.922e-06  p
clknet_1_1__leaf_net682     1.80    0.031    0.373    0.0769   3.905e-06  p
net985                      1.80    0.010    0.186    0.2476   3.891e-06  p
net472                      1.80    0.015    0.727    0.1610   3.887e-06  p
net316                      1.80    0.051    0.843    0.0473   3.869e-06  p
net41                       1.80    0.015    0.737    0.1602   3.828e-06  p
net744                      1.80    0.014    0.531    0.1672   3.820e-06  p
net975                      1.80    0.009    0.186    0.2476   3.783e-06  p
net401                      1.80    0.007    0.605    0.3150   3.780e-06  p
net394                      1.80    0.006    0.443    0.3674   3.738e-06  p
net374                      1.80    0.007    0.440    0.3117   3.728e-06  p
net87                       1.80    0.042    0.968    0.0548   3.727e-06  p
net437                      1.80    0.006    0.573    0.3561   3.722e-06  p
net647                      1.80    0.048    0.123    0.0477   3.716e-06  p
net476                      1.80    0.008    0.504    0.3032   3.709e-06  p
net460                      1.80    0.007    0.465    0.3276   3.699e-06  p
net603                      1.80    0.006    0.584    0.3532   3.683e-06  p
net132                      1.80    0.006    0.699    0.3589   3.673e-06  p
net571                      1.80    0.010    0.611    0.2178   3.664e-06  p
net279                      1.80    0.007    0.607    0.3421   3.661e-06  p
net680                      1.80    0.094    0.516    0.0240   3.646e-06  p
net667                      1.80    0.012    0.176    0.1914   3.606e-06  p
net521                      1.80    0.007    0.562    0.3261   3.606e-06  p
net838                      1.80    0.015    0.459    0.1444   3.597e-06  p
net65                       1.80    0.008    0.498    0.2719   3.549e-06  p
net664                      1.80    0.009    0.196    0.2458   3.533e-06  p
net352                      1.80    0.015    0.589    0.1491   3.532e-06  p
net645                      1.80    0.005    0.508    0.4298   3.528e-06  p
net295                      1.80    0.005    0.507    0.3960   3.526e-06  p
net624                      1.80    0.004    0.576    0.4900   3.515e-06  p
net264                      1.80    0.006    0.661    0.3723   3.507e-06  p
net162                      1.80    0.009    0.589    0.2472   3.506e-06  p
net344                      1.80    0.008    0.800    0.2601   3.500e-06  p
net739                      1.80    0.015    0.345    0.1410   3.491e-06  p
net693                      1.80    0.011    0.450    0.1922   3.490e-06  p
net317                      1.80    0.045    0.157    0.0473   3.474e-06  p
net348                      1.80    0.010    0.531    0.2110   3.449e-06  p
net1024                     1.80    0.021    0.500    0.1000   3.441e-06  a
clknet_1_0__leaf_net485     1.80    0.008    0.503    0.2532   3.423e-06  p
net458                      1.80    0.010    0.619    0.2126   3.406e-06  p
net997                      1.80    0.029    0.127    0.0717   3.401e-06  p
net145                      1.80    0.005    0.536    0.4043   3.382e-06  p
net964                      1.80    0.005    0.529    0.4030   3.374e-06  p
net443                      1.80    0.009    0.541    0.2362   3.356e-06  p
net51                       1.80    0.003    0.497    0.6799   3.338e-06  p
net140                      1.80    0.007    0.532    0.2964   3.319e-06  p
net592                      1.80    0.010    0.600    0.1986   3.311e-06  p
net294                      1.80    0.010    0.478    0.2043   3.305e-06  p
net582                      1.80    0.008    0.347    0.2592   3.299e-06  p
net436                      1.80    0.006    0.572    0.3203   3.294e-06  p
net488                      1.80    0.004    0.450    0.4528   3.289e-06  p
net711                      1.80    0.012    0.731    0.1710   3.280e-06  p
net60                       1.80    0.007    0.421    0.2849   3.264e-06  p
net399                      1.80    0.005    0.644    0.3918   3.254e-06  p
clknet_1_0__leaf_net462     1.80    0.012    0.378    0.1691   3.249e-06  p
net639                      1.80    0.004    0.619    0.4824   3.241e-06  p
net347                      1.80    0.011    0.713    0.1817   3.226e-06  p
net689                      1.80    0.010    0.572    0.2052   3.222e-06  p
net148                      1.80    0.008    0.814    0.2479   3.213e-06  p
net462                      1.80    0.012    0.378    0.1691   3.210e-06  p
net375                      1.80    0.005    0.571    0.3967   3.203e-06  p
net431                      1.80    0.007    0.622    0.2685   3.197e-06  p
clknet_1_0__leaf_net681     1.80    0.034    0.298    0.0579   3.193e-06  p
net534                      1.80    0.008    0.487    0.2587   3.178e-06  p
net522                      1.80    0.004    0.506    0.5090   3.174e-06  p
net492                      1.80    0.008    0.468    0.2563   3.147e-06  p
net562                      1.80    0.015    0.687    0.1305   3.138e-06  p
net362                      1.80    0.011    0.554    0.1803   3.122e-06  p
net276                      1.80    0.016    0.911    0.1175   3.095e-06  p
net220                      1.80    0.003    0.551    0.5545   3.069e-06  p
net974                      1.80    0.009    0.558    0.2179   3.066e-06  p
net606                      1.80    0.005    0.514    0.3500   3.059e-06  p
net646                      1.80    0.039    0.874    0.0483   3.058e-06  p
net512                      1.80    0.008    0.633    0.2444   3.045e-06  p
net329                      1.80    0.012    0.654    0.1538   3.038e-06  p
net591                      1.80    0.005    0.549    0.3470   3.029e-06  p
net49                       1.80    0.006    0.496    0.3025   3.025e-06  p
net254                      1.80    0.007    0.461    0.2731   3.018e-06  p
net743                      1.80    0.013    0.567    0.1456   3.016e-06  p
clknet_1_1__leaf_net594     1.80    0.007    0.588    0.2536   3.013e-06  p
net846                      1.80    0.016    0.089    0.1175   3.003e-06  p
net814                      1.80    0.018    0.500    0.1000   2.994e-06  a
net707                      1.80    0.011    0.556    0.1648   2.986e-06  p
net659                      1.80    0.007    0.814    0.2479   2.948e-06  p
net849                      1.80    0.004    0.536    0.4167   2.947e-06  p
net405                      1.80    0.005    0.422    0.3940   2.946e-06  p
net585                      1.80    0.004    0.632    0.4416   2.903e-06  p
net618                      1.80    0.005    0.509    0.3476   2.898e-06  p
clknet_0_net682             1.80    0.023    0.373    0.0769   2.893e-06  p
net745                      1.80    0.009    0.424    0.2015   2.889e-06  p
net128                      1.80    0.011    0.567    0.1589   2.885e-06  p
net623                      1.80    0.007    0.525    0.2728   2.877e-06  p
net563                      1.80    0.005    0.620    0.3864   2.854e-06  p
net266                      1.80    0.004    0.727    0.4060   2.844e-06  p
clknet_0_net681             1.80    0.030    0.298    0.0579   2.843e-06  p
clknet_1_1__leaf_net702     1.80    0.033    0.265    0.0523   2.836e-06  p
net157                      1.80    0.007    0.705    0.2391   2.804e-06  p
net260                      1.80    0.009    0.855    0.1832   2.781e-06  p
net164                      1.80    0.005    0.676    0.3704   2.765e-06  p
net467                      1.80    0.014    0.521    0.1180   2.763e-06  p
net474                      1.80    0.003    0.545    0.5799   2.734e-06  p
net67                       1.80    0.009    0.500    0.1904   2.714e-06  p
net691                      1.80    0.008    0.616    0.1996   2.696e-06  p
clknet_1_0__leaf_net702     1.80    0.032    0.265    0.0523   2.695e-06  p
net709                      1.80    0.008    0.571    0.2106   2.693e-06  p
net687                      1.80    0.010    0.642    0.1640   2.688e-06  p
net259                      1.80    0.009    0.145    0.1832   2.682e-06  p
net928                      1.80    0.013    0.538    0.1251   2.680e-06  p
net497                      1.80    0.004    0.606    0.4252   2.678e-06  p
net169                      1.80    0.004    0.699    0.4549   2.677e-06  p
net634                      1.80    0.004    0.587    0.4672   2.676e-06  p
net933                      1.80    0.014    0.625    0.1199   2.675e-06  p
net631                      1.80    0.003    0.442    0.4808   2.671e-06  p
clknet_0_net736             1.80    0.025    0.324    0.0655   2.665e-06  p
net181                      1.80    0.008    0.586    0.2111   2.642e-06  p
net353                      1.80    0.007    0.497    0.2386   2.639e-06  p
net733                      1.80    0.067    0.531    0.0245   2.639e-06  p
net511                      1.80    0.006    0.601    0.2776   2.621e-06  p
net616                      1.80    0.005    0.507    0.2999   2.618e-06  p
net569                      1.80    0.006    0.702    0.2835   2.605e-06  p
net468                      1.80    0.023    0.823    0.0683   2.597e-06  p
net465                      1.80    0.007    0.679    0.2199   2.596e-06  p
net956                      1.80    0.007    0.533    0.2149   2.594e-06  p
net746                      1.80    0.007    0.562    0.2420   2.576e-06  p
net509                      1.80    0.005    0.557    0.3271   2.569e-06  p
net166                      1.80    0.012    0.600    0.1314   2.559e-06  p
net762                      1.80    0.008    0.541    0.2087   2.559e-06  p
net705                      1.80    0.007    0.617    0.2192   2.552e-06  p
net42                       1.80    0.010    0.624    0.1588   2.531e-06  p
net613                      1.80    0.008    0.510    0.1862   2.529e-06  p
net723                      1.80    0.011    0.516    0.1428   2.527e-06  p
net247                      1.80    0.008    0.386    0.1883   2.526e-06  p
net862                      1.80    0.005    0.452    0.3226   2.523e-06  p
net685                      1.80    0.010    0.520    0.1596   2.520e-06  p
net684                      1.80    0.010    0.477    0.1595   2.519e-06  p
clknet_1_0__leaf_net493     1.80    0.003    0.503    0.4472   2.516e-06  p
net464                      1.80    0.009    0.746    0.1751   2.496e-06  p
net602                      1.80    0.003    0.560    0.4710   2.486e-06  p
net7                        1.80    0.011    0.621    0.1417   2.485e-06  p
net498                      1.80    0.006    0.605    0.2626   2.472e-06  p
net681                      1.80    0.026    0.298    0.0579   2.471e-06  p
net367                      1.80    0.011    0.552    0.1351   2.430e-06  p
net736                      1.80    0.023    0.324    0.0655   2.423e-06  p
net439                      1.80    0.003    0.628    0.4608   2.384e-06  p
net461                      1.80    0.007    0.541    0.2087   2.375e-06  p
net927                      1.80    0.012    0.538    0.1251   2.354e-06  p
clknet_1_1__leaf_net493     1.80    0.003    0.503    0.4472   2.345e-06  p
net641                      1.80    0.004    0.535    0.3821   2.341e-06  p
clknet_1_0__leaf_net592     1.80    0.007    0.600    0.1986   2.323e-06  p
net872                      1.80    0.006    0.585    0.2475   2.314e-06  p
net153                      1.80    0.009    0.791    0.1521   2.300e-06  p
net479                      1.80    0.006    0.403    0.2551   2.300e-06  p
net510                      1.80    0.004    0.532    0.3683   2.294e-06  p
net267                      1.80    0.003    0.608    0.4703   2.291e-06  p
clknet_1_1__leaf_net574     1.80    0.003    0.491    0.4040   2.284e-06  p
net123                      1.80    0.004    0.514    0.3173   2.278e-06  p
net131                      1.80    0.011    0.624    0.1227   2.278e-06  p
net760                      1.80    0.006    0.585    0.2475   2.275e-06  p
net580                      1.80    0.003    0.567    0.4112   2.270e-06  p
net368                      1.80    0.010    0.448    0.1351   2.256e-06  p
net55                       1.80    0.003    0.704    0.4419   2.253e-06  p
net154                      1.80    0.005    0.418    0.2891   2.234e-06  p
net682                      1.80    0.018    0.373    0.0769   2.233e-06  p
net980                      1.80    0.007    0.363    0.1887   2.231e-06  p
net180                      1.80    0.007    0.363    0.1888   2.221e-06  p
net545                      1.80    0.017    0.466    0.0816   2.217e-06  p
net759                      1.80    0.005    0.575    0.2532   2.216e-06  p
net486                      1.80    0.006    0.531    0.2322   2.205e-06  p
net406                      1.80    0.004    0.518    0.3416   2.203e-06  p
net248                      1.80    0.007    0.614    0.1882   2.184e-06  p
net351                      1.80    0.009    0.410    0.1489   2.161e-06  p
net609                      1.80    0.005    0.650    0.2461   2.146e-06  p
net640                      1.80    0.003    0.487    0.3826   2.145e-06  p
net40                       1.80    0.008    0.263    0.1601   2.144e-06  p
net175                      1.80    0.005    0.389    0.2511   2.130e-06  p
net607                      1.80    0.010    0.543    0.1372   2.113e-06  p
net952                      1.80    0.004    0.468    0.3620   2.085e-06  p
net700                      1.80    0.053    0.455    0.0241   2.084e-06  p
net475                      1.80    0.003    0.532    0.4015   2.083e-06  p
clknet_1_0__leaf_net480     1.80    0.003    0.566    0.3909   2.062e-06  p
clknet_0_net719             1.80    0.019    0.327    0.0655   2.048e-06  p
net761                      1.80    0.006    0.478    0.2043   2.039e-06  p
net59                       1.80    0.005    0.230    0.2542   2.035e-06  p
net170                      1.80    0.003    0.628    0.4345   2.021e-06  p
net376                      1.80    0.003    0.567    0.3958   2.014e-06  p
net243                      1.80    0.003    0.546    0.4893   2.012e-06  p
net473                      1.80    0.004    0.344    0.3008   2.010e-06  p
net632                      1.80    0.005    0.554    0.2345   2.001e-06  p
net345                      1.80    0.003    0.707    0.3649   1.996e-06  p
net576                      1.80    0.003    0.571    0.3984   1.967e-06  p
clknet_0_net683             1.80    0.019    0.307    0.0639   1.956e-06  p
net167                      1.80    0.003    0.702    0.3623   1.946e-06  p
net621                      1.80    0.003    0.497    0.3955   1.933e-06  p
net514                      1.80    0.005    0.629    0.2384   1.930e-06  p
net604                      1.80    0.004    0.553    0.3289   1.929e-06  p
net312                      1.80    0.025    0.123    0.0477   1.925e-06  p
net590                      1.80    0.005    0.590    0.2372   1.922e-06  p
net141                      1.80    0.006    0.609    0.2026   1.914e-06  p
net508                      1.80    0.003    0.505    0.3508   1.909e-06  p
net400                      1.80    0.004    0.507    0.2813   1.892e-06  p
net1011                     1.80    0.007    0.618    0.1704   1.871e-06  p
net851                      1.80    0.033    0.315    0.0344   1.861e-06  p
clknet_1_1__leaf_net396     1.80    0.004    0.517    0.2814   1.851e-06  p
net575                      1.80    0.003    0.501    0.3512   1.851e-06  p
net402                      1.80    0.004    0.580    0.2768   1.848e-06  p
net636                      1.80    0.004    0.705    0.3036   1.842e-06  p
net487                      1.80    0.003    0.570    0.3628   1.836e-06  p
net583                      1.80    0.003    0.557    0.4000   1.836e-06  p
net610                      1.80    0.005    0.510    0.2236   1.834e-06  p
clknet_0_net737             1.80    0.020    0.275    0.0559   1.826e-06  p
net630                      1.80    0.005    0.259    0.2077   1.824e-06  p
net385                      1.80    0.003    0.501    0.4105   1.823e-06  p
net463                      1.80    0.003    0.524    0.3664   1.821e-06  p
net564                      1.80    0.003    0.575    0.3593   1.818e-06  p
net363                      1.80    0.006    0.658    0.1814   1.805e-06  p
net256                      1.80    0.013    0.819    0.0859   1.802e-06  p
net224                      1.80    0.011    0.508    0.1016   1.793e-06  p
net339                      1.80    0.003    0.581    0.3696   1.791e-06  p
net642                      1.80    0.002    0.549    0.4976   1.780e-06  p
clknet_1_0__leaf_net736     1.80    0.017    0.324    0.0655   1.778e-06  p
net1012                     1.80    0.006    0.618    0.1704   1.770e-06  p
net272                      1.80    0.003    0.551    0.3630   1.760e-06  p
net386                      1.80    0.007    0.398    0.1501   1.754e-06  p
net869                      1.80    0.004    0.650    0.2646   1.753e-06  p
clknet_1_1__leaf_net478     1.80    0.003    0.504    0.3512   1.744e-06  p
net587                      1.80    0.003    0.564    0.3503   1.744e-06  p
net457                      1.80    0.005    0.541    0.2087   1.738e-06  p
net629                      1.80    0.006    0.870    0.1741   1.737e-06  p
net973                      1.80    0.004    0.299    0.2684   1.724e-06  p
net1014                     1.80    0.006    0.618    0.1704   1.699e-06  p
net539                      1.80    0.003    0.523    0.3364   1.691e-06  p
net931                      1.80    0.004    0.494    0.2784   1.688e-06  p
net391                      1.80    0.005    0.373    0.1976   1.686e-06  p
clknet_0_net702             1.80    0.020    0.265    0.0523   1.685e-06  p
net588                      1.80    0.003    0.535    0.3078   1.681e-06  p
net284                      1.80    0.007    0.196    0.1467   1.681e-06  p
net471                      1.80    0.002    0.594    0.4305   1.678e-06  p
net535                      1.80    0.003    0.538    0.3433   1.678e-06  p
clknet_1_1__leaf_net485     1.80    0.004    0.503    0.2532   1.675e-06  p
net704                      1.80    0.005    0.380    0.2191   1.645e-06  p
net559                      1.80    0.002    0.543    0.4229   1.641e-06  p
net239                      1.80    0.066    0.480    0.0153   1.633e-06  p
net581                      1.80    0.003    0.527    0.3627   1.630e-06  p
net605                      1.80    0.004    0.627    0.2354   1.628e-06  p
net598                      1.80    0.004    0.593    0.2726   1.627e-06  p
clknet_1_1__leaf_net600     1.80    0.003    0.518    0.2938   1.621e-06  p
net432                      1.80    0.003    0.558    0.3383   1.618e-06  p
net662                      1.80    0.007    0.240    0.1440   1.598e-06  p
net387                      1.80    0.007    0.602    0.1501   1.594e-06  p
net536                      1.80    0.032    0.328    0.0309   1.583e-06  p
clknet_1_0__leaf_net737     1.80    0.017    0.275    0.0559   1.576e-06  p
net567                      1.80    0.003    0.400    0.3470   1.576e-06  p
net560                      1.80    0.002    0.569    0.3840   1.553e-06  p
net663                      1.80    0.004    0.804    0.2461   1.539e-06  p
net1009                     1.80    0.006    0.618    0.1704   1.536e-06  p
net403                      1.80    0.003    0.588    0.3705   1.527e-06  p
clknet_1_0__leaf_net600     1.80    0.003    0.518    0.2938   1.519e-06  p
net172                      1.80    0.002    0.654    0.4349   1.509e-06  p
net758                      1.80    0.005    0.497    0.1979   1.508e-06  p
net397                      1.80    0.002    0.503    0.4536   1.506e-06  p
net455                      1.80    0.009    0.084    0.1050   1.497e-06  p
net982                      1.80    0.004    0.196    0.2458   1.497e-06  p
net365                      1.80    0.005    0.477    0.1886   1.494e-06  p
net389                      1.80    0.002    0.568    0.3690   1.487e-06  p
net570                      1.80    0.002    0.477    0.4390   1.485e-06  p
net496                      1.80    0.002    0.348    0.3780   1.479e-06  p
net360                      1.80    0.003    0.523    0.2892   1.469e-06  p
clknet_1_1__leaf_net480     1.80    0.002    0.566    0.3909   1.460e-06  p
net507                      1.80    0.004    0.604    0.2480   1.443e-06  p
net608                      1.80    0.002    0.528    0.3648   1.434e-06  p
net932                      1.80    0.007    0.625    0.1199   1.431e-06  p
net502                      1.80    0.002    0.565    0.3981   1.423e-06  p
net661                      1.80    0.006    0.759    0.1443   1.420e-06  p
net372                      1.80    0.003    0.616    0.2806   1.417e-06  p
net242                      1.80    0.002    0.583    0.3655   1.416e-06  p
net380                      1.80    0.005    0.472    0.1828   1.407e-06  p
net404                      1.80    0.011    0.628    0.0811   1.396e-06  p
net573                      1.80    0.003    0.538    0.3248   1.391e-06  p
net359                      1.80    0.002    0.581    0.3440   1.376e-06  p
net756                      1.80    0.005    0.630    0.1788   1.376e-06  p
net622                      1.80    0.003    0.510    0.2886   1.366e-06  p
net683                      1.80    0.013    0.307    0.0639   1.349e-06  p
net450                      1.80    0.002    0.458    0.4003   1.343e-06  p
net710                      1.80    0.006    0.508    0.1377   1.342e-06  p
net969                      1.80    0.003    0.381    0.2437   1.333e-06  p
clknet_1_1__leaf_net681     1.80    0.014    0.298    0.0579   1.331e-06  p
net842                      1.80    0.004    0.671    0.2085   1.329e-06  p
net729                      1.80    0.004    0.404    0.1868   1.323e-06  p
net577                      1.80    0.002    0.547    0.3319   1.323e-06  p
net644                      1.80    0.003    0.681    0.2624   1.322e-06  p
net382                      1.80    0.003    0.560    0.3036   1.322e-06  p
net54                       1.80    0.003    0.402    0.2487   1.317e-06  p
net620                      1.80    0.003    0.462    0.2737   1.315e-06  p
net484                      1.80    0.002    0.432    0.3724   1.307e-06  p
clknet_1_0__leaf_net594     1.80    0.003    0.588    0.2536   1.299e-06  p
net448                      1.80    0.002    0.444    0.3409   1.293e-06  p
net1010                     1.80    0.005    0.618    0.1704   1.291e-06  p
net553                      1.80    0.011    0.184    0.0699   1.282e-06  p
net223                      1.80    0.003    0.702    0.3045   1.280e-06  p
net477                      1.80    0.003    0.531    0.2917   1.280e-06  p
net615                      1.80    0.002    0.556    0.3399   1.263e-06  p
net561                      1.80    0.006    0.313    0.1305   1.256e-06  p
net526                      1.80    0.009    0.729    0.0888   1.251e-06  p
net556                      1.80    0.002    0.454    0.3179   1.247e-06  p
net686                      1.80    0.005    0.355    0.1639   1.246e-06  p
net504                      1.80    0.002    0.529    0.3833   1.244e-06  p
net719                      1.80    0.012    0.327    0.0655   1.235e-06  p
net578                      1.80    0.005    0.463    0.1507   1.232e-06  p
net495                      1.80    0.002    0.734    0.3238   1.230e-06  p
net734                      1.80    0.032    0.493    0.0238   1.230e-06  p
net688                      1.80    0.004    0.424    0.2053   1.225e-06  p
net491                      1.80    0.003    0.534    0.2470   1.222e-06  p
net679                      1.80    0.034    0.610    0.0223   1.220e-06  p
net998                      1.80    0.010    0.127    0.0717   1.219e-06  p
net177                      1.80    0.003    0.649    0.2283   1.216e-06  p
net447                      1.80    0.022    0.052    0.0342   1.216e-06  p
net370                      1.80    0.005    0.165    0.1379   1.197e-06  p
net740                      1.80    0.006    0.525    0.1157   1.197e-06  p
net335                      1.80    0.002    0.507    0.3862   1.194e-06  p
net984                      1.80    0.004    0.450    0.1922   1.191e-06  p
net706                      1.80    0.004    0.441    0.1647   1.191e-06  p
clknet_1_1__leaf_net462     1.80    0.004    0.378    0.1691   1.190e-06  p
net338                      1.80    0.002    0.591    0.3020   1.189e-06  p
clknet_0_net701             1.80    0.020    0.176    0.0359   1.169e-06  p
net165                      1.80    0.003    0.756    0.2607   1.163e-06  p
net579                      1.80    0.004    0.665    0.2043   1.162e-06  p
net638                      1.80    0.003    0.773    0.2106   1.148e-06  p
net176                      1.80    0.003    0.611    0.2513   1.145e-06  p
net617                      1.80    0.002    0.626    0.2984   1.142e-06  p
net555                      1.80    0.003    0.488    0.2586   1.136e-06  p
net489                      1.80    0.003    0.440    0.2366   1.135e-06  p
net589                      1.80    0.002    0.607    0.3011   1.129e-06  p
net725                      1.80    0.004    0.465    0.1612   1.120e-06  p
out48                       1.80    0.001    0.586    0.4754   1.100e-06  p
net854                      1.80    0.003    0.478    0.2043   1.099e-06  p
clknet_1_1__leaf_net683     1.80    0.011    0.307    0.0639   1.097e-06  p
net737                      1.80    0.012    0.275    0.0559   1.097e-06  p
net445                      1.80    0.028    0.473    0.0244   1.096e-06  p
net383                      1.80    0.014    0.875    0.0494   1.095e-06  p
net850                      1.80    0.006    0.511    0.1033   1.079e-06  p
net532                      1.80    0.021    0.664    0.0315   1.064e-06  p
net565                      1.80    0.002    0.412    0.2774   1.060e-06  p
clknet_1_0__leaf_net683     1.80    0.010    0.307    0.0639   1.049e-06  p
net355                      1.80    0.003    0.594    0.2492   1.044e-06  p
net358                      1.80    0.003    0.744    0.2415   1.040e-06  p
net174                      1.80    0.003    0.585    0.2475   1.035e-06  p
net978                      1.80    0.003    0.585    0.2475   1.029e-06  p
net409                      1.80    0.006    0.655    0.1031   1.025e-06  p
net611                      1.80    0.003    0.527    0.2233   1.018e-06  p
net280                      1.80    0.003    0.310    0.2042   9.886e-07  p
clknet_1_0__leaf_net396     1.80    0.002    0.517    0.2814   9.397e-07  p
net802                      1.80    0.006    0.500    0.1000   9.294e-07  a
net449                      1.80    0.004    0.676    0.1440   9.266e-07  p
net612                      1.80    0.002    0.569    0.2712   9.212e-07  p
net934                      1.80    0.005    0.625    0.1199   9.146e-07  p
net976                      1.80    0.003    0.439    0.1637   9.143e-07  p
net650                      1.80    0.016    0.316    0.0344   9.073e-07  p
net390                      1.80    0.002    0.560    0.3157   9.061e-07  p
net665                      1.80    0.006    0.729    0.0888   9.045e-07  p
net757                      1.80    0.004    0.461    0.1574   8.981e-07  p
net979                      1.80    0.003    0.145    0.1832   8.973e-07  p
net171                      1.80    0.002    0.667    0.2493   8.933e-07  p
net653                      1.80    0.016    0.093    0.0352   8.921e-07  p
net721                      1.80    0.005    0.621    0.1088   8.585e-07  p
net666                      1.80    0.006    0.271    0.0888   8.582e-07  p
net524                      1.80    0.022    0.516    0.0243   8.524e-07  p
clknet_1_1__leaf_net736     1.80    0.008    0.324    0.0655   8.412e-07  p
net702                      1.80    0.010    0.265    0.0523   8.369e-07  p
net965                      1.80    0.005    0.281    0.0953   8.356e-07  p
net537                      1.80    0.002    0.376    0.2287   8.324e-07  p
net281                      1.80    0.003    0.689    0.2043   8.324e-07  p
net454                      1.80    0.002    0.597    0.2106   8.267e-07  p
net626                      1.80    0.004    0.911    0.1175   8.248e-07  p
net708                      1.80    0.006    0.341    0.0774   8.122e-07  p
net278                      1.80    0.021    0.106    0.0226   7.856e-07  p
net720                      1.80    0.004    0.601    0.1173   7.830e-07  p
out29                       1.80    0.001    0.412    0.4587   7.662e-07  p
out18                       1.80    0.002    0.580    0.2782   7.569e-07  p
net625                      1.80    0.004    0.089    0.1175   7.470e-07  p
net747                      1.80    0.003    0.439    0.1637   7.335e-07  p
net182                      1.80    0.002    0.368    0.2133   7.272e-07  p
net876                      1.80    0.003    0.458    0.1591   7.210e-07  p
net342                      1.80    0.003    0.609    0.1386   7.091e-07  p
out1                        1.80    0.001    0.516    0.5002   7.077e-07  p
net530                      1.80    0.005    0.729    0.0888   7.046e-07  p
net929                      1.80    0.003    0.538    0.1251   6.948e-07  p
net654                      1.80    0.014    0.113    0.0292   6.848e-07  p
net240                      1.80    0.003    0.747    0.1405   6.797e-07  p
net377                      1.80    0.002    0.500    0.1833   6.692e-07  p
net593                      1.80    0.002    0.540    0.2205   6.479e-07  p
out14                       1.80    0.001    0.503    0.4500   6.444e-07  p
net651                      1.80    0.016    0.213    0.0245   6.427e-07  p
net173                      1.80    0.003    0.562    0.1377   6.381e-07  p
clknet_1_1__leaf_net592     1.80    0.002    0.600    0.1986   6.363e-07  p
net619                      1.80    0.002    0.493    0.2180   6.347e-07  p
net977                      1.80    0.002    0.614    0.1882   6.336e-07  p
net858                      1.80    0.016    0.512    0.0251   6.317e-07  p
net738                      1.80    0.007    0.289    0.0552   6.300e-07  p
out23                       1.80    0.002    0.254    0.2182   6.280e-07  p
clknet_1_1__leaf_net719     1.80    0.006    0.327    0.0655   6.252e-07  p
out5                        1.80    0.001    0.674    0.4692   6.055e-07  p
out37                       1.80    0.001    0.500    0.4180   6.026e-07  p
out33                       1.80    0.001    0.536    0.4167   5.978e-07  p
net676                      1.80    0.015    0.532    0.0241   5.937e-07  p
net628                      1.80    0.004    0.562    0.0971   5.923e-07  p
net366                      1.80    0.002    0.522    0.1888   5.873e-07  p
net935                      1.80    0.003    0.625    0.1199   5.748e-07  p
clknet_1_0__leaf_net719     1.80    0.005    0.327    0.0655   5.684e-07  p
net392                      1.80    0.002    0.626    0.1975   5.669e-07  p
net523                      1.80    0.014    0.516    0.0243   5.659e-07  p
net868                      1.80    0.003    0.773    0.1184   5.608e-07  p
net627                      1.80    0.004    0.438    0.0973   5.561e-07  p
net701                      1.80    0.009    0.176    0.0359   5.504e-07  p
out49                       1.80    0.001    0.452    0.3226   5.373e-07  p
net253                      1.80    0.004    0.648    0.0824   5.129e-07  p
out2                        1.80    0.001    0.503    0.5477   5.074e-07  p
net981                      1.80    0.003    0.271    0.0888   4.990e-07  p
net146                      1.80    0.002    0.650    0.1217   4.901e-07  p
net968                      1.80    0.012    0.530    0.0245   4.847e-07  p
out51                       1.80    0.001    0.524    0.2505   4.717e-07  p
net541                      1.80    0.003    0.438    0.0972   4.657e-07  p
net250                      1.80    0.011    0.632    0.0265   4.647e-07  p
net286                      1.80    0.004    0.463    0.0744   4.617e-07  p
out59                       1.80    0.001    0.585    0.2475   4.607e-07  p
net314                      1.80    0.058    0.015    0.0048   4.493e-07  p
net714                      1.80    0.011    0.524    0.0242   4.463e-07  p
out38                       1.80    0.001    0.533    0.2149   4.375e-07  p
net672                      1.80    0.018    0.480    0.0154   4.371e-07  p
net453                      1.80    0.005    0.841    0.0554   4.290e-07  p
out52                       1.80    0.001    0.517    0.3026   4.248e-07  p
net656                      1.80    0.008    0.954    0.0305   4.145e-07  p
out56                       1.80    0.001    0.684    0.2533   4.126e-07  p
out19                       1.80    0.001    0.498    0.1889   4.087e-07  p
net971                      1.80    0.005    0.123    0.0477   3.933e-07  p
out7                        1.80    0.001    0.458    0.1591   3.840e-07  p
clknet_1_1__leaf_net737     1.80    0.004    0.275    0.0559   3.810e-07  p
net287                      1.80    0.003    0.537    0.0744   3.686e-07  p
out10                       1.80    0.001    0.620    0.2110   3.645e-07  p
out47                       1.80    0.001    0.632    0.2939   3.636e-07  p
net732                      1.80    0.009    0.482    0.0242   3.629e-07  p
out46                       1.80    0.001    0.402    0.2487   3.604e-07  p
out25                       1.80    0.001    0.501    0.3033   3.577e-07  p
out3                        1.80    0.000    0.418    0.4403   3.523e-07  p
net755                      1.80    0.004    0.276    0.0560   3.432e-07  p
net718                      1.80    0.004    0.246    0.0512   3.427e-07  p
out4                        1.80    0.001    0.478    0.2043   3.354e-07  p
out55                       1.80    0.001    0.650    0.2646   3.310e-07  p
net713                      1.80    0.008    0.515    0.0250   3.300e-07  p
out17                       1.80    0.001    0.222    0.2786   3.269e-07  p
net252                      1.80    0.002    0.351    0.0822   3.235e-07  p
net268                      1.80    0.007    0.969    0.0267   3.141e-07  p
out11                       1.80    0.001    0.630    0.2023   3.082e-07  p
net754                      1.80    0.003    0.287    0.0560   3.055e-07  p
net538                      1.80    0.002    0.562    0.0970   3.027e-07  p
net270                      1.80    0.013    0.129    0.0138   2.989e-07  p
out60                       1.80    0.001    0.768    0.2545   2.985e-07  p
net678                      1.80    0.010    0.732    0.0176   2.981e-07  p
clknet_1_1__leaf_net701     1.80    0.005    0.176    0.0359   2.951e-07  p
out13                       1.80    0.001    0.503    0.2892   2.950e-07  p
out44                       1.80    0.001    0.504    0.2486   2.908e-07  p
net674                      1.80    0.017    0.599    0.0108   2.901e-07  p
net703                      1.80    0.004    0.224    0.0469   2.888e-07  p
out21                       1.80    0.000    0.486    0.3584   2.872e-07  p
net346                      1.80    0.005    0.315    0.0344   2.815e-07  p
net717                      1.80    0.003    0.251    0.0516   2.813e-07  p
out31                       1.80    0.001    0.674    0.1924   2.774e-07  p
out57                       1.80    0.001    0.625    0.2155   2.756e-07  p
net753                      1.80    0.003    0.285    0.0571   2.722e-07  p
net752                      1.80    0.007    0.556    0.0248   2.684e-07  p
clknet_1_0__leaf_net701     1.80    0.005    0.176    0.0359   2.640e-07  p
net696                      1.80    0.007    0.641    0.0227   2.628e-07  p
net407                      1.80    0.007    0.947    0.0234   2.581e-07  p
out41                       1.80    0.001    0.581    0.1984   2.570e-07  p
net972                      1.80    0.006    0.359    0.0267   2.566e-07  p
out26                       1.80    0.001    0.671    0.2085   2.556e-07  p
out6                        1.80    0.001    0.824    0.1706   2.508e-07  p
net716                      1.80    0.006    0.474    0.0248   2.430e-07  p
net379                      1.80    0.006    0.961    0.0253   2.412e-07  p
out32                       1.80    0.001    0.637    0.1889   2.407e-07  p
out20                       1.80    0.001    0.459    0.1444   2.390e-07  p
net748                      1.80    0.006    0.531    0.0246   2.380e-07  p
out50                       1.80    0.001    0.507    0.1884   2.356e-07  p
net293                      1.80    0.018    0.024    0.0081   2.325e-07  p
net673                      1.80    0.009    0.510    0.0152   2.315e-07  p
net633                      1.80    0.006    0.516    0.0243   2.299e-07  p
out53                       1.80    0.001    0.511    0.2077   2.285e-07  p
net749                      1.80    0.006    0.582    0.0228   2.227e-07  p
net658                      1.80    0.007    0.924    0.0194   2.095e-07  p
net966                      1.80    0.004    0.052    0.0341   2.069e-07  p
net715                      1.80    0.005    0.499    0.0240   2.012e-07  p
net649                      1.80    0.005    0.099    0.0263   1.981e-07  p
net698                      1.80    0.005    0.493    0.0245   1.882e-07  p
net251                      1.80    0.004    0.359    0.0267   1.878e-07  p
net712                      1.80    0.005    0.514    0.0246   1.862e-07  p
net697                      1.80    0.005    0.431    0.0247   1.850e-07  p
net290                      1.80    0.003    0.109    0.0370   1.775e-07  p
out9                        1.80    0.001    0.504    0.1883   1.731e-07  p
out61                       1.80    0.001    0.496    0.1394   1.716e-07  p
out54                       1.80    0.001    0.773    0.1183   1.681e-07  p
net648                      1.80    0.004    0.901    0.0263   1.675e-07  p
out30                       1.80    0.001    0.089    0.1175   1.670e-07  p
net730                      1.80    0.005    0.369    0.0224   1.651e-07  p
out42                       1.80    0.001    0.509    0.1102   1.621e-07  p
net765                      1.80    0.003    0.664    0.0315   1.598e-07  p
out28                       1.80    0.001    0.541    0.1287   1.493e-07  p
out35                       1.80    0.001    0.511    0.1033   1.468e-07  p
net731                      1.80    0.004    0.622    0.0227   1.458e-07  p
net655                      1.80    0.003    0.885    0.0296   1.442e-07  p
net767                      1.80    0.004    0.516    0.0243   1.418e-07  p
net699                      1.80    0.004    0.537    0.0244   1.417e-07  p
net766                      1.80    0.004    0.473    0.0244   1.398e-07  p
net735                      1.80    0.004    0.574    0.0231   1.317e-07  p
net291                      1.80    0.002    0.891    0.0370   1.311e-07  p
net378                      1.80    0.003    0.039    0.0253   1.299e-07  p
net750                      1.80    0.003    0.536    0.0242   1.284e-07  p
net548                      1.80    0.003    0.192    0.0232   1.248e-07  p
net637                      1.80    0.003    0.516    0.0243   1.195e-07  p
net983                      1.80    0.003    0.350    0.0223   1.192e-07  p
net764                      1.80    0.002    0.328    0.0309   1.131e-07  p
net657                      1.80    0.003    0.945    0.0217   1.108e-07  p
net269                      1.80    0.005    0.866    0.0140   1.094e-07  p
net441                      1.80    0.004    0.480    0.0153   9.361e-08  p
out36                       1.80    0.002    0.315    0.0344   9.280e-08  p
net675                      1.80    0.002    0.456    0.0243   9.171e-08  p
net549                      1.80    0.002    0.801    0.0234   8.957e-08  p
net751                      1.80    0.002    0.518    0.0242   8.687e-08  p
net677                      1.80    0.003    0.258    0.0173   8.532e-08  p
net695                      1.80    0.002    0.350    0.0223   7.912e-08  p
out45                       1.80    0.001    0.512    0.0251   4.353e-08  p
net124                      1.80    0.001    0.046    0.0257   4.146e-08  pm
net967                      1.80    0.005    0.015    0.0048   3.743e-08  p
net349                      1.80    0.002    0.004    0.0060   2.200e-08  p
net235                      1.80    0.012    1.000    0.0000      0.0000  p
net238                      1.80    0.043    1.000    0.0000      0.0000  p
--------------------------------------------------------------------------------
Total (1152 nets)                                              1.037e-02 Watt



                                      Int      Switch   Leak      Total
Hierarchy                             Power    Power    Power     Power    %
--------------------------------------------------------------------------------
netlist_0                             8.76e-03 1.04e-02 8.29e-09  1.91e-02 100.0
1
