Information: Derived library resistance unit is 1.000000 Kohm (Time unit is 1 ns, and Capacitance unit is 1.000000 pF). (DES-028)
Warning: Coupling capacitor (in12:5 in13:9 0) on net in13 is discarded because the value cannot be <= 0 (PARA-040)
Warning: Detected semantically incorrect SPEF in coupling section. (PARA-098)
Warning: Coupling capacitor (in0:9 in25:9 0) on net in25 is discarded because the value cannot be <= 0 (PARA-040)
Warning: Coupling capacitor (in22:7 in25:9 0) on net in25 is discarded because the value cannot be <= 0 (PARA-040)
Warning: Coupling capacitor (in12:5 in27:9 0) on net in27 is discarded because the value cannot be <= 0 (PARA-040)
Warning: Coupling capacitor (in28:5 in32:7 0) on net in32 is discarded because the value cannot be <= 0 (PARA-040)
Warning: Coupling capacitor (in20:9 in35:15 0) on net in35 is discarded because the value cannot be <= 0 (PARA-040)
Warning: Coupling capacitor (in31:13 in36:9 0) on net in36 is discarded because the value cannot be <= 0 (PARA-040)
Warning: Coupling capacitor (in0:9 in37:9 0) on net in37 is discarded because the value cannot be <= 0 (PARA-040)
Warning: Coupling capacitor (in0:24 in37:9 0) on net in37 is discarded because the value cannot be <= 0 (PARA-040)
Warning: Coupling capacitor (in17:7 in38:5 0) on net in38 is discarded because the value cannot be <= 0 (PARA-040)
Warning: Coupling capacitor (in37:9 in38:5 0) on net in38 is discarded because the value cannot be <= 0 (PARA-040)
Warning: Coupling capacitor (in1:9 in4:7 0) on net in4 is discarded because the value cannot be <= 0 (PARA-040)
Warning: Coupling capacitor (ANTENNA_input17_A/DIODE in40:9 0) on net in40 is discarded because the value cannot be <= 0 (PARA-040)
Warning: Coupling capacitor (in22:7 input36/A 0) on net in40 is discarded because the value cannot be <= 0 (PARA-040)
Warning: Coupling capacitor (in22:7 in40:9 0) on net in40 is discarded because the value cannot be <= 0 (PARA-040)
Warning: Coupling capacitor (in23:9 in40:9 0) on net in40 is discarded because the value cannot be <= 0 (PARA-040)
Warning: Coupling capacitor (in23:9 in42:13 0) on net in42 is discarded because the value cannot be <= 0 (PARA-040)
Warning: Coupling capacitor (in3:7 in42:13 0) on net in42 is discarded because the value cannot be <= 0 (PARA-040)
Warning: Coupling capacitor (in30:9 in43:9 0) on net in43 is discarded because the value cannot be <= 0 (PARA-040)
Warning: Coupling capacitor (in35:15 in43:9 0) on net in43 is discarded because the value cannot be <= 0 (PARA-040)
Warning: Coupling capacitor (in44:7 in45:7 0) on net in45 is discarded because the value cannot be <= 0 (PARA-040)
Warning: Coupling capacitor (in29:11 in46:7 0) on net in46 is discarded because the value cannot be <= 0 (PARA-040)
Warning: Coupling capacitor (in39:7 in47:13 0) on net in47 is discarded because the value cannot be <= 0 (PARA-040)
Warning: Coupling capacitor (ANTENNA_input37_A/DIODE in50:9 0) on net in50 is discarded because the value cannot be <= 0 (PARA-040)
Warning: Coupling capacitor (in29:11 in50:9 0) on net in50 is discarded because the value cannot be <= 0 (PARA-040)
Warning: Coupling capacitor (in41:7 in50:9 0) on net in50 is discarded because the value cannot be <= 0 (PARA-040)
Warning: Coupling capacitor (in49:5 in51:7 0) on net in51 is discarded because the value cannot be <= 0 (PARA-040)
Warning: Coupling capacitor (in18:9 in52:9 0) on net in52 is discarded because the value cannot be <= 0 (PARA-040)
Warning: Coupling capacitor (ANTENNA_input45_A/DIODE ANTENNA_input50_A/DIODE 0) on net in53 is discarded because the value cannot be <= 0 (PARA-040)
Warning: Coupling capacitor (in46:7 in53:5 0) on net in53 is discarded because the value cannot be <= 0 (PARA-040)
Warning: Coupling capacitor (in49:5 in53:5 0) on net in53 is discarded because the value cannot be <= 0 (PARA-040)
Warning: Coupling capacitor (input48/A input51/A 0) on net in54 is discarded because the value cannot be <= 0 (PARA-040)
Warning: Coupling capacitor (in51:7 in54:7 0) on net in54 is discarded because the value cannot be <= 0 (PARA-040)
Warning: Coupling capacitor (ANTENNA_input30_A/DIODE ANTENNA_input52_A/DIODE 0) on net in55 is discarded because the value cannot be <= 0 (PARA-040)
Warning: Coupling capacitor (in20:9 in55:9 0) on net in55 is discarded because the value cannot be <= 0 (PARA-040)
Warning: Coupling capacitor (in54:7 in56:7 0) on net in56 is discarded because the value cannot be <= 0 (PARA-040)
Warning: Coupling capacitor (ANTENNA_input37_A/DIODE in57:7 0) on net in57 is discarded because the value cannot be <= 0 (PARA-040)
Warning: Coupling capacitor (in32:7 in57:7 0) on net in57 is discarded because the value cannot be <= 0 (PARA-040)
Warning: Coupling capacitor (in41:7 in57:7 0) on net in57 is discarded because the value cannot be <= 0 (PARA-040)
Warning: Coupling capacitor (in55:9 in58:11 0) on net in58 is discarded because the value cannot be <= 0 (PARA-040)
Warning: Coupling capacitor (in30:9 out1 0) on net out1 is discarded because the value cannot be <= 0 (PARA-040)
Warning: Coupling capacitor (in45:7 out13 0) on net out13 is discarded because the value cannot be <= 0 (PARA-040)
Warning: Coupling capacitor (in9:7 out14 0) on net out14 is discarded because the value cannot be <= 0 (PARA-040)
Warning: Coupling capacitor (in39:7 out17 0) on net out17 is discarded because the value cannot be <= 0 (PARA-040)
Warning: Coupling capacitor (in26:7 out20 0) on net out20 is discarded because the value cannot be <= 0 (PARA-040)
Warning: Coupling capacitor (in17:7 out23 0) on net out23 is discarded because the value cannot be <= 0 (PARA-040)
Warning: Coupling capacitor (in28:5 out23 0) on net out23 is discarded because the value cannot be <= 0 (PARA-040)
Warning: Coupling capacitor (out1 out25 0) on net out25 is discarded because the value cannot be <= 0 (PARA-040)
Warning: Coupling capacitor (in11:9 out28 0) on net out28 is discarded because the value cannot be <= 0 (PARA-040)
Warning: Coupling capacitor (in52:9 out3 0) on net out3 is discarded because the value cannot be <= 0 (PARA-040)
Warning: Coupling capacitor (out31 out33 0) on net out33 is discarded because the value cannot be <= 0 (PARA-040)
Warning: Coupling capacitor (in24:7 out35 0) on net out35 is discarded because the value cannot be <= 0 (PARA-040)
Warning: Coupling capacitor (in34:15 out36 0) on net out36 is discarded because the value cannot be <= 0 (PARA-040)
Warning: Coupling capacitor (in6:7 out36 0) on net out36 is discarded because the value cannot be <= 0 (PARA-040)
Warning: Coupling capacitor (out25 out42 0) on net out42 is discarded because the value cannot be <= 0 (PARA-040)
Warning: Coupling capacitor (out13 out44 0) on net out44 is discarded because the value cannot be <= 0 (PARA-040)
Warning: Coupling capacitor (in58:11 out44 0) on net out44 is discarded because the value cannot be <= 0 (PARA-040)
Warning: Coupling capacitor (out30 out45 0) on net out45 is discarded because the value cannot be <= 0 (PARA-040)
Warning: Coupling capacitor (in58:11 out46 0) on net out46 is discarded because the value cannot be <= 0 (PARA-040)
Warning: Coupling capacitor (out42 out47 0) on net out47 is discarded because the value cannot be <= 0 (PARA-040)
Warning: Coupling capacitor (out18 out49 0) on net out49 is discarded because the value cannot be <= 0 (PARA-040)
Warning: Coupling capacitor (in11:9 out5 0) on net out5 is discarded because the value cannot be <= 0 (PARA-040)
Warning: Coupling capacitor (in24:7 out5 0) on net out5 is discarded because the value cannot be <= 0 (PARA-040)
Warning: Coupling capacitor (out18 out50 0) on net out50 is discarded because the value cannot be <= 0 (PARA-040)
Warning: Coupling capacitor (out37 out51 0) on net out51 is discarded because the value cannot be <= 0 (PARA-040)
Warning: Coupling capacitor (out35 out52 0) on net out52 is discarded because the value cannot be <= 0 (PARA-040)
Warning: Coupling capacitor (out47 out52 0) on net out52 is discarded because the value cannot be <= 0 (PARA-040)
Warning: Coupling capacitor (in56:7 out55 0) on net out55 is discarded because the value cannot be <= 0 (PARA-040)
Warning: Coupling capacitor (out19 out56 0) on net out56 is discarded because the value cannot be <= 0 (PARA-040)
Warning: Coupling capacitor (in44:7 out56 0) on net out56 is discarded because the value cannot be <= 0 (PARA-040)
Warning: Coupling capacitor (out28 out57 0) on net out57 is discarded because the value cannot be <= 0 (PARA-040)
Warning: Coupling capacitor (out21 out6 0) on net out6 is discarded because the value cannot be <= 0 (PARA-040)
Warning: Coupling capacitor (in7:5 out6 0) on net out6 is discarded because the value cannot be <= 0 (PARA-040)
Warning: Coupling capacitor (out53 out60 0) on net out60 is discarded because the value cannot be <= 0 (PARA-040)
Warning: Coupling capacitor (out19 out61 0) on net out61 is discarded because the value cannot be <= 0 (PARA-040)
Warning: Coupling capacitor (out55 out61 0) on net out61 is discarded because the value cannot be <= 0 (PARA-040)
Warning: Coupling capacitor (in18:9 out7 0) on net out7 is discarded because the value cannot be <= 0 (PARA-040)
Warning: Coupling capacitor (in7:5 out7 0) on net out7 is discarded because the value cannot be <= 0 (PARA-040)
Warning: Coupling capacitor (clkbuf_1_0__f_net112/A clkbuf_1_0__f_net117/A 0) on net clknet_0_net117 is discarded because the value cannot be <= 0 (PARA-040)
Warning: Coupling capacitor (clkbuf_1_1__f_net366/A clknet_1_0__leaf_net120:12 0) on net clknet_1_0__leaf_net120 is discarded because the value cannot be <= 0 (PARA-040)
Warning: Coupling capacitor (clknet_0_net366:10 clknet_1_0__leaf_net120:12 0) on net clknet_1_0__leaf_net120 is discarded because the value cannot be <= 0 (PARA-040)
Warning: Coupling capacitor (clkbuf_1_1__f_net693/A clknet_1_0__leaf_net136:18 0) on net clknet_1_0__leaf_net136 is discarded because the value cannot be <= 0 (PARA-040)
Warning: Coupling capacitor (clknet_1_0__leaf_net132:12 clknet_1_0__leaf_net136:18 0) on net clknet_1_0__leaf_net136 is discarded because the value cannot be <= 0 (PARA-040)
Warning: Coupling capacitor (clkbuf_1_0__f_net121/A c216/A3 0) on net clknet_1_0__leaf_net137 is discarded because the value cannot be <= 0 (PARA-040)
Warning: Coupling capacitor (clkbuf_1_0__f_net112/A c328/D 0) on net clknet_1_0__leaf_net241 is discarded because the value cannot be <= 0 (PARA-040)
Warning: Coupling capacitor (clkbuf_1_1__f_net715/A clknet_1_0__leaf_net251:42 0) on net clknet_1_0__leaf_net251 is discarded because the value cannot be <= 0 (PARA-040)
Warning: Coupling capacitor (clknet_1_0__leaf_net120:12 c472/A2 0) on net clknet_1_0__leaf_net270 is discarded because the value cannot be <= 0 (PARA-040)
Warning: Coupling capacitor (clknet_1_0__leaf_net268:14 c472/A2 0) on net clknet_1_0__leaf_net270 is discarded because the value cannot be <= 0 (PARA-040)
Warning: Coupling capacitor (c580/A2 clknet_1_0__leaf_net354:146 0) on net clknet_1_0__leaf_net354 is discarded because the value cannot be <= 0 (PARA-040)
Warning: Coupling capacitor (clknet_1_0__leaf_net103:132 c719/A2 0) on net clknet_1_0__leaf_net354 is discarded because the value cannot be <= 0 (PARA-040)
Warning: Coupling capacitor (clknet_1_0__leaf_net103:132 clknet_1_0__leaf_net354:152 0) on net clknet_1_0__leaf_net354 is discarded because the value cannot be <= 0 (PARA-040)
Warning: Coupling capacitor (clkbuf_1_1__f_net103/A clknet_1_0__leaf_net465:169 0) on net clknet_1_0__leaf_net465 is discarded because the value cannot be <= 0 (PARA-040)
Warning: Coupling capacitor (clkbuf_1_1__f_net122/A clknet_1_0__leaf_net465:33 0) on net clknet_1_0__leaf_net465 is discarded because the value cannot be <= 0 (PARA-040)
Warning: Coupling capacitor (c627/A2 c616/A1 0) on net clknet_1_0__leaf_net468 is discarded because the value cannot be <= 0 (PARA-040)
Warning: Coupling capacitor (clknet_1_0__leaf_net412:8 c632/S1 0) on net clknet_1_0__leaf_net515 is discarded because the value cannot be <= 0 (PARA-040)
Warning: Coupling capacitor (clknet_1_0__leaf_net142:18 c367/B1 0) on net clknet_1_0__leaf_net863 is discarded because the value cannot be <= 0 (PARA-040)
Warning: Coupling capacitor (clknet_1_0__leaf_net376:12 c629/A3 0) on net clknet_1_1__leaf_net103 is discarded because the value cannot be <= 0 (PARA-040)
Warning: Coupling capacitor (clknet_1_0__leaf_net122:26 clknet_1_1__leaf_net112:34 0) on net clknet_1_1__leaf_net112 is discarded because the value cannot be <= 0 (PARA-040)
Warning: Coupling capacitor (clknet_1_0__leaf_net103:18 clknet_1_1__leaf_net114:67 0) on net clknet_1_1__leaf_net114 is discarded because the value cannot be <= 0 (PARA-040)
Warning: Coupling capacitor (clknet_1_0__leaf_net230:18 clknet_1_1__leaf_net117:16 0) on net clknet_1_1__leaf_net117 is discarded because the value cannot be <= 0 (PARA-040)
Note - message 'PARA-040' default limit (100) exceeded.  Remainder will be suppressed.
Warning: Net 'net167' is multi-driven. (DES-023)
Warning: Net 'net261' is multi-driven. (DES-023)
Warning: Net 'net492' is multi-driven. (DES-023)

****************************************
Report : read_parasitics /nas/ei/home/ge78pav/TM_power/TM_openlane/TM_openlane_single_mid/TM_openlane_mid_anb/TM_openlane_mid_anb_max/netlist_1/high/spef/netlist_1_post_par_nom.spef
Design : netlist_1
Version: Q-2019.12-SP1
Date   : Fri Aug  9 18:39:46 2024
****************************************

        0 error(s)
        Format is SPEF
        Annotated nets                   :         1448
        Annotated capacitances           :        11612
        Annotated resistances            :        10164
        Reduced coupling capacitances    :        23140
        Annotated PI models              :            0
        Annotated Elmore delays          :            0

