Information: Derived library resistance unit is 1.000000 Kohm (Time unit is 1 ns, and Capacitance unit is 1.000000 pF). (DES-028)
Warning: Coupling capacitor (in0:7 in1:11 0) on net in1 is discarded because the value cannot be <= 0 (PARA-040)
Warning: Detected semantically incorrect SPEF in coupling section. (PARA-098)
Warning: Coupling capacitor (input9/A input11/A 0) on net in18 is discarded because the value cannot be <= 0 (PARA-040)
Warning: Coupling capacitor (in16:7 in18:7 0) on net in18 is discarded because the value cannot be <= 0 (PARA-040)
Warning: Coupling capacitor (in2:9 out0 0) on net out0 is discarded because the value cannot be <= 0 (PARA-040)
Warning: Coupling capacitor (in3:11 out16 0) on net out16 is discarded because the value cannot be <= 0 (PARA-040)
Warning: Coupling capacitor (in21:7 out18 0) on net out18 is discarded because the value cannot be <= 0 (PARA-040)
Warning: Coupling capacitor (in17:7 out19 0) on net out19 is discarded because the value cannot be <= 0 (PARA-040)
Warning: Coupling capacitor (out0 out22 0) on net out22 is discarded because the value cannot be <= 0 (PARA-040)
Warning: Coupling capacitor (out2 out22 0) on net out22 is discarded because the value cannot be <= 0 (PARA-040)
Warning: Coupling capacitor (in5:9 out7 0) on net out7 is discarded because the value cannot be <= 0 (PARA-040)
Warning: Coupling capacitor (clkbuf_1_1__f_net720/A clkbuf_1_1__f_net795/A 0) on net clknet_0_net795 is discarded because the value cannot be <= 0 (PARA-040)
Warning: Coupling capacitor (clknet_0_clk:373 clkbuf_1_0__f_net897/A 0) on net clknet_0_net897 is discarded because the value cannot be <= 0 (PARA-040)
Warning: Coupling capacitor (clknet_0_clk:373 clkbuf_1_1__f_net897/A 0) on net clknet_0_net897 is discarded because the value cannot be <= 0 (PARA-040)
Warning: Coupling capacitor (clkbuf_1_0__f_net229/A clknet_1_0__leaf_net227:40 0) on net clknet_1_0__leaf_net227 is discarded because the value cannot be <= 0 (PARA-040)
Warning: Coupling capacitor (clkbuf_1_1__f_net854/A clknet_1_0__leaf_net227:10 0) on net clknet_1_0__leaf_net227 is discarded because the value cannot be <= 0 (PARA-040)
Warning: Coupling capacitor (clknet_0_clk:203 clknet_1_0__leaf_net227:10 0) on net clknet_1_0__leaf_net227 is discarded because the value cannot be <= 0 (PARA-040)
Warning: Coupling capacitor (clknet_0_clk:203 clknet_1_0__leaf_net227:40 0) on net clknet_1_0__leaf_net227 is discarded because the value cannot be <= 0 (PARA-040)
Warning: Coupling capacitor (clkbuf_1_0__f_net222/A c395/A3 0) on net clknet_1_0__leaf_net346 is discarded because the value cannot be <= 0 (PARA-040)
Warning: Coupling capacitor (clkbuf_1_0__f_net96/A clknet_1_0__leaf_net854:10 0) on net clknet_1_0__leaf_net854 is discarded because the value cannot be <= 0 (PARA-040)
Warning: Coupling capacitor (clknet_1_0__leaf_net563:14 c592/S1 0) on net clknet_1_0__leaf_net895 is discarded because the value cannot be <= 0 (PARA-040)
Warning: Coupling capacitor (clkbuf_1_1__f_net98/A clknet_1_0__leaf_net96:18 0) on net clknet_1_0__leaf_net96 is discarded because the value cannot be <= 0 (PARA-040)
Warning: Coupling capacitor (c261/A3 c261/A1 0) on net clknet_1_1__leaf_net215 is discarded because the value cannot be <= 0 (PARA-040)
Warning: Coupling capacitor (clkbuf_1_1__f_net229/A c262/A0 0) on net clknet_1_1__leaf_net229 is discarded because the value cannot be <= 0 (PARA-040)
Warning: Coupling capacitor (clkbuf_1_0__f_net795/A c659/A2 0) on net clknet_1_1__leaf_net622 is discarded because the value cannot be <= 0 (PARA-040)
Warning: Coupling capacitor (clkbuf_1_1__f_net795/A c659/A2 0) on net clknet_1_1__leaf_net622 is discarded because the value cannot be <= 0 (PARA-040)
Warning: Coupling capacitor (c520/A0 clknet_1_1__leaf_net874:12 0) on net clknet_1_1__leaf_net874 is discarded because the value cannot be <= 0 (PARA-040)
Warning: Coupling capacitor (c520/A2 clknet_1_1__leaf_net874:12 0) on net clknet_1_1__leaf_net874 is discarded because the value cannot be <= 0 (PARA-040)
Warning: Coupling capacitor (c725/S1 c717/S1 0) on net clknet_1_1__leaf_net895 is discarded because the value cannot be <= 0 (PARA-040)
Warning: Coupling capacitor (c725/S1 c720/A3 0) on net clknet_1_1__leaf_net895 is discarded because the value cannot be <= 0 (PARA-040)
Warning: Coupling capacitor (clknet_1_1__leaf_net834:24 c765/S1 0) on net clknet_1_1__leaf_net917 is discarded because the value cannot be <= 0 (PARA-040)
Warning: Coupling capacitor (clknet_1_1__leaf_net916:20 c765/S1 0) on net clknet_1_1__leaf_net917 is discarded because the value cannot be <= 0 (PARA-040)
Warning: Coupling capacitor (clknet_1_1__leaf_net916:33 c765/S1 0) on net clknet_1_1__leaf_net917 is discarded because the value cannot be <= 0 (PARA-040)
Warning: Coupling capacitor (out10 s937/CLK 0) on net clknet_4_11_0_clk is discarded because the value cannot be <= 0 (PARA-040)
Warning: Coupling capacitor (c499/S1 merge877/CLK 0) on net clknet_4_13_0_clk is discarded because the value cannot be <= 0 (PARA-040)
Warning: Coupling capacitor (c747/S0 s944/GATE_N 0) on net clknet_4_14_0_clk is discarded because the value cannot be <= 0 (PARA-040)
Warning: Coupling capacitor (clkbuf_1_0__f_net795/A merge843/CLK 0) on net clknet_4_15_0_clk is discarded because the value cannot be <= 0 (PARA-040)
Warning: Coupling capacitor (c243/S1 clknet_4_5_0_clk:192 0) on net clknet_4_5_0_clk is discarded because the value cannot be <= 0 (PARA-040)
Warning: Coupling capacitor (ANTENNA_s908_GATE_N/DIODE clknet_4_7_0_clk:12 0) on net clknet_4_7_0_clk is discarded because the value cannot be <= 0 (PARA-040)
Warning: Coupling capacitor (clknet_1_1__leaf_net232:10 s900/CLK 0) on net clknet_4_7_0_clk is discarded because the value cannot be <= 0 (PARA-040)
Warning: Coupling capacitor (clknet_4_6_0_clk:125 clknet_4_7_0_clk:12 0) on net clknet_4_7_0_clk is discarded because the value cannot be <= 0 (PARA-040)
Warning: Coupling capacitor (clknet_1_0__leaf_net798:60 net10:112 0) on net net10 is discarded because the value cannot be <= 0 (PARA-040)
Warning: Coupling capacitor (c125/C1 c117/C 0) on net net1002 is discarded because the value cannot be <= 0 (PARA-040)
Warning: Coupling capacitor (clknet_0_clk:74 net1004:158 0) on net net1004 is discarded because the value cannot be <= 0 (PARA-040)
Warning: Coupling capacitor (clknet_1_1__leaf_net874:12 net1004:179 0) on net net1004 is discarded because the value cannot be <= 0 (PARA-040)
Warning: Coupling capacitor (clknet_1_1__leaf_net874:12 net1004:187 0) on net net1004 is discarded because the value cannot be <= 0 (PARA-040)
Warning: Coupling capacitor (clknet_4_4_0_clk:109 c128/X 0) on net net101 is discarded because the value cannot be <= 0 (PARA-040)
Warning: Net 'net101' is multi-driven. (DES-023)
Warning: Coupling capacitor (s927/GATE_N net1011:324 0) on net net1011 is discarded because the value cannot be <= 0 (PARA-040)
Warning: Coupling capacitor (clknet_4_9_0_clk:144 net1011:324 0) on net net1011 is discarded because the value cannot be <= 0 (PARA-040)
Warning: Coupling capacitor (clknet_4_9_0_clk:173 net1011:324 0) on net net1011 is discarded because the value cannot be <= 0 (PARA-040)
Warning: Coupling capacitor (net1004:8 c91/A1 0) on net net1011 is discarded because the value cannot be <= 0 (PARA-040)
Warning: Coupling capacitor (net1005:60 net1015:69 0) on net net1015 is discarded because the value cannot be <= 0 (PARA-040)
Warning: Coupling capacitor (net1005:83 ANTENNA_c409_D1/DIODE 0) on net net1015 is discarded because the value cannot be <= 0 (PARA-040)
Warning: Coupling capacitor (net1005:83 net1015:25 0) on net net1015 is discarded because the value cannot be <= 0 (PARA-040)
Warning: Coupling capacitor (net1008:67 c561/A3 0) on net net1015 is discarded because the value cannot be <= 0 (PARA-040)
Warning: Coupling capacitor (clknet_4_15_0_clk:8 c761/A3 0) on net net1017 is discarded because the value cannot be <= 0 (PARA-040)
Warning: Coupling capacitor (c628/A0 net1018:327 0) on net net1018 is discarded because the value cannot be <= 0 (PARA-040)
Warning: Coupling capacitor (net1000:27 net1018:215 0) on net net1018 is discarded because the value cannot be <= 0 (PARA-040)
Warning: Coupling capacitor (net1003:124 net1018:70 0) on net net1018 is discarded because the value cannot be <= 0 (PARA-040)
Warning: Coupling capacitor (clkbuf_1_0__f_net916/A net1019:83 0) on net net1019 is discarded because the value cannot be <= 0 (PARA-040)
Warning: Coupling capacitor (clknet_4_14_0_clk:73 net1019:83 0) on net net1019 is discarded because the value cannot be <= 0 (PARA-040)
Warning: Coupling capacitor (clknet_4_15_0_clk:34 ANTENNA_c763_A0/DIODE 0) on net net1019 is discarded because the value cannot be <= 0 (PARA-040)
Warning: Coupling capacitor (clknet_4_8_0_clk:27 c553/A2 0) on net net1023 is discarded because the value cannot be <= 0 (PARA-040)
Warning: Coupling capacitor (clknet_4_8_0_clk:27 net1023:230 0) on net net1023 is discarded because the value cannot be <= 0 (PARA-040)
Warning: Coupling capacitor (net1019:116 c762/A3 0) on net net1024 is discarded because the value cannot be <= 0 (PARA-040)
Warning: Coupling capacitor (net10:124 net1025:72 0) on net net1025 is discarded because the value cannot be <= 0 (PARA-040)
Warning: Coupling capacitor (net1004:124 net1025:240 0) on net net1025 is discarded because the value cannot be <= 0 (PARA-040)
Warning: Coupling capacitor (net1008:129 net1028:10 0) on net net1028 is discarded because the value cannot be <= 0 (PARA-040)
Warning: Coupling capacitor (net1008:129 net1028:23 0) on net net1028 is discarded because the value cannot be <= 0 (PARA-040)
Warning: Coupling capacitor (net1:83 fanout106/A 0) on net net1034 is discarded because the value cannot be <= 0 (PARA-040)
Warning: Coupling capacitor (c387/A3 net1036:312 0) on net net1036 is discarded because the value cannot be <= 0 (PARA-040)
Warning: Coupling capacitor (ANTENNA_s891_CLK/DIODE net1037:78 0) on net net1037 is discarded because the value cannot be <= 0 (PARA-040)
Warning: Coupling capacitor (ANTENNA_s891_CLK/DIODE net1037:90 0) on net net1037 is discarded because the value cannot be <= 0 (PARA-040)
Warning: Coupling capacitor (c256/A1 net1037:54 0) on net net1037 is discarded because the value cannot be <= 0 (PARA-040)
Warning: Coupling capacitor (clknet_1_0__leaf_net798:26 net1037:20 0) on net net1037 is discarded because the value cannot be <= 0 (PARA-040)
Warning: Coupling capacitor (clknet_1_1__leaf_net96:12 net1037:78 0) on net net1037 is discarded because the value cannot be <= 0 (PARA-040)
Warning: Coupling capacitor (net1003:150 net1037:90 0) on net net1037 is discarded because the value cannot be <= 0 (PARA-040)
Warning: Coupling capacitor (clknet_0_clk:54 net1040:138 0) on net net1040 is discarded because the value cannot be <= 0 (PARA-040)
Warning: Coupling capacitor (net1013:38 net1040:35 0) on net net1040 is discarded because the value cannot be <= 0 (PARA-040)
Warning: Coupling capacitor (net1023:339 net1040:96 0) on net net1040 is discarded because the value cannot be <= 0 (PARA-040)
Warning: Coupling capacitor (net1025:240 net1040:235 0) on net net1040 is discarded because the value cannot be <= 0 (PARA-040)
Warning: Coupling capacitor (net1026:197 net1040:100 0) on net net1040 is discarded because the value cannot be <= 0 (PARA-040)
Warning: Coupling capacitor (net0:140 net1041:12 0) on net net1041 is discarded because the value cannot be <= 0 (PARA-040)
Warning: Coupling capacitor (net0:170 net1041:12 0) on net net1041 is discarded because the value cannot be <= 0 (PARA-040)
Warning: Coupling capacitor (net1007:198 net1041:241 0) on net net1041 is discarded because the value cannot be <= 0 (PARA-040)
Warning: Coupling capacitor (net1011:48 net1041:103 0) on net net1041 is discarded because the value cannot be <= 0 (PARA-040)
Warning: Coupling capacitor (net1011:257 net1041:103 0) on net net1041 is discarded because the value cannot be <= 0 (PARA-040)
Warning: Coupling capacitor (net1011:257 net1041:211 0) on net net1041 is discarded because the value cannot be <= 0 (PARA-040)
Warning: Coupling capacitor (net1037:149 net1041:77 0) on net net1041 is discarded because the value cannot be <= 0 (PARA-040)
Warning: Coupling capacitor (clknet_0_clk:161 c227/A2 0) on net net1042 is discarded because the value cannot be <= 0 (PARA-040)
Warning: Coupling capacitor (net1000:101 net1042:61 0) on net net1042 is discarded because the value cannot be <= 0 (PARA-040)
Warning: Coupling capacitor (clkbuf_1_0__f_net897/A net1043:51 0) on net net1043 is discarded because the value cannot be <= 0 (PARA-040)
Warning: Coupling capacitor (clkbuf_1_0__f_net897/A net1043:81 0) on net net1043 is discarded because the value cannot be <= 0 (PARA-040)
Warning: Coupling capacitor (s914/GATE net1043:12 0) on net net1043 is discarded because the value cannot be <= 0 (PARA-040)
Warning: Coupling capacitor (clknet_4_12_0_clk:84 net1043:51 0) on net net1043 is discarded because the value cannot be <= 0 (PARA-040)
Warning: Coupling capacitor (net1023:304 net1043:12 0) on net net1043 is discarded because the value cannot be <= 0 (PARA-040)
Warning: Coupling capacitor (net1008:67 net1045:42 0) on net net1045 is discarded because the value cannot be <= 0 (PARA-040)
Warning: Coupling capacitor (net1021:232 net1045:18 0) on net net1045 is discarded because the value cannot be <= 0 (PARA-040)
Warning: Coupling capacitor (c380/S1 net1046:343 0) on net net1046 is discarded because the value cannot be <= 0 (PARA-040)
Warning: Coupling capacitor (clknet_4_2_0_clk:51 net1046:267 0) on net net1046 is discarded because the value cannot be <= 0 (PARA-040)
Warning: Coupling capacitor (net1000:221 net1046:273 0) on net net1046 is discarded because the value cannot be <= 0 (PARA-040)
Note - message 'PARA-040' default limit (100) exceeded.  Remainder will be suppressed.
Warning: Net 'net235' is multi-driven. (DES-023)
Warning: Net 'net531' is multi-driven. (DES-023)

****************************************
Report : read_parasitics /nas/ei/home/ge78pav/TM_power/TM_openlane/TM_openlane_single_max/TM_openlane_max_ios/TM_openlane_max_ios_min/netlist_0/low/spef/netlist_0.nom.spef
Design : netlist_0
Version: Q-2019.12-SP1
Date   : Mon Aug 19 20:54:46 2024
****************************************

        0 error(s)
        Format is SPEF
        Annotated nets                   :         1404
        Annotated capacitances           :        15162
        Annotated resistances            :        13758
        Reduced coupling capacitances    :        32668
        Annotated PI models              :            0
        Annotated Elmore delays          :            0

