****************************************
Report : Averaged Power
	-net_power
	-hierarchy
	-sort_by net_switching_power
	-power_greater_than       0
	-nosplit
Design : netlist_1
Version: Q-2019.12-SP1
Date   : Sun Jul 28 22:06:11 2024
****************************************



  Attributes
  ----------
      a  -  Switching activity information / Switching power information annotated on net
      p  -  Propagated switching activity information on net
      d  -  Default switching activity used on net
      u  -  Net switching activity uninitialized
      m  -  Net is driven by multiple pins
      b  -  Net is a primary input (boundary net)

		Toggle rates reported with respect to time unit 1ns
--------------------------------------------------------------------------------
                                  Total      Static   Toggle   Switching
Net                         Vdd   Net Load   Prob.    Rate     Power      Attrs
--------------------------------------------------------------------------------
net262                      1.80    0.059    0.484    0.9696   9.215e-05  p
net275                      1.80    0.053    0.440    0.8527   7.265e-05  p
clknet_0_clk                1.80    0.184    0.500    0.1000   2.981e-05  a
net260                      1.80    0.017    0.484    0.9696   2.739e-05  p
net13                       1.80    0.111    0.282    0.1430   2.577e-05  p
net903                      1.80    0.123    0.500    0.1000   1.995e-05  a
net770                      1.80    0.114    0.500    0.1000   1.845e-05  a
net123                      1.80    0.090    0.298    0.1166   1.699e-05  p
net721                      1.80    0.095    0.500    0.1000   1.541e-05  a
net902                      1.80    0.090    0.500    0.1000   1.462e-05  a
net649                      1.80    0.022    0.530    0.4001   1.458e-05  p
net886                      1.80    0.042    0.421    0.2157   1.457e-05  p
net726                      1.80    0.088    0.500    0.1000   1.425e-05  a
net5                        1.80    0.059    0.500    0.1484   1.407e-05  p
net67                       1.80    0.043    0.391    0.1991   1.390e-05  p
net773                      1.80    0.081    0.500    0.1000   1.311e-05  a
net63                       1.80    0.034    0.567    0.2357   1.292e-05  p
net48                       1.80    0.034    0.546    0.2317   1.264e-05  p
net919                      1.80    0.035    0.421    0.2157   1.209e-05  p
net688                      1.80    0.021    0.620    0.3563   1.190e-05  p
net715                      1.80    0.073    0.500    0.1000   1.179e-05  a
net901                      1.80    0.072    0.500    0.1000   1.165e-05  a
net744                      1.80    0.071    0.500    0.1000   1.158e-05  a
net749                      1.80    0.070    0.500    0.1000   1.131e-05  a
clknet_4_14_0_clk           1.80    0.067    0.500    0.1000   1.082e-05  a
net884                      1.80    0.075    0.105    0.0884   1.072e-05  p
clknet_4_1_0_clk            1.80    0.065    0.500    0.1000   1.048e-05  a
net900                      1.80    0.089    0.124    0.0718   1.036e-05  p
net787                      1.80    0.063    0.500    0.1000   1.021e-05  a
clknet_4_2_0_clk            1.80    0.062    0.500    0.1000   1.003e-05  a
net801                      1.80    0.062    0.500    0.1000   1.001e-05  a
net667                      1.80    0.020    0.591    0.3101   9.986e-06  p
clknet_4_0_0_clk            1.80    0.061    0.500    0.1000   9.854e-06  a
clknet_4_3_0_clk            1.80    0.059    0.500    0.1000   9.623e-06  a
net707                      1.80    0.059    0.500    0.1000   9.579e-06  a
net705                      1.80    0.006    0.484    0.9696   9.062e-06  p
clknet_4_7_0_clk            1.80    0.056    0.500    0.1000   9.010e-06  a
net927                      1.80    0.028    0.718    0.1978   8.860e-06  p
net44                       1.80    0.025    0.421    0.2157   8.785e-06  p
net936                      1.80    0.025    0.421    0.2157   8.774e-06  p
net745                      1.80    0.054    0.500    0.1000   8.695e-06  a
net241                      1.80    0.037    0.282    0.1431   8.625e-06  p
clknet_4_12_0_clk           1.80    0.053    0.500    0.1000   8.593e-06  a
net885                      1.80    0.025    0.421    0.2157   8.580e-06  p
clknet_4_15_0_clk           1.80    0.053    0.500    0.1000   8.556e-06  a
net740                      1.80    0.052    0.500    0.1000   8.487e-06  a
net730                      1.80    0.052    0.500    0.1000   8.415e-06  a
net796                      1.80    0.051    0.500    0.1000   8.214e-06  a
clknet_1_0__leaf_net812     1.80    0.042    0.668    0.1196   8.119e-06  p
net762                      1.80    0.050    0.500    0.1000   8.063e-06  a
net752                      1.80    0.049    0.500    0.1000   8.019e-06  a
net723                      1.80    0.049    0.500    0.1000   7.978e-06  a
clknet_4_5_0_clk            1.80    0.049    0.500    0.1000   7.872e-06  a
net719                      1.80    0.048    0.500    0.1000   7.709e-06  a
net738                      1.80    0.047    0.500    0.1000   7.558e-06  a
net839                      1.80    0.028    0.329    0.1649   7.493e-06  p
net183                      1.80    0.027    0.355    0.1646   7.301e-06  p
net60                       1.80    0.019    0.377    0.2347   7.263e-06  p
net750                      1.80    0.044    0.500    0.1000   7.124e-06  a
net869                      1.80    0.026    0.623    0.1703   7.089e-06  p
net899                      1.80    0.060    0.124    0.0718   6.962e-06  p
net39                       1.80    0.057    0.119    0.0735   6.818e-06  p
net792                      1.80    0.041    0.500    0.1000   6.706e-06  a
net214                      1.80    0.051    0.136    0.0805   6.607e-06  p
net567                      1.80    0.004    0.485    0.9698   6.588e-06  p
net784                      1.80    0.041    0.500    0.1000   6.586e-06  a
net771                      1.80    0.040    0.500    0.1000   6.480e-06  a
net767                      1.80    0.040    0.500    0.1000   6.427e-06  a
clknet_4_4_0_clk            1.80    0.040    0.500    0.1000   6.417e-06  a
net756                      1.80    0.039    0.500    0.1000   6.372e-06  a
net807                      1.80    0.020    0.714    0.2002   6.365e-06  p
net663                      1.80    0.046    0.286    0.0843   6.290e-06  p
net102                      1.80    0.052    0.103    0.0736   6.245e-06  p
net959                      1.80    0.018    0.421    0.2157   6.216e-06  p
net725                      1.80    0.038    0.500    0.1000   6.147e-06  a
net850                      1.80    0.037    0.484    0.1017   6.142e-06  p
net525                      1.80    0.019    0.450    0.1979   6.067e-06  p
clknet_4_10_0_clk           1.80    0.037    0.500    0.1000   5.985e-06  a
net758                      1.80    0.037    0.500    0.1000   5.958e-06  a
net666                      1.80    0.034    0.668    0.1068   5.944e-06  p
clknet_1_1__leaf_net812     1.80    0.030    0.668    0.1196   5.824e-06  p
net630                      1.80    0.043    0.439    0.0803   5.620e-06  p
net788                      1.80    0.034    0.500    0.1000   5.484e-06  a
clknet_4_11_0_clk           1.80    0.034    0.500    0.1000   5.446e-06  a
net713                      1.80    0.034    0.500    0.1000   5.433e-06  a
net830                      1.80    0.037    0.228    0.0917   5.431e-06  p
net932                      1.80    0.046    0.124    0.0718   5.359e-06  p
net146                      1.80    0.035    0.849    0.0936   5.297e-06  p
net735                      1.80    0.033    0.500    0.1000   5.291e-06  a
clknet_4_9_0_clk            1.80    0.032    0.500    0.1000   5.218e-06  a
net56                       1.80    0.015    0.380    0.2065   5.175e-06  p
net711                      1.80    0.032    0.500    0.1000   5.118e-06  a
net562                      1.80    0.004    0.440    0.8521   5.100e-06  p
net15                       1.80    0.044    0.122    0.0711   5.077e-06  p
net724                      1.80    0.031    0.500    0.1000   5.074e-06  a
net178                      1.80    0.030    0.511    0.1023   5.045e-06  p
clknet_4_8_0_clk            1.80    0.031    0.500    0.1000   5.006e-06  a
net22                       1.80    0.043    0.882    0.0718   4.968e-06  p
net847                      1.80    0.035    0.105    0.0884   4.950e-06  p
net896                      1.80    0.063    0.938    0.0476   4.894e-06  p
net708                      1.80    0.030    0.500    0.1000   4.893e-06  a
net761                      1.80    0.030    0.500    0.1000   4.821e-06  a
net912                      1.80    0.019    0.535    0.1506   4.728e-06  p
clknet_1_1__leaf_net824     1.80    0.024    0.663    0.1187   4.679e-06  p
net47                       1.80    0.016    0.262    0.1747   4.549e-06  p
clknet_4_13_0_clk           1.80    0.028    0.500    0.1000   4.467e-06  a
net764                      1.80    0.027    0.500    0.1000   4.453e-06  a
net17                       1.80    0.023    0.549    0.1173   4.450e-06  p
net548                      1.80    0.003    0.484    0.9876   4.437e-06  p
clknet_1_1__leaf_net412     1.80    0.025    0.577    0.1082   4.430e-06  p
net797                      1.80    0.027    0.500    0.1000   4.394e-06  a
clknet_0_net824             1.80    0.023    0.663    0.1187   4.391e-06  p
net824                      1.80    0.022    0.663    0.1187   4.298e-06  p
net173                      1.80    0.031    0.795    0.0849   4.295e-06  p
net140                      1.80    0.018    0.803    0.1466   4.285e-06  p
net819                      1.80    0.036    0.869    0.0736   4.262e-06  p
clknet_0_net812             1.80    0.022    0.668    0.1196   4.230e-06  p
net6                        1.80    0.016    0.616    0.1673   4.215e-06  p
net812                      1.80    0.022    0.668    0.1196   4.200e-06  p
net358                      1.80    0.018    0.737    0.1449   4.192e-06  p
clknet_1_0__leaf_net698     1.80    0.027    0.447    0.0929   4.088e-06  p
net766                      1.80    0.025    0.500    0.1000   4.077e-06  a
net179                      1.80    0.024    0.489    0.1023   4.057e-06  p
clknet_4_6_0_clk            1.80    0.025    0.500    0.1000   4.052e-06  a
net742                      1.80    0.025    0.500    0.1000   4.043e-06  a
net751                      1.80    0.025    0.500    0.1000   4.035e-06  a
net720                      1.80    0.025    0.500    0.1000   4.026e-06  a
clknet_1_0__leaf_net824     1.80    0.021    0.663    0.1187   4.013e-06  p
net560                      1.80    0.013    0.491    0.1953   4.011e-06  p
net768                      1.80    0.024    0.500    0.1000   3.926e-06  a
net641                      1.80    0.027    0.687    0.0896   3.919e-06  p
net45                       1.80    0.010    0.545    0.2424   3.881e-06  p
net130                      1.80    0.026    0.228    0.0917   3.873e-06  p
net804                      1.80    0.038    0.282    0.0634   3.864e-06  p
net211                      1.80    0.021    0.273    0.1121   3.767e-06  p
net160                      1.80    0.048    0.062    0.0482   3.760e-06  p
net43                       1.80    0.016    0.533    0.1486   3.755e-06  p
clknet_1_0__leaf_net317     1.80    0.025    0.390    0.0923   3.747e-06  p
net41                       1.80    0.015    0.535    0.1506   3.705e-06  p
net19                       1.80    0.048    0.064    0.0471   3.689e-06  p
net46                       1.80    0.016    0.192    0.1411   3.669e-06  p
clknet_1_0__leaf_net412     1.80    0.021    0.577    0.1082   3.609e-06  p
net38                       1.80    0.020    0.742    0.1113   3.601e-06  p
net10                       1.80    0.032    0.120    0.0684   3.545e-06  p
net316                      1.80    0.007    0.575    0.3026   3.499e-06  p
net635                      1.80    0.095    0.435    0.0228   3.496e-06  p
clknet_1_0__leaf_net655     1.80    0.030    0.368    0.0727   3.491e-06  p
net737                      1.80    0.021    0.500    0.1000   3.480e-06  a
clknet_0_net412             1.80    0.020    0.577    0.1082   3.477e-06  p
net747                      1.80    0.021    0.500    0.1000   3.459e-06  a
net242                      1.80    0.015    0.718    0.1429   3.411e-06  p
net872                      1.80    0.018    0.724    0.1143   3.398e-06  p
net118                      1.80    0.017    0.562    0.1213   3.367e-06  p
clknet_0_net314             1.80    0.019    0.616    0.1101   3.348e-06  p
net736                      1.80    0.020    0.500    0.1000   3.317e-06  a
net279                      1.80    0.002    0.518    0.8168   3.264e-06  p
clknet_1_1__leaf_net841     1.80    0.019    0.340    0.1057   3.245e-06  p
clknet_0_net75              1.80    0.021    0.758    0.0969   3.233e-06  p
net765                      1.80    0.020    0.500    0.1000   3.205e-06  a
net132                      1.80    0.011    0.458    0.1782   3.195e-06  p
clknet_0_net698             1.80    0.021    0.447    0.0929   3.178e-06  p
clknet_0_net473             1.80    0.023    0.282    0.0858   3.151e-06  p
net914                      1.80    0.025    0.124    0.0755   3.118e-06  p
net897                      1.80    0.027    0.124    0.0718   3.115e-06  p
net935                      1.80    0.027    0.124    0.0718   3.109e-06  p
net363                      1.80    0.010    0.718    0.1978   3.102e-06  p
clknet_0_net676             1.80    0.019    0.509    0.0998   3.099e-06  p
net307                      1.80    0.002    0.428    0.7940   3.083e-06  p
clknet_0_net841             1.80    0.018    0.340    0.1057   3.077e-06  p
net894                      1.80    0.040    0.938    0.0476   3.072e-06  p
clknet_0_net604             1.80    0.019    0.504    0.1008   3.055e-06  p
clknet_0_net398             1.80    0.019    0.481    0.0971   3.052e-06  p
clknet_0_net862             1.80    0.020    0.817    0.0950   3.027e-06  p
net137                      1.80    0.070    0.973    0.0267   3.013e-06  p
net92                       1.80    0.028    0.887    0.0673   3.005e-06  p
net36                       1.80    0.014    0.508    0.1297   3.003e-06  p
clknet_1_0__leaf_net852     1.80    0.023    0.394    0.0794   2.995e-06  p
net61                       1.80    0.012    0.746    0.1566   2.993e-06  p
clknet_1_1__leaf_net655     1.80    0.025    0.368    0.0727   2.944e-06  p
net776                      1.80    0.018    0.500    0.1000   2.941e-06  a
net728                      1.80    0.018    0.500    0.1000   2.926e-06  a
clknet_0_net605             1.80    0.019    0.481    0.0971   2.913e-06  p
net929                      1.80    0.009    0.718    0.1978   2.884e-06  p
net759                      1.80    0.018    0.500    0.1000   2.880e-06  a
net727                      1.80    0.018    0.500    0.1000   2.850e-06  a
net40                       1.80    0.017    0.804    0.1007   2.829e-06  p
net627                      1.80    0.021    0.626    0.0836   2.791e-06  p
net763                      1.80    0.017    0.500    0.1000   2.790e-06  a
clknet_0_net697             1.80    0.019    0.438    0.0885   2.788e-06  p
net557                      1.80    0.017    0.500    0.1000   2.771e-06  a
net895                      1.80    0.035    0.938    0.0476   2.721e-06  p
net729                      1.80    0.017    0.500    0.1000   2.706e-06  a
clknet_0_net821             1.80    0.018    0.451    0.0936   2.704e-06  p
net961                      1.80    0.024    0.120    0.0684   2.689e-06  p
net156                      1.80    0.039    0.038    0.0426   2.669e-06  p
net841                      1.80    0.016    0.340    0.1057   2.665e-06  p
net739                      1.80    0.016    0.500    0.1000   2.650e-06  a
clknet_0_net317             1.80    0.018    0.390    0.0923   2.648e-06  p
clknet_0_net420             1.80    0.018    0.223    0.0919   2.636e-06  p
clknet_1_0__leaf_net604     1.80    0.016    0.504    0.1008   2.635e-06  p
net57                       1.80    0.013    0.852    0.1239   2.632e-06  p
net382                      1.80    0.003    0.599    0.6036   2.627e-06  p
clknet_0_net289             1.80    0.018    0.352    0.0917   2.620e-06  p
net270                      1.80    0.034    0.938    0.0476   2.601e-06  p
net261                      1.80    0.014    0.530    0.1164   2.584e-06  p
net254                      1.80    0.016    0.909    0.0976   2.574e-06  p
clknet_1_1__leaf_net473     1.80    0.018    0.282    0.0858   2.568e-06  p
net50                       1.80    0.033    0.938    0.0476   2.567e-06  p
net709                      1.80    0.016    0.500    0.1000   2.564e-06  a
net206                      1.80    0.010    0.323    0.1597   2.549e-06  p
net27                       1.80    0.021    0.124    0.0755   2.527e-06  p
net865                      1.80    0.013    0.472    0.1165   2.507e-06  p
clknet_1_1__leaf_net317     1.80    0.017    0.390    0.0923   2.504e-06  p
net917                      1.80    0.016    0.909    0.0976   2.504e-06  p
net490                      1.80    0.002    0.621    0.7175   2.479e-06  p
net898                      1.80    0.021    0.124    0.0718   2.462e-06  p
clknet_0_net852             1.80    0.019    0.394    0.0794   2.452e-06  p
net184                      1.80    0.017    0.165    0.0873   2.438e-06  p
clknet_1_0__leaf_net697     1.80    0.017    0.438    0.0885   2.419e-06  p
net856                      1.80    0.063    0.543    0.0238   2.419e-06  p
clknet_1_1__leaf_net809     1.80    0.026    0.916    0.0581   2.406e-06  p
net791                      1.80    0.015    0.500    0.1000   2.380e-06  a
net848                      1.80    0.064    0.510    0.0227   2.354e-06  p
net802                      1.80    0.014    0.500    0.1000   2.335e-06  a
net300                      1.80    0.022    0.759    0.0650   2.333e-06  p
net722                      1.80    0.014    0.500    0.1000   2.323e-06  a
clknet_0_net655             1.80    0.020    0.368    0.0727   2.317e-06  p
net785                      1.80    0.014    0.500    0.1000   2.304e-06  a
net862                      1.80    0.015    0.817    0.0950   2.299e-06  p
net782                      1.80    0.014    0.500    0.1000   2.299e-06  a
net314                      1.80    0.013    0.616    0.1101   2.299e-06  p
net49                       1.80    0.014    0.239    0.1029   2.298e-06  p
net817                      1.80    0.072    0.660    0.0197   2.297e-06  p
net348                      1.80    0.007    0.702    0.1930   2.295e-06  p
net171                      1.80    0.017    0.795    0.0849   2.283e-06  p
net238                      1.80    0.014    0.495    0.0987   2.261e-06  p
net120                      1.80    0.014    0.219    0.1007   2.247e-06  p
net821                      1.80    0.015    0.451    0.0936   2.214e-06  p
net143                      1.80    0.062    0.990    0.0220   2.210e-06  p
net0                        1.80    0.021    0.903    0.0638   2.199e-06  p
net35                       1.80    0.030    0.946    0.0448   2.195e-06  p
net716                      1.80    0.013    0.500    0.1000   2.181e-06  a
net210                      1.80    0.008    0.321    0.1591   2.179e-06  p
net806                      1.80    0.016    0.668    0.0815   2.158e-06  p
net907                      1.80    0.006    0.421    0.2157   2.117e-06  p
clknet_1_1__leaf_net852     1.80    0.016    0.394    0.0794   2.092e-06  p
clknet_1_0__leaf_net841     1.80    0.012    0.340    0.1057   2.071e-06  p
net642                      1.80    0.014    0.312    0.0896   2.066e-06  p
net743                      1.80    0.013    0.500    0.1000   2.062e-06  a
net805                      1.80    0.050    0.612    0.0251   2.048e-06  p
net857                      1.80    0.014    0.859    0.0868   2.036e-06  p
net908                      1.80    0.027    0.061    0.0463   2.006e-06  p
clknet_0_net637             1.80    0.019    0.322    0.0649   1.996e-06  p
net514                      1.80    0.004    0.685    0.2890   1.977e-06  p
clknet_1_0__leaf_net605     1.80    0.012    0.481    0.0971   1.959e-06  p
net712                      1.80    0.012    0.500    0.1000   1.933e-06  a
net33                       1.80    0.012    0.236    0.1021   1.928e-06  p
net141                      1.80    0.016    0.868    0.0752   1.927e-06  p
net631                      1.80    0.034    0.049    0.0345   1.922e-06  p
clknet_1_0__leaf_net473     1.80    0.014    0.282    0.0858   1.921e-06  p
clknet_1_1__leaf_net698     1.80    0.013    0.447    0.0929   1.921e-06  p
net224                      1.80    0.054    0.511    0.0219   1.909e-06  p
net364                      1.80    0.018    0.717    0.0636   1.907e-06  p
net732                      1.80    0.012    0.500    0.1000   1.904e-06  a
net105                      1.80    0.012    0.218    0.0994   1.874e-06  p
net545                      1.80    0.010    0.507    0.1191   1.868e-06  p
clknet_1_1__leaf_net605     1.80    0.012    0.481    0.0971   1.866e-06  p
net29                       1.80    0.016    0.125    0.0723   1.865e-06  p
net599                      1.80    0.015    0.979    0.0768   1.862e-06  pm
net858                      1.80    0.024    0.937    0.0469   1.860e-06  p
net587                      1.80    0.007    0.748    0.1601   1.845e-06  p
net64                       1.80    0.007    0.246    0.1722   1.842e-06  p
clknet_0_net656             1.80    0.021    0.269    0.0547   1.839e-06  p
net121                      1.80    0.009    0.562    0.1213   1.833e-06  p
net154                      1.80    0.008    0.510    0.1341   1.826e-06  p
net603                      1.80    0.007    0.438    0.1542   1.815e-06  p
net250                      1.80    0.016    0.017    0.0695   1.813e-06  p
net434                      1.80    0.055    0.019    0.0203   1.811e-06  p
net473                      1.80    0.013    0.282    0.0858   1.805e-06  p
net786                      1.80    0.011    0.500    0.1000   1.795e-06  a
net361                      1.80    0.012    0.880    0.0884   1.788e-06  p
net412                      1.80    0.010    0.577    0.1082   1.775e-06  p
clknet_1_1__leaf_net604     1.80    0.011    0.504    0.1008   1.768e-06  p
net304                      1.80    0.011    0.270    0.1014   1.761e-06  p
net271                      1.80    0.016    0.913    0.0673   1.757e-06  p
net687                      1.80    0.025    0.875    0.0435   1.752e-06  p
net676                      1.80    0.011    0.509    0.0998   1.737e-06  p
net741                      1.80    0.011    0.500    0.1000   1.734e-06  a
clknet_0_net809             1.80    0.018    0.916    0.0581   1.728e-06  p
net144                      1.80    0.011    0.500    0.1000   1.715e-06  a
net697                      1.80    0.012    0.438    0.0885   1.707e-06  p
net809                      1.80    0.018    0.916    0.0581   1.669e-06  p
clknet_1_1__leaf_net862     1.80    0.011    0.817    0.0950   1.637e-06  p
net128                      1.80    0.012    0.092    0.0855   1.626e-06  p
net317                      1.80    0.011    0.390    0.0923   1.625e-06  p
net698                      1.80    0.011    0.447    0.0929   1.624e-06  p
net731                      1.80    0.010    0.500    0.1000   1.609e-06  a
net842                      1.80    0.007    0.599    0.1378   1.590e-06  p
net861                      1.80    0.009    0.806    0.1117   1.576e-06  p
net391                      1.80    0.015    0.283    0.0636   1.575e-06  p
net595                      1.80    0.005    0.574    0.2108   1.552e-06  p
net746                      1.80    0.010    0.500    0.1000   1.547e-06  a
net413                      1.80    0.003    0.404    0.2854   1.537e-06  p
net427                      1.80    0.017    0.419    0.0559   1.530e-06  p
net398                      1.80    0.010    0.481    0.0971   1.527e-06  p
net142                      1.80    0.013    0.131    0.0748   1.523e-06  p
net177                      1.80    0.009    0.500    0.0997   1.497e-06  p
net505                      1.80    0.004    0.701    0.2260   1.494e-06  p
net888                      1.80    0.102    0.007    0.0090   1.486e-06  p
net113                      1.80    0.013    0.113    0.0711   1.481e-06  p
net800                      1.80    0.009    0.500    0.1000   1.480e-06  a
net779                      1.80    0.009    0.500    0.1000   1.467e-06  a
net136                      1.80    0.011    0.819    0.0836   1.464e-06  p
net605                      1.80    0.009    0.481    0.0971   1.455e-06  p
clknet_0_net191             1.80    0.018    0.816    0.0489   1.453e-06  p
net571                      1.80    0.023    0.810    0.0382   1.448e-06  p
clknet_0_net675             1.80    0.019    0.229    0.0476   1.443e-06  p
net655                      1.80    0.012    0.368    0.0727   1.442e-06  p
net755                      1.80    0.009    0.500    0.1000   1.440e-06  a
net62                       1.80    0.011    0.089    0.0829   1.424e-06  p
net717                      1.80    0.009    0.500    0.1000   1.420e-06  a
net219                      1.80    0.011    0.136    0.0802   1.415e-06  p
net604                      1.80    0.009    0.504    0.1008   1.405e-06  p
net31                       1.80    0.019    0.061    0.0463   1.399e-06  p
net783                      1.80    0.009    0.500    0.1000   1.384e-06  a
net75                       1.80    0.009    0.758    0.0969   1.378e-06  p
net420                      1.80    0.009    0.223    0.0919   1.373e-06  p
net4                        1.80    0.008    0.744    0.1051   1.367e-06  p
net828                      1.80    0.009    0.457    0.0911   1.358e-06  p
net148                      1.80    0.019    0.039    0.0433   1.354e-06  p
net42                       1.80    0.010    0.128    0.0836   1.348e-06  p
clknet_1_0__leaf_net75      1.80    0.009    0.758    0.0969   1.341e-06  p
net239                      1.80    0.008    0.891    0.1087   1.335e-06  p
net346                      1.80    0.045    0.712    0.0182   1.331e-06  p
clknet_0_net502             1.80    0.019    0.856    0.0422   1.331e-06  p
net68                       1.80    0.004    0.512    0.2129   1.330e-06  p
net95                       1.80    0.006    0.507    0.1445   1.322e-06  p
net646                      1.80    0.073    0.071    0.0112   1.320e-06  p
net923                      1.80    0.011    0.979    0.0768   1.310e-06  p
net349                      1.80    0.044    0.712    0.0182   1.309e-06  p
net714                      1.80    0.008    0.500    0.1000   1.309e-06  a
net789                      1.80    0.008    0.500    0.1000   1.302e-06  a
net674                      1.80    0.037    0.493    0.0219   1.301e-06  p
net798                      1.80    0.008    0.500    0.1000   1.284e-06  a
net70                       1.80    0.011    0.120    0.0706   1.279e-06  p
net778                      1.80    0.008    0.500    0.1000   1.277e-06  a
net289                      1.80    0.009    0.352    0.0917   1.277e-06  p
net852                      1.80    0.010    0.394    0.0794   1.268e-06  p
clknet_1_0__leaf_net676     1.80    0.008    0.509    0.0998   1.262e-06  p
net390                      1.80    0.012    0.717    0.0636   1.253e-06  p
clknet_0_net654             1.80    0.019    0.203    0.0402   1.253e-06  p
net237                      1.80    0.008    0.505    0.0990   1.235e-06  p
net870                      1.80    0.007    0.755    0.1122   1.230e-06  p
net527                      1.80    0.003    0.448    0.2626   1.226e-06  p
net321                      1.80    0.005    0.698    0.1519   1.224e-06  p
net28                       1.80    0.099    0.006    0.0075   1.215e-06  p
net579                      1.80    0.021    0.917    0.0354   1.214e-06  p
net11                       1.80    0.017    0.059    0.0445   1.212e-06  p
net135                      1.80    0.009    0.181    0.0836   1.202e-06  p
net837                      1.80    0.042    0.017    0.0174   1.190e-06  p
net840                      1.80    0.010    0.303    0.0702   1.186e-06  p
clknet_1_1__leaf_net855     1.80    0.018    0.777    0.0403   1.170e-06  p
net748                      1.80    0.007    0.500    0.1000   1.166e-06  a
clknet_0_net855             1.80    0.018    0.777    0.0403   1.163e-06  p
net594                      1.80    0.003    0.424    0.2105   1.140e-06  p
net162                      1.80    0.008    0.879    0.0923   1.132e-06  p
net637                      1.80    0.011    0.322    0.0649   1.125e-06  p
net225                      1.80    0.016    0.068    0.0439   1.123e-06  p
net769                      1.80    0.007    0.500    0.1000   1.121e-06  a
net772                      1.80    0.007    0.500    0.1000   1.119e-06  a
net793                      1.80    0.007    0.500    0.1000   1.117e-06  a
clknet_1_0__leaf_net809     1.80    0.012    0.916    0.0581   1.111e-06  p
net539                      1.80    0.007    0.443    0.1049   1.107e-06  p
net284                      1.80    0.011    0.253    0.0625   1.100e-06  p
clknet_1_0__leaf_net862     1.80    0.007    0.817    0.0950   1.085e-06  p
clknet_1_0__leaf_net314     1.80    0.006    0.616    0.1101   1.085e-06  p
net152                      1.80    0.004    0.652    0.1702   1.084e-06  p
net360                      1.80    0.037    0.712    0.0182   1.081e-06  p
net347                      1.80    0.037    0.712    0.0182   1.080e-06  p
net780                      1.80    0.007    0.500    0.1000   1.079e-06  a
net280                      1.80    0.013    0.025    0.0515   1.077e-06  p
clknet_1_0__leaf_net637     1.80    0.010    0.322    0.0649   1.071e-06  p
clknet_1_1__leaf_net637     1.80    0.010    0.322    0.0649   1.060e-06  p
net833                      1.80    0.029    0.518    0.0227   1.055e-06  p
net315                      1.80    0.007    0.805    0.0868   1.040e-06  p
clknet_1_1__leaf_net656     1.80    0.012    0.269    0.0547   1.033e-06  p
net928                      1.80    0.003    0.718    0.1978   1.031e-06  p
net20                       1.80    0.006    0.781    0.1077   1.020e-06  p
net794                      1.80    0.006    0.500    0.1000   1.018e-06  a
net733                      1.80    0.006    0.500    0.1000   1.015e-06  a
clknet_1_0__leaf_net392     1.80    0.032    0.894    0.0192   1.007e-06  p
net421                      1.80    0.004    0.535    0.1595   1.004e-06  p
net915                      1.80    0.008    0.124    0.0755   1.004e-06  p
net636                      1.80    0.029    0.357    0.0215   1.003e-06  p
net855                      1.80    0.015    0.777    0.0403   1.002e-06  p
net656                      1.80    0.011    0.269    0.0547   9.991e-07  p
clknet_1_0__leaf_net398     1.80    0.006    0.481    0.0971   9.972e-07  p
net734                      1.80    0.006    0.500    0.1000   9.959e-07  a
net556                      1.80    0.009    0.366    0.0647   9.939e-07  p
net753                      1.80    0.006    0.500    0.1000   9.934e-07  a
net799                      1.80    0.006    0.500    0.1000   9.882e-07  a
net625                      1.80    0.007    0.203    0.0847   9.870e-07  p
net394                      1.80    0.012    0.186    0.0482   9.742e-07  p
net73                       1.80    0.006    0.817    0.1019   9.731e-07  p
net863                      1.80    0.008    0.124    0.0718   9.710e-07  p
clknet_1_1__leaf_net675     1.80    0.013    0.229    0.0476   9.669e-07  p
clknet_1_1__leaf_net697     1.80    0.007    0.438    0.0885   9.624e-07  p
net774                      1.80    0.006    0.500    0.1000   9.595e-07  a
net718                      1.80    0.006    0.500    0.1000   9.505e-07  a
net264                      1.80    0.008    0.982    0.0698   9.410e-07  p
net208                      1.80    0.007    0.168    0.0883   9.360e-07  p
net430                      1.80    0.008    0.121    0.0710   9.231e-07  p
net201                      1.80    0.016    0.961    0.0342   9.151e-07  p
net217                      1.80    0.026    0.511    0.0219   9.142e-07  p
net654                      1.80    0.014    0.203    0.0402   9.107e-07  p
net620                      1.80    0.008    0.017    0.0695   9.031e-07  p
net777                      1.80    0.006    0.500    0.1000   8.996e-07  a
net926                      1.80    0.008    0.124    0.0718   8.966e-07  p
net266                      1.80    0.008    0.982    0.0698   8.944e-07  p
net371                      1.80    0.016    0.049    0.0345   8.905e-07  p
net575                      1.80    0.034    0.833    0.0161   8.904e-07  p
net166                      1.80    0.010    0.078    0.0525   8.826e-07  p
net586                      1.80    0.005    0.157    0.1019   8.786e-07  p
clknet_0_net522             1.80    0.018    0.156    0.0299   8.780e-07  p
clknet_1_1__leaf_net654     1.80    0.013    0.203    0.0402   8.777e-07  p
net195                      1.80    0.008    0.711    0.0639   8.762e-07  p
net82                       1.80    0.002    0.545    0.2322   8.727e-07  p
net153                      1.80    0.004    0.491    0.1286   8.710e-07  p
net405                      1.80    0.005    0.481    0.0971   8.647e-07  p
net541                      1.80    0.005    0.728    0.1140   8.596e-07  p
net158                      1.80    0.011    0.062    0.0477   8.592e-07  p
net381                      1.80    0.003    0.677    0.1914   8.588e-07  p
net832                      1.80    0.032    0.246    0.0165   8.536e-07  p
net2                        1.80    0.011    0.934    0.0479   8.524e-07  p
net874                      1.80    0.011    0.937    0.0469   8.478e-07  p
net632                      1.80    0.022    0.450    0.0238   8.473e-07  p
net8                        1.80    0.005    0.250    0.0981   8.438e-07  p
net414                      1.80    0.003    0.506    0.1547   8.408e-07  p
net925                      1.80    0.007    0.979    0.0768   8.350e-07  p
net240                      1.80    0.038    0.995    0.0136   8.344e-07  p
net167                      1.80    0.003    0.442    0.1533   8.334e-07  p
clknet_1_0__leaf_net821     1.80    0.005    0.451    0.0936   8.320e-07  p
net502                      1.80    0.012    0.856    0.0422   8.314e-07  p
net18                       1.80    0.011    0.060    0.0447   8.293e-07  p
net871                      1.80    0.057    0.007    0.0090   8.229e-07  p
net9                        1.80    0.007    0.129    0.0737   8.113e-07  p
net157                      1.80    0.010    0.938    0.0481   8.105e-07  p
net149                      1.80    0.013    0.035    0.0372   8.021e-07  p
net16                       1.80    0.005    0.245    0.0954   8.012e-07  p
net185                      1.80    0.003    0.371    0.1787   7.980e-07  p
net829                      1.80    0.035    0.232    0.0139   7.977e-07  p
net424                      1.80    0.003    0.370    0.1480   7.968e-07  p
net754                      1.80    0.005    0.500    0.1000   7.943e-07  a
net781                      1.80    0.005    0.500    0.1000   7.920e-07  a
net65                       1.80    0.003    0.296    0.1858   7.898e-07  p
net53                       1.80    0.005    0.238    0.1026   7.838e-07  p
net542                      1.80    0.003    0.796    0.1510   7.837e-07  p
net319                      1.80    0.004    0.733    0.1147   7.821e-07  p
net489                      1.80    0.026    0.947    0.0182   7.736e-07  p
net251                      1.80    0.016    0.147    0.0291   7.731e-07  p
net823                      1.80    0.047    0.959    0.0099   7.634e-07  p
net246                      1.80    0.033    0.994    0.0141   7.628e-07  p
net760                      1.80    0.005    0.500    0.1000   7.526e-07  a
net305                      1.80    0.004    0.268    0.1102   7.526e-07  p
net190                      1.80    0.005    0.367    0.0870   7.498e-07  pm
clknet_1_0__leaf_net675     1.80    0.010    0.229    0.0476   7.437e-07  p
net51                       1.80    0.025    0.987    0.0180   7.408e-07  p
net292                      1.80    0.004    0.779    0.1213   7.370e-07  p
net555                      1.80    0.009    0.505    0.0494   7.363e-07  p
net675                      1.80    0.009    0.229    0.0476   7.263e-07  p
net12                       1.80    0.030    0.013    0.0150   7.221e-07  p
net891                      1.80    0.073    0.945    0.0061   7.177e-07  p
net30                       1.80    0.009    0.938    0.0470   7.174e-07  p
net626                      1.80    0.005    0.795    0.0849   7.139e-07  p
net757                      1.80    0.004    0.500    0.1000   7.090e-07  a
net710                      1.80    0.004    0.500    0.1000   7.070e-07  a
net651                      1.80    0.030    0.539    0.0146   7.047e-07  p
clknet_1_1__leaf_net676     1.80    0.004    0.509    0.0998   7.047e-07  p
clknet_1_0__leaf_net656     1.80    0.008    0.269    0.0547   7.041e-07  p
net365                      1.80    0.003    0.849    0.1378   6.998e-07  p
net418                      1.80    0.003    0.520    0.1484   6.923e-07  p
net205                      1.80    0.004    0.837    0.1003   6.825e-07  p
net941                      1.80    0.014    0.147    0.0291   6.622e-07  p
net924                      1.80    0.005    0.979    0.0768   6.613e-07  p
net191                      1.80    0.008    0.816    0.0489   6.579e-07  p
net619                      1.80    0.006    0.982    0.0698   6.572e-07  p
net247                      1.80    0.029    0.005    0.0138   6.570e-07  p
net611                      1.80    0.014    0.147    0.0291   6.520e-07  p
clknet_0_net526             1.80    0.020    0.894    0.0198   6.475e-07  p
net576                      1.80    0.018    0.511    0.0219   6.388e-07  p
clknet_1_0__leaf_net855     1.80    0.010    0.777    0.0403   6.347e-07  p
clknet_1_1__leaf_net392     1.80    0.020    0.894    0.0192   6.266e-07  p
net417                      1.80    0.012    0.642    0.0314   6.157e-07  p
net343                      1.80    0.003    0.285    0.1428   6.152e-07  p
net373                      1.80    0.003    0.526    0.1207   6.130e-07  p
net648                      1.80    0.044    0.950    0.0085   6.090e-07  p
net175                      1.80    0.003    0.663    0.1387   6.070e-07  p
net584                      1.80    0.010    0.474    0.0369   6.025e-07  p
net660                      1.80    0.008    0.110    0.0438   6.010e-07  p
clknet_0_net392             1.80    0.019    0.894    0.0192   5.990e-07  p
net843                      1.80    0.031    0.982    0.0120   5.987e-07  p
net369                      1.80    0.006    0.857    0.0620   5.939e-07  p
net533                      1.80    0.003    0.227    0.1415   5.856e-07  p
net889                      1.80    0.060    0.945    0.0061   5.855e-07  p
net537                      1.80    0.004    0.414    0.0896   5.813e-07  p
net193                      1.80    0.004    0.496    0.0807   5.808e-07  p
net350                      1.80    0.007    0.136    0.0496   5.808e-07  p
net547                      1.80    0.002    0.320    0.1988   5.795e-07  p
net168                      1.80    0.005    0.432    0.0691   5.740e-07  p
net825                      1.80    0.010    0.580    0.0363   5.694e-07  p
net79                       1.80    0.004    0.439    0.0803   5.639e-07  p
net392                      1.80    0.018    0.894    0.0192   5.603e-07  p
net834                      1.80    0.037    0.992    0.0093   5.593e-07  p
net790                      1.80    0.003    0.500    0.1000   5.586e-07  a
net170                      1.80    0.003    0.748    0.0986   5.577e-07  p
clknet_1_1__leaf_net821     1.80    0.004    0.451    0.0936   5.573e-07  p
net913                      1.80    0.002    0.535    0.1506   5.563e-07  p
net652                      1.80    0.020    0.746    0.0169   5.532e-07  p
net416                      1.80    0.011    0.358    0.0314   5.529e-07  p
net101                      1.80    0.036    0.008    0.0093   5.509e-07  p
net215                      1.80    0.003    0.514    0.0982   5.495e-07  p
net194                      1.80    0.005    0.289    0.0639   5.490e-07  p
clknet_1_0__leaf_net654     1.80    0.008    0.203    0.0402   5.448e-07  p
net259                      1.80    0.017    0.029    0.0197   5.444e-07  p
clknet_0_net207             1.80    0.019    0.026    0.0176   5.428e-07  p
net383                      1.80    0.002    0.661    0.1609   5.410e-07  p
net570                      1.80    0.005    0.640    0.0609   5.244e-07  p
net561                      1.80    0.003    0.629    0.0979   5.187e-07  p
net522                      1.80    0.011    0.156    0.0299   5.183e-07  p
net456                      1.80    0.003    0.499    0.1089   5.180e-07  p
net21                       1.80    0.017    0.016    0.0186   5.166e-07  p
net922                      1.80    0.004    0.979    0.0768   5.144e-07  p
net650                      1.80    0.021    0.453    0.0148   5.127e-07  p
net554                      1.80    0.003    0.385    0.1217   5.126e-07  p
net419                      1.80    0.002    0.447    0.1405   5.122e-07  p
net933                      1.80    0.004    0.124    0.0718   5.117e-07  p
net1                        1.80    0.014    0.977    0.0232   5.117e-07  p
net174                      1.80    0.005    0.117    0.0615   5.076e-07  p
net26                       1.80    0.003    0.788    0.1023   5.064e-07  p
net187                      1.80    0.010    0.079    0.0319   5.058e-07  p
net66                       1.80    0.002    0.220    0.1536   5.055e-07  p
net303                      1.80    0.015    0.659    0.0200   5.032e-07  p
net189                      1.80    0.003    0.907    0.1036   5.007e-07  p
net415                      1.80    0.002    0.305    0.1297   5.004e-07  p
net628                      1.80    0.030    0.911    0.0104   4.970e-07  p
net309                      1.80    0.003    0.735    0.0880   4.957e-07  p
net795                      1.80    0.003    0.500    0.1000   4.893e-07  a
net775                      1.80    0.003    0.500    0.1000   4.887e-07  a
net508                      1.80    0.005    0.972    0.0549   4.830e-07  p
net916                      1.80    0.004    0.124    0.0755   4.775e-07  p
clknet_1_1__leaf_net75      1.80    0.003    0.758    0.0969   4.754e-07  p
net569                      1.80    0.003    0.906    0.1047   4.754e-07  p
net32                       1.80    0.018    0.984    0.0164   4.726e-07  p
net426                      1.80    0.003    0.504    0.1041   4.721e-07  p
net540                      1.80    0.002    0.528    0.1170   4.710e-07  p
clknet_1_1__leaf_net420     1.80    0.003    0.223    0.0919   4.692e-07  p
clknet_1_1__leaf_net314     1.80    0.003    0.616    0.1101   4.691e-07  p
net252                      1.80    0.013    0.405    0.0224   4.675e-07  p
net610                      1.80    0.014    0.056    0.0205   4.649e-07  p
net867                      1.80    0.033    0.993    0.0087   4.620e-07  p
net24                       1.80    0.017    0.015    0.0164   4.617e-07  p
net313                      1.80    0.003    0.864    0.0863   4.583e-07  p
net253                      1.80    0.013    0.595    0.0224   4.581e-07  p
net59                       1.80    0.012    0.024    0.0245   4.567e-07  p
net85                       1.80    0.004    0.342    0.0628   4.534e-07  p
net653                      1.80    0.015    0.305    0.0181   4.512e-07  p
net601                      1.80    0.003    0.121    0.0927   4.481e-07  p
net957                      1.80    0.003    0.203    0.0847   4.472e-07  p
net566                      1.80    0.002    0.439    0.1248   4.416e-07  p
net528                      1.80    0.003    0.872    0.0890   4.387e-07  p
net429                      1.80    0.003    0.480    0.1021   4.363e-07  p
net245                      1.80    0.016    0.069    0.0165   4.312e-07  p
net299                      1.80    0.004    0.744    0.0625   4.306e-07  p
net409                      1.80    0.002    0.594    0.1234   4.303e-07  p
net311                      1.80    0.002    0.546    0.1170   4.301e-07  p
net334                      1.80    0.004    0.123    0.0730   4.298e-07  p
net422                      1.80    0.002    0.410    0.1298   4.293e-07  p
net892                      1.80    0.073    0.071    0.0036   4.292e-07  p
net536                      1.80    0.002    0.536    0.1092   4.291e-07  p
net909                      1.80    0.006    0.061    0.0463   4.233e-07  p
net510                      1.80    0.015    0.988    0.0171   4.200e-07  p
net664                      1.80    0.012    0.491    0.0217   4.177e-07  p
net432                      1.80    0.012    0.019    0.0204   4.112e-07  p
net55                       1.80    0.008    0.030    0.0335   4.101e-07  p
net487                      1.80    0.004    0.876    0.0721   4.096e-07  p
net534                      1.80    0.002    0.690    0.1106   4.093e-07  p
net596                      1.80    0.003    0.615    0.0894   4.084e-07  p
net526                      1.80    0.013    0.894    0.0198   4.058e-07  p
clknet_0_net459             1.80    0.019    0.962    0.0131   4.022e-07  p
net302                      1.80    0.003    0.513    0.0966   3.965e-07  p
clknet_1_0__leaf_net526     1.80    0.012    0.894    0.0198   3.923e-07  p
net103                      1.80    0.026    0.008    0.0095   3.922e-07  p
net296                      1.80    0.003    0.233    0.0854   3.915e-07  p
net700                      1.80    0.004    0.467    0.0641   3.869e-07  p
net955                      1.80    0.003    0.819    0.0836   3.809e-07  p
clknet_1_1__leaf_net289     1.80    0.003    0.352    0.0917   3.798e-07  p
net164                      1.80    0.003    0.439    0.0803   3.785e-07  p
clknet_1_0__leaf_net420     1.80    0.003    0.223    0.0919   3.748e-07  p
net882                      1.80    0.098    0.001    0.0024   3.747e-07  p
net597                      1.80    0.003    0.385    0.0894   3.744e-07  p
net273                      1.80    0.010    0.512    0.0229   3.723e-07  p
net129                      1.80    0.004    0.915    0.0644   3.720e-07  p
net515                      1.80    0.008    0.878    0.0286   3.712e-07  p
net544                      1.80    0.002    0.258    0.0995   3.708e-07  p
net934                      1.80    0.003    0.124    0.0718   3.682e-07  p
net699                      1.80    0.004    0.530    0.0643   3.669e-07  p
net310                      1.80    0.003    0.683    0.0740   3.628e-07  p
clknet_1_1__leaf_net398     1.80    0.002    0.481    0.0971   3.603e-07  p
clknet_1_0__leaf_net289     1.80    0.002    0.352    0.0917   3.592e-07  p
net645                      1.80    0.010    0.896    0.0214   3.566e-07  p
net613                      1.80    0.012    0.712    0.0182   3.565e-07  p
net207                      1.80    0.012    0.026    0.0176   3.563e-07  p
net500                      1.80    0.005    0.853    0.0418   3.553e-07  p
net659                      1.80    0.005    0.887    0.0441   3.540e-07  p
net165                      1.80    0.004    0.063    0.0601   3.515e-07  p
net410                      1.80    0.005    0.937    0.0463   3.494e-07  p
net423                      1.80    0.002    0.613    0.1255   3.484e-07  p
net634                      1.80    0.037    0.054    0.0057   3.432e-07  p
net244                      1.80    0.030    0.080    0.0071   3.429e-07  p
net516                      1.80    0.007    0.122    0.0286   3.423e-07  p
net893                      1.80    0.057    0.071    0.0036   3.347e-07  p
clknet_1_1__leaf_net526     1.80    0.010    0.894    0.0198   3.341e-07  p
net377                      1.80    0.002    0.698    0.1067   3.337e-07  p
net703                      1.80    0.003    0.744    0.0625   3.322e-07  p
net76                       1.80    0.006    0.029    0.0319   3.277e-07  p
net186                      1.80    0.006    0.921    0.0319   3.237e-07  p
net425                      1.80    0.003    0.324    0.0735   3.224e-07  p
net368                      1.80    0.006    0.049    0.0345   3.202e-07  p
net278                      1.80    0.010    0.010    0.0200   3.152e-07  p
net52                       1.80    0.015    0.990    0.0127   3.151e-07  p
net873                      1.80    0.027    0.994    0.0071   3.144e-07  p
clknet_1_1__leaf_net191     1.80    0.004    0.816    0.0489   3.116e-07  p
net366                      1.80    0.002    0.886    0.0835   3.113e-07  p
net673                      1.80    0.009    0.373    0.0210   3.093e-07  p
net937                      1.80    0.008    0.474    0.0229   3.070e-07  p
net588                      1.80    0.003    0.068    0.0732   3.067e-07  p
clknet_1_1__leaf_net207     1.80    0.011    0.026    0.0176   3.062e-07  p
net231                      1.80    0.059    0.002    0.0031   2.998e-07  p
net226                      1.80    0.057    0.002    0.0031   2.914e-07  p
net633                      1.80    0.028    0.939    0.0063   2.908e-07  p
net598                      1.80    0.019    0.008    0.0093   2.904e-07  p
net546                      1.80    0.003    0.075    0.0549   2.904e-07  p
net320                      1.80    0.002    0.793    0.0996   2.876e-07  p
net958                      1.80    0.008    0.474    0.0229   2.836e-07  p
clknet_1_1__leaf_net522     1.80    0.006    0.156    0.0299   2.833e-07  p
net441                      1.80    0.009    0.019    0.0203   2.821e-07  p
net125                      1.80    0.010    0.986    0.0171   2.810e-07  p
net580                      1.80    0.003    0.847    0.0554   2.805e-07  p
net3                        1.80    0.017    0.992    0.0100   2.774e-07  p
net159                      1.80    0.002    0.228    0.0917   2.768e-07  p
net704                      1.80    0.003    0.253    0.0625   2.763e-07  p
net139                      1.80    0.005    0.991    0.0346   2.763e-07  p
net459                      1.80    0.013    0.962    0.0131   2.756e-07  p
net182                      1.80    0.005    0.649    0.0320   2.737e-07  p
net37                       1.80    0.031    0.996    0.0054   2.734e-07  p
net111                      1.80    0.004    0.938    0.0469   2.673e-07  p
net339                      1.80    0.028    0.995    0.0058   2.614e-07  p
out52                       1.80    0.001    0.599    0.1378   2.596e-07  p
clknet_1_1__leaf_net502     1.80    0.004    0.856    0.0422   2.592e-07  p
net890                      1.80    0.026    0.945    0.0061   2.563e-07  p
net844                      1.80    0.026    0.989    0.0060   2.498e-07  p
net308                      1.80    0.002    0.768    0.0662   2.491e-07  p
net387                      1.80    0.006    0.697    0.0264   2.485e-07  p
net591                      1.80    0.002    0.697    0.0702   2.478e-07  p
net665                      1.80    0.025    0.945    0.0061   2.456e-07  p
net372                      1.80    0.002    0.017    0.0695   2.453e-07  p
net203                      1.80    0.003    0.050    0.0447   2.449e-07  p
out12                       1.80    0.001    0.714    0.2002   2.438e-07  p
net583                      1.80    0.002    0.172    0.0632   2.398e-07  p
clknet_0_net504             1.80    0.019    0.989    0.0075   2.359e-07  p
net297                      1.80    0.002    0.303    0.0770   2.348e-07  p
out71                       1.80    0.002    0.859    0.0868   2.338e-07  p
net411                      1.80    0.002    0.926    0.0629   2.337e-07  p
out5                        1.80    0.001    0.329    0.1649   2.308e-07  p
out82                       1.80    0.001    0.472    0.1165   2.290e-07  p
net695                      1.80    0.068    0.936    0.0021   2.279e-07  p
net169                      1.80    0.003    0.074    0.0486   2.275e-07  p
net849                      1.80    0.053    0.002    0.0026   2.253e-07  p
clknet_1_1__leaf_net282     1.80    0.022    0.023    0.0062   2.198e-07  p
net943                      1.80    0.006    0.511    0.0219   2.197e-07  p
clknet_1_0__leaf_net522     1.80    0.005    0.156    0.0299   2.187e-07  p
net461                      1.80    0.004    0.057    0.0328   2.168e-07  p
net535                      1.80    0.003    0.232    0.0508   2.168e-07  p
net565                      1.80    0.005    0.930    0.0284   2.107e-07  p
net112                      1.80    0.054    0.001    0.0024   2.076e-07  p
net188                      1.80    0.003    0.761    0.0472   2.068e-07  p
clknet_0_net511             1.80    0.018    0.044    0.0067   2.010e-07  p
clknet_1_1__leaf_net459     1.80    0.009    0.962    0.0131   1.998e-07  p
net14                       1.80    0.005    0.029    0.0258   1.977e-07  p
net181                      1.80    0.018    0.995    0.0068   1.971e-07  p
clknet_0_net401             1.80    0.020    0.041    0.0058   1.923e-07  p
clknet_1_0__leaf_net207     1.80    0.007    0.026    0.0176   1.923e-07  p
net942                      1.80    0.005    0.450    0.0238   1.921e-07  p
clknet_0_net282             1.80    0.019    0.023    0.0062   1.911e-07  p
net301                      1.80    0.002    0.704    0.0602   1.908e-07  p
net523                      1.80    0.003    0.157    0.0404   1.891e-07  p
net960                      1.80    0.022    0.996    0.0054   1.889e-07  p
net255                      1.80    0.004    0.899    0.0317   1.853e-07  p
net918                      1.80    0.003    0.991    0.0346   1.816e-07  p
net531                      1.80    0.003    0.088    0.0375   1.793e-07  p
clknet_0_net521             1.80    0.020    0.999    0.0055   1.778e-07  p
net312                      1.80    0.002    0.847    0.0554   1.764e-07  p
net116                      1.80    0.046    0.001    0.0024   1.762e-07  p
net58                       1.80    0.027    0.003    0.0040   1.744e-07  p
clknet_1_0__leaf_net459     1.80    0.008    0.962    0.0131   1.733e-07  p
net230                      1.80    0.034    0.002    0.0031   1.707e-07  p
clknet_1_0__leaf_net521     1.80    0.019    0.999    0.0055   1.693e-07  p
net553                      1.80    0.004    0.880    0.0252   1.693e-07  p
net384                      1.80    0.002    0.936    0.0467   1.692e-07  p
net403                      1.80    0.003    0.022    0.0382   1.671e-07  p
net192                      1.80    0.003    0.751    0.0393   1.657e-07  p
out79                       1.80    0.001    0.817    0.0950   1.656e-07  p
clknet_0_net638             1.80    0.019    0.026    0.0054   1.646e-07  p
net815                      1.80    0.023    0.988    0.0043   1.626e-07  p
out50                       1.80    0.001    0.303    0.0702   1.607e-07  p
net298                      1.80    0.002    0.234    0.0415   1.593e-07  p
net818                      1.80    0.071    0.999    0.0014   1.588e-07  p
net484                      1.80    0.016    0.055    0.0061   1.573e-07  p
net669                      1.80    0.005    0.649    0.0197   1.568e-07  p
out88                       1.80    0.001    0.623    0.1703   1.562e-07  p
net151                      1.80    0.025    0.985    0.0038   1.561e-07  p
net218                      1.80    0.076    0.999    0.0013   1.556e-07  p
net820                      1.80    0.026    0.071    0.0036   1.543e-07  p
net811                      1.80    0.025    0.013    0.0038   1.525e-07  p
net122                      1.80    0.040    0.001    0.0024   1.513e-07  p
net104                      1.80    0.039    0.001    0.0024   1.504e-07  p
net578                      1.80    0.003    0.082    0.0350   1.503e-07  p
net864                      1.80    0.005    0.981    0.0181   1.500e-07  p
out78                       1.80    0.001    0.806    0.1117   1.495e-07  p
net404                      1.80    0.004    0.015    0.0221   1.460e-07  p
clknet_1_0__leaf_net191     1.80    0.002    0.816    0.0489   1.454e-07  p
clknet_1_0__leaf_net282     1.80    0.014    0.023    0.0062   1.419e-07  p
net248                      1.80    0.015    0.023    0.0060   1.414e-07  p
net249                      1.80    0.015    0.977    0.0060   1.405e-07  p
net277                      1.80    0.003    0.147    0.0291   1.403e-07  p
out63                       1.80    0.001    0.484    0.1017   1.385e-07  p
net483                      1.80    0.014    0.945    0.0061   1.383e-07  p
net374                      1.80    0.016    0.900    0.0052   1.382e-07  p
net521                      1.80    0.015    0.999    0.0055   1.354e-07  p
net513                      1.80    0.004    0.967    0.0208   1.324e-07  p
net468                      1.80    0.054    0.001    0.0015   1.309e-07  p
net294                      1.80    0.003    0.541    0.0246   1.292e-07  p
net89                       1.80    0.004    0.086    0.0193   1.289e-07  p
net563                      1.80    0.004    0.019    0.0205   1.269e-07  p
net282                      1.80    0.013    0.023    0.0062   1.261e-07  p
out36                       1.80    0.001    0.228    0.0917   1.239e-07  p
net375                      1.80    0.014    0.100    0.0052   1.230e-07  p
net401                      1.80    0.013    0.041    0.0058   1.197e-07  p
clknet_1_0__leaf_net502     1.80    0.002    0.856    0.0422   1.197e-07  p
net945                      1.80    0.004    0.659    0.0197   1.169e-07  p
out58                       1.80    0.001    0.105    0.0884   1.166e-07  p
net538                      1.80    0.002    0.950    0.0304   1.164e-07  p
net577                      1.80    0.029    0.965    0.0025   1.160e-07  p
out73                       1.80    0.002    0.937    0.0469   1.148e-07  p
net954                      1.80    0.003    0.491    0.0217   1.144e-07  p
net355                      1.80    0.014    0.007    0.0048   1.121e-07  p
net86                       1.80    0.003    0.550    0.0238   1.115e-07  p
net504                      1.80    0.009    0.989    0.0075   1.114e-07  p
net507                      1.80    0.005    0.007    0.0126   1.110e-07  p
net386                      1.80    0.008    0.064    0.0090   1.104e-07  p
net114                      1.80    0.014    0.004    0.0050   1.095e-07  p
out65                       1.80    0.001    0.394    0.0794   1.078e-07  p
net223                      1.80    0.005    0.010    0.0127   1.075e-07  p
net585                      1.80    0.004    0.017    0.0174   1.068e-07  p
net25                       1.80    0.018    0.002    0.0036   1.063e-07  p
clknet_1_1__leaf_net521     1.80    0.012    0.999    0.0055   1.060e-07  p
net831                      1.80    0.006    0.242    0.0115   1.060e-07  p
net147                      1.80    0.017    0.985    0.0038   1.056e-07  p
out3                        1.80    0.001    0.663    0.1187   1.054e-07  p
net471                      1.80    0.021    0.998    0.0031   1.044e-07  p
net511                      1.80    0.010    0.044    0.0067   1.041e-07  p
net617                      1.80    0.006    0.191    0.0109   1.020e-07  p
net602                      1.80    0.012    0.004    0.0051   1.014e-07  p
net671                      1.80    0.015    0.926    0.0043   1.008e-07  p
out11                       1.80    0.001    0.668    0.0815   1.006e-07  p
out90                       1.80    0.001    0.724    0.1143   9.827e-08  p
clknet_1_0__leaf_net504     1.80    0.008    0.989    0.0075   9.786e-08  p
net827                      1.80    0.005    0.749    0.0113   9.708e-08  p
net367                      1.80    0.002    0.489    0.0261   9.674e-08  p
net124                      1.80    0.041    0.001    0.0015   9.615e-08  p
net498                      1.80    0.005    0.935    0.0114   9.514e-08  p
out8                        1.80    0.001    0.124    0.0718   9.462e-08  p
out89                       1.80    0.001    0.755    0.1122   9.427e-08  p
net668                      1.80    0.003    0.341    0.0191   9.292e-08  p
net529                      1.80    0.002    0.493    0.0240   9.254e-08  p
net499                      1.80    0.004    0.896    0.0134   9.253e-08  p
net672                      1.80    0.002    0.474    0.0229   9.220e-08  p
net826                      1.80    0.034    0.001    0.0016   9.144e-08  p
net685                      1.80    0.028    0.991    0.0020   9.139e-08  p
out51                       1.80    0.001    0.340    0.1057   9.102e-08  p
net69                       1.80    0.010    0.004    0.0057   9.076e-08  p
net939                      1.80    0.006    0.992    0.0093   9.075e-08  p
net835                      1.80    0.016    0.951    0.0034   9.029e-08  p
net559                      1.80    0.003    0.069    0.0164   9.019e-08  p
net911                      1.80    0.010    0.996    0.0054   8.861e-08  p
net362                      1.80    0.011    0.006    0.0048   8.839e-08  p
net272                      1.80    0.001    0.188    0.0380   8.692e-08  pm
net465                      1.80    0.018    0.998    0.0030   8.651e-08  p
out1                        1.80    0.001    0.282    0.0638   8.614e-08  p
net615                      1.80    0.013    0.012    0.0040   8.602e-08  p
net684                      1.80    0.036    0.002    0.0015   8.586e-08  p
out17                       1.80    0.000    0.668    0.1196   8.370e-08  p
net854                      1.80    0.015    0.048    0.0034   8.369e-08  p
net881                      1.80    0.106    0.000    0.0005   8.365e-08  p
net883                      1.80    0.089    0.000    0.0006   8.208e-08  p
net638                      1.80    0.009    0.026    0.0054   8.102e-08  p
net145                      1.80    0.005    0.996    0.0109   8.004e-08  p
out33                       1.80    0.001    0.457    0.0911   7.783e-08  p
clknet_1_0__leaf_net401     1.80    0.008    0.041    0.0058   7.768e-08  p
clknet_1_1__leaf_net638     1.80    0.009    0.026    0.0054   7.746e-08  p
net115                      1.80    0.020    0.001    0.0024   7.683e-08  p
net96                       1.80    0.014    0.049    0.0034   7.481e-08  p
net608                      1.80    0.013    0.014    0.0035   7.263e-08  p
net106                      1.80    0.019    0.001    0.0024   7.236e-08  p
clknet_1_0__leaf_net638     1.80    0.008    0.026    0.0054   7.171e-08  p
out25                       1.80    0.001    0.869    0.0736   7.011e-08  p
net233                      1.80    0.063    0.999    0.0007   6.660e-08  p
net433                      1.80    0.020    0.999    0.0020   6.537e-08  p
out27                       1.80    0.000    0.451    0.0936   6.375e-08  p
net470                      1.80    0.013    0.002    0.0030   6.372e-08  p
net325                      1.80    0.036    0.001    0.0011   6.351e-08  p
net263                      1.80    0.002    0.073    0.0156   6.244e-08  p
out70                       1.80    0.002    0.543    0.0238   5.887e-08  p
net408                      1.80    0.006    0.055    0.0061   5.768e-08  p
net530                      1.80    0.002    0.927    0.0173   5.763e-08  p
net647                      1.80    0.005    0.031    0.0067   5.739e-08  p
net952                      1.80    0.005    0.080    0.0071   5.695e-08  p
net276                      1.80    0.003    0.951    0.0124   5.640e-08  p
net274                      1.80    0.003    0.032    0.0117   5.638e-08  p
net670                      1.80    0.008    0.064    0.0045   5.577e-08  p
net623                      1.80    0.013    0.998    0.0027   5.549e-08  p
net212                      1.80    0.014    0.001    0.0024   5.518e-08  p
net810                      1.80    0.022    0.003    0.0015   5.503e-08  p
net256                      1.80    0.003    0.990    0.0123   5.483e-08  p
net693                      1.80    0.009    0.055    0.0035   5.325e-08  p
net197                      1.80    0.007    0.932    0.0044   5.295e-08  p
net220                      1.80    0.014    0.001    0.0024   5.270e-08  p
net100                      1.80    0.002    0.017    0.0174   5.148e-08  p
net506                      1.80    0.004    0.943    0.0077   5.123e-08  p
net532                      1.80    0.002    0.925    0.0157   5.102e-08  p
net119                      1.80    0.005    0.004    0.0059   5.084e-08  p
net457                      1.80    0.003    0.991    0.0109   4.934e-08  p
net518                      1.80    0.003    0.115    0.0097   4.905e-08  p
net23                       1.80    0.002    0.015    0.0168   4.819e-08  p
net493                      1.80    0.005    0.056    0.0061   4.807e-08  p
net622                      1.80    0.009    0.002    0.0031   4.713e-08  p
net78                       1.80    0.016    0.001    0.0018   4.662e-08  p
net126                      1.80    0.059    0.000    0.0005   4.658e-08  p
net609                      1.80    0.003    0.020    0.0087   4.657e-08  p
net54                       1.80    0.016    0.001    0.0018   4.579e-08  p
net232                      1.80    0.043    0.001    0.0007   4.514e-08  p
net213                      1.80    0.017    0.001    0.0017   4.501e-08  p
out98                       1.80    0.001    0.937    0.0469   4.409e-08  p
clknet_1_0__leaf_net511     1.80    0.004    0.044    0.0067   4.056e-08  p
out14                       1.80    0.000    0.916    0.0581   3.993e-08  p
net573                      1.80    0.006    0.991    0.0038   3.939e-08  p
net478                      1.80    0.003    0.975    0.0094   3.833e-08  p
out40                       1.80    0.001    0.246    0.0165   3.828e-08  p
net624                      1.80    0.009    0.002    0.0027   3.820e-08  p
net222                      1.80    0.023    0.000    0.0010   3.597e-08  p
net243                      1.80    0.038    0.997    0.0006   3.508e-08  p
net258                      1.80    0.038    0.003    0.0006   3.490e-08  p
net436                      1.80    0.065    1.000    0.0003   3.446e-08  p
net949                      1.80    0.003    0.031    0.0067   3.440e-08  p
net564                      1.80    0.005    0.003    0.0044   3.251e-08  p
net947                      1.80    0.003    0.977    0.0059   3.231e-08  p
out7                        1.80    0.000    0.777    0.0403   3.209e-08  p
net117                      1.80    0.012    0.001    0.0017   3.199e-08  p
net209                      1.80    0.003    0.012    0.0074   3.181e-08  p
net694                      1.80    0.010    0.950    0.0020   3.179e-08  p
net370                      1.80    0.018    0.000    0.0011   3.136e-08  p
net108                      1.80    0.033    0.000    0.0006   3.088e-08  p
net449                      1.80    0.029    0.990    0.0007   3.077e-08  p
net607                      1.80    0.005    0.985    0.0038   3.039e-08  p
net512                      1.80    0.004    0.991    0.0046   3.020e-08  p
net228                      1.80    0.007    0.998    0.0027   2.973e-08  p
net431                      1.80    0.017    0.001    0.0011   2.952e-08  p
net202                      1.80    0.004    0.997    0.0044   2.921e-08  p
net163                      1.80    0.007    0.001    0.0027   2.914e-08  p
net110                      1.80    0.032    0.000    0.0006   2.909e-08  p
net388                      1.80    0.003    0.042    0.0059   2.882e-08  p
net323                      1.80    0.016    0.001    0.0011   2.824e-08  p
net509                      1.80    0.003    0.946    0.0055   2.706e-08  p
net519                      1.80    0.002    0.885    0.0097   2.696e-08  p
clknet_0_net286             1.80    0.019    0.000    0.0009   2.691e-08  p
net378                      1.80    0.018    1.000    0.0009   2.687e-08  p
out30                       1.80    0.000    0.580    0.0363   2.661e-08  p
clknet_1_1__leaf_net504     1.80    0.002    0.989    0.0075   2.655e-08  p
net475                      1.80    0.003    0.005    0.0052   2.606e-08  p
out10                       1.80    0.001    0.612    0.0251   2.594e-08  p
net257                      1.80    0.028    0.997    0.0006   2.546e-08  p
net938                      1.80    0.006    0.002    0.0027   2.545e-08  p
clknet_1_1__leaf_net401     1.80    0.003    0.041    0.0058   2.544e-08  p
net683                      1.80    0.005    0.004    0.0030   2.460e-08  p
clknet_1_1__leaf_net511     1.80    0.002    0.044    0.0067   2.454e-08  p
out80                       1.80    0.001    0.981    0.0181   2.427e-08  p
out6                        1.80    0.001    0.510    0.0227   2.424e-08  p
net295                      1.80    0.002    0.915    0.0081   2.406e-08  p
out47                       1.80    0.001    0.017    0.0174   2.366e-08  p
net574                      1.80    0.004    0.009    0.0035   2.351e-08  p
net814                      1.80    0.089    0.002    0.0002   2.345e-08  p
net428                      1.80    0.008    0.997    0.0017   2.335e-08  p
net590                      1.80    0.007    0.989    0.0020   2.253e-08  p
net99                       1.80    0.002    0.041    0.0069   2.195e-08  p
net385                      1.80    0.005    0.977    0.0028   2.184e-08  p
net351                      1.80    0.036    0.000    0.0004   2.154e-08  p
net612                      1.80    0.020    0.990    0.0007   2.115e-08  p
net524                      1.80    0.002    0.945    0.0061   2.078e-08  p
net477                      1.80    0.003    0.994    0.0046   2.072e-08  p
net150                      1.80    0.010    0.999    0.0012   1.970e-08  p
net267                      1.80    0.003    0.985    0.0039   1.882e-08  p
net690                      1.80    0.018    0.990    0.0007   1.880e-08  p
net196                      1.80    0.003    0.068    0.0044   1.871e-08  p
net485                      1.80    0.004    0.998    0.0027   1.826e-08  p
net618                      1.80    0.010    0.992    0.0011   1.825e-08  p
clknet_0_net488             1.80    0.019    0.999    0.0006   1.767e-08  p
out41                       1.80    0.000    0.517    0.0227   1.762e-08  p
out23                       1.80    0.001    0.659    0.0197   1.714e-08  p
net496                      1.80    0.002    0.969    0.0045   1.698e-08  p
net879                      1.80    0.064    0.000    0.0002   1.679e-08  p
net682                      1.80    0.003    0.993    0.0033   1.676e-08  p
net216                      1.80    0.016    0.000    0.0007   1.670e-08  p
net161                      1.80    0.003    0.003    0.0037   1.645e-08  p
net658                      1.80    0.036    0.000    0.0003   1.644e-08  p
net356                      1.80    0.008    0.000    0.0013   1.629e-08  p
out35                       1.80    0.001    0.232    0.0139   1.544e-08  p
net956                      1.80    0.003    0.002    0.0031   1.542e-08  p
net326                      1.80    0.026    0.000    0.0004   1.542e-08  p
net476                      1.80    0.003    0.002    0.0030   1.536e-08  p
net551                      1.80    0.004    0.002    0.0027   1.526e-08  p
net393                      1.80    0.038    0.000    0.0002   1.493e-08  p
clknet_1_0__leaf_net286     1.80    0.011    0.000    0.0009   1.470e-08  p
net345                      1.80    0.055    0.000    0.0002   1.460e-08  p
net235                      1.80    0.010    0.001    0.0009   1.454e-08  p
net109                      1.80    0.016    0.000    0.0006   1.454e-08  p
net657                      1.80    0.015    0.996    0.0006   1.450e-08  p
net552                      1.80    0.003    0.998    0.0027   1.403e-08  p
net644                      1.80    0.006    0.002    0.0013   1.380e-08  p
net127                      1.80    0.013    0.000    0.0007   1.378e-08  p
net268                      1.80    0.030    0.000    0.0003   1.374e-08  p
net107                      1.80    0.006    0.001    0.0015   1.357e-08  p
net286                      1.80    0.010    0.000    0.0009   1.347e-08  p
net495                      1.80    0.010    0.992    0.0008   1.307e-08  p
net229                      1.80    0.004    0.001    0.0022   1.294e-08  p
net93                       1.80    0.002    0.997    0.0037   1.284e-08  p
net639                      1.80    0.009    0.995    0.0009   1.227e-08  p
net621                      1.80    0.002    0.997    0.0035   1.212e-08  pm
net439                      1.80    0.025    0.000    0.0003   1.173e-08  p
net679                      1.80    0.022    0.997    0.0003   1.165e-08  p
net643                      1.80    0.004    0.995    0.0017   1.162e-08  p
net332                      1.80    0.044    0.998    0.0002   1.152e-08  p
net221                      1.80    0.007    0.001    0.0011   1.145e-08  p
net803                      1.80    0.029    0.000    0.0002   1.142e-08  p
net497                      1.80    0.003    0.953    0.0024   1.118e-08  p
clknet_0_net482             1.80    0.021    0.000    0.0003   1.084e-08  p
net447                      1.80    0.018    1.000    0.0004   1.055e-08  p
net437                      1.80    0.080    0.000    0.81e-4  1.049e-08  p
out9                        1.80    0.001    0.007    0.0090   1.021e-08  p
net406                      1.80    0.008    0.999    0.0008   1.010e-08  p
clknet_1_1__leaf_net488     1.80    0.011    0.999    0.0006   1.009e-08  p
net488                      1.80    0.011    0.999    0.0006   9.752e-09  p
out38                       1.80    0.001    0.242    0.0115   9.742e-09  p
clknet_0_net677             1.80    0.018    0.001    0.0003   9.453e-09  p
out29                       1.80    0.001    0.959    0.0099   9.304e-09  p
net940                      1.80    0.004    0.002    0.0013   9.176e-09  p
out53                       1.80    0.000    0.982    0.0120   9.065e-09  p
net494                      1.80    0.007    0.008    0.0008   8.674e-09  p
out32                       1.80    0.000    0.749    0.0113   8.554e-09  p
out85                       1.80    0.001    0.993    0.0087   8.339e-09  p
net329                      1.80    0.032    0.998    0.0002   8.330e-09  p
clknet_1_1__leaf_net286     1.80    0.006    0.000    0.0009   8.123e-09  p
clknet_1_0__leaf_net488     1.80    0.009    0.999    0.0006   7.852e-09  p
net589                      1.80    0.008    0.997    0.0006   7.582e-09  p
clknet_0_net396             1.80    0.019    0.999    0.0002   7.531e-09  p
net376                      1.80    0.016    0.002    0.0003   7.389e-09  p
net491                      1.80    0.007    0.999    0.0006   7.383e-09  p
out42                       1.80    0.000    0.992    0.0093   6.964e-09  p
net640                      1.80    0.008    0.001    0.0005   6.843e-09  p
net354                      1.80    0.007    1.000    0.0006   6.334e-09  p
out93                       1.80    0.001    0.994    0.0071   5.975e-09  p
out16                       1.80    0.001    0.013    0.0038   5.884e-09  p
net435                      1.80    0.011    1.000    0.0003   5.718e-09  p
net357                      1.80    0.014    0.000    0.0002   5.650e-09  p
net324                      1.80    0.021    0.002    0.0002   5.463e-09  p
net517                      1.80    0.005    1.000    0.0007   5.392e-09  p
net283                      1.80    0.002    0.002    0.0017   5.332e-09  p
out26                       1.80    0.001    0.071    0.0036   5.305e-09  p
net677                      1.80    0.010    0.001    0.0003   5.298e-09  p
out69                       1.80    0.001    0.048    0.0034   5.188e-09  p
net322                      1.80    0.008    0.000    0.0004   5.036e-09  p
net333                      1.80    0.003    0.000    0.0010   4.991e-09  p
net269                      1.80    0.019    0.000    0.0002   4.965e-09  p
clknet_1_0__leaf_net482     1.80    0.009    0.000    0.0003   4.864e-09  p
out55                       1.80    0.000    0.989    0.0060   4.823e-09  p
net460                      1.80    0.006    1.000    0.0005   4.812e-09  p
net520                      1.80    0.006    0.999    0.0005   4.798e-09  p
net543                      1.80    0.005    1.000    0.0006   4.650e-09  p
out44                       1.80    0.001    0.951    0.0034   4.577e-09  p
net479                      1.80    0.023    0.000    0.0001   4.561e-09  p
net80                       1.80    0.023    0.000    0.0001   4.542e-09  p
net876                      1.80    0.068    1.000    0.41e-4  4.473e-09  p
net482                      1.80    0.008    0.000    0.0003   4.439e-09  p
net464                      1.80    0.004    0.999    0.0006   4.209e-09  p
net616                      1.80    0.008    0.998    0.0003   4.162e-09  p
clknet_1_0__leaf_net677     1.80    0.008    0.001    0.0003   3.993e-09  p
net946                      1.80    0.004    0.997    0.0006   3.950e-09  p
net91                       1.80    0.003    0.001    0.0008   3.745e-09  p
net492                      1.80    0.004    0.999    0.0007   3.723e-09  p
net692                      1.80    0.003    0.991    0.0007   3.658e-09  p
net681                      1.80    0.005    0.997    0.0004   3.638e-09  p
out21                       1.80    0.000    0.988    0.0046   3.601e-09  p
out60                       1.80    0.001    0.002    0.0026   3.491e-09  p
net480                      1.80    0.017    1.000    0.0001   3.429e-09  p
net396                      1.80    0.008    0.999    0.0002   3.265e-09  p
net389                      1.80    0.004    0.998    0.0005   3.182e-09  p
net702                      1.80    0.004    0.998    0.0005   3.087e-09  p
net550                      1.80    0.006    1.000    0.0003   2.954e-09  p
net549                      1.80    0.005    1.000    0.0003   2.789e-09  p
net407                      1.80    0.004    0.000    0.0004   2.776e-09  p
net661                      1.80    0.003    0.997    0.0005   2.667e-09  p
net568                      1.80    0.003    0.002    0.0005   2.648e-09  p
net344                      1.80    0.013    0.000    0.0001   2.633e-09  p
net200                      1.80    0.020    0.000    0.81e-4  2.627e-09  p
net472                      1.80    0.038    0.000    0.41e-4  2.507e-09  p
net71                       1.80    0.007    0.000    0.0002   2.365e-09  p
net454                      1.80    0.002    0.004    0.0006   2.328e-09  p
out15                       1.80    0.001    0.003    0.0015   2.252e-09  p
net353                      1.80    0.006    0.000    0.0002   2.233e-09  p
net706                      1.80    0.005    0.000    0.0002   2.167e-09  p
net198                      1.80    0.016    1.000    0.81e-4  2.087e-09  p
net662                      1.80    0.006    0.000    0.0002   2.053e-09  p
net236                      1.80    0.002    0.997    0.0006   1.967e-09  p
clknet_1_1__leaf_net677     1.80    0.004    0.001    0.0003   1.853e-09  p
net813                      1.80    0.028    0.000    0.41e-4  1.835e-09  p
net592                      1.80    0.007    0.998    0.0002   1.829e-09  p
net446                      1.80    0.027    0.000    0.41e-4  1.785e-09  p
clknet_1_1__leaf_net482     1.80    0.003    0.000    0.0003   1.729e-09  p
net83                       1.80    0.004    0.000    0.0002   1.703e-09  p
net593                      1.80    0.006    0.002    0.0002   1.699e-09  p
net558                      1.80    0.003    0.000    0.0004   1.657e-09  p
net234                      1.80    0.025    1.000    0.41e-4  1.654e-09  p
out31                       1.80    0.001    0.001    0.0016   1.616e-09  p
net227                      1.80    0.022    0.000    0.41e-4  1.468e-09  p
net453                      1.80    0.003    1.000    0.0003   1.419e-09  p
net486                      1.80    0.003    0.000    0.0003   1.400e-09  p
net948                      1.80    0.005    0.998    0.0002   1.316e-09  p
net455                      1.80    0.002    0.999    0.0003   1.264e-09  p
clknet_0_net463             1.80    0.019    0.000    0.41e-4  1.243e-09  p
clknet_1_0__leaf_net396     1.80    0.003    0.999    0.0002   1.230e-09  p
net395                      1.80    0.003    0.000    0.0002   1.191e-09  p
out24                       1.80    0.001    0.999    0.0014   1.183e-09  p
net951                      1.80    0.004    0.998    0.0002   1.179e-09  p
net379                      1.80    0.003    1.000    0.0002   1.135e-09  p
net463                      1.80    0.017    0.000    0.41e-4  1.119e-09  p
net462                      1.80    0.004    0.000    0.0002   1.113e-09  p
net199                      1.80    0.008    1.000    0.81e-4  1.050e-09  p
net680                      1.80    0.004    0.000    0.0002   9.883e-10  p
clknet_1_1__leaf_net396     1.80    0.002    0.999    0.0002   9.035e-10  p
net337                      1.80    0.002    0.000    0.0002   8.125e-10  p
net701                      1.80    0.002    0.000    0.0002   8.093e-10  p
clknet_1_0__leaf_net463     1.80    0.012    0.000    0.41e-4  7.844e-10  p
net474                      1.80    0.002    1.000    0.0002   7.427e-10  p
clknet_1_1__leaf_net463     1.80    0.009    0.000    0.41e-4  5.994e-10  p
out0                        1.80    0.001    0.000    0.0002   3.491e-10  p
out2                        1.80    0.001    0.002    0.0002   1.747e-10  p
net501                      1.80    0.003    0.000    0.41e-4  1.698e-10  p
out19                       1.80    0.001    0.000    0.41e-4  3.459e-11  p
clknet_0_net94              1.80    0.018    0.000    0.0000      0.0000  p
clknet_0_net204             1.80    0.019    1.000    0.0000      0.0000  p
clknet_0_net285             1.80    0.019    0.000    0.0000      0.0000  p
clknet_0_net290             1.80    0.020    0.000    0.0000      0.0000  p
clknet_0_net291             1.80    0.019    0.000    0.0000      0.0000  p
clknet_0_net318             1.80    0.019    1.000    0.0000      0.0000  p
clknet_0_net380             1.80    0.020    1.000    0.0000      0.0000  p
clknet_0_net466             1.80    0.019    0.000    0.0000      0.0000  p
clknet_0_net696             1.80    0.020    0.000    0.0000      0.0000  p
clknet_0_net816             1.80    0.021    1.000    0.0000      0.0000  p
clknet_0_net836             1.80    0.018    0.000    0.0000      0.0000  p
clknet_0_net838             1.80    0.018    0.000    0.0000      0.0000  p
clknet_1_0__leaf_net94      1.80    0.006    0.000    0.0000      0.0000  p
clknet_1_0__leaf_net204     1.80    0.003    1.000    0.0000      0.0000  p
clknet_1_0__leaf_net285     1.80    0.016    0.000    0.0000      0.0000  p
clknet_1_0__leaf_net290     1.80    0.003    0.000    0.0000      0.0000  p
clknet_1_0__leaf_net291     1.80    0.042    0.000    0.0000      0.0000  p
clknet_1_0__leaf_net318     1.80    0.005    1.000    0.0000      0.0000  p
clknet_1_0__leaf_net380     1.80    0.037    1.000    0.0000      0.0000  p
clknet_1_0__leaf_net466     1.80    0.004    0.000    0.0000      0.0000  p
clknet_1_0__leaf_net696     1.80    0.019    0.000    0.0000      0.0000  p
clknet_1_0__leaf_net816     1.80    0.026    1.000    0.0000      0.0000  p
clknet_1_0__leaf_net836     1.80    0.026    0.000    0.0000      0.0000  p
clknet_1_0__leaf_net838     1.80    0.014    0.000    0.0000      0.0000  p
clknet_1_1__leaf_net94      1.80    0.007    0.000    0.0000      0.0000  p
clknet_1_1__leaf_net204     1.80    0.003    1.000    0.0000      0.0000  p
clknet_1_1__leaf_net285     1.80    0.007    0.000    0.0000      0.0000  p
clknet_1_1__leaf_net290     1.80    0.006    0.000    0.0000      0.0000  p
clknet_1_1__leaf_net291     1.80    0.024    0.000    0.0000      0.0000  p
clknet_1_1__leaf_net318     1.80    0.009    1.000    0.0000      0.0000  p
clknet_1_1__leaf_net380     1.80    0.045    1.000    0.0000      0.0000  p
clknet_1_1__leaf_net466     1.80    0.004    0.000    0.0000      0.0000  p
clknet_1_1__leaf_net696     1.80    0.019    0.000    0.0000      0.0000  p
clknet_1_1__leaf_net816     1.80    0.016    1.000    0.0000      0.0000  p
clknet_1_1__leaf_net836     1.80    0.013    0.000    0.0000      0.0000  p
clknet_1_1__leaf_net838     1.80    0.018    0.000    0.0000      0.0000  p
net7                        1.80    0.006    1.000    0.0000      0.0000  p
net34                       1.80    0.037    1.000    0.0000      0.0000  p
net72                       1.80    0.006    1.000    0.0000      0.0000  p
net74                       1.80    0.005    1.000    0.0000      0.0000  p
net77                       1.80    0.007    0.000    0.0000      0.0000  p
net81                       1.80    0.016    0.000    0.0000      0.0000  p
net84                       1.80    0.003    0.000    0.0000      0.0000  p
net87                       1.80    0.040    0.000    0.0000      0.0000  p
net88                       1.80    0.005    0.000    0.0000      0.0000  p
net90                       1.80    0.009    1.000    0.0000      0.0000  p
net94                       1.80    0.011    0.000    0.0000      0.0000  p
net97                       1.80    0.020    0.000    0.0000      0.0000  p
net98                       1.80    0.003    0.000    0.0000      0.0000  p
net131                      1.80    0.014    1.000    0.0000      0.0000  p
net133                      1.80    0.021    1.000    0.0000      0.0000  p
net134                      1.80    0.015    1.000    0.0000      0.0000  p
net138                      1.80    0.003    1.000    0.0000      0.0000  p
net155                      1.80    0.030    1.000    0.0000      0.0000  p
net172                      1.80    0.003    1.000    0.0000      0.0000  p
net176                      1.80    0.005    1.000    0.0000      0.0000  p
net180                      1.80    0.016    1.000    0.0000      0.0000  p
net204                      1.80    0.009    1.000    0.0000      0.0000  p
net265                      1.80    0.026    0.000    0.0000      0.0000  p
net281                      1.80    0.004    0.000    0.0000      0.0000  p
net285                      1.80    0.012    0.000    0.0000      0.0000  p
net287                      1.80    0.003    0.000    0.0000      0.0000  p
net288                      1.80    0.016    0.000    0.0000      0.0000  p
net290                      1.80    0.010    0.000    0.0000      0.0000  p
net291                      1.80    0.014    0.000    0.0000      0.0000  p
net293                      1.80    0.002    0.000    0.0000      0.0000  p
net306                      1.80    0.002    1.000    0.0000      0.0000  p
net318                      1.80    0.008    1.000    0.0000      0.0000  p
net327                      1.80    0.022    0.000    0.0000      0.0000  p
net328                      1.80    0.014    1.000    0.0000      0.0000  p
net330                      1.80    0.018    0.000    0.0000      0.0000  p
net331                      1.80    0.014    0.000    0.0000      0.0000  p
net335                      1.80    0.032    0.000    0.0000      0.0000  p
net336                      1.80    0.030    0.000    0.0000      0.0000  p
net338                      1.80    0.039    0.000    0.0000      0.0000  p
net340                      1.80    0.011    0.000    0.0000      0.0000  p
net341                      1.80    0.029    1.000    0.0000      0.0000  p
net342                      1.80    0.020    1.000    0.0000      0.0000  p
net352                      1.80    0.009    0.000    0.0000      0.0000  p
net359                      1.80    0.006    1.000    0.0000      0.0000  p
net380                      1.80    0.014    1.000    0.0000      0.0000  p
net397                      1.80    0.002    0.000    0.0000      0.0000  p
net399                      1.80    0.004    0.000    0.0000      0.0000  p
net400                      1.80    0.002    1.000    0.0000      0.0000  p
net402                      1.80    0.007    1.000    0.0000      0.0000  p
net438                      1.80    0.030    0.000    0.0000      0.0000  p
net440                      1.80    0.064    0.000    0.0000      0.0000  p
net442                      1.80    0.010    0.000    0.0000      0.0000  p
net443                      1.80    0.012    1.000    0.0000      0.0000  p
net444                      1.80    0.007    0.000    0.0000      0.0000  p
net445                      1.80    0.011    1.000    0.0000      0.0000  p
net448                      1.80    0.010    1.000    0.0000      0.0000  p
net450                      1.80    0.009    0.000    0.0000      0.0000  p
net451                      1.80    0.005    1.000    0.0000      0.0000  p
net452                      1.80    0.010    1.000    0.0000      0.0000  p
net458                      1.80    0.006    1.000    0.0000      0.0000  p
net466                      1.80    0.009    0.000    0.0000      0.0000  p
net467                      1.80    0.002    0.000    0.0000      0.0000  p
net469                      1.80    0.006    1.000    0.0000      0.0000  p
net481                      1.80    0.004    1.000    0.0000      0.0000  p
net503                      1.80    0.003    1.000    0.0000      0.0000  p
net581                      1.80    0.005    0.000    0.0000      0.0000  p
net582                      1.80    0.006    1.000    0.0000      0.0000  p
net606                      1.80    0.019    1.000    0.0000      0.0000  p
net614                      1.80    0.003    0.000    0.0000      0.0000  p
net629                      1.80    0.039    0.000    0.0000      0.0000  p
net678                      1.80    0.014    0.000    0.0000      0.0000  p
net686                      1.80    0.009    0.000    0.0000      0.0000  p
net689                      1.80    0.009    0.000    0.0000      0.0000  p
net691                      1.80    0.005    0.000    0.0000      0.0000  p
net696                      1.80    0.013    0.000    0.0000      0.0000  p
net808                      1.80    0.091    1.000    0.0000      0.0000  p
net816                      1.80    0.015    1.000    0.0000      0.0000  p
net822                      1.80    0.024    1.000    0.0000      0.0000  p
net836                      1.80    0.013    0.000    0.0000      0.0000  p
net838                      1.80    0.015    0.000    0.0000      0.0000  p
net845                      1.80    0.026    1.000    0.0000      0.0000  p
net846                      1.80    0.041    0.000    0.0000      0.0000  p
net851                      1.80    0.058    0.000    0.0000      0.0000  p
net853                      1.80    0.019    0.000    0.0000      0.0000  p
net859                      1.80    0.022    0.000    0.0000      0.0000  p
net860                      1.80    0.037    1.000    0.0000      0.0000  p
net866                      1.80    0.037    0.000    0.0000      0.0000  p
net868                      1.80    0.075    0.000    0.0000      0.0000  p
net875                      1.80    0.015    1.000    0.0000      0.0000  p
net877                      1.80    0.075    1.000    0.0000      0.0000  p
net878                      1.80    0.045    1.000    0.0000      0.0000  p
net880                      1.80    0.059    1.000    0.0000      0.0000  p
net887                      1.80    0.088    0.000    0.0000      0.0000  p
net904                      1.80    0.042    1.000    0.0000      0.0000  p
net905                      1.80    0.008    1.000    0.0000      0.0000  p
net906                      1.80    0.009    1.000    0.0000      0.0000  p
net910                      1.80    0.032    1.000    0.0000      0.0000  p
net920                      1.80    0.002    1.000    0.0000      0.0000  p
net921                      1.80    0.003    1.000    0.0000      0.0000  p
net930                      1.80    0.013    1.000    0.0000      0.0000  p
net931                      1.80    0.011    1.000    0.0000      0.0000  p
net944                      1.80    0.006    0.000    0.0000      0.0000  p
net950                      1.80    0.009    0.000    0.0000      0.0000  p
net953                      1.80    0.005    0.000    0.0000      0.0000  p
out13                       1.80    0.001    1.000    0.0000      0.0000  p
out22                       1.80    0.000    1.000    0.0000      0.0000  p
out28                       1.80    0.001    1.000    0.0000      0.0000  p
out45                       1.80    0.001    0.000    0.0000      0.0000  p
out48                       1.80    0.001    0.000    0.0000      0.0000  p
out56                       1.80    0.001    1.000    0.0000      0.0000  p
out57                       1.80    0.000    0.000    0.0000      0.0000  p
out64                       1.80    0.001    0.000    0.0000      0.0000  p
out68                       1.80    0.001    0.000    0.0000      0.0000  p
out75                       1.80    0.001    0.000    0.0000      0.0000  p
out76                       1.80    0.001    1.000    0.0000      0.0000  p
out84                       1.80    0.000    0.000    0.0000      0.0000  p
out87                       1.80    0.001    0.000    0.0000      0.0000  p
out99                       1.80    0.000    1.000    0.0000      0.0000  p
--------------------------------------------------------------------------------
Total (1221 nets)                                              1.920e-03 Watt



                                      Int      Switch   Leak      Total
Hierarchy                             Power    Power    Power     Power    %
--------------------------------------------------------------------------------
netlist_1                             2.48e-03 1.92e-03 8.38e-09  4.40e-03 100.0
1
