****************************************
Report : Averaged Power
	-net_power
	-hierarchy
	-sort_by net_switching_power
	-power_greater_than       0
	-nosplit
Design : netlist_1
Version: Q-2019.12-SP1
Date   : Sun Jul 28 21:37:58 2024
****************************************



  Attributes
  ----------
      a  -  Switching activity information / Switching power information annotated on net
      p  -  Propagated switching activity information on net
      d  -  Default switching activity used on net
      u  -  Net switching activity uninitialized
      m  -  Net is driven by multiple pins
      b  -  Net is a primary input (boundary net)

		Toggle rates reported with respect to time unit 1ns
--------------------------------------------------------------------------------
                                  Total      Static   Toggle   Switching
Net                         Vdd   Net Load   Prob.    Rate     Power      Attrs
--------------------------------------------------------------------------------
net262                      1.80    0.066    0.484    0.9696   1.034e-04  p
net275                      1.80    0.059    0.440    0.8527   8.136e-05  p
clknet_0_clk                1.80    0.208    0.500    0.1000   3.363e-05  a
net260                      1.80    0.020    0.484    0.9696   3.068e-05  p
net13                       1.80    0.125    0.282    0.1430   2.899e-05  p
net903                      1.80    0.141    0.500    0.1000   2.281e-05  a
net770                      1.80    0.132    0.500    0.1000   2.141e-05  a
net123                      1.80    0.104    0.298    0.1166   1.963e-05  p
net721                      1.80    0.108    0.500    0.1000   1.756e-05  a
net902                      1.80    0.104    0.500    0.1000   1.679e-05  a
net649                      1.80    0.025    0.530    0.4001   1.649e-05  p
net726                      1.80    0.100    0.500    0.1000   1.625e-05  a
net886                      1.80    0.046    0.421    0.2157   1.624e-05  p
net5                        1.80    0.067    0.500    0.1484   1.609e-05  p
net67                       1.80    0.049    0.391    0.1991   1.591e-05  p
net773                      1.80    0.093    0.500    0.1000   1.502e-05  a
net63                       1.80    0.038    0.567    0.2357   1.466e-05  p
net48                       1.80    0.038    0.546    0.2317   1.420e-05  p
net919                      1.80    0.039    0.421    0.2157   1.379e-05  p
net744                      1.80    0.082    0.500    0.1000   1.335e-05  a
net715                      1.80    0.082    0.500    0.1000   1.331e-05  a
net901                      1.80    0.082    0.500    0.1000   1.323e-05  a
net688                      1.80    0.023    0.620    0.3563   1.319e-05  p
net749                      1.80    0.081    0.500    0.1000   1.314e-05  a
net884                      1.80    0.084    0.105    0.0884   1.202e-05  p
net900                      1.80    0.103    0.124    0.0718   1.200e-05  p
clknet_4_14_0_clk           1.80    0.073    0.500    0.1000   1.188e-05  a
net787                      1.80    0.072    0.500    0.1000   1.161e-05  a
clknet_4_1_0_clk            1.80    0.071    0.500    0.1000   1.152e-05  a
net801                      1.80    0.070    0.500    0.1000   1.131e-05  a
net707                      1.80    0.068    0.500    0.1000   1.095e-05  a
clknet_4_2_0_clk            1.80    0.067    0.500    0.1000   1.091e-05  a
net667                      1.80    0.022    0.591    0.3101   1.084e-05  p
clknet_4_3_0_clk            1.80    0.066    0.500    0.1000   1.063e-05  a
clknet_4_0_0_clk            1.80    0.065    0.500    0.1000   1.060e-05  a
net745                      1.80    0.063    0.500    0.1000   1.013e-05  a
clknet_4_7_0_clk            1.80    0.062    0.500    0.1000   1.011e-05  a
net927                      1.80    0.031    0.718    0.1978   1.002e-05  p
net44                       1.80    0.028    0.421    0.2157   9.896e-06  p
net740                      1.80    0.059    0.500    0.1000   9.635e-06  a
net705                      1.80    0.006    0.484    0.9696   9.562e-06  p
net241                      1.80    0.041    0.282    0.1431   9.510e-06  p
net936                      1.80    0.027    0.421    0.2157   9.492e-06  p
clknet_4_12_0_clk           1.80    0.058    0.500    0.1000   9.417e-06  a
net752                      1.80    0.058    0.500    0.1000   9.415e-06  a
net885                      1.80    0.027    0.421    0.2157   9.374e-06  p
net762                      1.80    0.058    0.500    0.1000   9.322e-06  a
clknet_4_15_0_clk           1.80    0.057    0.500    0.1000   9.266e-06  a
clknet_1_0__leaf_net812     1.80    0.048    0.668    0.1196   9.219e-06  p
net796                      1.80    0.057    0.500    0.1000   9.209e-06  a
net730                      1.80    0.056    0.500    0.1000   9.107e-06  a
net723                      1.80    0.055    0.500    0.1000   8.917e-06  a
net839                      1.80    0.033    0.329    0.1649   8.757e-06  p
net738                      1.80    0.054    0.500    0.1000   8.737e-06  a
clknet_4_5_0_clk            1.80    0.054    0.500    0.1000   8.718e-06  a
net719                      1.80    0.054    0.500    0.1000   8.712e-06  a
net60                       1.80    0.022    0.377    0.2347   8.311e-06  p
net869                      1.80    0.029    0.623    0.1703   8.075e-06  p
net183                      1.80    0.030    0.355    0.1646   8.049e-06  p
net899                      1.80    0.069    0.124    0.0718   7.967e-06  p
net750                      1.80    0.049    0.500    0.1000   7.860e-06  a
net792                      1.80    0.047    0.500    0.1000   7.635e-06  a
net39                       1.80    0.064    0.119    0.0735   7.608e-06  p
net959                      1.80    0.021    0.421    0.2157   7.487e-06  p
net784                      1.80    0.046    0.500    0.1000   7.431e-06  a
net807                      1.80    0.023    0.714    0.2002   7.405e-06  p
net771                      1.80    0.046    0.500    0.1000   7.397e-06  a
net214                      1.80    0.057    0.136    0.0805   7.368e-06  p
net767                      1.80    0.045    0.500    0.1000   7.334e-06  a
clknet_4_4_0_clk            1.80    0.045    0.500    0.1000   7.268e-06  a
net567                      1.80    0.005    0.485    0.9698   7.261e-06  p
net756                      1.80    0.044    0.500    0.1000   7.206e-06  a
net102                      1.80    0.059    0.103    0.0736   7.086e-06  p
net725                      1.80    0.043    0.500    0.1000   6.987e-06  a
net663                      1.80    0.051    0.286    0.0843   6.970e-06  p
net850                      1.80    0.042    0.484    0.1017   6.924e-06  p
net758                      1.80    0.042    0.500    0.1000   6.798e-06  a
net525                      1.80    0.021    0.450    0.1979   6.766e-06  p
net666                      1.80    0.038    0.668    0.1068   6.654e-06  p
clknet_1_1__leaf_net812     1.80    0.034    0.668    0.1196   6.593e-06  p
clknet_4_10_0_clk           1.80    0.040    0.500    0.1000   6.440e-06  a
net630                      1.80    0.049    0.439    0.0803   6.348e-06  p
net713                      1.80    0.039    0.500    0.1000   6.333e-06  a
net788                      1.80    0.039    0.500    0.1000   6.317e-06  a
net932                      1.80    0.053    0.124    0.0718   6.213e-06  p
net830                      1.80    0.042    0.228    0.0917   6.208e-06  p
net146                      1.80    0.041    0.849    0.0936   6.164e-06  p
clknet_4_11_0_clk           1.80    0.037    0.500    0.1000   6.013e-06  a
net56                       1.80    0.018    0.380    0.2065   5.949e-06  p
net724                      1.80    0.037    0.500    0.1000   5.926e-06  a
net735                      1.80    0.037    0.500    0.1000   5.918e-06  a
net711                      1.80    0.036    0.500    0.1000   5.786e-06  a
net15                       1.80    0.050    0.122    0.0711   5.748e-06  p
net562                      1.80    0.004    0.440    0.8521   5.688e-06  p
clknet_4_9_0_clk            1.80    0.035    0.500    0.1000   5.682e-06  a
net847                      1.80    0.039    0.105    0.0884   5.591e-06  p
net708                      1.80    0.034    0.500    0.1000   5.587e-06  a
net178                      1.80    0.034    0.511    0.1023   5.583e-06  p
net22                       1.80    0.048    0.882    0.0718   5.548e-06  p
net761                      1.80    0.034    0.500    0.1000   5.541e-06  a
net896                      1.80    0.072    0.938    0.0476   5.527e-06  p
clknet_4_8_0_clk            1.80    0.034    0.500    0.1000   5.500e-06  a
net47                       1.80    0.019    0.262    0.1747   5.319e-06  p
clknet_1_1__leaf_net824     1.80    0.028    0.663    0.1187   5.301e-06  p
net912                      1.80    0.021    0.535    0.1506   5.020e-06  p
net764                      1.80    0.031    0.500    0.1000   4.995e-06  a
net17                       1.80    0.026    0.549    0.1173   4.969e-06  p
clknet_4_13_0_clk           1.80    0.031    0.500    0.1000   4.967e-06  a
net140                      1.80    0.021    0.803    0.1466   4.927e-06  p
net173                      1.80    0.036    0.795    0.0849   4.899e-06  p
clknet_1_1__leaf_net412     1.80    0.028    0.577    0.1082   4.871e-06  p
net824                      1.80    0.025    0.663    0.1187   4.853e-06  p
net819                      1.80    0.041    0.869    0.0736   4.839e-06  p
net548                      1.80    0.003    0.484    0.9876   4.792e-06  p
net797                      1.80    0.029    0.500    0.1000   4.727e-06  a
clknet_0_net824             1.80    0.025    0.663    0.1187   4.713e-06  p
net179                      1.80    0.028    0.489    0.1023   4.671e-06  p
net812                      1.80    0.024    0.668    0.1196   4.659e-06  p
net766                      1.80    0.029    0.500    0.1000   4.646e-06  a
net358                      1.80    0.020    0.737    0.1449   4.637e-06  p
net560                      1.80    0.015    0.491    0.1953   4.630e-06  p
clknet_4_6_0_clk            1.80    0.028    0.500    0.1000   4.600e-06  a
net768                      1.80    0.028    0.500    0.1000   4.522e-06  a
net742                      1.80    0.028    0.500    0.1000   4.512e-06  a
net720                      1.80    0.028    0.500    0.1000   4.510e-06  a
net6                        1.80    0.017    0.616    0.1673   4.506e-06  p
net804                      1.80    0.044    0.282    0.0634   4.482e-06  p
clknet_1_0__leaf_net824     1.80    0.023    0.663    0.1187   4.455e-06  p
net751                      1.80    0.027    0.500    0.1000   4.441e-06  a
clknet_0_net812             1.80    0.023    0.668    0.1196   4.408e-06  p
net641                      1.80    0.030    0.687    0.0896   4.370e-06  p
clknet_1_0__leaf_net698     1.80    0.029    0.447    0.0929   4.353e-06  p
net45                       1.80    0.011    0.545    0.2424   4.311e-06  p
net130                      1.80    0.029    0.228    0.0917   4.288e-06  p
net43                       1.80    0.018    0.533    0.1486   4.285e-06  p
net211                      1.80    0.023    0.273    0.1121   4.219e-06  p
net160                      1.80    0.054    0.062    0.0482   4.175e-06  p
net38                       1.80    0.023    0.742    0.1113   4.152e-06  p
clknet_1_0__leaf_net317     1.80    0.028    0.390    0.0923   4.134e-06  p
net19                       1.80    0.054    0.064    0.0471   4.128e-06  p
net41                       1.80    0.017    0.535    0.1506   4.115e-06  p
net46                       1.80    0.018    0.192    0.1411   4.066e-06  p
net737                      1.80    0.025    0.500    0.1000   4.034e-06  a
net316                      1.80    0.008    0.575    0.3026   4.010e-06  p
net10                       1.80    0.036    0.120    0.0684   3.971e-06  p
clknet_1_0__leaf_net412     1.80    0.023    0.577    0.1082   3.969e-06  p
net747                      1.80    0.024    0.500    0.1000   3.960e-06  a
net635                      1.80    0.107    0.435    0.0228   3.958e-06  p
net242                      1.80    0.017    0.718    0.1429   3.926e-06  p
net736                      1.80    0.023    0.500    0.1000   3.783e-06  a
clknet_1_0__leaf_net655     1.80    0.032    0.368    0.0727   3.750e-06  p
net872                      1.80    0.020    0.724    0.1143   3.662e-06  p
clknet_1_1__leaf_net841     1.80    0.021    0.340    0.1057   3.616e-06  p
clknet_0_net412             1.80    0.021    0.577    0.1082   3.615e-06  p
net118                      1.80    0.018    0.562    0.1213   3.615e-06  p
net765                      1.80    0.021    0.500    0.1000   3.478e-06  a
clknet_0_net314             1.80    0.019    0.616    0.1101   3.472e-06  p
net897                      1.80    0.030    0.124    0.0718   3.458e-06  p
net92                       1.80    0.032    0.887    0.0673   3.445e-06  p
net137                      1.80    0.080    0.973    0.0267   3.437e-06  p
net279                      1.80    0.003    0.518    0.8168   3.432e-06  p
net914                      1.80    0.028    0.124    0.0755   3.424e-06  p
net363                      1.80    0.011    0.718    0.1978   3.418e-06  p
net935                      1.80    0.029    0.124    0.0718   3.408e-06  p
net759                      1.80    0.021    0.500    0.1000   3.405e-06  a
clknet_0_net75              1.80    0.022    0.758    0.0969   3.401e-06  p
net132                      1.80    0.012    0.458    0.1782   3.384e-06  p
net894                      1.80    0.044    0.938    0.0476   3.382e-06  p
net36                       1.80    0.016    0.508    0.1297   3.374e-06  p
net61                       1.80    0.013    0.746    0.1566   3.368e-06  p
clknet_0_net473             1.80    0.024    0.282    0.0858   3.351e-06  p
clknet_0_net698             1.80    0.022    0.447    0.0929   3.340e-06  p
net727                      1.80    0.020    0.500    0.1000   3.306e-06  a
clknet_1_1__leaf_net655     1.80    0.028    0.368    0.0727   3.304e-06  p
net776                      1.80    0.020    0.500    0.1000   3.294e-06  a
net929                      1.80    0.010    0.718    0.1978   3.287e-06  p
net728                      1.80    0.020    0.500    0.1000   3.240e-06  a
net307                      1.80    0.003    0.428    0.7940   3.236e-06  p
net763                      1.80    0.020    0.500    0.1000   3.235e-06  a
clknet_0_net676             1.80    0.020    0.509    0.0998   3.229e-06  p
clknet_1_0__leaf_net852     1.80    0.025    0.394    0.0794   3.204e-06  p
clknet_0_net398             1.80    0.020    0.481    0.0971   3.203e-06  p
net961                      1.80    0.029    0.120    0.0684   3.159e-06  p
net557                      1.80    0.019    0.500    0.1000   3.156e-06  a
clknet_0_net604             1.80    0.019    0.504    0.1008   3.156e-06  p
clknet_0_net841             1.80    0.018    0.340    0.1057   3.149e-06  p
clknet_0_net862             1.80    0.020    0.817    0.0950   3.144e-06  p
net729                      1.80    0.019    0.500    0.1000   3.136e-06  a
net40                       1.80    0.019    0.804    0.1007   3.127e-06  p
net739                      1.80    0.019    0.500    0.1000   3.093e-06  a
net270                      1.80    0.040    0.938    0.0476   3.058e-06  p
net895                      1.80    0.039    0.938    0.0476   3.034e-06  p
net627                      1.80    0.022    0.626    0.0836   3.029e-06  p
net57                       1.80    0.015    0.852    0.1239   3.004e-06  p
clknet_0_net605             1.80    0.019    0.481    0.0971   2.999e-06  p
net156                      1.80    0.043    0.038    0.0426   2.984e-06  p
net50                       1.80    0.039    0.938    0.0476   2.981e-06  p
net261                      1.80    0.016    0.530    0.1164   2.979e-06  p
net709                      1.80    0.018    0.500    0.1000   2.955e-06  a
net254                      1.80    0.019    0.909    0.0976   2.929e-06  p
net841                      1.80    0.017    0.340    0.1057   2.922e-06  p
clknet_0_net697             1.80    0.020    0.438    0.0885   2.912e-06  p
net382                      1.80    0.003    0.599    0.6036   2.902e-06  p
clknet_1_0__leaf_net604     1.80    0.018    0.504    0.1008   2.881e-06  p
clknet_1_1__leaf_net473     1.80    0.021    0.282    0.0858   2.877e-06  p
net206                      1.80    0.011    0.323    0.1597   2.866e-06  p
net917                      1.80    0.018    0.909    0.0976   2.813e-06  p
net27                       1.80    0.023    0.124    0.0755   2.807e-06  p
net865                      1.80    0.015    0.472    0.1165   2.777e-06  p
clknet_0_net821             1.80    0.018    0.451    0.0936   2.758e-06  p
net856                      1.80    0.072    0.543    0.0238   2.757e-06  p
net184                      1.80    0.019    0.165    0.0873   2.752e-06  p
net722                      1.80    0.017    0.500    0.1000   2.741e-06  a
clknet_1_1__leaf_net317     1.80    0.018    0.390    0.0923   2.739e-06  p
net300                      1.80    0.026    0.759    0.0650   2.712e-06  p
clknet_0_net420             1.80    0.018    0.223    0.0919   2.710e-06  p
clknet_0_net317             1.80    0.018    0.390    0.0923   2.709e-06  p
net848                      1.80    0.073    0.510    0.0227   2.696e-06  p
net898                      1.80    0.023    0.124    0.0718   2.696e-06  p
clknet_0_net289             1.80    0.018    0.352    0.0917   2.689e-06  p
net49                       1.80    0.016    0.239    0.1029   2.671e-06  p
net238                      1.80    0.017    0.495    0.0987   2.639e-06  p
net210                      1.80    0.010    0.321    0.1591   2.628e-06  p
clknet_1_1__leaf_net809     1.80    0.028    0.916    0.0581   2.624e-06  p
net490                      1.80    0.002    0.621    0.7175   2.618e-06  p
net785                      1.80    0.016    0.500    0.1000   2.615e-06  a
net171                      1.80    0.019    0.795    0.0849   2.602e-06  p
clknet_1_0__leaf_net697     1.80    0.018    0.438    0.0885   2.579e-06  p
clknet_0_net852             1.80    0.020    0.394    0.0794   2.575e-06  p
net120                      1.80    0.016    0.219    0.1007   2.574e-06  p
net782                      1.80    0.016    0.500    0.1000   2.566e-06  a
net802                      1.80    0.016    0.500    0.1000   2.562e-06  a
net817                      1.80    0.080    0.660    0.0197   2.549e-06  p
net862                      1.80    0.016    0.817    0.0950   2.538e-06  p
net143                      1.80    0.071    0.990    0.0220   2.537e-06  p
net791                      1.80    0.016    0.500    0.1000   2.525e-06  a
net716                      1.80    0.016    0.500    0.1000   2.519e-06  a
net806                      1.80    0.019    0.668    0.0815   2.515e-06  p
net314                      1.80    0.014    0.616    0.1101   2.493e-06  p
net0                        1.80    0.024    0.903    0.0638   2.472e-06  p
net348                      1.80    0.008    0.702    0.1930   2.440e-06  p
net35                       1.80    0.033    0.946    0.0448   2.427e-06  p
clknet_0_net655             1.80    0.021    0.368    0.0727   2.424e-06  p
clknet_1_1__leaf_net852     1.80    0.019    0.394    0.0794   2.411e-06  p
net821                      1.80    0.016    0.451    0.0936   2.383e-06  p
net743                      1.80    0.014    0.500    0.1000   2.332e-06  a
net805                      1.80    0.057    0.612    0.0251   2.321e-06  p
clknet_1_0__leaf_net841     1.80    0.014    0.340    0.1057   2.319e-06  p
net857                      1.80    0.016    0.859    0.0868   2.309e-06  p
net908                      1.80    0.031    0.061    0.0463   2.303e-06  p
net712                      1.80    0.014    0.500    0.1000   2.252e-06  a
net141                      1.80    0.018    0.868    0.0752   2.225e-06  p
net642                      1.80    0.015    0.312    0.0896   2.215e-06  p
net545                      1.80    0.011    0.507    0.1191   2.177e-06  p
net224                      1.80    0.061    0.511    0.0219   2.172e-06  p
net33                       1.80    0.013    0.236    0.1021   2.171e-06  p
net907                      1.80    0.006    0.421    0.2157   2.147e-06  p
net364                      1.80    0.021    0.717    0.0636   2.144e-06  p
net732                      1.80    0.013    0.500    0.1000   2.144e-06  a
net631                      1.80    0.038    0.049    0.0345   2.124e-06  p
net121                      1.80    0.011    0.562    0.1213   2.122e-06  p
net154                      1.80    0.010    0.510    0.1341   2.115e-06  p
clknet_1_1__leaf_net605     1.80    0.013    0.481    0.0971   2.110e-06  p
clknet_1_0__leaf_net473     1.80    0.015    0.282    0.0858   2.106e-06  p
clknet_1_0__leaf_net605     1.80    0.013    0.481    0.0971   2.095e-06  p
clknet_1_1__leaf_net698     1.80    0.014    0.447    0.0929   2.088e-06  p
net599                      1.80    0.017    0.979    0.0768   2.084e-06  pm
net514                      1.80    0.004    0.685    0.2890   2.081e-06  p
clknet_0_net637             1.80    0.020    0.322    0.0649   2.080e-06  p
net64                       1.80    0.007    0.246    0.1722   2.071e-06  p
net29                       1.80    0.018    0.125    0.0723   2.062e-06  p
net741                      1.80    0.013    0.500    0.1000   2.051e-06  a
net587                      1.80    0.008    0.748    0.1601   2.023e-06  p
net858                      1.80    0.027    0.937    0.0469   2.020e-06  p
net105                      1.80    0.013    0.218    0.0994   2.015e-06  p
net434                      1.80    0.061    0.019    0.0203   2.013e-06  p
net786                      1.80    0.012    0.500    0.1000   2.005e-06  a
net603                      1.80    0.008    0.438    0.1542   2.002e-06  p
net304                      1.80    0.012    0.270    0.1014   2.002e-06  p
net250                      1.80    0.017    0.017    0.0695   1.969e-06  p
net473                      1.80    0.014    0.282    0.0858   1.956e-06  p
net271                      1.80    0.018    0.913    0.0673   1.951e-06  p
clknet_0_net656             1.80    0.022    0.269    0.0547   1.947e-06  p
net361                      1.80    0.013    0.880    0.0884   1.929e-06  p
net144                      1.80    0.012    0.500    0.1000   1.921e-06  a
clknet_1_1__leaf_net604     1.80    0.012    0.504    0.1008   1.916e-06  p
net687                      1.80    0.027    0.875    0.0435   1.910e-06  p
net412                      1.80    0.011    0.577    0.1082   1.882e-06  p
clknet_1_1__leaf_net862     1.80    0.012    0.817    0.0950   1.849e-06  p
net391                      1.80    0.018    0.283    0.0636   1.846e-06  p
net676                      1.80    0.011    0.509    0.0998   1.838e-06  p
net697                      1.80    0.013    0.438    0.0885   1.823e-06  p
net809                      1.80    0.019    0.916    0.0581   1.814e-06  p
net128                      1.80    0.013    0.092    0.0855   1.814e-06  p
net731                      1.80    0.011    0.500    0.1000   1.808e-06  a
net746                      1.80    0.011    0.500    0.1000   1.798e-06  a
clknet_0_net809             1.80    0.019    0.916    0.0581   1.772e-06  p
net842                      1.80    0.008    0.599    0.1378   1.747e-06  p
net317                      1.80    0.012    0.390    0.0923   1.739e-06  p
net861                      1.80    0.010    0.806    0.1117   1.726e-06  p
net413                      1.80    0.004    0.404    0.2854   1.719e-06  p
net888                      1.80    0.118    0.007    0.0090   1.717e-06  p
net427                      1.80    0.019    0.419    0.0559   1.707e-06  p
net698                      1.80    0.011    0.447    0.0929   1.705e-06  p
net177                      1.80    0.011    0.500    0.0997   1.700e-06  p
net800                      1.80    0.010    0.500    0.1000   1.693e-06  a
net113                      1.80    0.015    0.113    0.0711   1.691e-06  p
net595                      1.80    0.005    0.574    0.2108   1.687e-06  p
net142                      1.80    0.014    0.131    0.0748   1.667e-06  p
net136                      1.80    0.012    0.819    0.0836   1.639e-06  p
net779                      1.80    0.010    0.500    0.1000   1.609e-06  a
net505                      1.80    0.004    0.701    0.2260   1.606e-06  p
net755                      1.80    0.010    0.500    0.1000   1.596e-06  a
net717                      1.80    0.010    0.500    0.1000   1.595e-06  a
net571                      1.80    0.026    0.810    0.0382   1.589e-06  p
net219                      1.80    0.012    0.136    0.0802   1.588e-06  p
net398                      1.80    0.010    0.481    0.0971   1.584e-06  p
net783                      1.80    0.010    0.500    0.1000   1.562e-06  a
net828                      1.80    0.011    0.457    0.0911   1.562e-06  p
net923                      1.80    0.012    0.979    0.0768   1.553e-06  p
net655                      1.80    0.013    0.368    0.0727   1.548e-06  p
net62                       1.80    0.012    0.089    0.0829   1.544e-06  p
net31                       1.80    0.020    0.061    0.0463   1.529e-06  p
net95                       1.80    0.007    0.507    0.1445   1.523e-06  p
net148                      1.80    0.022    0.039    0.0433   1.510e-06  p
net346                      1.80    0.051    0.712    0.0182   1.507e-06  p
net605                      1.80    0.010    0.481    0.0971   1.505e-06  p
net646                      1.80    0.083    0.071    0.0112   1.502e-06  p
clknet_0_net191             1.80    0.019    0.816    0.0489   1.498e-06  p
net42                       1.80    0.011    0.128    0.0836   1.497e-06  p
clknet_0_net675             1.80    0.019    0.229    0.0476   1.496e-06  p
net349                      1.80    0.050    0.712    0.0182   1.486e-06  p
net237                      1.80    0.009    0.505    0.0990   1.467e-06  p
clknet_1_0__leaf_net75      1.80    0.009    0.758    0.0969   1.465e-06  p
net778                      1.80    0.009    0.500    0.1000   1.450e-06  a
net798                      1.80    0.009    0.500    0.1000   1.444e-06  a
net604                      1.80    0.009    0.504    0.1008   1.441e-06  p
net714                      1.80    0.009    0.500    0.1000   1.440e-06  a
net4                        1.80    0.008    0.744    0.1051   1.437e-06  p
net674                      1.80    0.040    0.493    0.0219   1.428e-06  p
net420                      1.80    0.010    0.223    0.0919   1.420e-06  p
net75                       1.80    0.009    0.758    0.0969   1.417e-06  p
net789                      1.80    0.009    0.500    0.1000   1.417e-06  a
net28                       1.80    0.116    0.006    0.0075   1.413e-06  p
net239                      1.80    0.008    0.891    0.1087   1.408e-06  p
clknet_1_0__leaf_net676     1.80    0.009    0.509    0.0998   1.405e-06  p
net390                      1.80    0.014    0.717    0.0636   1.405e-06  p
clknet_0_net502             1.80    0.020    0.856    0.0422   1.384e-06  p
net840                      1.80    0.012    0.303    0.0702   1.382e-06  p
net70                       1.80    0.012    0.120    0.0706   1.379e-06  p
net527                      1.80    0.003    0.448    0.2626   1.376e-06  p
net870                      1.80    0.008    0.755    0.1122   1.375e-06  p
net135                      1.80    0.010    0.181    0.0836   1.372e-06  p
net68                       1.80    0.004    0.512    0.2129   1.360e-06  p
net748                      1.80    0.008    0.500    0.1000   1.345e-06  a
net837                      1.80    0.048    0.017    0.0174   1.343e-06  p
net852                      1.80    0.010    0.394    0.0794   1.328e-06  p
net594                      1.80    0.004    0.424    0.2105   1.310e-06  p
net579                      1.80    0.023    0.917    0.0354   1.310e-06  p
clknet_0_net654             1.80    0.020    0.203    0.0402   1.308e-06  p
net11                       1.80    0.018    0.059    0.0445   1.307e-06  p
net321                      1.80    0.005    0.698    0.1519   1.305e-06  p
net289                      1.80    0.009    0.352    0.0917   1.297e-06  p
net162                      1.80    0.009    0.879    0.0923   1.292e-06  p
clknet_1_1__leaf_net855     1.80    0.020    0.777    0.0403   1.290e-06  p
net225                      1.80    0.018    0.068    0.0439   1.285e-06  p
net772                      1.80    0.008    0.500    0.1000   1.257e-06  a
clknet_1_0__leaf_net809     1.80    0.013    0.916    0.0581   1.255e-06  p
net280                      1.80    0.015    0.025    0.0515   1.254e-06  p
net769                      1.80    0.008    0.500    0.1000   1.248e-06  a
net539                      1.80    0.007    0.443    0.1049   1.230e-06  p
clknet_1_0__leaf_net637     1.80    0.012    0.322    0.0649   1.218e-06  p
clknet_1_0__leaf_net862     1.80    0.008    0.817    0.0950   1.215e-06  p
net284                      1.80    0.012    0.253    0.0625   1.214e-06  p
net315                      1.80    0.009    0.805    0.0868   1.212e-06  p
clknet_1_0__leaf_net314     1.80    0.007    0.616    0.1101   1.210e-06  p
net833                      1.80    0.033    0.518    0.0227   1.208e-06  p
net360                      1.80    0.041    0.712    0.0182   1.207e-06  p
net637                      1.80    0.011    0.322    0.0649   1.205e-06  p
clknet_1_1__leaf_net637     1.80    0.011    0.322    0.0649   1.203e-06  p
net793                      1.80    0.007    0.500    0.1000   1.199e-06  a
net20                       1.80    0.007    0.781    0.1077   1.198e-06  p
net347                      1.80    0.041    0.712    0.0182   1.197e-06  p
clknet_0_net855             1.80    0.018    0.777    0.0403   1.191e-06  p
net780                      1.80    0.007    0.500    0.1000   1.166e-06  a
clknet_1_1__leaf_net656     1.80    0.013    0.269    0.0547   1.165e-06  p
net928                      1.80    0.004    0.718    0.1978   1.145e-06  p
net734                      1.80    0.007    0.500    0.1000   1.136e-06  a
net753                      1.80    0.007    0.500    0.1000   1.130e-06  a
net733                      1.80    0.007    0.500    0.1000   1.125e-06  a
clknet_1_0__leaf_net392     1.80    0.036    0.894    0.0192   1.123e-06  p
net152                      1.80    0.004    0.652    0.1702   1.119e-06  p
net636                      1.80    0.032    0.357    0.0215   1.101e-06  p
net556                      1.80    0.010    0.366    0.0647   1.099e-06  p
net794                      1.80    0.007    0.500    0.1000   1.094e-06  a
clknet_1_0__leaf_net398     1.80    0.007    0.481    0.0971   1.091e-06  p
net855                      1.80    0.017    0.777    0.0403   1.087e-06  p
net625                      1.80    0.008    0.203    0.0847   1.087e-06  p
net915                      1.80    0.009    0.124    0.0755   1.086e-06  p
net73                       1.80    0.007    0.817    0.1019   1.086e-06  p
net799                      1.80    0.007    0.500    0.1000   1.080e-06  a
net656                      1.80    0.012    0.269    0.0547   1.076e-06  p
net394                      1.80    0.014    0.186    0.0482   1.072e-06  p
net926                      1.80    0.009    0.124    0.0718   1.063e-06  p
net264                      1.80    0.009    0.982    0.0698   1.059e-06  p
net201                      1.80    0.019    0.961    0.0342   1.049e-06  p
net774                      1.80    0.006    0.500    0.1000   1.043e-06  a
net718                      1.80    0.006    0.500    0.1000   1.041e-06  a
net217                      1.80    0.029    0.511    0.0219   1.041e-06  p
net405                      1.80    0.007    0.481    0.0971   1.036e-06  p
net208                      1.80    0.007    0.168    0.0883   1.034e-06  p
clknet_1_1__leaf_net697     1.80    0.007    0.438    0.0885   1.034e-06  p
net421                      1.80    0.004    0.535    0.1595   1.032e-06  p
net777                      1.80    0.006    0.500    0.1000   1.013e-06  a
clknet_1_1__leaf_net675     1.80    0.013    0.229    0.0476   1.012e-06  p
net195                      1.80    0.010    0.711    0.0639   1.009e-06  p
net371                      1.80    0.018    0.049    0.0345   1.009e-06  p
net266                      1.80    0.009    0.982    0.0698   1.009e-06  p
net575                      1.80    0.039    0.833    0.0161   1.008e-06  p
net620                      1.80    0.009    0.017    0.0695   1.006e-06  p
net654                      1.80    0.015    0.203    0.0402   1.002e-06  p
net166                      1.80    0.012    0.078    0.0525   9.954e-07  p
net863                      1.80    0.009    0.124    0.0718   9.939e-07  p
net430                      1.80    0.009    0.121    0.0710   9.887e-07  p
net240                      1.80    0.045    0.995    0.0136   9.852e-07  p
net158                      1.80    0.013    0.062    0.0477   9.737e-07  p
net586                      1.80    0.006    0.157    0.1019   9.650e-07  p
net832                      1.80    0.036    0.246    0.0165   9.642e-07  p
net153                      1.80    0.005    0.491    0.1286   9.444e-07  p
net167                      1.80    0.004    0.442    0.1533   9.434e-07  p
net874                      1.80    0.012    0.937    0.0469   9.422e-07  p
net925                      1.80    0.008    0.979    0.0768   9.354e-07  p
clknet_1_1__leaf_net654     1.80    0.014    0.203    0.0402   9.335e-07  p
clknet_1_0__leaf_net821     1.80    0.006    0.451    0.0936   9.325e-07  p
net632                      1.80    0.024    0.450    0.0238   9.322e-07  p
net414                      1.80    0.004    0.506    0.1547   9.317e-07  p
net82                       1.80    0.002    0.545    0.2322   9.304e-07  p
net149                      1.80    0.015    0.035    0.0372   9.240e-07  p
net541                      1.80    0.005    0.728    0.1140   9.230e-07  p
net2                        1.80    0.012    0.934    0.0479   9.182e-07  p
net18                       1.80    0.013    0.060    0.0447   9.154e-07  p
net381                      1.80    0.003    0.677    0.1914   9.136e-07  p
net157                      1.80    0.012    0.938    0.0481   9.073e-07  p
net319                      1.80    0.005    0.733    0.1147   9.038e-07  p
clknet_0_net522             1.80    0.019    0.156    0.0299   9.037e-07  p
net8                        1.80    0.006    0.250    0.0981   8.972e-07  p
net829                      1.80    0.040    0.232    0.0139   8.914e-07  p
net190                      1.80    0.006    0.367    0.0870   8.879e-07  pm
net185                      1.80    0.003    0.371    0.1787   8.874e-07  p
net871                      1.80    0.061    0.007    0.0090   8.860e-07  p
net502                      1.80    0.013    0.856    0.0422   8.825e-07  p
net424                      1.80    0.004    0.370    0.1480   8.822e-07  p
net754                      1.80    0.005    0.500    0.1000   8.785e-07  a
net489                      1.80    0.030    0.947    0.0182   8.755e-07  p
net251                      1.80    0.018    0.147    0.0291   8.708e-07  p
net542                      1.80    0.004    0.796    0.1510   8.686e-07  p
net823                      1.80    0.054    0.959    0.0099   8.674e-07  p
net16                       1.80    0.006    0.245    0.0954   8.639e-07  p
net65                       1.80    0.003    0.296    0.1858   8.601e-07  p
net246                      1.80    0.037    0.994    0.0141   8.551e-07  p
net9                        1.80    0.007    0.129    0.0737   8.542e-07  p
net781                      1.80    0.005    0.500    0.1000   8.469e-07  a
net555                      1.80    0.011    0.505    0.0494   8.465e-07  p
net53                       1.80    0.005    0.238    0.1026   8.450e-07  p
net51                       1.80    0.029    0.987    0.0180   8.355e-07  p
clknet_1_0__leaf_net675     1.80    0.011    0.229    0.0476   8.132e-07  p
net757                      1.80    0.005    0.500    0.1000   8.108e-07  a
net760                      1.80    0.005    0.500    0.1000   8.069e-07  a
net12                       1.80    0.033    0.013    0.0150   8.067e-07  p
net365                      1.80    0.004    0.849    0.1378   8.004e-07  p
net891                      1.80    0.081    0.945    0.0061   7.980e-07  p
net292                      1.80    0.004    0.779    0.1213   7.950e-07  p
net651                      1.80    0.033    0.539    0.0146   7.895e-07  p
net30                       1.80    0.010    0.938    0.0470   7.891e-07  p
net305                      1.80    0.004    0.268    0.1102   7.795e-07  p
net710                      1.80    0.005    0.500    0.1000   7.670e-07  a
clknet_1_1__leaf_net676     1.80    0.005    0.509    0.0998   7.624e-07  p
net941                      1.80    0.016    0.147    0.0291   7.580e-07  p
net418                      1.80    0.003    0.520    0.1484   7.533e-07  p
clknet_1_0__leaf_net656     1.80    0.008    0.269    0.0547   7.531e-07  p
net247                      1.80    0.034    0.005    0.0138   7.492e-07  p
net675                      1.80    0.010    0.229    0.0476   7.481e-07  p
net205                      1.80    0.005    0.837    0.1003   7.429e-07  p
net626                      1.80    0.005    0.795    0.0849   7.377e-07  p
net924                      1.80    0.006    0.979    0.0768   7.368e-07  p
net611                      1.80    0.016    0.147    0.0291   7.347e-07  p
net576                      1.80    0.020    0.511    0.0219   7.159e-07  p
clknet_1_1__leaf_net392     1.80    0.023    0.894    0.0192   7.130e-07  p
clknet_1_0__leaf_net855     1.80    0.011    0.777    0.0403   7.118e-07  p
net417                      1.80    0.014    0.642    0.0314   7.104e-07  p
net584                      1.80    0.012    0.474    0.0369   7.054e-07  p
net619                      1.80    0.006    0.982    0.0698   6.957e-07  p
net369                      1.80    0.007    0.857    0.0620   6.801e-07  p
clknet_0_net526             1.80    0.021    0.894    0.0198   6.788e-07  p
net648                      1.80    0.049    0.950    0.0085   6.726e-07  p
net537                      1.80    0.005    0.414    0.0896   6.710e-07  p
net191                      1.80    0.008    0.816    0.0489   6.651e-07  p
net373                      1.80    0.003    0.526    0.1207   6.620e-07  p
net168                      1.80    0.006    0.432    0.0691   6.567e-07  p
net343                      1.80    0.003    0.285    0.1428   6.565e-07  p
net843                      1.80    0.034    0.982    0.0120   6.540e-07  p
net175                      1.80    0.003    0.663    0.1387   6.503e-07  p
net193                      1.80    0.005    0.496    0.0807   6.498e-07  p
net660                      1.80    0.009    0.110    0.0438   6.486e-07  p
net889                      1.80    0.066    0.945    0.0061   6.448e-07  p
net533                      1.80    0.003    0.227    0.1415   6.447e-07  p
net825                      1.80    0.011    0.580    0.0363   6.431e-07  p
net834                      1.80    0.042    0.992    0.0093   6.408e-07  p
net350                      1.80    0.008    0.136    0.0496   6.388e-07  p
net416                      1.80    0.012    0.358    0.0314   6.346e-07  p
net101                      1.80    0.042    0.008    0.0093   6.323e-07  p
net259                      1.80    0.020    0.029    0.0197   6.290e-07  p
net790                      1.80    0.004    0.500    0.1000   6.285e-07  a
net392                      1.80    0.020    0.894    0.0192   6.283e-07  p
clknet_0_net392             1.80    0.020    0.894    0.0192   6.233e-07  p
net652                      1.80    0.022    0.746    0.0169   6.122e-07  p
net79                       1.80    0.005    0.439    0.0803   6.084e-07  p
net194                      1.80    0.006    0.289    0.0639   6.064e-07  p
net215                      1.80    0.004    0.514    0.0982   5.995e-07  p
clknet_1_1__leaf_net821     1.80    0.004    0.451    0.0936   5.979e-07  p
net570                      1.80    0.006    0.640    0.0609   5.953e-07  p
net547                      1.80    0.002    0.320    0.1988   5.934e-07  p
net913                      1.80    0.002    0.535    0.1506   5.908e-07  p
net170                      1.80    0.004    0.748    0.0986   5.866e-07  p
net21                       1.80    0.019    0.016    0.0186   5.820e-07  p
net187                      1.80    0.011    0.079    0.0319   5.812e-07  p
net933                      1.80    0.005    0.124    0.0718   5.781e-07  p
net303                      1.80    0.018    0.659    0.0200   5.769e-07  p
net383                      1.80    0.002    0.661    0.1609   5.705e-07  p
net561                      1.80    0.004    0.629    0.0979   5.688e-07  p
clknet_1_0__leaf_net654     1.80    0.009    0.203    0.0402   5.683e-07  p
clknet_0_net207             1.80    0.020    0.026    0.0176   5.666e-07  p
net456                      1.80    0.003    0.499    0.1089   5.652e-07  p
net650                      1.80    0.024    0.453    0.0148   5.643e-07  p
net174                      1.80    0.006    0.117    0.0615   5.642e-07  p
net916                      1.80    0.005    0.124    0.0755   5.603e-07  p
net1                        1.80    0.015    0.977    0.0232   5.580e-07  p
net628                      1.80    0.033    0.911    0.0104   5.564e-07  p
net554                      1.80    0.003    0.385    0.1217   5.536e-07  p
net522                      1.80    0.011    0.156    0.0299   5.534e-07  p
net309                      1.80    0.004    0.735    0.0880   5.519e-07  p
net419                      1.80    0.002    0.447    0.1405   5.443e-07  p
net415                      1.80    0.003    0.305    0.1297   5.389e-07  p
net189                      1.80    0.003    0.907    0.1036   5.373e-07  p
net253                      1.80    0.015    0.595    0.0224   5.352e-07  p
net922                      1.80    0.004    0.979    0.0768   5.347e-07  p
net867                      1.80    0.037    0.993    0.0087   5.289e-07  p
net59                       1.80    0.013    0.024    0.0245   5.285e-07  p
net85                       1.80    0.005    0.342    0.0628   5.262e-07  p
net26                       1.80    0.003    0.788    0.1023   5.250e-07  p
net66                       1.80    0.002    0.220    0.1536   5.225e-07  p
net508                      1.80    0.006    0.972    0.0549   5.187e-07  p
net653                      1.80    0.018    0.305    0.0181   5.153e-07  p
net32                       1.80    0.019    0.984    0.0164   5.149e-07  p
net569                      1.80    0.003    0.906    0.1047   5.145e-07  p
clknet_1_1__leaf_net420     1.80    0.003    0.223    0.0919   5.127e-07  p
clknet_1_1__leaf_net314     1.80    0.003    0.616    0.1101   5.117e-07  p
net775                      1.80    0.003    0.500    0.1000   5.114e-07  a
net540                      1.80    0.003    0.528    0.1170   5.100e-07  p
net795                      1.80    0.003    0.500    0.1000   5.080e-07  a
net252                      1.80    0.014    0.405    0.0224   5.075e-07  p
net426                      1.80    0.003    0.504    0.1041   5.045e-07  p
net24                       1.80    0.019    0.015    0.0164   4.996e-07  p
net313                      1.80    0.004    0.864    0.0863   4.990e-07  p
clknet_1_1__leaf_net75      1.80    0.003    0.758    0.0969   4.988e-07  p
net610                      1.80    0.015    0.056    0.0205   4.905e-07  p
net601                      1.80    0.003    0.121    0.0927   4.835e-07  p
net334                      1.80    0.004    0.123    0.0730   4.828e-07  p
net245                      1.80    0.018    0.069    0.0165   4.816e-07  p
net892                      1.80    0.082    0.071    0.0036   4.815e-07  p
net528                      1.80    0.003    0.872    0.0890   4.740e-07  p
net299                      1.80    0.005    0.744    0.0625   4.722e-07  p
net536                      1.80    0.003    0.536    0.1092   4.675e-07  p
net510                      1.80    0.017    0.988    0.0171   4.665e-07  p
net957                      1.80    0.003    0.203    0.0847   4.665e-07  p
net55                       1.80    0.009    0.030    0.0335   4.650e-07  p
net429                      1.80    0.003    0.480    0.1021   4.633e-07  p
net664                      1.80    0.013    0.491    0.0217   4.632e-07  p
net409                      1.80    0.002    0.594    0.1234   4.604e-07  p
net487                      1.80    0.004    0.876    0.0721   4.592e-07  p
net566                      1.80    0.002    0.439    0.1248   4.580e-07  p
net311                      1.80    0.002    0.546    0.1170   4.577e-07  p
net909                      1.80    0.006    0.061    0.0463   4.540e-07  p
net432                      1.80    0.014    0.019    0.0204   4.467e-07  p
net422                      1.80    0.002    0.410    0.1298   4.466e-07  p
net596                      1.80    0.003    0.615    0.0894   4.457e-07  p
net103                      1.80    0.029    0.008    0.0095   4.439e-07  p
net526                      1.80    0.014    0.894    0.0198   4.402e-07  p
net882                      1.80    0.114    0.001    0.0024   4.364e-07  p
clknet_1_0__leaf_net526     1.80    0.014    0.894    0.0198   4.363e-07  p
net296                      1.80    0.003    0.233    0.0854   4.332e-07  p
net515                      1.80    0.009    0.878    0.0286   4.256e-07  p
net302                      1.80    0.003    0.513    0.0966   4.227e-07  p
net534                      1.80    0.002    0.690    0.1106   4.227e-07  p
clknet_0_net459             1.80    0.020    0.962    0.0131   4.196e-07  p
net955                      1.80    0.003    0.819    0.0836   4.171e-07  p
net164                      1.80    0.003    0.439    0.0803   4.161e-07  p
net273                      1.80    0.011    0.512    0.0229   4.151e-07  p
net700                      1.80    0.004    0.467    0.0641   4.143e-07  p
clknet_1_1__leaf_net289     1.80    0.003    0.352    0.0917   4.103e-07  p
net659                      1.80    0.006    0.887    0.0441   4.080e-07  p
net597                      1.80    0.003    0.385    0.0894   4.070e-07  p
net165                      1.80    0.004    0.063    0.0601   4.033e-07  p
net129                      1.80    0.004    0.915    0.0644   3.998e-07  p
clknet_1_0__leaf_net420     1.80    0.003    0.223    0.0919   3.987e-07  p
net934                      1.80    0.003    0.124    0.0718   3.968e-07  p
net207                      1.80    0.014    0.026    0.0176   3.926e-07  p
clknet_1_1__leaf_net398     1.80    0.002    0.481    0.0971   3.906e-07  p
net699                      1.80    0.004    0.530    0.0643   3.904e-07  p
clknet_1_0__leaf_net289     1.80    0.003    0.352    0.0917   3.899e-07  p
net634                      1.80    0.042    0.054    0.0057   3.896e-07  p
net500                      1.80    0.006    0.853    0.0418   3.892e-07  p
net645                      1.80    0.011    0.896    0.0214   3.883e-07  p
net410                      1.80    0.005    0.937    0.0463   3.848e-07  p
net244                      1.80    0.033    0.080    0.0071   3.827e-07  p
net544                      1.80    0.002    0.258    0.0995   3.806e-07  p
net516                      1.80    0.008    0.122    0.0286   3.774e-07  p
net893                      1.80    0.064    0.071    0.0036   3.762e-07  p
net613                      1.80    0.013    0.712    0.0182   3.758e-07  p
net310                      1.80    0.003    0.683    0.0740   3.749e-07  p
net52                       1.80    0.018    0.990    0.0127   3.734e-07  p
net278                      1.80    0.011    0.010    0.0200   3.658e-07  p
net76                       1.80    0.007    0.029    0.0319   3.629e-07  p
net186                      1.80    0.007    0.921    0.0319   3.593e-07  p
net873                      1.80    0.031    0.994    0.0071   3.590e-07  p
net703                      1.80    0.004    0.744    0.0625   3.584e-07  p
clknet_1_1__leaf_net526     1.80    0.011    0.894    0.0198   3.579e-07  p
net423                      1.80    0.002    0.613    0.1255   3.500e-07  p
net368                      1.80    0.006    0.049    0.0345   3.494e-07  p
clknet_1_1__leaf_net191     1.80    0.004    0.816    0.0489   3.483e-07  p
net425                      1.80    0.003    0.324    0.0735   3.470e-07  p
net377                      1.80    0.002    0.698    0.1067   3.468e-07  p
net231                      1.80    0.066    0.002    0.0031   3.372e-07  p
net673                      1.80    0.010    0.373    0.0210   3.340e-07  p
net366                      1.80    0.002    0.886    0.0835   3.335e-07  p
net226                      1.80    0.065    0.002    0.0031   3.309e-07  p
clknet_1_1__leaf_net207     1.80    0.012    0.026    0.0176   3.303e-07  p
net937                      1.80    0.009    0.474    0.0229   3.275e-07  p
net633                      1.80    0.032    0.939    0.0063   3.260e-07  p
net588                      1.80    0.003    0.068    0.0732   3.231e-07  p
net598                      1.80    0.021    0.008    0.0093   3.192e-07  p
clknet_1_1__leaf_net522     1.80    0.006    0.156    0.0299   3.132e-07  p
net546                      1.80    0.004    0.075    0.0549   3.131e-07  p
net958                      1.80    0.008    0.474    0.0229   3.126e-07  p
net37                       1.80    0.036    0.996    0.0054   3.094e-07  p
net125                      1.80    0.011    0.986    0.0171   3.080e-07  p
net580                      1.80    0.003    0.847    0.0554   3.059e-07  p
net441                      1.80    0.009    0.019    0.0203   3.055e-07  p
net3                        1.80    0.019    0.992    0.0100   3.024e-07  p
net139                      1.80    0.005    0.991    0.0346   3.020e-07  p
out52                       1.80    0.001    0.599    0.1378   3.016e-07  p
net459                      1.80    0.014    0.962    0.0131   2.993e-07  p
net182                      1.80    0.006    0.649    0.0320   2.989e-07  p
net320                      1.80    0.002    0.793    0.0996   2.961e-07  p
net339                      1.80    0.031    0.995    0.0058   2.959e-07  p
net890                      1.80    0.029    0.945    0.0061   2.886e-07  p
net159                      1.80    0.002    0.228    0.0917   2.876e-07  p
net665                      1.80    0.029    0.945    0.0061   2.858e-07  p
net704                      1.80    0.003    0.253    0.0625   2.857e-07  p
out12                       1.80    0.001    0.714    0.2002   2.804e-07  p
net111                      1.80    0.004    0.938    0.0469   2.787e-07  p
net844                      1.80    0.029    0.989    0.0060   2.785e-07  p
clknet_1_1__leaf_net502     1.80    0.004    0.856    0.0422   2.784e-07  p
net387                      1.80    0.007    0.697    0.0264   2.781e-07  p
out71                       1.80    0.002    0.859    0.0868   2.719e-07  p
net591                      1.80    0.002    0.697    0.0702   2.715e-07  p
net203                      1.80    0.004    0.050    0.0447   2.696e-07  p
out5                        1.80    0.001    0.329    0.1649   2.651e-07  p
net372                      1.80    0.002    0.017    0.0695   2.629e-07  p
out82                       1.80    0.001    0.472    0.1165   2.617e-07  p
net308                      1.80    0.002    0.768    0.0662   2.591e-07  p
net695                      1.80    0.075    0.936    0.0021   2.532e-07  p
net411                      1.80    0.002    0.926    0.0629   2.515e-07  p
net849                      1.80    0.059    0.002    0.0026   2.513e-07  p
net583                      1.80    0.002    0.172    0.0632   2.503e-07  p
net943                      1.80    0.007    0.511    0.0219   2.491e-07  p
clknet_1_1__leaf_net282     1.80    0.025    0.023    0.0062   2.479e-07  p
net169                      1.80    0.003    0.074    0.0486   2.467e-07  p
clknet_0_net504             1.80    0.020    0.989    0.0075   2.458e-07  p
net565                      1.80    0.005    0.930    0.0284   2.421e-07  p
net297                      1.80    0.002    0.303    0.0770   2.374e-07  p
clknet_1_0__leaf_net522     1.80    0.005    0.156    0.0299   2.364e-07  p
net112                      1.80    0.062    0.001    0.0024   2.364e-07  p
net535                      1.80    0.003    0.232    0.0508   2.359e-07  p
net461                      1.80    0.004    0.057    0.0328   2.224e-07  p
clknet_1_1__leaf_net459     1.80    0.010    0.962    0.0131   2.211e-07  p
net960                      1.80    0.025    0.996    0.0054   2.206e-07  p
clknet_1_0__leaf_net207     1.80    0.008    0.026    0.0176   2.198e-07  p
net188                      1.80    0.003    0.761    0.0472   2.189e-07  p
net181                      1.80    0.020    0.995    0.0068   2.167e-07  p
net942                      1.80    0.006    0.450    0.0238   2.127e-07  p
clknet_0_net511             1.80    0.019    0.044    0.0067   2.079e-07  p
net255                      1.80    0.004    0.899    0.0317   2.078e-07  p
net14                       1.80    0.005    0.029    0.0258   2.054e-07  p
clknet_0_net401             1.80    0.022    0.041    0.0058   2.038e-07  p
net58                       1.80    0.031    0.003    0.0040   2.005e-07  p
net116                      1.80    0.052    0.001    0.0024   1.999e-07  p
net531                      1.80    0.003    0.088    0.0375   1.989e-07  p
clknet_0_net282             1.80    0.020    0.023    0.0062   1.988e-07  p
clknet_1_0__leaf_net459     1.80    0.009    0.962    0.0131   1.971e-07  p
net301                      1.80    0.002    0.704    0.0602   1.968e-07  p
net523                      1.80    0.003    0.157    0.0404   1.959e-07  p
net230                      1.80    0.038    0.002    0.0031   1.950e-07  p
net918                      1.80    0.003    0.991    0.0346   1.927e-07  p
out79                       1.80    0.001    0.817    0.0950   1.890e-07  p
clknet_0_net521             1.80    0.021    0.999    0.0055   1.862e-07  p
net312                      1.80    0.002    0.847    0.0554   1.841e-07  p
net815                      1.80    0.026    0.988    0.0043   1.840e-07  p
out50                       1.80    0.002    0.303    0.0702   1.839e-07  p
net484                      1.80    0.019    0.055    0.0061   1.836e-07  p
net403                      1.80    0.003    0.022    0.0382   1.834e-07  p
clknet_1_0__leaf_net521     1.80    0.020    0.999    0.0055   1.818e-07  p
net818                      1.80    0.080    0.999    0.0014   1.793e-07  p
net384                      1.80    0.002    0.936    0.0467   1.791e-07  p
net811                      1.80    0.029    0.013    0.0038   1.780e-07  p
out88                       1.80    0.001    0.623    0.1703   1.775e-07  p
net218                      1.80    0.086    0.999    0.0013   1.762e-07  p
net151                      1.80    0.029    0.985    0.0038   1.754e-07  p
net298                      1.80    0.003    0.234    0.0415   1.747e-07  p
net820                      1.80    0.030    0.071    0.0036   1.742e-07  p
net553                      1.80    0.004    0.880    0.0252   1.738e-07  p
net192                      1.80    0.003    0.751    0.0393   1.729e-07  p
net122                      1.80    0.045    0.001    0.0024   1.714e-07  p
clknet_0_net638             1.80    0.019    0.026    0.0054   1.703e-07  p
out78                       1.80    0.001    0.806    0.1117   1.702e-07  p
net104                      1.80    0.044    0.001    0.0024   1.687e-07  p
net669                      1.80    0.005    0.649    0.0197   1.635e-07  p
clknet_1_0__leaf_net282     1.80    0.016    0.023    0.0062   1.608e-07  p
net483                      1.80    0.016    0.945    0.0061   1.607e-07  p
net578                      1.80    0.003    0.082    0.0350   1.607e-07  p
net249                      1.80    0.017    0.977    0.0060   1.605e-07  p
net864                      1.80    0.005    0.981    0.0181   1.603e-07  p
net248                      1.80    0.016    0.023    0.0060   1.583e-07  p
out63                       1.80    0.001    0.484    0.1017   1.572e-07  p
net277                      1.80    0.003    0.147    0.0291   1.558e-07  p
net374                      1.80    0.018    0.900    0.0052   1.555e-07  p
clknet_1_0__leaf_net191     1.80    0.002    0.816    0.0489   1.529e-07  p
net468                      1.80    0.062    0.001    0.0015   1.505e-07  p
net404                      1.80    0.004    0.015    0.0221   1.503e-07  p
net513                      1.80    0.004    0.967    0.0208   1.498e-07  p
net521                      1.80    0.017    0.999    0.0055   1.490e-07  p
net294                      1.80    0.004    0.541    0.0246   1.482e-07  p
net89                       1.80    0.005    0.086    0.0193   1.449e-07  p
net375                      1.80    0.017    0.100    0.0052   1.421e-07  p
out36                       1.80    0.001    0.228    0.0917   1.413e-07  p
net282                      1.80    0.014    0.023    0.0062   1.362e-07  p
net577                      1.80    0.033    0.965    0.0025   1.338e-07  p
out73                       1.80    0.002    0.937    0.0469   1.337e-07  p
net401                      1.80    0.014    0.041    0.0058   1.320e-07  p
net945                      1.80    0.004    0.659    0.0197   1.317e-07  p
net355                      1.80    0.017    0.007    0.0048   1.312e-07  p
out58                       1.80    0.001    0.105    0.0884   1.308e-07  p
net563                      1.80    0.004    0.019    0.0205   1.301e-07  p
net114                      1.80    0.016    0.004    0.0050   1.263e-07  p
net507                      1.80    0.006    0.007    0.0126   1.260e-07  p
net86                       1.80    0.003    0.550    0.0238   1.257e-07  p
net538                      1.80    0.003    0.950    0.0304   1.255e-07  p
out65                       1.80    0.001    0.394    0.0794   1.239e-07  p
net386                      1.80    0.008    0.064    0.0090   1.233e-07  p
clknet_1_0__leaf_net502     1.80    0.002    0.856    0.0422   1.225e-07  p
net223                      1.80    0.006    0.010    0.0127   1.213e-07  p
clknet_1_1__leaf_net521     1.80    0.014    0.999    0.0055   1.211e-07  p
net471                      1.80    0.024    0.998    0.0031   1.207e-07  p
net25                       1.80    0.021    0.002    0.0036   1.203e-07  p
net147                      1.80    0.020    0.985    0.0038   1.199e-07  p
out3                        1.80    0.001    0.663    0.1187   1.196e-07  p
net954                      1.80    0.003    0.491    0.0217   1.184e-07  p
net831                      1.80    0.006    0.242    0.0115   1.161e-07  p
out11                       1.80    0.001    0.668    0.0815   1.156e-07  p
net504                      1.80    0.009    0.989    0.0075   1.153e-07  p
net585                      1.80    0.004    0.017    0.0174   1.147e-07  p
net617                      1.80    0.006    0.191    0.0109   1.117e-07  p
net671                      1.80    0.016    0.926    0.0043   1.111e-07  p
out90                       1.80    0.001    0.724    0.1143   1.106e-07  p
net602                      1.80    0.013    0.004    0.0051   1.097e-07  p
out8                        1.80    0.001    0.124    0.0718   1.087e-07  p
net511                      1.80    0.010    0.044    0.0067   1.086e-07  p
net826                      1.80    0.041    0.001    0.0016   1.085e-07  p
net272                      1.80    0.002    0.188    0.0380   1.083e-07  pm
net124                      1.80    0.046    0.001    0.0015   1.083e-07  p
out89                       1.80    0.001    0.755    0.1122   1.075e-07  p
clknet_1_0__leaf_net504     1.80    0.009    0.989    0.0075   1.063e-07  p
net827                      1.80    0.006    0.749    0.0113   1.057e-07  p
net498                      1.80    0.006    0.935    0.0114   1.052e-07  p
net835                      1.80    0.019    0.951    0.0034   1.040e-07  p
out51                       1.80    0.001    0.340    0.1057   1.031e-07  p
net911                      1.80    0.012    0.996    0.0054   1.018e-07  p
net559                      1.80    0.004    0.069    0.0164   1.015e-07  p
net69                       1.80    0.011    0.004    0.0057   9.999e-08  p
net529                      1.80    0.003    0.493    0.0240   9.988e-08  p
net672                      1.80    0.003    0.474    0.0229   9.977e-08  p
net367                      1.80    0.002    0.489    0.0261   9.973e-08  p
net685                      1.80    0.030    0.991    0.0020   9.885e-08  p
out1                        1.80    0.001    0.282    0.0638   9.882e-08  p
net499                      1.80    0.005    0.896    0.0134   9.866e-08  p
net939                      1.80    0.006    0.992    0.0093   9.794e-08  p
net881                      1.80    0.123    0.000    0.0005   9.711e-08  p
net668                      1.80    0.003    0.341    0.0191   9.653e-08  p
net465                      1.80    0.020    0.998    0.0030   9.575e-08  p
net854                      1.80    0.018    0.048    0.0034   9.574e-08  p
out17                       1.80    0.000    0.668    0.1196   9.536e-08  p
net684                      1.80    0.040    0.002    0.0015   9.465e-08  p
net615                      1.80    0.015    0.012    0.0040   9.415e-08  p
net883                      1.80    0.101    0.000    0.0006   9.325e-08  p
net362                      1.80    0.012    0.006    0.0048   9.110e-08  p
net115                      1.80    0.023    0.001    0.0024   8.636e-08  p
clknet_1_0__leaf_net401     1.80    0.009    0.041    0.0058   8.632e-08  p
out33                       1.80    0.001    0.457    0.0911   8.614e-08  p
net145                      1.80    0.005    0.996    0.0109   8.466e-08  p
net96                       1.80    0.015    0.049    0.0034   8.437e-08  p
net638                      1.80    0.010    0.026    0.0054   8.423e-08  p
clknet_1_1__leaf_net638     1.80    0.009    0.026    0.0054   8.303e-08  p
net106                      1.80    0.021    0.001    0.0024   8.037e-08  p
out25                       1.80    0.001    0.869    0.0736   8.009e-08  p
clknet_1_0__leaf_net638     1.80    0.009    0.026    0.0054   8.006e-08  p
net233                      1.80    0.074    0.999    0.0007   7.850e-08  p
net608                      1.80    0.014    0.014    0.0035   7.839e-08  p
net433                      1.80    0.023    0.999    0.0020   7.425e-08  p
net325                      1.80    0.040    0.001    0.0011   7.175e-08  p
net470                      1.80    0.015    0.002    0.0030   7.151e-08  p
out27                       1.80    0.000    0.451    0.0936   7.075e-08  p
out70                       1.80    0.002    0.543    0.0238   6.776e-08  p
net408                      1.80    0.007    0.055    0.0061   6.612e-08  p
net263                      1.80    0.003    0.073    0.0156   6.565e-08  p
net952                      1.80    0.006    0.080    0.0071   6.448e-08  p
net810                      1.80    0.026    0.003    0.0015   6.391e-08  p
net212                      1.80    0.016    0.001    0.0024   6.312e-08  p
net623                      1.80    0.014    0.998    0.0027   6.250e-08  p
net647                      1.80    0.006    0.031    0.0067   6.231e-08  p
net276                      1.80    0.003    0.951    0.0124   6.152e-08  p
net530                      1.80    0.002    0.927    0.0173   6.065e-08  p
net220                      1.80    0.016    0.001    0.0024   6.032e-08  p
net197                      1.80    0.008    0.932    0.0044   6.017e-08  p
net274                      1.80    0.003    0.032    0.0117   5.978e-08  p
net670                      1.80    0.008    0.064    0.0045   5.934e-08  p
net506                      1.80    0.004    0.943    0.0077   5.626e-08  p
net256                      1.80    0.003    0.990    0.0123   5.608e-08  p
net693                      1.80    0.010    0.055    0.0035   5.546e-08  p
net126                      1.80    0.069    0.000    0.0005   5.472e-08  p
net493                      1.80    0.006    0.056    0.0061   5.445e-08  p
net119                      1.80    0.006    0.004    0.0059   5.394e-08  p
net457                      1.80    0.003    0.991    0.0109   5.365e-08  p
net532                      1.80    0.002    0.925    0.0157   5.306e-08  p
net100                      1.80    0.002    0.017    0.0174   5.261e-08  p
net232                      1.80    0.049    0.001    0.0007   5.202e-08  p
net54                       1.80    0.018    0.001    0.0018   5.196e-08  p
net622                      1.80    0.010    0.002    0.0031   5.189e-08  p
net78                       1.80    0.018    0.001    0.0018   5.137e-08  p
net518                      1.80    0.003    0.115    0.0097   5.124e-08  p
net23                       1.80    0.002    0.015    0.0168   5.015e-08  p
out98                       1.80    0.001    0.937    0.0469   5.010e-08  p
net609                      1.80    0.003    0.020    0.0087   4.894e-08  p
net213                      1.80    0.018    0.001    0.0017   4.845e-08  p
out14                       1.80    0.000    0.916    0.0581   4.455e-08  p
clknet_1_0__leaf_net511     1.80    0.004    0.044    0.0067   4.346e-08  p
out40                       1.80    0.002    0.246    0.0165   4.322e-08  p
net573                      1.80    0.007    0.991    0.0038   4.244e-08  p
net624                      1.80    0.010    0.002    0.0027   4.189e-08  p
net222                      1.80    0.026    0.000    0.0010   4.112e-08  p
net478                      1.80    0.003    0.975    0.0094   4.035e-08  p
net243                      1.80    0.043    0.997    0.0006   3.993e-08  p
net258                      1.80    0.043    0.003    0.0006   3.985e-08  p
net436                      1.80    0.071    1.000    0.0003   3.767e-08  p
out7                        1.80    0.001    0.777    0.0403   3.674e-08  p
net370                      1.80    0.020    0.000    0.0011   3.640e-08  p
net947                      1.80    0.004    0.977    0.0059   3.612e-08  p
net564                      1.80    0.005    0.003    0.0044   3.579e-08  p
net117                      1.80    0.013    0.001    0.0017   3.568e-08  p
net949                      1.80    0.003    0.031    0.0067   3.520e-08  p
net449                      1.80    0.033    0.990    0.0007   3.454e-08  p
net209                      1.80    0.003    0.012    0.0074   3.409e-08  p
net694                      1.80    0.011    0.950    0.0020   3.406e-08  p
net108                      1.80    0.037    0.000    0.0006   3.377e-08  p
net228                      1.80    0.008    0.998    0.0027   3.370e-08  p
net110                      1.80    0.036    0.000    0.0006   3.364e-08  p
net431                      1.80    0.020    0.001    0.0011   3.348e-08  p
net163                      1.80    0.008    0.001    0.0027   3.288e-08  p
net512                      1.80    0.004    0.991    0.0046   3.270e-08  p
net202                      1.80    0.005    0.997    0.0044   3.174e-08  p
net323                      1.80    0.018    0.001    0.0011   3.131e-08  p
net388                      1.80    0.003    0.042    0.0059   3.105e-08  p
net607                      1.80    0.005    0.985    0.0038   3.084e-08  p
out10                       1.80    0.001    0.612    0.0251   3.011e-08  p
net378                      1.80    0.020    1.000    0.0009   2.992e-08  p
net509                      1.80    0.003    0.946    0.0055   2.989e-08  p
out30                       1.80    0.001    0.580    0.0363   2.972e-08  p
net257                      1.80    0.031    0.997    0.0006   2.884e-08  p
net475                      1.80    0.003    0.005    0.0052   2.854e-08  p
clknet_1_1__leaf_net504     1.80    0.002    0.989    0.0075   2.838e-08  p
net428                      1.80    0.010    0.997    0.0017   2.825e-08  p
clknet_0_net286             1.80    0.020    0.000    0.0009   2.823e-08  p
out6                        1.80    0.001    0.510    0.0227   2.813e-08  p
net938                      1.80    0.006    0.002    0.0027   2.782e-08  p
net519                      1.80    0.002    0.885    0.0097   2.764e-08  p
out80                       1.80    0.001    0.981    0.0181   2.762e-08  p
net574                      1.80    0.005    0.009    0.0035   2.702e-08  p
out47                       1.80    0.001    0.017    0.0174   2.686e-08  p
net814                      1.80    0.101    0.002    0.0002   2.665e-08  p
clknet_1_1__leaf_net511     1.80    0.002    0.044    0.0067   2.648e-08  p
clknet_1_1__leaf_net401     1.80    0.003    0.041    0.0058   2.577e-08  p
net683                      1.80    0.005    0.004    0.0030   2.573e-08  p
net295                      1.80    0.002    0.915    0.0081   2.487e-08  p
net385                      1.80    0.006    0.977    0.0028   2.484e-08  p
net351                      1.80    0.041    0.000    0.0004   2.442e-08  p
net612                      1.80    0.023    0.990    0.0007   2.407e-08  p
net590                      1.80    0.008    0.989    0.0020   2.383e-08  p
net99                       1.80    0.002    0.041    0.0069   2.261e-08  p
net477                      1.80    0.003    0.994    0.0046   2.232e-08  p
net524                      1.80    0.002    0.945    0.0061   2.221e-08  p
net150                      1.80    0.011    0.999    0.0012   2.160e-08  p
net485                      1.80    0.005    0.998    0.0027   2.070e-08  p
net690                      1.80    0.020    0.990    0.0007   2.068e-08  p
net196                      1.80    0.003    0.068    0.0044   2.031e-08  p
net267                      1.80    0.003    0.985    0.0039   2.014e-08  p
net618                      1.80    0.011    0.992    0.0011   1.971e-08  p
out23                       1.80    0.001    0.659    0.0197   1.956e-08  p
net216                      1.80    0.018    0.000    0.0007   1.948e-08  p
out41                       1.80    0.001    0.517    0.0227   1.947e-08  p
net879                      1.80    0.071    0.000    0.0002   1.882e-08  p
net658                      1.80    0.041    0.000    0.0003   1.880e-08  p
clknet_0_net488             1.80    0.020    0.999    0.0006   1.837e-08  p
net356                      1.80    0.009    0.000    0.0013   1.831e-08  p
out35                       1.80    0.001    0.232    0.0139   1.790e-08  p
net496                      1.80    0.002    0.969    0.0045   1.786e-08  p
net161                      1.80    0.003    0.003    0.0037   1.781e-08  p
net682                      1.80    0.003    0.993    0.0033   1.727e-08  p
net326                      1.80    0.029    0.000    0.0004   1.703e-08  p
net551                      1.80    0.004    0.002    0.0027   1.667e-08  p
net476                      1.80    0.003    0.002    0.0030   1.656e-08  p
net345                      1.80    0.062    0.000    0.0002   1.647e-08  p
net657                      1.80    0.017    0.996    0.0006   1.633e-08  p
net393                      1.80    0.041    0.000    0.0002   1.631e-08  p
net109                      1.80    0.018    0.000    0.0006   1.620e-08  p
net268                      1.80    0.035    0.000    0.0003   1.599e-08  p
clknet_1_0__leaf_net286     1.80    0.012    0.000    0.0009   1.594e-08  p
net956                      1.80    0.003    0.002    0.0031   1.586e-08  p
net235                      1.80    0.010    0.001    0.0009   1.567e-08  p
net644                      1.80    0.007    0.002    0.0013   1.556e-08  p
net495                      1.80    0.012    0.992    0.0008   1.531e-08  p
net127                      1.80    0.014    0.000    0.0007   1.527e-08  p
net552                      1.80    0.003    0.998    0.0027   1.515e-08  p
net107                      1.80    0.006    0.001    0.0015   1.477e-08  p
net229                      1.80    0.004    0.001    0.0022   1.436e-08  p
net286                      1.80    0.010    0.000    0.0009   1.410e-08  p
net639                      1.80    0.010    0.995    0.0009   1.338e-08  p
net439                      1.80    0.029    0.000    0.0003   1.334e-08  p
net803                      1.80    0.033    0.000    0.0002   1.323e-08  p
net621                      1.80    0.002    0.997    0.0035   1.312e-08  pm
net679                      1.80    0.025    0.997    0.0003   1.303e-08  p
net93                       1.80    0.002    0.997    0.0037   1.300e-08  p
net221                      1.80    0.008    0.001    0.0011   1.287e-08  p
net332                      1.80    0.049    0.998    0.0002   1.284e-08  p
net643                      1.80    0.005    0.995    0.0017   1.247e-08  p
net497                      1.80    0.003    0.953    0.0024   1.228e-08  p
net447                      1.80    0.020    1.000    0.0004   1.210e-08  p
net437                      1.80    0.090    0.000    0.81e-4  1.187e-08  p
clknet_1_1__leaf_net488     1.80    0.013    0.999    0.0006   1.186e-08  p
out9                        1.80    0.001    0.007    0.0090   1.178e-08  p
clknet_0_net482             1.80    0.022    0.000    0.0003   1.149e-08  p
net406                      1.80    0.009    0.999    0.0008   1.145e-08  p
out38                       1.80    0.001    0.242    0.0115   1.106e-08  p
out29                       1.80    0.001    0.959    0.0099   1.050e-08  p
net488                      1.80    0.011    0.999    0.0006   1.030e-08  p
out53                       1.80    0.001    0.982    0.0120   1.010e-08  p
clknet_0_net677             1.80    0.018    0.001    0.0003   9.688e-09  p
net494                      1.80    0.008    0.008    0.0008   9.633e-09  p
out85                       1.80    0.001    0.993    0.0087   9.610e-09  p
out32                       1.80    0.001    0.749    0.0113   9.559e-09  p
net940                      1.80    0.004    0.002    0.0013   9.486e-09  p
net329                      1.80    0.035    0.998    0.0002   9.240e-09  p
clknet_1_1__leaf_net286     1.80    0.007    0.000    0.0009   9.064e-09  p
clknet_1_0__leaf_net488     1.80    0.010    0.999    0.0006   8.916e-09  p
net491                      1.80    0.009    0.999    0.0006   8.499e-09  p
net376                      1.80    0.018    0.002    0.0003   8.350e-09  p
net589                      1.80    0.009    0.997    0.0006   8.013e-09  p
clknet_0_net396             1.80    0.020    0.999    0.0002   7.840e-09  p
out42                       1.80    0.001    0.992    0.0093   7.736e-09  p
net640                      1.80    0.009    0.001    0.0005   7.343e-09  p
net354                      1.80    0.008    1.000    0.0006   7.166e-09  p
out93                       1.80    0.001    0.994    0.0071   6.780e-09  p
out16                       1.80    0.001    0.013    0.0038   6.753e-09  p
net357                      1.80    0.016    0.000    0.0002   6.342e-09  p
net324                      1.80    0.024    0.002    0.0002   6.333e-09  p
net517                      1.80    0.006    1.000    0.0007   6.325e-09  p
net435                      1.80    0.012    1.000    0.0003   6.078e-09  p
out26                       1.80    0.001    0.071    0.0036   6.014e-09  p
out69                       1.80    0.001    0.048    0.0034   5.943e-09  p
net269                      1.80    0.021    0.000    0.0002   5.654e-09  p
clknet_1_0__leaf_net482     1.80    0.011    0.000    0.0003   5.569e-09  p
net677                      1.80    0.011    0.001    0.0003   5.567e-09  p
net283                      1.80    0.002    0.002    0.0017   5.560e-09  p
net322                      1.80    0.008    0.000    0.0004   5.481e-09  p
net333                      1.80    0.003    0.000    0.0010   5.464e-09  p
net520                      1.80    0.007    0.999    0.0005   5.452e-09  p
net460                      1.80    0.007    1.000    0.0005   5.391e-09  p
out55                       1.80    0.001    0.989    0.0060   5.368e-09  p
out44                       1.80    0.001    0.951    0.0034   5.288e-09  p
net543                      1.80    0.005    1.000    0.0006   5.270e-09  p
net479                      1.80    0.026    0.000    0.0001   5.197e-09  p
net80                       1.80    0.026    0.000    0.0001   5.118e-09  p
net876                      1.80    0.077    1.000    0.41e-4  5.065e-09  p
net464                      1.80    0.005    0.999    0.0006   4.683e-09  p
net616                      1.80    0.009    0.998    0.0003   4.592e-09  p
net482                      1.80    0.009    0.000    0.0003   4.504e-09  p
clknet_1_0__leaf_net677     1.80    0.008    0.001    0.0003   4.354e-09  p
net946                      1.80    0.004    0.997    0.0006   4.130e-09  p
net492                      1.80    0.004    0.999    0.0007   4.123e-09  p
out21                       1.80    0.001    0.988    0.0046   4.039e-09  p
net681                      1.80    0.006    0.997    0.0004   4.011e-09  p
net91                       1.80    0.003    0.001    0.0008   4.002e-09  p
out60                       1.80    0.001    0.002    0.0026   3.976e-09  p
net480                      1.80    0.020    1.000    0.0001   3.962e-09  p
net692                      1.80    0.004    0.991    0.0007   3.817e-09  p
net389                      1.80    0.005    0.998    0.0005   3.680e-09  p
net702                      1.80    0.004    0.998    0.0005   3.364e-09  p
net396                      1.80    0.008    0.999    0.0002   3.300e-09  p
net550                      1.80    0.006    1.000    0.0003   3.232e-09  p
net407                      1.80    0.004    0.000    0.0004   3.165e-09  p
net200                      1.80    0.023    0.000    0.81e-4  3.093e-09  p
net344                      1.80    0.016    0.000    0.0001   3.073e-09  p
net549                      1.80    0.006    1.000    0.0003   2.996e-09  p
net568                      1.80    0.004    0.002    0.0005   2.789e-09  p
net472                      1.80    0.042    0.000    0.41e-4  2.766e-09  p
net661                      1.80    0.003    0.997    0.0005   2.745e-09  p
out15                       1.80    0.001    0.003    0.0015   2.627e-09  p
net353                      1.80    0.006    0.000    0.0002   2.501e-09  p
net454                      1.80    0.003    0.004    0.0006   2.487e-09  p
net71                       1.80    0.008    0.000    0.0002   2.478e-09  p
net706                      1.80    0.006    0.000    0.0002   2.312e-09  p
net198                      1.80    0.017    1.000    0.81e-4  2.253e-09  p
net662                      1.80    0.007    0.000    0.0002   2.189e-09  p
net236                      1.80    0.002    0.997    0.0006   2.120e-09  p
net446                      1.80    0.031    0.000    0.41e-4  2.044e-09  p
net813                      1.80    0.031    0.000    0.41e-4  2.041e-09  p
net592                      1.80    0.007    0.998    0.0002   1.965e-09  p
clknet_1_1__leaf_net677     1.80    0.004    0.001    0.0003   1.941e-09  p
clknet_1_1__leaf_net482     1.80    0.004    0.000    0.0003   1.934e-09  p
net234                      1.80    0.029    1.000    0.41e-4  1.907e-09  p
out31                       1.80    0.001    0.001    0.0016   1.869e-09  p
net593                      1.80    0.007    0.002    0.0002   1.787e-09  p
net558                      1.80    0.003    0.000    0.0004   1.786e-09  p
net83                       1.80    0.004    0.000    0.0002   1.763e-09  p
net227                      1.80    0.026    0.000    0.41e-4  1.705e-09  p
net453                      1.80    0.003    1.000    0.0003   1.545e-09  p
net948                      1.80    0.006    0.998    0.0002   1.508e-09  p
net486                      1.80    0.003    0.000    0.0003   1.495e-09  p
out24                       1.80    0.001    0.999    0.0014   1.353e-09  p
clknet_1_0__leaf_net396     1.80    0.003    0.999    0.0002   1.339e-09  p
net951                      1.80    0.005    0.998    0.0002   1.323e-09  p
net455                      1.80    0.003    0.999    0.0003   1.320e-09  p
clknet_0_net463             1.80    0.020    0.000    0.41e-4  1.288e-09  p
net379                      1.80    0.004    1.000    0.0002   1.288e-09  p
net462                      1.80    0.005    0.000    0.0002   1.264e-09  p
net395                      1.80    0.003    0.000    0.0002   1.235e-09  p
net463                      1.80    0.019    0.000    0.41e-4  1.224e-09  p
net199                      1.80    0.009    1.000    0.81e-4  1.215e-09  p
net680                      1.80    0.004    0.000    0.0002   1.022e-09  p
clknet_1_1__leaf_net396     1.80    0.002    0.999    0.0002   9.792e-10  p
clknet_1_0__leaf_net463     1.80    0.013    0.000    0.41e-4  8.894e-10  p
net337                      1.80    0.003    0.000    0.0002   8.556e-10  p
net701                      1.80    0.002    0.000    0.0002   8.350e-10  p
net474                      1.80    0.002    1.000    0.0002   7.618e-10  p
clknet_1_1__leaf_net463     1.80    0.011    0.000    0.41e-4  7.035e-10  p
out0                        1.80    0.001    0.000    0.0002   4.001e-10  p
out2                        1.80    0.001    0.002    0.0002   2.030e-10  p
net501                      1.80    0.003    0.000    0.41e-4  1.789e-10  p
out19                       1.80    0.001    0.000    0.41e-4  3.915e-11  p
clknet_0_net94              1.80    0.019    0.000    0.0000      0.0000  p
clknet_0_net204             1.80    0.019    1.000    0.0000      0.0000  p
clknet_0_net285             1.80    0.020    0.000    0.0000      0.0000  p
clknet_0_net290             1.80    0.021    0.000    0.0000      0.0000  p
clknet_0_net291             1.80    0.020    0.000    0.0000      0.0000  p
clknet_0_net318             1.80    0.020    1.000    0.0000      0.0000  p
clknet_0_net380             1.80    0.021    1.000    0.0000      0.0000  p
clknet_0_net466             1.80    0.020    0.000    0.0000      0.0000  p
clknet_0_net696             1.80    0.021    0.000    0.0000      0.0000  p
clknet_0_net816             1.80    0.022    1.000    0.0000      0.0000  p
clknet_0_net836             1.80    0.019    0.000    0.0000      0.0000  p
clknet_0_net838             1.80    0.019    0.000    0.0000      0.0000  p
clknet_1_0__leaf_net94      1.80    0.007    0.000    0.0000      0.0000  p
clknet_1_0__leaf_net204     1.80    0.003    1.000    0.0000      0.0000  p
clknet_1_0__leaf_net285     1.80    0.018    0.000    0.0000      0.0000  p
clknet_1_0__leaf_net290     1.80    0.003    0.000    0.0000      0.0000  p
clknet_1_0__leaf_net291     1.80    0.047    0.000    0.0000      0.0000  p
clknet_1_0__leaf_net318     1.80    0.006    1.000    0.0000      0.0000  p
clknet_1_0__leaf_net380     1.80    0.040    1.000    0.0000      0.0000  p
clknet_1_0__leaf_net466     1.80    0.004    0.000    0.0000      0.0000  p
clknet_1_0__leaf_net696     1.80    0.021    0.000    0.0000      0.0000  p
clknet_1_0__leaf_net816     1.80    0.029    1.000    0.0000      0.0000  p
clknet_1_0__leaf_net836     1.80    0.029    0.000    0.0000      0.0000  p
clknet_1_0__leaf_net838     1.80    0.016    0.000    0.0000      0.0000  p
clknet_1_1__leaf_net94      1.80    0.007    0.000    0.0000      0.0000  p
clknet_1_1__leaf_net204     1.80    0.004    1.000    0.0000      0.0000  p
clknet_1_1__leaf_net285     1.80    0.008    0.000    0.0000      0.0000  p
clknet_1_1__leaf_net290     1.80    0.006    0.000    0.0000      0.0000  p
clknet_1_1__leaf_net291     1.80    0.028    0.000    0.0000      0.0000  p
clknet_1_1__leaf_net318     1.80    0.009    1.000    0.0000      0.0000  p
clknet_1_1__leaf_net380     1.80    0.050    1.000    0.0000      0.0000  p
clknet_1_1__leaf_net466     1.80    0.005    0.000    0.0000      0.0000  p
clknet_1_1__leaf_net696     1.80    0.021    0.000    0.0000      0.0000  p
clknet_1_1__leaf_net816     1.80    0.018    1.000    0.0000      0.0000  p
clknet_1_1__leaf_net836     1.80    0.015    0.000    0.0000      0.0000  p
clknet_1_1__leaf_net838     1.80    0.020    0.000    0.0000      0.0000  p
net7                        1.80    0.006    1.000    0.0000      0.0000  p
net34                       1.80    0.041    1.000    0.0000      0.0000  p
net72                       1.80    0.007    1.000    0.0000      0.0000  p
net74                       1.80    0.006    1.000    0.0000      0.0000  p
net77                       1.80    0.008    0.000    0.0000      0.0000  p
net81                       1.80    0.018    0.000    0.0000      0.0000  p
net84                       1.80    0.003    0.000    0.0000      0.0000  p
net87                       1.80    0.045    0.000    0.0000      0.0000  p
net88                       1.80    0.006    0.000    0.0000      0.0000  p
net90                       1.80    0.010    1.000    0.0000      0.0000  p
net94                       1.80    0.012    0.000    0.0000      0.0000  p
net97                       1.80    0.023    0.000    0.0000      0.0000  p
net98                       1.80    0.004    0.000    0.0000      0.0000  p
net131                      1.80    0.015    1.000    0.0000      0.0000  p
net133                      1.80    0.023    1.000    0.0000      0.0000  p
net134                      1.80    0.016    1.000    0.0000      0.0000  p
net138                      1.80    0.003    1.000    0.0000      0.0000  p
net155                      1.80    0.033    1.000    0.0000      0.0000  p
net172                      1.80    0.003    1.000    0.0000      0.0000  p
net176                      1.80    0.005    1.000    0.0000      0.0000  p
net180                      1.80    0.018    1.000    0.0000      0.0000  p
net204                      1.80    0.009    1.000    0.0000      0.0000  p
net265                      1.80    0.031    0.000    0.0000      0.0000  p
net281                      1.80    0.005    0.000    0.0000      0.0000  p
net285                      1.80    0.013    0.000    0.0000      0.0000  p
net287                      1.80    0.003    0.000    0.0000      0.0000  p
net288                      1.80    0.018    0.000    0.0000      0.0000  p
net290                      1.80    0.010    0.000    0.0000      0.0000  p
net291                      1.80    0.016    0.000    0.0000      0.0000  p
net293                      1.80    0.002    0.000    0.0000      0.0000  p
net306                      1.80    0.002    1.000    0.0000      0.0000  p
net318                      1.80    0.008    1.000    0.0000      0.0000  p
net327                      1.80    0.025    0.000    0.0000      0.0000  p
net328                      1.80    0.016    1.000    0.0000      0.0000  p
net330                      1.80    0.020    0.000    0.0000      0.0000  p
net331                      1.80    0.016    0.000    0.0000      0.0000  p
net335                      1.80    0.036    0.000    0.0000      0.0000  p
net336                      1.80    0.035    0.000    0.0000      0.0000  p
net338                      1.80    0.045    0.000    0.0000      0.0000  p
net340                      1.80    0.012    0.000    0.0000      0.0000  p
net341                      1.80    0.033    1.000    0.0000      0.0000  p
net342                      1.80    0.023    1.000    0.0000      0.0000  p
net352                      1.80    0.010    0.000    0.0000      0.0000  p
net359                      1.80    0.006    1.000    0.0000      0.0000  p
net380                      1.80    0.015    1.000    0.0000      0.0000  p
net397                      1.80    0.002    0.000    0.0000      0.0000  p
net399                      1.80    0.004    0.000    0.0000      0.0000  p
net400                      1.80    0.002    1.000    0.0000      0.0000  p
net402                      1.80    0.008    1.000    0.0000      0.0000  p
net438                      1.80    0.034    0.000    0.0000      0.0000  p
net440                      1.80    0.071    0.000    0.0000      0.0000  p
net442                      1.80    0.011    0.000    0.0000      0.0000  p
net443                      1.80    0.013    1.000    0.0000      0.0000  p
net444                      1.80    0.008    0.000    0.0000      0.0000  p
net445                      1.80    0.013    1.000    0.0000      0.0000  p
net448                      1.80    0.010    1.000    0.0000      0.0000  p
net450                      1.80    0.009    0.000    0.0000      0.0000  p
net451                      1.80    0.005    1.000    0.0000      0.0000  p
net452                      1.80    0.010    1.000    0.0000      0.0000  p
net458                      1.80    0.007    1.000    0.0000      0.0000  p
net466                      1.80    0.009    0.000    0.0000      0.0000  p
net467                      1.80    0.002    0.000    0.0000      0.0000  p
net469                      1.80    0.006    1.000    0.0000      0.0000  p
net481                      1.80    0.004    1.000    0.0000      0.0000  p
net503                      1.80    0.003    1.000    0.0000      0.0000  p
net581                      1.80    0.005    0.000    0.0000      0.0000  p
net582                      1.80    0.006    1.000    0.0000      0.0000  p
net606                      1.80    0.021    1.000    0.0000      0.0000  p
net614                      1.80    0.003    0.000    0.0000      0.0000  p
net629                      1.80    0.044    0.000    0.0000      0.0000  p
net678                      1.80    0.016    0.000    0.0000      0.0000  p
net686                      1.80    0.010    0.000    0.0000      0.0000  p
net689                      1.80    0.010    0.000    0.0000      0.0000  p
net691                      1.80    0.006    0.000    0.0000      0.0000  p
net696                      1.80    0.014    0.000    0.0000      0.0000  p
net808                      1.80    0.101    1.000    0.0000      0.0000  p
net816                      1.80    0.016    1.000    0.0000      0.0000  p
net822                      1.80    0.027    1.000    0.0000      0.0000  p
net836                      1.80    0.014    0.000    0.0000      0.0000  p
net838                      1.80    0.017    0.000    0.0000      0.0000  p
net845                      1.80    0.029    1.000    0.0000      0.0000  p
net846                      1.80    0.047    0.000    0.0000      0.0000  p
net851                      1.80    0.063    0.000    0.0000      0.0000  p
net853                      1.80    0.022    0.000    0.0000      0.0000  p
net859                      1.80    0.025    0.000    0.0000      0.0000  p
net860                      1.80    0.040    1.000    0.0000      0.0000  p
net866                      1.80    0.042    0.000    0.0000      0.0000  p
net868                      1.80    0.086    0.000    0.0000      0.0000  p
net875                      1.80    0.017    1.000    0.0000      0.0000  p
net877                      1.80    0.085    1.000    0.0000      0.0000  p
net878                      1.80    0.051    1.000    0.0000      0.0000  p
net880                      1.80    0.067    1.000    0.0000      0.0000  p
net887                      1.80    0.101    0.000    0.0000      0.0000  p
net904                      1.80    0.048    1.000    0.0000      0.0000  p
net905                      1.80    0.008    1.000    0.0000      0.0000  p
net906                      1.80    0.010    1.000    0.0000      0.0000  p
net910                      1.80    0.036    1.000    0.0000      0.0000  p
net920                      1.80    0.002    1.000    0.0000      0.0000  p
net921                      1.80    0.003    1.000    0.0000      0.0000  p
net930                      1.80    0.015    1.000    0.0000      0.0000  p
net931                      1.80    0.012    1.000    0.0000      0.0000  p
net944                      1.80    0.008    0.000    0.0000      0.0000  p
net950                      1.80    0.011    0.000    0.0000      0.0000  p
net953                      1.80    0.005    0.000    0.0000      0.0000  p
out13                       1.80    0.001    1.000    0.0000      0.0000  p
out22                       1.80    0.000    1.000    0.0000      0.0000  p
out28                       1.80    0.001    1.000    0.0000      0.0000  p
out45                       1.80    0.001    0.000    0.0000      0.0000  p
out48                       1.80    0.002    0.000    0.0000      0.0000  p
out56                       1.80    0.001    1.000    0.0000      0.0000  p
out57                       1.80    0.001    0.000    0.0000      0.0000  p
out64                       1.80    0.002    0.000    0.0000      0.0000  p
out68                       1.80    0.001    0.000    0.0000      0.0000  p
out75                       1.80    0.001    0.000    0.0000      0.0000  p
out76                       1.80    0.001    1.000    0.0000      0.0000  p
out84                       1.80    0.001    0.000    0.0000      0.0000  p
out87                       1.80    0.001    0.000    0.0000      0.0000  p
out99                       1.80    0.001    1.000    0.0000      0.0000  p
--------------------------------------------------------------------------------
Total (1221 nets)                                              2.146e-03 Watt



                                      Int      Switch   Leak      Total
Hierarchy                             Power    Power    Power     Power    %
--------------------------------------------------------------------------------
netlist_1                             2.48e-03 2.15e-03 8.38e-09  4.63e-03 100.0
1
