****************************************
Report : Averaged Power
	-net_power
	-hierarchy
	-sort_by net_switching_power
	-power_greater_than       0
	-nosplit
Design : netlist_1
Version: Q-2019.12-SP1
Date   : Wed Aug 21 15:10:02 2024
****************************************



  Attributes
  ----------
      a  -  Switching activity information / Switching power information annotated on net
      p  -  Propagated switching activity information on net
      d  -  Default switching activity used on net
      u  -  Net switching activity uninitialized
      m  -  Net is driven by multiple pins
      b  -  Net is a primary input (boundary net)

		Toggle rates reported with respect to time unit 1ns
--------------------------------------------------------------------------------
                                  Total      Static   Toggle   Switching
Net                         Vdd   Net Load   Prob.    Rate     Power      Attrs
--------------------------------------------------------------------------------
clknet_2_1__leaf_clk        1.80    0.099    0.500    0.1000   1.602e-05  a
clknet_2_0__leaf_clk        1.80    0.090    0.500    0.1000   1.461e-05  a
clknet_2_3__leaf_clk        1.80    0.089    0.500    0.1000   1.445e-05  a
clknet_0_clk                1.80    0.077    0.500    0.1000   1.248e-05  a
clknet_2_2__leaf_clk        1.80    0.070    0.500    0.1000   1.128e-05  a
clknet_leaf_26_clk          1.80    0.047    0.500    0.1000   7.614e-06  a
clknet_leaf_11_clk          1.80    0.042    0.500    0.1000   6.789e-06  a
clknet_leaf_16_clk          1.80    0.041    0.500    0.1000   6.633e-06  a
clknet_leaf_1_clk           1.80    0.041    0.500    0.1000   6.584e-06  a
clknet_leaf_28_clk          1.80    0.040    0.500    0.1000   6.483e-06  a
clknet_leaf_12_clk          1.80    0.038    0.500    0.1000   6.142e-06  a
clknet_leaf_19_clk          1.80    0.037    0.500    0.1000   6.026e-06  a
clknet_leaf_14_clk          1.80    0.036    0.500    0.1000   5.906e-06  a
net237                      1.80    0.036    0.500    0.1000   5.765e-06  a
clknet_leaf_24_clk          1.80    0.034    0.500    0.1000   5.530e-06  a
clknet_leaf_2_clk           1.80    0.034    0.500    0.1000   5.518e-06  a
clknet_leaf_7_clk           1.80    0.034    0.500    0.1000   5.482e-06  a
net217                      1.80    0.036    0.220    0.0914   5.398e-06  p
clknet_leaf_9_clk           1.80    0.033    0.500    0.1000   5.266e-06  a
net245                      1.80    0.032    0.503    0.0995   5.184e-06  p
clknet_leaf_17_clk          1.80    0.032    0.500    0.1000   5.136e-06  a
clknet_leaf_29_clk          1.80    0.031    0.500    0.1000   5.069e-06  a
clknet_leaf_10_clk          1.80    0.030    0.500    0.1000   4.885e-06  a
clknet_leaf_31_clk          1.80    0.030    0.500    0.1000   4.877e-06  a
clknet_leaf_25_clk          1.80    0.030    0.500    0.1000   4.801e-06  a
net76                       1.80    0.031    0.252    0.0950   4.796e-06  p
clknet_leaf_6_clk           1.80    0.030    0.500    0.1000   4.794e-06  a
clknet_leaf_8_clk           1.80    0.029    0.500    0.1000   4.742e-06  a
clknet_leaf_13_clk          1.80    0.028    0.500    0.1000   4.589e-06  a
net825                      1.80    0.027    0.499    0.0994   4.413e-06  p
clknet_leaf_5_clk           1.80    0.027    0.500    0.1000   4.397e-06  a
net103                      1.80    0.027    0.247    0.0981   4.338e-06  p
clknet_leaf_3_clk           1.80    0.026    0.500    0.1000   4.182e-06  a
net826                      1.80    0.026    0.499    0.0994   4.175e-06  p
clknet_leaf_20_clk          1.80    0.025    0.500    0.1000   4.126e-06  a
clknet_leaf_15_clk          1.80    0.025    0.500    0.1000   4.099e-06  a
clknet_leaf_0_clk           1.80    0.023    0.500    0.1000   3.806e-06  a
clknet_leaf_27_clk          1.80    0.023    0.500    0.1000   3.776e-06  a
clknet_leaf_21_clk          1.80    0.023    0.500    0.1000   3.655e-06  a
net804                      1.80    0.022    0.490    0.0973   3.531e-06  p
clknet_leaf_18_clk          1.80    0.021    0.500    0.1000   3.425e-06  a
net4                        1.80    0.027    0.126    0.0719   3.168e-06  p
net246                      1.80    0.020    0.497    0.0995   3.152e-06  p
clknet_leaf_22_clk          1.80    0.019    0.500    0.1000   3.073e-06  a
net77                       1.80    0.020    0.251    0.0945   3.053e-06  p
clknet_0_net805             1.80    0.019    0.514    0.0991   3.019e-06  p
clknet_leaf_4_clk           1.80    0.019    0.500    0.1000   3.009e-06  a
clknet_0_net707             1.80    0.019    0.499    0.0986   3.008e-06  p
clknet_0_net292             1.80    0.018    0.495    0.1005   2.979e-06  p
net220                      1.80    0.030    0.141    0.0590   2.850e-06  p
clknet_leaf_23_clk          1.80    0.017    0.500    0.1000   2.795e-06  a
net124                      1.80    0.019    0.122    0.0882   2.762e-06  p
net2                        1.80    0.020    0.131    0.0719   2.292e-06  p
net130                      1.80    0.016    0.146    0.0847   2.232e-06  p
clknet_1_0__leaf_net805     1.80    0.014    0.514    0.0991   2.228e-06  p
net805                      1.80    0.014    0.514    0.0991   2.203e-06  p
clknet_leaf_30_clk          1.80    0.013    0.500    0.1000   2.128e-06  a
net778                      1.80    0.013    0.500    0.1000   2.123e-06  a
net249                      1.80    0.021    0.214    0.0610   2.109e-06  p
net740                      1.80    0.013    0.500    0.1000   2.079e-06  a
net216                      1.80    0.012    0.449    0.1021   2.044e-06  p
net770                      1.80    0.013    0.500    0.1000   2.038e-06  a
clknet_0_net819             1.80    0.019    0.307    0.0620   1.950e-06  p
clknet_leaf_32_clk          1.80    0.012    0.500    0.1000   1.932e-06  a
net79                       1.80    0.019    0.905    0.0626   1.905e-06  p
net755                      1.80    0.012    0.500    0.1000   1.880e-06  a
net751                      1.80    0.011    0.500    0.1000   1.855e-06  a
net123                      1.80    0.008    0.247    0.1380   1.817e-06  p
net754                      1.80    0.011    0.500    0.1000   1.750e-06  a
net789                      1.80    0.010    0.500    0.1000   1.678e-06  a
net787                      1.80    0.010    0.500    0.1000   1.658e-06  a
net292                      1.80    0.010    0.495    0.1005   1.650e-06  p
net107                      1.80    0.007    0.616    0.1308   1.577e-06  p
clknet_0_net493             1.80    0.019    0.249    0.0503   1.541e-06  p
clknet_1_1__leaf_net805     1.80    0.009    0.514    0.0991   1.430e-06  p
net95                       1.80    0.010    0.332    0.0828   1.405e-06  p
net616                      1.80    0.009    0.502    0.1012   1.401e-06  p
net197                      1.80    0.009    0.490    0.0973   1.395e-06  p
net707                      1.80    0.009    0.499    0.0986   1.375e-06  p
net89                       1.80    0.006    0.443    0.1391   1.371e-06  p
net761                      1.80    0.008    0.500    0.1000   1.321e-06  a
net169                      1.80    0.008    0.499    0.0986   1.279e-06  p
net102                      1.80    0.016    0.063    0.0470   1.253e-06  p
net99                       1.80    0.011    0.122    0.0722   1.248e-06  p
net819                      1.80    0.012    0.307    0.0620   1.246e-06  p
net724                      1.80    0.008    0.514    0.0991   1.240e-06  p
net3                        1.80    0.008    0.255    0.0965   1.239e-06  p
net122                      1.80    0.005    0.335    0.1369   1.179e-06  p
net785                      1.80    0.007    0.500    0.1000   1.174e-06  a
net786                      1.80    0.007    0.500    0.1000   1.144e-06  a
net125                      1.80    0.008    0.119    0.0906   1.130e-06  p
clknet_1_1__leaf_net493     1.80    0.014    0.249    0.0503   1.126e-06  p
net742                      1.80    0.007    0.500    0.1000   1.062e-06  a
net794                      1.80    0.006    0.500    0.1000   1.053e-06  a
net679                      1.80    0.006    0.500    0.1000   1.052e-06  a
clknet_1_0__leaf_net493     1.80    0.011    0.249    0.0503   9.007e-07  p
clknet_1_0__leaf_net292     1.80    0.005    0.495    0.1005   8.947e-07  p
net759                      1.80    0.005    0.500    0.1000   8.907e-07  a
net793                      1.80    0.005    0.500    0.1000   8.829e-07  a
net752                      1.80    0.005    0.500    0.1000   8.810e-07  a
net78                       1.80    0.008    0.124    0.0683   8.754e-07  p
net493                      1.80    0.011    0.249    0.0503   8.589e-07  p
net855                      1.80    0.004    0.443    0.1391   8.293e-07  p
net439                      1.80    0.023    0.514    0.0227   8.262e-07  pm
net898                      1.80    0.009    0.141    0.0590   8.170e-07  p
clknet_1_0__leaf_net819     1.80    0.008    0.307    0.0620   8.140e-07  p
net766                      1.80    0.005    0.500    0.1000   7.938e-07  a
net1                        1.80    0.010    0.064    0.0477   7.810e-07  p
net624                      1.80    0.005    0.498    0.1012   7.795e-07  p
net939                      1.80    0.005    0.503    0.1017   7.789e-07  p
net748                      1.80    0.005    0.500    0.1000   7.787e-07  a
net739                      1.80    0.005    0.500    0.1000   7.784e-07  a
net775                      1.80    0.005    0.500    0.1000   7.618e-07  a
net734                      1.80    0.007    0.499    0.0650   7.572e-07  p
net628                      1.80    0.007    0.296    0.0693   7.474e-07  p
net299                      1.80    0.005    0.489    0.0992   7.416e-07  p
net215                      1.80    0.015    0.899    0.0296   7.341e-07  p
net86                       1.80    0.005    0.242    0.0929   7.065e-07  p
net630                      1.80    0.010    0.200    0.0418   7.034e-07  p
net790                      1.80    0.004    0.500    0.1000   6.974e-07  a
net101                      1.80    0.006    0.124    0.0704   6.919e-07  p
net765                      1.80    0.004    0.500    0.1000   6.666e-07  a
net105                      1.80    0.021    0.981    0.0198   6.612e-07  p
net795                      1.80    0.004    0.500    0.1000   6.572e-07  a
net788                      1.80    0.004    0.500    0.1000   6.368e-07  a
net797                      1.80    0.004    0.500    0.1000   6.357e-07  a
net100                      1.80    0.007    0.091    0.0562   6.327e-07  p
net792                      1.80    0.004    0.500    0.1000   6.180e-07  a
net0                        1.80    0.002    0.497    0.1852   6.175e-07  p
net914                      1.80    0.004    0.494    0.0982   6.159e-07  p
clknet_1_1__leaf_net707     1.80    0.004    0.499    0.0986   6.046e-07  p
net639                      1.80    0.012    0.706    0.0302   5.994e-07  p
net96                       1.80    0.012    0.899    0.0296   5.980e-07  p
net784                      1.80    0.004    0.500    0.1000   5.948e-07  a
net771                      1.80    0.004    0.500    0.1000   5.926e-07  a
net783                      1.80    0.004    0.500    0.1000   5.828e-07  a
net625                      1.80    0.004    0.498    0.1015   5.823e-07  p
net98                       1.80    0.004    0.767    0.0885   5.672e-07  p
net763                      1.80    0.003    0.500    0.1000   5.508e-07  a
net22                       1.80    0.003    0.502    0.1004   5.382e-07  p
net604                      1.80    0.015    0.502    0.0217   5.357e-07  pm
net745                      1.80    0.003    0.500    0.1000   5.310e-07  a
clknet_1_1__leaf_net819     1.80    0.005    0.307    0.0620   5.301e-07  p
net750                      1.80    0.003    0.500    0.1000   5.301e-07  a
clknet_1_1__leaf_net292     1.80    0.003    0.495    0.1005   5.273e-07  p
net767                      1.80    0.003    0.500    0.1000   5.225e-07  a
net13                       1.80    0.003    0.495    0.1001   5.224e-07  p
net758                      1.80    0.003    0.500    0.1000   5.189e-07  a
clknet_1_0__leaf_net707     1.80    0.003    0.499    0.0986   5.152e-07  p
net232                      1.80    0.003    0.389    0.1246   5.117e-07  p
net711                      1.80    0.005    0.493    0.0645   5.106e-07  p
net115                      1.80    0.003    0.511    0.1023   5.099e-07  p
net629                      1.80    0.010    0.294    0.0302   5.076e-07  p
net773                      1.80    0.003    0.500    0.1000   5.048e-07  a
net131                      1.80    0.013    0.423    0.0242   4.939e-07  p
net762                      1.80    0.003    0.500    0.1000   4.765e-07  a
net82                       1.80    0.010    0.033    0.0290   4.679e-07  p
net769                      1.80    0.003    0.500    0.1000   4.665e-07  a
net756                      1.80    0.003    0.500    0.1000   4.635e-07  a
net796                      1.80    0.003    0.500    0.1000   4.572e-07  a
net779                      1.80    0.003    0.500    0.1000   4.504e-07  a
net168                      1.80    0.003    0.499    0.0986   4.486e-07  p
net780                      1.80    0.003    0.500    0.1000   4.486e-07  a
net764                      1.80    0.003    0.500    0.1000   4.401e-07  a
net777                      1.80    0.003    0.500    0.1000   4.395e-07  a
net776                      1.80    0.003    0.500    0.1000   4.388e-07  a
net93                       1.80    0.012    0.142    0.0226   4.342e-07  p
net214                      1.80    0.003    0.668    0.0784   4.314e-07  p
net17                       1.80    0.004    0.132    0.0733   4.288e-07  p
net768                      1.80    0.003    0.500    0.1000   4.151e-07  a
net791                      1.80    0.003    0.500    0.1000   4.141e-07  a
net840                      1.80    0.011    0.565    0.0228   4.115e-07  p
net204                      1.80    0.003    0.490    0.0973   4.054e-07  p
net14                       1.80    0.002    0.505    0.1000   4.016e-07  p
net743                      1.80    0.002    0.500    0.1000   3.989e-07  a
net757                      1.80    0.002    0.500    0.1000   3.946e-07  a
net109                      1.80    0.003    0.123    0.0704   3.792e-07  p
net782                      1.80    0.002    0.500    0.1000   3.766e-07  a
net744                      1.80    0.002    0.500    0.1000   3.749e-07  a
net760                      1.80    0.002    0.500    0.1000   3.739e-07  a
net753                      1.80    0.002    0.500    0.1000   3.733e-07  a
net706                      1.80    0.002    0.499    0.0987   3.710e-07  p
net774                      1.80    0.002    0.500    0.1000   3.709e-07  a
net781                      1.80    0.002    0.500    0.1000   3.680e-07  a
net772                      1.80    0.002    0.500    0.1000   3.672e-07  a
net208                      1.80    0.010    0.507    0.0231   3.656e-07  p
net738                      1.80    0.002    0.500    0.1000   3.649e-07  a
net905                      1.80    0.002    0.500    0.1000   3.645e-07  a
net11                       1.80    0.003    0.127    0.0841   3.472e-07  p
net746                      1.80    0.002    0.500    0.1000   3.434e-07  a
net225                      1.80    0.009    0.186    0.0231   3.397e-07  p
net195                      1.80    0.011    0.257    0.0180   3.315e-07  pm
net627                      1.80    0.007    0.696    0.0309   3.298e-07  p
net710                      1.80    0.003    0.503    0.0648   3.236e-07  p
net747                      1.80    0.002    0.500    0.1000   3.193e-07  a
net741                      1.80    0.002    0.500    0.1000   3.192e-07  a
net749                      1.80    0.002    0.500    0.1000   3.107e-07  a
net94                       1.80    0.002    0.773    0.0861   3.100e-07  p
net80                       1.80    0.003    0.125    0.0697   3.049e-07  p
net952                      1.80    0.003    0.161    0.0585   2.887e-07  p
net91                       1.80    0.004    0.550    0.0496   2.868e-07  p
net714                      1.80    0.002    0.392    0.0744   2.866e-07  p
net85                       1.80    0.008    0.052    0.0233   2.856e-07  p
net218                      1.80    0.008    0.549    0.0225   2.819e-07  pm
net512                      1.80    0.003    0.751    0.0503   2.776e-07  p
net129                      1.80    0.007    0.561    0.0244   2.771e-07  p
net81                       1.80    0.011    0.210    0.0149   2.769e-07  p
net229                      1.80    0.011    0.962    0.0155   2.766e-07  p
net314                      1.80    0.002    0.496    0.1008   2.748e-07  p
net221                      1.80    0.003    0.161    0.0585   2.601e-07  p
net829                      1.80    0.002    0.505    0.1000   2.599e-07  p
net581                      1.80    0.004    0.181    0.0387   2.595e-07  p
net675                      1.80    0.005    0.899    0.0296   2.499e-07  p
net222                      1.80    0.003    0.073    0.0428   2.403e-07  p
net812                      1.80    0.003    0.645    0.0544   2.359e-07  p
net223                      1.80    0.010    0.199    0.0149   2.347e-07  p
net112                      1.80    0.021    0.011    0.0060   2.049e-07  p
net127                      1.80    0.005    0.427    0.0228   1.934e-07  p
net5                        1.80    0.002    0.065    0.0480   1.926e-07  p
net224                      1.80    0.003    0.921    0.0467   1.897e-07  p
net227                      1.80    0.007    0.821    0.0166   1.844e-07  p
net226                      1.80    0.007    0.179    0.0166   1.797e-07  p
net676                      1.80    0.003    0.181    0.0387   1.768e-07  p
net92                       1.80    0.002    0.445    0.0495   1.767e-07  p
net248                      1.80    0.006    0.240    0.0167   1.718e-07  p
net841                      1.80    0.004    0.561    0.0244   1.670e-07  p
net685                      1.80    0.003    0.696    0.0309   1.668e-07  p
net492                      1.80    0.005    0.500    0.0220   1.657e-07  p
net684                      1.80    0.003    0.294    0.0302   1.550e-07  p
out23                       1.80    0.001    0.490    0.0973   1.388e-07  p
net104                      1.80    0.005    0.015    0.0162   1.385e-07  p
net88                       1.80    0.003    0.899    0.0296   1.330e-07  p
net701                      1.80    0.008    0.865    0.0107   1.316e-07  p
out50                       1.80    0.001    0.307    0.0620   1.242e-07  p
net126                      1.80    0.012    0.991    0.0061   1.200e-07  p
net87                       1.80    0.009    0.010    0.0087   1.195e-07  p
out26                       1.80    0.001    0.514    0.0991   1.178e-07  p
net705                      1.80    0.004    0.343    0.0201   1.173e-07  p
net702                      1.80    0.007    0.124    0.0103   1.170e-07  p
net704                      1.80    0.003    0.620    0.0221   1.163e-07  p
net927                      1.80    0.004    0.774    0.0173   1.131e-07  p
net117                      1.80    0.007    0.890    0.0092   1.060e-07  p
net211                      1.80    0.005    0.277    0.0125   1.048e-07  p
net902                      1.80    0.004    0.209    0.0149   1.024e-07  p
net678                      1.80    0.003    0.734    0.0184   1.019e-07  p
net854                      1.80    0.003    0.044    0.0182   1.003e-07  p
net128                      1.80    0.003    0.566    0.0228   9.756e-08  p
net950                      1.80    0.003    0.500    0.0220   9.715e-08  p
net114                      1.80    0.003    0.019    0.0199   9.312e-08  p
net893                      1.80    0.002    0.507    0.0231   9.080e-08  p
net84                       1.80    0.003    0.954    0.0185   8.989e-08  p
net688                      1.80    0.002    0.500    0.0220   8.923e-08  p
net201                      1.80    0.003    0.734    0.0184   8.496e-08  p
net240                      1.80    0.003    0.241    0.0177   8.431e-08  pm
out40                       1.80    0.001    0.645    0.0544   8.376e-08  p
net90                       1.80    0.003    0.256    0.0177   7.798e-08  p
net83                       1.80    0.003    0.044    0.0182   7.526e-08  p
net251                      1.80    0.003    0.774    0.0173   7.489e-08  p
net252                      1.80    0.003    0.218    0.0167   7.473e-08  p
net890                      1.80    0.004    0.277    0.0125   7.445e-08  p
net143                      1.80    0.002    0.557    0.0225   7.278e-08  p
net113                      1.80    0.002    0.981    0.0199   7.178e-08  p
net16                       1.80    0.011    0.006    0.0037   6.797e-08  p
net928                      1.80    0.003    0.763    0.0164   6.766e-08  p
net7                        1.80    0.007    0.011    0.0061   6.596e-08  p
net106                      1.80    0.014    0.996    0.0029   6.502e-08  p
net862                      1.80    0.002    0.343    0.0201   6.240e-08  p
net899                      1.80    0.003    0.199    0.0149   6.183e-08  p
net338                      1.80    0.058    0.994    0.0007   6.099e-08  p
net703                      1.80    0.002    0.764    0.0164   5.829e-08  p
net831                      1.80    0.002    0.981    0.0198   5.805e-08  p
net247                      1.80    0.002    0.752    0.0169   5.664e-08  p
net228                      1.80    0.004    0.988    0.0080   5.580e-08  p
net8                        1.80    0.008    0.995    0.0039   5.255e-08  p
net111                      1.80    0.006    0.052    0.0052   4.897e-08  p
net108                      1.80    0.010    0.996    0.0029   4.568e-08  p
net342                      1.80    0.039    0.994    0.0007   4.135e-08  p
net6                        1.80    0.004    0.989    0.0065   4.000e-08  p
net820                      1.80    0.003    0.148    0.0076   3.925e-08  p
net118                      1.80    0.003    0.100    0.0086   3.858e-08  p
net97                       1.80    0.003    0.991    0.0079   3.798e-08  p
net9                        1.80    0.006    0.004    0.0035   3.678e-08  p
net110                      1.80    0.003    0.945    0.0055   2.948e-08  p
net213                      1.80    0.002    0.851    0.0075   2.900e-08  p
net878                      1.80    0.003    0.991    0.0061   2.866e-08  p
net857                      1.80    0.002    0.100    0.0086   2.756e-08  p
net830                      1.80    0.004    0.006    0.0037   2.690e-08  p
net15                       1.80    0.006    0.004    0.0029   2.657e-08  p
net671                      1.80    0.005    0.996    0.0029   2.525e-08  p
net116                      1.80    0.012    0.999    0.0013   2.518e-08  p
net560                      1.80    0.023    0.991    0.0007   2.413e-08  p
net818                      1.80    0.021    0.023    0.0007   2.222e-08  p
net139                      1.80    0.002    0.034    0.0058   1.963e-08  p
net119                      1.80    0.006    0.016    0.0019   1.945e-08  p
net138                      1.80    0.017    0.993    0.0007   1.833e-08  p
net309                      1.80    0.017    0.001    0.0007   1.753e-08  p
net59                       1.80    0.017    0.989    0.0007   1.740e-08  p
net842                      1.80    0.015    0.990    0.0007   1.538e-08  p
net171                      1.80    0.028    0.999    0.0003   1.491e-08  p
net74                       1.80    0.014    0.977    0.0007   1.438e-08  p
net158                      1.80    0.009    0.997    0.0010   1.360e-08  p
net632                      1.80    0.013    0.990    0.0007   1.326e-08  p
net352                      1.80    0.006    0.994    0.0013   1.293e-08  p
net69                       1.80    0.012    0.993    0.0007   1.251e-08  p
net845                      1.80    0.003    0.996    0.0029   1.242e-08  p
net175                      1.80    0.023    0.999    0.0003   1.219e-08  p
net205                      1.80    0.015    0.999    0.0005   1.183e-08  p
out56                       1.80    0.001    0.148    0.0076   1.169e-08  p
net157                      1.80    0.010    0.000    0.0007   1.104e-08  p
net170                      1.80    0.020    0.999    0.0003   1.029e-08  p
net568                      1.80    0.010    0.990    0.0007   1.015e-08  p
net799                      1.80    0.019    0.997    0.0003   1.013e-08  p
net310                      1.80    0.009    0.999    0.0007   9.934e-09  p
net173                      1.80    0.019    0.999    0.0003   9.798e-09  p
net297                      1.80    0.009    0.990    0.0007   9.798e-09  p
net295                      1.80    0.009    0.990    0.0007   9.548e-09  p
net368                      1.80    0.009    0.994    0.0007   9.435e-09  p
net183                      1.80    0.009    0.988    0.0007   9.037e-09  p
net689                      1.80    0.000    0.492    0.0217   8.704e-09  pm
net12                       1.80    0.002    0.004    0.0029   8.646e-09  p
net537                      1.80    0.016    0.006    0.0003   8.456e-09  p
net458                      1.80    0.007    0.006    0.0007   7.704e-09  p
net697                      1.80    0.007    0.991    0.0007   7.415e-09  p
net735                      1.80    0.007    0.992    0.0007   7.345e-09  p
net156                      1.80    0.007    1.000    0.0007   7.323e-09  p
net943                      1.80    0.007    0.990    0.0007   6.905e-09  p
net19                       1.80    0.009    0.001    0.0005   6.728e-09  p
net918                      1.80    0.004    0.008    0.0010   6.684e-09  p
net664                      1.80    0.006    0.992    0.0007   6.466e-09  p
net610                      1.80    0.006    0.992    0.0007   6.284e-09  p
net172                      1.80    0.012    0.999    0.0003   6.131e-09  p
net269                      1.80    0.006    0.991    0.0007   6.087e-09  p
net282                      1.80    0.006    0.991    0.0007   5.970e-09  p
net44                       1.80    0.006    0.990    0.0007   5.844e-09  p
net180                      1.80    0.006    0.988    0.0007   5.824e-09  p
net698                      1.80    0.005    0.989    0.0007   5.793e-09  p
net677                      1.80    0.000    0.819    0.0387   5.685e-09  pm
net728                      1.80    0.005    0.004    0.0007   5.670e-09  p
net662                      1.80    0.005    0.992    0.0007   5.556e-09  p
net727                      1.80    0.006    0.995    0.0006   5.506e-09  p
net894                      1.80    0.010    0.006    0.0003   5.445e-09  p
net303                      1.80    0.002    0.025    0.0013   5.146e-09  p
net347                      1.80    0.005    0.994    0.0007   5.105e-09  p
net23                       1.80    0.002    0.002    0.0014   4.899e-09  p
net844                      1.80    0.004    0.997    0.0007   4.840e-09  p
net212                      1.80    0.004    0.000    0.0007   4.647e-09  p
net454                      1.80    0.004    0.990    0.0007   4.477e-09  p
net144                      1.80    0.008    0.999    0.0003   4.354e-09  p
net872                      1.80    0.004    0.990    0.0007   4.337e-09  p
net901                      1.80    0.004    0.992    0.0007   4.330e-09  p
net807                      1.80    0.008    0.997    0.0003   4.074e-09  p
net457                      1.80    0.004    0.994    0.0007   3.997e-09  p
net909                      1.80    0.003    0.008    0.0010   3.988e-09  p
net10                       1.80    0.002    0.001    0.0013   3.940e-09  p
net164                      1.80    0.003    1.000    0.0007   3.872e-09  p
net179                      1.80    0.002    0.008    0.0010   3.861e-09  p
net192                      1.80    0.004    0.991    0.0007   3.854e-09  p
net686                      1.80    0.004    0.990    0.0007   3.819e-09  p
net621                      1.80    0.004    0.991    0.0007   3.790e-09  p
net150                      1.80    0.007    0.000    0.0003   3.746e-09  p
net930                      1.80    0.004    0.991    0.0007   3.717e-09  p
net578                      1.80    0.003    0.989    0.0007   3.612e-09  p
net174                      1.80    0.003    0.989    0.0007   3.389e-09  p
net729                      1.80    0.006    0.997    0.0003   3.263e-09  p
net563                      1.80    0.003    0.991    0.0007   3.259e-09  p
net459                      1.80    0.003    0.004    0.0008   3.247e-09  p
net712                      1.80    0.003    0.997    0.0007   3.225e-09  p
net178                      1.80    0.003    0.989    0.0007   3.200e-09  p
net718                      1.80    0.003    0.992    0.0007   3.163e-09  p
net182                      1.80    0.002    0.008    0.0010   3.052e-09  p
net936                      1.80    0.002    0.989    0.0009   3.040e-09  p
net542                      1.80    0.006    0.998    0.0003   3.023e-09  p
net121                      1.80    0.002    0.989    0.0009   2.959e-09  p
net460                      1.80    0.003    0.990    0.0007   2.916e-09  p
net931                      1.80    0.003    0.976    0.0007   2.908e-09  p
net72                       1.80    0.003    0.993    0.0007   2.707e-09  p
net471                      1.80    0.003    0.991    0.0007   2.666e-09  p
net934                      1.80    0.003    0.997    0.0007   2.644e-09  p
net731                      1.80    0.005    0.998    0.0003   2.617e-09  p
net513                      1.80    0.002    0.993    0.0007   2.605e-09  p
net153                      1.80    0.005    0.997    0.0003   2.539e-09  p
net577                      1.80    0.002    0.989    0.0007   2.460e-09  p
net917                      1.80    0.002    0.990    0.0007   2.373e-09  p
net881                      1.80    0.002    0.988    0.0007   2.288e-09  p
net62                       1.80    0.002    0.989    0.0007   2.282e-09  p
net713                      1.80    0.003    0.000    0.0004   2.267e-09  p
net189                      1.80    0.004    0.997    0.0003   2.196e-09  p
net304                      1.80    0.002    0.965    0.0007   2.177e-09  p
net176                      1.80    0.002    0.989    0.0007   2.119e-09  p
net870                      1.80    0.002    0.991    0.0007   2.109e-09  p
net302                      1.80    0.002    0.977    0.0007   2.108e-09  p
net370                      1.80    0.002    0.991    0.0007   1.928e-09  p
net63                       1.80    0.002    0.011    0.0007   1.927e-09  p
net210                      1.80    0.004    0.001    0.0003   1.860e-09  p
net682                      1.80    0.003    0.999    0.0003   1.737e-09  p
net193                      1.80    0.003    0.999    0.0003   1.500e-09  p
net683                      1.80    0.003    0.001    0.0003   1.495e-09  p
net209                      1.80    0.003    0.999    0.0003   1.412e-09  p
net732                      1.80    0.002    0.997    0.0003   1.133e-09  p
net318                      1.80    0.017    0.000    0.41e-4  1.124e-09  p
net886                      1.80    0.002    0.998    0.0003   1.021e-09  p
out48                       1.80    0.001    0.024    0.0007   1.014e-09  p
net132                      1.80    0.002    1.000    0.0002   5.471e-10  p
net315                      1.80    0.006    0.000    0.41e-4  4.117e-10  p
net177                      1.80    0.003    0.001    0.81e-4  3.695e-10  p
out30                       1.80    0.001    0.997    0.0003   2.672e-10  p
net313                      1.80    0.004    0.000    0.41e-4  2.622e-10  p
out14                       1.80    0.000    0.997    0.0003   2.558e-10  p
net327                      1.80    0.003    0.000    0.41e-4  1.757e-10  p
net681                      1.80    0.000    0.998    0.0003   5.503e-11  pm
clknet_0_net196             1.80    0.019    0.000    0.0000      0.0000  p
clknet_0_net198             1.80    0.020    0.000    0.0000      0.0000  p
clknet_0_net199             1.80    0.019    0.000    0.0000      0.0000  p
clknet_0_net200             1.80    0.019    0.000    0.0000      0.0000  p
clknet_0_net293             1.80    0.019    0.000    0.0000      0.0000  p
clknet_0_net294             1.80    0.019    0.000    0.0000      0.0000  p
clknet_0_net298             1.80    0.018    0.000    0.0000      0.0000  p
clknet_0_net301             1.80    0.018    1.000    0.0000      0.0000  p
clknet_0_net306             1.80    0.019    0.000    0.0000      0.0000  p
clknet_0_net307             1.80    0.018    0.000    0.0000      0.0000  p
clknet_0_net316             1.80    0.019    0.000    0.0000      0.0000  p
clknet_0_net422             1.80    0.017    0.000    0.0000      0.0000  p
clknet_0_net424             1.80    0.020    0.000    0.0000      0.0000  p
clknet_0_net426             1.80    0.021    0.000    0.0000      0.0000  p
clknet_0_net494             1.80    0.018    0.000    0.0000      0.0000  p
clknet_0_net495             1.80    0.019    0.000    0.0000      0.0000  p
clknet_0_net539             1.80    0.020    0.000    0.0000      0.0000  p
clknet_0_net540             1.80    0.018    0.000    0.0000      0.0000  p
clknet_0_net553             1.80    0.019    1.000    0.0000      0.0000  p
clknet_0_net652             1.80    0.019    0.000    0.0000      0.0000  p
clknet_0_net653             1.80    0.021    0.000    0.0000      0.0000  p
clknet_0_net654             1.80    0.019    0.000    0.0000      0.0000  p
clknet_0_net655             1.80    0.020    0.000    0.0000      0.0000  p
clknet_0_net656             1.80    0.021    0.000    0.0000      0.0000  p
clknet_0_net657             1.80    0.025    0.000    0.0000      0.0000  p
clknet_0_net658             1.80    0.024    0.000    0.0000      0.0000  p
clknet_0_net659             1.80    0.022    0.000    0.0000      0.0000  p
clknet_0_net660             1.80    0.022    0.000    0.0000      0.0000  p
clknet_0_net661             1.80    0.025    0.000    0.0000      0.0000  p
clknet_0_net669             1.80    0.026    0.000    0.0000      0.0000  p
clknet_0_net708             1.80    0.019    0.000    0.0000      0.0000  p
clknet_0_net725             1.80    0.019    0.000    0.0000      0.0000  p
clknet_0_net726             1.80    0.023    0.000    0.0000      0.0000  p
clknet_0_net803             1.80    0.019    0.000    0.0000      0.0000  p
clknet_0_net808             1.80    0.023    0.000    0.0000      0.0000  p
clknet_0_net813             1.80    0.020    0.000    0.0000      0.0000  p
clknet_1_0__leaf_net196     1.80    0.003    0.000    0.0000      0.0000  p
clknet_1_0__leaf_net198     1.80    0.008    0.000    0.0000      0.0000  p
clknet_1_0__leaf_net199     1.80    0.005    0.000    0.0000      0.0000  p
clknet_1_0__leaf_net200     1.80    0.007    0.000    0.0000      0.0000  p
clknet_1_0__leaf_net293     1.80    0.005    0.000    0.0000      0.0000  p
clknet_1_0__leaf_net294     1.80    0.009    0.000    0.0000      0.0000  p
clknet_1_0__leaf_net298     1.80    0.009    0.000    0.0000      0.0000  p
clknet_1_0__leaf_net301     1.80    0.005    1.000    0.0000      0.0000  p
clknet_1_0__leaf_net306     1.80    0.010    0.000    0.0000      0.0000  p
clknet_1_0__leaf_net307     1.80    0.008    0.000    0.0000      0.0000  p
clknet_1_0__leaf_net316     1.80    0.008    0.000    0.0000      0.0000  p
clknet_1_0__leaf_net422     1.80    0.011    0.000    0.0000      0.0000  p
clknet_1_0__leaf_net424     1.80    0.006    0.000    0.0000      0.0000  p
clknet_1_0__leaf_net426     1.80    0.009    0.000    0.0000      0.0000  p
clknet_1_0__leaf_net494     1.80    0.014    0.000    0.0000      0.0000  p
clknet_1_0__leaf_net495     1.80    0.010    0.000    0.0000      0.0000  p
clknet_1_0__leaf_net539     1.80    0.005    0.000    0.0000      0.0000  p
clknet_1_0__leaf_net540     1.80    0.005    0.000    0.0000      0.0000  p
clknet_1_0__leaf_net553     1.80    0.006    1.000    0.0000      0.0000  p
clknet_1_0__leaf_net652     1.80    0.006    0.000    0.0000      0.0000  p
clknet_1_0__leaf_net653     1.80    0.009    0.000    0.0000      0.0000  p
clknet_1_0__leaf_net654     1.80    0.006    0.000    0.0000      0.0000  p
clknet_1_0__leaf_net655     1.80    0.014    0.000    0.0000      0.0000  p
clknet_1_0__leaf_net656     1.80    0.002    0.000    0.0000      0.0000  p
clknet_1_0__leaf_net657     1.80    0.007    0.000    0.0000      0.0000  p
clknet_1_0__leaf_net658     1.80    0.008    0.000    0.0000      0.0000  p
clknet_1_0__leaf_net659     1.80    0.011    0.000    0.0000      0.0000  p
clknet_1_0__leaf_net660     1.80    0.009    0.000    0.0000      0.0000  p
clknet_1_0__leaf_net661     1.80    0.002    0.000    0.0000      0.0000  p
clknet_1_0__leaf_net669     1.80    0.008    0.000    0.0000      0.0000  p
clknet_1_0__leaf_net708     1.80    0.004    0.000    0.0000      0.0000  p
clknet_1_0__leaf_net725     1.80    0.007    0.000    0.0000      0.0000  p
clknet_1_0__leaf_net726     1.80    0.004    0.000    0.0000      0.0000  p
clknet_1_0__leaf_net803     1.80    0.009    0.000    0.0000      0.0000  p
clknet_1_0__leaf_net808     1.80    0.010    0.000    0.0000      0.0000  p
clknet_1_0__leaf_net813     1.80    0.009    0.000    0.0000      0.0000  p
clknet_1_1__leaf_net196     1.80    0.004    0.000    0.0000      0.0000  p
clknet_1_1__leaf_net198     1.80    0.003    0.000    0.0000      0.0000  p
clknet_1_1__leaf_net199     1.80    0.006    0.000    0.0000      0.0000  p
clknet_1_1__leaf_net200     1.80    0.007    0.000    0.0000      0.0000  p
clknet_1_1__leaf_net293     1.80    0.002    0.000    0.0000      0.0000  p
clknet_1_1__leaf_net294     1.80    0.003    0.000    0.0000      0.0000  p
clknet_1_1__leaf_net298     1.80    0.003    0.000    0.0000      0.0000  p
clknet_1_1__leaf_net301     1.80    0.004    1.000    0.0000      0.0000  p
clknet_1_1__leaf_net306     1.80    0.008    0.000    0.0000      0.0000  p
clknet_1_1__leaf_net307     1.80    0.007    0.000    0.0000      0.0000  p
clknet_1_1__leaf_net316     1.80    0.007    0.000    0.0000      0.0000  p
clknet_1_1__leaf_net422     1.80    0.012    0.000    0.0000      0.0000  p
clknet_1_1__leaf_net424     1.80    0.008    0.000    0.0000      0.0000  p
clknet_1_1__leaf_net426     1.80    0.008    0.000    0.0000      0.0000  p
clknet_1_1__leaf_net494     1.80    0.006    0.000    0.0000      0.0000  p
clknet_1_1__leaf_net495     1.80    0.003    0.000    0.0000      0.0000  p
clknet_1_1__leaf_net539     1.80    0.009    0.000    0.0000      0.0000  p
clknet_1_1__leaf_net540     1.80    0.008    0.000    0.0000      0.0000  p
clknet_1_1__leaf_net553     1.80    0.003    1.000    0.0000      0.0000  p
clknet_1_1__leaf_net652     1.80    0.005    0.000    0.0000      0.0000  p
clknet_1_1__leaf_net653     1.80    0.018    0.000    0.0000      0.0000  p
clknet_1_1__leaf_net654     1.80    0.009    0.000    0.0000      0.0000  p
clknet_1_1__leaf_net655     1.80    0.002    0.000    0.0000      0.0000  p
clknet_1_1__leaf_net656     1.80    0.004    0.000    0.0000      0.0000  p
clknet_1_1__leaf_net657     1.80    0.013    0.000    0.0000      0.0000  p
clknet_1_1__leaf_net658     1.80    0.004    0.000    0.0000      0.0000  p
clknet_1_1__leaf_net659     1.80    0.003    0.000    0.0000      0.0000  p
clknet_1_1__leaf_net660     1.80    0.005    0.000    0.0000      0.0000  p
clknet_1_1__leaf_net661     1.80    0.007    0.000    0.0000      0.0000  p
clknet_1_1__leaf_net669     1.80    0.005    0.000    0.0000      0.0000  p
clknet_1_1__leaf_net708     1.80    0.003    0.000    0.0000      0.0000  p
clknet_1_1__leaf_net725     1.80    0.009    0.000    0.0000      0.0000  p
clknet_1_1__leaf_net726     1.80    0.009    0.000    0.0000      0.0000  p
clknet_1_1__leaf_net803     1.80    0.003    0.000    0.0000      0.0000  p
clknet_1_1__leaf_net808     1.80    0.003    0.000    0.0000      0.0000  p
clknet_1_1__leaf_net813     1.80    0.006    0.000    0.0000      0.0000  p
net18                       1.80    0.006    0.000    0.0000      0.0000  p
net20                       1.80    0.002    0.000    0.0000      0.0000  p
net21                       1.80    0.003    0.000    0.0000      0.0000  p
net24                       1.80    0.003    1.000    0.0000      0.0000  p
net25                       1.80    0.002    0.000    0.0000      0.0000  p
net26                       1.80    0.022    0.000    0.0000      0.0000  p
net27                       1.80    0.025    0.000    0.0000      0.0000  p
net28                       1.80    0.009    0.000    0.0000      0.0000  p
net29                       1.80    0.020    0.000    0.0000      0.0000  p
net30                       1.80    0.003    0.000    0.0000      0.0000  p
net31                       1.80    0.007    0.000    0.0000      0.0000  p
net32                       1.80    0.002    0.000    0.0000      0.0000  p
net33                       1.80    0.002    0.000    0.0000      0.0000  p
net34                       1.80    0.005    1.000    0.0000      0.0000  p
net35                       1.80    0.018    0.000    0.0000      0.0000  p
net36                       1.80    0.020    0.000    0.0000      0.0000  p
net37                       1.80    0.016    0.000    0.0000      0.0000  p
net38                       1.80    0.003    1.000    0.0000      0.0000  p
net39                       1.80    0.004    0.000    0.0000      0.0000  p
net40                       1.80    0.002    0.000    0.0000      0.0000  p
net41                       1.80    0.005    1.000    0.0000      0.0000  p
net42                       1.80    0.002    0.000    0.0000      0.0000  p
net43                       1.80    0.005    0.000    0.0000      0.0000  p
net45                       1.80    0.007    0.000    0.0000      0.0000  p
net46                       1.80    0.002    0.000    0.0000      0.0000  p
net47                       1.80    0.006    1.000    0.0000      0.0000  p
net48                       1.80    0.003    0.000    0.0000      0.0000  p
net49                       1.80    0.004    1.000    0.0000      0.0000  p
net50                       1.80    0.002    1.000    0.0000      0.0000  p
net51                       1.80    0.025    0.000    0.0000      0.0000  p
net52                       1.80    0.015    0.000    0.0000      0.0000  p
net53                       1.80    0.036    0.000    0.0000      0.0000  p
net54                       1.80    0.024    0.000    0.0000      0.0000  p
net55                       1.80    0.006    0.000    0.0000      0.0000  p
net56                       1.80    0.015    0.000    0.0000      0.0000  p
net57                       1.80    0.006    0.000    0.0000      0.0000  p
net58                       1.80    0.005    0.000    0.0000      0.0000  p
net60                       1.80    0.003    0.000    0.0000      0.0000  p
net61                       1.80    0.005    1.000    0.0000      0.0000  p
net64                       1.80    0.008    0.000    0.0000      0.0000  p
net65                       1.80    0.002    0.000    0.0000      0.0000  p
net66                       1.80    0.002    1.000    0.0000      0.0000  p
net67                       1.80    0.016    0.000    0.0000      0.0000  p
net68                       1.80    0.009    0.000    0.0000      0.0000  p
net70                       1.80    0.015    0.000    0.0000      0.0000  p
net71                       1.80    0.005    0.000    0.0000      0.0000  p
net73                       1.80    0.003    0.000    0.0000      0.0000  p
net75                       1.80    0.005    0.000    0.0000      0.0000  p
net120                      1.80    0.004    1.000    0.0000      0.0000  p
net133                      1.80    0.007    1.000    0.0000      0.0000  p
net134                      1.80    0.005    0.000    0.0000      0.0000  p
net135                      1.80    0.017    0.000    0.0000      0.0000  p
net136                      1.80    0.002    0.000    0.0000      0.0000  p
net137                      1.80    0.013    0.000    0.0000      0.0000  p
net140                      1.80    0.012    1.000    0.0000      0.0000  p
net141                      1.80    0.002    0.000    0.0000      0.0000  p
net142                      1.80    0.010    1.000    0.0000      0.0000  p
net145                      1.80    0.030    1.000    0.0000      0.0000  p
net146                      1.80    0.013    1.000    0.0000      0.0000  p
net147                      1.80    0.026    1.000    0.0000      0.0000  p
net149                      1.80    0.006    1.000    0.0000      0.0000  p
net151                      1.80    0.013    0.000    0.0000      0.0000  p
net152                      1.80    0.008    0.000    0.0000      0.0000  p
net154                      1.80    0.004    0.000    0.0000      0.0000  p
net155                      1.80    0.010    0.000    0.0000      0.0000  p
net159                      1.80    0.011    0.000    0.0000      0.0000  p
net160                      1.80    0.010    0.000    0.0000      0.0000  p
net161                      1.80    0.011    0.000    0.0000      0.0000  p
net162                      1.80    0.003    1.000    0.0000      0.0000  p
net163                      1.80    0.005    0.000    0.0000      0.0000  p
net165                      1.80    0.004    1.000    0.0000      0.0000  p
net166                      1.80    0.003    1.000    0.0000      0.0000  p
net167                      1.80    0.010    0.000    0.0000      0.0000  p
net181                      1.80    0.002    0.000    0.0000      0.0000  p
net184                      1.80    0.017    0.000    0.0000      0.0000  p
net185                      1.80    0.009    0.000    0.0000      0.0000  p
net186                      1.80    0.027    0.000    0.0000      0.0000  p
net187                      1.80    0.003    0.000    0.0000      0.0000  p
net188                      1.80    0.003    0.000    0.0000      0.0000  p
net190                      1.80    0.003    1.000    0.0000      0.0000  p
net191                      1.80    0.002    0.000    0.0000      0.0000  p
net194                      1.80    0.002    0.000    0.0000      0.0000  p
net196                      1.80    0.011    0.000    0.0000      0.0000  p
net198                      1.80    0.010    0.000    0.0000      0.0000  p
net199                      1.80    0.009    0.000    0.0000      0.0000  p
net200                      1.80    0.010    0.000    0.0000      0.0000  p
net202                      1.80    0.005    0.000    0.0000      0.0000  p
net203                      1.80    0.006    0.000    0.0000      0.0000  p
net206                      1.80    0.015    0.000    0.0000      0.0000  p
net207                      1.80    0.006    0.000    0.0000      0.0000  p
net219                      1.80    0.002    0.000    0.0000      0.0000  p
net230                      1.80    0.011    0.000    0.0000      0.0000  p
net231                      1.80    0.019    0.000    0.0000      0.0000  p
net233                      1.80    0.010    0.000    0.0000      0.0000  p
net234                      1.80    0.002    0.000    0.0000      0.0000  p
net235                      1.80    0.003    0.000    0.0000      0.0000  p
net236                      1.80    0.003    0.000    0.0000      0.0000  p
net238                      1.80    0.019    0.000    0.0000      0.0000  p
net239                      1.80    0.009    0.000    0.0000      0.0000  p
net241                      1.80    0.005    0.000    0.0000      0.0000  p
net242                      1.80    0.007    0.000    0.0000      0.0000  p
net243                      1.80    0.004    0.000    0.0000      0.0000  p
net244                      1.80    0.012    0.000    0.0000      0.0000  p
net250                      1.80    0.005    0.000    0.0000      0.0000  p
net253                      1.80    0.005    0.000    0.0000      0.0000  p
net254                      1.80    0.006    0.000    0.0000      0.0000  p
net255                      1.80    0.003    0.000    0.0000      0.0000  p
net256                      1.80    0.010    0.000    0.0000      0.0000  p
net257                      1.80    0.002    0.000    0.0000      0.0000  p
net258                      1.80    0.006    0.000    0.0000      0.0000  p
net259                      1.80    0.002    0.000    0.0000      0.0000  p
net260                      1.80    0.002    1.000    0.0000      0.0000  p
net261                      1.80    0.022    0.000    0.0000      0.0000  p
net262                      1.80    0.018    0.000    0.0000      0.0000  p
net263                      1.80    0.007    0.000    0.0000      0.0000  p
net264                      1.80    0.006    0.000    0.0000      0.0000  p
net265                      1.80    0.023    0.000    0.0000      0.0000  p
net266                      1.80    0.012    1.000    0.0000      0.0000  p
net267                      1.80    0.011    0.000    0.0000      0.0000  p
net268                      1.80    0.012    0.000    0.0000      0.0000  p
net270                      1.80    0.010    0.000    0.0000      0.0000  p
net271                      1.80    0.006    0.000    0.0000      0.0000  p
net272                      1.80    0.014    0.000    0.0000      0.0000  p
net273                      1.80    0.008    1.000    0.0000      0.0000  p
net274                      1.80    0.004    0.000    0.0000      0.0000  p
net275                      1.80    0.002    1.000    0.0000      0.0000  p
net276                      1.80    0.016    0.000    0.0000      0.0000  p
net277                      1.80    0.006    0.000    0.0000      0.0000  p
net278                      1.80    0.005    0.000    0.0000      0.0000  p
net279                      1.80    0.002    0.000    0.0000      0.0000  p
net280                      1.80    0.008    1.000    0.0000      0.0000  p
net281                      1.80    0.006    0.000    0.0000      0.0000  p
net283                      1.80    0.004    0.000    0.0000      0.0000  p
net284                      1.80    0.003    1.000    0.0000      0.0000  p
net285                      1.80    0.013    0.000    0.0000      0.0000  p
net286                      1.80    0.002    0.000    0.0000      0.0000  p
net287                      1.80    0.007    0.000    0.0000      0.0000  p
net288                      1.80    0.003    0.000    0.0000      0.0000  p
net289                      1.80    0.003    0.000    0.0000      0.0000  p
net290                      1.80    0.005    0.000    0.0000      0.0000  p
net291                      1.80    0.011    0.000    0.0000      0.0000  p
net293                      1.80    0.011    0.000    0.0000      0.0000  p
net294                      1.80    0.009    0.000    0.0000      0.0000  p
net296                      1.80    0.007    0.000    0.0000      0.0000  p
net298                      1.80    0.010    0.000    0.0000      0.0000  p
net300                      1.80    0.009    0.000    0.0000      0.0000  p
net301                      1.80    0.009    1.000    0.0000      0.0000  p
net305                      1.80    0.003    0.000    0.0000      0.0000  p
net306                      1.80    0.010    0.000    0.0000      0.0000  p
net307                      1.80    0.010    0.000    0.0000      0.0000  p
net308                      1.80    0.002    0.000    0.0000      0.0000  p
net311                      1.80    0.002    0.000    0.0000      0.0000  p
net312                      1.80    0.002    0.000    0.0000      0.0000  p
net316                      1.80    0.008    0.000    0.0000      0.0000  p
net317                      1.80    0.006    0.000    0.0000      0.0000  p
net319                      1.80    0.004    0.000    0.0000      0.0000  p
net320                      1.80    0.005    0.000    0.0000      0.0000  p
net321                      1.80    0.004    0.000    0.0000      0.0000  p
net322                      1.80    0.007    1.000    0.0000      0.0000  p
net323                      1.80    0.004    1.000    0.0000      0.0000  p
net324                      1.80    0.002    0.000    0.0000      0.0000  p
net325                      1.80    0.007    0.000    0.0000      0.0000  p
net326                      1.80    0.003    0.000    0.0000      0.0000  p
net328                      1.80    0.025    0.000    0.0000      0.0000  p
net329                      1.80    0.002    0.000    0.0000      0.0000  p
net330                      1.80    0.002    0.000    0.0000      0.0000  p
net331                      1.80    0.002    0.000    0.0000      0.0000  p
net332                      1.80    0.022    1.000    0.0000      0.0000  p
net333                      1.80    0.003    0.000    0.0000      0.0000  p
net334                      1.80    0.015    0.000    0.0000      0.0000  p
net335                      1.80    0.025    0.000    0.0000      0.0000  p
net336                      1.80    0.004    1.000    0.0000      0.0000  p
net337                      1.80    0.002    0.000    0.0000      0.0000  p
net339                      1.80    0.008    0.000    0.0000      0.0000  p
net340                      1.80    0.005    0.000    0.0000      0.0000  p
net341                      1.80    0.003    1.000    0.0000      0.0000  p
net343                      1.80    0.016    0.000    0.0000      0.0000  p
net344                      1.80    0.005    0.000    0.0000      0.0000  p
net345                      1.80    0.007    1.000    0.0000      0.0000  p
net346                      1.80    0.003    0.000    0.0000      0.0000  p
net348                      1.80    0.002    1.000    0.0000      0.0000  p
net349                      1.80    0.004    0.000    0.0000      0.0000  p
net350                      1.80    0.004    0.000    0.0000      0.0000  p
net351                      1.80    0.006    0.000    0.0000      0.0000  p
net353                      1.80    0.006    0.000    0.0000      0.0000  p
net354                      1.80    0.009    0.000    0.0000      0.0000  p
net355                      1.80    0.002    0.000    0.0000      0.0000  p
net356                      1.80    0.011    0.000    0.0000      0.0000  p
net357                      1.80    0.009    0.000    0.0000      0.0000  p
net358                      1.80    0.019    0.000    0.0000      0.0000  p
net359                      1.80    0.014    0.000    0.0000      0.0000  p
net360                      1.80    0.020    0.000    0.0000      0.0000  p
net361                      1.80    0.002    0.000    0.0000      0.0000  p
net362                      1.80    0.019    0.000    0.0000      0.0000  p
net363                      1.80    0.004    0.000    0.0000      0.0000  p
net364                      1.80    0.004    0.000    0.0000      0.0000  p
net365                      1.80    0.003    0.000    0.0000      0.0000  p
net366                      1.80    0.002    1.000    0.0000      0.0000  p
net367                      1.80    0.005    0.000    0.0000      0.0000  p
net369                      1.80    0.006    1.000    0.0000      0.0000  p
net371                      1.80    0.004    0.000    0.0000      0.0000  p
net372                      1.80    0.002    0.000    0.0000      0.0000  p
net373                      1.80    0.003    0.000    0.0000      0.0000  p
net374                      1.80    0.003    0.000    0.0000      0.0000  p
net375                      1.80    0.007    0.000    0.0000      0.0000  p
net376                      1.80    0.009    0.000    0.0000      0.0000  p
net377                      1.80    0.002    0.000    0.0000      0.0000  p
net378                      1.80    0.003    1.000    0.0000      0.0000  p
net379                      1.80    0.006    1.000    0.0000      0.0000  p
net380                      1.80    0.014    0.000    0.0000      0.0000  p
net381                      1.80    0.025    0.000    0.0000      0.0000  p
net382                      1.80    0.010    0.000    0.0000      0.0000  p
net383                      1.80    0.012    0.000    0.0000      0.0000  p
net384                      1.80    0.003    1.000    0.0000      0.0000  p
net385                      1.80    0.002    1.000    0.0000      0.0000  p
net386                      1.80    0.007    1.000    0.0000      0.0000  p
net387                      1.80    0.006    0.000    0.0000      0.0000  p
net388                      1.80    0.002    1.000    0.0000      0.0000  p
net389                      1.80    0.006    0.000    0.0000      0.0000  p
net390                      1.80    0.008    0.000    0.0000      0.0000  p
net391                      1.80    0.003    0.000    0.0000      0.0000  p
net392                      1.80    0.011    0.000    0.0000      0.0000  p
net393                      1.80    0.002    1.000    0.0000      0.0000  p
net394                      1.80    0.002    0.000    0.0000      0.0000  p
net395                      1.80    0.008    1.000    0.0000      0.0000  p
net396                      1.80    0.008    0.000    0.0000      0.0000  p
net397                      1.80    0.002    0.000    0.0000      0.0000  p
net398                      1.80    0.002    0.000    0.0000      0.0000  p
net399                      1.80    0.002    0.000    0.0000      0.0000  p
net400                      1.80    0.013    0.000    0.0000      0.0000  p
net401                      1.80    0.011    0.000    0.0000      0.0000  p
net402                      1.80    0.027    0.000    0.0000      0.0000  p
net403                      1.80    0.008    0.000    0.0000      0.0000  p
net404                      1.80    0.015    0.000    0.0000      0.0000  p
net405                      1.80    0.013    0.000    0.0000      0.0000  p
net406                      1.80    0.013    1.000    0.0000      0.0000  p
net407                      1.80    0.006    0.000    0.0000      0.0000  p
net408                      1.80    0.008    0.000    0.0000      0.0000  p
net409                      1.80    0.007    0.000    0.0000      0.0000  p
net410                      1.80    0.002    0.000    0.0000      0.0000  p
net411                      1.80    0.013    0.000    0.0000      0.0000  p
net412                      1.80    0.008    0.000    0.0000      0.0000  p
net413                      1.80    0.008    1.000    0.0000      0.0000  p
net414                      1.80    0.006    0.000    0.0000      0.0000  p
net415                      1.80    0.006    0.000    0.0000      0.0000  p
net416                      1.80    0.004    0.000    0.0000      0.0000  p
net417                      1.80    0.002    0.000    0.0000      0.0000  p
net418                      1.80    0.003    0.000    0.0000      0.0000  p
net419                      1.80    0.004    0.000    0.0000      0.0000  p
net420                      1.80    0.002    1.000    0.0000      0.0000  p
net421                      1.80    0.024    0.000    0.0000      0.0000  p
net422                      1.80    0.011    0.000    0.0000      0.0000  p
net423                      1.80    0.002    0.000    0.0000      0.0000  p
net424                      1.80    0.009    0.000    0.0000      0.0000  p
net425                      1.80    0.019    1.000    0.0000      0.0000  p
net426                      1.80    0.008    0.000    0.0000      0.0000  p
net427                      1.80    0.003    0.000    0.0000      0.0000  p
net428                      1.80    0.004    0.000    0.0000      0.0000  p
net429                      1.80    0.002    1.000    0.0000      0.0000  p
net430                      1.80    0.003    0.000    0.0000      0.0000  p
net431                      1.80    0.003    0.000    0.0000      0.0000  p
net432                      1.80    0.003    0.000    0.0000      0.0000  p
net433                      1.80    0.004    0.000    0.0000      0.0000  p
net434                      1.80    0.011    0.000    0.0000      0.0000  p
net435                      1.80    0.002    0.000    0.0000      0.0000  p
net436                      1.80    0.004    0.000    0.0000      0.0000  p
net437                      1.80    0.002    0.000    0.0000      0.0000  p
net438                      1.80    0.003    0.000    0.0000      0.0000  p
net440                      1.80    0.005    0.000    0.0000      0.0000  p
net441                      1.80    0.010    0.000    0.0000      0.0000  p
net442                      1.80    0.019    0.000    0.0000      0.0000  p
net443                      1.80    0.005    0.000    0.0000      0.0000  p
net444                      1.80    0.010    0.000    0.0000      0.0000  p
net445                      1.80    0.053    0.000    0.0000      0.0000  p
net446                      1.80    0.003    0.000    0.0000      0.0000  p
net447                      1.80    0.002    1.000    0.0000      0.0000  p
net448                      1.80    0.002    0.000    0.0000      0.0000  p
net449                      1.80    0.009    1.000    0.0000      0.0000  p
net450                      1.80    0.013    0.000    0.0000      0.0000  p
net451                      1.80    0.005    0.000    0.0000      0.0000  p
net452                      1.80    0.009    1.000    0.0000      0.0000  p
net453                      1.80    0.002    0.000    0.0000      0.0000  p
net455                      1.80    0.006    0.000    0.0000      0.0000  p
net456                      1.80    0.008    0.000    0.0000      0.0000  p
net461                      1.80    0.005    0.000    0.0000      0.0000  p
net462                      1.80    0.007    0.000    0.0000      0.0000  p
net463                      1.80    0.015    0.000    0.0000      0.0000  p
net464                      1.80    0.003    0.000    0.0000      0.0000  p
net465                      1.80    0.002    0.000    0.0000      0.0000  p
net466                      1.80    0.002    1.000    0.0000      0.0000  p
net467                      1.80    0.010    0.000    0.0000      0.0000  p
net468                      1.80    0.013    0.000    0.0000      0.0000  p
net469                      1.80    0.006    0.000    0.0000      0.0000  p
net470                      1.80    0.009    0.000    0.0000      0.0000  p
net472                      1.80    0.006    0.000    0.0000      0.0000  p
net473                      1.80    0.016    0.000    0.0000      0.0000  p
net474                      1.80    0.009    0.000    0.0000      0.0000  p
net475                      1.80    0.020    0.000    0.0000      0.0000  p
net476                      1.80    0.002    0.000    0.0000      0.0000  p
net477                      1.80    0.005    0.000    0.0000      0.0000  p
net478                      1.80    0.011    0.000    0.0000      0.0000  p
net479                      1.80    0.002    0.000    0.0000      0.0000  p
net480                      1.80    0.006    0.000    0.0000      0.0000  p
net481                      1.80    0.005    1.000    0.0000      0.0000  p
net482                      1.80    0.005    0.000    0.0000      0.0000  p
net483                      1.80    0.011    0.000    0.0000      0.0000  p
net484                      1.80    0.002    0.000    0.0000      0.0000  p
net485                      1.80    0.003    0.000    0.0000      0.0000  p
net486                      1.80    0.007    0.000    0.0000      0.0000  p
net487                      1.80    0.004    0.000    0.0000      0.0000  p
net488                      1.80    0.003    0.000    0.0000      0.0000  p
net489                      1.80    0.002    0.000    0.0000      0.0000  p
net490                      1.80    0.024    0.000    0.0000      0.0000  p
net494                      1.80    0.011    0.000    0.0000      0.0000  p
net495                      1.80    0.011    0.000    0.0000      0.0000  p
net496                      1.80    0.003    0.000    0.0000      0.0000  p
net497                      1.80    0.008    1.000    0.0000      0.0000  p
net498                      1.80    0.009    0.000    0.0000      0.0000  p
net499                      1.80    0.005    0.000    0.0000      0.0000  p
net500                      1.80    0.005    0.000    0.0000      0.0000  p
net501                      1.80    0.011    0.000    0.0000      0.0000  p
net502                      1.80    0.012    0.000    0.0000      0.0000  p
net503                      1.80    0.008    0.000    0.0000      0.0000  p
net504                      1.80    0.007    0.000    0.0000      0.0000  p
net505                      1.80    0.003    0.000    0.0000      0.0000  p
net506                      1.80    0.003    0.000    0.0000      0.0000  p
net507                      1.80    0.002    0.000    0.0000      0.0000  p
net508                      1.80    0.006    0.000    0.0000      0.0000  p
net509                      1.80    0.005    0.000    0.0000      0.0000  p
net510                      1.80    0.003    1.000    0.0000      0.0000  p
net511                      1.80    0.002    1.000    0.0000      0.0000  p
net514                      1.80    0.002    0.000    0.0000      0.0000  p
net515                      1.80    0.018    0.000    0.0000      0.0000  p
net516                      1.80    0.015    1.000    0.0000      0.0000  p
net517                      1.80    0.010    0.000    0.0000      0.0000  p
net518                      1.80    0.021    0.000    0.0000      0.0000  p
net519                      1.80    0.022    0.000    0.0000      0.0000  p
net520                      1.80    0.003    0.000    0.0000      0.0000  p
net521                      1.80    0.009    0.000    0.0000      0.0000  p
net522                      1.80    0.013    0.000    0.0000      0.0000  p
net523                      1.80    0.013    0.000    0.0000      0.0000  p
net524                      1.80    0.002    0.000    0.0000      0.0000  p
net525                      1.80    0.004    1.000    0.0000      0.0000  p
net526                      1.80    0.004    0.000    0.0000      0.0000  p
net527                      1.80    0.007    1.000    0.0000      0.0000  p
net528                      1.80    0.004    1.000    0.0000      0.0000  p
net529                      1.80    0.015    1.000    0.0000      0.0000  p
net530                      1.80    0.003    0.000    0.0000      0.0000  p
net531                      1.80    0.006    0.000    0.0000      0.0000  p
net532                      1.80    0.002    1.000    0.0000      0.0000  p
net533                      1.80    0.003    1.000    0.0000      0.0000  p
net534                      1.80    0.003    0.000    0.0000      0.0000  p
net535                      1.80    0.003    1.000    0.0000      0.0000  p
net536                      1.80    0.004    1.000    0.0000      0.0000  p
net538                      1.80    0.017    1.000    0.0000      0.0000  p
net539                      1.80    0.011    0.000    0.0000      0.0000  p
net540                      1.80    0.009    0.000    0.0000      0.0000  p
net541                      1.80    0.003    0.000    0.0000      0.0000  p
net543                      1.80    0.008    0.000    0.0000      0.0000  p
net544                      1.80    0.006    1.000    0.0000      0.0000  p
net545                      1.80    0.002    0.000    0.0000      0.0000  p
net546                      1.80    0.014    0.000    0.0000      0.0000  p
net547                      1.80    0.008    0.000    0.0000      0.0000  p
net548                      1.80    0.010    0.000    0.0000      0.0000  p
net549                      1.80    0.002    0.000    0.0000      0.0000  p
net550                      1.80    0.004    0.000    0.0000      0.0000  p
net551                      1.80    0.003    1.000    0.0000      0.0000  p
net552                      1.80    0.010    0.000    0.0000      0.0000  p
net553                      1.80    0.009    1.000    0.0000      0.0000  p
net554                      1.80    0.004    0.000    0.0000      0.0000  p
net555                      1.80    0.003    0.000    0.0000      0.0000  p
net556                      1.80    0.002    1.000    0.0000      0.0000  p
net557                      1.80    0.020    1.000    0.0000      0.0000  p
net558                      1.80    0.023    0.000    0.0000      0.0000  p
net559                      1.80    0.021    0.000    0.0000      0.0000  p
net561                      1.80    0.002    0.000    0.0000      0.0000  p
net562                      1.80    0.004    0.000    0.0000      0.0000  p
net564                      1.80    0.003    0.000    0.0000      0.0000  p
net565                      1.80    0.017    0.000    0.0000      0.0000  p
net566                      1.80    0.002    0.000    0.0000      0.0000  p
net567                      1.80    0.002    0.000    0.0000      0.0000  p
net569                      1.80    0.009    0.000    0.0000      0.0000  p
net570                      1.80    0.003    0.000    0.0000      0.0000  p
net571                      1.80    0.002    1.000    0.0000      0.0000  p
net572                      1.80    0.004    0.000    0.0000      0.0000  p
net573                      1.80    0.002    0.000    0.0000      0.0000  p
net574                      1.80    0.012    1.000    0.0000      0.0000  p
net575                      1.80    0.002    1.000    0.0000      0.0000  p
net576                      1.80    0.003    0.000    0.0000      0.0000  p
net580                      1.80    0.005    0.000    0.0000      0.0000  p
net582                      1.80    0.017    0.000    0.0000      0.0000  p
net583                      1.80    0.019    0.000    0.0000      0.0000  p
net584                      1.80    0.010    0.000    0.0000      0.0000  p
net585                      1.80    0.014    0.000    0.0000      0.0000  p
net586                      1.80    0.003    0.000    0.0000      0.0000  p
net587                      1.80    0.014    0.000    0.0000      0.0000  p
net588                      1.80    0.007    0.000    0.0000      0.0000  p
net589                      1.80    0.009    0.000    0.0000      0.0000  p
net590                      1.80    0.008    0.000    0.0000      0.0000  p
net591                      1.80    0.002    0.000    0.0000      0.0000  p
net592                      1.80    0.002    1.000    0.0000      0.0000  p
net593                      1.80    0.005    0.000    0.0000      0.0000  p
net594                      1.80    0.008    0.000    0.0000      0.0000  p
net595                      1.80    0.003    0.000    0.0000      0.0000  p
net596                      1.80    0.005    0.000    0.0000      0.0000  p
net597                      1.80    0.002    1.000    0.0000      0.0000  p
net598                      1.80    0.002    0.000    0.0000      0.0000  p
net599                      1.80    0.004    0.000    0.0000      0.0000  p
net600                      1.80    0.003    1.000    0.0000      0.0000  p
net601                      1.80    0.002    0.000    0.0000      0.0000  p
net602                      1.80    0.009    0.000    0.0000      0.0000  p
net603                      1.80    0.006    0.000    0.0000      0.0000  p
net605                      1.80    0.029    0.000    0.0000      0.0000  p
net606                      1.80    0.011    0.000    0.0000      0.0000  p
net607                      1.80    0.029    0.000    0.0000      0.0000  p
net608                      1.80    0.006    0.000    0.0000      0.0000  p
net609                      1.80    0.011    0.000    0.0000      0.0000  p
net611                      1.80    0.003    0.000    0.0000      0.0000  p
net612                      1.80    0.005    0.000    0.0000      0.0000  p
net613                      1.80    0.007    0.000    0.0000      0.0000  p
net614                      1.80    0.009    1.000    0.0000      0.0000  p
net615                      1.80    0.005    0.000    0.0000      0.0000  p
net617                      1.80    0.003    1.000    0.0000      0.0000  p
net618                      1.80    0.005    0.000    0.0000      0.0000  p
net619                      1.80    0.002    0.000    0.0000      0.0000  p
net620                      1.80    0.002    0.000    0.0000      0.0000  p
net622                      1.80    0.002    0.000    0.0000      0.0000  p
net623                      1.80    0.003    0.000    0.0000      0.0000  p
net626                      1.80    0.005    0.000    0.0000      0.0000  p
net631                      1.80    0.010    0.000    0.0000      0.0000  p
net633                      1.80    0.010    0.000    0.0000      0.0000  p
net634                      1.80    0.007    0.000    0.0000      0.0000  p
net635                      1.80    0.008    0.000    0.0000      0.0000  p
net636                      1.80    0.010    1.000    0.0000      0.0000  p
net637                      1.80    0.006    0.000    0.0000      0.0000  p
net638                      1.80    0.006    0.000    0.0000      0.0000  p
net640                      1.80    0.009    0.000    0.0000      0.0000  p
net641                      1.80    0.003    0.000    0.0000      0.0000  p
net642                      1.80    0.003    1.000    0.0000      0.0000  p
net643                      1.80    0.011    0.000    0.0000      0.0000  p
net644                      1.80    0.002    0.000    0.0000      0.0000  p
net645                      1.80    0.003    1.000    0.0000      0.0000  p
net646                      1.80    0.008    1.000    0.0000      0.0000  p
net647                      1.80    0.002    1.000    0.0000      0.0000  p
net648                      1.80    0.004    0.000    0.0000      0.0000  p
net649                      1.80    0.003    1.000    0.0000      0.0000  p
net650                      1.80    0.006    0.000    0.0000      0.0000  p
net651                      1.80    0.009    0.000    0.0000      0.0000  p
net652                      1.80    0.009    0.000    0.0000      0.0000  p
net653                      1.80    0.013    0.000    0.0000      0.0000  p
net654                      1.80    0.011    0.000    0.0000      0.0000  p
net655                      1.80    0.013    0.000    0.0000      0.0000  p
net656                      1.80    0.009    0.000    0.0000      0.0000  p
net657                      1.80    0.009    0.000    0.0000      0.0000  p
net658                      1.80    0.010    0.000    0.0000      0.0000  p
net659                      1.80    0.014    0.000    0.0000      0.0000  p
net660                      1.80    0.011    0.000    0.0000      0.0000  p
net661                      1.80    0.011    0.000    0.0000      0.0000  p
net663                      1.80    0.002    0.000    0.0000      0.0000  p
net665                      1.80    0.004    0.000    0.0000      0.0000  p
net666                      1.80    0.002    0.000    0.0000      0.0000  p
net667                      1.80    0.003    1.000    0.0000      0.0000  p
net668                      1.80    0.003    0.000    0.0000      0.0000  p
net669                      1.80    0.014    0.000    0.0000      0.0000  p
net670                      1.80    0.005    0.000    0.0000      0.0000  p
net672                      1.80    0.007    1.000    0.0000      0.0000  p
net674                      1.80    0.003    0.000    0.0000      0.0000  p
net680                      1.80    0.003    0.000    0.0000      0.0000  p
net687                      1.80    0.003    0.000    0.0000      0.0000  p
net693                      1.80    0.002    1.000    0.0000      0.0000  p
net694                      1.80    0.003    0.000    0.0000      0.0000  p
net695                      1.80    0.003    1.000    0.0000      0.0000  p
net696                      1.80    0.003    0.000    0.0000      0.0000  p
net699                      1.80    0.005    1.000    0.0000      0.0000  p
net700                      1.80    0.003    0.000    0.0000      0.0000  p
net708                      1.80    0.009    0.000    0.0000      0.0000  p
net709                      1.80    0.003    0.000    0.0000      0.0000  p
net715                      1.80    0.003    0.000    0.0000      0.0000  p
net716                      1.80    0.015    0.000    0.0000      0.0000  p
net717                      1.80    0.026    0.000    0.0000      0.0000  p
net719                      1.80    0.005    0.000    0.0000      0.0000  p
net720                      1.80    0.003    0.000    0.0000      0.0000  p
net721                      1.80    0.004    0.000    0.0000      0.0000  p
net722                      1.80    0.007    0.000    0.0000      0.0000  p
net723                      1.80    0.005    0.000    0.0000      0.0000  p
net725                      1.80    0.011    0.000    0.0000      0.0000  p
net726                      1.80    0.009    0.000    0.0000      0.0000  p
net730                      1.80    0.003    0.000    0.0000      0.0000  p
net733                      1.80    0.002    0.000    0.0000      0.0000  p
net736                      1.80    0.007    0.000    0.0000      0.0000  p
net737                      1.80    0.003    0.000    0.0000      0.0000  p
net798                      1.80    0.003    0.000    0.0000      0.0000  p
net800                      1.80    0.008    0.000    0.0000      0.0000  p
net801                      1.80    0.008    0.000    0.0000      0.0000  p
net802                      1.80    0.043    0.000    0.0000      0.0000  p
net803                      1.80    0.008    0.000    0.0000      0.0000  p
net806                      1.80    0.005    0.000    0.0000      0.0000  p
net808                      1.80    0.009    0.000    0.0000      0.0000  p
net809                      1.80    0.003    0.000    0.0000      0.0000  p
net810                      1.80    0.038    0.000    0.0000      0.0000  p
net811                      1.80    0.012    0.000    0.0000      0.0000  p
net813                      1.80    0.009    0.000    0.0000      0.0000  p
net814                      1.80    0.009    0.000    0.0000      0.0000  p
net815                      1.80    0.022    1.000    0.0000      0.0000  p
net816                      1.80    0.008    0.000    0.0000      0.0000  p
net817                      1.80    0.002    0.000    0.0000      0.0000  p
net821                      1.80    0.011    1.000    0.0000      0.0000  p
net822                      1.80    0.021    1.000    0.0000      0.0000  p
net823                      1.80    0.033    0.000    0.0000      0.0000  p
net824                      1.80    0.037    0.000    0.0000      0.0000  p
net827                      1.80    0.013    0.000    0.0000      0.0000  p
net828                      1.80    0.006    0.000    0.0000      0.0000  p
net832                      1.80    0.004    1.000    0.0000      0.0000  p
net833                      1.80    0.004    0.000    0.0000      0.0000  p
net834                      1.80    0.006    0.000    0.0000      0.0000  p
net835                      1.80    0.007    0.000    0.0000      0.0000  p
net836                      1.80    0.004    0.000    0.0000      0.0000  p
net837                      1.80    0.009    0.000    0.0000      0.0000  p
net838                      1.80    0.002    0.000    0.0000      0.0000  p
net839                      1.80    0.008    0.000    0.0000      0.0000  p
net843                      1.80    0.004    0.000    0.0000      0.0000  p
net846                      1.80    0.005    0.000    0.0000      0.0000  p
net847                      1.80    0.010    0.000    0.0000      0.0000  p
net848                      1.80    0.004    0.000    0.0000      0.0000  p
net849                      1.80    0.005    0.000    0.0000      0.0000  p
net850                      1.80    0.004    1.000    0.0000      0.0000  p
net851                      1.80    0.007    0.000    0.0000      0.0000  p
net852                      1.80    0.018    0.000    0.0000      0.0000  p
net853                      1.80    0.004    0.000    0.0000      0.0000  p
net856                      1.80    0.002    0.000    0.0000      0.0000  p
net858                      1.80    0.003    0.000    0.0000      0.0000  p
net859                      1.80    0.007    0.000    0.0000      0.0000  p
net860                      1.80    0.003    0.000    0.0000      0.0000  p
net861                      1.80    0.002    0.000    0.0000      0.0000  p
net863                      1.80    0.004    0.000    0.0000      0.0000  p
net864                      1.80    0.003    0.000    0.0000      0.0000  p
net865                      1.80    0.002    0.000    0.0000      0.0000  p
net866                      1.80    0.002    0.000    0.0000      0.0000  p
net867                      1.80    0.003    0.000    0.0000      0.0000  p
net868                      1.80    0.002    0.000    0.0000      0.0000  p
net869                      1.80    0.003    0.000    0.0000      0.0000  p
net871                      1.80    0.003    1.000    0.0000      0.0000  p
net873                      1.80    0.002    0.000    0.0000      0.0000  p
net874                      1.80    0.003    0.000    0.0000      0.0000  p
net875                      1.80    0.006    0.000    0.0000      0.0000  p
net876                      1.80    0.002    1.000    0.0000      0.0000  p
net877                      1.80    0.004    0.000    0.0000      0.0000  p
net879                      1.80    0.004    0.000    0.0000      0.0000  p
net880                      1.80    0.003    0.000    0.0000      0.0000  p
net882                      1.80    0.004    0.000    0.0000      0.0000  p
net883                      1.80    0.002    0.000    0.0000      0.0000  p
net884                      1.80    0.006    0.000    0.0000      0.0000  p
net885                      1.80    0.002    0.000    0.0000      0.0000  p
net887                      1.80    0.004    1.000    0.0000      0.0000  p
net888                      1.80    0.010    0.000    0.0000      0.0000  p
net889                      1.80    0.003    0.000    0.0000      0.0000  p
net891                      1.80    0.003    0.000    0.0000      0.0000  p
net892                      1.80    0.002    0.000    0.0000      0.0000  p
net895                      1.80    0.003    0.000    0.0000      0.0000  p
net896                      1.80    0.005    0.000    0.0000      0.0000  p
net897                      1.80    0.003    1.000    0.0000      0.0000  p
net900                      1.80    0.002    1.000    0.0000      0.0000  p
net903                      1.80    0.003    1.000    0.0000      0.0000  p
net904                      1.80    0.004    0.000    0.0000      0.0000  p
net906                      1.80    0.002    0.000    0.0000      0.0000  p
net907                      1.80    0.004    0.000    0.0000      0.0000  p
net908                      1.80    0.002    1.000    0.0000      0.0000  p
net910                      1.80    0.003    1.000    0.0000      0.0000  p
net911                      1.80    0.003    0.000    0.0000      0.0000  p
net912                      1.80    0.002    0.000    0.0000      0.0000  p
net913                      1.80    0.002    0.000    0.0000      0.0000  p
net915                      1.80    0.003    1.000    0.0000      0.0000  p
net916                      1.80    0.002    1.000    0.0000      0.0000  p
net919                      1.80    0.007    0.000    0.0000      0.0000  p
net920                      1.80    0.004    0.000    0.0000      0.0000  p
net921                      1.80    0.002    0.000    0.0000      0.0000  p
net922                      1.80    0.003    0.000    0.0000      0.0000  p
net923                      1.80    0.015    0.000    0.0000      0.0000  p
net924                      1.80    0.004    0.000    0.0000      0.0000  p
net925                      1.80    0.002    0.000    0.0000      0.0000  p
net926                      1.80    0.010    0.000    0.0000      0.0000  p
net929                      1.80    0.003    0.000    0.0000      0.0000  p
net932                      1.80    0.009    0.000    0.0000      0.0000  p
net933                      1.80    0.003    1.000    0.0000      0.0000  p
net935                      1.80    0.002    0.000    0.0000      0.0000  p
net937                      1.80    0.003    0.000    0.0000      0.0000  p
net938                      1.80    0.002    0.000    0.0000      0.0000  p
net940                      1.80    0.005    0.000    0.0000      0.0000  p
net941                      1.80    0.002    0.000    0.0000      0.0000  p
net942                      1.80    0.004    0.000    0.0000      0.0000  p
net944                      1.80    0.005    1.000    0.0000      0.0000  p
net945                      1.80    0.002    0.000    0.0000      0.0000  p
net946                      1.80    0.002    1.000    0.0000      0.0000  p
net947                      1.80    0.002    0.000    0.0000      0.0000  p
net948                      1.80    0.003    0.000    0.0000      0.0000  p
net949                      1.80    0.002    0.000    0.0000      0.0000  p
net951                      1.80    0.002    0.000    0.0000      0.0000  p
net953                      1.80    0.003    0.000    0.0000      0.0000  p
net954                      1.80    0.003    0.000    0.0000      0.0000  p
net955                      1.80    0.007    0.000    0.0000      0.0000  p
out3                        1.80    0.001    0.000    0.0000      0.0000  p
out4                        1.80    0.001    0.000    0.0000      0.0000  p
out7                        1.80    0.001    1.000    0.0000      0.0000  p
out10                       1.80    0.001    0.000    0.0000      0.0000  p
out16                       1.80    0.001    0.000    0.0000      0.0000  p
out17                       1.80    0.001    0.000    0.0000      0.0000  p
out20                       1.80    0.002    0.000    0.0000      0.0000  p
out21                       1.80    0.001    0.000    0.0000      0.0000  p
out33                       1.80    0.000    0.000    0.0000      0.0000  p
out34                       1.80    0.000    0.000    0.0000      0.0000  p
out36                       1.80    0.001    0.000    0.0000      0.0000  p
out41                       1.80    0.001    0.000    0.0000      0.0000  p
out42                       1.80    0.001    0.000    0.0000      0.0000  p
out44                       1.80    0.001    1.000    0.0000      0.0000  p
out45                       1.80    0.001    0.000    0.0000      0.0000  p
out47                       1.80    0.002    0.000    0.0000      0.0000  p
out58                       1.80    0.001    1.000    0.0000      0.0000  p
--------------------------------------------------------------------------------
Total (1135 nets)                                              4.218e-04 Watt



                                      Int      Switch   Leak      Total
Hierarchy                             Power    Power    Power     Power    %
--------------------------------------------------------------------------------
netlist_1                             1.07e-03 4.22e-04 7.29e-09  1.49e-03 100.0
1
