Information: Derived library resistance unit is 1.000000 Kohm (Time unit is 1 ns, and Capacitance unit is 1.000000 pF). (DES-028)
Warning: Detected semantically incorrect SPEF in coupling section. (PARA-098)
Warning: Coupling capacitor (in18:13 in31:9 0) on net in31 is discarded because the value cannot be <= 0 (PARA-040)
Warning: Coupling capacitor (in22:13 in31:9 0) on net in31 is discarded because the value cannot be <= 0 (PARA-040)
Warning: Coupling capacitor (in27:13 in39:13 0) on net in39 is discarded because the value cannot be <= 0 (PARA-040)
Warning: Coupling capacitor (in37:9 in43:7 0) on net in43 is discarded because the value cannot be <= 0 (PARA-040)
Warning: Coupling capacitor (in44:13 in50:13 0) on net in50 is discarded because the value cannot be <= 0 (PARA-040)
Warning: Coupling capacitor (ANTENNA_input36_A/DIODE ANTENNA_input53_A/DIODE 0) on net in56 is discarded because the value cannot be <= 0 (PARA-040)
Warning: Coupling capacitor (in29:13 in60:11 0) on net in60 is discarded because the value cannot be <= 0 (PARA-040)
Warning: Coupling capacitor (in46:11 in63:13 0) on net in63 is discarded because the value cannot be <= 0 (PARA-040)
Warning: Coupling capacitor (in66:11 in67:11 0) on net in67 is discarded because the value cannot be <= 0 (PARA-040)
Warning: Coupling capacitor (ANTENNA_input53_A/DIODE ANTENNA_input79_A/DIODE 0) on net in8 is discarded because the value cannot be <= 0 (PARA-040)
Warning: Coupling capacitor (in56:9 in8:5 0) on net in8 is discarded because the value cannot be <= 0 (PARA-040)
Warning: Coupling capacitor (in40:13 in82:9 0) on net in82 is discarded because the value cannot be <= 0 (PARA-040)
Warning: Coupling capacitor (in79:11 in83:9 0) on net in83 is discarded because the value cannot be <= 0 (PARA-040)
Warning: Coupling capacitor (in23:11 in85:11 0) on net in85 is discarded because the value cannot be <= 0 (PARA-040)
Warning: Coupling capacitor (in13:7 in9:9 0) on net in9 is discarded because the value cannot be <= 0 (PARA-040)
Warning: Coupling capacitor (in91:7 in92:5 0) on net in92 is discarded because the value cannot be <= 0 (PARA-040)
Warning: Coupling capacitor (in30:11 out0 0) on net out0 is discarded because the value cannot be <= 0 (PARA-040)
Warning: Coupling capacitor (in82:9 out10 0) on net out10 is discarded because the value cannot be <= 0 (PARA-040)
Warning: Coupling capacitor (in93:7 out10 0) on net out10 is discarded because the value cannot be <= 0 (PARA-040)
Warning: Coupling capacitor (in62:5 out11 0) on net out11 is discarded because the value cannot be <= 0 (PARA-040)
Warning: Coupling capacitor (in2:7 out15 0) on net out15 is discarded because the value cannot be <= 0 (PARA-040)
Warning: Coupling capacitor (in8:5 out18 0) on net out18 is discarded because the value cannot be <= 0 (PARA-040)
Warning: Coupling capacitor (ANTENNA_input60_A/DIODE out19 0) on net out19 is discarded because the value cannot be <= 0 (PARA-040)
Warning: Coupling capacitor (in41:9 out19 0) on net out19 is discarded because the value cannot be <= 0 (PARA-040)
Warning: Coupling capacitor (in62:5 out19 0) on net out19 is discarded because the value cannot be <= 0 (PARA-040)
Warning: Coupling capacitor (in37:9 out20 0) on net out20 is discarded because the value cannot be <= 0 (PARA-040)
Warning: Coupling capacitor (in43:7 out24 0) on net out24 is discarded because the value cannot be <= 0 (PARA-040)
Warning: Coupling capacitor (out11 out26 0) on net out26 is discarded because the value cannot be <= 0 (PARA-040)
Warning: Coupling capacitor (in58:7 out28 0) on net out28 is discarded because the value cannot be <= 0 (PARA-040)
Warning: Coupling capacitor (out26 out33 0) on net out33 is discarded because the value cannot be <= 0 (PARA-040)
Warning: Coupling capacitor (in38:9 out33 0) on net out33 is discarded because the value cannot be <= 0 (PARA-040)
Warning: Coupling capacitor (in75:9 out35 0) on net out35 is discarded because the value cannot be <= 0 (PARA-040)
Warning: Coupling capacitor (out38 out45 0) on net out45 is discarded because the value cannot be <= 0 (PARA-040)
Warning: Coupling capacitor (out24 out46 0) on net out46 is discarded because the value cannot be <= 0 (PARA-040)
Warning: Coupling capacitor (in38:9 out46 0) on net out46 is discarded because the value cannot be <= 0 (PARA-040)
Warning: Coupling capacitor (out20 out47 0) on net out47 is discarded because the value cannot be <= 0 (PARA-040)
Warning: Coupling capacitor (in93:7 out47 0) on net out47 is discarded because the value cannot be <= 0 (PARA-040)
Warning: Coupling capacitor (in74:7 out50 0) on net out50 is discarded because the value cannot be <= 0 (PARA-040)
Warning: Coupling capacitor (in74:7 out51 0) on net out51 is discarded because the value cannot be <= 0 (PARA-040)
Warning: Coupling capacitor (out30 out52 0) on net out52 is discarded because the value cannot be <= 0 (PARA-040)
Warning: Coupling capacitor (in10:9 out53 0) on net out53 is discarded because the value cannot be <= 0 (PARA-040)
Warning: Coupling capacitor (in19:7 out53 0) on net out53 is discarded because the value cannot be <= 0 (PARA-040)
Warning: Coupling capacitor (out48 out57 0) on net out57 is discarded because the value cannot be <= 0 (PARA-040)
Warning: Coupling capacitor (in66:11 out57 0) on net out57 is discarded because the value cannot be <= 0 (PARA-040)
Warning: Coupling capacitor (out43 out58 0) on net out58 is discarded because the value cannot be <= 0 (PARA-040)
Warning: Coupling capacitor (out54 out59 0) on net out59 is discarded because the value cannot be <= 0 (PARA-040)
Warning: Coupling capacitor (out58 out59 0) on net out59 is discarded because the value cannot be <= 0 (PARA-040)
Warning: Coupling capacitor (out30 out60 0) on net out60 is discarded because the value cannot be <= 0 (PARA-040)
Warning: Coupling capacitor (out51 out60 0) on net out60 is discarded because the value cannot be <= 0 (PARA-040)
Warning: Coupling capacitor (in58:7 out62 0) on net out62 is discarded because the value cannot be <= 0 (PARA-040)
Warning: Coupling capacitor (out38 out63 0) on net out63 is discarded because the value cannot be <= 0 (PARA-040)
Warning: Coupling capacitor (out43 out63 0) on net out63 is discarded because the value cannot be <= 0 (PARA-040)
Warning: Coupling capacitor (in80:7 out66 0) on net out66 is discarded because the value cannot be <= 0 (PARA-040)
Warning: Coupling capacitor (out39 out67 0) on net out67 is discarded because the value cannot be <= 0 (PARA-040)
Warning: Coupling capacitor (in80:7 out68 0) on net out68 is discarded because the value cannot be <= 0 (PARA-040)
Warning: Coupling capacitor (in92:5 out68 0) on net out68 is discarded because the value cannot be <= 0 (PARA-040)
Warning: Coupling capacitor (out28 out7 0) on net out7 is discarded because the value cannot be <= 0 (PARA-040)
Warning: Coupling capacitor (out39 out7 0) on net out7 is discarded because the value cannot be <= 0 (PARA-040)
Warning: Coupling capacitor (out67 out70 0) on net out70 is discarded because the value cannot be <= 0 (PARA-040)
Warning: Coupling capacitor (in41:9 out70 0) on net out70 is discarded because the value cannot be <= 0 (PARA-040)
Warning: Coupling capacitor (out55 out71 0) on net out71 is discarded because the value cannot be <= 0 (PARA-040)
Warning: Coupling capacitor (in94:7 out71 0) on net out71 is discarded because the value cannot be <= 0 (PARA-040)
Warning: Coupling capacitor (out27 out74 0) on net out74 is discarded because the value cannot be <= 0 (PARA-040)
Warning: Coupling capacitor (in98:7 out74 0) on net out74 is discarded because the value cannot be <= 0 (PARA-040)
Warning: Coupling capacitor (out45 out79 0) on net out79 is discarded because the value cannot be <= 0 (PARA-040)
Warning: Coupling capacitor (out52 out79 0) on net out79 is discarded because the value cannot be <= 0 (PARA-040)
Warning: Coupling capacitor (in73:5 out81 0) on net out81 is discarded because the value cannot be <= 0 (PARA-040)
Warning: Coupling capacitor (in91:7 out81 0) on net out81 is discarded because the value cannot be <= 0 (PARA-040)
Warning: Coupling capacitor (out50 out82 0) on net out82 is discarded because the value cannot be <= 0 (PARA-040)
Warning: Coupling capacitor (out55 out82 0) on net out82 is discarded because the value cannot be <= 0 (PARA-040)
Warning: Coupling capacitor (ANTENNA_input45_A/DIODE out84 0) on net out84 is discarded because the value cannot be <= 0 (PARA-040)
Warning: Coupling capacitor (ANTENNA_input96_A/DIODE out84 0) on net out84 is discarded because the value cannot be <= 0 (PARA-040)
Warning: Coupling capacitor (in49:9 out84 0) on net out84 is discarded because the value cannot be <= 0 (PARA-040)
Warning: Coupling capacitor (in89:13 out84 0) on net out84 is discarded because the value cannot be <= 0 (PARA-040)
Warning: Coupling capacitor (out76 out85 0) on net out85 is discarded because the value cannot be <= 0 (PARA-040)
Warning: Coupling capacitor (in76:7 out86 0) on net out86 is discarded because the value cannot be <= 0 (PARA-040)
Warning: Coupling capacitor (in98:7 out87 0) on net out87 is discarded because the value cannot be <= 0 (PARA-040)
Warning: Coupling capacitor (in99:7 out87 0) on net out87 is discarded because the value cannot be <= 0 (PARA-040)
Warning: Coupling capacitor (out85 out88 0) on net out88 is discarded because the value cannot be <= 0 (PARA-040)
Warning: Coupling capacitor (out54 out89 0) on net out89 is discarded because the value cannot be <= 0 (PARA-040)
Warning: Coupling capacitor (out62 out89 0) on net out89 is discarded because the value cannot be <= 0 (PARA-040)
Warning: Coupling capacitor (in90:9 out90 0) on net out90 is discarded because the value cannot be <= 0 (PARA-040)
Warning: Coupling capacitor (out75 out91 0) on net out91 is discarded because the value cannot be <= 0 (PARA-040)
Warning: Coupling capacitor (in99:7 out91 0) on net out91 is discarded because the value cannot be <= 0 (PARA-040)
Warning: Coupling capacitor (out86 out93 0) on net out93 is discarded because the value cannot be <= 0 (PARA-040)
Warning: Coupling capacitor (in96:5 out93 0) on net out93 is discarded because the value cannot be <= 0 (PARA-040)
Warning: Coupling capacitor (out90 out94 0) on net out94 is discarded because the value cannot be <= 0 (PARA-040)
Warning: Coupling capacitor (out31 out95 0) on net out95 is discarded because the value cannot be <= 0 (PARA-040)
Warning: Coupling capacitor (out66 out95 0) on net out95 is discarded because the value cannot be <= 0 (PARA-040)
Warning: Coupling capacitor (out31 out96 0) on net out96 is discarded because the value cannot be <= 0 (PARA-040)
Warning: Coupling capacitor (in76:7 out96 0) on net out96 is discarded because the value cannot be <= 0 (PARA-040)
Warning: Coupling capacitor (out75 out97 0) on net out97 is discarded because the value cannot be <= 0 (PARA-040)
Warning: Coupling capacitor (out88 out97 0) on net out97 is discarded because the value cannot be <= 0 (PARA-040)
Warning: Coupling capacitor (out76 out98 0) on net out98 is discarded because the value cannot be <= 0 (PARA-040)
Warning: Coupling capacitor (input97/A out98 0) on net out98 is discarded because the value cannot be <= 0 (PARA-040)
Warning: Coupling capacitor (in96:5 out98 0) on net out98 is discarded because the value cannot be <= 0 (PARA-040)
Warning: Coupling capacitor (out27 out99 0) on net out99 is discarded because the value cannot be <= 0 (PARA-040)
Warning: Coupling capacitor (in94:7 out99 0) on net out99 is discarded because the value cannot be <= 0 (PARA-040)
Warning: Coupling capacitor (clkbuf_1_0__f_net424/A clkbuf_1_1__f_net527/A 0) on net clknet_0_net527 is discarded because the value cannot be <= 0 (PARA-040)
Warning: Coupling capacitor (clkbuf_1_1__f_net424/A clkbuf_1_1__f_net532/A 0) on net clknet_0_net532 is discarded because the value cannot be <= 0 (PARA-040)
Note - message 'PARA-040' default limit (100) exceeded.  Remainder will be suppressed.
Warning: Net 'net281' is multi-driven. (DES-023)
Warning: Net 'net386' is multi-driven. (DES-023)
Warning: Net 'net470' is multi-driven. (DES-023)
Warning: Net 'net49' is multi-driven. (DES-023)
Warning: Net 'net493' is multi-driven. (DES-023)
Warning: Net 'net67' is multi-driven. (DES-023)
Warning: Net 'net70' is multi-driven. (DES-023)
Warning: Net 'net72' is multi-driven. (DES-023)
Warning: Net 'net92' is multi-driven. (DES-023)

****************************************
Report : read_parasitics /nas/ei/home/ge78pav/TM_power/TM_openlane/TM_openlane_single_max/TM_openlane_max_ato/TM_openlane_max_ato_mid/netlist_0/low/spef/netlist_0.nom.spef
Design : netlist_0
Version: Q-2019.12-SP1
Date   : Mon Aug 19 17:25:50 2024
****************************************

        0 error(s)
        Format is SPEF
        Annotated nets                   :         1586
        Annotated capacitances           :        16203
        Annotated resistances            :        14617
        Reduced coupling capacitances    :        34935
        Annotated PI models              :            0
        Annotated Elmore delays          :            0

