****************************************
Report : Averaged Power
	-net_power
	-hierarchy
	-sort_by net_switching_power
	-power_greater_than       0
	-nosplit
Design : netlist_1
Version: Q-2019.12-SP1
Date   : Tue Jul 30 20:25:03 2024
****************************************



  Attributes
  ----------
      a  -  Switching activity information / Switching power information annotated on net
      p  -  Propagated switching activity information on net
      d  -  Default switching activity used on net
      u  -  Net switching activity uninitialized
      m  -  Net is driven by multiple pins
      b  -  Net is a primary input (boundary net)

		Toggle rates reported with respect to time unit 1ns
--------------------------------------------------------------------------------
                                  Total      Static   Toggle   Switching
Net                         Vdd   Net Load   Prob.    Rate     Power      Attrs
--------------------------------------------------------------------------------
clknet_0_clk                1.80    0.199    0.500    0.1000   3.224e-05  a
net202                      1.80    0.090    0.280    0.1512   2.204e-05  p
net867                      1.80    0.119    0.500    0.1000   1.933e-05  a
net947                      1.80    0.066    0.693    0.1668   1.792e-05  p
net883                      1.80    0.108    0.500    0.1000   1.751e-05  a
net945                      1.80    0.062    0.693    0.1668   1.678e-05  p
net441                      1.80    0.078    0.579    0.1327   1.675e-05  p
net832                      1.80    0.099    0.500    0.1000   1.610e-05  a
net946                      1.80    0.059    0.693    0.1668   1.606e-05  p
net955                      1.80    0.081    0.229    0.1213   1.591e-05  p
net135                      1.80    0.080    0.296    0.1190   1.548e-05  p
net874                      1.80    0.092    0.500    0.1000   1.492e-05  a
net960                      1.80    0.069    0.422    0.1324   1.476e-05  p
net834                      1.80    0.087    0.500    0.1000   1.414e-05  a
net1016                     1.80    0.085    0.500    0.1000   1.384e-05  a
net92                       1.80    0.083    0.253    0.0975   1.316e-05  p
net948                      1.80    0.048    0.693    0.1668   1.309e-05  p
net835                      1.80    0.077    0.500    0.1000   1.245e-05  a
net906                      1.80    0.055    0.306    0.1406   1.244e-05  p
net962                      1.80    0.096    0.134    0.0793   1.236e-05  p
net848                      1.80    0.073    0.500    0.1000   1.180e-05  a
net825                      1.80    0.071    0.500    0.1000   1.142e-05  a
clknet_4_9_0_clk            1.80    0.070    0.500    0.1000   1.129e-05  a
net340                      1.80    0.068    0.195    0.1010   1.118e-05  p
net873                      1.80    0.069    0.500    0.1000   1.118e-05  a
net1004                     1.80    0.058    0.296    0.1190   1.109e-05  p
clknet_4_10_0_clk           1.80    0.068    0.500    0.1000   1.107e-05  a
net836                      1.80    0.068    0.500    0.1000   1.100e-05  a
net868                      1.80    0.067    0.500    0.1000   1.087e-05  a
net969                      1.80    0.072    0.599    0.0917   1.063e-05  p
clknet_4_8_0_clk            1.80    0.065    0.500    0.1000   1.060e-05  a
clknet_4_11_0_clk           1.80    0.065    0.500    0.1000   1.060e-05  a
clknet_4_4_0_clk            1.80    0.062    0.500    0.1000   1.008e-05  a
net845                      1.80    0.062    0.500    0.1000   1.006e-05  a
net85                       1.80    0.042    0.313    0.1412   9.497e-06  p
net86                       1.80    0.060    0.265    0.0981   9.465e-06  p
net871                      1.80    0.058    0.500    0.1000   9.421e-06  a
clknet_4_3_0_clk            1.80    0.058    0.500    0.1000   9.407e-06  a
clknet_4_1_0_clk            1.80    0.058    0.500    0.1000   9.389e-06  a
clknet_4_2_0_clk            1.80    0.058    0.500    0.1000   9.369e-06  a
clknet_4_13_0_clk           1.80    0.056    0.500    0.1000   9.018e-06  a
net879                      1.80    0.056    0.500    0.1000   9.014e-06  a
net984                      1.80    0.027    0.499    0.2054   8.943e-06  p
net828                      1.80    0.055    0.500    0.1000   8.902e-06  a
clknet_4_12_0_clk           1.80    0.054    0.500    0.1000   8.807e-06  a
net313                      1.80    0.054    0.754    0.0994   8.631e-06  p
clknet_4_0_0_clk            1.80    0.052    0.500    0.1000   8.471e-06  a
net912                      1.80    0.050    0.682    0.1036   8.338e-06  p
net972                      1.80    0.053    0.254    0.0968   8.276e-06  p
net223                      1.80    0.078    0.967    0.0646   8.194e-06  p
net460                      1.80    0.040    0.229    0.1213   7.909e-06  p
net17                       1.80    0.034    0.657    0.1391   7.613e-06  p
net847                      1.80    0.046    0.500    0.1000   7.528e-06  a
clknet_4_6_0_clk            1.80    0.046    0.500    0.1000   7.509e-06  a
clknet_4_7_0_clk            1.80    0.045    0.500    0.1000   7.311e-06  a
net575                      1.80    0.049    0.599    0.0917   7.257e-06  p
net624                      1.80    0.045    0.500    0.1000   7.227e-06  a
net885                      1.80    0.055    0.134    0.0793   7.117e-06  p
net859                      1.80    0.043    0.500    0.1000   6.987e-06  a
net872                      1.80    0.043    0.500    0.1000   6.934e-06  a
net75                       1.80    0.038    0.267    0.1131   6.908e-06  p
net841                      1.80    0.042    0.500    0.1000   6.750e-06  a
net940                      1.80    0.065    0.320    0.0642   6.739e-06  p
net584                      1.80    0.029    0.607    0.1421   6.653e-06  p
net958                      1.80    0.078    0.068    0.0513   6.504e-06  p
net863                      1.80    0.040    0.500    0.1000   6.469e-06  a
net839                      1.80    0.040    0.500    0.1000   6.447e-06  a
net97                       1.80    0.038    0.788    0.1021   6.305e-06  p
clknet_4_5_0_clk            1.80    0.039    0.500    0.1000   6.270e-06  a
net974                      1.80    0.034    0.267    0.1131   6.171e-06  p
net901                      1.80    0.054    0.724    0.0698   6.072e-06  p
net893                      1.80    0.028    0.422    0.1324   6.053e-06  p
net979                      1.80    0.038    0.145    0.0983   6.016e-06  p
net337                      1.80    0.028    0.686    0.1330   5.991e-06  p
net878                      1.80    0.037    0.500    0.1000   5.937e-06  a
net1                        1.80    0.018    0.497    0.2043   5.793e-06  p
net1007                     1.80    0.041    0.104    0.0859   5.703e-06  p
net13                       1.80    0.092    0.034    0.0381   5.686e-06  p
net72                       1.80    0.038    0.154    0.0917   5.678e-06  p
net866                      1.80    0.034    0.500    0.1000   5.462e-06  a
net1019                     1.80    0.033    0.788    0.1021   5.442e-06  p
net734                      1.80    0.040    0.379    0.0824   5.405e-06  p
net302                      1.80    0.042    0.187    0.0786   5.296e-06  p
net943                      1.80    0.032    0.824    0.1028   5.282e-06  p
net41                       1.80    0.068    0.044    0.0468   5.129e-06  p
net829                      1.80    0.032    0.500    0.1000   5.118e-06  a
net985                      1.80    0.015    0.499    0.2054   5.105e-06  p
net861                      1.80    0.031    0.500    0.1000   5.037e-06  a
net738                      1.80    0.029    0.195    0.1010   4.777e-06  p
net973                      1.80    0.030    0.254    0.0968   4.768e-06  p
net869                      1.80    0.028    0.500    0.1000   4.617e-06  a
net198                      1.80    0.037    0.878    0.0729   4.377e-06  p
net3                        1.80    0.014    0.498    0.1879   4.367e-06  p
net796                      1.80    0.037    0.648    0.0732   4.346e-06  p
clknet_4_15_0_clk           1.80    0.027    0.500    0.1000   4.340e-06  a
net1013                     1.80    0.020    0.686    0.1330   4.283e-06  p
net851                      1.80    0.026    0.500    0.1000   4.220e-06  a
net865                      1.80    0.026    0.500    0.1000   4.179e-06  a
net917                      1.80    0.025    0.489    0.1040   4.159e-06  p
clknet_1_0__leaf_net892     1.80    0.026    0.496    0.0998   4.154e-06  p
net225                      1.80    0.048    0.068    0.0513   3.998e-06  p
net882                      1.80    0.024    0.500    0.1000   3.964e-06  a
net849                      1.80    0.024    0.500    0.1000   3.958e-06  a
net976                      1.80    0.020    0.140    0.1187   3.915e-06  p
net877                      1.80    0.024    0.500    0.1000   3.904e-06  a
net728                      1.80    0.040    0.971    0.0603   3.897e-06  p
net852                      1.80    0.024    0.500    0.1000   3.841e-06  a
clknet_4_14_0_clk           1.80    0.024    0.500    0.1000   3.815e-06  a
net98                       1.80    0.027    0.122    0.0854   3.709e-06  p
net826                      1.80    0.023    0.500    0.1000   3.692e-06  a
net862                      1.80    0.023    0.500    0.1000   3.690e-06  a
clknet_0_net622             1.80    0.019    0.515    0.1215   3.684e-06  p
net228                      1.80    0.019    0.289    0.1186   3.636e-06  p
clknet_1_0__leaf_net168     1.80    0.020    0.491    0.1109   3.539e-06  p
clknet_0_net154             1.80    0.018    0.536    0.1174   3.516e-06  p
net881                      1.80    0.022    0.500    0.1000   3.501e-06  a
net218                      1.80    0.035    0.027    0.0601   3.430e-06  p
clknet_0_net168             1.80    0.019    0.491    0.1109   3.373e-06  p
net813                      1.80    0.033    0.541    0.0626   3.361e-06  p
net824                      1.80    0.021    0.500    0.1000   3.360e-06  a
net918                      1.80    0.017    0.140    0.1187   3.359e-06  p
net837                      1.80    0.020    0.500    0.1000   3.304e-06  a
net601                      1.80    0.020    0.821    0.1028   3.253e-06  p
net929                      1.80    0.045    0.676    0.0440   3.220e-06  p
net1003                     1.80    0.018    0.267    0.1131   3.208e-06  p
clknet_0_net892             1.80    0.020    0.496    0.0998   3.191e-06  p
net68                       1.80    0.067    0.031    0.0290   3.154e-06  p
net971                      1.80    0.085    0.511    0.0229   3.139e-06  p
net1014                     1.80    0.009    0.497    0.2043   3.112e-06  p
net10                       1.80    0.016    0.139    0.1221   3.108e-06  p
net262                      1.80    0.032    0.971    0.0604   3.097e-06  p
net856                      1.80    0.019    0.500    0.1000   3.094e-06  a
net81                       1.80    0.015    0.194    0.1276   3.077e-06  p
net0                        1.80    0.009    0.499    0.2054   3.063e-06  p
net95                       1.80    0.015    0.245    0.1303   3.063e-06  p
net546                      1.80    0.013    0.313    0.1412   3.056e-06  p
clknet_0_net754             1.80    0.019    0.497    0.0998   3.024e-06  p
net975                      1.80    0.016    0.140    0.1187   3.017e-06  p
clknet_0_net707             1.80    0.019    0.510    0.1004   3.015e-06  p
net778                      1.80    0.020    0.490    0.0939   3.014e-06  p
clknet_0_net710             1.80    0.019    0.489    0.0972   2.992e-06  p
net761                      1.80    0.025    0.429    0.0724   2.920e-06  p
net187                      1.80    0.018    0.254    0.0968   2.890e-06  p
net780                      1.80    0.019    0.404    0.0924   2.867e-06  p
net312                      1.80    0.017    0.747    0.1003   2.840e-06  p
net82                       1.80    0.016    0.260    0.1108   2.833e-06  p
net66                       1.80    0.024    0.129    0.0725   2.816e-06  p
net870                      1.80    0.017    0.500    0.1000   2.816e-06  a
net2                        1.80    0.008    0.539    0.2259   2.778e-06  p
clknet_0_net507             1.80    0.019    0.126    0.0890   2.758e-06  p
net850                      1.80    0.017    0.500    0.1000   2.742e-06  a
net843                      1.80    0.017    0.500    0.1000   2.741e-06  a
net740                      1.80    0.037    0.068    0.0451   2.732e-06  p
net602                      1.80    0.016    0.179    0.1028   2.730e-06  p
net739                      1.80    0.018    0.599    0.0917   2.729e-06  p
net776                      1.80    0.031    0.148    0.0546   2.723e-06  p
net599                      1.80    0.016    0.824    0.1028   2.720e-06  p
net842                      1.80    0.017    0.500    0.1000   2.689e-06  a
net699                      1.80    0.014    0.528    0.1142   2.652e-06  p
clknet_0_net789             1.80    0.020    0.422    0.0833   2.639e-06  p
net551                      1.80    0.012    0.686    0.1330   2.587e-06  p
clknet_1_1__leaf_net168     1.80    0.014    0.491    0.1109   2.564e-06  p
net729                      1.80    0.026    0.027    0.0601   2.551e-06  p
clknet_0_net353             1.80    0.020    0.867    0.0800   2.542e-06  p
net435                      1.80    0.017    0.599    0.0917   2.492e-06  p
net876                      1.80    0.015    0.500    0.1000   2.488e-06  a
net308                      1.80    0.012    0.731    0.1259   2.469e-06  p
net875                      1.80    0.015    0.500    0.1000   2.465e-06  a
net777                      1.80    0.028    0.849    0.0549   2.446e-06  p
clknet_0_net752             1.80    0.020    0.388    0.0772   2.446e-06  p
net892                      1.80    0.015    0.496    0.0998   2.437e-06  p
net91                       1.80    0.019    0.134    0.0793   2.434e-06  p
net304                      1.80    0.050    0.032    0.0295   2.409e-06  p
clknet_1_0__leaf_net372     1.80    0.021    0.724    0.0698   2.327e-06  p
net854                      1.80    0.014    0.500    0.1000   2.325e-06  a
net853                      1.80    0.014    0.500    0.1000   2.319e-06  a
clknet_0_net372             1.80    0.020    0.724    0.0698   2.288e-06  p
net404                      1.80    0.023    0.675    0.0600   2.266e-06  p
net846                      1.80    0.014    0.500    0.1000   2.261e-06  a
clknet_0_net464             1.80    0.019    0.746    0.0722   2.246e-06  p
net554                      1.80    0.008    0.307    0.1668   2.237e-06  p
net1041                     1.80    0.013    0.524    0.1102   2.234e-06  p
net6                        1.80    0.014    0.256    0.0982   2.192e-06  p
net1009                     1.80    0.016    0.104    0.0859   2.183e-06  p
net168                      1.80    0.012    0.491    0.1109   2.160e-06  p
net789                      1.80    0.016    0.422    0.0833   2.147e-06  p
net1050                     1.80    0.013    0.500    0.1000   2.135e-06  a
net7                        1.80    0.013    0.138    0.1040   2.117e-06  p
net1020                     1.80    0.010    0.731    0.1259   2.073e-06  p
net118                      1.80    0.013    0.766    0.0969   2.072e-06  p
net5                        1.80    0.013    0.242    0.0968   2.058e-06  p
net352                      1.80    0.026    0.707    0.0496   2.054e-06  p
net907                      1.80    0.027    0.151    0.0475   2.041e-06  p
net798                      1.80    0.027    0.747    0.0461   2.025e-06  p
net125                      1.80    0.060    0.019    0.0210   2.025e-06  p
net864                      1.80    0.012    0.500    0.1000   2.021e-06  a
net77                       1.80    0.014    0.104    0.0859   1.965e-06  p
net611                      1.80    0.008    0.280    0.1589   1.949e-06  p
net154                      1.80    0.010    0.536    0.1174   1.936e-06  p
net754                      1.80    0.012    0.497    0.0998   1.934e-06  p
net886                      1.80    0.105    0.009    0.0114   1.929e-06  p
net403                      1.80    0.020    0.325    0.0600   1.916e-06  p
clknet_0_net595             1.80    0.018    0.908    0.0642   1.881e-06  p
net833                      1.80    0.012    0.500    0.1000   1.877e-06  a
clknet_1_0__leaf_net595     1.80    0.018    0.908    0.0642   1.839e-06  p
net141                      1.80    0.049    0.981    0.0230   1.829e-06  p
net928                      1.80    0.011    0.488    0.1002   1.777e-06  p
net507                      1.80    0.012    0.126    0.0890   1.774e-06  p
net423                      1.80    0.013    0.104    0.0859   1.740e-06  p
net70                       1.80    0.036    0.033    0.0299   1.737e-06  p
net691                      1.80    0.023    0.073    0.0463   1.733e-06  p
net348                      1.80    0.017    0.652    0.0596   1.690e-06  p
net471                      1.80    0.020    0.950    0.0505   1.678e-06  p
net838                      1.80    0.010    0.500    0.1000   1.670e-06  a
net113                      1.80    0.053    0.064    0.0194   1.653e-06  p
net622                      1.80    0.008    0.515    0.1215   1.645e-06  p
net126                      1.80    0.009    0.287    0.1188   1.640e-06  p
clknet_1_1__leaf_net595     1.80    0.016    0.908    0.0642   1.639e-06  p
net230                      1.80    0.020    0.988    0.0493   1.607e-06  p
net240                      1.80    0.032    0.034    0.0310   1.594e-06  p
net220                      1.80    0.012    0.938    0.0811   1.588e-06  p
clknet_1_0__leaf_net754     1.80    0.010    0.497    0.0998   1.576e-06  p
net559                      1.80    0.031    0.045    0.0313   1.573e-06  p
net830                      1.80    0.010    0.500    0.1000   1.572e-06  a
net707                      1.80    0.010    0.510    0.1004   1.569e-06  p
net65                       1.80    0.013    0.127    0.0716   1.562e-06  p
net25                       1.80    0.020    0.061    0.0470   1.549e-06  p
net267                      1.80    0.015    0.314    0.0650   1.544e-06  p
net372                      1.80    0.014    0.724    0.0698   1.544e-06  p
net860                      1.80    0.009    0.500    0.1000   1.534e-06  a
net627                      1.80    0.005    0.530    0.1758   1.533e-06  p
net689                      1.80    0.028    0.807    0.0342   1.531e-06  p
net286                      1.80    0.021    0.011    0.0441   1.506e-06  p
net226                      1.80    0.019    0.988    0.0493   1.487e-06  p
net880                      1.80    0.009    0.500    0.1000   1.482e-06  a
net788                      1.80    0.040    0.511    0.0229   1.482e-06  p
net795                      1.80    0.012    0.653    0.0777   1.469e-06  p
net420                      1.80    0.009    0.505    0.0990   1.456e-06  p
clknet_1_1__leaf_net754     1.80    0.009    0.497    0.0998   1.450e-06  p
clknet_1_0__leaf_net154     1.80    0.008    0.536    0.1174   1.439e-06  p
net968                      1.80    0.074    0.019    0.0119   1.431e-06  p
net697                      1.80    0.008    0.524    0.1102   1.426e-06  p
net464                      1.80    0.012    0.746    0.0722   1.414e-06  p
net4                        1.80    0.009    0.244    0.0960   1.406e-06  p
net67                       1.80    0.048    0.017    0.0182   1.403e-06  p
net371                      1.80    0.006    0.494    0.1529   1.401e-06  p
net96                       1.80    0.041    0.019    0.0210   1.401e-06  p
net709                      1.80    0.011    0.624    0.0803   1.398e-06  p
net27                       1.80    0.009    0.242    0.0969   1.392e-06  p
net967                      1.80    0.072    0.019    0.0119   1.387e-06  p
net16                       1.80    0.009    0.250    0.0980   1.383e-06  p
net636                      1.80    0.011    0.111    0.0769   1.380e-06  p
net773                      1.80    0.015    0.476    0.0563   1.380e-06  p
net710                      1.80    0.009    0.489    0.0972   1.378e-06  p
clknet_1_0__leaf_net752     1.80    0.011    0.388    0.0772   1.368e-06  p
net664                      1.80    0.006    0.457    0.1369   1.364e-06  p
net332                      1.80    0.010    0.518    0.0823   1.350e-06  p
net994                      1.80    0.007    0.731    0.1259   1.341e-06  p
net595                      1.80    0.013    0.908    0.0642   1.333e-06  p
net242                      1.80    0.017    0.988    0.0493   1.322e-06  p
net992                      1.80    0.006    0.194    0.1276   1.310e-06  p
net472                      1.80    0.005    0.255    0.1559   1.290e-06  p
net268                      1.80    0.012    0.686    0.0650   1.277e-06  p
net935                      1.80    0.013    0.760    0.0622   1.270e-06  p
net983                      1.80    0.008    0.145    0.0983   1.265e-06  p
net897                      1.80    0.026    0.880    0.0301   1.246e-06  p
net108                      1.80    0.008    0.184    0.0968   1.226e-06  p
clknet_1_1__leaf_net752     1.80    0.010    0.388    0.0772   1.224e-06  p
net465                      1.80    0.005    0.778    0.1428   1.219e-06  p
net797                      1.80    0.012    0.706    0.0607   1.218e-06  p
clknet_1_0__leaf_net884     1.80    0.043    0.088    0.0172   1.202e-06  p
net351                      1.80    0.015    0.293    0.0496   1.202e-06  p
net394                      1.80    0.017    0.060    0.0424   1.201e-06  p
net94                       1.80    0.007    0.251    0.0988   1.187e-06  p
clknet_1_0__leaf_net464     1.80    0.010    0.746    0.0722   1.182e-06  p
net490                      1.80    0.006    0.296    0.1190   1.163e-06  p
net501                      1.80    0.013    0.886    0.0527   1.152e-06  p
net8                        1.80    0.010    0.125    0.0717   1.150e-06  p
net772                      1.80    0.013    0.520    0.0566   1.147e-06  p
net573                      1.80    0.013    0.219    0.0548   1.146e-06  p
net454                      1.80    0.035    0.990    0.0197   1.127e-06  p
net380                      1.80    0.007    0.578    0.0934   1.125e-06  p
net686                      1.80    0.014    0.988    0.0493   1.124e-06  p
net1012                     1.80    0.008    0.104    0.0859   1.120e-06  p
net794                      1.80    0.033    0.031    0.0208   1.105e-06  p
net752                      1.80    0.009    0.388    0.0772   1.103e-06  p
net100                      1.80    0.007    0.754    0.1027   1.099e-06  p
net301                      1.80    0.027    0.759    0.0253   1.099e-06  p
clknet_1_1__leaf_net884     1.80    0.039    0.088    0.0172   1.091e-06  p
clknet_1_1__leaf_net892     1.80    0.007    0.496    0.0998   1.087e-06  p
net353                      1.80    0.008    0.867    0.0800   1.076e-06  p
net321                      1.80    0.006    0.454    0.1199   1.072e-06  p
net69                       1.80    0.059    0.009    0.0111   1.072e-06  p
net186                      1.80    0.008    0.128    0.0798   1.071e-06  p
net253                      1.80    0.006    0.752    0.1040   1.069e-06  p
clknet_1_1__leaf_net464     1.80    0.009    0.746    0.0722   1.069e-06  p
net1011                     1.80    0.008    0.104    0.0859   1.067e-06  p
net840                      1.80    0.007    0.500    0.1000   1.059e-06  a
net347                      1.80    0.011    0.348    0.0596   1.057e-06  p
net502                      1.80    0.014    0.881    0.0457   1.055e-06  p
net621                      1.80    0.005    0.353    0.1271   1.050e-06  p
net908                      1.80    0.021    0.852    0.0303   1.050e-06  p
net243                      1.80    0.013    0.988    0.0493   1.046e-06  p
net237                      1.80    0.033    0.934    0.0197   1.043e-06  p
clknet_0_net708             1.80    0.019    0.170    0.0345   1.039e-06  p
net314                      1.80    0.004    0.693    0.1668   1.037e-06  p
net63                       1.80    0.006    0.505    0.1020   1.027e-06  p
net129                      1.80    0.032    0.066    0.0197   1.025e-06  p
net759                      1.80    0.013    0.971    0.0472   1.024e-06  p
net217                      1.80    0.010    0.971    0.0603   1.021e-06  p
clknet_1_1__leaf_net154     1.80    0.005    0.536    0.1174   1.019e-06  p
net827                      1.80    0.006    0.500    0.1000   1.018e-06  a
net989                      1.80    0.035    0.017    0.0182   1.017e-06  p
net355                      1.80    0.007    0.855    0.0941   1.014e-06  p
net665                      1.80    0.005    0.749    0.1290   1.013e-06  p
net239                      1.80    0.020    0.035    0.0312   1.012e-06  p
net452                      1.80    0.013    0.976    0.0464   1.007e-06  p
net977                      1.80    0.005    0.140    0.1187   1.006e-06  p
net1010                     1.80    0.007    0.104    0.0859   1.003e-06  p
net663                      1.80    0.006    0.184    0.0968   9.983e-07  p
net649                      1.80    0.003    0.656    0.2108   9.953e-07  p
net171                      1.80    0.029    0.033    0.0209   9.787e-07  p
clknet_0_net477             1.80    0.021    0.930    0.0290   9.737e-07  p
clknet_1_0__leaf_net707     1.80    0.006    0.510    0.1004   9.697e-07  p
net550                      1.80    0.004    0.693    0.1668   9.650e-07  p
net576                      1.80    0.005    0.695    0.1210   9.633e-07  p
net322                      1.80    0.017    0.214    0.0347   9.451e-07  p
net12                       1.80    0.008    0.123    0.0699   9.439e-07  p
net758                      1.80    0.012    0.024    0.0469   9.402e-07  p
net767                      1.80    0.060    0.108    0.0096   9.399e-07  p
net774                      1.80    0.026    0.172    0.0222   9.210e-07  p
net991                      1.80    0.004    0.686    0.1330   9.206e-07  p
net110                      1.80    0.006    0.154    0.0990   9.189e-07  p
net439                      1.80    0.005    0.467    0.1229   9.177e-07  p
net24                       1.80    0.006    0.145    0.0983   9.169e-07  p
clknet_1_0__leaf_net507     1.80    0.006    0.126    0.0890   9.077e-07  p
net804                      1.80    0.026    0.355    0.0218   9.037e-07  p
net993                      1.80    0.005    0.788    0.1021   9.020e-07  p
net152                      1.80    0.019    0.065    0.0294   9.018e-07  p
net698                      1.80    0.005    0.493    0.1021   8.856e-07  p
net499                      1.80    0.006    0.414    0.0872   8.845e-07  p
net9                        1.80    0.012    0.062    0.0468   8.804e-07  p
net93                       1.80    0.026    0.019    0.0210   8.784e-07  p
net516                      1.80    0.004    0.655    0.1221   8.761e-07  p
net615                      1.80    0.006    0.277    0.0872   8.721e-07  p
net986                      1.80    0.003    0.499    0.2054   8.716e-07  p
net1006                     1.80    0.048    0.009    0.0111   8.712e-07  p
net613                      1.80    0.005    0.180    0.1047   8.676e-07  p
net600                      1.80    0.005    0.292    0.1006   8.671e-07  p
net151                      1.80    0.031    0.259    0.0169   8.544e-07  p
net333                      1.80    0.006    0.482    0.0823   8.477e-07  p
net858                      1.80    0.005    0.500    0.1000   8.470e-07  a
net646                      1.80    0.003    0.737    0.1666   8.458e-07  p
net695                      1.80    0.005    0.290    0.1117   8.431e-07  p
net625                      1.80    0.007    0.461    0.0792   8.422e-07  p
net362                      1.80    0.008    0.129    0.0660   8.402e-07  p
net399                      1.80    0.004    0.503    0.1369   8.205e-07  p
clknet_1_0__leaf_net353     1.80    0.006    0.867    0.0800   8.153e-07  p
net605                      1.80    0.004    0.703    0.1137   8.143e-07  p
net336                      1.80    0.061    0.107    0.0082   8.122e-07  p
net451                      1.80    0.011    0.024    0.0464   8.071e-07  p
net815                      1.80    0.006    0.525    0.0829   8.054e-07  p
net1015                     1.80    0.027    0.017    0.0182   8.033e-07  p
net857                      1.80    0.005    0.500    0.1000   7.970e-07  a
net477                      1.80    0.017    0.930    0.0290   7.950e-07  p
net844                      1.80    0.005    0.500    0.1000   7.907e-07  a
net910                      1.80    0.013    0.104    0.0363   7.885e-07  p
net733                      1.80    0.016    0.464    0.0301   7.777e-07  p
net775                      1.80    0.021    0.823    0.0220   7.674e-07  p
clknet_1_1__leaf_net507     1.80    0.005    0.126    0.0890   7.633e-07  p
net500                      1.80    0.005    0.586    0.0872   7.628e-07  p
net111                      1.80    0.007    0.121    0.0714   7.592e-07  p
net553                      1.80    0.003    0.693    0.1668   7.585e-07  p
net319                      1.80    0.003    0.726    0.1499   7.585e-07  p
net568                      1.80    0.004    0.528    0.1112   7.579e-07  p
net184                      1.80    0.006    0.132    0.0777   7.452e-07  p
net920                      1.80    0.085    0.997    0.0053   7.323e-07  p
net11                       1.80    0.010    0.042    0.0465   7.226e-07  p
net521                      1.80    0.006    0.624    0.0803   7.207e-07  p
net155                      1.80    0.026    0.259    0.0169   7.178e-07  p
net334                      1.80    0.004    0.165    0.1053   7.149e-07  p
net810                      1.80    0.005    0.276    0.0916   7.127e-07  p
net996                      1.80    0.004    0.788    0.1021   7.073e-07  p
clknet_0_net771             1.80    0.019    0.109    0.0228   7.021e-07  p
net607                      1.80    0.004    0.178    0.1027   6.969e-07  p
clknet_1_1__leaf_net372     1.80    0.006    0.724    0.0698   6.964e-07  p
net631                      1.80    0.003    0.531    0.1337   6.909e-07  p
net980                      1.80    0.004    0.145    0.0983   6.864e-07  p
net71                       1.80    0.014    0.033    0.0299   6.770e-07  p
net197                      1.80    0.016    0.031    0.0266   6.729e-07  p
net966                      1.80    0.035    0.019    0.0119   6.719e-07  p
net735                      1.80    0.007    0.184    0.0579   6.716e-07  p
net509                      1.80    0.003    0.340    0.1345   6.630e-07  p
net687                      1.80    0.008    0.112    0.0528   6.605e-07  p
net618                      1.80    0.005    0.541    0.0850   6.593e-07  p
net998                      1.80    0.070    0.004    0.0058   6.577e-07  p
clknet_1_1__leaf_net353     1.80    0.005    0.867    0.0800   6.530e-07  p
net215                      1.80    0.007    0.971    0.0603   6.509e-07  p
net14                       1.80    0.010    0.033    0.0387   6.491e-07  p
net620                      1.80    0.004    0.784    0.1045   6.461e-07  p
net626                      1.80    0.004    0.608    0.1036   6.366e-07  p
net914                      1.80    0.025    0.129    0.0154   6.330e-07  p
net384                      1.80    0.002    0.392    0.1617   6.315e-07  p
net109                      1.80    0.020    0.064    0.0194   6.307e-07  p
net504                      1.80    0.003    0.270    0.1239   6.305e-07  p
net981                      1.80    0.004    0.145    0.0983   6.284e-07  p
net1037                     1.80    0.004    0.508    0.1042   6.273e-07  p
clknet_1_1__leaf_net710     1.80    0.004    0.489    0.0972   6.206e-07  p
clknet_0_net884             1.80    0.022    0.088    0.0172   6.153e-07  p
net128                      1.80    0.019    0.934    0.0197   6.149e-07  p
net965                      1.80    0.032    0.019    0.0119   6.140e-07  p
net195                      1.80    0.065    0.004    0.0058   6.099e-07  p
net800                      1.80    0.021    0.687    0.0181   6.083e-07  p
net814                      1.80    0.008    0.448    0.0441   6.017e-07  p
net449                      1.80    0.004    0.506    0.0992   6.017e-07  p
net209                      1.80    0.015    0.966    0.0240   6.012e-07  p
clknet_1_1__leaf_net622     1.80    0.003    0.515    0.1215   5.972e-07  p
clknet_0_net567             1.80    0.020    0.095    0.0184   5.917e-07  p
net690                      1.80    0.008    0.849    0.0475   5.892e-07  p
net191                      1.80    0.011    0.030    0.0337   5.883e-07  p
net443                      1.80    0.004    0.599    0.0917   5.855e-07  p
net511                      1.80    0.003    0.301    0.1052   5.813e-07  p
net323                      1.80    0.014    0.237    0.0253   5.762e-07  p
clknet_1_1__leaf_net789     1.80    0.004    0.422    0.0833   5.680e-07  p
net982                      1.80    0.004    0.145    0.0983   5.677e-07  p
net1039                     1.80    0.005    0.314    0.0653   5.641e-07  p
net569                      1.80    0.004    0.525    0.0829   5.606e-07  p
net959                      1.80    0.069    0.003    0.0050   5.576e-07  p
clknet_1_0__leaf_net789     1.80    0.004    0.422    0.0833   5.535e-07  p
net629                      1.80    0.003    0.641    0.1130   5.528e-07  p
net807                      1.80    0.005    0.345    0.0687   5.422e-07  p
net978                      1.80    0.003    0.140    0.1187   5.294e-07  p
net1008                     1.80    0.004    0.104    0.0859   5.207e-07  p
net894                      1.80    0.056    0.004    0.0058   5.204e-07  p
net315                      1.80    0.013    0.763    0.0253   5.196e-07  p
net708                      1.80    0.009    0.170    0.0345   5.147e-07  p
net514                      1.80    0.002    0.659    0.1284   5.128e-07  p
clknet_0_net445             1.80    0.020    0.096    0.0156   5.124e-07  p
net318                      1.80    0.003    0.745    0.1232   5.120e-07  p
net811                      1.80    0.005    0.172    0.0595   5.090e-07  p
net855                      1.80    0.003    0.500    0.1000   5.056e-07  a
clknet_1_1__leaf_net707     1.80    0.003    0.510    0.1004   5.042e-07  p
net199                      1.80    0.005    0.027    0.0601   5.033e-07  p
net719                      1.80    0.018    0.239    0.0172   4.989e-07  p
net884                      1.80    0.018    0.088    0.0172   4.983e-07  p
net143                      1.80    0.017    0.979    0.0181   4.978e-07  p
net317                      1.80    0.010    0.148    0.0303   4.956e-07  p
clknet_1_0__leaf_net622     1.80    0.003    0.515    0.1215   4.945e-07  p
net164                      1.80    0.004    0.886    0.0785   4.914e-07  p
net713                      1.80    0.005    0.801    0.0560   4.907e-07  p
net200                      1.80    0.002    0.441    0.1275   4.855e-07  p
net283                      1.80    0.005    0.679    0.0660   4.844e-07  p
net405                      1.80    0.002    0.523    0.1385   4.833e-07  p
net1005                     1.80    0.051    0.004    0.0058   4.817e-07  p
net591                      1.80    0.002    0.310    0.1409   4.764e-07  p
net616                      1.80    0.002    0.492    0.1462   4.742e-07  p
net277                      1.80    0.003    0.424    0.1156   4.741e-07  p
net167                      1.80    0.003    0.755    0.0975   4.731e-07  p
net723                      1.80    0.015    0.934    0.0197   4.712e-07  p
net596                      1.80    0.006    0.672    0.0446   4.687e-07  p
net693                      1.80    0.003    0.500    0.1000   4.640e-07  a
net647                      1.80    0.003    0.347    0.1004   4.479e-07  p
net349                      1.80    0.003    0.234    0.0856   4.440e-07  p
net39                       1.80    0.017    0.011    0.0160   4.408e-07  p
net450                      1.80    0.009    0.482    0.0286   4.378e-07  p
net358                      1.80    0.002    0.606    0.1158   4.344e-07  p
net182                      1.80    0.004    0.120    0.0688   4.334e-07  p
net630                      1.80    0.008    0.066    0.0332   4.331e-07  p
net19                       1.80    0.012    0.017    0.0216   4.318e-07  p
net470                      1.80    0.007    0.111    0.0364   4.318e-07  p
net619                      1.80    0.003    0.535    0.0998   4.281e-07  p
net382                      1.80    0.003    0.360    0.0750   4.243e-07  p
net812                      1.80    0.004    0.819    0.0614   4.226e-07  p
net677                      1.80    0.011    0.033    0.0241   4.198e-07  p
net890                      1.80    0.019    0.965    0.0138   4.181e-07  p
net156                      1.80    0.007    0.132    0.0366   4.169e-07  p
net519                      1.80    0.003    0.704    0.1006   4.147e-07  p
net614                      1.80    0.002    0.780    0.1091   4.143e-07  p
clknet_0_net744             1.80    0.022    0.055    0.0114   4.102e-07  p
net714                      1.80    0.005    0.199    0.0560   4.101e-07  p
net285                      1.80    0.006    0.324    0.0439   4.099e-07  p
net238                      1.80    0.005    0.988    0.0493   4.098e-07  p
net370                      1.80    0.002    0.682    0.1037   4.092e-07  p
net297                      1.80    0.014    0.019    0.0184   4.077e-07  p
net440                      1.80    0.006    0.021    0.0436   4.077e-07  p
net493                      1.80    0.005    0.046    0.0477   4.029e-07  p
net127                      1.80    0.002    0.290    0.1117   4.025e-07  p
net732                      1.80    0.008    0.536    0.0301   4.008e-07  p
net801                      1.80    0.019    0.819    0.0132   3.987e-07  p
net73                       1.80    0.042    0.004    0.0058   3.963e-07  p
net604                      1.80    0.004    0.924    0.0556   3.962e-07  p
net1054                     1.80    0.003    0.648    0.0732   3.956e-07  p
net725                      1.80    0.003    0.039    0.0823   3.940e-07  p
net593                      1.80    0.004    0.744    0.0609   3.928e-07  p
net650                      1.80    0.005    0.791    0.0478   3.924e-07  p
net831                      1.80    0.002    0.500    0.1000   3.865e-07  a
net954                      1.80    0.109    0.001    0.0022   3.799e-07  p
net444                      1.80    0.024    0.006    0.0098   3.777e-07  p
net462                      1.80    0.002    0.581    0.1128   3.738e-07  p
net771                      1.80    0.010    0.109    0.0228   3.729e-07  p
net320                      1.80    0.004    0.972    0.0581   3.692e-07  p
net36                       1.80    0.044    0.003    0.0052   3.659e-07  p
net736                      1.80    0.004    0.062    0.0606   3.652e-07  p
clknet_1_0__leaf_net710     1.80    0.002    0.489    0.0972   3.644e-07  p
net338                      1.80    0.002    0.195    0.1010   3.633e-07  p
net731                      1.80    0.002    0.508    0.1042   3.630e-07  p
net522                      1.80    0.002    0.751    0.0924   3.571e-07  p
net84                       1.80    0.057    0.003    0.0038   3.499e-07  p
clknet_1_1__leaf_net708     1.80    0.006    0.170    0.0345   3.492e-07  p
net346                      1.80    0.008    0.759    0.0253   3.445e-07  p
clknet_0_net344             1.80    0.019    0.055    0.0114   3.438e-07  p
net288                      1.80    0.005    0.018    0.0462   3.414e-07  p
net407                      1.80    0.009    0.081    0.0229   3.382e-07  p
net563                      1.80    0.002    0.170    0.0902   3.380e-07  p
net898                      1.80    0.009    0.034    0.0237   3.380e-07  p
net603                      1.80    0.003    0.398    0.0787   3.371e-07  p
net548                      1.80    0.005    0.068    0.0451   3.369e-07  p
net941                      1.80    0.011    0.259    0.0188   3.361e-07  p
net78                       1.80    0.059    0.002    0.0035   3.330e-07  p
net671                      1.80    0.003    0.876    0.0733   3.325e-07  p
net147                      1.80    0.002    0.493    0.1021   3.306e-07  p
net606                      1.80    0.003    0.198    0.0660   3.302e-07  p
clknet_1_0__leaf_net770     1.80    0.028    0.036    0.0071   3.292e-07  p
net964                      1.80    0.035    0.004    0.0058   3.278e-07  p
net711                      1.80    0.008    0.237    0.0253   3.268e-07  p
net149                      1.80    0.002    0.766    0.0969   3.260e-07  p
clknet_1_0__leaf_net744     1.80    0.018    0.055    0.0114   3.242e-07  p
net950                      1.80    0.084    0.001    0.0024   3.217e-07  p
net45                       1.80    0.025    0.005    0.0080   3.214e-07  p
net667                      1.80    0.002    0.128    0.1033   3.204e-07  p
net755                      1.80    0.003    0.238    0.0619   3.196e-07  p
net150                      1.80    0.002    0.766    0.0969   3.181e-07  p
net181                      1.80    0.008    0.072    0.0238   3.176e-07  p
net523                      1.80    0.021    0.008    0.0093   3.158e-07  p
net196                      1.80    0.025    0.006    0.0078   3.156e-07  p
net716                      1.80    0.038    0.009    0.0051   3.142e-07  p
net757                      1.80    0.007    0.043    0.0259   3.102e-07  p
net434                      1.80    0.002    0.599    0.0917   3.072e-07  p
net335                      1.80    0.002    0.482    0.0854   3.055e-07  p
net265                      1.80    0.002    0.196    0.0845   3.054e-07  p
clknet_1_0__leaf_net771     1.80    0.008    0.109    0.0228   3.036e-07  p
net809                      1.80    0.003    0.189    0.0612   3.011e-07  p
net567                      1.80    0.010    0.095    0.0184   3.003e-07  p
net997                      1.80    0.032    0.004    0.0058   2.991e-07  p
net765                      1.80    0.011    0.323    0.0169   2.973e-07  p
net26                       1.80    0.023    0.005    0.0080   2.960e-07  p
net28                       1.80    0.023    0.005    0.0080   2.933e-07  p
net518                      1.80    0.002    0.651    0.0739   2.932e-07  p
net675                      1.80    0.002    0.053    0.0905   2.932e-07  p
net22                       1.80    0.023    0.005    0.0080   2.923e-07  p
net445                      1.80    0.011    0.096    0.0156   2.877e-07  p
net623                      1.80    0.002    0.263    0.0742   2.853e-07  p
net628                      1.80    0.002    0.439    0.0705   2.843e-07  p
net657                      1.80    0.004    0.113    0.0429   2.842e-07  p
net432                      1.80    0.003    0.693    0.0577   2.802e-07  p
net821                      1.80    0.021    0.107    0.0082   2.783e-07  p
net112                      1.80    0.007    0.027    0.0255   2.758e-07  p
net402                      1.80    0.005    0.674    0.0340   2.734e-07  p
net517                      1.80    0.004    0.061    0.0471   2.676e-07  p
clknet_0_net770             1.80    0.023    0.036    0.0071   2.654e-07  p
net292                      1.80    0.004    0.109    0.0449   2.647e-07  p
net289                      1.80    0.004    0.669    0.0451   2.624e-07  p
net791                      1.80    0.005    0.116    0.0299   2.606e-07  p
net29                       1.80    0.032    0.003    0.0050   2.604e-07  p
net574                      1.80    0.006    0.036    0.0263   2.593e-07  p
net987                      1.80    0.009    0.017    0.0182   2.567e-07  p
net744                      1.80    0.014    0.055    0.0114   2.548e-07  p
net503                      1.80    0.007    0.262    0.0220   2.537e-07  p
clknet_1_0__leaf_net344     1.80    0.014    0.055    0.0114   2.529e-07  p
net1061                     1.80    0.003    0.971    0.0472   2.517e-07  p
net770                      1.80    0.022    0.036    0.0071   2.513e-07  p
net792                      1.80    0.003    0.402    0.0603   2.509e-07  p
net658                      1.80    0.003    0.974    0.0600   2.459e-07  p
net766                      1.80    0.009    0.668    0.0169   2.458e-07  p
net354                      1.80    0.003    0.865    0.0566   2.456e-07  p
net330                      1.80    0.003    0.076    0.0557   2.434e-07  p
net244                      1.80    0.003    0.988    0.0493   2.433e-07  p
net76                       1.80    0.040    0.003    0.0038   2.428e-07  p
clknet_1_0__leaf_net477     1.80    0.005    0.930    0.0290   2.410e-07  p
out40                       1.80    0.001    0.489    0.1040   2.406e-07  p
net730                      1.80    0.006    0.966    0.0240   2.396e-07  p
clknet_1_1__leaf_net744     1.80    0.013    0.055    0.0114   2.387e-07  p
net712                      1.80    0.006    0.760    0.0253   2.385e-07  p
net160                      1.80    0.002    0.713    0.0703   2.368e-07  p
net988                      1.80    0.008    0.017    0.0182   2.365e-07  p
net185                      1.80    0.004    0.030    0.0337   2.365e-07  p
net325                      1.80    0.003    0.704    0.0577   2.350e-07  p
net287                      1.80    0.003    0.084    0.0474   2.350e-07  p
net329                      1.80    0.002    0.035    0.0681   2.346e-07  p
net390                      1.80    0.004    0.982    0.0344   2.344e-07  p
net508                      1.80    0.003    0.878    0.0483   2.341e-07  p
net990                      1.80    0.025    0.004    0.0058   2.309e-07  p
net678                      1.80    0.003    0.018    0.0462   2.300e-07  p
net89                       1.80    0.086    0.001    0.0016   2.268e-07  p
net779                      1.80    0.007    0.121    0.0191   2.242e-07  p
net793                      1.80    0.002    0.594    0.0601   2.229e-07  p
net721                      1.80    0.004    0.754    0.0365   2.210e-07  p
net360                      1.80    0.003    0.203    0.0525   2.192e-07  p
net572                      1.80    0.002    0.525    0.0829   2.192e-07  p
net32                       1.80    0.026    0.003    0.0052   2.181e-07  p
net742                      1.80    0.006    0.527    0.0224   2.179e-07  pm
net176                      1.80    0.003    0.044    0.0470   2.164e-07  p
net655                      1.80    0.009    0.017    0.0153   2.147e-07  p
net47                       1.80    0.027    0.003    0.0048   2.133e-07  p
net520                      1.80    0.002    0.355    0.0541   2.095e-07  p
clknet_1_0__leaf_net887     1.80    0.037    0.996    0.0035   2.083e-07  p
net720                      1.80    0.003    0.241    0.0365   2.062e-07  p
net395                      1.80    0.013    0.046    0.0094   2.045e-07  p
net266                      1.80    0.004    0.079    0.0290   2.000e-07  p
net163                      1.80    0.004    0.974    0.0286   2.000e-07  p
net386                      1.80    0.013    0.892    0.0096   1.994e-07  p
net556                      1.80    0.006    0.022    0.0220   1.991e-07  p
clknet_1_0__leaf_net567     1.80    0.007    0.095    0.0184   1.990e-07  p
net909                      1.80    0.020    0.004    0.0061   1.982e-07  p
net891                      1.80    0.007    0.032    0.0172   1.934e-07  p
net201                      1.80    0.002    0.072    0.0532   1.926e-07  p
net183                      1.80    0.020    0.004    0.0058   1.914e-07  p
clknet_1_1__leaf_net344     1.80    0.010    0.055    0.0114   1.913e-07  p
net781                      1.80    0.012    0.049    0.0101   1.909e-07  p
net666                      1.80    0.008    0.980    0.0142   1.909e-07  p
net88                       1.80    0.006    0.019    0.0210   1.906e-07  p
net344                      1.80    0.010    0.055    0.0114   1.901e-07  p
net481                      1.80    0.022    0.007    0.0052   1.894e-07  p
net193                      1.80    0.015    0.006    0.0078   1.890e-07  p
net448                      1.80    0.020    0.084    0.0058   1.888e-07  p
clknet_1_1__leaf_net887     1.80    0.033    0.996    0.0035   1.885e-07  p
net134                      1.80    0.013    0.986    0.0086   1.870e-07  p
net178                      1.80    0.002    0.073    0.0463   1.844e-07  p
net20                       1.80    0.014    0.005    0.0080   1.815e-07  p
net324                      1.80    0.002    0.296    0.0577   1.805e-07  p
net284                      1.80    0.003    0.676    0.0443   1.801e-07  p
net594                      1.80    0.036    0.052    0.0030   1.786e-07  p
net468                      1.80    0.003    0.135    0.0348   1.772e-07  p
net803                      1.80    0.013    0.101    0.0082   1.771e-07  p
net999                      1.80    0.014    0.005    0.0080   1.764e-07  p
net808                      1.80    0.005    0.115    0.0238   1.754e-07  p
net331                      1.80    0.003    0.230    0.0326   1.752e-07  p
net339                      1.80    0.003    0.214    0.0347   1.734e-07  p
net1059                     1.80    0.005    0.355    0.0218   1.729e-07  p
net722                      1.80    0.005    0.064    0.0194   1.724e-07  p
net398                      1.80    0.006    0.873    0.0169   1.720e-07  p
net159                      1.80    0.002    0.046    0.0467   1.707e-07  p
net1036                     1.80    0.010    0.049    0.0101   1.703e-07  p
net1040                     1.80    0.004    0.237    0.0253   1.689e-07  p
net694                      1.80    0.006    0.741    0.0188   1.678e-07  p
net51                       1.80    0.003    0.024    0.0312   1.677e-07  p
net357                      1.80    0.025    0.975    0.0041   1.666e-07  p
net430                      1.80    0.016    0.907    0.0063   1.642e-07  p
net162                      1.80    0.004    0.026    0.0284   1.636e-07  p
net21                       1.80    0.012    0.005    0.0080   1.612e-07  p
net418                      1.80    0.036    0.002    0.0028   1.593e-07  p
clknet_1_1__leaf_net771     1.80    0.004    0.109    0.0228   1.587e-07  p
out41                       1.80    0.001    0.140    0.1187   1.585e-07  p
net715                      1.80    0.004    0.072    0.0238   1.537e-07  p
net552                      1.80    0.002    0.068    0.0451   1.525e-07  p
net1033                     1.80    0.010    0.108    0.0096   1.489e-07  p
net802                      1.80    0.007    0.173    0.0128   1.481e-07  p
net495                      1.80    0.004    0.677    0.0211   1.478e-07  p
net887                      1.80    0.026    0.996    0.0035   1.475e-07  p
net782                      1.80    0.014    0.907    0.0066   1.452e-07  p
net513                      1.80    0.002    0.036    0.0374   1.423e-07  p
out18                       1.80    0.001    0.422    0.1324   1.418e-07  p
out36                       1.80    0.001    0.682    0.1036   1.410e-07  p
clknet_0_net359             1.80    0.020    0.008    0.0043   1.407e-07  p
net166                      1.80    0.004    0.017    0.0206   1.406e-07  p
clknet_1_0__leaf_net708     1.80    0.003    0.170    0.0345   1.401e-07  p
net656                      1.80    0.003    0.085    0.0288   1.396e-07  p
net1052                     1.80    0.004    0.352    0.0199   1.395e-07  p
net436                      1.80    0.002    0.017    0.0457   1.385e-07  p
net142                      1.80    0.004    0.966    0.0240   1.370e-07  p
net383                      1.80    0.002    0.983    0.0339   1.357e-07  p
net31                       1.80    0.035    0.001    0.0024   1.333e-07  p
net34                       1.80    0.007    0.008    0.0123   1.324e-07  p
out50                       1.80    0.001    0.488    0.1002   1.322e-07  p
out30                       1.80    0.001    0.306    0.1406   1.317e-07  p
net670                      1.80    0.004    0.033    0.0209   1.307e-07  p
out17                       1.80    0.001    0.496    0.0998   1.306e-07  p
net645                      1.80    0.005    0.259    0.0169   1.305e-07  p
net35                       1.80    0.010    0.005    0.0080   1.304e-07  p
net101                      1.80    0.037    0.001    0.0022   1.291e-07  p
net756                      1.80    0.003    0.954    0.0260   1.290e-07  p
net80                       1.80    0.014    0.004    0.0058   1.288e-07  p
net817                      1.80    0.004    0.352    0.0199   1.277e-07  p
net783                      1.80    0.013    0.084    0.0060   1.274e-07  p
clknet_1_1__leaf_net477     1.80    0.003    0.930    0.0290   1.274e-07  p
net496                      1.80    0.004    0.310    0.0210   1.272e-07  p
net15                       1.80    0.010    0.005    0.0080   1.266e-07  p
clknet_1_1__leaf_net770     1.80    0.011    0.036    0.0071   1.259e-07  p
net585                      1.80    0.005    0.011    0.0143   1.257e-07  p
net942                      1.80    0.030    0.993    0.0026   1.255e-07  p
net1000                     1.80    0.010    0.005    0.0080   1.239e-07  p
net369                      1.80    0.004    0.046    0.0169   1.229e-07  p
clknet_1_1__leaf_net567     1.80    0.004    0.095    0.0184   1.213e-07  p
net379                      1.80    0.003    0.123    0.0284   1.213e-07  p
net74                       1.80    0.013    0.004    0.0058   1.211e-07  p
net799                      1.80    0.004    0.303    0.0181   1.210e-07  p
out10                       1.80    0.001    0.134    0.0793   1.208e-07  p
net1045                     1.80    0.002    0.852    0.0303   1.199e-07  p
net37                       1.80    0.056    0.001    0.0013   1.188e-07  p
net639                      1.80    0.003    0.763    0.0253   1.179e-07  p
net388                      1.80    0.007    0.049    0.0101   1.176e-07  p
clknet_0_net887             1.80    0.021    0.996    0.0035   1.174e-07  p
net224                      1.80    0.007    0.009    0.0110   1.167e-07  p
net114                      1.80    0.018    0.003    0.0039   1.107e-07  p
net743                      1.80    0.018    0.040    0.0038   1.091e-07  p
net638                      1.80    0.003    0.237    0.0253   1.087e-07  p
clknet_1_1__leaf_net445     1.80    0.004    0.096    0.0156   1.085e-07  p
net565                      1.80    0.004    0.087    0.0185   1.058e-07  p
net726                      1.80    0.019    0.984    0.0034   1.047e-07  p
net704                      1.80    0.004    0.185    0.0145   1.021e-07  p
net290                      1.80    0.002    0.113    0.0269   1.019e-07  p
net476                      1.80    0.013    0.992    0.0048   1.018e-07  p
net49                       1.80    0.008    0.005    0.0080   1.015e-07  p
clknet_0_net769             1.80    0.018    0.015    0.0034   1.015e-07  p
net905                      1.80    0.019    0.011    0.0032   9.926e-08  p
net115                      1.80    0.003    0.934    0.0197   9.855e-08  p
net473                      1.80    0.006    0.037    0.0101   9.770e-08  p
net1053                     1.80    0.004    0.667    0.0169   9.765e-08  p
net485                      1.80    0.020    0.998    0.0030   9.758e-08  p
net389                      1.80    0.006    0.951    0.0101   9.716e-08  p
net455                      1.80    0.004    0.994    0.0131   9.531e-08  p
net378                      1.80    0.002    0.056    0.0278   9.526e-08  p
net498                      1.80    0.002    0.245    0.0274   9.354e-08  p
clknet_1_0__leaf_net806     1.80    0.023    0.011    0.0025   9.331e-08  p
net818                      1.80    0.003    0.637    0.0199   9.282e-08  p
net764                      1.80    0.008    0.081    0.0072   9.184e-08  p
net359                      1.80    0.013    0.008    0.0043   9.183e-08  p
net105                      1.80    0.029    0.999    0.0020   9.147e-08  p
net192                      1.80    0.007    0.006    0.0078   9.135e-08  p
net189                      1.80    0.007    0.006    0.0078   9.093e-08  p
net396                      1.80    0.006    0.954    0.0094   9.015e-08  p
net133                      1.80    0.006    0.014    0.0086   8.915e-08  p
net270                      1.80    0.016    0.984    0.0034   8.860e-08  p
net479                      1.80    0.006    0.014    0.0091   8.812e-08  p
net64                       1.80    0.008    0.009    0.0063   8.649e-08  p
net515                      1.80    0.002    0.971    0.0278   8.649e-08  p
net48                       1.80    0.017    0.002    0.0030   8.536e-08  p
net899                      1.80    0.071    0.000    0.0007   8.451e-08  p
net278                      1.80    0.004    0.012    0.0139   8.449e-08  p
net741                      1.80    0.002    0.463    0.0225   8.439e-08  p
net456                      1.80    0.002    0.990    0.0234   8.351e-08  p
clknet_1_0__leaf_net445     1.80    0.003    0.096    0.0156   8.345e-08  p
net483                      1.80    0.003    0.636    0.0199   8.344e-08  p
net952                      1.80    0.104    0.000    0.0005   8.246e-08  p
net592                      1.80    0.003    0.352    0.0199   8.230e-08  p
clknet_1_1__leaf_net359     1.80    0.012    0.008    0.0043   8.099e-08  p
net298                      1.80    0.011    0.003    0.0046   8.072e-08  p
net307                      1.80    0.022    0.994    0.0023   8.046e-08  p
clknet_1_1__leaf_net806     1.80    0.020    0.011    0.0025   8.014e-08  p
net1063                     1.80    0.005    0.049    0.0101   7.969e-08  p
net610                      1.80    0.002    0.062    0.0201   7.885e-08  p
net342                      1.80    0.003    0.049    0.0180   7.868e-08  p
net564                      1.80    0.003    0.120    0.0174   7.828e-08  p
net269                      1.80    0.020    0.002    0.0024   7.775e-08  p
net1001                     1.80    0.006    0.005    0.0080   7.701e-08  p
net206                      1.80    0.016    0.002    0.0030   7.657e-08  p
net475                      1.80    0.010    0.008    0.0048   7.581e-08  p
net1056                     1.80    0.004    0.172    0.0128   7.344e-08  p
net672                      1.80    0.003    0.868    0.0155   7.322e-08  p
net40                       1.80    0.002    0.013    0.0188   7.285e-08  p
clknet_0_net806             1.80    0.018    0.011    0.0025   7.203e-08  p
net42                       1.80    0.020    0.999    0.0022   7.183e-08  p
net299                      1.80    0.012    0.003    0.0037   7.150e-08  p
net1032                     1.80    0.003    0.867    0.0155   7.108e-08  p
net684                      1.80    0.006    0.908    0.0070   7.082e-08  p
net467                      1.80    0.008    0.973    0.0056   7.078e-08  p
clknet_1_0__leaf_net359     1.80    0.010    0.008    0.0043   7.019e-08  p
net1031                     1.80    0.007    0.084    0.0058   7.017e-08  p
net589                      1.80    0.003    0.023    0.0169   6.989e-08  p
net685                      1.80    0.007    0.082    0.0065   6.906e-08  p
net50                       1.80    0.014    0.002    0.0030   6.889e-08  p
net177                      1.80    0.011    0.040    0.0038   6.773e-08  p
net632                      1.80    0.003    0.022    0.0148   6.772e-08  p
net303                      1.80    0.009    0.003    0.0046   6.767e-08  p
net401                      1.80    0.004    0.961    0.0115   6.677e-08  p
net571                      1.80    0.003    0.995    0.0127   6.418e-08  p
out57                       1.80    0.001    0.760    0.0622   6.404e-08  p
net806                      1.80    0.016    0.011    0.0025   6.308e-08  p
net18                       1.80    0.005    0.005    0.0080   6.270e-08  p
net763                      1.80    0.005    0.910    0.0078   6.178e-08  p
net433                      1.80    0.006    0.907    0.0063   6.173e-08  p
out61                       1.80    0.001    0.320    0.0642   6.157e-08  p
net87                       1.80    0.017    0.001    0.0023   6.117e-08  p
net641                      1.80    0.006    0.907    0.0063   6.003e-08  p
net1048                     1.80    0.007    0.009    0.0051   5.995e-08  p
net769                      1.80    0.011    0.015    0.0034   5.974e-08  p
net512                      1.80    0.009    0.006    0.0040   5.938e-08  p
net580                      1.80    0.003    0.055    0.0114   5.792e-08  p
clknet_1_0__leaf_net769     1.80    0.010    0.015    0.0034   5.732e-08  p
net717                      1.80    0.015    0.010    0.0024   5.713e-08  p
net79                       1.80    0.018    0.001    0.0020   5.594e-08  p
net1058                     1.80    0.005    0.080    0.0072   5.425e-08  p
net356                      1.80    0.009    0.024    0.0039   5.404e-08  p
net768                      1.80    0.046    0.989    0.0007   5.401e-08  p
net190                      1.80    0.028    0.001    0.0012   5.388e-08  p
net938                      1.80    0.066    0.000    0.0005   5.202e-08  p
net1057                     1.80    0.003    0.954    0.0094   5.154e-08  p
out26                       1.80    0.000    0.724    0.0698   5.122e-08  p
net466                      1.80    0.006    0.027    0.0056   5.030e-08  p
clknet_0_net469             1.80    0.019    1.000    0.0016   5.008e-08  p
net676                      1.80    0.002    0.995    0.0127   4.842e-08  p
net116                      1.80    0.002    0.019    0.0119   4.695e-08  p
out7                        1.80    0.002    0.259    0.0188   4.660e-08  p
net221                      1.80    0.063    0.000    0.0004   4.567e-08  p
net90                       1.80    0.013    0.001    0.0021   4.424e-08  p
net387                      1.80    0.002    0.049    0.0133   4.351e-08  p
net916                      1.80    0.083    0.996    0.0003   4.351e-08  p
net83                       1.80    0.007    0.003    0.0038   4.313e-08  p
net577                      1.80    0.003    0.107    0.0082   4.204e-08  p
net888                      1.80    0.017    0.006    0.0015   4.146e-08  p
net1046                     1.80    0.006    0.024    0.0039   3.918e-08  p
net33                       1.80    0.048    1.000    0.0005   3.765e-08  p
out31                       1.80    0.000    0.151    0.0475   3.708e-08  p
net760                      1.80    0.005    0.980    0.0043   3.651e-08  p
net469                      1.80    0.014    1.000    0.0016   3.632e-08  p
net427                      1.80    0.001    0.197    0.0392   3.618e-08  pm
net487                      1.80    0.009    0.007    0.0026   3.618e-08  p
net1042                     1.80    0.002    0.961    0.0104   3.577e-08  p
net158                      1.80    0.009    0.969    0.0025   3.513e-08  p
net474                      1.80    0.002    0.961    0.0104   3.497e-08  p
clknet_0_net919             1.80    0.022    0.999    0.0010   3.433e-08  p
net157                      1.80    0.003    0.004    0.0067   3.428e-08  p
out22                       1.80    0.001    0.034    0.0237   3.389e-08  p
out32                       1.80    0.001    0.852    0.0303   3.341e-08  p
net408                      1.80    0.011    0.001    0.0019   3.335e-08  p
out51                       1.80    0.000    0.676    0.0440   3.329e-08  p
net385                      1.80    0.002    0.108    0.0096   3.320e-08  p
net234                      1.80    0.050    0.000    0.0004   3.276e-08  p
net161                      1.80    0.015    0.003    0.0014   3.260e-08  p
net921                      1.80    0.007    0.001    0.0026   3.156e-08  p
net932                      1.80    0.007    0.004    0.0028   3.088e-08  p
net669                      1.80    0.002    0.995    0.0083   3.018e-08  p
net497                      1.80    0.013    0.998    0.0014   3.017e-08  p
net208                      1.80    0.038    0.000    0.0005   2.979e-08  p
net30                       1.80    0.005    0.002    0.0034   2.973e-08  p
net820                      1.80    0.003    0.084    0.0058   2.910e-08  p
out34                       1.80    0.000    0.104    0.0363   2.890e-08  p
net819                      1.80    0.003    0.908    0.0063   2.870e-08  p
net944                      1.80    0.061    0.000    0.0003   2.830e-08  p
net274                      1.80    0.002    0.982    0.0072   2.796e-08  p
net1060                     1.80    0.004    0.980    0.0043   2.699e-08  p
net816                      1.80    0.006    0.004    0.0028   2.698e-08  p
net106                      1.80    0.000    0.813    0.0385   2.685e-08  pm
net413                      1.80    0.007    0.002    0.0024   2.644e-08  p
net590                      1.80    0.006    0.011    0.0026   2.636e-08  p
net919                      1.80    0.016    0.999    0.0010   2.603e-08  p
out15                       1.80    0.001    0.965    0.0138   2.579e-08  p
out21                       1.80    0.001    0.880    0.0301   2.550e-08  p
net203                      1.80    0.012    0.001    0.0013   2.544e-08  p
net703                      1.80    0.008    0.003    0.0019   2.530e-08  p
net311                      1.80    0.031    0.999    0.0005   2.432e-08  p
net326                      1.80    0.003    0.997    0.0043   2.398e-08  p
net696                      1.80    0.011    0.999    0.0014   2.396e-08  p
net823                      1.80    0.006    0.969    0.0025   2.315e-08  p
net642                      1.80    0.003    0.004    0.0053   2.303e-08  p
net374                      1.80    0.012    0.001    0.0012   2.298e-08  p
net505                      1.80    0.003    0.974    0.0047   2.288e-08  p
net922                      1.80    0.006    0.969    0.0025   2.280e-08  p
clknet_1_1__leaf_net769     1.80    0.004    0.015    0.0034   2.246e-08  p
out1                        1.80    0.001    0.088    0.0172   2.233e-08  p
net175                      1.80    0.012    0.001    0.0011   2.166e-08  p
net1035                     1.80    0.005    0.007    0.0026   2.138e-08  p
clknet_0_net889             1.80    0.018    0.999    0.0007   2.132e-08  p
net280                      1.80    0.005    0.998    0.0027   2.128e-08  p
net911                      1.80    0.045    0.000    0.0003   2.089e-08  p
net328                      1.80    0.009    0.007    0.0014   2.048e-08  p
net529                      1.80    0.017    0.986    0.0007   2.013e-08  p
net900                      1.80    0.009    0.001    0.0014   2.011e-08  p
net447                      1.80    0.002    0.004    0.0060   1.959e-08  p
net102                      1.80    0.013    0.001    0.0009   1.938e-08  p
net296                      1.80    0.037    0.996    0.0003   1.932e-08  p
net130                      1.80    0.014    0.000    0.0009   1.886e-08  p
net681                      1.80    0.010    0.986    0.0012   1.833e-08  p
net746                      1.80    0.009    0.011    0.0012   1.832e-08  p
net204                      1.80    0.015    0.000    0.0008   1.819e-08  p
net38                       1.80    0.008    0.001    0.0013   1.766e-08  p
net889                      1.80    0.014    0.999    0.0007   1.716e-08  p
out16                       1.80    0.001    0.032    0.0172   1.661e-08  p
clknet_1_0__leaf_net919     1.80    0.010    0.999    0.0010   1.618e-08  p
net273                      1.80    0.030    1.000    0.0003   1.602e-08  p
net43                       1.80    0.003    0.002    0.0031   1.600e-08  p
net442                      1.80    0.003    0.993    0.0033   1.500e-08  p
net54                       1.80    0.004    0.001    0.0022   1.500e-08  p
net457                      1.80    0.028    0.999    0.0003   1.480e-08  p
net787                      1.80    0.032    0.003    0.0003   1.472e-08  p
net597                      1.80    0.003    0.996    0.0028   1.415e-08  p
net581                      1.80    0.013    0.991    0.0007   1.401e-08  p
net617                      1.80    0.003    0.009    0.0031   1.397e-08  p
net272                      1.80    0.002    0.984    0.0034   1.316e-08  p
out11                       1.80    0.001    0.009    0.0114   1.313e-08  p
net57                       1.80    0.003    0.001    0.0026   1.283e-08  p
net612                      1.80    0.003    0.990    0.0024   1.281e-08  p
net309                      1.80    0.011    0.997    0.0007   1.271e-08  p
net786                      1.80    0.012    0.991    0.0007   1.234e-08  p
net295                      1.80    0.023    0.996    0.0003   1.223e-08  p
net103                      1.80    0.015    0.000    0.0005   1.211e-08  p
out33                       1.80    0.001    0.004    0.0061   1.184e-08  p
out38                       1.80    0.000    0.129    0.0154   1.162e-08  p
net310                      1.80    0.003    0.995    0.0028   1.156e-08  p
net173                      1.80    0.002    0.040    0.0038   1.149e-08  p
net406                      1.80    0.004    0.000    0.0015   1.122e-08  p
clknet_1_1__leaf_net469     1.80    0.004    1.000    0.0016   1.119e-08  p
clknet_1_0__leaf_net889     1.80    0.009    0.999    0.0007   1.091e-08  p
net180                      1.80    0.002    0.996    0.0035   1.070e-08  p
net153                      1.80    0.002    0.002    0.0031   1.064e-08  p
net492                      1.80    0.002    0.998    0.0027   1.058e-08  p
net104                      1.80    0.004    0.001    0.0018   1.056e-08  p
net305                      1.80    0.020    0.996    0.0003   1.047e-08  p
net165                      1.80    0.014    0.998    0.0004   1.043e-08  p
net437                      1.80    0.009    0.989    0.0007   1.033e-08  p
net241                      1.80    0.007    0.000    0.0009   1.029e-08  p
clknet_1_0__leaf_net469     1.80    0.004    1.000    0.0016   1.026e-08  p
net188                      1.80    0.008    0.000    0.0008   9.961e-09  p
net361                      1.80    0.000    0.805    0.0147   9.915e-09  pm
net784                      1.80    0.009    0.991    0.0007   9.753e-09  p
net1062                     1.80    0.005    0.011    0.0012   9.722e-09  p
clknet_0_net930             1.80    0.018    0.999    0.0003   9.579e-09  p
net231                      1.80    0.004    0.001    0.0014   9.379e-09  p
net294                      1.80    0.012    0.000    0.0005   9.315e-09  p
net144                      1.80    0.071    0.000    0.81e-4  9.299e-09  p
net59                       1.80    0.002    0.002    0.0030   9.195e-09  p
net937                      1.80    0.066    0.000    0.81e-4  8.726e-09  p
net327                      1.80    0.019    0.000    0.0003   8.714e-09  p
net934                      1.80    0.011    1.000    0.0005   8.601e-09  p
clknet_1_1__leaf_net919     1.80    0.005    0.999    0.0010   8.384e-09  p
net478                      1.80    0.013    0.001    0.0004   8.359e-09  p
net1067                     1.80    0.003    0.006    0.0015   8.220e-09  p
net363                      1.80    0.021    0.000    0.0002   8.126e-09  p
net381                      1.80    0.005    0.002    0.0009   7.964e-09  p
net510                      1.80    0.003    0.999    0.0016   7.942e-09  p
clknet_0_net446             1.80    0.020    0.000    0.0002   7.931e-09  p
net745                      1.80    0.003    0.979    0.0018   7.774e-09  p
net169                      1.80    0.002    0.004    0.0028   7.761e-09  p
net930                      1.80    0.015    0.999    0.0003   7.734e-09  p
net207                      1.80    0.006    0.000    0.0008   7.732e-09  p
net926                      1.80    0.011    0.000    0.0004   7.394e-09  p
net393                      1.80    0.011    1.000    0.0004   7.023e-09  p
clknet_1_0__leaf_net930     1.80    0.013    0.999    0.0003   7.001e-09  p
net148                      1.80    0.052    0.000    0.81e-4  6.851e-09  p
clknet_1_1__leaf_net753     1.80    0.021    0.002    0.0002   6.814e-09  p
net271                      1.80    0.051    0.000    0.81e-4  6.763e-09  p
out19                       1.80    0.001    0.004    0.0058   6.727e-09  p
net276                      1.80    0.013    1.000    0.0003   6.702e-09  p
net674                      1.80    0.006    0.989    0.0007   6.474e-09  p
net545                      1.80    0.049    1.000    0.81e-4  6.427e-09  p
out9                        1.80    0.002    0.993    0.0026   6.422e-09  p
clknet_0_net753             1.80    0.019    0.002    0.0002   6.248e-09  p
clknet_1_1__leaf_net930     1.80    0.012    0.999    0.0003   6.120e-09  p
net210                      1.80    0.008    0.000    0.0005   6.066e-09  p
clknet_1_1__leaf_net889     1.80    0.005    0.999    0.0007   5.864e-09  p
net925                      1.80    0.030    0.000    0.0001   5.845e-09  p
net306                      1.80    0.011    0.996    0.0003   5.788e-09  p
net211                      1.80    0.011    0.000    0.0003   5.668e-09  p
net194                      1.80    0.005    0.000    0.0007   5.666e-09  p
net55                       1.80    0.007    1.000    0.0005   5.654e-09  p
net293                      1.80    0.000    0.968    0.0172   5.595e-09  pm
out3                        1.80    0.001    0.011    0.0032   5.537e-09  p
net700                      1.80    0.010    0.996    0.0003   5.466e-09  p
net970                      1.80    0.040    0.000    0.81e-4  5.305e-09  p
net737                      1.80    0.040    0.000    0.81e-4  5.243e-09  p
net1043                     1.80    0.002    0.007    0.0014   5.155e-09  p
net750                      1.80    0.025    0.001    0.0001   4.999e-09  p
net748                      1.80    0.005    0.990    0.0007   4.947e-09  p
net264                      1.80    0.011    1.000    0.0003   4.940e-09  p
net250                      1.80    0.008    1.000    0.0004   4.476e-09  p
net131                      1.80    0.032    0.000    0.81e-4  4.279e-09  p
net790                      1.80    0.008    0.997    0.0003   4.272e-09  p
net431                      1.80    0.003    0.000    0.0008   4.260e-09  p
net608                      1.80    0.002    0.015    0.0012   4.230e-09  p
net137                      1.80    0.032    0.000    0.81e-4  4.209e-09  p
net644                      1.80    0.006    1.000    0.0004   4.102e-09  p
net300                      1.80    0.008    0.996    0.0003   4.090e-09  p
out43                       1.80    0.000    0.997    0.0053   3.995e-09  p
net637                      1.80    0.007    0.996    0.0003   3.846e-09  p
net146                      1.80    0.003    0.000    0.0007   3.664e-09  p
net927                      1.80    0.055    1.000    0.41e-4  3.614e-09  p
net753                      1.80    0.011    0.002    0.0002   3.547e-09  p
net216                      1.80    0.005    0.000    0.0004   3.489e-09  p
out44                       1.80    0.001    0.001    0.0026   3.434e-09  p
net446                      1.80    0.009    0.000    0.0002   3.406e-09  p
net683                      1.80    0.003    0.989    0.0007   3.363e-09  p
net1034                     1.80    0.007    0.003    0.0003   3.291e-09  p
net281                      1.80    0.006    0.000    0.0003   3.290e-09  p
clknet_1_0__leaf_net753     1.80    0.010    0.002    0.0002   3.215e-09  p
net1055                     1.80    0.006    0.000    0.0003   3.125e-09  p
net762                      1.80    0.006    0.000    0.0003   3.028e-09  p
net662                      1.80    0.005    0.000    0.0004   3.027e-09  p
net261                      1.80    0.005    0.000    0.0004   2.723e-09  p
clknet_1_0__leaf_net446     1.80    0.007    0.000    0.0002   2.683e-09  p
net136                      1.80    0.020    0.000    0.81e-4  2.657e-09  p
net316                      1.80    0.007    0.000    0.0002   2.598e-09  p
net392                      1.80    0.010    0.000    0.0002   2.583e-09  p
out12                       1.80    0.000    0.996    0.0035   2.563e-09  p
net138                      1.80    0.019    0.000    0.81e-4  2.520e-09  p
net99                       1.80    0.005    1.000    0.0003   2.459e-09  p
net706                      1.80    0.018    0.034    0.81e-4  2.410e-09  p
net1066                     1.80    0.002    0.990    0.0007   2.312e-09  p
net661                      1.80    0.004    0.000    0.0004   2.302e-09  p
out54                       1.80    0.000    0.004    0.0028   2.289e-09  p
net56                       1.80    0.007    0.000    0.0002   2.256e-09  p
net1038                     1.80    0.003    1.000    0.0005   2.256e-09  p
net557                      1.80    0.002    0.991    0.0007   2.202e-09  p
net263                      1.80    0.005    0.000    0.0003   2.199e-09  p
net652                      1.80    0.003    0.998    0.0004   2.180e-09  p
out25                       1.80    0.001    0.001    0.0014   2.121e-09  p
out13                       1.80    0.001    0.006    0.0015   1.932e-09  p
clknet_1_1__leaf_net446     1.80    0.005    0.000    0.0002   1.846e-09  p
out45                       1.80    0.000    0.969    0.0025   1.817e-09  p
net692                      1.80    0.004    1.000    0.0002   1.739e-09  p
net291                      1.80    0.003    0.000    0.0003   1.691e-09  p
net255                      1.80    0.012    0.000    0.81e-4  1.586e-09  p
net902                      1.80    0.024    0.000    0.41e-4  1.569e-09  p
net718                      1.80    0.003    0.000    0.0004   1.512e-09  p
net343                      1.80    0.002    0.000    0.0004   1.460e-09  p
net279                      1.80    0.020    0.000    0.41e-4  1.345e-09  p
net598                      1.80    0.010    1.000    0.81e-4  1.307e-09  p
net749                      1.80    0.018    0.000    0.41e-4  1.173e-09  p
net235                      1.80    0.009    0.000    0.81e-4  1.155e-09  p
net213                      1.80    0.003    1.000    0.0002   1.145e-09  p
net923                      1.80    0.008    0.000    0.81e-4  1.091e-09  p
net1029                     1.80    0.015    0.000    0.41e-4  9.997e-10  p
net140                      1.80    0.007    0.000    0.81e-4  9.804e-10  p
out42                       1.80    0.001    0.999    0.0010   8.863e-10  p
net913                      1.80    0.012    0.000    0.41e-4  7.734e-10  p
net939                      1.80    0.010    0.000    0.41e-4  6.855e-10  p
out52                       1.80    0.001    0.999    0.0003   6.764e-10  p
net251                      1.80    0.010    0.000    0.41e-4  6.477e-10  p
net170                      1.80    0.009    0.000    0.41e-4  5.959e-10  p
net896                      1.80    0.009    0.000    0.41e-4  5.727e-10  p
out49                       1.80    0.001    0.000    0.0004   5.696e-10  p
out24                       1.80    0.000    0.000    0.0007   5.558e-10  p
out14                       1.80    0.000    0.999    0.0007   5.556e-10  p
net1064                     1.80    0.008    0.000    0.41e-4  5.517e-10  p
net936                      1.80    0.008    1.000    0.41e-4  5.418e-10  p
out6                        1.80    0.001    0.000    0.0005   5.243e-10  p
net653                      1.80    0.002    0.000    0.0001   4.765e-10  p
net494                      1.80    0.007    1.000    0.41e-4  4.344e-10  p
out4                        1.80    0.001    0.996    0.0003   3.807e-10  p
out56                       1.80    0.000    1.000    0.0005   3.799e-10  p
net506                      1.80    0.003    0.000    0.81e-4  3.338e-10  p
net52                       1.80    0.005    0.000    0.41e-4  3.009e-10  p
out35                       1.80    0.001    0.000    0.0003   2.663e-10  p
net461                      1.80    0.004    1.000    0.41e-4  2.564e-10  p
net659                      1.80    0.004    0.000    0.41e-4  2.401e-10  p
net660                      1.80    0.003    1.000    0.41e-4  2.004e-10  p
net44                       1.80    0.000    0.001    0.0010   1.559e-10  pm
net566                      1.80    0.002    1.000    0.41e-4  1.454e-10  p
out59                       1.80    0.001    0.000    0.81e-4  1.099e-10  p
out46                       1.80    0.001    0.000    0.81e-4  1.073e-10  p
out48                       1.80    0.000    0.000    0.0001   9.360e-11  p
out58                       1.80    0.001    1.000    0.41e-4  5.497e-11  p
out60                       1.80    0.001    0.000    0.41e-4  3.614e-11  p
out5                        1.80    0.001    1.000    0.41e-4  3.526e-11  p
out37                       1.80    0.001    0.000    0.41e-4  3.337e-11  p
out27                       1.80    0.000    0.000    0.41e-4  3.127e-11  p
out20                       1.80    0.000    0.000    0.41e-4  2.960e-11  p
clknet_0_net350             1.80    0.019    1.000    0.0000      0.0000  p
clknet_0_net373             1.80    0.020    0.000    0.0000      0.0000  p
clknet_0_net376             1.80    0.020    0.000    0.0000      0.0000  p
clknet_0_net480             1.80    0.019    1.000    0.0000      0.0000  p
clknet_0_net482             1.80    0.018    0.000    0.0000      0.0000  p
clknet_1_0__leaf_net350     1.80    0.010    1.000    0.0000      0.0000  p
clknet_1_0__leaf_net373     1.80    0.007    0.000    0.0000      0.0000  p
clknet_1_0__leaf_net376     1.80    0.002    0.000    0.0000      0.0000  p
clknet_1_0__leaf_net480     1.80    0.008    1.000    0.0000      0.0000  p
clknet_1_0__leaf_net482     1.80    0.002    0.000    0.0000      0.0000  p
clknet_1_1__leaf_net350     1.80    0.006    1.000    0.0000      0.0000  p
clknet_1_1__leaf_net373     1.80    0.004    0.000    0.0000      0.0000  p
clknet_1_1__leaf_net376     1.80    0.003    0.000    0.0000      0.0000  p
clknet_1_1__leaf_net480     1.80    0.008    1.000    0.0000      0.0000  p
clknet_1_1__leaf_net482     1.80    0.003    0.000    0.0000      0.0000  p
net23                       1.80    0.020    1.000    0.0000      0.0000  p
net46                       1.80    0.002    1.000    0.0000      0.0000  p
net53                       1.80    0.010    0.000    0.0000      0.0000  p
net58                       1.80    0.007    0.000    0.0000      0.0000  p
net60                       1.80    0.005    0.000    0.0000      0.0000  p
net61                       1.80    0.006    0.000    0.0000      0.0000  p
net62                       1.80    0.005    1.000    0.0000      0.0000  p
net107                      1.80    0.012    0.000    0.0000      0.0000  p
net117                      1.80    0.014    0.000    0.0000      0.0000  p
net119                      1.80    0.007    0.000    0.0000      0.0000  p
net120                      1.80    0.049    1.000    0.0000      0.0000  p
net121                      1.80    0.003    1.000    0.0000      0.0000  p
net122                      1.80    0.004    1.000    0.0000      0.0000  p
net123                      1.80    0.046    1.000    0.0000      0.0000  p
net124                      1.80    0.008    0.000    0.0000      0.0000  p
net132                      1.80    0.003    1.000    0.0000      0.0000  p
net139                      1.80    0.002    1.000    0.0000      0.0000  p
net145                      1.80    0.018    1.000    0.0000      0.0000  p
net172                      1.80    0.003    1.000    0.0000      0.0000  p
net174                      1.80    0.003    0.000    0.0000      0.0000  p
net179                      1.80    0.003    0.000    0.0000      0.0000  p
net205                      1.80    0.067    0.000    0.0000      0.0000  p
net212                      1.80    0.017    0.000    0.0000      0.0000  p
net214                      1.80    0.004    0.000    0.0000      0.0000  p
net219                      1.80    0.008    0.000    0.0000      0.0000  p
net222                      1.80    0.035    1.000    0.0000      0.0000  p
net227                      1.80    0.059    0.000    0.0000      0.0000  p
net229                      1.80    0.051    0.000    0.0000      0.0000  p
net232                      1.80    0.006    0.000    0.0000      0.0000  p
net233                      1.80    0.050    0.000    0.0000      0.0000  p
net236                      1.80    0.030    0.000    0.0000      0.0000  p
net245                      1.80    0.006    0.000    0.0000      0.0000  p
net246                      1.80    0.006    0.000    0.0000      0.0000  p
net247                      1.80    0.007    1.000    0.0000      0.0000  p
net248                      1.80    0.016    0.000    0.0000      0.0000  p
net249                      1.80    0.022    0.000    0.0000      0.0000  p
net252                      1.80    0.010    0.000    0.0000      0.0000  p
net254                      1.80    0.034    0.000    0.0000      0.0000  p
net256                      1.80    0.006    1.000    0.0000      0.0000  p
net257                      1.80    0.006    0.000    0.0000      0.0000  p
net258                      1.80    0.028    0.000    0.0000      0.0000  p
net259                      1.80    0.023    1.000    0.0000      0.0000  p
net260                      1.80    0.008    1.000    0.0000      0.0000  p
net275                      1.80    0.002    1.000    0.0000      0.0000  p
net282                      1.80    0.011    0.000    0.0000      0.0000  p
net341                      1.80    0.009    1.000    0.0000      0.0000  p
net345                      1.80    0.013    1.000    0.0000      0.0000  p
net350                      1.80    0.013    1.000    0.0000      0.0000  p
net364                      1.80    0.003    0.000    0.0000      0.0000  p
net365                      1.80    0.002    0.000    0.0000      0.0000  p
net366                      1.80    0.003    0.000    0.0000      0.0000  p
net367                      1.80    0.002    0.000    0.0000      0.0000  p
net368                      1.80    0.002    0.000    0.0000      0.0000  p
net373                      1.80    0.009    0.000    0.0000      0.0000  p
net375                      1.80    0.009    1.000    0.0000      0.0000  p
net376                      1.80    0.009    0.000    0.0000      0.0000  p
net377                      1.80    0.020    1.000    0.0000      0.0000  p
net391                      1.80    0.003    1.000    0.0000      0.0000  p
net397                      1.80    0.006    1.000    0.0000      0.0000  p
net400                      1.80    0.022    1.000    0.0000      0.0000  p
net409                      1.80    0.048    0.000    0.0000      0.0000  p
net410                      1.80    0.005    0.000    0.0000      0.0000  p
net411                      1.80    0.060    0.000    0.0000      0.0000  p
net412                      1.80    0.018    0.000    0.0000      0.0000  p
net414                      1.80    0.023    0.000    0.0000      0.0000  p
net415                      1.80    0.022    0.000    0.0000      0.0000  p
net416                      1.80    0.004    0.000    0.0000      0.0000  p
net417                      1.80    0.009    0.000    0.0000      0.0000  p
net419                      1.80    0.006    1.000    0.0000      0.0000  p
net421                      1.80    0.005    0.000    0.0000      0.0000  p
net422                      1.80    0.006    0.000    0.0000      0.0000  p
net424                      1.80    0.003    0.000    0.0000      0.0000  p
net425                      1.80    0.004    1.000    0.0000      0.0000  p
net426                      1.80    0.003    1.000    0.0000      0.0000  p
net428                      1.80    0.002    1.000    0.0000      0.0000  p
net429                      1.80    0.023    1.000    0.0000      0.0000  p
net438                      1.80    0.005    0.000    0.0000      0.0000  p
net453                      1.80    0.003    1.000    0.0000      0.0000  p
net458                      1.80    0.024    0.000    0.0000      0.0000  p
net459                      1.80    0.002    1.000    0.0000      0.0000  p
net463                      1.80    0.018    1.000    0.0000      0.0000  p
net480                      1.80    0.009    1.000    0.0000      0.0000  p
net482                      1.80    0.010    0.000    0.0000      0.0000  p
net484                      1.80    0.007    1.000    0.0000      0.0000  p
net486                      1.80    0.018    1.000    0.0000      0.0000  p
net488                      1.80    0.012    1.000    0.0000      0.0000  p
net489                      1.80    0.013    1.000    0.0000      0.0000  p
net491                      1.80    0.004    1.000    0.0000      0.0000  p
net524                      1.80    0.008    0.000    0.0000      0.0000  p
net525                      1.80    0.024    0.000    0.0000      0.0000  p
net526                      1.80    0.033    0.000    0.0000      0.0000  p
net527                      1.80    0.074    0.000    0.0000      0.0000  p
net528                      1.80    0.019    0.000    0.0000      0.0000  p
net530                      1.80    0.069    0.000    0.0000      0.0000  p
net531                      1.80    0.021    0.000    0.0000      0.0000  p
net532                      1.80    0.014    1.000    0.0000      0.0000  p
net533                      1.80    0.008    0.000    0.0000      0.0000  p
net534                      1.80    0.002    0.000    0.0000      0.0000  p
net535                      1.80    0.005    0.000    0.0000      0.0000  p
net536                      1.80    0.013    0.000    0.0000      0.0000  p
net537                      1.80    0.017    0.000    0.0000      0.0000  p
net538                      1.80    0.029    0.000    0.0000      0.0000  p
net539                      1.80    0.013    0.000    0.0000      0.0000  p
net540                      1.80    0.002    0.000    0.0000      0.0000  p
net541                      1.80    0.002    0.000    0.0000      0.0000  p
net542                      1.80    0.013    0.000    0.0000      0.0000  p
net543                      1.80    0.030    0.000    0.0000      0.0000  p
net544                      1.80    0.005    0.000    0.0000      0.0000  p
net547                      1.80    0.006    1.000    0.0000      0.0000  p
net549                      1.80    0.006    0.000    0.0000      0.0000  p
net555                      1.80    0.024    1.000    0.0000      0.0000  p
net558                      1.80    0.003    0.000    0.0000      0.0000  p
net560                      1.80    0.004    0.000    0.0000      0.0000  p
net561                      1.80    0.012    1.000    0.0000      0.0000  p
net562                      1.80    0.018    1.000    0.0000      0.0000  p
net570                      1.80    0.004    1.000    0.0000      0.0000  p
net578                      1.80    0.013    0.000    0.0000      0.0000  p
net579                      1.80    0.011    1.000    0.0000      0.0000  p
net582                      1.80    0.012    0.000    0.0000      0.0000  p
net583                      1.80    0.010    0.000    0.0000      0.0000  p
net586                      1.80    0.011    0.000    0.0000      0.0000  p
net587                      1.80    0.003    0.000    0.0000      0.0000  p
net588                      1.80    0.002    0.000    0.0000      0.0000  p
net609                      1.80    0.004    1.000    0.0000      0.0000  p
net633                      1.80    0.002    1.000    0.0000      0.0000  p
net634                      1.80    0.008    1.000    0.0000      0.0000  p
net635                      1.80    0.009    0.000    0.0000      0.0000  p
net640                      1.80    0.005    1.000    0.0000      0.0000  p
net643                      1.80    0.002    1.000    0.0000      0.0000  p
net648                      1.80    0.003    0.000    0.0000      0.0000  p
net651                      1.80    0.003    1.000    0.0000      0.0000  p
net654                      1.80    0.004    1.000    0.0000      0.0000  p
net668                      1.80    0.004    1.000    0.0000      0.0000  p
net673                      1.80    0.003    0.000    0.0000      0.0000  p
net680                      1.80    0.014    0.000    0.0000      0.0000  p
net682                      1.80    0.010    0.000    0.0000      0.0000  p
net702                      1.80    0.006    0.000    0.0000      0.0000  p
net724                      1.80    0.011    1.000    0.0000      0.0000  p
net727                      1.80    0.018    1.000    0.0000      0.0000  p
net747                      1.80    0.004    0.000    0.0000      0.0000  p
net751                      1.80    0.042    0.000    0.0000      0.0000  p
net785                      1.80    0.013    0.000    0.0000      0.0000  p
net805                      1.80    0.053    0.000    0.0000      0.0000  p
net822                      1.80    0.008    0.000    0.0000      0.0000  p
net895                      1.80    0.051    0.000    0.0000      0.0000  p
net903                      1.80    0.015    1.000    0.0000      0.0000  p
net904                      1.80    0.041    1.000    0.0000      0.0000  p
net915                      1.80    0.015    1.000    0.0000      0.0000  p
net924                      1.80    0.005    0.000    0.0000      0.0000  p
net931                      1.80    0.013    0.000    0.0000      0.0000  p
net933                      1.80    0.017    1.000    0.0000      0.0000  p
net949                      1.80    0.063    0.000    0.0000      0.0000  p
net951                      1.80    0.049    1.000    0.0000      0.0000  p
net953                      1.80    0.077    1.000    0.0000      0.0000  p
net956                      1.80    0.043    0.000    0.0000      0.0000  p
net957                      1.80    0.056    0.000    0.0000      0.0000  p
net961                      1.80    0.063    1.000    0.0000      0.0000  p
net963                      1.80    0.100    0.000    0.0000      0.0000  p
net995                      1.80    0.019    1.000    0.0000      0.0000  p
net1002                     1.80    0.002    1.000    0.0000      0.0000  p
net1017                     1.80    0.029    1.000    0.0000      0.0000  p
net1018                     1.80    0.008    1.000    0.0000      0.0000  p
net1028                     1.80    0.011    0.000    0.0000      0.0000  p
net1030                     1.80    0.012    1.000    0.0000      0.0000  p
net1044                     1.80    0.004    0.000    0.0000      0.0000  p
net1047                     1.80    0.004    0.000    0.0000      0.0000  p
net1049                     1.80    0.003    1.000    0.0000      0.0000  p
net1051                     1.80    0.005    0.000    0.0000      0.0000  p
net1065                     1.80    0.011    1.000    0.0000      0.0000  p
out2                        1.80    0.001    0.000    0.0000      0.0000  p
out28                       1.80    0.001    1.000    0.0000      0.0000  p
out29                       1.80    0.001    1.000    0.0000      0.0000  p
out39                       1.80    0.001    1.000    0.0000      0.0000  p
out47                       1.80    0.001    0.000    0.0000      0.0000  p
out53                       1.80    0.001    0.000    0.0000      0.0000  p
out55                       1.80    0.001    1.000    0.0000      0.0000  p
--------------------------------------------------------------------------------
Total (1247 nets)                                              1.526e-03 Watt



                                      Int      Switch   Leak      Total
Hierarchy                             Power    Power    Power     Power    %
--------------------------------------------------------------------------------
netlist_1                             1.79e-03 1.53e-03 8.16e-09  3.32e-03 100.0
1
