Information: Derived library resistance unit is 1.000000 Kohm (Time unit is 1 ns, and Capacitance unit is 1.000000 pF). (DES-028)
Warning: Detected semantically incorrect SPEF in coupling section. (PARA-098)
Warning: Coupling capacitor (in1:13 in19:9 0) on net in19 is discarded because the value cannot be <= 0 (PARA-040)
Warning: Coupling capacitor (in22:7 in27:5 0) on net in27 is discarded because the value cannot be <= 0 (PARA-040)
Warning: Coupling capacitor (in17:11 in28:7 0) on net in28 is discarded because the value cannot be <= 0 (PARA-040)
Warning: Coupling capacitor (ANTENNA_input21_A/DIODE ANTENNA_input31_A/DIODE 0) on net in36 is discarded because the value cannot be <= 0 (PARA-040)
Warning: Coupling capacitor (in27:5 in36:5 0) on net in36 is discarded because the value cannot be <= 0 (PARA-040)
Warning: Coupling capacitor (in35:7 in36:5 0) on net in36 is discarded because the value cannot be <= 0 (PARA-040)
Warning: Coupling capacitor (in31:9 ANTENNA_input33_A/DIODE 0) on net in38 is discarded because the value cannot be <= 0 (PARA-040)
Warning: Coupling capacitor (in31:9 in38:5 0) on net in38 is discarded because the value cannot be <= 0 (PARA-040)
Warning: Coupling capacitor (input17/A input34/A 0) on net in39 is discarded because the value cannot be <= 0 (PARA-040)
Warning: Coupling capacitor (input23/A input34/A 0) on net in39 is discarded because the value cannot be <= 0 (PARA-040)
Warning: Coupling capacitor (in23:7 in39:7 0) on net in39 is discarded because the value cannot be <= 0 (PARA-040)
Warning: Coupling capacitor (in29:7 in39:7 0) on net in39 is discarded because the value cannot be <= 0 (PARA-040)
Warning: Coupling capacitor (in34:11 in4:11 0) on net in4 is discarded because the value cannot be <= 0 (PARA-040)
Warning: Coupling capacitor (input17/A input36/A 0) on net in40 is discarded because the value cannot be <= 0 (PARA-040)
Warning: Coupling capacitor (input28/A input36/A 0) on net in40 is discarded because the value cannot be <= 0 (PARA-040)
Warning: Coupling capacitor (in23:7 in40:7 0) on net in40 is discarded because the value cannot be <= 0 (PARA-040)
Warning: Coupling capacitor (in33:7 in40:7 0) on net in40 is discarded because the value cannot be <= 0 (PARA-040)
Warning: Coupling capacitor (input9/A input37/A 0) on net in41 is discarded because the value cannot be <= 0 (PARA-040)
Warning: Coupling capacitor (in16:7 in41:7 0) on net in41 is discarded because the value cannot be <= 0 (PARA-040)
Warning: Coupling capacitor (input16/A input39/A 0) on net in43 is discarded because the value cannot be <= 0 (PARA-040)
Warning: Coupling capacitor (input23/A input39/A 0) on net in43 is discarded because the value cannot be <= 0 (PARA-040)
Warning: Coupling capacitor (in22:7 in43:7 0) on net in43 is discarded because the value cannot be <= 0 (PARA-040)
Warning: Coupling capacitor (in29:7 in43:7 0) on net in43 is discarded because the value cannot be <= 0 (PARA-040)
Warning: Coupling capacitor (input9/A input41/A 0) on net in45 is discarded because the value cannot be <= 0 (PARA-040)
Warning: Coupling capacitor (in16:7 in45:7 0) on net in45 is discarded because the value cannot be <= 0 (PARA-040)
Warning: Coupling capacitor (in35:7 in46:7 0) on net in46 is discarded because the value cannot be <= 0 (PARA-040)
Warning: Coupling capacitor (input44/A input45/A 0) on net in49 is discarded because the value cannot be <= 0 (PARA-040)
Warning: Coupling capacitor (in48:7 in49:7 0) on net in49 is discarded because the value cannot be <= 0 (PARA-040)
Warning: Coupling capacitor (in44:5 in51:9 0) on net in51 is discarded because the value cannot be <= 0 (PARA-040)
Warning: Coupling capacitor (in26:9 in52:5 0) on net in52 is discarded because the value cannot be <= 0 (PARA-040)
Warning: Coupling capacitor (input37/A input50/A 0) on net in53 is discarded because the value cannot be <= 0 (PARA-040)
Warning: Coupling capacitor (input43/A input50/A 0) on net in53 is discarded because the value cannot be <= 0 (PARA-040)
Warning: Coupling capacitor (in41:7 in53:7 0) on net in53 is discarded because the value cannot be <= 0 (PARA-040)
Warning: Coupling capacitor (in47:7 in53:7 0) on net in53 is discarded because the value cannot be <= 0 (PARA-040)
Warning: Coupling capacitor (in50:5 in54:9 0) on net in54 is discarded because the value cannot be <= 0 (PARA-040)
Warning: Coupling capacitor (in51:9 in54:9 0) on net in54 is discarded because the value cannot be <= 0 (PARA-040)
Warning: Coupling capacitor (in26:9 in56:5 0) on net in56 is discarded because the value cannot be <= 0 (PARA-040)
Warning: Coupling capacitor (input19/A input54/A 0) on net in57 is discarded because the value cannot be <= 0 (PARA-040)
Warning: Coupling capacitor (in25:7 in57:7 0) on net in57 is discarded because the value cannot be <= 0 (PARA-040)
Warning: Coupling capacitor (in31:9 in58:9 0) on net in58 is discarded because the value cannot be <= 0 (PARA-040)
Warning: Coupling capacitor (input19/A input56/A 0) on net in59 is discarded because the value cannot be <= 0 (PARA-040)
Warning: Coupling capacitor (in25:7 in59:7 0) on net in59 is discarded because the value cannot be <= 0 (PARA-040)
Warning: Coupling capacitor (in49:7 in59:7 0) on net in59 is discarded because the value cannot be <= 0 (PARA-040)
Warning: Coupling capacitor (ANTENNA_input33_A/DIODE ANTENNA_input58_A/DIODE 0) on net in60 is discarded because the value cannot be <= 0 (PARA-040)
Warning: Coupling capacitor (input33/A input58/A 0) on net in60 is discarded because the value cannot be <= 0 (PARA-040)
Warning: Coupling capacitor (in44:5 in60:9 0) on net in60 is discarded because the value cannot be <= 0 (PARA-040)
Warning: Coupling capacitor (input42/A input59/A 0) on net in61 is discarded because the value cannot be <= 0 (PARA-040)
Warning: Coupling capacitor (input54/A input59/A 0) on net in61 is discarded because the value cannot be <= 0 (PARA-040)
Warning: Coupling capacitor (in46:7 in61:7 0) on net in61 is discarded because the value cannot be <= 0 (PARA-040)
Warning: Coupling capacitor (in57:7 in61:7 0) on net in61 is discarded because the value cannot be <= 0 (PARA-040)
Warning: Coupling capacitor (in32:7 out17 0) on net out17 is discarded because the value cannot be <= 0 (PARA-040)
Warning: Coupling capacitor (out10 out2 0) on net out2 is discarded because the value cannot be <= 0 (PARA-040)
Warning: Coupling capacitor (out14 out20 0) on net out20 is discarded because the value cannot be <= 0 (PARA-040)
Warning: Coupling capacitor (in48:7 out22 0) on net out22 is discarded because the value cannot be <= 0 (PARA-040)
Warning: Coupling capacitor (in55:7 out22 0) on net out22 is discarded because the value cannot be <= 0 (PARA-040)
Warning: Coupling capacitor (in58:9 out25 0) on net out25 is discarded because the value cannot be <= 0 (PARA-040)
Warning: Coupling capacitor (out25 out28 0) on net out28 is discarded because the value cannot be <= 0 (PARA-040)
Warning: Coupling capacitor (out26 out29 0) on net out29 is discarded because the value cannot be <= 0 (PARA-040)
Warning: Coupling capacitor (in24:13 out30 0) on net out30 is discarded because the value cannot be <= 0 (PARA-040)
Warning: Coupling capacitor (in42:13 out32 0) on net out32 is discarded because the value cannot be <= 0 (PARA-040)
Warning: Coupling capacitor (in45:7 out33 0) on net out33 is discarded because the value cannot be <= 0 (PARA-040)
Warning: Coupling capacitor (in52:5 out33 0) on net out33 is discarded because the value cannot be <= 0 (PARA-040)
Warning: Coupling capacitor (in50:5 out36 0) on net out36 is discarded because the value cannot be <= 0 (PARA-040)
Warning: Coupling capacitor (in56:5 out36 0) on net out36 is discarded because the value cannot be <= 0 (PARA-040)
Warning: Coupling capacitor (in47:7 out39 0) on net out39 is discarded because the value cannot be <= 0 (PARA-040)
Warning: Coupling capacitor (in55:7 out39 0) on net out39 is discarded because the value cannot be <= 0 (PARA-040)
Warning: Coupling capacitor (out41 out44 0) on net out44 is discarded because the value cannot be <= 0 (PARA-040)
Warning: Coupling capacitor (out13 out46 0) on net out46 is discarded because the value cannot be <= 0 (PARA-040)
Warning: Coupling capacitor (out46 out47 0) on net out47 is discarded because the value cannot be <= 0 (PARA-040)
Warning: Coupling capacitor (out28 out49 0) on net out49 is discarded because the value cannot be <= 0 (PARA-040)
Warning: Coupling capacitor (out41 out50 0) on net out50 is discarded because the value cannot be <= 0 (PARA-040)
Warning: Coupling capacitor (out49 out50 0) on net out50 is discarded because the value cannot be <= 0 (PARA-040)
Warning: Coupling capacitor (in38:5 out52 0) on net out52 is discarded because the value cannot be <= 0 (PARA-040)
Warning: Coupling capacitor (out44 out55 0) on net out55 is discarded because the value cannot be <= 0 (PARA-040)
Warning: Coupling capacitor (out48 out57 0) on net out57 is discarded because the value cannot be <= 0 (PARA-040)
Warning: Coupling capacitor (out55 out58 0) on net out58 is discarded because the value cannot be <= 0 (PARA-040)
Warning: Coupling capacitor (out47 out59 0) on net out59 is discarded because the value cannot be <= 0 (PARA-040)
Warning: Coupling capacitor (out58 out59 0) on net out59 is discarded because the value cannot be <= 0 (PARA-040)
Warning: Coupling capacitor (out54 out60 0) on net out60 is discarded because the value cannot be <= 0 (PARA-040)
Warning: Coupling capacitor (clkbuf_1_1__f_net595/A clknet_1_0__leaf_net372:45 0) on net clknet_1_0__leaf_net372 is discarded because the value cannot be <= 0 (PARA-040)
Warning: Coupling capacitor (clknet_1_0__leaf_net372:45 clknet_1_0__leaf_net595:25 0) on net clknet_1_0__leaf_net595 is discarded because the value cannot be <= 0 (PARA-040)
Warning: Coupling capacitor (clknet_1_0__leaf_net744:14 clknet_1_0__leaf_net884:108 0) on net clknet_1_0__leaf_net884 is discarded because the value cannot be <= 0 (PARA-040)
Warning: Coupling capacitor (clkbuf_1_1__f_net168/A clknet_1_0__leaf_net887:18 0) on net clknet_1_0__leaf_net887 is discarded because the value cannot be <= 0 (PARA-040)
Warning: Coupling capacitor (clknet_1_0__leaf_net372:45 c615/SET_B 0) on net clknet_1_0__leaf_net892 is discarded because the value cannot be <= 0 (PARA-040)
Warning: Coupling capacitor (clknet_1_0__leaf_net372:45 clknet_1_0__leaf_net892:52 0) on net clknet_1_0__leaf_net892 is discarded because the value cannot be <= 0 (PARA-040)
Warning: Coupling capacitor (in31:9 output109/A 0) on net clknet_1_0__leaf_net930 is discarded because the value cannot be <= 0 (PARA-040)
Warning: Coupling capacitor (clknet_0_net884:8 clknet_1_1__leaf_net595:42 0) on net clknet_1_1__leaf_net595 is discarded because the value cannot be <= 0 (PARA-040)
Warning: Coupling capacitor (c703/A2 c702/S0 0) on net clknet_1_1__leaf_net744 is discarded because the value cannot be <= 0 (PARA-040)
Warning: Coupling capacitor (c703/A2 clknet_1_1__leaf_net744:8 0) on net clknet_1_1__leaf_net744 is discarded because the value cannot be <= 0 (PARA-040)
Warning: Coupling capacitor (c705/A clknet_1_1__leaf_net744:8 0) on net clknet_1_1__leaf_net744 is discarded because the value cannot be <= 0 (PARA-040)
Warning: Coupling capacitor (clknet_1_0__leaf_net372:45 clknet_1_1__leaf_net806:10 0) on net clknet_1_1__leaf_net806 is discarded because the value cannot be <= 0 (PARA-040)
Warning: Coupling capacitor (clknet_1_0__leaf_net372:45 clknet_1_1__leaf_net806:16 0) on net clknet_1_1__leaf_net806 is discarded because the value cannot be <= 0 (PARA-040)
Warning: Coupling capacitor (clkbuf_1_1__f_net887/A clknet_4_11_0_clk:204 0) on net clknet_4_11_0_clk is discarded because the value cannot be <= 0 (PARA-040)
Warning: Coupling capacitor (clkbuf_1_0__f_net892/A clknet_4_13_0_clk:95 0) on net clknet_4_13_0_clk is discarded because the value cannot be <= 0 (PARA-040)
Warning: Coupling capacitor (clkbuf_1_0__f_net892/A clknet_4_13_0_clk:106 0) on net clknet_4_13_0_clk is discarded because the value cannot be <= 0 (PARA-040)
Warning: Coupling capacitor (clkbuf_1_0__f_net892/A clknet_4_13_0_clk:150 0) on net clknet_4_13_0_clk is discarded because the value cannot be <= 0 (PARA-040)
Warning: Coupling capacitor (clknet_1_1__leaf_net884:21 merge841/CLK 0) on net clknet_4_13_0_clk is discarded because the value cannot be <= 0 (PARA-040)
Warning: Coupling capacitor (clknet_1_0__leaf_net919:20 clknet_4_14_0_clk:10 0) on net clknet_4_14_0_clk is discarded because the value cannot be <= 0 (PARA-040)
Warning: Coupling capacitor (clknet_1_0__leaf_net919:20 clknet_4_14_0_clk:12 0) on net clknet_4_14_0_clk is discarded because the value cannot be <= 0 (PARA-040)
Warning: Coupling capacitor (clknet_1_0__leaf_net919:20 clknet_4_14_0_clk:16 0) on net clknet_4_14_0_clk is discarded because the value cannot be <= 0 (PARA-040)
Note - message 'PARA-040' default limit (100) exceeded.  Remainder will be suppressed.
Warning: Net 'net106' is multi-driven. (DES-023)
Warning: Net 'net293' is multi-driven. (DES-023)
Warning: Net 'net361' is multi-driven. (DES-023)
Warning: Net 'net427' is multi-driven. (DES-023)
Warning: Net 'net44' is multi-driven. (DES-023)
Warning: Net 'net742' is multi-driven. (DES-023)

****************************************
Report : read_parasitics /nas/ei/home/ge78pav/TM_power/TM_openlane/TM_openlane_single_mid/TM_openlane_mid_ios/TM_openlane_mid_ios_mid/netlist_1/low/spef/netlist_1_post_par_nom.spef
Design : netlist_1
Version: Q-2019.12-SP1
Date   : Tue Jul 30 20:26:55 2024
****************************************

        0 error(s)
        Format is SPEF
        Annotated nets                   :         1313
        Annotated capacitances           :        10466
        Annotated resistances            :         9153
        Reduced coupling capacitances    :        17954
        Annotated PI models              :            0
        Annotated Elmore delays          :            0

