****************************************
Report : Averaged Power
	-net_power
	-hierarchy
	-sort_by net_switching_power
	-power_greater_than       0
	-nosplit
Design : netlist_0
Version: Q-2019.12-SP1
Date   : Fri Aug  9 17:07:14 2024
****************************************



  Attributes
  ----------
      a  -  Switching activity information / Switching power information annotated on net
      p  -  Propagated switching activity information on net
      d  -  Default switching activity used on net
      u  -  Net switching activity uninitialized
      m  -  Net is driven by multiple pins
      b  -  Net is a primary input (boundary net)

		Toggle rates reported with respect to time unit 1ns
--------------------------------------------------------------------------------
                                  Total      Static   Toggle   Switching
Net                         Vdd   Net Load   Prob.    Rate     Power      Attrs
--------------------------------------------------------------------------------
clknet_0_clk                1.80    0.220    0.500    0.1000   3.565e-05  a
net890                      1.80    0.114    0.435    0.1306   2.408e-05  p
net798                      1.80    0.143    0.500    0.1000   2.322e-05  a
net768                      1.80    0.141    0.500    0.1000   2.285e-05  a
net836                      1.80    0.072    0.496    0.1847   2.166e-05  p
net635                      1.80    0.127    0.500    0.1000   2.062e-05  a
net776                      1.80    0.127    0.500    0.1000   2.054e-05  a
net773                      1.80    0.118    0.500    0.1000   1.916e-05  a
net779                      1.80    0.118    0.500    0.1000   1.913e-05  a
net799                      1.80    0.115    0.500    0.1000   1.870e-05  a
net1                        1.80    0.061    0.501    0.1887   1.863e-05  p
net795                      1.80    0.112    0.500    0.1000   1.809e-05  a
net61                       1.80    0.112    0.253    0.0985   1.788e-05  p
net899                      1.80    0.110    0.500    0.1000   1.787e-05  a
net790                      1.80    0.110    0.500    0.1000   1.785e-05  a
net771                      1.80    0.108    0.500    0.1000   1.746e-05  a
net888                      1.80    0.078    0.697    0.1354   1.702e-05  p
net770                      1.80    0.103    0.500    0.1000   1.676e-05  a
net781                      1.80    0.103    0.500    0.1000   1.675e-05  a
net828                      1.80    0.102    0.500    0.1000   1.656e-05  a
net881                      1.80    0.099    0.756    0.0991   1.595e-05  p
net883                      1.80    0.091    0.516    0.1072   1.581e-05  p
net775                      1.80    0.097    0.500    0.1000   1.567e-05  a
net816                      1.80    0.096    0.500    0.1000   1.563e-05  a
net898                      1.80    0.100    0.259    0.0965   1.559e-05  p
net882                      1.80    0.084    0.254    0.1054   1.442e-05  p
net827                      1.80    0.089    0.500    0.1000   1.435e-05  a
net949                      1.80    0.088    0.500    0.1000   1.422e-05  a
net820                      1.80    0.087    0.500    0.1000   1.413e-05  a
net855                      1.80    0.074    0.528    0.1164   1.389e-05  p
net904                      1.80    0.086    0.500    0.1000   1.385e-05  a
net62                       1.80    0.086    0.248    0.0982   1.369e-05  p
net810                      1.80    0.083    0.500    0.1000   1.338e-05  a
net774                      1.80    0.082    0.500    0.1000   1.324e-05  a
net940                      1.80    0.059    0.697    0.1354   1.302e-05  p
clknet_4_11_0_clk           1.80    0.079    0.500    0.1000   1.284e-05  a
net972                      1.80    0.079    0.500    0.1000   1.280e-05  a
net777                      1.80    0.078    0.500    0.1000   1.262e-05  a
net70                       1.80    0.081    0.244    0.0959   1.255e-05  p
net800                      1.80    0.077    0.500    0.1000   1.248e-05  a
net212                      1.80    0.062    0.565    0.1237   1.243e-05  p
net808                      1.80    0.076    0.500    0.1000   1.235e-05  a
net902                      1.80    0.076    0.500    0.1000   1.235e-05  a
net901                      1.80    0.075    0.500    0.1000   1.218e-05  a
net772                      1.80    0.075    0.500    0.1000   1.216e-05  a
net787                      1.80    0.074    0.500    0.1000   1.193e-05  a
net788                      1.80    0.073    0.500    0.1000   1.188e-05  a
net79                       1.80    0.101    0.123    0.0723   1.186e-05  p
net815                      1.80    0.073    0.500    0.1000   1.184e-05  a
net824                      1.80    0.072    0.500    0.1000   1.170e-05  a
net780                      1.80    0.072    0.500    0.1000   1.162e-05  a
net973                      1.80    0.053    0.697    0.1354   1.157e-05  p
net822                      1.80    0.071    0.500    0.1000   1.149e-05  a
net785                      1.80    0.070    0.500    0.1000   1.131e-05  a
net71                       1.80    0.099    0.125    0.0705   1.125e-05  p
net823                      1.80    0.069    0.500    0.1000   1.116e-05  a
net782                      1.80    0.067    0.500    0.1000   1.081e-05  a
net812                      1.80    0.066    0.500    0.1000   1.076e-05  a
net807                      1.80    0.066    0.500    0.1000   1.074e-05  a
net805                      1.80    0.065    0.500    0.1000   1.061e-05  a
net418                      1.80    0.067    0.243    0.0969   1.059e-05  p
net211                      1.80    0.048    0.495    0.1360   1.048e-05  p
net797                      1.80    0.065    0.500    0.1000   1.045e-05  a
net75                       1.80    0.067    0.244    0.0959   1.039e-05  p
net2                        1.80    0.096    0.905    0.0669   1.036e-05  p
clknet_4_5_0_clk            1.80    0.064    0.500    0.1000   1.036e-05  a
net769                      1.80    0.063    0.500    0.1000   1.028e-05  a
net821                      1.80    0.063    0.500    0.1000   1.022e-05  a
net900                      1.80    0.061    0.500    0.1000   9.935e-06  a
clknet_4_8_0_clk            1.80    0.061    0.500    0.1000   9.906e-06  a
net801                      1.80    0.060    0.500    0.1000   9.782e-06  a
net102                      1.80    0.046    0.435    0.1306   9.679e-06  p
net974                      1.80    0.060    0.500    0.1000   9.659e-06  a
net825                      1.80    0.059    0.500    0.1000   9.628e-06  a
net778                      1.80    0.059    0.500    0.1000   9.519e-06  a
clknet_4_10_0_clk           1.80    0.058    0.500    0.1000   9.323e-06  a
net903                      1.80    0.057    0.500    0.1000   9.271e-06  a
clknet_4_4_0_clk            1.80    0.055    0.500    0.1000   8.925e-06  a
net24                       1.80    0.055    0.248    0.0989   8.864e-06  p
net794                      1.80    0.054    0.500    0.1000   8.806e-06  a
net11                       1.80    0.055    0.255    0.0983   8.720e-06  p
net216                      1.80    0.046    0.753    0.1160   8.620e-06  p
net977                      1.80    0.079    0.905    0.0669   8.592e-06  p
net796                      1.80    0.052    0.500    0.1000   8.495e-06  a
net804                      1.80    0.052    0.500    0.1000   8.488e-06  a
net818                      1.80    0.052    0.500    0.1000   8.430e-06  a
clknet_4_9_0_clk            1.80    0.052    0.500    0.1000   8.393e-06  a
net834                      1.80    0.108    0.084    0.0479   8.362e-06  p
net100                      1.80    0.038    0.697    0.1354   8.328e-06  p
net201                      1.80    0.065    0.134    0.0787   8.327e-06  p
net789                      1.80    0.051    0.500    0.1000   8.256e-06  a
net784                      1.80    0.050    0.500    0.1000   8.166e-06  a
net813                      1.80    0.050    0.500    0.1000   8.068e-06  a
net809                      1.80    0.050    0.500    0.1000   8.048e-06  a
net793                      1.80    0.049    0.500    0.1000   8.016e-06  a
clknet_4_2_0_clk            1.80    0.049    0.500    0.1000   8.007e-06  a
net866                      1.80    0.042    0.277    0.1164   8.005e-06  p
clknet_4_12_0_clk           1.80    0.049    0.500    0.1000   7.907e-06  a
net104                      1.80    0.052    0.246    0.0941   7.885e-06  p
net783                      1.80    0.048    0.500    0.1000   7.847e-06  a
net819                      1.80    0.048    0.500    0.1000   7.822e-06  a
net864                      1.80    0.048    0.249    0.0990   7.761e-06  p
net0                        1.80    0.028    0.504    0.1719   7.710e-06  p
net806                      1.80    0.048    0.500    0.1000   7.706e-06  a
net6                        1.80    0.067    0.121    0.0710   7.687e-06  p
net792                      1.80    0.047    0.500    0.1000   7.672e-06  a
clknet_4_6_0_clk            1.80    0.047    0.500    0.1000   7.612e-06  a
net142                      1.80    0.044    0.516    0.1072   7.598e-06  p
net69                       1.80    0.065    0.127    0.0718   7.591e-06  p
clknet_4_0_0_clk            1.80    0.046    0.500    0.1000   7.476e-06  a
net826                      1.80    0.046    0.500    0.1000   7.411e-06  a
net889                      1.80    0.099    0.063    0.0462   7.407e-06  p
net925                      1.80    0.034    0.697    0.1354   7.374e-06  p
net4                        1.80    0.037    0.450    0.1209   7.288e-06  p
clknet_4_13_0_clk           1.80    0.045    0.500    0.1000   7.270e-06  a
net92                       1.80    0.060    0.883    0.0730   7.096e-06  p
net78                       1.80    0.045    0.244    0.0959   7.060e-06  p
net803                      1.80    0.043    0.500    0.1000   7.011e-06  a
clknet_4_15_0_clk           1.80    0.043    0.500    0.1000   6.912e-06  a
net936                      1.80    0.034    0.624    0.1238   6.900e-06  p
net204                      1.80    0.082    0.068    0.0519   6.885e-06  p
net271                      1.80    0.025    0.502    0.1703   6.862e-06  p
net198                      1.80    0.053    0.134    0.0787   6.801e-06  p
net948                      1.80    0.024    0.504    0.1719   6.783e-06  p
net68                       1.80    0.057    0.125    0.0721   6.675e-06  p
net791                      1.80    0.041    0.500    0.1000   6.613e-06  a
net843                      1.80    0.045    0.880    0.0898   6.600e-06  p
net322                      1.80    0.033    0.553    0.1225   6.537e-06  p
net326                      1.80    0.040    0.803    0.0996   6.527e-06  p
net786                      1.80    0.040    0.500    0.1000   6.480e-06  a
net513                      1.80    0.024    0.398    0.1614   6.269e-06  p
clknet_0_net485             1.80    0.021    0.430    0.1820   6.262e-06  p
clknet_4_14_0_clk           1.80    0.039    0.500    0.1000   6.260e-06  a
net941                      1.80    0.041    0.170    0.0929   6.242e-06  p
net63                       1.80    0.039    0.251    0.0971   6.203e-06  p
net937                      1.80    0.031    0.624    0.1238   6.187e-06  p
clknet_0_net396             1.80    0.020    0.422    0.1880   6.056e-06  p
net930                      1.80    0.049    0.105    0.0768   6.049e-06  p
net86                       1.80    0.038    0.260    0.0978   6.037e-06  p
net438                      1.80    0.043    0.363    0.0836   5.869e-06  p
net120                      1.80    0.030    0.241    0.1223   5.848e-06  p
clknet_4_7_0_clk            1.80    0.035    0.500    0.1000   5.677e-06  a
clknet_1_0__leaf_net681     1.80    0.035    0.490    0.0981   5.605e-06  p
net835                      1.80    0.033    0.254    0.1054   5.582e-06  p
net192                      1.80    0.024    0.436    0.1428   5.503e-06  p
net184                      1.80    0.047    0.126    0.0719   5.492e-06  p
net505                      1.80    0.029    0.478    0.1170   5.486e-06  p
net73                       1.80    0.069    0.063    0.0482   5.405e-06  p
net227                      1.80    0.046    0.125    0.0726   5.385e-06  p
net156                      1.80    0.030    0.811    0.1122   5.372e-06  p
net817                      1.80    0.033    0.500    0.1000   5.359e-06  a
net482                      1.80    0.020    0.632    0.1641   5.288e-06  p
net896                      1.80    0.083    0.955    0.0392   5.286e-06  p
net303                      1.80    0.046    0.124    0.0708   5.227e-06  p
net16                       1.80    0.023    0.226    0.1377   5.213e-06  p
net947                      1.80    0.033    0.254    0.0966   5.129e-06  p
clknet_0_net478             1.80    0.021    0.622    0.1520   5.070e-06  p
net218                      1.80    0.053    0.143    0.0589   5.043e-06  p
clknet_0_net574             1.80    0.021    0.288    0.1433   4.976e-06  p
net9                        1.80    0.067    0.058    0.0456   4.967e-06  p
net105                      1.80    0.043    0.125    0.0707   4.922e-06  p
net340                      1.80    0.030    0.756    0.0991   4.886e-06  p
clknet_4_3_0_clk            1.80    0.030    0.500    0.1000   4.874e-06  a
net846                      1.80    0.036    0.301    0.0818   4.777e-06  p
net324                      1.80    0.030    0.259    0.0965   4.767e-06  p
net839                      1.80    0.021    0.233    0.1356   4.652e-06  p
net297                      1.80    0.042    0.098    0.0689   4.644e-06  p
clknet_0_net681             1.80    0.029    0.490    0.0981   4.599e-06  p
net811                      1.80    0.028    0.500    0.1000   4.580e-06  a
net908                      1.80    0.017    0.488    0.1593   4.455e-06  p
clknet_0_net480             1.80    0.021    0.514    0.1336   4.447e-06  p
net106                      1.80    0.059    0.063    0.0462   4.425e-06  p
net64                       1.80    0.028    0.251    0.0969   4.387e-06  p
net680                      1.80    0.098    0.505    0.0275   4.345e-06  p
net66                       1.80    0.057    0.062    0.0468   4.341e-06  p
net77                       1.80    0.037    0.127    0.0718   4.334e-06  p
net845                      1.80    0.016    0.364    0.1661   4.329e-06  p
net327                      1.80    0.056    0.066    0.0473   4.323e-06  p
net499                      1.80    0.014    0.397    0.1903   4.251e-06  p
net919                      1.80    0.027    0.251    0.0971   4.215e-06  p
net93                       1.80    0.022    0.801    0.1197   4.170e-06  p
net867                      1.80    0.016    0.488    0.1593   4.124e-06  p
net67                       1.80    0.026    0.252    0.0963   4.052e-06  p
clknet_0_net600             1.80    0.020    0.254    0.1257   4.010e-06  p
net384                      1.80    0.038    0.842    0.0645   3.995e-06  p
clknet_1_0__leaf_net682     1.80    0.048    0.254    0.0515   3.992e-06  p
net728                      1.80    0.035    0.246    0.0692   3.965e-06  p
net87                       1.80    0.025    0.491    0.0998   3.961e-06  p
net413                      1.80    0.048    0.084    0.0502   3.865e-06  pm
net336                      1.80    0.016    0.326    0.1433   3.816e-06  p
clknet_4_1_0_clk            1.80    0.023    0.500    0.1000   3.792e-06  a
clknet_0_net594             1.80    0.019    0.617    0.1218   3.731e-06  p
net97                       1.80    0.017    0.351    0.1372   3.718e-06  p
net126                      1.80    0.023    0.513    0.0970   3.639e-06  p
net111                      1.80    0.049    0.061    0.0461   3.630e-06  p
net907                      1.80    0.014    0.488    0.1593   3.628e-06  p
net566                      1.80    0.033    0.077    0.0683   3.603e-06  p
net692                      1.80    0.031    0.643    0.0709   3.567e-06  p
net574                      1.80    0.015    0.288    0.1433   3.566e-06  p
net98                       1.80    0.022    0.844    0.0983   3.517e-06  p
net246                      1.80    0.024    0.123    0.0909   3.517e-06  p
net681                      1.80    0.022    0.490    0.0981   3.496e-06  p
net584                      1.80    0.021    0.496    0.1003   3.434e-06  p
net3                        1.80    0.022    0.247    0.0973   3.428e-06  p
clknet_1_0__leaf_net574     1.80    0.015    0.288    0.1433   3.384e-06  p
net928                      1.80    0.027    0.105    0.0768   3.371e-06  p
net915                      1.80    0.027    0.894    0.0761   3.362e-06  p
clknet_0_net592             1.80    0.022    0.725    0.0931   3.341e-06  p
net158                      1.80    0.011    0.430    0.1806   3.290e-06  p
net277                      1.80    0.015    0.285    0.1308   3.231e-06  p
net483                      1.80    0.012    0.433    0.1718   3.226e-06  p
clknet_0_net493             1.80    0.020    0.142    0.0981   3.214e-06  p
net396                      1.80    0.010    0.422    0.1880   3.158e-06  p
net853                      1.80    0.016    0.624    0.1238   3.137e-06  p
net408                      1.80    0.015    0.620    0.1264   3.126e-06  p
net191                      1.80    0.079    0.023    0.0243   3.119e-06  p
net5                        1.80    0.020    0.243    0.0974   3.108e-06  p
clknet_0_net462             1.80    0.020    0.628    0.0978   3.098e-06  p
net222                      1.80    0.017    0.239    0.1144   3.089e-06  p
net183                      1.80    0.015    0.647    0.1300   3.087e-06  p
net909                      1.80    0.012    0.488    0.1593   3.069e-06  p
net72                       1.80    0.068    0.031    0.0278   3.067e-06  p
net472                      1.80    0.017    0.508    0.1092   3.065e-06  p
net897                      1.80    0.026    0.125    0.0721   3.060e-06  p
net26                       1.80    0.016    0.450    0.1209   3.056e-06  p
net485                      1.80    0.010    0.430    0.1820   3.023e-06  p
net690                      1.80    0.054    0.917    0.0339   2.952e-06  p
net847                      1.80    0.020    0.631    0.0904   2.915e-06  p
net65                       1.80    0.025    0.131    0.0726   2.913e-06  p
net877                      1.80    0.017    0.264    0.1011   2.861e-06  p
net814                      1.80    0.018    0.500    0.1000   2.855e-06  a
net912                      1.80    0.011    0.488    0.1593   2.765e-06  p
net536                      1.80    0.035    0.505    0.0491   2.756e-06  p
net932                      1.80    0.023    0.125    0.0721   2.735e-06  p
clknet_1_1__leaf_net682     1.80    0.033    0.254    0.0515   2.731e-06  p
net119                      1.80    0.020    0.880    0.0841   2.711e-06  p
net906                      1.80    0.010    0.488    0.1593   2.699e-06  p
net276                      1.80    0.020    0.699    0.0818   2.657e-06  p
net838                      1.80    0.022    0.720    0.0763   2.656e-06  p
net109                      1.80    0.023    0.127    0.0704   2.624e-06  p
clknet_0_net701             1.80    0.020    0.397    0.0780   2.581e-06  p
net894                      1.80    0.066    0.035    0.0241   2.577e-06  p
net393                      1.80    0.011    0.533    0.1407   2.576e-06  p
net76                       1.80    0.021    0.105    0.0768   2.576e-06  p
net160                      1.80    0.032    0.064    0.0496   2.563e-06  p
net388                      1.80    0.014    0.463    0.1140   2.557e-06  p
net231                      1.80    0.089    0.017    0.0177   2.552e-06  p
net893                      1.80    0.065    0.035    0.0241   2.537e-06  p
net724                      1.80    0.022    0.477    0.0711   2.532e-06  p
net95                       1.80    0.021    0.883    0.0730   2.514e-06  p
net910                      1.80    0.010    0.488    0.1593   2.513e-06  p
net12                       1.80    0.034    0.063    0.0449   2.487e-06  p
net96                       1.80    0.033    0.941    0.0470   2.484e-06  p
net348                      1.80    0.011    0.273    0.1458   2.480e-06  p
net892                      1.80    0.080    0.018    0.0189   2.449e-06  p
net85                       1.80    0.014    0.762    0.1063   2.411e-06  p
net931                      1.80    0.021    0.125    0.0721   2.409e-06  p
net571                      1.80    0.013    0.424    0.1167   2.393e-06  p
net329                      1.80    0.012    0.790    0.1262   2.391e-06  p
net557                      1.80    0.016    0.181    0.0941   2.371e-06  p
net199                      1.80    0.060    0.023    0.0243   2.370e-06  p
net722                      1.80    0.025    0.463    0.0574   2.358e-06  p
net917                      1.80    0.019    0.894    0.0761   2.342e-06  p
net558                      1.80    0.047    0.041    0.0309   2.329e-06  p
net478                      1.80    0.009    0.622    0.1520   2.329e-06  p
net859                      1.80    0.022    0.482    0.0656   2.324e-06  p
net744                      1.80    0.018    0.554    0.0817   2.323e-06  p
clknet_1_1__leaf_net681     1.80    0.014    0.490    0.0981   2.251e-06  p
net82                       1.80    0.079    0.015    0.0175   2.241e-06  p
net857                      1.80    0.049    0.031    0.0278   2.219e-06  p
net860                      1.80    0.029    0.064    0.0472   2.206e-06  p
net325                      1.80    0.034    0.955    0.0392   2.192e-06  p
net595                      1.80    0.009    0.358    0.1548   2.186e-06  p
net41                       1.80    0.011    0.550    0.1209   2.182e-06  p
net430                      1.80    0.016    0.363    0.0836   2.157e-06  p
net929                      1.80    0.017    0.105    0.0768   2.112e-06  p
net162                      1.80    0.010    0.764    0.1239   2.077e-06  p
clknet_0_net682             1.80    0.025    0.254    0.0515   2.056e-06  p
net550                      1.80    0.016    0.104    0.0781   2.033e-06  p
net89                       1.80    0.020    0.907    0.0617   2.032e-06  p
net373                      1.80    0.025    0.058    0.0494   1.997e-06  p
net671                      1.80    0.019    0.482    0.0656   1.988e-06  p
net28                       1.80    0.013    0.244    0.0950   1.978e-06  p
net512                      1.80    0.008    0.455    0.1575   1.955e-06  p
net682                      1.80    0.023    0.254    0.0515   1.943e-06  p
net155                      1.80    0.012    0.508    0.0999   1.936e-06  p
net891                      1.80    0.112    0.009    0.0106   1.933e-06  p
clknet_1_0__leaf_net462     1.80    0.012    0.628    0.0978   1.933e-06  p
clknet_1_0__leaf_net478     1.80    0.008    0.622    0.1520   1.921e-06  p
net961                      1.80    0.014    0.311    0.0842   1.882e-06  p
net228                      1.80    0.024    0.069    0.0481   1.858e-06  p
net594                      1.80    0.009    0.617    0.1218   1.842e-06  p
net121                      1.80    0.023    0.062    0.0490   1.833e-06  p
net905                      1.80    0.007    0.488    0.1593   1.828e-06  p
net480                      1.80    0.008    0.514    0.1336   1.823e-06  p
net597                      1.80    0.011    0.132    0.0996   1.817e-06  p
net128                      1.80    0.009    0.536    0.1251   1.802e-06  p
net600                      1.80    0.009    0.254    0.1257   1.773e-06  p
clknet_1_0__leaf_net485     1.80    0.006    0.430    0.1820   1.762e-06  p
net187                      1.80    0.016    0.098    0.0689   1.751e-06  p
net179                      1.80    0.010    0.342    0.1098   1.691e-06  p
net493                      1.80    0.011    0.142    0.0981   1.684e-06  p
net462                      1.80    0.011    0.628    0.0978   1.672e-06  p
clknet_1_0__leaf_net702     1.80    0.033    0.159    0.0313   1.651e-06  p
net131                      1.80    0.014    0.137    0.0732   1.638e-06  p
net938                      1.80    0.008    0.624    0.1238   1.624e-06  p
net494                      1.80    0.006    0.310    0.1577   1.624e-06  p
clknet_1_1__leaf_net702     1.80    0.032    0.159    0.0313   1.615e-06  p
net456                      1.80    0.015    0.098    0.0647   1.612e-06  p
net137                      1.80    0.039    0.974    0.0255   1.599e-06  p
net532                      1.80    0.019    0.486    0.0497   1.553e-06  p
net177                      1.80    0.007    0.637    0.1299   1.549e-06  p
net148                      1.80    0.011    0.688    0.0845   1.539e-06  p
net364                      1.80    0.065    0.988    0.0144   1.516e-06  p
net247                      1.80    0.009    0.503    0.1050   1.506e-06  p
clknet_0_net683             1.80    0.019    0.258    0.0498   1.502e-06  p
clknet_1_0__leaf_net396     1.80    0.005    0.422    0.1880   1.486e-06  p
net443                      1.80    0.008    0.846    0.1078   1.472e-06  p
net337                      1.80    0.010    0.170    0.0929   1.457e-06  p
net926                      1.80    0.019    0.062    0.0466   1.454e-06  p
net614                      1.80    0.008    0.144    0.1097   1.453e-06  p
clknet_0_net719             1.80    0.020    0.209    0.0453   1.452e-06  p
net151                      1.80    0.011    0.688    0.0845   1.449e-06  p
net399                      1.80    0.005    0.516    0.1833   1.444e-06  p
net911                      1.80    0.006    0.488    0.1593   1.444e-06  p
net618                      1.80    0.005    0.461    0.1610   1.426e-06  p
net592                      1.80    0.009    0.725    0.0931   1.404e-06  p
net440                      1.80    0.015    0.143    0.0589   1.403e-06  p
net546                      1.80    0.036    0.965    0.0241   1.397e-06  p
net125                      1.80    0.030    0.029    0.0284   1.394e-06  p
net586                      1.80    0.008    0.228    0.1045   1.391e-06  p
net289                      1.80    0.047    0.976    0.0180   1.384e-06  p
net939                      1.80    0.005    0.488    0.1593   1.380e-06  p
net446                      1.80    0.035    0.035    0.0241   1.357e-06  p
net918                      1.80    0.011    0.894    0.0761   1.355e-06  p
net802                      1.80    0.008    0.500    0.1000   1.354e-06  a
net288                      1.80    0.046    0.024    0.0177   1.334e-06  p
net171                      1.80    0.006    0.290    0.1390   1.313e-06  p
net210                      1.80    0.006    0.521    0.1224   1.259e-06  p
net374                      1.80    0.011    0.143    0.0721   1.258e-06  p
clknet_1_1__leaf_net574     1.80    0.005    0.288    0.1433   1.239e-06  p
net850                      1.80    0.008    0.243    0.0974   1.236e-06  p
net723                      1.80    0.011    0.519    0.0711   1.232e-06  p
net700                      1.80    0.057    0.169    0.0133   1.230e-06  p
clknet_1_1__leaf_net485     1.80    0.004    0.430    0.1820   1.204e-06  p
net331                      1.80    0.042    0.017    0.0175   1.184e-06  p
net404                      1.80    0.009    0.628    0.0805   1.176e-06  p
net383                      1.80    0.016    0.943    0.0459   1.176e-06  p
net81                       1.80    0.075    0.007    0.0095   1.156e-06  p
net18                       1.80    0.067    0.009    0.0106   1.150e-06  p
net414                      1.80    0.014    0.915    0.0503   1.149e-06  p
net17                       1.80    0.007    0.255    0.0983   1.146e-06  p
net130                      1.80    0.015    0.065    0.0475   1.138e-06  p
net613                      1.80    0.007    0.626    0.1022   1.137e-06  p
net248                      1.80    0.007    0.497    0.1050   1.129e-06  p
net112                      1.80    0.026    0.972    0.0268   1.125e-06  p
net568                      1.80    0.011    0.079    0.0646   1.123e-06  p
net701                      1.80    0.009    0.397    0.0780   1.118e-06  p
net27                       1.80    0.007    0.222    0.1033   1.106e-06  p
net400                      1.80    0.004    0.487    0.1589   1.098e-06  p
net632                      1.80    0.005    0.661    0.1312   1.094e-06  p
net14                       1.80    0.023    0.032    0.0294   1.090e-06  p
net295                      1.80    0.007    0.250    0.0981   1.090e-06  p
net80                       1.80    0.065    0.008    0.0103   1.082e-06  p
net473                      1.80    0.005    0.795    0.1305   1.072e-06  p
net188                      1.80    0.035    0.018    0.0189   1.064e-06  p
net433                      1.80    0.047    0.012    0.0140   1.060e-06  p
net683                      1.80    0.013    0.258    0.0498   1.059e-06  p
net616                      1.80    0.005    0.424    0.1237   1.059e-06  p
net380                      1.80    0.004    0.669    0.1490   1.053e-06  p
net506                      1.80    0.006    0.268    0.1090   1.027e-06  p
net190                      1.80    0.022    0.033    0.0289   1.025e-06  p
net113                      1.80    0.041    0.986    0.0152   1.019e-06  p
clknet_0_net702             1.80    0.020    0.159    0.0313   1.017e-06  p
net292                      1.80    0.009    0.272    0.0720   1.017e-06  p
net476                      1.80    0.005    0.340    0.1203   1.014e-06  p
net258                      1.80    0.013    0.939    0.0477   1.009e-06  p
net135                      1.80    0.046    0.011    0.0134   1.002e-06  p
net590                      1.80    0.005    0.300    0.1309   9.937e-07  p
net509                      1.80    0.005    0.202    0.1244   9.859e-07  p
net726                      1.80    0.047    0.024    0.0128   9.788e-07  p
net582                      1.80    0.007    0.273    0.0807   9.745e-07  p
net74                       1.80    0.013    0.062    0.0466   9.647e-07  p
net607                      1.80    0.013    0.156    0.0453   9.642e-07  p
net402                      1.80    0.004    0.230    0.1364   9.592e-07  p
clknet_1_1__leaf_net594     1.80    0.005    0.617    0.1218   9.552e-07  p
net254                      1.80    0.006    0.768    0.1028   9.363e-07  p
net691                      1.80    0.008    0.468    0.0706   9.341e-07  p
net596                      1.80    0.007    0.177    0.0819   9.330e-07  p
net849                      1.80    0.007    0.362    0.0882   9.304e-07  p
net244                      1.80    0.008    0.894    0.0761   9.254e-07  p
net332                      1.80    0.055    0.009    0.0104   9.228e-07  p
net705                      1.80    0.006    0.434    0.0999   9.211e-07  p
net711                      1.80    0.011    0.856    0.0506   8.961e-07  p
net88                       1.80    0.092    0.004    0.0060   8.960e-07  p
clknet_1_1__leaf_net600     1.80    0.004    0.254    0.1257   8.949e-07  p
net609                      1.80    0.005    0.508    0.1139   8.831e-07  p
net920                      1.80    0.020    0.972    0.0268   8.819e-07  p
net567                      1.80    0.004    0.308    0.1416   8.795e-07  p
net739                      1.80    0.011    0.268    0.0495   8.793e-07  p
net518                      1.80    0.010    0.068    0.0526   8.779e-07  p
net110                      1.80    0.012    0.062    0.0450   8.741e-07  p
clknet_1_1__leaf_net478     1.80    0.004    0.622    0.1520   8.735e-07  p
net465                      1.80    0.006    0.365    0.0856   8.701e-07  p
net659                      1.80    0.006    0.688    0.0845   8.688e-07  p
clknet_1_0__leaf_net592     1.80    0.006    0.725    0.0931   8.587e-07  p
net588                      1.80    0.004    0.566    0.1349   8.506e-07  p
net869                      1.80    0.005    0.468    0.0959   8.499e-07  p
clknet_1_0__leaf_net683     1.80    0.010    0.258    0.0498   8.406e-07  p
net280                      1.80    0.005    0.324    0.0956   8.387e-07  p
net8                        1.80    0.011    0.061    0.0473   8.311e-07  p
clknet_1_1__leaf_net480     1.80    0.004    0.514    0.1336   8.289e-07  p
net169                      1.80    0.003    0.584    0.1605   8.286e-07  p
net260                      1.80    0.011    0.916    0.0479   8.228e-07  p
net622                      1.80    0.003    0.511    0.1470   8.159e-07  p
net60                       1.80    0.007    0.484    0.0683   8.143e-07  p
net507                      1.80    0.003    0.514    0.1640   8.098e-07  p
net7                        1.80    0.011    0.060    0.0463   7.947e-07  p
net957                      1.80    0.010    0.084    0.0479   7.936e-07  p
net628                      1.80    0.005    0.500    0.1015   7.878e-07  p
net934                      1.80    0.007    0.125    0.0721   7.877e-07  p
net660                      1.80    0.006    0.311    0.0842   7.829e-07  p
clknet_1_1__leaf_net701     1.80    0.006    0.397    0.0780   7.791e-07  p
net90                       1.80    0.049    0.008    0.0098   7.787e-07  p
net927                      1.80    0.010    0.062    0.0466   7.662e-07  p
net361                      1.80    0.009    0.254    0.0515   7.590e-07  p
net335                      1.80    0.003    0.488    0.1697   7.584e-07  p
net704                      1.80    0.005    0.564    0.0997   7.555e-07  p
net719                      1.80    0.010    0.209    0.0453   7.530e-07  p
clknet_1_1__leaf_net683     1.80    0.009    0.258    0.0498   7.480e-07  p
clknet_1_0__leaf_net480     1.80    0.003    0.514    0.1336   7.476e-07  p
net352                      1.80    0.011    0.812    0.0428   7.475e-07  p
net127                      1.80    0.016    0.030    0.0280   7.444e-07  p
clknet_1_1__leaf_net396     1.80    0.002    0.422    0.1880   7.439e-07  p
net603                      1.80    0.005    0.116    0.0837   7.391e-07  p
net759                      1.80    0.005    0.363    0.0836   7.339e-07  p
net370                      1.80    0.006    0.319    0.0691   7.253e-07  p
net123                      1.80    0.005    0.104    0.0815   7.195e-07  p
net107                      1.80    0.010    0.066    0.0463   7.161e-07  p
net631                      1.80    0.004    0.450    0.1211   7.136e-07  p
net922                      1.80    0.016    0.972    0.0268   7.108e-07  p
net624                      1.80    0.003    0.367    0.1382   7.034e-07  p
net479                      1.80    0.004    0.424    0.1123   7.004e-07  p
net406                      1.80    0.003    0.382    0.1296   6.986e-07  p
net22                       1.80    0.015    0.030    0.0279   6.894e-07  p
net129                      1.80    0.015    0.025    0.0277   6.789e-07  p
net841                      1.80    0.025    0.015    0.0163   6.685e-07  p
net368                      1.80    0.011    0.740    0.0361   6.595e-07  p
net746                      1.80    0.007    0.128    0.0552   6.585e-07  p
net497                      1.80    0.004    0.586    0.1073   6.565e-07  p
net589                      1.80    0.003    0.728    0.1332   6.561e-07  p
net409                      1.80    0.005    0.599    0.0739   6.547e-07  p
net477                      1.80    0.003    0.376    0.1318   6.503e-07  p
net508                      1.80    0.006    0.123    0.0721   6.436e-07  p
net492                      1.80    0.003    0.701    0.1321   6.420e-07  p
net935                      1.80    0.005    0.125    0.0721   6.401e-07  p
net501                      1.80    0.009    0.139    0.0429   6.351e-07  p
net545                      1.80    0.016    0.035    0.0241   6.343e-07  p
clknet_1_1__leaf_net592     1.80    0.004    0.725    0.0931   6.325e-07  p
net687                      1.80    0.011    0.260    0.0361   6.314e-07  p
net467                      1.80    0.013    0.192    0.0287   6.276e-07  p
net318                      1.80    0.041    0.008    0.0094   6.249e-07  p
net498                      1.80    0.005    0.123    0.0710   6.193e-07  p
net502                      1.80    0.003    0.279    0.1298   6.136e-07  p
net591                      1.80    0.004    0.158    0.0956   6.135e-07  p
net611                      1.80    0.003    0.437    0.1455   6.112e-07  p
net623                      1.80    0.005    0.145    0.0715   6.078e-07  p
net450                      1.80    0.004    0.173    0.0951   6.053e-07  p
clknet_1_0__leaf_net600     1.80    0.003    0.254    0.1257   6.044e-07  p
net615                      1.80    0.003    0.347    0.1471   6.010e-07  p
net727                      1.80    0.011    0.897    0.0343   5.991e-07  p
net645                      1.80    0.005    0.180    0.0780   5.976e-07  p
net875                      1.80    0.044    0.933    0.0083   5.962e-07  p
net745                      1.80    0.007    0.181    0.0512   5.945e-07  p
net539                      1.80    0.003    0.496    0.1106   5.943e-07  p
net504                      1.80    0.002    0.496    0.1654   5.921e-07  p
net626                      1.80    0.004    0.699    0.0819   5.883e-07  p
net421                      1.80    0.012    0.032    0.0296   5.881e-07  p
net439                      1.80    0.003    0.804    0.1122   5.803e-07  p
net253                      1.80    0.004    0.507    0.0988   5.758e-07  p
net541                      1.80    0.003    0.499    0.1018   5.680e-07  p
net259                      1.80    0.007    0.084    0.0479   5.676e-07  p
net576                      1.80    0.003    0.484    0.1066   5.659e-07  p
net359                      1.80    0.003    0.602    0.1173   5.631e-07  p
net173                      1.80    0.002    0.467    0.1538   5.609e-07  p
net651                      1.80    0.015    0.479    0.0226   5.585e-07  p
net656                      1.80    0.011    0.830    0.0324   5.542e-07  p
net189                      1.80    0.061    0.004    0.0056   5.516e-07  p
net351                      1.80    0.008    0.186    0.0428   5.484e-07  p
net649                      1.80    0.007    0.284    0.0495   5.472e-07  p
net945                      1.80    0.014    0.023    0.0249   5.466e-07  p
net387                      1.80    0.010    0.085    0.0343   5.454e-07  p
net702                      1.80    0.011    0.159    0.0313   5.368e-07  p
net757                      1.80    0.004    0.352    0.0769   5.365e-07  p
net763                      1.80    0.006    0.143    0.0589   5.323e-07  p
net599                      1.80    0.009    0.077    0.0368   5.266e-07  p
net921                      1.80    0.012    0.972    0.0268   5.239e-07  p
net220                      1.80    0.004    0.134    0.0787   5.201e-07  p
net145                      1.80    0.003    0.216    0.1058   5.182e-07  p
net108                      1.80    0.012    0.028    0.0258   5.161e-07  p
net334                      1.80    0.013    0.023    0.0249   5.157e-07  p
net40                       1.80    0.003    0.450    0.1211   5.146e-07  p
net395                      1.80    0.003    0.252    0.1253   5.126e-07  p
net415                      1.80    0.007    0.063    0.0470   5.110e-07  p
net206                      1.80    0.047    0.005    0.0067   5.078e-07  p
net578                      1.80    0.005    0.260    0.0612   5.051e-07  p
net91                       1.80    0.019    0.014    0.0164   4.998e-07  p
net538                      1.80    0.003    0.500    0.1015   4.958e-07  p
net55                       1.80    0.003    0.486    0.1004   4.924e-07  p
clknet_1_1__leaf_net493     1.80    0.003    0.142    0.0981   4.912e-07  p
clknet_1_0__leaf_net719     1.80    0.007    0.209    0.0453   4.886e-07  p
net552                      1.80    0.012    0.036    0.0249   4.872e-07  p
net587                      1.80    0.008    0.088    0.0399   4.864e-07  p
net756                      1.80    0.005    0.219    0.0605   4.844e-07  p
net275                      1.80    0.007    0.042    0.0448   4.836e-07  p
net255                      1.80    0.034    0.993    0.0087   4.777e-07  p
net710                      1.80    0.004    0.505    0.0787   4.744e-07  p
net721                      1.80    0.005    0.534    0.0577   4.743e-07  p
net553                      1.80    0.012    0.032    0.0240   4.717e-07  p
net488                      1.80    0.006    0.089    0.0472   4.694e-07  p
net605                      1.80    0.004    0.126    0.0756   4.660e-07  p
net740                      1.80    0.004    0.503    0.0677   4.643e-07  p
net448                      1.80    0.003    0.480    0.1065   4.629e-07  p
net491                      1.80    0.002    0.511    0.1188   4.594e-07  p
net610                      1.80    0.003    0.748    0.1038   4.589e-07  p
net389                      1.80    0.003    0.635    0.1114   4.553e-07  p
net604                      1.80    0.003    0.733    0.1075   4.513e-07  p
net729                      1.80    0.003    0.317    0.0854   4.481e-07  p
net511                      1.80    0.005    0.442    0.0561   4.479e-07  p
net367                      1.80    0.008    0.260    0.0361   4.476e-07  p
net555                      1.80    0.002    0.485    0.1109   4.475e-07  p
net474                      1.80    0.002    0.824    0.1169   4.452e-07  p
net515                      1.80    0.015    0.036    0.0188   4.450e-07  p
clknet_1_0__leaf_net701     1.80    0.004    0.397    0.0780   4.446e-07  p
net57                       1.80    0.012    0.022    0.0229   4.441e-07  p
net381                      1.80    0.051    0.990    0.0054   4.427e-07  p
net598                      1.80    0.002    0.770    0.1352   4.426e-07  p
net619                      1.80    0.002    0.569    0.1437   4.420e-07  p
net617                      1.80    0.003    0.217    0.0994   4.409e-07  p
net707                      1.80    0.014    0.053    0.0186   4.344e-07  p
net294                      1.80    0.010    0.774    0.0274   4.332e-07  p
net627                      1.80    0.003    0.500    0.1018   4.324e-07  p
net486                      1.80    0.003    0.181    0.0906   4.321e-07  p
net445                      1.80    0.019    0.801    0.0137   4.309e-07  p
net252                      1.80    0.003    0.493    0.0989   4.308e-07  p
net643                      1.80    0.004    0.083    0.0612   4.279e-07  p
net278                      1.80    0.025    0.046    0.0105   4.268e-07  p
net282                      1.80    0.030    0.994    0.0087   4.263e-07  p
net753                      1.80    0.004    0.351    0.0702   4.247e-07  p
net832                      1.80    0.079    0.002    0.0033   4.176e-07  p
net975                      1.80    0.046    0.004    0.0056   4.170e-07  p
net742                      1.80    0.015    0.956    0.0176   4.156e-07  p
net653                      1.80    0.014    0.042    0.0184   4.153e-07  p
net417                      1.80    0.018    0.012    0.0140   4.152e-07  p
net916                      1.80    0.003    0.894    0.0761   4.143e-07  p
net42                       1.80    0.010    0.030    0.0266   4.141e-07  p
net397                      1.80    0.002    0.462    0.1131   4.139e-07  p
net933                      1.80    0.003    0.125    0.0721   4.076e-07  p
clknet_1_0__leaf_net493     1.80    0.003    0.142    0.0981   4.052e-07  p
clknet_1_0__leaf_net594     1.80    0.002    0.617    0.1218   4.019e-07  p
net743                      1.80    0.010    0.090    0.0249   3.991e-07  p
net714                      1.80    0.010    0.487    0.0238   3.972e-07  p
net136                      1.80    0.024    0.009    0.0102   3.966e-07  p
net942                      1.80    0.010    0.023    0.0249   3.947e-07  p
clknet_1_1__leaf_net719     1.80    0.005    0.209    0.0453   3.934e-07  p
net565                      1.80    0.002    0.210    0.1111   3.922e-07  p
net261                      1.80    0.031    0.060    0.0077   3.865e-07  p
net391                      1.80    0.006    0.520    0.0390   3.766e-07  p
net281                      1.80    0.002    0.674    0.0955   3.716e-07  p
net146                      1.80    0.003    0.151    0.0805   3.682e-07  p
net658                      1.80    0.010    0.619    0.0220   3.669e-07  p
net758                      1.80    0.005    0.158    0.0436   3.627e-07  p
net620                      1.80    0.002    0.367    0.1074   3.627e-07  p
net358                      1.80    0.002    0.502    0.0982   3.538e-07  p
net962                      1.80    0.002    0.497    0.1049   3.537e-07  p
net339                      1.80    0.003    0.103    0.0774   3.531e-07  p
net876                      1.80    0.002    0.631    0.0962   3.506e-07  p
net219                      1.80    0.017    0.990    0.0123   3.425e-07  p
net577                      1.80    0.002    0.432    0.1331   3.416e-07  p
net752                      1.80    0.010    0.354    0.0214   3.378e-07  p
net642                      1.80    0.002    0.134    0.0944   3.375e-07  p
net149                      1.80    0.025    0.007    0.0083   3.344e-07  p
net10                       1.80    0.012    0.016    0.0173   3.315e-07  p
net833                      1.80    0.062    0.002    0.0033   3.291e-07  p
net510                      1.80    0.003    0.130    0.0768   3.276e-07  p
net634                      1.80    0.004    0.067    0.0503   3.236e-07  p
net209                      1.80    0.015    0.011    0.0133   3.231e-07  p
net879                      1.80    0.076    0.018    0.0026   3.193e-07  p
net240                      1.80    0.004    0.059    0.0450   3.176e-07  p
net696                      1.80    0.008    0.516    0.0236   3.172e-07  p
net556                      1.80    0.002    0.284    0.0874   3.169e-07  p
net523                      1.80    0.015    0.187    0.0133   3.132e-07  p
net648                      1.80    0.004    0.710    0.0491   3.126e-07  p
net403                      1.80    0.004    0.826    0.0496   3.059e-07  p
net83                       1.80    0.019    0.008    0.0102   3.044e-07  p
net621                      1.80    0.002    0.147    0.0839   2.958e-07  p
net872                      1.80    0.006    0.067    0.0288   2.937e-07  p
net606                      1.80    0.011    0.951    0.0167   2.926e-07  p
net401                      1.80    0.014    0.011    0.0126   2.913e-07  p
net583                      1.80    0.002    0.134    0.0865   2.893e-07  p
net676                      1.80    0.011    0.207    0.0156   2.887e-07  p
clknet_1_1__leaf_net462     1.80    0.002    0.628    0.0978   2.875e-07  p
net630                      1.80    0.007    0.972    0.0268   2.843e-07  p
net686                      1.80    0.005    0.737    0.0363   2.823e-07  p
net214                      1.80    0.018    0.007    0.0098   2.809e-07  p
net944                      1.80    0.007    0.023    0.0249   2.791e-07  p
net741                      1.80    0.010    0.041    0.0174   2.777e-07  p
net172                      1.80    0.002    0.132    0.0764   2.758e-07  p
net625                      1.80    0.002    0.301    0.0819   2.757e-07  p
net287                      1.80    0.005    0.221    0.0355   2.745e-07  p
out19                       1.80    0.001    0.496    0.1847   2.728e-07  p
net946                      1.80    0.007    0.023    0.0249   2.725e-07  p
net487                      1.80    0.005    0.062    0.0367   2.719e-07  p
net153                      1.80    0.002    0.852    0.0891   2.703e-07  p
net963                      1.80    0.006    0.067    0.0288   2.701e-07  p
net761                      1.80    0.006    0.774    0.0274   2.689e-07  p
net500                      1.80    0.014    0.010    0.0121   2.680e-07  p
net537                      1.80    0.002    0.443    0.0698   2.655e-07  p
net560                      1.80    0.003    0.900    0.0571   2.644e-07  p
net831                      1.80    0.045    0.002    0.0036   2.634e-07  p
net608                      1.80    0.003    0.186    0.0558   2.610e-07  p
net895                      1.80    0.096    0.996    0.0017   2.603e-07  p
net405                      1.80    0.003    0.260    0.0524   2.596e-07  p
net286                      1.80    0.004    0.775    0.0357   2.592e-07  p
net495                      1.80    0.002    0.861    0.0809   2.588e-07  p
net147                      1.80    0.009    0.015    0.0175   2.568e-07  p
net434                      1.80    0.011    0.012    0.0136   2.509e-07  p
out38                       1.80    0.001    0.624    0.1238   2.459e-07  p
net94                       1.80    0.018    0.994    0.0086   2.449e-07  p
out7                        1.80    0.002    0.631    0.0962   2.421e-07  p
net830                      1.80    0.073    0.001    0.0020   2.398e-07  p
net54                       1.80    0.002    0.482    0.0656   2.356e-07  p
net708                      1.80    0.005    0.137    0.0275   2.353e-07  p
net725                      1.80    0.004    0.274    0.0403   2.341e-07  p
net203                      1.80    0.012    0.010    0.0115   2.311e-07  p
net664                      1.80    0.006    0.023    0.0250   2.291e-07  p
net924                      1.80    0.005    0.972    0.0268   2.289e-07  p
net139                      1.80    0.014    0.993    0.0099   2.276e-07  p
net667                      1.80    0.016    0.009    0.0084   2.247e-07  p
net636                      1.80    0.003    0.915    0.0503   2.222e-07  p
net30                       1.80    0.005    0.032    0.0279   2.219e-07  p
net880                      1.80    0.052    0.018    0.0026   2.197e-07  p
net612                      1.80    0.002    0.694    0.0619   2.177e-07  p
net163                      1.80    0.022    0.004    0.0061   2.165e-07  p
net116                      1.80    0.030    0.997    0.0044   2.158e-07  p
net475                      1.80    0.002    0.203    0.0556   2.131e-07  p
net858                      1.80    0.007    0.245    0.0184   2.129e-07  p
net489                      1.80    0.003    0.113    0.0418   2.058e-07  p
net554                      1.80    0.007    0.017    0.0181   2.056e-07  p
net419                      1.80    0.070    0.001    0.0018   2.031e-07  p
net943                      1.80    0.005    0.023    0.0249   1.997e-07  p
out21                       1.80    0.001    0.233    0.1356   1.981e-07  p
net640                      1.80    0.003    0.775    0.0365   1.976e-07  p
net386                      1.80    0.004    0.915    0.0343   1.954e-07  p
net115                      1.80    0.048    0.002    0.0025   1.932e-07  p
net960                      1.80    0.009    0.024    0.0128   1.917e-07  p
out35                       1.80    0.001    0.243    0.0974   1.914e-07  p
net385                      1.80    0.002    0.923    0.0517   1.893e-07  p
net484                      1.80    0.002    0.901    0.0531   1.880e-07  p
net644                      1.80    0.002    0.515    0.0503   1.866e-07  p
out53                       1.80    0.001    0.488    0.1593   1.847e-07  p
net230                      1.80    0.021    0.004    0.0054   1.832e-07  p
net674                      1.80    0.015    0.807    0.0073   1.811e-07  p
net854                      1.80    0.004    0.774    0.0274   1.810e-07  p
net760                      1.80    0.004    0.067    0.0288   1.810e-07  p
net134                      1.80    0.022    0.004    0.0050   1.802e-07  p
net764                      1.80    0.002    0.505    0.0491   1.709e-07  p
net715                      1.80    0.005    0.471    0.0232   1.709e-07  p
net559                      1.80    0.005    0.017    0.0217   1.685e-07  p
net712                      1.80    0.005    0.397    0.0229   1.672e-07  p
net694                      1.80    0.016    0.979    0.0064   1.672e-07  p
net842                      1.80    0.003    0.900    0.0308   1.661e-07  p
net270                      1.80    0.014    0.871    0.0074   1.630e-07  p
net765                      1.80    0.002    0.486    0.0497   1.628e-07  p
net585                      1.80    0.003    0.955    0.0291   1.601e-07  p
net114                      1.80    0.039    0.002    0.0025   1.599e-07  p
net837                      1.80    0.079    0.001    0.0012   1.562e-07  p
net543                      1.80    0.011    0.007    0.0083   1.525e-07  p
net978                      1.80    0.029    0.002    0.0033   1.521e-07  p
net221                      1.80    0.021    0.997    0.0044   1.516e-07  p
net424                      1.80    0.025    0.002    0.0036   1.495e-07  p
out18                       1.80    0.001    0.254    0.1054   1.490e-07  p
net390                      1.80    0.002    0.039    0.0381   1.473e-07  p
net193                      1.80    0.008    0.010    0.0110   1.467e-07  p
net398                      1.80    0.009    0.982    0.0103   1.462e-07  p
net663                      1.80    0.004    0.977    0.0250   1.451e-07  p
out33                       1.80    0.001    0.362    0.0882   1.441e-07  p
out41                       1.80    0.001    0.528    0.1164   1.439e-07  p
out52                       1.80    0.001    0.277    0.1164   1.432e-07  p
net969                      1.80    0.004    0.474    0.0238   1.427e-07  p
net755                      1.80    0.004    0.124    0.0246   1.421e-07  p
net150                      1.80    0.032    0.002    0.0027   1.408e-07  p
net698                      1.80    0.004    0.362    0.0196   1.401e-07  p
net46                       1.80    0.009    0.009    0.0095   1.385e-07  p
net564                      1.80    0.003    0.036    0.0246   1.372e-07  p
net968                      1.80    0.002    0.084    0.0479   1.370e-07  p
net716                      1.80    0.005    0.247    0.0178   1.368e-07  p
out3                        1.80    0.001    0.364    0.1661   1.361e-07  p
net697                      1.80    0.005    0.259    0.0182   1.355e-07  p
net84                       1.80    0.016    0.004    0.0053   1.354e-07  p
net633                      1.80    0.006    0.187    0.0133   1.347e-07  p
net407                      1.80    0.006    0.983    0.0138   1.330e-07  p
net333                      1.80    0.049    0.996    0.0017   1.324e-07  p
net593                      1.80    0.002    0.128    0.0500   1.316e-07  p
out31                       1.80    0.001    0.631    0.0904   1.294e-07  p
net923                      1.80    0.003    0.972    0.0268   1.287e-07  p
net713                      1.80    0.008    0.139    0.0105   1.274e-07  p
out50                       1.80    0.001    0.249    0.0990   1.264e-07  p
net154                      1.80    0.007    0.010    0.0119   1.252e-07  p
out46                       1.80    0.001    0.482    0.0656   1.247e-07  p
net735                      1.80    0.003    0.473    0.0225   1.240e-07  p
net392                      1.80    0.002    0.478    0.0391   1.227e-07  p
net952                      1.80    0.004    0.024    0.0177   1.218e-07  p
net174                      1.80    0.003    0.067    0.0288   1.217e-07  p
net699                      1.80    0.003    0.604    0.0217   1.215e-07  p
net236                      1.80    0.011    0.005    0.0069   1.201e-07  p
net669                      1.80    0.045    0.002    0.0016   1.191e-07  p
net267                      1.80    0.004    0.986    0.0182   1.157e-07  p
net570                      1.80    0.003    0.034    0.0278   1.138e-07  p
net426                      1.80    0.020    0.002    0.0035   1.137e-07  p
net602                      1.80    0.003    0.031    0.0223   1.136e-07  p
net422                      1.80    0.064    0.001    0.0011   1.134e-07  p
out28                       1.80    0.001    0.880    0.0898   1.132e-07  p
net718                      1.80    0.005    0.068    0.0134   1.130e-07  p
out55                       1.80    0.001    0.468    0.0959   1.125e-07  p
net657                      1.80    0.003    0.962    0.0221   1.118e-07  p
net132                      1.80    0.006    0.009    0.0106   1.117e-07  p
net451                      1.80    0.041    0.002    0.0016   1.103e-07  p
net862                      1.80    0.005    0.151    0.0137   1.095e-07  p
net138                      1.80    0.012    0.004    0.0057   1.069e-07  p
net524                      1.80    0.005    0.187    0.0133   1.068e-07  p
net967                      1.80    0.003    0.023    0.0250   1.065e-07  p
net706                      1.80    0.003    0.943    0.0189   1.058e-07  p
out9                        1.80    0.001    0.264    0.1011   1.058e-07  p
net668                      1.80    0.018    0.990    0.0036   1.038e-07  p
net241                      1.80    0.025    0.002    0.0025   1.011e-07  p
out30                       1.80    0.001    0.301    0.0818   1.010e-07  p
net750                      1.80    0.003    0.743    0.0181   1.002e-07  p
net459                      1.80    0.031    0.996    0.0020   9.968e-08  p
net118                      1.80    0.075    1.000    0.0008   9.941e-08  p
net514                      1.80    0.003    0.936    0.0224   9.864e-08  p
clknet_0_net736             1.80    0.023    0.009    0.0026   9.838e-08  p
net829                      1.80    0.020    0.002    0.0030   9.757e-08  p
net416                      1.80    0.033    0.001    0.0018   9.636e-08  p
net679                      1.80    0.030    0.980    0.0020   9.436e-08  p
net272                      1.80    0.002    0.025    0.0283   9.414e-08  p
net269                      1.80    0.008    0.126    0.0074   9.390e-08  p
net298                      1.80    0.010    0.004    0.0056   9.284e-08  p
net195                      1.80    0.066    0.000    0.0009   9.185e-08  p
net152                      1.80    0.009    0.005    0.0062   9.069e-08  p
net575                      1.80    0.003    0.013    0.0169   9.026e-08  p
net736                      1.80    0.021    0.009    0.0026   9.021e-08  p
net720                      1.80    0.004    0.929    0.0143   8.943e-08  p
net749                      1.80    0.006    0.113    0.0095   8.717e-08  p
net239                      1.80    0.070    0.983    0.0007   8.273e-08  p
net468                      1.80    0.027    0.001    0.0018   7.991e-08  p
net185                      1.80    0.015    0.002    0.0033   7.935e-08  p
net754                      1.80    0.003    0.075    0.0150   7.875e-08  p
net23                       1.80    0.016    0.002    0.0030   7.844e-08  p
net695                      1.80    0.002    0.474    0.0238   7.789e-08  p
net637                      1.80    0.004    0.187    0.0137   7.779e-08  p
net531                      1.80    0.049    0.985    0.0010   7.738e-08  p
net50                       1.80    0.025    0.001    0.0019   7.573e-08  p
net194                      1.80    0.014    0.002    0.0033   7.565e-08  p
net520                      1.80    0.009    0.003    0.0052   7.553e-08  p
net976                      1.80    0.014    0.002    0.0033   7.450e-08  p
net886                      1.80    0.093    0.000    0.0005   7.349e-08  p
net647                      1.80    0.046    0.985    0.0010   7.347e-08  p
net232                      1.80    0.020    0.001    0.0022   7.268e-08  p
net205                      1.80    0.057    0.000    0.0008   7.190e-08  p
net675                      1.80    0.003    0.781    0.0160   7.143e-08  p
net734                      1.80    0.033    0.014    0.0013   6.988e-08  p
out20                       1.80    0.001    0.720    0.0763   6.930e-08  p
net766                      1.80    0.003    0.802    0.0138   6.926e-08  p
net452                      1.80    0.055    0.000    0.0008   6.866e-08  p
clknet_1_0__leaf_net736     1.80    0.016    0.009    0.0026   6.746e-08  p
net31                       1.80    0.027    0.001    0.0015   6.675e-08  p
net207                      1.80    0.062    0.000    0.0007   6.562e-08  p
net563                      1.80    0.005    0.007    0.0090   6.546e-08  p
net490                      1.80    0.010    0.003    0.0042   6.519e-08  p
net32                       1.80    0.041    0.001    0.0010   6.479e-08  p
net562                      1.80    0.013    0.996    0.0030   6.444e-08  p
net717                      1.80    0.003    0.058    0.0123   6.376e-08  p
net678                      1.80    0.008    0.056    0.0050   6.214e-08  p
net767                      1.80    0.003    0.187    0.0133   6.107e-08  p
out17                       1.80    0.001    0.084    0.0479   6.091e-08  p
net225                      1.80    0.056    1.000    0.0007   5.922e-08  p
out26                       1.80    0.001    0.900    0.0308   5.906e-08  p
net21                       1.80    0.006    0.005    0.0066   5.843e-08  p
net43                       1.80    0.033    0.001    0.0011   5.712e-08  p
net411                      1.80    0.044    0.000    0.0008   5.539e-08  p
net371                      1.80    0.014    0.016    0.0025   5.517e-08  p
net639                      1.80    0.007    0.997    0.0049   5.229e-08  p
net186                      1.80    0.061    0.000    0.0005   5.185e-08  p
net871                      1.80    0.044    0.001    0.0007   5.165e-08  p
net301                      1.80    0.015    0.001    0.0022   5.121e-08  p
net369                      1.80    0.012    0.018    0.0026   5.079e-08  p
net528                      1.80    0.036    0.000    0.0009   5.052e-08  p
net425                      1.80    0.045    0.000    0.0007   5.046e-08  p
net731                      1.80    0.005    0.074    0.0066   5.040e-08  p
net268                      1.80    0.004    0.909    0.0073   4.907e-08  p
net730                      1.80    0.004    0.920    0.0072   4.868e-08  p
net229                      1.80    0.010    0.002    0.0031   4.849e-08  p
net865                      1.80    0.010    0.999    0.0029   4.664e-08  p
net410                      1.80    0.010    0.002    0.0029   4.641e-08  p
net885                      1.80    0.058    0.000    0.0005   4.625e-08  p
out47                       1.80    0.001    0.064    0.0472   4.617e-08  p
net47                       1.80    0.009    0.002    0.0030   4.562e-08  p
out4                        1.80    0.001    0.774    0.0274   4.496e-08  p
net157                      1.80    0.006    0.004    0.0048   4.419e-08  p
net654                      1.80    0.012    0.004    0.0023   4.416e-08  p
net732                      1.80    0.008    0.031    0.0032   4.396e-08  p
net503                      1.80    0.004    0.004    0.0064   4.275e-08  p
net377                      1.80    0.002    0.965    0.0105   4.218e-08  p
net914                      1.80    0.003    0.993    0.0087   4.187e-08  p
out59                       1.80    0.001    0.067    0.0288   4.123e-08  p
net296                      1.80    0.012    0.001    0.0020   4.118e-08  p
net29                       1.80    0.013    0.001    0.0019   4.020e-08  p
net365                      1.80    0.006    0.952    0.0042   3.992e-08  p
net956                      1.80    0.004    0.979    0.0064   3.859e-08  p
net338                      1.80    0.002    0.992    0.0099   3.832e-08  p
net517                      1.80    0.064    0.000    0.0004   3.811e-08  p
net217                      1.80    0.051    0.000    0.0004   3.708e-08  p
net572                      1.80    0.020    0.001    0.0011   3.599e-08  p
clknet_1_1__leaf_net736     1.80    0.008    0.009    0.0026   3.597e-08  p
net412                      1.80    0.011    0.001    0.0020   3.494e-08  p
net323                      1.80    0.016    0.001    0.0013   3.410e-08  p
net215                      1.80    0.047    0.000    0.0004   3.396e-08  p
net913                      1.80    0.002    0.993    0.0087   3.374e-08  p
net884                      1.80    0.042    0.000    0.0005   3.360e-08  p
net427                      1.80    0.023    0.001    0.0009   3.355e-08  p
net34                       1.80    0.050    0.000    0.0004   3.296e-08  p
net709                      1.80    0.009    0.002    0.0020   3.109e-08  p
out25                       1.80    0.001    0.015    0.0163   3.021e-08  p
net579                      1.80    0.003    0.031    0.0066   2.959e-08  p
net863                      1.80    0.056    0.000    0.0003   2.933e-08  p
net197                      1.80    0.028    0.000    0.0007   2.916e-08  p
net379                      1.80    0.007    0.982    0.0026   2.892e-08  p
net237                      1.80    0.044    0.000    0.0004   2.886e-08  p
net141                      1.80    0.006    0.002    0.0031   2.849e-08  p
out44                       1.80    0.001    0.031    0.0278   2.845e-08  p
net496                      1.80    0.002    0.008    0.0094   2.822e-08  p
net321                      1.80    0.047    0.000    0.0004   2.788e-08  p
net316                      1.80    0.052    0.003    0.0003   2.743e-08  p
net308                      1.80    0.046    0.000    0.0004   2.740e-08  p
net305                      1.80    0.046    0.000    0.0004   2.715e-08  p
net693                      1.80    0.009    0.995    0.0019   2.695e-08  p
net242                      1.80    0.004    0.003    0.0044   2.640e-08  p
net394                      1.80    0.005    0.998    0.0032   2.567e-08  p
out45                       1.80    0.001    0.245    0.0184   2.559e-08  p
net429                      1.80    0.016    0.001    0.0010   2.555e-08  p
net733                      1.80    0.063    0.003    0.0002   2.489e-08  p
net354                      1.80    0.023    0.989    0.0007   2.472e-08  p
net306                      1.80    0.018    0.000    0.0009   2.467e-08  p
net670                      1.80    0.013    0.001    0.0012   2.456e-08  p
net561                      1.80    0.005    0.004    0.0030   2.425e-08  p
net460                      1.80    0.006    0.002    0.0025   2.420e-08  p
net317                      1.80    0.045    0.997    0.0003   2.359e-08  p
net453                      1.80    0.005    0.002    0.0030   2.353e-08  p
net959                      1.80    0.004    0.990    0.0036   2.323e-08  p
net573                      1.80    0.004    0.004    0.0037   2.310e-08  p
net309                      1.80    0.039    0.000    0.0004   2.289e-08  p
out49                       1.80    0.001    0.151    0.0137   2.274e-08  p
net953                      1.80    0.006    0.002    0.0025   2.262e-08  p
net420                      1.80    0.014    0.001    0.0010   2.257e-08  p
net213                      1.80    0.023    0.000    0.0006   2.131e-08  p
net662                      1.80    0.010    0.001    0.0013   2.129e-08  p
net208                      1.80    0.007    0.001    0.0020   2.113e-08  p
net175                      1.80    0.004    0.002    0.0033   2.099e-08  p
net861                      1.80    0.005    0.002    0.0024   2.097e-08  p
net748                      1.80    0.005    0.032    0.0028   2.091e-08  p
net677                      1.80    0.002    0.934    0.0056   2.060e-08  p
net423                      1.80    0.031    0.000    0.0004   2.058e-08  p
net435                      1.80    0.022    0.000    0.0006   2.033e-08  p
net290                      1.80    0.005    0.003    0.0026   2.028e-08  p
net140                      1.80    0.007    0.999    0.0018   1.966e-08  p
net245                      1.80    0.018    0.000    0.0007   1.941e-08  p
net540                      1.80    0.033    0.000    0.0004   1.931e-08  p
clknet_0_net469             1.80    0.021    0.999    0.0006   1.915e-08  p
net646                      1.80    0.035    0.003    0.0003   1.857e-08  p
net159                      1.80    0.006    0.999    0.0018   1.820e-08  p
net469                      1.80    0.019    0.999    0.0006   1.799e-08  p
net266                      1.80    0.003    0.998    0.0036   1.763e-08  p
net378                      1.80    0.004    0.018    0.0026   1.722e-08  p
net844                      1.80    0.022    0.000    0.0005   1.704e-08  p
net672                      1.80    0.014    0.983    0.0007   1.686e-08  p
net307                      1.80    0.028    0.000    0.0004   1.677e-08  p
net312                      1.80    0.010    0.985    0.0010   1.659e-08  p
net299                      1.80    0.009    0.001    0.0011   1.622e-08  p
net529                      1.80    0.012    0.000    0.0008   1.603e-08  p
net178                      1.80    0.016    0.000    0.0006   1.564e-08  p
net36                       1.80    0.019    0.000    0.0005   1.529e-08  p
net463                      1.80    0.002    0.003    0.0043   1.489e-08  p
net168                      1.80    0.013    0.000    0.0007   1.461e-08  p
net200                      1.80    0.022    0.000    0.0004   1.456e-08  p
net48                       1.80    0.005    0.001    0.0019   1.426e-08  p
net249                      1.80    0.005    0.999    0.0019   1.410e-08  p
net328                      1.80    0.023    0.000    0.0004   1.386e-08  p
net751                      1.80    0.003    0.943    0.0031   1.363e-08  p
net366                      1.80    0.002    0.045    0.0039   1.318e-08  p
net257                      1.80    0.019    0.000    0.0004   1.277e-08  p
net458                      1.80    0.008    0.000    0.0010   1.276e-08  p
net471                      1.80    0.002    0.002    0.0032   1.263e-08  p
net310                      1.80    0.021    0.000    0.0004   1.258e-08  p
net481                      1.80    0.015    0.000    0.0005   1.181e-08  p
net544                      1.80    0.019    0.000    0.0004   1.157e-08  p
clknet_1_0__leaf_net469     1.80    0.012    0.999    0.0006   1.127e-08  p
net313                      1.80    0.018    0.000    0.0004   1.086e-08  p
net161                      1.80    0.014    0.000    0.0005   1.083e-08  p
net970                      1.80    0.003    0.995    0.0019   1.075e-08  p
net293                      1.80    0.018    0.000    0.0004   1.074e-08  p
net685                      1.80    0.009    0.994    0.0007   1.068e-08  p
net874                      1.80    0.009    1.000    0.0007   1.053e-08  p
net372                      1.80    0.003    0.984    0.0025   1.033e-08  p
clknet_1_1__leaf_net469     1.80    0.011    0.999    0.0006   1.012e-08  p
net470                      1.80    0.019    0.000    0.0003   1.001e-08  p
net176                      1.80    0.002    0.998    0.0033   9.994e-09  p
net33                       1.80    0.006    0.001    0.0010   9.894e-09  p
net382                      1.80    0.002    0.985    0.0032   9.692e-09  p
net49                       1.80    0.008    0.000    0.0007   8.986e-09  p
net291                      1.80    0.002    0.997    0.0026   8.852e-09  p
net273                      1.80    0.017    0.000    0.0003   8.702e-09  p
net300                      1.80    0.011    0.000    0.0005   8.684e-09  p
out61                       1.80    0.001    0.933    0.0083   8.665e-09  p
net38                       1.80    0.016    0.000    0.0003   8.598e-09  p
out14                       1.80    0.002    0.002    0.0033   8.320e-09  p
net655                      1.80    0.002    0.996    0.0026   8.116e-09  p
net447                      1.80    0.019    0.001    0.0002   7.654e-09  p
net428                      1.80    0.009    0.000    0.0005   7.425e-09  p
net870                      1.80    0.014    1.000    0.0003   7.349e-09  p
net319                      1.80    0.012    0.000    0.0004   7.251e-09  p
net53                       1.80    0.013    0.000    0.0003   6.929e-09  p
net661                      1.80    0.003    0.996    0.0017   6.928e-09  p
net535                      1.80    0.003    0.001    0.0015   6.886e-09  p
net44                       1.80    0.013    0.000    0.0003   6.763e-09  p
out51                       1.80    0.001    0.999    0.0029   6.753e-09  p
net362                      1.80    0.009    0.999    0.0004   6.716e-09  p
net684                      1.80    0.009    0.002    0.0004   6.599e-09  p
net689                      1.80    0.012    0.998    0.0003   6.579e-09  p
net955                      1.80    0.004    0.985    0.0010   6.574e-09  p
net519                      1.80    0.008    0.000    0.0005   6.536e-09  p
net466                      1.80    0.012    0.000    0.0003   6.425e-09  p
net569                      1.80    0.003    0.001    0.0015   6.114e-09  p
net320                      1.80    0.011    0.000    0.0003   6.048e-09  p
net45                       1.80    0.011    0.000    0.0003   5.899e-09  p
net25                       1.80    0.009    0.000    0.0004   5.644e-09  p
net965                      1.80    0.004    0.018    0.0009   5.486e-09  p
net304                      1.80    0.007    0.000    0.0005   5.411e-09  p
net455                      1.80    0.002    0.002    0.0016   5.056e-09  p
net56                       1.80    0.015    1.000    0.0002   5.023e-09  p
net581                      1.80    0.003    0.002    0.0009   4.711e-09  p
net534                      1.80    0.005    0.000    0.0005   4.695e-09  p
net848                      1.80    0.007    1.000    0.0004   4.653e-09  p
net437                      1.80    0.008    0.000    0.0004   4.597e-09  p
net527                      1.80    0.008    0.000    0.0004   4.551e-09  p
net284                      1.80    0.007    1.000    0.0004   4.527e-09  p
net971                      1.80    0.004    0.989    0.0007   4.491e-09  p
net431                      1.80    0.007    0.000    0.0004   4.415e-09  p
net454                      1.80    0.002    0.001    0.0011   4.379e-09  p
out1                        1.80    0.001    0.002    0.0030   4.257e-09  p
out10                       1.80    0.001    0.001    0.0020   4.104e-09  p
net39                       1.80    0.008    0.000    0.0003   4.102e-09  p
net641                      1.80    0.004    0.000    0.0007   4.036e-09  p
net762                      1.80    0.009    0.000    0.0003   3.950e-09  p
net601                      1.80    0.002    0.017    0.0012   3.941e-09  p
net360                      1.80    0.003    0.998    0.0007   3.908e-09  p
out11                       1.80    0.001    0.002    0.0036   3.880e-09  p
net747                      1.80    0.003    0.018    0.0009   3.873e-09  p
net436                      1.80    0.006    0.000    0.0004   3.848e-09  p
net526                      1.80    0.007    1.000    0.0003   3.750e-09  p
net954                      1.80    0.009    0.003    0.0002   3.733e-09  p
net665                      1.80    0.007    1.000    0.0003   3.649e-09  p
net441                      1.80    0.003    0.983    0.0007   3.638e-09  p
net341                      1.80    0.006    0.003    0.0004   3.575e-09  p
net551                      1.80    0.027    0.000    0.81e-4  3.527e-09  p
net124                      1.80    0.000    0.006    0.0046   3.431e-09  pm
net666                      1.80    0.006    0.000    0.0003   3.391e-09  p
net285                      1.80    0.025    0.000    0.81e-4  3.354e-09  p
net530                      1.80    0.006    1.000    0.0003   3.117e-09  p
net164                      1.80    0.004    0.000    0.0005   3.101e-09  p
out13                       1.80    0.001    0.002    0.0033   3.048e-09  p
net461                      1.80    0.007    0.000    0.0003   3.043e-09  p
out48                       1.80    0.001    0.002    0.0024   2.922e-09  p
net263                      1.80    0.043    1.000    0.41e-4  2.830e-09  p
net35                       1.80    0.005    0.000    0.0003   2.813e-09  p
net170                      1.80    0.003    0.000    0.0005   2.714e-09  p
net302                      1.80    0.003    0.000    0.0005   2.650e-09  p
net59                       1.80    0.004    0.000    0.0004   2.589e-09  p
net548                      1.80    0.003    0.001    0.0005   2.587e-09  p
net52                       1.80    0.005    0.000    0.0003   2.572e-09  p
net580                      1.80    0.003    0.000    0.0004   2.478e-09  p
out2                        1.80    0.001    0.001    0.0012   2.292e-09  p
net673                      1.80    0.017    0.006    0.81e-4  2.283e-09  p
net629                      1.80    0.004    0.000    0.0003   2.069e-09  p
net533                      1.80    0.031    0.000    0.41e-4  2.060e-09  p
net444                      1.80    0.029    0.000    0.41e-4  1.929e-09  p
net549                      1.80    0.002    0.999    0.0005   1.909e-09  p
net262                      1.80    0.029    1.000    0.41e-4  1.893e-09  p
net432                      1.80    0.003    0.000    0.0004   1.767e-09  p
net243                      1.80    0.009    0.000    0.0001   1.723e-09  p
net167                      1.80    0.003    0.000    0.0003   1.720e-09  p
net457                      1.80    0.004    0.000    0.0003   1.657e-09  p
net966                      1.80    0.003    0.000    0.0003   1.628e-09  p
net738                      1.80    0.009    0.000    0.0001   1.442e-09  p
clknet_0_net737             1.80    0.021    0.000    0.41e-4  1.409e-09  p
net117                      1.80    0.010    1.000    0.81e-4  1.377e-09  p
net522                      1.80    0.003    0.000    0.0003   1.375e-09  p
net950                      1.80    0.003    0.001    0.0002   1.346e-09  p
net376                      1.80    0.003    1.000    0.0003   1.327e-09  p
net226                      1.80    0.009    1.000    0.81e-4  1.144e-09  p
net51                       1.80    0.002    0.000    0.0003   1.087e-09  p
net516                      1.80    0.016    0.000    0.41e-4  1.084e-09  p
net737                      1.80    0.015    0.000    0.41e-4  1.019e-09  p
out57                       1.80    0.001    0.001    0.0007   9.420e-10  p
net964                      1.80    0.005    0.000    0.0001   9.132e-10  p
out60                       1.80    0.001    0.999    0.0007   8.651e-10  p
out29                       1.80    0.001    0.000    0.0005   6.936e-10  p
net180                      1.80    0.003    0.000    0.0001   6.773e-10  p
out32                       1.80    0.001    1.000    0.0004   6.767e-10  p
net250                      1.80    0.010    1.000    0.41e-4  6.739e-10  p
net342                      1.80    0.002    1.000    0.0002   6.484e-10  p
net181                      1.80    0.005    1.000    0.81e-4  6.127e-10  p
clknet_1_0__leaf_net737     1.80    0.009    0.000    0.41e-4  6.070e-10  p
out5                        1.80    0.001    0.000    0.0003   5.068e-10  p
net958                      1.80    0.007    0.000    0.41e-4  4.680e-10  p
out56                       1.80    0.001    1.000    0.0003   4.006e-10  p
clknet_1_1__leaf_net737     1.80    0.006    0.000    0.41e-4  3.810e-10  p
net182                      1.80    0.002    0.000    0.81e-4  2.944e-10  p
net251                      1.80    0.004    0.000    0.41e-4  2.727e-10  p
net868                      1.80    0.003    1.000    0.41e-4  2.113e-10  p
out54                       1.80    0.001    1.000    0.41e-4  5.233e-11  p
net13                       1.80    0.019    1.000    0.0000      0.0000  p
net15                       1.80    0.018    1.000    0.0000      0.0000  p
net19                       1.80    0.025    1.000    0.0000      0.0000  p
net20                       1.80    0.035    1.000    0.0000      0.0000  p
net37                       1.80    0.023    1.000    0.0000      0.0000  p
net58                       1.80    0.008    0.000    0.0000      0.0000  p
net99                       1.80    0.022    1.000    0.0000      0.0000  p
net101                      1.80    0.008    1.000    0.0000      0.0000  p
net103                      1.80    0.051    1.000    0.0000      0.0000  p
net122                      1.80    0.033    1.000    0.0000      0.0000  p
net133                      1.80    0.019    1.000    0.0000      0.0000  p
net143                      1.80    0.021    1.000    0.0000      0.0000  p
net144                      1.80    0.047    1.000    0.0000      0.0000  p
net165                      1.80    0.002    1.000    0.0000      0.0000  p
net166                      1.80    0.012    1.000    0.0000      0.0000  p
net196                      1.80    0.054    1.000    0.0000      0.0000  p
net202                      1.80    0.006    1.000    0.0000      0.0000  p
net223                      1.80    0.002    1.000    0.0000      0.0000  p
net224                      1.80    0.008    0.000    0.0000      0.0000  p
net233                      1.80    0.021    0.000    0.0000      0.0000  p
net234                      1.80    0.089    0.000    0.0000      0.0000  p
net235                      1.80    0.010    0.000    0.0000      0.0000  p
net238                      1.80    0.040    0.000    0.0000      0.0000  p
net256                      1.80    0.014    0.000    0.0000      0.0000  p
net264                      1.80    0.004    1.000    0.0000      0.0000  p
net265                      1.80    0.010    1.000    0.0000      0.0000  p
net274                      1.80    0.036    1.000    0.0000      0.0000  p
net279                      1.80    0.007    1.000    0.0000      0.0000  p
net283                      1.80    0.031    1.000    0.0000      0.0000  p
net311                      1.80    0.014    1.000    0.0000      0.0000  p
net314                      1.80    0.050    0.000    0.0000      0.0000  p
net315                      1.80    0.004    1.000    0.0000      0.0000  p
net330                      1.80    0.056    1.000    0.0000      0.0000  p
net343                      1.80    0.013    1.000    0.0000      0.0000  p
net344                      1.80    0.004    0.000    0.0000      0.0000  p
net345                      1.80    0.003    0.000    0.0000      0.0000  p
net346                      1.80    0.003    0.000    0.0000      0.0000  p
net347                      1.80    0.009    0.000    0.0000      0.0000  p
net349                      1.80    0.007    1.000    0.0000      0.0000  p
net350                      1.80    0.077    1.000    0.0000      0.0000  p
net353                      1.80    0.005    0.000    0.0000      0.0000  p
net355                      1.80    0.003    1.000    0.0000      0.0000  p
net356                      1.80    0.041    0.000    0.0000      0.0000  p
net357                      1.80    0.079    1.000    0.0000      0.0000  p
net363                      1.80    0.004    1.000    0.0000      0.0000  p
net375                      1.80    0.008    1.000    0.0000      0.0000  p
net442                      1.80    0.014    1.000    0.0000      0.0000  p
net449                      1.80    0.004    1.000    0.0000      0.0000  p
net464                      1.80    0.011    1.000    0.0000      0.0000  p
net521                      1.80    0.009    0.000    0.0000      0.0000  p
net525                      1.80    0.014    1.000    0.0000      0.0000  p
net542                      1.80    0.009    0.000    0.0000      0.0000  p
net547                      1.80    0.016    1.000    0.0000      0.0000  p
net638                      1.80    0.003    1.000    0.0000      0.0000  p
net650                      1.80    0.015    0.000    0.0000      0.0000  p
net688                      1.80    0.003    0.000    0.0000      0.0000  p
net703                      1.80    0.003    0.000    0.0000      0.0000  p
net840                      1.80    0.015    1.000    0.0000      0.0000  p
net851                      1.80    0.036    0.000    0.0000      0.0000  p
net852                      1.80    0.065    0.000    0.0000      0.0000  p
net856                      1.80    0.046    1.000    0.0000      0.0000  p
net873                      1.80    0.058    0.000    0.0000      0.0000  p
net878                      1.80    0.097    1.000    0.0000      0.0000  p
net887                      1.80    0.118    1.000    0.0000      0.0000  p
net951                      1.80    0.004    0.000    0.0000      0.0000  p
out6                        1.80    0.001    0.000    0.0000      0.0000  p
out23                       1.80    0.001    1.000    0.0000      0.0000  p
out36                       1.80    0.001    0.000    0.0000      0.0000  p
out37                       1.80    0.001    0.000    0.0000      0.0000  p
out42                       1.80    0.001    1.000    0.0000      0.0000  p
--------------------------------------------------------------------------------
Total (1101 nets)                                              2.342e-03 Watt



                                      Int      Switch   Leak      Total
Hierarchy                             Power    Power    Power     Power    %
--------------------------------------------------------------------------------
netlist_0                             1.99e-03 2.34e-03 7.31e-09  4.34e-03 100.0
1
