****************************************
Report : Averaged Power
	-net_power
	-hierarchy
	-sort_by net_switching_power
	-power_greater_than       0
	-nosplit
Design : netlist_0
Version: Q-2019.12-SP1
Date   : Wed Aug 21 12:42:12 2024
****************************************



  Attributes
  ----------
      a  -  Switching activity information / Switching power information annotated on net
      p  -  Propagated switching activity information on net
      d  -  Default switching activity used on net
      u  -  Net switching activity uninitialized
      m  -  Net is driven by multiple pins
      b  -  Net is a primary input (boundary net)

		Toggle rates reported with respect to time unit 1ns
--------------------------------------------------------------------------------
                                  Total      Static   Toggle   Switching
Net                         Vdd   Net Load   Prob.    Rate     Power      Attrs
--------------------------------------------------------------------------------
net264                      1.80    0.059    0.505    0.5994   5.726e-05  p
net10                       1.80    0.063    0.734    0.5445   5.579e-05  p
net121                      1.80    0.080    0.500    0.3449   4.460e-05  p
net11                       1.80    0.044    0.495    0.5887   4.236e-05  p
net270                      1.80    0.040    0.500    0.6331   4.056e-05  p
net6                        1.80    0.068    0.504    0.3433   3.780e-05  p
net12                       1.80    0.085    0.619    0.2420   3.316e-05  p
net13                       1.80    0.036    0.266    0.5439   3.148e-05  p
net837                      1.80    0.130    0.263    0.1241   2.623e-05  p
net8                        1.80    0.077    0.500    0.1909   2.373e-05  p
net286                      1.80    0.036    0.586    0.3934   2.309e-05  p
net811                      1.80    0.068    0.496    0.1996   2.206e-05  p
net111                      1.80    0.050    0.501    0.2714   2.199e-05  p
net381                      1.80    0.079    0.727    0.1695   2.176e-05  p
net818                      1.80    0.071    0.513    0.1884   2.156e-05  p
net833                      1.80    0.064    0.500    0.2068   2.150e-05  p
net147                      1.80    0.047    0.362    0.2812   2.148e-05  p
net537                      1.80    0.063    0.383    0.2020   2.073e-05  p
net3                        1.80    0.044    0.503    0.2718   1.945e-05  p
clknet_2_2__leaf_clk        1.80    0.120    0.500    0.1000   1.945e-05  a
net146                      1.80    0.064    0.735    0.1869   1.938e-05  p
net836                      1.80    0.045    0.491    0.2677   1.935e-05  p
net249                      1.80    0.087    0.503    0.1348   1.896e-05  p
net4                        1.80    0.042    0.491    0.2677   1.832e-05  p
net840                      1.80    0.050    0.455    0.2176   1.773e-05  p
net175                      1.80    0.050    0.455    0.2176   1.768e-05  p
net276                      1.80    0.017    0.499    0.6575   1.761e-05  p
clknet_2_1__leaf_clk        1.80    0.108    0.500    0.1000   1.755e-05  a
net123                      1.80    0.053    0.490    0.2003   1.736e-05  p
net830                      1.80    0.074    0.688    0.1436   1.721e-05  p
net262                      1.80    0.063    0.457    0.1622   1.665e-05  p
net789                      1.80    0.100    0.500    0.1000   1.621e-05  a
net1                        1.80    0.051    0.500    0.1909   1.582e-05  p
net110                      1.80    0.051    0.511    0.1895   1.576e-05  p
net804                      1.80    0.094    0.500    0.1000   1.524e-05  a
net828                      1.80    0.077    0.502    0.1219   1.514e-05  p
net838                      1.80    0.049    0.498    0.1908   1.505e-05  p
net135                      1.80    0.044    0.508    0.2057   1.462e-05  p
clknet_0_clk                1.80    0.090    0.500    0.1000   1.456e-05  a
net25                       1.80    0.090    0.500    0.1000   1.452e-05  a
clknet_2_0__leaf_clk        1.80    0.090    0.500    0.1000   1.452e-05  a
net508                      1.80    0.075    0.489    0.1185   1.444e-05  p
net412                      1.80    0.043    0.489    0.2044   1.425e-05  p
net45                       1.80    0.014    0.504    0.6312   1.423e-05  p
net124                      1.80    0.039    0.486    0.2183   1.392e-05  p
net289                      1.80    0.019    0.496    0.4541   1.377e-05  p
net2                        1.80    0.043    0.502    0.1943   1.368e-05  p
clknet_2_3__leaf_clk        1.80    0.084    0.500    0.1000   1.353e-05  a
net579                      1.80    0.059    0.449    0.1403   1.344e-05  p
net67                       1.80    0.070    0.502    0.1181   1.334e-05  p
net375                      1.80    0.048    0.727    0.1695   1.320e-05  p
net800                      1.80    0.080    0.500    0.1000   1.290e-05  a
net793                      1.80    0.080    0.500    0.1000   1.290e-05  a
net36                       1.80    0.051    0.283    0.1536   1.269e-05  p
net803                      1.80    0.078    0.500    0.1000   1.256e-05  a
net788                      1.80    0.076    0.500    0.1000   1.239e-05  a
net835                      1.80    0.077    0.492    0.0983   1.224e-05  p
net152                      1.80    0.034    0.486    0.2183   1.219e-05  p
net136                      1.80    0.048    0.229    0.1536   1.187e-05  p
net411                      1.80    0.037    0.349    0.1938   1.153e-05  p
net805                      1.80    0.071    0.500    0.1000   1.149e-05  a
net799                      1.80    0.069    0.500    0.1000   1.119e-05  a
net229                      1.80    0.026    0.503    0.2628   1.093e-05  p
net162                      1.80    0.024    0.604    0.2749   1.071e-05  p
net120                      1.80    0.061    0.164    0.1074   1.069e-05  p
net786                      1.80    0.065    0.500    0.1000   1.060e-05  a
net284                      1.80    0.043    0.307    0.1468   1.017e-05  p
net145                      1.80    0.033    0.265    0.1869   1.008e-05  p
net129                      1.80    0.062    0.500    0.1000   1.003e-05  a
net0                        1.80    0.032    0.500    0.1909   1.002e-05  p
net829                      1.80    0.049    0.263    0.1241   9.868e-06  p
net138                      1.80    0.071    0.880    0.0828   9.515e-06  p
net791                      1.80    0.059    0.500    0.1000   9.509e-06  a
net142                      1.80    0.025    0.651    0.2338   9.291e-06  p
net112                      1.80    0.020    0.499    0.2751   9.070e-06  p
net139                      1.80    0.032    0.332    0.1670   8.752e-06  p
net22                       1.80    0.054    0.500    0.1000   8.706e-06  a
net801                      1.80    0.053    0.500    0.1000   8.548e-06  a
net831                      1.80    0.084    0.387    0.0630   8.536e-06  p
net808                      1.80    0.052    0.500    0.1000   8.480e-06  a
net14                       1.80    0.035    0.657    0.1497   8.421e-06  p
net913                      1.80    0.024    0.455    0.2176   8.360e-06  p
net108                      1.80    0.051    0.500    0.1000   8.339e-06  a
net53                       1.80    0.008    0.504    0.6312   8.315e-06  p
net311                      1.80    0.027    0.501    0.1918   8.308e-06  p
net169                      1.80    0.046    0.497    0.1101   8.262e-06  p
net303                      1.80    0.013    0.584    0.3969   8.071e-06  p
net533                      1.80    0.015    0.503    0.3424   8.055e-06  p
net545                      1.80    0.038    0.601    0.1309   8.053e-06  p
net259                      1.80    0.049    0.500    0.1000   7.888e-06  a
net98                       1.80    0.025    0.508    0.1908   7.850e-06  p
net267                      1.80    0.038    0.491    0.1261   7.834e-06  p
net7                        1.80    0.048    0.500    0.1000   7.787e-06  a
net403                      1.80    0.040    0.498    0.1190   7.784e-06  p
net21                       1.80    0.025    0.501    0.1885   7.760e-06  p
net106                      1.80    0.047    0.500    0.1000   7.617e-06  a
net764                      1.80    0.034    0.445    0.1383   7.571e-06  p
clknet_0_net539             1.80    0.019    0.509    0.2438   7.553e-06  p
clknet_0_net449             1.80    0.019    0.559    0.2417   7.493e-06  p
net50                       1.80    0.023    0.152    0.1990   7.479e-06  p
net109                      1.80    0.024    0.501    0.1900   7.466e-06  p
net77                       1.80    0.042    0.504    0.1096   7.394e-06  p
net127                      1.80    0.015    0.504    0.2959   7.305e-06  p
net287                      1.80    0.021    0.598    0.2166   7.258e-06  p
net785                      1.80    0.045    0.500    0.1000   7.258e-06  a
clknet_0_net290             1.80    0.020    0.493    0.2186   7.150e-06  p
net72                       1.80    0.023    0.501    0.1915   7.114e-06  p
clknet_leaf_1_clk           1.80    0.044    0.500    0.1000   7.077e-06  a
net417                      1.80    0.022    0.366    0.1976   7.069e-06  p
net798                      1.80    0.043    0.500    0.1000   7.011e-06  a
clknet_0_net171             1.80    0.020    0.700    0.2144   6.984e-06  p
net897                      1.80    0.034    0.263    0.1241   6.882e-06  p
net822                      1.80    0.067    0.928    0.0622   6.768e-06  p
clknet_1_1__leaf_net251     1.80    0.022    0.493    0.1864   6.752e-06  p
net790                      1.80    0.042    0.500    0.1000   6.752e-06  a
net44                       1.80    0.042    0.500    0.1000   6.747e-06  a
net967                      1.80    0.006    0.500    0.6331   6.657e-06  p
net49                       1.80    0.041    0.500    0.1000   6.653e-06  a
net82                       1.80    0.034    0.500    0.1187   6.533e-06  p
net107                      1.80    0.021    0.498    0.1908   6.507e-06  p
clknet_leaf_27_clk          1.80    0.040    0.500    0.1000   6.504e-06  a
net104                      1.80    0.022    0.683    0.1807   6.405e-06  p
clknet_0_net287             1.80    0.018    0.598    0.2166   6.311e-06  p
net20                       1.80    0.039    0.500    0.1000   6.304e-06  a
net140                      1.80    0.012    0.504    0.3104   6.285e-06  p
net186                      1.80    0.006    0.502    0.6695   6.241e-06  p
clknet_leaf_18_clk          1.80    0.038    0.500    0.1000   6.201e-06  a
clknet_0_net251             1.80    0.021    0.493    0.1864   6.199e-06  p
net787                      1.80    0.038    0.500    0.1000   6.192e-06  a
clknet_0_net398             1.80    0.020    0.554    0.1923   6.168e-06  p
net564                      1.80    0.047    0.473    0.0816   6.160e-06  p
net317                      1.80    0.016    0.496    0.2373   6.141e-06  p
clknet_leaf_12_clk          1.80    0.038    0.500    0.1000   6.094e-06  a
clknet_leaf_36_clk          1.80    0.038    0.500    0.1000   6.089e-06  a
clknet_leaf_2_clk           1.80    0.037    0.500    0.1000   6.017e-06  a
net194                      1.80    0.015    0.505    0.2515   5.991e-06  p
net440                      1.80    0.077    0.065    0.0479   5.951e-06  p
net251                      1.80    0.020    0.493    0.1864   5.928e-06  p
clknet_leaf_19_clk          1.80    0.036    0.500    0.1000   5.905e-06  a
clknet_leaf_22_clk          1.80    0.036    0.500    0.1000   5.844e-06  a
clknet_leaf_15_clk          1.80    0.036    0.500    0.1000   5.814e-06  a
net171                      1.80    0.017    0.700    0.2144   5.804e-06  p
clknet_0_net399             1.80    0.021    0.505    0.1706   5.788e-06  p
net125                      1.80    0.015    0.265    0.2306   5.768e-06  p
net119                      1.80    0.039    0.160    0.0900   5.738e-06  p
net382                      1.80    0.019    0.414    0.1871   5.650e-06  p
clknet_0_net359             1.80    0.020    0.511    0.1730   5.600e-06  p
clknet_0_net260             1.80    0.019    0.629    0.1848   5.594e-06  p
net105                      1.80    0.006    0.499    0.5968   5.579e-06  p
clknet_1_1__leaf_net814     1.80    0.045    0.384    0.0758   5.555e-06  p
net329                      1.80    0.023    0.473    0.1506   5.551e-06  p
net99                       1.80    0.017    0.497    0.1969   5.458e-06  p
clknet_leaf_6_clk           1.80    0.033    0.500    0.1000   5.386e-06  a
clknet_leaf_35_clk          1.80    0.033    0.500    0.1000   5.374e-06  a
clknet_leaf_10_clk          1.80    0.033    0.500    0.1000   5.358e-06  a
clknet_leaf_33_clk          1.80    0.033    0.500    0.1000   5.342e-06  a
net103                      1.80    0.018    0.683    0.1776   5.310e-06  p
net421                      1.80    0.015    0.514    0.2214   5.245e-06  p
net826                      1.80    0.027    0.494    0.1175   5.221e-06  p
net660                      1.80    0.029    0.490    0.1122   5.210e-06  p
net554                      1.80    0.046    0.509    0.0702   5.201e-06  p
clknet_1_0__leaf_net432     1.80    0.027    0.500    0.1190   5.170e-06  p
clknet_0_net356             1.80    0.018    0.494    0.1728   5.164e-06  p
net324                      1.80    0.051    0.491    0.0625   5.152e-06  p
net216                      1.80    0.045    0.916    0.0711   5.152e-06  p
net643                      1.80    0.058    0.356    0.0542   5.098e-06  p
clknet_leaf_34_clk          1.80    0.031    0.500    0.1000   5.070e-06  a
net27                       1.80    0.011    0.504    0.2740   5.065e-06  p
net398                      1.80    0.016    0.554    0.1923   5.008e-06  p
net257                      1.80    0.016    0.494    0.1895   4.974e-06  p
net224                      1.80    0.018    0.188    0.1740   4.974e-06  p
clknet_leaf_14_clk          1.80    0.030    0.500    0.1000   4.920e-06  a
clknet_0_net166             1.80    0.021    0.495    0.1437   4.884e-06  p
clknet_leaf_31_clk          1.80    0.030    0.500    0.1000   4.847e-06  a
net130                      1.80    0.021    0.311    0.1435   4.838e-06  p
net806                      1.80    0.030    0.500    0.1000   4.838e-06  a
net813                      1.80    0.016    0.503    0.1894   4.821e-06  p
net623                      1.80    0.030    0.500    0.1000   4.818e-06  a
clknet_leaf_0_clk           1.80    0.029    0.500    0.1000   4.766e-06  a
net24                       1.80    0.015    0.498    0.1926   4.693e-06  p
net5                        1.80    0.029    0.492    0.0983   4.672e-06  p
clknet_leaf_25_clk          1.80    0.029    0.500    0.1000   4.626e-06  a
clknet_leaf_5_clk           1.80    0.028    0.500    0.1000   4.596e-06  a
clknet_1_0__leaf_net251     1.80    0.015    0.493    0.1864   4.587e-06  p
net203                      1.80    0.028    0.502    0.1003   4.578e-06  p
net345                      1.80    0.042    0.448    0.0664   4.569e-06  p
net68                       1.80    0.028    0.500    0.1000   4.535e-06  a
clknet_1_0__leaf_net171     1.80    0.013    0.700    0.2144   4.506e-06  p
net133                      1.80    0.024    0.507    0.1168   4.480e-06  p
net700                      1.80    0.058    0.348    0.0475   4.475e-06  p
clknet_leaf_11_clk          1.80    0.028    0.500    0.1000   4.468e-06  a
net794                      1.80    0.027    0.500    0.1000   4.434e-06  a
clknet_leaf_20_clk          1.80    0.027    0.500    0.1000   4.407e-06  a
net116                      1.80    0.017    0.722    0.1555   4.401e-06  p
clknet_leaf_16_clk          1.80    0.027    0.500    0.1000   4.384e-06  a
clknet_1_1__leaf_net287     1.80    0.012    0.598    0.2166   4.364e-06  p
clknet_leaf_3_clk           1.80    0.027    0.500    0.1000   4.338e-06  a
clknet_leaf_30_clk          1.80    0.026    0.500    0.1000   4.276e-06  a
clknet_1_0__leaf_net165     1.80    0.029    0.732    0.0910   4.276e-06  p
net359                      1.80    0.015    0.511    0.1730   4.275e-06  p
clknet_leaf_9_clk           1.80    0.026    0.500    0.1000   4.249e-06  a
net58                       1.80    0.012    0.455    0.2176   4.209e-06  p
net476                      1.80    0.012    0.472    0.2158   4.179e-06  p
clknet_leaf_4_clk           1.80    0.026    0.500    0.1000   4.142e-06  a
net821                      1.80    0.025    0.503    0.1033   4.141e-06  p
net17                       1.80    0.026    0.500    0.1000   4.140e-06  a
clknet_1_0__leaf_net290     1.80    0.012    0.493    0.2186   4.118e-06  p
clknet_leaf_38_clk          1.80    0.025    0.500    0.1000   4.045e-06  a
net669                      1.80    0.023    0.541    0.1069   4.001e-06  p
net526                      1.80    0.063    0.073    0.0394   3.999e-06  p
net802                      1.80    0.025    0.500    0.1000   3.979e-06  a
clknet_leaf_23_clk          1.80    0.024    0.500    0.1000   3.940e-06  a
net115                      1.80    0.112    0.902    0.0215   3.912e-06  p
net117                      1.80    0.015    0.278    0.1555   3.883e-06  p
net213                      1.80    0.012    0.507    0.2036   3.877e-06  p
net796                      1.80    0.023    0.500    0.1000   3.791e-06  a
clknet_leaf_17_clk          1.80    0.023    0.500    0.1000   3.781e-06  a
net385                      1.80    0.049    0.181    0.0480   3.778e-06  p
clknet_1_0__leaf_net287     1.80    0.011    0.598    0.2166   3.758e-06  p
net231                      1.80    0.009    0.510    0.2602   3.755e-06  p
clknet_1_1__leaf_net250     1.80    0.024    0.465    0.0948   3.754e-06  p
net432                      1.80    0.019    0.500    0.1190   3.736e-06  p
net807                      1.80    0.023    0.500    0.1000   3.734e-06  a
clknet_0_net432             1.80    0.019    0.500    0.1190   3.706e-06  p
net809                      1.80    0.015    0.514    0.1550   3.701e-06  p
net380                      1.80    0.063    0.056    0.0362   3.696e-06  p
net540                      1.80    0.020    0.211    0.1138   3.683e-06  p
net204                      1.80    0.011    0.507    0.2015   3.673e-06  p
clknet_leaf_7_clk           1.80    0.022    0.500    0.1000   3.617e-06  a
clknet_leaf_26_clk          1.80    0.022    0.500    0.1000   3.586e-06  a
net792                      1.80    0.022    0.500    0.1000   3.544e-06  a
net480                      1.80    0.009    0.536    0.2539   3.530e-06  p
net9                        1.80    0.015    0.743    0.1427   3.523e-06  p
net288                      1.80    0.020    0.767    0.1091   3.522e-06  p
net87                       1.80    0.008    0.491    0.2677   3.452e-06  p
net449                      1.80    0.009    0.559    0.2417   3.451e-06  p
net731                      1.80    0.004    0.266    0.5442   3.412e-06  p
net539                      1.80    0.009    0.509    0.2438   3.401e-06  p
clknet_leaf_24_clk          1.80    0.021    0.500    0.1000   3.394e-06  a
clknet_leaf_13_clk          1.80    0.021    0.500    0.1000   3.390e-06  a
clknet_1_0__leaf_net814     1.80    0.027    0.384    0.0758   3.336e-06  p
clknet_leaf_29_clk          1.80    0.021    0.500    0.1000   3.332e-06  a
net285                      1.80    0.051    0.895    0.0398   3.302e-06  p
net18                       1.80    0.020    0.500    0.1000   3.301e-06  a
net343                      1.80    0.013    0.500    0.1526   3.295e-06  p
clknet_0_net165             1.80    0.022    0.732    0.0910   3.293e-06  p
net137                      1.80    0.008    0.496    0.2627   3.292e-06  p
clknet_leaf_8_clk           1.80    0.020    0.500    0.1000   3.290e-06  a
net141                      1.80    0.005    0.496    0.3868   3.263e-06  p
clknet_1_1__leaf_net260     1.80    0.011    0.629    0.1848   3.254e-06  p
net762                      1.80    0.007    0.476    0.2711   3.245e-06  p
net159                      1.80    0.026    0.379    0.0766   3.197e-06  p
net644                      1.80    0.014    0.491    0.1370   3.179e-06  p
net298                      1.80    0.046    0.463    0.0424   3.177e-06  p
net247                      1.80    0.054    0.056    0.0362   3.157e-06  p
clknet_0_net253             1.80    0.019    0.499    0.1000   3.123e-06  p
net184                      1.80    0.008    0.627    0.2281   3.109e-06  p
clknet_0_net250             1.80    0.020    0.465    0.0948   3.097e-06  p
net290                      1.80    0.009    0.493    0.2186   3.079e-06  p
clknet_0_net255             1.80    0.019    0.499    0.1000   3.048e-06  p
net820                      1.80    0.026    0.084    0.0711   3.029e-06  p
clknet_0_net294             1.80    0.018    0.750    0.1021   3.028e-06  p
net307                      1.80    0.011    0.493    0.1672   3.024e-06  p
net131                      1.80    0.007    0.496    0.2841   3.006e-06  p
net621                      1.80    0.014    0.223    0.1285   3.005e-06  p
net55                       1.80    0.083    0.096    0.0223   3.003e-06  p
net209                      1.80    0.016    0.500    0.1176   2.995e-06  p
clknet_1_0__leaf_net449     1.80    0.008    0.559    0.2417   2.955e-06  p
net260                      1.80    0.010    0.629    0.1848   2.934e-06  p
clknet_0_net252             1.80    0.019    0.465    0.0948   2.932e-06  p
net155                      1.80    0.015    0.452    0.1214   2.930e-06  p
clknet_leaf_32_clk          1.80    0.018    0.500    0.1000   2.929e-06  a
net392                      1.80    0.020    0.164    0.0917   2.922e-06  p
net562                      1.80    0.011    0.542    0.1671   2.909e-06  p
clknet_1_1__leaf_net290     1.80    0.008    0.493    0.2186   2.898e-06  p
net166                      1.80    0.012    0.495    0.1437   2.885e-06  p
net867                      1.80    0.012    0.304    0.1490   2.846e-06  p
clknet_1_0__leaf_net166     1.80    0.012    0.495    0.1437   2.846e-06  p
net541                      1.80    0.009    0.505    0.1989   2.841e-06  p
net265                      1.80    0.011    0.726    0.1549   2.840e-06  p
net23                       1.80    0.003    0.500    0.5904   2.834e-06  p
net514                      1.80    0.008    0.460    0.2302   2.833e-06  p
net165                      1.80    0.019    0.732    0.0910   2.831e-06  p
net732                      1.80    0.003    0.734    0.5445   2.825e-06  p
net512                      1.80    0.017    0.801    0.1045   2.823e-06  p
net250                      1.80    0.018    0.465    0.0948   2.808e-06  p
clknet_leaf_28_clk          1.80    0.017    0.500    0.1000   2.779e-06  a
clknet_0_net596             1.80    0.021    0.730    0.0822   2.752e-06  p
clknet_0_net814             1.80    0.022    0.384    0.0758   2.749e-06  p
net296                      1.80    0.076    0.321    0.0222   2.743e-06  p
net212                      1.80    0.028    0.603    0.0594   2.737e-06  p
net979                      1.80    0.036    0.083    0.0464   2.720e-06  p
net509                      1.80    0.072    0.919    0.0232   2.709e-06  p
clknet_0_net261             1.80    0.021    0.387    0.0780   2.693e-06  p
net817                      1.80    0.023    0.224    0.0714   2.691e-06  p
clknet_leaf_37_clk          1.80    0.017    0.500    0.1000   2.689e-06  a
clknet_1_0__leaf_net260     1.80    0.009    0.629    0.1848   2.681e-06  p
net114                      1.80    0.009    0.498    0.1908   2.680e-06  p
net19                       1.80    0.016    0.500    0.1000   2.641e-06  a
clknet_leaf_21_clk          1.80    0.016    0.500    0.1000   2.628e-06  a
net176                      1.80    0.006    0.503    0.2803   2.626e-06  p
net217                      1.80    0.005    0.494    0.3504   2.614e-06  p
net222                      1.80    0.015    0.578    0.1069   2.608e-06  p
net383                      1.80    0.015    0.142    0.1073   2.567e-06  p
net601                      1.80    0.011    0.304    0.1490   2.544e-06  p
net294                      1.80    0.015    0.750    0.1021   2.543e-06  p
net630                      1.80    0.006    0.501    0.2454   2.530e-06  p
net827                      1.80    0.007    0.502    0.2162   2.502e-06  p
net863                      1.80    0.032    0.181    0.0480   2.486e-06  p
net633                      1.80    0.069    0.955    0.0221   2.484e-06  p
clknet_0_net242             1.80    0.018    0.430    0.0837   2.457e-06  p
net393                      1.80    0.033    0.083    0.0464   2.456e-06  p
net634                      1.80    0.011    0.491    0.1341   2.455e-06  p
net126                      1.80    0.070    0.902    0.0215   2.450e-06  p
net128                      1.80    0.011    0.688    0.1436   2.445e-06  p
net167                      1.80    0.010    0.573    0.1434   2.427e-06  p
clknet_0_net390             1.80    0.019    0.470    0.0786   2.412e-06  p
clknet_1_1__leaf_net294     1.80    0.015    0.750    0.1021   2.409e-06  p
net256                      1.80    0.015    0.500    0.1000   2.404e-06  a
net379                      1.80    0.072    0.326    0.0203   2.377e-06  p
net399                      1.80    0.009    0.505    0.1706   2.355e-06  p
net356                      1.80    0.008    0.494    0.1728   2.353e-06  p
clknet_0_net158             1.80    0.019    0.371    0.0738   2.330e-06  p
net565                      1.80    0.002    0.502    0.6384   2.328e-06  p
net627                      1.80    0.007    0.491    0.2186   2.315e-06  p
net628                      1.80    0.012    0.512    0.1148   2.315e-06  p
net26                       1.80    0.061    0.569    0.0233   2.309e-06  p
net521                      1.80    0.016    0.159    0.0873   2.305e-06  p
net243                      1.80    0.014    0.500    0.1000   2.269e-06  a
clknet_1_1__leaf_net449     1.80    0.006    0.559    0.2417   2.237e-06  p
net327                      1.80    0.008    0.496    0.1611   2.203e-06  p
net85                       1.80    0.033    0.634    0.0412   2.201e-06  p
net448                      1.80    0.013    0.451    0.1042   2.193e-06  p
net312                      1.80    0.011    0.494    0.1227   2.178e-06  p
net815                      1.80    0.062    0.619    0.0216   2.153e-06  p
net315                      1.80    0.008    0.503    0.1607   2.143e-06  p
net387                      1.80    0.021    0.478    0.0615   2.137e-06  p
net728                      1.80    0.007    0.152    0.1990   2.133e-06  p
net839                      1.80    0.006    0.455    0.2176   2.129e-06  p
clknet_1_1__leaf_net252     1.80    0.014    0.465    0.0948   2.129e-06  p
net536                      1.80    0.009    0.501    0.1457   2.126e-06  p
net667                      1.80    0.009    0.415    0.1496   2.123e-06  p
net51                       1.80    0.013    0.637    0.1047   2.122e-06  p
net814                      1.80    0.017    0.384    0.0758   2.108e-06  p
net834                      1.80    0.032    0.411    0.0411   2.105e-06  p
net626                      1.80    0.006    0.510    0.2155   2.104e-06  p
net797                      1.80    0.013    0.500    0.1000   2.093e-06  a
net365                      1.80    0.020    0.102    0.0620   2.058e-06  p
clknet_1_0__leaf_net294     1.80    0.012    0.750    0.1021   2.049e-06  p
clknet_1_0__leaf_net252     1.80    0.013    0.465    0.0948   2.027e-06  p
net413                      1.80    0.006    0.528    0.2024   2.024e-06  p
net254                      1.80    0.012    0.500    0.1000   2.021e-06  a
clknet_1_0__leaf_net359     1.80    0.007    0.511    0.1730   2.014e-06  p
clknet_1_1__leaf_net165     1.80    0.014    0.732    0.0910   2.003e-06  p
net295                      1.80    0.002    0.436    0.4969   1.996e-06  p
net896                      1.80    0.014    0.170    0.0888   1.976e-06  p
net43                       1.80    0.010    0.485    0.1235   1.960e-06  p
net253                      1.80    0.012    0.499    0.1000   1.936e-06  p
net624                      1.80    0.010    0.489    0.1176   1.915e-06  p
net63                       1.80    0.026    0.380    0.0440   1.888e-06  p
net318                      1.80    0.014    0.693    0.0839   1.847e-06  p
net16                       1.80    0.007    0.726    0.1550   1.834e-06  p
net31                       1.80    0.007    0.717    0.1536   1.829e-06  p
net189                      1.80    0.027    0.411    0.0411   1.812e-06  p
net474                      1.80    0.011    0.665    0.0988   1.808e-06  p
net470                      1.80    0.007    0.637    0.1539   1.798e-06  p
clknet_0_net160             1.80    0.017    0.312    0.0636   1.796e-06  p
net42                       1.80    0.005    0.500    0.2065   1.796e-06  p
clknet_1_0__leaf_net250     1.80    0.012    0.465    0.0948   1.788e-06  p
clknet_1_0__leaf_net261     1.80    0.014    0.387    0.0780   1.764e-06  p
net625                      1.80    0.004    0.501    0.2454   1.758e-06  p
net676                      1.80    0.020    0.297    0.0530   1.757e-06  p
net234                      1.80    0.009    0.242    0.1258   1.756e-06  p
net938                      1.80    0.023    0.083    0.0464   1.754e-06  p
net447                      1.80    0.007    0.590    0.1565   1.743e-06  p
net465                      1.80    0.006    0.436    0.1812   1.733e-06  p
clknet_1_0__leaf_net356     1.80    0.006    0.494    0.1728   1.730e-06  p
net252                      1.80    0.011    0.465    0.0948   1.729e-06  p
net391                      1.80    0.007    0.277    0.1548   1.706e-06  p
net645                      1.80    0.009    0.490    0.1118   1.697e-06  p
net795                      1.80    0.010    0.500    0.1000   1.696e-06  a
net297                      1.80    0.011    0.544    0.0973   1.691e-06  p
net689                      1.80    0.025    0.862    0.0419   1.691e-06  p
clknet_1_1__leaf_net359     1.80    0.006    0.511    0.1730   1.686e-06  p
clknet_1_1__leaf_net539     1.80    0.004    0.509    0.2438   1.684e-06  p
net188                      1.80    0.048    0.686    0.0218   1.681e-06  p
net966                      1.80    0.009    0.154    0.1121   1.679e-06  p
net83                       1.80    0.069    0.787    0.0150   1.678e-06  p
clknet_1_1__leaf_net399     1.80    0.006    0.505    0.1706   1.619e-06  p
net868                      1.80    0.010    0.500    0.1000   1.616e-06  a
net637                      1.80    0.020    0.371    0.0496   1.614e-06  p
net261                      1.80    0.013    0.387    0.0780   1.599e-06  p
clknet_1_0__leaf_net398     1.80    0.005    0.554    0.1923   1.585e-06  p
net134                      1.80    0.009    0.154    0.1121   1.584e-06  p
net666                      1.80    0.007    0.407    0.1491   1.571e-06  p
clknet_1_1__leaf_net171     1.80    0.005    0.700    0.2144   1.568e-06  p
net581                      1.80    0.015    0.503    0.0637   1.560e-06  p
net901                      1.80    0.006    0.307    0.1468   1.542e-06  p
clknet_1_1__leaf_net158     1.80    0.013    0.371    0.0738   1.541e-06  p
net616                      1.80    0.006    0.278    0.1555   1.539e-06  p
net153                      1.80    0.004    0.538    0.2354   1.524e-06  p
clknet_1_0__leaf_net399     1.80    0.005    0.505    0.1706   1.498e-06  p
net535                      1.80    0.007    0.489    0.1278   1.498e-06  p
net144                      1.80    0.042    0.046    0.0220   1.497e-06  p
clknet_1_0__leaf_net255     1.80    0.009    0.499    0.1000   1.480e-06  p
net15                       1.80    0.006    0.274    0.1551   1.477e-06  p
net183                      1.80    0.016    0.237    0.0569   1.476e-06  p
clknet_1_1__leaf_net432     1.80    0.008    0.500    0.1190   1.455e-06  p
net756                      1.80    0.048    0.256    0.0188   1.450e-06  p
net551                      1.80    0.019    0.120    0.0466   1.446e-06  p
net975                      1.80    0.006    0.726    0.1549   1.445e-06  p
net546                      1.80    0.005    0.572    0.1720   1.443e-06  p
net237                      1.80    0.006    0.626    0.1396   1.440e-06  p
net384                      1.80    0.016    0.218    0.0547   1.437e-06  p
net255                      1.80    0.009    0.499    0.1000   1.433e-06  p
clknet_0_net757             1.80    0.019    0.229    0.0460   1.408e-06  p
net78                       1.80    0.018    0.325    0.0473   1.385e-06  p
clknet_0_net517             1.80    0.020    0.132    0.0435   1.383e-06  p
net81                       1.80    0.021    0.684    0.0393   1.366e-06  p
net902                      1.80    0.006    0.445    0.1383   1.353e-06  p
net757                      1.80    0.018    0.229    0.0460   1.350e-06  p
net390                      1.80    0.011    0.470    0.0786   1.343e-06  p
net651                      1.80    0.031    0.584    0.0269   1.341e-06  p
clknet_1_1__leaf_net166     1.80    0.006    0.495    0.1437   1.337e-06  p
net560                      1.80    0.019    0.539    0.0436   1.337e-06  p
net823                      1.80    0.009    0.638    0.0915   1.333e-06  p
net721                      1.80    0.004    0.659    0.2237   1.333e-06  p
net235                      1.80    0.003    0.529    0.2491   1.327e-06  p
clknet_1_1__leaf_net398     1.80    0.004    0.554    0.1923   1.315e-06  p
net928                      1.80    0.005    0.457    0.1622   1.313e-06  p
net782                      1.80    0.013    0.515    0.0626   1.298e-06  p
net530                      1.80    0.008    0.258    0.1046   1.294e-06  p
net328                      1.80    0.003    0.450    0.2474   1.288e-06  p
clknet_0_net402             1.80    0.019    0.941    0.0423   1.285e-06  p
net427                      1.80    0.008    0.470    0.0933   1.281e-06  p
net888                      1.80    0.008    0.507    0.0993   1.280e-06  p
net377                      1.80    0.021    0.056    0.0362   1.259e-06  p
net330                      1.80    0.003    0.502    0.2489   1.254e-06  p
net208                      1.80    0.018    0.320    0.0431   1.249e-06  p
net29                       1.80    0.005    0.282    0.1534   1.249e-06  p
net768                      1.80    0.045    0.047    0.0172   1.248e-06  p
net378                      1.80    0.038    0.326    0.0203   1.241e-06  p
clknet_1_1__leaf_net356     1.80    0.004    0.494    0.1728   1.237e-06  p
net376                      1.80    0.037    0.662    0.0204   1.226e-06  p
net61                       1.80    0.038    0.282    0.0198   1.225e-06  p
net516                      1.80    0.018    0.329    0.0414   1.210e-06  p
net580                      1.80    0.003    0.335    0.2282   1.210e-06  p
net532                      1.80    0.006    0.481    0.1350   1.204e-06  p
net160                      1.80    0.012    0.312    0.0636   1.197e-06  p
net672                      1.80    0.009    0.563    0.0846   1.195e-06  p
net266                      1.80    0.006    0.263    0.1241   1.183e-06  p
clknet_1_0__leaf_net539     1.80    0.003    0.509    0.2438   1.174e-06  p
net326                      1.80    0.022    0.778    0.0329   1.172e-06  p
net242                      1.80    0.008    0.430    0.0837   1.152e-06  p
clknet_1_1__leaf_net253     1.80    0.007    0.499    0.1000   1.141e-06  p
net335                      1.80    0.012    0.140    0.0564   1.141e-06  p
net158                      1.80    0.009    0.371    0.0738   1.132e-06  p
net596                      1.80    0.008    0.730    0.0822   1.122e-06  p
net349                      1.80    0.015    0.844    0.0445   1.116e-06  p
net241                      1.80    0.003    0.462    0.2409   1.114e-06  p
net426                      1.80    0.007    0.473    0.0945   1.094e-06  p
net62                       1.80    0.021    0.909    0.0322   1.090e-06  p
net278                      1.80    0.011    0.891    0.0593   1.086e-06  p
net281                      1.80    0.047    0.805    0.0143   1.084e-06  p
net642                      1.80    0.017    0.278    0.0390   1.083e-06  p
net647                      1.80    0.025    0.580    0.0266   1.064e-06  p
net964                      1.80    0.012    0.218    0.0547   1.063e-06  p
net280                      1.80    0.003    0.740    0.2511   1.049e-06  p
net576                      1.80    0.026    0.489    0.0247   1.030e-06  p
net301                      1.80    0.014    0.617    0.0440   1.026e-06  p
net751                      1.80    0.005    0.263    0.1241   1.019e-06  p
net291                      1.80    0.027    0.464    0.0236   1.018e-06  p
net584                      1.80    0.009    0.470    0.0706   1.017e-06  p
net970                      1.80    0.005    0.242    0.1258   1.015e-06  p
net263                      1.80    0.003    0.605    0.2187   1.001e-06  p
net450                      1.80    0.010    0.346    0.0589   9.990e-07  p
net482                      1.80    0.006    0.323    0.0952   9.952e-07  p
net930                      1.80    0.005    0.523    0.1157   9.935e-07  p
net293                      1.80    0.053    0.021    0.0115   9.928e-07  p
net590                      1.80    0.006    0.435    0.1066   9.844e-07  p
net610                      1.80    0.007    0.630    0.0894   9.672e-07  p
net151                      1.80    0.020    0.940    0.0296   9.650e-07  p
net763                      1.80    0.006    0.486    0.0963   9.614e-07  p
net478                      1.80    0.011    0.643    0.0524   9.600e-07  p
net600                      1.80    0.011    0.896    0.0524   9.530e-07  p
clknet_1_0__leaf_net160     1.80    0.009    0.312    0.0636   9.520e-07  p
net59                       1.80    0.003    0.152    0.1990   9.489e-07  p
net638                      1.80    0.003    0.497    0.2035   9.481e-07  p
net558                      1.80    0.010    0.648    0.0596   9.454e-07  p
net858                      1.80    0.014    0.411    0.0411   9.391e-07  p
net425                      1.80    0.006    0.498    0.0990   9.380e-07  p
net132                      1.80    0.005    0.154    0.1121   9.379e-07  p
net113                      1.80    0.027    0.902    0.0215   9.364e-07  p
net275                      1.80    0.024    0.058    0.0236   9.279e-07  p
clknet_1_0__leaf_net253     1.80    0.006    0.499    0.1000   9.275e-07  p
clknet_1_1__leaf_net255     1.80    0.006    0.499    0.1000   9.228e-07  p
net510                      1.80    0.026    0.902    0.0217   9.183e-07  p
net917                      1.80    0.017    0.102    0.0339   9.117e-07  p
net648                      1.80    0.022    0.958    0.0261   9.116e-07  p
net753                      1.80    0.004    0.689    0.1433   9.115e-07  p
net569                      1.80    0.019    0.157    0.0292   9.100e-07  p
net916                      1.80    0.039    0.804    0.0143   9.076e-07  p
net502                      1.80    0.003    0.551    0.1854   9.060e-07  p
net754                      1.80    0.003    0.457    0.1622   9.038e-07  p
net386                      1.80    0.027    0.326    0.0203   8.983e-07  p
net760                      1.80    0.004    0.272    0.1318   8.972e-07  p
net210                      1.80    0.010    0.600    0.0530   8.969e-07  p
net118                      1.80    0.006    0.170    0.0888   8.952e-07  p
net80                       1.80    0.020    0.287    0.0271   8.939e-07  p
net698                      1.80    0.006    0.518    0.0986   8.935e-07  p
net74                       1.80    0.030    0.733    0.0184   8.921e-07  p
net47                       1.80    0.005    0.500    0.1000   8.868e-07  a
net340                      1.80    0.025    0.947    0.0217   8.851e-07  p
net923                      1.80    0.005    0.142    0.1073   8.809e-07  p
net192                      1.80    0.009    0.502    0.0628   8.749e-07  p
net442                      1.80    0.002    0.510    0.2475   8.742e-07  p
net718                      1.80    0.003    0.528    0.2122   8.669e-07  p
net483                      1.80    0.006    0.677    0.0952   8.652e-07  p
net549                      1.80    0.002    0.513    0.2476   8.601e-07  p
net198                      1.80    0.009    0.388    0.0610   8.546e-07  p
net752                      1.80    0.004    0.311    0.1431   8.515e-07  p
clknet_1_0__leaf_net757     1.80    0.011    0.229    0.0460   8.506e-07  p
net529                      1.80    0.013    0.879    0.0412   8.417e-07  p
net245                      1.80    0.014    0.056    0.0362   8.403e-07  p
net885                      1.80    0.024    0.902    0.0217   8.375e-07  p
net73                       1.80    0.024    0.904    0.0214   8.360e-07  p
net69                       1.80    0.018    0.136    0.0294   8.351e-07  p
net712                      1.80    0.007    0.777    0.0691   8.340e-07  p
clknet_1_0__leaf_net158     1.80    0.007    0.371    0.0738   8.292e-07  p
net650                      1.80    0.007    0.129    0.0736   8.196e-07  p
net313                      1.80    0.011    0.544    0.0441   8.180e-07  p
net37                       1.80    0.021    0.569    0.0233   8.073e-07  p
clknet_0_net258             1.80    0.021    0.971    0.0241   8.050e-07  p
net150                      1.80    0.017    0.059    0.0289   8.020e-07  p
net570                      1.80    0.005    0.389    0.1015   8.006e-07  p
net200                      1.80    0.026    0.217    0.0190   7.993e-07  p
net438                      1.80    0.022    0.084    0.0219   7.943e-07  p
net292                      1.80    0.021    0.464    0.0236   7.915e-07  p
clknet_0_net401             1.80    0.019    0.912    0.0257   7.805e-07  p
net929                      1.80    0.022    0.902    0.0215   7.781e-07  p
net414                      1.80    0.002    0.513    0.2079   7.728e-07  p
net402                      1.80    0.011    0.941    0.0423   7.727e-07  p
net418                      1.80    0.003    0.535    0.1583   7.692e-07  p
net477                      1.80    0.009    0.357    0.0524   7.614e-07  p
net631                      1.80    0.021    0.050    0.0219   7.597e-07  p
net32                       1.80    0.004    0.637    0.1047   7.573e-07  p
net851                      1.80    0.008    0.092    0.0573   7.572e-07  p
net571                      1.80    0.009    0.511    0.0493   7.517e-07  p
clknet_1_1__leaf_net242     1.80    0.006    0.430    0.0837   7.466e-07  p
net79                       1.80    0.025    0.743    0.0185   7.432e-07  p
net513                      1.80    0.003    0.417    0.1692   7.417e-07  p
net246                      1.80    0.003    0.457    0.1622   7.384e-07  p
net30                       1.80    0.003    0.717    0.1536   7.366e-07  p
net453                      1.80    0.008    0.207    0.0567   7.353e-07  p
net454                      1.80    0.008    0.792    0.0567   7.302e-07  p
net95                       1.80    0.020    0.078    0.0221   7.291e-07  p
net75                       1.80    0.025    0.255    0.0181   7.257e-07  p
net515                      1.80    0.005    0.172    0.0842   7.248e-07  p
net40                       1.80    0.019    0.314    0.0236   7.139e-07  p
net945                      1.80    0.008    0.600    0.0530   7.129e-07  p
net517                      1.80    0.010    0.132    0.0435   7.071e-07  p
net511                      1.80    0.005    0.334    0.0807   7.064e-07  p
net168                      1.80    0.003    0.481    0.1448   7.064e-07  p
net878                      1.80    0.018    0.480    0.0243   7.040e-07  p
net506                      1.80    0.005    0.163    0.0794   7.000e-07  p
net522                      1.80    0.011    0.159    0.0379   6.978e-07  p
net466                      1.80    0.002    0.564    0.1812   6.974e-07  p
net172                      1.80    0.021    0.602    0.0206   6.957e-07  p
net544                      1.80    0.011    0.199    0.0392   6.918e-07  p
clknet_1_0__leaf_net242     1.80    0.005    0.430    0.0837   6.917e-07  p
net538                      1.80    0.009    0.095    0.0488   6.909e-07  p
net632                      1.80    0.017    0.477    0.0244   6.860e-07  p
net819                      1.80    0.024    0.957    0.0174   6.837e-07  p
net841                      1.80    0.008    0.896    0.0524   6.822e-07  p
net699                      1.80    0.003    0.309    0.1243   6.808e-07  p
clknet_0_net463             1.80    0.022    0.664    0.0193   6.791e-07  p
clknet_1_1__leaf_net596     1.80    0.005    0.730    0.0822   6.785e-07  p
net76                       1.80    0.048    0.958    0.0087   6.740e-07  p
net93                       1.80    0.017    0.324    0.0244   6.683e-07  p
net195                      1.80    0.018    0.061    0.0234   6.679e-07  p
net54                       1.80    0.020    0.311    0.0204   6.673e-07  p
net362                      1.80    0.007    0.395    0.0616   6.568e-07  p
net236                      1.80    0.003    0.592    0.1476   6.564e-07  p
net519                      1.80    0.009    0.107    0.0437   6.525e-07  p
net28                       1.80    0.017    0.569    0.0233   6.524e-07  p
net479                      1.80    0.002    0.670    0.1729   6.517e-07  p
net587                      1.80    0.008    0.918    0.0523   6.493e-07  p
net641                      1.80    0.019    0.684    0.0210   6.452e-07  p
clknet_1_1__leaf_net160     1.80    0.006    0.312    0.0636   6.442e-07  p
net769                      1.80    0.016    0.480    0.0243   6.426e-07  p
net485                      1.80    0.007    0.839    0.0600   6.397e-07  p
net908                      1.80    0.018    0.493    0.0222   6.383e-07  p
net230                      1.80    0.010    0.116    0.0376   6.350e-07  p
net860                      1.80    0.021    0.571    0.0188   6.323e-07  p
net668                      1.80    0.003    0.666    0.1351   6.247e-07  p
net761                      1.80    0.003    0.726    0.1316   6.202e-07  p
net493                      1.80    0.009    0.526    0.0405   6.200e-07  p
net586                      1.80    0.003    0.529    0.1341   6.197e-07  p
clknet_1_0__leaf_net402     1.80    0.009    0.941    0.0423   6.196e-07  p
net934                      1.80    0.004    0.678    0.0955   6.189e-07  p
net879                      1.80    0.005    0.509    0.0702   6.175e-07  p
net143                      1.80    0.017    0.954    0.0220   6.086e-07  p
net415                      1.80    0.019    0.334    0.0202   6.076e-07  p
net612                      1.80    0.005    0.736    0.0807   6.075e-07  p
net915                      1.80    0.007    0.896    0.0524   6.054e-07  p
net389                      1.80    0.014    0.953    0.0271   6.044e-07  p
net422                      1.80    0.020    0.571    0.0188   5.976e-07  p
net932                      1.80    0.017    0.321    0.0222   5.953e-07  p
net439                      1.80    0.019    0.733    0.0189   5.949e-07  p
net96                       1.80    0.003    0.494    0.1175   5.943e-07  p
net759                      1.80    0.006    0.294    0.0596   5.919e-07  p
net972                      1.80    0.004    0.502    0.1003   5.869e-07  p
net488                      1.80    0.004    0.689    0.0863   5.859e-07  p
net300                      1.80    0.008    0.381    0.0441   5.837e-07  p
net585                      1.80    0.002    0.331    0.1502   5.791e-07  p
net857                      1.80    0.018    0.293    0.0200   5.776e-07  p
net283                      1.80    0.010    0.067    0.0368   5.760e-07  p
net226                      1.80    0.003    0.513    0.1375   5.758e-07  p
net459                      1.80    0.019    0.327    0.0185   5.752e-07  p
net496                      1.80    0.006    0.824    0.0583   5.731e-07  p
net784                      1.80    0.003    0.523    0.1157   5.720e-07  p
net181                      1.80    0.014    0.490    0.0246   5.706e-07  p
net346                      1.80    0.011    0.156    0.0317   5.693e-07  p
net353                      1.80    0.002    0.288    0.1424   5.641e-07  p
net497                      1.80    0.003    0.481    0.1199   5.638e-07  p
net845                      1.80    0.009    0.116    0.0376   5.617e-07  p
net407                      1.80    0.008    0.216    0.0421   5.596e-07  p
net501                      1.80    0.014    0.481    0.0239   5.571e-07  p
net950                      1.80    0.009    0.073    0.0394   5.474e-07  p
net952                      1.80    0.005    0.084    0.0711   5.446e-07  p
net347                      1.80    0.011    0.842    0.0317   5.423e-07  p
net370                      1.80    0.002    0.527    0.1389   5.388e-07  p
net374                      1.80    0.004    0.508    0.0764   5.354e-07  p
net348                      1.80    0.007    0.151    0.0439   5.284e-07  p
clknet_1_1__leaf_net390     1.80    0.004    0.470    0.0786   5.277e-07  p
net844                      1.80    0.014    0.100    0.0226   5.254e-07  p
net157                      1.80    0.027    0.495    0.0118   5.230e-07  p
net574                      1.80    0.015    0.619    0.0216   5.214e-07  p
clknet_1_0__leaf_net596     1.80    0.004    0.730    0.0822   5.176e-07  p
net248                      1.80    0.009    0.056    0.0362   5.176e-07  p
net656                      1.80    0.069    0.993    0.0046   5.172e-07  p
net636                      1.80    0.013    0.476    0.0249   5.164e-07  p
net354                      1.80    0.002    0.506    0.1402   5.160e-07  p
net214                      1.80    0.004    0.684    0.0758   5.156e-07  p
net364                      1.80    0.003    0.165    0.1115   5.128e-07  p
net781                      1.80    0.005    0.482    0.0627   5.117e-07  p
net233                      1.80    0.003    0.519    0.1087   5.113e-07  p
net460                      1.80    0.014    0.416    0.0228   5.113e-07  p
net572                      1.80    0.007    0.645    0.0443   5.099e-07  p
net622                      1.80    0.018    0.740    0.0175   5.099e-07  p
net758                      1.80    0.007    0.243    0.0465   5.067e-07  p
clknet_1_0__leaf_net390     1.80    0.004    0.470    0.0786   5.063e-07  p
net191                      1.80    0.016    0.157    0.0198   5.016e-07  p
net177                      1.80    0.009    0.825    0.0348   5.011e-07  p
net588                      1.80    0.008    0.855    0.0377   4.998e-07  p
net702                      1.80    0.003    0.559    0.1082   4.952e-07  p
net351                      1.80    0.005    0.415    0.0638   4.939e-07  p
net322                      1.80    0.005    0.465    0.0575   4.933e-07  p
net557                      1.80    0.005    0.878    0.0658   4.870e-07  p
net468                      1.80    0.011    0.905    0.0272   4.866e-07  p
net749                      1.80    0.009    0.294    0.0346   4.790e-07  p
net573                      1.80    0.056    0.025    0.0053   4.775e-07  p
net467                      1.80    0.003    0.748    0.0952   4.766e-07  p
net854                      1.80    0.004    0.558    0.0697   4.761e-07  p
net122                      1.80    0.008    0.056    0.0362   4.743e-07  p
net780                      1.80    0.004    0.648    0.0805   4.731e-07  p
net523                      1.80    0.005    0.808    0.0540   4.723e-07  p
net602                      1.80    0.003    0.675    0.1047   4.707e-07  p
net215                      1.80    0.004    0.315    0.0759   4.648e-07  p
net70                       1.80    0.010    0.862    0.0296   4.648e-07  p
net408                      1.80    0.066    0.123    0.0043   4.647e-07  p
net547                      1.80    0.004    0.382    0.0756   4.631e-07  p
net461                      1.80    0.012    0.572    0.0231   4.624e-07  p
net527                      1.80    0.005    0.092    0.0573   4.601e-07  p
net239                      1.80    0.006    0.647    0.0486   4.569e-07  p
net661                      1.80    0.003    0.510    0.0907   4.563e-07  p
net898                      1.80    0.006    0.348    0.0475   4.559e-07  p
net205                      1.80    0.014    0.400    0.0200   4.551e-07  p
net429                      1.80    0.020    0.034    0.0143   4.550e-07  p
net553                      1.80    0.013    0.495    0.0210   4.508e-07  p
net872                      1.80    0.004    0.315    0.0759   4.503e-07  p
net227                      1.80    0.003    0.164    0.0913   4.464e-07  p
net946                      1.80    0.002    0.211    0.1138   4.462e-07  p
net60                       1.80    0.014    0.710    0.0200   4.423e-07  p
net864                      1.80    0.004    0.447    0.0687   4.421e-07  p
net765                      1.80    0.004    0.510    0.0607   4.412e-07  p
net357                      1.80    0.019    0.981    0.0146   4.384e-07  p
net336                      1.80    0.002    0.514    0.1103   4.380e-07  p
net777                      1.80    0.004    0.333    0.0667   4.359e-07  p
net770                      1.80    0.011    0.512    0.0243   4.355e-07  p
net244                      1.80    0.007    0.056    0.0362   4.331e-07  p
net816                      1.80    0.012    0.954    0.0222   4.303e-07  p
net41                       1.80    0.011    0.686    0.0233   4.296e-07  p
net614                      1.80    0.016    0.924    0.0162   4.286e-07  p
net583                      1.80    0.006    0.198    0.0428   4.275e-07  p
net671                      1.80    0.010    0.277    0.0274   4.273e-07  p
net974                      1.80    0.012    0.096    0.0223   4.270e-07  p
net48                       1.80    0.012    0.078    0.0221   4.262e-07  p
net594                      1.80    0.014    0.076    0.0184   4.242e-07  p
net161                      1.80    0.006    0.043    0.0458   4.236e-07  p
net715                      1.80    0.010    0.422    0.0271   4.217e-07  p
net339                      1.80    0.006    0.554    0.0468   4.188e-07  p
net674                      1.80    0.003    0.615    0.0813   4.186e-07  p
clknet_1_1__leaf_net517     1.80    0.006    0.132    0.0435   4.183e-07  p
net980                      1.80    0.003    0.129    0.0736   4.170e-07  p
net606                      1.80    0.003    0.816    0.0970   4.142e-07  p
net344                      1.80    0.004    0.202    0.0596   4.122e-07  p
net741                      1.80    0.004    0.346    0.0589   4.062e-07  p
net618                      1.80    0.014    0.740    0.0175   4.038e-07  p
net842                      1.80    0.005    0.896    0.0524   4.003e-07  p
net534                      1.80    0.003    0.529    0.0984   3.994e-07  p
out12                       1.80    0.001    0.503    0.1894   3.994e-07  p
net352                      1.80    0.004    0.585    0.0635   3.960e-07  p
net396                      1.80    0.008    0.414    0.0314   3.959e-07  p
net220                      1.80    0.007    0.068    0.0329   3.949e-07  p
net46                       1.80    0.002    0.500    0.1000   3.933e-07  a
net258                      1.80    0.010    0.971    0.0241   3.865e-07  p
net437                      1.80    0.011    0.380    0.0218   3.853e-07  p
net444                      1.80    0.006    0.566    0.0378   3.829e-07  p
net401                      1.80    0.009    0.912    0.0257   3.805e-07  p
net531                      1.80    0.002    0.490    0.1234   3.775e-07  p
clknet_1_1__leaf_net261     1.80    0.003    0.387    0.0780   3.756e-07  p
net463                      1.80    0.012    0.664    0.0193   3.710e-07  p
net88                       1.80    0.020    0.851    0.0111   3.699e-07  p
net524                      1.80    0.005    0.865    0.0447   3.676e-07  p
net693                      1.80    0.006    0.210    0.0361   3.610e-07  p
clknet_1_1__leaf_net463     1.80    0.011    0.664    0.0193   3.570e-07  p
net733                      1.80    0.010    0.902    0.0215   3.553e-07  p
net84                       1.80    0.003    0.436    0.0785   3.550e-07  p
net282                      1.80    0.011    0.244    0.0208   3.546e-07  p
net190                      1.80    0.011    0.079    0.0205   3.542e-07  p
net608                      1.80    0.013    0.212    0.0169   3.536e-07  p
net613                      1.80    0.013    0.076    0.0162   3.529e-07  p
net866                      1.80    0.004    0.202    0.0596   3.524e-07  p
net404                      1.80    0.017    0.511    0.0131   3.515e-07  p
net670                      1.80    0.003    0.692    0.0780   3.514e-07  p
net518                      1.80    0.005    0.891    0.0439   3.506e-07  p
net277                      1.80    0.006    0.922    0.0369   3.503e-07  p
net582                      1.80    0.013    0.314    0.0163   3.499e-07  p
net332                      1.80    0.004    0.469    0.0563   3.446e-07  p
net703                      1.80    0.005    0.639    0.0463   3.429e-07  p
net707                      1.80    0.003    0.447    0.0687   3.418e-07  p
net490                      1.80    0.009    0.585    0.0232   3.414e-07  p
net331                      1.80    0.014    0.549    0.0152   3.412e-07  p
net486                      1.80    0.025    0.962    0.0083   3.410e-07  p
net683                      1.80    0.007    0.679    0.0287   3.403e-07  p
net810                      1.80    0.006    0.080    0.0340   3.400e-07  p
net723                      1.80    0.003    0.256    0.0745   3.399e-07  p
net435                      1.80    0.015    0.971    0.0142   3.394e-07  p
out3                        1.80    0.001    0.502    0.2162   3.331e-07  p
net225                      1.80    0.006    0.533    0.0344   3.327e-07  p
net856                      1.80    0.004    0.095    0.0488   3.318e-07  p
net742                      1.80    0.003    0.654    0.0589   3.309e-07  p
net528                      1.80    0.005    0.121    0.0412   3.305e-07  p
net685                      1.80    0.010    0.438    0.0204   3.293e-07  p
net520                      1.80    0.002    0.164    0.0917   3.279e-07  p
net211                      1.80    0.004    0.400    0.0530   3.278e-07  p
net431                      1.80    0.006    0.550    0.0333   3.272e-07  p
net499                      1.80    0.012    0.653    0.0169   3.268e-07  p
net681                      1.80    0.007    0.442    0.0279   3.265e-07  p
net705                      1.80    0.002    0.399    0.0827   3.252e-07  p
net684                      1.80    0.010    0.551    0.0208   3.252e-07  p
net900                      1.80    0.002    0.748    0.0952   3.243e-07  p
net680                      1.80    0.015    0.030    0.0129   3.202e-07  p
net428                      1.80    0.014    0.966    0.0143   3.198e-07  p
net704                      1.80    0.003    0.670    0.0672   3.189e-07  p
net472                      1.80    0.011    0.461    0.0171   3.178e-07  p
net767                      1.80    0.004    0.510    0.0525   3.145e-07  p
net713                      1.80    0.003    0.516    0.0629   3.128e-07  p
net722                      1.80    0.009    0.148    0.0207   3.123e-07  p
net603                      1.80    0.003    0.755    0.0700   3.089e-07  p
net555                      1.80    0.010    0.738    0.0193   3.088e-07  p
net341                      1.80    0.005    0.283    0.0359   3.086e-07  p
net907                      1.80    0.005    0.173    0.0345   3.066e-07  p
net658                      1.80    0.004    0.215    0.0530   3.028e-07  p
net319                      1.80    0.002    0.307    0.0837   3.019e-07  p
clknet_1_1__leaf_net757     1.80    0.004    0.229    0.0460   2.998e-07  p
net692                      1.80    0.010    0.318    0.0190   2.989e-07  p
net853                      1.80    0.008    0.445    0.0222   2.985e-07  p
net350                      1.80    0.003    0.499    0.0668   2.979e-07  p
net552                      1.80    0.009    0.494    0.0212   2.970e-07  p
net487                      1.80    0.006    0.901    0.0325   2.942e-07  p
net323                      1.80    0.005    0.924    0.0351   2.939e-07  p
net550                      1.80    0.011    0.032    0.0170   2.939e-07  p
net232                      1.80    0.009    0.037    0.0203   2.936e-07  p
net711                      1.80    0.011    0.518    0.0158   2.936e-07  p
net366                      1.80    0.006    0.509    0.0288   2.927e-07  p
net825                      1.80    0.010    0.749    0.0188   2.911e-07  p
net406                      1.80    0.004    0.784    0.0421   2.870e-07  p
net694                      1.80    0.003    0.428    0.0513   2.865e-07  p
net491                      1.80    0.007    0.423    0.0240   2.864e-07  p
clknet_1_0__leaf_net463     1.80    0.009    0.664    0.0193   2.857e-07  p
net358                      1.80    0.012    0.019    0.0146   2.836e-07  p
net71                       1.80    0.008    0.895    0.0231   2.820e-07  p
net363                      1.80    0.006    0.275    0.0273   2.812e-07  p
net958                      1.80    0.009    0.256    0.0188   2.783e-07  p
net373                      1.80    0.003    0.292    0.0621   2.743e-07  p
net912                      1.80    0.010    0.277    0.0162   2.734e-07  p
net776                      1.80    0.005    0.173    0.0338   2.723e-07  p
net218                      1.80    0.002    0.152    0.0708   2.695e-07  p
out17                       1.80    0.001    0.513    0.1884   2.676e-07  p
net279                      1.80    0.009    0.704    0.0192   2.663e-07  p
net206                      1.80    0.010    0.962    0.0158   2.657e-07  p
clknet_1_0__leaf_net517     1.80    0.004    0.132    0.0435   2.653e-07  p
net494                      1.80    0.004    0.083    0.0365   2.651e-07  p
net783                      1.80    0.002    0.558    0.0697   2.648e-07  p
net52                       1.80    0.007    0.100    0.0226   2.645e-07  p
net441                      1.80    0.004    0.454    0.0387   2.634e-07  p
net779                      1.80    0.002    0.350    0.0803   2.597e-07  p
net956                      1.80    0.008    0.079    0.0205   2.577e-07  p
net778                      1.80    0.002    0.398    0.0818   2.572e-07  p
net832                      1.80    0.004    0.909    0.0416   2.503e-07  p
net859                      1.80    0.007    0.343    0.0224   2.502e-07  p
net368                      1.80    0.003    0.921    0.0570   2.487e-07  p
net675                      1.80    0.003    0.445    0.0558   2.478e-07  p
net937                      1.80    0.007    0.919    0.0232   2.462e-07  p
net906                      1.80    0.004    0.067    0.0368   2.447e-07  p
net940                      1.80    0.007    0.496    0.0229   2.445e-07  p
net504                      1.80    0.003    0.573    0.0506   2.424e-07  p
net617                      1.80    0.009    0.740    0.0175   2.423e-07  p
net563                      1.80    0.007    0.683    0.0221   2.398e-07  p
net673                      1.80    0.002    0.380    0.0615   2.391e-07  p
net892                      1.80    0.005    0.442    0.0279   2.388e-07  p
net308                      1.80    0.008    0.256    0.0188   2.381e-07  p
net843                      1.80    0.003    0.617    0.0439   2.353e-07  p
net430                      1.80    0.006    0.574    0.0230   2.292e-07  p
net876                      1.80    0.006    0.442    0.0223   2.282e-07  p
net914                      1.80    0.006    0.078    0.0221   2.259e-07  p
net947                      1.80    0.005    0.315    0.0284   2.258e-07  p
net595                      1.80    0.008    0.924    0.0184   2.257e-07  p
net219                      1.80    0.004    0.932    0.0329   2.244e-07  p
net615                      1.80    0.008    0.477    0.0166   2.243e-07  p
net743                      1.80    0.006    0.464    0.0236   2.233e-07  p
net505                      1.80    0.004    0.706    0.0346   2.232e-07  p
net726                      1.80    0.013    0.101    0.0103   2.228e-07  p
out0                        1.80    0.001    0.514    0.1550   2.211e-07  p
net746                      1.80    0.006    0.569    0.0233   2.180e-07  p
net861                      1.80    0.006    0.061    0.0234   2.165e-07  p
net395                      1.80    0.004    0.586    0.0314   2.143e-07  p
net481                      1.80    0.004    0.887    0.0309   2.132e-07  p
net86                       1.80    0.008    0.277    0.0162   2.126e-07  p
net922                      1.80    0.008    0.653    0.0168   2.109e-07  p
net500                      1.80    0.003    0.731    0.0414   2.051e-07  p
net575                      1.80    0.005    0.506    0.0262   2.048e-07  p
net316                      1.80    0.004    0.092    0.0328   2.044e-07  p
net455                      1.80    0.002    0.654    0.0595   2.043e-07  p
net677                      1.80    0.006    0.864    0.0203   2.037e-07  p
net869                      1.80    0.023    0.927    0.0054   2.029e-07  p
net948                      1.80    0.007    0.733    0.0189   2.021e-07  p
net941                      1.80    0.006    0.076    0.0207   2.016e-07  p
net372                      1.80    0.008    0.231    0.0162   2.013e-07  p
net629                      1.80    0.004    0.137    0.0291   2.006e-07  p
net310                      1.80    0.007    0.436    0.0175   1.998e-07  p
net223                      1.80    0.005    0.523    0.0235   1.980e-07  p
net97                       1.80    0.006    0.676    0.0202   1.980e-07  p
net299                      1.80    0.004    0.767    0.0276   1.978e-07  p
net609                      1.80    0.005    0.447    0.0223   1.971e-07  p
net38                       1.80    0.005    0.431    0.0233   1.951e-07  p
net740                      1.80    0.007    0.740    0.0175   1.951e-07  p
net695                      1.80    0.006    0.974    0.0200   1.943e-07  p
net306                      1.80    0.006    0.924    0.0211   1.928e-07  p
net862                      1.80    0.003    0.147    0.0445   1.916e-07  p
net890                      1.80    0.006    0.244    0.0208   1.909e-07  p
net94                       1.80    0.014    0.015    0.0087   1.908e-07  p
net911                      1.80    0.002    0.643    0.0524   1.907e-07  p
net568                      1.80    0.004    0.843    0.0292   1.901e-07  p
out9                        1.80    0.001    0.500    0.2068   1.880e-07  p
net66                       1.80    0.007    0.934    0.0161   1.855e-07  p
net240                      1.80    0.015    0.604    0.0075   1.848e-07  p
net850                      1.80    0.004    0.866    0.0281   1.830e-07  p
net507                      1.80    0.003    0.380    0.0364   1.828e-07  p
net936                      1.80    0.005    0.335    0.0210   1.816e-07  p
net935                      1.80    0.008    0.019    0.0146   1.812e-07  p
net933                      1.80    0.005    0.438    0.0204   1.811e-07  p
net566                      1.80    0.014    0.933    0.0082   1.804e-07  p
net304                      1.80    0.002    0.531    0.0509   1.798e-07  p
net100                      1.80    0.002    0.147    0.0445   1.793e-07  p
net556                      1.80    0.003    0.945    0.0362   1.790e-07  p
net931                      1.80    0.005    0.595    0.0228   1.788e-07  p
clknet_1_1__leaf_net401     1.80    0.004    0.912    0.0257   1.781e-07  p
net965                      1.80    0.003    0.068    0.0329   1.775e-07  p
net309                      1.80    0.006    0.552    0.0174   1.767e-07  p
net221                      1.80    0.004    0.690    0.0256   1.762e-07  p
net228                      1.80    0.005    0.595    0.0228   1.758e-07  p
net559                      1.80    0.002    0.869    0.0480   1.755e-07  p
net640                      1.80    0.003    0.895    0.0343   1.752e-07  p
net462                      1.80    0.004    0.672    0.0308   1.747e-07  p
net420                      1.80    0.022    0.991    0.0049   1.735e-07  p
net484                      1.80    0.004    0.766    0.0258   1.733e-07  p
net436                      1.80    0.019    0.021    0.0055   1.730e-07  p
net92                       1.80    0.005    0.312    0.0201   1.726e-07  p
net605                      1.80    0.008    0.794    0.0140   1.725e-07  p
clknet_1_0__leaf_net401     1.80    0.004    0.912    0.0257   1.719e-07  p
out2                        1.80    0.001    0.503    0.1033   1.703e-07  p
net498                      1.80    0.008    0.400    0.0136   1.695e-07  p
out24                       1.80    0.001    0.494    0.1175   1.684e-07  p
clknet_1_1__leaf_net402     1.80    0.002    0.941    0.0423   1.666e-07  p
out6                        1.80    0.001    0.688    0.1436   1.666e-07  p
net567                      1.80    0.003    0.760    0.0339   1.644e-07  p
net639                      1.80    0.003    0.102    0.0340   1.634e-07  p
net443                      1.80    0.003    0.887    0.0391   1.629e-07  p
net812                      1.80    0.005    0.024    0.0217   1.615e-07  p
net90                       1.80    0.002    0.165    0.0448   1.606e-07  p
net895                      1.80    0.004    0.447    0.0222   1.606e-07  p
out10                       1.80    0.000    0.496    0.1996   1.600e-07  p
net971                      1.80    0.008    0.478    0.0127   1.589e-07  p
net445                      1.80    0.013    0.888    0.0075   1.580e-07  p
net653                      1.80    0.011    0.983    0.0089   1.580e-07  p
net154                      1.80    0.004    0.369    0.0270   1.577e-07  pm
net944                      1.80    0.003    0.706    0.0346   1.563e-07  p
net953                      1.80    0.004    0.650    0.0224   1.561e-07  p
net320                      1.80    0.004    0.495    0.0223   1.555e-07  p
net855                      1.80    0.004    0.339    0.0219   1.554e-07  p
net456                      1.80    0.004    0.311    0.0221   1.552e-07  p
out5                        1.80    0.001    0.263    0.1241   1.541e-07  p
net719                      1.80    0.002    0.766    0.0464   1.537e-07  p
net849                      1.80    0.004    0.685    0.0232   1.526e-07  p
net968                      1.80    0.004    0.904    0.0214   1.525e-07  p
net178                      1.80    0.003    0.173    0.0345   1.522e-07  p
net434                      1.80    0.007    0.160    0.0132   1.513e-07  p
net954                      1.80    0.005    0.157    0.0198   1.512e-07  p
net369                      1.80    0.003    0.608    0.0355   1.496e-07  p
net678                      1.80    0.005    0.136    0.0203   1.493e-07  p
net682                      1.80    0.003    0.315    0.0284   1.491e-07  p
net182                      1.80    0.004    0.504    0.0254   1.488e-07  p
net871                      1.80    0.006    0.787    0.0150   1.483e-07  p
net701                      1.80    0.004    0.934    0.0248   1.472e-07  p
net963                      1.80    0.004    0.495    0.0210   1.462e-07  p
net495                      1.80    0.003    0.294    0.0346   1.454e-07  p
net771                      1.80    0.004    0.343    0.0224   1.449e-07  p
net659                      1.80    0.004    0.072    0.0205   1.444e-07  p
net410                      1.80    0.019    0.935    0.0047   1.443e-07  p
net973                      1.80    0.003    0.895    0.0343   1.442e-07  p
net961                      1.80    0.008    0.021    0.0115   1.441e-07  p
net334                      1.80    0.006    0.443    0.0154   1.424e-07  p
net314                      1.80    0.005    0.809    0.0162   1.416e-07  p
net179                      1.80    0.004    0.442    0.0223   1.399e-07  p
net102                      1.80    0.003    0.919    0.0340   1.398e-07  p
net774                      1.80    0.004    0.309    0.0206   1.388e-07  p
net664                      1.80    0.007    0.961    0.0123   1.380e-07  p
net578                      1.80    0.016    0.025    0.0053   1.380e-07  p
net489                      1.80    0.004    0.407    0.0231   1.368e-07  p
net891                      1.80    0.003    0.725    0.0243   1.351e-07  p
net893                      1.80    0.003    0.456    0.0244   1.350e-07  p
net847                      1.80    0.004    0.050    0.0219   1.349e-07  p
net57                       1.80    0.020    0.006    0.0041   1.338e-07  p
net400                      1.80    0.008    0.124    0.0105   1.334e-07  p
net388                      1.80    0.003    0.038    0.0283   1.329e-07  p
net766                      1.80    0.002    0.284    0.0397   1.328e-07  p
net597                      1.80    0.003    0.131    0.0275   1.326e-07  p
net187                      1.80    0.004    0.293    0.0200   1.322e-07  p
net910                      1.80    0.003    0.132    0.0273   1.314e-07  p
net593                      1.80    0.004    0.285    0.0211   1.314e-07  p
net598                      1.80    0.003    0.598    0.0233   1.312e-07  p
net473                      1.80    0.004    0.736    0.0220   1.312e-07  p
net649                      1.80    0.006    0.882    0.0139   1.301e-07  p
net708                      1.80    0.004    0.387    0.0201   1.293e-07  p
net848                      1.80    0.010    0.604    0.0075   1.280e-07  p
net706                      1.80    0.006    0.081    0.0138   1.274e-07  p
clknet_1_0__leaf_net258     1.80    0.003    0.971    0.0241   1.272e-07  p
net697                      1.80    0.004    0.168    0.0187   1.267e-07  p
net942                      1.80    0.005    0.539    0.0170   1.265e-07  p
net333                      1.80    0.005    0.263    0.0146   1.263e-07  p
net709                      1.80    0.005    0.906    0.0148   1.262e-07  p
net737                      1.80    0.007    0.124    0.0105   1.262e-07  p
net870                      1.80    0.004    0.973    0.0183   1.246e-07  p
net91                       1.80    0.003    0.324    0.0244   1.240e-07  p
net877                      1.80    0.003    0.661    0.0219   1.238e-07  p
net525                      1.80    0.003    0.093    0.0281   1.233e-07  p
net202                      1.80    0.003    0.661    0.0219   1.224e-07  p
net663                      1.80    0.002    0.900    0.0303   1.217e-07  p
net959                      1.80    0.003    0.416    0.0228   1.213e-07  p
net962                      1.80    0.004    0.255    0.0181   1.211e-07  p
net925                      1.80    0.003    0.476    0.0244   1.207e-07  p
net577                      1.80    0.003    0.511    0.0251   1.198e-07  p
net881                      1.80    0.003    0.137    0.0290   1.176e-07  p
net34                       1.80    0.003    0.866    0.0278   1.168e-07  p
net273                      1.80    0.005    0.023    0.0136   1.162e-07  p
net464                      1.80    0.002    0.778    0.0329   1.156e-07  p
net735                      1.80    0.003    0.676    0.0202   1.142e-07  p
net720                      1.80    0.003    0.454    0.0208   1.137e-07  p
net419                      1.80    0.014    0.009    0.0049   1.135e-07  p
net875                      1.80    0.004    0.740    0.0175   1.134e-07  p
net492                      1.80    0.003    0.570    0.0234   1.131e-07  p
net739                      1.80    0.003    0.327    0.0203   1.120e-07  p
out19                       1.80    0.001    0.084    0.0711   1.107e-07  p
net361                      1.80    0.004    0.256    0.0179   1.106e-07  p
net887                      1.80    0.003    0.895    0.0231   1.105e-07  p
net101                      1.80    0.017    0.995    0.0040   1.077e-07  p
out13                       1.80    0.001    0.384    0.0758   1.076e-07  p
net924                      1.80    0.005    0.794    0.0140   1.074e-07  p
net655                      1.80    0.002    0.044    0.0277   1.059e-07  p
net416                      1.80    0.003    0.456    0.0244   1.057e-07  p
out16                       1.80    0.001    0.224    0.0714   1.056e-07  p
net338                      1.80    0.003    0.497    0.0230   1.046e-07  p
net185                      1.80    0.003    0.504    0.0254   1.038e-07  p
net691                      1.80    0.004    0.399    0.0182   1.037e-07  p
net927                      1.80    0.003    0.502    0.0247   1.034e-07  p
net475                      1.80    0.003    0.570    0.0215   1.027e-07  p
net503                      1.80    0.005    0.231    0.0138   1.027e-07  p
net397                      1.80    0.006    0.124    0.0105   1.026e-07  p
net469                      1.80    0.003    0.607    0.0221   1.022e-07  p
net744                      1.80    0.004    0.436    0.0175   1.022e-07  p
net775                      1.80    0.005    0.193    0.0118   1.012e-07  p
net773                      1.80    0.003    0.395    0.0198   1.011e-07  p
net458                      1.80    0.003    0.664    0.0191   1.006e-07  p
net750                      1.80    0.002    0.706    0.0346   1.002e-07  p
out4                        1.80    0.001    0.502    0.1219   1.001e-07  p
net89                       1.80    0.003    0.078    0.0221   9.910e-08  p
net873                      1.80    0.003    0.570    0.0214   9.818e-08  p
net969                      1.80    0.003    0.464    0.0236   9.735e-08  p
out7                        1.80    0.001    0.387    0.0630   9.592e-08  p
net423                      1.80    0.006    0.899    0.0103   9.516e-08  p
net736                      1.80    0.003    0.313    0.0201   9.457e-08  p
net886                      1.80    0.003    0.638    0.0213   9.427e-08  p
clknet_1_1__leaf_net258     1.80    0.002    0.971    0.0241   9.380e-08  p
net646                      1.80    0.004    0.933    0.0137   9.377e-08  p
net665                      1.80    0.005    0.039    0.0123   9.337e-08  p
net654                      1.80    0.002    0.084    0.0260   9.267e-08  p
net367                      1.80    0.003    0.333    0.0188   9.210e-08  p
net846                      1.80    0.005    0.758    0.0121   9.199e-08  p
net269                      1.80    0.003    0.025    0.0174   9.192e-08  p
net919                      1.80    0.003    0.311    0.0204   9.191e-08  p
net772                      1.80    0.003    0.650    0.0224   9.170e-08  p
net755                      1.80    0.003    0.445    0.0222   9.167e-08  p
net949                      1.80    0.004    0.518    0.0158   9.146e-08  p
net745                      1.80    0.003    0.552    0.0174   9.119e-08  p
out20                       1.80    0.001    0.928    0.0622   9.113e-08  p
net394                      1.80    0.010    0.928    0.0054   9.098e-08  p
net201                      1.80    0.003    0.339    0.0219   9.057e-08  p
net880                      1.80    0.002    0.504    0.0253   9.049e-08  p
net35                       1.80    0.002    0.132    0.0273   9.047e-08  p
net65                       1.80    0.006    0.015    0.0087   8.888e-08  p
net679                      1.80    0.002    0.725    0.0243   8.844e-08  p
net591                      1.80    0.003    0.777    0.0189   8.802e-08  p
net599                      1.80    0.003    0.693    0.0191   8.762e-08  p
net920                      1.80    0.002    0.585    0.0232   8.746e-08  p
net734                      1.80    0.007    0.933    0.0082   8.631e-08  p
net180                      1.80    0.002    0.502    0.0247   8.604e-08  p
net457                      1.80    0.002    0.689    0.0221   8.585e-08  p
net64                       1.80    0.006    0.984    0.0093   8.553e-08  p
net635                      1.80    0.013    0.010    0.0042   8.536e-08  p
net662                      1.80    0.004    0.025    0.0149   8.532e-08  p
net611                      1.80    0.003    0.738    0.0153   8.511e-08  p
net371                      1.80    0.002    0.507    0.0227   8.495e-08  p
net170                      1.80    0.002    0.638    0.0213   8.405e-08  p
net433                      1.80    0.004    0.838    0.0134   8.376e-08  p
net738                      1.80    0.002    0.663    0.0204   8.239e-08  p
net899                      1.80    0.002    0.052    0.0220   8.229e-08  p
net882                      1.80    0.002    0.689    0.0221   8.214e-08  p
net592                      1.80    0.010    0.982    0.0050   8.205e-08  p
net173                      1.80    0.002    0.686    0.0218   8.086e-08  p
net542                      1.80    0.005    0.495    0.0095   7.891e-08  p
net620                      1.80    0.012    0.006    0.0039   7.814e-08  p
net321                      1.80    0.002    0.493    0.0222   7.782e-08  p
net342                      1.80    0.002    0.335    0.0210   7.684e-08  p
net865                      1.80    0.003    0.319    0.0149   7.621e-08  p
out21                       1.80    0.001    0.638    0.0915   7.592e-08  p
net690                      1.80    0.002    0.634    0.0245   7.510e-08  p
net607                      1.80    0.002    0.052    0.0220   7.480e-08  p
net199                      1.80    0.003    0.845    0.0149   7.451e-08  p
net687                      1.80    0.003    0.717    0.0182   7.400e-08  p
net604                      1.80    0.003    0.195    0.0137   7.394e-08  p
net305                      1.80    0.002    0.076    0.0208   7.264e-08  p
net686                      1.80    0.003    0.323    0.0166   7.177e-08  p
net939                      1.80    0.003    0.845    0.0149   7.141e-08  p
net727                      1.80    0.004    0.899    0.0103   7.051e-08  p
net405                      1.80    0.003    0.478    0.0127   7.038e-08  p
net268                      1.80    0.002    0.973    0.0180   6.951e-08  p
net747                      1.80    0.003    0.444    0.0154   6.871e-08  p
net471                      1.80    0.002    0.539    0.0171   6.858e-08  p
net903                      1.80    0.002    0.569    0.0233   6.814e-08  p
net894                      1.80    0.002    0.176    0.0180   6.730e-08  p
net148                      1.80    0.004    0.592    0.0115   6.677e-08  p
net696                      1.80    0.002    0.935    0.0165   6.587e-08  p
net716                      1.80    0.002    0.176    0.0180   6.556e-08  p
net904                      1.80    0.002    0.924    0.0184   6.516e-08  p
net446                      1.80    0.009    0.123    0.0043   6.416e-08  p
net360                      1.80    0.002    0.735    0.0183   6.399e-08  p
out8                        1.80    0.001    0.909    0.0415   6.396e-08  p
net548                      1.80    0.002    0.670    0.0213   6.171e-08  p
net589                      1.80    0.003    0.543    0.0135   6.072e-08  p
net874                      1.80    0.002    0.323    0.0166   5.949e-08  p
net717                      1.80    0.003    0.185    0.0136   5.846e-08  p
net272                      1.80    0.002    0.977    0.0140   5.651e-08  p
net889                      1.80    0.002    0.549    0.0152   5.639e-08  p
net824                      1.80    0.009    0.005    0.0040   5.538e-08  p
net302                      1.80    0.005    0.989    0.0068   5.462e-08  p
net724                      1.80    0.006    0.025    0.0053   5.392e-08  p
net921                      1.80    0.004    0.962    0.0083   5.372e-08  p
net688                      1.80    0.009    0.956    0.0035   5.284e-08  p
net976                      1.80    0.008    0.006    0.0039   5.240e-08  p
out1                        1.80    0.001    0.080    0.0340   5.236e-08  p
net337                      1.80    0.002    0.319    0.0149   5.213e-08  p
net748                      1.80    0.002    0.549    0.0152   5.213e-08  p
net957                      1.80    0.007    0.123    0.0043   5.151e-08  p
net238                      1.80    0.002    0.719    0.0127   5.090e-08  p
net271                      1.80    0.003    0.401    0.0113   4.789e-08  p
net149                      1.80    0.003    0.401    0.0113   4.781e-08  p
out23                       1.80    0.002    0.749    0.0191   4.655e-08  p
net714                      1.80    0.002    0.758    0.0121   4.647e-08  p
net729                      1.80    0.003    0.015    0.0087   4.444e-08  p
net883                      1.80    0.007    0.994    0.0041   4.433e-08  p
net652                      1.80    0.003    0.017    0.0089   4.428e-08  p
net909                      1.80    0.002    0.401    0.0113   4.414e-08  p
net543                      1.80    0.016    0.428    0.0017   4.373e-08  p
net977                      1.80    0.008    0.955    0.0035   4.342e-08  p
net710                      1.80    0.003    0.294    0.0082   4.270e-08  p
net918                      1.80    0.003    0.015    0.0087   4.099e-08  p
net943                      1.80    0.002    0.851    0.0111   4.012e-08  p
net56                       1.80    0.006    0.994    0.0041   3.956e-08  p
net424                      1.80    0.002    0.101    0.0103   3.787e-08  p
net561                      1.80    0.003    0.933    0.0082   3.768e-08  p
net951                      1.80    0.002    0.984    0.0093   3.592e-08  p
net619                      1.80    0.006    0.994    0.0039   3.573e-08  p
out11                       1.80    0.001    0.024    0.0217   3.379e-08  p
net981                      1.80    0.005    0.006    0.0039   3.073e-08  p
net730                      1.80    0.002    0.984    0.0090   3.011e-08  p
net325                      1.80    0.003    0.034    0.0053   2.607e-08  p
net207                      1.80    0.006    0.990    0.0027   2.458e-08  p
net852                      1.80    0.004    0.994    0.0039   2.429e-08  p
net409                      1.80    0.003    0.065    0.0047   2.389e-08  p
net905                      1.80    0.005    0.007    0.0027   2.183e-08  p
net884                      1.80    0.004    0.012    0.0032   2.065e-08  p
out14                       1.80    0.001    0.619    0.0216   1.962e-08  p
out15                       1.80    0.001    0.954    0.0222   1.797e-08  p
net955                      1.80    0.002    0.009    0.0049   1.640e-08  p
out18                       1.80    0.001    0.957    0.0174   1.465e-08  p
net193                      1.80    0.003    0.012    0.0032   1.423e-08  p
net355                      1.80    0.003    0.007    0.0027   1.139e-08  p
net657                      1.80    0.015    0.998    0.0004   1.109e-08  p
out22                       1.80    0.001    0.005    0.0040   5.689e-09  p
net33                       1.80    0.009    0.001    0.0003   4.741e-09  p
net39                       1.80    0.003    0.999    0.0003   1.496e-09  p
net156                      1.80    0.014    0.000    0.0000      0.0000  p
net163                      1.80    0.005    1.000    0.0000      0.0000  p
net164                      1.80    0.026    0.000    0.0000      0.0000  p
net174                      1.80    0.007    0.000    0.0000      0.0000  p
net196                      1.80    0.007    0.000    0.0000      0.0000  p
net197                      1.80    0.022    1.000    0.0000      0.0000  p
net274                      1.80    0.034    1.000    0.0000      0.0000  p
net451                      1.80    0.012    0.000    0.0000      0.0000  p
net452                      1.80    0.019    1.000    0.0000      0.0000  p
net926                      1.80    0.007    0.000    0.0000      0.0000  p
net960                      1.80    0.006    1.000    0.0000      0.0000  p
--------------------------------------------------------------------------------
Total (1145 nets)                                              2.974e-03 Watt



                                      Int      Switch   Leak      Total
Hierarchy                             Power    Power    Power     Power    %
--------------------------------------------------------------------------------
netlist_0                             3.97e-03 2.97e-03 8.22e-09  6.94e-03 100.0
1
