Information: Derived library resistance unit is 1.000000 Kohm (Time unit is 1 ns, and Capacitance unit is 1.000000 pF). (DES-028)
Warning: Detected semantically incorrect SPEF in coupling section. (PARA-098)
Warning: Coupling capacitor (ANTENNA_input12_A/DIODE ANTENNA_input14_A/DIODE 0) on net in21 is discarded because the value cannot be <= 0 (PARA-040)
Warning: Coupling capacitor (in2:7 in21:5 0) on net in21 is discarded because the value cannot be <= 0 (PARA-040)
Warning: Coupling capacitor (in20:13 in22:9 0) on net in22 is discarded because the value cannot be <= 0 (PARA-040)
Warning: Coupling capacitor (in2:7 in24:7 0) on net in24 is discarded because the value cannot be <= 0 (PARA-040)
Warning: Coupling capacitor (in21:5 in4:7 0) on net in4 is discarded because the value cannot be <= 0 (PARA-040)
Warning: Coupling capacitor (in13:7 out12 0) on net out12 is discarded because the value cannot be <= 0 (PARA-040)
Warning: Coupling capacitor (out10 out14 0) on net out14 is discarded because the value cannot be <= 0 (PARA-040)
Warning: Coupling capacitor (out11 out16 0) on net out16 is discarded because the value cannot be <= 0 (PARA-040)
Warning: Coupling capacitor (in4:7 out17 0) on net out17 is discarded because the value cannot be <= 0 (PARA-040)
Warning: Coupling capacitor (out16 out20 0) on net out20 is discarded because the value cannot be <= 0 (PARA-040)
Warning: Coupling capacitor (out19 out20 0) on net out20 is discarded because the value cannot be <= 0 (PARA-040)
Warning: Coupling capacitor (out0 out22 0) on net out22 is discarded because the value cannot be <= 0 (PARA-040)
Warning: Coupling capacitor (out11 out3 0) on net out3 is discarded because the value cannot be <= 0 (PARA-040)
Warning: Coupling capacitor (out14 out4 0) on net out4 is discarded because the value cannot be <= 0 (PARA-040)
Warning: Coupling capacitor (in16:11 out5 0) on net out5 is discarded because the value cannot be <= 0 (PARA-040)
Warning: Coupling capacitor (out4 out9 0) on net out9 is discarded because the value cannot be <= 0 (PARA-040)
Warning: Coupling capacitor (clk:13 clknet_0_clk:44 0) on net clknet_0_clk is discarded because the value cannot be <= 0 (PARA-040)
Warning: Coupling capacitor (clkbuf_1_1__f_net242/A clkbuf_1_0__f_net356/A 0) on net clknet_0_net356 is discarded because the value cannot be <= 0 (PARA-040)
Warning: Coupling capacitor (clkbuf_1_1__f_net242/A clkbuf_1_1__f_net356/A 0) on net clknet_0_net356 is discarded because the value cannot be <= 0 (PARA-040)
Warning: Coupling capacitor (clknet_1_0__leaf_net165:12 c183/A3 0) on net clknet_1_0__leaf_net166 is discarded because the value cannot be <= 0 (PARA-040)
Warning: Coupling capacitor (clkbuf_1_0__f_net356/A c500/A2 0) on net clknet_1_0__leaf_net242 is discarded because the value cannot be <= 0 (PARA-040)
Warning: Coupling capacitor (clknet_1_0__leaf_net165:10 clknet_1_0__leaf_net251:14 0) on net clknet_1_0__leaf_net251 is discarded because the value cannot be <= 0 (PARA-040)
Warning: Coupling capacitor (clkbuf_1_1__f_net250/A c401/A 0) on net clknet_1_0__leaf_net261 is discarded because the value cannot be <= 0 (PARA-040)
Warning: Coupling capacitor (c296/SCD c304/A0 0) on net clknet_1_0__leaf_net290 is discarded because the value cannot be <= 0 (PARA-040)
Warning: Coupling capacitor (clknet_1_0__leaf_net165:12 c304/A0 0) on net clknet_1_0__leaf_net290 is discarded because the value cannot be <= 0 (PARA-040)
Warning: Coupling capacitor (clknet_1_0__leaf_net165:12 clknet_1_0__leaf_net290:10 0) on net clknet_1_0__leaf_net290 is discarded because the value cannot be <= 0 (PARA-040)
Warning: Coupling capacitor (clkbuf_1_1__f_net158/A c177/A1 0) on net clknet_1_1__leaf_net158 is discarded because the value cannot be <= 0 (PARA-040)
Warning: Coupling capacitor (clkbuf_1_1__f_net158/A c186/S1 0) on net clknet_1_1__leaf_net158 is discarded because the value cannot be <= 0 (PARA-040)
Warning: Coupling capacitor (clknet_1_0__leaf_net165:12 c186/S1 0) on net clknet_1_1__leaf_net158 is discarded because the value cannot be <= 0 (PARA-040)
Warning: Coupling capacitor (c183/A1 c180/B 0) on net clknet_1_1__leaf_net160 is discarded because the value cannot be <= 0 (PARA-040)
Warning: Coupling capacitor (clkbuf_1_1__f_net158/A c180/B 0) on net clknet_1_1__leaf_net160 is discarded because the value cannot be <= 0 (PARA-040)
Warning: Coupling capacitor (clknet_0_clk:76 c204/D 0) on net clknet_1_1__leaf_net171 is discarded because the value cannot be <= 0 (PARA-040)
Warning: Coupling capacitor (clknet_1_1__leaf_net165:25 c526/B 0) on net clknet_1_1__leaf_net252 is discarded because the value cannot be <= 0 (PARA-040)
Warning: Coupling capacitor (clknet_0_clk:44 c311/D 0) on net clknet_1_1__leaf_net294 is discarded because the value cannot be <= 0 (PARA-040)
Warning: Coupling capacitor (clknet_0_clk:44 c326/SET_B 0) on net clknet_1_1__leaf_net294 is discarded because the value cannot be <= 0 (PARA-040)
Warning: Coupling capacitor (clkbuf_1_0__f_net165/A c433/D 0) on net clknet_1_1__leaf_net390 is discarded because the value cannot be <= 0 (PARA-040)
Warning: Coupling capacitor (clkbuf_1_1__f_net165/A c433/D 0) on net clknet_1_1__leaf_net390 is discarded because the value cannot be <= 0 (PARA-040)
Warning: Coupling capacitor (clkbuf_1_1__f_net165/A c418/RESET_B 0) on net clknet_1_1__leaf_net402 is discarded because the value cannot be <= 0 (PARA-040)
Warning: Coupling capacitor (clknet_1_0__leaf_net432:37 c553/B1_N 0) on net clknet_1_1__leaf_net757 is discarded because the value cannot be <= 0 (PARA-040)
Warning: Coupling capacitor (c361/B clknet_2_1__leaf_clk:225 0) on net clknet_2_1__leaf_clk is discarded because the value cannot be <= 0 (PARA-040)
Warning: Coupling capacitor (clkbuf_1_0__f_net250/A clknet_2_2__leaf_clk:104 0) on net clknet_2_2__leaf_clk is discarded because the value cannot be <= 0 (PARA-040)
Warning: Coupling capacitor (clkbuf_1_1__f_net250/A clknet_2_2__leaf_clk:104 0) on net clknet_2_2__leaf_clk is discarded because the value cannot be <= 0 (PARA-040)
Warning: Coupling capacitor (merge742/SCE clknet_leaf_10_clk:14 0) on net clknet_leaf_10_clk is discarded because the value cannot be <= 0 (PARA-040)
Warning: Coupling capacitor (clknet_2_2__leaf_clk:283 c645/CLK 0) on net clknet_leaf_11_clk is discarded because the value cannot be <= 0 (PARA-040)
Warning: Coupling capacitor (clknet_2_2__leaf_clk:283 clknet_leaf_11_clk:10 0) on net clknet_leaf_11_clk is discarded because the value cannot be <= 0 (PARA-040)
Warning: Coupling capacitor (clkbuf_1_0__f_net252/A c541/CLK 0) on net clknet_leaf_12_clk is discarded because the value cannot be <= 0 (PARA-040)
Warning: Coupling capacitor (c262/A c545/CLK 0) on net clknet_leaf_13_clk is discarded because the value cannot be <= 0 (PARA-040)
Warning: Coupling capacitor (clknet_2_3__leaf_clk:77 clknet_leaf_17_clk:14 0) on net clknet_leaf_17_clk is discarded because the value cannot be <= 0 (PARA-040)
Warning: Coupling capacitor (clknet_2_3__leaf_clk:119 clknet_leaf_21_clk:10 0) on net clknet_leaf_21_clk is discarded because the value cannot be <= 0 (PARA-040)
Warning: Coupling capacitor (clknet_2_3__leaf_clk:121 c600/CLK 0) on net clknet_leaf_21_clk is discarded because the value cannot be <= 0 (PARA-040)
Warning: Coupling capacitor (clknet_2_3__leaf_clk:121 clknet_leaf_21_clk:10 0) on net clknet_leaf_21_clk is discarded because the value cannot be <= 0 (PARA-040)
Warning: Coupling capacitor (clknet_2_3__leaf_clk:129 c600/CLK 0) on net clknet_leaf_21_clk is discarded because the value cannot be <= 0 (PARA-040)
Warning: Coupling capacitor (c443/B1_N clknet_leaf_22_clk:23 0) on net clknet_leaf_22_clk is discarded because the value cannot be <= 0 (PARA-040)
Warning: Coupling capacitor (c443/B1_N clknet_leaf_22_clk:25 0) on net clknet_leaf_22_clk is discarded because the value cannot be <= 0 (PARA-040)
Warning: Coupling capacitor (c445/B clknet_leaf_22_clk:25 0) on net clknet_leaf_22_clk is discarded because the value cannot be <= 0 (PARA-040)
Warning: Coupling capacitor (c456/SCD c457/CLK_N 0) on net clknet_leaf_23_clk is discarded because the value cannot be <= 0 (PARA-040)
Warning: Coupling capacitor (clkbuf_1_1__f_net359/A s763/GATE_N 0) on net clknet_leaf_26_clk is discarded because the value cannot be <= 0 (PARA-040)
Warning: Coupling capacitor (clknet_2_1__leaf_clk:225 clknet_leaf_28_clk:51 0) on net clknet_leaf_28_clk is discarded because the value cannot be <= 0 (PARA-040)
Warning: Coupling capacitor (clknet_2_0__leaf_clk:147 merge736/CLK 0) on net clknet_leaf_32_clk is discarded because the value cannot be <= 0 (PARA-040)
Warning: Coupling capacitor (clk:13 c90/CLK 0) on net clknet_leaf_36_clk is discarded because the value cannot be <= 0 (PARA-040)
Warning: Coupling capacitor (clknet_2_2__leaf_clk:173 c396/GATE 0) on net clknet_leaf_6_clk is discarded because the value cannot be <= 0 (PARA-040)
Warning: Coupling capacitor (clknet_2_2__leaf_clk:173 clknet_leaf_6_clk:71 0) on net clknet_leaf_6_clk is discarded because the value cannot be <= 0 (PARA-040)
Warning: Coupling capacitor (clkbuf_1_0__f_net251/A net1:23 0) on net net1 is discarded because the value cannot be <= 0 (PARA-040)
Warning: Coupling capacitor (clkbuf_1_1__f_net251/A net1:27 0) on net net1 is discarded because the value cannot be <= 0 (PARA-040)
Warning: Coupling capacitor (clknet_0_clk:22 net1:23 0) on net net1 is discarded because the value cannot be <= 0 (PARA-040)
Warning: Coupling capacitor (merge735/GATE_N net10:58 0) on net net10 is discarded because the value cannot be <= 0 (PARA-040)
Warning: Coupling capacitor (clknet_leaf_31_clk:63 net10:78 0) on net net10 is discarded because the value cannot be <= 0 (PARA-040)
Warning: Coupling capacitor (c124/B c124/A 0) on net net103 is discarded because the value cannot be <= 0 (PARA-040)
Warning: Coupling capacitor (clknet_2_2__leaf_clk:46 net108:12 0) on net net108 is discarded because the value cannot be <= 0 (PARA-040)
Warning: Coupling capacitor (clknet_2_2__leaf_clk:46 net108:41 0) on net net108 is discarded because the value cannot be <= 0 (PARA-040)
Warning: Coupling capacitor (clknet_2_2__leaf_clk:60 net108:12 0) on net net108 is discarded because the value cannot be <= 0 (PARA-040)
Warning: Coupling capacitor (clknet_leaf_3_clk:12 net108:12 0) on net net108 is discarded because the value cannot be <= 0 (PARA-040)
Warning: Coupling capacitor (clknet_leaf_3_clk:14 net108:12 0) on net net108 is discarded because the value cannot be <= 0 (PARA-040)
Warning: Coupling capacitor (clknet_leaf_3_clk:16 net108:12 0) on net net108 is discarded because the value cannot be <= 0 (PARA-040)
Warning: Coupling capacitor (clknet_leaf_3_clk:75 net108:12 0) on net net108 is discarded because the value cannot be <= 0 (PARA-040)
Warning: Coupling capacitor (clknet_leaf_38_clk:48 net11:12 0) on net net11 is discarded because the value cannot be <= 0 (PARA-040)
Warning: Coupling capacitor (clknet_leaf_38_clk:48 net11:24 0) on net net11 is discarded because the value cannot be <= 0 (PARA-040)
Warning: Coupling capacitor (clk:13 merge746/SCD 0) on net net110 is discarded because the value cannot be <= 0 (PARA-040)
Warning: Coupling capacitor (clk:13 net110:78 0) on net net110 is discarded because the value cannot be <= 0 (PARA-040)
Warning: Coupling capacitor (c138/GATE_N net111:94 0) on net net111 is discarded because the value cannot be <= 0 (PARA-040)
Warning: Coupling capacitor (s758/GATE_N net111:113 0) on net net111 is discarded because the value cannot be <= 0 (PARA-040)
Warning: Coupling capacitor (clknet_leaf_0_clk:105 net111:113 0) on net net111 is discarded because the value cannot be <= 0 (PARA-040)
Warning: Coupling capacitor (clknet_2_2__leaf_clk:179 c138/RESET_B 0) on net net112 is discarded because the value cannot be <= 0 (PARA-040)
Warning: Coupling capacitor (net111:113 net115:37 0) on net net115 is discarded because the value cannot be <= 0 (PARA-040)
Warning: Coupling capacitor (clknet_2_2__leaf_clk:167 net117:16 0) on net net117 is discarded because the value cannot be <= 0 (PARA-040)
Warning: Coupling capacitor (clknet_2_2__leaf_clk:173 net117:16 0) on net net117 is discarded because the value cannot be <= 0 (PARA-040)
Warning: Coupling capacitor (clknet_2_2__leaf_clk:179 net117:16 0) on net net117 is discarded because the value cannot be <= 0 (PARA-040)
Warning: Coupling capacitor (net106:42 net117:16 0) on net net117 is discarded because the value cannot be <= 0 (PARA-040)
Warning: Coupling capacitor (c576/CLK net12:184 0) on net net12 is discarded because the value cannot be <= 0 (PARA-040)
Warning: Coupling capacitor (clknet_leaf_15_clk:60 net12:184 0) on net net12 is discarded because the value cannot be <= 0 (PARA-040)
Warning: Coupling capacitor (clknet_leaf_15_clk:62 net12:184 0) on net net12 is discarded because the value cannot be <= 0 (PARA-040)
Warning: Coupling capacitor (clknet_leaf_15_clk:93 net12:184 0) on net net12 is discarded because the value cannot be <= 0 (PARA-040)
Warning: Coupling capacitor (clknet_leaf_1_clk:29 net12:106 0) on net net12 is discarded because the value cannot be <= 0 (PARA-040)
Warning: Coupling capacitor (c311/D net121:120 0) on net net121 is discarded because the value cannot be <= 0 (PARA-040)
Warning: Coupling capacitor (c311/D net121:126 0) on net net121 is discarded because the value cannot be <= 0 (PARA-040)
Warning: Coupling capacitor (clkbuf_1_1__f_net165/A net121:80 0) on net net121 is discarded because the value cannot be <= 0 (PARA-040)
Warning: Coupling capacitor (clkbuf_1_1__f_net165/A net121:86 0) on net net121 is discarded because the value cannot be <= 0 (PARA-040)
Warning: Coupling capacitor (merge742/SCE net121:63 0) on net net121 is discarded because the value cannot be <= 0 (PARA-040)
Warning: Coupling capacitor (merge742/SCE net121:78 0) on net net121 is discarded because the value cannot be <= 0 (PARA-040)
Warning: Coupling capacitor (clknet_2_2__leaf_clk:155 net121:198 0) on net net121 is discarded because the value cannot be <= 0 (PARA-040)
Note - message 'PARA-040' default limit (100) exceeded.  Remainder will be suppressed.
Warning: Net 'net154' is multi-driven. (DES-023)

****************************************
Report : read_parasitics /nas/ei/home/ge78pav/TM_power/TM_openlane/TM_openlane_single_min/TM_openlane_min_anb/TM_openlane_min_anb_mid/netlist_0/high/spef/netlist_0.nom.spef
Design : netlist_0
Version: Q-2019.12-SP1
Date   : Wed Aug 21 12:41:43 2024
****************************************

        0 error(s)
        Format is SPEF
        Annotated nets                   :         1171
        Annotated capacitances           :         7041
        Annotated resistances            :         5870
        Reduced coupling capacitances    :        10333
        Annotated PI models              :            0
        Annotated Elmore delays          :            0

