Information: Derived library resistance unit is 1.000000 Kohm (Time unit is 1 ns, and Capacitance unit is 1.000000 pF). (DES-028)
Warning: Detected semantically incorrect SPEF in coupling section. (PARA-098)
Warning: Coupling capacitor (in13:7 in19:13 0) on net in19 is discarded because the value cannot be <= 0 (PARA-040)
Warning: Coupling capacitor (in17:13 in21:9 0) on net in21 is discarded because the value cannot be <= 0 (PARA-040)
Warning: Coupling capacitor (in21:9 in25:9 0) on net in25 is discarded because the value cannot be <= 0 (PARA-040)
Warning: Coupling capacitor (in0:13 in3:13 0) on net in3 is discarded because the value cannot be <= 0 (PARA-040)
Warning: Coupling capacitor (input11/A input29/A 0) on net in34 is discarded because the value cannot be <= 0 (PARA-040)
Warning: Coupling capacitor (in18:7 in34:7 0) on net in34 is discarded because the value cannot be <= 0 (PARA-040)
Warning: Coupling capacitor (in27:5 in34:7 0) on net in34 is discarded because the value cannot be <= 0 (PARA-040)
Warning: Coupling capacitor (ANTENNA_input21_A/DIODE ANTENNA_input30_A/DIODE 0) on net in35 is discarded because the value cannot be <= 0 (PARA-040)
Warning: Coupling capacitor (ANTENNA_input23_A/DIODE ANTENNA_input30_A/DIODE 0) on net in35 is discarded because the value cannot be <= 0 (PARA-040)
Warning: Coupling capacitor (in27:5 in35:5 0) on net in35 is discarded because the value cannot be <= 0 (PARA-040)
Warning: Coupling capacitor (in29:5 in35:5 0) on net in35 is discarded because the value cannot be <= 0 (PARA-040)
Warning: Coupling capacitor (in25:9 in4:9 0) on net in4 is discarded because the value cannot be <= 0 (PARA-040)
Warning: Coupling capacitor (input18/A input38/A 0) on net in42 is discarded because the value cannot be <= 0 (PARA-040)
Warning: Coupling capacitor (in29:5 in48:7 0) on net in48 is discarded because the value cannot be <= 0 (PARA-040)
Warning: Coupling capacitor (ANTENNA_input40_A/DIODE ANTENNA_input47_A/DIODE 0) on net in50 is discarded because the value cannot be <= 0 (PARA-040)
Warning: Coupling capacitor (ANTENNA_input40_A/DIODE in50:5 0) on net in50 is discarded because the value cannot be <= 0 (PARA-040)
Warning: Coupling capacitor (in44:5 in50:5 0) on net in50 is discarded because the value cannot be <= 0 (PARA-040)
Warning: Coupling capacitor (input31/A input48/A 0) on net in51 is discarded because the value cannot be <= 0 (PARA-040)
Warning: Coupling capacitor (in36:7 in51:7 0) on net in51 is discarded because the value cannot be <= 0 (PARA-040)
Warning: Coupling capacitor (in46:7 in51:7 0) on net in51 is discarded because the value cannot be <= 0 (PARA-040)
Warning: Coupling capacitor (in50:5 in52:7 0) on net in52 is discarded because the value cannot be <= 0 (PARA-040)
Warning: Coupling capacitor (input31/A ANTENNA_input52_A/DIODE 0) on net in55 is discarded because the value cannot be <= 0 (PARA-040)
Warning: Coupling capacitor (in36:7 in55:7 0) on net in55 is discarded because the value cannot be <= 0 (PARA-040)
Warning: Coupling capacitor (in52:7 in55:7 0) on net in55 is discarded because the value cannot be <= 0 (PARA-040)
Warning: Coupling capacitor (in47:7 in56:7 0) on net in56 is discarded because the value cannot be <= 0 (PARA-040)
Warning: Coupling capacitor (in58:9 in59:5 0) on net in59 is discarded because the value cannot be <= 0 (PARA-040)
Warning: Coupling capacitor (ANTENNA_input25_A/DIODE in6:5 0) on net in6 is discarded because the value cannot be <= 0 (PARA-040)
Warning: Coupling capacitor (in30:5 in6:5 0) on net in6 is discarded because the value cannot be <= 0 (PARA-040)
Warning: Coupling capacitor (ANTENNA_input40_A/DIODE ANTENNA_input58_A/DIODE 0) on net in60 is discarded because the value cannot be <= 0 (PARA-040)
Warning: Coupling capacitor (ANTENNA_input40_A/DIODE in60:7 0) on net in60 is discarded because the value cannot be <= 0 (PARA-040)
Warning: Coupling capacitor (in44:5 in60:7 0) on net in60 is discarded because the value cannot be <= 0 (PARA-040)
Warning: Coupling capacitor (in48:7 in60:7 0) on net in60 is discarded because the value cannot be <= 0 (PARA-040)
Warning: Coupling capacitor (input43/A input61/A 0) on net in63 is discarded because the value cannot be <= 0 (PARA-040)
Warning: Coupling capacitor (in47:7 in63:7 0) on net in63 is discarded because the value cannot be <= 0 (PARA-040)
Warning: Coupling capacitor (in59:5 in64:5 0) on net in64 is discarded because the value cannot be <= 0 (PARA-040)
Warning: Coupling capacitor (input62/A in65:9 0) on net in65 is discarded because the value cannot be <= 0 (PARA-040)
Warning: Coupling capacitor (in64:5 in65:9 0) on net in65 is discarded because the value cannot be <= 0 (PARA-040)
Warning: Coupling capacitor (in65:9 in68:9 0) on net in68 is discarded because the value cannot be <= 0 (PARA-040)
Warning: Coupling capacitor (in54:9 in69:5 0) on net in69 is discarded because the value cannot be <= 0 (PARA-040)
Warning: Coupling capacitor (in66:9 ANTENNA_input69_A/DIODE 0) on net in70 is discarded because the value cannot be <= 0 (PARA-040)
Warning: Coupling capacitor (in66:9 in70:5 0) on net in70 is discarded because the value cannot be <= 0 (PARA-040)
Warning: Coupling capacitor (in68:9 in71:9 0) on net in71 is discarded because the value cannot be <= 0 (PARA-040)
Warning: Coupling capacitor (in70:5 in72:9 0) on net in72 is discarded because the value cannot be <= 0 (PARA-040)
Warning: Coupling capacitor (in6:5 in75:9 0) on net in75 is discarded because the value cannot be <= 0 (PARA-040)
Warning: Coupling capacitor (in61:7 in76:9 0) on net in76 is discarded because the value cannot be <= 0 (PARA-040)
Warning: Coupling capacitor (in71:9 in77:9 0) on net in77 is discarded because the value cannot be <= 0 (PARA-040)
Warning: Coupling capacitor (in49:5 in79:7 0) on net in79 is discarded because the value cannot be <= 0 (PARA-040)
Warning: Coupling capacitor (input5/A input79/A 0) on net in8 is discarded because the value cannot be <= 0 (PARA-040)
Warning: Coupling capacitor (in12:7 in8:7 0) on net in8 is discarded because the value cannot be <= 0 (PARA-040)
Warning: Coupling capacitor (input77/A input81/A 0) on net in81 is discarded because the value cannot be <= 0 (PARA-040)
Warning: Coupling capacitor (in23:7 in81:7 0) on net in81 is discarded because the value cannot be <= 0 (PARA-040)
Warning: Coupling capacitor (in78:7 in81:7 0) on net in81 is discarded because the value cannot be <= 0 (PARA-040)
Warning: Coupling capacitor (in57:9 in83:5 0) on net in83 is discarded because the value cannot be <= 0 (PARA-040)
Warning: Coupling capacitor (in69:5 in83:5 0) on net in83 is discarded because the value cannot be <= 0 (PARA-040)
Warning: Coupling capacitor (in67:7 in84:9 0) on net in84 is discarded because the value cannot be <= 0 (PARA-040)
Warning: Coupling capacitor (input77/A input86/A 0) on net in86 is discarded because the value cannot be <= 0 (PARA-040)
Warning: Coupling capacitor (in77:9 in86:7 0) on net in86 is discarded because the value cannot be <= 0 (PARA-040)
Warning: Coupling capacitor (in78:7 in86:7 0) on net in86 is discarded because the value cannot be <= 0 (PARA-040)
Warning: Coupling capacitor (in85:9 in88:9 0) on net in88 is discarded because the value cannot be <= 0 (PARA-040)
Warning: Coupling capacitor (in87:9 in88:9 0) on net in88 is discarded because the value cannot be <= 0 (PARA-040)
Warning: Coupling capacitor (input59/A input89/A 0) on net in89 is discarded because the value cannot be <= 0 (PARA-040)
Warning: Coupling capacitor (in61:7 in89:7 0) on net in89 is discarded because the value cannot be <= 0 (PARA-040)
Warning: Coupling capacitor (input78/A input96/A 0) on net in95 is discarded because the value cannot be <= 0 (PARA-040)
Warning: Coupling capacitor (in79:7 in95:7 0) on net in95 is discarded because the value cannot be <= 0 (PARA-040)
Warning: Coupling capacitor (input91/A input98/A 0) on net in97 is discarded because the value cannot be <= 0 (PARA-040)
Warning: Coupling capacitor (in67:7 in97:7 0) on net in97 is discarded because the value cannot be <= 0 (PARA-040)
Warning: Coupling capacitor (in90:7 in97:7 0) on net in97 is discarded because the value cannot be <= 0 (PARA-040)
Warning: Coupling capacitor (out10 out13 0) on net out13 is discarded because the value cannot be <= 0 (PARA-040)
Warning: Coupling capacitor (in30:5 out13 0) on net out13 is discarded because the value cannot be <= 0 (PARA-040)
Warning: Coupling capacitor (out10 out14 0) on net out14 is discarded because the value cannot be <= 0 (PARA-040)
Warning: Coupling capacitor (in4:9 out14 0) on net out14 is discarded because the value cannot be <= 0 (PARA-040)
Warning: Coupling capacitor (in7:13 out15 0) on net out15 is discarded because the value cannot be <= 0 (PARA-040)
Warning: Coupling capacitor (in42:7 out2 0) on net out2 is discarded because the value cannot be <= 0 (PARA-040)
Warning: Coupling capacitor (in45:7 out23 0) on net out23 is discarded because the value cannot be <= 0 (PARA-040)
Warning: Coupling capacitor (in24:9 out25 0) on net out25 is discarded because the value cannot be <= 0 (PARA-040)
Warning: Coupling capacitor (out19 out29 0) on net out29 is discarded because the value cannot be <= 0 (PARA-040)
Warning: Coupling capacitor (in75:9 out32 0) on net out32 is discarded because the value cannot be <= 0 (PARA-040)
Warning: Coupling capacitor (in33:7 out34 0) on net out34 is discarded because the value cannot be <= 0 (PARA-040)
Warning: Coupling capacitor (in32:7 out35 0) on net out35 is discarded because the value cannot be <= 0 (PARA-040)
Warning: Coupling capacitor (in45:7 out35 0) on net out35 is discarded because the value cannot be <= 0 (PARA-040)
Warning: Coupling capacitor (out27 out38 0) on net out38 is discarded because the value cannot be <= 0 (PARA-040)
Warning: Coupling capacitor (in23:7 out42 0) on net out42 is discarded because the value cannot be <= 0 (PARA-040)
Warning: Coupling capacitor (in66:9 out42 0) on net out42 is discarded because the value cannot be <= 0 (PARA-040)
Warning: Coupling capacitor (in46:7 out49 0) on net out49 is discarded because the value cannot be <= 0 (PARA-040)
Warning: Coupling capacitor (in63:7 out49 0) on net out49 is discarded because the value cannot be <= 0 (PARA-040)
Warning: Coupling capacitor (in72:9 out57 0) on net out57 is discarded because the value cannot be <= 0 (PARA-040)
Warning: Coupling capacitor (in87:9 out57 0) on net out57 is discarded because the value cannot be <= 0 (PARA-040)
Warning: Coupling capacitor (in56:7 out62 0) on net out62 is discarded because the value cannot be <= 0 (PARA-040)
Warning: Coupling capacitor (in58:9 out62 0) on net out62 is discarded because the value cannot be <= 0 (PARA-040)
Warning: Coupling capacitor (out59 out63 0) on net out63 is discarded because the value cannot be <= 0 (PARA-040)
Warning: Coupling capacitor (in18:7 out64 0) on net out64 is discarded because the value cannot be <= 0 (PARA-040)
Warning: Coupling capacitor (in28:7 out64 0) on net out64 is discarded because the value cannot be <= 0 (PARA-040)
Warning: Coupling capacitor (in95:7 out66 0) on net out66 is discarded because the value cannot be <= 0 (PARA-040)
Warning: Coupling capacitor (in73:9 out68 0) on net out68 is discarded because the value cannot be <= 0 (PARA-040)
Warning: Coupling capacitor (in76:9 out68 0) on net out68 is discarded because the value cannot be <= 0 (PARA-040)
Warning: Coupling capacitor (in85:9 out69 0) on net out69 is discarded because the value cannot be <= 0 (PARA-040)
Warning: Coupling capacitor (out45 out8 0) on net out8 is discarded because the value cannot be <= 0 (PARA-040)
Warning: Coupling capacitor (out66 out81 0) on net out81 is discarded because the value cannot be <= 0 (PARA-040)
Warning: Coupling capacitor (in89:7 out81 0) on net out81 is discarded because the value cannot be <= 0 (PARA-040)
Warning: Coupling capacitor (in31:13 out82 0) on net out82 is discarded because the value cannot be <= 0 (PARA-040)
Note - message 'PARA-040' default limit (100) exceeded.  Remainder will be suppressed.
Warning: Net 'net302' is multi-driven. (DES-023)
Warning: Net 'net322' is multi-driven. (DES-023)
Warning: Net 'net483' is multi-driven. (DES-023)
Warning: Net 'net651' is multi-driven. (DES-023)
Warning: Net 'net66' is multi-driven. (DES-023)
Warning: Net 'net87' is multi-driven. (DES-023)

****************************************
Report : read_parasitics /nas/ei/home/ge78pav/TM_power/TM_openlane/TM_openlane_single_max/TM_openlane_max_ato/TM_openlane_max_ato_min/netlist_0/low/spef/netlist_0.nom.spef
Design : netlist_0
Version: Q-2019.12-SP1
Date   : Mon Aug 19 17:34:47 2024
****************************************

        0 error(s)
        Format is SPEF
        Annotated nets                   :         1797
        Annotated capacitances           :        16252
        Annotated resistances            :        14455
        Reduced coupling capacitances    :        34876
        Annotated PI models              :            0
        Annotated Elmore delays          :            0

