****************************************
Report : Averaged Power
	-net_power
	-hierarchy
	-sort_by net_switching_power
	-power_greater_than       0
	-nosplit
Design : netlist_0
Version: Q-2019.12-SP1
Date   : Mon Aug 19 20:14:03 2024
****************************************



  Attributes
  ----------
      a  -  Switching activity information / Switching power information annotated on net
      p  -  Propagated switching activity information on net
      d  -  Default switching activity used on net
      u  -  Net switching activity uninitialized
      m  -  Net is driven by multiple pins
      b  -  Net is a primary input (boundary net)

		Toggle rates reported with respect to time unit 1ns
--------------------------------------------------------------------------------
                                  Total      Static   Toggle   Switching
Net                         Vdd   Net Load   Prob.    Rate     Power      Attrs
--------------------------------------------------------------------------------
net961                      1.80    0.121    0.529    0.2628   5.155e-05  p
net247                      1.80    0.113    0.384    0.2688   4.932e-05  p
net988                      1.80    0.108    0.225    0.2649   4.649e-05  p
net969                      1.80    0.121    0.644    0.2372   4.641e-05  p
net929                      1.80    0.099    0.488    0.2509   4.024e-05  p
net324                      1.80    0.099    0.453    0.2492   3.991e-05  p
net891                      1.80    0.092    0.580    0.2639   3.942e-05  p
net142                      1.80    0.058    0.560    0.4014   3.800e-05  p
net933                      1.80    0.092    0.452    0.2519   3.765e-05  p
net943                      1.80    0.090    0.453    0.2561   3.736e-05  p
net0                        1.80    0.124    0.499    0.1849   3.719e-05  p
net236                      1.80    0.096    0.720    0.2336   3.622e-05  p
clknet_0_clk                1.80    0.221    0.500    0.1000   3.582e-05  a
net264                      1.80    0.061    0.573    0.3458   3.399e-05  p
net950                      1.80    0.086    0.603    0.2448   3.392e-05  p
net884                      1.80    0.064    0.611    0.3213   3.338e-05  p
net939                      1.80    0.102    0.287    0.1994   3.309e-05  p
net957                      1.80    0.070    0.626    0.2899   3.297e-05  p
net948                      1.80    0.083    0.483    0.2450   3.282e-05  p
net82                       1.80    0.084    0.644    0.2372   3.225e-05  p
net959                      1.80    0.068    0.626    0.2899   3.211e-05  p
net270                      1.80    0.079    0.615    0.2473   3.178e-05  p
net1037                     1.80    0.061    0.611    0.3213   3.159e-05  p
net15                       1.80    0.069    0.505    0.2791   3.128e-05  p
net947                      1.80    0.088    0.608    0.2186   3.124e-05  p
net209                      1.80    0.096    0.291    0.2005   3.119e-05  p
net958                      1.80    0.066    0.626    0.2899   3.115e-05  p
net107                      1.80    0.069    0.562    0.2760   3.098e-05  p
net890                      1.80    0.085    0.737    0.2228   3.063e-05  p
net327                      1.80    0.076    0.490    0.2470   3.046e-05  p
net140                      1.80    0.057    0.565    0.3227   2.965e-05  p
net960                      1.80    0.138    0.545    0.1319   2.943e-05  p
net116                      1.80    0.084    0.641    0.2150   2.934e-05  p
net919                      1.80    0.070    0.453    0.2561   2.917e-05  p
net126                      1.80    0.076    0.695    0.2350   2.899e-05  p
net88                       1.80    0.068    0.529    0.2628   2.897e-05  p
net936                      1.80    0.098    0.568    0.1811   2.867e-05  p
net946                      1.80    0.080    0.608    0.2186   2.844e-05  p
net883                      1.80    0.063    0.396    0.2787   2.842e-05  p
net968                      1.80    0.108    0.500    0.1614   2.837e-05  p
net966                      1.80    0.099    0.727    0.1768   2.823e-05  p
net983                      1.80    0.116    0.537    0.1495   2.819e-05  p
net944                      1.80    0.119    0.831    0.1430   2.760e-05  p
net269                      1.80    0.060    0.560    0.2811   2.752e-05  p
net979                      1.80    0.106    0.556    0.1600   2.752e-05  p
net321                      1.80    0.070    0.534    0.2427   2.744e-05  p
net978                      1.80    0.106    0.556    0.1600   2.737e-05  p
net889                      1.80    0.127    0.540    0.1326   2.719e-05  p
net392                      1.80    0.058    0.538    0.2901   2.704e-05  p
net313                      1.80    0.070    0.521    0.2380   2.697e-05  p
net697                      1.80    0.062    0.225    0.2649   2.675e-05  p
net68                       1.80    0.128    0.571    0.1274   2.643e-05  p
net1012                     1.80    0.160    0.500    0.1000   2.599e-05  a
net437                      1.80    0.073    0.644    0.2169   2.575e-05  p
net8                        1.80    0.080    0.509    0.1930   2.504e-05  p
net989                      1.80    0.109    0.135    0.1414   2.502e-05  p
net1072                     1.80    0.048    0.611    0.3213   2.495e-05  p
net1023                     1.80    0.152    0.500    0.1000   2.467e-05  a
net956                      1.80    0.053    0.505    0.2820   2.427e-05  p
net993                      1.80    0.124    0.624    0.1207   2.423e-05  p
net931                      1.80    0.112    0.551    0.1340   2.421e-05  p
net1006                     1.80    0.149    0.500    0.1000   2.406e-05  a
net271                      1.80    0.064    0.548    0.2298   2.380e-05  p
net974                      1.80    0.114    0.586    0.1275   2.364e-05  p
net963                      1.80    0.082    0.727    0.1768   2.353e-05  p
net844                      1.80    0.144    0.500    0.1000   2.332e-05  a
net955                      1.80    0.051    0.505    0.2820   2.313e-05  p
net6                        1.80    0.074    0.500    0.1917   2.305e-05  p
net539                      1.80    0.055    0.541    0.2579   2.289e-05  p
net207                      1.80    0.084    0.758    0.1674   2.288e-05  p
net205                      1.80    0.083    0.473    0.1682   2.273e-05  p
net103                      1.80    0.074    0.689    0.1898   2.269e-05  p
net880                      1.80    0.103    0.540    0.1360   2.268e-05  p
net214                      1.80    0.055    0.662    0.2554   2.258e-05  p
net951                      1.80    0.051    0.524    0.2752   2.258e-05  p
net16                       1.80    0.079    0.660    0.1764   2.252e-05  p
net1019                     1.80    0.139    0.500    0.1000   2.249e-05  a
net213                      1.80    0.080    0.585    0.1731   2.232e-05  p
net87                       1.80    0.049    0.578    0.2814   2.229e-05  p
net949                      1.80    0.102    0.548    0.1352   2.228e-05  p
net217                      1.80    0.080    0.633    0.1705   2.221e-05  p
net197                      1.80    0.080    0.606    0.1710   2.214e-05  p
net982                      1.80    0.113    0.529    0.1208   2.214e-05  p
net219                      1.80    0.074    0.730    0.1836   2.207e-05  p
net1014                     1.80    0.134    0.500    0.1000   2.174e-05  a
net954                      1.80    0.076    0.659    0.1765   2.172e-05  p
net25                       1.80    0.051    0.637    0.2621   2.171e-05  p
net79                       1.80    0.071    0.632    0.1872   2.168e-05  p
net965                      1.80    0.075    0.727    0.1768   2.161e-05  p
net227                      1.80    0.051    0.554    0.2621   2.150e-05  p
net962                      1.80    0.100    0.584    0.1301   2.117e-05  p
net952                      1.80    0.079    0.655    0.1641   2.113e-05  p
net81                       1.80    0.079    0.598    0.1631   2.092e-05  p
net1013                     1.80    0.129    0.500    0.1000   2.085e-05  a
net109                      1.80    0.064    0.625    0.2006   2.081e-05  p
net935                      1.80    0.102    0.543    0.1261   2.078e-05  p
net1018                     1.80    0.128    0.500    0.1000   2.077e-05  a
net1021                     1.80    0.128    0.500    0.1000   2.076e-05  a
net997                      1.80    0.128    0.500    0.1000   2.067e-05  a
net74                       1.80    0.100    0.401    0.1259   2.047e-05  p
net984                      1.80    0.103    0.431    0.1216   2.034e-05  p
net583                      1.80    0.046    0.510    0.2744   2.024e-05  p
net248                      1.80    0.096    0.208    0.1289   2.013e-05  p
net867                      1.80    0.124    0.500    0.1000   2.008e-05  a
net906                      1.80    0.048    0.452    0.2519   1.971e-05  p
net1004                     1.80    0.121    0.500    0.1000   1.961e-05  a
net309                      1.80    0.041    0.630    0.2977   1.956e-05  p
net1003                     1.80    0.121    0.500    0.1000   1.954e-05  a
net981                      1.80    0.099    0.529    0.1208   1.941e-05  p
net834                      1.80    0.120    0.500    0.1000   1.940e-05  a
net806                      1.80    0.080    0.405    0.1489   1.938e-05  p
net786                      1.80    0.078    0.476    0.1526   1.928e-05  p
net1038                     1.80    0.065    0.502    0.1835   1.926e-05  p
net86                       1.80    0.066    0.577    0.1794   1.924e-05  p
net831                      1.80    0.119    0.500    0.1000   1.923e-05  a
net941                      1.80    0.094    0.576    0.1257   1.921e-05  p
net338                      1.80    0.080    0.605    0.1474   1.912e-05  p
net191                      1.80    0.088    0.649    0.1325   1.898e-05  p
net134                      1.80    0.063    0.635    0.1861   1.888e-05  p
net964                      1.80    0.065    0.727    0.1768   1.868e-05  p
net923                      1.80    0.036    0.580    0.3170   1.843e-05  p
net10                       1.80    0.059    0.498    0.1907   1.835e-05  p
net2                        1.80    0.060    0.494    0.1885   1.829e-05  p
net972                      1.80    0.074    0.577    0.1515   1.812e-05  p
net326                      1.80    0.056    0.336    0.2004   1.808e-05  p
net934                      1.80    0.064    0.283    0.1755   1.807e-05  p
net856                      1.80    0.111    0.500    0.1000   1.802e-05  a
net994                      1.80    0.111    0.500    0.1000   1.800e-05  a
net24                       1.80    0.038    0.577    0.2932   1.791e-05  p
net418                      1.80    0.031    0.535    0.3519   1.790e-05  p
net125                      1.80    0.058    0.696    0.1889   1.784e-05  p
net113                      1.80    0.076    0.629    0.1440   1.772e-05  p
net333                      1.80    0.043    0.541    0.2525   1.763e-05  p
net98                       1.80    0.073    0.594    0.1488   1.758e-05  p
net20                       1.80    0.038    0.585    0.2846   1.753e-05  p
net106                      1.80    0.041    0.617    0.2638   1.737e-05  p
net314                      1.80    0.056    0.615    0.1912   1.736e-05  p
net1016                     1.80    0.107    0.500    0.1000   1.730e-05  a
net738                      1.80    0.052    0.143    0.2055   1.728e-05  p
net427                      1.80    0.076    0.742    0.1410   1.728e-05  p
net121                      1.80    0.052    0.683    0.2050   1.725e-05  p
net193                      1.80    0.067    0.557    0.1597   1.723e-05  p
net30                       1.80    0.064    0.618    0.1661   1.720e-05  p
net329                      1.80    0.046    0.730    0.2313   1.716e-05  p
net907                      1.80    0.081    0.625    0.1314   1.715e-05  p
net1                        1.80    0.050    0.500    0.2109   1.709e-05  p
net200                      1.80    0.058    0.612    0.1818   1.708e-05  p
net937                      1.80    0.041    0.595    0.2572   1.704e-05  p
net842                      1.80    0.105    0.500    0.1000   1.704e-05  a
net127                      1.80    0.039    0.619    0.2722   1.702e-05  p
net1002                     1.80    0.105    0.500    0.1000   1.701e-05  a
net31                       1.80    0.075    0.632    0.1401   1.700e-05  p
net442                      1.80    0.057    0.818    0.1822   1.695e-05  p
net206                      1.80    0.053    0.705    0.1985   1.694e-05  p
net1024                     1.80    0.105    0.500    0.1000   1.693e-05  a
net830                      1.80    0.104    0.500    0.1000   1.692e-05  a
net841                      1.80    0.104    0.500    0.1000   1.681e-05  a
net837                      1.80    0.104    0.500    0.1000   1.680e-05  a
net246                      1.80    0.067    0.342    0.1539   1.671e-05  p
net223                      1.80    0.039    0.615    0.2620   1.667e-05  p
net9                        1.80    0.047    0.655    0.2195   1.655e-05  p
net129                      1.80    0.085    0.615    0.1195   1.654e-05  p
net198                      1.80    0.063    0.613    0.1611   1.649e-05  p
net863                      1.80    0.101    0.500    0.1000   1.644e-05  a
net932                      1.80    0.102    0.731    0.0997   1.641e-05  p
net942                      1.80    0.080    0.576    0.1257   1.636e-05  p
net1000                     1.80    0.101    0.500    0.1000   1.633e-05  a
net1015                     1.80    0.100    0.500    0.1000   1.620e-05  a
net242                      1.80    0.065    0.600    0.1527   1.617e-05  p
net19                       1.80    0.038    0.455    0.2597   1.616e-05  p
net138                      1.80    0.038    0.580    0.2639   1.606e-05  p
net360                      1.80    0.036    0.595    0.2772   1.605e-05  p
net843                      1.80    0.099    0.500    0.1000   1.603e-05  a
net222                      1.80    0.075    0.671    0.1326   1.602e-05  p
net953                      1.80    0.060    0.655    0.1641   1.602e-05  p
net735                      1.80    0.048    0.130    0.2057   1.599e-05  p
net78                       1.80    0.052    0.502    0.1877   1.594e-05  p
net463                      1.80    0.034    0.504    0.2860   1.594e-05  p
net940                      1.80    0.049    0.287    0.1994   1.583e-05  p
net990                      1.80    0.053    0.502    0.1835   1.580e-05  p
net190                      1.80    0.058    0.584    0.1695   1.580e-05  p
net96                       1.80    0.059    0.677    0.1659   1.580e-05  p
net865                      1.80    0.097    0.500    0.1000   1.567e-05  a
net1025                     1.80    0.097    0.500    0.1000   1.567e-05  a
net915                      1.80    0.070    0.555    0.1371   1.565e-05  p
net192                      1.80    0.077    0.676    0.1257   1.564e-05  p
net945                      1.80    0.044    0.608    0.2186   1.563e-05  p
net80                       1.80    0.072    0.691    0.1346   1.562e-05  p
net37                       1.80    0.066    0.628    0.1463   1.561e-05  p
net827                      1.80    0.096    0.500    0.1000   1.560e-05  a
net828                      1.80    0.096    0.500    0.1000   1.557e-05  a
net85                       1.80    0.049    0.506    0.1970   1.548e-05  p
net980                      1.80    0.075    0.656    0.1275   1.543e-05  p
net857                      1.80    0.095    0.500    0.1000   1.542e-05  a
net877                      1.80    0.095    0.500    0.1000   1.542e-05  a
net761                      1.80    0.065    0.502    0.1459   1.533e-05  p
net211                      1.80    0.073    0.584    0.1301   1.532e-05  p
net1005                     1.80    0.094    0.500    0.1000   1.530e-05  a
net1022                     1.80    0.094    0.500    0.1000   1.525e-05  a
net458                      1.80    0.095    0.732    0.0988   1.525e-05  p
net212                      1.80    0.065    0.831    0.1430   1.515e-05  p
net909                      1.80    0.069    0.551    0.1340   1.498e-05  p
net284                      1.80    0.035    0.628    0.2666   1.498e-05  p
net991                      1.80    0.076    0.631    0.1210   1.492e-05  p
net846                      1.80    0.092    0.500    0.1000   1.489e-05  a
net60                       1.80    0.043    0.596    0.2128   1.488e-05  p
net262                      1.80    0.032    0.731    0.2864   1.486e-05  p
net429                      1.80    0.044    0.593    0.2094   1.486e-05  p
net224                      1.80    0.036    0.638    0.2510   1.484e-05  p
net922                      1.80    0.050    0.502    0.1835   1.472e-05  p
net123                      1.80    0.053    0.718    0.1718   1.468e-05  p
net1075                     1.80    0.032    0.585    0.2846   1.468e-05  p
net852                      1.80    0.091    0.500    0.1000   1.466e-05  a
net996                      1.80    0.090    0.500    0.1000   1.466e-05  a
net446                      1.80    0.034    0.239    0.2629   1.465e-05  p
net824                      1.80    0.090    0.500    0.1000   1.460e-05  a
net898                      1.80    0.052    0.573    0.1739   1.456e-05  p
net220                      1.80    0.037    0.603    0.2448   1.456e-05  p
net998                      1.80    0.089    0.500    0.1000   1.446e-05  a
net554                      1.80    0.043    0.647    0.2052   1.444e-05  p
net91                       1.80    0.067    0.583    0.1331   1.443e-05  p
net1001                     1.80    0.089    0.500    0.1000   1.442e-05  a
net986                      1.80    0.092    0.730    0.0969   1.440e-05  p
net225                      1.80    0.045    0.775    0.1969   1.439e-05  p
clknet_0_net177             1.80    0.022    0.623    0.4048   1.437e-05  p
net100                      1.80    0.053    0.634    0.1676   1.436e-05  p
net216                      1.80    0.036    0.580    0.2476   1.433e-05  p
net117                      1.80    0.034    0.644    0.2561   1.429e-05  p
net1009                     1.80    0.088    0.500    0.1000   1.428e-05  a
net44                       1.80    0.031    0.514    0.2835   1.420e-05  p
net835                      1.80    0.087    0.500    0.1000   1.413e-05  a
net894                      1.80    0.049    0.659    0.1765   1.405e-05  p
net1028                     1.80    0.033    0.455    0.2597   1.402e-05  p
net858                      1.80    0.087    0.500    0.1000   1.402e-05  a
net992                      1.80    0.071    0.631    0.1210   1.400e-05  p
net73                       1.80    0.058    0.537    0.1495   1.399e-05  p
net587                      1.80    0.028    0.567    0.3092   1.394e-05  p
net120                      1.80    0.036    0.533    0.2380   1.390e-05  p
net845                      1.80    0.086    0.500    0.1000   1.385e-05  a
net316                      1.80    0.030    0.527    0.2824   1.385e-05  p
net315                      1.80    0.052    0.769    0.1646   1.376e-05  p
net84                       1.80    0.041    0.545    0.2067   1.374e-05  p
net913                      1.80    0.044    0.722    0.1918   1.374e-05  p
net110                      1.80    0.065    0.551    0.1306   1.374e-05  p
net868                      1.80    0.085    0.500    0.1000   1.373e-05  a
net105                      1.80    0.047    0.568    0.1811   1.368e-05  p
net210                      1.80    0.034    0.483    0.2450   1.367e-05  p
net926                      1.80    0.056    0.698    0.1512   1.363e-05  p
net35                       1.80    0.047    0.540    0.1786   1.353e-05  p
net971                      1.80    0.055    0.577    0.1515   1.342e-05  p
net26                       1.80    0.082    0.508    0.1008   1.339e-05  p
net995                      1.80    0.082    0.500    0.1000   1.334e-05  a
net1007                     1.80    0.082    0.500    0.1000   1.332e-05  a
net342                      1.80    0.046    0.751    0.1784   1.332e-05  p
net317                      1.80    0.051    0.500    0.1614   1.332e-05  p
net871                      1.80    0.082    0.500    0.1000   1.326e-05  a
net538                      1.80    0.046    0.735    0.1760   1.325e-05  p
net325                      1.80    0.031    0.594    0.2648   1.317e-05  p
net917                      1.80    0.041    0.737    0.1992   1.314e-05  p
net330                      1.80    0.034    0.741    0.2392   1.311e-05  p
net464                      1.80    0.040    0.528    0.2015   1.310e-05  p
net1074                     1.80    0.037    0.655    0.2195   1.306e-05  p
net872                      1.80    0.081    0.500    0.1000   1.306e-05  a
net345                      1.80    0.059    0.197    0.1356   1.296e-05  p
net104                      1.80    0.058    0.575    0.1375   1.294e-05  p
clknet_4_10_0_clk           1.80    0.080    0.500    0.1000   1.289e-05  a
net849                      1.80    0.079    0.500    0.1000   1.287e-05  a
net208                      1.80    0.032    0.472    0.2465   1.285e-05  p
net122                      1.80    0.063    0.543    0.1261   1.284e-05  p
net346                      1.80    0.058    0.288    0.1358   1.273e-05  p
net875                      1.80    0.078    0.500    0.1000   1.264e-05  a
net861                      1.80    0.078    0.500    0.1000   1.263e-05  a
net318                      1.80    0.033    0.473    0.2321   1.255e-05  p
net319                      1.80    0.039    0.287    0.1994   1.248e-05  p
net767                      1.80    0.073    0.767    0.1053   1.241e-05  p
net881                      1.80    0.058    0.545    0.1319   1.234e-05  p
net987                      1.80    0.048    0.540    0.1569   1.222e-05  p
net97                       1.80    0.040    0.609    0.1879   1.217e-05  p
net802                      1.80    0.055    0.504    0.1359   1.215e-05  p
net364                      1.80    0.029    0.628    0.2582   1.215e-05  p
net194                      1.80    0.043    0.587    0.1756   1.213e-05  p
net347                      1.80    0.055    0.710    0.1363   1.205e-05  p
net703                      1.80    0.074    0.500    0.1000   1.204e-05  a
net549                      1.80    0.049    0.395    0.1501   1.201e-05  p
net95                       1.80    0.040    0.582    0.1837   1.199e-05  p
net261                      1.80    0.024    0.603    0.3133   1.194e-05  p
net1076                     1.80    0.040    0.502    0.1835   1.188e-05  p
net196                      1.80    0.055    0.723    0.1309   1.164e-05  p
net179                      1.80    0.027    0.571    0.2659   1.164e-05  p
net101                      1.80    0.053    0.548    0.1352   1.161e-05  p
net218                      1.80    0.040    0.618    0.1785   1.160e-05  p
net1010                     1.80    0.071    0.500    0.1000   1.157e-05  a
net732                      1.80    0.032    0.317    0.2232   1.146e-05  p
net149                      1.80    0.041    0.426    0.1739   1.144e-05  p
net72                       1.80    0.058    0.431    0.1216   1.143e-05  p
net339                      1.80    0.037    0.616    0.1912   1.141e-05  p
net139                      1.80    0.065    0.405    0.1088   1.138e-05  p
clknet_4_13_0_clk           1.80    0.070    0.500    0.1000   1.138e-05  a
net873                      1.80    0.070    0.500    0.1000   1.137e-05  a
net21                       1.80    0.030    0.524    0.2352   1.131e-05  p
clknet_0_net910             1.80    0.024    0.518    0.2926   1.131e-05  p
net850                      1.80    0.070    0.500    0.1000   1.128e-05  a
net1044                     1.80    0.046    0.577    0.1515   1.126e-05  p
clknet_0_net902             1.80    0.020    0.514    0.3540   1.125e-05  p
net973                      1.80    0.046    0.577    0.1515   1.122e-05  p
net854                      1.80    0.069    0.500    0.1000   1.119e-05  a
net343                      1.80    0.047    0.624    0.1464   1.118e-05  p
net976                      1.80    0.043    0.556    0.1600   1.118e-05  p
net560                      1.80    0.033    0.429    0.2113   1.116e-05  p
net76                       1.80    0.058    0.540    0.1180   1.110e-05  p
net823                      1.80    0.069    0.500    0.1000   1.110e-05  a
net888                      1.80    0.063    0.594    0.1088   1.109e-05  p
net267                      1.80    0.064    0.085    0.1059   1.104e-05  p
clknet_0_net502             1.80    0.020    0.603    0.3363   1.099e-05  p
clknet_4_8_0_clk            1.80    0.068    0.500    0.1000   1.097e-05  a
net130                      1.80    0.036    0.561    0.1890   1.093e-05  p
net938                      1.80    0.026    0.595    0.2572   1.084e-05  p
net784                      1.80    0.040    0.552    0.1673   1.077e-05  p
net1008                     1.80    0.066    0.500    0.1000   1.076e-05  a
net882                      1.80    0.042    0.488    0.1597   1.075e-05  p
net762                      1.80    0.040    0.536    0.1645   1.071e-05  p
net22                       1.80    0.024    0.524    0.2752   1.069e-05  p
net821                      1.80    0.066    0.500    0.1000   1.069e-05  a
net833                      1.80    0.066    0.500    0.1000   1.068e-05  a
net838                      1.80    0.066    0.500    0.1000   1.068e-05  a
net895                      1.80    0.035    0.235    0.1861   1.066e-05  p
net204                      1.80    0.027    0.532    0.2431   1.062e-05  p
net709                      1.80    0.023    0.595    0.2825   1.052e-05  pm
net36                       1.80    0.039    0.693    0.1655   1.051e-05  p
net848                      1.80    0.065    0.500    0.1000   1.046e-05  a
net13                       1.80    0.032    0.663    0.2036   1.044e-05  p
net426                      1.80    0.050    0.539    0.1273   1.041e-05  p
clknet_0_net495             1.80    0.021    0.566    0.3103   1.041e-05  p
net11                       1.80    0.030    0.503    0.2130   1.040e-05  p
net695                      1.80    0.045    0.135    0.1414   1.040e-05  p
net826                      1.80    0.064    0.500    0.1000   1.039e-05  a
net112                      1.80    0.024    0.487    0.2621   1.033e-05  p
net731                      1.80    0.029    0.682    0.2234   1.032e-05  p
net50                       1.80    0.025    0.618    0.2581   1.025e-05  p
net740                      1.80    0.025    0.142    0.2487   1.020e-05  p
net102                      1.80    0.026    0.587    0.2403   1.014e-05  p
clknet_4_9_0_clk            1.80    0.062    0.500    0.1000   1.010e-05  a
net768                      1.80    0.040    0.540    0.1569   1.007e-05  p
net977                      1.80    0.039    0.556    0.1600   9.994e-06  p
clknet_4_11_0_clk           1.80    0.062    0.500    0.1000   9.977e-06  a
net14                       1.80    0.023    0.506    0.2724   9.960e-06  p
net89                       1.80    0.036    0.589    0.1686   9.942e-06  p
net1039                     1.80    0.022    0.524    0.2752   9.791e-06  p
net975                      1.80    0.047    0.586    0.1275   9.750e-06  p
clknet_0_net602             1.80    0.021    0.450    0.2832   9.707e-06  p
net323                      1.80    0.056    0.504    0.1060   9.660e-06  p
net471                      1.80    0.033    0.572    0.1786   9.660e-06  p
net18                       1.80    0.032    0.631    0.1857   9.614e-06  p
clknet_4_4_0_clk            1.80    0.059    0.500    0.1000   9.574e-06  a
net383                      1.80    0.016    0.334    0.3602   9.567e-06  p
net354                      1.80    0.020    0.531    0.2910   9.562e-06  p
net29                       1.80    0.040    0.570    0.1461   9.556e-06  p
net970                      1.80    0.039    0.577    0.1515   9.555e-06  p
net69                       1.80    0.049    0.624    0.1207   9.490e-06  p
net23                       1.80    0.034    0.612    0.1715   9.477e-06  p
net925                      1.80    0.037    0.505    0.1565   9.463e-06  p
net999                      1.80    0.058    0.500    0.1000   9.459e-06  a
net272                      1.80    0.017    0.543    0.3505   9.451e-06  p
net195                      1.80    0.046    0.586    0.1275   9.449e-06  p
net239                      1.80    0.055    0.541    0.1051   9.447e-06  p
clknet_0_net180             1.80    0.020    0.526    0.2838   9.416e-06  p
net521                      1.80    0.018    0.501    0.3157   9.407e-06  p
net42                       1.80    0.037    0.572    0.1561   9.376e-06  p
net229                      1.80    0.019    0.567    0.3077   9.250e-06  p
net49                       1.80    0.047    0.610    0.1208   9.249e-06  p
clknet_0_net398             1.80    0.021    0.477    0.2674   9.159e-06  p
net461                      1.80    0.037    0.626    0.1508   9.139e-06  p
net320                      1.80    0.025    0.625    0.2222   9.110e-06  p
net71                       1.80    0.045    0.615    0.1255   9.079e-06  p
clknet_0_net905             1.80    0.020    0.548    0.2840   9.056e-06  p
net438                      1.80    0.041    0.444    0.1372   9.050e-06  p
net43                       1.80    0.017    0.584    0.3280   9.035e-06  p
net866                      1.80    0.056    0.500    0.1000   9.010e-06  a
net825                      1.80    0.056    0.500    0.1000   9.005e-06  a
net266                      1.80    0.019    0.645    0.2869   8.999e-06  p
net860                      1.80    0.056    0.500    0.1000   8.994e-06  a
net870                      1.80    0.055    0.500    0.1000   8.985e-06  a
net622                      1.80    0.018    0.453    0.3148   8.972e-06  p
clknet_0_net276             1.80    0.022    0.499    0.2489   8.953e-06  p
net737                      1.80    0.024    0.118    0.2323   8.949e-06  p
net28                       1.80    0.042    0.588    0.1304   8.913e-06  p
net918                      1.80    0.032    0.627    0.1716   8.901e-06  p
net238                      1.80    0.052    0.458    0.1053   8.899e-06  p
net1017                     1.80    0.055    0.500    0.1000   8.893e-06  a
net766                      1.80    0.029    0.582    0.1875   8.802e-06  p
net1083                     1.80    0.036    0.577    0.1515   8.783e-06  p
net869                      1.80    0.054    0.500    0.1000   8.774e-06  a
net439                      1.80    0.041    0.375    0.1314   8.764e-06  p
clknet_0_net610             1.80    0.022    0.370    0.2505   8.742e-06  p
net832                      1.80    0.053    0.500    0.1000   8.609e-06  a
net1020                     1.80    0.053    0.500    0.1000   8.604e-06  a
net707                      1.80    0.013    0.512    0.3941   8.596e-06  p
net967                      1.80    0.103    0.943    0.0513   8.595e-06  p
net340                      1.80    0.021    0.595    0.2572   8.578e-06  p
net595                      1.80    0.020    0.490    0.2603   8.560e-06  p
net1071                     1.80    0.025    0.500    0.2109   8.544e-06  p
clknet_4_0_0_clk            1.80    0.053    0.500    0.1000   8.538e-06  a
net590                      1.80    0.021    0.445    0.2555   8.532e-06  p
net114                      1.80    0.024    0.574    0.2172   8.527e-06  p
net477                      1.80    0.027    0.618    0.1915   8.516e-06  p
net268                      1.80    0.024    0.731    0.2203   8.496e-06  p
clknet_0_net179             1.80    0.020    0.571    0.2659   8.495e-06  p
net571                      1.80    0.021    0.441    0.2485   8.494e-06  p
net459                      1.80    0.053    0.731    0.0991   8.480e-06  p
net712                      1.80    0.011    0.495    0.4646   8.446e-06  p
clknet_0_net911             1.80    0.018    0.431    0.2908   8.409e-06  p
net1080                     1.80    0.030    0.612    0.1715   8.395e-06  p
net572                      1.80    0.024    0.408    0.2138   8.318e-06  p
clknet_0_net709             1.80    0.018    0.595    0.2825   8.309e-06  p
net504                      1.80    0.020    0.573    0.2532   8.257e-06  p
net51                       1.80    0.020    0.650    0.2580   8.255e-06  p
net847                      1.80    0.051    0.500    0.1000   8.254e-06  a
net131                      1.80    0.020    0.586    0.2595   8.246e-06  p
net495                      1.80    0.016    0.566    0.3103   8.239e-06  p
net896                      1.80    0.050    0.452    0.1023   8.225e-06  p
clknet_0_net611             1.80    0.020    0.463    0.2510   8.201e-06  p
net111                      1.80    0.030    0.659    0.1656   8.179e-06  p
net902                      1.80    0.014    0.514    0.3540   8.170e-06  p
clknet_0_net391             1.80    0.020    0.542    0.2537   8.154e-06  p
net52                       1.80    0.028    0.600    0.1761   8.056e-06  p
net356                      1.80    0.016    0.625    0.3017   8.004e-06  p
net188                      1.80    0.015    0.534    0.3337   7.961e-06  p
net557                      1.80    0.036    0.517    0.1373   7.948e-06  p
clknet_0_net595             1.80    0.019    0.490    0.2603   7.945e-06  p
net375                      1.80    0.022    0.572    0.2213   7.893e-06  p
net682                      1.80    0.011    0.501    0.4343   7.872e-06  p
net564                      1.80    0.026    0.373    0.1868   7.857e-06  p
net398                      1.80    0.018    0.477    0.2674   7.780e-06  p
net483                      1.80    0.023    0.674    0.2090   7.771e-06  p
net83                       1.80    0.024    0.608    0.2019   7.744e-06  p
net1073                     1.80    0.015    0.584    0.3280   7.733e-06  p
net1011                     1.80    0.048    0.500    0.1000   7.713e-06  a
net801                      1.80    0.035    0.491    0.1359   7.712e-06  p
clknet_0_net281             1.80    0.019    0.563    0.2443   7.697e-06  p
net696                      1.80    0.008    0.500    0.5984   7.692e-06  p
net836                      1.80    0.047    0.500    0.1000   7.691e-06  a
net853                      1.80    0.047    0.500    0.1000   7.683e-06  a
net491                      1.80    0.020    0.447    0.2312   7.670e-06  p
net905                      1.80    0.017    0.548    0.2840   7.660e-06  p
net395                      1.80    0.014    0.550    0.3305   7.638e-06  p
clknet_0_net420             1.80    0.020    0.540    0.2403   7.620e-06  p
net765                      1.80    0.026    0.492    0.1771   7.588e-06  p
net75                       1.80    0.036    0.681    0.1312   7.584e-06  p
net61                       1.80    0.018    0.669    0.2671   7.576e-06  p
net492                      1.80    0.015    0.550    0.3093   7.558e-06  p
net12                       1.80    0.039    0.621    0.1190   7.553e-06  p
net840                      1.80    0.046    0.500    0.1000   7.504e-06  a
net157                      1.80    0.019    0.522    0.2456   7.423e-06  p
net739                      1.80    0.042    0.094    0.1085   7.423e-06  p
net829                      1.80    0.046    0.500    0.1000   7.405e-06  a
clknet_4_14_0_clk           1.80    0.045    0.500    0.1000   7.355e-06  a
clknet_0_net532             1.80    0.018    0.415    0.2524   7.337e-06  p
net788                      1.80    0.030    0.618    0.1488   7.330e-06  p
net119                      1.80    0.030    0.490    0.1527   7.298e-06  p
net500                      1.80    0.021    0.639    0.2090   7.257e-06  p
net897                      1.80    0.022    0.869    0.2060   7.250e-06  p
net497                      1.80    0.014    0.543    0.3109   7.199e-06  p
net730                      1.80    0.023    0.155    0.1895   7.167e-06  p
net619                      1.80    0.015    0.418    0.2931   7.166e-06  p
net434                      1.80    0.021    0.677    0.2082   7.145e-06  p
net322                      1.80    0.027    0.683    0.1587   7.010e-06  p
net567                      1.80    0.026    0.388    0.1685   6.990e-06  p
net859                      1.80    0.042    0.500    0.1000   6.878e-06  a
net783                      1.80    0.027    0.509    0.1561   6.868e-06  p
net502                      1.80    0.013    0.603    0.3363   6.857e-06  p
clknet_0_net615             1.80    0.022    0.405    0.1939   6.832e-06  p
net390                      1.80    0.012    0.573    0.3520   6.803e-06  p
net448                      1.80    0.031    0.727    0.1320   6.720e-06  p
net53                       1.80    0.020    0.669    0.2089   6.695e-06  p
net1040                     1.80    0.015    0.524    0.2752   6.693e-06  p
net400                      1.80    0.012    0.570    0.3319   6.687e-06  p
clknet_1_0__leaf_net398     1.80    0.015    0.477    0.2674   6.687e-06  p
net1045                     1.80    0.027    0.577    0.1515   6.676e-06  p
net231                      1.80    0.016    0.509    0.2512   6.653e-06  p
net807                      1.80    0.027    0.441    0.1532   6.649e-06  p
net70                       1.80    0.034    0.631    0.1210   6.645e-06  p
net232                      1.80    0.013    0.562    0.3055   6.629e-06  p
net348                      1.80    0.027    0.722    0.1466   6.518e-06  p
clknet_1_1__leaf_net398     1.80    0.015    0.477    0.2674   6.509e-06  p
clknet_0_net600             1.80    0.021    0.263    0.1933   6.471e-06  p
net328                      1.80    0.018    0.704    0.2244   6.454e-06  p
net1081                     1.80    0.024    0.693    0.1655   6.448e-06  p
clknet_4_3_0_clk            1.80    0.040    0.500    0.1000   6.444e-06  a
net736                      1.80    0.027    0.130    0.1456   6.443e-06  p
net336                      1.80    0.021    0.518    0.1924   6.436e-06  p
net385                      1.80    0.013    0.474    0.3093   6.428e-06  p
net365                      1.80    0.014    0.556    0.2887   6.419e-06  p
net650                      1.80    0.009    0.519    0.4255   6.418e-06  p
net885                      1.80    0.014    0.524    0.2799   6.415e-06  p
net699                      1.80    0.052    0.167    0.0759   6.371e-06  p
clknet_4_15_0_clk           1.80    0.039    0.500    0.1000   6.340e-06  a
net387                      1.80    0.012    0.562    0.3313   6.337e-06  p
net928                      1.80    0.019    0.607    0.2030   6.323e-06  p
clknet_1_0__leaf_net902     1.80    0.011    0.514    0.3540   6.322e-06  p
net787                      1.80    0.040    0.730    0.0969   6.301e-06  p
clknet_4_1_0_clk            1.80    0.039    0.500    0.1000   6.299e-06  a
net864                      1.80    0.039    0.500    0.1000   6.297e-06  a
net729                      1.80    0.020    0.844    0.1898   6.240e-06  p
net781                      1.80    0.028    0.465    0.1368   6.211e-06  p
clknet_0_net511             1.80    0.021    0.565    0.1816   6.203e-06  p
net908                      1.80    0.018    0.155    0.2131   6.196e-06  p
net582                      1.80    0.013    0.627    0.2851   6.190e-06  p
net40                       1.80    0.022    0.630    0.1748   6.188e-06  p
net274                      1.80    0.013    0.469    0.3047   6.185e-06  p
net659                      1.80    0.009    0.550    0.4459   6.169e-06  p
net547                      1.80    0.077    0.189    0.0492   6.160e-06  p
clknet_4_6_0_clk            1.80    0.038    0.500    0.1000   6.144e-06  a
net785                      1.80    0.029    0.583    0.1284   6.130e-06  p
net476                      1.80    0.016    0.583    0.2354   6.085e-06  p
net132                      1.80    0.025    0.553    0.1521   6.079e-06  p
net401                      1.80    0.013    0.558    0.2966   6.068e-06  p
net41                       1.80    0.014    0.613    0.2645   6.058e-06  p
net519                      1.80    0.016    0.737    0.2399   6.056e-06  p
net910                      1.80    0.013    0.518    0.2926   6.011e-06  p
net396                      1.80    0.011    0.521    0.3246   6.008e-06  p
net405                      1.80    0.012    0.484    0.3165   5.957e-06  p
clknet_0_net389             1.80    0.020    0.352    0.1863   5.951e-06  p
clknet_1_0__leaf_net905     1.80    0.013    0.548    0.2840   5.933e-06  p
net613                      1.80    0.011    0.522    0.3316   5.930e-06  p
net874                      1.80    0.037    0.500    0.1000   5.929e-06  a
net422                      1.80    0.011    0.575    0.3179   5.915e-06  p
net679                      1.80    0.009    0.515    0.4282   5.912e-06  p
net293                      1.80    0.017    0.633    0.2178   5.863e-06  p
net487                      1.80    0.013    0.601    0.2746   5.862e-06  p
net252                      1.80    0.019    0.643    0.1944   5.828e-06  p
clknet_1_0__leaf_net709     1.80    0.013    0.595    0.2825   5.808e-06  p
clknet_4_12_0_clk           1.80    0.036    0.500    0.1000   5.781e-06  a
net855                      1.80    0.036    0.500    0.1000   5.776e-06  a
clknet_1_1__leaf_net502     1.80    0.011    0.603    0.3363   5.776e-06  p
net233                      1.80    0.024    0.651    0.1455   5.774e-06  p
net177                      1.80    0.009    0.623    0.4048   5.724e-06  p
net108                      1.80    0.028    0.535    0.1246   5.706e-06  p
net378                      1.80    0.011    0.625    0.3247   5.665e-06  p
net263                      1.80    0.050    0.101    0.0699   5.632e-06  p
net202                      1.80    0.027    0.668    0.1280   5.620e-06  p
net920                      1.80    0.021    0.461    0.1646   5.610e-06  p
net470                      1.80    0.028    0.506    0.1247   5.606e-06  p
net153                      1.80    0.016    0.548    0.2138   5.598e-06  p
net99                       1.80    0.027    0.574    0.1260   5.595e-06  p
net56                       1.80    0.020    0.610    0.1726   5.577e-06  p
net180                      1.80    0.012    0.526    0.2838   5.545e-06  p
net366                      1.80    0.012    0.400    0.2954   5.529e-06  p
clknet_1_0__leaf_net177     1.80    0.008    0.623    0.4048   5.506e-06  p
net282                      1.80    0.011    0.537    0.3026   5.503e-06  p
net779                      1.80    0.019    0.512    0.1826   5.502e-06  p
clknet_0_net170             1.80    0.019    0.516    0.1755   5.496e-06  p
net201                      1.80    0.018    0.684    0.1893   5.471e-06  p
net764                      1.80    0.023    0.613    0.1498   5.465e-06  p
net760                      1.80    0.023    0.494    0.1460   5.464e-06  p
net839                      1.80    0.034    0.500    0.1000   5.459e-06  a
net702                      1.80    0.017    0.199    0.1940   5.449e-06  p
net851                      1.80    0.034    0.500    0.1000   5.431e-06  a
net660                      1.80    0.009    0.489    0.3644   5.429e-06  p
net136                      1.80    0.011    0.654    0.3069   5.394e-06  p
net566                      1.80    0.014    0.644    0.2384   5.371e-06  p
net382                      1.80    0.013    0.552    0.2578   5.366e-06  p
net514                      1.80    0.012    0.427    0.2789   5.361e-06  p
clknet_0_net924             1.80    0.019    0.781    0.1765   5.359e-06  p
clknet_0_net577             1.80    0.021    0.393    0.1600   5.352e-06  p
net39                       1.80    0.018    0.646    0.1868   5.326e-06  p
net662                      1.80    0.007    0.535    0.4915   5.314e-06  p
net912                      1.80    0.013    0.677    0.2483   5.273e-06  p
net479                      1.80    0.013    0.652    0.2546   5.270e-06  p
clknet_1_1__leaf_net495     1.80    0.010    0.566    0.3103   5.245e-06  p
net391                      1.80    0.013    0.542    0.2537   5.225e-06  p
net257                      1.80    0.011    0.629    0.2833   5.223e-06  p
clknet_1_0__leaf_net495     1.80    0.010    0.566    0.3103   5.219e-06  p
net4                        1.80    0.027    0.620    0.1207   5.214e-06  p
net359                      1.80    0.016    0.560    0.1975   5.185e-06  p
net7                        1.80    0.025    0.666    0.1264   5.183e-06  p
net632                      1.80    0.010    0.441    0.3270   5.181e-06  p
net456                      1.80    0.015    0.671    0.2138   5.180e-06  p
net423                      1.80    0.021    0.237    0.1504   5.177e-06  p
net822                      1.80    0.032    0.500    0.1000   5.169e-06  a
net77                       1.80    0.025    0.656    0.1275   5.162e-06  p
net1042                     1.80    0.019    0.612    0.1715   5.150e-06  p
clknet_1_0__leaf_net502     1.80    0.009    0.603    0.3363   5.058e-06  p
net32                       1.80    0.012    0.639    0.2609   5.045e-06  p
net1027                     1.80    0.012    0.455    0.2597   5.041e-06  p
net350                      1.80    0.062    0.078    0.0503   5.030e-06  p
net606                      1.80    0.011    0.485    0.2854   5.018e-06  p
net780                      1.80    0.023    0.533    0.1368   5.004e-06  p
net45                       1.80    0.011    0.688    0.2858   4.999e-06  p
net584                      1.80    0.012    0.508    0.2567   4.973e-06  p
net930                      1.80    0.015    0.172    0.1982   4.971e-06  p
net215                      1.80    0.016    0.779    0.1873   4.954e-06  p
net1031                     1.80    0.015    0.699    0.2050   4.949e-06  p
net666                      1.80    0.010    0.495    0.3208   4.940e-06  p
net254                      1.80    0.019    0.626    0.1561   4.921e-06  p
net691                      1.80    0.017    0.840    0.1822   4.904e-06  p
clknet_1_0__leaf_net179     1.80    0.011    0.571    0.2659   4.882e-06  p
net58                       1.80    0.015    0.573    0.2051   4.871e-06  p
net657                      1.80    0.007    0.480    0.4242   4.870e-06  p
net413                      1.80    0.011    0.543    0.2644   4.854e-06  p
net450                      1.80    0.030    0.731    0.0997   4.832e-06  p
net819                      1.80    0.030    0.500    0.1000   4.831e-06  a
clknet_1_0__leaf_net180     1.80    0.010    0.526    0.2838   4.822e-06  p
clknet_0_net608             1.80    0.021    0.361    0.1392   4.792e-06  p
net281                      1.80    0.012    0.563    0.2443   4.769e-06  p
net911                      1.80    0.010    0.431    0.2908   4.763e-06  p
clknet_1_0__leaf_net595     1.80    0.011    0.490    0.2603   4.751e-06  p
clknet_1_1__leaf_net905     1.80    0.010    0.548    0.2840   4.737e-06  p
net698                      1.80    0.071    0.068    0.0414   4.735e-06  p
net421                      1.80    0.011    0.362    0.2625   4.702e-06  p
net59                       1.80    0.014    0.633    0.2056   4.697e-06  p
net276                      1.80    0.012    0.499    0.2489   4.670e-06  p
net160                      1.80    0.010    0.492    0.2980   4.663e-06  p
net611                      1.80    0.011    0.463    0.2510   4.659e-06  p
clknet_4_7_0_clk            1.80    0.029    0.500    0.1000   4.638e-06  a
net115                      1.80    0.023    0.539    0.1240   4.592e-06  p
net862                      1.80    0.028    0.500    0.1000   4.582e-06  a
net523                      1.80    0.011    0.592    0.2504   4.540e-06  p
net331                      1.80    0.012    0.715    0.2243   4.531e-06  p
net337                      1.80    0.021    0.686    0.1310   4.528e-06  p
net370                      1.80    0.011    0.540    0.2552   4.526e-06  p
clknet_4_5_0_clk            1.80    0.028    0.500    0.1000   4.524e-06  a
net371                      1.80    0.011    0.618    0.2464   4.515e-06  p
net279                      1.80    0.012    0.505    0.2365   4.502e-06  p
net67                       1.80    0.023    0.624    0.1220   4.500e-06  p
net93                       1.80    0.021    0.535    0.1306   4.492e-06  p
clknet_1_0__leaf_net600     1.80    0.014    0.263    0.1933   4.492e-06  p
net610                      1.80    0.011    0.370    0.2505   4.476e-06  p
net535                      1.80    0.013    0.690    0.2182   4.456e-06  p
net379                      1.80    0.017    0.235    0.1634   4.385e-06  p
net176                      1.80    0.027    0.500    0.1000   4.378e-06  a
net636                      1.80    0.007    0.545    0.3683   4.363e-06  p
net199                      1.80    0.052    0.943    0.0513   4.345e-06  p
net221                      1.80    0.020    0.866    0.1320   4.326e-06  p
net420                      1.80    0.011    0.540    0.2403   4.298e-06  p
net605                      1.80    0.012    0.552    0.2198   4.267e-06  p
net763                      1.80    0.017    0.493    0.1566   4.249e-06  p
net820                      1.80    0.026    0.500    0.1000   4.219e-06  a
net124                      1.80    0.018    0.562    0.1478   4.219e-06  p
net3                        1.80    0.010    0.495    0.2677   4.214e-06  p
net592                      1.80    0.008    0.521    0.3241   4.211e-06  p
net804                      1.80    0.019    0.439    0.1343   4.203e-06  p
net46                       1.80    0.012    0.501    0.2201   4.199e-06  p
clknet_0_net186             1.80    0.020    0.462    0.1310   4.194e-06  p
net415                      1.80    0.009    0.640    0.2765   4.145e-06  p
net548                      1.80    0.019    0.401    0.1347   4.128e-06  p
net408                      1.80    0.013    0.554    0.1875   4.086e-06  p
net591                      1.80    0.011    0.567    0.2236   4.033e-06  p
net664                      1.80    0.078    0.083    0.0318   4.004e-06  p
net1079                     1.80    0.015    0.693    0.1655   3.995e-06  p
net609                      1.80    0.008    0.448    0.3141   3.989e-06  p
net94                       1.80    0.016    0.622    0.1548   3.982e-06  p
clknet_1_0__leaf_net276     1.80    0.010    0.499    0.2489   3.970e-06  p
net509                      1.80    0.010    0.573    0.2416   3.962e-06  p
net185                      1.80    0.010    0.552    0.2341   3.955e-06  p
net170                      1.80    0.014    0.516    0.1755   3.944e-06  p
net454                      1.80    0.025    0.731    0.0989   3.932e-06  p
net496                      1.80    0.016    0.308    0.1540   3.926e-06  p
net570                      1.80    0.012    0.534    0.1953   3.922e-06  p
net680                      1.80    0.005    0.514    0.4786   3.905e-06  p
net493                      1.80    0.010    0.567    0.2323   3.882e-06  p
net90                       1.80    0.012    0.594    0.2025   3.864e-06  p
net602                      1.80    0.008    0.450    0.2832   3.850e-06  p
net171                      1.80    0.009    0.558    0.2564   3.821e-06  p
net641                      1.80    0.006    0.477    0.3744   3.797e-06  p
net241                      1.80    0.034    0.083    0.0686   3.793e-06  p
net283                      1.80    0.008    0.580    0.2910   3.787e-06  p
net507                      1.80    0.007    0.584    0.3341   3.771e-06  p
net604                      1.80    0.009    0.525    0.2617   3.753e-06  p
clknet_1_1__leaf_net177     1.80    0.006    0.623    0.4048   3.735e-06  p
net793                      1.80    0.098    0.495    0.0235   3.730e-06  p
net546                      1.80    0.029    0.646    0.0787   3.718e-06  p
net441                      1.80    0.013    0.283    0.1755   3.709e-06  p
net686                      1.80    0.013    0.155    0.1770   3.699e-06  p
net517                      1.80    0.013    0.620    0.1726   3.698e-06  p
net782                      1.80    0.015    0.487    0.1561   3.691e-06  p
net639                      1.80    0.007    0.554    0.3406   3.690e-06  p
net482                      1.80    0.009    0.624    0.2542   3.687e-06  p
net608                      1.80    0.016    0.361    0.1392   3.665e-06  p
net904                      1.80    0.048    0.473    0.0470   3.661e-06  p
net5                        1.80    0.012    0.492    0.1904   3.650e-06  p
net534                      1.80    0.008    0.574    0.2768   3.634e-06  p
net718                      1.80    0.005    0.501    0.4533   3.624e-06  p
net607                      1.80    0.007    0.558    0.3348   3.612e-06  p
net532                      1.80    0.009    0.415    0.2524   3.608e-06  p
net259                      1.80    0.011    0.593    0.2060   3.607e-06  p
net640                      1.80    0.005    0.561    0.4052   3.594e-06  p
net577                      1.80    0.014    0.393    0.1600   3.554e-06  p
net916                      1.80    0.006    0.480    0.3489   3.513e-06  p
net118                      1.80    0.017    0.545    0.1279   3.513e-06  p
net1059                     1.80    0.010    0.130    0.2057   3.489e-06  p
net92                       1.80    0.016    0.589    0.1371   3.489e-06  p
net1036                     1.80    0.013    0.693    0.1655   3.476e-06  p
net355                      1.80    0.006    0.585    0.3725   3.471e-06  p
net358                      1.80    0.006    0.625    0.3341   3.450e-06  p
net181                      1.80    0.006    0.620    0.3411   3.441e-06  p
net510                      1.80    0.007    0.545    0.2841   3.438e-06  p
net687                      1.80    0.004    0.497    0.5393   3.414e-06  p
net706                      1.80    0.005    0.507    0.4638   3.385e-06  p
net141                      1.80    0.012    0.666    0.1731   3.384e-06  p
clknet_1_1__leaf_net901     1.80    0.031    0.338    0.0675   3.363e-06  p
net694                      1.80    0.015    0.123    0.1337   3.334e-06  p
net62                       1.80    0.012    0.633    0.1742   3.323e-06  p
net64                       1.80    0.007    0.599    0.2756   3.319e-06  p
net416                      1.80    0.006    0.601    0.3361   3.315e-06  p
net457                      1.80    0.009    0.665    0.2381   3.307e-06  p
net899                      1.80    0.071    0.060    0.0288   3.306e-06  p
net305                      1.80    0.007    0.588    0.2808   3.265e-06  p
net158                      1.80    0.008    0.584    0.2640   3.256e-06  p
clknet_0_net744             1.80    0.024    0.406    0.0819   3.251e-06  p
net311                      1.80    0.008    0.536    0.2593   3.233e-06  p
net275                      1.80    0.007    0.572    0.2714   3.232e-06  p
net626                      1.80    0.006    0.483    0.3122   3.230e-06  p
net536                      1.80    0.013    0.671    0.1550   3.220e-06  p
net33                       1.80    0.014    0.693    0.1426   3.219e-06  p
clknet_1_0__leaf_net797     1.80    0.031    0.303    0.0634   3.190e-06  p
net520                      1.80    0.006    0.617    0.3412   3.182e-06  p
net258                      1.80    0.008    0.610    0.2353   3.156e-06  p
net529                      1.80    0.009    0.602    0.2145   3.129e-06  p
net541                      1.80    0.014    0.604    0.1422   3.122e-06  p
net467                      1.80    0.013    0.628    0.1529   3.098e-06  p
clknet_1_1__leaf_net797     1.80    0.030    0.303    0.0634   3.098e-06  p
net165                      1.80    0.019    0.500    0.1000   3.081e-06  a
net671                      1.80    0.004    0.499    0.4431   3.077e-06  p
net985                      1.80    0.081    0.528    0.0233   3.057e-06  p
net593                      1.80    0.006    0.536    0.2949   3.055e-06  p
clknet_1_1__leaf_net595     1.80    0.007    0.490    0.2603   3.043e-06  p
net511                      1.80    0.010    0.565    0.1816   3.042e-06  p
net273                      1.80    0.005    0.571    0.3971   3.039e-06  p
net183                      1.80    0.006    0.598    0.3263   3.037e-06  p
net568                      1.80    0.008    0.529    0.2433   3.025e-06  p
net172                      1.80    0.007    0.500    0.2811   3.009e-06  p
net1026                     1.80    0.007    0.455    0.2597   3.006e-06  p
net513                      1.80    0.009    0.595    0.1956   2.997e-06  p
net809                      1.80    0.016    0.582    0.1126   2.991e-06  p
clknet_4_2_0_clk            1.80    0.018    0.500    0.1000   2.985e-06  a
net778                      1.80    0.010    0.486    0.1825   2.974e-06  p
clknet_1_1__leaf_net879     1.80    0.023    0.411    0.0808   2.963e-06  p
net1029                     1.80    0.006    0.577    0.2932   2.956e-06  p
net530                      1.80    0.006    0.646    0.2833   2.946e-06  p
net808                      1.80    0.018    0.538    0.1031   2.923e-06  p
net303                      1.80    0.006    0.558    0.3244   2.918e-06  p
clknet_0_net711             1.80    0.025    0.366    0.0708   2.916e-06  p
net488                      1.80    0.011    0.513    0.1636   2.914e-06  p
net581                      1.80    0.010    0.645    0.1837   2.902e-06  p
net615                      1.80    0.009    0.405    0.1939   2.884e-06  p
net518                      1.80    0.016    0.530    0.1103   2.882e-06  p
clknet_1_0__leaf_net759     1.80    0.037    0.238    0.0477   2.874e-06  p
net701                      1.80    0.003    0.507    0.5162   2.848e-06  p
net480                      1.80    0.008    0.613    0.2117   2.847e-06  p
clknet_1_0__leaf_net901     1.80    0.026    0.338    0.0675   2.842e-06  p
net617                      1.80    0.005    0.475    0.3196   2.837e-06  p
clknet_0_net901             1.80    0.026    0.338    0.0675   2.833e-06  p
net230                      1.80    0.005    0.535    0.3327   2.832e-06  p
net717                      1.80    0.004    0.507    0.4532   2.827e-06  p
net155                      1.80    0.008    0.699    0.2050   2.817e-06  p
net55                       1.80    0.013    0.604    0.1387   2.817e-06  p
net294                      1.80    0.006    0.596    0.2890   2.814e-06  p
net380                      1.80    0.006    0.453    0.2894   2.812e-06  p
net708                      1.80    0.004    0.504    0.4016   2.792e-06  p
clknet_0_net879             1.80    0.021    0.411    0.0808   2.791e-06  p
net625                      1.80    0.009    0.349    0.1992   2.785e-06  p
clknet_1_0__leaf_net879     1.80    0.021    0.411    0.0808   2.759e-06  p
clknet_1_1__leaf_net391     1.80    0.007    0.542    0.2537   2.747e-06  p
net600                      1.80    0.009    0.263    0.1933   2.737e-06  p
clknet_1_0__leaf_net744     1.80    0.021    0.406    0.0819   2.735e-06  p
net389                      1.80    0.009    0.352    0.1863   2.722e-06  p
net286                      1.80    0.005    0.565    0.3137   2.720e-06  p
net537                      1.80    0.010    0.794    0.1621   2.720e-06  p
net638                      1.80    0.005    0.546    0.3417   2.714e-06  p
net627                      1.80    0.006    0.395    0.2682   2.707e-06  p
net481                      1.80    0.006    0.557    0.2723   2.707e-06  p
net533                      1.80    0.006    0.504    0.2978   2.695e-06  p
net553                      1.80    0.027    0.201    0.0610   2.694e-06  p
net620                      1.80    0.006    0.461    0.2718   2.674e-06  p
clknet_1_1__leaf_net577     1.80    0.010    0.393    0.1600   2.664e-06  p
net690                      1.80    0.011    0.237    0.1504   2.657e-06  p
net684                      1.80    0.060    0.938    0.0271   2.646e-06  p
net749                      1.80    0.049    0.071    0.0335   2.644e-06  p
net727                      1.80    0.053    0.929    0.0307   2.644e-06  p
net653                      1.80    0.004    0.524    0.4578   2.639e-06  p
net412                      1.80    0.006    0.396    0.2846   2.633e-06  p
net48                       1.80    0.012    0.592    0.1350   2.604e-06  p
net527                      1.80    0.007    0.450    0.2346   2.600e-06  p
clknet_1_0__leaf_net775     1.80    0.026    0.309    0.0621   2.587e-06  p
net924                      1.80    0.009    0.781    0.1765   2.569e-06  p
net47                       1.80    0.011    0.619    0.1433   2.567e-06  p
net552                      1.80    0.025    0.200    0.0621   2.554e-06  p
net901                      1.80    0.023    0.338    0.0675   2.543e-06  p
clknet_1_1__leaf_net910     1.80    0.005    0.518    0.2926   2.538e-06  p
net447                      1.80    0.009    0.612    0.1818   2.537e-06  p
net474                      1.80    0.007    0.721    0.2166   2.531e-06  p
net135                      1.80    0.009    0.604    0.1648   2.526e-06  p
net733                      1.80    0.003    0.455    0.4448   2.496e-06  p
net774                      1.80    0.067    0.442    0.0231   2.490e-06  p
clknet_1_1__leaf_net744     1.80    0.019    0.406    0.0819   2.489e-06  p
clknet_1_1__leaf_net711     1.80    0.022    0.366    0.0708   2.488e-06  p
net528                      1.80    0.005    0.567    0.2969   2.487e-06  p
net643                      1.80    0.006    0.504    0.2749   2.481e-06  p
net629                      1.80    0.005    0.582    0.2841   2.480e-06  p
net772                      1.80    0.064    0.515    0.0239   2.480e-06  p
net887                      1.80    0.007    0.502    0.2041   2.473e-06  p
net692                      1.80    0.008    0.160    0.1822   2.464e-06  p
net612                      1.80    0.007    0.583    0.2293   2.449e-06  p
net430                      1.80    0.009    0.590    0.1608   2.446e-06  p
net349                      1.80    0.006    0.604    0.2582   2.443e-06  p
net734                      1.80    0.008    0.827    0.1984   2.443e-06  p
net362                      1.80    0.005    0.521    0.3042   2.437e-06  p
net676                      1.80    0.053    0.056    0.0282   2.435e-06  p
net296                      1.80    0.006    0.646    0.2308   2.422e-06  p
net469                      1.80    0.010    0.707    0.1451   2.421e-06  p
net490                      1.80    0.009    0.567    0.1740   2.416e-06  p
net145                      1.80    0.021    0.451    0.0703   2.414e-06  p
clknet_1_1__leaf_net775     1.80    0.024    0.309    0.0621   2.413e-06  p
clknet_0_net710             1.80    0.021    0.360    0.0696   2.393e-06  p
net597                      1.80    0.004    0.584    0.3569   2.385e-06  p
clknet_1_0__leaf_net511     1.80    0.008    0.565    0.1816   2.370e-06  p
clknet_1_0__leaf_net758     1.80    0.026    0.282    0.0567   2.364e-06  p
net531                      1.80    0.005    0.587    0.2610   2.314e-06  p
net616                      1.80    0.006    0.516    0.2446   2.311e-06  p
net38                       1.80    0.009    0.684    0.1504   2.299e-06  p
clknet_1_1__leaf_net709     1.80    0.005    0.595    0.2825   2.297e-06  p
clknet_1_1__leaf_net902     1.80    0.004    0.514    0.3540   2.294e-06  p
net63                       1.80    0.005    0.563    0.2624   2.291e-06  p
net381                      1.80    0.005    0.564    0.2845   2.287e-06  p
net647                      1.80    0.003    0.513    0.4318   2.283e-06  p
net661                      1.80    0.003    0.510    0.4673   2.280e-06  p
net240                      1.80    0.014    0.105    0.1037   2.279e-06  p
net433                      1.80    0.010    0.618    0.1468   2.275e-06  p
net719                      1.80    0.003    0.527    0.4623   2.272e-06  p
net386                      1.80    0.006    0.583    0.2513   2.267e-06  p
net726                      1.80    0.004    0.497    0.3978   2.266e-06  p
net164                      1.80    0.006    0.535    0.2512   2.262e-06  p
net143                      1.80    0.004    0.446    0.3528   2.258e-06  p
net878                      1.80    0.039    0.038    0.0355   2.248e-06  p
net186                      1.80    0.011    0.462    0.1310   2.244e-06  p
net522                      1.80    0.007    0.566    0.2092   2.235e-06  p
net295                      1.80    0.005    0.551    0.2872   2.221e-06  p
clknet_1_0__leaf_net602     1.80    0.005    0.450    0.2832   2.219e-06  p
net1035                     1.80    0.008    0.693    0.1655   2.203e-06  p
net410                      1.80    0.004    0.583    0.3295   2.195e-06  p
net162                      1.80    0.029    0.527    0.0470   2.186e-06  p
net805                      1.80    0.016    0.298    0.0852   2.174e-06  p
net775                      1.80    0.022    0.309    0.0621   2.174e-06  p
net630                      1.80    0.005    0.536    0.2554   2.168e-06  p
clknet_0_net797             1.80    0.021    0.303    0.0634   2.157e-06  p
net586                      1.80    0.005    0.472    0.2840   2.152e-06  p
net302                      1.80    0.006    0.556    0.2309   2.143e-06  p
clknet_1_1__leaf_net759     1.80    0.028    0.238    0.0477   2.135e-06  p
net499                      1.80    0.007    0.591    0.1987   2.127e-06  p
net334                      1.80    0.036    0.087    0.0364   2.115e-06  p
net409                      1.80    0.006    0.498    0.2356   2.110e-06  p
net756                      1.80    0.059    0.611    0.0220   2.107e-06  p
net150                      1.80    0.027    0.603    0.0480   2.102e-06  p
net569                      1.80    0.005    0.445    0.2468   2.100e-06  p
net287                      1.80    0.006    0.506    0.2111   2.091e-06  p
net154                      1.80    0.040    0.535    0.0321   2.090e-06  p
net402                      1.80    0.003    0.545    0.3743   2.080e-06  p
net243                      1.80    0.006    0.544    0.2309   2.074e-06  p
net335                      1.80    0.006    0.600    0.2020   2.071e-06  p
net618                      1.80    0.006    0.510    0.2311   2.069e-06  p
net879                      1.80    0.016    0.411    0.0808   2.057e-06  p
net368                      1.80    0.013    0.930    0.0953   2.055e-06  p
net750                      1.80    0.045    0.053    0.0284   2.054e-06  p
net484                      1.80    0.005    0.480    0.2332   2.054e-06  p
net54                       1.80    0.008    0.596    0.1559   2.050e-06  p
clknet_1_0__leaf_net711     1.80    0.018    0.366    0.0708   2.046e-06  p
net1069                     1.80    0.006    0.827    0.1984   2.036e-06  p
net700                      1.80    0.003    0.503    0.4300   2.032e-06  p
net648                      1.80    0.003    0.516    0.4246   2.030e-06  p
net508                      1.80    0.005    0.481    0.2452   2.020e-06  p
net152                      1.80    0.011    0.528    0.1175   2.014e-06  p
clknet_0_net775             1.80    0.020    0.309    0.0621   2.004e-06  p
clknet_1_1__leaf_net615     1.80    0.006    0.405    0.1939   2.000e-06  p
net485                      1.80    0.006    0.637    0.2080   1.993e-06  p
net298                      1.80    0.005    0.542    0.2448   1.980e-06  p
clknet_0_net758             1.80    0.021    0.282    0.0567   1.973e-06  p
net34                       1.80    0.010    0.618    0.1228   1.971e-06  p
net425                      1.80    0.007    0.733    0.1854   1.960e-06  p
net683                      1.80    0.003    0.500    0.4028   1.958e-06  p
net744                      1.80    0.015    0.406    0.0819   1.956e-06  p
net642                      1.80    0.005    0.515    0.2312   1.953e-06  p
net489                      1.80    0.005    0.536    0.2382   1.944e-06  p
net688                      1.80    0.002    0.522    0.5040   1.941e-06  p
clknet_0_net759             1.80    0.025    0.238    0.0477   1.941e-06  p
net668                      1.80    0.002    0.538    0.4816   1.935e-06  p
net505                      1.80    0.005    0.526    0.2314   1.933e-06  p
net596                      1.80    0.005    0.579    0.2627   1.931e-06  p
net404                      1.80    0.005    0.465    0.2591   1.930e-06  p
net159                      1.80    0.006    0.570    0.2064   1.925e-06  p
net705                      1.80    0.002    0.509    0.5419   1.920e-06  p
net914                      1.80    0.007    0.655    0.1641   1.915e-06  p
net146                      1.80    0.004    0.619    0.2795   1.913e-06  p
net673                      1.80    0.002    0.519    0.4809   1.906e-06  p
net277                      1.80    0.004    0.535    0.3253   1.896e-06  p
net628                      1.80    0.006    0.473    0.2024   1.894e-06  p
clknet_1_0__leaf_net281     1.80    0.005    0.563    0.2443   1.892e-06  p
net498                      1.80    0.005    0.413    0.2315   1.892e-06  p
net711                      1.80    0.016    0.366    0.0708   1.884e-06  p
net1030                     1.80    0.005    0.524    0.2352   1.882e-06  p
net689                      1.80    0.008    0.763    0.1504   1.868e-06  p
net1034                     1.80    0.004    0.613    0.2645   1.862e-06  p
net1056                     1.80    0.008    0.613    0.1498   1.855e-06  p
net649                      1.80    0.003    0.605    0.3856   1.841e-06  p
net256                      1.80    0.007    0.502    0.1546   1.840e-06  p
net588                      1.80    0.004    0.587    0.2630   1.837e-06  p
net156                      1.80    0.009    0.561    0.1323   1.836e-06  p
net443                      1.80    0.008    0.789    0.1493   1.830e-06  p
net451                      1.80    0.004    0.625    0.2683   1.816e-06  p
net589                      1.80    0.004    0.473    0.3161   1.815e-06  p
clknet_1_1__leaf_net602     1.80    0.004    0.450    0.2832   1.810e-06  p
net486                      1.80    0.005    0.655    0.2253   1.809e-06  p
net669                      1.80    0.003    0.432    0.3262   1.804e-06  p
net411                      1.80    0.005    0.595    0.2133   1.804e-06  p
net147                      1.80    0.004    0.446    0.2918   1.789e-06  p
net151                      1.80    0.009    0.471    0.1175   1.789e-06  p
net304                      1.80    0.003    0.593    0.3370   1.764e-06  p
net656                      1.80    0.003    0.504    0.3717   1.763e-06  p
net363                      1.80    0.004    0.336    0.2630   1.759e-06  p
net407                      1.80    0.003    0.542    0.3139   1.753e-06  p
net893                      1.80    0.045    0.078    0.0238   1.751e-06  p
net644                      1.80    0.005    0.528    0.2174   1.742e-06  p
clknet_1_0__leaf_net389     1.80    0.006    0.352    0.1863   1.738e-06  p
net1033                     1.80    0.005    0.699    0.2050   1.733e-06  p
net525                      1.80    0.006    0.662    0.1920   1.722e-06  p
net299                      1.80    0.004    0.616    0.2404   1.721e-06  p
clknet_0_net817             1.80    0.019    0.282    0.0574   1.721e-06  p
clknet_1_0__leaf_net170     1.80    0.006    0.516    0.1755   1.713e-06  p
net621                      1.80    0.004    0.414    0.2494   1.701e-06  p
clknet_1_1__leaf_net276     1.80    0.004    0.499    0.2489   1.701e-06  p
clknet_0_net818             1.80    0.021    0.245    0.0503   1.699e-06  p
net818                      1.80    0.021    0.245    0.0503   1.696e-06  p
net512                      1.80    0.006    0.360    0.1691   1.687e-06  p
net137                      1.80    0.004    0.626    0.2899   1.682e-06  p
net265                      1.80    0.003    0.583    0.3403   1.682e-06  p
net17                       1.80    0.007    0.577    0.1515   1.680e-06  p
net394                      1.80    0.003    0.517    0.3433   1.676e-06  p
net685                      1.80    0.006    0.844    0.1771   1.669e-06  p
net182                      1.80    0.004    0.572    0.2519   1.669e-06  p
net144                      1.80    0.003    0.588    0.3890   1.667e-06  p
clknet_1_1__leaf_net170     1.80    0.006    0.516    0.1755   1.662e-06  p
net128                      1.80    0.005    0.520    0.2045   1.661e-06  p
net1082                     1.80    0.032    0.535    0.0321   1.658e-06  p
net388                      1.80    0.004    0.454    0.2817   1.656e-06  p
clknet_1_0__leaf_net910     1.80    0.003    0.518    0.2926   1.654e-06  p
net291                      1.80    0.003    0.491    0.3603   1.653e-06  p
net133                      1.80    0.007    0.552    0.1372   1.649e-06  p
clknet_0_net776             1.80    0.021    0.228    0.0474   1.646e-06  p
net670                      1.80    0.002    0.498    0.4478   1.642e-06  p
net646                      1.80    0.004    0.609    0.2488   1.642e-06  p
net353                      1.80    0.003    0.495    0.2943   1.631e-06  p
net403                      1.80    0.004    0.563    0.2809   1.617e-06  p
net406                      1.80    0.004    0.509    0.2795   1.615e-06  p
net244                      1.80    0.003    0.483    0.2869   1.615e-06  p
net758                      1.80    0.018    0.282    0.0567   1.615e-06  p
net900                      1.80    0.005    0.608    0.2186   1.606e-06  p
net585                      1.80    0.004    0.544    0.2389   1.602e-06  p
net693                      1.80    0.007    0.877    0.1337   1.602e-06  p
net773                      1.80    0.041    0.503    0.0238   1.596e-06  p
net397                      1.80    0.003    0.560    0.3282   1.588e-06  p
net637                      1.80    0.003    0.422    0.3742   1.584e-06  p
net255                      1.80    0.003    0.461    0.2952   1.575e-06  p
net431                      1.80    0.009    0.883    0.1031   1.564e-06  p
clknet_0_net796             1.80    0.019    0.254    0.0499   1.560e-06  p
net633                      1.80    0.008    0.503    0.1136   1.559e-06  p
net166                      1.80    0.005    0.541    0.2026   1.544e-06  p
net578                      1.80    0.007    0.281    0.1452   1.538e-06  p
net184                      1.80    0.003    0.615    0.3631   1.537e-06  p
net399                      1.80    0.005    0.525    0.2044   1.531e-06  p
net759                      1.80    0.020    0.238    0.0477   1.530e-06  p
net710                      1.80    0.014    0.360    0.0696   1.523e-06  p
clknet_1_1__leaf_net180     1.80    0.003    0.526    0.2838   1.514e-06  p
net175                      1.80    0.004    0.472    0.2600   1.513e-06  p
net228                      1.80    0.004    0.588    0.2663   1.511e-06  p
net307                      1.80    0.003    0.472    0.3037   1.509e-06  p
net292                      1.80    0.003    0.513    0.2741   1.507e-06  p
clknet_1_0__leaf_net818     1.80    0.018    0.245    0.0503   1.502e-06  p
net658                      1.80    0.003    0.505    0.3223   1.498e-06  p
net260                      1.80    0.004    0.510    0.2316   1.497e-06  p
net290                      1.80    0.003    0.500    0.2896   1.493e-06  p
net249                      1.80    0.003    0.497    0.2837   1.489e-06  p
clknet_0_net777             1.80    0.020    0.229    0.0458   1.488e-06  p
clknet_1_0__leaf_net911     1.80    0.003    0.431    0.2908   1.483e-06  p
net563                      1.80    0.004    0.571    0.2374   1.477e-06  p
net168                      1.80    0.003    0.509    0.3137   1.475e-06  p
clknet_0_net798             1.80    0.018    0.250    0.0502   1.471e-06  p
net800                      1.80    0.007    0.478    0.1315   1.466e-06  p
net665                      1.80    0.003    0.614    0.3590   1.462e-06  p
clknet_1_1__leaf_net611     1.80    0.004    0.463    0.2510   1.455e-06  p
net797                      1.80    0.014    0.303    0.0634   1.449e-06  p
net352                      1.80    0.024    0.087    0.0364   1.433e-06  p
net645                      1.80    0.007    0.691    0.1359   1.432e-06  p
net815                      1.80    0.037    0.582    0.0239   1.430e-06  p
net757                      1.80    0.037    0.485    0.0235   1.425e-06  p
net466                      1.80    0.015    0.263    0.0572   1.419e-06  p
net163                      1.80    0.006    0.558    0.1547   1.413e-06  p
net501                      1.80    0.004    0.533    0.2087   1.411e-06  p
net301                      1.80    0.003    0.580    0.3431   1.394e-06  p
net667                      1.80    0.022    0.174    0.0385   1.387e-06  p
net565                      1.80    0.004    0.447    0.2345   1.386e-06  p
net1054                     1.80    0.011    0.167    0.0759   1.382e-06  p
net278                      1.80    0.003    0.505    0.2820   1.369e-06  p
net614                      1.80    0.003    0.549    0.3065   1.368e-06  p
net462                      1.80    0.008    0.547    0.1023   1.366e-06  p
net728                      1.80    0.039    0.942    0.0216   1.365e-06  p
net478                      1.80    0.005    0.513    0.1864   1.361e-06  p
net754                      1.80    0.033    0.587    0.0251   1.357e-06  p
net631                      1.80    0.006    0.634    0.1347   1.357e-06  p
net367                      1.80    0.009    0.070    0.0953   1.346e-06  p
net189                      1.80    0.005    0.556    0.1600   1.346e-06  p
net332                      1.80    0.004    0.770    0.1883   1.340e-06  p
clknet_1_0__leaf_net420     1.80    0.003    0.540    0.2403   1.337e-06  p
net599                      1.80    0.005    0.389    0.1797   1.334e-06  p
net526                      1.80    0.005    0.518    0.1728   1.332e-06  p
net1077                     1.80    0.004    0.502    0.1835   1.326e-06  p
net280                      1.80    0.003    0.478    0.3233   1.322e-06  p
net524                      1.80    0.004    0.524    0.2049   1.321e-06  p
net635                      1.80    0.002    0.551    0.4174   1.318e-06  p
net892                      1.80    0.006    0.576    0.1257   1.309e-06  p
net603                      1.80    0.003    0.484    0.2763   1.302e-06  p
net674                      1.80    0.033    0.045    0.0243   1.301e-06  pm
net559                      1.80    0.003    0.414    0.2749   1.297e-06  p
net594                      1.80    0.003    0.577    0.2324   1.289e-06  p
net167                      1.80    0.003    0.620    0.2469   1.289e-06  p
net453                      1.80    0.006    0.769    0.1241   1.286e-06  p
net226                      1.80    0.006    0.709    0.1431   1.280e-06  p
net1032                     1.80    0.004    0.699    0.2050   1.267e-06  p
net27                       1.80    0.007    0.625    0.1200   1.264e-06  p
net561                      1.80    0.003    0.441    0.2858   1.252e-06  p
net755                      1.80    0.031    0.529    0.0246   1.242e-06  p
net253                      1.80    0.003    0.509    0.2657   1.236e-06  p
net432                      1.80    0.005    0.237    0.1504   1.234e-06  p
clknet_1_0__leaf_net710     1.80    0.011    0.360    0.0696   1.215e-06  p
net377                      1.80    0.003    0.554    0.2299   1.214e-06  p
clknet_1_0__leaf_net924     1.80    0.004    0.781    0.1765   1.212e-06  p
clknet_1_1__leaf_net710     1.80    0.011    0.360    0.0696   1.211e-06  p
clknet_1_0__leaf_net577     1.80    0.005    0.393    0.1600   1.207e-06  p
net714                      1.80    0.030    0.049    0.0247   1.201e-06  p
net417                      1.80    0.003    0.451    0.2704   1.198e-06  p
net752                      1.80    0.030    0.515    0.0244   1.197e-06  p
net148                      1.80    0.002    0.544    0.3105   1.192e-06  p
net715                      1.80    0.034    0.953    0.0219   1.190e-06  p
net357                      1.80    0.002    0.612    0.2938   1.189e-06  p
net543                      1.80    0.015    0.174    0.0473   1.178e-06  p
clknet_1_1__leaf_net798     1.80    0.014    0.250    0.0502   1.177e-06  p
net515                      1.80    0.003    0.503    0.2773   1.171e-06  p
net250                      1.80    0.006    0.468    0.1219   1.167e-06  p
net428                      1.80    0.007    0.339    0.1023   1.163e-06  p
net312                      1.80    0.003    0.574    0.2292   1.159e-06  p
net372                      1.80    0.004    0.528    0.1667   1.158e-06  p
net440                      1.80    0.003    0.593    0.2365   1.154e-06  p
clknet_1_0__leaf_net798     1.80    0.014    0.250    0.0502   1.153e-06  p
net289                      1.80    0.002    0.462    0.3216   1.147e-06  p
net663                      1.80    0.019    0.087    0.0364   1.143e-06  p
net1052                     1.80    0.005    0.288    0.1358   1.140e-06  p
net776                      1.80    0.015    0.228    0.0474   1.139e-06  p
net455                      1.80    0.003    0.571    0.2682   1.130e-06  p
net494                      1.80    0.004    0.640    0.1959   1.127e-06  p
net551                      1.80    0.010    0.690    0.0692   1.124e-06  p
net672                      1.80    0.022    0.261    0.0315   1.119e-06  p
net575                      1.80    0.003    0.648    0.2012   1.119e-06  p
net473                      1.80    0.003    0.530    0.2464   1.118e-06  p
clknet_1_1__leaf_net532     1.80    0.003    0.415    0.2524   1.106e-06  p
net178                      1.80    0.003    0.704    0.2493   1.096e-06  p
clknet_1_1__leaf_net911     1.80    0.002    0.431    0.2908   1.088e-06  p
net516                      1.80    0.003    0.481    0.2375   1.082e-06  p
net1064                     1.80    0.006    0.582    0.1126   1.080e-06  p
net748                      1.80    0.019    0.927    0.0341   1.076e-06  p
net720                      1.80    0.023    0.034    0.0284   1.071e-06  p
net542                      1.80    0.014    0.824    0.0475   1.070e-06  p
clknet_1_1__leaf_net420     1.80    0.003    0.540    0.2403   1.070e-06  p
net187                      1.80    0.004    0.515    0.1514   1.068e-06  p
net796                      1.80    0.013    0.254    0.0499   1.066e-06  p
net921                      1.80    0.029    0.396    0.0230   1.063e-06  p
net288                      1.80    0.002    0.627    0.3084   1.062e-06  p
net810                      1.80    0.028    0.446    0.0231   1.062e-06  p
net393                      1.80    0.002    0.526    0.2818   1.059e-06  p
net65                       1.80    0.021    0.540    0.0313   1.058e-06  p
clknet_1_1__leaf_net608     1.80    0.005    0.361    0.1392   1.057e-06  p
net419                      1.80    0.003    0.542    0.2200   1.055e-06  p
net886                      1.80    0.028    0.979    0.0231   1.046e-06  p
clknet_1_1__leaf_net179     1.80    0.002    0.571    0.2659   1.035e-06  p
clknet_1_1__leaf_net818     1.80    0.013    0.245    0.0503   1.026e-06  p
net876                      1.80    0.006    0.500    0.1000   1.016e-06  a
net556                      1.80    0.002    0.446    0.2806   1.015e-06  p
net361                      1.80    0.002    0.524    0.2897   1.015e-06  p
net369                      1.80    0.002    0.517    0.2935   1.015e-06  p
clknet_1_0__leaf_net777     1.80    0.014    0.229    0.0458   1.014e-06  p
clknet_1_1__leaf_net600     1.80    0.003    0.263    0.1933   1.013e-06  p
net544                      1.80    0.004    0.608    0.1519   1.003e-06  p
net169                      1.80    0.003    0.575    0.2123   9.966e-07  p
net373                      1.80    0.004    0.494    0.1570   9.937e-07  p
net743                      1.80    0.049    0.484    0.0125   9.905e-07  p
clknet_1_1__leaf_net777     1.80    0.013    0.229    0.0458   9.783e-07  p
net1078                     1.80    0.004    0.693    0.1655   9.779e-07  p
net634                      1.80    0.002    0.545    0.2431   9.694e-07  p
net771                      1.80    0.026    0.594    0.0232   9.686e-07  p
net503                      1.80    0.003    0.439    0.2231   9.686e-07  p
net374                      1.80    0.003    0.451    0.1919   9.528e-07  p
clknet_1_0__leaf_net610     1.80    0.002    0.370    0.2505   9.523e-07  p
clknet_1_1__leaf_net511     1.80    0.003    0.565    0.1816   9.481e-07  p
clknet_1_1__leaf_net281     1.80    0.002    0.563    0.2443   9.332e-07  p
clknet_1_0__leaf_net611     1.80    0.002    0.463    0.2510   9.331e-07  p
net580                      1.80    0.002    0.400    0.2755   9.291e-07  p
net57                       1.80    0.002    0.539    0.2351   9.289e-07  p
net562                      1.80    0.002    0.524    0.2422   9.282e-07  p
net506                      1.80    0.003    0.490    0.2004   9.276e-07  p
net460                      1.80    0.013    0.453    0.0432   9.251e-07  p
net550                      1.80    0.008    0.310    0.0692   9.193e-07  p
clknet_1_1__leaf_net186     1.80    0.004    0.462    0.1310   9.190e-07  p
net414                      1.80    0.002    0.658    0.2583   9.163e-07  p
net722                      1.80    0.022    0.029    0.0252   9.110e-07  p
net344                      1.80    0.002    0.314    0.2321   9.091e-07  p
net817                      1.80    0.010    0.282    0.0574   9.075e-07  p
net545                      1.80    0.007    0.354    0.0787   9.034e-07  p
net753                      1.80    0.022    0.405    0.0250   9.001e-07  p
net308                      1.80    0.002    0.553    0.2816   9.001e-07  p
net351                      1.80    0.004    0.168    0.1254   8.934e-07  p
net573                      1.80    0.002    0.418    0.2609   8.930e-07  p
net445                      1.80    0.002    0.530    0.2487   8.789e-07  p
net472                      1.80    0.002    0.516    0.2531   8.756e-07  p
clknet_1_1__leaf_net610     1.80    0.002    0.370    0.2505   8.737e-07  p
out43                       1.80    0.002    0.518    0.2926   8.723e-07  p
clknet_1_0__leaf_net817     1.80    0.009    0.282    0.0574   8.690e-07  p
net903                      1.80    0.004    0.529    0.1208   8.675e-07  p
net285                      1.80    0.002    0.538    0.2343   8.584e-07  p
net310                      1.80    0.002    0.550    0.2313   8.550e-07  p
clknet_1_0__leaf_net532     1.80    0.002    0.415    0.2524   8.481e-07  p
net555                      1.80    0.002    0.505    0.2330   8.369e-07  p
net384                      1.80    0.003    0.519    0.1698   8.362e-07  p
net376                      1.80    0.002    0.600    0.2092   8.358e-07  p
net795                      1.80    0.022    0.517    0.0235   8.339e-07  p
net444                      1.80    0.002    0.599    0.2306   8.294e-07  p
net540                      1.80    0.003    0.728    0.1769   8.210e-07  p
net1063                     1.80    0.004    0.478    0.1315   8.176e-07  p
net574                      1.80    0.003    0.585    0.1664   8.066e-07  p
clknet_1_0__leaf_net608     1.80    0.004    0.361    0.1392   7.978e-07  p
net424                      1.80    0.003    0.599    0.1674   7.955e-07  p
net1043                     1.80    0.003    0.612    0.1715   7.911e-07  p
net300                      1.80    0.002    0.532    0.2505   7.804e-07  p
net675                      1.80    0.020    0.954    0.0245   7.781e-07  p
net777                      1.80    0.010    0.229    0.0458   7.744e-07  p
net173                      1.80    0.013    0.166    0.0374   7.722e-07  p
net601                      1.80    0.003    0.455    0.1499   7.710e-07  p
net790                      1.80    0.020    0.554    0.0238   7.624e-07  p
clknet_1_0__leaf_net776     1.80    0.010    0.228    0.0474   7.553e-07  p
net203                      1.80    0.003    0.727    0.1768   7.515e-07  p
net468                      1.80    0.002    0.506    0.1875   7.452e-07  p
net713                      1.80    0.018    0.949    0.0250   7.276e-07  p
net704                      1.80    0.032    0.503    0.0140   7.268e-07  p
clknet_1_0__leaf_net391     1.80    0.002    0.542    0.2537   7.265e-07  p
net576                      1.80    0.002    0.573    0.2079   7.172e-07  p
out16                       1.80    0.002    0.396    0.2787   7.148e-07  p
net803                      1.80    0.003    0.558    0.1343   7.129e-07  p
clknet_1_1__leaf_net924     1.80    0.002    0.781    0.1765   7.081e-07  p
clknet_1_1__leaf_net796     1.80    0.009    0.254    0.0499   6.920e-07  p
clknet_1_0__leaf_net615     1.80    0.002    0.405    0.1939   6.914e-07  p
net234                      1.80    0.002    0.733    0.1763   6.911e-07  p
net623                      1.80    0.002    0.545    0.2715   6.908e-07  p
net1046                     1.80    0.003    0.520    0.1314   6.897e-07  p
net1041                     1.80    0.013    0.535    0.0321   6.894e-07  p
net558                      1.80    0.002    0.332    0.1918   6.879e-07  p
net746                      1.80    0.014    0.923    0.0311   6.869e-07  p
net798                      1.80    0.008    0.250    0.0502   6.646e-07  p
net475                      1.80    0.003    0.526    0.1455   6.609e-07  p
net816                      1.80    0.017    0.492    0.0243   6.502e-07  p
net677                      1.80    0.014    0.943    0.0285   6.491e-07  p
clknet_1_1__leaf_net389     1.80    0.002    0.352    0.1863   6.350e-07  p
net1058                     1.80    0.005    0.298    0.0852   6.289e-07  p
out45                       1.80    0.002    0.677    0.2483   6.284e-07  p
net449                      1.80    0.002    0.768    0.1783   6.226e-07  p
net1048                     1.80    0.016    0.485    0.0235   6.225e-07  p
net724                      1.80    0.011    0.066    0.0339   6.082e-07  p
net1062                     1.80    0.002    0.237    0.1504   6.058e-07  p
net655                      1.80    0.012    0.097    0.0302   6.004e-07  p
net814                      1.80    0.018    0.646    0.0209   5.983e-07  p
net306                      1.80    0.003    0.573    0.1353   5.982e-07  p
net436                      1.80    0.012    0.066    0.0315   5.952e-07  p
net579                      1.80    0.003    0.595    0.1276   5.945e-07  p
net624                      1.80    0.002    0.518    0.1524   5.923e-07  p
net799                      1.80    0.003    0.520    0.1314   5.827e-07  p
net297                      1.80    0.002    0.549    0.2134   5.811e-07  p
clknet_1_0__leaf_net186     1.80    0.003    0.462    0.1310   5.776e-07  p
net1053                     1.80    0.003    0.769    0.1241   5.675e-07  p
net341                      1.80    0.009    0.087    0.0364   5.603e-07  p
out18                       1.80    0.001    0.524    0.2799   5.487e-07  p
net811                      1.80    0.015    0.543    0.0229   5.446e-07  p
net452                      1.80    0.003    0.230    0.1238   5.288e-07  p
net174                      1.80    0.009    0.834    0.0374   5.279e-07  p
net1068                     1.80    0.003    0.730    0.0969   5.242e-07  p
out34                       1.80    0.001    0.514    0.3540   5.176e-07  p
net237                      1.80    0.002    0.190    0.1356   5.160e-07  p
net654                      1.80    0.010    0.901    0.0305   5.143e-07  p
clknet_1_1__leaf_net758     1.80    0.006    0.282    0.0567   5.098e-07  p
net794                      1.80    0.013    0.528    0.0233   5.044e-07  p
net1050                     1.80    0.010    0.928    0.0307   4.984e-07  p
net813                      1.80    0.013    0.430    0.0235   4.974e-07  p
net927                      1.80    0.024    0.614    0.0125   4.896e-07  p
out8                        1.80    0.001    0.488    0.2509   4.707e-07  p
out17                       1.80    0.001    0.611    0.3213   4.666e-07  p
net66                       1.80    0.009    0.460    0.0313   4.623e-07  p
net652                      1.80    0.009    0.096    0.0313   4.516e-07  p
net725                      1.80    0.008    0.932    0.0343   4.205e-07  p
net716                      1.80    0.012    0.045    0.0216   4.188e-07  p
net678                      1.80    0.011    0.955    0.0235   4.171e-07  p
out58                       1.80    0.001    0.781    0.1765   4.170e-07  p
net741                      1.80    0.022    0.474    0.0117   4.150e-07  p
net161                      1.80    0.006    0.603    0.0441   4.022e-07  p
out23                       1.80    0.001    0.580    0.2639   3.988e-07  p
net751                      1.80    0.010    0.476    0.0245   3.826e-07  p
clknet_1_0__leaf_net796     1.80    0.005    0.254    0.0499   3.825e-07  p
net770                      1.80    0.010    0.372    0.0227   3.803e-07  p
net723                      1.80    0.009    0.970    0.0256   3.729e-07  p
out37                       1.80    0.001    0.548    0.2840   3.707e-07  p
out2                        1.80    0.001    0.502    0.2041   3.659e-07  p
out53                       1.80    0.001    0.453    0.2561   3.654e-07  p
out4                        1.80    0.001    0.452    0.2519   3.628e-07  p
net435                      1.80    0.007    0.933    0.0317   3.501e-07  p
out7                        1.80    0.001    0.607    0.2030   3.302e-07  p
net681                      1.80    0.012    0.969    0.0166   3.288e-07  p
out50                       1.80    0.001    0.480    0.3489   3.204e-07  p
net651                      1.80    0.006    0.902    0.0316   3.196e-07  p
out27                       1.80    0.001    0.235    0.1861   3.089e-07  p
clknet_1_1__leaf_net817     1.80    0.003    0.282    0.0574   3.063e-07  p
out15                       1.80    0.001    0.488    0.1597   3.044e-07  p
net747                      1.80    0.006    0.075    0.0308   3.025e-07  p
out29                       1.80    0.001    0.869    0.2060   3.015e-07  p
out51                       1.80    0.001    0.737    0.1992   2.978e-07  p
net792                      1.80    0.010    0.682    0.0186   2.977e-07  p
net1055                     1.80    0.008    0.396    0.0230   2.891e-07  p
out5                        1.80    0.001    0.555    0.1371   2.828e-07  p
clknet_1_1__leaf_net776     1.80    0.004    0.228    0.0474   2.824e-07  p
out46                       1.80    0.001    0.722    0.1918   2.795e-07  p
out31                       1.80    0.001    0.608    0.2186   2.787e-07  p
net1057                     1.80    0.007    0.515    0.0239   2.771e-07  p
out26                       1.80    0.001    0.659    0.1765   2.693e-07  p
out56                       1.80    0.001    0.502    0.1835   2.617e-07  p
out3                        1.80    0.001    0.573    0.1738   2.561e-07  p
out57                       1.80    0.000    0.580    0.3170   2.542e-07  p
out42                       1.80    0.001    0.551    0.1340   2.474e-07  p
net1061                     1.80    0.004    0.087    0.0364   2.417e-07  p
out48                       1.80    0.001    0.655    0.1641   2.331e-07  p
net465                      1.80    0.002    0.737    0.0572   2.295e-07  p
net1049                     1.80    0.005    0.405    0.0250   2.219e-07  p
out44                       1.80    0.000    0.431    0.2908   2.187e-07  p
out21                       1.80    0.001    0.540    0.1326   2.177e-07  p
net1047                     1.80    0.005    0.492    0.0243   2.121e-07  p
net742                      1.80    0.011    0.518    0.0116   2.104e-07  p
out41                       1.80    0.001    0.155    0.2131   2.022e-07  p
out14                       1.80    0.001    0.545    0.1319   2.006e-07  p
out40                       1.80    0.001    0.625    0.1313   2.001e-07  p
out28                       1.80    0.001    0.452    0.1023   1.958e-07  p
out10                       1.80    0.001    0.540    0.1360   1.950e-07  p
out60                       1.80    0.001    0.698    0.1512   1.861e-07  p
out22                       1.80    0.000    0.737    0.2228   1.785e-07  p
out52                       1.80    0.001    0.627    0.1716   1.761e-07  p
net1066                     1.80    0.004    0.075    0.0308   1.757e-07  p
out35                       1.80    0.001    0.529    0.1208   1.754e-07  p
net245                      1.80    0.003    0.944    0.0330   1.722e-07  p
net1060                     1.80    0.003    0.932    0.0317   1.717e-07  p
out20                       1.80    0.001    0.594    0.1088   1.717e-07  p
out9                        1.80    0.001    0.172    0.1982   1.645e-07  p
out59                       1.80    0.001    0.505    0.1565   1.561e-07  p
net1070                     1.80    0.006    0.503    0.0140   1.462e-07  p
net812                      1.80    0.004    0.558    0.0238   1.422e-07  p
net1067                     1.80    0.004    0.372    0.0227   1.404e-07  p
net789                      1.80    0.004    0.436    0.0239   1.372e-07  p
out54                       1.80    0.000    0.461    0.1646   1.326e-07  p
net769                      1.80    0.003    0.618    0.0227   1.279e-07  p
out1                        1.80    0.001    0.411    0.0808   1.253e-07  p
net1065                     1.80    0.003    0.618    0.0227   1.250e-07  p
out24                       1.80    0.001    0.576    0.1257   1.170e-07  p
net1051                     1.80    0.004    0.682    0.0186   1.122e-07  p
net791                      1.80    0.003    0.305    0.0185   1.030e-07  p
out32                       1.80    0.001    0.338    0.0675   9.225e-08  p
out0                        1.80    0.002    0.038    0.0355   8.899e-08  p
net235                      1.80    0.001    0.439    0.0868   8.278e-08  pm
out19                       1.80    0.002    0.979    0.0238   6.350e-08  p
out30                       1.80    0.001    0.060    0.0288   4.206e-08  p
net251                      1.80    0.001    0.097    0.0220   3.902e-08  pm
out36                       1.80    0.001    0.473    0.0470   3.850e-08  p
out25                       1.80    0.001    0.078    0.0238   2.417e-08  p
out61                       1.80    0.001    0.614    0.0125   1.811e-08  p
out55                       1.80    0.000    0.396    0.0230   1.801e-08  p
net598                      1.80    0.001    0.486    0.0143   1.463e-08  pm
--------------------------------------------------------------------------------
Total (1284 nets)                                              9.397e-03 Watt



                                      Int      Switch   Leak      Total
Hierarchy                             Power    Power    Power     Power    %
--------------------------------------------------------------------------------
netlist_0                             8.33e-03 9.40e-03 9.57e-09  1.77e-02 100.0
1
