****************************************
Report : Averaged Power
	-net_power
	-hierarchy
	-sort_by net_switching_power
	-power_greater_than       0
	-nosplit
Design : netlist_0
Version: Q-2019.12-SP1
Date   : Mon Aug 19 15:29:06 2024
****************************************



  Attributes
  ----------
      a  -  Switching activity information / Switching power information annotated on net
      p  -  Propagated switching activity information on net
      d  -  Default switching activity used on net
      u  -  Net switching activity uninitialized
      m  -  Net is driven by multiple pins
      b  -  Net is a primary input (boundary net)

		Toggle rates reported with respect to time unit 1ns
--------------------------------------------------------------------------------
                                  Total      Static   Toggle   Switching
Net                         Vdd   Net Load   Prob.    Rate     Power      Attrs
--------------------------------------------------------------------------------
net838                      1.80    0.107    0.425    0.2152   3.746e-05  p
net839                      1.80    0.095    0.573    0.2154   3.318e-05  p
net813                      1.80    0.130    0.498    0.1475   3.102e-05  p
net54                       1.80    0.096    0.344    0.1888   2.951e-05  p
net804                      1.80    0.115    0.315    0.1447   2.700e-05  p
net820                      1.80    0.093    0.396    0.1788   2.685e-05  p
net265                      1.80    0.055    0.404    0.2590   2.324e-05  p
net668                      1.80    0.138    0.500    0.1000   2.237e-05  a
net629                      1.80    0.136    0.500    0.1000   2.197e-05  a
net819                      1.80    0.076    0.396    0.1788   2.189e-05  p
net807                      1.80    0.093    0.320    0.1424   2.156e-05  p
net625                      1.80    0.129    0.500    0.1000   2.089e-05  a
net843                      1.80    0.122    0.500    0.1000   1.975e-05  a
net847                      1.80    0.120    0.500    0.1000   1.951e-05  a
net77                       1.80    0.052    0.665    0.2200   1.850e-05  p
net744                      1.80    0.144    0.126    0.0790   1.838e-05  p
net844                      1.80    0.113    0.500    0.1000   1.833e-05  a
net626                      1.80    0.110    0.500    0.1000   1.778e-05  a
net808                      1.80    0.071    0.377    0.1501   1.731e-05  p
net805                      1.80    0.086    0.376    0.1224   1.709e-05  p
net628                      1.80    0.100    0.500    0.1000   1.620e-05  a
net22                       1.80    0.101    0.250    0.0972   1.594e-05  p
net679                      1.80    0.098    0.500    0.1000   1.583e-05  a
net753                      1.80    0.045    0.573    0.2154   1.580e-05  p
net690                      1.80    0.096    0.500    0.1000   1.563e-05  a
net656                      1.80    0.095    0.500    0.1000   1.546e-05  a
net123                      1.80    0.078    0.623    0.1219   1.544e-05  p
net846                      1.80    0.095    0.500    0.1000   1.538e-05  a
net40                       1.80    0.056    0.417    0.1687   1.531e-05  p
net182                      1.80    0.094    0.500    0.1000   1.520e-05  a
net683                      1.80    0.094    0.500    0.1000   1.518e-05  a
net962                      1.80    0.094    0.500    0.1000   1.515e-05  a
net602                      1.80    0.043    0.425    0.2152   1.488e-05  p
net139                      1.80    0.082    0.212    0.1103   1.467e-05  p
clknet_2_2__leaf_clk        1.80    0.090    0.500    0.1000   1.457e-05  a
net667                      1.80    0.089    0.500    0.1000   1.448e-05  a
net651                      1.80    0.089    0.500    0.1000   1.435e-05  a
clknet_0_clk                1.80    0.088    0.500    0.1000   1.425e-05  a
net830                      1.80    0.120    0.131    0.0724   1.409e-05  p
net657                      1.80    0.086    0.500    0.1000   1.387e-05  a
net637                      1.80    0.085    0.500    0.1000   1.380e-05  a
net660                      1.80    0.084    0.500    0.1000   1.357e-05  a
net642                      1.80    0.084    0.500    0.1000   1.354e-05  a
net650                      1.80    0.083    0.500    0.1000   1.349e-05  a
net989                      1.80    0.082    0.500    0.1000   1.326e-05  a
net653                      1.80    0.082    0.500    0.1000   1.325e-05  a
net631                      1.80    0.081    0.500    0.1000   1.308e-05  a
net702                      1.80    0.081    0.500    0.1000   1.305e-05  a
clknet_2_0__leaf_clk        1.80    0.079    0.500    0.1000   1.286e-05  a
net859                      1.80    0.037    0.512    0.2150   1.282e-05  p
net735                      1.80    0.055    0.315    0.1447   1.280e-05  p
net639                      1.80    0.079    0.500    0.1000   1.275e-05  a
net654                      1.80    0.079    0.500    0.1000   1.274e-05  a
net672                      1.80    0.078    0.500    0.1000   1.268e-05  a
net698                      1.80    0.078    0.500    0.1000   1.263e-05  a
net260                      1.80    0.039    0.859    0.1982   1.259e-05  p
net636                      1.80    0.078    0.500    0.1000   1.256e-05  a
net685                      1.80    0.076    0.500    0.1000   1.234e-05  a
net71                       1.80    0.052    0.343    0.1460   1.228e-05  p
net641                      1.80    0.075    0.500    0.1000   1.222e-05  a
net722                      1.80    0.075    0.500    0.1000   1.220e-05  a
net643                      1.80    0.074    0.500    0.1000   1.191e-05  a
net976                      1.80    0.047    0.358    0.1543   1.185e-05  p
net646                      1.80    0.073    0.500    0.1000   1.184e-05  a
net42                       1.80    0.059    0.206    0.1233   1.183e-05  p
net891                      1.80    0.072    0.500    0.1000   1.159e-05  a
net870                      1.80    0.048    0.498    0.1475   1.157e-05  p
clknet_2_3__leaf_clk        1.80    0.069    0.500    0.1000   1.125e-05  a
net37                       1.80    0.064    0.224    0.1083   1.123e-05  p
net635                      1.80    0.069    0.500    0.1000   1.116e-05  a
net797                      1.80    0.057    0.553    0.1213   1.112e-05  p
net681                      1.80    0.068    0.500    0.1000   1.097e-05  a
net387                      1.80    0.059    0.522    0.1100   1.056e-05  p
net835                      1.80    0.067    0.252    0.0978   1.054e-05  p
net987                      1.80    0.059    0.212    0.1103   1.049e-05  p
net961                      1.80    0.090    0.124    0.0707   1.036e-05  p
net829                      1.80    0.088    0.131    0.0724   1.036e-05  p
net633                      1.80    0.064    0.500    0.1000   1.032e-05  a
net302                      1.80    0.025    0.483    0.2497   1.025e-05  p
net731                      1.80    0.089    0.120    0.0705   1.020e-05  p
net782                      1.80    0.048    0.441    0.1309   1.019e-05  p
net833                      1.80    0.064    0.253    0.0988   1.019e-05  p
net832                      1.80    0.063    0.253    0.0988   1.012e-05  p
net38                       1.80    0.046    0.205    0.1344   1.008e-05  p
net671                      1.80    0.062    0.500    0.1000   1.006e-05  a
net61                       1.80    0.038    0.362    0.1643   1.004e-05  p
net632                      1.80    0.061    0.500    0.1000   9.962e-06  a
net638                      1.80    0.061    0.500    0.1000   9.841e-06  a
net845                      1.80    0.060    0.500    0.1000   9.736e-06  a
net153                      1.80    0.051    0.276    0.1155   9.588e-06  p
net709                      1.80    0.059    0.500    0.1000   9.553e-06  a
net647                      1.80    0.059    0.500    0.1000   9.502e-06  a
net691                      1.80    0.059    0.500    0.1000   9.486e-06  a
net634                      1.80    0.057    0.500    0.1000   9.295e-06  a
net861                      1.80    0.034    0.400    0.1705   9.257e-06  p
net858                      1.80    0.068    0.142    0.0843   9.244e-06  p
net733                      1.80    0.038    0.377    0.1501   9.126e-06  p
net662                      1.80    0.056    0.500    0.1000   9.026e-06  a
net834                      1.80    0.056    0.253    0.0988   9.021e-06  p
net824                      1.80    0.078    0.124    0.0707   8.970e-06  p
net892                      1.80    0.045    0.376    0.1224   8.932e-06  p
net982                      1.80    0.034    0.735    0.1597   8.847e-06  p
net354                      1.80    0.054    0.159    0.1004   8.843e-06  p
clknet_2_1__leaf_clk        1.80    0.054    0.500    0.1000   8.669e-06  a
net699                      1.80    0.053    0.500    0.1000   8.652e-06  a
net692                      1.80    0.052    0.500    0.1000   8.403e-06  a
net216                      1.80    0.036    0.320    0.1424   8.390e-06  p
net848                      1.80    0.052    0.500    0.1000   8.380e-06  a
net713                      1.80    0.052    0.500    0.1000   8.359e-06  a
net673                      1.80    0.051    0.500    0.1000   8.336e-06  a
net674                      1.80    0.051    0.500    0.1000   8.315e-06  a
net271                      1.80    0.036    0.620    0.1402   8.080e-06  p
net956                      1.80    0.050    0.253    0.0988   7.983e-06  p
net115                      1.80    0.049    0.173    0.1003   7.977e-06  p
net767                      1.80    0.046    0.771    0.1054   7.825e-06  p
net365                      1.80    0.030    0.611    0.1593   7.817e-06  p
net726                      1.80    0.066    0.094    0.0733   7.785e-06  p
net645                      1.80    0.048    0.500    0.1000   7.777e-06  a
net44                       1.80    0.030    0.323    0.1613   7.769e-06  p
clknet_0_net282             1.80    0.022    0.371    0.2140   7.749e-06  p
net664                      1.80    0.048    0.500    0.1000   7.697e-06  a
net823                      1.80    0.066    0.124    0.0707   7.593e-06  p
net630                      1.80    0.047    0.500    0.1000   7.585e-06  a
net45                       1.80    0.048    0.193    0.0975   7.561e-06  p
net751                      1.80    0.030    0.435    0.1501   7.335e-06  p
net259                      1.80    0.016    0.491    0.2899   7.320e-06  p
net677                      1.80    0.045    0.500    0.1000   7.239e-06  a
net661                      1.80    0.044    0.500    0.1000   7.184e-06  a
net187                      1.80    0.033    0.369    0.1345   7.183e-06  p
net849                      1.80    0.038    0.203    0.1161   7.172e-06  p
net31                       1.80    0.061    0.131    0.0724   7.168e-06  p
net137                      1.80    0.031    0.239    0.1402   7.135e-06  p
net463                      1.80    0.040    0.751    0.1092   7.125e-06  p
net248                      1.80    0.020    0.573    0.2154   7.111e-06  p
net659                      1.80    0.044    0.500    0.1000   7.099e-06  a
net412                      1.80    0.030    0.648    0.1460   7.049e-06  p
net877                      1.80    0.025    0.391    0.1723   6.965e-06  p
net28                       1.80    0.031    0.346    0.1376   6.830e-06  p
net34                       1.80    0.025    0.428    0.1640   6.772e-06  p
net383                      1.80    0.020    0.502    0.2102   6.706e-06  p
net655                      1.80    0.041    0.500    0.1000   6.688e-06  a
clknet_1_0__leaf_net799     1.80    0.084    0.253    0.0490   6.636e-06  p
net649                      1.80    0.040    0.500    0.1000   6.551e-06  a
net697                      1.80    0.040    0.500    0.1000   6.412e-06  a
net249                      1.80    0.041    0.879    0.0954   6.357e-06  p
net169                      1.80    0.039    0.748    0.1003   6.334e-06  p
clknet_0_net97              1.80    0.019    0.436    0.2014   6.229e-06  p
net806                      1.80    0.031    0.376    0.1224   6.206e-06  p
net293                      1.80    0.038    0.496    0.1011   6.159e-06  p
net429                      1.80    0.050    0.879    0.0750   6.117e-06  p
net717                      1.80    0.038    0.500    0.1000   6.101e-06  a
net286                      1.80    0.014    0.418    0.2784   6.094e-06  p
net17                       1.80    0.039    0.246    0.0961   6.093e-06  p
net990                      1.80    0.038    0.253    0.0988   6.021e-06  p
net648                      1.80    0.037    0.500    0.1000   5.993e-06  a
net261                      1.80    0.016    0.720    0.2348   5.928e-06  p
net828                      1.80    0.050    0.131    0.0724   5.906e-06  p
net827                      1.80    0.050    0.131    0.0724   5.887e-06  p
net64                       1.80    0.015    0.597    0.2351   5.867e-06  p
net624                      1.80    0.036    0.500    0.1000   5.855e-06  a
net831                      1.80    0.036    0.253    0.0988   5.805e-06  p
net814                      1.80    0.096    0.041    0.0374   5.801e-06  p
clknet_0_net277             1.80    0.021    0.529    0.1698   5.717e-06  p
clknet_1_1__leaf_net799     1.80    0.072    0.253    0.0490   5.709e-06  p
net696                      1.80    0.035    0.500    0.1000   5.688e-06  a
net719                      1.80    0.035    0.500    0.1000   5.657e-06  a
net46                       1.80    0.016    0.512    0.2150   5.656e-06  p
net704                      1.80    0.035    0.500    0.1000   5.648e-06  a
net953                      1.80    0.035    0.500    0.1000   5.640e-06  a
net777                      1.80    0.074    0.062    0.0468   5.584e-06  p
net826                      1.80    0.048    0.131    0.0724   5.579e-06  p
net706                      1.80    0.034    0.500    0.1000   5.569e-06  a
net791                      1.80    0.035    0.252    0.0978   5.539e-06  p
net607                      1.80    0.027    0.163    0.1280   5.501e-06  p
clknet_0_net305             1.80    0.020    0.488    0.1709   5.453e-06  p
net712                      1.80    0.034    0.500    0.1000   5.445e-06  a
net984                      1.80    0.021    0.735    0.1597   5.401e-06  p
net708                      1.80    0.033    0.500    0.1000   5.376e-06  a
net710                      1.80    0.033    0.500    0.1000   5.335e-06  a
net701                      1.80    0.033    0.500    0.1000   5.326e-06  a
net640                      1.80    0.033    0.500    0.1000   5.312e-06  a
net575                      1.80    0.013    0.614    0.2444   5.309e-06  p
clknet_0_net742             1.80    0.018    0.598    0.1795   5.289e-06  p
net670                      1.80    0.033    0.500    0.1000   5.278e-06  a
clknet_0_net301             1.80    0.020    0.498    0.1638   5.263e-06  p
net723                      1.80    0.020    0.735    0.1597   5.225e-06  p
net779                      1.80    0.018    0.579    0.1776   5.188e-06  p
net764                      1.80    0.019    0.500    0.1640   5.172e-06  p
net678                      1.80    0.031    0.500    0.1000   5.085e-06  a
net627                      1.80    0.031    0.500    0.1000   5.022e-06  a
net983                      1.80    0.019    0.735    0.1597   4.978e-06  p
net687                      1.80    0.031    0.500    0.1000   4.956e-06  a
net711                      1.80    0.031    0.500    0.1000   4.944e-06  a
clknet_0_net161             1.80    0.021    0.667    0.1414   4.830e-06  p
net977                      1.80    0.019    0.358    0.1543   4.776e-06  p
net705                      1.80    0.029    0.500    0.1000   4.770e-06  a
clknet_0_net300             1.80    0.019    0.527    0.1548   4.710e-06  p
net30                       1.80    0.062    0.939    0.0466   4.674e-06  p
net326                      1.80    0.034    0.127    0.0841   4.671e-06  p
net57                       1.80    0.017    0.391    0.1723   4.669e-06  p
net578                      1.80    0.025    0.712    0.1170   4.659e-06  p
net715                      1.80    0.029    0.500    0.1000   4.632e-06  a
net746                      1.80    0.069    0.044    0.0410   4.610e-06  p
net310                      1.80    0.040    0.125    0.0698   4.569e-06  p
net155                      1.80    0.021    0.392    0.1352   4.553e-06  p
net433                      1.80    0.013    0.287    0.2234   4.531e-06  p
net803                      1.80    0.016    0.400    0.1705   4.527e-06  p
net700                      1.80    0.028    0.500    0.1000   4.521e-06  a
net900                      1.80    0.025    0.220    0.1122   4.514e-06  p
net707                      1.80    0.028    0.500    0.1000   4.470e-06  a
net860                      1.80    0.013    0.512    0.2150   4.447e-06  p
net669                      1.80    0.027    0.500    0.1000   4.439e-06  a
clknet_0_net475             1.80    0.018    0.602    0.1498   4.416e-06  p
net608                      1.80    0.078    0.056    0.0350   4.392e-06  p
net21                       1.80    0.038    0.124    0.0714   4.384e-06  p
net29                       1.80    0.037    0.113    0.0732   4.368e-06  p
net43                       1.80    0.061    0.063    0.0444   4.363e-06  p
net825                      1.80    0.038    0.124    0.0707   4.349e-06  p
net885                      1.80    0.025    0.497    0.1083   4.330e-06  p
clknet_1_0__leaf_net255     1.80    0.028    0.626    0.0963   4.322e-06  p
net606                      1.80    0.021    0.837    0.1280   4.319e-06  p
clknet_1_1__leaf_net161     1.80    0.019    0.667    0.1414   4.308e-06  p
net282                      1.80    0.012    0.371    0.2140   4.299e-06  p
net775                      1.80    0.017    0.404    0.1591   4.268e-06  p
clknet_0_net370             1.80    0.019    0.715    0.1358   4.250e-06  p
net644                      1.80    0.026    0.500    0.1000   4.247e-06  a
net721                      1.80    0.026    0.500    0.1000   4.236e-06  a
net904                      1.80    0.019    0.818    0.1393   4.220e-06  p
net279                      1.80    0.010    0.593    0.2707   4.176e-06  p
net684                      1.80    0.026    0.500    0.1000   4.161e-06  a
net36                       1.80    0.027    0.837    0.0952   4.159e-06  p
net60                       1.80    0.019    0.265    0.1338   4.153e-06  p
net138                      1.80    0.023    0.220    0.1122   4.143e-06  p
net6                        1.80    0.014    0.622    0.1830   4.131e-06  p
net18                       1.80    0.036    0.124    0.0707   4.120e-06  p
net19                       1.80    0.052    0.062    0.0480   4.042e-06  p
net129                      1.80    0.066    0.042    0.0374   4.019e-06  p
net693                      1.80    0.025    0.500    0.1000   4.014e-06  a
clknet_0_net281             1.80    0.022    0.837    0.1138   4.010e-06  p
net968                      1.80    0.034    0.124    0.0714   3.972e-06  p
net663                      1.80    0.024    0.500    0.1000   3.959e-06  a
net67                       1.80    0.019    0.755    0.1261   3.939e-06  p
net10                       1.80    0.034    0.127    0.0711   3.935e-06  p
net658                      1.80    0.024    0.500    0.1000   3.848e-06  a
net475                      1.80    0.016    0.602    0.1498   3.828e-06  p
net980                      1.80    0.025    0.246    0.0961   3.815e-06  p
net988                      1.80    0.017    0.434    0.1395   3.788e-06  p
net209                      1.80    0.024    0.246    0.0961   3.742e-06  p
net56                       1.80    0.047    0.068    0.0481   3.698e-06  p
clknet_0_net793             1.80    0.018    0.498    0.1273   3.674e-06  p
net783                      1.80    0.077    0.969    0.0294   3.661e-06  p
net255                      1.80    0.023    0.626    0.0963   3.653e-06  p
net73                       1.80    0.040    0.067    0.0566   3.642e-06  p
net272                      1.80    0.010    0.558    0.2260   3.641e-06  p
net981                      1.80    0.014    0.735    0.1597   3.623e-06  p
net111                      1.80    0.046    0.063    0.0476   3.580e-06  p
net785                      1.80    0.012    0.384    0.1784   3.578e-06  p
net902                      1.80    0.020    0.220    0.1122   3.574e-06  p
net972                      1.80    0.031    0.124    0.0707   3.573e-06  p
clknet_0_net159             1.80    0.019    0.393    0.1160   3.559e-06  p
clknet_0_net473             1.80    0.019    0.376    0.1136   3.543e-06  p
net556                      1.80    0.014    0.351    0.1583   3.537e-06  p
net194                      1.80    0.048    0.957    0.0447   3.503e-06  p
net306                      1.80    0.012    0.490    0.1734   3.500e-06  p
net110                      1.80    0.086    0.024    0.0248   3.463e-06  p
net380                      1.80    0.015    0.724    0.1381   3.462e-06  p
net965                      1.80    0.029    0.113    0.0732   3.427e-06  p
net950                      1.80    0.020    0.816    0.1050   3.388e-06  p
net874                      1.80    0.013    0.248    0.1634   3.383e-06  p
clknet_1_0__leaf_net161     1.80    0.015    0.667    0.1414   3.354e-06  p
net501                      1.80    0.009    0.489    0.2424   3.344e-06  p
net197                      1.80    0.022    0.877    0.0924   3.308e-06  p
net774                      1.80    0.030    0.892    0.0677   3.294e-06  p
net688                      1.80    0.020    0.500    0.1000   3.254e-06  a
net314                      1.80    0.054    0.037    0.0370   3.251e-06  p
net966                      1.80    0.024    0.139    0.0831   3.248e-06  p
net301                      1.80    0.012    0.498    0.1638   3.245e-06  p
net511                      1.80    0.010    0.409    0.2008   3.229e-06  p
net315                      1.80    0.026    0.105    0.0778   3.227e-06  p
clknet_0_net255             1.80    0.020    0.626    0.0963   3.189e-06  p
net910                      1.80    0.024    0.139    0.0831   3.173e-06  p
clknet_0_net786             1.80    0.018    0.697    0.1116   3.169e-06  p
net742                      1.80    0.011    0.598    0.1795   3.143e-06  p
net97                       1.80    0.010    0.436    0.2014   3.133e-06  p
net161                      1.80    0.014    0.667    0.1414   3.132e-06  p
net975                      1.80    0.066    0.969    0.0294   3.129e-06  p
net680                      1.80    0.019    0.500    0.1000   3.127e-06  a
net55                       1.80    0.026    0.917    0.0740   3.124e-06  p
net39                       1.80    0.018    0.816    0.1050   3.103e-06  p
clknet_0_net512             1.80    0.020    0.250    0.0977   3.098e-06  p
clknet_1_0__leaf_net614     1.80    0.029    0.326    0.0659   3.087e-06  p
net979                      1.80    0.012    0.358    0.1543   3.073e-06  p
net565                      1.80    0.012    0.164    0.1579   3.070e-06  p
net142                      1.80    0.012    0.358    0.1543   3.042e-06  p
net189                      1.80    0.025    0.882    0.0752   3.042e-06  p
net395                      1.80    0.019    0.500    0.0994   3.036e-06  p
net196                      1.80    0.014    0.744    0.1378   3.034e-06  p
net275                      1.80    0.015    0.432    0.1240   2.999e-06  p
net128                      1.80    0.014    0.428    0.1300   2.997e-06  p
net63                       1.80    0.024    0.093    0.0776   2.965e-06  p
net87                       1.80    0.025    0.124    0.0730   2.941e-06  p
net752                      1.80    0.013    0.818    0.1393   2.940e-06  p
net716                      1.80    0.018    0.500    0.1000   2.934e-06  a
net378                      1.80    0.009    0.656    0.2049   2.928e-06  p
net534                      1.80    0.009    0.507    0.1906   2.927e-06  p
net127                      1.80    0.014    0.410    0.1314   2.924e-06  p
net821                      1.80    0.105    0.016    0.0171   2.917e-06  p
net277                      1.80    0.011    0.529    0.1698   2.914e-06  p
net150                      1.80    0.037    0.065    0.0486   2.900e-06  p
net771                      1.80    0.021    0.139    0.0831   2.886e-06  p
net973                      1.80    0.025    0.124    0.0707   2.885e-06  p
net969                      1.80    0.021    0.139    0.0831   2.871e-06  p
net472                      1.80    0.010    0.352    0.1726   2.857e-06  p
net879                      1.80    0.022    0.116    0.0787   2.840e-06  p
net553                      1.80    0.013    0.159    0.1352   2.828e-06  p
net267                      1.80    0.012    0.672    0.1410   2.826e-06  p
net480                      1.80    0.016    0.507    0.1063   2.812e-06  p
net773                      1.80    0.025    0.091    0.0694   2.808e-06  p
net822                      1.80    0.024    0.124    0.0707   2.804e-06  p
net370                      1.80    0.013    0.715    0.1358   2.793e-06  p
net58                       1.80    0.023    0.091    0.0753   2.792e-06  p
net145                      1.80    0.061    0.032    0.0284   2.783e-06  p
net428                      1.80    0.023    0.121    0.0750   2.781e-06  p
net305                      1.80    0.010    0.488    0.1709   2.777e-06  p
net373                      1.80    0.010    0.575    0.1725   2.776e-06  p
net793                      1.80    0.013    0.498    0.1273   2.771e-06  p
net947                      1.80    0.017    0.253    0.0988   2.753e-06  p
clknet_0_net400             1.80    0.019    0.195    0.0898   2.750e-06  p
net741                      1.80    0.011    0.350    0.1611   2.750e-06  p
net525                      1.80    0.014    0.302    0.1250   2.743e-06  p
net666                      1.80    0.017    0.500    0.1000   2.724e-06  a
net789                      1.80    0.017    0.245    0.0978   2.699e-06  p
net652                      1.80    0.016    0.500    0.1000   2.673e-06  a
net284                      1.80    0.011    0.606    0.1431   2.656e-06  p
net786                      1.80    0.015    0.697    0.1116   2.642e-06  p
net495                      1.80    0.008    0.707    0.1893   2.601e-06  p
net682                      1.80    0.016    0.500    0.1000   2.595e-06  a
net154                      1.80    0.010    0.458    0.1599   2.594e-06  p
net225                      1.80    0.025    0.072    0.0625   2.581e-06  p
net348                      1.80    0.010    0.256    0.1522   2.563e-06  p
net914                      1.80    0.013    0.592    0.1258   2.553e-06  p
net884                      1.80    0.016    0.132    0.0991   2.546e-06  p
net919                      1.80    0.013    0.376    0.1224   2.539e-06  p
net776                      1.80    0.012    0.268    0.1325   2.537e-06  p
net665                      1.80    0.016    0.500    0.1000   2.536e-06  a
net732                      1.80    0.011    0.498    0.1475   2.535e-06  p
net955                      1.80    0.015    0.500    0.1000   2.480e-06  a
net799                      1.80    0.031    0.253    0.0490   2.466e-06  p
net876                      1.80    0.009    0.248    0.1634   2.459e-06  p
net873                      1.80    0.009    0.248    0.1634   2.456e-06  p
net84                       1.80    0.024    0.912    0.0617   2.442e-06  p
net9                        1.80    0.015    0.261    0.0991   2.433e-06  p
net133                      1.80    0.015    0.132    0.0991   2.431e-06  p
net5                        1.80    0.020    0.878    0.0736   2.420e-06  p
net377                      1.80    0.009    0.586    0.1707   2.402e-06  p
clknet_1_0__leaf_net301     1.80    0.009    0.498    0.1638   2.383e-06  p
net512                      1.80    0.015    0.250    0.0977   2.378e-06  p
net913                      1.80    0.012    0.592    0.1258   2.370e-06  p
net538                      1.80    0.007    0.354    0.2174   2.351e-06  p
net308                      1.80    0.030    0.063    0.0476   2.309e-06  p
net213                      1.80    0.032    0.055    0.0450   2.308e-06  p
net300                      1.80    0.009    0.527    0.1548   2.305e-06  p
net109                      1.80    0.014    0.249    0.1023   2.296e-06  p
clknet_1_0__leaf_net473     1.80    0.012    0.376    0.1136   2.291e-06  p
net473                      1.80    0.012    0.376    0.1136   2.282e-06  p
net778                      1.80    0.018    0.096    0.0796   2.279e-06  p
net536                      1.80    0.014    0.794    0.1037   2.277e-06  p
net727                      1.80    0.011    0.376    0.1224   2.247e-06  p
net905                      1.80    0.010    0.818    0.1393   2.243e-06  p
net106                      1.80    0.012    0.494    0.1111   2.236e-06  p
net178                      1.80    0.028    0.747    0.0495   2.229e-06  p
net3                        1.80    0.019    0.124    0.0718   2.222e-06  p
net136                      1.80    0.010    0.434    0.1395   2.198e-06  p
clknet_0_net614             1.80    0.021    0.326    0.0659   2.189e-06  p
clknet_1_1__leaf_net301     1.80    0.008    0.498    0.1638   2.169e-06  p
net68                       1.80    0.079    0.014    0.0170   2.167e-06  p
net125                      1.80    0.017    0.116    0.0787   2.161e-06  p
net761                      1.80    0.081    0.015    0.0163   2.154e-06  p
net676                      1.80    0.013    0.500    0.1000   2.153e-06  a
net703                      1.80    0.013    0.500    0.1000   2.146e-06  a
net739                      1.80    0.006    0.515    0.2054   2.140e-06  p
clknet_0_net295             1.80    0.020    0.262    0.0666   2.134e-06  p
net517                      1.80    0.006    0.335    0.2136   2.129e-06  p
net896                      1.80    0.011    0.203    0.1161   2.118e-06  p
net490                      1.80    0.006    0.269    0.2255   2.118e-06  p
net363                      1.80    0.008    0.573    0.1674   2.115e-06  p
net273                      1.80    0.013    0.501    0.0987   2.105e-06  p
net763                      1.80    0.035    0.041    0.0374   2.097e-06  p
net911                      1.80    0.010    0.592    0.1258   2.088e-06  p
net159                      1.80    0.011    0.393    0.1160   2.048e-06  p
net74                       1.80    0.021    0.069    0.0605   2.032e-06  p
net880                      1.80    0.016    0.116    0.0787   2.021e-06  p
net694                      1.80    0.012    0.500    0.1000   2.020e-06  a
net605                      1.80    0.035    0.046    0.0353   2.009e-06  p
net93                       1.80    0.010    0.592    0.1258   2.002e-06  p
net514                      1.80    0.007    0.702    0.1852   2.000e-06  p
clknet_0_net799             1.80    0.025    0.253    0.0490   1.975e-06  p
net610                      1.80    0.007    0.315    0.1657   1.968e-06  p
net488                      1.80    0.004    0.433    0.2878   1.966e-06  p
net131                      1.80    0.055    0.980    0.0220   1.956e-06  p
clknet_1_1__leaf_net614     1.80    0.018    0.326    0.0659   1.956e-06  p
net204                      1.80    0.012    0.502    0.1004   1.949e-06  p
net4                        1.80    0.017    0.122    0.0693   1.942e-06  p
net499                      1.80    0.009    0.783    0.1289   1.927e-06  p
net714                      1.80    0.012    0.500    0.1000   1.901e-06  a
net481                      1.80    0.005    0.555    0.2229   1.901e-06  p
net882                      1.80    0.011    0.771    0.1054   1.898e-06  p
net400                      1.80    0.013    0.195    0.0898   1.890e-06  p
net361                      1.80    0.011    0.502    0.1078   1.888e-06  p
net343                      1.80    0.031    0.811    0.0373   1.887e-06  p
net798                      1.80    0.022    0.066    0.0536   1.883e-06  p
clknet_1_1__leaf_net289     1.80    0.020    0.134    0.0577   1.877e-06  p
net760                      1.80    0.071    0.017    0.0163   1.871e-06  p
net551                      1.80    0.008    0.292    0.1521   1.870e-06  p
net946                      1.80    0.012    0.253    0.0988   1.864e-06  p
net596                      1.80    0.017    0.060    0.0663   1.855e-06  p
net390                      1.80    0.005    0.500    0.2497   1.849e-06  p
net312                      1.80    0.010    0.203    0.1161   1.848e-06  p
net817                      1.80    0.066    0.015    0.0172   1.844e-06  p
net53                       1.80    0.007    0.248    0.1634   1.842e-06  p
clknet_0_net289             1.80    0.019    0.134    0.0577   1.809e-06  p
net743                      1.80    0.079    0.009    0.0141   1.805e-06  p
clknet_1_0__leaf_net281     1.80    0.010    0.837    0.1138   1.799e-06  p
net623                      1.80    0.057    0.292    0.0193   1.797e-06  p
net971                      1.80    0.016    0.124    0.0707   1.793e-06  p
net2                        1.80    0.006    0.503    0.1864   1.790e-06  p
net485                      1.80    0.010    0.293    0.1095   1.784e-06  p
net192                      1.80    0.023    0.952    0.0476   1.775e-06  p
net718                      1.80    0.011    0.500    0.1000   1.770e-06  a
net945                      1.80    0.011    0.253    0.0988   1.758e-06  p
clknet_1_0__leaf_net793     1.80    0.008    0.498    0.1273   1.751e-06  p
net26                       1.80    0.043    0.024    0.0243   1.706e-06  p
net170                      1.80    0.015    0.125    0.0697   1.696e-06  p
clknet_0_net800             1.80    0.018    0.057    0.0575   1.694e-06  p
net850                      1.80    0.009    0.203    0.1161   1.692e-06  p
net970                      1.80    0.061    0.015    0.0172   1.688e-06  p
net954                      1.80    0.010    0.500    0.1000   1.684e-06  a
net468                      1.80    0.006    0.468    0.1602   1.680e-06  p
net151                      1.80    0.078    0.010    0.0133   1.676e-06  p
net492                      1.80    0.004    0.418    0.2409   1.661e-06  p
net402                      1.80    0.004    0.501    0.2499   1.654e-06  p
net143                      1.80    0.007    0.408    0.1414   1.636e-06  p
clknet_1_1__leaf_net277     1.80    0.006    0.529    0.1698   1.633e-06  p
net251                      1.80    0.014    0.125    0.0723   1.617e-06  p
net250                      1.80    0.005    0.573    0.2154   1.606e-06  p
net583                      1.80    0.006    0.552    0.1596   1.602e-06  p
net217                      1.80    0.009    0.497    0.1083   1.590e-06  p
clknet_1_1__leaf_net282     1.80    0.005    0.371    0.2140   1.586e-06  p
net802                      1.80    0.018    0.069    0.0538   1.577e-06  p
net16                       1.80    0.010    0.253    0.0988   1.576e-06  p
net191                      1.80    0.020    0.932    0.0489   1.570e-06  p
net985                      1.80    0.015    0.072    0.0625   1.562e-06  p
net281                      1.80    0.008    0.837    0.1138   1.561e-06  p
net530                      1.80    0.007    0.774    0.1416   1.556e-06  p
clknet_0_net178             1.80    0.019    0.747    0.0495   1.551e-06  p
net289                      1.80    0.017    0.134    0.0577   1.545e-06  p
net466                      1.80    0.006    0.356    0.1666   1.542e-06  p
net341                      1.80    0.056    0.985    0.0170   1.542e-06  p
net316                      1.80    0.020    0.940    0.0472   1.525e-06  p
net720                      1.80    0.009    0.500    0.1000   1.512e-06  a
net392                      1.80    0.009    0.332    0.1059   1.511e-06  p
net188                      1.80    0.008    0.532    0.1223   1.504e-06  p
net436                      1.80    0.020    0.943    0.0462   1.480e-06  p
net675                      1.80    0.009    0.500    0.1000   1.468e-06  a
net740                      1.80    0.052    0.015    0.0172   1.449e-06  p
net978                      1.80    0.006    0.358    0.1543   1.437e-06  p
net686                      1.80    0.009    0.500    0.1000   1.433e-06  a
net695                      1.80    0.009    0.500    0.1000   1.427e-06  a
clknet_1_0__leaf_net289     1.80    0.015    0.134    0.0577   1.424e-06  p
net604                      1.80    0.025    0.954    0.0353   1.420e-06  p
net515                      1.80    0.008    0.453    0.1044   1.417e-06  p
net895                      1.80    0.014    0.092    0.0622   1.408e-06  p
net262                      1.80    0.024    0.954    0.0353   1.397e-06  p
net132                      1.80    0.038    0.022    0.0224   1.390e-06  p
net285                      1.80    0.008    0.525    0.1013   1.388e-06  p
net598                      1.80    0.003    0.566    0.3116   1.384e-06  p
net524                      1.80    0.007    0.274    0.1172   1.374e-06  p
net888                      1.80    0.049    0.015    0.0172   1.362e-06  p
net890                      1.80    0.008    0.500    0.1000   1.356e-06  a
net7                        1.80    0.008    0.249    0.0973   1.322e-06  p
clknet_1_0__leaf_net786     1.80    0.007    0.697    0.1116   1.301e-06  p
clknet_1_0__leaf_net282     1.80    0.004    0.371    0.2140   1.298e-06  p
net325                      1.80    0.013    0.092    0.0622   1.296e-06  p
net382                      1.80    0.008    0.502    0.1026   1.292e-06  p
net585                      1.80    0.004    0.358    0.1893   1.291e-06  p
net398                      1.80    0.007    0.490    0.1076   1.290e-06  p
net134                      1.80    0.015    0.944    0.0513   1.281e-06  p
net190                      1.80    0.007    0.787    0.1130   1.276e-06  p
net622                      1.80    0.048    0.781    0.0163   1.274e-06  p
net541                      1.80    0.004    0.489    0.1762   1.274e-06  p
net404                      1.80    0.004    0.395    0.1790   1.260e-06  p
net614                      1.80    0.012    0.326    0.0659   1.255e-06  p
net502                      1.80    0.004    0.335    0.1839   1.253e-06  p
net442                      1.80    0.003    0.411    0.2361   1.233e-06  p
net399                      1.80    0.004    0.575    0.2025   1.230e-06  p
clknet_0_net276             1.80    0.021    0.953    0.0353   1.208e-06  p
net381                      1.80    0.007    0.265    0.1124   1.204e-06  p
net941                      1.80    0.005    0.818    0.1393   1.204e-06  p
clknet_1_1__leaf_net178     1.80    0.015    0.747    0.0495   1.201e-06  p
net13                       1.80    0.026    0.033    0.0284   1.200e-06  p
net388                      1.80    0.006    0.737    0.1165   1.198e-06  p
net23                       1.80    0.044    0.015    0.0169   1.194e-06  p
clknet_1_0__leaf_net97      1.80    0.004    0.436    0.2014   1.194e-06  p
net897                      1.80    0.006    0.203    0.1161   1.176e-06  p
net555                      1.80    0.004    0.354    0.1802   1.151e-06  p
net24                       1.80    0.035    0.020    0.0203   1.141e-06  p
net82                       1.80    0.003    0.665    0.2206   1.133e-06  p
net582                      1.80    0.005    0.774    0.1416   1.131e-06  p
net448                      1.80    0.004    0.619    0.1566   1.124e-06  p
net100                      1.80    0.007    0.749    0.0982   1.120e-06  p
clknet_1_0__leaf_net295     1.80    0.010    0.262    0.0666   1.119e-06  p
net898                      1.80    0.015    0.940    0.0472   1.114e-06  p
net391                      1.80    0.014    0.128    0.0498   1.106e-06  p
net869                      1.80    0.039    0.015    0.0172   1.096e-06  p
net689                      1.80    0.007    0.500    0.1000   1.085e-06  a
net483                      1.80    0.009    0.300    0.0711   1.084e-06  p
net107                      1.80    0.039    0.016    0.0171   1.082e-06  p
clknet_1_1__leaf_net512     1.80    0.007    0.250    0.0977   1.075e-06  p
net493                      1.80    0.013    0.307    0.0491   1.073e-06  p
net784                      1.80    0.009    0.125    0.0696   1.063e-06  p
clknet_0_net166             1.80    0.022    0.034    0.0293   1.059e-06  p
clknet_1_0__leaf_net178     1.80    0.013    0.747    0.0495   1.055e-06  p
clknet_1_0__leaf_net800     1.80    0.011    0.057    0.0575   1.037e-06  p
net434                      1.80    0.011    0.938    0.0557   1.033e-06  p
clknet_1_1__leaf_net255     1.80    0.007    0.626    0.0963   1.032e-06  p
net871                      1.80    0.009    0.113    0.0732   1.031e-06  p
net611                      1.80    0.076    0.006    0.0082   1.014e-06  p
net457                      1.80    0.029    0.964    0.0214   1.013e-06  p
net619                      1.80    0.026    0.577    0.0237   1.013e-06  p
clknet_1_0__leaf_net742     1.80    0.003    0.598    0.1795   1.007e-06  p
net397                      1.80    0.004    0.740    0.1512   1.004e-06  p
net389                      1.80    0.004    0.699    0.1738   1.001e-06  p
net0                        1.80    0.009    0.121    0.0699   9.972e-07  p
net818                      1.80    0.106    0.004    0.0058   9.951e-07  p
net535                      1.80    0.005    0.172    0.1115   9.864e-07  p
clknet_1_1__leaf_net97      1.80    0.003    0.436    0.2014   9.822e-07  p
net974                      1.80    0.009    0.124    0.0707   9.762e-07  p
clknet_1_0__leaf_net159     1.80    0.005    0.393    0.1160   9.753e-07  p
clknet_1_1__leaf_net615     1.80    0.041    0.073    0.0147   9.744e-07  p
net103                      1.80    0.003    0.378    0.2084   9.696e-07  p
net452                      1.80    0.005    0.819    0.1173   9.647e-07  p
net295                      1.80    0.009    0.262    0.0666   9.643e-07  p
net938                      1.80    0.004    0.818    0.1393   9.610e-07  p
net557                      1.80    0.003    0.391    0.1817   9.549e-07  p
net157                      1.80    0.004    0.434    0.1362   9.524e-07  p
net903                      1.80    0.005    0.220    0.1122   9.498e-07  p
clknet_1_1__leaf_net300     1.80    0.004    0.527    0.1548   9.475e-07  p
clknet_1_1__leaf_net281     1.80    0.005    0.837    0.1138   9.432e-07  p
net730                      1.80    0.008    0.124    0.0707   9.343e-07  p
net276                      1.80    0.016    0.953    0.0353   9.263e-07  p
net584                      1.80    0.004    0.166    0.1349   9.253e-07  p
net471                      1.80    0.008    0.873    0.0705   9.244e-07  p
net460                      1.80    0.029    0.037    0.0195   9.166e-07  p
net11                       1.80    0.005    0.771    0.1076   9.066e-07  p
net168                      1.80    0.007    0.900    0.0795   9.006e-07  p
net323                      1.80    0.013    0.956    0.0426   8.992e-07  p
net280                      1.80    0.003    0.685    0.1765   8.933e-07  p
clknet_1_0__leaf_net370     1.80    0.004    0.715    0.1358   8.888e-07  p
clknet_1_1__leaf_net475     1.80    0.004    0.602    0.1498   8.861e-07  p
net893                      1.80    0.004    0.376    0.1224   8.785e-07  p
net851                      1.80    0.005    0.203    0.1161   8.719e-07  p
net800                      1.80    0.009    0.057    0.0575   8.708e-07  p
net507                      1.80    0.004    0.287    0.1445   8.683e-07  p
net952                      1.80    0.005    0.816    0.1050   8.681e-07  p
net342                      1.80    0.014    0.187    0.0374   8.639e-07  p
net185                      1.80    0.011    0.051    0.0485   8.589e-07  p
net437                      1.80    0.008    0.073    0.0630   8.575e-07  p
clknet_1_1__leaf_net793     1.80    0.004    0.498    0.1273   8.558e-07  p
net934                      1.80    0.004    0.818    0.1393   8.547e-07  p
net935                      1.80    0.004    0.818    0.1393   8.547e-07  p
net790                      1.80    0.005    0.496    0.1006   8.509e-07  p
net409                      1.80    0.003    0.632    0.1880   8.450e-07  p
net563                      1.80    0.002    0.480    0.2235   8.394e-07  p
net278                      1.80    0.004    0.192    0.1382   8.384e-07  p
net165                      1.80    0.003    0.524    0.1751   8.370e-07  p
net508                      1.80    0.003    0.295    0.1796   8.354e-07  p
net618                      1.80    0.022    0.413    0.0238   8.346e-07  p
net1                        1.80    0.007    0.124    0.0709   8.249e-07  p
net35                       1.80    0.015    0.037    0.0338   8.223e-07  p
net942                      1.80    0.004    0.818    0.1393   8.218e-07  p
clknet_1_1__leaf_net800     1.80    0.009    0.057    0.0575   8.210e-07  p
net349                      1.80    0.003    0.508    0.1903   8.136e-07  p
net552                      1.80    0.003    0.581    0.1730   8.123e-07  p
net933                      1.80    0.011    0.063    0.0444   8.096e-07  p
net258                      1.80    0.007    0.124    0.0736   8.074e-07  p
net478                      1.80    0.002    0.575    0.2152   8.066e-07  p
clknet_1_1__leaf_net742     1.80    0.003    0.598    0.1795   8.005e-07  p
net487                      1.80    0.005    0.376    0.0908   7.912e-07  p
net489                      1.80    0.003    0.450    0.1671   7.869e-07  p
net470                      1.80    0.007    0.126    0.0705   7.866e-07  p
clknet_1_0__leaf_net475     1.80    0.003    0.602    0.1498   7.859e-07  p
clknet_1_1__leaf_net400     1.80    0.005    0.195    0.0898   7.839e-07  p
net294                      1.80    0.002    0.354    0.2174   7.837e-07  p
clknet_1_0__leaf_net400     1.80    0.005    0.195    0.0898   7.807e-07  p
net949                      1.80    0.005    0.253    0.0988   7.799e-07  p
clknet_1_0__leaf_net300     1.80    0.003    0.527    0.1548   7.727e-07  p
net912                      1.80    0.004    0.592    0.1258   7.714e-07  p
net537                      1.80    0.009    0.100    0.0542   7.697e-07  p
net469                      1.80    0.004    0.247    0.1190   7.678e-07  p
net957                      1.80    0.005    0.500    0.1000   7.652e-07  a
clknet_1_0__leaf_net305     1.80    0.003    0.488    0.1709   7.630e-07  p
net875                      1.80    0.003    0.248    0.1634   7.606e-07  p
net158                      1.80    0.014    0.033    0.0336   7.587e-07  p
net758                      1.80    0.028    0.984    0.0160   7.320e-07  p
net459                      1.80    0.003    0.158    0.1309   7.307e-07  p
net96                       1.80    0.003    0.377    0.1503   7.245e-07  p
clknet_1_1__leaf_net786     1.80    0.004    0.697    0.1116   7.206e-07  p
net408                      1.80    0.003    0.248    0.1315   7.205e-07  p
net47                       1.80    0.076    0.005    0.0059   7.180e-07  p
net509                      1.80    0.002    0.642    0.1914   7.179e-07  p
clknet_1_1__leaf_net159     1.80    0.004    0.393    0.1160   7.148e-07  p
net430                      1.80    0.004    0.506    0.1092   7.128e-07  p
net951                      1.80    0.004    0.816    0.1050   7.117e-07  p
net531                      1.80    0.004    0.525    0.1013   6.987e-07  p
net558                      1.80    0.003    0.302    0.1250   6.974e-07  p
net283                      1.80    0.004    0.893    0.1179   6.973e-07  p
net579                      1.80    0.003    0.143    0.1498   6.954e-07  p
net503                      1.80    0.004    0.094    0.0982   6.908e-07  p
net815                      1.80    0.122    0.002    0.0035   6.850e-07  p
net298                      1.80    0.003    0.334    0.1542   6.662e-07  p
net355                      1.80    0.005    0.118    0.0763   6.638e-07  p
net878                      1.80    0.002    0.391    0.1723   6.616e-07  p
net494                      1.80    0.003    0.687    0.1473   6.570e-07  p
net8                        1.80    0.009    0.063    0.0454   6.477e-07  p
net25                       1.80    0.074    0.004    0.0054   6.466e-07  p
net528                      1.80    0.003    0.282    0.1247   6.429e-07  p
clknet_1_1__leaf_net370     1.80    0.003    0.715    0.1358   6.360e-07  p
net523                      1.80    0.003    0.376    0.1423   6.351e-07  p
net550                      1.80    0.003    0.943    0.1124   6.300e-07  p
net959                      1.80    0.011    0.056    0.0350   6.296e-07  p
net542                      1.80    0.009    0.040    0.0427   6.290e-07  p
net456                      1.80    0.018    0.036    0.0214   6.278e-07  p
net594                      1.80    0.004    0.090    0.1076   6.231e-07  p
net231                      1.80    0.006    0.078    0.0659   6.226e-07  p
net176                      1.80    0.009    0.048    0.0435   6.224e-07  p
net621                      1.80    0.016    0.572    0.0235   6.203e-07  p
net581                      1.80    0.002    0.165    0.1535   6.195e-07  p
net567                      1.80    0.008    0.038    0.0466   6.190e-07  p
net516                      1.80    0.002    0.304    0.1895   6.162e-07  p
net264                      1.80    0.003    0.943    0.1124   6.156e-07  p
net963                      1.80    0.016    0.024    0.0243   6.125e-07  p
net292                      1.80    0.003    0.300    0.1452   6.122e-07  p
net940                      1.80    0.003    0.818    0.1393   6.122e-07  p
net113                      1.80    0.063    0.004    0.0060   6.115e-07  p
net520                      1.80    0.003    0.637    0.1134   6.078e-07  p
net174                      1.80    0.003    0.774    0.1413   6.018e-07  p
net600                      1.80    0.054    0.992    0.0068   5.989e-07  p
net352                      1.80    0.004    0.103    0.0918   5.912e-07  p
clknet_1_0__leaf_net277     1.80    0.002    0.529    0.1698   5.891e-07  p
clknet_1_0__leaf_net615     1.80    0.024    0.073    0.0147   5.821e-07  p
net83                       1.80    0.002    0.811    0.1599   5.783e-07  p
net513                      1.80    0.003    0.490    0.1097   5.756e-07  p
net51                       1.80    0.054    0.005    0.0065   5.692e-07  p
net587                      1.80    0.003    0.211    0.1306   5.673e-07  p
net385                      1.80    0.002    0.252    0.1474   5.650e-07  p
net939                      1.80    0.003    0.818    0.1393   5.641e-07  p
net183                      1.80    0.010    0.954    0.0353   5.562e-07  p
net894                      1.80    0.006    0.092    0.0622   5.557e-07  p
net986                      1.80    0.005    0.072    0.0625   5.553e-07  p
net937                      1.80    0.002    0.818    0.1393   5.551e-07  p
net901                      1.80    0.003    0.220    0.1122   5.550e-07  p
net291                      1.80    0.002    0.424    0.1731   5.542e-07  p
net561                      1.80    0.002    0.530    0.1372   5.532e-07  p
net464                      1.80    0.002    0.660    0.1387   5.528e-07  p
net729                      1.80    0.008    0.958    0.0404   5.517e-07  p
net27                       1.80    0.063    0.004    0.0054   5.510e-07  p
net738                      1.80    0.136    0.001    0.0025   5.466e-07  p
net186                      1.80    0.003    0.794    0.1037   5.445e-07  p
net589                      1.80    0.006    0.100    0.0546   5.422e-07  p
net750                      1.80    0.026    0.991    0.0128   5.396e-07  p
net559                      1.80    0.003    0.120    0.0954   5.393e-07  p
net500                      1.80    0.009    0.061    0.0358   5.392e-07  p
clknet_0_net375             1.80    0.019    0.984    0.0175   5.371e-07  p
net506                      1.80    0.003    0.438    0.1306   5.353e-07  p
net960                      1.80    0.004    0.879    0.0750   5.312e-07  p
clknet_1_1__leaf_net295     1.80    0.005    0.262    0.0666   5.304e-07  p
net371                      1.80    0.003    0.480    0.1164   5.303e-07  p
net526                      1.80    0.003    0.771    0.1055   5.257e-07  p
net166                      1.80    0.011    0.034    0.0293   5.229e-07  p
net15                       1.80    0.007    0.065    0.0449   5.137e-07  p
net108                      1.80    0.054    0.004    0.0058   5.081e-07  p
net936                      1.80    0.002    0.818    0.1393   5.066e-07  p
net592                      1.80    0.022    0.057    0.0139   5.012e-07  p
net406                      1.80    0.008    0.080    0.0369   5.001e-07  p
net477                      1.80    0.003    0.712    0.1170   4.981e-07  p
net852                      1.80    0.010    0.969    0.0294   4.957e-07  p
net299                      1.80    0.002    0.694    0.1449   4.956e-07  p
clknet_1_1__leaf_net305     1.80    0.002    0.488    0.1709   4.954e-07  p
net780                      1.80    0.050    0.004    0.0061   4.919e-07  p
net164                      1.80    0.002    0.183    0.1404   4.913e-07  p
net394                      1.80    0.002    0.224    0.1721   4.855e-07  p
net948                      1.80    0.003    0.253    0.0988   4.813e-07  p
net964                      1.80    0.004    0.113    0.0732   4.782e-07  p
net591                      1.80    0.004    0.111    0.0788   4.760e-07  p
net104                      1.80    0.003    0.746    0.0988   4.758e-07  p
clknet_1_0__leaf_net512     1.80    0.003    0.250    0.0977   4.753e-07  p
net78                       1.80    0.002    0.833    0.1382   4.744e-07  p
net94                       1.80    0.002    0.579    0.1317   4.731e-07  p
clknet_0_net615             1.80    0.020    0.073    0.0147   4.720e-07  p
net33                       1.80    0.032    0.993    0.0092   4.709e-07  p
net486                      1.80    0.002    0.435    0.1333   4.679e-07  p
net568                      1.80    0.015    0.017    0.0187   4.668e-07  p
net369                      1.80    0.002    0.208    0.1157   4.655e-07  p
net12                       1.80    0.002    0.608    0.1774   4.631e-07  p
net163                      1.80    0.002    0.667    0.1424   4.485e-07  p
net396                      1.80    0.002    0.755    0.1095   4.414e-07  p
net454                      1.80    0.002    0.779    0.1080   4.369e-07  p
clknet_1_1__leaf_net473     1.80    0.002    0.376    0.1136   4.367e-07  p
net450                      1.80    0.003    0.083    0.0786   4.358e-07  p
net593                      1.80    0.019    0.940    0.0141   4.332e-07  p
net32                       1.80    0.027    0.008    0.0099   4.286e-07  p
net376                      1.80    0.003    0.914    0.1048   4.281e-07  p
net518                      1.80    0.003    0.502    0.1033   4.213e-07  p
net20                       1.80    0.045    0.004    0.0058   4.209e-07  p
out42                       1.80    0.001    0.573    0.2154   4.193e-07  p
net540                      1.80    0.002    0.211    0.1306   4.167e-07  p
net112                      1.80    0.072    0.002    0.0035   4.040e-07  p
net160                      1.80    0.002    0.694    0.1170   4.032e-07  p
net288                      1.80    0.002    0.555    0.1244   4.002e-07  p
net872                      1.80    0.003    0.113    0.0732   3.999e-07  p
net747                      1.80    0.043    0.004    0.0058   3.999e-07  p
net853                      1.80    0.008    0.969    0.0294   3.987e-07  p
net479                      1.80    0.002    0.383    0.1264   3.950e-07  p
net393                      1.80    0.002    0.262    0.0986   3.920e-07  p
net443                      1.80    0.002    0.770    0.1032   3.905e-07  p
net505                      1.80    0.002    0.490    0.1066   3.871e-07  p
net425                      1.80    0.003    0.117    0.0787   3.856e-07  p
net560                      1.80    0.013    0.012    0.0177   3.822e-07  p
net441                      1.80    0.005    0.867    0.0494   3.819e-07  p
net446                      1.80    0.005    0.058    0.0506   3.771e-07  p
net59                       1.80    0.069    0.002    0.0033   3.717e-07  p
net615                      1.80    0.015    0.073    0.0147   3.675e-07  p
net407                      1.80    0.003    0.846    0.0762   3.674e-07  p
net177                      1.80    0.005    0.047    0.0433   3.599e-07  p
net491                      1.80    0.003    0.171    0.0764   3.556e-07  p
net384                      1.80    0.002    0.497    0.1089   3.528e-07  p
net887                      1.80    0.013    0.015    0.0172   3.523e-07  p
net569                      1.80    0.025    0.011    0.0086   3.519e-07  p
out8                        1.80    0.001    0.384    0.1784   3.519e-07  p
net544                      1.80    0.036    0.021    0.0060   3.517e-07  p
net374                      1.80    0.002    0.810    0.1059   3.445e-07  p
net620                      1.80    0.009    0.417    0.0236   3.442e-07  p
net105                      1.80    0.039    0.004    0.0054   3.428e-07  p
net49                       1.80    0.046    0.003    0.0044   3.284e-07  p
net432                      1.80    0.003    0.116    0.0744   3.213e-07  p
net321                      1.80    0.007    0.030    0.0280   3.209e-07  p
net529                      1.80    0.004    0.041    0.0491   3.168e-07  p
net76                       1.80    0.002    0.162    0.1003   3.164e-07  p
net360                      1.80    0.002    0.499    0.1019   3.144e-07  p
net484                      1.80    0.002    0.249    0.0965   3.133e-07  p
net609                      1.80    0.065    0.001    0.0029   3.100e-07  p
net967                      1.80    0.033    0.004    0.0058   3.094e-07  p
net117                      1.80    0.055    0.002    0.0035   3.080e-07  p
net842                      1.80    0.082    0.002    0.0023   3.075e-07  p
out37                       1.80    0.001    0.396    0.1788   3.067e-07  p
net75                       1.80    0.005    0.963    0.0384   3.057e-07  p
net65                       1.80    0.045    0.003    0.0042   3.055e-07  p
out13                       1.80    0.002    0.376    0.1224   3.031e-07  p
clknet_1_0__leaf_net276     1.80    0.005    0.953    0.0353   3.021e-07  p
clknet_1_1__leaf_net276     1.80    0.005    0.953    0.0353   2.874e-07  p
net52                       1.80    0.029    0.005    0.0061   2.855e-07  p
net101                      1.80    0.003    0.078    0.0620   2.818e-07  p
net257                      1.80    0.017    0.008    0.0103   2.815e-07  p
net175                      1.80    0.005    0.968    0.0333   2.719e-07  p
net788                      1.80    0.012    0.012    0.0137   2.707e-07  p
net749                      1.80    0.072    0.002    0.0023   2.702e-07  p
net375                      1.80    0.009    0.984    0.0175   2.669e-07  p
net519                      1.80    0.002    0.247    0.1048   2.647e-07  p
net444                      1.80    0.011    0.983    0.0149   2.614e-07  p
clknet_0_net179             1.80    0.020    0.994    0.0080   2.568e-07  p
out29                       1.80    0.001    0.598    0.1795   2.507e-07  p
net211                      1.80    0.025    0.005    0.0061   2.499e-07  p
net379                      1.80    0.004    0.040    0.0427   2.495e-07  p
net792                      1.80    0.002    0.131    0.0740   2.486e-07  p
net453                      1.80    0.020    0.023    0.0076   2.435e-07  p
out0                        1.80    0.001    0.735    0.1597   2.431e-07  p
out2                        1.80    0.001    0.377    0.1501   2.412e-07  p
out69                       1.80    0.001    0.404    0.1591   2.398e-07  p
net401                      1.80    0.002    0.821    0.0640   2.362e-07  p
net881                      1.80    0.002    0.116    0.0787   2.335e-07  p
net504                      1.80    0.004    0.031    0.0355   2.335e-07  p
net539                      1.80    0.007    0.014    0.0206   2.332e-07  p
net781                      1.80    0.014    0.008    0.0097   2.268e-07  p
net331                      1.80    0.002    0.930    0.0662   2.234e-07  p
out70                       1.80    0.001    0.268    0.1325   2.216e-07  p
net334                      1.80    0.055    0.998    0.0025   2.215e-07  p
net208                      1.80    0.037    0.003    0.0036   2.182e-07  p
out40                       1.80    0.001    0.435    0.1501   2.160e-07  p
out19                       1.80    0.001    0.498    0.1475   2.105e-07  p
net570                      1.80    0.004    0.022    0.0290   2.088e-07  p
net498                      1.80    0.003    0.854    0.0367   2.033e-07  p
net787                      1.80    0.030    0.003    0.0042   2.032e-07  p
net318                      1.80    0.046    0.002    0.0026   1.959e-07  p
net226                      1.80    0.007    0.984    0.0172   1.956e-07  p
out25                       1.80    0.001    0.515    0.2054   1.949e-07  p
net886                      1.80    0.020    0.005    0.0061   1.926e-07  p
net246                      1.80    0.017    0.005    0.0071   1.925e-07  p
clknet_1_1__leaf_net166     1.80    0.004    0.034    0.0293   1.890e-07  p
net297                      1.80    0.003    0.954    0.0359   1.866e-07  p
out73                       1.80    0.001    0.579    0.1776   1.842e-07  p
net210                      1.80    0.032    0.002    0.0035   1.819e-07  p
net474                      1.80    0.006    0.982    0.0189   1.771e-07  p
net239                      1.80    0.039    0.002    0.0028   1.764e-07  p
net543                      1.80    0.017    0.978    0.0062   1.735e-07  p
net810                      1.80    0.079    0.001    0.0013   1.722e-07  p
net234                      1.80    0.012    0.011    0.0086   1.701e-07  p
out41                       1.80    0.001    0.818    0.1393   1.696e-07  p
net554                      1.80    0.003    0.036    0.0396   1.674e-07  p
net899                      1.80    0.002    0.940    0.0472   1.636e-07  p
net906                      1.80    0.038    0.002    0.0026   1.632e-07  p
net770                      1.80    0.085    0.001    0.0012   1.629e-07  p
clknet_1_0__leaf_net166     1.80    0.003    0.034    0.0293   1.621e-07  p
net590                      1.80    0.005    0.013    0.0194   1.602e-07  p
net754                      1.80    0.043    0.002    0.0023   1.601e-07  p
out99                       1.80    0.001    0.400    0.1705   1.592e-07  p
net883                      1.80    0.016    0.005    0.0061   1.587e-07  p
net796                      1.80    0.045    0.002    0.0022   1.585e-07  p
net347                      1.80    0.002    0.186    0.0391   1.556e-07  p
net737                      1.80    0.051    0.001    0.0019   1.550e-07  p
net811                      1.80    0.063    0.001    0.0015   1.528e-07  p
net114                      1.80    0.092    0.001    0.0010   1.518e-07  p
out30                       1.80    0.001    0.126    0.0790   1.515e-07  p
net756                      1.80    0.021    0.997    0.0044   1.505e-07  p
net465                      1.80    0.005    0.081    0.0173   1.490e-07  p
net116                      1.80    0.073    0.001    0.0012   1.451e-07  p
net66                       1.80    0.065    0.001    0.0013   1.421e-07  p
net152                      1.80    0.027    0.002    0.0033   1.420e-07  p
net549                      1.80    0.009    0.915    0.0099   1.419e-07  p
net135                      1.80    0.029    0.002    0.0030   1.414e-07  p
net403                      1.80    0.002    0.202    0.0539   1.409e-07  p
net72                       1.80    0.011    0.006    0.0077   1.404e-07  p
out12                       1.80    0.001    0.094    0.0733   1.401e-07  p
net958                      1.80    0.046    0.001    0.0019   1.397e-07  p
net447                      1.80    0.007    0.989    0.0127   1.396e-07  p
net548                      1.80    0.009    0.075    0.0093   1.380e-07  p
net768                      1.80    0.026    0.998    0.0033   1.364e-07  p
out21                       1.80    0.001    0.315    0.1447   1.348e-07  p
out55                       1.80    0.000    0.500    0.1640   1.321e-07  p
out77                       1.80    0.001    0.441    0.1309   1.309e-07  p
out93                       1.80    0.001    0.553    0.1213   1.272e-07  p
net546                      1.80    0.005    0.019    0.0162   1.263e-07  p
net572                      1.80    0.033    0.002    0.0023   1.252e-07  p
net931                      1.80    0.016    0.003    0.0047   1.244e-07  p
net339                      1.80    0.009    0.011    0.0086   1.229e-07  p
net759                      1.80    0.089    0.000    0.0009   1.227e-07  p
out59                       1.80    0.001    0.771    0.1054   1.223e-07  p
out64                       1.80    0.001    0.142    0.0843   1.214e-07  p
out18                       1.80    0.001    0.120    0.0705   1.182e-07  p
out67                       1.80    0.001    0.892    0.0677   1.182e-07  p
net215                      1.80    0.039    0.001    0.0019   1.179e-07  p
out28                       1.80    0.000    0.350    0.1611   1.166e-07  p
net533                      1.80    0.004    0.982    0.0189   1.161e-07  p
net179                      1.80    0.009    0.994    0.0080   1.155e-07  p
net527                      1.80    0.002    0.035    0.0361   1.136e-07  p
net50                       1.80    0.010    0.005    0.0068   1.058e-07  p
net562                      1.80    0.021    0.007    0.0031   1.054e-07  p
net772                      1.80    0.003    0.023    0.0239   1.035e-07  p
net812                      1.80    0.042    0.001    0.0015   1.017e-07  p
out16                       1.80    0.001    0.124    0.0707   1.011e-07  p
net102                      1.80    0.002    0.019    0.0259   9.968e-08  p
net322                      1.80    0.018    0.002    0.0033   9.769e-08  p
net340                      1.80    0.006    0.992    0.0097   9.675e-08  p
out9                        1.80    0.000    0.498    0.1273   9.210e-08  p
net421                      1.80    0.003    0.016    0.0171   9.198e-08  p
out83                       1.80    0.001    0.697    0.1116   9.166e-08  p
clknet_1_0__leaf_net375     1.80    0.003    0.984    0.0175   9.132e-08  p
net588                      1.80    0.003    0.015    0.0193   8.996e-08  p
net130                      1.80    0.024    0.999    0.0024   8.990e-08  p
net414                      1.80    0.002    0.023    0.0273   8.894e-08  p
net247                      1.80    0.050    0.001    0.0011   8.850e-08  p
net857                      1.80    0.017    0.002    0.0033   8.819e-08  p
net69                       1.80    0.040    0.001    0.0013   8.725e-08  p
net304                      1.80    0.004    0.991    0.0128   8.509e-08  p
clknet_1_0__leaf_net162     1.80    0.061    1.000    0.0009   8.472e-08  p
out87                       1.80    0.001    0.496    0.1006   8.464e-08  p
net253                      1.80    0.003    0.019    0.0162   8.369e-08  p
clknet_1_1__leaf_net375     1.80    0.003    0.984    0.0175   8.331e-08  p
out88                       1.80    0.001    0.252    0.0978   8.325e-08  p
out72                       1.80    0.001    0.096    0.0796   8.284e-08  p
net296                      1.80    0.003    0.939    0.0187   7.980e-08  p
net227                      1.80    0.059    0.001    0.0008   7.831e-08  p
net405                      1.80    0.019    0.008    0.0026   7.815e-08  p
out86                       1.80    0.000    0.245    0.0978   7.797e-08  p
clknet_1_1__leaf_net179     1.80    0.006    0.994    0.0080   7.701e-08  p
net926                      1.80    0.025    0.001    0.0019   7.695e-08  p
net229                      1.80    0.053    1.000    0.0009   7.647e-08  p
net795                      1.80    0.014    0.002    0.0033   7.553e-08  p
out89                       1.80    0.001    0.131    0.0740   7.526e-08  p
net908                      1.80    0.025    0.001    0.0019   7.509e-08  p
net307                      1.80    0.017    0.002    0.0026   7.249e-08  p
net228                      1.80    0.049    0.001    0.0009   7.094e-08  p
net794                      1.80    0.013    0.003    0.0034   6.961e-08  p
out71                       1.80    0.001    0.062    0.0468   6.790e-08  p
out79                       1.80    0.001    0.125    0.0696   6.682e-08  p
net124                      1.80    0.076    0.000    0.0005   6.520e-08  p
net734                      1.80    0.074    0.997    0.0005   6.380e-08  p
clknet_1_0__leaf_net179     1.80    0.005    0.994    0.0080   6.255e-08  p
net757                      1.80    0.092    0.000    0.0004   6.080e-08  p
net922                      1.80    0.048    0.000    0.0008   6.047e-08  p
net309                      1.80    0.013    0.002    0.0026   5.733e-08  p
out15                       1.80    0.001    0.958    0.0404   5.656e-08  p
net203                      1.80    0.019    0.001    0.0019   5.642e-08  p
out66                       1.80    0.000    0.091    0.0694   5.612e-08  p
net207                      1.80    0.010    0.002    0.0033   5.560e-08  p
net547                      1.80    0.002    0.017    0.0187   5.494e-08  p
out94                       1.80    0.001    0.066    0.0536   5.493e-08  p
net119                      1.80    0.052    0.000    0.0007   5.474e-08  p
clknet_1_1__leaf_net162     1.80    0.039    1.000    0.0009   5.394e-08  p
out54                       1.80    0.001    0.041    0.0374   5.385e-08  p
net856                      1.80    0.009    0.002    0.0033   5.072e-08  p
net836                      1.80    0.109    0.006    0.0003   5.041e-08  p
net576                      1.80    0.003    0.010    0.0101   4.827e-08  p
net274                      1.80    0.009    0.998    0.0032   4.814e-08  p
net237                      1.80    0.038    0.000    0.0008   4.761e-08  p
out96                       1.80    0.001    0.057    0.0575   4.722e-08  p
out98                       1.80    0.001    0.069    0.0538   4.620e-08  p
net840                      1.80    0.069    1.000    0.0004   4.569e-08  p
out27                       1.80    0.002    0.015    0.0172   4.546e-08  p
net577                      1.80    0.003    0.006    0.0099   4.488e-08  p
net612                      1.80    0.042    0.989    0.0007   4.480e-08  p
net841                      1.80    0.067    1.000    0.0004   4.389e-08  p
net724                      1.80    0.060    0.000    0.0004   4.366e-08  p
net745                      1.80    0.007    0.002    0.0040   4.332e-08  p
net270                      1.80    0.034    0.997    0.0008   4.315e-08  p
net220                      1.80    0.065    0.000    0.0004   4.257e-08  p
net205                      1.80    0.021    0.001    0.0013   4.251e-08  p
clknet_0_net162             1.80    0.030    1.000    0.0009   4.195e-08  p
net333                      1.80    0.008    0.007    0.0031   4.176e-08  p
net222                      1.80    0.014    0.001    0.0019   4.101e-08  p
net921                      1.80    0.033    0.000    0.0008   4.077e-08  p
out95                       1.80    0.001    0.253    0.0490   4.062e-08  p
net122                      1.80    0.047    0.000    0.0005   4.038e-08  p
net415                      1.80    0.061    0.000    0.0004   4.034e-08  p
net212                      1.80    0.047    0.000    0.0005   4.012e-08  p
net925                      1.80    0.013    0.001    0.0019   3.874e-08  p
net290                      1.80    0.011    0.004    0.0022   3.873e-08  p
net431                      1.80    0.006    0.003    0.0038   3.872e-08  p
net445                      1.80    0.011    0.997    0.0022   3.868e-08  p
net351                      1.80    0.021    0.001    0.0011   3.762e-08  p
out35                       1.80    0.001    0.044    0.0410   3.721e-08  p
net386                      1.80    0.003    0.995    0.0079   3.682e-08  p
net206                      1.80    0.018    0.001    0.0012   3.653e-08  p
out78                       1.80    0.001    0.969    0.0294   3.632e-08  p
out65                       1.80    0.001    0.023    0.0239   3.611e-08  p
net854                      1.80    0.007    0.002    0.0033   3.604e-08  p
net424                      1.80    0.061    0.000    0.0004   3.593e-08  p
net809                      1.80    0.012    0.001    0.0019   3.489e-08  p
net219                      1.80    0.004    0.003    0.0047   3.358e-08  p
net855                      1.80    0.006    0.002    0.0033   3.325e-08  p
net223                      1.80    0.007    0.002    0.0030   3.309e-08  p
net837                      1.80    0.069    0.006    0.0003   3.170e-08  p
net439                      1.80    0.037    1.000    0.0005   3.153e-08  p
net599                      1.80    0.002    0.005    0.0081   3.114e-08  p
net232                      1.80    0.046    0.000    0.0004   3.033e-08  p
net162                      1.80    0.022    1.000    0.0009   2.996e-08  p
net335                      1.80    0.006    0.007    0.0031   2.881e-08  p
net329                      1.80    0.009    0.001    0.0019   2.840e-08  p
net48                       1.80    0.014    0.001    0.0012   2.743e-08  p
net218                      1.80    0.017    0.001    0.0010   2.735e-08  p
out3                        1.80    0.001    0.009    0.0141   2.714e-08  p
net14                       1.80    0.008    0.999    0.0022   2.707e-08  p
net141                      1.80    0.036    0.000    0.0004   2.641e-08  p
net156                      1.80    0.022    0.000    0.0007   2.504e-08  p
net359                      1.80    0.004    0.002    0.0039   2.504e-08  p
net121                      1.80    0.054    1.000    0.0003   2.501e-08  p
net603                      1.80    0.063    0.000    0.0002   2.485e-08  p
out49                       1.80    0.001    0.984    0.0160   2.447e-08  p
net597                      1.80    0.046    0.999    0.0003   2.416e-08  p
net120                      1.80    0.018    0.999    0.0008   2.360e-08  p
out51                       1.80    0.001    0.017    0.0163   2.358e-08  p
net148                      1.80    0.038    0.000    0.0004   2.282e-08  p
net916                      1.80    0.023    0.000    0.0006   2.267e-08  p
net482                      1.80    0.004    0.999    0.0034   2.180e-08  p
net728                      1.80    0.017    0.000    0.0008   2.092e-08  p
net146                      1.80    0.022    0.000    0.0006   2.057e-08  p
net86                       1.80    0.013    0.000    0.0009   2.007e-08  p
net62                       1.80    0.023    1.000    0.0005   1.936e-08  p
net411                      1.80    0.013    0.001    0.0009   1.896e-08  p
net510                      1.80    0.010    0.001    0.0012   1.863e-08  p
out52                       1.80    0.001    0.015    0.0163   1.780e-08  p
net907                      1.80    0.004    0.002    0.0026   1.645e-08  p
net98                       1.80    0.027    0.000    0.0004   1.620e-08  p
net330                      1.80    0.024    0.000    0.0004   1.598e-08  p
net242                      1.80    0.035    1.000    0.0003   1.593e-08  p
net172                      1.80    0.023    1.000    0.0004   1.546e-08  p
net89                       1.80    0.006    0.001    0.0015   1.501e-08  p
net932                      1.80    0.002    0.003    0.0047   1.495e-08  p
net313                      1.80    0.013    0.000    0.0007   1.488e-08  p
out85                       1.80    0.001    0.012    0.0137   1.464e-08  p
net81                       1.80    0.044    1.000    0.0002   1.457e-08  p
net126                      1.80    0.019    0.000    0.0004   1.356e-08  p
net353                      1.80    0.066    0.000    0.0001   1.310e-08  p
net616                      1.80    0.025    1.000    0.0003   1.293e-08  p
net244                      1.80    0.009    0.999    0.0009   1.243e-08  p
net167                      1.80    0.007    0.001    0.0011   1.221e-08  p
net88                       1.80    0.009    0.001    0.0009   1.178e-08  p
net586                      1.80    0.003    0.004    0.0026   1.175e-08  p
net233                      1.80    0.005    0.001    0.0013   1.149e-08  p
net927                      1.80    0.004    0.001    0.0019   1.120e-08  p
net214                      1.80    0.017    0.000    0.0004   1.105e-08  p
net928                      1.80    0.007    0.001    0.0009   1.087e-08  p
net909                      1.80    0.004    0.001    0.0019   1.064e-08  p
net368                      1.80    0.015    0.001    0.0004   1.052e-08  p
net221                      1.80    0.016    0.000    0.0004   1.049e-08  p
out39                       1.80    0.001    0.991    0.0128   1.045e-08  p
net574                      1.80    0.019    0.998    0.0003   1.009e-08  p
net90                       1.80    0.005    0.001    0.0013   1.007e-08  p
net230                      1.80    0.014    0.000    0.0004   9.950e-09  p
net70                       1.80    0.011    0.000    0.0006   9.778e-09  p
net566                      1.80    0.005    0.001    0.0011   9.608e-09  p
net319                      1.80    0.009    0.000    0.0006   9.091e-09  p
net144                      1.80    0.013    0.000    0.0004   8.654e-09  p
net180                      1.80    0.026    1.000    0.0002   8.411e-09  p
out76                       1.80    0.001    0.008    0.0097   8.216e-09  p
net171                      1.80    0.012    1.000    0.0004   8.141e-09  p
net118                      1.80    0.008    0.000    0.0007   8.064e-09  p
net240                      1.80    0.012    0.000    0.0004   8.015e-09  p
net571                      1.80    0.020    0.000    0.0002   7.955e-09  p
net413                      1.80    0.012    0.000    0.0004   7.816e-09  p
net423                      1.80    0.013    0.000    0.0004   7.795e-09  p
net924                      1.80    0.006    0.000    0.0008   7.663e-09  p
net140                      1.80    0.011    0.000    0.0004   7.549e-09  p
net193                      1.80    0.011    0.000    0.0004   7.458e-09  p
net254                      1.80    0.012    0.000    0.0004   7.413e-09  p
out36                       1.80    0.001    0.004    0.0058   7.111e-09  p
out46                       1.80    0.001    0.997    0.0044   7.059e-09  p
net923                      1.80    0.006    0.000    0.0008   7.027e-09  p
out31                       1.80    0.001    0.002    0.0040   6.923e-09  p
clknet_0_net268             1.80    0.021    1.000    0.0002   6.850e-09  p
net91                       1.80    0.007    0.000    0.0006   6.799e-09  p
net920                      1.80    0.002    0.001    0.0019   6.545e-09  p
net80                       1.80    0.010    1.000    0.0004   6.424e-09  p
net532                      1.80    0.006    1.000    0.0007   6.246e-09  p
net426                      1.80    0.012    1.000    0.0003   6.159e-09  p
net320                      1.80    0.007    0.000    0.0005   6.107e-09  p
net95                       1.80    0.013    0.006    0.0003   5.947e-09  p
out75                       1.80    0.001    0.004    0.0061   5.925e-09  p
net476                      1.80    0.005    0.000    0.0008   5.788e-09  p
net521                      1.80    0.006    1.000    0.0006   5.704e-09  p
net420                      1.80    0.009    0.000    0.0004   5.246e-09  p
net801                      1.80    0.011    0.006    0.0003   5.230e-09  p
net435                      1.80    0.004    0.999    0.0007   5.143e-09  p
out60                       1.80    0.001    0.998    0.0033   4.932e-09  p
net458                      1.80    0.005    1.000    0.0007   4.860e-09  p
net238                      1.80    0.007    0.000    0.0004   4.587e-09  p
net930                      1.80    0.003    0.001    0.0009   4.494e-09  p
out24                       1.80    0.001    0.001    0.0025   4.094e-09  p
net564                      1.80    0.002    0.001    0.0012   4.067e-09  p
out23                       1.80    0.001    0.001    0.0019   3.996e-09  p
net195                      1.80    0.005    0.000    0.0004   3.590e-09  p
out90                       1.80    0.001    0.003    0.0034   3.414e-09  p
net736                      1.80    0.017    1.000    0.0001   3.376e-09  p
net545                      1.80    0.005    0.002    0.0004   3.370e-09  p
net595                      1.80    0.003    0.000    0.0006   3.317e-09  p
out84                       1.80    0.000    0.003    0.0042   3.300e-09  p
net929                      1.80    0.002    0.001    0.0009   3.133e-09  p
out91                       1.80    0.001    0.002    0.0033   3.039e-09  p
net235                      1.80    0.003    1.000    0.0007   2.977e-09  p
net245                      1.80    0.014    1.000    0.0001   2.847e-09  p
net268                      1.80    0.008    1.000    0.0002   2.793e-09  p
net496                      1.80    0.002    1.000    0.0009   2.641e-09  p
out92                       1.80    0.001    0.002    0.0022   2.517e-09  p
net350                      1.80    0.002    1.000    0.0008   2.486e-09  p
out44                       1.80    0.001    0.002    0.0023   2.171e-09  p
out62                       1.80    0.001    0.001    0.0012   2.144e-09  p
net85                       1.80    0.004    0.006    0.0003   2.060e-09  p
net462                      1.80    0.004    1.000    0.0003   2.051e-09  p
net92                       1.80    0.002    0.000    0.0005   1.917e-09  p
net601                      1.80    0.003    1.000    0.0004   1.887e-09  p
net99                       1.80    0.003    1.000    0.0004   1.874e-09  p
out38                       1.80    0.000    0.002    0.0023   1.852e-09  p
net417                      1.80    0.003    0.000    0.0004   1.793e-09  p
net287                      1.80    0.003    0.999    0.0004   1.691e-09  p
net440                      1.80    0.004    1.000    0.0002   1.534e-09  p
out20                       1.80    0.002    0.997    0.0005   1.465e-09  p
clknet_0_net198             1.80    0.022    0.000    0.41e-4  1.433e-09  p
clknet_1_1__leaf_net268     1.80    0.004    1.000    0.0002   1.429e-09  p
net345                      1.80    0.002    0.002    0.0004   1.369e-09  p
clknet_1_0__leaf_net198     1.80    0.020    0.000    0.41e-4  1.347e-09  p
clknet_0_net199             1.80    0.020    0.000    0.41e-4  1.345e-09  p
clknet_1_0__leaf_net268     1.80    0.004    1.000    0.0002   1.295e-09  p
out5                        1.80    0.001    0.000    0.0009   1.291e-09  p
net181                      1.80    0.006    1.000    0.0001   1.250e-09  p
clknet_0_net766             1.80    0.018    0.000    0.41e-4  1.217e-09  p
net748                      1.80    0.004    1.000    0.0002   1.116e-09  pm
net263                      1.80    0.005    0.000    0.0001   1.072e-09  p
clknet_1_1__leaf_net198     1.80    0.016    0.000    0.41e-4  1.025e-09  p
clknet_1_0__leaf_net766     1.80    0.015    0.000    0.41e-4  1.002e-09  p
out1                        1.80    0.001    0.000    0.0004   9.108e-10  p
net198                      1.80    0.013    0.000    0.41e-4  8.550e-10  p
net766                      1.80    0.013    0.000    0.41e-4  8.505e-10  p
net256                      1.80    0.002    1.000    0.0002   8.112e-10  p
clknet_1_1__leaf_net766     1.80    0.011    0.000    0.41e-4  7.144e-10  p
net328                      1.80    0.005    1.000    0.81e-4  7.066e-10  p
net199                      1.80    0.010    0.000    0.41e-4  6.914e-10  p
out14                       1.80    0.001    0.000    0.0008   6.362e-10  p
out97                       1.80    0.001    0.006    0.0003   5.370e-10  p
clknet_1_1__leaf_net199     1.80    0.006    0.000    0.41e-4  4.252e-10  p
net497                      1.80    0.006    1.000    0.41e-4  3.825e-10  p
out48                       1.80    0.001    0.000    0.0004   3.721e-10  p
net303                      1.80    0.003    0.000    0.81e-4  3.389e-10  p
out22                       1.80    0.002    1.000    0.0001   3.156e-10  p
clknet_1_0__leaf_net199     1.80    0.002    0.000    0.41e-4  1.456e-10  p
out58                       1.80    0.001    0.000    0.41e-4  5.904e-11  p
clknet_0_net200             1.80    0.022    1.000    0.0000      0.0000  p
clknet_0_net367             1.80    0.021    0.000    0.0000      0.0000  p
clknet_0_net769             1.80    0.019    0.000    0.0000      0.0000  p
clknet_1_0__leaf_net200     1.80    0.005    1.000    0.0000      0.0000  p
clknet_1_0__leaf_net367     1.80    0.015    0.000    0.0000      0.0000  p
clknet_1_0__leaf_net769     1.80    0.018    0.000    0.0000      0.0000  p
clknet_1_1__leaf_net200     1.80    0.004    1.000    0.0000      0.0000  p
clknet_1_1__leaf_net367     1.80    0.006    0.000    0.0000      0.0000  p
clknet_1_1__leaf_net769     1.80    0.007    0.000    0.0000      0.0000  p
net41                       1.80    0.043    1.000    0.0000      0.0000  p
net79                       1.80    0.022    0.000    0.0000      0.0000  p
net147                      1.80    0.039    1.000    0.0000      0.0000  p
net149                      1.80    0.019    1.000    0.0000      0.0000  p
net173                      1.80    0.083    1.000    0.0000      0.0000  p
net184                      1.80    0.002    1.000    0.0000      0.0000  p
net200                      1.80    0.012    1.000    0.0000      0.0000  p
net201                      1.80    0.046    1.000    0.0000      0.0000  p
net202                      1.80    0.002    1.000    0.0000      0.0000  p
net224                      1.80    0.058    1.000    0.0000      0.0000  p
net236                      1.80    0.045    0.000    0.0000      0.0000  p
net241                      1.80    0.003    1.000    0.0000      0.0000  p
net243                      1.80    0.037    0.000    0.0000      0.0000  p
net252                      1.80    0.019    0.000    0.0000      0.0000  p
net266                      1.80    0.031    1.000    0.0000      0.0000  p
net269                      1.80    0.002    1.000    0.0000      0.0000  p
net311                      1.80    0.064    1.000    0.0000      0.0000  p
net317                      1.80    0.009    1.000    0.0000      0.0000  p
net324                      1.80    0.023    1.000    0.0000      0.0000  p
net327                      1.80    0.016    1.000    0.0000      0.0000  p
net332                      1.80    0.003    1.000    0.0000      0.0000  p
net336                      1.80    0.011    1.000    0.0000      0.0000  p
net337                      1.80    0.014    1.000    0.0000      0.0000  p
net338                      1.80    0.011    1.000    0.0000      0.0000  p
net344                      1.80    0.003    1.000    0.0000      0.0000  p
net346                      1.80    0.016    1.000    0.0000      0.0000  p
net356                      1.80    0.017    0.000    0.0000      0.0000  p
net357                      1.80    0.016    1.000    0.0000      0.0000  p
net358                      1.80    0.003    1.000    0.0000      0.0000  p
net362                      1.80    0.022    1.000    0.0000      0.0000  p
net364                      1.80    0.009    1.000    0.0000      0.0000  p
net366                      1.80    0.003    0.000    0.0000      0.0000  p
net367                      1.80    0.011    0.000    0.0000      0.0000  p
net372                      1.80    0.013    1.000    0.0000      0.0000  p
net410                      1.80    0.054    1.000    0.0000      0.0000  p
net416                      1.80    0.030    1.000    0.0000      0.0000  p
net418                      1.80    0.011    1.000    0.0000      0.0000  p
net419                      1.80    0.004    1.000    0.0000      0.0000  p
net422                      1.80    0.004    1.000    0.0000      0.0000  p
net427                      1.80    0.020    0.000    0.0000      0.0000  p
net438                      1.80    0.010    1.000    0.0000      0.0000  p
net449                      1.80    0.015    1.000    0.0000      0.0000  p
net451                      1.80    0.043    1.000    0.0000      0.0000  p
net455                      1.80    0.002    1.000    0.0000      0.0000  p
net461                      1.80    0.002    1.000    0.0000      0.0000  p
net467                      1.80    0.003    1.000    0.0000      0.0000  p
net522                      1.80    0.002    1.000    0.0000      0.0000  p
net573                      1.80    0.013    0.000    0.0000      0.0000  p
net580                      1.80    0.004    0.000    0.0000      0.0000  p
net613                      1.80    0.052    0.000    0.0000      0.0000  p
net617                      1.80    0.026    0.000    0.0000      0.0000  p
net725                      1.80    0.071    1.000    0.0000      0.0000  p
net755                      1.80    0.055    1.000    0.0000      0.0000  p
net762                      1.80    0.055    1.000    0.0000      0.0000  p
net765                      1.80    0.027    0.000    0.0000      0.0000  p
net769                      1.80    0.018    0.000    0.0000      0.0000  p
net816                      1.80    0.128    1.000    0.0000      0.0000  p
net862                      1.80    0.007    1.000    0.0000      0.0000  p
net863                      1.80    0.022    1.000    0.0000      0.0000  p
net864                      1.80    0.004    1.000    0.0000      0.0000  p
net865                      1.80    0.003    1.000    0.0000      0.0000  p
net866                      1.80    0.017    1.000    0.0000      0.0000  p
net867                      1.80    0.005    1.000    0.0000      0.0000  p
net868                      1.80    0.008    1.000    0.0000      0.0000  p
net889                      1.80    0.015    1.000    0.0000      0.0000  p
net915                      1.80    0.014    1.000    0.0000      0.0000  p
net917                      1.80    0.003    1.000    0.0000      0.0000  p
net918                      1.80    0.003    1.000    0.0000      0.0000  p
net943                      1.80    0.006    1.000    0.0000      0.0000  p
net944                      1.80    0.002    1.000    0.0000      0.0000  p
out10                       1.80    0.001    1.000    0.0000      0.0000  p
out45                       1.80    0.001    1.000    0.0000      0.0000  p
out53                       1.80    0.001    1.000    0.0000      0.0000  p
out57                       1.80    0.001    0.000    0.0000      0.0000  p
out61                       1.80    0.000    0.000    0.0000      0.0000  p
--------------------------------------------------------------------------------
Total (1188 nets)                                              3.061e-03 Watt



                                      Int      Switch   Leak      Total
Hierarchy                             Power    Power    Power     Power    %
--------------------------------------------------------------------------------
netlist_0                             2.68e-03 3.06e-03 7.58e-09  5.74e-03 100.0
1
