****************************************
Report : Averaged Power
	-net_power
	-hierarchy
	-sort_by net_switching_power
	-power_greater_than       0
	-nosplit
Design : netlist_1
Version: Q-2019.12-SP1
Date   : Fri Aug  9 23:48:02 2024
****************************************



  Attributes
  ----------
      a  -  Switching activity information / Switching power information annotated on net
      p  -  Propagated switching activity information on net
      d  -  Default switching activity used on net
      u  -  Net switching activity uninitialized
      m  -  Net is driven by multiple pins
      b  -  Net is a primary input (boundary net)

		Toggle rates reported with respect to time unit 1ns
--------------------------------------------------------------------------------
                                  Total      Static   Toggle   Switching
Net                         Vdd   Net Load   Prob.    Rate     Power      Attrs
--------------------------------------------------------------------------------
net224                      1.80    0.091    0.504    0.3952   5.799e-05  p
net885                      1.80    0.117    0.701    0.2735   5.197e-05  p
net879                      1.80    0.060    0.504    0.5339   5.165e-05  p
net893                      1.80    0.094    0.385    0.3406   5.164e-05  p
net832                      1.80    0.087    0.428    0.3573   5.021e-05  p
net550                      1.80    0.062    0.498    0.4909   4.891e-05  p
net887                      1.80    0.111    0.632    0.2629   4.710e-05  p
net825                      1.80    0.104    0.738    0.2782   4.679e-05  p
net313                      1.80    0.086    0.567    0.3260   4.539e-05  p
net22                       1.80    0.066    0.499    0.4058   4.359e-05  p
net233                      1.80    0.097    0.720    0.2702   4.231e-05  p
net7                        1.80    0.101    0.627    0.2595   4.227e-05  p
net881                      1.80    0.098    0.638    0.2582   4.088e-05  p
net880                      1.80    0.093    0.580    0.2695   4.040e-05  p
net888                      1.80    0.074    0.503    0.3357   4.004e-05  p
net884                      1.80    0.099    0.647    0.2416   3.888e-05  p
net444                      1.80    0.042    0.504    0.5339   3.620e-05  p
net906                      1.80    0.116    0.495    0.1906   3.578e-05  p
net319                      1.80    0.055    0.477    0.4026   3.578e-05  p
net207                      1.80    0.081    0.499    0.2706   3.562e-05  p
net98                       1.80    0.081    0.584    0.2692   3.515e-05  p
net542                      1.80    0.047    0.521    0.4407   3.378e-05  p
net894                      1.80    0.097    0.495    0.2044   3.209e-05  p
net228                      1.80    0.067    0.764    0.2905   3.176e-05  p
net548                      1.80    0.062    0.502    0.3063   3.082e-05  p
net901                      1.80    0.101    0.506    0.1887   3.077e-05  p
net249                      1.80    0.058    0.656    0.3264   3.073e-05  p
net891                      1.80    0.062    0.494    0.2959   2.971e-05  p
net21                       1.80    0.079    0.675    0.2323   2.970e-05  p
net892                      1.80    0.060    0.494    0.2959   2.898e-05  p
net890                      1.80    0.058    0.502    0.3063   2.872e-05  p
net310                      1.80    0.051    0.502    0.3319   2.766e-05  p
net69                       1.80    0.089    0.497    0.1891   2.719e-05  p
net886                      1.80    0.059    0.701    0.2735   2.618e-05  p
net11                       1.80    0.039    0.501    0.4028   2.557e-05  p
net358                      1.80    0.055    0.522    0.2831   2.541e-05  p
net932                      1.80    0.036    0.500    0.4387   2.525e-05  p
net28                       1.80    0.068    0.568    0.2250   2.484e-05  p
net889                      1.80    0.041    0.501    0.3670   2.460e-05  p
net896                      1.80    0.068    0.669    0.2239   2.457e-05  p
net19                       1.80    0.058    0.581    0.2582   2.441e-05  p
net372                      1.80    0.086    0.610    0.1739   2.433e-05  p
net907                      1.80    0.124    0.627    0.1209   2.421e-05  p
net232                      1.80    0.041    0.631    0.3525   2.369e-05  p
net31                       1.80    0.049    0.557    0.2952   2.364e-05  p
net12                       1.80    0.064    0.497    0.2268   2.360e-05  p
net779                      1.80    0.145    0.500    0.1000   2.349e-05  a
net895                      1.80    0.069    0.495    0.2044   2.298e-05  p
clknet_2_2__leaf_clk        1.80    0.139    0.500    0.1000   2.253e-05  a
net311                      1.80    0.069    0.668    0.1985   2.228e-05  p
net200                      1.80    0.032    0.506    0.4286   2.208e-05  p
net770                      1.80    0.135    0.500    0.1000   2.186e-05  a
net265                      1.80    0.043    0.511    0.3105   2.186e-05  p
net822                      1.80    0.075    0.595    0.1787   2.174e-05  p
net4                        1.80    0.050    0.501    0.2672   2.168e-05  p
net2                        1.80    0.039    0.501    0.3386   2.118e-05  p
net27                       1.80    0.039    0.619    0.3240   2.027e-05  p
net602                      1.80    0.044    0.781    0.2821   1.992e-05  p
net92                       1.80    0.055    0.572    0.2224   1.981e-05  p
clknet_2_0__leaf_clk        1.80    0.122    0.500    0.1000   1.973e-05  a
net551                      1.80    0.025    0.498    0.4878   1.961e-05  p
net84                       1.80    0.050    0.567    0.2381   1.944e-05  p
net883                      1.80    0.035    0.502    0.3319   1.882e-05  p
net138                      1.80    0.048    0.647    0.2416   1.869e-05  p
net201                      1.80    0.047    0.465    0.2422   1.840e-05  p
net474                      1.80    0.044    0.507    0.2581   1.840e-05  p
clknet_1_0__leaf_net386     1.80    0.077    0.419    0.1448   1.817e-05  p
net217                      1.80    0.034    0.558    0.3283   1.793e-05  p
net1006                     1.80    0.032    0.385    0.3406   1.782e-05  p
net432                      1.80    0.039    0.505    0.2818   1.765e-05  p
net761                      1.80    0.107    0.500    0.1000   1.737e-05  a
net772                      1.80    0.107    0.500    0.1000   1.736e-05  a
clknet_2_1__leaf_clk        1.80    0.107    0.500    0.1000   1.734e-05  a
net13                       1.80    0.061    0.686    0.1741   1.709e-05  p
net897                      1.80    0.105    0.503    0.0986   1.683e-05  p
net169                      1.80    0.035    0.606    0.2984   1.675e-05  p
net431                      1.80    0.032    0.509    0.3251   1.664e-05  p
net929                      1.80    0.037    0.701    0.2735   1.634e-05  p
net472                      1.80    0.049    0.829    0.2065   1.624e-05  p
net789                      1.80    0.100    0.500    0.1000   1.621e-05  a
net452                      1.80    0.027    0.629    0.3668   1.614e-05  p
clknet_2_3__leaf_clk        1.80    0.099    0.500    0.1000   1.607e-05  a
net210                      1.80    0.030    0.503    0.3318   1.598e-05  p
net425                      1.80    0.034    0.567    0.2908   1.594e-05  p
net792                      1.80    0.098    0.500    0.1000   1.590e-05  a
net206                      1.80    0.032    0.502    0.3063   1.577e-05  p
net185                      1.80    0.030    0.655    0.3243   1.576e-05  p
net219                      1.80    0.027    0.500    0.3661   1.573e-05  p
net214                      1.80    0.029    0.640    0.3361   1.569e-05  p
net122                      1.80    0.040    0.743    0.2402   1.544e-05  p
net909                      1.80    0.095    0.500    0.1000   1.538e-05  a
net74                       1.80    0.031    0.502    0.3063   1.538e-05  p
net842                      1.80    0.035    0.580    0.2695   1.516e-05  p
net25                       1.80    0.038    0.639    0.2434   1.512e-05  p
net908                      1.80    0.093    0.500    0.1000   1.505e-05  a
clknet_0_clk                1.80    0.093    0.500    0.1000   1.503e-05  a
net1005                     1.80    0.028    0.558    0.3283   1.498e-05  p
net108                      1.80    0.047    0.547    0.1929   1.479e-05  p
net77                       1.80    0.049    0.688    0.1848   1.471e-05  p
net882                      1.80    0.035    0.638    0.2582   1.469e-05  p
net298                      1.80    0.035    0.613    0.2554   1.466e-05  p
net923                      1.80    0.047    0.495    0.1906   1.458e-05  p
net223                      1.80    0.017    0.495    0.5178   1.456e-05  p
net771                      1.80    0.088    0.500    0.1000   1.428e-05  a
net446                      1.80    0.030    0.703    0.2953   1.427e-05  p
clknet_1_1__leaf_net386     1.80    0.060    0.419    0.1448   1.416e-05  p
net30                       1.80    0.019    0.504    0.4666   1.414e-05  p
net33                       1.80    0.020    0.551    0.4441   1.413e-05  p
net544                      1.80    0.023    0.498    0.3749   1.412e-05  p
net541                      1.80    0.023    0.543    0.3677   1.396e-05  p
net938                      1.80    0.023    0.616    0.3608   1.368e-05  p
net919                      1.80    0.027    0.523    0.3083   1.358e-05  p
net3                        1.80    0.043    0.506    0.1887   1.318e-05  p
net102                      1.80    0.031    0.632    0.2629   1.315e-05  p
net216                      1.80    0.023    0.466    0.3510   1.314e-05  p
net82                       1.80    0.056    0.662    0.1459   1.314e-05  p
net238                      1.80    0.049    0.475    0.1650   1.300e-05  p
net1007                     1.80    0.024    0.385    0.3406   1.300e-05  p
net135                      1.80    0.030    0.502    0.2659   1.296e-05  p
net226                      1.80    0.019    0.564    0.4106   1.294e-05  p
net100                      1.80    0.049    0.585    0.1639   1.291e-05  p
net78                       1.80    0.021    0.503    0.3740   1.270e-05  p
net88                       1.80    0.018    0.501    0.4358   1.269e-05  p
net244                      1.80    0.023    0.586    0.3307   1.258e-05  p
net820                      1.80    0.077    0.500    0.1000   1.252e-05  a
net202                      1.80    0.025    0.502    0.3063   1.245e-05  p
net553                      1.80    0.059    0.100    0.1282   1.232e-05  p
net816                      1.80    0.076    0.500    0.1000   1.232e-05  a
net440                      1.80    0.029    0.638    0.2582   1.230e-05  p
net768                      1.80    0.076    0.500    0.1000   1.225e-05  a
net79                       1.80    0.046    0.562    0.1638   1.225e-05  p
net103                      1.80    0.027    0.564    0.2802   1.204e-05  p
net8                        1.80    0.022    0.501    0.3378   1.201e-05  p
net243                      1.80    0.024    0.495    0.3119   1.200e-05  p
net318                      1.80    0.059    0.483    0.1251   1.199e-05  p
net875                      1.80    0.054    0.560    0.1370   1.197e-05  p
net300                      1.80    0.017    0.502    0.4218   1.195e-05  p
net220                      1.80    0.025    0.359    0.2914   1.186e-05  p
net911                      1.80    0.022    0.558    0.3283   1.184e-05  p
net213                      1.80    0.018    0.570    0.3931   1.173e-05  p
net940                      1.80    0.018    0.506    0.4057   1.162e-05  p
net299                      1.80    0.020    0.551    0.3506   1.158e-05  p
net257                      1.80    0.020    0.444    0.3604   1.144e-05  p
net198                      1.80    0.037    0.501    0.1902   1.140e-05  p
net221                      1.80    0.021    0.585    0.3290   1.132e-05  p
net291                      1.80    0.019    0.507    0.3693   1.130e-05  p
net35                       1.80    0.018    0.571    0.3778   1.129e-05  p
net71                       1.80    0.054    0.564    0.1299   1.128e-05  p
net743                      1.80    0.053    0.673    0.1306   1.127e-05  p
net844                      1.80    0.039    0.625    0.1749   1.111e-05  p
net355                      1.80    0.038    0.704    0.1779   1.099e-05  p
net679                      1.80    0.039    0.467    0.1726   1.095e-05  p
net161                      1.80    0.027    0.672    0.2545   1.094e-05  p
net182                      1.80    0.020    0.647    0.3285   1.079e-05  p
net898                      1.80    0.065    0.546    0.1025   1.075e-05  p
net57                       1.80    0.036    0.641    0.1835   1.074e-05  p
net760                      1.80    0.066    0.500    0.1000   1.072e-05  a
net547                      1.80    0.014    0.487    0.4622   1.068e-05  p
net563                      1.80    0.021    0.507    0.3066   1.062e-05  p
net917                      1.80    0.040    0.610    0.1654   1.060e-05  p
net17                       1.80    0.019    0.503    0.3494   1.057e-05  p
net268                      1.80    0.024    0.693    0.2642   1.046e-05  p
net246                      1.80    0.018    0.500    0.3530   1.035e-05  p
net204                      1.80    0.018    0.616    0.3608   1.035e-05  p
net827                      1.80    0.014    0.469    0.4622   1.026e-05  p
clknet_0_net196             1.80    0.019    0.659    0.3242   1.024e-05  p
net800                      1.80    0.063    0.500    0.1000   1.024e-05  a
clknet_0_net299             1.80    0.018    0.551    0.3506   1.023e-05  p
net851                      1.80    0.054    0.623    0.1166   1.019e-05  p
net241                      1.80    0.018    0.493    0.3523   1.013e-05  p
net86                       1.80    0.021    0.598    0.2969   1.012e-05  p
net833                      1.80    0.022    0.528    0.2813   1.001e-05  p
net421                      1.80    0.025    0.550    0.2468   9.887e-06  p
net81                       1.80    0.032    0.671    0.1916   9.876e-06  p
net356                      1.80    0.042    0.509    0.1455   9.851e-06  p
net593                      1.80    0.028    0.588    0.2193   9.811e-06  p
net782                      1.80    0.060    0.500    0.1000   9.769e-06  a
net450                      1.80    0.026    0.725    0.2286   9.737e-06  p
clknet_0_net874             1.80    0.019    0.584    0.3088   9.698e-06  p
net914                      1.80    0.020    0.598    0.2969   9.675e-06  p
net767                      1.80    0.060    0.500    0.1000   9.666e-06  a
net23                       1.80    0.039    0.626    0.1540   9.654e-06  p
net555                      1.80    0.022    0.375    0.2722   9.572e-06  p
net105                      1.80    0.032    0.602    0.1828   9.543e-06  p
net107                      1.80    0.030    0.452    0.1928   9.508e-06  p
net787                      1.80    0.058    0.500    0.1000   9.470e-06  a
net73                       1.80    0.027    0.495    0.2149   9.423e-06  p
net424                      1.80    0.022    0.484    0.2644   9.324e-06  p
net552                      1.80    0.014    0.496    0.4003   9.295e-06  p
net287                      1.80    0.042    0.657    0.1354   9.292e-06  p
net239                      1.80    0.035    0.524    0.1651   9.243e-06  p
net114                      1.80    0.025    0.760    0.2247   9.161e-06  p
net426                      1.80    0.013    0.485    0.4445   9.104e-06  p
net348                      1.80    0.043    0.409    0.1303   9.088e-06  p
net320                      1.80    0.025    0.494    0.2234   9.059e-06  p
net67                       1.80    0.030    0.502    0.1890   9.055e-06  p
net427                      1.80    0.023    0.558    0.2417   9.044e-06  p
net167                      1.80    0.025    0.738    0.2199   9.040e-06  p
net199                      1.80    0.016    0.385    0.3406   9.020e-06  p
net601                      1.80    0.058    0.751    0.0951   9.005e-06  p
clknet_0_net598             1.80    0.020    0.410    0.2790   8.970e-06  p
net101                      1.80    0.031    0.638    0.1763   8.967e-06  p
net878                      1.80    0.066    0.465    0.0825   8.783e-06  p
net29                       1.80    0.020    0.510    0.2683   8.776e-06  p
net205                      1.80    0.021    0.692    0.2568   8.700e-06  p
net24                       1.80    0.016    0.503    0.3357   8.689e-06  p
net423                      1.80    0.015    0.501    0.3670   8.627e-06  p
net916                      1.80    0.032    0.610    0.1654   8.469e-06  p
net18                       1.80    0.022    0.511    0.2368   8.468e-06  p
net56                       1.80    0.028    0.358    0.1834   8.442e-06  p
net83                       1.80    0.023    0.669    0.2239   8.386e-06  p
net9                        1.80    0.052    0.503    0.0986   8.370e-06  p
net26                       1.80    0.011    0.500    0.4612   8.335e-06  p
clknet_0_net633             1.80    0.020    0.601    0.2601   8.330e-06  p
net857                      1.80    0.042    0.627    0.1209   8.279e-06  p
net279                      1.80    0.022    0.643    0.2245   8.177e-06  p
net476                      1.80    0.050    0.770    0.1008   8.163e-06  p
net231                      1.80    0.010    0.496    0.5259   8.102e-06  p
net111                      1.80    0.037    0.636    0.1349   8.102e-06  p
net338                      1.80    0.010    0.517    0.4905   8.055e-06  p
net80                       1.80    0.032    0.673    0.1545   8.021e-06  p
net803                      1.80    0.049    0.500    0.1000   8.009e-06  a
net936                      1.80    0.020    0.550    0.2468   8.005e-06  p
net93                       1.80    0.025    0.572    0.1942   7.980e-06  p
net368                      1.80    0.037    0.529    0.1315   7.970e-06  p
net545                      1.80    0.017    0.495    0.2842   7.955e-06  p
net838                      1.80    0.028    0.739    0.1744   7.903e-06  p
net802                      1.80    0.049    0.500    0.1000   7.873e-06  a
net694                      1.80    0.036    0.583    0.1336   7.867e-06  p
net708                      1.80    0.031    0.565    0.1560   7.838e-06  p
net937                      1.80    0.018    0.484    0.2644   7.818e-06  p
net230                      1.80    0.019    0.665    0.2486   7.748e-06  p
net139                      1.80    0.016    0.496    0.2915   7.716e-06  p
net115                      1.80    0.024    0.757    0.2021   7.707e-06  p
net330                      1.80    0.014    0.541    0.3489   7.698e-06  p
net598                      1.80    0.017    0.410    0.2790   7.650e-06  p
net801                      1.80    0.047    0.500    0.1000   7.535e-06  a
net920                      1.80    0.012    0.501    0.3670   7.400e-06  p
net157                      1.80    0.013    0.493    0.3525   7.377e-06  p
net110                      1.80    0.015    0.493    0.2977   7.278e-06  p
net289                      1.80    0.036    0.641    0.1258   7.277e-06  p
net68                       1.80    0.022    0.629    0.2003   7.212e-06  p
clknet_0_net871             1.80    0.020    0.628    0.2262   7.209e-06  p
net941                      1.80    0.011    0.506    0.4057   7.071e-06  p
net36                       1.80    0.018    0.639    0.2434   7.063e-06  p
clknet_0_net501             1.80    0.022    0.567    0.1979   7.019e-06  p
net16                       1.80    0.037    0.538    0.1174   6.972e-06  p
net94                       1.80    0.015    0.502    0.2777   6.954e-06  p
net76                       1.80    0.026    0.659    0.1670   6.947e-06  p
net112                      1.80    0.031    0.668    0.1398   6.932e-06  p
net44                       1.80    0.013    0.500    0.3195   6.929e-06  p
net174                      1.80    0.013    0.470    0.3250   6.908e-06  p
net312                      1.80    0.011    0.497    0.3911   6.888e-06  p
net829                      1.80    0.059    0.110    0.0722   6.885e-06  p
net75                       1.80    0.026    0.620    0.1635   6.845e-06  p
net335                      1.80    0.012    0.497    0.3385   6.837e-06  p
net0                        1.80    0.023    0.500    0.1849   6.808e-06  p
net134                      1.80    0.021    0.597    0.1988   6.804e-06  p
net212                      1.80    0.015    0.667    0.2788   6.785e-06  p
net436                      1.80    0.010    0.500    0.4387   6.762e-06  p
net510                      1.80    0.014    0.557    0.2943   6.650e-06  p
clknet_0_net646             1.80    0.019    0.488    0.2200   6.647e-06  p
net251                      1.80    0.021    0.806    0.1950   6.613e-06  p
net40                       1.80    0.013    0.544    0.3016   6.567e-06  p
net354                      1.80    0.020    0.699    0.2010   6.559e-06  p
net97                       1.80    0.015    0.502    0.2771   6.554e-06  p
net72                       1.80    0.021    0.498    0.1897   6.548e-06  p
net37                       1.80    0.013    0.643    0.3008   6.518e-06  p
clknet_0_net154             1.80    0.020    0.556    0.2016   6.499e-06  p
net675                      1.80    0.024    0.610    0.1654   6.450e-06  p
net797                      1.80    0.040    0.500    0.1000   6.447e-06  a
net274                      1.80    0.037    0.724    0.1089   6.446e-06  p
clknet_leaf_37_clk          1.80    0.040    0.500    0.1000   6.444e-06  a
net533                      1.80    0.017    0.541    0.2385   6.418e-06  p
net314                      1.80    0.019    0.495    0.2044   6.387e-06  p
net208                      1.80    0.011    0.542    0.3498   6.338e-06  p
net106                      1.80    0.010    0.606    0.3776   6.333e-06  p
net119                      1.80    0.014    0.509    0.2776   6.292e-06  p
net780                      1.80    0.039    0.500    0.1000   6.260e-06  a
net240                      1.80    0.014    0.468    0.2846   6.238e-06  p
clknet_0_net275             1.80    0.020    0.720    0.1909   6.205e-06  p
net323                      1.80    0.011    0.440    0.3444   6.139e-06  p
clknet_0_net280             1.80    0.020    0.601    0.1920   6.115e-06  p
net850                      1.80    0.051    0.715    0.0743   6.103e-06  p
net109                      1.80    0.020    0.633    0.1843   6.073e-06  p
net398                      1.80    0.011    0.645    0.3408   6.037e-06  p
net785                      1.80    0.037    0.500    0.1000   6.003e-06  a
clknet_0_net632             1.80    0.019    0.480    0.1931   5.997e-06  p
net64                       1.80    0.010    0.678    0.3567   5.914e-06  p
clknet_0_net155             1.80    0.019    0.558    0.1899   5.905e-06  p
clknet_0_net531             1.80    0.019    0.541    0.1852   5.801e-06  p
net445                      1.80    0.010    0.505    0.3724   5.759e-06  p
net695                      1.80    0.055    0.588    0.0647   5.752e-06  p
net807                      1.80    0.035    0.500    0.1000   5.742e-06  a
net921                      1.80    0.010    0.501    0.3670   5.716e-06  p
net438                      1.80    0.013    0.377    0.2673   5.687e-06  p
clknet_1_1__leaf_net859     1.80    0.060    0.303    0.0585   5.678e-06  p
net46                       1.80    0.013    0.497    0.2750   5.678e-06  p
net874                      1.80    0.011    0.584    0.3088   5.644e-06  p
clknet_leaf_40_clk          1.80    0.035    0.500    0.1000   5.642e-06  a
net662                      1.80    0.019    0.641    0.1839   5.622e-06  p
net132                      1.80    0.014    0.503    0.2539   5.615e-06  p
clknet_0_net580             1.80    0.019    0.244    0.1834   5.608e-06  p
clknet_0_net386             1.80    0.024    0.419    0.1448   5.564e-06  p
net869                      1.80    0.019    0.541    0.1823   5.510e-06  p
clknet_0_net404             1.80    0.020    0.640    0.1690   5.501e-06  p
net52                       1.80    0.013    0.557    0.2709   5.497e-06  p
net196                      1.80    0.010    0.659    0.3242   5.493e-06  p
net819                      1.80    0.034    0.500    0.1000   5.492e-06  a
clknet_leaf_35_clk          1.80    0.034    0.500    0.1000   5.460e-06  a
net95                       1.80    0.020    0.587    0.1666   5.423e-06  p
net526                      1.80    0.022    0.567    0.1537   5.422e-06  p
clknet_leaf_0_clk           1.80    0.033    0.500    0.1000   5.409e-06  a
net990                      1.80    0.019    0.604    0.1714   5.398e-06  p
net203                      1.80    0.008    0.506    0.4057   5.368e-06  p
net728                      1.80    0.016    0.514    0.2035   5.361e-06  p
net934                      1.80    0.007    0.500    0.4387   5.329e-06  p
net175                      1.80    0.021    0.501    0.1552   5.316e-06  p
net930                      1.80    0.007    0.500    0.4387   5.284e-06  p
net775                      1.80    0.032    0.500    0.1000   5.251e-06  a
net804                      1.80    0.032    0.500    0.1000   5.236e-06  a
clknet_0_net373             1.80    0.022    0.634    0.1487   5.236e-06  p
net443                      1.80    0.013    0.658    0.2569   5.234e-06  p
clknet_1_0__leaf_net826     1.80    0.045    0.243    0.0726   5.232e-06  p
clknet_leaf_1_clk           1.80    0.032    0.500    0.1000   5.210e-06  a
net769                      1.80    0.032    0.500    0.1000   5.196e-06  a
net723                      1.80    0.022    0.539    0.1466   5.193e-06  p
net913                      1.80    0.010    0.558    0.3283   5.190e-06  p
net229                      1.80    0.013    0.334    0.2486   5.183e-06  p
net766                      1.80    0.032    0.500    0.1000   5.172e-06  a
net38                       1.80    0.014    0.200    0.2280   5.140e-06  p
clknet_leaf_25_clk          1.80    0.032    0.500    0.1000   5.106e-06  a
net794                      1.80    0.031    0.500    0.1000   5.065e-06  a
net765                      1.80    0.031    0.500    0.1000   5.005e-06  a
net45                       1.80    0.010    0.445    0.3063   4.973e-06  p
net51                       1.80    0.009    0.496    0.3191   4.868e-06  p
net89                       1.80    0.019    0.634    0.1559   4.861e-06  p
net422                      1.80    0.010    0.494    0.2959   4.843e-06  p
net190                      1.80    0.016    0.567    0.1918   4.829e-06  p
net660                      1.80    0.016    0.456    0.1821   4.812e-06  p
net773                      1.80    0.030    0.500    0.1000   4.810e-06  a
net154                      1.80    0.015    0.556    0.2016   4.809e-06  p
clknet_1_0__leaf_net859     1.80    0.051    0.303    0.0585   4.798e-06  p
net860                      1.80    0.019    0.460    0.1565   4.790e-06  p
net1                        1.80    0.011    0.498    0.2702   4.759e-06  p
net162                      1.80    0.007    0.501    0.3961   4.676e-06  p
net793                      1.80    0.029    0.500    0.1000   4.669e-06  a
net130                      1.80    0.022    0.604    0.1323   4.662e-06  p
clknet_leaf_26_clk          1.80    0.029    0.500    0.1000   4.640e-06  a
clknet_leaf_28_clk          1.80    0.029    0.500    0.1000   4.634e-06  a
net140                      1.80    0.028    0.546    0.1025   4.626e-06  p
clknet_1_1__leaf_net299     1.80    0.008    0.551    0.3506   4.609e-06  p
net468                      1.80    0.012    0.192    0.2306   4.581e-06  p
net791                      1.80    0.028    0.500    0.1000   4.561e-06  a
net137                      1.80    0.008    0.533    0.3342   4.547e-06  p
clknet_1_0__leaf_net501     1.80    0.014    0.567    0.1979   4.530e-06  p
clknet_0_net403             1.80    0.019    0.606    0.1457   4.520e-06  p
net811                      1.80    0.028    0.500    0.1000   4.515e-06  a
clknet_1_0__leaf_net299     1.80    0.008    0.551    0.3506   4.512e-06  p
net437                      1.80    0.008    0.569    0.3373   4.497e-06  p
net871                      1.80    0.012    0.628    0.2262   4.494e-06  p
net90                       1.80    0.015    0.509    0.1890   4.466e-06  p
net815                      1.80    0.028    0.500    0.1000   4.464e-06  a
net540                      1.80    0.007    0.495    0.3670   4.431e-06  p
clknet_0_net389             1.80    0.020    0.645    0.1378   4.424e-06  p
net633                      1.80    0.010    0.601    0.2601   4.400e-06  p
net821                      1.80    0.027    0.500    0.1000   4.396e-06  a
clknet_1_1__leaf_net501     1.80    0.014    0.567    0.1979   4.388e-06  p
clknet_leaf_15_clk          1.80    0.027    0.500    0.1000   4.368e-06  a
clknet_leaf_34_clk          1.80    0.027    0.500    0.1000   4.360e-06  a
net225                      1.80    0.009    0.510    0.2855   4.326e-06  p
clknet_leaf_20_clk          1.80    0.027    0.500    0.1000   4.313e-06  a
net677                      1.80    0.022    0.538    0.1226   4.306e-06  p
net466                      1.80    0.006    0.567    0.4195   4.304e-06  p
clknet_0_net130             1.80    0.020    0.604    0.1323   4.296e-06  p
clknet_leaf_29_clk          1.80    0.026    0.500    0.1000   4.286e-06  a
net475                      1.80    0.052    0.954    0.0504   4.267e-06  p
clknet_1_0__leaf_net598     1.80    0.009    0.410    0.2790   4.257e-06  p
net795                      1.80    0.026    0.500    0.1000   4.250e-06  a
net590                      1.80    0.021    0.275    0.1251   4.249e-06  p
net558                      1.80    0.053    0.477    0.0490   4.247e-06  p
net104                      1.80    0.017    0.590    0.1535   4.205e-06  p
clknet_1_1__leaf_net655     1.80    0.050    0.250    0.0510   4.166e-06  p
clknet_leaf_12_clk          1.80    0.026    0.500    0.1000   4.147e-06  a
clknet_1_0__leaf_net874     1.80    0.008    0.584    0.3088   4.145e-06  p
net91                       1.80    0.010    0.527    0.2614   4.129e-06  p
net87                       1.80    0.021    0.640    0.1193   4.121e-06  p
clknet_1_1__leaf_net580     1.80    0.014    0.244    0.1834   4.090e-06  p
net925                      1.80    0.009    0.377    0.2673   4.087e-06  p
net724                      1.80    0.013    0.551    0.1908   4.058e-06  p
net141                      1.80    0.009    0.646    0.2749   4.057e-06  p
clknet_leaf_4_clk           1.80    0.025    0.500    0.1000   4.055e-06  a
net482                      1.80    0.028    0.537    0.0900   4.053e-06  p
net295                      1.80    0.012    0.536    0.2124   4.043e-06  p
net263                      1.80    0.018    0.626    0.1361   4.025e-06  p
net70                       1.80    0.013    0.495    0.1906   4.021e-06  p
net288                      1.80    0.019    0.714    0.1275   4.009e-06  p
clknet_leaf_33_clk          1.80    0.025    0.500    0.1000   3.988e-06  a
net403                      1.80    0.017    0.606    0.1457   3.974e-06  p
net290                      1.80    0.018    0.507    0.1331   3.953e-06  p
net262                      1.80    0.018    0.374    0.1361   3.947e-06  p
net118                      1.80    0.018    0.670    0.1363   3.936e-06  p
net500                      1.80    0.047    0.571    0.0513   3.930e-06  p
net222                      1.80    0.013    0.489    0.1914   3.923e-06  p
net275                      1.80    0.013    0.720    0.1909   3.922e-06  p
net722                      1.80    0.016    0.458    0.1466   3.914e-06  p
net813                      1.80    0.024    0.500    0.1000   3.911e-06  a
net448                      1.80    0.007    0.497    0.3648   3.891e-06  p
net539                      1.80    0.011    0.510    0.2115   3.889e-06  p
net211                      1.80    0.009    0.701    0.2735   3.876e-06  p
clknet_leaf_2_clk           1.80    0.024    0.500    0.1000   3.865e-06  a
net285                      1.80    0.007    0.402    0.3597   3.864e-06  p
net155                      1.80    0.013    0.558    0.1899   3.856e-06  p
clknet_1_0__leaf_net196     1.80    0.007    0.659    0.3242   3.856e-06  p
clknet_leaf_24_clk          1.80    0.024    0.500    0.1000   3.840e-06  a
net209                      1.80    0.008    0.618    0.2954   3.835e-06  p
net5                        1.80    0.009    0.506    0.2685   3.818e-06  p
net783                      1.80    0.024    0.500    0.1000   3.808e-06  a
net149                      1.80    0.023    0.551    0.1011   3.751e-06  p
net693                      1.80    0.012    0.503    0.1861   3.736e-06  p
net953                      1.80    0.013    0.467    0.1726   3.718e-06  p
net99                       1.80    0.018    0.529    0.1293   3.718e-06  p
net632                      1.80    0.012    0.480    0.1931   3.718e-06  p
net931                      1.80    0.005    0.500    0.4387   3.704e-06  p
clknet_leaf_23_clk          1.80    0.023    0.500    0.1000   3.697e-06  a
net286                      1.80    0.015    0.579    0.1528   3.682e-06  p
clknet_leaf_16_clk          1.80    0.023    0.500    0.1000   3.681e-06  a
clknet_leaf_14_clk          1.80    0.023    0.500    0.1000   3.671e-06  a
net566                      1.80    0.023    0.577    0.0972   3.670e-06  p
net900                      1.80    0.106    0.616    0.0213   3.665e-06  p
clknet_leaf_7_clk           1.80    0.023    0.500    0.1000   3.657e-06  a
net402                      1.80    0.006    0.512    0.3501   3.656e-06  p
net606                      1.80    0.018    0.600    0.1232   3.651e-06  p
net14                       1.80    0.009    0.627    0.2595   3.646e-06  p
net439                      1.80    0.012    0.661    0.1915   3.626e-06  p
net20                       1.80    0.006    0.500    0.3632   3.617e-06  p
clknet_leaf_8_clk           1.80    0.022    0.500    0.1000   3.610e-06  a
net386                      1.80    0.015    0.419    0.1448   3.582e-06  p
clknet_1_0__leaf_net576     1.80    0.026    0.253    0.0840   3.573e-06  p
clknet_leaf_6_clk           1.80    0.022    0.500    0.1000   3.571e-06  a
net501                      1.80    0.011    0.567    0.1979   3.568e-06  p
net34                       1.80    0.014    0.621    0.1571   3.567e-06  p
net837                      1.80    0.093    0.480    0.0236   3.561e-06  p
net404                      1.80    0.013    0.640    0.1690   3.532e-06  p
clknet_0_net855             1.80    0.025    0.820    0.0887   3.522e-06  p
net96                       1.80    0.016    0.542    0.1350   3.520e-06  p
net915                      1.80    0.007    0.598    0.2969   3.508e-06  p
net549                      1.80    0.007    0.560    0.3196   3.496e-06  p
clknet_leaf_5_clk           1.80    0.021    0.500    0.1000   3.477e-06  a
net810                      1.80    0.021    0.500    0.1000   3.473e-06  a
net646                      1.80    0.010    0.488    0.2200   3.464e-06  p
net456                      1.80    0.005    0.533    0.4419   3.461e-06  p
net317                      1.80    0.080    0.039    0.0268   3.451e-06  p
net148                      1.80    0.013    0.499    0.1621   3.446e-06  p
net417                      1.80    0.008    0.530    0.2633   3.430e-06  p
net160                      1.80    0.009    0.674    0.2275   3.417e-06  p
net706                      1.80    0.016    0.399    0.1286   3.415e-06  p
net676                      1.80    0.012    0.499    0.1725   3.404e-06  p
net367                      1.80    0.016    0.470    0.1314   3.371e-06  p
net453                      1.80    0.007    0.506    0.3109   3.369e-06  p
net480                      1.80    0.019    0.223    0.1072   3.367e-06  p
clknet_1_0__leaf_net655     1.80    0.041    0.250    0.0510   3.361e-06  p
clknet_1_1__leaf_net855     1.80    0.023    0.820    0.0887   3.348e-06  p
net817                      1.80    0.021    0.500    0.1000   3.340e-06  a
net467                      1.80    0.009    0.807    0.2308   3.338e-06  p
net342                      1.80    0.012    0.606    0.1766   3.331e-06  p
net465                      1.80    0.059    0.554    0.0347   3.318e-06  p
net47                       1.80    0.006    0.493    0.3239   3.306e-06  p
net65                       1.80    0.005    0.404    0.3931   3.291e-06  p
net692                      1.80    0.011    0.495    0.1861   3.279e-06  p
net280                      1.80    0.011    0.601    0.1920   3.275e-06  p
net657                      1.80    0.015    0.704    0.1357   3.256e-06  p
clknet_1_0__leaf_net580     1.80    0.011    0.244    0.1834   3.253e-06  p
net858                      1.80    0.017    0.375    0.1177   3.251e-06  p
net145                      1.80    0.020    0.582    0.0995   3.247e-06  p
clknet_leaf_27_clk          1.80    0.020    0.500    0.1000   3.235e-06  a
net478                      1.80    0.007    0.617    0.2902   3.224e-06  p
net531                      1.80    0.011    0.541    0.1852   3.219e-06  p
net709                      1.80    0.016    0.643    0.1244   3.210e-06  p
clknet_0_net577             1.80    0.019    0.221    0.1018   3.203e-06  p
net543                      1.80    0.007    0.701    0.2735   3.180e-06  p
clknet_leaf_22_clk          1.80    0.020    0.500    0.1000   3.173e-06  a
net1004                     1.80    0.006    0.558    0.3283   3.161e-06  p
net389                      1.80    0.014    0.645    0.1378   3.161e-06  p
net939                      1.80    0.005    0.616    0.3608   3.153e-06  p
net266                      1.80    0.007    0.649    0.2773   3.145e-06  p
net491                      1.80    0.023    0.465    0.0825   3.138e-06  p
net678                      1.80    0.010    0.505    0.1953   3.132e-06  p
clknet_1_0__leaf_net871     1.80    0.009    0.628    0.2262   3.126e-06  p
net85                       1.80    0.006    0.523    0.3083   3.119e-06  p
net373                      1.80    0.013    0.634    0.1487   3.093e-06  p
net271                      1.80    0.014    0.504    0.1324   3.086e-06  p
clknet_1_0__leaf_net404     1.80    0.011    0.640    0.1690   3.083e-06  p
net215                      1.80    0.081    0.584    0.0236   3.078e-06  p
clknet_leaf_9_clk           1.80    0.019    0.500    0.1000   3.071e-06  a
net942                      1.80    0.005    0.506    0.4057   3.068e-06  p
net762                      1.80    0.019    0.500    0.1000   3.060e-06  a
net812                      1.80    0.019    0.500    0.1000   3.060e-06  a
clknet_leaf_3_clk           1.80    0.019    0.500    0.1000   3.051e-06  a
net449                      1.80    0.008    0.659    0.2272   3.050e-06  p
net855                      1.80    0.021    0.820    0.0887   3.008e-06  p
net805                      1.80    0.019    0.500    0.1000   3.007e-06  a
net776                      1.80    0.019    0.500    0.1000   3.001e-06  a
net798                      1.80    0.019    0.500    0.1000   3.001e-06  a
net143                      1.80    0.024    0.581    0.0777   2.996e-06  p
net1003                     1.80    0.006    0.558    0.3283   2.994e-06  p
net333                      1.80    0.012    0.201    0.1507   2.992e-06  p
net830                      1.80    0.009    0.559    0.2031   2.989e-06  p
net640                      1.80    0.008    0.610    0.2319   2.961e-06  p
net763                      1.80    0.018    0.500    0.1000   2.959e-06  a
net193                      1.80    0.010    0.382    0.1801   2.952e-06  p
net514                      1.80    0.012    0.498    0.1495   2.939e-06  p
net559                      1.80    0.006    0.585    0.3209   2.922e-06  p
clknet_leaf_30_clk          1.80    0.018    0.500    0.1000   2.918e-06  a
clknet_1_0__leaf_net275     1.80    0.009    0.720    0.1909   2.911e-06  p
net956                      1.80    0.005    0.440    0.3444   2.906e-06  p
clknet_1_1__leaf_net389     1.80    0.013    0.645    0.1378   2.898e-06  p
net15                       1.80    0.008    0.623    0.2260   2.888e-06  p
clknet_leaf_11_clk          1.80    0.018    0.500    0.1000   2.871e-06  a
net818                      1.80    0.018    0.500    0.1000   2.870e-06  a
clknet_1_1__leaf_net196     1.80    0.005    0.659    0.3242   2.864e-06  p
clknet_1_1__leaf_net633     1.80    0.007    0.601    0.2601   2.863e-06  p
net808                      1.80    0.018    0.500    0.1000   2.857e-06  a
clknet_leaf_10_clk          1.80    0.018    0.500    0.1000   2.843e-06  a
clknet_leaf_19_clk          1.80    0.017    0.500    0.1000   2.830e-06  a
net382                      1.80    0.018    0.531    0.0948   2.812e-06  p
clknet_leaf_21_clk          1.80    0.017    0.500    0.1000   2.799e-06  a
clknet_0_net576             1.80    0.020    0.253    0.0840   2.780e-06  p
net485                      1.80    0.036    0.653    0.0471   2.780e-06  p
clknet_1_1__leaf_net577     1.80    0.017    0.221    0.1018   2.778e-06  p
net910                      1.80    0.005    0.558    0.3283   2.752e-06  p
net966                      1.80    0.011    0.565    0.1560   2.745e-06  p
net877                      1.80    0.014    0.517    0.1221   2.739e-06  p
net796                      1.80    0.017    0.500    0.1000   2.735e-06  a
net61                       1.80    0.008    0.690    0.1994   2.728e-06  p
net366                      1.80    0.009    0.598    0.1893   2.721e-06  p
net672                      1.80    0.026    0.327    0.0650   2.715e-06  p
clknet_0_net831             1.80    0.018    0.738    0.0923   2.712e-06  p
net690                      1.80    0.009    0.358    0.1852   2.706e-06  p
net113                      1.80    0.006    0.494    0.2650   2.678e-06  p
net912                      1.80    0.005    0.558    0.3283   2.670e-06  p
clknet_0_net826             1.80    0.023    0.243    0.0726   2.655e-06  p
net188                      1.80    0.015    0.301    0.1076   2.654e-06  p
net39                       1.80    0.004    0.519    0.3663   2.644e-06  p
net352                      1.80    0.009    0.842    0.1801   2.638e-06  p
net515                      1.80    0.011    0.502    0.1495   2.602e-06  p
net142                      1.80    0.020    0.416    0.0780   2.589e-06  p
clknet_1_1__leaf_net871     1.80    0.007    0.628    0.2262   2.586e-06  p
net577                      1.80    0.016    0.221    0.1018   2.582e-06  p
clknet_0_net846             1.80    0.019    0.298    0.0847   2.582e-06  p
net580                      1.80    0.009    0.244    0.1834   2.560e-06  p
clknet_1_0__leaf_net716     1.80    0.038    0.203    0.0414   2.553e-06  p
clknet_1_1__leaf_net576     1.80    0.019    0.253    0.0840   2.538e-06  p
net848                      1.80    0.012    0.601    0.1275   2.524e-06  p
net585                      1.80    0.004    0.547    0.4219   2.522e-06  p
clknet_leaf_17_clk          1.80    0.016    0.500    0.1000   2.512e-06  a
net6                        1.80    0.012    0.570    0.1320   2.500e-06  p
net234                      1.80    0.052    0.060    0.0294   2.492e-06  p
clknet_leaf_13_clk          1.80    0.015    0.500    0.1000   2.480e-06  a
clknet_1_0__leaf_net389     1.80    0.011    0.645    0.1378   2.474e-06  p
clknet_1_0__leaf_net577     1.80    0.015    0.221    0.1018   2.472e-06  p
net905                      1.80    0.064    0.460    0.0236   2.458e-06  p
net788                      1.80    0.015    0.500    0.1000   2.438e-06  a
clknet_0_net672             1.80    0.023    0.327    0.0650   2.437e-06  p
net377                      1.80    0.053    0.932    0.0281   2.436e-06  p
net643                      1.80    0.007    0.477    0.2102   2.435e-06  p
net904                      1.80    0.064    0.460    0.0236   2.434e-06  p
net899                      1.80    0.069    0.308    0.0216   2.425e-06  p
net859                      1.80    0.026    0.303    0.0585   2.419e-06  p
net10                       1.80    0.011    0.558    0.1317   2.413e-06  p
clknet_1_0__leaf_net633     1.80    0.006    0.601    0.2601   2.413e-06  p
net351                      1.80    0.007    0.352    0.2234   2.396e-06  p
net721                      1.80    0.007    0.552    0.2237   2.394e-06  p
net935                      1.80    0.003    0.500    0.4387   2.385e-06  p
net454                      1.80    0.004    0.528    0.3776   2.379e-06  p
net841                      1.80    0.013    0.699    0.1076   2.353e-06  p
net250                      1.80    0.004    0.504    0.3974   2.326e-06  p
net836                      1.80    0.007    0.422    0.2047   2.326e-06  p
net710                      1.80    0.008    0.519    0.1699   2.308e-06  p
net924                      1.80    0.006    0.550    0.2468   2.302e-06  p
net164                      1.80    0.019    0.281    0.0758   2.296e-06  p
net461                      1.80    0.006    0.515    0.2514   2.287e-06  p
net834                      1.80    0.023    0.314    0.0623   2.285e-06  p
clknet_0_net834             1.80    0.023    0.314    0.0623   2.284e-06  p
net741                      1.80    0.015    0.472    0.0925   2.275e-06  p
net277                      1.80    0.008    0.685    0.1836   2.270e-06  p
net195                      1.80    0.007    0.645    0.1930   2.266e-06  p
clknet_1_1__leaf_net834     1.80    0.022    0.314    0.0623   2.259e-06  p
clknet_1_0__leaf_net632     1.80    0.007    0.480    0.1931   2.256e-06  p
net359                      1.80    0.006    0.539    0.2470   2.252e-06  p
net774                      1.80    0.014    0.500    0.1000   2.225e-06  a
clknet_leaf_31_clk          1.80    0.014    0.500    0.1000   2.211e-06  a
clknet_1_1__leaf_net716     1.80    0.033    0.203    0.0414   2.210e-06  p
net32                       1.80    0.009    0.560    0.1489   2.207e-06  p
clknet_leaf_43_clk          1.80    0.014    0.500    0.1000   2.205e-06  a
net576                      1.80    0.016    0.253    0.0840   2.202e-06  p
net151                      1.80    0.019    0.473    0.0715   2.199e-06  p
net307                      1.80    0.005    0.685    0.2750   2.194e-06  p
net826                      1.80    0.019    0.243    0.0726   2.194e-06  p
net707                      1.80    0.014    0.333    0.0988   2.193e-06  p
clknet_0_net859             1.80    0.023    0.303    0.0585   2.190e-06  p
net502                      1.80    0.020    0.341    0.0679   2.187e-06  p
net227                      1.80    0.053    0.039    0.0253   2.176e-06  p
clknet_1_1__leaf_net275     1.80    0.007    0.720    0.1909   2.164e-06  p
net725                      1.80    0.014    0.751    0.0948   2.148e-06  p
net176                      1.80    0.006    0.463    0.2128   2.146e-06  p
net922                      1.80    0.004    0.501    0.3670   2.140e-06  p
net406                      1.80    0.005    0.577    0.2474   2.125e-06  p
net828                      1.80    0.010    0.571    0.1259   2.119e-06  p
clknet_1_1__leaf_net404     1.80    0.008    0.640    0.1690   2.098e-06  p
net150                      1.80    0.018    0.527    0.0715   2.066e-06  p
net575                      1.80    0.004    0.405    0.3441   2.060e-06  p
net413                      1.80    0.014    0.692    0.0904   2.059e-06  p
net189                      1.80    0.004    0.420    0.3103   2.058e-06  p
net394                      1.80    0.005    0.635    0.2331   2.036e-06  p
net856                      1.80    0.008    0.490    0.1609   2.035e-06  p
net430                      1.80    0.011    0.647    0.1187   2.024e-06  p
clknet_1_1__leaf_net826     1.80    0.017    0.243    0.0726   2.018e-06  p
net464                      1.80    0.036    0.446    0.0347   2.003e-06  p
net656                      1.80    0.009    0.292    0.1356   1.987e-06  p
net727                      1.80    0.006    0.529    0.1908   1.979e-06  p
clknet_0_net686             1.80    0.020    0.296    0.0600   1.978e-06  p
net147                      1.80    0.008    0.500    0.1619   1.971e-06  p
net831                      1.80    0.013    0.738    0.0923   1.969e-06  p
net133                      1.80    0.009    0.675    0.1377   1.962e-06  p
clknet_1_0__leaf_net154     1.80    0.006    0.556    0.2016   1.948e-06  p
clknet_0_net156             1.80    0.020    0.848    0.0586   1.926e-06  p
net988                      1.80    0.007    0.519    0.1699   1.925e-06  p
clknet_1_0__leaf_net855     1.80    0.013    0.820    0.0887   1.916e-06  p
clknet_0_net281             1.80    0.024    0.707    0.0500   1.908e-06  p
net503                      1.80    0.017    0.659    0.0679   1.896e-06  p
net605                      1.80    0.009    0.400    0.1232   1.870e-06  p
clknet_0_net687             1.80    0.021    0.280    0.0547   1.856e-06  p
net304                      1.80    0.006    0.442    0.2002   1.850e-06  p
clknet_0_net655             1.80    0.022    0.250    0.0510   1.843e-06  p
net362                      1.80    0.004    0.492    0.3210   1.842e-06  p
net790                      1.80    0.011    0.500    0.1000   1.841e-06  a
net537                      1.80    0.005    0.482    0.2211   1.833e-06  p
net469                      1.80    0.010    0.440    0.1174   1.831e-06  p
net659                      1.80    0.010    0.390    0.1142   1.823e-06  p
net591                      1.80    0.009    0.275    0.1251   1.821e-06  p
net653                      1.80    0.053    0.616    0.0213   1.815e-06  p
net902                      1.80    0.047    0.460    0.0236   1.808e-06  p
net764                      1.80    0.011    0.500    0.1000   1.807e-06  a
clknet_0_net671             1.80    0.019    0.301    0.0600   1.807e-06  p
net412                      1.80    0.012    0.308    0.0904   1.802e-06  p
net861                      1.80    0.005    0.556    0.2124   1.802e-06  p
net237                      1.80    0.007    0.804    0.1609   1.801e-06  p
clknet_0_net654             1.80    0.020    0.276    0.0548   1.786e-06  p
net144                      1.80    0.011    0.417    0.0995   1.775e-06  p
clknet_0_net375             1.80    0.018    0.509    0.0606   1.772e-06  p
net305                      1.80    0.005    0.649    0.2395   1.772e-06  p
net460                      1.80    0.002    0.511    0.4841   1.771e-06  p
net928                      1.80    0.004    0.377    0.2673   1.768e-06  p
net655                      1.80    0.021    0.250    0.0510   1.762e-06  p
clknet_1_0__leaf_net281     1.80    0.022    0.707    0.0500   1.757e-06  p
net535                      1.80    0.010    0.561    0.1096   1.746e-06  p
clknet_1_1__leaf_net130     1.80    0.008    0.604    0.1323   1.742e-06  p
net738                      1.80    0.007    0.537    0.1509   1.737e-06  p
net527                      1.80    0.006    0.481    0.1710   1.735e-06  p
clknet_1_0__leaf_net834     1.80    0.017    0.314    0.0623   1.731e-06  p
net628                      1.80    0.003    0.606    0.3230   1.731e-06  p
net281                      1.80    0.021    0.707    0.0500   1.731e-06  p
net933                      1.80    0.002    0.500    0.4387   1.713e-06  p
clknet_1_0__leaf_net672     1.80    0.016    0.327    0.0650   1.711e-06  p
net218                      1.80    0.003    0.644    0.3366   1.710e-06  p
net245                      1.80    0.003    0.504    0.3283   1.698e-06  p
net840                      1.80    0.010    0.537    0.1097   1.694e-06  p
clknet_1_0__leaf_net130     1.80    0.008    0.604    0.1323   1.692e-06  p
net308                      1.80    0.004    0.541    0.2833   1.684e-06  p
clknet_1_1__leaf_net672     1.80    0.016    0.327    0.0650   1.679e-06  p
net945                      1.80    0.010    0.500    0.1000   1.675e-06  a
clknet_leaf_32_clk          1.80    0.010    0.500    0.1000   1.669e-06  a
net638                      1.80    0.008    0.436    0.1309   1.663e-06  p
net742                      1.80    0.007    0.445    0.1507   1.661e-06  p
net409                      1.80    0.009    0.681    0.1126   1.661e-06  p
clknet_0_net716             1.80    0.025    0.203    0.0414   1.660e-06  p
net339                      1.80    0.045    0.066    0.0226   1.656e-06  p
net846                      1.80    0.012    0.298    0.0847   1.652e-06  p
net529                      1.80    0.004    0.645    0.2259   1.646e-06  p
net235                      1.80    0.007    0.155    0.1370   1.643e-06  p
net616                      1.80    0.004    0.339    0.2624   1.642e-06  p
net588                      1.80    0.004    0.535    0.2634   1.637e-06  p
net379                      1.80    0.005    0.593    0.2111   1.624e-06  p
net609                      1.80    0.003    0.517    0.3421   1.621e-06  p
net309                      1.80    0.005    0.505    0.1892   1.609e-06  p
clknet_0_net702             1.80    0.019    0.257    0.0526   1.609e-06  p
clknet_1_0__leaf_net831     1.80    0.011    0.738    0.0923   1.595e-06  p
net496                      1.80    0.006    0.524    0.1644   1.590e-06  p
net117                      1.80    0.004    0.703    0.2644   1.587e-06  p
net178                      1.80    0.003    0.545    0.3319   1.585e-06  p
net554                      1.80    0.002    0.436    0.4363   1.579e-06  p
net334                      1.80    0.004    0.549    0.2218   1.567e-06  p
net592                      1.80    0.003    0.549    0.3105   1.540e-06  p
net343                      1.80    0.004    0.472    0.2549   1.534e-06  p
net621                      1.80    0.003    0.557    0.2814   1.533e-06  p
net521                      1.80    0.003    0.568    0.2986   1.524e-06  p
net484                      1.80    0.018    0.598    0.0530   1.516e-06  p
net866                      1.80    0.006    0.542    0.1545   1.504e-06  p
clknet_1_1__leaf_net154     1.80    0.005    0.556    0.2016   1.502e-06  p
net179                      1.80    0.003    0.567    0.2930   1.500e-06  p
net872                      1.80    0.015    0.828    0.0604   1.495e-06  p
net391                      1.80    0.011    0.612    0.0874   1.494e-06  p
net41                       1.80    0.003    0.569    0.3070   1.494e-06  p
net622                      1.80    0.004    0.468    0.2372   1.494e-06  p
net608                      1.80    0.003    0.530    0.3310   1.491e-06  p
net536                      1.80    0.003    0.522    0.3135   1.488e-06  p
net340                      1.80    0.039    0.435    0.0234   1.481e-06  p
clknet_1_1__leaf_net874     1.80    0.003    0.584    0.3088   1.478e-06  p
net663                      1.80    0.004    0.567    0.2389   1.471e-06  p
clknet_leaf_42_clk          1.80    0.009    0.500    0.1000   1.465e-06  a
net644                      1.80    0.004    0.573    0.2257   1.464e-06  p
clknet_0_net736             1.80    0.020    0.234    0.0456   1.464e-06  p
net918                      1.80    0.005    0.610    0.1654   1.462e-06  p
net66                       1.80    0.003    0.533    0.3518   1.457e-06  p
net261                      1.80    0.002    0.565    0.4454   1.454e-06  p
net571                      1.80    0.035    0.633    0.0253   1.451e-06  p
net637                      1.80    0.004    0.732    0.2482   1.448e-06  p
net470                      1.80    0.008    0.560    0.1174   1.445e-06  p
net867                      1.80    0.036    0.586    0.0245   1.444e-06  p
net943                      1.80    0.005    0.505    0.1953   1.441e-06  p
net561                      1.80    0.002    0.546    0.4254   1.434e-06  p
net315                      1.80    0.006    0.349    0.1436   1.430e-06  p
net376                      1.80    0.004    0.447    0.2111   1.429e-06  p
net853                      1.80    0.023    0.658    0.0387   1.417e-06  p
clknet_0_net735             1.80    0.019    0.241    0.0451   1.413e-06  p
net927                      1.80    0.003    0.377    0.2673   1.410e-06  p
clknet_1_0__leaf_net646     1.80    0.004    0.488    0.2200   1.407e-06  p
net136                      1.80    0.005    0.675    0.1717   1.394e-06  p
net353                      1.80    0.004    0.577    0.2439   1.393e-06  p
clknet_1_1__leaf_net281     1.80    0.017    0.707    0.0500   1.389e-06  p
net784                      1.80    0.009    0.500    0.1000   1.385e-06  a
net806                      1.80    0.008    0.500    0.1000   1.375e-06  a
net192                      1.80    0.007    0.662    0.1246   1.373e-06  p
net546                      1.80    0.004    0.212    0.1960   1.373e-06  p
net63                       1.80    0.004    0.688    0.1994   1.369e-06  p
net447                      1.80    0.025    0.919    0.0333   1.361e-06  p
net617                      1.80    0.003    0.560    0.2933   1.361e-06  p
net459                      1.80    0.015    0.929    0.0575   1.360e-06  p
net505                      1.80    0.003    0.651    0.2735   1.355e-06  p
net296                      1.80    0.007    0.430    0.1194   1.354e-06  p
clknet_leaf_41_clk          1.80    0.008    0.500    0.1000   1.338e-06  a
net814                      1.80    0.008    0.500    0.1000   1.334e-06  a
net720                      1.80    0.004    0.446    0.2235   1.324e-06  p
net455                      1.80    0.039    0.761    0.0212   1.321e-06  p
net876                      1.80    0.016    0.099    0.0518   1.316e-06  p
net627                      1.80    0.004    0.672    0.2268   1.314e-06  p
net194                      1.80    0.004    0.355    0.1926   1.301e-06  p
net687                      1.80    0.015    0.280    0.0547   1.296e-06  p
net329                      1.80    0.002    0.596    0.3231   1.280e-06  p
net492                      1.80    0.003    0.636    0.2534   1.276e-06  p
net654                      1.80    0.014    0.276    0.0548   1.270e-06  p
net560                      1.80    0.003    0.554    0.3096   1.260e-06  p
net843                      1.80    0.018    0.842    0.0424   1.259e-06  p
net759                      1.80    0.006    0.275    0.1251   1.257e-06  p
net487                      1.80    0.003    0.460    0.2336   1.256e-06  p
net799                      1.80    0.008    0.500    0.1000   1.253e-06  a
clknet_leaf_36_clk          1.80    0.008    0.500    0.1000   1.250e-06  a
net835                      1.80    0.004    0.312    0.1994   1.239e-06  p
net631                      1.80    0.003    0.552    0.2822   1.239e-06  p
net781                      1.80    0.008    0.500    0.1000   1.235e-06  a
net523                      1.80    0.012    0.758    0.0647   1.230e-06  p
net370                      1.80    0.044    0.939    0.0172   1.228e-06  p
net395                      1.80    0.005    0.546    0.1438   1.224e-06  p
net611                      1.80    0.002    0.485    0.3674   1.224e-06  p
net374                      1.80    0.002    0.478    0.3392   1.221e-06  p
net380                      1.80    0.004    0.358    0.2126   1.220e-06  p
net341                      1.80    0.002    0.502    0.3558   1.218e-06  p
clknet_1_0__leaf_net654     1.80    0.014    0.276    0.0548   1.217e-06  p
net716                      1.80    0.018    0.203    0.0414   1.216e-06  p
net636                      1.80    0.003    0.620    0.2735   1.214e-06  p
net754                      1.80    0.006    0.568    0.1222   1.213e-06  p
net405                      1.80    0.006    0.736    0.1349   1.208e-06  p
net1000                     1.80    0.005    0.651    0.1437   1.207e-06  p
net778                      1.80    0.007    0.500    0.1000   1.206e-06  a
net504                      1.80    0.005    0.590    0.1551   1.205e-06  p
net499                      1.80    0.003    0.810    0.2205   1.197e-06  p
net686                      1.80    0.012    0.296    0.0600   1.196e-06  p
net481                      1.80    0.002    0.573    0.3541   1.195e-06  p
net984                      1.80    0.004    0.503    0.1861   1.194e-06  p
net673                      1.80    0.005    0.456    0.1545   1.193e-06  p
net282                      1.80    0.004    0.629    0.1821   1.189e-06  p
net635                      1.80    0.002    0.457    0.3128   1.181e-06  p
net272                      1.80    0.021    0.097    0.0352   1.178e-06  p
net625                      1.80    0.003    0.441    0.2790   1.176e-06  p
net306                      1.80    0.003    0.642    0.2165   1.176e-06  p
net852                      1.80    0.030    0.600    0.0242   1.175e-06  p
net441                      1.80    0.002    0.540    0.3469   1.173e-06  p
net410                      1.80    0.003    0.487    0.2260   1.161e-06  p
net641                      1.80    0.004    0.583    0.1926   1.156e-06  p
net777                      1.80    0.007    0.500    0.1000   1.156e-06  a
clknet_1_1__leaf_net598     1.80    0.003    0.410    0.2790   1.153e-06  p
net331                      1.80    0.002    0.504    0.3040   1.151e-06  p
net661                      1.80    0.004    0.421    0.1715   1.146e-06  p
net486                      1.80    0.003    0.512    0.2299   1.141e-06  p
net926                      1.80    0.003    0.377    0.2673   1.138e-06  p
net532                      1.80    0.006    0.482    0.1221   1.138e-06  p
net236                      1.80    0.005    0.844    0.1372   1.130e-06  p
net269                      1.80    0.003    0.655    0.2636   1.121e-06  p
net146                      1.80    0.003    0.558    0.2702   1.120e-06  p
net197                      1.80    0.003    0.571    0.2676   1.116e-06  p
net60                       1.80    0.003    0.309    0.1991   1.115e-06  p
net746                      1.80    0.033    0.352    0.0205   1.105e-06  p
clknet_0_net393             1.80    0.021    0.655    0.0332   1.104e-06  p
net740                      1.80    0.008    0.453    0.0896   1.103e-06  p
net408                      1.80    0.006    0.319    0.1126   1.103e-06  p
net747                      1.80    0.033    0.640    0.0205   1.094e-06  p
net809                      1.80    0.007    0.500    0.1000   1.091e-06  a
net152                      1.80    0.002    0.523    0.2959   1.084e-06  p
net755                      1.80    0.005    0.444    0.1240   1.084e-06  p
net390                      1.80    0.008    0.388    0.0874   1.076e-06  p
net297                      1.80    0.006    0.570    0.1192   1.076e-06  p
net187                      1.80    0.017    0.585    0.0390   1.076e-06  p
out13                       1.80    0.001    0.469    0.4622   1.068e-06  p
net614                      1.80    0.003    0.312    0.2188   1.067e-06  p
net303                      1.80    0.003    0.557    0.2001   1.066e-06  p
clknet_1_1__leaf_net280     1.80    0.003    0.601    0.1920   1.061e-06  p
net43                       1.80    0.014    0.099    0.0452   1.059e-06  p
net294                      1.80    0.002    0.662    0.3125   1.058e-06  p
net131                      1.80    0.003    0.391    0.2066   1.056e-06  p
clknet_1_0__leaf_net736     1.80    0.014    0.234    0.0456   1.055e-06  p
net642                      1.80    0.003    0.571    0.2261   1.054e-06  p
net293                      1.80    0.008    0.627    0.0817   1.050e-06  p
clknet_1_1__leaf_net531     1.80    0.003    0.541    0.1852   1.049e-06  p
net153                      1.80    0.002    0.707    0.2604   1.042e-06  p
net451                      1.80    0.003    0.777    0.2542   1.031e-06  p
net618                      1.80    0.002    0.459    0.2742   1.018e-06  p
net347                      1.80    0.028    0.091    0.0221   1.017e-06  p
net163                      1.80    0.008    0.719    0.0758   1.012e-06  p
net903                      1.80    0.026    0.460    0.0236   1.008e-06  p
net647                      1.80    0.003    0.583    0.2298   1.008e-06  p
net433                      1.80    0.002    0.633    0.3004   1.005e-06  p
clknet_1_0__leaf_net373     1.80    0.004    0.634    0.1487   1.004e-06  p
net977                      1.80    0.005    0.352    0.1189   9.997e-07  p
clknet_leaf_18_clk          1.80    0.006    0.500    0.1000   9.983e-07  a
clknet_1_0__leaf_net671     1.80    0.010    0.301    0.0600   9.939e-07  p
net519                      1.80    0.003    0.447    0.2346   9.911e-07  p
net62                       1.80    0.005    0.841    0.1284   9.900e-07  p
net612                      1.80    0.005    0.492    0.1238   9.829e-07  p
net538                      1.80    0.003    0.592    0.2024   9.795e-07  p
net758                      1.80    0.005    0.570    0.1165   9.793e-07  p
net648                      1.80    0.003    0.574    0.2247   9.742e-07  p
net839                      1.80    0.026    0.451    0.0234   9.733e-07  p
net418                      1.80    0.003    0.374    0.2089   9.616e-07  p
net264                      1.80    0.003    0.821    0.1958   9.559e-07  p
net691                      1.80    0.003    0.638    0.1854   9.534e-07  p
net597                      1.80    0.003    0.750    0.1725   9.450e-07  p
net420                      1.80    0.009    0.750    0.0641   9.370e-07  p
net156                      1.80    0.010    0.848    0.0586   9.337e-07  p
net375                      1.80    0.010    0.509    0.0606   9.330e-07  p
net411                      1.80    0.002    0.464    0.2467   9.328e-07  p
net649                      1.80    0.003    0.280    0.2295   9.326e-07  p
net416                      1.80    0.004    0.633    0.1425   9.296e-07  p
clknet_1_0__leaf_net687     1.80    0.010    0.280    0.0547   9.239e-07  p
clknet_1_1__leaf_net155     1.80    0.003    0.558    0.1899   9.224e-07  p
net756                      1.80    0.005    0.554    0.1239   9.180e-07  p
clknet_leaf_38_clk          1.80    0.006    0.500    0.1000   9.150e-07  a
net991                      1.80    0.004    0.504    0.1324   9.079e-07  p
clknet_1_1__leaf_net831     1.80    0.006    0.738    0.0923   9.071e-07  p
net630                      1.80    0.002    0.644    0.2401   9.054e-07  p
net278                      1.80    0.003    0.664    0.2085   9.028e-07  p
net258                      1.80    0.004    0.812    0.1362   9.015e-07  p
net471                      1.80    0.004    0.571    0.1396   8.993e-07  p
net302                      1.80    0.003    0.614    0.1990   8.979e-07  p
net371                      1.80    0.024    0.956    0.0228   8.970e-07  p
net129                      1.80    0.002    0.606    0.2540   8.873e-07  p
net383                      1.80    0.006    0.816    0.0844   8.870e-07  p
net671                      1.80    0.009    0.301    0.0600   8.864e-07  p
net629                      1.80    0.002    0.437    0.2559   8.845e-07  p
net392                      1.80    0.003    0.361    0.1703   8.836e-07  p
net615                      1.80    0.003    0.566    0.1699   8.813e-07  p
clknet_1_1__leaf_net373     1.80    0.004    0.634    0.1487   8.711e-07  p
clknet_1_1__leaf_net687     1.80    0.010    0.280    0.0547   8.680e-07  p
net613                      1.80    0.002    0.424    0.2431   8.665e-07  p
net639                      1.80    0.003    0.507    0.1576   8.631e-07  p
net534                      1.80    0.005    0.439    0.1096   8.623e-07  p
net116                      1.80    0.003    0.543    0.1760   8.583e-07  p
net719                      1.80    0.007    0.195    0.0780   8.568e-07  p
net384                      1.80    0.002    0.566    0.2393   8.491e-07  p
net570                      1.80    0.027    0.482    0.0191   8.482e-07  p
net978                      1.80    0.016    0.919    0.0333   8.476e-07  p
net59                       1.80    0.016    0.838    0.0329   8.476e-07  p
net184                      1.80    0.002    0.638    0.2100   8.452e-07  p
clknet_1_1__leaf_net646     1.80    0.002    0.488    0.2200   8.377e-07  p
net248                      1.80    0.002    0.732    0.2232   8.350e-07  p
net528                      1.80    0.006    0.542    0.0876   8.333e-07  p
net589                      1.80    0.042    0.017    0.0123   8.318e-07  p
net624                      1.80    0.003    0.447    0.1980   8.295e-07  p
net284                      1.80    0.003    0.559    0.1703   8.293e-07  p
net273                      1.80    0.015    0.725    0.0328   8.215e-07  p
net365                      1.80    0.022    0.549    0.0234   8.198e-07  p
net255                      1.80    0.006    0.348    0.0799   8.197e-07  p
net407                      1.80    0.003    0.613    0.1563   8.179e-07  p
net429                      1.80    0.004    0.352    0.1189   8.089e-07  p
clknet_1_0__leaf_net403     1.80    0.003    0.606    0.1457   8.075e-07  p
net477                      1.80    0.003    0.177    0.1545   8.050e-07  p
net626                      1.80    0.003    0.460    0.1536   8.041e-07  p
net172                      1.80    0.007    0.430    0.0658   7.990e-07  p
net619                      1.80    0.002    0.447    0.2002   7.988e-07  p
net357                      1.80    0.003    0.629    0.1504   7.972e-07  p
net520                      1.80    0.003    0.335    0.1733   7.923e-07  p
clknet_1_0__leaf_net531     1.80    0.003    0.541    0.1852   7.836e-07  p
net128                      1.80    0.002    0.539    0.2477   7.734e-07  p
net610                      1.80    0.002    0.605    0.2105   7.688e-07  p
net744                      1.80    0.003    0.604    0.1714   7.683e-07  p
clknet_1_0__leaf_net280     1.80    0.002    0.601    0.1920   7.671e-07  p
net191                      1.80    0.004    0.338    0.1246   7.669e-07  p
net950                      1.80    0.004    0.440    0.1174   7.654e-07  p
net525                      1.80    0.004    0.515    0.1214   7.644e-07  p
net701                      1.80    0.020    0.548    0.0233   7.556e-07  p
net865                      1.80    0.003    0.309    0.1489   7.548e-07  p
net381                      1.80    0.002    0.642    0.2126   7.539e-07  p
net702                      1.80    0.009    0.257    0.0526   7.534e-07  p
net494                      1.80    0.007    0.635    0.0638   7.476e-07  p
net689                      1.80    0.004    0.641    0.1265   7.475e-07  p
net177                      1.80    0.002    0.395    0.1980   7.447e-07  p
out58                       1.80    0.002    0.628    0.2262   7.446e-07  p
net435                      1.80    0.004    0.576    0.1152   7.442e-07  p
net126                      1.80    0.002    0.638    0.2291   7.414e-07  p
net960                      1.80    0.005    0.333    0.0988   7.408e-07  p
net739                      1.80    0.004    0.470    0.1102   7.375e-07  p
net964                      1.80    0.002    0.557    0.2000   7.361e-07  p
net699                      1.80    0.018    0.481    0.0252   7.347e-07  p
net620                      1.80    0.003    0.683    0.1442   7.340e-07  p
clknet_1_0__leaf_net155     1.80    0.002    0.558    0.1899   7.331e-07  p
net332                      1.80    0.021    0.330    0.0214   7.324e-07  p
net599                      1.80    0.002    0.445    0.1868   7.185e-07  p
net442                      1.80    0.004    0.506    0.1225   7.161e-07  p
clknet_1_1__leaf_net403     1.80    0.003    0.606    0.1457   7.090e-07  p
net462                      1.80    0.019    0.242    0.0224   7.022e-07  p
net378                      1.80    0.003    0.599    0.1638   6.873e-07  p
net870                      1.80    0.003    0.689    0.1489   6.801e-07  p
net652                      1.80    0.017    0.405    0.0244   6.786e-07  p
net864                      1.80    0.005    0.513    0.0835   6.766e-07  p
net511                      1.80    0.007    0.847    0.0609   6.745e-07  p
net603                      1.80    0.004    0.755    0.0980   6.664e-07  p
net301                      1.80    0.004    0.593    0.1127   6.635e-07  p
clknet_1_1__leaf_net846     1.80    0.005    0.298    0.0847   6.570e-07  p
net463                      1.80    0.018    0.758    0.0224   6.557e-07  p
net658                      1.80    0.004    0.607    0.1142   6.543e-07  p
net458                      1.80    0.007    0.071    0.0575   6.512e-07  p
net736                      1.80    0.009    0.234    0.0456   6.495e-07  p
net735                      1.80    0.009    0.241    0.0451   6.494e-07  p
net595                      1.80    0.003    0.515    0.1545   6.422e-07  p
net242                      1.80    0.003    0.840    0.1393   6.410e-07  p
clknet_1_1__leaf_net632     1.80    0.002    0.480    0.1931   6.410e-07  p
net260                      1.80    0.007    0.730    0.0580   6.403e-07  p
net316                      1.80    0.003    0.651    0.1437   6.369e-07  p
net847                      1.80    0.016    0.534    0.0247   6.360e-07  p
out56                       1.80    0.002    0.541    0.1823   6.355e-07  p
net623                      1.80    0.002    0.448    0.1579   6.330e-07  p
net703                      1.80    0.005    0.400    0.0796   6.319e-07  p
net731                      1.80    0.018    0.309    0.0216   6.264e-07  p
net824                      1.80    0.002    0.550    0.1681   6.186e-07  p
net726                      1.80    0.005    0.650    0.0805   6.183e-07  p
clknet_1_1__leaf_net671     1.80    0.006    0.301    0.0600   6.153e-07  p
net524                      1.80    0.003    0.484    0.1213   6.127e-07  p
net873                      1.80    0.017    0.555    0.0220   6.076e-07  p
net399                      1.80    0.006    0.671    0.0662   6.060e-07  p
net786                      1.80    0.004    0.500    0.1000   5.992e-07  a
net634                      1.80    0.002    0.553    0.1901   5.963e-07  p
net507                      1.80    0.003    0.838    0.1028   5.791e-07  p
net704                      1.80    0.004    0.588    0.0904   5.758e-07  p
net996                      1.80    0.005    0.580    0.0777   5.685e-07  p
out19                       1.80    0.001    0.528    0.2813   5.630e-07  p
net665                      1.80    0.016    0.641    0.0218   5.610e-07  p
net584                      1.80    0.002    0.204    0.1503   5.587e-07  p
net159                      1.80    0.013    0.657    0.0255   5.548e-07  p
clknet_1_1__leaf_net702     1.80    0.006    0.257    0.0526   5.458e-07  p
net607                      1.80    0.002    0.648    0.1336   5.379e-07  p
net596                      1.80    0.019    0.199    0.0176   5.360e-07  p
net530                      1.80    0.003    0.658    0.1306   5.349e-07  p
net645                      1.80    0.003    0.411    0.1121   5.319e-07  p
net388                      1.80    0.016    0.681    0.0201   5.314e-07  p
net680                      1.80    0.017    0.628    0.0187   5.279e-07  p
out18                       1.80    0.001    0.428    0.3573   5.278e-07  p
net259                      1.80    0.006    0.270    0.0580   5.243e-07  p
clknet_1_0__leaf_net846     1.80    0.004    0.298    0.0847   5.177e-07  p
clknet_1_0__leaf_net686     1.80    0.005    0.296    0.0600   5.078e-07  p
net863                      1.80    0.003    0.526    0.0933   5.050e-07  p
net569                      1.80    0.018    0.327    0.0175   5.024e-07  p
net183                      1.80    0.013    0.404    0.0244   4.942e-07  p
net604                      1.80    0.003    0.751    0.0951   4.810e-07  p
net757                      1.80    0.004    0.398    0.0676   4.796e-07  p
net434                      1.80    0.003    0.423    0.1154   4.770e-07  p
net994                      1.80    0.002    0.517    0.1221   4.734e-07  p
net497                      1.80    0.007    0.549    0.0390   4.731e-07  p
net186                      1.80    0.012    0.576    0.0243   4.713e-07  p
net361                      1.80    0.008    0.848    0.0376   4.701e-07  p
net683                      1.80    0.012    0.473    0.0235   4.616e-07  p
net1001                     1.80    0.012    0.545    0.0240   4.540e-07  p
net674                      1.80    0.003    0.484    0.0833   4.507e-07  p
net862                      1.80    0.009    0.161    0.0326   4.497e-07  p
net651                      1.80    0.011    0.516    0.0250   4.491e-07  p
net700                      1.80    0.011    0.565    0.0243   4.486e-07  p
net254                      1.80    0.014    0.690    0.0204   4.481e-07  p
clknet_1_1__leaf_net686     1.80    0.005    0.296    0.0600   4.468e-07  p
net972                      1.80    0.002    0.662    0.1248   4.410e-07  p
out61                       1.80    0.001    0.584    0.3088   4.326e-07  p
net517                      1.80    0.006    0.931    0.0438   4.322e-07  p
net393                      1.80    0.008    0.655    0.0332   4.305e-07  p
net121                      1.80    0.013    0.704    0.0200   4.291e-07  p
net276                      1.80    0.007    0.476    0.0359   4.248e-07  p
net737                      1.80    0.004    0.683    0.0740   4.205e-07  p
net168                      1.80    0.011    0.391    0.0238   4.200e-07  p
net983                      1.80    0.002    0.569    0.1192   4.183e-07  p
net753                      1.80    0.005    0.296    0.0558   4.164e-07  p
net868                      1.80    0.004    0.319    0.0637   4.160e-07  p
net573                      1.80    0.013    0.966    0.0201   4.155e-07  p
net583                      1.80    0.003    0.085    0.0835   4.152e-07  p
net733                      1.80    0.012    0.332    0.0215   4.123e-07  p
net947                      1.80    0.010    0.481    0.0252   4.079e-07  p
net396                      1.80    0.003    0.769    0.0724   4.056e-07  p
net522                      1.80    0.004    0.242    0.0647   3.957e-07  p
net749                      1.80    0.010    0.577    0.0234   3.953e-07  p
net489                      1.80    0.004    0.590    0.0589   3.920e-07  p
net488                      1.80    0.007    0.828    0.0356   3.911e-07  p
net256                      1.80    0.003    0.650    0.0802   3.872e-07  p
net50                       1.80    0.008    0.665    0.0275   3.778e-07  p
net664                      1.80    0.011    0.350    0.0216   3.772e-07  p
net823                      1.80    0.003    0.480    0.0920   3.767e-07  p
net324                      1.80    0.011    0.022    0.0205   3.755e-07  p
clknet_1_1__leaf_net156     1.80    0.004    0.848    0.0586   3.718e-07  p
net670                      1.80    0.010    0.636    0.0223   3.701e-07  p
net415                      1.80    0.003    0.620    0.0851   3.679e-07  p
net587                      1.80    0.006    0.629    0.0406   3.651e-07  p
net493                      1.80    0.004    0.365    0.0638   3.644e-07  p
net180                      1.80    0.002    0.415    0.1199   3.634e-07  p
net975                      1.80    0.004    0.219    0.0525   3.633e-07  p
net668                      1.80    0.010    0.571    0.0222   3.624e-07  p
net715                      1.80    0.009    0.550    0.0245   3.587e-07  p
net428                      1.80    0.010    0.316    0.0211   3.569e-07  p
net158                      1.80    0.009    0.343    0.0255   3.551e-07  p
net582                      1.80    0.002    0.308    0.0940   3.520e-07  p
net574                      1.80    0.011    0.034    0.0198   3.513e-07  p
net387                      1.80    0.011    0.312    0.0200   3.485e-07  p
out7                        1.80    0.002    0.560    0.1370   3.478e-07  p
net414                      1.80    0.002    0.576    0.1011   3.458e-07  p
net509                      1.80    0.004    0.358    0.0530   3.453e-07  p
clknet_1_0__leaf_net393     1.80    0.006    0.655    0.0332   3.447e-07  p
net337                      1.80    0.013    0.972    0.0161   3.417e-07  p
net48                       1.80    0.004    0.900    0.0520   3.371e-07  p
net364                      1.80    0.006    0.579    0.0351   3.348e-07  p
net572                      1.80    0.007    0.481    0.0310   3.325e-07  p
out0                        1.80    0.001    0.595    0.1787   3.295e-07  p
out22                       1.80    0.001    0.312    0.1994   3.291e-07  p
clknet_1_1__leaf_net736     1.80    0.004    0.234    0.0456   3.253e-07  p
clknet_1_0__leaf_net735     1.80    0.004    0.241    0.0451   3.247e-07  p
out57                       1.80    0.001    0.689    0.1489   3.233e-07  p
net730                      1.80    0.009    0.494    0.0233   3.232e-07  p
net949                      1.80    0.009    0.036    0.0225   3.229e-07  p
net397                      1.80    0.002    0.799    0.1052   3.199e-07  p
clknet_1_1__leaf_net375     1.80    0.003    0.509    0.0606   3.173e-07  p
clknet_1_1__leaf_net393     1.80    0.006    0.655    0.0332   3.155e-07  p
out9                        1.80    0.002    0.517    0.1221   3.135e-07  p
out51                       1.80    0.001    0.309    0.1489   3.118e-07  p
net752                      1.80    0.003    0.306    0.0608   3.108e-07  p
clknet_1_0__leaf_net702     1.80    0.004    0.257    0.0526   3.091e-07  p
net751                      1.80    0.004    0.260    0.0495   3.064e-07  p
net948                      1.80    0.004    0.898    0.0457   3.036e-07  p
out47                       1.80    0.001    0.556    0.2124   3.016e-07  p
net513                      1.80    0.007    0.663    0.0269   3.014e-07  p
net667                      1.80    0.009    0.664    0.0199   3.001e-07  p
net1002                     1.80    0.008    0.450    0.0222   2.948e-07  p
out16                       1.80    0.001    0.559    0.2031   2.926e-07  p
out25                       1.80    0.001    0.739    0.1744   2.900e-07  p
net989                      1.80    0.003    0.250    0.0640   2.884e-07  p
net419                      1.80    0.003    0.250    0.0641   2.835e-07  p
net292                      1.80    0.002    0.371    0.0817   2.789e-07  p
net946                      1.80    0.003    0.730    0.0580   2.787e-07  p
net516                      1.80    0.004    0.068    0.0437   2.784e-07  p
net705                      1.80    0.003    0.824    0.0593   2.784e-07  p
net714                      1.80    0.007    0.546    0.0240   2.748e-07  p
net981                      1.80    0.003    0.071    0.0574   2.729e-07  p
net567                      1.80    0.007    0.434    0.0240   2.713e-07  p
net734                      1.80    0.003    0.277    0.0544   2.712e-07  p
out46                       1.80    0.001    0.460    0.1565   2.704e-07  p
net360                      1.80    0.004    0.152    0.0376   2.675e-07  p
net711                      1.80    0.007    0.473    0.0227   2.663e-07  p
net125                      1.80    0.007    0.601    0.0222   2.655e-07  p
out38                       1.80    0.001    0.623    0.1166   2.638e-07  p
net970                      1.80    0.003    0.358    0.0532   2.637e-07  p
out23                       1.80    0.001    0.422    0.2047   2.633e-07  p
out14                       1.80    0.001    0.571    0.1259   2.628e-07  p
net669                      1.80    0.007    0.397    0.0236   2.621e-07  p
out44                       1.80    0.001    0.375    0.1177   2.617e-07  p
net483                      1.80    0.002    0.085    0.0727   2.611e-07  p
net958                      1.80    0.007    0.586    0.0227   2.587e-07  p
out1                        1.80    0.002    0.480    0.0920   2.523e-07  p
out31                       1.80    0.001    0.625    0.1749   2.521e-07  p
net698                      1.80    0.006    0.523    0.0252   2.515e-07  p
clknet_1_0__leaf_net375     1.80    0.003    0.509    0.0606   2.471e-07  p
clknet_1_1__leaf_net654     1.80    0.003    0.276    0.0548   2.420e-07  p
net666                      1.80    0.008    0.329    0.0195   2.409e-07  p
out11                       1.80    0.001    0.738    0.2782   2.404e-07  p
net512                      1.80    0.004    0.886    0.0416   2.371e-07  p
net173                      1.80    0.007    0.377    0.0222   2.366e-07  p
net568                      1.80    0.006    0.557    0.0242   2.362e-07  p
net995                      1.80    0.006    0.545    0.0240   2.350e-07  p
out28                       1.80    0.001    0.537    0.1097   2.343e-07  p
net952                      1.80    0.007    0.427    0.0214   2.300e-07  p
out42                       1.80    0.001    0.490    0.1609   2.267e-07  p
net401                      1.80    0.003    0.781    0.0525   2.214e-07  p
net345                      1.80    0.006    0.911    0.0219   2.205e-07  p
clknet_1_0__leaf_net156     1.80    0.002    0.848    0.0586   2.193e-07  p
net685                      1.80    0.006    0.586    0.0228   2.191e-07  p
out3                        1.80    0.000    0.580    0.2695   2.178e-07  p
out52                       1.80    0.001    0.542    0.1545   2.177e-07  p
out17                       1.80    0.001    0.738    0.0923   2.156e-07  p
net713                      1.80    0.005    0.459    0.0249   2.140e-07  p
net120                      1.80    0.007    0.286    0.0196   2.132e-07  p
net681                      1.80    0.006    0.486    0.0227   2.131e-07  p
out35                       1.80    0.001    0.601    0.1275   2.108e-07  p
net165                      1.80    0.004    0.876    0.0285   2.069e-07  p
net400                      1.80    0.002    0.219    0.0525   2.052e-07  p
net594                      1.80    0.011    0.988    0.0115   2.050e-07  p
net688                      1.80    0.004    0.168    0.0351   2.019e-07  p
net498                      1.80    0.003    0.451    0.0390   1.962e-07  p
net54                       1.80    0.009    0.115    0.0137   1.951e-07  p
net42                       1.80    0.003    0.899    0.0457   1.941e-07  p
net732                      1.80    0.005    0.561    0.0223   1.899e-07  p
net55                       1.80    0.005    0.036    0.0225   1.889e-07  p
net959                      1.80    0.005    0.087    0.0217   1.876e-07  p
net49                       1.80    0.004    0.335    0.0275   1.836e-07  p
net987                      1.80    0.006    0.312    0.0200   1.830e-07  p
net745                      1.80    0.005    0.435    0.0229   1.826e-07  p
net854                      1.80    0.005    0.385    0.0227   1.819e-07  p
net600                      1.80    0.007    0.256    0.0157   1.812e-07  p
net579                      1.80    0.002    0.213    0.0469   1.797e-07  p
net969                      1.80    0.003    0.451    0.0390   1.786e-07  p
net581                      1.80    0.004    0.039    0.0295   1.771e-07  p
net697                      1.80    0.004    0.468    0.0251   1.750e-07  p
out15                       1.80    0.001    0.110    0.0722   1.749e-07  p
clknet_1_1__leaf_net735     1.80    0.002    0.241    0.0451   1.748e-07  p
net506                      1.80    0.004    0.889    0.0240   1.743e-07  p
out43                       1.80    0.001    0.627    0.1209   1.741e-07  p
net58                       1.80    0.007    0.886    0.0146   1.735e-07  p
net363                      1.80    0.003    0.421    0.0351   1.722e-07  p
net473                      1.80    0.003    0.141    0.0320   1.704e-07  p
net845                      1.80    0.004    0.461    0.0236   1.704e-07  p
net968                      1.80    0.002    0.797    0.0481   1.702e-07  p
net963                      1.80    0.003    0.420    0.0351   1.674e-07  p
net508                      1.80    0.002    0.641    0.0526   1.673e-07  p
net270                      1.80    0.006    0.763    0.0181   1.644e-07  p
net53                       1.80    0.007    0.885    0.0137   1.621e-07  p
net495                      1.80    0.002    0.797    0.0482   1.616e-07  p
net562                      1.80    0.003    0.447    0.0357   1.601e-07  p
net944                      1.80    0.004    0.066    0.0226   1.597e-07  p
net385                      1.80    0.004    0.434    0.0222   1.574e-07  p
out49                       1.80    0.001    0.526    0.0933   1.544e-07  p
net682                      1.80    0.004    0.503    0.0228   1.496e-07  p
net992                      1.80    0.005    0.664    0.0199   1.462e-07  p
net518                      1.80    0.002    0.713    0.0359   1.453e-07  p
net267                      1.80    0.004    0.624    0.0232   1.444e-07  p
out50                       1.80    0.001    0.513    0.0835   1.444e-07  p
net998                      1.80    0.004    0.636    0.0223   1.430e-07  p
net369                      1.80    0.006    0.935    0.0155   1.423e-07  p
net979                      1.80    0.005    0.199    0.0176   1.419e-07  p
net976                      1.80    0.003    0.459    0.0249   1.413e-07  p
net993                      1.80    0.003    0.475    0.0251   1.408e-07  p
net123                      1.80    0.004    0.386    0.0229   1.406e-07  p
net181                      1.80    0.002    0.666    0.0444   1.373e-07  p
net712                      1.80    0.004    0.582    0.0220   1.364e-07  p
net321                      1.80    0.003    0.485    0.0250   1.364e-07  p
net124                      1.80    0.004    0.427    0.0214   1.351e-07  p
net327                      1.80    0.005    0.204    0.0157   1.351e-07  p
net973                      1.80    0.004    0.613    0.0235   1.347e-07  p
out59                       1.80    0.001    0.828    0.0604   1.335e-07  p
out29                       1.80    0.001    0.699    0.1079   1.328e-07  p
net986                      1.80    0.003    0.550    0.0245   1.318e-07  p
net982                      1.80    0.004    0.385    0.0227   1.316e-07  p
net717                      1.80    0.003    0.130    0.0259   1.307e-07  p
net999                      1.80    0.004    0.586    0.0227   1.299e-07  p
net457                      1.80    0.002    0.881    0.0340   1.295e-07  p
out10                       1.80    0.000    0.550    0.1681   1.293e-07  p
out41                       1.80    0.001    0.820    0.0887   1.292e-07  p
out12                       1.80    0.001    0.243    0.0726   1.285e-07  p
net748                      1.80    0.003    0.535    0.0228   1.271e-07  p
out37                       1.80    0.001    0.715    0.0743   1.258e-07  p
net325                      1.80    0.003    0.029    0.0229   1.251e-07  p
net578                      1.80    0.003    0.076    0.0272   1.249e-07  p
net166                      1.80    0.003    0.121    0.0282   1.245e-07  p
net951                      1.80    0.003    0.507    0.0250   1.228e-07  p
net684                      1.80    0.003    0.450    0.0222   1.213e-07  p
net564                      1.80    0.002    0.555    0.0304   1.204e-07  p
out33                       1.80    0.001    0.298    0.0847   1.194e-07  p
net336                      1.80    0.005    0.027    0.0155   1.179e-07  p
net967                      1.80    0.003    0.029    0.0229   1.173e-07  p
net326                      1.80    0.003    0.970    0.0234   1.159e-07  p
net955                      1.80    0.003    0.121    0.0282   1.154e-07  p
net170                      1.80    0.003    0.663    0.0216   1.151e-07  p
net346                      1.80    0.011    0.065    0.0062   1.145e-07  p
net328                      1.80    0.004    0.788    0.0162   1.108e-07  p
net849                      1.80    0.003    0.450    0.0206   1.103e-07  p
net479                      1.80    0.004    0.749    0.0175   1.097e-07  p
net974                      1.80    0.003    0.484    0.0250   1.095e-07  p
net980                      1.80    0.003    0.397    0.0236   1.080e-07  p
net729                      1.80    0.003    0.615    0.0211   1.014e-07  p
net985                      1.80    0.004    0.757    0.0168   1.013e-07  p
net322                      1.80    0.002    0.507    0.0250   1.006e-07  p
net247                      1.80    0.003    0.957    0.0210   9.788e-08  p
net557                      1.80    0.004    0.298    0.0149   9.747e-08  p
net252                      1.80    0.002    0.573    0.0252   8.958e-08  p
out55                       1.80    0.001    0.319    0.0637   8.932e-08  p
net971                      1.80    0.003    0.022    0.0205   8.823e-08  p
net650                      1.80    0.002    0.475    0.0251   8.813e-08  p
net565                      1.80    0.003    0.510    0.0190   8.301e-08  p
out45                       1.80    0.001    0.303    0.0585   8.244e-08  p
net954                      1.80    0.002    0.327    0.0215   8.116e-08  p
net961                      1.80    0.002    0.557    0.0242   8.062e-08  p
net344                      1.80    0.002    0.087    0.0217   8.060e-08  p
net965                      1.80    0.002    0.386    0.0229   7.721e-08  p
net750                      1.80    0.002    0.614    0.0235   7.623e-08  p
net586                      1.80    0.003    0.156    0.0170   7.202e-08  p
net171                      1.80    0.002    0.327    0.0215   7.110e-08  p
out30                       1.80    0.001    0.842    0.0423   7.058e-08  p
net962                      1.80    0.002    0.510    0.0189   7.014e-08  p
net253                      1.80    0.002    0.300    0.0201   6.866e-08  p
net556                      1.80    0.003    0.693    0.0151   6.541e-08  p
net127                      1.80    0.002    0.702    0.0200   6.506e-08  p
out32                       1.80    0.002    0.460    0.0236   6.215e-08  p
net490                      1.80    0.003    0.621    0.0140   5.769e-08  p
out4                        1.80    0.001    0.658    0.0387   5.684e-08  p
net696                      1.80    0.002    0.757    0.0168   5.436e-08  p
net997                      1.80    0.002    0.749    0.0175   5.411e-08  p
out8                        1.80    0.001    0.099    0.0518   5.349e-08  p
out20                       1.80    0.001    0.314    0.0623   5.101e-08  p
net718                      1.80    0.003    0.041    0.0091   4.867e-08  p
out48                       1.80    0.001    0.161    0.0333   4.701e-08  p
out39                       1.80    0.001    0.599    0.0242   4.055e-08  p
out27                       1.80    0.001    0.451    0.0234   3.642e-08  p
out34                       1.80    0.001    0.534    0.0246   3.531e-08  p
out40                       1.80    0.001    0.385    0.0227   3.475e-08  p
out24                       1.80    0.001    0.479    0.0236   3.441e-08  p
out36                       1.80    0.001    0.450    0.0206   3.419e-08  p
out53                       1.80    0.001    0.586    0.0245   3.151e-08  p
net349                      1.80    0.004    0.990    0.0035   2.490e-08  p
net350                      1.80    0.026    0.999    0.0006   2.434e-08  p
net957                      1.80    0.003    0.990    0.0035   1.813e-08  p
out6                        1.80    0.000    0.555    0.0220   1.747e-08  p
net283                      1.80    0.002    0.013    0.0050   1.276e-08  p
--------------------------------------------------------------------------------
Total (1241 nets)                                              5.999e-03 Watt



                                      Int      Switch   Leak      Total
Hierarchy                             Power    Power    Power     Power    %
--------------------------------------------------------------------------------
netlist_1                             7.16e-03 6.00e-03 9.49e-09  1.32e-02 100.0
1
