Information: Derived library resistance unit is 1.000000 Kohm (Time unit is 1 ns, and Capacitance unit is 1.000000 pF). (DES-028)
Warning: Detected semantically incorrect SPEF in coupling section. (PARA-098)
Warning: Coupling capacitor (in14:7 in20:7 0) on net in20 is discarded because the value cannot be <= 0 (PARA-040)
Warning: Coupling capacitor (in15:7 in20:7 0) on net in20 is discarded because the value cannot be <= 0 (PARA-040)
Warning: Coupling capacitor (ANTENNA_input19_A/DIODE ANTENNA_input21_A/DIODE 0) on net in5 is discarded because the value cannot be <= 0 (PARA-040)
Warning: Coupling capacitor (in3:5 in5:5 0) on net in5 is discarded because the value cannot be <= 0 (PARA-040)
Warning: Coupling capacitor (ANTENNA_input19_A/DIODE in9:5 0) on net in9 is discarded because the value cannot be <= 0 (PARA-040)
Warning: Coupling capacitor (in3:5 in9:5 0) on net in9 is discarded because the value cannot be <= 0 (PARA-040)
Warning: Coupling capacitor (out10 out16 0) on net out16 is discarded because the value cannot be <= 0 (PARA-040)
Warning: Coupling capacitor (out14 out18 0) on net out18 is discarded because the value cannot be <= 0 (PARA-040)
Warning: Coupling capacitor (in15:7 out23 0) on net out23 is discarded because the value cannot be <= 0 (PARA-040)
Warning: Coupling capacitor (in5:5 out23 0) on net out23 is discarded because the value cannot be <= 0 (PARA-040)
Warning: Coupling capacitor (out20 out24 0) on net out24 is discarded because the value cannot be <= 0 (PARA-040)
Warning: Coupling capacitor (out16 out5 0) on net out5 is discarded because the value cannot be <= 0 (PARA-040)
Warning: Coupling capacitor (in9:5 out7 0) on net out7 is discarded because the value cannot be <= 0 (PARA-040)
Warning: Coupling capacitor (clknet_0_clk:18 clkbuf_1_0__f_net286/A 0) on net clknet_0_net286 is discarded because the value cannot be <= 0 (PARA-040)
Warning: Coupling capacitor (clknet_0_clk:18 clkbuf_1_1__f_net286/A 0) on net clknet_0_net286 is discarded because the value cannot be <= 0 (PARA-040)
Warning: Coupling capacitor (clknet_0_clk:29 clkbuf_1_1__f_net286/A 0) on net clknet_0_net286 is discarded because the value cannot be <= 0 (PARA-040)
Warning: Coupling capacitor (clknet_0_clk:40 clkbuf_1_1__f_net286/A 0) on net clknet_0_net286 is discarded because the value cannot be <= 0 (PARA-040)
Warning: Coupling capacitor (clkbuf_1_0__f_net182/A clkbuf_1_0__f_net455/A 0) on net clknet_0_net455 is discarded because the value cannot be <= 0 (PARA-040)
Warning: Coupling capacitor (clkbuf_1_0__f_net182/A clkbuf_1_1__f_net455/A 0) on net clknet_0_net455 is discarded because the value cannot be <= 0 (PARA-040)
Warning: Coupling capacitor (clkbuf_1_1__f_net489/A clkbuf_1_0__f_net604/A 0) on net clknet_0_net604 is discarded because the value cannot be <= 0 (PARA-040)
Warning: Coupling capacitor (c216/A3 clknet_1_0__leaf_net178:98 0) on net clknet_1_0__leaf_net178 is discarded because the value cannot be <= 0 (PARA-040)
Warning: Coupling capacitor (clknet_0_clk:40 c323/A2 0) on net clknet_1_0__leaf_net297 is discarded because the value cannot be <= 0 (PARA-040)
Warning: Coupling capacitor (c649/A1 clknet_1_0__leaf_net320:10 0) on net clknet_1_0__leaf_net320 is discarded because the value cannot be <= 0 (PARA-040)
Warning: Coupling capacitor (clknet_1_0__leaf_net313:22 clknet_1_0__leaf_net320:10 0) on net clknet_1_0__leaf_net320 is discarded because the value cannot be <= 0 (PARA-040)
Warning: Coupling capacitor (clknet_1_0__leaf_net320:10 clknet_1_0__leaf_net331:45 0) on net clknet_1_0__leaf_net331 is discarded because the value cannot be <= 0 (PARA-040)
Warning: Coupling capacitor (clkbuf_1_1__f_net881/A c499/A0 0) on net clknet_1_0__leaf_net436 is discarded because the value cannot be <= 0 (PARA-040)
Warning: Coupling capacitor (clkbuf_1_1__f_net881/A clknet_1_0__leaf_net436:18 0) on net clknet_1_0__leaf_net436 is discarded because the value cannot be <= 0 (PARA-040)
Warning: Coupling capacitor (clknet_1_0__leaf_net437:10 clknet_1_0__leaf_net574:10 0) on net clknet_1_0__leaf_net574 is discarded because the value cannot be <= 0 (PARA-040)
Warning: Coupling capacitor (c759/A0 c759/S0 0) on net clknet_1_0__leaf_net611 is discarded because the value cannot be <= 0 (PARA-040)
Warning: Coupling capacitor (clknet_1_0__leaf_net609:10 c632/A3 0) on net clknet_1_0__leaf_net611 is discarded because the value cannot be <= 0 (PARA-040)
Warning: Coupling capacitor (clkbuf_1_1__f_net609/A clknet_1_0__leaf_net721:14 0) on net clknet_1_0__leaf_net721 is discarded because the value cannot be <= 0 (PARA-040)
Warning: Coupling capacitor (clkbuf_1_1__f_net635/A c655/A2 0) on net clknet_1_0__leaf_net822 is discarded because the value cannot be <= 0 (PARA-040)
Warning: Coupling capacitor (clkbuf_1_0__f_net365/A clknet_1_0__leaf_net881:181 0) on net clknet_1_0__leaf_net881 is discarded because the value cannot be <= 0 (PARA-040)
Warning: Coupling capacitor (clkbuf_1_1__f_net703/A c731/S0 0) on net clknet_1_0__leaf_net923 is discarded because the value cannot be <= 0 (PARA-040)
Warning: Coupling capacitor (c729/A1 c711/S1 0) on net clknet_1_0__leaf_net942 is discarded because the value cannot be <= 0 (PARA-040)
Warning: Coupling capacitor (clkbuf_1_1__f_net567/A clknet_1_1__leaf_net161:93 0) on net clknet_1_1__leaf_net161 is discarded because the value cannot be <= 0 (PARA-040)
Warning: Coupling capacitor (clknet_0_clk:18 clknet_1_1__leaf_net163:84 0) on net clknet_1_1__leaf_net163 is discarded because the value cannot be <= 0 (PARA-040)
Warning: Coupling capacitor (c501/A0 clknet_1_1__leaf_net165:12 0) on net clknet_1_1__leaf_net165 is discarded because the value cannot be <= 0 (PARA-040)
Warning: Coupling capacitor (clkbuf_1_0__f_net331/A clknet_1_1__leaf_net165:12 0) on net clknet_1_1__leaf_net165 is discarded because the value cannot be <= 0 (PARA-040)
Warning: Coupling capacitor (clknet_1_0__leaf_net289:38 clknet_1_1__leaf_net165:104 0) on net clknet_1_1__leaf_net165 is discarded because the value cannot be <= 0 (PARA-040)
Warning: Coupling capacitor (clknet_1_0__leaf_net289:42 clknet_1_1__leaf_net165:104 0) on net clknet_1_1__leaf_net165 is discarded because the value cannot be <= 0 (PARA-040)
Warning: Coupling capacitor (clknet_1_0__leaf_net203:57 c239/A1 0) on net clknet_1_1__leaf_net185 is discarded because the value cannot be <= 0 (PARA-040)
Warning: Coupling capacitor (clkbuf_1_0__f_net604/A clknet_1_1__leaf_net203:12 0) on net clknet_1_1__leaf_net203 is discarded because the value cannot be <= 0 (PARA-040)
Warning: Coupling capacitor (clkbuf_1_1__f_net881/A c483/A1 0) on net clknet_1_1__leaf_net301 is discarded because the value cannot be <= 0 (PARA-040)
Warning: Coupling capacitor (clknet_1_1__leaf_net165:104 clknet_1_1__leaf_net320:10 0) on net clknet_1_1__leaf_net320 is discarded because the value cannot be <= 0 (PARA-040)
Warning: Coupling capacitor (clkbuf_1_1__f_net496/A clknet_1_1__leaf_net351:18 0) on net clknet_1_1__leaf_net351 is discarded because the value cannot be <= 0 (PARA-040)
Warning: Coupling capacitor (c654/A2 clknet_1_1__leaf_net504:10 0) on net clknet_1_1__leaf_net504 is discarded because the value cannot be <= 0 (PARA-040)
Warning: Coupling capacitor (clknet_1_1__leaf_net222:43 clknet_1_1__leaf_net504:10 0) on net clknet_1_1__leaf_net504 is discarded because the value cannot be <= 0 (PARA-040)
Warning: Coupling capacitor (c734/A3 clknet_1_1__leaf_net721:16 0) on net clknet_1_1__leaf_net721 is discarded because the value cannot be <= 0 (PARA-040)
Warning: Coupling capacitor (c623/A1 c633/A3 0) on net clknet_1_1__leaf_net822 is discarded because the value cannot be <= 0 (PARA-040)
Warning: Coupling capacitor (clkbuf_1_0__f_net595/A clknet_1_1__leaf_net994:10 0) on net clknet_1_1__leaf_net994 is discarded because the value cannot be <= 0 (PARA-040)
Warning: Coupling capacitor (clknet_1_1__leaf_net994:10 clknet_4_10_0_clk:131 0) on net clknet_4_10_0_clk is discarded because the value cannot be <= 0 (PARA-040)
Warning: Coupling capacitor (c721/A2 clknet_4_14_0_clk:197 0) on net clknet_4_14_0_clk is discarded because the value cannot be <= 0 (PARA-040)
Warning: Coupling capacitor (c233/SCD c233/CLK_N 0) on net clknet_4_1_0_clk is discarded because the value cannot be <= 0 (PARA-040)
Warning: Coupling capacitor (c393/A3 s914/CLK 0) on net clknet_4_2_0_clk is discarded because the value cannot be <= 0 (PARA-040)
Warning: Coupling capacitor (clkbuf_1_0__f_net365/A s914/CLK 0) on net clknet_4_2_0_clk is discarded because the value cannot be <= 0 (PARA-040)
Warning: Coupling capacitor (clkbuf_1_0__f_net365/A clknet_4_2_0_clk:59 0) on net clknet_4_2_0_clk is discarded because the value cannot be <= 0 (PARA-040)
Warning: Coupling capacitor (clknet_1_0__leaf_net365:19 clknet_4_2_0_clk:16 0) on net clknet_4_2_0_clk is discarded because the value cannot be <= 0 (PARA-040)
Warning: Coupling capacitor (c658/A0 clknet_4_8_0_clk:76 0) on net clknet_4_8_0_clk is discarded because the value cannot be <= 0 (PARA-040)
Warning: Coupling capacitor (clknet_1_0__leaf_net881:33 clknet_4_8_0_clk:22 0) on net clknet_4_8_0_clk is discarded because the value cannot be <= 0 (PARA-040)
Warning: Coupling capacitor (clknet_1_0__leaf_net881:81 clknet_4_8_0_clk:144 0) on net clknet_4_8_0_clk is discarded because the value cannot be <= 0 (PARA-040)
Warning: Coupling capacitor (clknet_1_0__leaf_net881:81 clknet_4_8_0_clk:162 0) on net clknet_4_8_0_clk is discarded because the value cannot be <= 0 (PARA-040)
Warning: Coupling capacitor (clknet_1_1__leaf_net174:178 s938/GATE 0) on net clknet_4_9_0_clk is discarded because the value cannot be <= 0 (PARA-040)
Warning: Coupling capacitor (clknet_1_1__leaf_net174:178 clknet_4_9_0_clk:74 0) on net clknet_4_9_0_clk is discarded because the value cannot be <= 0 (PARA-040)
Warning: Coupling capacitor (clknet_1_1__leaf_net819:12 net1:34 0) on net net1 is discarded because the value cannot be <= 0 (PARA-040)
Warning: Coupling capacitor (clknet_4_0_0_clk:20 ANTENNA_c247_S0/DIODE 0) on net net100 is discarded because the value cannot be <= 0 (PARA-040)
Warning: Coupling capacitor (clknet_4_0_0_clk:33 ANTENNA_c247_S0/DIODE 0) on net net100 is discarded because the value cannot be <= 0 (PARA-040)
Warning: Coupling capacitor (clknet_4_0_0_clk:39 ANTENNA_c247_S0/DIODE 0) on net net100 is discarded because the value cannot be <= 0 (PARA-040)
Warning: Coupling capacitor (clkbuf_1_0__f_net635/A output41/A 0) on net net1000 is discarded because the value cannot be <= 0 (PARA-040)
Warning: Coupling capacitor (clkbuf_1_1__f_net635/A output41/A 0) on net net1000 is discarded because the value cannot be <= 0 (PARA-040)
Warning: Coupling capacitor (clknet_1_0__leaf_net881:81 c632/S1 0) on net net1000 is discarded because the value cannot be <= 0 (PARA-040)
Warning: Coupling capacitor (clknet_1_0__leaf_net881:109 c632/S1 0) on net net1000 is discarded because the value cannot be <= 0 (PARA-040)
Warning: Coupling capacitor (clknet_4_8_0_clk:144 c632/S1 0) on net net1000 is discarded because the value cannot be <= 0 (PARA-040)
Warning: Coupling capacitor (c239/A1 net1002:18 0) on net net1002 is discarded because the value cannot be <= 0 (PARA-040)
Warning: Coupling capacitor (clkbuf_1_0__f_net203/A net1002:18 0) on net net1002 is discarded because the value cannot be <= 0 (PARA-040)
Warning: Coupling capacitor (c263/S1 c262/A3 0) on net net1004 is discarded because the value cannot be <= 0 (PARA-040)
Warning: Coupling capacitor (c392/A3 net1004:182 0) on net net1004 is discarded because the value cannot be <= 0 (PARA-040)
Warning: Coupling capacitor (c395/A1 net1004:182 0) on net net1004 is discarded because the value cannot be <= 0 (PARA-040)
Warning: Coupling capacitor (s911/SLEEP_B net1004:182 0) on net net1004 is discarded because the value cannot be <= 0 (PARA-040)
Warning: Coupling capacitor (clknet_4_2_0_clk:105 net1004:182 0) on net net1004 is discarded because the value cannot be <= 0 (PARA-040)
Warning: Coupling capacitor (in7:9 net1006:29 0) on net net1006 is discarded because the value cannot be <= 0 (PARA-040)
Warning: Coupling capacitor (clknet_4_15_0_clk:109 net1007:129 0) on net net1007 is discarded because the value cannot be <= 0 (PARA-040)
Warning: Coupling capacitor (clknet_4_15_0_clk:163 net1007:115 0) on net net1007 is discarded because the value cannot be <= 0 (PARA-040)
Warning: Coupling capacitor (merge819/CLK net1008:26 0) on net net1008 is discarded because the value cannot be <= 0 (PARA-040)
Warning: Coupling capacitor (clknet_1_1__leaf_net320:10 c494/A1 0) on net net1009 is discarded because the value cannot be <= 0 (PARA-040)
Warning: Coupling capacitor (clknet_4_3_0_clk:176 net1009:107 0) on net net1009 is discarded because the value cannot be <= 0 (PARA-040)
Warning: Coupling capacitor (c247/S0 s896/D 0) on net net101 is discarded because the value cannot be <= 0 (PARA-040)
Warning: Coupling capacitor (ANTENNA_c767_A0/DIODE net1011:130 0) on net net1011 is discarded because the value cannot be <= 0 (PARA-040)
Warning: Coupling capacitor (c757/S0 ANTENNA_c761_A3/DIODE 0) on net net1011 is discarded because the value cannot be <= 0 (PARA-040)
Warning: Coupling capacitor (clkbuf_1_1__f_net595/A net1011:130 0) on net net1011 is discarded because the value cannot be <= 0 (PARA-040)
Warning: Coupling capacitor (clknet_1_0__leaf_net694:10 net1011:57 0) on net net1011 is discarded because the value cannot be <= 0 (PARA-040)
Warning: Coupling capacitor (clknet_1_1__leaf_net161:46 net1011:130 0) on net net1011 is discarded because the value cannot be <= 0 (PARA-040)
Warning: Coupling capacitor (clknet_1_1__leaf_net174:178 c630/A0 0) on net net1011 is discarded because the value cannot be <= 0 (PARA-040)
Warning: Coupling capacitor (clkbuf_1_1__f_net595/A ANTENNA_c760_S1/DIODE 0) on net net1012 is discarded because the value cannot be <= 0 (PARA-040)
Warning: Coupling capacitor (merge820/CLK net1012:45 0) on net net1012 is discarded because the value cannot be <= 0 (PARA-040)
Warning: Coupling capacitor (merge820/CLK net1012:47 0) on net net1012 is discarded because the value cannot be <= 0 (PARA-040)
Warning: Coupling capacitor (merge880/GATE net1012:179 0) on net net1012 is discarded because the value cannot be <= 0 (PARA-040)
Warning: Coupling capacitor (c573/S0 net1013:30 0) on net net1013 is discarded because the value cannot be <= 0 (PARA-040)
Warning: Coupling capacitor (clknet_1_1__leaf_net574:8 net1013:180 0) on net net1013 is discarded because the value cannot be <= 0 (PARA-040)
Warning: Coupling capacitor (clknet_1_1__leaf_net881:51 net1013:180 0) on net net1013 is discarded because the value cannot be <= 0 (PARA-040)
Note - message 'PARA-040' default limit (100) exceeded.  Remainder will be suppressed.
Warning: Net 'net253' is multi-driven. (DES-023)
Warning: Net 'net350' is multi-driven. (DES-023)
Warning: Net 'net375' is multi-driven. (DES-023)

****************************************
Report : read_parasitics /nas/ei/home/ge78pav/TM_power/TM_openlane/TM_openlane_single_max/TM_openlane_max_ios/TM_openlane_max_ios_min/netlist_1/high/spef/netlist_1.nom.spef
Design : netlist_1
Version: Q-2019.12-SP1
Date   : Mon Aug 19 20:57:39 2024
****************************************

        0 error(s)
        Format is SPEF
        Annotated nets                   :         1560
        Annotated capacitances           :        15453
        Annotated resistances            :        13893
        Reduced coupling capacitances    :        34053
        Annotated PI models              :            0
        Annotated Elmore delays          :            0

