Information: Derived library resistance unit is 1.000000 Kohm (Time unit is 1 ns, and Capacitance unit is 1.000000 pF). (DES-028)
Warning: Detected semantically incorrect SPEF in coupling section. (PARA-098)
Warning: Coupling capacitor (in16:9 in20:7 0) on net in20 is discarded because the value cannot be <= 0 (PARA-040)
Warning: Coupling capacitor (in13:7 in27:9 0) on net in27 is discarded because the value cannot be <= 0 (PARA-040)
Warning: Coupling capacitor (in21:13 in30:13 0) on net in30 is discarded because the value cannot be <= 0 (PARA-040)
Warning: Coupling capacitor (in0:11 ANTENNA_input31_A/DIODE 0) on net in36 is discarded because the value cannot be <= 0 (PARA-040)
Warning: Coupling capacitor (in0:11 in36:9 0) on net in36 is discarded because the value cannot be <= 0 (PARA-040)
Warning: Coupling capacitor (in33:9 in38:13 0) on net in38 is discarded because the value cannot be <= 0 (PARA-040)
Warning: Coupling capacitor (in19:9 in4:9 0) on net in4 is discarded because the value cannot be <= 0 (PARA-040)
Warning: Coupling capacitor (in11:13 in47:13 0) on net in47 is discarded because the value cannot be <= 0 (PARA-040)
Warning: Coupling capacitor (in30:13 in52:13 0) on net in52 is discarded because the value cannot be <= 0 (PARA-040)
Warning: Coupling capacitor (in27:9 in54:11 0) on net in54 is discarded because the value cannot be <= 0 (PARA-040)
Warning: Coupling capacitor (in5:9 in54:11 0) on net in54 is discarded because the value cannot be <= 0 (PARA-040)
Warning: Coupling capacitor (in48:9 in56:13 0) on net in56 is discarded because the value cannot be <= 0 (PARA-040)
Warning: Coupling capacitor (in42:13 in60:11 0) on net in60 is discarded because the value cannot be <= 0 (PARA-040)
Warning: Coupling capacitor (in56:13 in60:11 0) on net in60 is discarded because the value cannot be <= 0 (PARA-040)
Warning: Coupling capacitor (in46:11 in63:13 0) on net in63 is discarded because the value cannot be <= 0 (PARA-040)
Warning: Coupling capacitor (ANTENNA_input5_A/DIODE in7:9 0) on net in7 is discarded because the value cannot be <= 0 (PARA-040)
Warning: Coupling capacitor (input30/A ANTENNA_input68_A/DIODE 0) on net in7 is discarded because the value cannot be <= 0 (PARA-040)
Warning: Coupling capacitor (input5/A in7:9 0) on net in7 is discarded because the value cannot be <= 0 (PARA-040)
Warning: Coupling capacitor (in51:13 in7:9 0) on net in7 is discarded because the value cannot be <= 0 (PARA-040)
Warning: Coupling capacitor (in68:7 in73:13 0) on net in73 is discarded because the value cannot be <= 0 (PARA-040)
Warning: Coupling capacitor (in69:9 in78:13 0) on net in78 is discarded because the value cannot be <= 0 (PARA-040)
Warning: Coupling capacitor (in61:7 in80:7 0) on net in80 is discarded because the value cannot be <= 0 (PARA-040)
Warning: Coupling capacitor (in82:13 in83:13 0) on net in83 is discarded because the value cannot be <= 0 (PARA-040)
Warning: Coupling capacitor (input84/A input85/A 0) on net in85 is discarded because the value cannot be <= 0 (PARA-040)
Warning: Coupling capacitor (in84:7 in85:7 0) on net in85 is discarded because the value cannot be <= 0 (PARA-040)
Warning: Coupling capacitor (in70:13 in89:11 0) on net in89 is discarded because the value cannot be <= 0 (PARA-040)
Warning: Coupling capacitor (in84:7 in91:7 0) on net in91 is discarded because the value cannot be <= 0 (PARA-040)
Warning: Coupling capacitor (in86:7 in95:7 0) on net in95 is discarded because the value cannot be <= 0 (PARA-040)
Warning: Coupling capacitor (input88/A input97/A 0) on net in96 is discarded because the value cannot be <= 0 (PARA-040)
Warning: Coupling capacitor (in88:7 in96:7 0) on net in96 is discarded because the value cannot be <= 0 (PARA-040)
Warning: Coupling capacitor (in61:7 in97:9 0) on net in97 is discarded because the value cannot be <= 0 (PARA-040)
Warning: Coupling capacitor (in44:7 out11 0) on net out11 is discarded because the value cannot be <= 0 (PARA-040)
Warning: Coupling capacitor (out10 out12 0) on net out12 is discarded because the value cannot be <= 0 (PARA-040)
Warning: Coupling capacitor (in6:9 out12 0) on net out12 is discarded because the value cannot be <= 0 (PARA-040)
Warning: Coupling capacitor (out1 out13 0) on net out13 is discarded because the value cannot be <= 0 (PARA-040)
Warning: Coupling capacitor (out11 out17 0) on net out17 is discarded because the value cannot be <= 0 (PARA-040)
Warning: Coupling capacitor (in65:9 out23 0) on net out23 is discarded because the value cannot be <= 0 (PARA-040)
Warning: Coupling capacitor (in90:7 out27 0) on net out27 is discarded because the value cannot be <= 0 (PARA-040)
Warning: Coupling capacitor (in45:9 out29 0) on net out29 is discarded because the value cannot be <= 0 (PARA-040)
Warning: Coupling capacitor (in90:7 out29 0) on net out29 is discarded because the value cannot be <= 0 (PARA-040)
Warning: Coupling capacitor (out21 out30 0) on net out30 is discarded because the value cannot be <= 0 (PARA-040)
Warning: Coupling capacitor (in74:7 out33 0) on net out33 is discarded because the value cannot be <= 0 (PARA-040)
Warning: Coupling capacitor (out28 out34 0) on net out34 is discarded because the value cannot be <= 0 (PARA-040)
Warning: Coupling capacitor (in74:7 out34 0) on net out34 is discarded because the value cannot be <= 0 (PARA-040)
Warning: Coupling capacitor (in29:9 out37 0) on net out37 is discarded because the value cannot be <= 0 (PARA-040)
Warning: Coupling capacitor (in97:9 out37 0) on net out37 is discarded because the value cannot be <= 0 (PARA-040)
Warning: Coupling capacitor (out28 out38 0) on net out38 is discarded because the value cannot be <= 0 (PARA-040)
Warning: Coupling capacitor (in44:7 out38 0) on net out38 is discarded because the value cannot be <= 0 (PARA-040)
Warning: Coupling capacitor (out31 out43 0) on net out43 is discarded because the value cannot be <= 0 (PARA-040)
Warning: Coupling capacitor (in86:7 out43 0) on net out43 is discarded because the value cannot be <= 0 (PARA-040)
Warning: Coupling capacitor (out17 out44 0) on net out44 is discarded because the value cannot be <= 0 (PARA-040)
Warning: Coupling capacitor (out31 out46 0) on net out46 is discarded because the value cannot be <= 0 (PARA-040)
Warning: Coupling capacitor (out33 out46 0) on net out46 is discarded because the value cannot be <= 0 (PARA-040)
Warning: Coupling capacitor (in67:9 out47 0) on net out47 is discarded because the value cannot be <= 0 (PARA-040)
Warning: Coupling capacitor (out27 out49 0) on net out49 is discarded because the value cannot be <= 0 (PARA-040)
Warning: Coupling capacitor (in96:7 out49 0) on net out49 is discarded because the value cannot be <= 0 (PARA-040)
Warning: Coupling capacitor (out47 out5 0) on net out5 is discarded because the value cannot be <= 0 (PARA-040)
Warning: Coupling capacitor (in95:7 out5 0) on net out5 is discarded because the value cannot be <= 0 (PARA-040)
Warning: Coupling capacitor (in68:7 out50 0) on net out50 is discarded because the value cannot be <= 0 (PARA-040)
Warning: Coupling capacitor (out35 out52 0) on net out52 is discarded because the value cannot be <= 0 (PARA-040)
Warning: Coupling capacitor (out45 out54 0) on net out54 is discarded because the value cannot be <= 0 (PARA-040)
Warning: Coupling capacitor (in88:7 out56 0) on net out56 is discarded because the value cannot be <= 0 (PARA-040)
Warning: Coupling capacitor (out30 out57 0) on net out57 is discarded because the value cannot be <= 0 (PARA-040)
Warning: Coupling capacitor (out54 out57 0) on net out57 is discarded because the value cannot be <= 0 (PARA-040)
Warning: Coupling capacitor (out13 out59 0) on net out59 is discarded because the value cannot be <= 0 (PARA-040)
Warning: Coupling capacitor (out52 out59 0) on net out59 is discarded because the value cannot be <= 0 (PARA-040)
Warning: Coupling capacitor (out56 out6 0) on net out6 is discarded because the value cannot be <= 0 (PARA-040)
Warning: Coupling capacitor (in85:7 out6 0) on net out6 is discarded because the value cannot be <= 0 (PARA-040)
Warning: Coupling capacitor (out23 out60 0) on net out60 is discarded because the value cannot be <= 0 (PARA-040)
Warning: Coupling capacitor (in29:9 out60 0) on net out60 is discarded because the value cannot be <= 0 (PARA-040)
Warning: Coupling capacitor (out1 out62 0) on net out62 is discarded because the value cannot be <= 0 (PARA-040)
Warning: Coupling capacitor (out45 out62 0) on net out62 is discarded because the value cannot be <= 0 (PARA-040)
Warning: Coupling capacitor (out35 out63 0) on net out63 is discarded because the value cannot be <= 0 (PARA-040)
Warning: Coupling capacitor (in67:9 out63 0) on net out63 is discarded because the value cannot be <= 0 (PARA-040)
Warning: Coupling capacitor (in46:11 out69 0) on net out69 is discarded because the value cannot be <= 0 (PARA-040)
Warning: Coupling capacitor (out21 out70 0) on net out70 is discarded because the value cannot be <= 0 (PARA-040)
Warning: Coupling capacitor (in45:9 out70 0) on net out70 is discarded because the value cannot be <= 0 (PARA-040)
Warning: Coupling capacitor (out44 out8 0) on net out8 is discarded because the value cannot be <= 0 (PARA-040)
Warning: Coupling capacitor (in92:9 out8 0) on net out8 is discarded because the value cannot be <= 0 (PARA-040)
Warning: Coupling capacitor (ANTENNA_input45_A/DIODE out82 0) on net out82 is discarded because the value cannot be <= 0 (PARA-040)
Warning: Coupling capacitor (in49:9 out82 0) on net out82 is discarded because the value cannot be <= 0 (PARA-040)
Warning: Coupling capacitor (out50 out83 0) on net out83 is discarded because the value cannot be <= 0 (PARA-040)
Warning: Coupling capacitor (in76:11 out83 0) on net out83 is discarded because the value cannot be <= 0 (PARA-040)
Warning: Coupling capacitor (out69 out88 0) on net out88 is discarded because the value cannot be <= 0 (PARA-040)
Warning: Coupling capacitor (in89:11 out88 0) on net out88 is discarded because the value cannot be <= 0 (PARA-040)
Warning: Coupling capacitor (in91:7 out90 0) on net out90 is discarded because the value cannot be <= 0 (PARA-040)
Warning: Coupling capacitor (out92 out94 0) on net out94 is discarded because the value cannot be <= 0 (PARA-040)
Warning: Coupling capacitor (out90 out97 0) on net out97 is discarded because the value cannot be <= 0 (PARA-040)
Warning: Coupling capacitor (out94 out97 0) on net out97 is discarded because the value cannot be <= 0 (PARA-040)
Warning: Coupling capacitor (out92 out99 0) on net out99 is discarded because the value cannot be <= 0 (PARA-040)
Warning: Coupling capacitor (clknet_0_net115:25 clkbuf_1_1__f_net122/A 0) on net clknet_0_net122 is discarded because the value cannot be <= 0 (PARA-040)
Warning: Coupling capacitor (clkbuf_1_1__f_net337/A clkbuf_1_0__f_net339/A 0) on net clknet_0_net339 is discarded because the value cannot be <= 0 (PARA-040)
Warning: Coupling capacitor (clkbuf_1_1__f_net337/A clkbuf_1_1__f_net339/A 0) on net clknet_0_net339 is discarded because the value cannot be <= 0 (PARA-040)
Warning: Coupling capacitor (clkbuf_1_0__f_net415/A clkbuf_1_1__f_net417/A 0) on net clknet_0_net417 is discarded because the value cannot be <= 0 (PARA-040)
Warning: Coupling capacitor (clkbuf_1_1__f_net415/A clkbuf_1_1__f_net417/A 0) on net clknet_0_net417 is discarded because the value cannot be <= 0 (PARA-040)
Warning: Coupling capacitor (clkbuf_1_1__f_net122/A clknet_0_net47:12 0) on net clknet_0_net47 is discarded because the value cannot be <= 0 (PARA-040)
Warning: Coupling capacitor (clkbuf_1_1__f_net528/A c323/A0 0) on net clknet_1_0__leaf_net147 is discarded because the value cannot be <= 0 (PARA-040)
Warning: Coupling capacitor (clkbuf_1_1__f_net153/A clknet_1_0__leaf_net165:10 0) on net clknet_1_0__leaf_net165 is discarded because the value cannot be <= 0 (PARA-040)
Warning: Coupling capacitor (clknet_1_0__leaf_net111:8 clknet_1_0__leaf_net207:44 0) on net clknet_1_0__leaf_net207 is discarded because the value cannot be <= 0 (PARA-040)
Warning: Coupling capacitor (clknet_1_0__leaf_net111:10 clknet_1_0__leaf_net207:44 0) on net clknet_1_0__leaf_net207 is discarded because the value cannot be <= 0 (PARA-040)
Note - message 'PARA-040' default limit (100) exceeded.  Remainder will be suppressed.
Warning: Net 'net140' is multi-driven. (DES-023)
Warning: Net 'net513' is multi-driven. (DES-023)
Warning: Net 'net918' is multi-driven. (DES-023)

****************************************
Report : read_parasitics /nas/ei/home/ge78pav/TM_power/TM_openlane/TM_openlane_single_max/TM_openlane_max_cr/TM_openlane_max_cr_min/netlist_1/low/spef/netlist_1.nom.spef
Design : netlist_1
Version: Q-2019.12-SP1
Date   : Mon Aug 19 19:15:25 2024
****************************************

        0 error(s)
        Format is SPEF
        Annotated nets                   :         1770
        Annotated capacitances           :        15209
        Annotated resistances            :        13439
        Reduced coupling capacitances    :        32987
        Annotated PI models              :            0
        Annotated Elmore delays          :            0

