****************************************
Report : Averaged Power
	-net_power
	-hierarchy
	-sort_by net_switching_power
	-power_greater_than       0
	-nosplit
Design : netlist_0
Version: Q-2019.12-SP1
Date   : Tue Jul 30 01:17:32 2024
****************************************



  Attributes
  ----------
      a  -  Switching activity information / Switching power information annotated on net
      p  -  Propagated switching activity information on net
      d  -  Default switching activity used on net
      u  -  Net switching activity uninitialized
      m  -  Net is driven by multiple pins
      b  -  Net is a primary input (boundary net)

		Toggle rates reported with respect to time unit 1ns
--------------------------------------------------------------------------------
                                  Total      Static   Toggle   Switching
Net                         Vdd   Net Load   Prob.    Rate     Power      Attrs
--------------------------------------------------------------------------------
net953                      1.80    0.159    0.494    0.3696   9.530e-05  p
net946                      1.80    0.124    0.514    0.4007   8.068e-05  p
net947                      1.80    0.112    0.592    0.4095   7.450e-05  p
net522                      1.80    0.090    0.536    0.4705   6.847e-05  p
net291                      1.80    0.080    0.502    0.4914   6.342e-05  p
net958                      1.80    0.073    0.502    0.5244   6.229e-05  p
net88                       1.80    0.137    0.615    0.2697   5.965e-05  p
net405                      1.80    0.072    0.593    0.4434   5.195e-05  p
net945                      1.80    0.093    0.688    0.3344   5.030e-05  p
net942                      1.80    0.082    0.499    0.3771   5.021e-05  p
net948                      1.80    0.074    0.592    0.4095   4.878e-05  p
net231                      1.80    0.076    0.500    0.3817   4.712e-05  p
net119                      1.80    0.078    0.499    0.3725   4.708e-05  p
net82                       1.80    0.135    0.663    0.2132   4.671e-05  p
net951                      1.80    0.095    0.558    0.2925   4.497e-05  p
net952                      1.80    0.094    0.498    0.2916   4.459e-05  p
net294                      1.80    0.061    0.504    0.4188   4.167e-05  p
net84                       1.80    0.095    0.496    0.2640   4.076e-05  p
net75                       1.80    0.072    0.495    0.3450   4.003e-05  p
net878                      1.80    0.066    0.494    0.3696   3.972e-05  p
net944                      1.80    0.086    0.395    0.2832   3.946e-05  p
net200                      1.80    0.064    0.704    0.3775   3.937e-05  p
net887                      1.80    0.070    0.511    0.3458   3.905e-05  p
net959                      1.80    0.069    0.511    0.3458   3.894e-05  p
net949                      1.80    0.081    0.558    0.2925   3.843e-05  p
net893                      1.80    0.056    0.503    0.4188   3.825e-05  p
net76                       1.80    0.045    0.502    0.5244   3.806e-05  p
net937                      1.80    0.091    0.419    0.2568   3.777e-05  p
net33                       1.80    0.055    0.504    0.4186   3.711e-05  p
net518                      1.80    0.068    0.600    0.3325   3.653e-05  p
net749                      1.80    0.101    0.587    0.2185   3.559e-05  p
clknet_0_clk                1.80    0.216    0.500    0.1000   3.505e-05  a
net412                      1.80    0.057    0.499    0.3773   3.468e-05  p
net202                      1.80    0.057    0.664    0.3639   3.335e-05  p
net207                      1.80    0.102    0.720    0.1980   3.271e-05  p
net950                      1.80    0.066    0.558    0.2925   3.121e-05  p
net95                       1.80    0.068    0.496    0.2812   3.091e-05  p
net299                      1.80    0.040    0.501    0.4684   3.068e-05  p
net409                      1.80    0.045    0.598    0.4229   3.054e-05  p
net197                      1.80    0.062    0.698    0.3034   3.031e-05  p
net132                      1.80    0.065    0.378    0.2795   2.960e-05  p
net92                       1.80    0.056    0.495    0.3228   2.949e-05  p
net208                      1.80    0.094    0.618    0.1844   2.817e-05  p
net42                       1.80    0.041    0.504    0.4186   2.765e-05  p
net72                       1.80    0.039    0.499    0.4102   2.605e-05  p
net943                      1.80    0.093    0.628    0.1727   2.591e-05  p
net194                      1.80    0.046    0.663    0.3494   2.582e-05  p
net201                      1.80    0.040    0.514    0.4007   2.578e-05  p
net185                      1.80    0.044    0.501    0.3616   2.560e-05  p
net36                       1.80    0.047    0.627    0.3328   2.543e-05  p
net403                      1.80    0.054    0.340    0.2852   2.515e-05  p
net188                      1.80    0.036    0.499    0.4185   2.468e-05  p
net962                      1.80    0.073    0.426    0.2077   2.462e-05  p
net67                       1.80    0.080    0.496    0.1886   2.447e-05  p
net91                       1.80    0.091    0.642    0.1640   2.421e-05  p
net901                      1.80    0.080    0.384    0.1853   2.407e-05  p
net141                      1.80    0.056    0.319    0.2632   2.396e-05  p
net961                      1.80    0.054    0.498    0.2731   2.386e-05  p
net123                      1.80    0.086    0.159    0.1709   2.377e-05  p
net359                      1.80    0.071    0.557    0.2050   2.364e-05  p
net957                      1.80    0.091    0.555    0.1593   2.359e-05  p
net187                      1.80    0.047    0.554    0.3107   2.342e-05  p
net94                       1.80    0.062    0.518    0.2337   2.334e-05  p
net860                      1.80    0.144    0.500    0.1000   2.332e-05  a
net315                      1.80    0.033    0.499    0.4346   2.315e-05  p
net544                      1.80    0.036    0.657    0.4003   2.306e-05  p
net6                        1.80    0.052    0.505    0.2725   2.277e-05  p
net861                      1.80    0.140    0.500    0.1000   2.263e-05  a
net31                       1.80    0.043    0.501    0.3186   2.234e-05  p
net292                      1.80    0.047    0.752    0.2918   2.216e-05  p
net876                      1.80    0.135    0.500    0.1000   2.191e-05  a
net404                      1.80    0.036    0.504    0.3642   2.150e-05  p
net865                      1.80    0.130    0.500    0.1000   2.110e-05  a
net304                      1.80    0.039    0.688    0.3344   2.095e-05  p
net829                      1.80    0.128    0.500    0.1000   2.071e-05  a
net930                      1.80    0.031    0.592    0.4095   2.069e-05  p
net73                       1.80    0.065    0.614    0.1949   2.051e-05  p
net867                      1.80    0.126    0.500    0.1000   2.047e-05  a
net928                      1.80    0.041    0.294    0.3029   2.019e-05  p
net105                      1.80    0.048    0.419    0.2568   2.006e-05  p
net897                      1.80    0.070    0.540    0.1768   1.992e-05  p
net242                      1.80    0.042    0.644    0.2952   1.988e-05  p
net135                      1.80    0.038    0.629    0.3201   1.981e-05  p
net195                      1.80    0.036    0.632    0.3373   1.964e-05  p
net298                      1.80    0.026    0.504    0.4558   1.954e-05  p
net78                       1.80    0.049    0.504    0.2446   1.942e-05  p
net301                      1.80    0.046    0.220    0.2612   1.936e-05  p
net824                      1.80    0.119    0.500    0.1000   1.921e-05  a
net14                       1.80    0.041    0.582    0.2905   1.915e-05  p
net899                      1.80    0.072    0.537    0.1637   1.912e-05  p
net9                        1.80    0.029    0.497    0.4109   1.900e-05  p
net68                       1.80    0.043    0.491    0.2727   1.890e-05  p
net227                      1.80    0.040    0.498    0.2916   1.875e-05  p
net564                      1.80    0.029    0.635    0.3935   1.863e-05  p
net285                      1.80    0.046    0.696    0.2473   1.858e-05  p
net321                      1.80    0.034    0.582    0.3390   1.852e-05  p
net199                      1.80    0.029    0.599    0.3926   1.845e-05  p
net820                      1.80    0.112    0.500    0.1000   1.821e-05  a
net968                      1.80    0.110    0.500    0.1000   1.785e-05  a
net270                      1.80    0.062    0.390    0.1786   1.785e-05  p
net1031                     1.80    0.069    0.555    0.1593   1.781e-05  p
net64                       1.80    0.058    0.511    0.1897   1.770e-05  p
net229                      1.80    0.028    0.499    0.3771   1.728e-05  p
net938                      1.80    0.079    0.545    0.1328   1.705e-05  p
net79                       1.80    0.049    0.663    0.2132   1.686e-05  p
net548                      1.80    0.035    0.690    0.3011   1.684e-05  p
net750                      1.80    0.061    0.595    0.1704   1.677e-05  p
net766                      1.80    0.055    0.320    0.1863   1.660e-05  p
net241                      1.80    0.028    0.625    0.3583   1.637e-05  p
net133                      1.80    0.057    0.820    0.1729   1.610e-05  p
net11                       1.80    0.034    0.512    0.2874   1.598e-05  p
net70                       1.80    0.024    0.501    0.4106   1.594e-05  p
net745                      1.80    0.045    0.474    0.2180   1.592e-05  p
net236                      1.80    0.034    0.593    0.2842   1.585e-05  p
net890                      1.80    0.021    0.603    0.4646   1.574e-05  p
net115                      1.80    0.054    0.628    0.1727   1.518e-05  p
net37                       1.80    0.058    0.556    0.1602   1.517e-05  p
net963                      1.80    0.066    0.607    0.1418   1.511e-05  p
net102                      1.80    0.025    0.533    0.3747   1.497e-05  p
net415                      1.80    0.026    0.257    0.3479   1.490e-05  p
net192                      1.80    0.031    0.495    0.2939   1.474e-05  p
net854                      1.80    0.091    0.500    0.1000   1.470e-05  a
net967                      1.80    0.047    0.498    0.1905   1.465e-05  p
net107                      1.80    0.021    0.501    0.4386   1.461e-05  p
net305                      1.80    0.024    0.706    0.3766   1.447e-05  p
net219                      1.80    0.026    0.475    0.3479   1.445e-05  p
net303                      1.80    0.019    0.564    0.4734   1.433e-05  p
net213                      1.80    0.029    0.533    0.3071   1.424e-05  p
clknet_4_10_0_clk           1.80    0.087    0.500    0.1000   1.409e-05  a
net475                      1.80    0.032    0.393    0.2716   1.402e-05  p
net153                      1.80    0.032    0.501    0.2709   1.397e-05  p
net941                      1.80    0.082    0.500    0.1048   1.392e-05  p
clknet_1_0__leaf_net363     1.80    0.056    0.165    0.1539   1.391e-05  p
net90                       1.80    0.030    0.612    0.2821   1.386e-05  p
net765                      1.80    0.046    0.678    0.1864   1.386e-05  p
net892                      1.80    0.062    0.092    0.1378   1.384e-05  p
net447                      1.80    0.022    0.489    0.3817   1.365e-05  p
net80                       1.80    0.040    0.531    0.2095   1.351e-05  p
net296                      1.80    0.022    0.633    0.3817   1.347e-05  p
clknet_0_net327             1.80    0.021    0.569    0.3938   1.343e-05  p
net911                      1.80    0.029    0.395    0.2832   1.341e-05  p
clknet_4_6_0_clk            1.80    0.082    0.500    0.1000   1.325e-05  a
net940                      1.80    0.077    0.500    0.1048   1.316e-05  p
net66                       1.80    0.043    0.502    0.1895   1.309e-05  p
net984                      1.80    0.080    0.500    0.1000   1.297e-05  a
net835                      1.80    0.079    0.500    0.1000   1.286e-05  a
net965                      1.80    0.080    0.157    0.0962   1.253e-05  p
net955                      1.80    0.049    0.555    0.1593   1.253e-05  p
net849                      1.80    0.077    0.500    0.1000   1.246e-05  a
net970                      1.80    0.035    0.230    0.2158   1.233e-05  p
net155                      1.80    0.018    0.495    0.4131   1.224e-05  p
net99                       1.80    0.020    0.554    0.3782   1.223e-05  p
net230                      1.80    0.021    0.336    0.3639   1.221e-05  p
net506                      1.80    0.042    0.486    0.1799   1.215e-05  p
net856                      1.80    0.075    0.500    0.1000   1.215e-05  a
net823                      1.80    0.075    0.500    0.1000   1.213e-05  a
net184                      1.80    0.024    0.493    0.3179   1.211e-05  p
net851                      1.80    0.074    0.500    0.1000   1.207e-05  a
net25                       1.80    0.023    0.498    0.3185   1.206e-05  p
net905                      1.80    0.039    0.299    0.1910   1.203e-05  p
net83                       1.80    0.033    0.528    0.2225   1.203e-05  p
net993                      1.80    0.043    0.835    0.1728   1.198e-05  p
clknet_4_4_0_clk            1.80    0.074    0.500    0.1000   1.191e-05  a
net571                      1.80    0.014    0.533    0.5165   1.181e-05  p
net923                      1.80    0.026    0.499    0.2725   1.168e-05  p
clknet_1_0__leaf_net327     1.80    0.018    0.569    0.3938   1.167e-05  p
clknet_4_5_0_clk            1.80    0.072    0.500    0.1000   1.166e-05  a
net117                      1.80    0.026    0.529    0.2779   1.163e-05  p
net297                      1.80    0.018    0.628    0.3930   1.160e-05  p
net263                      1.80    0.061    0.534    0.1164   1.155e-05  p
clknet_4_8_0_clk            1.80    0.071    0.500    0.1000   1.150e-05  a
net324                      1.80    0.025    0.739    0.2794   1.147e-05  p
net767                      1.80    0.048    0.390    0.1477   1.138e-05  p
clknet_4_7_0_clk            1.80    0.070    0.500    0.1000   1.135e-05  a
clknet_0_net523             1.80    0.020    0.663    0.3504   1.116e-05  p
net426                      1.80    0.019    0.577    0.3546   1.116e-05  p
net60                       1.80    0.020    0.721    0.3450   1.113e-05  p
net32                       1.80    0.036    0.498    0.1900   1.102e-05  p
clknet_4_1_0_clk            1.80    0.068    0.500    0.1000   1.096e-05  a
net921                      1.80    0.019    0.498    0.3559   1.091e-05  p
net530                      1.80    0.020    0.585    0.3430   1.090e-05  p
net966                      1.80    0.070    0.843    0.0962   1.087e-05  p
net211                      1.80    0.023    0.690    0.2826   1.054e-05  p
net45                       1.80    0.016    0.571    0.4084   1.051e-05  p
clknet_4_2_0_clk            1.80    0.065    0.500    0.1000   1.046e-05  a
net692                      1.80    0.037    0.185    0.1739   1.042e-05  p
net13                       1.80    0.040    0.555    0.1593   1.042e-05  p
net372                      1.80    0.032    0.333    0.1975   1.023e-05  p
net840                      1.80    0.063    0.500    0.1000   1.021e-05  a
clknet_1_1__leaf_net363     1.80    0.041    0.165    0.1539   1.020e-05  p
net847                      1.80    0.062    0.500    0.1000   1.012e-05  a
net828                      1.80    0.062    0.500    0.1000   1.010e-05  a
net407                      1.80    0.015    0.598    0.4229   1.001e-05  p
net71                       1.80    0.032    0.498    0.1907   9.957e-06  p
net239                      1.80    0.026    0.518    0.2337   9.872e-06  p
net914                      1.80    0.019    0.499    0.3106   9.809e-06  p
net216                      1.80    0.036    0.405    0.1704   9.809e-06  p
net939                      1.80    0.035    0.835    0.1728   9.796e-06  p
net871                      1.80    0.060    0.500    0.1000   9.776e-06  a
clknet_0_net165             1.80    0.021    0.485    0.2916   9.731e-06  p
net327                      1.80    0.015    0.569    0.3938   9.621e-06  p
net69                       1.80    0.022    0.498    0.2731   9.602e-06  p
clknet_4_11_0_clk           1.80    0.058    0.500    0.1000   9.460e-06  a
net86                       1.80    0.031    0.502    0.1914   9.460e-06  p
net186                      1.80    0.018    0.496    0.3201   9.410e-06  p
net988                      1.80    0.036    0.555    0.1593   9.380e-06  p
net8                        1.80    0.017    0.496    0.3467   9.336e-06  p
net220                      1.80    0.034    0.405    0.1704   9.327e-06  p
net523                      1.80    0.016    0.663    0.3504   9.314e-06  p
net925                      1.80    0.027    0.761    0.2142   9.262e-06  p
net975                      1.80    0.019    0.456    0.2995   9.237e-06  p
net683                      1.80    0.017    0.399    0.3326   9.220e-06  p
net221                      1.80    0.017    0.502    0.3293   9.213e-06  p
net65                       1.80    0.030    0.498    0.1907   9.206e-06  p
net855                      1.80    0.057    0.500    0.1000   9.196e-06  a
net206                      1.80    0.017    0.532    0.3383   9.191e-06  p
net985                      1.80    0.023    0.626    0.2434   9.141e-06  p
net986                      1.80    0.023    0.626    0.2434   9.063e-06  p
clknet_4_14_0_clk           1.80    0.055    0.500    0.1000   8.960e-06  a
net827                      1.80    0.055    0.500    0.1000   8.948e-06  a
net41                       1.80    0.014    0.499    0.3992   8.892e-06  p
net845                      1.80    0.055    0.500    0.1000   8.835e-06  a
clknet_1_1__leaf_net327     1.80    0.014    0.569    0.3938   8.783e-06  p
net81                       1.80    0.029    0.721    0.1855   8.777e-06  p
net927                      1.80    0.025    0.516    0.2121   8.724e-06  p
net113                      1.80    0.016    0.622    0.3457   8.721e-06  p
net5                        1.80    0.028    0.502    0.1904   8.678e-06  p
net748                      1.80    0.022    0.481    0.2444   8.678e-06  p
net7                        1.80    0.016    0.500    0.3437   8.652e-06  p
clknet_0_net540             1.80    0.022    0.331    0.2375   8.554e-06  p
net93                       1.80    0.018    0.585    0.2980   8.515e-06  p
net398                      1.80    0.017    0.561    0.3069   8.451e-06  p
net260                      1.80    0.033    0.475    0.1553   8.397e-06  p
net1                        1.80    0.025    0.503    0.2063   8.391e-06  p
net507                      1.80    0.029    0.514    0.1799   8.344e-06  p
net74                       1.80    0.027    0.498    0.1905   8.336e-06  p
clknet_0_net557             1.80    0.019    0.488    0.2695   8.330e-06  p
net302                      1.80    0.011    0.530    0.4652   8.319e-06  p
net228                      1.80    0.029    0.412    0.1752   8.317e-06  p
net20                       1.80    0.030    0.574    0.1679   8.254e-06  p
net788                      1.80    0.029    0.434    0.1779   8.237e-06  p
net259                      1.80    0.033    0.525    0.1556   8.235e-06  p
clknet_0_net542             1.80    0.020    0.346    0.2477   8.188e-06  p
net751                      1.80    0.035    0.607    0.1418   8.145e-06  p
net48                       1.80    0.013    0.501    0.3835   8.082e-06  p
net215                      1.80    0.017    0.673    0.2925   8.078e-06  p
net762                      1.80    0.027    0.485    0.1825   8.077e-06  p
net175                      1.80    0.021    0.218    0.2314   8.042e-06  p
net28                       1.80    0.020    0.504    0.2481   8.032e-06  p
net912                      1.80    0.016    0.496    0.3113   7.960e-06  p
net531                      1.80    0.012    0.497    0.4061   7.713e-06  p
net191                      1.80    0.010    0.497    0.4768   7.702e-06  p
net189                      1.80    0.010    0.501    0.4749   7.655e-06  p
net900                      1.80    0.027    0.517    0.1727   7.632e-06  p
net822                      1.80    0.047    0.500    0.1000   7.628e-06  a
net306                      1.80    0.012    0.486    0.3787   7.557e-06  p
net172                      1.80    0.020    0.218    0.2314   7.486e-06  p
net307                      1.80    0.012    0.293    0.3804   7.477e-06  p
net995                      1.80    0.029    0.555    0.1593   7.445e-06  p
net89                       1.80    0.028    0.641    0.1643   7.372e-06  p
net27                       1.80    0.024    0.502    0.1899   7.350e-06  p
net834                      1.80    0.045    0.500    0.1000   7.319e-06  a
net598                      1.80    0.056    0.661    0.0802   7.270e-06  p
net130                      1.80    0.012    0.462    0.3857   7.268e-06  p
clknet_4_9_0_clk            1.80    0.045    0.500    0.1000   7.257e-06  a
net21                       1.80    0.027    0.559    0.1632   7.255e-06  p
net818                      1.80    0.045    0.500    0.1000   7.210e-06  a
clknet_4_3_0_clk            1.80    0.044    0.500    0.1000   7.194e-06  a
net34                       1.80    0.013    0.499    0.3329   7.166e-06  p
net56                       1.80    0.016    0.729    0.2695   7.151e-06  p
net293                      1.80    0.010    0.528    0.4255   7.146e-06  p
net956                      1.80    0.028    0.555    0.1593   7.128e-06  p
net413                      1.80    0.013    0.759    0.3328   7.047e-06  p
net761                      1.80    0.024    0.512    0.1825   7.042e-06  p
net916                      1.80    0.019    0.218    0.2314   7.038e-06  p
net697                      1.80    0.011    0.527    0.3912   7.027e-06  p
net235                      1.80    0.067    0.961    0.0644   6.995e-06  p
net47                       1.80    0.023    0.496    0.1862   6.882e-06  p
net4                        1.80    0.022    0.501    0.1909   6.876e-06  p
net836                      1.80    0.042    0.500    0.1000   6.792e-06  a
net295                      1.80    0.011    0.631    0.3807   6.760e-06  p
net898                      1.80    0.042    0.088    0.1000   6.759e-06  p
net805                      1.80    0.046    0.357    0.0906   6.753e-06  p
clknet_4_12_0_clk           1.80    0.042    0.500    0.1000   6.751e-06  a
net862                      1.80    0.042    0.500    0.1000   6.734e-06  a
net49                       1.80    0.026    0.595    0.1619   6.734e-06  p
net831                      1.80    0.041    0.500    0.1000   6.711e-06  a
net193                      1.80    0.014    0.640    0.3000   6.688e-06  p
net838                      1.80    0.041    0.500    0.1000   6.664e-06  a
clknet_0_net363             1.80    0.027    0.165    0.1539   6.627e-06  p
clknet_0_net458             1.80    0.019    0.632    0.2125   6.625e-06  p
net934                      1.80    0.019    0.660    0.2148   6.621e-06  p
net29                       1.80    0.031    0.545    0.1328   6.610e-06  p
net595                      1.80    0.010    0.522    0.4060   6.609e-06  p
net114                      1.80    0.021    0.492    0.1932   6.588e-06  p
net631                      1.80    0.011    0.434    0.3742   6.539e-06  p
net954                      1.80    0.025    0.555    0.1593   6.537e-06  p
net532                      1.80    0.022    0.480    0.1859   6.520e-06  p
net980                      1.80    0.024    0.574    0.1679   6.464e-06  p
net996                      1.80    0.019    0.503    0.2063   6.382e-06  p
net422                      1.80    0.014    0.788    0.2774   6.369e-06  p
net109                      1.80    0.021    0.494    0.1881   6.330e-06  p
net618                      1.80    0.039    0.500    0.1000   6.323e-06  a
net340                      1.80    0.012    0.673    0.3301   6.314e-06  p
net30                       1.80    0.009    0.504    0.4186   6.295e-06  p
net932                      1.80    0.025    0.221    0.1569   6.292e-06  p
net23                       1.80    0.020    0.657    0.1977   6.281e-06  p
net694                      1.80    0.040    0.457    0.0959   6.272e-06  p
net198                      1.80    0.010    0.558    0.3912   6.243e-06  p
net874                      1.80    0.038    0.500    0.1000   6.233e-06  a
net0                        1.80    0.018    0.500    0.2071   6.193e-06  p
net909                      1.80    0.100    0.044    0.0383   6.174e-06  p
net539                      1.80    0.011    0.422    0.3453   6.144e-06  p
net869                      1.80    0.038    0.500    0.1000   6.131e-06  a
net316                      1.80    0.008    0.499    0.4909   6.126e-06  p
net863                      1.80    0.038    0.500    0.1000   6.086e-06  a
net275                      1.80    0.010    0.499    0.3857   6.071e-06  p
net374                      1.80    0.015    0.381    0.2560   6.045e-06  p
clknet_0_net478             1.80    0.019    0.399    0.1910   6.019e-06  p
net656                      1.80    0.008    0.341    0.4369   5.977e-06  p
net979                      1.80    0.018    0.503    0.2063   5.969e-06  p
net46                       1.80    0.010    0.680    0.3522   5.959e-06  p
net819                      1.80    0.037    0.500    0.1000   5.951e-06  a
net363                      1.80    0.024    0.165    0.1539   5.894e-06  p
net926                      1.80    0.016    0.218    0.2314   5.892e-06  p
net978                      1.80    0.017    0.230    0.2158   5.875e-06  p
net877                      1.80    0.047    0.636    0.0766   5.830e-06  p
net248                      1.80    0.020    0.429    0.1753   5.817e-06  p
clknet_4_15_0_clk           1.80    0.036    0.500    0.1000   5.798e-06  a
net1032                     1.80    0.021    0.835    0.1728   5.785e-06  p
net821                      1.80    0.036    0.500    0.1000   5.781e-06  a
net769                      1.80    0.017    0.426    0.2077   5.751e-06  p
net19                       1.80    0.011    0.401    0.3166   5.751e-06  p
net214                      1.80    0.015    0.458    0.2288   5.735e-06  p
net1012                     1.80    0.016    0.587    0.2185   5.724e-06  p
net209                      1.80    0.016    0.450    0.2212   5.712e-06  p
clknet_0_net889             1.80    0.021    0.436    0.1675   5.680e-06  p
net731                      1.80    0.009    0.490    0.3949   5.678e-06  p
clknet_0_net471             1.80    0.021    0.401    0.1695   5.673e-06  p
net537                      1.80    0.011    0.608    0.3260   5.671e-06  p
net55                       1.80    0.010    0.407    0.3443   5.656e-06  p
net26                       1.80    0.009    0.635    0.4085   5.653e-06  p
net873                      1.80    0.035    0.500    0.1000   5.650e-06  a
net875                      1.80    0.035    0.500    0.1000   5.635e-06  a
clknet_0_net378             1.80    0.019    0.441    0.1830   5.602e-06  p
net639                      1.80    0.010    0.637    0.3285   5.566e-06  p
net830                      1.80    0.034    0.500    0.1000   5.532e-06  a
net43                       1.80    0.009    0.520    0.3783   5.481e-06  p
net672                      1.80    0.013    0.612    0.2624   5.459e-06  p
net85                       1.80    0.011    0.495    0.2990   5.439e-06  p
net111                      1.80    0.012    0.648    0.2838   5.438e-06  p
net800                      1.80    0.034    0.845    0.0982   5.435e-06  p
net894                      1.80    0.024    0.588    0.1418   5.408e-06  p
net746                      1.80    0.016    0.482    0.2121   5.403e-06  p
net240                      1.80    0.009    0.511    0.3892   5.393e-06  p
net35                       1.80    0.016    0.531    0.2067   5.388e-06  p
net519                      1.80    0.093    0.877    0.0356   5.379e-06  p
clknet_0_net546             1.80    0.021    0.251    0.1574   5.378e-06  p
net478                      1.80    0.017    0.399    0.1910   5.374e-06  p
net196                      1.80    0.010    0.556    0.3301   5.354e-06  p
net960                      1.80    0.087    0.106    0.0376   5.327e-06  p
net577                      1.80    0.007    0.474    0.4619   5.292e-06  p
net895                      1.80    0.020    0.134    0.1622   5.283e-06  p
net161                      1.80    0.010    0.354    0.3351   5.282e-06  p
clknet_4_0_0_clk            1.80    0.033    0.500    0.1000   5.278e-06  a
net870                      1.80    0.033    0.500    0.1000   5.269e-06  a
clknet_4_13_0_clk           1.80    0.032    0.500    0.1000   5.256e-06  a
net977                      1.80    0.019    0.835    0.1728   5.204e-06  p
net721                      1.80    0.020    0.499    0.1585   5.202e-06  p
clknet_1_0__leaf_net540     1.80    0.014    0.331    0.2375   5.199e-06  p
net744                      1.80    0.015    0.525    0.2180   5.176e-06  p
net903                      1.80    0.025    0.187    0.1290   5.170e-06  p
net907                      1.80    0.021    0.632    0.1547   5.142e-06  p
net15                       1.80    0.017    0.664    0.1838   5.137e-06  p
net97                       1.80    0.012    0.584    0.2631   5.133e-06  p
clknet_1_1__leaf_net458     1.80    0.015    0.632    0.2125   5.079e-06  p
net226                      1.80    0.012    0.502    0.2516   5.064e-06  p
net332                      1.80    0.009    0.482    0.3285   5.040e-06  p
net22                       1.80    0.014    0.230    0.2158   5.024e-06  p
net536                      1.80    0.020    0.501    0.1585   5.013e-06  p
net576                      1.80    0.008    0.655    0.3885   4.962e-06  p
net768                      1.80    0.027    0.238    0.1115   4.926e-06  p
net486                      1.80    0.013    0.767    0.2411   4.889e-06  p
net889                      1.80    0.018    0.436    0.1675   4.885e-06  p
net454                      1.80    0.012    0.417    0.2519   4.885e-06  p
net888                      1.80    0.021    0.382    0.1423   4.880e-06  p
net458                      1.80    0.014    0.632    0.2125   4.825e-06  p
net866                      1.80    0.030    0.500    0.1000   4.811e-06  a
clknet_1_0__leaf_net759     1.80    0.042    0.365    0.0701   4.772e-06  p
clknet_0_net516             1.80    0.020    0.709    0.1467   4.768e-06  p
net552                      1.80    0.031    0.157    0.0962   4.754e-06  p
net342                      1.80    0.009    0.452    0.3183   4.753e-06  p
net165                      1.80    0.010    0.485    0.2916   4.747e-06  p
net671                      1.80    0.029    0.500    0.1000   4.704e-06  a
net375                      1.80    0.013    0.174    0.2166   4.690e-06  p
net129                      1.80    0.019    0.825    0.1500   4.690e-06  p
clknet_1_1__leaf_net759     1.80    0.041    0.365    0.0701   4.677e-06  p
net553                      1.80    0.030    0.843    0.0962   4.677e-06  p
clknet_1_1__leaf_net435     1.80    0.036    0.886    0.0810   4.675e-06  p
net222                      1.80    0.016    0.164    0.1753   4.673e-06  p
net346                      1.80    0.026    0.089    0.1099   4.652e-06  p
net884                      1.80    0.012    0.717    0.2318   4.631e-06  p
net106                      1.80    0.006    0.623    0.4479   4.619e-06  p
net542                      1.80    0.011    0.346    0.2477   4.574e-06  p
clknet_1_0__leaf_net478     1.80    0.015    0.399    0.1910   4.545e-06  p
clknet_1_0__leaf_net458     1.80    0.013    0.632    0.2125   4.535e-06  p
net406                      1.80    0.006    0.503    0.4282   4.474e-06  p
net688                      1.80    0.027    0.086    0.1035   4.474e-06  p
net354                      1.80    0.008    0.663    0.3559   4.436e-06  p
net728                      1.80    0.012    0.218    0.2314   4.435e-06  p
net277                      1.80    0.010    0.471    0.2735   4.407e-06  p
net112                      1.80    0.072    0.106    0.0376   4.405e-06  p
net540                      1.80    0.011    0.331    0.2375   4.395e-06  p
clknet_1_1__leaf_net540     1.80    0.011    0.331    0.2375   4.389e-06  p
clknet_1_1__leaf_net542     1.80    0.011    0.346    0.2477   4.374e-06  p
net729                      1.80    0.030    0.128    0.0896   4.371e-06  p
net378                      1.80    0.015    0.441    0.1830   4.359e-06  p
net689                      1.80    0.015    0.198    0.1805   4.291e-06  p
net610                      1.80    0.015    0.395    0.1777   4.280e-06  p
net908                      1.80    0.036    0.951    0.0724   4.272e-06  p
net647                      1.80    0.010    0.580    0.2674   4.213e-06  p
net886                      1.80    0.080    0.530    0.0326   4.211e-06  p
net661                      1.80    0.008    0.344    0.3155   4.202e-06  p
net101                      1.80    0.015    0.185    0.1739   4.149e-06  p
net654                      1.80    0.005    0.519    0.4751   4.148e-06  p
net471                      1.80    0.015    0.401    0.1695   4.106e-06  p
net879                      1.80    0.075    0.078    0.0335   4.066e-06  p
net904                      1.80    0.010    0.509    0.2530   4.050e-06  p
net826                      1.80    0.025    0.500    0.1000   4.039e-06  a
net282                      1.80    0.006    0.592    0.4211   4.009e-06  p
net885                      1.80    0.019    0.765    0.1283   3.999e-06  p
net312                      1.80    0.063    0.954    0.0393   3.980e-06  p
net764                      1.80    0.015    0.585    0.1599   3.963e-06  p
net557                      1.80    0.009    0.488    0.2695   3.925e-06  p
net314                      1.80    0.005    0.497    0.4580   3.919e-06  p
clknet_1_1__leaf_net478     1.80    0.013    0.399    0.1910   3.909e-06  p
clknet_0_net283             1.80    0.023    0.859    0.1056   3.898e-06  p
net17                       1.80    0.018    0.727    0.1302   3.895e-06  p
net12                       1.80    0.010    0.626    0.2434   3.870e-06  p
net44                       1.80    0.006    0.627    0.4062   3.863e-06  p
net273                      1.80    0.010    0.455    0.2258   3.838e-06  p
net969                      1.80    0.011    0.230    0.2158   3.824e-06  p
net424                      1.80    0.042    0.928    0.0558   3.788e-06  p
net100                      1.80    0.006    0.525    0.3861   3.785e-06  p
clknet_0_net565             1.80    0.019    0.405    0.1191   3.736e-06  p
net858                      1.80    0.023    0.500    0.1000   3.717e-06  a
net868                      1.80    0.023    0.500    0.1000   3.699e-06  a
net529                      1.80    0.014    0.501    0.1585   3.697e-06  p
net383                      1.80    0.011    0.717    0.2091   3.686e-06  p
net352                      1.80    0.059    0.044    0.0383   3.639e-06  p
net983                      1.80    0.008    0.582    0.2905   3.625e-06  p
net310                      1.80    0.006    0.630    0.3899   3.624e-06  p
clknet_1_0__leaf_net542     1.80    0.009    0.346    0.2477   3.617e-06  p
net408                      1.80    0.009    0.450    0.2366   3.603e-06  p
net152                      1.80    0.013    0.373    0.1733   3.570e-06  p
net832                      1.80    0.022    0.500    0.1000   3.562e-06  a
net212                      1.80    0.007    0.730    0.3070   3.556e-06  p
net509                      1.80    0.010    0.409    0.2218   3.534e-06  p
net825                      1.80    0.022    0.500    0.1000   3.508e-06  a
clknet_0_net162             1.80    0.019    0.830    0.1106   3.488e-06  p
net366                      1.80    0.012    0.835    0.1728   3.471e-06  p
net644                      1.80    0.005    0.536    0.4148   3.458e-06  p
clknet_0_net329             1.80    0.025    0.219    0.0836   3.440e-06  p
net859                      1.80    0.021    0.500    0.1000   3.439e-06  a
net964                      1.80    0.089    0.488    0.0239   3.438e-06  p
net682                      1.80    0.006    0.600    0.3325   3.420e-06  p
net487                      1.80    0.008    0.548    0.2672   3.386e-06  p
net922                      1.80    0.017    0.862    0.1204   3.383e-06  p
net1033                     1.80    0.012    0.835    0.1728   3.379e-06  p
net24                       1.80    0.007    0.456    0.2995   3.376e-06  p
clknet_1_0__leaf_net435     1.80    0.026    0.886    0.0810   3.361e-06  p
net546                      1.80    0.013    0.251    0.1574   3.351e-06  p
net167                      1.80    0.010    0.487    0.1962   3.331e-06  p
clknet_0_net457             1.80    0.019    0.384    0.1072   3.328e-06  p
net10                       1.80    0.011    0.499    0.1921   3.325e-06  p
net377                      1.80    0.014    0.733    0.1417   3.303e-06  p
clknet_0_net554             1.80    0.020    0.160    0.0994   3.290e-06  p
clknet_0_net435             1.80    0.025    0.886    0.0810   3.279e-06  p
net597                      1.80    0.011    0.583    0.1834   3.278e-06  p
net18                       1.80    0.010    0.589    0.2111   3.256e-06  p
net254                      1.80    0.021    0.158    0.0937   3.249e-06  p
clknet_1_1__leaf_net546     1.80    0.013    0.251    0.1574   3.248e-06  p
net652                      1.80    0.005    0.550    0.3903   3.234e-06  p
net98                       1.80    0.007    0.622    0.2660   3.229e-06  p
clknet_1_0__leaf_net760     1.80    0.051    0.190    0.0394   3.229e-06  p
clknet_0_net591             1.80    0.020    0.365    0.0978   3.224e-06  p
net776                      1.80    0.062    0.524    0.0320   3.219e-06  p
net606                      1.80    0.031    0.554    0.0643   3.213e-06  p
net483                      1.80    0.010    0.612    0.1907   3.209e-06  p
net16                       1.80    0.012    0.580    0.1675   3.204e-06  p
net636                      1.80    0.012    0.642    0.1640   3.197e-06  p
net645                      1.80    0.005    0.435    0.4198   3.193e-06  p
net759                      1.80    0.028    0.365    0.0701   3.185e-06  p
net629                      1.80    0.006    0.604    0.3154   3.185e-06  p
net658                      1.80    0.008    0.822    0.2477   3.143e-06  p
net281                      1.80    0.015    0.518    0.1328   3.142e-06  p
clknet_1_0__leaf_net378     1.80    0.011    0.441    0.1830   3.133e-06  p
net164                      1.80    0.005    0.471    0.4060   3.084e-06  p
net323                      1.80    0.023    0.881    0.0822   3.070e-06  p
net256                      1.80    0.027    0.785    0.0701   3.060e-06  p
net435                      1.80    0.023    0.886    0.0810   3.039e-06  p
net716                      1.80    0.006    0.488    0.3327   3.031e-06  p
clknet_1_1__leaf_net378     1.80    0.010    0.441    0.1830   3.010e-06  p
clknet_0_net559             1.80    0.019    0.160    0.0995   3.006e-06  p
net607                      1.80    0.029    0.446    0.0643   2.993e-06  p
net329                      1.80    0.022    0.219    0.0836   2.982e-06  p
net517                      1.80    0.006    0.600    0.3325   2.981e-06  p
net628                      1.80    0.006    0.364    0.2993   2.963e-06  p
net265                      1.80    0.013    0.615    0.1445   2.960e-06  p
net287                      1.80    0.005    0.565    0.3389   2.958e-06  p
net848                      1.80    0.018    0.500    0.1000   2.942e-06  a
net278                      1.80    0.004    0.501    0.4325   2.942e-06  p
net468                      1.80    0.005    0.459    0.3423   2.941e-06  p
clknet_1_0__leaf_net889     1.80    0.011    0.436    0.1675   2.936e-06  p
net699                      1.80    0.005    0.513    0.3577   2.926e-06  p
clknet_0_net759             1.80    0.025    0.365    0.0701   2.893e-06  p
net857                      1.80    0.018    0.500    0.1000   2.891e-06  a
net181                      1.80    0.006    0.615    0.2826   2.884e-06  p
net319                      1.80    0.032    0.157    0.0551   2.875e-06  p
net617                      1.80    0.008    0.408    0.2189   2.861e-06  p
clknet_1_0__leaf_net557     1.80    0.006    0.488    0.2695   2.836e-06  p
net872                      1.80    0.017    0.500    0.1000   2.833e-06  a
net775                      1.80    0.076    0.607    0.0228   2.805e-06  p
clknet_1_0__leaf_net329     1.80    0.021    0.219    0.0836   2.799e-06  p
net373                      1.80    0.013    0.252    0.1287   2.798e-06  p
net785                      1.80    0.018    0.617    0.0947   2.792e-06  p
net257                      1.80    0.005    0.430    0.3450   2.744e-06  p
net96                       1.80    0.007    0.630    0.2579   2.740e-06  p
clknet_0_net262             1.80    0.019    0.278    0.0866   2.711e-06  p
net612                      1.80    0.009    0.473    0.1877   2.702e-06  p
net243                      1.80    0.004    0.525    0.3781   2.698e-06  p
net660                      1.80    0.004    0.537    0.4098   2.691e-06  p
net994                      1.80    0.010    0.835    0.1728   2.690e-06  p
net77                       1.80    0.014    0.626    0.1208   2.677e-06  p
net852                      1.80    0.016    0.500    0.1000   2.665e-06  a
net684                      1.80    0.005    0.424    0.3218   2.661e-06  p
net853                      1.80    0.016    0.500    0.1000   2.654e-06  a
net808                      1.80    0.048    0.806    0.0344   2.648e-06  p
clknet_1_0__leaf_net796     1.80    0.027    0.290    0.0602   2.637e-06  p
net538                      1.80    0.020    0.886    0.0810   2.606e-06  p
net50                       1.80    0.006    0.602    0.2895   2.605e-06  p
net168                      1.80    0.008    0.513    0.1962   2.597e-06  p
net936                      1.80    0.066    0.608    0.0240   2.581e-06  p
net527                      1.80    0.003    0.717    0.4812   2.570e-06  p
clknet_0_net538             1.80    0.020    0.886    0.0810   2.559e-06  p
net465                      1.80    0.004    0.619    0.3747   2.559e-06  p
net284                      1.80    0.004    0.527    0.3657   2.552e-06  p
net149                      1.80    0.006    0.513    0.2632   2.547e-06  p
net782                      1.80    0.008    0.326    0.1923   2.543e-06  p
net110                      1.80    0.007    0.610    0.2204   2.508e-06  p
clknet_1_0__leaf_net523     1.80    0.004    0.663    0.3504   2.503e-06  p
clknet_0_net256             1.80    0.022    0.785    0.0701   2.485e-06  p
net687                      1.80    0.021    0.050    0.0734   2.484e-06  p
clknet_0_net158             1.80    0.021    0.816    0.0726   2.460e-06  p
net320                      1.80    0.004    0.491    0.3559   2.456e-06  p
clknet_0_net919             1.80    0.024    0.317    0.0642   2.449e-06  p
net61                       1.80    0.021    0.896    0.0709   2.448e-06  p
net234                      1.80    0.004    0.502    0.3732   2.447e-06  p
net662                      1.80    0.004    0.706    0.3778   2.443e-06  p
clknet_1_1__leaf_net796     1.80    0.025    0.290    0.0602   2.436e-06  p
net982                      1.80    0.005    0.582    0.2905   2.417e-06  p
net480                      1.80    0.013    0.360    0.1184   2.410e-06  p
net178                      1.80    0.006    0.567    0.2327   2.410e-06  p
net58                       1.80    0.008    0.503    0.1958   2.404e-06  p
net558                      1.80    0.005    0.437    0.2886   2.404e-06  p
net205                      1.80    0.011    0.652    0.1349   2.401e-06  p
net379                      1.80    0.008    0.525    0.1894   2.397e-06  p
net39                       1.80    0.006    0.571    0.2657   2.396e-06  p
net623                      1.80    0.010    0.429    0.1479   2.386e-06  p
net505                      1.80    0.014    0.527    0.1083   2.380e-06  p
net973                      1.80    0.005    0.395    0.2832   2.366e-06  p
clknet_0_net701             1.80    0.020    0.370    0.0734   2.364e-06  p
clknet_0_net255             1.80    0.020    0.273    0.0732   2.362e-06  p
clknet_0_net891             1.80    0.019    0.382    0.0772   2.355e-06  p
net935                      1.80    0.020    0.359    0.0741   2.354e-06  p
clknet_0_net563             1.80    0.019    0.310    0.0767   2.350e-06  p
clknet_0_net902             1.80    0.020    0.631    0.0734   2.343e-06  p
net3                        1.80    0.008    0.510    0.1895   2.342e-06  p
net125                      1.80    0.073    0.026    0.0197   2.331e-06  p
net394                      1.80    0.059    0.495    0.0245   2.327e-06  p
net653                      1.80    0.005    0.750    0.2821   2.320e-06  p
net423                      1.80    0.006    0.610    0.2456   2.312e-06  p
net264                      1.80    0.007    0.306    0.1938   2.301e-06  p
net913                      1.80    0.038    0.106    0.0376   2.293e-06  p
net719                      1.80    0.040    0.877    0.0353   2.276e-06  p
clknet_1_0__leaf_net565     1.80    0.012    0.405    0.1191   2.270e-06  p
net451                      1.80    0.049    0.571    0.0284   2.260e-06  p
clknet_0_net797             1.80    0.020    0.352    0.0710   2.259e-06  p
net807                      1.80    0.026    0.637    0.0536   2.255e-06  p
net399                      1.80    0.006    0.432    0.2170   2.250e-06  p
net637                      1.80    0.005    0.412    0.2606   2.247e-06  p
net326                      1.80    0.004    0.644    0.3336   2.246e-06  p
net556                      1.80    0.004    0.518    0.3783   2.233e-06  p
clknet_1_1__leaf_net703     1.80    0.019    0.346    0.0706   2.226e-06  p
net53                       1.80    0.008    0.128    0.1734   2.217e-06  p
net786                      1.80    0.011    0.584    0.1218   2.215e-06  p
net460                      1.80    0.005    0.606    0.2734   2.209e-06  p
net449                      1.80    0.033    0.562    0.0410   2.209e-06  p
net554                      1.80    0.014    0.160    0.0994   2.206e-06  p
clknet_1_0__leaf_net554     1.80    0.014    0.160    0.0994   2.195e-06  p
clknet_0_net258             1.80    0.020    0.371    0.0688   2.187e-06  p
net501                      1.80    0.021    0.395    0.0632   2.186e-06  p
net283                      1.80    0.013    0.859    0.1056   2.179e-06  p
net991                      1.80    0.008    0.555    0.1593   2.178e-06  p
clknet_0_net703             1.80    0.019    0.346    0.0706   2.177e-06  p
clknet_1_1__leaf_net591     1.80    0.014    0.365    0.0978   2.166e-06  p
clknet_1_0__leaf_net703     1.80    0.019    0.346    0.0706   2.166e-06  p
net262                      1.80    0.015    0.278    0.0866   2.159e-06  p
net799                      1.80    0.014    0.152    0.0979   2.153e-06  p
net513                      1.80    0.018    0.462    0.0726   2.150e-06  p
net370                      1.80    0.009    0.266    0.1423   2.148e-06  p
net288                      1.80    0.004    0.652    0.3602   2.143e-06  p
net574                      1.80    0.007    0.671    0.1923   2.136e-06  p
net87                       1.80    0.004    0.558    0.2925   2.129e-06  p
clknet_1_0__leaf_net546     1.80    0.008    0.251    0.1574   2.129e-06  p
net976                      1.80    0.004    0.456    0.2995   2.127e-06  p
net463                      1.80    0.006    0.467    0.2374   2.125e-06  p
clknet_0_net357             1.80    0.021    0.258    0.0635   2.125e-06  p
clknet_1_0__leaf_net516     1.80    0.009    0.709    0.1467   2.125e-06  p
net344                      1.80    0.013    0.534    0.0999   2.121e-06  p
net166                      1.80    0.004    0.499    0.3710   2.117e-06  p
net850                      1.80    0.013    0.500    0.1000   2.112e-06  a
net318                      1.80    0.003    0.504    0.4558   2.103e-06  p
net40                       1.80    0.003    0.461    0.3796   2.096e-06  p
net252                      1.80    0.011    0.534    0.1164   2.087e-06  p
net989                      1.80    0.008    0.555    0.1593   2.086e-06  p
net63                       1.80    0.004    0.675    0.3485   2.072e-06  p
clknet_1_0__leaf_net559     1.80    0.013    0.160    0.0995   2.052e-06  p
net218                      1.80    0.004    0.588    0.3015   2.049e-06  p
net400                      1.80    0.005    0.648    0.2315   2.046e-06  p
net902                      1.80    0.017    0.631    0.0734   2.046e-06  p
net446                      1.80    0.059    0.680    0.0214   2.041e-06  p
net882                      1.80    0.041    0.652    0.0308   2.040e-06  p
net364                      1.80    0.003    0.504    0.3769   2.038e-06  p
net842                      1.80    0.013    0.500    0.1000   2.036e-06  a
net508                      1.80    0.026    0.411    0.0487   2.035e-06  p
clknet_0_net778             1.80    0.021    0.307    0.0598   2.034e-06  p
clknet_1_0__leaf_net919     1.80    0.019    0.317    0.0642   2.029e-06  p
net362                      1.80    0.017    0.265    0.0734   2.025e-06  p
net459                      1.80    0.004    0.498    0.3217   2.022e-06  p
net441                      1.80    0.023    0.840    0.0550   2.020e-06  p
net579                      1.80    0.007    0.846    0.1784   2.018e-06  p
net190                      1.80    0.012    0.504    0.1000   2.015e-06  p
net392                      1.80    0.005    0.533    0.2259   1.998e-06  p
net380                      1.80    0.003    0.421    0.3824   1.997e-06  p
net271                      1.80    0.010    0.578    0.1194   1.995e-06  p
net470                      1.80    0.003    0.552    0.3712   1.984e-06  p
net177                      1.80    0.003    0.474    0.4381   1.980e-06  p
clknet_1_1__leaf_net165     1.80    0.004    0.485    0.2916   1.973e-06  p
clknet_0_net906             1.80    0.018    0.319    0.0660   1.968e-06  p
net568                      1.80    0.009    0.838    0.1283   1.968e-06  p
net154                      1.80    0.012    0.583    0.1022   1.965e-06  p
net51                       1.80    0.004    0.499    0.3106   1.964e-06  p
net204                      1.80    0.003    0.588    0.4101   1.957e-06  p
net367                      1.80    0.004    0.388    0.2707   1.936e-06  p
net720                      1.80    0.007    0.501    0.1585   1.925e-06  p
net286                      1.80    0.003    0.553    0.4132   1.925e-06  p
net203                      1.80    0.003    0.606    0.3461   1.924e-06  p
net565                      1.80    0.010    0.405    0.1191   1.915e-06  p
net104                      1.80    0.003    0.450    0.3561   1.913e-06  p
net309                      1.80    0.037    0.952    0.0323   1.912e-06  p
net516                      1.80    0.008    0.709    0.1467   1.909e-06  p
net784                      1.80    0.012    0.378    0.0948   1.894e-06  p
net817                      1.80    0.012    0.500    0.1000   1.893e-06  a
net210                      1.80    0.004    0.593    0.3200   1.892e-06  p
net933                      1.80    0.011    0.486    0.1044   1.885e-06  p
net567                      1.80    0.009    0.162    0.1283   1.885e-06  p
net485                      1.80    0.005    0.575    0.2474   1.880e-06  p
clknet_1_1__leaf_net919     1.80    0.018    0.317    0.0642   1.877e-06  p
net174                      1.80    0.002    0.473    0.5152   1.869e-06  p
clknet_1_0__leaf_net165     1.80    0.004    0.485    0.2916   1.866e-06  p
net397                      1.80    0.023    0.795    0.0494   1.859e-06  p
net255                      1.80    0.016    0.273    0.0732   1.859e-06  p
net581                      1.80    0.012    0.869    0.0945   1.857e-06  p
net59                       1.80    0.004    0.527    0.2886   1.855e-06  p
net246                      1.80    0.004    0.557    0.3098   1.854e-06  p
net108                      1.80    0.002    0.501    0.4934   1.854e-06  p
net841                      1.80    0.011    0.500    0.1000   1.852e-06  a
net783                      1.80    0.006    0.671    0.1923   1.846e-06  p
clknet_0_net796             1.80    0.019    0.290    0.0602   1.846e-06  p
clknet_1_0__leaf_net538     1.80    0.014    0.886    0.0810   1.838e-06  p
net974                      1.80    0.004    0.395    0.2832   1.836e-06  p
net741                      1.80    0.047    0.488    0.0239   1.832e-06  p
net457                      1.80    0.011    0.384    0.1072   1.830e-06  p
net787                      1.80    0.010    0.605    0.1099   1.828e-06  p
net843                      1.80    0.011    0.500    0.1000   1.821e-06  a
net560                      1.80    0.003    0.578    0.3649   1.821e-06  p
net563                      1.80    0.015    0.310    0.0767   1.811e-06  p
net267                      1.80    0.006    0.745    0.1862   1.810e-06  p
net136                      1.80    0.007    0.760    0.1544   1.805e-06  p
net591                      1.80    0.011    0.365    0.0978   1.791e-06  p
net395                      1.80    0.005    0.532    0.2056   1.781e-06  p
net411                      1.80    0.049    0.029    0.0224   1.773e-06  p
net619                      1.80    0.003    0.417    0.3218   1.768e-06  p
net846                      1.80    0.011    0.500    0.1000   1.762e-06  a
clknet_1_1__leaf_net329     1.80    0.013    0.219    0.0836   1.757e-06  p
net920                      1.80    0.032    0.402    0.0336   1.754e-06  p
net376                      1.80    0.003    0.521    0.3215   1.754e-06  p
net844                      1.80    0.011    0.500    0.1000   1.752e-06  a
net971                      1.80    0.005    0.657    0.1977   1.749e-06  p
net625                      1.80    0.006    0.399    0.1659   1.745e-06  p
net555                      1.80    0.008    0.216    0.1279   1.738e-06  p
net549                      1.80    0.005    0.516    0.2010   1.710e-06  p
net274                      1.80    0.009    0.464    0.1163   1.708e-06  p
clknet_1_1__leaf_net889     1.80    0.006    0.436    0.1675   1.705e-06  p
net551                      1.80    0.004    0.714    0.2975   1.703e-06  p
net806                      1.80    0.011    0.297    0.0961   1.701e-06  p
clknet_1_1__leaf_net357     1.80    0.016    0.258    0.0635   1.683e-06  p
net157                      1.80    0.003    0.443    0.3935   1.683e-06  p
net730                      1.80    0.002    0.497    0.4389   1.660e-06  p
net1014                     1.80    0.007    0.221    0.1569   1.660e-06  p
net445                      1.80    0.039    0.540    0.0262   1.656e-06  p
net686                      1.80    0.006    0.170    0.1588   1.651e-06  p
net245                      1.80    0.004    0.666    0.2604   1.647e-06  p
net992                      1.80    0.006    0.555    0.1593   1.647e-06  p
net163                      1.80    0.003    0.655    0.3093   1.644e-06  p
net180                      1.80    0.006    0.221    0.1817   1.626e-06  p
net708                      1.80    0.035    0.142    0.0289   1.626e-06  p
net575                      1.80    0.004    0.734    0.2251   1.625e-06  p
net582                      1.80    0.010    0.853    0.1031   1.622e-06  p
clknet_1_1__leaf_net523     1.80    0.003    0.663    0.3504   1.616e-06  p
clknet_0_net742             1.80    0.020    0.254    0.0499   1.602e-06  p
net2                        1.80    0.005    0.505    0.1878   1.592e-06  p
net919                      1.80    0.015    0.317    0.0642   1.591e-06  p
clknet_0_net777             1.80    0.020    0.241    0.0491   1.583e-06  p
net484                      1.80    0.003    0.432    0.3240   1.579e-06  p
net727                      1.80    0.008    0.464    0.1163   1.571e-06  p
net477                      1.80    0.040    0.608    0.0240   1.561e-06  p
clknet_0_net760             1.80    0.024    0.190    0.0394   1.549e-06  p
clknet_0_net779             1.80    0.020    0.229    0.0471   1.547e-06  p
net839                      1.80    0.010    0.500    0.1000   1.545e-06  a
clknet_1_1__leaf_net760     1.80    0.024    0.190    0.0394   1.539e-06  p
net796                      1.80    0.016    0.290    0.0602   1.539e-06  p
net289                      1.80    0.005    0.252    0.1960   1.535e-06  p
net330                      1.80    0.003    0.358    0.2923   1.530e-06  p
net739                      1.80    0.040    0.583    0.0237   1.526e-06  p
net809                      1.80    0.005    0.480    0.1851   1.525e-06  p
net272                      1.80    0.003    0.495    0.3619   1.508e-06  p
net351                      1.80    0.003    0.351    0.3699   1.506e-06  p
net388                      1.80    0.004    0.496    0.2286   1.498e-06  p
net760                      1.80    0.023    0.190    0.0394   1.497e-06  p
net570                      1.80    0.008    0.597    0.1187   1.494e-06  p
net103                      1.80    0.005    0.185    0.1739   1.488e-06  p
net308                      1.80    0.029    0.047    0.0320   1.483e-06  p
clknet_0_net397             1.80    0.018    0.795    0.0494   1.478e-06  p
net732                      1.80    0.008    0.281    0.1109   1.462e-06  p
net981                      1.80    0.005    0.574    0.1679   1.457e-06  p
net793                      1.80    0.041    0.367    0.0221   1.452e-06  p
net624                      1.80    0.005    0.441    0.1981   1.447e-06  p
clknet_1_0__leaf_net591     1.80    0.009    0.365    0.0978   1.443e-06  p
net150                      1.80    0.003    0.518    0.2813   1.439e-06  p
net162                      1.80    0.008    0.830    0.1106   1.434e-06  p
net428                      1.80    0.003    0.432    0.2911   1.431e-06  p
net151                      1.80    0.031    0.141    0.0289   1.427e-06  p
net559                      1.80    0.009    0.160    0.0995   1.421e-06  p
net698                      1.80    0.002    0.480    0.4147   1.418e-06  p
net431                      1.80    0.002    0.503    0.3503   1.412e-06  p
net997                      1.80    0.005    0.555    0.1593   1.406e-06  p
clknet_0_net743             1.80    0.020    0.228    0.0437   1.398e-06  p
net510                      1.80    0.004    0.432    0.2112   1.393e-06  p
clknet_0_net798             1.80    0.019    0.234    0.0461   1.391e-06  p
net906                      1.80    0.013    0.319    0.0660   1.390e-06  p
net1013                     1.80    0.009    0.357    0.0906   1.375e-06  p
net311                      1.80    0.002    0.718    0.3601   1.374e-06  p
net514                      1.80    0.006    0.521    0.1378   1.373e-06  p
net987                      1.80    0.003    0.626    0.2434   1.368e-06  p
net448                      1.80    0.009    0.588    0.0972   1.367e-06  p
net891                      1.80    0.011    0.382    0.0772   1.356e-06  p
net573                      1.80    0.024    0.373    0.0347   1.351e-06  p
net998                      1.80    0.006    0.163    0.1282   1.350e-06  p
net569                      1.80    0.007    0.403    0.1187   1.348e-06  p
net702                      1.80    0.003    0.592    0.3220   1.343e-06  p
net797                      1.80    0.012    0.352    0.0710   1.329e-06  p
net126                      1.80    0.003    0.598    0.3108   1.326e-06  p
net349                      1.80    0.004    0.622    0.2093   1.323e-06  p
net1024                     1.80    0.006    0.390    0.1477   1.321e-06  p
net348                      1.80    0.039    0.908    0.0211   1.319e-06  p
clknet_0_net479             1.80    0.020    0.192    0.0414   1.319e-06  p
net169                      1.80    0.004    0.412    0.1910   1.309e-06  p
net444                      1.80    0.032    0.453    0.0256   1.307e-06  p
net693                      1.80    0.003    0.538    0.2577   1.302e-06  p
clknet_1_1__leaf_net563     1.80    0.010    0.310    0.0767   1.301e-06  p
net837                      1.80    0.008    0.500    0.1000   1.298e-06  a
clknet_1_1__leaf_net162     1.80    0.007    0.830    0.1106   1.295e-06  p
clknet_1_1__leaf_net471     1.80    0.005    0.401    0.1695   1.294e-06  p
net389                      1.80    0.003    0.464    0.2300   1.285e-06  p
net594                      1.80    0.004    0.576    0.2242   1.283e-06  p
net604                      1.80    0.004    0.451    0.1825   1.276e-06  p
net391                      1.80    0.003    0.505    0.2858   1.276e-06  p
net38                       1.80    0.002    0.546    0.3762   1.275e-06  p
net384                      1.80    0.004    0.432    0.2132   1.246e-06  p
net972                      1.80    0.004    0.657    0.1977   1.219e-06  p
net725                      1.80    0.015    0.113    0.0491   1.215e-06  p
net118                      1.80    0.005    0.542    0.1658   1.213e-06  p
net726                      1.80    0.006    0.534    0.1164   1.210e-06  p
net258                      1.80    0.011    0.371    0.0688   1.207e-06  p
net233                      1.80    0.021    0.079    0.0361   1.206e-06  p
net450                      1.80    0.018    0.438    0.0410   1.203e-06  p
net642                      1.80    0.002    0.671    0.3556   1.202e-06  p
clknet_1_1__leaf_net557     1.80    0.003    0.488    0.2695   1.200e-06  p
net634                      1.80    0.005    0.166    0.1551   1.191e-06  p
net499                      1.80    0.002    0.460    0.2999   1.187e-06  p
net615                      1.80    0.002    0.480    0.3248   1.187e-06  p
net918                      1.80    0.025    0.141    0.0289   1.183e-06  p
net357                      1.80    0.011    0.258    0.0635   1.173e-06  p
net179                      1.80    0.010    0.896    0.0709   1.172e-06  p
net990                      1.80    0.005    0.555    0.1593   1.172e-06  p
net341                      1.80    0.002    0.589    0.3104   1.171e-06  p
net143                      1.80    0.002    0.482    0.3030   1.164e-06  p
net600                      1.80    0.004    0.323    0.1689   1.162e-06  p
net718                      1.80    0.027    0.813    0.0262   1.161e-06  p
net498                      1.80    0.004    0.463    0.1637   1.158e-06  p
net802                      1.80    0.009    0.866    0.0797   1.156e-06  p
net276                      1.80    0.008    0.794    0.0929   1.155e-06  p
net685                      1.80    0.004    0.830    0.1591   1.153e-06  p
net630                      1.80    0.003    0.708    0.2308   1.151e-06  p
net365                      1.80    0.005    0.411    0.1419   1.150e-06  p
net701                      1.80    0.010    0.370    0.0734   1.149e-06  p
net381                      1.80    0.005    0.339    0.1309   1.147e-06  p
net613                      1.80    0.003    0.625    0.2150   1.147e-06  p
net703                      1.80    0.010    0.346    0.0706   1.135e-06  p
net269                      1.80    0.036    0.976    0.0193   1.130e-06  p
net225                      1.80    0.003    0.607    0.2538   1.126e-06  p
net338                      1.80    0.017    0.818    0.0415   1.117e-06  p
net238                      1.80    0.003    0.232    0.2317   1.113e-06  p
clknet_1_0__leaf_net563     1.80    0.009    0.310    0.0767   1.112e-06  p
net142                      1.80    0.002    0.280    0.3415   1.108e-06  p
net438                      1.80    0.061    0.014    0.0113   1.107e-06  p
net325                      1.80    0.002    0.401    0.3387   1.106e-06  p
net756                      1.80    0.029    0.568    0.0230   1.099e-06  p
net158                      1.80    0.009    0.816    0.0726   1.091e-06  p
net421                      1.80    0.029    0.967    0.0229   1.088e-06  p
clknet_1_0__leaf_net891     1.80    0.009    0.382    0.0772   1.082e-06  p
net469                      1.80    0.003    0.538    0.2084   1.077e-06  p
net183                      1.80    0.005    0.660    0.1313   1.074e-06  p
clknet_1_1__leaf_net701     1.80    0.009    0.370    0.0734   1.063e-06  p
net173                      1.80    0.003    0.506    0.2362   1.061e-06  p
net171                      1.80    0.008    0.371    0.0854   1.050e-06  p
net57                       1.80    0.002    0.558    0.3533   1.050e-06  p
net1026                     1.80    0.004    0.434    0.1779   1.049e-06  p
net681                      1.80    0.029    0.013    0.0222   1.047e-06  p
net572                      1.80    0.018    0.624    0.0350   1.040e-06  p
net931                      1.80    0.024    0.043    0.0271   1.040e-06  p
net626                      1.80    0.005    0.344    0.1293   1.033e-06  p
net883                      1.80    0.039    0.317    0.0163   1.032e-06  p
net488                      1.80    0.005    0.677    0.1413   1.032e-06  p
net382                      1.80    0.005    0.660    0.1308   1.025e-06  p
net339                      1.80    0.002    0.302    0.2844   1.022e-06  p
net385                      1.80    0.004    0.368    0.1547   1.020e-06  p
net353                      1.80    0.004    0.220    0.1573   1.018e-06  p
net616                      1.80    0.003    0.594    0.2002   1.011e-06  p
net648                      1.80    0.005    0.555    0.1365   1.005e-06  p
net794                      1.80    0.030    0.359    0.0209   1.000e-06  p
net635                      1.80    0.002    0.676    0.2876   9.940e-07  p
clknet_1_0__leaf_net262     1.80    0.007    0.278    0.0866   9.918e-07  p
net580                      1.80    0.004    0.726    0.1506   9.899e-07  p
clknet_1_1__leaf_net565     1.80    0.005    0.405    0.1191   9.885e-07  p
net583                      1.80    0.005    0.873    0.1244   9.793e-07  p
net253                      1.80    0.035    0.765    0.0169   9.706e-07  p
clknet_1_1__leaf_net283     1.80    0.006    0.859    0.1056   9.678e-07  p
net335                      1.80    0.006    0.500    0.1048   9.638e-07  p
net772                      1.80    0.024    0.493    0.0245   9.552e-07  p
clknet_1_0__leaf_net255     1.80    0.008    0.273    0.0732   9.432e-07  p
net232                      1.80    0.003    0.173    0.1876   9.432e-07  p
net590                      1.80    0.005    0.540    0.1126   9.424e-07  p
net896                      1.80    0.003    0.619    0.1802   9.348e-07  p
net124                      1.80    0.070    0.015    0.0082   9.323e-07  p
clknet_1_0__leaf_net701     1.80    0.008    0.370    0.0734   9.288e-07  p
clknet_1_1__leaf_net516     1.80    0.004    0.709    0.1467   9.247e-07  p
net864                      1.80    0.006    0.500    0.1000   9.213e-07  a
net464                      1.80    0.004    0.575    0.1294   9.197e-07  p
net773                      1.80    0.023    0.495    0.0244   9.154e-07  p
net655                      1.80    0.004    0.165    0.1553   9.136e-07  p
clknet_1_0__leaf_net906     1.80    0.008    0.319    0.0660   9.091e-07  p
net778                      1.80    0.009    0.307    0.0598   9.081e-07  p
net733                      1.80    0.006    0.186    0.0992   9.009e-07  pm
net131                      1.80    0.004    0.901    0.1301   8.879e-07  p
net763                      1.80    0.003    0.413    0.1598   8.861e-07  p
clknet_1_0__leaf_net357     1.80    0.009    0.258    0.0635   8.840e-07  p
net390                      1.80    0.003    0.709    0.1805   8.839e-07  p
net608                      1.80    0.004    0.771    0.1279   8.804e-07  p
net512                      1.80    0.003    0.361    0.1863   8.792e-07  p
clknet_1_1__leaf_net902     1.80    0.007    0.631    0.0734   8.639e-07  p
net419                      1.80    0.023    0.967    0.0229   8.599e-07  p
net504                      1.80    0.003    0.378    0.1938   8.443e-07  p
net798                      1.80    0.011    0.234    0.0461   8.433e-07  p
net1003                     1.80    0.004    0.837    0.1282   8.412e-07  p
clknet_1_0__leaf_net798     1.80    0.011    0.234    0.0461   8.396e-07  p
net492                      1.80    0.003    0.425    0.1590   8.366e-07  p
out42                       1.80    0.002    0.496    0.3113   8.279e-07  p
net758                      1.80    0.027    0.269    0.0190   8.242e-07  p
net691                      1.80    0.003    0.760    0.1644   8.180e-07  p
net603                      1.80    0.015    0.850    0.0334   8.120e-07  p
net467                      1.80    0.003    0.629    0.1724   8.118e-07  p
net588                      1.80    0.003    0.301    0.1710   8.096e-07  p
net632                      1.80    0.003    0.674    0.1904   8.052e-07  p
net833                      1.80    0.005    0.500    0.1000   8.051e-07  a
net361                      1.80    0.002    0.557    0.2050   8.033e-07  p
net777                      1.80    0.010    0.241    0.0491   7.973e-07  p
net432                      1.80    0.002    0.496    0.2100   7.869e-07  p
net437                      1.80    0.012    0.658    0.0407   7.823e-07  p
net587                      1.80    0.003    0.360    0.1830   7.822e-07  p
net1011                     1.80    0.004    0.660    0.1308   7.815e-07  p
net497                      1.80    0.003    0.537    0.1637   7.706e-07  p
net584                      1.80    0.002    0.826    0.2007   7.661e-07  p
net442                      1.80    0.004    0.491    0.1194   7.652e-07  p
net547                      1.80    0.020    0.987    0.0238   7.630e-07  p
net740                      1.80    0.024    0.299    0.0196   7.608e-07  p
net620                      1.80    0.002    0.483    0.1946   7.600e-07  p
net369                      1.80    0.002    0.244    0.2076   7.531e-07  p
net182                      1.80    0.002    0.222    0.1957   7.529e-07  p
net742                      1.80    0.009    0.254    0.0499   7.526e-07  p
net743                      1.80    0.011    0.228    0.0437   7.520e-07  p
net52                       1.80    0.007    0.103    0.0709   7.494e-07  p
clknet_1_0__leaf_net902     1.80    0.006    0.631    0.0734   7.464e-07  p
net679                      1.80    0.006    0.103    0.0709   7.417e-07  p
net434                      1.80    0.013    0.923    0.0344   7.389e-07  p
clknet_1_1__leaf_net797     1.80    0.006    0.352    0.0710   7.311e-07  p
net337                      1.80    0.012    0.814    0.0363   7.309e-07  p
net627                      1.80    0.003    0.750    0.1573   7.287e-07  p
net678                      1.80    0.006    0.896    0.0709   7.259e-07  p
net664                      1.80    0.013    0.078    0.0335   7.258e-07  p
net1023                     1.80    0.003    0.765    0.1283   7.216e-07  p
net466                      1.80    0.002    0.458    0.1889   7.180e-07  p
clknet_1_0__leaf_net471     1.80    0.003    0.401    0.1695   7.170e-07  p
net917                      1.80    0.003    0.667    0.1380   7.152e-07  p
clknet_1_1__leaf_net743     1.80    0.010    0.228    0.0437   7.137e-07  p
net279                      1.80    0.002    0.289    0.2185   7.094e-07  p
net414                      1.80    0.013    0.078    0.0335   7.083e-07  p
net566                      1.80    0.005    0.865    0.0876   7.061e-07  p
net300                      1.80    0.013    0.078    0.0335   7.013e-07  p
net621                      1.80    0.006    0.532    0.0706   6.988e-07  p
net668                      1.80    0.011    0.106    0.0376   6.962e-07  p
net387                      1.80    0.003    0.642    0.1218   6.811e-07  p
clknet_1_1__leaf_net554     1.80    0.004    0.160    0.0994   6.806e-07  p
net386                      1.80    0.003    0.358    0.1218   6.779e-07  p
net614                      1.80    0.004    0.632    0.1123   6.779e-07  p
out58                       1.80    0.001    0.294    0.3029   6.775e-07  p
net599                      1.80    0.004    0.119    0.0987   6.746e-07  p
net156                      1.80    0.003    0.545    0.1329   6.727e-07  p
net429                      1.80    0.037    0.014    0.0113   6.668e-07  p
net803                      1.80    0.005    0.179    0.0838   6.666e-07  p
net1020                     1.80    0.014    0.035    0.0295   6.597e-07  p
net521                      1.80    0.046    0.702    0.0088   6.566e-07  p
net561                      1.80    0.009    0.207    0.0449   6.537e-07  p
net490                      1.80    0.002    0.367    0.2012   6.534e-07  p
net401                      1.80    0.013    0.348    0.0308   6.519e-07  p
net533                      1.80    0.011    0.877    0.0356   6.515e-07  p
net779                      1.80    0.009    0.229    0.0471   6.498e-07  p
net562                      1.80    0.009    0.793    0.0449   6.487e-07  p
out10                       1.80    0.001    0.494    0.3696   6.476e-07  p
clknet_1_0__leaf_net457     1.80    0.004    0.384    0.1072   6.416e-07  p
net427                      1.80    0.012    0.530    0.0326   6.414e-07  p
net237                      1.80    0.006    0.954    0.0718   6.413e-07  p
net804                      1.80    0.005    0.818    0.0840   6.389e-07  p
clknet_1_1__leaf_net262     1.80    0.005    0.278    0.0866   6.374e-07  p
net350                      1.80    0.031    0.167    0.0128   6.350e-07  p
net515                      1.80    0.045    0.702    0.0088   6.347e-07  p
net915                      1.80    0.005    0.854    0.0727   6.319e-07  p
net247                      1.80    0.002    0.485    0.1950   6.277e-07  p
clknet_1_1__leaf_net258     1.80    0.006    0.371    0.0688   6.223e-07  p
net1021                     1.80    0.003    0.358    0.1218   6.195e-07  p
net545                      1.80    0.006    0.929    0.0668   6.103e-07  p
net649                      1.80    0.004    0.347    0.1050   6.103e-07  p
clknet_0_net244             1.80    0.021    0.235    0.0178   6.017e-07  p
net494                      1.80    0.002    0.359    0.1875   5.999e-07  p
net801                      1.80    0.005    0.132    0.0794   5.996e-07  p
net705                      1.80    0.017    0.029    0.0224   5.987e-07  p
out50                       1.80    0.001    0.498    0.3559   5.937e-07  p
net757                      1.80    0.023    0.783    0.0159   5.936e-07  p
net596                      1.80    0.006    0.424    0.0577   5.935e-07  p
clknet_1_1__leaf_net255     1.80    0.005    0.273    0.0732   5.907e-07  p
net774                      1.80    0.019    0.305    0.0189   5.861e-07  p
clknet_1_0__leaf_net742     1.80    0.007    0.254    0.0499   5.842e-07  p
net280                      1.80    0.003    0.864    0.1203   5.824e-07  p
net343                      1.80    0.004    0.466    0.1001   5.796e-07  p
clknet_1_0__leaf_net283     1.80    0.003    0.859    0.1056   5.753e-07  p
net479                      1.80    0.009    0.192    0.0414   5.742e-07  p
net795                      1.80    0.020    0.376    0.0176   5.699e-07  p
net524                      1.80    0.012    0.964    0.0299   5.638e-07  p
clknet_1_1__leaf_net158     1.80    0.005    0.816    0.0726   5.565e-07  p
net425                      1.80    0.015    0.970    0.0234   5.496e-07  p
net747                      1.80    0.010    0.595    0.0335   5.449e-07  p
net736                      1.80    0.014    0.521    0.0240   5.446e-07  p
net511                      1.80    0.008    0.413    0.0441   5.398e-07  p
net147                      1.80    0.031    0.986    0.0108   5.398e-07  p
out6                        1.80    0.001    0.592    0.4095   5.361e-07  p
net1027                     1.80    0.007    0.887    0.0491   5.209e-07  p
net440                      1.80    0.017    0.666    0.0184   5.126e-07  p
clknet_1_1__leaf_net777     1.80    0.006    0.241    0.0491   5.073e-07  p
net355                      1.80    0.018    0.017    0.0168   4.974e-07  p
clknet_1_0__leaf_net158     1.80    0.004    0.816    0.0726   4.948e-07  p
clknet_1_0__leaf_net397     1.80    0.006    0.795    0.0494   4.929e-07  p
net368                      1.80    0.003    0.590    0.0913   4.895e-07  p
net790                      1.80    0.013    0.492    0.0240   4.888e-07  p
net666                      1.80    0.008    0.096    0.0385   4.876e-07  p
net670                      1.80    0.034    0.213    0.0089   4.861e-07  p
net753                      1.80    0.018    0.235    0.0168   4.852e-07  p
out44                       1.80    0.001    0.499    0.3106   4.814e-07  p
net999                      1.80    0.015    0.582    0.0196   4.803e-07  p
net144                      1.80    0.012    0.488    0.0252   4.779e-07  p
clknet_1_1__leaf_net559     1.80    0.003    0.160    0.0995   4.721e-07  p
clknet_1_0__leaf_net778     1.80    0.005    0.307    0.0598   4.627e-07  p
net611                      1.80    0.003    0.328    0.0957   4.612e-07  p
net791                      1.80    0.015    0.328    0.0185   4.612e-07  p
net602                      1.80    0.008    0.150    0.0334   4.592e-07  p
net663                      1.80    0.008    0.920    0.0341   4.586e-07  p
net640                      1.80    0.003    0.917    0.0907   4.585e-07  p
net724                      1.80    0.006    0.887    0.0491   4.575e-07  p
net453                      1.80    0.013    0.680    0.0214   4.558e-07  p
out25                       1.80    0.001    0.503    0.4188   4.523e-07  p
out19                       1.80    0.001    0.511    0.3458   4.508e-07  p
out38                       1.80    0.002    0.632    0.1547   4.455e-07  p
net609                      1.80    0.003    0.808    0.0813   4.437e-07  p
clknet_1_0__leaf_net162     1.80    0.002    0.830    0.1106   4.419e-07  p
net586                      1.80    0.005    0.475    0.0509   4.392e-07  p
net122                      1.80    0.010    0.102    0.0269   4.338e-07  p
out41                       1.80    0.001    0.395    0.2832   4.319e-07  p
net589                      1.80    0.003    0.866    0.0797   4.294e-07  p
clknet_1_1__leaf_net742     1.80    0.005    0.254    0.0499   4.256e-07  p
net322                      1.80    0.007    0.954    0.0393   4.233e-07  p
clknet_1_1__leaf_net891     1.80    0.003    0.382    0.0772   4.232e-07  p
net452                      1.80    0.010    0.948    0.0273   4.221e-07  p
net592                      1.80    0.003    0.153    0.0992   4.201e-07  p
net622                      1.80    0.002    0.457    0.1151   4.173e-07  p
net250                      1.80    0.003    0.057    0.0744   4.170e-07  p
net735                      1.80    0.011    0.471    0.0240   4.151e-07  p
net780                      1.80    0.004    0.478    0.0646   4.144e-07  p
out52                       1.80    0.001    0.499    0.2725   4.129e-07  p
net358                      1.80    0.004    0.952    0.0721   4.106e-07  p
net710                      1.80    0.012    0.053    0.0212   4.089e-07  p
net266                      1.80    0.002    0.464    0.1163   4.085e-07  p
net148                      1.80    0.020    0.987    0.0128   4.082e-07  p
net752                      1.80    0.015    0.755    0.0169   4.082e-07  p
net680                      1.80    0.011    0.987    0.0225   4.062e-07  p
net810                      1.80    0.013    0.409    0.0196   4.058e-07  p
net396                      1.80    0.002    0.312    0.1077   4.025e-07  p
clknet_1_1__leaf_net538     1.80    0.003    0.886    0.0810   4.015e-07  p
net331                      1.80    0.026    0.994    0.0095   4.002e-07  p
clknet_1_1__leaf_net457     1.80    0.002    0.384    0.1072   3.986e-07  p
out21                       1.80    0.001    0.603    0.4646   3.923e-07  p
net706                      1.80    0.006    0.954    0.0390   3.923e-07  p
net525                      1.80    0.008    0.035    0.0295   3.906e-07  p
out46                       1.80    0.001    0.218    0.2314   3.841e-07  p
clknet_1_1__leaf_net906     1.80    0.004    0.319    0.0660   3.830e-07  p
clknet_1_0__leaf_net797     1.80    0.003    0.352    0.0710   3.768e-07  p
net541                      1.80    0.003    0.367    0.0736   3.760e-07  p
net249                      1.80    0.005    0.747    0.0502   3.663e-07  p
clknet_1_0__leaf_net777     1.80    0.005    0.241    0.0491   3.655e-07  p
net813                      1.80    0.010    0.394    0.0210   3.560e-07  p
net474                      1.80    0.012    0.531    0.0177   3.546e-07  p
out55                       1.80    0.001    0.218    0.2314   3.543e-07  p
net650                      1.80    0.004    0.841    0.0550   3.528e-07  p
net755                      1.80    0.010    0.623    0.0218   3.524e-07  p
net127                      1.80    0.006    0.106    0.0376   3.486e-07  p
net1006                     1.80    0.006    0.044    0.0383   3.447e-07  p
clknet_1_0__leaf_net256     1.80    0.003    0.785    0.0701   3.410e-07  p
clknet_1_1__leaf_net479     1.80    0.005    0.192    0.0414   3.364e-07  p
net443                      1.80    0.004    0.740    0.0463   3.295e-07  p
net461                      1.80    0.005    0.211    0.0405   3.292e-07  p
net771                      1.80    0.009    0.456    0.0232   3.261e-07  p
out8                        1.80    0.001    0.660    0.2148   3.255e-07  p
out54                       1.80    0.001    0.761    0.2142   3.246e-07  p
clknet_1_1__leaf_net778     1.80    0.003    0.307    0.0598   3.197e-07  p
net54                       1.80    0.003    0.103    0.0709   3.160e-07  p
net734                      1.80    0.026    0.503    0.0075   3.141e-07  p
clknet_1_0__leaf_net743     1.80    0.004    0.228    0.0437   3.141e-07  p
net146                      1.80    0.018    0.013    0.0105   3.137e-07  p
net714                      1.80    0.016    0.013    0.0123   3.132e-07  p
net491                      1.80    0.005    0.434    0.0419   3.119e-07  p
net675                      1.80    0.010    0.976    0.0190   3.091e-07  p
clknet_1_0__leaf_net779     1.80    0.004    0.229    0.0471   3.062e-07  p
clknet_1_1__leaf_net256     1.80    0.003    0.785    0.0701   3.061e-07  p
net526                      1.80    0.003    0.918    0.0666   2.997e-07  p
net1015                     1.80    0.005    0.595    0.0335   2.987e-07  p
net781                      1.80    0.003    0.519    0.0647   2.978e-07  p
clknet_1_1__leaf_net779     1.80    0.004    0.229    0.0471   2.961e-07  p
out28                       1.80    0.001    0.619    0.1802   2.938e-07  p
out32                       1.80    0.001    0.384    0.1853   2.919e-07  p
net929                      1.80    0.072    0.007    0.0025   2.904e-07  p
net709                      1.80    0.009    0.059    0.0190   2.901e-07  p
net336                      1.80    0.005    0.185    0.0364   2.891e-07  p
out36                       1.80    0.001    0.299    0.1910   2.883e-07  p
net585                      1.80    0.003    0.525    0.0509   2.874e-07  p
net815                      1.80    0.005    0.530    0.0326   2.829e-07  p
net347                      1.80    0.008    0.092    0.0211   2.820e-07  p
net160                      1.80    0.019    0.213    0.0089   2.780e-07  p
net812                      1.80    0.008    0.596    0.0211   2.767e-07  p
net605                      1.80    0.004    0.579    0.0416   2.755e-07  p
net737                      1.80    0.008    0.323    0.0220   2.715e-07  p
net333                      1.80    0.018    0.006    0.0095   2.708e-07  p
net792                      1.80    0.009    0.662    0.0188   2.679e-07  p
net543                      1.80    0.007    0.970    0.0234   2.656e-07  p
net700                      1.80    0.019    0.702    0.0088   2.651e-07  p
net738                      1.80    0.007    0.668    0.0223   2.640e-07  p
net593                      1.80    0.003    0.642    0.0604   2.639e-07  p
net345                      1.80    0.019    0.988    0.0087   2.639e-07  p
net439                      1.80    0.012    0.848    0.0135   2.633e-07  p
net244                      1.80    0.009    0.235    0.0178   2.623e-07  p
net1001                     1.80    0.013    0.013    0.0123   2.620e-07  p
clknet_1_1__leaf_net798     1.80    0.003    0.234    0.0461   2.611e-07  p
net356                      1.80    0.007    0.913    0.0234   2.607e-07  p
clknet_1_0__leaf_net258     1.80    0.002    0.371    0.0688   2.572e-07  p
net268                      1.80    0.008    0.976    0.0193   2.556e-07  p
out16                       1.80    0.001    0.717    0.2318   2.552e-07  p
net313                      1.80    0.036    0.006    0.0043   2.534e-07  p
net881                      1.80    0.010    0.017    0.0152   2.521e-07  p
net677                      1.80    0.010    0.939    0.0154   2.505e-07  p
net134                      1.80    0.004    0.899    0.0421   2.472e-07  p
out30                       1.80    0.001    0.537    0.1637   2.384e-07  p
out61                       1.80    0.001    0.221    0.1569   2.378e-07  p
net1010                     1.80    0.005    0.523    0.0319   2.366e-07  p
net1002                     1.80    0.003    0.760    0.0494   2.350e-07  p
net334                      1.80    0.015    0.006    0.0095   2.327e-07  p
out47                       1.80    0.001    0.667    0.1380   2.313e-07  p
net62                       1.80    0.009    0.983    0.0152   2.262e-07  p
net651                      1.80    0.003    0.157    0.0545   2.252e-07  p
net910                      1.80    0.020    0.489    0.0068   2.249e-07  p
net704                      1.80    0.006    0.970    0.0230   2.230e-07  p
net1019                     1.80    0.007    0.305    0.0189   2.197e-07  p
net489                      1.80    0.003    0.485    0.0440   2.196e-07  p
net121                      1.80    0.005    0.896    0.0274   2.188e-07  p
net420                      1.80    0.015    0.702    0.0088   2.168e-07  p
net502                      1.80    0.006    0.359    0.0209   2.161e-07  p
net433                      1.80    0.003    0.529    0.0422   2.156e-07  p
net814                      1.80    0.006    0.680    0.0214   2.154e-07  p
net657                      1.80    0.004    0.970    0.0336   2.136e-07  p
net430                      1.80    0.002    0.479    0.0654   2.084e-07  p
out35                       1.80    0.001    0.509    0.2530   2.073e-07  p
net472                      1.80    0.006    0.455    0.0208   1.983e-07  p
net673                      1.80    0.011    0.016    0.0111   1.963e-07  p
net707                      1.80    0.003    0.044    0.0383   1.946e-07  p
clknet_1_0__leaf_net479     1.80    0.003    0.192    0.0414   1.914e-07  p
net455                      1.80    0.006    0.285    0.0183   1.899e-07  p
clknet_1_1__leaf_net397     1.80    0.002    0.795    0.0494   1.833e-07  p
net1029                     1.80    0.005    0.583    0.0237   1.811e-07  p
net503                      1.80    0.004    0.314    0.0260   1.803e-07  p
out57                       1.80    0.001    0.516    0.2121   1.771e-07  p
net659                      1.80    0.005    0.014    0.0221   1.770e-07  p
net493                      1.80    0.014    0.165    0.0076   1.762e-07  p
net476                      1.80    0.003    0.631    0.0349   1.745e-07  p
net462                      1.80    0.003    0.789    0.0405   1.730e-07  p
net1007                     1.80    0.003    0.078    0.0335   1.699e-07  p
net754                      1.80    0.005    0.367    0.0214   1.666e-07  p
out20                       1.80    0.001    0.436    0.1675   1.647e-07  p
net1016                     1.80    0.003    0.964    0.0298   1.642e-07  p
net520                      1.80    0.011    0.702    0.0088   1.626e-07  p
net1000                     1.80    0.005    0.299    0.0196   1.621e-07  p
out2                        1.80    0.001    0.382    0.1423   1.614e-07  p
net360                      1.80    0.008    0.167    0.0128   1.609e-07  p
out39                       1.80    0.001    0.951    0.0724   1.600e-07  p
net601                      1.80    0.002    0.760    0.0494   1.596e-07  p
net1025                     1.80    0.002    0.438    0.0409   1.563e-07  p
net665                      1.80    0.002    0.903    0.0389   1.554e-07  p
out31                       1.80    0.001    0.517    0.1727   1.553e-07  p
clknet_1_0__leaf_net251     1.80    0.029    0.996    0.0033   1.542e-07  p
net1017                     1.80    0.003    0.141    0.0289   1.526e-07  p
net159                      1.80    0.011    0.213    0.0089   1.519e-07  p
net924                      1.80    0.011    0.985    0.0087   1.485e-07  p
out29                       1.80    0.001    0.540    0.1768   1.479e-07  p
net393                      1.80    0.002    0.525    0.0466   1.476e-07  p
net1022                     1.80    0.005    0.661    0.0188   1.456e-07  p
net695                      1.80    0.014    0.162    0.0062   1.451e-07  p
out33                       1.80    0.001    0.631    0.0734   1.421e-07  p
net816                      1.80    0.007    0.167    0.0129   1.415e-07  p
net137                      1.80    0.003    0.141    0.0289   1.412e-07  p
net723                      1.80    0.009    0.006    0.0095   1.395e-07  p
net789                      1.80    0.004    0.497    0.0242   1.391e-07  p
net715                      1.80    0.007    0.986    0.0128   1.382e-07  p
net176                      1.80    0.003    0.962    0.0279   1.378e-07  p
out27                       1.80    0.001    0.134    0.1622   1.369e-07  p
out1                        1.80    0.001    0.636    0.0766   1.348e-07  p
out26                       1.80    0.001    0.588    0.1417   1.348e-07  p
net646                      1.80    0.009    0.702    0.0088   1.344e-07  p
net578                      1.80    0.010    0.012    0.0081   1.292e-07  p
net436                      1.80    0.008    0.994    0.0095   1.277e-07  p
clknet_1_1__leaf_net244     1.80    0.004    0.235    0.0178   1.252e-07  p
net170                      1.80    0.003    0.481    0.0254   1.242e-07  p
net770                      1.80    0.003    0.531    0.0232   1.225e-07  p
net674                      1.80    0.006    0.983    0.0117   1.223e-07  p
net418                      1.80    0.003    0.029    0.0224   1.217e-07  p
net1009                     1.80    0.003    0.622    0.0218   1.212e-07  p
net667                      1.80    0.017    0.006    0.0043   1.211e-07  p
net138                      1.80    0.003    0.141    0.0289   1.209e-07  p
net116                      1.80    0.002    0.106    0.0376   1.194e-07  p
out45                       1.80    0.001    0.854    0.0727   1.190e-07  p
out51                       1.80    0.001    0.862    0.1204   1.178e-07  p
out24                       1.80    0.001    0.092    0.1378   1.171e-07  p
net1030                     1.80    0.003    0.595    0.0211   1.145e-07  p
out34                       1.80    0.001    0.187    0.1290   1.126e-07  p
net145                      1.80    0.005    0.986    0.0135   1.100e-07  p
out17                       1.80    0.001    0.765    0.1283   1.093e-07  p
net496                      1.80    0.004    0.053    0.0170   1.086e-07  p
clknet_0_net261             1.80    0.020    0.996    0.0033   1.076e-07  p
out7                        1.80    0.001    0.486    0.1044   1.003e-07  p
clknet_0_net251             1.80    0.018    0.996    0.0033   9.959e-08  p
net1004                     1.80    0.004    0.939    0.0157   9.735e-08  p
net328                      1.80    0.003    0.029    0.0224   9.666e-08  p
net722                      1.80    0.006    0.994    0.0095   9.353e-08  p
net473                      1.80    0.003    0.536    0.0208   9.275e-08  p
net500                      1.80    0.001    0.175    0.0978   8.771e-08  pm
net638                      1.80    0.005    0.014    0.0113   8.652e-08  p
out3                        1.80    0.001    0.088    0.1000   8.589e-08  p
net880                      1.80    0.072    0.000    0.0007   8.548e-08  p
net456                      1.80    0.003    0.704    0.0186   8.390e-08  p
net550                      1.80    0.003    0.990    0.0194   8.347e-08  p
net251                      1.80    0.015    0.996    0.0033   8.162e-08  p
net1028                     1.80    0.002    0.896    0.0274   8.091e-08  p
clknet_1_0__leaf_net244     1.80    0.003    0.235    0.0178   7.980e-08  p
clknet_1_1__leaf_net251     1.80    0.015    0.996    0.0033   7.857e-08  p
net643                      1.80    0.002    0.977    0.0199   7.499e-08  p
net811                      1.80    0.002    0.583    0.0196   7.401e-08  p
net641                      1.80    0.002    0.127    0.0279   7.281e-08  pm
net261                      1.80    0.013    0.996    0.0033   6.980e-08  p
out22                       1.80    0.001    0.382    0.0772   6.827e-08  p
net371                      1.80    0.019    0.998    0.0021   6.361e-08  p
out9                        1.80    0.001    0.359    0.0741   6.238e-08  p
net128                      1.80    0.072    0.000    0.0005   6.159e-08  p
out37                       1.80    0.001    0.319    0.0660   6.016e-08  p
out43                       1.80    0.001    0.106    0.0376   6.001e-08  p
net1018                     1.80    0.008    0.006    0.0043   5.859e-08  p
net495                      1.80    0.002    0.946    0.0171   5.816e-08  p
net1005                     1.80    0.004    0.988    0.0087   5.618e-08  p
out49                       1.80    0.001    0.317    0.0642   5.278e-08  p
net416                      1.80    0.004    0.702    0.0088   5.256e-08  p
out4                        1.80    0.001    0.044    0.0383   5.057e-08  p
net481                      1.80    0.005    0.006    0.0056   4.713e-08  p
clknet_1_0__leaf_net261     1.80    0.009    0.996    0.0033   4.690e-08  p
out11                       1.80    0.001    0.078    0.0335   4.441e-08  p
out18                       1.80    0.001    0.530    0.0326   4.031e-08  p
net713                      1.80    0.004    0.991    0.0054   3.898e-08  p
out5                        1.80    0.001    0.402    0.0336   3.698e-08  p
out48                       1.80    0.001    0.141    0.0289   3.421e-08  p
net534                      1.80    0.002    0.297    0.0091   3.289e-08  p
out15                       1.80    0.001    0.316    0.0163   2.867e-08  p
net290                      1.80    0.002    0.014    0.0084   2.619e-08  pm
out14                       1.80    0.001    0.652    0.0308   2.574e-08  p
net712                      1.80    0.003    0.009    0.0054   2.526e-08  p
out13                       1.80    0.001    0.017    0.0152   2.510e-08  p
out60                       1.80    0.001    0.043    0.0271   2.472e-08  p
net1008                     1.80    0.002    0.829    0.0060   2.321e-08  p
net696                      1.80    0.002    0.829    0.0060   2.239e-08  p
net140                      1.80    0.041    1.000    0.0003   2.144e-08  p
net482                      1.80    0.002    0.994    0.0056   2.100e-08  p
net317                      1.80    0.003    0.006    0.0043   2.003e-08  p
net139                      1.80    0.034    0.000    0.0003   1.777e-08  p
clknet_1_1__leaf_net261     1.80    0.003    0.996    0.0033   1.629e-08  p
net120                      1.80    0.000    0.915    0.0195   7.615e-09  pm
out53                       1.80    0.001    0.985    0.0087   7.613e-09  p
out40                       1.80    0.001    0.489    0.0068   6.582e-09  p
out59                       1.80    0.001    0.007    0.0025   5.434e-09  p
net224                      1.80    0.000    0.069    0.0292   5.156e-09  pm
net528                      1.80    0.006    0.002    0.0003   3.038e-09  p
out12                       1.80    0.001    0.000    0.0007   7.023e-10  p
net217                      1.80    0.007    0.000    0.0000      0.0000  p
net223                      1.80    0.082    0.000    0.0000      0.0000  p
net402                      1.80    0.028    1.000    0.0000      0.0000  p
net410                      1.80    0.013    1.000    0.0000      0.0000  p
net417                      1.80    0.018    1.000    0.0000      0.0000  p
net535                      1.80    0.010    1.000    0.0000      0.0000  p
net633                      1.80    0.005    1.000    0.0000      0.0000  p
net676                      1.80    0.015    1.000    0.0000      0.0000  p
--------------------------------------------------------------------------------
Total (1262 nets)                                              6.954e-03 Watt



                                      Int      Switch   Leak      Total
Hierarchy                             Power    Power    Power     Power    %
--------------------------------------------------------------------------------
netlist_0                             6.82e-03 6.95e-03 9.19e-09  1.38e-02 100.0
1
