Information: Derived library resistance unit is 1.000000 Kohm (Time unit is 1 ns, and Capacitance unit is 1.000000 pF). (DES-028)
Warning: Coupling capacitor (in1:9 in10:5 0) on net in10 is discarded because the value cannot be <= 0 (PARA-040)
Warning: Detected semantically incorrect SPEF in coupling section. (PARA-098)
Warning: Coupling capacitor (ANTENNA_input6_A/DIODE ANTENNA_input14_A/DIODE 0) on net in20 is discarded because the value cannot be <= 0 (PARA-040)
Warning: Coupling capacitor (in13:5 ANTENNA_input14_A/DIODE 0) on net in20 is discarded because the value cannot be <= 0 (PARA-040)
Warning: Coupling capacitor (in13:5 in20:5 0) on net in20 is discarded because the value cannot be <= 0 (PARA-040)
Warning: Coupling capacitor (in16:11 in20:5 0) on net in20 is discarded because the value cannot be <= 0 (PARA-040)
Warning: Coupling capacitor (ANTENNA_input10_A/DIODE ANTENNA_input18_A/DIODE 0) on net in24 is discarded because the value cannot be <= 0 (PARA-040)
Warning: Coupling capacitor (ANTENNA_input16_A/DIODE ANTENNA_input18_A/DIODE 0) on net in24 is discarded because the value cannot be <= 0 (PARA-040)
Warning: Coupling capacitor (in17:5 in24:5 0) on net in24 is discarded because the value cannot be <= 0 (PARA-040)
Warning: Coupling capacitor (in22:5 ANTENNA_input18_A/DIODE 0) on net in24 is discarded because the value cannot be <= 0 (PARA-040)
Warning: Coupling capacitor (in22:5 in24:5 0) on net in24 is discarded because the value cannot be <= 0 (PARA-040)
Warning: Coupling capacitor (in26:7 in28:5 0) on net in28 is discarded because the value cannot be <= 0 (PARA-040)
Warning: Coupling capacitor (in2:7 in3:5 0) on net in3 is discarded because the value cannot be <= 0 (PARA-040)
Warning: Coupling capacitor (in17:5 in30:7 0) on net in30 is discarded because the value cannot be <= 0 (PARA-040)
Warning: Coupling capacitor (in15:5 in33:5 0) on net in33 is discarded because the value cannot be <= 0 (PARA-040)
Warning: Coupling capacitor (in26:7 in33:5 0) on net in33 is discarded because the value cannot be <= 0 (PARA-040)
Warning: Coupling capacitor (in22:5 in35:7 0) on net in35 is discarded because the value cannot be <= 0 (PARA-040)
Warning: Coupling capacitor (ANTENNA_input22_A/DIODE ANTENNA_input32_A/DIODE 0) on net in37 is discarded because the value cannot be <= 0 (PARA-040)
Warning: Coupling capacitor (in28:5 ANTENNA_input32_A/DIODE 0) on net in37 is discarded because the value cannot be <= 0 (PARA-040)
Warning: Coupling capacitor (in28:5 in37:5 0) on net in37 is discarded because the value cannot be <= 0 (PARA-040)
Warning: Coupling capacitor (in31:7 in37:5 0) on net in37 is discarded because the value cannot be <= 0 (PARA-040)
Warning: Coupling capacitor (input23/A ANTENNA_input34_A/DIODE 0) on net in39 is discarded because the value cannot be <= 0 (PARA-040)
Warning: Coupling capacitor (in25:9 in39:5 0) on net in39 is discarded because the value cannot be <= 0 (PARA-040)
Warning: Coupling capacitor (in29:5 ANTENNA_input34_A/DIODE 0) on net in39 is discarded because the value cannot be <= 0 (PARA-040)
Warning: Coupling capacitor (in29:5 in39:5 0) on net in39 is discarded because the value cannot be <= 0 (PARA-040)
Warning: Coupling capacitor (in30:7 in41:7 0) on net in41 is discarded because the value cannot be <= 0 (PARA-040)
Warning: Coupling capacitor (input36/A input40/A 0) on net in44 is discarded because the value cannot be <= 0 (PARA-040)
Warning: Coupling capacitor (in40:7 in44:7 0) on net in44 is discarded because the value cannot be <= 0 (PARA-040)
Warning: Coupling capacitor (in44:7 in48:9 0) on net in48 is discarded because the value cannot be <= 0 (PARA-040)
Warning: Coupling capacitor (ANTENNA_input3_A/DIODE ANTENNA_input45_A/DIODE 0) on net in49 is discarded because the value cannot be <= 0 (PARA-040)
Warning: Coupling capacitor (in4:9 in49:11 0) on net in49 is discarded because the value cannot be <= 0 (PARA-040)
Warning: Coupling capacitor (in1:9 in5:11 0) on net in5 is discarded because the value cannot be <= 0 (PARA-040)
Warning: Coupling capacitor (in12:5 in5:11 0) on net in5 is discarded because the value cannot be <= 0 (PARA-040)
Warning: Coupling capacitor (input36/A input47/A 0) on net in50 is discarded because the value cannot be <= 0 (PARA-040)
Warning: Coupling capacitor (in40:7 in50:7 0) on net in50 is discarded because the value cannot be <= 0 (PARA-040)
Warning: Coupling capacitor (in36:9 in51:9 0) on net in51 is discarded because the value cannot be <= 0 (PARA-040)
Warning: Coupling capacitor (in14:9 ANTENNA_input51_A/DIODE 0) on net in54 is discarded because the value cannot be <= 0 (PARA-040)
Warning: Coupling capacitor (in14:9 in54:5 0) on net in54 is discarded because the value cannot be <= 0 (PARA-040)
Warning: Coupling capacitor (in36:9 in54:5 0) on net in54 is discarded because the value cannot be <= 0 (PARA-040)
Warning: Coupling capacitor (in50:7 in56:7 0) on net in56 is discarded because the value cannot be <= 0 (PARA-040)
Warning: Coupling capacitor (input37/A input56/A 0) on net in59 is discarded because the value cannot be <= 0 (PARA-040)
Warning: Coupling capacitor (in41:7 in59:7 0) on net in59 is discarded because the value cannot be <= 0 (PARA-040)
Warning: Coupling capacitor (in19:13 in6:17 0) on net in6 is discarded because the value cannot be <= 0 (PARA-040)
Warning: Coupling capacitor (in29:5 ANTENNA_input59_A/DIODE 0) on net in61 is discarded because the value cannot be <= 0 (PARA-040)
Warning: Coupling capacitor (in29:5 in61:5 0) on net in61 is discarded because the value cannot be <= 0 (PARA-040)
Warning: Coupling capacitor (ANTENNA_input35_A/DIODE in63:9 0) on net in63 is discarded because the value cannot be <= 0 (PARA-040)
Warning: Coupling capacitor (in4:9 in63:9 0) on net in63 is discarded because the value cannot be <= 0 (PARA-040)
Warning: Coupling capacitor (in46:9 in72:9 0) on net in72 is discarded because the value cannot be <= 0 (PARA-040)
Warning: Coupling capacitor (input72/A input78/A 0) on net in79 is discarded because the value cannot be <= 0 (PARA-040)
Warning: Coupling capacitor (in73:7 in79:7 0) on net in79 is discarded because the value cannot be <= 0 (PARA-040)
Warning: Coupling capacitor (ANTENNA_input59_A/DIODE in8:9 0) on net in8 is discarded because the value cannot be <= 0 (PARA-040)
Warning: Coupling capacitor (in61:5 in8:9 0) on net in8 is discarded because the value cannot be <= 0 (PARA-040)
Warning: Coupling capacitor (input73/A input80/A 0) on net in80 is discarded because the value cannot be <= 0 (PARA-040)
Warning: Coupling capacitor (in70:9 in80:7 0) on net in80 is discarded because the value cannot be <= 0 (PARA-040)
Warning: Coupling capacitor (in74:9 in80:7 0) on net in80 is discarded because the value cannot be <= 0 (PARA-040)
Warning: Coupling capacitor (in45:7 in82:7 0) on net in82 is discarded because the value cannot be <= 0 (PARA-040)
Warning: Coupling capacitor (in64:5 in84:5 0) on net in84 is discarded because the value cannot be <= 0 (PARA-040)
Warning: Coupling capacitor (in78:7 in84:5 0) on net in84 is discarded because the value cannot be <= 0 (PARA-040)
Warning: Coupling capacitor (in57:7 in86:7 0) on net in86 is discarded because the value cannot be <= 0 (PARA-040)
Warning: Coupling capacitor (in62:9 in86:7 0) on net in86 is discarded because the value cannot be <= 0 (PARA-040)
Warning: Coupling capacitor (input54/A input88/A 0) on net in88 is discarded because the value cannot be <= 0 (PARA-040)
Warning: Coupling capacitor (in57:7 in88:7 0) on net in88 is discarded because the value cannot be <= 0 (PARA-040)
Warning: Coupling capacitor (in66:9 in89:9 0) on net in89 is discarded because the value cannot be <= 0 (PARA-040)
Warning: Coupling capacitor (in87:7 in89:9 0) on net in89 is discarded because the value cannot be <= 0 (PARA-040)
Warning: Coupling capacitor (ANTENNA_input24_A/DIODE ANTENNA_input90_A/DIODE 0) on net in9 is discarded because the value cannot be <= 0 (PARA-040)
Warning: Coupling capacitor (ANTENNA_input24_A/DIODE in9:5 0) on net in9 is discarded because the value cannot be <= 0 (PARA-040)
Warning: Coupling capacitor (in3:5 in9:5 0) on net in9 is discarded because the value cannot be <= 0 (PARA-040)
Warning: Coupling capacitor (in82:7 in91:9 0) on net in91 is discarded because the value cannot be <= 0 (PARA-040)
Warning: Coupling capacitor (input48/A input93/A 0) on net in92 is discarded because the value cannot be <= 0 (PARA-040)
Warning: Coupling capacitor (in51:9 in92:9 0) on net in92 is discarded because the value cannot be <= 0 (PARA-040)
Warning: Coupling capacitor (in66:9 in92:9 0) on net in92 is discarded because the value cannot be <= 0 (PARA-040)
Warning: Coupling capacitor (in78:7 in95:7 0) on net in95 is discarded because the value cannot be <= 0 (PARA-040)
Warning: Coupling capacitor (input60/A input97/A 0) on net in96 is discarded because the value cannot be <= 0 (PARA-040)
Warning: Coupling capacitor (in60:7 in96:7 0) on net in96 is discarded because the value cannot be <= 0 (PARA-040)
Warning: Coupling capacitor (in62:9 in96:7 0) on net in96 is discarded because the value cannot be <= 0 (PARA-040)
Warning: Coupling capacitor (in27:9 in97:9 0) on net in97 is discarded because the value cannot be <= 0 (PARA-040)
Warning: Coupling capacitor (in72:9 in97:9 0) on net in97 is discarded because the value cannot be <= 0 (PARA-040)
Warning: Coupling capacitor (in27:9 in99:9 0) on net in99 is discarded because the value cannot be <= 0 (PARA-040)
Warning: Coupling capacitor (out0 out10 0) on net out10 is discarded because the value cannot be <= 0 (PARA-040)
Warning: Coupling capacitor (in12:5 out10 0) on net out10 is discarded because the value cannot be <= 0 (PARA-040)
Warning: Coupling capacitor (in71:5 out12 0) on net out12 is discarded because the value cannot be <= 0 (PARA-040)
Warning: Coupling capacitor (in25:9 out13 0) on net out13 is discarded because the value cannot be <= 0 (PARA-040)
Warning: Coupling capacitor (in63:9 out13 0) on net out13 is discarded because the value cannot be <= 0 (PARA-040)
Warning: Coupling capacitor (in71:5 out16 0) on net out16 is discarded because the value cannot be <= 0 (PARA-040)
Warning: Coupling capacitor (in8:9 out16 0) on net out16 is discarded because the value cannot be <= 0 (PARA-040)
Warning: Coupling capacitor (in0:7 out18 0) on net out18 is discarded because the value cannot be <= 0 (PARA-040)
Warning: Coupling capacitor (in16:11 out18 0) on net out18 is discarded because the value cannot be <= 0 (PARA-040)
Warning: Coupling capacitor (in0:7 out19 0) on net out19 is discarded because the value cannot be <= 0 (PARA-040)
Warning: Coupling capacitor (in46:9 out2 0) on net out2 is discarded because the value cannot be <= 0 (PARA-040)
Warning: Coupling capacitor (out14 out20 0) on net out20 is discarded because the value cannot be <= 0 (PARA-040)
Warning: Coupling capacitor (out12 out23 0) on net out23 is discarded because the value cannot be <= 0 (PARA-040)
Warning: Coupling capacitor (out1 out24 0) on net out24 is discarded because the value cannot be <= 0 (PARA-040)
Warning: Coupling capacitor (out23 out24 0) on net out24 is discarded because the value cannot be <= 0 (PARA-040)
Warning: Coupling capacitor (in65:11 out25 0) on net out25 is discarded because the value cannot be <= 0 (PARA-040)
Warning: Coupling capacitor (in70:9 out29 0) on net out29 is discarded because the value cannot be <= 0 (PARA-040)
Warning: Coupling capacitor (in93:9 out29 0) on net out29 is discarded because the value cannot be <= 0 (PARA-040)
Warning: Coupling capacitor (in10:5 out30 0) on net out30 is discarded because the value cannot be <= 0 (PARA-040)
Warning: Coupling capacitor (in79:7 out31 0) on net out31 is discarded because the value cannot be <= 0 (PARA-040)
Warning: Coupling capacitor (out3 out37 0) on net out37 is discarded because the value cannot be <= 0 (PARA-040)
Warning: Coupling capacitor (in47:9 out37 0) on net out37 is discarded because the value cannot be <= 0 (PARA-040)
Warning: Coupling capacitor (in42:7 out40 0) on net out40 is discarded because the value cannot be <= 0 (PARA-040)
Note - message 'PARA-040' default limit (100) exceeded.  Remainder will be suppressed.
Warning: Net 'net748' is multi-driven. (DES-023)

****************************************
Report : read_parasitics /nas/ei/home/ge78pav/TM_power/TM_openlane/TM_openlane_single_max/TM_openlane_max_ad/TM_openlane_max_ad_mid/netlist_1/low/spef/netlist_1.nom.spef
Design : netlist_1
Version: Q-2019.12-SP1
Date   : Mon Aug 19 15:31:16 2024
****************************************

        0 error(s)
        Format is SPEF
        Annotated nets                   :         1289
        Annotated capacitances           :        12026
        Annotated resistances            :        10737
        Reduced coupling capacitances    :        23243
        Annotated PI models              :            0
        Annotated Elmore delays          :            0

