****************************************
Report : Averaged Power
	-net_power
	-hierarchy
	-sort_by net_switching_power
	-power_greater_than       0
	-nosplit
Design : netlist_1
Version: Q-2019.12-SP1
Date   : Sun Jul 28 21:23:23 2024
****************************************



  Attributes
  ----------
      a  -  Switching activity information / Switching power information annotated on net
      p  -  Propagated switching activity information on net
      d  -  Default switching activity used on net
      u  -  Net switching activity uninitialized
      m  -  Net is driven by multiple pins
      b  -  Net is a primary input (boundary net)

		Toggle rates reported with respect to time unit 1ns
--------------------------------------------------------------------------------
                                  Total      Static   Toggle   Switching
Net                         Vdd   Net Load   Prob.    Rate     Power      Attrs
--------------------------------------------------------------------------------
net123                      1.80    0.092    0.499    0.4495   6.701e-05  p
net884                      1.80    0.086    0.625    0.4707   6.535e-05  p
net882                      1.80    0.110    0.534    0.2671   4.752e-05  p
net218                      1.80    0.081    0.568    0.3612   4.729e-05  p
net883                      1.80    0.100    0.528    0.2821   4.561e-05  p
net880                      1.80    0.071    0.361    0.3516   4.052e-05  p
net13                       1.80    0.117    0.574    0.1963   3.731e-05  p
net108                      1.80    0.041    0.503    0.5614   3.720e-05  p
net28                       1.80    0.093    0.591    0.2468   3.704e-05  p
net878                      1.80    0.060    0.505    0.3584   3.508e-05  p
net437                      1.80    0.076    0.698    0.2771   3.411e-05  p
net851                      1.80    0.059    0.163    0.3386   3.255e-05  p
net345                      1.80    0.054    0.491    0.3707   3.253e-05  p
net19                       1.80    0.059    0.499    0.3419   3.248e-05  p
net881                      1.80    0.062    0.364    0.3075   3.101e-05  p
net102                      1.80    0.049    0.515    0.3861   3.037e-05  p
net877                      1.80    0.080    0.585    0.2338   3.024e-05  p
clknet_0_clk                1.80    0.183    0.500    0.1000   2.972e-05  a
net891                      1.80    0.086    0.579    0.2041   2.848e-05  p
net15                       1.80    0.060    0.510    0.2723   2.634e-05  p
net837                      1.80    0.052    0.621    0.2982   2.500e-05  p
net434                      1.80    0.054    0.638    0.2830   2.473e-05  p
net126                      1.80    0.057    0.534    0.2671   2.464e-05  p
net110                      1.80    0.031    0.625    0.4707   2.390e-05  p
net326                      1.80    0.046    0.729    0.2997   2.226e-05  p
net5                        1.80    0.065    0.465    0.2084   2.193e-05  p
net143                      1.80    0.065    0.222    0.2023   2.125e-05  p
net104                      1.80    0.063    0.618    0.2051   2.095e-05  p
net325                      1.80    0.037    0.498    0.3533   2.095e-05  p
net908                      1.80    0.126    0.500    0.1000   2.039e-05  a
net146                      1.80    0.042    0.358    0.2989   2.014e-05  p
net230                      1.80    0.031    0.436    0.3948   2.012e-05  p
net112                      1.80    0.070    0.622    0.1748   1.987e-05  p
net254                      1.80    0.041    0.131    0.2970   1.976e-05  p
net323                      1.80    0.028    0.506    0.4319   1.971e-05  p
net890                      1.80    0.044    0.492    0.2765   1.964e-05  p
net116                      1.80    0.043    0.528    0.2821   1.959e-05  p
net137                      1.80    0.070    0.486    0.1650   1.870e-05  p
net468                      1.80    0.054    0.323    0.2094   1.846e-05  p
net808                      1.80    0.090    0.626    0.1255   1.821e-05  p
net211                      1.80    0.039    0.570    0.2893   1.820e-05  p
net101                      1.80    0.040    0.220    0.2806   1.810e-05  p
net885                      1.80    0.080    0.684    0.1391   1.795e-05  p
net721                      1.80    0.109    0.500    0.1000   1.765e-05  a
net850                      1.80    0.043    0.587    0.2513   1.751e-05  p
net849                      1.80    0.073    0.690    0.1470   1.740e-05  p
net904                      1.80    0.086    0.624    0.1239   1.728e-05  p
net876                      1.80    0.074    0.207    0.1424   1.710e-05  p
net834                      1.80    0.037    0.780    0.2806   1.687e-05  p
net262                      1.80    0.063    0.309    0.1646   1.683e-05  p
net440                      1.80    0.063    0.116    0.1652   1.676e-05  p
net846                      1.80    0.030    0.163    0.3386   1.672e-05  p
net770                      1.80    0.103    0.500    0.1000   1.668e-05  a
net87                       1.80    0.030    0.163    0.3386   1.665e-05  p
net275                      1.80    0.056    0.249    0.1827   1.664e-05  p
net106                      1.80    0.037    0.492    0.2765   1.641e-05  p
net819                      1.80    0.037    0.563    0.2698   1.605e-05  p
net726                      1.80    0.099    0.500    0.1000   1.603e-05  a
net822                      1.80    0.032    0.364    0.3075   1.590e-05  p
net886                      1.80    0.034    0.554    0.2874   1.578e-05  p
net879                      1.80    0.053    0.755    0.1819   1.568e-05  p
net227                      1.80    0.027    0.556    0.3475   1.529e-05  p
net393                      1.80    0.045    0.551    0.2089   1.526e-05  p
net715                      1.80    0.094    0.500    0.1000   1.517e-05  a
net599                      1.80    0.039    0.561    0.2307   1.468e-05  pm
net23                       1.80    0.019    0.505    0.4696   1.438e-05  p
net214                      1.80    0.025    0.505    0.3584   1.438e-05  p
net115                      1.80    0.031    0.554    0.2874   1.422e-05  p
net240                      1.80    0.032    0.308    0.2763   1.418e-05  p
net338                      1.80    0.043    0.579    0.2041   1.408e-05  p
net109                      1.80    0.018    0.505    0.4696   1.390e-05  p
net226                      1.80    0.067    0.115    0.1287   1.390e-05  p
net646                      1.80    0.070    0.612    0.1213   1.385e-05  p
net231                      1.80    0.066    0.115    0.1287   1.382e-05  p
net12                       1.80    0.058    0.630    0.1469   1.370e-05  p
net967                      1.80    0.068    0.624    0.1239   1.367e-05  p
net907                      1.80    0.083    0.500    0.1000   1.350e-05  a
net909                      1.80    0.027    0.497    0.3101   1.341e-05  p
net892                      1.80    0.045    0.693    0.1837   1.340e-05  p
net233                      1.80    0.066    0.666    0.1252   1.337e-05  p
net902                      1.80    0.066    0.624    0.1239   1.329e-05  p
net120                      1.80    0.015    0.543    0.5363   1.322e-05  p
net903                      1.80    0.066    0.624    0.1239   1.318e-05  p
net103                      1.80    0.030    0.476    0.2721   1.315e-05  p
net339                      1.80    0.032    0.671    0.2491   1.307e-05  p
net773                      1.80    0.081    0.500    0.1000   1.305e-05  a
net63                       1.80    0.035    0.642    0.2274   1.305e-05  p
net27                       1.80    0.026    0.497    0.3101   1.294e-05  p
net905                      1.80    0.079    0.500    0.1000   1.281e-05  a
net21                       1.80    0.038    0.655    0.2065   1.280e-05  p
clknet_0_net207             1.80    0.018    0.301    0.4263   1.278e-05  p
net160                      1.80    0.055    0.477    0.1401   1.257e-05  p
net432                      1.80    0.029    0.633    0.2661   1.256e-05  p
net118                      1.80    0.016    0.593    0.4925   1.249e-05  p
net39                       1.80    0.060    0.450    0.1278   1.247e-05  p
net122                      1.80    0.039    0.644    0.1957   1.244e-05  p
net901                      1.80    0.062    0.624    0.1239   1.237e-05  p
net814                      1.80    0.087    0.076    0.0873   1.236e-05  p
net893                      1.80    0.048    0.379    0.1593   1.231e-05  p
net124                      1.80    0.044    0.530    0.1714   1.227e-05  p
net900                      1.80    0.063    0.554    0.1201   1.221e-05  p
net48                       1.80    0.033    0.631    0.2308   1.217e-05  p
net222                      1.80    0.022    0.434    0.3429   1.207e-05  p
net895                      1.80    0.047    0.379    0.1593   1.203e-05  p
net912                      1.80    0.030    0.398    0.2413   1.170e-05  p
net658                      1.80    0.033    0.509    0.2153   1.152e-05  p
clknet_1_0__leaf_net824     1.80    0.032    0.374    0.2164   1.138e-05  p
net749                      1.80    0.070    0.500    0.1000   1.133e-05  a
clknet_4_14_0_clk           1.80    0.070    0.500    0.1000   1.132e-05  a
net707                      1.80    0.070    0.500    0.1000   1.131e-05  a
clknet_1_0__leaf_net812     1.80    0.033    0.360    0.2101   1.128e-05  p
net940                      1.80    0.038    0.693    0.1837   1.126e-05  p
net10                       1.80    0.056    0.634    0.1208   1.101e-05  p
net213                      1.80    0.029    0.497    0.2332   1.098e-05  p
net889                      1.80    0.036    0.702    0.1879   1.093e-05  p
clknet_1_1__leaf_net380     1.80    0.047    0.400    0.1431   1.092e-05  p
net351                      1.80    0.039    0.773    0.1730   1.081e-05  p
net335                      1.80    0.036    0.575    0.1818   1.070e-05  p
net894                      1.80    0.041    0.379    0.1593   1.067e-05  p
net336                      1.80    0.030    0.457    0.2191   1.064e-05  p
net750                      1.80    0.066    0.500    0.1000   1.062e-05  a
net17                       1.80    0.041    0.658    0.1605   1.057e-05  p
net918                      1.80    0.033    0.717    0.1936   1.047e-05  p
net792                      1.80    0.065    0.500    0.1000   1.046e-05  a
net156                      1.80    0.039    0.402    0.1642   1.042e-05  p
net830                      1.80    0.039    0.218    0.1635   1.035e-05  p
net629                      1.80    0.039    0.116    0.1652   1.034e-05  p
net220                      1.80    0.018    0.527    0.3449   1.022e-05  p
net31                       1.80    0.040    0.555    0.1566   1.020e-05  p
net787                      1.80    0.063    0.500    0.1000   1.018e-05  a
net939                      1.80    0.034    0.693    0.1837   1.016e-05  p
net232                      1.80    0.050    0.334    0.1252   1.013e-05  p
net140                      1.80    0.015    0.678    0.4304   1.012e-05  p
net97                       1.80    0.018    0.163    0.3386   1.006e-05  p
net801                      1.80    0.062    0.500    0.1000   1.001e-05  a
clknet_4_15_0_clk           1.80    0.061    0.500    0.1000   9.923e-06  a
clknet_4_0_0_clk            1.80    0.061    0.500    0.1000   9.882e-06  a
net941                      1.80    0.032    0.702    0.1879   9.861e-06  p
net719                      1.80    0.061    0.500    0.1000   9.847e-06  a
net327                      1.80    0.019    0.300    0.3251   9.839e-06  p
net22                       1.80    0.047    0.553    0.1296   9.812e-06  p
clknet_4_1_0_clk            1.80    0.059    0.500    0.1000   9.605e-06  a
clknet_4_11_0_clk           1.80    0.059    0.500    0.1000   9.535e-06  a
net11                       1.80    0.028    0.497    0.2099   9.397e-06  p
clknet_1_0__leaf_net291     1.80    0.045    0.408    0.1275   9.319e-06  p
net860                      1.80    0.053    0.512    0.1073   9.254e-06  p
net173                      1.80    0.041    0.261    0.1378   9.116e-06  p
net663                      1.80    0.045    0.683    0.1258   9.093e-06  p
net963                      1.80    0.018    0.497    0.3101   9.050e-06  p
net839                      1.80    0.031    0.322    0.1785   9.036e-06  p
net666                      1.80    0.038    0.521    0.1482   9.036e-06  p
net37                       1.80    0.044    0.628    0.1268   9.015e-06  p
net824                      1.80    0.026    0.374    0.2164   9.006e-06  p
net207                      1.80    0.013    0.301    0.4263   8.971e-06  p
clknet_4_8_0_clk            1.80    0.055    0.500    0.1000   8.968e-06  a
net219                      1.80    0.022    0.644    0.2467   8.949e-06  p
net906                      1.80    0.054    0.500    0.1000   8.823e-06  a
net804                      1.80    0.035    0.315    0.1541   8.799e-06  p
net34                       1.80    0.041    0.647    0.1314   8.773e-06  p
net848                      1.80    0.060    0.876    0.0908   8.768e-06  p
net81                       1.80    0.016    0.163    0.3386   8.585e-06  p
net130                      1.80    0.032    0.218    0.1635   8.461e-06  p
net796                      1.80    0.052    0.500    0.1000   8.424e-06  a
net648                      1.80    0.035    0.606    0.1474   8.422e-06  p
net50                       1.80    0.043    0.554    0.1201   8.401e-06  p
net332                      1.80    0.059    0.924    0.0873   8.399e-06  p
net744                      1.80    0.052    0.500    0.1000   8.348e-06  a
net631                      1.80    0.027    0.153    0.1884   8.345e-06  p
net114                      1.80    0.019    0.538    0.2676   8.309e-06  p
net598                      1.80    0.018    0.230    0.2908   8.275e-06  p
net922                      1.80    0.028    0.693    0.1837   8.224e-06  p
clknet_4_10_0_clk           1.80    0.050    0.500    0.1000   8.177e-06  a
net271                      1.80    0.016    0.639    0.3195   8.171e-06  p
net41                       1.80    0.025    0.412    0.2025   8.113e-06  p
net917                      1.80    0.027    0.755    0.1819   8.086e-06  p
net887                      1.80    0.027    0.702    0.1879   8.079e-06  p
net431                      1.80    0.017    0.554    0.2874   8.055e-06  p
net358                      1.80    0.017    0.657    0.2873   8.049e-06  p
net47                       1.80    0.017    0.542    0.2857   8.044e-06  p
clknet_1_0__leaf_net380     1.80    0.034    0.400    0.1431   7.990e-06  p
net216                      1.80    0.015    0.493    0.3255   7.982e-06  p
net58                       1.80    0.029    0.664    0.1707   7.967e-06  p
net155                      1.80    0.021    0.585    0.2338   7.954e-06  p
net847                      1.80    0.035    0.684    0.1391   7.949e-06  p
net752                      1.80    0.049    0.500    0.1000   7.929e-06  a
net525                      1.80    0.020    0.682    0.2389   7.863e-06  p
net740                      1.80    0.048    0.500    0.1000   7.825e-06  a
net247                      1.80    0.031    0.819    0.1578   7.816e-06  p
net807                      1.80    0.018    0.432    0.2709   7.782e-06  p
net708                      1.80    0.048    0.500    0.1000   7.710e-06  a
net132                      1.80    0.014    0.415    0.3404   7.693e-06  p
clknet_0_net824             1.80    0.022    0.374    0.2164   7.646e-06  p
net628                      1.80    0.030    0.270    0.1562   7.627e-06  p
net812                      1.80    0.022    0.360    0.2101   7.587e-06  p
net725                      1.80    0.046    0.500    0.1000   7.500e-06  a
net888                      1.80    0.025    0.702    0.1879   7.491e-06  p
net560                      1.80    0.013    0.671    0.3504   7.489e-06  p
net8                        1.80    0.024    0.497    0.1912   7.442e-06  p
net898                      1.80    0.038    0.554    0.1201   7.436e-06  p
net803                      1.80    0.026    0.452    0.1757   7.426e-06  p
net869                      1.80    0.024    0.513    0.1923   7.408e-06  p
net738                      1.80    0.046    0.500    0.1000   7.389e-06  a
clknet_0_net401             1.80    0.019    0.610    0.2365   7.349e-06  p
net269                      1.80    0.013    0.361    0.3516   7.267e-06  p
net234                      1.80    0.031    0.207    0.1424   7.243e-06  p
net225                      1.80    0.016    0.480    0.2855   7.236e-06  p
net863                      1.80    0.036    0.624    0.1239   7.157e-06  p
net762                      1.80    0.044    0.500    0.1000   7.132e-06  a
net259                      1.80    0.025    0.783    0.1761   7.087e-06  p
net46                       1.80    0.018    0.585    0.2414   7.062e-06  p
net51                       1.80    0.031    0.590    0.1378   7.030e-06  p
net965                      1.80    0.028    0.555    0.1566   7.020e-06  p
net348                      1.80    0.013    0.545    0.3290   7.011e-06  p
net723                      1.80    0.043    0.500    0.1000   7.003e-06  a
clknet_0_net812             1.80    0.020    0.360    0.2101   6.977e-06  p
net265                      1.80    0.026    0.116    0.1652   6.932e-06  p
net183                      1.80    0.029    0.762    0.1476   6.920e-06  p
net489                      1.80    0.024    0.537    0.1767   6.884e-06  p
net128                      1.80    0.013    0.496    0.3283   6.835e-06  p
clknet_1_1__leaf_net207     1.80    0.010    0.301    0.4263   6.832e-06  p
clknet_4_12_0_clk           1.80    0.042    0.500    0.1000   6.830e-06  a
net60                       1.80    0.019    0.679    0.2130   6.714e-06  p
net303                      1.80    0.016    0.349    0.2508   6.626e-06  p
net556                      1.80    0.011    0.330    0.3705   6.560e-06  p
net250                      1.80    0.014    0.127    0.2917   6.541e-06  p
net649                      1.80    0.024    0.338    0.1666   6.522e-06  p
clknet_0_net511             1.80    0.019    0.249    0.2063   6.438e-06  p
net630                      1.80    0.040    0.329    0.0988   6.428e-06  p
clknet_4_2_0_clk            1.80    0.040    0.500    0.1000   6.411e-06  a
net433                      1.80    0.019    0.759    0.2126   6.385e-06  p
net756                      1.80    0.039    0.500    0.1000   6.338e-06  a
clknet_1_1__leaf_net812     1.80    0.019    0.360    0.2101   6.316e-06  p
net861                      1.80    0.028    0.586    0.1375   6.303e-06  p
clknet_4_3_0_clk            1.80    0.039    0.500    0.1000   6.296e-06  a
net270                      1.80    0.030    0.559    0.1277   6.274e-06  p
net899                      1.80    0.032    0.554    0.1201   6.270e-06  p
net745                      1.80    0.038    0.500    0.1000   6.177e-06  a
net241                      1.80    0.029    0.365    0.1295   6.175e-06  p
net78                       1.80    0.019    0.665    0.2003   6.140e-06  p
net728                      1.80    0.038    0.500    0.1000   6.137e-06  a
net968                      1.80    0.030    0.628    0.1268   6.115e-06  p
net826                      1.80    0.030    0.395    0.1265   6.100e-06  p
net288                      1.80    0.018    0.496    0.2137   6.087e-06  p
clknet_0_net521             1.80    0.020    0.852    0.1874   6.078e-06  p
net471                      1.80    0.020    0.828    0.1890   6.054e-06  p
net873                      1.80    0.029    0.570    0.1297   6.048e-06  p
net763                      1.80    0.037    0.500    0.1000   6.011e-06  a
net35                       1.80    0.029    0.631    0.1292   5.995e-06  p
net641                      1.80    0.020    0.621    0.1883   5.992e-06  p
net430                      1.80    0.010    0.502    0.3628   5.983e-06  p
net344                      1.80    0.012    0.600    0.2966   5.979e-06  p
net685                      1.80    0.028    0.661    0.1312   5.960e-06  p
net713                      1.80    0.037    0.500    0.1000   5.955e-06  a
clknet_4_4_0_clk            1.80    0.037    0.500    0.1000   5.950e-06  a
net212                      1.80    0.013    0.611    0.2793   5.858e-06  p
clknet_0_net504             1.80    0.020    0.403    0.1803   5.833e-06  p
clknet_1_0__leaf_net521     1.80    0.019    0.852    0.1874   5.824e-06  p
net688                      1.80    0.021    0.618    0.1679   5.814e-06  p
net328                      1.80    0.013    0.643    0.2845   5.790e-06  p
net845                      1.80    0.025    0.386    0.1447   5.752e-06  p
net557                      1.80    0.035    0.500    0.1000   5.742e-06  a
net273                      1.80    0.011    0.457    0.3318   5.737e-06  p
net871                      1.80    0.019    0.693    0.1837   5.734e-06  p
net148                      1.80    0.022    0.730    0.1591   5.733e-06  p
net242                      1.80    0.027    0.635    0.1295   5.713e-06  p
net966                      1.80    0.029    0.634    0.1208   5.698e-06  p
clknet_1_1__leaf_net809     1.80    0.022    0.550    0.1607   5.676e-06  p
net113                      1.80    0.023    0.625    0.1530   5.672e-06  p
clknet_0_net286             1.80    0.019    0.369    0.1874   5.623e-06  p
net56                       1.80    0.015    0.550    0.2289   5.581e-06  p
net645                      1.80    0.012    0.367    0.2849   5.530e-06  p
clknet_0_net522             1.80    0.019    0.699    0.1755   5.527e-06  p
net865                      1.80    0.018    0.497    0.1932   5.480e-06  p
net910                      1.80    0.011    0.497    0.3101   5.470e-06  p
net210                      1.80    0.009    0.386    0.3676   5.448e-06  p
net771                      1.80    0.034    0.500    0.1000   5.435e-06  a
net788                      1.80    0.033    0.500    0.1000   5.412e-06  a
net657                      1.80    0.015    0.488    0.2153   5.369e-06  p
net52                       1.80    0.026    0.456    0.1290   5.358e-06  p
clknet_0_net841             1.80    0.017    0.608    0.1903   5.341e-06  p
net246                      1.80    0.021    0.181    0.1576   5.325e-06  p
net371                      1.80    0.017    0.153    0.1884   5.313e-06  p
net38                       1.80    0.013    0.641    0.2440   5.312e-06  p
net642                      1.80    0.017    0.376    0.1883   5.290e-06  p
net25                       1.80    0.021    0.672    0.1529   5.277e-06  p
net784                      1.80    0.032    0.500    0.1000   5.265e-06  a
clknet_1_1__leaf_net291     1.80    0.025    0.408    0.1275   5.258e-06  p
net201                      1.80    0.018    0.667    0.1815   5.248e-06  p
clknet_0_net502             1.80    0.018    0.465    0.1769   5.210e-06  p
net45                       1.80    0.012    0.456    0.2625   5.203e-06  p
net758                      1.80    0.032    0.500    0.1000   5.184e-06  a
net134                      1.80    0.017    0.717    0.1936   5.183e-06  p
net178                      1.80    0.035    0.425    0.0919   5.158e-06  p
net555                      1.80    0.012    0.582    0.2616   5.136e-06  p
net378                      1.80    0.020    0.380    0.1605   5.117e-06  p
net627                      1.80    0.021    0.350    0.1511   5.104e-06  p
net127                      1.80    0.013    0.565    0.2416   5.094e-06  p
net766                      1.80    0.031    0.500    0.1000   5.091e-06  a
clknet_4_7_0_clk            1.80    0.031    0.500    0.1000   5.074e-06  a
net14                       1.80    0.011    0.498    0.2898   5.044e-06  p
net761                      1.80    0.031    0.500    0.1000   5.037e-06  a
clknet_1_0__leaf_net207     1.80    0.007    0.301    0.4263   5.030e-06  p
net149                      1.80    0.016    0.649    0.1963   4.931e-06  p
net864                      1.80    0.024    0.559    0.1253   4.927e-06  p
clknet_4_6_0_clk            1.80    0.030    0.500    0.1000   4.907e-06  a
net401                      1.80    0.013    0.610    0.2365   4.891e-06  p
clknet_0_net809             1.80    0.019    0.550    0.1607   4.887e-06  p
clknet_0_net204             1.80    0.019    0.411    0.1603   4.857e-06  p
net221                      1.80    0.007    0.513    0.4014   4.853e-06  p
net724                      1.80    0.030    0.500    0.1000   4.849e-06  a
net121                      1.80    0.010    0.689    0.3061   4.844e-06  p
net809                      1.80    0.018    0.550    0.1607   4.817e-06  p
net875                      1.80    0.018    0.641    0.1660   4.801e-06  p
net921                      1.80    0.015    0.717    0.1936   4.798e-06  p
net206                      1.80    0.010    0.515    0.2872   4.789e-06  p
net872                      1.80    0.018    0.624    0.1671   4.778e-06  p
net747                      1.80    0.029    0.500    0.1000   4.765e-06  a
net510                      1.80    0.017    0.624    0.1763   4.742e-06  p
net764                      1.80    0.029    0.500    0.1000   4.717e-06  a
net441                      1.80    0.009    0.354    0.3365   4.698e-06  p
clknet_0_net380             1.80    0.020    0.400    0.1431   4.666e-06  p
clknet_0_net473             1.80    0.022    0.797    0.1328   4.632e-06  p
net841                      1.80    0.015    0.608    0.1903   4.610e-06  p
clknet_0_net290             1.80    0.019    0.854    0.1491   4.589e-06  p
net759                      1.80    0.028    0.500    0.1000   4.588e-06  a
net16                       1.80    0.015    0.498    0.1892   4.566e-06  p
clknet_0_net459             1.80    0.020    0.387    0.1426   4.540e-06  p
clknet_4_13_0_clk           1.80    0.028    0.500    0.1000   4.539e-06  a
net20                       1.80    0.020    0.539    0.1368   4.539e-06  p
net717                      1.80    0.028    0.500    0.1000   4.533e-06  a
net131                      1.80    0.015    0.755    0.1819   4.477e-06  p
net260                      1.80    0.017    0.309    0.1646   4.474e-06  p
net342                      1.80    0.020    0.275    0.1357   4.453e-06  p
net357                      1.80    0.016    0.452    0.1757   4.451e-06  p
clknet_0_net94              1.80    0.019    0.295    0.1439   4.423e-06  p
net587                      1.80    0.008    0.391    0.3282   4.405e-06  p
net54                       1.80    0.013    0.524    0.2044   4.382e-06  p
net117                      1.80    0.014    0.711    0.1982   4.372e-06  p
clknet_4_5_0_clk            1.80    0.027    0.500    0.1000   4.371e-06  a
net356                      1.80    0.007    0.466    0.4106   4.366e-06  p
clknet_1_1__leaf_net473     1.80    0.020    0.797    0.1328   4.357e-06  p
net32                       1.80    0.021    0.714    0.1289   4.319e-06  p
net797                      1.80    0.027    0.500    0.1000   4.315e-06  a
net712                      1.80    0.026    0.500    0.1000   4.285e-06  a
clknet_1_0__leaf_net317     1.80    0.027    0.247    0.0974   4.284e-06  p
net329                      1.80    0.030    0.924    0.0873   4.281e-06  p
net679                      1.80    0.024    0.666    0.1099   4.252e-06  p
net6                        1.80    0.016    0.623    0.1641   4.243e-06  p
net932                      1.80    0.014    0.702    0.1879   4.241e-06  p
net684                      1.80    0.037    0.809    0.0702   4.213e-06  p
net858                      1.80    0.021    0.634    0.1230   4.187e-06  p
net925                      1.80    0.014    0.693    0.1837   4.149e-06  p
clknet_0_net314             1.80    0.020    0.490    0.1301   4.149e-06  p
net736                      1.80    0.026    0.500    0.1000   4.144e-06  a
clknet_0_net396             1.80    0.019    0.728    0.1338   4.144e-06  p
net521                      1.80    0.014    0.852    0.1874   4.139e-06  p
net742                      1.80    0.026    0.500    0.1000   4.137e-06  a
net24                       1.80    0.018    0.629    0.1450   4.130e-06  p
net59                       1.80    0.014    0.588    0.1841   4.127e-06  p
net664                      1.80    0.012    0.671    0.2083   4.107e-06  p
net936                      1.80    0.014    0.755    0.1819   4.105e-06  p
net0                        1.80    0.022    0.533    0.1166   4.105e-06  p
net376                      1.80    0.015    0.639    0.1706   4.099e-06  p
net67                       1.80    0.042    0.638    0.0602   4.085e-06  p
net370                      1.80    0.018    0.460    0.1384   4.079e-06  p
clknet_1_1__leaf_net841     1.80    0.013    0.608    0.1903   4.074e-06  p
net709                      1.80    0.025    0.500    0.1000   4.069e-06  a
net80                       1.80    0.025    0.620    0.0993   4.060e-06  p
net171                      1.80    0.018    0.261    0.1378   4.047e-06  p
net264                      1.80    0.008    0.872    0.2920   3.980e-06  p
net280                      1.80    0.012    0.244    0.1988   3.968e-06  p
clknet_1_0__leaf_net809     1.80    0.015    0.550    0.1607   3.960e-06  p
clknet_0_net289             1.80    0.020    0.337    0.1227   3.957e-06  p
net507                      1.80    0.007    0.690    0.3523   3.945e-06  p
net125                      1.80    0.014    0.673    0.1723   3.945e-06  p
net785                      1.80    0.024    0.500    0.1000   3.940e-06  a
clknet_4_9_0_clk            1.80    0.024    0.500    0.1000   3.931e-06  a
clknet_1_0__leaf_net816     1.80    0.019    0.365    0.1270   3.931e-06  p
net29                       1.80    0.020    0.629    0.1219   3.928e-06  p
net30                       1.80    0.020    0.567    0.1203   3.925e-06  p
net776                      1.80    0.024    0.500    0.1000   3.915e-06  a
net619                      1.80    0.008    0.872    0.2920   3.909e-06  p
net43                       1.80    0.013    0.617    0.1901   3.866e-06  p
clknet_0_net75              1.80    0.019    0.488    0.1241   3.833e-06  p
net18                       1.80    0.011    0.504    0.2090   3.809e-06  p
net731                      1.80    0.023    0.500    0.1000   3.800e-06  a
net364                      1.80    0.015    0.685    0.1541   3.789e-06  p
net162                      1.80    0.008    0.599    0.2987   3.784e-06  p
net70                       1.80    0.019    0.620    0.1228   3.775e-06  p
net735                      1.80    0.023    0.500    0.1000   3.770e-06  a
net198                      1.80    0.016    0.525    0.1456   3.745e-06  p
clknet_1_0__leaf_net412     1.80    0.023    0.195    0.0991   3.745e-06  p
net751                      1.80    0.023    0.500    0.1000   3.744e-06  a
net484                      1.80    0.015    0.633    0.1548   3.739e-06  p
clknet_1_0__leaf_net841     1.80    0.012    0.608    0.1903   3.736e-06  p
clknet_0_net291             1.80    0.018    0.408    0.1275   3.723e-06  p
net291                      1.80    0.018    0.408    0.1275   3.721e-06  p
clknet_1_1__leaf_net521     1.80    0.012    0.852    0.1874   3.716e-06  p
net687                      1.80    0.022    0.646    0.1017   3.704e-06  p
net3                        1.80    0.019    0.542    0.1203   3.691e-06  p
clknet_0_net862             1.80    0.018    0.450    0.1278   3.681e-06  p
net62                       1.80    0.010    0.429    0.2324   3.651e-06  p
net341                      1.80    0.030    0.774    0.0743   3.649e-06  p
clknet_0_net420             1.80    0.019    0.211    0.1198   3.640e-06  p
net760                      1.80    0.022    0.500    0.1000   3.612e-06  a
net729                      1.80    0.022    0.500    0.1000   3.587e-06  a
net363                      1.80    0.009    0.398    0.2413   3.586e-06  p
net816                      1.80    0.017    0.365    0.1270   3.582e-06  p
net931                      1.80    0.012    0.702    0.1879   3.556e-06  p
clknet_0_net816             1.80    0.017    0.365    0.1270   3.554e-06  p
net184                      1.80    0.016    0.261    0.1378   3.541e-06  p
net874                      1.80    0.011    0.613    0.1981   3.507e-06  p
net224                      1.80    0.059    0.242    0.0370   3.506e-06  p
net768                      1.80    0.022    0.500    0.1000   3.484e-06  a
clknet_1_1__leaf_net412     1.80    0.022    0.195    0.0991   3.479e-06  p
net57                       1.80    0.014    0.674    0.1494   3.467e-06  p
net545                      1.80    0.009    0.389    0.2449   3.429e-06  p
net352                      1.80    0.010    0.714    0.2165   3.421e-06  p
net361                      1.80    0.012    0.774    0.1730   3.392e-06  p
net620                      1.80    0.007    0.127    0.2917   3.369e-06  p
net483                      1.80    0.013    0.367    0.1548   3.368e-06  p
net914                      1.80    0.009    0.398    0.2413   3.364e-06  p
net69                       1.80    0.012    0.610    0.1732   3.353e-06  p
net100                      1.80    0.005    0.240    0.4044   3.348e-06  p
net380                      1.80    0.014    0.400    0.1431   3.345e-06  p
net235                      1.80    0.010    0.618    0.2053   3.341e-06  p
clknet_1_1__leaf_net836     1.80    0.019    0.171    0.1062   3.317e-06  p
net133                      1.80    0.015    0.547    0.1376   3.309e-06  p
clknet_0_net488             1.80    0.019    0.681    0.1066   3.302e-06  p
net314                      1.80    0.016    0.490    0.1301   3.300e-06  p
clknet_1_1__leaf_net286     1.80    0.011    0.369    0.1874   3.250e-06  p
net716                      1.80    0.020    0.500    0.1000   3.242e-06  a
net322                      1.80    0.008    0.450    0.2588   3.208e-06  p
net40                       1.80    0.013    0.584    0.1477   3.207e-06  p
clknet_0_net836             1.80    0.019    0.171    0.1062   3.203e-06  p
net278                      1.80    0.010    0.443    0.2050   3.188e-06  p
clknet_1_1__leaf_net282     1.80    0.025    0.764    0.0776   3.169e-06  p
net42                       1.80    0.011    0.690    0.1851   3.163e-06  p
net511                      1.80    0.009    0.249    0.2063   3.160e-06  p
net4                        1.80    0.010    0.501    0.2036   3.151e-06  p
clknet_1_0__leaf_net401     1.80    0.008    0.610    0.2365   3.143e-06  p
clknet_1_0__leaf_net655     1.80    0.030    0.321    0.0642   3.118e-06  p
net791                      1.80    0.019    0.500    0.1000   3.089e-06  a
net105                      1.80    0.015    0.630    0.1267   3.087e-06  p
net660                      1.80    0.009    0.580    0.2160   3.086e-06  p
clknet_1_0__leaf_net836     1.80    0.018    0.171    0.1062   3.065e-06  p
net179                      1.80    0.021    0.574    0.0919   3.061e-06  p
clknet_1_0__leaf_net852     1.80    0.028    0.342    0.0685   3.052e-06  p
net414                      1.80    0.006    0.410    0.3175   3.037e-06  p
net49                       1.80    0.015    0.640    0.1284   3.030e-06  p
net473                      1.80    0.014    0.797    0.1328   3.027e-06  p
net828                      1.80    0.011    0.260    0.1771   3.026e-06  p
net502                      1.80    0.011    0.465    0.1769   3.023e-06  p
net862                      1.80    0.015    0.450    0.1278   3.019e-06  p
clknet_1_1__leaf_net459     1.80    0.013    0.387    0.1426   3.012e-06  p
net200                      1.80    0.018    0.508    0.1030   3.002e-06  p
net667                      1.80    0.020    0.386    0.0920   3.000e-06  p
net33                       1.80    0.015    0.646    0.1241   3.000e-06  p
net767                      1.80    0.018    0.500    0.1000   2.979e-06  a
net324                      1.80    0.021    0.076    0.0873   2.972e-06  p
clknet_1_0__leaf_net698     1.80    0.026    0.366    0.0711   2.967e-06  p
net938                      1.80    0.010    0.755    0.1819   2.961e-06  p
net522                      1.80    0.010    0.699    0.1755   2.957e-06  p
clknet_1_1__leaf_net816     1.80    0.014    0.365    0.1270   2.943e-06  p
net686                      1.80    0.009    0.548    0.1967   2.920e-06  p
net806                      1.80    0.019    0.454    0.0958   2.909e-06  p
net730                      1.80    0.018    0.500    0.1000   2.898e-06  a
net369                      1.80    0.008    0.676    0.2141   2.896e-06  p
clknet_0_net317             1.80    0.018    0.247    0.0974   2.895e-06  p
net144                      1.80    0.018    0.500    0.1000   2.892e-06  a
net180                      1.80    0.018    0.102    0.0975   2.890e-06  p
net718                      1.80    0.018    0.500    0.1000   2.884e-06  a
clknet_0_net412             1.80    0.018    0.195    0.0991   2.883e-06  p
net286                      1.80    0.009    0.369    0.1874   2.868e-06  p
net365                      1.80    0.006    0.679    0.3000   2.853e-06  p
net150                      1.80    0.010    0.664    0.1727   2.850e-06  p
net817                      1.80    0.073    0.556    0.0238   2.830e-06  p
net935                      1.80    0.013    0.547    0.1376   2.828e-06  p
net517                      1.80    0.007    0.636    0.2552   2.822e-06  p
net498                      1.80    0.007    0.446    0.2529   2.812e-06  p
net857                      1.80    0.008    0.584    0.2176   2.812e-06  p
net491                      1.80    0.007    0.410    0.2601   2.808e-06  p
net139                      1.80    0.007    0.578    0.2368   2.801e-06  p
clknet_0_net697             1.80    0.020    0.411    0.0856   2.785e-06  p
clknet_0_net855             1.80    0.017    0.348    0.0988   2.780e-06  p
net727                      1.80    0.017    0.500    0.1000   2.778e-06  a
net603                      1.80    0.006    0.691    0.3105   2.773e-06  p
net720                      1.80    0.017    0.500    0.1000   2.766e-06  a
net428                      1.80    0.007    0.476    0.2338   2.739e-06  p
net427                      1.80    0.015    0.215    0.1124   2.727e-06  p
net334                      1.80    0.004    0.577    0.3973   2.725e-06  p
net459                      1.80    0.012    0.387    0.1426   2.714e-06  p
net798                      1.80    0.017    0.500    0.1000   2.708e-06  a
net504                      1.80    0.009    0.403    0.1803   2.706e-06  p
net304                      1.80    0.010    0.567    0.1600   2.701e-06  p
net44                       1.80    0.009    0.702    0.1879   2.698e-06  p
net208                      1.80    0.004    0.420    0.4027   2.686e-06  p
net261                      1.80    0.013    0.561    0.1230   2.684e-06  p
net805                      1.80    0.048    0.113    0.0343   2.682e-06  p
net868                      1.80    0.079    0.048    0.0209   2.682e-06  p
net163                      1.80    0.008    0.471    0.2202   2.680e-06  p
clknet_1_0__leaf_net473     1.80    0.012    0.797    0.1328   2.672e-06  p
clknet_0_net526             1.80    0.018    0.756    0.0898   2.669e-06  p
net945                      1.80    0.006    0.781    0.2806   2.650e-06  p
net355                      1.80    0.013    0.381    0.1252   2.633e-06  p
net678                      1.80    0.015    0.332    0.1100   2.622e-06  p
net739                      1.80    0.016    0.500    0.1000   2.609e-06  a
net844                      1.80    0.015    0.508    0.1056   2.608e-06  p
net635                      1.80    0.090    0.734    0.0178   2.596e-06  p
clknet_0_net604             1.80    0.018    0.432    0.0865   2.590e-06  p
clknet_1_0__leaf_net459     1.80    0.011    0.387    0.1426   2.576e-06  p
net107                      1.80    0.006    0.494    0.2566   2.572e-06  p
net743                      1.80    0.016    0.500    0.1000   2.563e-06  a
net166                      1.80    0.009    0.795    0.1665   2.554e-06  p
clknet_1_1__leaf_net655     1.80    0.024    0.321    0.0642   2.548e-06  p
net543                      1.80    0.004    0.452    0.4091   2.507e-06  p
clknet_1_1__leaf_net862     1.80    0.012    0.450    0.1278   2.498e-06  p
net55                       1.80    0.009    0.487    0.1681   2.497e-06  p
clknet_1_1__leaf_net317     1.80    0.016    0.247    0.0974   2.491e-06  p
net464                      1.80    0.005    0.586    0.2988   2.488e-06  p
net659                      1.80    0.007    0.417    0.2160   2.473e-06  p
net315                      1.80    0.008    0.637    0.1902   2.472e-06  p
clknet_0_net398             1.80    0.020    0.379    0.0773   2.468e-06  p
net95                       1.80    0.009    0.510    0.1746   2.440e-06  p
clknet_1_0__leaf_net282     1.80    0.019    0.764    0.0776   2.432e-06  p
net307                      1.80    0.003    0.446    0.4498   2.413e-06  p
net585                      1.80    0.004    0.460    0.4100   2.407e-06  p
net153                      1.80    0.006    0.518    0.2390   2.399e-06  p
clknet_1_0__leaf_net604     1.80    0.017    0.432    0.0865   2.395e-06  p
net362                      1.80    0.012    0.657    0.1278   2.391e-06  p
net290                      1.80    0.010    0.854    0.1491   2.389e-06  p
net584                      1.80    0.009    0.539    0.1609   2.389e-06  p
net266                      1.80    0.005    0.872    0.2920   2.388e-06  p
net942                      1.80    0.004    0.545    0.3290   2.386e-06  p
clknet_0_net698             1.80    0.021    0.366    0.0711   2.371e-06  p
net602                      1.80    0.011    0.176    0.1335   2.363e-06  p
net565                      1.80    0.005    0.373    0.2910   2.362e-06  p
net443                      1.80    0.012    0.912    0.1193   2.360e-06  p
net567                      1.80    0.003    0.473    0.4881   2.348e-06  p
clknet_0_net605             1.80    0.019    0.379    0.0773   2.348e-06  p
net452                      1.80    0.011    0.683    0.1267   2.343e-06  p
net423                      1.80    0.005    0.352    0.2650   2.343e-06  p
net66                       1.80    0.006    0.546    0.2597   2.330e-06  p
net1                        1.80    0.012    0.526    0.1179   2.326e-06  p
net152                      1.80    0.004    0.619    0.3242   2.325e-06  p
net802                      1.80    0.014    0.500    0.1000   2.323e-06  a
net85                       1.80    0.007    0.614    0.2001   2.313e-06  p
net811                      1.80    0.024    0.078    0.0587   2.309e-06  p
clknet_0_net282             1.80    0.018    0.764    0.0776   2.305e-06  p
net580                      1.80    0.005    0.473    0.2728   2.296e-06  p
net929                      1.80    0.006    0.561    0.2307   2.278e-06  p
net204                      1.80    0.009    0.411    0.1603   2.263e-06  p
clknet_1_1__leaf_net522     1.80    0.008    0.699    0.1755   2.254e-06  p
net695                      1.80    0.065    0.671    0.0214   2.252e-06  p
net442                      1.80    0.012    0.088    0.1190   2.250e-06  p
net625                      1.80    0.010    0.739    0.1378   2.245e-06  p
net870                      1.80    0.007    0.599    0.2116   2.239e-06  p
net446                      1.80    0.027    0.112    0.0504   2.234e-06  p
net623                      1.80    0.013    0.893    0.1044   2.228e-06  p
net36                       1.80    0.010    0.673    0.1309   2.214e-06  p
net94                       1.80    0.009    0.295    0.1439   2.209e-06  p
net706                      1.80    0.008    0.452    0.1757   2.204e-06  p
net622                      1.80    0.011    0.115    0.1287   2.202e-06  p
net765                      1.80    0.014    0.500    0.1000   2.197e-06  a
net563                      1.80    0.004    0.679    0.3121   2.170e-06  p
net135                      1.80    0.013    0.136    0.1042   2.167e-06  p
net855                      1.80    0.014    0.348    0.0988   2.165e-06  p
clknet_0_net285             1.80    0.019    0.670    0.0699   2.163e-06  p
net586                      1.80    0.003    0.483    0.4479   2.150e-06  p
clknet_1_0__leaf_net504     1.80    0.007    0.403    0.1803   2.147e-06  p
net732                      1.80    0.013    0.500    0.1000   2.142e-06  a
net92                       1.80    0.038    0.605    0.0344   2.138e-06  p
net68                       1.80    0.005    0.509    0.2674   2.133e-06  p
net402                      1.80    0.007    0.733    0.1967   2.133e-06  p
clknet_0_net821             1.80    0.018    0.366    0.0740   2.126e-06  p
net255                      1.80    0.004    0.282    0.3473   2.123e-06  p
clknet_1_1__leaf_net855     1.80    0.013    0.348    0.0988   2.121e-06  p
net964                      1.80    0.008    0.555    0.1566   2.115e-06  p
clknet_0_net637             1.80    0.020    0.335    0.0669   2.114e-06  p
clknet_0_net852             1.80    0.019    0.342    0.0685   2.112e-06  p
net311                      1.80    0.004    0.442    0.3333   2.090e-06  p
clknet_0_net191             1.80    0.019    0.343    0.0695   2.088e-06  p
clknet_1_0__leaf_net286     1.80    0.007    0.369    0.1874   2.088e-06  p
net488                      1.80    0.012    0.681    0.1066   2.072e-06  p
clknet_1_0__leaf_net862     1.80    0.010    0.450    0.1278   2.061e-06  p
net568                      1.80    0.004    0.295    0.3226   2.043e-06  p
clknet_1_1__leaf_net852     1.80    0.018    0.342    0.0685   2.041e-06  p
net546                      1.80    0.004    0.334    0.3591   2.037e-06  p
net90                       1.80    0.009    0.590    0.1378   2.034e-06  p
net305                      1.80    0.005    0.492    0.2546   2.034e-06  p
net312                      1.80    0.006    0.493    0.1962   2.033e-06  p
net757                      1.80    0.013    0.500    0.1000   2.032e-06  a
net9                        1.80    0.010    0.614    0.1220   2.027e-06  p
net564                      1.80    0.004    0.455    0.3397   2.026e-06  p
net154                      1.80    0.007    0.703    0.1686   2.020e-06  p
net26                       1.80    0.006    0.559    0.2243   2.016e-06  p
net640                      1.80    0.010    0.169    0.1225   2.016e-06  p
net722                      1.80    0.012    0.500    0.1000   2.011e-06  a
net449                      1.80    0.028    0.437    0.0444   1.988e-06  p
net359                      1.80    0.007    0.783    0.1693   1.984e-06  p
net842                      1.80    0.005    0.542    0.2238   1.982e-06  p
clknet_0_net655             1.80    0.019    0.321    0.0642   1.976e-06  p
net321                      1.80    0.005    0.488    0.2250   1.972e-06  p
net928                      1.80    0.005    0.561    0.2307   1.968e-06  p
net317                      1.80    0.012    0.247    0.0974   1.966e-06  p
net368                      1.80    0.006    0.153    0.1884   1.965e-06  p
net64                       1.80    0.005    0.596    0.2532   1.960e-06  p
net415                      1.80    0.006    0.553    0.2076   1.948e-06  p
clknet_1_1__leaf_net824     1.80    0.006    0.374    0.2164   1.941e-06  p
net65                       1.80    0.005    0.599    0.2308   1.937e-06  p
net601                      1.80    0.003    0.684    0.4269   1.934e-06  p
net421                      1.80    0.004    0.409    0.2753   1.933e-06  p
net534                      1.80    0.005    0.576    0.2617   1.932e-06  p
clknet_0_net482             1.80    0.021    0.914    0.0572   1.927e-06  p
net337                      1.80    0.003    0.425    0.3881   1.924e-06  p
net506                      1.80    0.004    0.504    0.2925   1.898e-06  p
net418                      1.80    0.005    0.350    0.2345   1.886e-06  p
net789                      1.80    0.012    0.500    0.1000   1.885e-06  a
net203                      1.80    0.004    0.558    0.3062   1.877e-06  p
net2                        1.80    0.010    0.553    0.1218   1.876e-06  p
net73                       1.80    0.008    0.546    0.1368   1.876e-06  p
net462                      1.80    0.008    0.154    0.1496   1.851e-06  p
net818                      1.80    0.066    0.965    0.0173   1.851e-06  p
net930                      1.80    0.003    0.466    0.4106   1.838e-06  p
net289                      1.80    0.009    0.337    0.1227   1.826e-06  p
clknet_1_0__leaf_net75      1.80    0.009    0.488    0.1241   1.824e-06  p
net390                      1.80    0.013    0.360    0.0850   1.823e-06  p
clknet_1_1__leaf_net526     1.80    0.013    0.756    0.0898   1.823e-06  p
net77                       1.80    0.007    0.327    0.1528   1.818e-06  p
net782                      1.80    0.011    0.500    0.1000   1.814e-06  a
clknet_1_1__leaf_net697     1.80    0.013    0.411    0.0856   1.814e-06  p
net644                      1.80    0.006    0.431    0.1816   1.813e-06  p
net526                      1.80    0.012    0.756    0.0898   1.813e-06  p
net333                      1.80    0.003    0.519    0.4002   1.813e-06  p
net396                      1.80    0.008    0.728    0.1338   1.806e-06  p
net856                      1.80    0.065    0.768    0.0170   1.801e-06  p
net372                      1.80    0.004    0.127    0.2917   1.800e-06  p
net662                      1.80    0.006    0.442    0.1914   1.800e-06  p
net157                      1.80    0.011    0.416    0.0992   1.792e-06  p
clknet_1_0__leaf_net285     1.80    0.016    0.670    0.0699   1.790e-06  p
clknet_1_0__leaf_net94      1.80    0.008    0.295    0.1439   1.787e-06  p
net223                      1.80    0.003    0.473    0.3499   1.777e-06  p
net75                       1.80    0.009    0.488    0.1241   1.776e-06  p
net88                       1.80    0.006    0.544    0.1754   1.773e-06  p
net562                      1.80    0.003    0.384    0.3357   1.768e-06  p
net915                      1.80    0.003    0.545    0.3290   1.767e-06  p
net559                      1.80    0.003    0.526    0.4052   1.760e-06  p
clknet_0_net676             1.80    0.019    0.291    0.0561   1.749e-06  p
net825                      1.80    0.009    0.571    0.1202   1.747e-06  p
net614                      1.80    0.003    0.363    0.3414   1.735e-06  p
net295                      1.80    0.006    0.521    0.1872   1.734e-06  p
net136                      1.80    0.010    0.864    0.1042   1.731e-06  p
net480                      1.80    0.018    0.279    0.0581   1.728e-06  p
net386                      1.80    0.008    0.299    0.1310   1.728e-06  p
net61                       1.80    0.007    0.663    0.1491   1.727e-06  p
clknet_0_net638             1.80    0.019    0.287    0.0574   1.726e-06  p
clknet_0_net675             1.80    0.020    0.278    0.0528   1.723e-06  p
net276                      1.80    0.004    0.624    0.2871   1.722e-06  p
net647                      1.80    0.007    0.191    0.1608   1.719e-06  p
net83                       1.80    0.004    0.420    0.2444   1.717e-06  p
net933                      1.80    0.005    0.717    0.1936   1.715e-06  p
net177                      1.80    0.008    0.466    0.1347   1.711e-06  p
net786                      1.80    0.011    0.500    0.1000   1.709e-06  a
net634                      1.80    0.043    0.534    0.0244   1.701e-06  p
net544                      1.80    0.006    0.385    0.1904   1.698e-06  p
net741                      1.80    0.010    0.500    0.1000   1.697e-06  a
net300                      1.80    0.024    0.517    0.0425   1.684e-06  p
net575                      1.80    0.035    0.121    0.0294   1.682e-06  p
net282                      1.80    0.013    0.764    0.0776   1.675e-06  p
net158                      1.80    0.010    0.583    0.0991   1.663e-06  p
net919                      1.80    0.005    0.717    0.1936   1.662e-06  p
net238                      1.80    0.013    0.652    0.0770   1.660e-06  p
net228                      1.80    0.010    0.893    0.1044   1.659e-06  p
net420                      1.80    0.009    0.211    0.1198   1.656e-06  p
net926                      1.80    0.005    0.412    0.2025   1.653e-06  p
net705                      1.80    0.006    0.309    0.1646   1.652e-06  p
clknet_1_1__leaf_net502     1.80    0.006    0.465    0.1769   1.650e-06  p
net710                      1.80    0.010    0.500    0.1000   1.650e-06  a
clknet_1_0__leaf_net488     1.80    0.010    0.681    0.1066   1.643e-06  p
net570                      1.80    0.004    0.466    0.2816   1.636e-06  p
clknet_1_0__leaf_net605     1.80    0.013    0.379    0.0773   1.632e-06  p
net571                      1.80    0.026    0.812    0.0382   1.632e-06  p
net119                      1.80    0.005    0.631    0.2120   1.614e-06  p
net472                      1.80    0.037    0.952    0.0266   1.610e-06  p
net569                      1.80    0.002    0.614    0.4160   1.606e-06  p
net284                      1.80    0.009    0.367    0.1074   1.601e-06  p
net391                      1.80    0.012    0.637    0.0852   1.593e-06  p
net239                      1.80    0.008    0.704    0.1240   1.587e-06  p
net934                      1.80    0.005    0.717    0.1936   1.584e-06  p
net450                      1.80    0.008    0.086    0.1169   1.581e-06  p
clknet_1_0__leaf_net697     1.80    0.011    0.411    0.0856   1.579e-06  p
net461                      1.80    0.005    0.455    0.2000   1.576e-06  p
net836                      1.80    0.009    0.171    0.1062   1.576e-06  p
net639                      1.80    0.008    0.826    0.1227   1.561e-06  p
net624                      1.80    0.009    0.107    0.1044   1.560e-06  p
net516                      1.80    0.008    0.685    0.1251   1.544e-06  p
net515                      1.80    0.008    0.315    0.1251   1.539e-06  p
clknet_0_net654             1.80    0.021    0.233    0.0455   1.534e-06  p
net71                       1.80    0.009    0.669    0.1103   1.533e-06  p
net316                      1.80    0.003    0.462    0.3168   1.529e-06  p
net490                      1.80    0.003    0.603    0.3151   1.527e-06  p
net7                        1.80    0.008    0.550    0.1238   1.522e-06  p
net697                      1.80    0.011    0.411    0.0856   1.522e-06  p
net465                      1.80    0.017    0.968    0.0544   1.521e-06  p
net479                      1.80    0.016    0.721    0.0581   1.519e-06  p
clknet_1_1__leaf_net290     1.80    0.006    0.854    0.1491   1.518e-06  p
clknet_1_1__leaf_net698     1.80    0.013    0.366    0.0711   1.511e-06  p
clknet_1_1__leaf_net605     1.80    0.012    0.379    0.0773   1.508e-06  p
net588                      1.80    0.003    0.596    0.3251   1.507e-06  p
net605                      1.80    0.012    0.379    0.0773   1.495e-06  p
net714                      1.80    0.009    0.500    0.1000   1.494e-06  a
net381                      1.80    0.003    0.530    0.3294   1.492e-06  p
net217                      1.80    0.025    0.242    0.0370   1.491e-06  p
net170                      1.80    0.004    0.615    0.2585   1.487e-06  p
clknet_1_1__leaf_net488     1.80    0.009    0.681    0.1066   1.481e-06  p
net76                       1.80    0.007    0.668    0.1307   1.480e-06  p
clknet_1_1__leaf_net604     1.80    0.011    0.432    0.0865   1.479e-06  p
net408                      1.80    0.004    0.383    0.2167   1.454e-06  p
net313                      1.80    0.003    0.512    0.2608   1.450e-06  p
net520                      1.80    0.007    0.667    0.1358   1.439e-06  p
net268                      1.80    0.029    0.037    0.0310   1.438e-06  p
net447                      1.80    0.017    0.887    0.0508   1.434e-06  p
net111                      1.80    0.006    0.646    0.1449   1.425e-06  p
net859                      1.80    0.042    0.048    0.0209   1.424e-06  p
clknet_0_net677             1.80    0.018    0.252    0.0479   1.418e-06  p
net800                      1.80    0.009    0.500    0.1000   1.414e-06  a
net404                      1.80    0.004    0.416    0.2299   1.411e-06  p
net681                      1.80    0.006    0.753    0.1556   1.400e-06  p
net340                      1.80    0.012    0.224    0.0742   1.400e-06  p
net375                      1.80    0.015    0.835    0.0566   1.393e-06  p
net924                      1.80    0.005    0.693    0.1837   1.389e-06  p
net346                      1.80    0.044    0.123    0.0195   1.380e-06  p
net413                      1.80    0.004    0.459    0.2153   1.372e-06  p
net412                      1.80    0.009    0.195    0.0991   1.369e-06  p
clknet_0_net656             1.80    0.019    0.230    0.0453   1.362e-06  p
net474                      1.80    0.004    0.761    0.2331   1.353e-06  p
net702                      1.80    0.004    0.446    0.2087   1.344e-06  p
net783                      1.80    0.008    0.500    0.1000   1.343e-06  a
net72                       1.80    0.005    0.804    0.1553   1.343e-06  p
clknet_1_1__leaf_net94      1.80    0.006    0.295    0.1439   1.340e-06  p
net823                      1.80    0.042    0.978    0.0197   1.339e-06  p
net896                      1.80    0.073    0.574    0.0114   1.336e-06  p
net523                      1.80    0.003    0.488    0.2481   1.331e-06  p
net397                      1.80    0.004    0.338    0.2108   1.329e-06  p
net737                      1.80    0.008    0.500    0.1000   1.321e-06  a
net840                      1.80    0.010    0.140    0.0838   1.321e-06  p
net755                      1.80    0.008    0.500    0.1000   1.318e-06  a
clknet_1_0__leaf_net855     1.80    0.008    0.348    0.0988   1.309e-06  p
net229                      1.80    0.003    0.408    0.3199   1.307e-06  p
net256                      1.80    0.003    0.367    0.2849   1.306e-06  p
net769                      1.80    0.008    0.500    0.1000   1.305e-06  a
net190                      1.80    0.007    0.196    0.1225   1.302e-06  pm
net455                      1.80    0.003    0.625    0.2642   1.300e-06  p
net821                      1.80    0.011    0.366    0.0740   1.298e-06  p
net486                      1.80    0.002    0.552    0.3658   1.296e-06  p
net205                      1.80    0.003    0.540    0.2412   1.295e-06  p
net308                      1.80    0.003    0.543    0.2740   1.294e-06  p
net301                      1.80    0.006    0.605    0.1360   1.287e-06  p
net167                      1.80    0.004    0.732    0.1931   1.287e-06  p
net665                      1.80    0.005    0.379    0.1593   1.284e-06  p
clknet_1_1__leaf_net675     1.80    0.015    0.278    0.0528   1.283e-06  p
net774                      1.80    0.008    0.500    0.1000   1.282e-06  a
net852                      1.80    0.012    0.342    0.0685   1.281e-06  p
net583                      1.80    0.003    0.496    0.2865   1.281e-06  p
net794                      1.80    0.008    0.500    0.1000   1.279e-06  a
net550                      1.80    0.005    0.771    0.1741   1.274e-06  p
net151                      1.80    0.029    0.947    0.0270   1.272e-06  p
net577                      1.80    0.029    0.123    0.0271   1.272e-06  p
net292                      1.80    0.005    0.652    0.1533   1.271e-06  p
net781                      1.80    0.008    0.500    0.1000   1.266e-06  a
clknet_1_1__leaf_net204     1.80    0.005    0.411    0.1603   1.262e-06  p
net389                      1.80    0.004    0.446    0.2087   1.260e-06  p
net253                      1.80    0.011    0.157    0.0726   1.257e-06  p
net793                      1.80    0.008    0.500    0.1000   1.257e-06  a
net387                      1.80    0.004    0.585    0.1926   1.253e-06  p
net911                      1.80    0.002    0.497    0.3101   1.252e-06  p
net946                      1.80    0.004    0.431    0.1816   1.249e-06  p
net508                      1.80    0.004    0.412    0.1893   1.247e-06  p
net456                      1.80    0.002    0.486    0.3104   1.246e-06  p
clknet_1_1__leaf_net696     1.80    0.020    0.185    0.0382   1.245e-06  p
net53                       1.80    0.005    0.584    0.1408   1.242e-06  p
net199                      1.80    0.007    0.492    0.1030   1.239e-06  p
net425                      1.80    0.002    0.523    0.3173   1.236e-06  p
net373                      1.80    0.003    0.387    0.3026   1.236e-06  p
net547                      1.80    0.005    0.245    0.1514   1.236e-06  p
net748                      1.80    0.008    0.500    0.1000   1.233e-06  a
net626                      1.80    0.006    0.261    0.1378   1.231e-06  p
clknet_1_0__leaf_net392     1.80    0.034    0.754    0.0221   1.227e-06  p
clknet_1_0__leaf_net526     1.80    0.008    0.756    0.0898   1.223e-06  p
net281                      1.80    0.007    0.518    0.1059   1.223e-06  p
net410                      1.80    0.004    0.622    0.1884   1.220e-06  p
net360                      1.80    0.039    0.123    0.0195   1.219e-06  p
net374                      1.80    0.013    0.165    0.0566   1.198e-06  p
net539                      1.80    0.006    0.703    0.1312   1.195e-06  p
net349                      1.80    0.038    0.123    0.0195   1.192e-06  p
net285                      1.80    0.010    0.670    0.0699   1.189e-06  p
net274                      1.80    0.002    0.210    0.3099   1.186e-06  p
net604                      1.80    0.008    0.432    0.0865   1.182e-06  p
net554                      1.80    0.005    0.645    0.1452   1.182e-06  p
net897                      1.80    0.064    0.574    0.0114   1.181e-06  p
net637                      1.80    0.011    0.335    0.0669   1.177e-06  p
net661                      1.80    0.004    0.555    0.1912   1.177e-06  p
net753                      1.80    0.007    0.500    0.1000   1.176e-06  a
net252                      1.80    0.010    0.843    0.0726   1.174e-06  p
clknet_1_0__leaf_net511     1.80    0.004    0.249    0.2063   1.173e-06  p
net398                      1.80    0.009    0.379    0.0773   1.168e-06  p
net609                      1.80    0.003    0.467    0.2271   1.162e-06  p
net141                      1.80    0.015    0.920    0.0479   1.160e-06  p
clknet_1_0__leaf_net696     1.80    0.019    0.185    0.0382   1.159e-06  p
net734                      1.80    0.007    0.500    0.1000   1.153e-06  a
net643                      1.80    0.004    0.566    0.1816   1.151e-06  p
net746                      1.80    0.007    0.500    0.1000   1.150e-06  a
clknet_0_net696             1.80    0.019    0.185    0.0382   1.150e-06  p
net698                      1.80    0.010    0.366    0.0711   1.145e-06  p
net558                      1.80    0.002    0.441    0.3117   1.145e-06  p
net388                      1.80    0.004    0.562    0.1998   1.145e-06  p
net258                      1.80    0.034    0.050    0.0205   1.139e-06  p
clknet_1_0__leaf_net522     1.80    0.004    0.699    0.1755   1.132e-06  p
net829                      1.80    0.032    0.561    0.0215   1.129e-06  p
net538                      1.80    0.007    0.723    0.1008   1.125e-06  p
net937                      1.80    0.004    0.755    0.1819   1.123e-06  p
net319                      1.80    0.003    0.575    0.2361   1.116e-06  p
net754                      1.80    0.007    0.500    0.1000   1.111e-06  a
net172                      1.80    0.003    0.642    0.2340   1.110e-06  p
net548                      1.80    0.002    0.313    0.3024   1.110e-06  p
net493                      1.80    0.005    0.608    0.1428   1.108e-06  p
net142                      1.80    0.014    0.079    0.0474   1.104e-06  p
clknet_1_1__leaf_net637     1.80    0.010    0.335    0.0669   1.103e-06  p
net701                      1.80    0.003    0.551    0.2089   1.099e-06  p
net367                      1.80    0.002    0.694    0.3189   1.098e-06  p
net961                      1.80    0.003    0.671    0.2083   1.092e-06  p
net866                      1.80    0.032    0.964    0.0206   1.085e-06  p
net633                      1.80    0.028    0.459    0.0242   1.084e-06  p
net576                      1.80    0.018    0.242    0.0370   1.069e-06  p
net436                      1.80    0.061    0.979    0.0108   1.068e-06  p
net711                      1.80    0.007    0.500    0.1000   1.066e-06  a
net237                      1.80    0.009    0.347    0.0771   1.063e-06  p
net867                      1.80    0.031    0.950    0.0214   1.060e-06  p
net500                      1.80    0.005    0.491    0.1359   1.058e-06  p
net469                      1.80    0.006    0.333    0.1108   1.056e-06  p
net426                      1.80    0.003    0.323    0.2330   1.055e-06  p
net810                      1.80    0.023    0.071    0.0285   1.054e-06  p
net733                      1.80    0.007    0.500    0.1000   1.053e-06  a
net451                      1.80    0.006    0.914    0.1169   1.053e-06  p
clknet_1_1__leaf_net401     1.80    0.003    0.610    0.2365   1.052e-06  p
net505                      1.80    0.003    0.376    0.1938   1.050e-06  p
net621                      1.80    0.005    0.884    0.1290   1.048e-06  pm
net306                      1.80    0.005    0.829    0.1222   1.048e-06  p
net499                      1.80    0.004    0.529    0.1489   1.039e-06  p
clknet_0_net318             1.80    0.017    0.562    0.0376   1.033e-06  p
net636                      1.80    0.031    0.572    0.0203   1.030e-06  p
net954                      1.80    0.004    0.191    0.1608   1.028e-06  p
net923                      1.80    0.003    0.693    0.1837   1.019e-06  p
net676                      1.80    0.011    0.291    0.0561   1.018e-06  p
net533                      1.80    0.003    0.547    0.2489   1.016e-06  p
net537                      1.80    0.004    0.489    0.1500   1.014e-06  p
net74                       1.80    0.004    0.713    0.1710   1.014e-06  p
net913                      1.80    0.003    0.398    0.2413   1.013e-06  p
net343                      1.80    0.002    0.702    0.2725   1.007e-06  p
net843                      1.80    0.032    0.970    0.0196   1.003e-06  p
net424                      1.80    0.002    0.446    0.2941   1.001e-06  p
net91                       1.80    0.004    0.481    0.1724   9.988e-07  p
net279                      1.80    0.002    0.311    0.3199   9.934e-07  p
net191                      1.80    0.009    0.343    0.0695   9.924e-07  p
clknet_1_1__leaf_net654     1.80    0.013    0.233    0.0455   9.890e-07  p
net777                      1.80    0.006    0.500    0.1000   9.878e-07  a
net655                      1.80    0.009    0.321    0.0642   9.871e-07  p
clknet_1_0__leaf_net314     1.80    0.005    0.490    0.1301   9.855e-07  p
net209                      1.80    0.003    0.164    0.2356   9.760e-07  p
net470                      1.80    0.011    0.032    0.0544   9.742e-07  p
out64                       1.80    0.002    0.163    0.3386   9.735e-07  p
net145                      1.80    0.004    0.511    0.1365   9.725e-07  p
net293                      1.80    0.003    0.705    0.2315   9.605e-07  p
net481                      1.80    0.004    0.396    0.1504   9.591e-07  p
net595                      1.80    0.007    0.119    0.0907   9.580e-07  p
clknet_1_0__leaf_net204     1.80    0.004    0.411    0.1603   9.538e-07  p
net780                      1.80    0.006    0.500    0.1000   9.523e-07  a
net944                      1.80    0.006    0.107    0.1044   9.515e-07  p
net244                      1.80    0.030    0.050    0.0194   9.485e-07  p
net675                      1.80    0.011    0.278    0.0528   9.451e-07  p
net477                      1.80    0.003    0.693    0.2107   9.407e-07  p
net772                      1.80    0.006    0.500    0.1000   9.351e-07  a
net920                      1.80    0.003    0.717    0.1936   9.299e-07  p
net175                      1.80    0.003    0.544    0.2217   9.267e-07  p
net354                      1.80    0.008    0.693    0.0731   9.261e-07  p
clknet_1_0__leaf_net398     1.80    0.007    0.379    0.0773   9.252e-07  p
clknet_1_1__leaf_net285     1.80    0.008    0.670    0.0699   9.193e-07  p
net168                      1.80    0.003    0.648    0.1679   9.182e-07  p
net99                       1.80    0.006    0.676    0.0933   9.107e-07  p
net296                      1.80    0.003    0.649    0.1849   9.105e-07  p
net347                      1.80    0.029    0.123    0.0195   9.074e-07  p
net403                      1.80    0.002    0.456    0.2414   9.016e-07  p
net492                      1.80    0.004    0.371    0.1493   9.007e-07  p
net453                      1.80    0.003    0.553    0.2210   9.005e-07  p
net422                      1.80    0.002    0.426    0.2272   8.996e-07  p
net377                      1.80    0.003    0.458    0.1868   8.991e-07  p
net528                      1.80    0.003    0.838    0.1894   8.989e-07  p
net674                      1.80    0.026    0.321    0.0215   8.950e-07  p
net680                      1.80    0.004    0.245    0.1556   8.944e-07  p
net487                      1.80    0.003    0.651    0.2116   8.933e-07  p
net960                      1.80    0.005    0.088    0.1190   8.896e-07  p
net193                      1.80    0.004    0.321    0.1247   8.846e-07  p
net832                      1.80    0.027    0.654    0.0204   8.825e-07  p
net549                      1.80    0.004    0.902    0.1222   8.802e-07  p
net383                      1.80    0.002    0.538    0.2674   8.802e-07  p
net833                      1.80    0.024    0.359    0.0227   8.770e-07  p
net536                      1.80    0.003    0.622    0.1594   8.705e-07  p
net294                      1.80    0.003    0.772    0.1568   8.570e-07  p
net638                      1.80    0.009    0.287    0.0574   8.477e-07  p
clknet_1_1__leaf_net289     1.80    0.004    0.337    0.1227   8.457e-07  p
net384                      1.80    0.002    0.688    0.2104   8.441e-07  p
net501                      1.80    0.002    0.389    0.2091   8.435e-07  p
net497                      1.80    0.003    0.650    0.1645   8.429e-07  p
net700                      1.80    0.004    0.543    0.1341   8.397e-07  p
net176                      1.80    0.006    0.880    0.0828   8.334e-07  p
net677                      1.80    0.011    0.252    0.0479   8.302e-07  p
net553                      1.80    0.004    0.687    0.1287   8.280e-07  p
clknet_1_0__leaf_net637     1.80    0.008    0.335    0.0669   8.253e-07  p
net651                      1.80    0.030    0.747    0.0169   8.253e-07  p
net482                      1.80    0.009    0.914    0.0572   8.229e-07  p
net656                      1.80    0.011    0.230    0.0453   8.181e-07  p
clknet_1_0__leaf_net675     1.80    0.010    0.278    0.0528   8.179e-07  p
net699                      1.80    0.004    0.454    0.1341   8.169e-07  p
net540                      1.80    0.002    0.581    0.2081   8.134e-07  p
net478                      1.80    0.003    0.638    0.1999   8.099e-07  p
net779                      1.80    0.005    0.500    0.1000   8.059e-07  a
net799                      1.80    0.005    0.500    0.1000   8.052e-07  a
net958                      1.80    0.004    0.115    0.1287   8.036e-07  p
clknet_1_0__leaf_net676     1.80    0.009    0.291    0.0561   7.987e-07  p
net704                      1.80    0.005    0.367    0.1074   7.945e-07  p
net927                      1.80    0.002    0.412    0.2025   7.925e-07  p
clknet_1_0__leaf_net290     1.80    0.003    0.854    0.1491   7.913e-07  p
net257                      1.80    0.024    0.950    0.0205   7.831e-07  p
net202                      1.80    0.004    0.499    0.1139   7.824e-07  p
net299                      1.80    0.004    0.632    0.1076   7.800e-07  p
net529                      1.80    0.006    0.470    0.0787   7.787e-07  p
net263                      1.80    0.002    0.620    0.2107   7.768e-07  p
net696                      1.80    0.013    0.185    0.0382   7.746e-07  p
net606                      1.80    0.022    0.949    0.0212   7.685e-07  p
net454                      1.80    0.002    0.473    0.2460   7.685e-07  p
clknet_1_1__leaf_net511     1.80    0.002    0.249    0.2063   7.675e-07  p
net181                      1.80    0.019    0.774    0.0244   7.654e-07  p
net182                      1.80    0.006    0.638    0.0787   7.648e-07  p
net429                      1.80    0.003    0.542    0.1402   7.626e-07  p
net592                      1.80    0.005    0.924    0.0873   7.550e-07  p
net531                      1.80    0.003    0.546    0.1723   7.534e-07  p
clknet_1_1__leaf_net392     1.80    0.021    0.754    0.0221   7.517e-07  p
clknet_1_1__leaf_net75      1.80    0.004    0.488    0.1241   7.453e-07  p
net195                      1.80    0.008    0.743    0.0546   7.427e-07  p
net147                      1.80    0.017    0.947    0.0270   7.398e-07  p
net854                      1.80    0.026    0.953    0.0179   7.389e-07  p
clknet_1_1__leaf_net638     1.80    0.008    0.287    0.0574   7.387e-07  p
clknet_1_1__leaf_net396     1.80    0.003    0.728    0.1338   7.379e-07  p
net916                      1.80    0.003    0.629    0.1450   7.371e-07  p
net79                       1.80    0.005    0.329    0.0988   7.313e-07  p
net394                      1.80    0.014    0.297    0.0319   7.213e-07  p
net169                      1.80    0.003    0.723    0.1722   7.209e-07  p
clknet_1_1__leaf_net314     1.80    0.003    0.490    0.1301   7.181e-07  p
net215                      1.80    0.003    0.544    0.1453   7.117e-07  p
net654                      1.80    0.010    0.233    0.0455   7.114e-07  p
clknet_1_0__leaf_net396     1.80    0.003    0.728    0.1338   7.082e-07  p
net959                      1.80    0.005    0.924    0.0873   7.052e-07  p
net419                      1.80    0.002    0.504    0.1902   6.973e-07  p
net248                      1.80    0.014    0.879    0.0318   6.960e-07  p
net174                      1.80    0.005    0.882    0.0821   6.917e-07  p
clknet_1_0__leaf_net638     1.80    0.007    0.287    0.0574   6.914e-07  p
clknet_1_0__leaf_net654     1.80    0.009    0.233    0.0455   6.870e-07  p
net243                      1.80    0.042    0.957    0.0102   6.869e-07  p
net541                      1.80    0.004    0.288    0.1096   6.818e-07  p
clknet_1_1__leaf_net656     1.80    0.009    0.230    0.0453   6.796e-07  p
net853                      1.80    0.020    0.048    0.0209   6.778e-07  p
net566                      1.80    0.002    0.693    0.1870   6.762e-07  p
net703                      1.80    0.004    0.632    0.1076   6.748e-07  p
net690                      1.80    0.019    0.384    0.0222   6.740e-07  p
net309                      1.80    0.002    0.611    0.1773   6.733e-07  p
net366                      1.80    0.005    0.077    0.0817   6.719e-07  p
net632                      1.80    0.025    0.225    0.0165   6.711e-07  p
clknet_1_0__leaf_net482     1.80    0.007    0.914    0.0572   6.701e-07  p
net593                      1.80    0.005    0.076    0.0873   6.693e-07  p
clknet_0_net392             1.80    0.019    0.754    0.0221   6.683e-07  p
net382                      1.80    0.002    0.392    0.1649   6.670e-07  p
net82                       1.80    0.002    0.765    0.1957   6.656e-07  p
net457                      1.80    0.003    0.383    0.1433   6.655e-07  p
net395                      1.80    0.003    0.641    0.1320   6.592e-07  p
clknet_1_0__leaf_net502     1.80    0.002    0.465    0.1769   6.565e-07  p
net956                      1.80    0.005    0.924    0.0873   6.552e-07  p
net249                      1.80    0.013    0.121    0.0318   6.537e-07  p
net775                      1.80    0.004    0.500    0.1000   6.427e-07  a
clknet_1_0__leaf_net289     1.80    0.003    0.337    0.1227   6.427e-07  p
net129                      1.80    0.003    0.646    0.1441   6.392e-07  p
net652                      1.80    0.020    0.337    0.0201   6.378e-07  p
net467                      1.80    0.002    0.560    0.2059   6.353e-07  p
net683                      1.80    0.005    0.486    0.0816   6.336e-07  p
net379                      1.80    0.002    0.385    0.1650   6.267e-07  p
clknet_1_1__leaf_net318     1.80    0.010    0.562    0.0376   6.212e-07  p
net542                      1.80    0.002    0.571    0.1541   6.170e-07  p
net495                      1.80    0.013    0.413    0.0294   6.165e-07  p
net813                      1.80    0.024    0.052    0.0160   6.152e-07  p
net302                      1.80    0.002    0.358    0.1531   6.142e-07  p
net535                      1.80    0.002    0.556    0.1829   6.135e-07  p
net297                      1.80    0.002    0.491    0.1713   6.131e-07  p
net653                      1.80    0.016    0.496    0.0237   6.122e-07  p
net458                      1.80    0.003    0.920    0.1183   6.044e-07  p
clknet_1_1__leaf_net504     1.80    0.002    0.403    0.1803   6.041e-07  p
clknet_1_0__leaf_net677     1.80    0.008    0.252    0.0479   6.037e-07  p
net579                      1.80    0.019    0.953    0.0199   6.012e-07  p
net475                      1.80    0.003    0.532    0.1092   5.942e-07  p
clknet_0_net838             1.80    0.018    0.961    0.0200   5.927e-07  p
net399                      1.80    0.003    0.603    0.1301   5.896e-07  p
clknet_1_0__leaf_net656     1.80    0.008    0.230    0.0453   5.786e-07  p
net485                      1.80    0.003    0.893    0.1044   5.725e-07  p
net524                      1.80    0.002    0.399    0.1768   5.718e-07  p
net512                      1.80    0.005    0.819    0.0768   5.645e-07  p
net503                      1.80    0.003    0.470    0.1101   5.628e-07  p
net318                      1.80    0.009    0.562    0.0376   5.558e-07  p
net612                      1.80    0.017    0.116    0.0196   5.539e-07  p
net778                      1.80    0.003    0.500    0.1000   5.523e-07  a
net93                       1.80    0.003    0.425    0.1245   5.453e-07  p
net392                      1.80    0.015    0.754    0.0221   5.451e-07  p
net610                      1.80    0.015    0.084    0.0227   5.372e-07  p
net518                      1.80    0.003    0.251    0.0965   5.341e-07  p
out13                       1.80    0.003    0.626    0.1255   5.309e-07  p
net608                      1.80    0.012    0.051    0.0267   5.306e-07  p
net165                      1.80    0.002    0.534    0.1461   5.302e-07  p
net532                      1.80    0.003    0.725    0.1057   5.275e-07  p
out57                       1.80    0.001    0.163    0.3386   5.263e-07  p
out89                       1.80    0.002    0.599    0.2116   5.213e-07  p
net671                      1.80    0.016    0.673    0.0203   5.190e-07  p
net513                      1.80    0.005    0.638    0.0633   5.136e-07  p
net509                      1.80    0.002    0.392    0.1486   5.111e-07  p
net411                      1.80    0.002    0.387    0.2006   5.111e-07  p
clknet_1_1__leaf_net420     1.80    0.003    0.211    0.1198   5.073e-07  p
net185                      1.80    0.002    0.604    0.1527   5.060e-07  p
net438                      1.80    0.029    0.019    0.0105   5.023e-07  p
net320                      1.80    0.002    0.480    0.1760   5.006e-07  p
net159                      1.80    0.002    0.218    0.1635   4.954e-07  p
out47                       1.80    0.001    0.621    0.2982   4.921e-07  p
net189                      1.80    0.003    0.734    0.1160   4.921e-07  p
net835                      1.80    0.018    0.471    0.0168   4.916e-07  p
net795                      1.80    0.003    0.500    0.1000   4.892e-07  a
net476                      1.80    0.002    0.814    0.1262   4.833e-07  p
net353                      1.80    0.004    0.305    0.0728   4.818e-07  p
net594                      1.80    0.003    0.881    0.0907   4.759e-07  p
net650                      1.80    0.018    0.242    0.0165   4.734e-07  p
net527                      1.80    0.003    0.728    0.1034   4.677e-07  p
clknet_1_0__leaf_net821     1.80    0.004    0.366    0.0740   4.674e-07  p
net310                      1.80    0.004    0.735    0.0802   4.653e-07  p
net815                      1.80    0.021    0.975    0.0135   4.627e-07  p
out63                       1.80    0.001    0.587    0.2513   4.609e-07  p
net682                      1.80    0.003    0.512    0.0816   4.594e-07  p
clknet_1_0__leaf_net420     1.80    0.002    0.211    0.1198   4.585e-07  p
net96                       1.80    0.017    0.529    0.0168   4.528e-07  p
net838                      1.80    0.014    0.961    0.0200   4.527e-07  p
net331                      1.80    0.016    0.018    0.0168   4.431e-07  p
net496                      1.80    0.002    0.524    0.1362   4.405e-07  p
net790                      1.80    0.003    0.500    0.1000   4.387e-07  a
clknet_1_1__leaf_net838     1.80    0.013    0.961    0.0200   4.362e-07  p
net245                      1.80    0.012    0.959    0.0227   4.349e-07  p
net957                      1.80    0.003    0.864    0.1042   4.305e-07  p
clknet_1_0__leaf_net838     1.80    0.013    0.961    0.0200   4.232e-07  p
net283                      1.80    0.003    0.659    0.0917   4.232e-07  p
net298                      1.80    0.002    0.573    0.1306   4.152e-07  p
net417                      1.80    0.011    0.579    0.0225   4.145e-07  p
net409                      1.80    0.002    0.291    0.1617   4.137e-07  p
clknet_1_1__leaf_net191     1.80    0.004    0.343    0.0695   4.128e-07  p
net613                      1.80    0.013    0.123    0.0196   4.126e-07  p
net439                      1.80    0.027    0.987    0.0094   4.113e-07  p
clknet_1_1__leaf_net398     1.80    0.003    0.379    0.0773   4.089e-07  p
clknet_1_1__leaf_net676     1.80    0.004    0.291    0.0561   4.072e-07  p
net519                      1.80    0.003    0.749    0.0965   4.049e-07  p
net138                      1.80    0.003    0.151    0.0773   4.038e-07  p
net591                      1.80    0.003    0.859    0.0841   4.035e-07  p
net694                      1.80    0.010    0.544    0.0253   3.932e-07  p
net84                       1.80    0.003    0.060    0.0735   3.874e-07  p
net164                      1.80    0.002    0.329    0.0988   3.810e-07  p
net947                      1.80    0.015    0.016    0.0156   3.797e-07  p
clknet_1_1__leaf_net821     1.80    0.003    0.366    0.0740   3.769e-07  p
net330                      1.80    0.022    0.019    0.0105   3.741e-07  p
net551                      1.80    0.004    0.032    0.0544   3.687e-07  p
net406                      1.80    0.008    0.744    0.0283   3.641e-07  p
net693                      1.80    0.010    0.631    0.0226   3.617e-07  p
net611                      1.80    0.014    0.016    0.0157   3.573e-07  p
out28                       1.80    0.001    0.364    0.3075   3.495e-07  p
net597                      1.80    0.002    0.369    0.0863   3.476e-07  p
out52                       1.80    0.001    0.542    0.2238   3.449e-07  p
clknet_0_net466             1.80    0.020    0.984    0.0107   3.447e-07  p
net194                      1.80    0.004    0.257    0.0546   3.423e-07  p
clknet_1_1__leaf_net677     1.80    0.004    0.252    0.0479   3.411e-07  p
net949                      1.80    0.006    0.242    0.0370   3.380e-07  p
out12                       1.80    0.001    0.432    0.2709   3.344e-07  p
net596                      1.80    0.002    0.631    0.0863   3.309e-07  p
net673                      1.80    0.009    0.437    0.0225   3.306e-07  p
net530                      1.80    0.002    0.577    0.0940   3.269e-07  p
net187                      1.80    0.011    0.060    0.0178   3.223e-07  p
net188                      1.80    0.003    0.677    0.0671   3.193e-07  p
net943                      1.80    0.009    0.435    0.0216   3.138e-07  p
out60                       1.80    0.001    0.690    0.1470   3.067e-07  p
net820                      1.80    0.017    0.574    0.0114   3.065e-07  p
net251                      1.80    0.012    0.016    0.0156   3.017e-07  p
net561                      1.80    0.002    0.299    0.0810   3.006e-07  p
net962                      1.80    0.008    0.435    0.0216   2.947e-07  p
net494                      1.80    0.006    0.587    0.0294   2.933e-07  p
out71                       1.80    0.001    0.584    0.2176   2.913e-07  p
net552                      1.80    0.003    0.968    0.0544   2.894e-07  p
net192                      1.80    0.002    0.678    0.0801   2.880e-07  p
net590                      1.80    0.008    0.969    0.0211   2.876e-07  p
net400                      1.80    0.003    0.796    0.0550   2.871e-07  p
net615                      1.80    0.013    0.025    0.0135   2.854e-07  p
net405                      1.80    0.002    0.379    0.0773   2.834e-07  p
clknet_1_0__leaf_net318     1.80    0.005    0.562    0.0376   2.830e-07  p
net416                      1.80    0.008    0.421    0.0225   2.794e-07  p
net689                      1.80    0.008    0.609    0.0224   2.750e-07  p
out42                       1.80    0.001    0.781    0.2806   2.658e-07  p
net448                      1.80    0.010    0.008    0.0160   2.612e-07  p
clknet_1_1__leaf_net482     1.80    0.003    0.914    0.0572   2.535e-07  p
out5                        1.80    0.001    0.322    0.1785   2.499e-07  p
out55                       1.80    0.001    0.508    0.1056   2.485e-07  p
net670                      1.80    0.007    0.319    0.0199   2.404e-07  p
out0                        1.80    0.001    0.452    0.1757   2.397e-07  p
net350                      1.80    0.007    0.051    0.0201   2.315e-07  p
net953                      1.80    0.004    0.121    0.0318   2.308e-07  p
clknet_1_0__leaf_net191     1.80    0.002    0.343    0.0695   2.267e-07  p
out36                       1.80    0.001    0.218    0.1635   2.189e-07  p
out25                       1.80    0.000    0.563    0.2698   2.172e-07  p
net607                      1.80    0.005    0.948    0.0270   2.153e-07  p
net669                      1.80    0.006    0.565    0.0237   2.132e-07  p
out9                        1.80    0.001    0.693    0.1837   2.119e-07  p
net616                      1.80    0.008    0.947    0.0161   2.115e-07  p
net186                      1.80    0.007    0.932    0.0185   2.062e-07  p
net435                      1.80    0.012    0.979    0.0108   2.053e-07  p
out1                        1.80    0.001    0.315    0.1541   2.031e-07  p
net573                      1.80    0.006    0.923    0.0212   1.916e-07  p
net691                      1.80    0.006    0.617    0.0204   1.882e-07  p
out82                       1.80    0.001    0.497    0.1932   1.871e-07  p
net514                      1.80    0.004    0.614    0.0295   1.863e-07  p
out58                       1.80    0.001    0.684    0.1391   1.858e-07  p
net197                      1.80    0.006    0.447    0.0181   1.750e-07  p
out73                       1.80    0.001    0.634    0.1230   1.690e-07  p
net618                      1.80    0.012    0.907    0.0089   1.679e-07  p
net267                      1.80    0.003    0.960    0.0386   1.659e-07  p
out8                        1.80    0.001    0.624    0.1239   1.634e-07  p
out78                       1.80    0.001    0.586    0.1375   1.601e-07  p
net589                      1.80    0.010    0.958    0.0099   1.578e-07  p
net466                      1.80    0.009    0.984    0.0107   1.575e-07  p
out99                       1.80    0.001    0.641    0.1660   1.572e-07  p
net955                      1.80    0.006    0.018    0.0168   1.501e-07  p
out98                       1.80    0.000    0.613    0.1981   1.498e-07  p
out17                       1.80    0.000    0.360    0.2101   1.471e-07  p
net617                      1.80    0.006    0.946    0.0160   1.470e-07  p
out3                        1.80    0.000    0.374    0.2164   1.463e-07  p
out88                       1.80    0.000    0.513    0.1923   1.453e-07  p
out50                       1.80    0.001    0.140    0.0838   1.443e-07  p
out90                       1.80    0.001    0.624    0.1671   1.425e-07  p
out33                       1.80    0.000    0.260    0.1771   1.418e-07  p
out45                       1.80    0.001    0.171    0.1062   1.390e-07  p
out31                       1.80    0.001    0.395    0.1265   1.329e-07  p
clknet_0_net463             1.80    0.019    0.995    0.0042   1.323e-07  p
out51                       1.80    0.000    0.608    0.1903   1.302e-07  p
net831                      1.80    0.007    0.399    0.0119   1.285e-07  p
net668                      1.80    0.003    0.422    0.0235   1.266e-07  p
net582                      1.80    0.007    0.979    0.0108   1.255e-07  p
net951                      1.80    0.007    0.019    0.0105   1.239e-07  p
net385                      1.80    0.003    0.675    0.0238   1.221e-07  p
net692                      1.80    0.004    0.374    0.0199   1.205e-07  p
out56                       1.80    0.001    0.386    0.1447   1.184e-07  p
out11                       1.80    0.001    0.454    0.0958   1.183e-07  p
net574                      1.80    0.003    0.077    0.0209   1.182e-07  p
net161                      1.80    0.003    0.965    0.0213   1.121e-07  p
out93                       1.80    0.001    0.570    0.1297   1.115e-07  p
net463                      1.80    0.016    0.995    0.0042   1.113e-07  p
out14                       1.80    0.000    0.550    0.1607   1.101e-07  p
net948                      1.80    0.004    0.225    0.0165   1.100e-07  p
net578                      1.80    0.003    0.047    0.0196   1.078e-07  p
net89                       1.80    0.005    0.575    0.0129   1.062e-07  p
out80                       1.80    0.001    0.559    0.1253   1.057e-07  p
net86                       1.80    0.004    0.225    0.0165   1.030e-07  p
out76                       1.80    0.001    0.512    0.1073   1.018e-07  p
net827                      1.80    0.005    0.590    0.0116   1.016e-07  p
out6                        1.80    0.001    0.876    0.0908   9.979e-08  p
out79                       1.80    0.000    0.450    0.1278   9.771e-08  p
net950                      1.80    0.003    0.556    0.0238   9.762e-08  p
out2                        1.80    0.001    0.076    0.0873   9.368e-08  p
out22                       1.80    0.000    0.365    0.1270   9.181e-08  p
net581                      1.80    0.005    0.019    0.0105   9.170e-08  p
out65                       1.80    0.001    0.342    0.0685   9.129e-08  p
out16                       1.80    0.001    0.078    0.0587   9.024e-08  p
clknet_1_1__leaf_net466     1.80    0.005    0.984    0.0107   8.892e-08  p
net287                      1.80    0.003    0.428    0.0203   8.883e-08  p
net672                      1.80    0.003    0.436    0.0216   8.792e-08  p
net196                      1.80    0.003    0.553    0.0181   8.754e-08  p
out7                        1.80    0.001    0.348    0.0988   8.508e-08  p
net407                      1.80    0.002    0.067    0.0256   8.453e-08  p
out30                       1.80    0.000    0.571    0.1202   8.161e-08  p
clknet_1_0__leaf_net463     1.80    0.011    0.995    0.0042   7.344e-08  p
net952                      1.80    0.004    0.957    0.0102   6.709e-08  p
out27                       1.80    0.001    0.366    0.0740   6.665e-08  p
net277                      1.80    0.003    0.016    0.0156   6.585e-08  p
clknet_1_0__leaf_net466     1.80    0.004    0.984    0.0107   6.362e-08  p
clknet_1_1__leaf_net463     1.80    0.009    0.995    0.0042   5.966e-08  p
net98                       1.80    0.003    0.994    0.0107   4.944e-08  p
net236                      1.80    0.003    0.957    0.0102   4.571e-08  p
out15                       1.80    0.001    0.071    0.0285   3.864e-08  p
net445                      1.80    0.013    0.998    0.0019   3.859e-08  p
out10                       1.80    0.001    0.113    0.0343   3.295e-08  p
out26                       1.80    0.002    0.574    0.0114   3.158e-08  p
out32                       1.80    0.002    0.590    0.0116   2.825e-08  p
net460                      1.80    0.004    0.996    0.0039   2.777e-08  p
out69                       1.80    0.001    0.953    0.0179   2.754e-08  p
out68                       1.80    0.001    0.048    0.0209   2.752e-08  p
net272                      1.80    0.000    0.185    0.0379   2.737e-08  pm
out48                       1.80    0.001    0.961    0.0200   2.607e-08  p
net444                      1.80    0.008    0.002    0.0019   2.408e-08  p
out23                       1.80    0.001    0.556    0.0238   2.330e-08  p
out44                       1.80    0.001    0.471    0.0168   2.242e-08  p
out41                       1.80    0.001    0.359    0.0227   2.050e-08  p
out53                       1.80    0.001    0.970    0.0196   1.918e-08  p
out35                       1.80    0.001    0.560    0.0215   1.839e-08  p
out85                       1.80    0.001    0.950    0.0214   1.826e-08  p
out87                       1.80    0.000    0.048    0.0209   1.644e-08  p
out29                       1.80    0.001    0.978    0.0200   1.640e-08  p
out75                       1.80    0.000    0.048    0.0209   1.581e-08  p
out24                       1.80    0.001    0.965    0.0173   1.537e-08  p
out40                       1.80    0.000    0.654    0.0203   1.526e-08  p
out84                       1.80    0.000    0.964    0.0206   1.520e-08  p
out70                       1.80    0.001    0.768    0.0170   1.466e-08  p
out19                       1.80    0.001    0.052    0.0160   1.297e-08  p
out21                       1.80    0.001    0.975    0.0135   1.225e-08  p
out38                       1.80    0.000    0.399    0.0119   8.875e-09  p
--------------------------------------------------------------------------------
Total (1228 nets)                                              5.114e-03 Watt



                                      Int      Switch   Leak      Total
Hierarchy                             Power    Power    Power     Power    %
--------------------------------------------------------------------------------
netlist_1                             6.15e-03 5.11e-03 9.08e-09  1.13e-02 100.0
1
