****************************************
Report : Averaged Power
	-net_power
	-hierarchy
	-sort_by net_switching_power
	-power_greater_than       0
	-nosplit
Design : netlist_1
Version: Q-2019.12-SP1
Date   : Sun Jul 28 21:16:49 2024
****************************************



  Attributes
  ----------
      a  -  Switching activity information / Switching power information annotated on net
      p  -  Propagated switching activity information on net
      d  -  Default switching activity used on net
      u  -  Net switching activity uninitialized
      m  -  Net is driven by multiple pins
      b  -  Net is a primary input (boundary net)

		Toggle rates reported with respect to time unit 1ns
--------------------------------------------------------------------------------
                                  Total      Static   Toggle   Switching
Net                         Vdd   Net Load   Prob.    Rate     Power      Attrs
--------------------------------------------------------------------------------
net123                      1.80    0.107    0.499    0.4495   7.767e-05  p
net884                      1.80    0.097    0.625    0.4707   7.406e-05  p
net882                      1.80    0.127    0.534    0.2671   5.490e-05  p
net218                      1.80    0.090    0.568    0.3612   5.268e-05  p
net883                      1.80    0.112    0.528    0.2821   5.116e-05  p
net880                      1.80    0.080    0.361    0.3516   4.557e-05  p
net28                       1.80    0.108    0.591    0.2468   4.330e-05  p
net13                       1.80    0.135    0.574    0.1963   4.301e-05  p
net108                      1.80    0.044    0.503    0.5614   4.001e-05  p
net437                      1.80    0.086    0.698    0.2771   3.869e-05  p
net878                      1.80    0.065    0.505    0.3584   3.801e-05  p
net345                      1.80    0.061    0.491    0.3707   3.673e-05  p
net19                       1.80    0.065    0.499    0.3419   3.623e-05  p
net851                      1.80    0.066    0.163    0.3386   3.596e-05  p
net881                      1.80    0.070    0.364    0.3075   3.498e-05  p
net877                      1.80    0.091    0.585    0.2338   3.431e-05  p
net102                      1.80    0.054    0.515    0.3861   3.355e-05  p
clknet_0_clk                1.80    0.205    0.500    0.1000   3.315e-05  a
net891                      1.80    0.099    0.579    0.2041   3.284e-05  p
net15                       1.80    0.065    0.510    0.2723   2.869e-05  p
net837                      1.80    0.059    0.621    0.2982   2.863e-05  p
net126                      1.80    0.064    0.534    0.2671   2.784e-05  p
net110                      1.80    0.036    0.625    0.4707   2.734e-05  p
net434                      1.80    0.059    0.638    0.2830   2.723e-05  p
net5                        1.80    0.075    0.465    0.2084   2.531e-05  p
net143                      1.80    0.075    0.222    0.2023   2.447e-05  p
net326                      1.80    0.049    0.729    0.2997   2.385e-05  p
net146                      1.80    0.048    0.358    0.2989   2.341e-05  p
net325                      1.80    0.041    0.498    0.3533   2.335e-05  p
net116                      1.80    0.050    0.528    0.2821   2.305e-05  p
net230                      1.80    0.036    0.436    0.3948   2.285e-05  p
net908                      1.80    0.141    0.500    0.1000   2.283e-05  a
net104                      1.80    0.068    0.618    0.2051   2.251e-05  p
net254                      1.80    0.046    0.131    0.2970   2.228e-05  p
net112                      1.80    0.077    0.622    0.1748   2.188e-05  p
net137                      1.80    0.080    0.486    0.1650   2.132e-05  p
net468                      1.80    0.062    0.323    0.2094   2.119e-05  p
net323                      1.80    0.030    0.506    0.4319   2.112e-05  p
net101                      1.80    0.046    0.220    0.2806   2.091e-05  p
net808                      1.80    0.102    0.626    0.1255   2.069e-05  p
net890                      1.80    0.045    0.492    0.2765   2.031e-05  p
net850                      1.80    0.049    0.587    0.2513   2.007e-05  p
net885                      1.80    0.089    0.684    0.1391   2.001e-05  p
net849                      1.80    0.083    0.690    0.1470   1.978e-05  p
net211                      1.80    0.042    0.570    0.2893   1.966e-05  p
net721                      1.80    0.120    0.500    0.1000   1.944e-05  a
net876                      1.80    0.084    0.207    0.1424   1.940e-05  p
net904                      1.80    0.096    0.624    0.1239   1.937e-05  p
net834                      1.80    0.042    0.780    0.2806   1.931e-05  p
net846                      1.80    0.035    0.163    0.3386   1.909e-05  p
net262                      1.80    0.071    0.309    0.1646   1.901e-05  p
net275                      1.80    0.064    0.249    0.1827   1.896e-05  p
net770                      1.80    0.116    0.500    0.1000   1.887e-05  a
net87                       1.80    0.034    0.163    0.3386   1.886e-05  p
net440                      1.80    0.070    0.116    0.1652   1.878e-05  p
net819                      1.80    0.042    0.563    0.2698   1.834e-05  p
net726                      1.80    0.112    0.500    0.1000   1.816e-05  a
net227                      1.80    0.031    0.556    0.3475   1.759e-05  p
net879                      1.80    0.059    0.755    0.1819   1.736e-05  p
net106                      1.80    0.038    0.492    0.2765   1.692e-05  p
net393                      1.80    0.050    0.551    0.2089   1.684e-05  p
net822                      1.80    0.034    0.364    0.3075   1.678e-05  p
net886                      1.80    0.036    0.554    0.2874   1.671e-05  p
net715                      1.80    0.103    0.500    0.1000   1.667e-05  a
net240                      1.80    0.037    0.308    0.2763   1.656e-05  p
net967                      1.80    0.082    0.624    0.1239   1.653e-05  p
net338                      1.80    0.049    0.579    0.2041   1.607e-05  p
net599                      1.80    0.043    0.561    0.2307   1.597e-05  pm
net907                      1.80    0.097    0.500    0.1000   1.577e-05  a
net646                      1.80    0.080    0.612    0.1213   1.574e-05  p
net226                      1.80    0.075    0.115    0.1287   1.562e-05  p
net109                      1.80    0.020    0.505    0.4696   1.549e-05  p
net214                      1.80    0.027    0.505    0.3584   1.548e-05  p
net892                      1.80    0.051    0.693    0.1837   1.529e-05  p
net233                      1.80    0.075    0.666    0.1252   1.524e-05  p
net231                      1.80    0.073    0.115    0.1287   1.524e-05  p
net902                      1.80    0.075    0.624    0.1239   1.513e-05  p
net120                      1.80    0.017    0.543    0.5363   1.510e-05  p
net12                       1.80    0.063    0.630    0.1469   1.508e-05  p
net903                      1.80    0.075    0.624    0.1239   1.505e-05  p
net115                      1.80    0.032    0.554    0.2874   1.501e-05  p
net773                      1.80    0.092    0.500    0.1000   1.498e-05  a
net339                      1.80    0.037    0.671    0.2491   1.486e-05  p
net63                       1.80    0.040    0.642    0.2274   1.479e-05  p
net103                      1.80    0.033    0.476    0.2721   1.471e-05  p
net23                       1.80    0.019    0.505    0.4696   1.467e-05  p
net909                      1.80    0.029    0.497    0.3101   1.454e-05  p
net160                      1.80    0.062    0.477    0.1401   1.414e-05  p
net27                       1.80    0.028    0.497    0.3101   1.413e-05  p
net122                      1.80    0.044    0.644    0.1957   1.404e-05  p
net814                      1.80    0.099    0.076    0.0873   1.396e-05  p
net905                      1.80    0.086    0.500    0.1000   1.390e-05  a
net39                       1.80    0.067    0.450    0.1278   1.383e-05  p
net124                      1.80    0.050    0.530    0.1714   1.376e-05  p
net222                      1.80    0.025    0.434    0.3429   1.374e-05  p
net900                      1.80    0.071    0.554    0.1201   1.373e-05  p
net895                      1.80    0.053    0.379    0.1593   1.357e-05  p
net893                      1.80    0.052    0.379    0.1593   1.347e-05  p
net48                       1.80    0.036    0.631    0.2308   1.344e-05  p
net912                      1.80    0.034    0.398    0.2413   1.343e-05  p
net21                       1.80    0.040    0.655    0.2065   1.337e-05  p
net940                      1.80    0.045    0.693    0.1837   1.335e-05  p
net901                      1.80    0.066    0.624    0.1239   1.334e-05  p
net118                      1.80    0.017    0.593    0.4925   1.323e-05  p
clknet_0_net207             1.80    0.019    0.301    0.4263   1.320e-05  p
net658                      1.80    0.038    0.509    0.2153   1.310e-05  p
net432                      1.80    0.030    0.633    0.2661   1.305e-05  p
net749                      1.80    0.081    0.500    0.1000   1.304e-05  a
clknet_1_0__leaf_net824     1.80    0.036    0.374    0.2164   1.279e-05  p
net707                      1.80    0.078    0.500    0.1000   1.262e-05  a
clknet_1_0__leaf_net812     1.80    0.037    0.360    0.2101   1.250e-05  p
clknet_4_14_0_clk           1.80    0.076    0.500    0.1000   1.239e-05  a
net336                      1.80    0.034    0.457    0.2191   1.224e-05  p
net335                      1.80    0.041    0.575    0.1818   1.215e-05  p
net10                       1.80    0.062    0.634    0.1208   1.209e-05  p
net889                      1.80    0.040    0.702    0.1879   1.207e-05  p
clknet_1_1__leaf_net380     1.80    0.052    0.400    0.1431   1.205e-05  p
net351                      1.80    0.043    0.773    0.1730   1.200e-05  p
net918                      1.80    0.038    0.717    0.1936   1.197e-05  p
net830                      1.80    0.045    0.218    0.1635   1.193e-05  p
net156                      1.80    0.044    0.402    0.1642   1.170e-05  p
net939                      1.80    0.039    0.693    0.1837   1.169e-05  p
net629                      1.80    0.044    0.116    0.1652   1.165e-05  p
net213                      1.80    0.031    0.497    0.2332   1.158e-05  p
net894                      1.80    0.045    0.379    0.1593   1.156e-05  p
net232                      1.80    0.057    0.334    0.1252   1.154e-05  p
net31                       1.80    0.045    0.555    0.1566   1.144e-05  p
net787                      1.80    0.071    0.500    0.1000   1.144e-05  a
net792                      1.80    0.070    0.500    0.1000   1.141e-05  a
net140                      1.80    0.016    0.678    0.4304   1.141e-05  p
net17                       1.80    0.044    0.658    0.1605   1.139e-05  p
net750                      1.80    0.070    0.500    0.1000   1.137e-05  a
net97                       1.80    0.021    0.163    0.3386   1.136e-05  p
net220                      1.80    0.020    0.527    0.3449   1.129e-05  p
net801                      1.80    0.069    0.500    0.1000   1.122e-05  a
net941                      1.80    0.037    0.702    0.1879   1.114e-05  p
net719                      1.80    0.069    0.500    0.1000   1.114e-05  a
clknet_4_15_0_clk           1.80    0.068    0.500    0.1000   1.100e-05  a
net22                       1.80    0.052    0.553    0.1296   1.097e-05  p
net327                      1.80    0.021    0.300    0.3251   1.087e-05  p
clknet_4_0_0_clk            1.80    0.066    0.500    0.1000   1.065e-05  a
net839                      1.80    0.037    0.322    0.1785   1.059e-05  p
clknet_4_1_0_clk            1.80    0.065    0.500    0.1000   1.058e-05  a
clknet_1_0__leaf_net291     1.80    0.051    0.408    0.1275   1.053e-05  p
clknet_4_11_0_clk           1.80    0.064    0.500    0.1000   1.039e-05  a
net824                      1.80    0.030    0.374    0.2164   1.036e-05  p
net37                       1.80    0.050    0.628    0.1268   1.030e-05  p
net666                      1.80    0.043    0.521    0.1482   1.025e-05  p
net663                      1.80    0.050    0.683    0.1258   1.012e-05  p
net804                      1.80    0.041    0.315    0.1541   1.011e-05  p
net173                      1.80    0.045    0.261    0.1378   1.005e-05  p
net848                      1.80    0.068    0.876    0.0908   1.003e-05  p
net11                       1.80    0.029    0.497    0.2099   1.001e-05  p
net906                      1.80    0.061    0.500    0.1000   9.944e-06  a
clknet_4_8_0_clk            1.80    0.061    0.500    0.1000   9.941e-06  a
net207                      1.80    0.014    0.301    0.4263   9.889e-06  p
net860                      1.80    0.057    0.512    0.1073   9.886e-06  p
net50                       1.80    0.050    0.554    0.1201   9.759e-06  p
net81                       1.80    0.018    0.163    0.3386   9.644e-06  p
net917                      1.80    0.032    0.755    0.1819   9.535e-06  p
net114                      1.80    0.022    0.538    0.2676   9.499e-06  p
net744                      1.80    0.059    0.500    0.1000   9.482e-06  a
net219                      1.80    0.024    0.644    0.2467   9.442e-06  p
net34                       1.80    0.044    0.647    0.1314   9.415e-06  p
net648                      1.80    0.039    0.606    0.1474   9.370e-06  p
net796                      1.80    0.058    0.500    0.1000   9.369e-06  a
net47                       1.80    0.020    0.542    0.2857   9.324e-06  p
net631                      1.80    0.031    0.153    0.1884   9.320e-06  p
net752                      1.80    0.057    0.500    0.1000   9.306e-06  a
net963                      1.80    0.019    0.497    0.3101   9.302e-06  p
net922                      1.80    0.031    0.693    0.1837   9.231e-06  p
net130                      1.80    0.035    0.218    0.1635   9.213e-06  p
net58                       1.80    0.033    0.664    0.1707   9.191e-06  p
net807                      1.80    0.021    0.432    0.2709   9.106e-06  p
net216                      1.80    0.017    0.493    0.3255   9.091e-06  p
net598                      1.80    0.019    0.230    0.2908   9.083e-06  p
net847                      1.80    0.040    0.684    0.1391   9.061e-06  p
net155                      1.80    0.024    0.585    0.2338   9.043e-06  p
net271                      1.80    0.017    0.639    0.3195   9.021e-06  p
net41                       1.80    0.027    0.412    0.2025   9.016e-06  p
net525                      1.80    0.023    0.682    0.2389   9.015e-06  p
net332                      1.80    0.064    0.924    0.0873   9.007e-06  p
net247                      1.80    0.035    0.819    0.1578   8.933e-06  p
net431                      1.80    0.019    0.554    0.2874   8.900e-06  p
net740                      1.80    0.055    0.500    0.1000   8.879e-06  a
net887                      1.80    0.029    0.702    0.1879   8.841e-06  p
clknet_1_0__leaf_net380     1.80    0.038    0.400    0.1431   8.832e-06  p
clknet_4_10_0_clk           1.80    0.054    0.500    0.1000   8.778e-06  a
net358                      1.80    0.019    0.657    0.2873   8.777e-06  p
net560                      1.80    0.015    0.671    0.3504   8.747e-06  p
net803                      1.80    0.030    0.452    0.1757   8.565e-06  p
net628                      1.80    0.034    0.270    0.1562   8.546e-06  p
net708                      1.80    0.053    0.500    0.1000   8.526e-06  a
net812                      1.80    0.025    0.360    0.2101   8.520e-06  p
net725                      1.80    0.052    0.500    0.1000   8.438e-06  a
net234                      1.80    0.037    0.207    0.1424   8.426e-06  p
net738                      1.80    0.052    0.500    0.1000   8.420e-06  a
net869                      1.80    0.027    0.513    0.1923   8.356e-06  p
net965                      1.80    0.033    0.555    0.1566   8.333e-06  p
net762                      1.80    0.051    0.500    0.1000   8.263e-06  a
net259                      1.80    0.029    0.783    0.1761   8.225e-06  p
net225                      1.80    0.018    0.480    0.2855   8.175e-06  p
net265                      1.80    0.030    0.116    0.1652   8.145e-06  p
net132                      1.80    0.015    0.415    0.3404   8.101e-06  p
clknet_0_net824             1.80    0.023    0.374    0.2164   8.063e-06  p
net269                      1.80    0.014    0.361    0.3516   8.053e-06  p
net888                      1.80    0.026    0.702    0.1879   8.042e-06  p
net51                       1.80    0.036    0.590    0.1378   7.985e-06  p
net898                      1.80    0.041    0.554    0.1201   7.962e-06  p
net723                      1.80    0.049    0.500    0.1000   7.876e-06  a
net489                      1.80    0.027    0.537    0.1767   7.799e-06  p
net303                      1.80    0.019    0.349    0.2508   7.745e-06  p
net46                       1.80    0.020    0.585    0.2414   7.709e-06  p
net60                       1.80    0.022    0.679    0.2130   7.696e-06  p
clknet_0_net401             1.80    0.020    0.610    0.2365   7.676e-06  p
net183                      1.80    0.032    0.762    0.1476   7.665e-06  p
net128                      1.80    0.014    0.496    0.3283   7.640e-06  p
net8                        1.80    0.025    0.497    0.1912   7.618e-06  p
net863                      1.80    0.038    0.624    0.1239   7.557e-06  p
clknet_4_12_0_clk           1.80    0.046    0.500    0.1000   7.510e-06  a
net556                      1.80    0.012    0.330    0.3705   7.315e-06  p
clknet_0_net812             1.80    0.021    0.360    0.2101   7.302e-06  p
clknet_1_1__leaf_net207     1.80    0.011    0.301    0.4263   7.299e-06  p
net270                      1.80    0.035    0.559    0.1277   7.294e-06  p
net968                      1.80    0.035    0.628    0.1268   7.260e-06  p
clknet_1_1__leaf_net812     1.80    0.021    0.360    0.2101   7.242e-06  p
net433                      1.80    0.021    0.759    0.2126   7.212e-06  p
net630                      1.80    0.045    0.329    0.0988   7.208e-06  p
net250                      1.80    0.015    0.127    0.2917   7.164e-06  p
net745                      1.80    0.044    0.500    0.1000   7.149e-06  a
net348                      1.80    0.013    0.545    0.3290   7.140e-06  p
net861                      1.80    0.032    0.586    0.1375   7.100e-06  p
net241                      1.80    0.034    0.365    0.1295   7.064e-06  p
net756                      1.80    0.044    0.500    0.1000   7.063e-06  a
clknet_4_3_0_clk            1.80    0.044    0.500    0.1000   7.052e-06  a
net649                      1.80    0.026    0.338    0.1666   7.038e-06  p
net899                      1.80    0.036    0.554    0.1201   7.021e-06  p
clknet_4_2_0_clk            1.80    0.043    0.500    0.1000   6.973e-06  a
net826                      1.80    0.034    0.395    0.1265   6.972e-06  p
net713                      1.80    0.043    0.500    0.1000   6.971e-06  a
net288                      1.80    0.020    0.496    0.2137   6.938e-06  p
net471                      1.80    0.023    0.828    0.1890   6.933e-06  p
net78                       1.80    0.021    0.665    0.2003   6.835e-06  p
net344                      1.80    0.014    0.600    0.2966   6.813e-06  p
net873                      1.80    0.032    0.570    0.1297   6.742e-06  p
net763                      1.80    0.042    0.500    0.1000   6.725e-06  a
clknet_0_net511             1.80    0.020    0.249    0.2063   6.718e-06  p
clknet_4_4_0_clk            1.80    0.041    0.500    0.1000   6.667e-06  a
net966                      1.80    0.034    0.634    0.1208   6.665e-06  p
net728                      1.80    0.041    0.500    0.1000   6.640e-06  a
net328                      1.80    0.014    0.643    0.2845   6.637e-06  p
net212                      1.80    0.015    0.611    0.2793   6.619e-06  p
net273                      1.80    0.012    0.457    0.3318   6.600e-06  p
net210                      1.80    0.011    0.386    0.3676   6.599e-06  p
net685                      1.80    0.030    0.661    0.1312   6.473e-06  p
net688                      1.80    0.024    0.618    0.1679   6.438e-06  p
net845                      1.80    0.027    0.386    0.1447   6.409e-06  p
net56                       1.80    0.017    0.550    0.2289   6.405e-06  p
net641                      1.80    0.021    0.621    0.1883   6.387e-06  p
net35                       1.80    0.030    0.631    0.1292   6.377e-06  p
clknet_0_net521             1.80    0.021    0.852    0.1874   6.375e-06  p
net430                      1.80    0.011    0.502    0.3628   6.373e-06  p
clknet_1_1__leaf_net809     1.80    0.024    0.550    0.1607   6.304e-06  p
net148                      1.80    0.024    0.730    0.1591   6.297e-06  p
clknet_1_0__leaf_net521     1.80    0.021    0.852    0.1874   6.292e-06  p
net557                      1.80    0.038    0.500    0.1000   6.235e-06  a
net771                      1.80    0.038    0.500    0.1000   6.163e-06  a
net657                      1.80    0.018    0.488    0.2153   6.150e-06  p
net871                      1.80    0.021    0.693    0.1837   6.127e-06  p
clknet_0_net504             1.80    0.021    0.403    0.1803   6.094e-06  p
net788                      1.80    0.038    0.500    0.1000   6.089e-06  a
net910                      1.80    0.012    0.497    0.3101   6.081e-06  p
net865                      1.80    0.019    0.497    0.1932   6.068e-06  p
net52                       1.80    0.029    0.456    0.1290   6.058e-06  p
net784                      1.80    0.037    0.500    0.1000   6.053e-06  a
net242                      1.80    0.029    0.635    0.1295   6.040e-06  p
net38                       1.80    0.015    0.641    0.2440   6.034e-06  p
net201                      1.80    0.020    0.667    0.1815   6.019e-06  p
net371                      1.80    0.020    0.153    0.1884   6.009e-06  p
net645                      1.80    0.013    0.367    0.2849   6.007e-06  p
net113                      1.80    0.024    0.625    0.1530   6.001e-06  p
clknet_1_1__leaf_net291     1.80    0.029    0.408    0.1275   5.987e-06  p
net555                      1.80    0.014    0.582    0.2616   5.956e-06  p
net45                       1.80    0.014    0.456    0.2625   5.918e-06  p
net178                      1.80    0.039    0.425    0.0919   5.877e-06  p
net246                      1.80    0.023    0.181    0.1576   5.852e-06  p
net758                      1.80    0.036    0.500    0.1000   5.839e-06  a
net25                       1.80    0.024    0.672    0.1529   5.826e-06  p
net766                      1.80    0.036    0.500    0.1000   5.799e-06  a
clknet_0_net286             1.80    0.019    0.369    0.1874   5.798e-06  p
clknet_1_0__leaf_net207     1.80    0.008    0.301    0.4263   5.791e-06  p
net642                      1.80    0.019    0.376    0.1883   5.758e-06  p
net127                      1.80    0.015    0.565    0.2416   5.750e-06  p
clknet_0_net522             1.80    0.020    0.699    0.1755   5.736e-06  p
clknet_4_7_0_clk            1.80    0.035    0.500    0.1000   5.736e-06  a
net761                      1.80    0.035    0.500    0.1000   5.709e-06  a
net864                      1.80    0.028    0.559    0.1253   5.660e-06  p
net724                      1.80    0.035    0.500    0.1000   5.622e-06  a
net378                      1.80    0.021    0.380    0.1605   5.591e-06  p
net149                      1.80    0.018    0.649    0.1963   5.583e-06  p
net627                      1.80    0.023    0.350    0.1511   5.554e-06  p
net121                      1.80    0.011    0.689    0.3061   5.481e-06  p
clknet_4_6_0_clk            1.80    0.034    0.500    0.1000   5.454e-06  a
net134                      1.80    0.017    0.717    0.1936   5.446e-06  p
net206                      1.80    0.012    0.515    0.2872   5.434e-06  p
clknet_0_net841             1.80    0.018    0.608    0.1903   5.423e-06  p
net921                      1.80    0.017    0.717    0.1936   5.412e-06  p
net401                      1.80    0.014    0.610    0.2365   5.374e-06  p
net221                      1.80    0.008    0.513    0.4014   5.372e-06  p
net747                      1.80    0.033    0.500    0.1000   5.344e-06  a
net875                      1.80    0.020    0.641    0.1660   5.342e-06  p
clknet_0_net502             1.80    0.019    0.465    0.1769   5.338e-06  p
net764                      1.80    0.033    0.500    0.1000   5.325e-06  a
net510                      1.80    0.019    0.624    0.1763   5.318e-06  p
net14                       1.80    0.011    0.498    0.2898   5.207e-06  p
net759                      1.80    0.032    0.500    0.1000   5.167e-06  a
net809                      1.80    0.020    0.550    0.1607   5.162e-06  p
net357                      1.80    0.018    0.452    0.1757   5.140e-06  p
net872                      1.80    0.019    0.624    0.1671   5.133e-06  p
net441                      1.80    0.009    0.354    0.3365   5.116e-06  p
clknet_4_13_0_clk           1.80    0.031    0.500    0.1000   5.094e-06  a
clknet_0_net204             1.80    0.019    0.411    0.1603   5.053e-06  p
clknet_0_net809             1.80    0.019    0.550    0.1607   5.039e-06  p
net925                      1.80    0.017    0.693    0.1837   5.035e-06  p
net841                      1.80    0.016    0.608    0.1903   5.030e-06  p
net117                      1.80    0.016    0.711    0.1982   5.012e-06  p
net587                      1.80    0.009    0.391    0.3282   4.971e-06  p
net342                      1.80    0.023    0.275    0.1357   4.969e-06  p
clknet_1_1__leaf_net473     1.80    0.023    0.797    0.1328   4.959e-06  p
net932                      1.80    0.016    0.702    0.1879   4.957e-06  p
clknet_0_net380             1.80    0.021    0.400    0.1431   4.922e-06  p
clknet_4_5_0_clk            1.80    0.030    0.500    0.1000   4.911e-06  a
net260                      1.80    0.018    0.309    0.1646   4.892e-06  p
net131                      1.80    0.017    0.755    0.1819   4.886e-06  p
clknet_0_net473             1.80    0.023    0.797    0.1328   4.882e-06  p
net54                       1.80    0.015    0.524    0.2044   4.881e-06  p
clknet_0_net290             1.80    0.020    0.854    0.1491   4.792e-06  p
net679                      1.80    0.027    0.666    0.1099   4.792e-06  p
net329                      1.80    0.034    0.924    0.0873   4.767e-06  p
clknet_1_0__leaf_net317     1.80    0.030    0.247    0.0974   4.749e-06  p
net356                      1.80    0.007    0.466    0.4106   4.730e-06  p
clknet_0_net459             1.80    0.020    0.387    0.1426   4.726e-06  p
net32                       1.80    0.023    0.714    0.1289   4.711e-06  p
net717                      1.80    0.029    0.500    0.1000   4.708e-06  a
net370                      1.80    0.021    0.460    0.1384   4.706e-06  p
net742                      1.80    0.029    0.500    0.1000   4.680e-06  a
net20                       1.80    0.021    0.539    0.1368   4.677e-06  p
net684                      1.80    0.041    0.809    0.0702   4.664e-06  p
net67                       1.80    0.048    0.638    0.0602   4.656e-06  p
net171                      1.80    0.021    0.261    0.1378   4.655e-06  p
net797                      1.80    0.029    0.500    0.1000   4.628e-06  a
net0                        1.80    0.024    0.533    0.1166   4.627e-06  p
net736                      1.80    0.029    0.500    0.1000   4.625e-06  a
net16                       1.80    0.015    0.498    0.1892   4.619e-06  p
net709                      1.80    0.028    0.500    0.1000   4.589e-06  a
clknet_0_net94              1.80    0.020    0.295    0.1439   4.588e-06  p
clknet_1_1__leaf_net841     1.80    0.015    0.608    0.1903   4.575e-06  p
net80                       1.80    0.028    0.620    0.0993   4.575e-06  p
net785                      1.80    0.028    0.500    0.1000   4.549e-06  a
net507                      1.80    0.008    0.690    0.3523   4.547e-06  p
net280                      1.80    0.014    0.244    0.1988   4.547e-06  p
net59                       1.80    0.015    0.588    0.1841   4.545e-06  p
net712                      1.80    0.028    0.500    0.1000   4.535e-06  a
net6                        1.80    0.017    0.623    0.1641   4.533e-06  p
net376                      1.80    0.016    0.639    0.1706   4.530e-06  p
net521                      1.80    0.015    0.852    0.1874   4.518e-06  p
net664                      1.80    0.013    0.671    0.2083   4.510e-06  p
net858                      1.80    0.023    0.634    0.1230   4.509e-06  p
clknet_1_0__leaf_net816     1.80    0.022    0.365    0.1270   4.486e-06  p
net264                      1.80    0.009    0.872    0.2920   4.468e-06  p
net936                      1.80    0.015    0.755    0.1819   4.459e-06  p
net43                       1.80    0.014    0.617    0.1901   4.415e-06  p
clknet_1_0__leaf_net809     1.80    0.017    0.550    0.1607   4.411e-06  p
net24                       1.80    0.019    0.629    0.1450   4.398e-06  p
net29                       1.80    0.022    0.629    0.1219   4.384e-06  p
clknet_4_9_0_clk            1.80    0.027    0.500    0.1000   4.376e-06  a
net619                      1.80    0.009    0.872    0.2920   4.368e-06  p
net484                      1.80    0.017    0.633    0.1548   4.355e-06  p
clknet_0_net396             1.80    0.020    0.728    0.1338   4.337e-06  p
clknet_0_net314             1.80    0.021    0.490    0.1301   4.326e-06  p
net162                      1.80    0.009    0.599    0.2987   4.289e-06  p
net30                       1.80    0.022    0.567    0.1203   4.282e-06  p
net125                      1.80    0.015    0.673    0.1723   4.281e-06  p
net731                      1.80    0.026    0.500    0.1000   4.254e-06  a
net735                      1.80    0.026    0.500    0.1000   4.250e-06  a
clknet_1_0__leaf_net841     1.80    0.014    0.608    0.1903   4.216e-06  p
net364                      1.80    0.017    0.685    0.1541   4.205e-06  p
net18                       1.80    0.012    0.504    0.2090   4.204e-06  p
net291                      1.80    0.020    0.408    0.1275   4.200e-06  p
net341                      1.80    0.035    0.774    0.0743   4.195e-06  p
clknet_1_1__leaf_net521     1.80    0.014    0.852    0.1874   4.193e-06  p
clknet_0_net289             1.80    0.021    0.337    0.1227   4.179e-06  p
net776                      1.80    0.026    0.500    0.1000   4.155e-06  a
net70                       1.80    0.021    0.620    0.1228   4.132e-06  p
clknet_1_0__leaf_net412     1.80    0.025    0.195    0.0991   4.082e-06  p
net751                      1.80    0.025    0.500    0.1000   4.076e-06  a
net198                      1.80    0.017    0.525    0.1456   4.045e-06  p
net729                      1.80    0.025    0.500    0.1000   4.041e-06  a
net816                      1.80    0.019    0.365    0.1270   3.995e-06  p
net687                      1.80    0.024    0.646    0.1017   3.993e-06  p
net224                      1.80    0.067    0.242    0.0370   3.989e-06  p
clknet_0_net75              1.80    0.020    0.488    0.1241   3.987e-06  p
net3                        1.80    0.020    0.542    0.1203   3.956e-06  p
net184                      1.80    0.018    0.261    0.1378   3.948e-06  p
net483                      1.80    0.016    0.367    0.1548   3.939e-06  p
net545                      1.80    0.010    0.389    0.2449   3.934e-06  p
net931                      1.80    0.013    0.702    0.1879   3.932e-06  p
net62                       1.80    0.010    0.429    0.2324   3.888e-06  p
net914                      1.80    0.010    0.398    0.2413   3.870e-06  p
net874                      1.80    0.012    0.613    0.1981   3.864e-06  p
net352                      1.80    0.011    0.714    0.2165   3.860e-06  p
net768                      1.80    0.024    0.500    0.1000   3.850e-06  a
net363                      1.80    0.010    0.398    0.2413   3.849e-06  p
clknet_0_net291             1.80    0.019    0.408    0.1275   3.832e-06  p
net57                       1.80    0.016    0.674    0.1494   3.827e-06  p
clknet_1_1__leaf_net412     1.80    0.024    0.195    0.0991   3.807e-06  p
clknet_0_net862             1.80    0.018    0.450    0.1278   3.759e-06  p
clknet_0_net420             1.80    0.019    0.211    0.1198   3.759e-06  p
net69                       1.80    0.013    0.610    0.1732   3.758e-06  p
net760                      1.80    0.023    0.500    0.1000   3.720e-06  a
net380                      1.80    0.016    0.400    0.1431   3.699e-06  p
net314                      1.80    0.017    0.490    0.1301   3.684e-06  p
clknet_1_1__leaf_net836     1.80    0.021    0.171    0.1062   3.674e-06  p
net620                      1.80    0.008    0.127    0.2917   3.658e-06  p
net361                      1.80    0.013    0.774    0.1730   3.647e-06  p
net716                      1.80    0.022    0.500    0.1000   3.644e-06  a
clknet_1_1__leaf_net282     1.80    0.029    0.764    0.0776   3.614e-06  p
net40                       1.80    0.015    0.584    0.1477   3.611e-06  p
clknet_0_net816             1.80    0.018    0.365    0.1270   3.607e-06  p
net42                       1.80    0.012    0.690    0.1851   3.603e-06  p
net278                      1.80    0.011    0.443    0.2050   3.587e-06  p
net133                      1.80    0.016    0.547    0.1376   3.523e-06  p
clknet_1_1__leaf_net286     1.80    0.012    0.369    0.1874   3.519e-06  p
clknet_1_0__leaf_net401     1.80    0.009    0.610    0.2365   3.494e-06  p
net49                       1.80    0.017    0.640    0.1284   3.493e-06  p
net828                      1.80    0.012    0.260    0.1771   3.488e-06  p
net200                      1.80    0.021    0.508    0.1030   3.475e-06  p
clknet_1_1__leaf_net459     1.80    0.015    0.387    0.1426   3.470e-06  p
net235                      1.80    0.010    0.618    0.2053   3.470e-06  p
net806                      1.80    0.022    0.454    0.0958   3.439e-06  p
clknet_0_net488             1.80    0.020    0.681    0.1066   3.432e-06  p
net179                      1.80    0.023    0.574    0.0919   3.425e-06  p
net517                      1.80    0.008    0.636    0.2552   3.394e-06  p
clknet_1_0__leaf_net655     1.80    0.033    0.321    0.0642   3.390e-06  p
net100                      1.80    0.005    0.240    0.4044   3.387e-06  p
net938                      1.80    0.011    0.755    0.1819   3.384e-06  p
net730                      1.80    0.021    0.500    0.1000   3.378e-06  a
net4                        1.80    0.010    0.501    0.2036   3.374e-06  p
clknet_1_0__leaf_net836     1.80    0.020    0.171    0.1062   3.368e-06  p
net767                      1.80    0.021    0.500    0.1000   3.355e-06  a
net324                      1.80    0.024    0.076    0.0873   3.340e-06  p
clknet_1_0__leaf_net852     1.80    0.030    0.342    0.0685   3.339e-06  p
net322                      1.80    0.008    0.450    0.2588   3.336e-06  p
net686                      1.80    0.010    0.548    0.1967   3.328e-06  p
net369                      1.80    0.010    0.676    0.2141   3.322e-06  p
net660                      1.80    0.009    0.580    0.2160   3.315e-06  p
net33                       1.80    0.016    0.646    0.1241   3.313e-06  p
clknet_0_net836             1.80    0.019    0.171    0.1062   3.295e-06  p
net862                      1.80    0.016    0.450    0.1278   3.295e-06  p
net791                      1.80    0.020    0.500    0.1000   3.281e-06  a
net105                      1.80    0.016    0.630    0.1267   3.280e-06  p
net473                      1.80    0.015    0.797    0.1328   3.278e-06  p
net511                      1.80    0.010    0.249    0.2063   3.271e-06  p
net667                      1.80    0.022    0.386    0.0920   3.260e-06  p
net144                      1.80    0.020    0.500    0.1000   3.250e-06  a
net491                      1.80    0.008    0.410    0.2601   3.247e-06  p
clknet_1_1__leaf_net816     1.80    0.016    0.365    0.1270   3.241e-06  p
net428                      1.80    0.009    0.476    0.2338   3.224e-06  p
net414                      1.80    0.006    0.410    0.3175   3.183e-06  p
net180                      1.80    0.020    0.102    0.0975   3.179e-06  p
net935                      1.80    0.014    0.547    0.1376   3.176e-06  p
net502                      1.80    0.011    0.465    0.1769   3.172e-06  p
net498                      1.80    0.008    0.446    0.2529   3.170e-06  p
net522                      1.80    0.011    0.699    0.1755   3.161e-06  p
clknet_1_0__leaf_net698     1.80    0.027    0.366    0.0711   3.151e-06  p
net817                      1.80    0.082    0.556    0.0238   3.141e-06  p
net727                      1.80    0.019    0.500    0.1000   3.129e-06  a
net427                      1.80    0.017    0.215    0.1124   3.121e-06  p
net150                      1.80    0.011    0.664    0.1727   3.118e-06  p
net718                      1.80    0.019    0.500    0.1000   3.095e-06  a
net798                      1.80    0.019    0.500    0.1000   3.095e-06  a
net355                      1.80    0.015    0.381    0.1252   3.092e-06  p
net720                      1.80    0.019    0.500    0.1000   3.086e-06  a
net304                      1.80    0.012    0.567    0.1600   3.068e-06  p
net805                      1.80    0.055    0.113    0.0343   3.066e-06  p
net868                      1.80    0.091    0.048    0.0209   3.064e-06  p
net857                      1.80    0.009    0.584    0.2176   3.057e-06  p
net334                      1.80    0.005    0.577    0.3973   3.048e-06  p
net261                      1.80    0.015    0.561    0.1230   3.044e-06  p
net139                      1.80    0.008    0.578    0.2368   3.025e-06  p
net163                      1.80    0.008    0.471    0.2202   2.999e-06  p
net365                      1.80    0.006    0.679    0.3000   2.994e-06  p
clknet_0_net317             1.80    0.019    0.247    0.0974   2.993e-06  p
net603                      1.80    0.006    0.691    0.3105   2.987e-06  p
net844                      1.80    0.017    0.508    0.1056   2.979e-06  p
net678                      1.80    0.017    0.332    0.1100   2.967e-06  p
net286                      1.80    0.010    0.369    0.1874   2.957e-06  p
clknet_0_net412             1.80    0.018    0.195    0.0991   2.955e-06  p
net635                      1.80    0.102    0.734    0.0178   2.935e-06  p
net459                      1.80    0.013    0.387    0.1426   2.934e-06  p
clknet_0_net697             1.80    0.021    0.411    0.0856   2.919e-06  p
net739                      1.80    0.018    0.500    0.1000   2.917e-06  a
clknet_1_0__leaf_net459     1.80    0.013    0.387    0.1426   2.902e-06  p
net315                      1.80    0.009    0.637    0.1902   2.902e-06  p
clknet_1_0__leaf_net473     1.80    0.013    0.797    0.1328   2.892e-06  p
clknet_1_1__leaf_net655     1.80    0.028    0.321    0.0642   2.867e-06  p
net659                      1.80    0.008    0.417    0.2160   2.864e-06  p
net464                      1.80    0.006    0.586    0.2988   2.860e-06  p
net166                      1.80    0.011    0.795    0.1665   2.853e-06  p
net945                      1.80    0.006    0.781    0.2806   2.837e-06  p
clknet_0_net855             1.80    0.018    0.348    0.0988   2.827e-06  p
net743                      1.80    0.017    0.500    0.1000   2.820e-06  a
net504                      1.80    0.010    0.403    0.1803   2.816e-06  p
net44                       1.80    0.009    0.702    0.1879   2.816e-06  p
net208                      1.80    0.004    0.420    0.4027   2.771e-06  p
net55                       1.80    0.010    0.487    0.1681   2.770e-06  p
net543                      1.80    0.004    0.452    0.4091   2.770e-06  p
clknet_1_1__leaf_net317     1.80    0.018    0.247    0.0974   2.762e-06  p
net107                      1.80    0.007    0.494    0.2566   2.752e-06  p
clknet_0_net526             1.80    0.019    0.756    0.0898   2.751e-06  p
net584                      1.80    0.011    0.539    0.1609   2.751e-06  p
clknet_1_1__leaf_net862     1.80    0.013    0.450    0.1278   2.747e-06  p
net565                      1.80    0.006    0.373    0.2910   2.731e-06  p
net811                      1.80    0.029    0.078    0.0587   2.708e-06  p
clknet_1_0__leaf_net282     1.80    0.022    0.764    0.0776   2.703e-06  p
net580                      1.80    0.006    0.473    0.2728   2.675e-06  p
net443                      1.80    0.014    0.912    0.1193   2.672e-06  p
clknet_0_net604             1.80    0.019    0.432    0.0865   2.669e-06  p
clknet_1_0__leaf_net604     1.80    0.019    0.432    0.0865   2.667e-06  p
net95                       1.80    0.009    0.510    0.1746   2.662e-06  p
net307                      1.80    0.004    0.446    0.4498   2.653e-06  p
clknet_0_net398             1.80    0.021    0.379    0.0773   2.599e-06  p
net585                      1.80    0.004    0.460    0.4100   2.584e-06  p
net942                      1.80    0.005    0.545    0.3290   2.578e-06  p
net929                      1.80    0.007    0.561    0.2307   2.576e-06  p
clknet_1_1__leaf_net522     1.80    0.009    0.699    0.1755   2.557e-06  p
net623                      1.80    0.015    0.893    0.1044   2.555e-06  p
net802                      1.80    0.016    0.500    0.1000   2.547e-06  a
net266                      1.80    0.005    0.872    0.2920   2.533e-06  p
net153                      1.80    0.007    0.518    0.2390   2.527e-06  p
net452                      1.80    0.012    0.683    0.1267   2.526e-06  p
net446                      1.80    0.031    0.112    0.0504   2.522e-06  p
net602                      1.80    0.012    0.176    0.1335   2.518e-06  p
net290                      1.80    0.010    0.854    0.1491   2.516e-06  p
net625                      1.80    0.011    0.739    0.1378   2.503e-06  p
net85                       1.80    0.008    0.614    0.2001   2.501e-06  p
net695                      1.80    0.072    0.671    0.0214   2.487e-06  p
clknet_0_net698             1.80    0.022    0.366    0.0711   2.479e-06  p
net402                      1.80    0.008    0.733    0.1967   2.477e-06  p
net706                      1.80    0.009    0.452    0.1757   2.475e-06  p
net362                      1.80    0.012    0.657    0.1278   2.474e-06  p
net36                       1.80    0.012    0.673    0.1309   2.472e-06  p
net1                        1.80    0.013    0.526    0.1179   2.471e-06  p
net152                      1.80    0.005    0.619    0.3242   2.464e-06  p
net870                      1.80    0.007    0.599    0.2116   2.444e-06  p
net567                      1.80    0.003    0.473    0.4881   2.436e-06  p
net442                      1.80    0.013    0.088    0.1190   2.430e-06  p
net622                      1.80    0.012    0.115    0.1287   2.428e-06  p
clknet_0_net605             1.80    0.019    0.379    0.0773   2.424e-06  p
net423                      1.80    0.006    0.352    0.2650   2.418e-06  p
net92                       1.80    0.043    0.605    0.0344   2.405e-06  p
net66                       1.80    0.006    0.546    0.2597   2.399e-06  p
clknet_1_1__leaf_net852     1.80    0.022    0.342    0.0685   2.396e-06  p
clknet_0_net282             1.80    0.019    0.764    0.0776   2.389e-06  p
net135                      1.80    0.014    0.136    0.1042   2.387e-06  p
net732                      1.80    0.015    0.500    0.1000   2.378e-06  a
clknet_1_1__leaf_net855     1.80    0.015    0.348    0.0988   2.366e-06  p
net255                      1.80    0.004    0.282    0.3473   2.341e-06  p
net765                      1.80    0.014    0.500    0.1000   2.337e-06  a
net855                      1.80    0.015    0.348    0.0988   2.327e-06  p
clknet_1_0__leaf_net862     1.80    0.011    0.450    0.1278   2.325e-06  p
net311                      1.80    0.004    0.442    0.3333   2.323e-06  p
net757                      1.80    0.014    0.500    0.1000   2.319e-06  a
net204                      1.80    0.009    0.411    0.1603   2.312e-06  p
net94                       1.80    0.010    0.295    0.1439   2.304e-06  p
clknet_1_0__leaf_net286     1.80    0.008    0.369    0.1874   2.294e-06  p
net722                      1.80    0.014    0.500    0.1000   2.292e-06  a
net154                      1.80    0.008    0.703    0.1686   2.290e-06  p
clknet_1_0__leaf_net504     1.80    0.008    0.403    0.1803   2.289e-06  p
clknet_0_net285             1.80    0.020    0.670    0.0699   2.256e-06  p
net563                      1.80    0.004    0.679    0.3121   2.254e-06  p
net640                      1.80    0.011    0.169    0.1225   2.240e-06  p
net68                       1.80    0.005    0.509    0.2674   2.239e-06  p
net488                      1.80    0.013    0.681    0.1066   2.223e-06  p
net964                      1.80    0.009    0.555    0.1566   2.223e-06  p
net546                      1.80    0.004    0.334    0.3591   2.219e-06  p
net449                      1.80    0.031    0.437    0.0444   2.216e-06  p
clknet_1_1__leaf_net824     1.80    0.006    0.374    0.2164   2.215e-06  p
net586                      1.80    0.003    0.483    0.4479   2.214e-06  p
clknet_0_net637             1.80    0.020    0.335    0.0669   2.212e-06  p
clknet_0_net852             1.80    0.020    0.342    0.0685   2.201e-06  p
net568                      1.80    0.004    0.295    0.3226   2.189e-06  p
net305                      1.80    0.005    0.492    0.2546   2.189e-06  p
net90                       1.80    0.010    0.590    0.1378   2.183e-06  p
net9                        1.80    0.011    0.614    0.1220   2.181e-06  p
net564                      1.80    0.004    0.455    0.3397   2.169e-06  p
clknet_0_net191             1.80    0.019    0.343    0.0695   2.168e-06  p
net534                      1.80    0.005    0.576    0.2617   2.166e-06  p
clknet_0_net821             1.80    0.018    0.366    0.0740   2.165e-06  p
net312                      1.80    0.007    0.493    0.1962   2.165e-06  p
net842                      1.80    0.006    0.542    0.2238   2.161e-06  p
net368                      1.80    0.007    0.153    0.1884   2.157e-06  p
net317                      1.80    0.014    0.247    0.0974   2.155e-06  p
net64                       1.80    0.005    0.596    0.2532   2.148e-06  p
net359                      1.80    0.008    0.783    0.1693   2.145e-06  p
net928                      1.80    0.006    0.561    0.2307   2.142e-06  p
net203                      1.80    0.004    0.558    0.3062   2.134e-06  p
net321                      1.80    0.006    0.488    0.2250   2.111e-06  p
net73                       1.80    0.010    0.546    0.1368   2.107e-06  p
net26                       1.80    0.006    0.559    0.2243   2.105e-06  p
net337                      1.80    0.003    0.425    0.3881   2.080e-06  p
net601                      1.80    0.003    0.684    0.4269   2.078e-06  p
net506                      1.80    0.004    0.504    0.2925   2.076e-06  p
net818                      1.80    0.074    0.965    0.0173   2.076e-06  p
net856                      1.80    0.075    0.768    0.0170   2.055e-06  p
clknet_0_net655             1.80    0.020    0.321    0.0642   2.055e-06  p
clknet_0_net482             1.80    0.022    0.914    0.0572   2.049e-06  p
net789                      1.80    0.013    0.500    0.1000   2.042e-06  a
net390                      1.80    0.015    0.360    0.0850   2.035e-06  p
net415                      1.80    0.006    0.553    0.2076   2.034e-06  p
net741                      1.80    0.012    0.500    0.1000   2.016e-06  a
net421                      1.80    0.005    0.409    0.2753   2.012e-06  p
net480                      1.80    0.021    0.279    0.0581   2.008e-06  p
net462                      1.80    0.008    0.154    0.1496   2.004e-06  p
net65                       1.80    0.005    0.599    0.2308   1.999e-06  p
net2                        1.80    0.010    0.553    0.1218   1.999e-06  p
net825                      1.80    0.010    0.571    0.1202   1.993e-06  p
clknet_1_0__leaf_net94      1.80    0.009    0.295    0.1439   1.992e-06  p
net644                      1.80    0.007    0.431    0.1816   1.990e-06  p
net88                       1.80    0.007    0.544    0.1754   1.989e-06  p
net157                      1.80    0.012    0.416    0.0992   1.988e-06  p
clknet_1_0__leaf_net75      1.80    0.010    0.488    0.1241   1.988e-06  p
net77                       1.80    0.008    0.327    0.1528   1.987e-06  p
net526                      1.80    0.014    0.756    0.0898   1.974e-06  p
net782                      1.80    0.012    0.500    0.1000   1.971e-06  a
net372                      1.80    0.004    0.127    0.2917   1.969e-06  p
net386                      1.80    0.009    0.299    0.1310   1.961e-06  p
net562                      1.80    0.004    0.384    0.3357   1.960e-06  p
net276                      1.80    0.004    0.624    0.2871   1.957e-06  p
net662                      1.80    0.006    0.442    0.1914   1.954e-06  p
clknet_1_1__leaf_net697     1.80    0.014    0.411    0.0856   1.954e-06  p
net634                      1.80    0.049    0.534    0.0244   1.953e-06  p
net333                      1.80    0.003    0.519    0.4002   1.951e-06  p
clknet_1_0__leaf_net285     1.80    0.017    0.670    0.0699   1.944e-06  p
clknet_1_1__leaf_net526     1.80    0.013    0.756    0.0898   1.933e-06  p
net786                      1.80    0.012    0.500    0.1000   1.922e-06  a
net300                      1.80    0.028    0.517    0.0425   1.913e-06  p
net544                      1.80    0.006    0.385    0.1904   1.912e-06  p
net930                      1.80    0.003    0.466    0.4106   1.904e-06  p
net418                      1.80    0.005    0.350    0.2345   1.900e-06  p
net136                      1.80    0.011    0.864    0.1042   1.900e-06  p
net177                      1.80    0.009    0.466    0.1347   1.899e-06  p
net575                      1.80    0.040    0.121    0.0294   1.894e-06  p
net238                      1.80    0.015    0.652    0.0770   1.886e-06  p
net289                      1.80    0.009    0.337    0.1227   1.886e-06  p
net571                      1.80    0.030    0.812    0.0382   1.885e-06  p
net61                       1.80    0.008    0.663    0.1491   1.878e-06  p
clknet_1_0__leaf_net488     1.80    0.011    0.681    0.1066   1.874e-06  p
net915                      1.80    0.004    0.545    0.3290   1.873e-06  p
net647                      1.80    0.007    0.191    0.1608   1.870e-06  p
net559                      1.80    0.003    0.526    0.4052   1.869e-06  p
net223                      1.80    0.003    0.473    0.3499   1.868e-06  p
net75                       1.80    0.009    0.488    0.1241   1.838e-06  p
clknet_0_net676             1.80    0.020    0.291    0.0561   1.835e-06  p
clknet_1_1__leaf_net502     1.80    0.006    0.465    0.1769   1.834e-06  p
net391                      1.80    0.013    0.637    0.0852   1.832e-06  p
net396                      1.80    0.008    0.728    0.1338   1.830e-06  p
net158                      1.80    0.011    0.583    0.0991   1.824e-06  p
net710                      1.80    0.011    0.500    0.1000   1.812e-06  a
net570                      1.80    0.004    0.466    0.2816   1.812e-06  p
clknet_1_0__leaf_net605     1.80    0.014    0.379    0.0773   1.811e-06  p
net282                      1.80    0.014    0.764    0.0776   1.808e-06  p
net228                      1.80    0.011    0.893    0.1044   1.804e-06  p
clknet_0_net675             1.80    0.021    0.278    0.0528   1.804e-06  p
net614                      1.80    0.003    0.363    0.3414   1.801e-06  p
net295                      1.80    0.006    0.521    0.1872   1.794e-06  p
net933                      1.80    0.006    0.717    0.1936   1.792e-06  p
clknet_0_net638             1.80    0.019    0.287    0.0574   1.784e-06  p
net926                      1.80    0.005    0.412    0.2025   1.782e-06  p
net705                      1.80    0.007    0.309    0.1646   1.782e-06  p
net472                      1.80    0.041    0.952    0.0266   1.777e-06  p
net934                      1.80    0.006    0.717    0.1936   1.775e-06  p
net83                       1.80    0.004    0.420    0.2444   1.768e-06  p
net239                      1.80    0.009    0.704    0.1240   1.752e-06  p
net919                      1.80    0.006    0.717    0.1936   1.750e-06  p
net479                      1.80    0.018    0.721    0.0581   1.742e-06  p
net284                      1.80    0.010    0.367    0.1074   1.733e-06  p
clknet_1_1__leaf_net488     1.80    0.010    0.681    0.1066   1.729e-06  p
net624                      1.80    0.010    0.107    0.1044   1.724e-06  p
net515                      1.80    0.008    0.315    0.1251   1.722e-06  p
net217                      1.80    0.028    0.242    0.0370   1.689e-06  p
net119                      1.80    0.005    0.631    0.2120   1.688e-06  p
net639                      1.80    0.008    0.826    0.1227   1.682e-06  p
net490                      1.80    0.003    0.603    0.3151   1.679e-06  p
clknet_1_0__leaf_net697     1.80    0.012    0.411    0.0856   1.679e-06  p
net569                      1.80    0.002    0.614    0.4160   1.677e-06  p
net420                      1.80    0.009    0.211    0.1198   1.676e-06  p
net450                      1.80    0.009    0.086    0.1169   1.675e-06  p
net516                      1.80    0.008    0.685    0.1251   1.673e-06  p
net7                        1.80    0.008    0.550    0.1238   1.672e-06  p
net465                      1.80    0.019    0.968    0.0544   1.663e-06  p
clknet_1_1__leaf_net605     1.80    0.013    0.379    0.0773   1.660e-06  p
net71                       1.80    0.009    0.669    0.1103   1.660e-06  p
net714                      1.80    0.010    0.500    0.1000   1.656e-06  a
net316                      1.80    0.003    0.462    0.3168   1.652e-06  p
net461                      1.80    0.005    0.455    0.2000   1.650e-06  p
net268                      1.80    0.033    0.037    0.0310   1.650e-06  p
net76                       1.80    0.008    0.668    0.1307   1.640e-06  p
net836                      1.80    0.010    0.171    0.1062   1.639e-06  p
clknet_0_net654             1.80    0.022    0.233    0.0455   1.635e-06  p
net375                      1.80    0.018    0.835    0.0566   1.630e-06  p
clknet_1_1__leaf_net290     1.80    0.007    0.854    0.1491   1.628e-06  p
net588                      1.80    0.003    0.596    0.3251   1.619e-06  p
net859                      1.80    0.048    0.048    0.0209   1.614e-06  p
net697                      1.80    0.012    0.411    0.0856   1.609e-06  p
net520                      1.80    0.007    0.667    0.1358   1.608e-06  p
net800                      1.80    0.010    0.500    0.1000   1.604e-06  a
net605                      1.80    0.013    0.379    0.0773   1.594e-06  p
clknet_1_1__leaf_net698     1.80    0.014    0.366    0.0711   1.594e-06  p
net313                      1.80    0.004    0.512    0.2608   1.590e-06  p
net447                      1.80    0.019    0.887    0.0508   1.589e-06  p
net381                      1.80    0.003    0.530    0.3294   1.586e-06  p
net170                      1.80    0.004    0.615    0.2585   1.582e-06  p
net408                      1.80    0.005    0.383    0.2167   1.581e-06  p
net346                      1.80    0.050    0.123    0.0195   1.580e-06  p
clknet_1_1__leaf_net604     1.80    0.011    0.432    0.0865   1.569e-06  p
net681                      1.80    0.006    0.753    0.1556   1.558e-06  p
net340                      1.80    0.013    0.224    0.0742   1.554e-06  p
net413                      1.80    0.004    0.459    0.2153   1.539e-06  p
net924                      1.80    0.005    0.693    0.1837   1.537e-06  p
net190                      1.80    0.008    0.196    0.1225   1.528e-06  pm
net840                      1.80    0.011    0.140    0.0838   1.522e-06  p
net783                      1.80    0.009    0.500    0.1000   1.516e-06  a
net823                      1.80    0.047    0.978    0.0197   1.509e-06  p
net896                      1.80    0.082    0.574    0.0114   1.499e-06  p
net665                      1.80    0.006    0.379    0.1593   1.494e-06  p
net167                      1.80    0.005    0.732    0.1931   1.494e-06  p
net737                      1.80    0.009    0.500    0.1000   1.493e-06  a
net111                      1.80    0.006    0.646    0.1449   1.483e-06  p
clknet_1_1__leaf_net94      1.80    0.006    0.295    0.1439   1.482e-06  p
clknet_1_0__leaf_net855     1.80    0.009    0.348    0.0988   1.470e-06  p
net702                      1.80    0.004    0.446    0.2087   1.463e-06  p
net577                      1.80    0.033    0.123    0.0271   1.461e-06  p
clknet_1_1__leaf_net204     1.80    0.006    0.411    0.1603   1.459e-06  p
net755                      1.80    0.009    0.500    0.1000   1.459e-06  a
clknet_0_net677             1.80    0.019    0.252    0.0479   1.456e-06  p
net769                      1.80    0.009    0.500    0.1000   1.455e-06  a
net474                      1.80    0.004    0.761    0.2331   1.453e-06  p
net397                      1.80    0.004    0.338    0.2108   1.450e-06  p
net389                      1.80    0.004    0.446    0.2087   1.447e-06  p
net151                      1.80    0.033    0.947    0.0270   1.446e-06  p
net253                      1.80    0.012    0.157    0.0726   1.443e-06  p
net199                      1.80    0.009    0.492    0.1030   1.434e-06  p
net292                      1.80    0.006    0.652    0.1533   1.431e-06  p
net404                      1.80    0.004    0.416    0.2299   1.428e-06  p
net523                      1.80    0.004    0.488    0.2481   1.426e-06  p
net774                      1.80    0.009    0.500    0.1000   1.423e-06  a
net72                       1.80    0.006    0.804    0.1553   1.413e-06  p
clknet_0_net656             1.80    0.019    0.230    0.0453   1.410e-06  p
net308                      1.80    0.003    0.543    0.2740   1.402e-06  p
net455                      1.80    0.003    0.625    0.2642   1.396e-06  p
net852                      1.80    0.013    0.342    0.0685   1.395e-06  p
net794                      1.80    0.009    0.500    0.1000   1.392e-06  a
net412                      1.80    0.009    0.195    0.0991   1.390e-06  p
net229                      1.80    0.003    0.408    0.3199   1.384e-06  p
net748                      1.80    0.009    0.500    0.1000   1.384e-06  a
net911                      1.80    0.003    0.497    0.3101   1.378e-06  p
net550                      1.80    0.005    0.771    0.1741   1.378e-06  p
clknet_1_0__leaf_net392     1.80    0.038    0.754    0.0221   1.376e-06  p
net781                      1.80    0.008    0.500    0.1000   1.374e-06  a
net793                      1.80    0.008    0.500    0.1000   1.371e-06  a
clknet_1_1__leaf_net696     1.80    0.022    0.185    0.0382   1.371e-06  p
clknet_1_1__leaf_net675     1.80    0.016    0.278    0.0528   1.371e-06  p
net301                      1.80    0.006    0.605    0.1360   1.365e-06  p
net821                      1.80    0.011    0.366    0.0740   1.361e-06  p
net205                      1.80    0.003    0.540    0.2412   1.356e-06  p
net753                      1.80    0.008    0.500    0.1000   1.355e-06  a
clknet_1_0__leaf_net526     1.80    0.009    0.756    0.0898   1.353e-06  p
net583                      1.80    0.003    0.496    0.2865   1.351e-06  p
net256                      1.80    0.003    0.367    0.2849   1.348e-06  p
net360                      1.80    0.043    0.123    0.0195   1.346e-06  p
net425                      1.80    0.003    0.523    0.3173   1.345e-06  p
net141                      1.80    0.017    0.920    0.0479   1.337e-06  p
net486                      1.80    0.002    0.552    0.3658   1.337e-06  p
net897                      1.80    0.072    0.574    0.0114   1.332e-06  p
net746                      1.80    0.008    0.500    0.1000   1.330e-06  a
net349                      1.80    0.042    0.123    0.0195   1.329e-06  p
net53                       1.80    0.006    0.584    0.1408   1.328e-06  p
net374                      1.80    0.014    0.165    0.0566   1.326e-06  p
net258                      1.80    0.039    0.050    0.0205   1.313e-06  p
net410                      1.80    0.004    0.622    0.1884   1.310e-06  p
net373                      1.80    0.003    0.387    0.3026   1.310e-06  p
net281                      1.80    0.008    0.518    0.1059   1.305e-06  p
net937                      1.80    0.004    0.755    0.1819   1.302e-06  p
net946                      1.80    0.004    0.431    0.1816   1.302e-06  p
net456                      1.80    0.003    0.486    0.3104   1.300e-06  p
net539                      1.80    0.006    0.703    0.1312   1.296e-06  p
net734                      1.80    0.008    0.500    0.1000   1.296e-06  a
net387                      1.80    0.004    0.585    0.1926   1.296e-06  p
net829                      1.80    0.037    0.561    0.0215   1.287e-06  p
net508                      1.80    0.004    0.412    0.1893   1.286e-06  p
net388                      1.80    0.004    0.562    0.1998   1.281e-06  p
net626                      1.80    0.006    0.261    0.1378   1.274e-06  p
clknet_1_0__leaf_net696     1.80    0.021    0.185    0.0382   1.269e-06  p
net547                      1.80    0.005    0.245    0.1514   1.267e-06  p
net285                      1.80    0.011    0.670    0.0699   1.267e-06  p
net252                      1.80    0.011    0.843    0.0726   1.264e-06  p
clknet_1_0__leaf_net511     1.80    0.004    0.249    0.2063   1.264e-06  p
net637                      1.80    0.012    0.335    0.0669   1.263e-06  p
net493                      1.80    0.005    0.608    0.1428   1.256e-06  p
net237                      1.80    0.010    0.347    0.0771   1.251e-06  p
net274                      1.80    0.002    0.210    0.3099   1.250e-06  p
net661                      1.80    0.004    0.555    0.1912   1.248e-06  p
clknet_1_1__leaf_net637     1.80    0.011    0.335    0.0669   1.245e-06  p
net643                      1.80    0.004    0.566    0.1816   1.239e-06  p
net319                      1.80    0.003    0.575    0.2361   1.238e-06  p
net711                      1.80    0.008    0.500    0.1000   1.227e-06  a
net810                      1.80    0.026    0.071    0.0285   1.219e-06  p
net398                      1.80    0.010    0.379    0.0773   1.215e-06  p
net866                      1.80    0.036    0.964    0.0206   1.212e-06  p
net609                      1.80    0.003    0.467    0.2271   1.209e-06  p
net142                      1.80    0.016    0.079    0.0474   1.208e-06  p
net554                      1.80    0.005    0.645    0.1452   1.208e-06  p
net633                      1.80    0.031    0.459    0.0242   1.205e-06  p
clknet_1_0__leaf_net522     1.80    0.004    0.699    0.1755   1.204e-06  p
net604                      1.80    0.009    0.432    0.0865   1.203e-06  p
net576                      1.80    0.020    0.242    0.0370   1.200e-06  p
net698                      1.80    0.010    0.366    0.0711   1.199e-06  p
clknet_0_net696             1.80    0.019    0.185    0.0382   1.192e-06  p
net538                      1.80    0.007    0.723    0.1008   1.190e-06  p
net754                      1.80    0.007    0.500    0.1000   1.188e-06  a
net867                      1.80    0.034    0.950    0.0214   1.184e-06  p
net558                      1.80    0.002    0.441    0.3117   1.177e-06  p
net701                      1.80    0.003    0.551    0.2089   1.176e-06  p
net621                      1.80    0.006    0.884    0.1290   1.172e-06  pm
net537                      1.80    0.005    0.489    0.1500   1.170e-06  p
net469                      1.80    0.006    0.333    0.1108   1.166e-06  p
net548                      1.80    0.002    0.313    0.3024   1.163e-06  p
out64                       1.80    0.002    0.163    0.3386   1.155e-06  p
net436                      1.80    0.066    0.979    0.0108   1.154e-06  p
net172                      1.80    0.003    0.642    0.2340   1.150e-06  p
net500                      1.80    0.005    0.491    0.1359   1.143e-06  p
net636                      1.80    0.035    0.572    0.0203   1.141e-06  p
net733                      1.80    0.007    0.500    0.1000   1.135e-06  a
net451                      1.80    0.006    0.914    0.1169   1.135e-06  p
net426                      1.80    0.003    0.323    0.2330   1.130e-06  p
net961                      1.80    0.003    0.671    0.2083   1.127e-06  p
net367                      1.80    0.002    0.694    0.3189   1.120e-06  p
net954                      1.80    0.004    0.191    0.1608   1.119e-06  p
net74                       1.80    0.004    0.713    0.1710   1.115e-06  p
net533                      1.80    0.003    0.547    0.2489   1.112e-06  p
net499                      1.80    0.005    0.529    0.1489   1.108e-06  p
net505                      1.80    0.004    0.376    0.1938   1.104e-06  p
net843                      1.80    0.035    0.970    0.0196   1.099e-06  p
net913                      1.80    0.003    0.398    0.2413   1.091e-06  p
net595                      1.80    0.007    0.119    0.0907   1.088e-06  p
net676                      1.80    0.012    0.291    0.0561   1.085e-06  p
net923                      1.80    0.004    0.693    0.1837   1.083e-06  p
net777                      1.80    0.007    0.500    0.1000   1.082e-06  a
net772                      1.80    0.007    0.500    0.1000   1.080e-06  a
net306                      1.80    0.005    0.829    0.1222   1.080e-06  p
clknet_1_1__leaf_net401     1.80    0.003    0.610    0.2365   1.079e-06  p
net470                      1.80    0.012    0.032    0.0544   1.073e-06  p
net780                      1.80    0.007    0.500    0.1000   1.068e-06  a
clknet_1_1__leaf_net654     1.80    0.014    0.233    0.0455   1.058e-06  p
clknet_1_1__leaf_net285     1.80    0.009    0.670    0.0699   1.056e-06  p
clknet_1_0__leaf_net314     1.80    0.005    0.490    0.1301   1.055e-06  p
clknet_0_net318             1.80    0.017    0.562    0.0376   1.049e-06  p
net343                      1.80    0.002    0.702    0.2725   1.049e-06  p
net91                       1.80    0.004    0.481    0.1724   1.048e-06  p
net244                      1.80    0.033    0.050    0.0194   1.046e-06  p
net293                      1.80    0.003    0.705    0.2315   1.044e-06  p
clknet_1_0__leaf_net204     1.80    0.004    0.411    0.1603   1.040e-06  p
net424                      1.80    0.002    0.446    0.2941   1.037e-06  p
net279                      1.80    0.002    0.311    0.3199   1.032e-06  p
clknet_1_0__leaf_net398     1.80    0.008    0.379    0.0773   1.031e-06  p
net209                      1.80    0.003    0.164    0.2356   1.031e-06  p
net944                      1.80    0.006    0.107    0.1044   1.028e-06  p
net655                      1.80    0.010    0.321    0.0642   1.028e-06  p
net191                      1.80    0.009    0.343    0.0695   1.021e-06  p
net145                      1.80    0.005    0.511    0.1365   1.019e-06  p
net477                      1.80    0.003    0.693    0.2107   1.016e-06  p
net347                      1.80    0.032    0.123    0.0195   1.010e-06  p
net296                      1.80    0.003    0.649    0.1849   1.007e-06  p
net175                      1.80    0.003    0.544    0.2217   1.007e-06  p
net675                      1.80    0.012    0.278    0.0528   9.977e-07  p
net354                      1.80    0.008    0.693    0.0731   9.964e-07  p
net536                      1.80    0.004    0.622    0.1594   9.927e-07  p
net492                      1.80    0.004    0.371    0.1493   9.926e-07  p
net833                      1.80    0.027    0.359    0.0227   9.887e-07  p
net403                      1.80    0.003    0.456    0.2414   9.855e-07  p
net832                      1.80    0.030    0.654    0.0204   9.829e-07  p
net528                      1.80    0.003    0.838    0.1894   9.821e-07  p
net193                      1.80    0.005    0.321    0.1247   9.782e-07  p
net674                      1.80    0.028    0.321    0.0215   9.782e-07  p
net481                      1.80    0.004    0.396    0.1504   9.779e-07  p
net422                      1.80    0.003    0.426    0.2272   9.761e-07  p
net487                      1.80    0.003    0.651    0.2116   9.662e-07  p
net294                      1.80    0.004    0.772    0.1568   9.656e-07  p
clknet_1_1__leaf_net289     1.80    0.005    0.337    0.1227   9.649e-07  p
net168                      1.80    0.004    0.648    0.1679   9.633e-07  p
net99                       1.80    0.006    0.676    0.0933   9.583e-07  p
net453                      1.80    0.003    0.553    0.2210   9.544e-07  p
net377                      1.80    0.003    0.458    0.1868   9.451e-07  p
net920                      1.80    0.003    0.717    0.1936   9.437e-07  p
net960                      1.80    0.005    0.088    0.1190   9.369e-07  p
net549                      1.80    0.005    0.902    0.1222   9.234e-07  p
net497                      1.80    0.003    0.650    0.1645   9.207e-07  p
net651                      1.80    0.034    0.747    0.0169   9.205e-07  p
clknet_1_0__leaf_net637     1.80    0.008    0.335    0.0669   9.133e-07  p
net680                      1.80    0.004    0.245    0.1556   9.119e-07  p
net384                      1.80    0.003    0.688    0.2104   9.117e-07  p
net383                      1.80    0.002    0.538    0.2674   9.114e-07  p
clknet_1_0__leaf_net675     1.80    0.011    0.278    0.0528   9.045e-07  p
net700                      1.80    0.004    0.543    0.1341   8.972e-07  p
net501                      1.80    0.003    0.389    0.2091   8.910e-07  p
net257                      1.80    0.027    0.950    0.0205   8.875e-07  p
net704                      1.80    0.005    0.367    0.1074   8.857e-07  p
clknet_1_0__leaf_net290     1.80    0.004    0.854    0.1491   8.799e-07  p
clknet_1_0__leaf_net676     1.80    0.010    0.291    0.0561   8.779e-07  p
net540                      1.80    0.003    0.581    0.2081   8.767e-07  p
net638                      1.80    0.009    0.287    0.0574   8.757e-07  p
net677                      1.80    0.011    0.252    0.0479   8.727e-07  p
net656                      1.80    0.012    0.230    0.0453   8.685e-07  p
net699                      1.80    0.004    0.454    0.1341   8.673e-07  p
net176                      1.80    0.006    0.880    0.0828   8.653e-07  p
net958                      1.80    0.004    0.115    0.1287   8.648e-07  p
net799                      1.80    0.005    0.500    0.1000   8.633e-07  a
net299                      1.80    0.005    0.632    0.1076   8.549e-07  p
net202                      1.80    0.005    0.499    0.1139   8.547e-07  p
net478                      1.80    0.003    0.638    0.1999   8.511e-07  p
net779                      1.80    0.005    0.500    0.1000   8.487e-07  a
net182                      1.80    0.007    0.638    0.0787   8.485e-07  p
net181                      1.80    0.021    0.774    0.0244   8.481e-07  p
net482                      1.80    0.009    0.914    0.0572   8.476e-07  p
net553                      1.80    0.004    0.687    0.1287   8.468e-07  p
clknet_1_1__leaf_net392     1.80    0.024    0.754    0.0221   8.451e-07  p
net147                      1.80    0.019    0.947    0.0270   8.436e-07  p
net927                      1.80    0.003    0.412    0.2025   8.434e-07  p
net606                      1.80    0.024    0.949    0.0212   8.354e-07  p
clknet_1_1__leaf_net396     1.80    0.004    0.728    0.1338   8.324e-07  p
net854                      1.80    0.029    0.953    0.0179   8.318e-07  p
net429                      1.80    0.004    0.542    0.1402   8.287e-07  p
net696                      1.80    0.013    0.185    0.0382   8.283e-07  p
clknet_1_1__leaf_net511     1.80    0.002    0.249    0.2063   8.246e-07  p
net195                      1.80    0.009    0.743    0.0546   8.243e-07  p
net529                      1.80    0.006    0.470    0.0787   8.177e-07  p
net531                      1.80    0.003    0.546    0.1723   8.115e-07  p
net263                      1.80    0.002    0.620    0.2107   8.110e-07  p
net394                      1.80    0.016    0.297    0.0319   8.071e-07  p
clknet_1_1__leaf_net75      1.80    0.004    0.488    0.1241   8.059e-07  p
net959                      1.80    0.006    0.924    0.0873   8.045e-07  p
net592                      1.80    0.006    0.924    0.0873   8.044e-07  p
net79                       1.80    0.005    0.329    0.0988   7.909e-07  p
clknet_1_1__leaf_net638     1.80    0.008    0.287    0.0574   7.883e-07  p
net454                      1.80    0.002    0.473    0.2460   7.845e-07  p
clknet_1_1__leaf_net314     1.80    0.004    0.490    0.1301   7.836e-07  p
net248                      1.80    0.015    0.879    0.0318   7.723e-07  p
net243                      1.80    0.047    0.957    0.0102   7.714e-07  p
net916                      1.80    0.003    0.629    0.1450   7.703e-07  p
net853                      1.80    0.022    0.048    0.0209   7.600e-07  p
clknet_1_0__leaf_net396     1.80    0.003    0.728    0.1338   7.546e-07  p
net956                      1.80    0.005    0.924    0.0873   7.543e-07  p
net215                      1.80    0.003    0.544    0.1453   7.540e-07  p
net169                      1.80    0.003    0.723    0.1722   7.532e-07  p
clknet_1_0__leaf_net482     1.80    0.008    0.914    0.0572   7.477e-07  p
clknet_1_1__leaf_net656     1.80    0.010    0.230    0.0453   7.419e-07  p
clknet_1_0__leaf_net638     1.80    0.008    0.287    0.0574   7.418e-07  p
net419                      1.80    0.002    0.504    0.1902   7.412e-07  p
net703                      1.80    0.004    0.632    0.1076   7.405e-07  p
net654                      1.80    0.010    0.233    0.0455   7.399e-07  p
net690                      1.80    0.021    0.384    0.0222   7.367e-07  p
net249                      1.80    0.014    0.121    0.0318   7.363e-07  p
net632                      1.80    0.027    0.225    0.0165   7.347e-07  p
net174                      1.80    0.006    0.882    0.0821   7.330e-07  p
net382                      1.80    0.003    0.392    0.1649   7.308e-07  p
clknet_1_0__leaf_net654     1.80    0.010    0.233    0.0455   7.272e-07  p
net495                      1.80    0.015    0.413    0.0294   7.269e-07  p
net457                      1.80    0.003    0.383    0.1433   7.212e-07  p
clknet_1_0__leaf_net289     1.80    0.004    0.337    0.1227   7.195e-07  p
net775                      1.80    0.004    0.500    0.1000   7.182e-07  a
net652                      1.80    0.022    0.337    0.0201   7.124e-07  p
net653                      1.80    0.018    0.496    0.0237   7.072e-07  p
net309                      1.80    0.002    0.611    0.1773   7.021e-07  p
net566                      1.80    0.002    0.693    0.1870   7.017e-07  p
net541                      1.80    0.004    0.288    0.1096   7.011e-07  p
net82                       1.80    0.002    0.765    0.1957   6.980e-07  p
clknet_1_0__leaf_net502     1.80    0.002    0.465    0.1769   6.974e-07  p
clknet_0_net392             1.80    0.019    0.754    0.0221   6.930e-07  p
net366                      1.80    0.005    0.077    0.0817   6.851e-07  p
net593                      1.80    0.005    0.076    0.0873   6.842e-07  p
net395                      1.80    0.003    0.641    0.1320   6.842e-07  p
clknet_1_1__leaf_net318     1.80    0.011    0.562    0.0376   6.810e-07  p
net379                      1.80    0.003    0.385    0.1650   6.792e-07  p
net129                      1.80    0.003    0.646    0.1441   6.780e-07  p
net813                      1.80    0.026    0.052    0.0160   6.770e-07  p
net579                      1.80    0.021    0.953    0.0199   6.733e-07  p
net467                      1.80    0.002    0.560    0.2059   6.656e-07  p
net302                      1.80    0.003    0.358    0.1531   6.638e-07  p
net683                      1.80    0.005    0.486    0.0816   6.602e-07  p
net542                      1.80    0.003    0.571    0.1541   6.600e-07  p
net458                      1.80    0.003    0.920    0.1183   6.556e-07  p
net535                      1.80    0.002    0.556    0.1829   6.537e-07  p
clknet_1_0__leaf_net677     1.80    0.008    0.252    0.0479   6.520e-07  p
net297                      1.80    0.002    0.491    0.1713   6.518e-07  p
net475                      1.80    0.004    0.532    0.1092   6.469e-07  p
clknet_1_1__leaf_net504     1.80    0.002    0.403    0.1803   6.469e-07  p
net485                      1.80    0.004    0.893    0.1044   6.411e-07  p
net778                      1.80    0.004    0.500    0.1000   6.274e-07  a
net512                      1.80    0.005    0.819    0.0768   6.257e-07  p
out13                       1.80    0.003    0.626    0.1255   6.252e-07  p
clknet_1_0__leaf_net656     1.80    0.008    0.230    0.0453   6.230e-07  p
net503                      1.80    0.003    0.470    0.1101   6.206e-07  p
clknet_0_net838             1.80    0.019    0.961    0.0200   6.095e-07  p
net392                      1.80    0.017    0.754    0.0221   6.078e-07  p
net399                      1.80    0.003    0.603    0.1301   6.069e-07  p
net524                      1.80    0.002    0.399    0.1768   6.063e-07  p
out57                       1.80    0.001    0.163    0.3386   6.028e-07  p
net612                      1.80    0.019    0.116    0.0196   5.972e-07  p
net513                      1.80    0.006    0.638    0.0633   5.935e-07  p
net93                       1.80    0.003    0.425    0.1245   5.881e-07  p
out89                       1.80    0.002    0.599    0.2116   5.832e-07  p
net671                      1.80    0.018    0.673    0.0203   5.785e-07  p
net318                      1.80    0.009    0.562    0.0376   5.764e-07  p
net610                      1.80    0.016    0.084    0.0227   5.733e-07  p
net835                      1.80    0.021    0.471    0.0168   5.728e-07  p
net532                      1.80    0.003    0.725    0.1057   5.700e-07  p
net165                      1.80    0.002    0.534    0.1461   5.693e-07  p
out47                       1.80    0.001    0.621    0.2982   5.692e-07  p
net608                      1.80    0.013    0.051    0.0267   5.690e-07  p
net438                      1.80    0.033    0.019    0.0105   5.687e-07  p
net518                      1.80    0.004    0.251    0.0965   5.630e-07  p
clknet_1_1__leaf_net420     1.80    0.003    0.211    0.1198   5.610e-07  p
net509                      1.80    0.002    0.392    0.1486   5.472e-07  p
net594                      1.80    0.004    0.881    0.0907   5.359e-07  p
net353                      1.80    0.004    0.305    0.0728   5.305e-07  p
net185                      1.80    0.002    0.604    0.1527   5.301e-07  p
out63                       1.80    0.001    0.587    0.2513   5.261e-07  p
net815                      1.80    0.024    0.975    0.0135   5.232e-07  p
net527                      1.80    0.003    0.728    0.1034   5.201e-07  p
net96                       1.80    0.019    0.529    0.0168   5.193e-07  p
net411                      1.80    0.002    0.387    0.2006   5.180e-07  p
net189                      1.80    0.003    0.734    0.1160   5.174e-07  p
net159                      1.80    0.002    0.218    0.1635   5.149e-07  p
net650                      1.80    0.019    0.242    0.0165   5.125e-07  p
net795                      1.80    0.003    0.500    0.1000   5.093e-07  a
net320                      1.80    0.002    0.480    0.1760   5.078e-07  p
clknet_1_0__leaf_net821     1.80    0.004    0.366    0.0740   5.023e-07  p
net476                      1.80    0.002    0.814    0.1262   4.989e-07  p
net331                      1.80    0.018    0.018    0.0168   4.988e-07  p
net310                      1.80    0.004    0.735    0.0802   4.951e-07  p
net838                      1.80    0.015    0.961    0.0200   4.933e-07  p
clknet_1_1__leaf_net838     1.80    0.015    0.961    0.0200   4.922e-07  p
clknet_1_0__leaf_net420     1.80    0.003    0.211    0.1198   4.871e-07  p
net245                      1.80    0.013    0.959    0.0227   4.848e-07  p
clknet_1_0__leaf_net838     1.80    0.015    0.961    0.0200   4.836e-07  p
net682                      1.80    0.004    0.512    0.0816   4.802e-07  p
net417                      1.80    0.013    0.579    0.0225   4.763e-07  p
net790                      1.80    0.003    0.500    0.1000   4.757e-07  a
net957                      1.80    0.003    0.864    0.1042   4.674e-07  p
clknet_1_1__leaf_net191     1.80    0.004    0.343    0.0695   4.639e-07  p
net439                      1.80    0.030    0.987    0.0094   4.639e-07  p
net496                      1.80    0.002    0.524    0.1362   4.603e-07  p
clknet_1_1__leaf_net676     1.80    0.005    0.291    0.0561   4.447e-07  p
net519                      1.80    0.003    0.749    0.0965   4.369e-07  p
net613                      1.80    0.014    0.123    0.0196   4.358e-07  p
net283                      1.80    0.003    0.659    0.0917   4.348e-07  p
net138                      1.80    0.003    0.151    0.0773   4.348e-07  p
clknet_1_1__leaf_net398     1.80    0.003    0.379    0.0773   4.344e-07  p
net947                      1.80    0.017    0.016    0.0156   4.316e-07  p
net298                      1.80    0.002    0.573    0.1306   4.282e-07  p
net409                      1.80    0.002    0.291    0.1617   4.192e-07  p
net551                      1.80    0.005    0.032    0.0544   4.180e-07  p
net694                      1.80    0.010    0.544    0.0253   4.170e-07  p
net591                      1.80    0.003    0.859    0.0841   4.152e-07  p
net330                      1.80    0.024    0.019    0.0105   4.150e-07  p
net164                      1.80    0.003    0.329    0.0988   4.114e-07  p
out28                       1.80    0.001    0.364    0.3075   4.093e-07  p
net84                       1.80    0.003    0.060    0.0735   4.092e-07  p
net406                      1.80    0.009    0.744    0.0283   4.054e-07  p
net611                      1.80    0.016    0.016    0.0157   4.030e-07  p
clknet_1_1__leaf_net821     1.80    0.003    0.366    0.0740   3.995e-07  p
out52                       1.80    0.001    0.542    0.2238   3.977e-07  p
out12                       1.80    0.001    0.432    0.2709   3.843e-07  p
net949                      1.80    0.006    0.242    0.0370   3.816e-07  p
net693                      1.80    0.010    0.631    0.0226   3.809e-07  p
net597                      1.80    0.003    0.369    0.0863   3.771e-07  p
clknet_1_1__leaf_net677     1.80    0.005    0.252    0.0479   3.696e-07  p
net187                      1.80    0.013    0.060    0.0178   3.645e-07  p
clknet_0_net466             1.80    0.021    0.984    0.0107   3.622e-07  p
net194                      1.80    0.004    0.257    0.0546   3.615e-07  p
net673                      1.80    0.010    0.437    0.0225   3.583e-07  p
net596                      1.80    0.003    0.631    0.0863   3.528e-07  p
out60                       1.80    0.001    0.690    0.1470   3.514e-07  p
net188                      1.80    0.003    0.677    0.0671   3.426e-07  p
net530                      1.80    0.002    0.577    0.0940   3.409e-07  p
net820                      1.80    0.019    0.574    0.0114   3.404e-07  p
net943                      1.80    0.010    0.435    0.0216   3.339e-07  p
out71                       1.80    0.001    0.584    0.2176   3.315e-07  p
net962                      1.80    0.009    0.435    0.0216   3.292e-07  p
net251                      1.80    0.013    0.016    0.0156   3.278e-07  p
net494                      1.80    0.007    0.587    0.0294   3.241e-07  p
net400                      1.80    0.004    0.796    0.0550   3.239e-07  p
net552                      1.80    0.004    0.968    0.0544   3.164e-07  p
net416                      1.80    0.009    0.421    0.0225   3.149e-07  p
net590                      1.80    0.009    0.969    0.0211   3.135e-07  p
net561                      1.80    0.002    0.299    0.0810   3.122e-07  p
net615                      1.80    0.014    0.025    0.0135   3.110e-07  p
net405                      1.80    0.002    0.379    0.0773   3.067e-07  p
out42                       1.80    0.001    0.781    0.2806   3.065e-07  p
clknet_1_0__leaf_net318     1.80    0.005    0.562    0.0376   3.054e-07  p
net192                      1.80    0.002    0.678    0.0801   3.006e-07  p
net689                      1.80    0.008    0.609    0.0224   2.940e-07  p
out5                        1.80    0.001    0.322    0.1785   2.870e-07  p
net448                      1.80    0.011    0.008    0.0160   2.864e-07  p
out55                       1.80    0.002    0.508    0.1056   2.858e-07  p
clknet_1_1__leaf_net482     1.80    0.003    0.914    0.0572   2.799e-07  p
out0                        1.80    0.001    0.452    0.1757   2.782e-07  p
net953                      1.80    0.005    0.121    0.0318   2.634e-07  p
net350                      1.80    0.008    0.051    0.0201   2.568e-07  p
net670                      1.80    0.008    0.319    0.0199   2.567e-07  p
out36                       1.80    0.001    0.218    0.1635   2.491e-07  p
out25                       1.80    0.001    0.563    0.2698   2.479e-07  p
out9                        1.80    0.001    0.693    0.1837   2.433e-07  p
clknet_1_0__leaf_net191     1.80    0.002    0.343    0.0695   2.433e-07  p
out1                        1.80    0.001    0.315    0.1541   2.335e-07  p
net186                      1.80    0.008    0.932    0.0185   2.331e-07  p
net616                      1.80    0.009    0.947    0.0161   2.310e-07  p
net669                      1.80    0.006    0.565    0.0237   2.244e-07  p
net607                      1.80    0.005    0.948    0.0270   2.190e-07  p
net435                      1.80    0.012    0.979    0.0108   2.165e-07  p
net691                      1.80    0.006    0.617    0.0204   2.137e-07  p
out82                       1.80    0.001    0.497    0.1932   2.121e-07  p
out58                       1.80    0.001    0.684    0.1391   2.119e-07  p
net573                      1.80    0.006    0.923    0.0212   2.018e-07  p
out73                       1.80    0.001    0.634    0.1230   1.969e-07  p
net514                      1.80    0.004    0.614    0.0295   1.906e-07  p
out8                        1.80    0.001    0.624    0.1239   1.878e-07  p
net197                      1.80    0.006    0.447    0.0181   1.875e-07  p
out78                       1.80    0.001    0.586    0.1375   1.854e-07  p
net618                      1.80    0.013    0.907    0.0089   1.848e-07  p
out99                       1.80    0.001    0.641    0.1660   1.792e-07  p
net955                      1.80    0.006    0.018    0.0168   1.747e-07  p
net267                      1.80    0.003    0.960    0.0386   1.744e-07  p
net589                      1.80    0.011    0.958    0.0099   1.716e-07  p
out17                       1.80    0.000    0.360    0.2101   1.676e-07  p
out98                       1.80    0.001    0.613    0.1981   1.668e-07  p
out50                       1.80    0.001    0.140    0.0838   1.635e-07  p
out88                       1.80    0.001    0.513    0.1923   1.623e-07  p
net466                      1.80    0.009    0.984    0.0107   1.623e-07  p
out3                        1.80    0.000    0.374    0.2164   1.619e-07  p
out90                       1.80    0.001    0.624    0.1671   1.615e-07  p
net617                      1.80    0.006    0.946    0.0160   1.614e-07  p
out45                       1.80    0.001    0.171    0.1062   1.587e-07  p
out33                       1.80    0.001    0.260    0.1771   1.578e-07  p
out31                       1.80    0.001    0.395    0.1265   1.531e-07  p
out51                       1.80    0.000    0.608    0.1903   1.451e-07  p
net951                      1.80    0.008    0.019    0.0105   1.438e-07  p
net831                      1.80    0.007    0.399    0.0119   1.434e-07  p
clknet_0_net463             1.80    0.020    0.995    0.0042   1.377e-07  p
out11                       1.80    0.001    0.454    0.0958   1.360e-07  p
net582                      1.80    0.008    0.979    0.0108   1.353e-07  p
net668                      1.80    0.004    0.422    0.0235   1.350e-07  p
out56                       1.80    0.001    0.386    0.1447   1.326e-07  p
net574                      1.80    0.004    0.077    0.0209   1.320e-07  p
net385                      1.80    0.003    0.675    0.0238   1.297e-07  p
net692                      1.80    0.004    0.374    0.0199   1.274e-07  p
out93                       1.80    0.001    0.570    0.1297   1.254e-07  p
net463                      1.80    0.018    0.995    0.0042   1.240e-07  p
net578                      1.80    0.004    0.047    0.0196   1.235e-07  p
out14                       1.80    0.000    0.550    0.1607   1.223e-07  p
out80                       1.80    0.001    0.559    0.1253   1.202e-07  p
net86                       1.80    0.004    0.225    0.0165   1.194e-07  p
net948                      1.80    0.004    0.225    0.0165   1.187e-07  p
net161                      1.80    0.003    0.965    0.0213   1.183e-07  p
out76                       1.80    0.001    0.512    0.1073   1.169e-07  p
out6                        1.80    0.001    0.876    0.0908   1.150e-07  p
out79                       1.80    0.001    0.450    0.1278   1.122e-07  p
net827                      1.80    0.006    0.590    0.0116   1.116e-07  p
net950                      1.80    0.003    0.556    0.0238   1.098e-07  p
out2                        1.80    0.001    0.076    0.0873   1.089e-07  p
net89                       1.80    0.005    0.575    0.0129   1.078e-07  p
out65                       1.80    0.001    0.342    0.0685   1.060e-07  p
out16                       1.80    0.001    0.078    0.0587   1.036e-07  p
out22                       1.80    0.001    0.365    0.1270   1.031e-07  p
clknet_1_1__leaf_net466     1.80    0.006    0.984    0.0107   9.936e-08  p
net287                      1.80    0.003    0.428    0.0203   9.875e-08  p
net196                      1.80    0.003    0.553    0.0181   9.739e-08  p
out7                        1.80    0.001    0.348    0.0988   9.641e-08  p
net581                      1.80    0.006    0.019    0.0105   9.595e-08  p
net672                      1.80    0.003    0.436    0.0216   9.566e-08  p
net407                      1.80    0.002    0.067    0.0256   9.071e-08  p
out30                       1.80    0.000    0.571    0.1202   9.063e-08  p
clknet_1_0__leaf_net463     1.80    0.012    0.995    0.0042   8.288e-08  p
out27                       1.80    0.001    0.366    0.0740   7.606e-08  p
net277                      1.80    0.003    0.016    0.0156   7.264e-08  p
clknet_1_1__leaf_net463     1.80    0.010    0.995    0.0042   7.035e-08  p
net952                      1.80    0.004    0.957    0.0102   6.914e-08  p
clknet_1_0__leaf_net466     1.80    0.004    0.984    0.0107   6.763e-08  p
net98                       1.80    0.003    0.994    0.0107   5.478e-08  p
net236                      1.80    0.003    0.957    0.0102   4.670e-08  p
out15                       1.80    0.001    0.071    0.0285   4.448e-08  p
net445                      1.80    0.014    0.998    0.0019   4.233e-08  p
out10                       1.80    0.001    0.113    0.0343   3.798e-08  p
out26                       1.80    0.002    0.574    0.0114   3.596e-08  p
net272                      1.80    0.001    0.185    0.0379   3.429e-08  pm
out32                       1.80    0.002    0.590    0.0116   3.272e-08  p
out68                       1.80    0.001    0.048    0.0209   3.135e-08  p
out69                       1.80    0.001    0.953    0.0179   3.134e-08  p
net460                      1.80    0.005    0.996    0.0039   3.012e-08  p
out48                       1.80    0.001    0.961    0.0200   2.972e-08  p
net444                      1.80    0.009    0.002    0.0019   2.679e-08  p
out23                       1.80    0.001    0.556    0.0238   2.669e-08  p
out44                       1.80    0.001    0.471    0.0168   2.555e-08  p
out41                       1.80    0.001    0.359    0.0227   2.274e-08  p
out53                       1.80    0.001    0.970    0.0196   2.193e-08  p
out35                       1.80    0.001    0.560    0.0215   2.103e-08  p
out85                       1.80    0.001    0.950    0.0214   2.051e-08  p
out29                       1.80    0.001    0.978    0.0200   1.889e-08  p
out87                       1.80    0.001    0.048    0.0209   1.819e-08  p
out75                       1.80    0.001    0.048    0.0209   1.774e-08  p
out24                       1.80    0.001    0.965    0.0173   1.755e-08  p
out40                       1.80    0.001    0.654    0.0203   1.700e-08  p
out84                       1.80    0.001    0.964    0.0206   1.696e-08  p
out70                       1.80    0.001    0.768    0.0170   1.691e-08  p
out19                       1.80    0.001    0.052    0.0160   1.460e-08  p
out21                       1.80    0.001    0.975    0.0135   1.415e-08  p
out38                       1.80    0.001    0.399    0.0119   9.854e-09  p
--------------------------------------------------------------------------------
Total (1228 nets)                                              5.683e-03 Watt



                                      Int      Switch   Leak      Total
Hierarchy                             Power    Power    Power     Power    %
--------------------------------------------------------------------------------
netlist_1                             6.16e-03 5.68e-03 9.08e-09  1.18e-02 100.0
1
