****************************************
Report : Averaged Power
	-net_power
	-hierarchy
	-sort_by net_switching_power
	-power_greater_than       0
	-nosplit
Design : netlist_1
Version: Q-2019.12-SP1
Date   : Wed Aug 21 15:18:41 2024
****************************************



  Attributes
  ----------
      a  -  Switching activity information / Switching power information annotated on net
      p  -  Propagated switching activity information on net
      d  -  Default switching activity used on net
      u  -  Net switching activity uninitialized
      m  -  Net is driven by multiple pins
      b  -  Net is a primary input (boundary net)

		Toggle rates reported with respect to time unit 1ns
--------------------------------------------------------------------------------
                                  Total      Static   Toggle   Switching
Net                         Vdd   Net Load   Prob.    Rate     Power      Attrs
--------------------------------------------------------------------------------
clknet_2_3__leaf_clk        1.80    0.102    0.500    0.1000   1.650e-05  a
clknet_2_0__leaf_clk        1.80    0.099    0.500    0.1000   1.607e-05  a
clknet_2_2__leaf_clk        1.80    0.093    0.500    0.1000   1.505e-05  a
clknet_2_1__leaf_clk        1.80    0.093    0.500    0.1000   1.502e-05  a
clknet_0_clk                1.80    0.075    0.500    0.1000   1.218e-05  a
net48                       1.80    0.056    0.974    0.1023   9.324e-06  p
clknet_leaf_1_clk           1.80    0.046    0.500    0.1000   7.494e-06  a
clknet_leaf_8_clk           1.80    0.044    0.500    0.1000   7.047e-06  a
clknet_leaf_2_clk           1.80    0.040    0.500    0.1000   6.509e-06  a
clknet_leaf_30_clk          1.80    0.040    0.500    0.1000   6.429e-06  a
clknet_leaf_21_clk          1.80    0.039    0.500    0.1000   6.353e-06  a
clknet_leaf_10_clk          1.80    0.038    0.500    0.1000   6.235e-06  a
clknet_leaf_32_clk          1.80    0.038    0.500    0.1000   6.229e-06  a
clknet_leaf_18_clk          1.80    0.038    0.500    0.1000   6.165e-06  a
clknet_leaf_7_clk           1.80    0.037    0.500    0.1000   6.025e-06  a
clknet_leaf_4_clk           1.80    0.037    0.500    0.1000   5.978e-06  a
clknet_leaf_24_clk          1.80    0.034    0.500    0.1000   5.508e-06  a
clknet_leaf_29_clk          1.80    0.034    0.500    0.1000   5.491e-06  a
clknet_leaf_13_clk          1.80    0.033    0.500    0.1000   5.279e-06  a
clknet_leaf_27_clk          1.80    0.031    0.500    0.1000   5.029e-06  a
clknet_leaf_22_clk          1.80    0.031    0.500    0.1000   5.010e-06  a
net115                      1.80    0.029    0.259    0.1009   4.802e-06  p
clknet_leaf_37_clk          1.80    0.030    0.500    0.1000   4.796e-06  a
clknet_leaf_15_clk          1.80    0.030    0.500    0.1000   4.785e-06  a
clknet_leaf_3_clk           1.80    0.029    0.500    0.1000   4.754e-06  a
clknet_leaf_6_clk           1.80    0.029    0.500    0.1000   4.743e-06  a
clknet_leaf_11_clk          1.80    0.029    0.500    0.1000   4.741e-06  a
clknet_leaf_0_clk           1.80    0.029    0.500    0.1000   4.659e-06  a
clknet_leaf_14_clk          1.80    0.027    0.500    0.1000   4.406e-06  a
clknet_leaf_36_clk          1.80    0.025    0.500    0.1000   4.051e-06  a
clknet_leaf_12_clk          1.80    0.025    0.500    0.1000   3.987e-06  a
clknet_leaf_26_clk          1.80    0.024    0.500    0.1000   3.947e-06  a
net809                      1.80    0.024    0.500    0.1000   3.897e-06  a
clknet_leaf_28_clk          1.80    0.023    0.500    0.1000   3.738e-06  a
clknet_leaf_17_clk          1.80    0.023    0.500    0.1000   3.677e-06  a
net810                      1.80    0.023    0.500    0.1000   3.646e-06  a
net20                       1.80    0.022    0.500    0.1000   3.584e-06  a
net22                       1.80    0.023    0.243    0.0979   3.574e-06  p
clknet_leaf_19_clk          1.80    0.021    0.500    0.1000   3.354e-06  a
clknet_0_net724             1.80    0.020    0.479    0.1009   3.320e-06  p
clknet_leaf_20_clk          1.80    0.020    0.500    0.1000   3.178e-06  a
clknet_leaf_9_clk           1.80    0.019    0.500    0.1000   3.129e-06  a
clknet_leaf_16_clk          1.80    0.019    0.500    0.1000   3.088e-06  a
clknet_0_net278             1.80    0.019    0.493    0.0981   3.076e-06  p
clknet_0_net248             1.80    0.020    0.252    0.0967   3.069e-06  p
net50                       1.80    0.011    0.767    0.1622   3.002e-06  p
clknet_leaf_31_clk          1.80    0.019    0.500    0.1000   3.000e-06  a
clknet_0_net251             1.80    0.019    0.252    0.0967   2.990e-06  p
clknet_0_net794             1.80    0.019    0.478    0.0981   2.987e-06  p
clknet_0_net252             1.80    0.019    0.252    0.0967   2.980e-06  p
clknet_0_net779             1.80    0.019    0.493    0.0981   2.966e-06  p
clknet_leaf_35_clk          1.80    0.018    0.500    0.1000   2.906e-06  a
clknet_0_net255             1.80    0.018    0.252    0.0967   2.880e-06  p
clknet_leaf_5_clk           1.80    0.017    0.500    0.1000   2.685e-06  a
net51                       1.80    0.016    0.025    0.1010   2.594e-06  p
net19                       1.80    0.016    0.500    0.1000   2.587e-06  a
clknet_leaf_23_clk          1.80    0.014    0.500    0.1000   2.292e-06  a
clknet_leaf_33_clk          1.80    0.014    0.500    0.1000   2.251e-06  a
net24                       1.80    0.014    0.435    0.0952   2.227e-06  p
net278                      1.80    0.013    0.493    0.0981   2.030e-06  p
net255                      1.80    0.011    0.252    0.0967   1.785e-06  p
net779                      1.80    0.011    0.493    0.0981   1.781e-06  p
clknet_leaf_34_clk          1.80    0.010    0.500    0.1000   1.698e-06  a
net44                       1.80    0.010    0.974    0.1023   1.619e-06  p
net248                      1.80    0.010    0.252    0.0967   1.555e-06  p
net122                      1.80    0.019    0.068    0.0500   1.551e-06  p
clknet_0_net264             1.80    0.018    0.085    0.0488   1.441e-06  p
net794                      1.80    0.009    0.478    0.0981   1.412e-06  p
net251                      1.80    0.009    0.252    0.0967   1.401e-06  p
net117                      1.80    0.011    0.133    0.0739   1.351e-06  p
net798                      1.80    0.008    0.500    0.1000   1.322e-06  a
net252                      1.80    0.008    0.252    0.0967   1.319e-06  p
net46                       1.80    0.008    0.974    0.1023   1.308e-06  p
net724                      1.80    0.008    0.479    0.1009   1.303e-06  p
net818                      1.80    0.008    0.500    0.1000   1.253e-06  a
clknet_leaf_25_clk          1.80    0.008    0.500    0.1000   1.216e-06  a
net47                       1.80    0.007    0.974    0.1023   1.176e-06  p
clknet_1_0__leaf_net779     1.80    0.007    0.493    0.0981   1.154e-06  p
net45                       1.80    0.007    0.974    0.1023   1.137e-06  p
clknet_1_0__leaf_net724     1.80    0.006    0.479    0.1009   1.046e-06  p
net16                       1.80    0.012    0.078    0.0541   1.020e-06  p
clknet_1_0__leaf_net278     1.80    0.006    0.493    0.0981   9.892e-07  p
clknet_1_0__leaf_net248     1.80    0.006    0.252    0.0967   9.822e-07  p
clknet_1_0__leaf_net251     1.80    0.006    0.252    0.0967   9.278e-07  p
net49                       1.80    0.006    0.974    0.1023   9.185e-07  p
net4                        1.80    0.006    0.245    0.0971   9.062e-07  p
clknet_1_1__leaf_net251     1.80    0.005    0.252    0.0967   8.580e-07  p
net753                      1.80    0.005    0.500    0.1000   7.912e-07  a
net264                      1.80    0.010    0.085    0.0488   7.824e-07  p
net2                        1.80    0.007    0.121    0.0705   7.664e-07  p
net734                      1.80    0.005    0.479    0.1009   7.461e-07  p
net926                      1.80    0.005    0.504    0.1004   7.417e-07  p
clknet_1_1__leaf_net724     1.80    0.005    0.479    0.1009   7.394e-07  p
net23                       1.80    0.005    0.564    0.0953   7.376e-07  pm
clknet_1_1__leaf_net794     1.80    0.005    0.478    0.0981   7.293e-07  p
net0                        1.80    0.005    0.243    0.0951   7.266e-07  p
net132                      1.80    0.004    0.742    0.1010   7.067e-07  p
net793                      1.80    0.004    0.486    0.0997   6.969e-07  p
net851                      1.80    0.004    0.498    0.0954   6.778e-07  p
net54                       1.80    0.005    0.263    0.0749   6.417e-07  p
net7                        1.80    0.014    0.030    0.0282   6.354e-07  p
net6                        1.80    0.008    0.063    0.0468   5.930e-07  p
clknet_1_1__leaf_net779     1.80    0.004    0.493    0.0981   5.742e-07  p
net746                      1.80    0.004    0.500    0.1000   5.733e-07  a
net819                      1.80    0.003    0.500    0.1000   5.661e-07  a
clknet_1_0__leaf_net255     1.80    0.003    0.252    0.0967   5.369e-07  p
clknet_1_0__leaf_net794     1.80    0.003    0.478    0.0981   5.316e-07  p
net766                      1.80    0.003    0.025    0.1010   5.169e-07  p
net912                      1.80    0.003    0.503    0.1001   5.127e-07  p
net796                      1.80    0.005    0.478    0.0657   5.092e-07  p
net817                      1.80    0.003    0.500    0.1000   4.917e-07  a
net802                      1.80    0.003    0.500    0.1000   4.911e-07  a
clknet_1_1__leaf_net278     1.80    0.003    0.493    0.0981   4.882e-07  p
net263                      1.80    0.003    0.671    0.1064   4.877e-07  p
net806                      1.80    0.003    0.500    0.1000   4.826e-07  a
net17                       1.80    0.003    0.504    0.0976   4.764e-07  p
net5                        1.80    0.003    0.246    0.0987   4.629e-07  p
net118                      1.80    0.006    0.063    0.0485   4.615e-07  p
clknet_1_1__leaf_net252     1.80    0.003    0.252    0.0967   4.566e-07  p
clknet_1_1__leaf_net248     1.80    0.003    0.252    0.0967   4.489e-07  p
net134                      1.80    0.003    0.975    0.1010   4.399e-07  p
clknet_1_1__leaf_net255     1.80    0.003    0.252    0.0967   4.392e-07  p
net799                      1.80    0.003    0.500    0.1000   4.355e-07  a
net21                       1.80    0.008    0.038    0.0320   4.234e-07  p
net814                      1.80    0.003    0.500    0.1000   4.140e-07  a
net807                      1.80    0.003    0.500    0.1000   4.124e-07  a
net767                      1.80    0.002    0.975    0.1017   3.969e-07  p
clknet_1_0__leaf_net252     1.80    0.003    0.252    0.0967   3.923e-07  p
net41                       1.80    0.003    0.156    0.0769   3.919e-07  p
net112                      1.80    0.002    0.246    0.0990   3.898e-07  p
net72                       1.80    0.025    0.811    0.0094   3.863e-07  p
net65                       1.80    0.002    0.785    0.0986   3.849e-07  p
net43                       1.80    0.003    0.787    0.0853   3.830e-07  p
net745                      1.80    0.002    0.436    0.0953   3.830e-07  p
net808                      1.80    0.002    0.500    0.1000   3.815e-07  a
net801                      1.80    0.002    0.500    0.1000   3.735e-07  a
net805                      1.80    0.002    0.500    0.1000   3.722e-07  a
net732                      1.80    0.015    0.351    0.0150   3.668e-07  p
net25                       1.80    0.002    0.502    0.1027   3.632e-07  p
net74                       1.80    0.023    0.741    0.0098   3.600e-07  p
net803                      1.80    0.002    0.500    0.1000   3.595e-07  a
net813                      1.80    0.002    0.500    0.1000   3.478e-07  a
net811                      1.80    0.002    0.500    0.1000   3.476e-07  a
net800                      1.80    0.002    0.500    0.1000   3.456e-07  a
clknet_1_1__leaf_net264     1.80    0.004    0.085    0.0488   3.437e-07  p
net13                       1.80    0.005    0.821    0.0376   3.274e-07  p
net816                      1.80    0.002    0.500    0.1000   3.227e-07  a
net55                       1.80    0.002    0.498    0.0955   3.168e-07  p
net258                      1.80    0.003    0.166    0.0635   3.158e-07  p
net815                      1.80    0.002    0.500    0.1000   3.114e-07  a
net3                        1.80    0.002    0.245    0.0971   2.944e-07  p
net116                      1.80    0.002    0.130    0.0760   2.883e-07  p
net804                      1.80    0.002    0.500    0.1000   2.851e-07  a
net812                      1.80    0.002    0.500    0.1000   2.764e-07  a
net1                        1.80    0.002    0.245    0.0971   2.739e-07  p
clknet_1_0__leaf_net264     1.80    0.003    0.085    0.0488   2.525e-07  p
net114                      1.80    0.003    0.057    0.0452   2.520e-07  p
net113                      1.80    0.002    0.116    0.0714   2.428e-07  p
net257                      1.80    0.002    0.834    0.0635   2.406e-07  p
net121                      1.80    0.002    0.131    0.0736   2.321e-07  p
net67                       1.80    0.014    0.819    0.0098   2.301e-07  p
net73                       1.80    0.014    0.741    0.0098   2.221e-07  p
net918                      1.80    0.007    0.092    0.0207   2.193e-07  p
net886                      1.80    0.006    0.464    0.0226   2.177e-07  p
net8                        1.80    0.002    0.126    0.0721   2.042e-07  p
net119                      1.80    0.002    0.071    0.0497   2.000e-07  p
net31                       1.80    0.007    0.753    0.0170   1.961e-07  p
net32                       1.80    0.007    0.237    0.0167   1.879e-07  p
net728                      1.80    0.005    0.525    0.0233   1.820e-07  p
net952                      1.80    0.003    0.179    0.0376   1.817e-07  p
net71                       1.80    0.012    0.179    0.0094   1.792e-07  p
net267                      1.80    0.006    0.257    0.0166   1.621e-07  p
net68                       1.80    0.010    0.819    0.0098   1.528e-07  p
net35                       1.80    0.006    0.205    0.0150   1.526e-07  p
net12                       1.80    0.002    0.179    0.0376   1.405e-07  p
net202                      1.80    0.008    0.336    0.0097   1.331e-07  p
net37                       1.80    0.003    0.120    0.0326   1.330e-07  p
net120                      1.80    0.003    0.046    0.0295   1.329e-07  p
net270                      1.80    0.005    0.738    0.0175   1.282e-07  p
net18                       1.80    0.006    0.970    0.0128   1.230e-07  p
net66                       1.80    0.002    0.811    0.0356   1.218e-07  p
net729                      1.80    0.003    0.464    0.0226   1.143e-07  p
net26                       1.80    0.003    0.905    0.0209   1.132e-07  p
net865                      1.80    0.002    0.046    0.0295   1.103e-07  p
net9                        1.80    0.002    0.030    0.0282   1.069e-07  p
net70                       1.80    0.007    0.819    0.0098   1.042e-07  p
net782                      1.80    0.003    0.747    0.0173   9.035e-08  p
net866                      1.80    0.006    0.819    0.0098   8.941e-08  p
net69                       1.80    0.005    0.819    0.0098   8.694e-08  p
net129                      1.80    0.008    0.991    0.0067   8.534e-08  p
net946                      1.80    0.003    0.351    0.0150   8.132e-08  p
net203                      1.80    0.005    0.664    0.0097   7.664e-08  p
net165                      1.80    0.028    0.006    0.0016   7.274e-08  p
net61                       1.80    0.003    0.810    0.0163   7.221e-08  p
net124                      1.80    0.011    0.995    0.0039   7.091e-08  p
net130                      1.80    0.007    0.009    0.0065   7.047e-08  p
net60                       1.80    0.003    0.190    0.0163   6.804e-08  p
net27                       1.80    0.002    0.092    0.0208   6.654e-08  p
net776                      1.80    0.003    0.155    0.0125   6.640e-08  p
net38                       1.80    0.005    0.119    0.0079   6.336e-08  p
net966                      1.80    0.002    0.237    0.0166   6.213e-08  p
net34                       1.80    0.002    0.784    0.0154   5.848e-08  p
net78                       1.80    0.004    0.179    0.0094   5.705e-08  p
net919                      1.80    0.002    0.205    0.0150   5.287e-08  p
net211                      1.80    0.003    0.663    0.0097   4.866e-08  p
net161                      1.80    0.018    0.006    0.0016   4.652e-08  p
net849                      1.80    0.003    0.811    0.0094   4.439e-08  p
net131                      1.80    0.004    0.991    0.0066   4.163e-08  p
net92                       1.80    0.010    0.966    0.0026   4.090e-08  p
net862                      1.80    0.006    0.005    0.0039   3.955e-08  p
net777                      1.80    0.002    0.819    0.0098   3.901e-08  p
net217                      1.80    0.002    0.663    0.0097   3.732e-08  p
net750                      1.80    0.002    0.179    0.0094   3.564e-08  p
net857                      1.80    0.002    0.179    0.0094   3.545e-08  p
net157                      1.80    0.013    0.006    0.0016   3.433e-08  p
net751                      1.80    0.002    0.811    0.0094   3.414e-08  p
net30                       1.80    0.013    0.006    0.0016   3.298e-08  p
net59                       1.80    0.007    0.966    0.0026   3.083e-08  p
net159                      1.80    0.011    0.006    0.0016   2.985e-08  p
net125                      1.80    0.005    0.005    0.0039   2.960e-08  p
net156                      1.80    0.011    0.006    0.0016   2.855e-08  p
net163                      1.80    0.011    0.006    0.0016   2.803e-08  p
net373                      1.80    0.020    0.986    0.0008   2.486e-08  p
net870                      1.80    0.002    0.663    0.0097   2.446e-08  p
net682                      1.80    0.023    0.989    0.0007   2.416e-08  p
net160                      1.80    0.008    0.006    0.0016   2.120e-08  p
net11                       1.80    0.006    0.998    0.0020   2.002e-08  p
net39                       1.80    0.010    0.004    0.0013   1.974e-08  p
net656                      1.80    0.019    0.989    0.0007   1.971e-08  p
net367                      1.80    0.019    0.986    0.0007   1.962e-08  p
net15                       1.80    0.003    0.995    0.0045   1.922e-08  p
net297                      1.80    0.006    0.988    0.0018   1.877e-08  p
net365                      1.80    0.017    0.990    0.0007   1.829e-08  p
net903                      1.80    0.003    0.005    0.0039   1.770e-08  p
net123                      1.80    0.003    0.003    0.0033   1.694e-08  p
net42                       1.80    0.002    0.023    0.0045   1.639e-08  p
net494                      1.80    0.016    0.990    0.0007   1.637e-08  p
net371                      1.80    0.015    0.020    0.0007   1.625e-08  p
net854                      1.80    0.004    0.966    0.0026   1.603e-08  p
net510                      1.80    0.015    0.989    0.0007   1.588e-08  p
net14                       1.80    0.007    0.000    0.0014   1.501e-08  p
net370                      1.80    0.013    0.980    0.0007   1.376e-08  p
net681                      1.80    0.013    0.989    0.0007   1.343e-08  p
net964                      1.80    0.002    0.003    0.0033   1.305e-08  p
net29                       1.80    0.006    0.005    0.0013   1.175e-08  p
net33                       1.80    0.007    0.003    0.0010   1.172e-08  p
net250                      1.80    0.010    0.021    0.0007   1.093e-08  p
net173                      1.80    0.008    0.007    0.0009   1.091e-08  p
net420                      1.80    0.021    0.997    0.0003   1.083e-08  p
net896                      1.80    0.010    0.989    0.0007   1.075e-08  p
net271                      1.80    0.005    0.011    0.0012   1.018e-08  p
net171                      1.80    0.008    0.989    0.0008   9.992e-09  p
net506                      1.80    0.009    0.989    0.0007   9.420e-09  p
net249                      1.80    0.009    0.993    0.0007   9.415e-09  p
net927                      1.80    0.004    0.978    0.0015   9.380e-09  p
net929                      1.80    0.004    0.979    0.0013   9.338e-09  p
net827                      1.80    0.008    0.989    0.0007   8.870e-09  p
net261                      1.80    0.006    0.996    0.0009   8.836e-09  p
net904                      1.80    0.003    0.998    0.0020   8.794e-09  p
net781                      1.80    0.003    0.988    0.0018   8.580e-09  p
net829                      1.80    0.008    0.980    0.0007   8.164e-09  p
net692                      1.80    0.008    0.984    0.0007   8.088e-09  p
net787                      1.80    0.008    0.984    0.0007   8.072e-09  p
net177                      1.80    0.003    0.993    0.0019   8.010e-09  p
net180                      1.80    0.008    0.991    0.0007   7.997e-09  p
net835                      1.80    0.007    0.993    0.0007   7.571e-09  p
net691                      1.80    0.007    0.989    0.0007   7.364e-09  p
net10                       1.80    0.003    0.002    0.0017   7.257e-09  p
net158                      1.80    0.003    0.006    0.0016   6.727e-09  p
net172                      1.80    0.009    0.001    0.0004   6.640e-09  p
net435                      1.80    0.013    0.998    0.0003   6.636e-09  p
net196                      1.80    0.006    0.992    0.0007   6.494e-09  p
net375                      1.80    0.006    0.977    0.0007   6.380e-09  p
net955                      1.80    0.004    0.013    0.0009   6.325e-09  p
net36                       1.80    0.005    0.001    0.0009   6.294e-09  p
net641                      1.80    0.006    0.990    0.0007   6.287e-09  p
net265                      1.80    0.003    0.014    0.0012   6.062e-09  p
net842                      1.80    0.006    0.990    0.0007   6.015e-09  p
net685                      1.80    0.006    0.987    0.0007   5.950e-09  p
net680                      1.80    0.006    0.989    0.0007   5.887e-09  p
net925                      1.80    0.006    0.984    0.0007   5.867e-09  p
net504                      1.80    0.005    0.989    0.0007   5.759e-09  p
net695                      1.80    0.005    0.984    0.0007   5.755e-09  p
net109                      1.80    0.005    0.990    0.0007   5.557e-09  p
net694                      1.80    0.005    0.991    0.0007   5.469e-09  p
net788                      1.80    0.010    0.997    0.0003   5.360e-09  p
net468                      1.80    0.005    0.990    0.0007   5.346e-09  p
net169                      1.80    0.002    0.979    0.0015   5.332e-09  p
net844                      1.80    0.004    0.989    0.0008   5.324e-09  p
net830                      1.80    0.004    0.013    0.0008   5.125e-09  p
net432                      1.80    0.005    0.990    0.0007   5.093e-09  p
net517                      1.80    0.005    0.989    0.0007   4.988e-09  p
net853                      1.80    0.004    0.007    0.0009   4.947e-09  p
net570                      1.80    0.005    0.991    0.0007   4.927e-09  p
net698                      1.80    0.005    0.013    0.0007   4.855e-09  p
net128                      1.80    0.008    0.000    0.0004   4.785e-09  p
net170                      1.80    0.003    0.013    0.0008   4.604e-09  p
net162                      1.80    0.011    0.998    0.0002   4.547e-09  p
net901                      1.80    0.004    0.021    0.0007   4.501e-09  p
net400                      1.80    0.004    0.992    0.0007   4.383e-09  p
net948                      1.80    0.004    0.009    0.0006   4.376e-09  p
net223                      1.80    0.004    0.991    0.0007   4.355e-09  p
net382                      1.80    0.004    0.026    0.0007   4.338e-09  p
net676                      1.80    0.004    0.009    0.0007   4.329e-09  p
net940                      1.80    0.004    0.990    0.0007   4.203e-09  p
net887                      1.80    0.003    0.007    0.0009   4.072e-09  p
net846                      1.80    0.004    0.989    0.0007   4.001e-09  p
net719                      1.80    0.004    0.984    0.0007   3.963e-09  p
net977                      1.80    0.004    0.976    0.0007   3.948e-09  p
net856                      1.80    0.004    0.991    0.0007   3.875e-09  p
net28                       1.80    0.002    0.995    0.0013   3.852e-09  p
net108                      1.80    0.004    0.990    0.0007   3.827e-09  p
net164                      1.80    0.003    0.007    0.0009   3.743e-09  p
net376                      1.80    0.004    0.009    0.0006   3.492e-09  p
net582                      1.80    0.003    0.991    0.0007   3.380e-09  p
net772                      1.80    0.003    0.990    0.0007   3.337e-09  p
net266                      1.80    0.003    0.979    0.0007   3.287e-09  p
net924                      1.80    0.003    0.990    0.0007   3.281e-09  p
net245                      1.80    0.003    0.989    0.0007   3.247e-09  p
net348                      1.80    0.003    0.991    0.0007   3.151e-09  p
net430                      1.80    0.003    0.992    0.0007   3.094e-09  p
net696                      1.80    0.003    0.973    0.0007   3.066e-09  p
net774                      1.80    0.003    0.992    0.0007   2.964e-09  p
net895                      1.80    0.003    0.987    0.0007   2.959e-09  p
net792                      1.80    0.003    0.991    0.0007   2.953e-09  p
net690                      1.80    0.003    0.991    0.0007   2.813e-09  p
net723                      1.80    0.003    0.989    0.0007   2.782e-09  p
net583                      1.80    0.003    0.979    0.0007   2.758e-09  p
net902                      1.80    0.003    0.989    0.0007   2.749e-09  p
net377                      1.80    0.003    0.980    0.0007   2.706e-09  p
net892                      1.80    0.003    0.990    0.0007   2.698e-09  p
net425                      1.80    0.005    0.994    0.0003   2.651e-09  p
net374                      1.80    0.002    0.013    0.0009   2.648e-09  p
net89                       1.80    0.002    0.990    0.0007   2.631e-09  p
net388                      1.80    0.002    0.989    0.0007   2.629e-09  p
net166                      1.80    0.004    0.001    0.0004   2.614e-09  p
net922                      1.80    0.002    0.990    0.0007   2.587e-09  p
net409                      1.80    0.005    0.997    0.0003   2.566e-09  p
net482                      1.80    0.002    0.990    0.0007   2.494e-09  p
net335                      1.80    0.002    0.991    0.0007   2.487e-09  p
net383                      1.80    0.002    0.970    0.0007   2.484e-09  p
net175                      1.80    0.003    0.007    0.0005   2.469e-09  p
net760                      1.80    0.006    0.998    0.0002   2.457e-09  p
net972                      1.80    0.002    0.991    0.0007   2.455e-09  p
net200                      1.80    0.002    0.991    0.0007   2.446e-09  p
net873                      1.80    0.002    0.993    0.0007   2.420e-09  p
net883                      1.80    0.002    0.992    0.0007   2.420e-09  p
net839                      1.80    0.002    0.978    0.0007   2.402e-09  p
net292                      1.80    0.002    0.992    0.0007   2.398e-09  p
net332                      1.80    0.002    0.991    0.0007   2.374e-09  p
net384                      1.80    0.002    0.986    0.0007   2.328e-09  p
net596                      1.80    0.004    0.996    0.0003   2.307e-09  p
net359                      1.80    0.002    0.990    0.0007   2.287e-09  p
net843                      1.80    0.004    0.997    0.0003   2.269e-09  p
net243                      1.80    0.002    0.991    0.0007   2.257e-09  p
net867                      1.80    0.002    0.989    0.0007   2.190e-09  p
net898                      1.80    0.002    0.978    0.0007   2.189e-09  p
net126                      1.80    0.002    0.001    0.0007   2.108e-09  p
net752                      1.80    0.002    0.993    0.0007   2.095e-09  p
net697                      1.80    0.002    0.011    0.0007   2.022e-09  p
net603                      1.80    0.002    0.992    0.0007   2.014e-09  p
net174                      1.80    0.005    0.998    0.0002   1.875e-09  p
net962                      1.80    0.002    0.970    0.0007   1.825e-09  p
net381                      1.80    0.008    1.000    0.0001   1.562e-09  p
net783                      1.80    0.003    0.995    0.0003   1.462e-09  p
out2                        1.80    0.001    0.980    0.0013   1.313e-09  p
net754                      1.80    0.005    1.000    0.0001   1.060e-09  p
net40                       1.80    0.003    0.000    0.0002   9.646e-10  p
net176                      1.80    0.002    0.001    0.0003   8.632e-10  p
out20                       1.80    0.001    0.013    0.0008   6.628e-10  p
net933                      1.80    0.003    1.000    0.0001   6.352e-10  p
out18                       1.80    0.001    0.989    0.0007   6.187e-10  p
out9                        1.80    0.001    0.978    0.0007   5.691e-10  p
out4                        1.80    0.001    0.993    0.0007   5.419e-10  p
net372                      1.80    0.002    1.000    0.0001   3.224e-10  p
clknet_0_net95              1.80    0.020    0.000    0.0000      0.0000  p
clknet_0_net96              1.80    0.018    0.000    0.0000      0.0000  p
clknet_0_net97              1.80    0.019    0.000    0.0000      0.0000  p
clknet_0_net183             1.80    0.019    0.000    0.0000      0.0000  p
clknet_0_net185             1.80    0.018    0.000    0.0000      0.0000  p
clknet_0_net186             1.80    0.019    0.000    0.0000      0.0000  p
clknet_0_net187             1.80    0.020    0.000    0.0000      0.0000  p
clknet_0_net188             1.80    0.018    0.000    0.0000      0.0000  p
clknet_0_net190             1.80    0.019    0.000    0.0000      0.0000  p
clknet_0_net191             1.80    0.020    0.000    0.0000      0.0000  p
clknet_0_net194             1.80    0.019    0.000    0.0000      0.0000  p
clknet_0_net256             1.80    0.019    0.000    0.0000      0.0000  p
clknet_0_net284             1.80    0.018    0.000    0.0000      0.0000  p
clknet_0_net285             1.80    0.020    0.000    0.0000      0.0000  p
clknet_0_net287             1.80    0.019    0.000    0.0000      0.0000  p
clknet_0_net303             1.80    0.018    0.000    0.0000      0.0000  p
clknet_0_net306             1.80    0.019    0.000    0.0000      0.0000  p
clknet_0_net308             1.80    0.020    0.000    0.0000      0.0000  p
clknet_0_net318             1.80    0.019    0.000    0.0000      0.0000  p
clknet_0_net319             1.80    0.018    0.000    0.0000      0.0000  p
clknet_0_net321             1.80    0.018    0.000    0.0000      0.0000  p
clknet_0_net518             1.80    0.018    0.000    0.0000      0.0000  p
clknet_0_net519             1.80    0.019    0.000    0.0000      0.0000  p
clknet_0_net520             1.80    0.019    0.000    0.0000      0.0000  p
clknet_0_net521             1.80    0.020    0.000    0.0000      0.0000  p
clknet_0_net523             1.80    0.019    0.000    0.0000      0.0000  p
clknet_0_net524             1.80    0.019    0.000    0.0000      0.0000  p
clknet_0_net525             1.80    0.019    0.000    0.0000      0.0000  p
clknet_0_net527             1.80    0.019    0.000    0.0000      0.0000  p
clknet_0_net530             1.80    0.021    0.000    0.0000      0.0000  p
clknet_0_net566             1.80    0.019    0.000    0.0000      0.0000  p
clknet_0_net640             1.80    0.021    0.000    0.0000      0.0000  p
clknet_0_net709             1.80    0.018    0.000    0.0000      0.0000  p
clknet_0_net710             1.80    0.018    0.000    0.0000      0.0000  p
clknet_0_net714             1.80    0.018    0.000    0.0000      0.0000  p
clknet_0_net721             1.80    0.021    0.000    0.0000      0.0000  p
clknet_0_net725             1.80    0.019    0.000    0.0000      0.0000  p
clknet_0_net726             1.80    0.018    0.000    0.0000      0.0000  p
clknet_0_net727             1.80    0.020    0.000    0.0000      0.0000  p
clknet_0_net730             1.80    0.019    0.000    0.0000      0.0000  p
clknet_0_net733             1.80    0.018    0.000    0.0000      0.0000  p
clknet_0_net761             1.80    0.019    0.000    0.0000      0.0000  p
clknet_1_0__leaf_net95      1.80    0.007    0.000    0.0000      0.0000  p
clknet_1_0__leaf_net96      1.80    0.003    0.000    0.0000      0.0000  p
clknet_1_0__leaf_net97      1.80    0.003    0.000    0.0000      0.0000  p
clknet_1_0__leaf_net183     1.80    0.015    0.000    0.0000      0.0000  p
clknet_1_0__leaf_net185     1.80    0.003    0.000    0.0000      0.0000  p
clknet_1_0__leaf_net186     1.80    0.020    0.000    0.0000      0.0000  p
clknet_1_0__leaf_net187     1.80    0.004    0.000    0.0000      0.0000  p
clknet_1_0__leaf_net188     1.80    0.008    0.000    0.0000      0.0000  p
clknet_1_0__leaf_net190     1.80    0.005    0.000    0.0000      0.0000  p
clknet_1_0__leaf_net191     1.80    0.008    0.000    0.0000      0.0000  p
clknet_1_0__leaf_net194     1.80    0.007    0.000    0.0000      0.0000  p
clknet_1_0__leaf_net256     1.80    0.014    0.000    0.0000      0.0000  p
clknet_1_0__leaf_net284     1.80    0.008    0.000    0.0000      0.0000  p
clknet_1_0__leaf_net285     1.80    0.004    0.000    0.0000      0.0000  p
clknet_1_0__leaf_net287     1.80    0.006    0.000    0.0000      0.0000  p
clknet_1_0__leaf_net303     1.80    0.003    0.000    0.0000      0.0000  p
clknet_1_0__leaf_net306     1.80    0.003    0.000    0.0000      0.0000  p
clknet_1_0__leaf_net308     1.80    0.005    0.000    0.0000      0.0000  p
clknet_1_0__leaf_net318     1.80    0.003    0.000    0.0000      0.0000  p
clknet_1_0__leaf_net319     1.80    0.007    0.000    0.0000      0.0000  p
clknet_1_0__leaf_net321     1.80    0.014    0.000    0.0000      0.0000  p
clknet_1_0__leaf_net518     1.80    0.004    0.000    0.0000      0.0000  p
clknet_1_0__leaf_net519     1.80    0.009    0.000    0.0000      0.0000  p
clknet_1_0__leaf_net520     1.80    0.004    0.000    0.0000      0.0000  p
clknet_1_0__leaf_net521     1.80    0.015    0.000    0.0000      0.0000  p
clknet_1_0__leaf_net523     1.80    0.003    0.000    0.0000      0.0000  p
clknet_1_0__leaf_net524     1.80    0.005    0.000    0.0000      0.0000  p
clknet_1_0__leaf_net525     1.80    0.003    0.000    0.0000      0.0000  p
clknet_1_0__leaf_net527     1.80    0.003    0.000    0.0000      0.0000  p
clknet_1_0__leaf_net530     1.80    0.014    0.000    0.0000      0.0000  p
clknet_1_0__leaf_net566     1.80    0.012    0.000    0.0000      0.0000  p
clknet_1_0__leaf_net640     1.80    0.009    0.000    0.0000      0.0000  p
clknet_1_0__leaf_net709     1.80    0.016    0.000    0.0000      0.0000  p
clknet_1_0__leaf_net710     1.80    0.006    0.000    0.0000      0.0000  p
clknet_1_0__leaf_net714     1.80    0.002    0.000    0.0000      0.0000  p
clknet_1_0__leaf_net721     1.80    0.003    0.000    0.0000      0.0000  p
clknet_1_0__leaf_net725     1.80    0.005    0.000    0.0000      0.0000  p
clknet_1_0__leaf_net726     1.80    0.005    0.000    0.0000      0.0000  p
clknet_1_0__leaf_net727     1.80    0.011    0.000    0.0000      0.0000  p
clknet_1_0__leaf_net730     1.80    0.007    0.000    0.0000      0.0000  p
clknet_1_0__leaf_net733     1.80    0.010    0.000    0.0000      0.0000  p
clknet_1_0__leaf_net761     1.80    0.004    0.000    0.0000      0.0000  p
clknet_1_1__leaf_net95      1.80    0.008    0.000    0.0000      0.0000  p
clknet_1_1__leaf_net96      1.80    0.003    0.000    0.0000      0.0000  p
clknet_1_1__leaf_net97      1.80    0.005    0.000    0.0000      0.0000  p
clknet_1_1__leaf_net183     1.80    0.011    0.000    0.0000      0.0000  p
clknet_1_1__leaf_net185     1.80    0.004    0.000    0.0000      0.0000  p
clknet_1_1__leaf_net186     1.80    0.016    0.000    0.0000      0.0000  p
clknet_1_1__leaf_net187     1.80    0.009    0.000    0.0000      0.0000  p
clknet_1_1__leaf_net188     1.80    0.003    0.000    0.0000      0.0000  p
clknet_1_1__leaf_net190     1.80    0.002    0.000    0.0000      0.0000  p
clknet_1_1__leaf_net191     1.80    0.009    0.000    0.0000      0.0000  p
clknet_1_1__leaf_net194     1.80    0.005    0.000    0.0000      0.0000  p
clknet_1_1__leaf_net256     1.80    0.011    0.000    0.0000      0.0000  p
clknet_1_1__leaf_net284     1.80    0.014    0.000    0.0000      0.0000  p
clknet_1_1__leaf_net285     1.80    0.004    0.000    0.0000      0.0000  p
clknet_1_1__leaf_net287     1.80    0.010    0.000    0.0000      0.0000  p
clknet_1_1__leaf_net303     1.80    0.005    0.000    0.0000      0.0000  p
clknet_1_1__leaf_net306     1.80    0.004    0.000    0.0000      0.0000  p
clknet_1_1__leaf_net308     1.80    0.005    0.000    0.0000      0.0000  p
clknet_1_1__leaf_net318     1.80    0.003    0.000    0.0000      0.0000  p
clknet_1_1__leaf_net319     1.80    0.006    0.000    0.0000      0.0000  p
clknet_1_1__leaf_net321     1.80    0.013    0.000    0.0000      0.0000  p
clknet_1_1__leaf_net518     1.80    0.003    0.000    0.0000      0.0000  p
clknet_1_1__leaf_net519     1.80    0.016    0.000    0.0000      0.0000  p
clknet_1_1__leaf_net520     1.80    0.004    0.000    0.0000      0.0000  p
clknet_1_1__leaf_net521     1.80    0.017    0.000    0.0000      0.0000  p
clknet_1_1__leaf_net523     1.80    0.004    0.000    0.0000      0.0000  p
clknet_1_1__leaf_net524     1.80    0.005    0.000    0.0000      0.0000  p
clknet_1_1__leaf_net525     1.80    0.004    0.000    0.0000      0.0000  p
clknet_1_1__leaf_net527     1.80    0.006    0.000    0.0000      0.0000  p
clknet_1_1__leaf_net530     1.80    0.008    0.000    0.0000      0.0000  p
clknet_1_1__leaf_net566     1.80    0.014    0.000    0.0000      0.0000  p
clknet_1_1__leaf_net640     1.80    0.003    0.000    0.0000      0.0000  p
clknet_1_1__leaf_net709     1.80    0.012    0.000    0.0000      0.0000  p
clknet_1_1__leaf_net710     1.80    0.007    0.000    0.0000      0.0000  p
clknet_1_1__leaf_net714     1.80    0.003    0.000    0.0000      0.0000  p
clknet_1_1__leaf_net721     1.80    0.008    0.000    0.0000      0.0000  p
clknet_1_1__leaf_net725     1.80    0.007    0.000    0.0000      0.0000  p
clknet_1_1__leaf_net726     1.80    0.003    0.000    0.0000      0.0000  p
clknet_1_1__leaf_net727     1.80    0.006    0.000    0.0000      0.0000  p
clknet_1_1__leaf_net730     1.80    0.002    0.000    0.0000      0.0000  p
clknet_1_1__leaf_net733     1.80    0.002    0.000    0.0000      0.0000  p
clknet_1_1__leaf_net761     1.80    0.005    0.000    0.0000      0.0000  p
net52                       1.80    0.007    0.000    0.0000      0.0000  p
net53                       1.80    0.005    0.000    0.0000      0.0000  p
net56                       1.80    0.006    0.000    0.0000      0.0000  p
net57                       1.80    0.012    1.000    0.0000      0.0000  p
net58                       1.80    0.002    0.000    0.0000      0.0000  p
net62                       1.80    0.003    0.000    0.0000      0.0000  p
net63                       1.80    0.003    0.000    0.0000      0.0000  p
net64                       1.80    0.004    1.000    0.0000      0.0000  p
net75                       1.80    0.010    0.000    0.0000      0.0000  p
net76                       1.80    0.002    0.000    0.0000      0.0000  p
net77                       1.80    0.003    1.000    0.0000      0.0000  p
net79                       1.80    0.008    1.000    0.0000      0.0000  p
net80                       1.80    0.005    0.000    0.0000      0.0000  p
net81                       1.80    0.003    1.000    0.0000      0.0000  p
net82                       1.80    0.015    0.000    0.0000      0.0000  p
net83                       1.80    0.013    1.000    0.0000      0.0000  p
net84                       1.80    0.004    0.000    0.0000      0.0000  p
net85                       1.80    0.002    0.000    0.0000      0.0000  p
net86                       1.80    0.002    0.000    0.0000      0.0000  p
net87                       1.80    0.007    0.000    0.0000      0.0000  p
net88                       1.80    0.002    0.000    0.0000      0.0000  p
net90                       1.80    0.008    0.000    0.0000      0.0000  p
net91                       1.80    0.005    0.000    0.0000      0.0000  p
net93                       1.80    0.025    0.000    0.0000      0.0000  p
net94                       1.80    0.003    0.000    0.0000      0.0000  p
net95                       1.80    0.008    0.000    0.0000      0.0000  p
net96                       1.80    0.010    0.000    0.0000      0.0000  p
net97                       1.80    0.009    0.000    0.0000      0.0000  p
net98                       1.80    0.018    0.000    0.0000      0.0000  p
net99                       1.80    0.003    0.000    0.0000      0.0000  p
net100                      1.80    0.003    1.000    0.0000      0.0000  p
net101                      1.80    0.002    0.000    0.0000      0.0000  p
net102                      1.80    0.003    0.000    0.0000      0.0000  p
net103                      1.80    0.003    0.000    0.0000      0.0000  p
net104                      1.80    0.014    1.000    0.0000      0.0000  p
net105                      1.80    0.006    0.000    0.0000      0.0000  p
net106                      1.80    0.004    0.000    0.0000      0.0000  p
net107                      1.80    0.008    1.000    0.0000      0.0000  p
net110                      1.80    0.003    0.000    0.0000      0.0000  p
net111                      1.80    0.003    1.000    0.0000      0.0000  p
net127                      1.80    0.021    0.000    0.0000      0.0000  p
net133                      1.80    0.002    1.000    0.0000      0.0000  p
net135                      1.80    0.009    0.000    0.0000      0.0000  p
net136                      1.80    0.009    0.000    0.0000      0.0000  p
net137                      1.80    0.002    0.000    0.0000      0.0000  p
net138                      1.80    0.002    0.000    0.0000      0.0000  p
net139                      1.80    0.012    0.000    0.0000      0.0000  p
net140                      1.80    0.003    0.000    0.0000      0.0000  p
net141                      1.80    0.003    0.000    0.0000      0.0000  p
net142                      1.80    0.002    0.000    0.0000      0.0000  p
net143                      1.80    0.005    0.000    0.0000      0.0000  p
net144                      1.80    0.048    0.000    0.0000      0.0000  p
net145                      1.80    0.014    0.000    0.0000      0.0000  p
net146                      1.80    0.013    0.000    0.0000      0.0000  p
net147                      1.80    0.002    0.000    0.0000      0.0000  p
net148                      1.80    0.009    0.000    0.0000      0.0000  p
net149                      1.80    0.003    0.000    0.0000      0.0000  p
net150                      1.80    0.004    0.000    0.0000      0.0000  p
net151                      1.80    0.004    0.000    0.0000      0.0000  p
net152                      1.80    0.003    0.000    0.0000      0.0000  p
net153                      1.80    0.003    0.000    0.0000      0.0000  p
net154                      1.80    0.003    0.000    0.0000      0.0000  p
net155                      1.80    0.003    0.000    0.0000      0.0000  p
net167                      1.80    0.022    0.000    0.0000      0.0000  p
net168                      1.80    0.004    0.000    0.0000      0.0000  p
net178                      1.80    0.018    0.000    0.0000      0.0000  p
net179                      1.80    0.010    0.000    0.0000      0.0000  p
net181                      1.80    0.004    0.000    0.0000      0.0000  p
net182                      1.80    0.006    0.000    0.0000      0.0000  p
net183                      1.80    0.012    0.000    0.0000      0.0000  p
net184                      1.80    0.007    0.000    0.0000      0.0000  p
net185                      1.80    0.009    0.000    0.0000      0.0000  p
net186                      1.80    0.014    0.000    0.0000      0.0000  p
net187                      1.80    0.012    0.000    0.0000      0.0000  p
net188                      1.80    0.009    0.000    0.0000      0.0000  p
net189                      1.80    0.010    0.000    0.0000      0.0000  p
net190                      1.80    0.011    0.000    0.0000      0.0000  p
net191                      1.80    0.010    0.000    0.0000      0.0000  p
net192                      1.80    0.009    0.000    0.0000      0.0000  p
net193                      1.80    0.004    1.000    0.0000      0.0000  p
net194                      1.80    0.009    0.000    0.0000      0.0000  p
net195                      1.80    0.002    1.000    0.0000      0.0000  p
net197                      1.80    0.003    0.000    0.0000      0.0000  p
net198                      1.80    0.004    1.000    0.0000      0.0000  p
net199                      1.80    0.003    0.000    0.0000      0.0000  p
net201                      1.80    0.009    1.000    0.0000      0.0000  p
net204                      1.80    0.021    0.000    0.0000      0.0000  p
net205                      1.80    0.002    0.000    0.0000      0.0000  p
net206                      1.80    0.009    0.000    0.0000      0.0000  p
net207                      1.80    0.002    0.000    0.0000      0.0000  p
net208                      1.80    0.006    0.000    0.0000      0.0000  p
net209                      1.80    0.003    0.000    0.0000      0.0000  p
net210                      1.80    0.007    0.000    0.0000      0.0000  p
net212                      1.80    0.002    0.000    0.0000      0.0000  p
net213                      1.80    0.014    0.000    0.0000      0.0000  p
net214                      1.80    0.010    0.000    0.0000      0.0000  p
net215                      1.80    0.008    0.000    0.0000      0.0000  p
net216                      1.80    0.002    0.000    0.0000      0.0000  p
net218                      1.80    0.023    0.000    0.0000      0.0000  p
net219                      1.80    0.006    0.000    0.0000      0.0000  p
net220                      1.80    0.003    1.000    0.0000      0.0000  p
net221                      1.80    0.007    1.000    0.0000      0.0000  p
net222                      1.80    0.002    0.000    0.0000      0.0000  p
net224                      1.80    0.002    0.000    0.0000      0.0000  p
net225                      1.80    0.011    0.000    0.0000      0.0000  p
net226                      1.80    0.002    1.000    0.0000      0.0000  p
net227                      1.80    0.019    0.000    0.0000      0.0000  p
net228                      1.80    0.018    0.000    0.0000      0.0000  p
net229                      1.80    0.002    0.000    0.0000      0.0000  p
net230                      1.80    0.003    0.000    0.0000      0.0000  p
net231                      1.80    0.020    0.000    0.0000      0.0000  p
net232                      1.80    0.007    0.000    0.0000      0.0000  p
net233                      1.80    0.006    1.000    0.0000      0.0000  p
net234                      1.80    0.002    0.000    0.0000      0.0000  p
net235                      1.80    0.017    0.000    0.0000      0.0000  p
net236                      1.80    0.003    0.000    0.0000      0.0000  p
net237                      1.80    0.002    0.000    0.0000      0.0000  p
net238                      1.80    0.003    1.000    0.0000      0.0000  p
net239                      1.80    0.005    0.000    0.0000      0.0000  p
net240                      1.80    0.003    0.000    0.0000      0.0000  p
net241                      1.80    0.002    1.000    0.0000      0.0000  p
net242                      1.80    0.012    0.000    0.0000      0.0000  p
net244                      1.80    0.002    1.000    0.0000      0.0000  p
net246                      1.80    0.010    0.000    0.0000      0.0000  p
net247                      1.80    0.022    0.000    0.0000      0.0000  pm
net253                      1.80    0.004    1.000    0.0000      0.0000  p
net254                      1.80    0.008    0.000    0.0000      0.0000  p
net256                      1.80    0.011    0.000    0.0000      0.0000  p
net259                      1.80    0.009    1.000    0.0000      0.0000  p
net260                      1.80    0.009    0.000    0.0000      0.0000  p
net262                      1.80    0.006    0.000    0.0000      0.0000  p
net268                      1.80    0.003    0.000    0.0000      0.0000  p
net269                      1.80    0.003    1.000    0.0000      0.0000  p
net272                      1.80    0.022    0.000    0.0000      0.0000  p
net273                      1.80    0.013    1.000    0.0000      0.0000  p
net274                      1.80    0.008    0.000    0.0000      0.0000  p
net275                      1.80    0.006    0.000    0.0000      0.0000  p
net276                      1.80    0.003    0.000    0.0000      0.0000  p
net277                      1.80    0.008    0.000    0.0000      0.0000  p
net279                      1.80    0.009    0.000    0.0000      0.0000  p
net280                      1.80    0.002    0.000    0.0000      0.0000  p
net281                      1.80    0.002    0.000    0.0000      0.0000  p
net282                      1.80    0.016    0.000    0.0000      0.0000  p
net283                      1.80    0.007    0.000    0.0000      0.0000  p
net284                      1.80    0.009    0.000    0.0000      0.0000  p
net285                      1.80    0.010    0.000    0.0000      0.0000  p
net286                      1.80    0.004    0.000    0.0000      0.0000  p
net287                      1.80    0.009    0.000    0.0000      0.0000  p
net288                      1.80    0.008    1.000    0.0000      0.0000  p
net289                      1.80    0.005    0.000    0.0000      0.0000  p
net290                      1.80    0.006    1.000    0.0000      0.0000  p
net291                      1.80    0.005    0.000    0.0000      0.0000  p
net293                      1.80    0.003    0.000    0.0000      0.0000  p
net294                      1.80    0.002    0.000    0.0000      0.0000  p
net295                      1.80    0.003    1.000    0.0000      0.0000  p
net296                      1.80    0.005    0.000    0.0000      0.0000  p
net298                      1.80    0.011    0.000    0.0000      0.0000  p
net299                      1.80    0.010    0.000    0.0000      0.0000  p
net300                      1.80    0.004    0.000    0.0000      0.0000  p
net301                      1.80    0.025    0.000    0.0000      0.0000  p
net302                      1.80    0.011    0.000    0.0000      0.0000  p
net303                      1.80    0.009    0.000    0.0000      0.0000  p
net304                      1.80    0.002    0.000    0.0000      0.0000  p
net305                      1.80    0.008    0.000    0.0000      0.0000  p
net306                      1.80    0.008    0.000    0.0000      0.0000  p
net307                      1.80    0.006    0.000    0.0000      0.0000  p
net308                      1.80    0.009    0.000    0.0000      0.0000  p
net309                      1.80    0.003    0.000    0.0000      0.0000  p
net310                      1.80    0.004    1.000    0.0000      0.0000  p
net311                      1.80    0.003    0.000    0.0000      0.0000  p
net312                      1.80    0.002    1.000    0.0000      0.0000  p
net313                      1.80    0.002    0.000    0.0000      0.0000  p
net314                      1.80    0.007    0.000    0.0000      0.0000  p
net315                      1.80    0.002    0.000    0.0000      0.0000  p
net316                      1.80    0.003    1.000    0.0000      0.0000  p
net317                      1.80    0.006    0.000    0.0000      0.0000  p
net318                      1.80    0.011    0.000    0.0000      0.0000  p
net319                      1.80    0.009    0.000    0.0000      0.0000  p
net320                      1.80    0.020    0.000    0.0000      0.0000  p
net321                      1.80    0.012    0.000    0.0000      0.0000  p
net322                      1.80    0.002    0.000    0.0000      0.0000  p
net323                      1.80    0.006    0.000    0.0000      0.0000  p
net324                      1.80    0.025    0.000    0.0000      0.0000  p
net325                      1.80    0.007    0.000    0.0000      0.0000  p
net326                      1.80    0.019    1.000    0.0000      0.0000  p
net327                      1.80    0.014    0.000    0.0000      0.0000  p
net328                      1.80    0.010    1.000    0.0000      0.0000  p
net329                      1.80    0.002    0.000    0.0000      0.0000  p
net330                      1.80    0.021    0.000    0.0000      0.0000  p
net331                      1.80    0.002    0.000    0.0000      0.0000  p
net333                      1.80    0.003    0.000    0.0000      0.0000  p
net334                      1.80    0.009    0.000    0.0000      0.0000  p
net336                      1.80    0.008    0.000    0.0000      0.0000  p
net337                      1.80    0.003    0.000    0.0000      0.0000  p
net338                      1.80    0.007    0.000    0.0000      0.0000  p
net339                      1.80    0.004    0.000    0.0000      0.0000  p
net340                      1.80    0.004    0.000    0.0000      0.0000  p
net341                      1.80    0.004    0.000    0.0000      0.0000  p
net342                      1.80    0.003    0.000    0.0000      0.0000  p
net343                      1.80    0.017    0.000    0.0000      0.0000  p
net344                      1.80    0.020    0.000    0.0000      0.0000  p
net345                      1.80    0.022    0.000    0.0000      0.0000  p
net346                      1.80    0.009    0.000    0.0000      0.0000  p
net347                      1.80    0.009    1.000    0.0000      0.0000  p
net349                      1.80    0.009    0.000    0.0000      0.0000  p
net350                      1.80    0.010    1.000    0.0000      0.0000  p
net351                      1.80    0.004    0.000    0.0000      0.0000  p
net352                      1.80    0.003    0.000    0.0000      0.0000  p
net353                      1.80    0.007    1.000    0.0000      0.0000  p
net354                      1.80    0.011    0.000    0.0000      0.0000  p
net355                      1.80    0.016    1.000    0.0000      0.0000  p
net356                      1.80    0.002    1.000    0.0000      0.0000  p
net357                      1.80    0.004    0.000    0.0000      0.0000  p
net358                      1.80    0.002    1.000    0.0000      0.0000  p
net360                      1.80    0.003    0.000    0.0000      0.0000  p
net361                      1.80    0.002    0.000    0.0000      0.0000  p
net362                      1.80    0.002    1.000    0.0000      0.0000  p
net363                      1.80    0.003    0.000    0.0000      0.0000  p
net364                      1.80    0.003    1.000    0.0000      0.0000  p
net366                      1.80    0.011    0.000    0.0000      0.0000  p
net368                      1.80    0.002    0.000    0.0000      0.0000  p
net369                      1.80    0.023    1.000    0.0000      0.0000  p
net378                      1.80    0.011    0.000    0.0000      0.0000  p
net379                      1.80    0.005    0.000    0.0000      0.0000  p
net380                      1.80    0.008    0.000    0.0000      0.0000  p
net385                      1.80    0.002    0.000    0.0000      0.0000  p
net386                      1.80    0.003    0.000    0.0000      0.0000  p
net387                      1.80    0.005    0.000    0.0000      0.0000  p
net389                      1.80    0.007    0.000    0.0000      0.0000  p
net390                      1.80    0.005    0.000    0.0000      0.0000  p
net391                      1.80    0.006    0.000    0.0000      0.0000  p
net392                      1.80    0.022    0.000    0.0000      0.0000  p
net393                      1.80    0.005    0.000    0.0000      0.0000  p
net394                      1.80    0.008    0.000    0.0000      0.0000  p
net395                      1.80    0.025    0.000    0.0000      0.0000  p
net396                      1.80    0.009    0.000    0.0000      0.0000  p
net397                      1.80    0.009    0.000    0.0000      0.0000  p
net398                      1.80    0.004    0.000    0.0000      0.0000  p
net399                      1.80    0.003    1.000    0.0000      0.0000  p
net401                      1.80    0.005    0.000    0.0000      0.0000  p
net402                      1.80    0.033    0.000    0.0000      0.0000  p
net403                      1.80    0.002    1.000    0.0000      0.0000  p
net404                      1.80    0.006    0.000    0.0000      0.0000  p
net405                      1.80    0.003    0.000    0.0000      0.0000  p
net406                      1.80    0.002    1.000    0.0000      0.0000  p
net407                      1.80    0.002    0.000    0.0000      0.0000  p
net408                      1.80    0.002    1.000    0.0000      0.0000  p
net410                      1.80    0.003    0.000    0.0000      0.0000  p
net411                      1.80    0.006    0.000    0.0000      0.0000  p
net412                      1.80    0.009    0.000    0.0000      0.0000  p
net413                      1.80    0.002    1.000    0.0000      0.0000  p
net414                      1.80    0.003    1.000    0.0000      0.0000  p
net415                      1.80    0.005    0.000    0.0000      0.0000  p
net416                      1.80    0.008    0.000    0.0000      0.0000  p
net417                      1.80    0.004    0.000    0.0000      0.0000  p
net418                      1.80    0.002    1.000    0.0000      0.0000  p
net419                      1.80    0.005    0.000    0.0000      0.0000  p
net421                      1.80    0.013    0.000    0.0000      0.0000  p
net422                      1.80    0.004    0.000    0.0000      0.0000  p
net423                      1.80    0.012    1.000    0.0000      0.0000  p
net424                      1.80    0.002    0.000    0.0000      0.0000  p
net426                      1.80    0.008    0.000    0.0000      0.0000  p
net427                      1.80    0.011    0.000    0.0000      0.0000  p
net428                      1.80    0.020    0.000    0.0000      0.0000  p
net429                      1.80    0.005    0.000    0.0000      0.0000  p
net431                      1.80    0.003    0.000    0.0000      0.0000  p
net433                      1.80    0.006    0.000    0.0000      0.0000  p
net434                      1.80    0.016    0.000    0.0000      0.0000  p
net436                      1.80    0.005    0.000    0.0000      0.0000  p
net437                      1.80    0.005    1.000    0.0000      0.0000  p
net438                      1.80    0.012    0.000    0.0000      0.0000  p
net439                      1.80    0.009    0.000    0.0000      0.0000  p
net440                      1.80    0.011    0.000    0.0000      0.0000  p
net441                      1.80    0.021    0.000    0.0000      0.0000  p
net442                      1.80    0.002    0.000    0.0000      0.0000  p
net443                      1.80    0.005    0.000    0.0000      0.0000  p
net444                      1.80    0.006    0.000    0.0000      0.0000  p
net445                      1.80    0.010    0.000    0.0000      0.0000  p
net446                      1.80    0.009    0.000    0.0000      0.0000  p
net447                      1.80    0.017    0.000    0.0000      0.0000  p
net448                      1.80    0.005    0.000    0.0000      0.0000  p
net449                      1.80    0.002    0.000    0.0000      0.0000  p
net450                      1.80    0.002    1.000    0.0000      0.0000  p
net451                      1.80    0.008    0.000    0.0000      0.0000  p
net452                      1.80    0.007    0.000    0.0000      0.0000  p
net453                      1.80    0.008    0.000    0.0000      0.0000  p
net454                      1.80    0.009    0.000    0.0000      0.0000  p
net455                      1.80    0.005    0.000    0.0000      0.0000  p
net456                      1.80    0.003    1.000    0.0000      0.0000  p
net457                      1.80    0.015    0.000    0.0000      0.0000  p
net458                      1.80    0.007    0.000    0.0000      0.0000  p
net459                      1.80    0.009    0.000    0.0000      0.0000  p
net460                      1.80    0.024    1.000    0.0000      0.0000  p
net461                      1.80    0.003    1.000    0.0000      0.0000  p
net462                      1.80    0.002    0.000    0.0000      0.0000  p
net463                      1.80    0.006    0.000    0.0000      0.0000  p
net464                      1.80    0.011    0.000    0.0000      0.0000  p
net465                      1.80    0.022    0.000    0.0000      0.0000  p
net466                      1.80    0.021    1.000    0.0000      0.0000  p
net467                      1.80    0.026    0.000    0.0000      0.0000  p
net469                      1.80    0.006    0.000    0.0000      0.0000  p
net470                      1.80    0.022    0.000    0.0000      0.0000  p
net471                      1.80    0.006    1.000    0.0000      0.0000  p
net472                      1.80    0.019    0.000    0.0000      0.0000  p
net473                      1.80    0.007    0.000    0.0000      0.0000  p
net474                      1.80    0.006    0.000    0.0000      0.0000  p
net475                      1.80    0.004    0.000    0.0000      0.0000  p
net476                      1.80    0.006    0.000    0.0000      0.0000  p
net477                      1.80    0.017    0.000    0.0000      0.0000  p
net478                      1.80    0.003    0.000    0.0000      0.0000  p
net479                      1.80    0.003    0.000    0.0000      0.0000  p
net480                      1.80    0.006    1.000    0.0000      0.0000  p
net481                      1.80    0.003    0.000    0.0000      0.0000  p
net483                      1.80    0.002    0.000    0.0000      0.0000  p
net484                      1.80    0.008    0.000    0.0000      0.0000  p
net485                      1.80    0.009    0.000    0.0000      0.0000  p
net486                      1.80    0.004    0.000    0.0000      0.0000  p
net487                      1.80    0.002    0.000    0.0000      0.0000  p
net488                      1.80    0.013    0.000    0.0000      0.0000  p
net489                      1.80    0.004    0.000    0.0000      0.0000  p
net490                      1.80    0.008    0.000    0.0000      0.0000  p
net491                      1.80    0.003    0.000    0.0000      0.0000  p
net492                      1.80    0.002    0.000    0.0000      0.0000  p
net493                      1.80    0.003    0.000    0.0000      0.0000  p
net495                      1.80    0.017    0.000    0.0000      0.0000  p
net496                      1.80    0.005    0.000    0.0000      0.0000  p
net497                      1.80    0.004    0.000    0.0000      0.0000  p
net498                      1.80    0.003    0.000    0.0000      0.0000  p
net499                      1.80    0.007    0.000    0.0000      0.0000  p
net500                      1.80    0.002    0.000    0.0000      0.0000  p
net501                      1.80    0.006    0.000    0.0000      0.0000  p
net502                      1.80    0.003    1.000    0.0000      0.0000  p
net503                      1.80    0.003    1.000    0.0000      0.0000  p
net505                      1.80    0.002    1.000    0.0000      0.0000  p
net507                      1.80    0.011    0.000    0.0000      0.0000  p
net508                      1.80    0.009    0.000    0.0000      0.0000  p
net509                      1.80    0.008    0.000    0.0000      0.0000  p
net511                      1.80    0.015    0.000    0.0000      0.0000  p
net512                      1.80    0.009    0.000    0.0000      0.0000  p
net513                      1.80    0.022    0.000    0.0000      0.0000  p
net514                      1.80    0.014    0.000    0.0000      0.0000  p
net515                      1.80    0.003    0.000    0.0000      0.0000  p
net516                      1.80    0.002    0.000    0.0000      0.0000  p
net518                      1.80    0.008    0.000    0.0000      0.0000  p
net519                      1.80    0.009    0.000    0.0000      0.0000  p
net520                      1.80    0.008    0.000    0.0000      0.0000  p
net521                      1.80    0.013    0.000    0.0000      0.0000  p
net522                      1.80    0.002    0.000    0.0000      0.0000  p
net523                      1.80    0.012    0.000    0.0000      0.0000  p
net524                      1.80    0.009    0.000    0.0000      0.0000  p
net525                      1.80    0.009    0.000    0.0000      0.0000  p
net526                      1.80    0.003    0.000    0.0000      0.0000  p
net527                      1.80    0.009    0.000    0.0000      0.0000  p
net528                      1.80    0.004    1.000    0.0000      0.0000  p
net529                      1.80    0.002    0.000    0.0000      0.0000  p
net530                      1.80    0.010    0.000    0.0000      0.0000  p
net531                      1.80    0.004    1.000    0.0000      0.0000  p
net532                      1.80    0.003    0.000    0.0000      0.0000  p
net533                      1.80    0.006    0.000    0.0000      0.0000  p
net534                      1.80    0.005    1.000    0.0000      0.0000  p
net535                      1.80    0.002    0.000    0.0000      0.0000  p
net536                      1.80    0.004    0.000    0.0000      0.0000  p
net537                      1.80    0.006    0.000    0.0000      0.0000  p
net538                      1.80    0.002    1.000    0.0000      0.0000  p
net539                      1.80    0.003    1.000    0.0000      0.0000  p
net540                      1.80    0.022    0.000    0.0000      0.0000  p
net541                      1.80    0.008    0.000    0.0000      0.0000  p
net542                      1.80    0.002    0.000    0.0000      0.0000  p
net543                      1.80    0.024    0.000    0.0000      0.0000  p
net544                      1.80    0.008    0.000    0.0000      0.0000  p
net545                      1.80    0.010    1.000    0.0000      0.0000  p
net546                      1.80    0.012    0.000    0.0000      0.0000  p
net547                      1.80    0.017    1.000    0.0000      0.0000  p
net548                      1.80    0.004    1.000    0.0000      0.0000  p
net549                      1.80    0.004    0.000    0.0000      0.0000  p
net550                      1.80    0.003    0.000    0.0000      0.0000  p
net551                      1.80    0.006    0.000    0.0000      0.0000  p
net552                      1.80    0.003    0.000    0.0000      0.0000  p
net553                      1.80    0.051    0.000    0.0000      0.0000  p
net554                      1.80    0.003    0.000    0.0000      0.0000  p
net555                      1.80    0.003    0.000    0.0000      0.0000  p
net556                      1.80    0.004    0.000    0.0000      0.0000  p
net557                      1.80    0.007    0.000    0.0000      0.0000  p
net558                      1.80    0.018    0.000    0.0000      0.0000  p
net559                      1.80    0.003    0.000    0.0000      0.0000  p
net560                      1.80    0.002    0.000    0.0000      0.0000  p
net561                      1.80    0.002    0.000    0.0000      0.0000  p
net562                      1.80    0.006    0.000    0.0000      0.0000  p
net563                      1.80    0.021    1.000    0.0000      0.0000  p
net564                      1.80    0.029    1.000    0.0000      0.0000  p
net565                      1.80    0.003    1.000    0.0000      0.0000  p
net566                      1.80    0.012    0.000    0.0000      0.0000  p
net567                      1.80    0.011    0.000    0.0000      0.0000  p
net568                      1.80    0.003    1.000    0.0000      0.0000  p
net569                      1.80    0.017    0.000    0.0000      0.0000  p
net571                      1.80    0.002    1.000    0.0000      0.0000  p
net572                      1.80    0.003    0.000    0.0000      0.0000  p
net573                      1.80    0.004    0.000    0.0000      0.0000  p
net574                      1.80    0.002    0.000    0.0000      0.0000  p
net575                      1.80    0.003    0.000    0.0000      0.0000  p
net576                      1.80    0.028    0.000    0.0000      0.0000  p
net577                      1.80    0.002    1.000    0.0000      0.0000  p
net578                      1.80    0.003    0.000    0.0000      0.0000  p
net579                      1.80    0.007    1.000    0.0000      0.0000  p
net580                      1.80    0.009    1.000    0.0000      0.0000  p
net581                      1.80    0.003    0.000    0.0000      0.0000  p
net584                      1.80    0.004    0.000    0.0000      0.0000  p
net585                      1.80    0.003    0.000    0.0000      0.0000  p
net586                      1.80    0.008    1.000    0.0000      0.0000  p
net587                      1.80    0.003    0.000    0.0000      0.0000  p
net588                      1.80    0.008    1.000    0.0000      0.0000  p
net589                      1.80    0.008    0.000    0.0000      0.0000  p
net590                      1.80    0.003    0.000    0.0000      0.0000  p
net591                      1.80    0.002    0.000    0.0000      0.0000  p
net592                      1.80    0.021    0.000    0.0000      0.0000  p
net593                      1.80    0.004    0.000    0.0000      0.0000  p
net594                      1.80    0.008    0.000    0.0000      0.0000  p
net595                      1.80    0.005    1.000    0.0000      0.0000  p
net597                      1.80    0.011    0.000    0.0000      0.0000  p
net598                      1.80    0.003    0.000    0.0000      0.0000  p
net599                      1.80    0.015    0.000    0.0000      0.0000  p
net600                      1.80    0.006    0.000    0.0000      0.0000  p
net601                      1.80    0.003    0.000    0.0000      0.0000  p
net602                      1.80    0.028    0.000    0.0000      0.0000  p
net604                      1.80    0.002    0.000    0.0000      0.0000  p
net605                      1.80    0.002    0.000    0.0000      0.0000  p
net606                      1.80    0.006    0.000    0.0000      0.0000  p
net607                      1.80    0.016    0.000    0.0000      0.0000  p
net608                      1.80    0.011    0.000    0.0000      0.0000  p
net609                      1.80    0.014    0.000    0.0000      0.0000  p
net610                      1.80    0.006    1.000    0.0000      0.0000  p
net611                      1.80    0.012    0.000    0.0000      0.0000  p
net612                      1.80    0.003    0.000    0.0000      0.0000  p
net613                      1.80    0.005    0.000    0.0000      0.0000  p
net614                      1.80    0.010    0.000    0.0000      0.0000  p
net615                      1.80    0.003    0.000    0.0000      0.0000  p
net616                      1.80    0.018    0.000    0.0000      0.0000  p
net617                      1.80    0.003    1.000    0.0000      0.0000  p
net618                      1.80    0.003    0.000    0.0000      0.0000  p
net619                      1.80    0.002    1.000    0.0000      0.0000  p
net620                      1.80    0.003    0.000    0.0000      0.0000  p
net621                      1.80    0.002    0.000    0.0000      0.0000  p
net622                      1.80    0.003    1.000    0.0000      0.0000  p
net623                      1.80    0.003    1.000    0.0000      0.0000  p
net624                      1.80    0.006    0.000    0.0000      0.0000  p
net625                      1.80    0.008    1.000    0.0000      0.0000  p
net626                      1.80    0.003    0.000    0.0000      0.0000  p
net627                      1.80    0.002    0.000    0.0000      0.0000  p
net628                      1.80    0.002    0.000    0.0000      0.0000  p
net629                      1.80    0.005    1.000    0.0000      0.0000  p
net630                      1.80    0.004    1.000    0.0000      0.0000  p
net631                      1.80    0.008    0.000    0.0000      0.0000  p
net632                      1.80    0.012    0.000    0.0000      0.0000  pm
net633                      1.80    0.008    0.000    0.0000      0.0000  p
net634                      1.80    0.005    0.000    0.0000      0.0000  p
net635                      1.80    0.007    0.000    0.0000      0.0000  p
net636                      1.80    0.004    0.000    0.0000      0.0000  p
net637                      1.80    0.017    0.000    0.0000      0.0000  p
net638                      1.80    0.014    0.000    0.0000      0.0000  p
net639                      1.80    0.002    0.000    0.0000      0.0000  p
net640                      1.80    0.011    0.000    0.0000      0.0000  p
net642                      1.80    0.006    0.000    0.0000      0.0000  p
net643                      1.80    0.013    0.000    0.0000      0.0000  p
net644                      1.80    0.012    0.000    0.0000      0.0000  p
net645                      1.80    0.002    0.000    0.0000      0.0000  p
net646                      1.80    0.004    1.000    0.0000      0.0000  p
net647                      1.80    0.003    1.000    0.0000      0.0000  p
net648                      1.80    0.011    0.000    0.0000      0.0000  p
net649                      1.80    0.015    0.000    0.0000      0.0000  p
net650                      1.80    0.002    0.000    0.0000      0.0000  p
net651                      1.80    0.003    1.000    0.0000      0.0000  p
net652                      1.80    0.004    0.000    0.0000      0.0000  p
net653                      1.80    0.008    1.000    0.0000      0.0000  p
net654                      1.80    0.008    0.000    0.0000      0.0000  p
net655                      1.80    0.036    0.000    0.0000      0.0000  p
net657                      1.80    0.005    0.000    0.0000      0.0000  p
net658                      1.80    0.002    0.000    0.0000      0.0000  p
net659                      1.80    0.008    0.000    0.0000      0.0000  p
net660                      1.80    0.010    0.000    0.0000      0.0000  p
net661                      1.80    0.010    0.000    0.0000      0.0000  p
net662                      1.80    0.011    0.000    0.0000      0.0000  p
net663                      1.80    0.010    0.000    0.0000      0.0000  p
net664                      1.80    0.004    1.000    0.0000      0.0000  p
net665                      1.80    0.009    0.000    0.0000      0.0000  p
net666                      1.80    0.012    0.000    0.0000      0.0000  p
net667                      1.80    0.007    1.000    0.0000      0.0000  p
net668                      1.80    0.007    0.000    0.0000      0.0000  p
net669                      1.80    0.005    1.000    0.0000      0.0000  p
net670                      1.80    0.005    0.000    0.0000      0.0000  p
net671                      1.80    0.003    0.000    0.0000      0.0000  p
net672                      1.80    0.004    0.000    0.0000      0.0000  p
net673                      1.80    0.005    0.000    0.0000      0.0000  p
net674                      1.80    0.002    1.000    0.0000      0.0000  p
net675                      1.80    0.003    1.000    0.0000      0.0000  p
net677                      1.80    0.005    1.000    0.0000      0.0000  p
net678                      1.80    0.014    1.000    0.0000      0.0000  p
net679                      1.80    0.003    0.000    0.0000      0.0000  p
net683                      1.80    0.017    1.000    0.0000      0.0000  p
net684                      1.80    0.015    0.000    0.0000      0.0000  p
net686                      1.80    0.013    0.000    0.0000      0.0000  p
net687                      1.80    0.003    0.000    0.0000      0.0000  p
net688                      1.80    0.004    0.000    0.0000      0.0000  p
net689                      1.80    0.003    0.000    0.0000      0.0000  p
net693                      1.80    0.006    1.000    0.0000      0.0000  p
net699                      1.80    0.010    1.000    0.0000      0.0000  p
net700                      1.80    0.008    0.000    0.0000      0.0000  p
net701                      1.80    0.035    0.000    0.0000      0.0000  p
net702                      1.80    0.006    0.000    0.0000      0.0000  p
net703                      1.80    0.019    0.000    0.0000      0.0000  p
net704                      1.80    0.006    0.000    0.0000      0.0000  p
net705                      1.80    0.014    0.000    0.0000      0.0000  p
net706                      1.80    0.007    0.000    0.0000      0.0000  p
net707                      1.80    0.006    0.000    0.0000      0.0000  p
net708                      1.80    0.012    0.000    0.0000      0.0000  p
net709                      1.80    0.012    0.000    0.0000      0.0000  p
net710                      1.80    0.012    0.000    0.0000      0.0000  p
net711                      1.80    0.004    0.000    0.0000      0.0000  p
net712                      1.80    0.005    1.000    0.0000      0.0000  p
net713                      1.80    0.003    1.000    0.0000      0.0000  p
net714                      1.80    0.009    0.000    0.0000      0.0000  p
net715                      1.80    0.003    0.000    0.0000      0.0000  p
net716                      1.80    0.003    1.000    0.0000      0.0000  p
net717                      1.80    0.004    0.000    0.0000      0.0000  p
net718                      1.80    0.003    1.000    0.0000      0.0000  p
net720                      1.80    0.002    0.000    0.0000      0.0000  p
net721                      1.80    0.012    0.000    0.0000      0.0000  p
net722                      1.80    0.006    0.000    0.0000      0.0000  p
net725                      1.80    0.011    0.000    0.0000      0.0000  p
net726                      1.80    0.011    0.000    0.0000      0.0000  p
net727                      1.80    0.009    0.000    0.0000      0.0000  p
net730                      1.80    0.010    0.000    0.0000      0.0000  p
net731                      1.80    0.004    0.000    0.0000      0.0000  p
net733                      1.80    0.011    0.000    0.0000      0.0000  p
net735                      1.80    0.005    0.000    0.0000      0.0000  p
net736                      1.80    0.003    0.000    0.0000      0.0000  p
net737                      1.80    0.005    1.000    0.0000      0.0000  p
net738                      1.80    0.008    0.000    0.0000      0.0000  p
net739                      1.80    0.008    0.000    0.0000      0.0000  p
net740                      1.80    0.006    0.000    0.0000      0.0000  p
net741                      1.80    0.003    0.000    0.0000      0.0000  p
net742                      1.80    0.003    0.000    0.0000      0.0000  p
net743                      1.80    0.003    0.000    0.0000      0.0000  p
net744                      1.80    0.003    1.000    0.0000      0.0000  p
net747                      1.80    0.005    0.000    0.0000      0.0000  p
net748                      1.80    0.002    0.000    0.0000      0.0000  p
net749                      1.80    0.003    1.000    0.0000      0.0000  p
net755                      1.80    0.011    0.000    0.0000      0.0000  p
net756                      1.80    0.007    0.000    0.0000      0.0000  p
net758                      1.80    0.004    0.000    0.0000      0.0000  p
net759                      1.80    0.003    1.000    0.0000      0.0000  p
net761                      1.80    0.009    0.000    0.0000      0.0000  p
net762                      1.80    0.003    1.000    0.0000      0.0000  p
net763                      1.80    0.003    0.000    0.0000      0.0000  p
net764                      1.80    0.002    1.000    0.0000      0.0000  p
net765                      1.80    0.003    0.000    0.0000      0.0000  p
net768                      1.80    0.003    0.000    0.0000      0.0000  p
net769                      1.80    0.003    1.000    0.0000      0.0000  p
net770                      1.80    0.009    0.000    0.0000      0.0000  p
net771                      1.80    0.007    0.000    0.0000      0.0000  p
net773                      1.80    0.002    0.000    0.0000      0.0000  p
net775                      1.80    0.003    0.000    0.0000      0.0000  p
net778                      1.80    0.004    0.000    0.0000      0.0000  p
net780                      1.80    0.002    0.000    0.0000      0.0000  p
net784                      1.80    0.003    0.000    0.0000      0.0000  p
net785                      1.80    0.009    0.000    0.0000      0.0000  p
net786                      1.80    0.003    0.000    0.0000      0.0000  p
net789                      1.80    0.002    0.000    0.0000      0.0000  p
net790                      1.80    0.004    0.000    0.0000      0.0000  p
net791                      1.80    0.004    0.000    0.0000      0.0000  p
net795                      1.80    0.002    0.000    0.0000      0.0000  p
net797                      1.80    0.003    0.000    0.0000      0.0000  p
net820                      1.80    0.016    0.000    0.0000      0.0000  p
net821                      1.80    0.018    0.000    0.0000      0.0000  p
net822                      1.80    0.004    0.000    0.0000      0.0000  p
net823                      1.80    0.004    1.000    0.0000      0.0000  p
net824                      1.80    0.002    0.000    0.0000      0.0000  p
net825                      1.80    0.026    0.000    0.0000      0.0000  p
net826                      1.80    0.003    0.000    0.0000      0.0000  p
net828                      1.80    0.012    0.000    0.0000      0.0000  p
net831                      1.80    0.008    1.000    0.0000      0.0000  p
net832                      1.80    0.012    1.000    0.0000      0.0000  p
net833                      1.80    0.017    1.000    0.0000      0.0000  p
net834                      1.80    0.012    1.000    0.0000      0.0000  p
net836                      1.80    0.010    0.000    0.0000      0.0000  p
net837                      1.80    0.003    0.000    0.0000      0.0000  p
net838                      1.80    0.009    1.000    0.0000      0.0000  p
net840                      1.80    0.068    0.000    0.0000      0.0000  p
net841                      1.80    0.004    0.000    0.0000      0.0000  p
net845                      1.80    0.004    0.000    0.0000      0.0000  p
net847                      1.80    0.008    0.000    0.0000      0.0000  p
net848                      1.80    0.004    0.000    0.0000      0.0000  p
net850                      1.80    0.005    0.000    0.0000      0.0000  p
net852                      1.80    0.005    1.000    0.0000      0.0000  p
net855                      1.80    0.004    0.000    0.0000      0.0000  p
net858                      1.80    0.008    0.000    0.0000      0.0000  p
net859                      1.80    0.013    1.000    0.0000      0.0000  p
net860                      1.80    0.009    0.000    0.0000      0.0000  p
net861                      1.80    0.005    0.000    0.0000      0.0000  p
net863                      1.80    0.009    0.000    0.0000      0.0000  p
net864                      1.80    0.003    0.000    0.0000      0.0000  p
net868                      1.80    0.003    0.000    0.0000      0.0000  p
net869                      1.80    0.002    0.000    0.0000      0.0000  p
net871                      1.80    0.009    0.000    0.0000      0.0000  p
net872                      1.80    0.003    0.000    0.0000      0.0000  p
net874                      1.80    0.003    0.000    0.0000      0.0000  p
net875                      1.80    0.005    0.000    0.0000      0.0000  p
net876                      1.80    0.002    0.000    0.0000      0.0000  p
net877                      1.80    0.004    0.000    0.0000      0.0000  p
net878                      1.80    0.006    0.000    0.0000      0.0000  p
net879                      1.80    0.002    0.000    0.0000      0.0000  p
net880                      1.80    0.003    0.000    0.0000      0.0000  p
net881                      1.80    0.002    0.000    0.0000      0.0000  p
net882                      1.80    0.002    0.000    0.0000      0.0000  p
net885                      1.80    0.003    0.000    0.0000      0.0000  p
net888                      1.80    0.006    0.000    0.0000      0.0000  p
net889                      1.80    0.002    0.000    0.0000      0.0000  p
net890                      1.80    0.002    0.000    0.0000      0.0000  p
net891                      1.80    0.003    0.000    0.0000      0.0000  p
net893                      1.80    0.003    0.000    0.0000      0.0000  p
net894                      1.80    0.003    0.000    0.0000      0.0000  p
net897                      1.80    0.002    1.000    0.0000      0.0000  p
net899                      1.80    0.002    0.000    0.0000      0.0000  p
net900                      1.80    0.002    0.000    0.0000      0.0000  p
net905                      1.80    0.004    1.000    0.0000      0.0000  p
net906                      1.80    0.005    0.000    0.0000      0.0000  p
net907                      1.80    0.003    0.000    0.0000      0.0000  p
net908                      1.80    0.010    0.000    0.0000      0.0000  p
net909                      1.80    0.004    1.000    0.0000      0.0000  p
net910                      1.80    0.003    1.000    0.0000      0.0000  p
net911                      1.80    0.002    1.000    0.0000      0.0000  p
net913                      1.80    0.003    0.000    0.0000      0.0000  p
net914                      1.80    0.004    0.000    0.0000      0.0000  p
net915                      1.80    0.002    0.000    0.0000      0.0000  p
net916                      1.80    0.003    1.000    0.0000      0.0000  p
net917                      1.80    0.006    1.000    0.0000      0.0000  p
net920                      1.80    0.012    0.000    0.0000      0.0000  p
net921                      1.80    0.003    0.000    0.0000      0.0000  p
net923                      1.80    0.007    1.000    0.0000      0.0000  p
net928                      1.80    0.002    0.000    0.0000      0.0000  p
net931                      1.80    0.002    0.000    0.0000      0.0000  p
net932                      1.80    0.002    1.000    0.0000      0.0000  p
net934                      1.80    0.004    1.000    0.0000      0.0000  p
net935                      1.80    0.002    1.000    0.0000      0.0000  p
net936                      1.80    0.004    0.000    0.0000      0.0000  p
net937                      1.80    0.016    0.000    0.0000      0.0000  p
net938                      1.80    0.004    0.000    0.0000      0.0000  p
net939                      1.80    0.003    0.000    0.0000      0.0000  p
net941                      1.80    0.017    0.000    0.0000      0.0000  p
net942                      1.80    0.004    1.000    0.0000      0.0000  p
net943                      1.80    0.011    0.000    0.0000      0.0000  p
net944                      1.80    0.003    0.000    0.0000      0.0000  p
net945                      1.80    0.003    0.000    0.0000      0.0000  p
net947                      1.80    0.003    0.000    0.0000      0.0000  p
net949                      1.80    0.005    1.000    0.0000      0.0000  p
net950                      1.80    0.006    0.000    0.0000      0.0000  p
net951                      1.80    0.003    0.000    0.0000      0.0000  p
net953                      1.80    0.007    0.000    0.0000      0.0000  p
net954                      1.80    0.002    1.000    0.0000      0.0000  p
net956                      1.80    0.002    1.000    0.0000      0.0000  p
net957                      1.80    0.005    1.000    0.0000      0.0000  p
net958                      1.80    0.015    0.000    0.0000      0.0000  p
net959                      1.80    0.005    0.000    0.0000      0.0000  p
net961                      1.80    0.002    0.000    0.0000      0.0000  p
net963                      1.80    0.002    0.000    0.0000      0.0000  p
net965                      1.80    0.002    1.000    0.0000      0.0000  p
net967                      1.80    0.004    0.000    0.0000      0.0000  p
net968                      1.80    0.002    0.000    0.0000      0.0000  p
net969                      1.80    0.002    1.000    0.0000      0.0000  p
net970                      1.80    0.003    0.000    0.0000      0.0000  p
net971                      1.80    0.002    0.000    0.0000      0.0000  p
net973                      1.80    0.002    0.000    0.0000      0.0000  p
net974                      1.80    0.002    0.000    0.0000      0.0000  p
net975                      1.80    0.002    0.000    0.0000      0.0000  p
net976                      1.80    0.003    1.000    0.0000      0.0000  p
net978                      1.80    0.005    1.000    0.0000      0.0000  p
net979                      1.80    0.005    0.000    0.0000      0.0000  p
net980                      1.80    0.004    1.000    0.0000      0.0000  p
net981                      1.80    0.003    0.000    0.0000      0.0000  p
out1                        1.80    0.001    0.000    0.0000      0.0000  p
out5                        1.80    0.001    0.000    0.0000      0.0000  p
out6                        1.80    0.001    0.000    0.0000      0.0000  p
out8                        1.80    0.001    1.000    0.0000      0.0000  p
out10                       1.80    0.001    0.000    0.0000      0.0000  p
out11                       1.80    0.001    0.000    0.0000      0.0000  p
out13                       1.80    0.001    1.000    0.0000      0.0000  p
out15                       1.80    0.001    0.000    0.0000      0.0000  p
out16                       1.80    0.001    0.000    0.0000      0.0000  p
out17                       1.80    0.001    0.000    0.0000      0.0000  p
out19                       1.80    0.001    0.000    0.0000      0.0000  p
out21                       1.80    0.000    1.000    0.0000      0.0000  p
out22                       1.80    0.000    1.000    0.0000      0.0000  p
out23                       1.80    0.001    1.000    0.0000      0.0000  p
out24                       1.80    0.001    1.000    0.0000      0.0000  p
--------------------------------------------------------------------------------
Total (1194 nets)                                              3.845e-04 Watt



                                      Int      Switch   Leak      Total
Hierarchy                             Power    Power    Power     Power    %
--------------------------------------------------------------------------------
netlist_1                             1.14e-03 3.84e-04 7.79e-09  1.52e-03 100.0
1
