****************************************
Report : Averaged Power
	-net_power
	-hierarchy
	-sort_by net_switching_power
	-power_greater_than       0
	-nosplit
Design : netlist_0
Version: Q-2019.12-SP1
Date   : Mon Aug 19 15:07:07 2024
****************************************



  Attributes
  ----------
      a  -  Switching activity information / Switching power information annotated on net
      p  -  Propagated switching activity information on net
      d  -  Default switching activity used on net
      u  -  Net switching activity uninitialized
      m  -  Net is driven by multiple pins
      b  -  Net is a primary input (boundary net)

		Toggle rates reported with respect to time unit 1ns
--------------------------------------------------------------------------------
                                  Total      Static   Toggle   Switching
Net                         Vdd   Net Load   Prob.    Rate     Power      Attrs
--------------------------------------------------------------------------------
net738                      1.80    0.133    0.470    0.3137   6.748e-05  p
net816                      1.80    0.131    0.501    0.3099   6.564e-05  p
net312                      1.80    0.111    0.529    0.3581   6.421e-05  p
net843                      1.80    0.112    0.164    0.3123   5.688e-05  p
net734                      1.80    0.086    0.541    0.4012   5.561e-05  p
net819                      1.80    0.143    0.488    0.2339   5.419e-05  p
net807                      1.80    0.092    0.594    0.3479   5.193e-05  p
net809                      1.80    0.087    0.500    0.3623   5.134e-05  p
net114                      1.80    0.089    0.493    0.3535   5.124e-05  p
net723                      1.80    0.104    0.844    0.3029   5.095e-05  p
net842                      1.80    0.099    0.835    0.3125   5.020e-05  p
net317                      1.80    0.086    0.573    0.3564   4.953e-05  p
net805                      1.80    0.092    0.491    0.3274   4.888e-05  p
net113                      1.80    0.101    0.512    0.2744   4.471e-05  p
net757                      1.80    0.091    0.635    0.3029   4.455e-05  p
net211                      1.80    0.090    0.570    0.2924   4.255e-05  p
net815                      1.80    0.094    0.497    0.2782   4.225e-05  p
net726                      1.80    0.059    0.495    0.4394   4.220e-05  p
net603                      1.80    0.064    0.459    0.4012   4.147e-05  p
net220                      1.80    0.075    0.489    0.3400   4.109e-05  p
net314                      1.80    0.059    0.502    0.4266   4.099e-05  p
net783                      1.80    0.112    0.627    0.2235   4.038e-05  p
net307                      1.80    0.084    0.572    0.2834   3.858e-05  p
net322                      1.80    0.062    0.547    0.3807   3.840e-05  p
net824                      1.80    0.119    0.657    0.1962   3.769e-05  p
net743                      1.80    0.085    0.130    0.2714   3.727e-05  p
net806                      1.80    0.070    0.491    0.3274   3.701e-05  p
net839                      1.80    0.119    0.504    0.1918   3.698e-05  p
net265                      1.80    0.053    0.608    0.4323   3.694e-05  p
net142                      1.80    0.080    0.510    0.2823   3.668e-05  p
net724                      1.80    0.059    0.493    0.3733   3.570e-05  p
net54                       1.80    0.085    0.539    0.2567   3.514e-05  p
net138                      1.80    0.096    0.510    0.2234   3.465e-05  p
net116                      1.80    0.108    0.665    0.1974   3.461e-05  p
net838                      1.80    0.110    0.504    0.1918   3.433e-05  p
net311                      1.80    0.077    0.580    0.2707   3.390e-05  p
net770                      1.80    0.099    0.572    0.2098   3.362e-05  p
net886                      1.80    0.080    0.596    0.2583   3.344e-05  p
net212                      1.80    0.057    0.628    0.3388   3.137e-05  p
net820                      1.80    0.068    0.504    0.2827   3.101e-05  p
net68                       1.80    0.083    0.579    0.2300   3.096e-05  p
net818                      1.80    0.074    0.596    0.2583   3.089e-05  p
net318                      1.80    0.050    0.503    0.3742   3.049e-05  p
net124                      1.80    0.067    0.517    0.2778   3.005e-05  p
net415                      1.80    0.056    0.619    0.3305   2.991e-05  p
net224                      1.80    0.062    0.605    0.2955   2.981e-05  p
net123                      1.80    0.085    0.547    0.2155   2.967e-05  p
net117                      1.80    0.059    0.501    0.3099   2.943e-05  p
net315                      1.80    0.043    0.410    0.4222   2.921e-05  p
net112                      1.80    0.086    0.628    0.2092   2.901e-05  p
net835                      1.80    0.095    0.503    0.1887   2.899e-05  p
net759                      1.80    0.071    0.149    0.2485   2.860e-05  p
net609                      1.80    0.075    0.131    0.2303   2.815e-05  p
net424                      1.80    0.056    0.563    0.3069   2.806e-05  p
net752                      1.80    0.062    0.866    0.2738   2.760e-05  p
net66                       1.80    0.084    0.611    0.2003   2.739e-05  p
net310                      1.80    0.062    0.503    0.2708   2.735e-05  p
net353                      1.80    0.063    0.874    0.2647   2.715e-05  p
net817                      1.80    0.136    0.528    0.1221   2.686e-05  p
net151                      1.80    0.082    0.592    0.2013   2.686e-05  p
net77                       1.80    0.067    0.702    0.2487   2.682e-05  p
net767                      1.80    0.055    0.574    0.2949   2.631e-05  p
net326                      1.80    0.038    0.561    0.4218   2.612e-05  p
net744                      1.80    0.078    0.624    0.2061   2.610e-05  p
net657                      1.80    0.160    0.500    0.1000   2.594e-05  a
net59                       1.80    0.070    0.558    0.2279   2.577e-05  p
net222                      1.80    0.049    0.741    0.3250   2.575e-05  p
net909                      1.80    0.061    0.596    0.2583   2.555e-05  p
net822                      1.80    0.096    0.202    0.1631   2.542e-05  p
net71                       1.80    0.070    0.567    0.2235   2.539e-05  p
net823                      1.80    0.075    0.624    0.2061   2.520e-05  p
net625                      1.80    0.154    0.500    0.1000   2.494e-05  a
net747                      1.80    0.047    0.561    0.3208   2.442e-05  p
net215                      1.80    0.038    0.564    0.3990   2.437e-05  p
net804                      1.80    0.105    0.576    0.1419   2.415e-05  p
net225                      1.80    0.039    0.494    0.3811   2.402e-05  p
net410                      1.80    0.047    0.578    0.3174   2.392e-05  p
net679                      1.80    0.146    0.500    0.1000   2.360e-05  a
net808                      1.80    0.093    0.157    0.1556   2.355e-05  p
net746                      1.80    0.077    0.653    0.1873   2.351e-05  p
net760                      1.80    0.082    0.629    0.1759   2.331e-05  p
net271                      1.80    0.035    0.469    0.4058   2.300e-05  p
net121                      1.80    0.066    0.674    0.2157   2.297e-05  p
net40                       1.80    0.066    0.645    0.2144   2.282e-05  p
net668                      1.80    0.139    0.500    0.1000   2.256e-05  a
net21                       1.80    0.052    0.501    0.2703   2.256e-05  p
net810                      1.80    0.098    0.667    0.1410   2.244e-05  p
net611                      1.80    0.075    0.104    0.1829   2.237e-05  p
net737                      1.80    0.048    0.653    0.2850   2.236e-05  p
net814                      1.80    0.094    0.622    0.1466   2.223e-05  p
net122                      1.80    0.048    0.498    0.2823   2.213e-05  p
net208                      1.80    0.039    0.501    0.3530   2.208e-05  p
net740                      1.80    0.053    0.596    0.2583   2.205e-05  p
net412                      1.80    0.039    0.620    0.3484   2.202e-05  p
net629                      1.80    0.135    0.500    0.1000   2.194e-05  a
net821                      1.80    0.082    0.202    0.1631   2.179e-05  p
net777                      1.80    0.072    0.628    0.1871   2.174e-05  p
net847                      1.80    0.133    0.500    0.1000   2.147e-05  a
net354                      1.80    0.047    0.674    0.2775   2.132e-05  p
net602                      1.80    0.041    0.835    0.3125   2.084e-05  p
net577                      1.80    0.020    0.507    0.6345   2.061e-05  p
net325                      1.80    0.038    0.702    0.3311   2.040e-05  p
net837                      1.80    0.065    0.504    0.1918   2.022e-05  p
net761                      1.80    0.090    0.671    0.1386   2.014e-05  p
net753                      1.80    0.040    0.164    0.3123   2.011e-05  p
net47                       1.80    0.075    0.496    0.1653   2.007e-05  p
net825                      1.80    0.122    0.500    0.1017   2.002e-05  p
net42                       1.80    0.063    0.557    0.1949   1.999e-05  p
clknet_1_0__leaf_net162     1.80    0.068    0.614    0.1819   1.994e-05  p
net731                      1.80    0.099    0.624    0.1238   1.978e-05  p
net851                      1.80    0.121    0.500    0.1000   1.967e-05  a
net173                      1.80    0.082    0.733    0.1474   1.967e-05  p
net119                      1.80    0.052    0.488    0.2339   1.955e-05  p
net628                      1.80    0.120    0.500    0.1000   1.946e-05  a
net227                      1.80    0.059    0.803    0.2021   1.944e-05  p
net755                      1.80    0.065    0.757    0.1841   1.942e-05  p
net840                      1.80    0.062    0.499    0.1895   1.899e-05  p
net232                      1.80    0.051    0.562    0.2277   1.898e-05  p
net338                      1.80    0.027    0.540    0.4221   1.876e-05  p
net876                      1.80    0.051    0.593    0.2266   1.875e-05  p
net858                      1.80    0.045    0.547    0.2593   1.874e-05  p
net811                      1.80    0.084    0.653    0.1366   1.869e-05  p
net771                      1.80    0.047    0.624    0.2449   1.868e-05  p
net108                      1.80    0.049    0.488    0.2339   1.868e-05  p
net626                      1.80    0.115    0.500    0.1000   1.865e-05  a
net65                       1.80    0.063    0.688    0.1811   1.852e-05  p
net848                      1.80    0.113    0.500    0.1000   1.834e-05  a
net29                       1.80    0.043    0.605    0.2621   1.830e-05  p
net23                       1.80    0.050    0.622    0.2254   1.815e-05  p
net764                      1.80    0.035    0.404    0.3227   1.814e-05  p
net439                      1.80    0.036    0.836    0.3111   1.799e-05  p
net896                      1.80    0.038    0.536    0.2930   1.797e-05  p
net813                      1.80    0.057    0.527    0.1930   1.797e-05  p
net309                      1.80    0.037    0.498    0.2983   1.788e-05  p
net341                      1.80    0.065    0.368    0.1687   1.779e-05  p
net213                      1.80    0.034    0.571    0.3206   1.774e-05  p
net316                      1.80    0.067    0.573    0.1638   1.773e-05  p
net827                      1.80    0.108    0.500    0.1017   1.772e-05  p
net187                      1.80    0.036    0.636    0.3038   1.756e-05  p
net111                      1.80    0.056    0.497    0.1921   1.748e-05  p
net667                      1.80    0.108    0.500    0.1000   1.746e-05  a
net209                      1.80    0.035    0.506    0.3071   1.746e-05  p
net115                      1.80    0.049    0.500    0.2177   1.745e-05  p
net18                       1.80    0.040    0.497    0.2705   1.734e-05  p
net118                      1.80    0.032    0.494    0.3349   1.730e-05  p
net319                      1.80    0.040    0.669    0.2688   1.729e-05  p
net852                      1.80    0.106    0.500    0.1000   1.722e-05  a
net129                      1.80    0.086    0.685    0.1228   1.718e-05  p
net365                      1.80    0.030    0.592    0.3488   1.702e-05  p
net131                      1.80    0.078    0.654    0.1344   1.702e-05  p
net829                      1.80    0.087    0.620    0.1206   1.696e-05  p
net637                      1.80    0.105    0.500    0.1000   1.695e-05  a
net712                      1.80    0.104    0.500    0.1000   1.692e-05  a
net51                       1.80    0.048    0.534    0.2153   1.687e-05  p
net690                      1.80    0.104    0.500    0.1000   1.681e-05  a
net37                       1.80    0.083    0.632    0.1243   1.681e-05  p
net812                      1.80    0.076    0.653    0.1366   1.676e-05  p
net145                      1.80    0.069    0.530    0.1472   1.655e-05  p
net849                      1.80    0.102    0.500    0.1000   1.653e-05  a
net153                      1.80    0.055    0.711    0.1832   1.644e-05  p
net702                      1.80    0.101    0.500    0.1000   1.639e-05  a
net722                      1.80    0.101    0.500    0.1000   1.632e-05  a
net260                      1.80    0.039    0.664    0.2523   1.609e-05  p
net16                       1.80    0.052    0.504    0.1918   1.605e-05  p
net651                      1.80    0.099    0.500    0.1000   1.599e-05  a
net216                      1.80    0.028    0.594    0.3479   1.595e-05  p
net19                       1.80    0.053    0.627    0.1872   1.593e-05  p
net656                      1.80    0.098    0.500    0.1000   1.592e-05  a
net850                      1.80    0.098    0.500    0.1000   1.585e-05  a
net49                       1.80    0.052    0.729    0.1888   1.580e-05  p
net683                      1.80    0.097    0.500    0.1000   1.578e-05  a
net650                      1.80    0.097    0.500    0.1000   1.577e-05  a
net635                      1.80    0.097    0.500    0.1000   1.568e-05  a
net229                      1.80    0.061    0.774    0.1597   1.568e-05  p
net387                      1.80    0.067    0.109    0.1417   1.546e-05  p
net631                      1.80    0.095    0.500    0.1000   1.533e-05  a
net132                      1.80    0.047    0.604    0.2004   1.529e-05  p
net736                      1.80    0.028    0.328    0.3422   1.527e-05  p
net780                      1.80    0.059    0.642    0.1597   1.525e-05  p
net247                      1.80    0.039    0.612    0.2421   1.524e-05  p
net685                      1.80    0.094    0.500    0.1000   1.521e-05  a
net17                       1.80    0.049    0.505    0.1893   1.507e-05  p
net641                      1.80    0.093    0.500    0.1000   1.505e-05  a
net205                      1.80    0.032    0.665    0.2899   1.499e-05  p
net636                      1.80    0.092    0.500    0.1000   1.491e-05  a
net152                      1.80    0.032    0.671    0.2890   1.484e-05  p
net672                      1.80    0.091    0.500    0.1000   1.480e-05  a
clknet_1_1__leaf_net162     1.80    0.049    0.614    0.1819   1.459e-05  p
net249                      1.80    0.039    0.578    0.2283   1.456e-05  p
net836                      1.80    0.047    0.505    0.1893   1.456e-05  p
net302                      1.80    0.028    0.636    0.3157   1.455e-05  p
net93                       1.80    0.059    0.677    0.1506   1.446e-05  p
net832                      1.80    0.074    0.620    0.1206   1.445e-05  p
net699                      1.80    0.089    0.500    0.1000   1.441e-05  a
net201                      1.80    0.057    0.712    0.1569   1.436e-05  p
net182                      1.80    0.088    0.500    0.1000   1.433e-05  a
net242                      1.80    0.035    0.687    0.2536   1.432e-05  p
net796                      1.80    0.052    0.630    0.1684   1.420e-05  p
net642                      1.80    0.088    0.500    0.1000   1.419e-05  a
net39                       1.80    0.042    0.641    0.2106   1.419e-05  p
net270                      1.80    0.028    0.712    0.3081   1.418e-05  p
net313                      1.80    0.020    0.498    0.4404   1.415e-05  p
net906                      1.80    0.050    0.629    0.1759   1.415e-05  p
net565                      1.80    0.016    0.534    0.5504   1.414e-05  p
net20                       1.80    0.055    0.668    0.1567   1.402e-05  p
clknet_0_net475             1.80    0.020    0.647    0.4258   1.400e-05  p
net578                      1.80    0.024    0.545    0.3514   1.392e-05  p
net148                      1.80    0.035    0.662    0.2465   1.391e-05  p
net773                      1.80    0.039    0.573    0.2200   1.391e-05  p
net203                      1.80    0.024    0.500    0.3623   1.391e-05  p
net903                      1.80    0.035    0.624    0.2449   1.378e-05  p
net878                      1.80    0.047    0.695    0.1804   1.374e-05  p
net411                      1.80    0.023    0.641    0.3719   1.361e-05  p
net236                      1.80    0.053    0.465    0.1569   1.359e-05  p
net204                      1.80    0.029    0.497    0.2851   1.355e-05  p
clknet_0_clk                1.80    0.084    0.500    0.1000   1.355e-05  a
net329                      1.80    0.041    0.675    0.2055   1.349e-05  p
net874                      1.80    0.032    0.596    0.2583   1.348e-05  p
clknet_1_0__leaf_net769     1.80    0.029    0.616    0.2858   1.339e-05  p
net150                      1.80    0.044    0.622    0.1876   1.336e-05  p
clknet_0_net400             1.80    0.025    0.610    0.3269   1.332e-05  p
clknet_0_net289             1.80    0.025    0.576    0.3223   1.331e-05  p
clknet_0_net282             1.80    0.023    0.719    0.3552   1.325e-05  p
net898                      1.80    0.031    0.605    0.2621   1.324e-05  p
clknet_2_0__leaf_clk        1.80    0.082    0.500    0.1000   1.323e-05  a
net779                      1.80    0.031    0.459    0.2637   1.321e-05  p
net248                      1.80    0.026    0.164    0.3123   1.318e-05  p
net133                      1.80    0.034    0.440    0.2365   1.316e-05  p
net73                       1.80    0.049    0.631    0.1638   1.312e-05  p
net698                      1.80    0.081    0.500    0.1000   1.312e-05  a
net834                      1.80    0.067    0.620    0.1206   1.309e-05  p
net660                      1.80    0.081    0.500    0.1000   1.307e-05  a
net243                      1.80    0.034    0.886    0.2360   1.306e-05  p
net98                       1.80    0.039    0.680    0.2044   1.305e-05  p
net44                       1.80    0.029    0.606    0.2818   1.304e-05  p
net210                      1.80    0.027    0.506    0.2944   1.303e-05  p
clknet_0_net367             1.80    0.021    0.521    0.3823   1.294e-05  p
net324                      1.80    0.019    0.566    0.4198   1.291e-05  p
net646                      1.80    0.079    0.500    0.1000   1.287e-05  a
net830                      1.80    0.065    0.620    0.1206   1.278e-05  p
net899                      1.80    0.032    0.624    0.2449   1.278e-05  p
net831                      1.80    0.065    0.620    0.1206   1.275e-05  p
net575                      1.80    0.014    0.529    0.5735   1.271e-05  p
net308                      1.80    0.023    0.548    0.3350   1.268e-05  p
net237                      1.80    0.028    0.343    0.2773   1.265e-05  p
net751                      1.80    0.026    0.496    0.2987   1.259e-05  p
net405                      1.80    0.021    0.658    0.3698   1.256e-05  p
net43                       1.80    0.055    0.689    0.1403   1.243e-05  p
net293                      1.80    0.033    0.659    0.2323   1.241e-05  p
net105                      1.80    0.024    0.631    0.3161   1.240e-05  p
net28                       1.80    0.058    0.560    0.1314   1.224e-05  p
net214                      1.80    0.023    0.598    0.3241   1.217e-05  p
net634                      1.80    0.075    0.500    0.1000   1.215e-05  a
net141                      1.80    0.034    0.646    0.2172   1.213e-05  p
clknet_0_net300             1.80    0.023    0.553    0.3232   1.209e-05  p
net218                      1.80    0.022    0.613    0.3349   1.202e-05  p
net763                      1.80    0.051    0.622    0.1466   1.202e-05  p
net639                      1.80    0.074    0.500    0.1000   1.202e-05  a
net590                      1.80    0.012    0.506    0.6024   1.199e-05  p
net654                      1.80    0.074    0.500    0.1000   1.196e-05  a
net725                      1.80    0.060    0.528    0.1221   1.189e-05  p
net429                      1.80    0.045    0.521    0.1631   1.188e-05  p
net155                      1.80    0.028    0.448    0.2627   1.187e-05  p
net692                      1.80    0.073    0.500    0.1000   1.185e-05  a
net540                      1.80    0.015    0.495    0.4992   1.176e-05  p
net38                       1.80    0.028    0.554    0.2593   1.167e-05  p
net884                      1.80    0.037    0.527    0.1930   1.167e-05  p
net633                      1.80    0.072    0.500    0.1000   1.162e-05  a
net327                      1.80    0.024    0.760    0.2962   1.160e-05  p
net25                       1.80    0.053    0.674    0.1346   1.155e-05  p
net556                      1.80    0.015    0.461    0.4830   1.154e-05  p
net833                      1.80    0.059    0.620    0.1206   1.151e-05  p
net106                      1.80    0.024    0.498    0.3007   1.150e-05  p
net630                      1.80    0.071    0.500    0.1000   1.148e-05  a
net147                      1.80    0.046    0.724    0.1552   1.145e-05  p
net653                      1.80    0.071    0.500    0.1000   1.144e-05  a
clknet_1_1__leaf_net799     1.80    0.093    0.387    0.0762   1.142e-05  p
net26                       1.80    0.026    0.538    0.2731   1.137e-05  p
net732                      1.80    0.036    0.527    0.1930   1.136e-05  p
net416                      1.80    0.020    0.644    0.3467   1.135e-05  p
net681                      1.80    0.070    0.500    0.1000   1.128e-05  a
net351                      1.80    0.037    0.635    0.1869   1.118e-05  p
net697                      1.80    0.069    0.500    0.1000   1.117e-05  a
clknet_2_2__leaf_clk        1.80    0.069    0.500    0.1000   1.116e-05  a
net262                      1.80    0.045    0.825    0.1526   1.115e-05  p
clknet_2_1__leaf_clk        1.80    0.069    0.500    0.1000   1.110e-05  a
net30                       1.80    0.056    0.564    0.1205   1.102e-05  p
net713                      1.80    0.068    0.500    0.1000   1.100e-05  a
clknet_0_net162             1.80    0.037    0.614    0.1819   1.096e-05  p
net336                      1.80    0.026    0.734    0.2566   1.095e-05  p
net149                      1.80    0.033    0.680    0.2039   1.095e-05  p
net632                      1.80    0.067    0.500    0.1000   1.091e-05  a
net137                      1.80    0.021    0.543    0.3206   1.081e-05  p
net33                       1.80    0.033    0.581    0.2023   1.081e-05  p
net194                      1.80    0.045    0.764    0.1488   1.073e-05  p
net56                       1.80    0.046    0.558    0.1424   1.073e-05  p
net735                      1.80    0.047    0.576    0.1419   1.069e-05  p
net525                      1.80    0.020    0.563    0.3263   1.068e-05  p
net553                      1.80    0.010    0.496    0.6363   1.067e-05  p
net120                      1.80    0.032    0.665    0.2055   1.064e-05  p
net901                      1.80    0.049    0.674    0.1346   1.064e-05  p
net156                      1.80    0.027    0.622    0.2433   1.063e-05  p
net70                       1.80    0.036    0.629    0.1810   1.060e-05  p
net709                      1.80    0.065    0.500    0.1000   1.059e-05  a
net691                      1.80    0.065    0.500    0.1000   1.057e-05  a
clknet_0_net277             1.80    0.019    0.592    0.3380   1.052e-05  p
net24                       1.80    0.027    0.595    0.2411   1.049e-05  p
clknet_0_net769             1.80    0.023    0.616    0.2858   1.047e-05  p
net144                      1.80    0.019    0.519    0.3365   1.045e-05  p
net139                      1.80    0.036    0.695    0.1804   1.041e-05  p
clknet_0_net305             1.80    0.020    0.507    0.3230   1.038e-05  p
net261                      1.80    0.014    0.633    0.4420   1.037e-05  p
net41                       1.80    0.045    0.662    0.1412   1.036e-05  p
net904                      1.80    0.047    0.674    0.1346   1.022e-05  p
net109                      1.80    0.017    0.503    0.3717   1.021e-05  p
clknet_0_net301             1.80    0.021    0.529    0.3052   1.017e-05  p
net45                       1.80    0.043    0.581    0.1447   1.012e-05  p
net649                      1.80    0.062    0.500    0.1000   1.005e-05  a
net797                      1.80    0.051    0.528    0.1221   1.005e-05  p
net330                      1.80    0.025    0.713    0.2456   1.004e-05  p
net239                      1.80    0.045    0.741    0.1382   1.001e-05  p
net125                      1.80    0.020    0.494    0.3070   9.904e-06  p
net197                      1.80    0.024    0.614    0.2581   9.885e-06  p
net750                      1.80    0.040    0.589    0.1538   9.861e-06  p
net624                      1.80    0.061    0.500    0.1000   9.843e-06  a
net334                      1.80    0.053    0.510    0.1142   9.837e-06  p
net107                      1.80    0.031    0.657    0.1962   9.802e-06  p
net391                      1.80    0.024    0.582    0.2508   9.699e-06  p
net36                       1.80    0.051    0.541    0.1179   9.687e-06  p
net127                      1.80    0.020    0.501    0.2913   9.646e-06  p
net665                      1.80    0.059    0.500    0.1000   9.633e-06  a
net495                      1.80    0.019    0.662    0.3109   9.623e-06  p
net221                      1.80    0.018    0.597    0.3217   9.620e-06  p
net286                      1.80    0.015    0.308    0.3922   9.528e-06  p
net74                       1.80    0.024    0.648    0.2451   9.450e-06  p
clknet_0_net800             1.80    0.020    0.586    0.2846   9.443e-06  p
net219                      1.80    0.020    0.536    0.2862   9.442e-06  p
net22                       1.80    0.031    0.503    0.1887   9.439e-06  p
net643                      1.80    0.058    0.500    0.1000   9.407e-06  a
net217                      1.80    0.019    0.390    0.3080   9.378e-06  p
net493                      1.80    0.025    0.622    0.2335   9.364e-06  p
clknet_2_3__leaf_clk        1.80    0.058    0.500    0.1000   9.358e-06  a
net27                       1.80    0.020    0.504    0.2827   9.332e-06  p
net739                      1.80    0.025    0.198    0.2258   9.303e-06  p
net61                       1.80    0.037    0.725    0.1545   9.285e-06  p
clknet_0_net512             1.80    0.019    0.506    0.3030   9.282e-06  p
net135                      1.80    0.027    0.680    0.2111   9.268e-06  p
net647                      1.80    0.057    0.500    0.1000   9.261e-06  a
net542                      1.80    0.012    0.511    0.4870   9.241e-06  p
net638                      1.80    0.057    0.500    0.1000   9.205e-06  a
net480                      1.80    0.015    0.497    0.3853   9.191e-06  p
net289                      1.80    0.018    0.576    0.3223   9.190e-06  p
net791                      1.80    0.030    0.499    0.1895   9.139e-06  p
clknet_1_0__leaf_net289     1.80    0.017    0.576    0.3223   9.135e-06  p
net671                      1.80    0.056    0.500    0.1000   9.119e-06  a
net551                      1.80    0.014    0.494    0.3898   9.095e-06  p
clknet_0_net295             1.80    0.020    0.721    0.2858   9.074e-06  p
net282                      1.80    0.016    0.719    0.3552   8.994e-06  p
net362                      1.80    0.023    0.888    0.2460   8.966e-06  p
net60                       1.80    0.020    0.509    0.2823   8.925e-06  p
net645                      1.80    0.055    0.500    0.1000   8.921e-06  a
net826                      1.80    0.054    0.500    0.1017   8.812e-06  p
net769                      1.80    0.019    0.616    0.2858   8.808e-06  p
net900                      1.80    0.024    0.622    0.2254   8.786e-06  p
clknet_0_net742             1.80    0.020    0.520    0.2749   8.784e-06  p
net463                      1.80    0.031    0.577    0.1737   8.776e-06  p
net180                      1.80    0.020    0.475    0.2716   8.739e-06  p
clknet_0_net793             1.80    0.019    0.248    0.2866   8.637e-06  p
net367                      1.80    0.014    0.521    0.3823   8.632e-06  p
net729                      1.80    0.016    0.610    0.3259   8.630e-06  p
net728                      1.80    0.024    0.593    0.2266   8.627e-06  p
net63                       1.80    0.017    0.553    0.3058   8.598e-06  p
net673                      1.80    0.053    0.500    0.1000   8.593e-06  a
net206                      1.80    0.018    0.471    0.2885   8.556e-06  p
net257                      1.80    0.019    0.581    0.2717   8.539e-06  p
net87                       1.80    0.043    0.626    0.1216   8.524e-06  p
net875                      1.80    0.023    0.593    0.2266   8.468e-06  p
net323                      1.80    0.019    0.677    0.2696   8.438e-06  p
net475                      1.80    0.012    0.647    0.4258   8.435e-06  p
net758                      1.80    0.039    0.664    0.1336   8.384e-06  p
clknet_1_0__leaf_net799     1.80    0.068    0.387    0.0762   8.373e-06  p
net589                      1.80    0.007    0.503    0.6982   8.356e-06  p
net413                      1.80    0.013    0.554    0.3897   8.317e-06  p
net828                      1.80    0.050    0.500    0.1017   8.310e-06  p
net648                      1.80    0.051    0.500    0.1000   8.309e-06  a
net677                      1.80    0.051    0.500    0.1000   8.239e-06  a
net793                      1.80    0.018    0.248    0.2866   8.186e-06  p
net785                      1.80    0.022    0.516    0.2249   8.173e-06  p
net357                      1.80    0.019    0.877    0.2627   8.154e-06  p
net436                      1.80    0.031    0.669    0.1626   8.085e-06  p
net380                      1.80    0.015    0.537    0.3240   8.070e-06  p
net890                      1.80    0.050    0.500    0.1000   8.068e-06  a
clknet_1_1__leaf_net289     1.80    0.015    0.576    0.3223   8.059e-06  p
net504                      1.80    0.014    0.507    0.3658   8.051e-06  p
net610                      1.80    0.009    0.501    0.5439   8.004e-06  p
net733                      1.80    0.032    0.157    0.1556   7.965e-06  p
net604                      1.80    0.032    0.825    0.1526   7.959e-06  p
net423                      1.80    0.015    0.634    0.3382   7.946e-06  p
net259                      1.80    0.015    0.551    0.3238   7.905e-06  p
net57                       1.80    0.019    0.592    0.2496   7.878e-06  p
net185                      1.80    0.014    0.641    0.3440   7.847e-06  p
net433                      1.80    0.016    0.771    0.3058   7.823e-06  p
clknet_0_net159             1.80    0.020    0.671    0.2371   7.789e-06  p
net377                      1.80    0.016    0.575    0.3072   7.784e-06  p
net674                      1.80    0.048    0.500    0.1000   7.781e-06  a
net659                      1.80    0.048    0.500    0.1000   7.768e-06  a
net228                      1.80    0.017    0.521    0.2763   7.753e-06  p
net392                      1.80    0.020    0.620    0.2397   7.692e-06  p
clknet_1_0__leaf_net301     1.80    0.016    0.529    0.3052   7.669e-06  p
net717                      1.80    0.047    0.500    0.1000   7.660e-06  a
net169                      1.80    0.046    0.108    0.1030   7.638e-06  p
net192                      1.80    0.025    0.623    0.1909   7.592e-06  p
net451                      1.80    0.041    0.193    0.1130   7.585e-06  p
net782                      1.80    0.025    0.674    0.1868   7.528e-06  p
net701                      1.80    0.046    0.500    0.1000   7.506e-06  a
clknet_0_net97              1.80    0.019    0.518    0.2468   7.487e-06  p
net3                        1.80    0.037    0.617    0.1232   7.458e-06  p
net55                       1.80    0.018    0.621    0.2525   7.417e-06  p
net721                      1.80    0.046    0.500    0.1000   7.408e-06  a
net400                      1.80    0.014    0.610    0.3269   7.395e-06  p
net533                      1.80    0.010    0.399    0.4589   7.355e-06  p
net853                      1.80    0.018    0.624    0.2449   7.306e-06  p
net756                      1.80    0.034    0.557    0.1310   7.276e-06  p
net383                      1.80    0.015    0.491    0.2969   7.249e-06  p
net10                       1.80    0.037    0.626    0.1211   7.229e-06  p
net787                      1.80    0.023    0.652    0.1902   7.228e-06  p
net378                      1.80    0.015    0.589    0.2929   7.207e-06  p
net277                      1.80    0.013    0.592    0.3380   7.192e-06  p
net418                      1.80    0.015    0.643    0.2991   7.107e-06  p
net662                      1.80    0.044    0.500    0.1000   7.087e-06  a
net860                      1.80    0.014    0.494    0.3070   7.064e-06  p
clknet_0_net473             1.80    0.020    0.641    0.2227   7.038e-06  p
net570                      1.80    0.009    0.513    0.4851   7.013e-06  p
net245                      1.80    0.018    0.724    0.2443   7.005e-06  p
net861                      1.80    0.014    0.494    0.3070   6.998e-06  p
net32                       1.80    0.028    0.574    0.1550   6.970e-06  p
net664                      1.80    0.043    0.500    0.1000   6.963e-06  a
net252                      1.80    0.016    0.612    0.2727   6.959e-06  p
net13                       1.80    0.029    0.535    0.1469   6.939e-06  p
net301                      1.80    0.014    0.529    0.3052   6.893e-06  p
net693                      1.80    0.043    0.500    0.1000   6.889e-06  a
net680                      1.80    0.042    0.500    0.1000   6.861e-06  a
net58                       1.80    0.027    0.651    0.1550   6.817e-06  p
net907                      1.80    0.023    0.695    0.1804   6.681e-06  p
net908                      1.80    0.014    0.586    0.2985   6.668e-06  p
clknet_1_0__leaf_net800     1.80    0.014    0.586    0.2846   6.633e-06  p
net146                      1.80    0.019    0.672    0.2101   6.623e-06  p
net136                      1.80    0.014    0.586    0.2985   6.608e-06  p
net46                       1.80    0.016    0.547    0.2593   6.604e-06  p
net902                      1.80    0.016    0.605    0.2621   6.602e-06  p
net776                      1.80    0.013    0.454    0.3055   6.593e-06  p
net191                      1.80    0.033    0.564    0.1225   6.557e-06  p
net499                      1.80    0.014    0.641    0.2981   6.550e-06  p
net537                      1.80    0.008    0.501    0.5317   6.505e-06  p
clknet_0_net375             1.80    0.022    0.363    0.1802   6.505e-06  p
net661                      1.80    0.040    0.500    0.1000   6.498e-06  a
net608                      1.80    0.082    0.025    0.0487   6.475e-06  p
net700                      1.80    0.040    0.500    0.1000   6.454e-06  a
net580                      1.80    0.008    0.501    0.5190   6.429e-06  p
net704                      1.80    0.040    0.500    0.1000   6.402e-06  a
net162                      1.80    0.022    0.614    0.1819   6.391e-06  p
net696                      1.80    0.039    0.500    0.1000   6.374e-06  a
net855                      1.80    0.016    0.624    0.2449   6.365e-06  p
net284                      1.80    0.011    0.734    0.3693   6.362e-06  p
net320                      1.80    0.011    0.474    0.3592   6.350e-06  p
net710                      1.80    0.039    0.500    0.1000   6.340e-06  a
net468                      1.80    0.015    0.540    0.2534   6.321e-06  p
net306                      1.80    0.019    0.511    0.2016   6.318e-06  p
net267                      1.80    0.010    0.519    0.4054   6.266e-06  p
net512                      1.80    0.013    0.506    0.3030   6.226e-06  p
net372                      1.80    0.015    0.315    0.2505   6.219e-06  p
net561                      1.80    0.011    0.520    0.3536   6.206e-06  p
net434                      1.80    0.014    0.864    0.2728   6.199e-06  p
net64                       1.80    0.014    0.621    0.2762   6.197e-06  p
clknet_0_net370             1.80    0.019    0.332    0.1964   6.196e-06  p
net666                      1.80    0.037    0.500    0.1000   6.066e-06  a
net5                        1.80    0.031    0.546    0.1203   6.052e-06  p
net34                       1.80    0.026    0.661    0.1410   6.045e-06  p
net158                      1.80    0.017    0.724    0.2193   5.993e-06  p
net50                       1.80    0.016    0.545    0.2339   5.975e-06  p
net532                      1.80    0.009    0.554    0.3896   5.952e-06  p
net273                      1.80    0.012    0.717    0.3097   5.941e-06  p
net428                      1.80    0.022    0.478    0.1633   5.935e-06  p
net472                      1.80    0.014    0.489    0.2547   5.930e-06  p
net881                      1.80    0.013    0.521    0.2763   5.911e-06  p
net266                      1.80    0.025    0.856    0.1462   5.856e-06  p
clknet_1_0__leaf_net367     1.80    0.009    0.521    0.3823   5.850e-06  p
net501                      1.80    0.010    0.630    0.3681   5.838e-06  p
net788                      1.80    0.015    0.638    0.2310   5.800e-06  p
net253                      1.80    0.013    0.658    0.2677   5.792e-06  p
net143                      1.80    0.011    0.495    0.3371   5.766e-06  p
net285                      1.80    0.010    0.556    0.3691   5.743e-06  p
net640                      1.80    0.035    0.500    0.1000   5.735e-06  a
net91                       1.80    0.017    0.524    0.2030   5.706e-06  p
net231                      1.80    0.013    0.656    0.2815   5.702e-06  p
net279                      1.80    0.010    0.297    0.3417   5.663e-06  p
net560                      1.80    0.007    0.508    0.5132   5.657e-06  p
net128                      1.80    0.017    0.500    0.2065   5.646e-06  p
net427                      1.80    0.018    0.599    0.1953   5.631e-06  p
net775                      1.80    0.012    0.553    0.2797   5.621e-06  p
net514                      1.80    0.009    0.570    0.4041   5.606e-06  p
net658                      1.80    0.034    0.500    0.1000   5.552e-06  a
net255                      1.80    0.024    0.414    0.1406   5.548e-06  p
net488                      1.80    0.009    0.487    0.3972   5.545e-06  p
net803                      1.80    0.013    0.633    0.2557   5.509e-06  p
clknet_1_0__leaf_net473     1.80    0.015    0.641    0.2227   5.507e-06  p
net678                      1.80    0.034    0.500    0.1000   5.498e-06  a
net62                       1.80    0.015    0.609    0.2325   5.490e-06  p
net52                       1.80    0.025    0.664    0.1345   5.474e-06  p
net305                      1.80    0.010    0.507    0.3230   5.473e-06  p
net207                      1.80    0.013    0.568    0.2532   5.429e-06  p
net887                      1.80    0.012    0.501    0.2703   5.336e-06  p
clknet_0_net178             1.80    0.026    0.838    0.1247   5.295e-06  p
net370                      1.80    0.017    0.332    0.1964   5.283e-06  p
net230                      1.80    0.012    0.780    0.2610   5.282e-06  p
net269                      1.80    0.013    0.609    0.2484   5.275e-06  p
net300                      1.80    0.010    0.553    0.3232   5.267e-06  p
net705                      1.80    0.033    0.500    0.1000   5.265e-06  a
net568                      1.80    0.009    0.373    0.3788   5.257e-06  p
clknet_0_net161             1.80    0.021    0.478    0.1544   5.256e-06  p
clknet_0_net199             1.80    0.019    0.448    0.1667   5.250e-06  p
net652                      1.80    0.032    0.500    0.1000   5.215e-06  a
net240                      1.80    0.014    0.811    0.2343   5.213e-06  p
net742                      1.80    0.012    0.520    0.2749   5.204e-06  p
net432                      1.80    0.017    0.500    0.1873   5.197e-06  p
net644                      1.80    0.032    0.500    0.1000   5.173e-06  a
net885                      1.80    0.016    0.527    0.1930   5.128e-06  p
clknet_1_0__leaf_net255     1.80    0.023    0.414    0.1406   5.127e-06  p
net867                      1.80    0.012    0.633    0.2557   5.122e-06  p
net445                      1.80    0.013    0.255    0.2363   5.121e-06  p
net554                      1.80    0.007    0.568    0.4712   5.120e-06  p
net856                      1.80    0.013    0.624    0.2449   5.089e-06  p
clknet_1_1__leaf_net615     1.80    0.040    0.375    0.0772   5.058e-06  p
net607                      1.80    0.026    0.123    0.1198   5.057e-06  p
net889                      1.80    0.031    0.500    0.1000   5.045e-06  a
net708                      1.80    0.031    0.500    0.1000   5.041e-06  a
net466                      1.80    0.007    0.611    0.4271   5.031e-06  p
net402                      1.80    0.010    0.546    0.3201   4.987e-06  p
net485                      1.80    0.013    0.463    0.2386   4.960e-06  p
net798                      1.80    0.016    0.625    0.1964   4.944e-06  p
net511                      1.80    0.008    0.658    0.3668   4.939e-06  p
net356                      1.80    0.015    0.667    0.2078   4.934e-06  p
net716                      1.80    0.030    0.500    0.1000   4.923e-06  a
net502                      1.80    0.010    0.594    0.3115   4.919e-06  p
net154                      1.80    0.014    0.628    0.2122   4.908e-06  p
net583                      1.80    0.007    0.501    0.4063   4.902e-06  p
net538                      1.80    0.007    0.517    0.4349   4.899e-06  p
net800                      1.80    0.011    0.586    0.2846   4.896e-06  p
net75                       1.80    0.013    0.683    0.2305   4.894e-06  p
net81                       1.80    0.050    0.047    0.0601   4.882e-06  p
clknet_0_net268             1.80    0.019    0.442    0.1553   4.864e-06  p
net4                        1.80    0.024    0.626    0.1237   4.828e-06  p
net246                      1.80    0.015    0.556    0.1921   4.820e-06  p
net707                      1.80    0.030    0.500    0.1000   4.813e-06  a
net97                       1.80    0.012    0.518    0.2468   4.797e-06  p
net35                       1.80    0.019    0.662    0.1559   4.780e-06  p
clknet_0_net179             1.80    0.019    0.568    0.1537   4.766e-06  p
clknet_1_0__leaf_net614     1.80    0.038    0.378    0.0764   4.755e-06  p
net706                      1.80    0.029    0.500    0.1000   4.742e-06  a
net140                      1.80    0.011    0.543    0.2734   4.719e-06  p
net130                      1.80    0.020    0.562    0.1460   4.709e-06  p
net395                      1.80    0.013    0.503    0.2190   4.702e-06  p
net682                      1.80    0.029    0.500    0.1000   4.701e-06  a
net101                      1.80    0.008    0.602    0.3472   4.658e-06  p
net720                      1.80    0.029    0.500    0.1000   4.656e-06  a
net669                      1.80    0.029    0.500    0.1000   4.647e-06  a
net768                      1.80    0.022    0.557    0.1310   4.640e-06  p
net539                      1.80    0.006    0.521    0.4473   4.607e-06  p
net276                      1.80    0.023    0.851    0.1236   4.598e-06  p
net557                      1.80    0.005    0.482    0.5219   4.598e-06  p
net789                      1.80    0.015    0.495    0.1911   4.588e-06  p
net655                      1.80    0.028    0.500    0.1000   4.580e-06  a
net606                      1.80    0.023    0.876    0.1201   4.566e-06  p
clknet_0_net281             1.80    0.021    0.654    0.1357   4.561e-06  p
net233                      1.80    0.009    0.632    0.3173   4.561e-06  p
net541                      1.80    0.006    0.501    0.4765   4.543e-06  p
net473                      1.80    0.013    0.641    0.2227   4.520e-06  p
net516                      1.80    0.007    0.563    0.4135   4.516e-06  p
net67                       1.80    0.021    0.642    0.1330   4.502e-06  p
clknet_1_1__leaf_net800     1.80    0.010    0.586    0.2846   4.502e-06  p
net563                      1.80    0.005    0.521    0.5535   4.477e-06  p
clknet_1_0__leaf_net615     1.80    0.036    0.375    0.0772   4.464e-06  p
net110                      1.80    0.010    0.497    0.2782   4.421e-06  p
net846                      1.80    0.086    0.027    0.0319   4.415e-06  p
net100                      1.80    0.019    0.706    0.1415   4.401e-06  p
net126                      1.80    0.015    0.618    0.1751   4.390e-06  p
net389                      1.80    0.008    0.405    0.3275   4.372e-06  p
net420                      1.80    0.012    0.650    0.2171   4.370e-06  p
clknet_1_1__leaf_net301     1.80    0.009    0.529    0.3052   4.363e-06  p
net368                      1.80    0.012    0.672    0.2172   4.360e-06  p
net258                      1.80    0.007    0.698    0.3700   4.356e-06  p
net275                      1.80    0.012    0.487    0.2201   4.345e-06  p
net159                      1.80    0.011    0.671    0.2371   4.343e-06  p
net196                      1.80    0.010    0.656    0.2627   4.333e-06  p
net481                      1.80    0.006    0.589    0.4317   4.308e-06  p
net591                      1.80    0.005    0.489    0.5489   4.301e-06  p
clknet_0_net255             1.80    0.019    0.414    0.1406   4.295e-06  p
net670                      1.80    0.026    0.500    0.1000   4.285e-06  a
net72                       1.80    0.016    0.626    0.1635   4.280e-06  p
clknet_0_net276             1.80    0.021    0.851    0.1236   4.278e-06  p
net53                       1.80    0.009    0.536    0.2930   4.254e-06  p
net193                      1.80    0.015    0.625    0.1711   4.247e-06  p
net254                      1.80    0.009    0.701    0.2945   4.240e-06  p
net605                      1.80    0.017    0.174    0.1523   4.235e-06  p
net161                      1.80    0.017    0.478    0.1544   4.227e-06  p
net238                      1.80    0.008    0.594    0.3102   4.220e-06  p
net882                      1.80    0.009    0.521    0.2763   4.214e-06  p
net290                      1.80    0.010    0.608    0.2645   4.192e-06  p
net531                      1.80    0.005    0.499    0.5136   4.186e-06  p
clknet_1_0__leaf_net161     1.80    0.017    0.478    0.1544   4.184e-06  p
net295                      1.80    0.009    0.721    0.2858   4.177e-06  p
net406                      1.80    0.012    0.452    0.2172   4.168e-06  p
net534                      1.80    0.008    0.548    0.3408   4.159e-06  p
net6                        1.80    0.013    0.560    0.2023   4.148e-06  p
net164                      1.80    0.009    0.652    0.2796   4.146e-06  p
net430                      1.80    0.008    0.467    0.3350   4.135e-06  p
net857                      1.80    0.010    0.624    0.2449   4.128e-06  p
net343                      1.80    0.028    0.605    0.0914   4.120e-06  p
clknet_1_1__leaf_net198     1.80    0.025    0.774    0.1028   4.120e-06  p
net294                      1.80    0.007    0.561    0.3643   4.113e-06  p
net550                      1.80    0.005    0.642    0.4596   4.087e-06  p
net174                      1.80    0.007    0.491    0.3492   4.050e-06  p
net555                      1.80    0.006    0.663    0.3868   4.013e-06  p
net467                      1.80    0.006    0.610    0.3902   3.998e-06  p
net386                      1.80    0.006    0.438    0.4069   3.994e-06  p
net802                      1.80    0.013    0.648    0.1912   3.975e-06  p
net509                      1.80    0.010    0.671    0.2444   3.966e-06  p
clknet_1_1__leaf_net367     1.80    0.006    0.521    0.3823   3.948e-06  p
net321                      1.80    0.008    0.661    0.3032   3.946e-06  p
net438                      1.80    0.010    0.610    0.2389   3.946e-06  p
net134                      1.80    0.017    0.702    0.1436   3.945e-06  p
net530                      1.80    0.006    0.496    0.4397   3.941e-06  p
clknet_1_1__leaf_net295     1.80    0.009    0.721    0.2858   3.936e-06  p
net546                      1.80    0.007    0.455    0.3734   3.935e-06  p
net48                       1.80    0.015    0.536    0.1668   3.930e-06  p
net280                      1.80    0.006    0.633    0.4245   3.911e-06  p
net719                      1.80    0.024    0.500    0.1000   3.905e-06  a
net304                      1.80    0.008    0.339    0.3044   3.879e-06  p
net283                      1.80    0.006    0.583    0.4220   3.868e-06  p
net584                      1.80    0.004    0.496    0.6035   3.853e-06  p
net689                      1.80    0.024    0.500    0.1000   3.847e-06  a
net0                        1.80    0.020    0.630    0.1198   3.838e-06  p
net567                      1.80    0.005    0.544    0.4472   3.825e-06  p
net579                      1.80    0.005    0.499    0.4877   3.818e-06  p
net340                      1.80    0.012    0.666    0.1976   3.808e-06  p
clknet_1_0__leaf_net793     1.80    0.008    0.248    0.2866   3.781e-06  p
net566                      1.80    0.004    0.484    0.5970   3.780e-06  p
net396                      1.80    0.005    0.525    0.4480   3.775e-06  p
net866                      1.80    0.012    0.527    0.1930   3.772e-06  p
clknet_1_1__leaf_net400     1.80    0.007    0.610    0.3269   3.764e-06  p
net373                      1.80    0.009    0.565    0.2457   3.742e-06  p
net588                      1.80    0.004    0.508    0.6314   3.739e-06  p
clknet_0_net766             1.80    0.019    0.779    0.1204   3.706e-06  p
net684                      1.80    0.023    0.500    0.1000   3.700e-06  a
net519                      1.80    0.007    0.484    0.3147   3.695e-06  p
net264                      1.80    0.006    0.727    0.3559   3.695e-06  p
net703                      1.80    0.023    0.500    0.1000   3.694e-06  a
net529                      1.80    0.005    0.542    0.4422   3.678e-06  p
net168                      1.80    0.010    0.335    0.2211   3.651e-06  p
net444                      1.80    0.015    0.689    0.1528   3.630e-06  p
net375                      1.80    0.012    0.363    0.1802   3.610e-06  p
clknet_0_net166             1.80    0.022    0.660    0.1023   3.608e-06  p
net598                      1.80    0.003    0.509    0.7196   3.595e-06  p
net250                      1.80    0.007    0.164    0.3123   3.536e-06  p
net178                      1.80    0.017    0.838    0.1247   3.526e-06  p
net718                      1.80    0.022    0.500    0.1000   3.523e-06  a
net381                      1.80    0.009    0.497    0.2352   3.517e-06  p
net564                      1.80    0.005    0.530    0.4321   3.515e-06  p
net274                      1.80    0.007    0.719    0.2944   3.492e-06  p
net446                      1.80    0.007    0.606    0.3139   3.489e-06  p
clknet_1_1__leaf_net178     1.80    0.017    0.838    0.1247   3.484e-06  p
net854                      1.80    0.009    0.624    0.2449   3.470e-06  p
net244                      1.80    0.008    0.857    0.2823   3.460e-06  p
clknet_1_1__leaf_net614     1.80    0.028    0.378    0.0764   3.450e-06  p
net476                      1.80    0.006    0.592    0.3824   3.445e-06  p
net596                      1.80    0.003    0.498    0.6755   3.417e-06  p
net688                      1.80    0.021    0.500    0.1000   3.409e-06  a
net675                      1.80    0.021    0.500    0.1000   3.409e-06  a
net714                      1.80    0.021    0.500    0.1000   3.382e-06  a
clknet_1_0__leaf_net400     1.80    0.006    0.610    0.3269   3.375e-06  p
net404                      1.80    0.006    0.568    0.3562   3.371e-06  p
net189                      1.80    0.014    0.562    0.1489   3.364e-06  p
net361                      1.80    0.008    0.795    0.2721   3.362e-06  p
clknet_1_1__leaf_net769     1.80    0.007    0.616    0.2858   3.360e-06  p
net749                      1.80    0.065    0.027    0.0319   3.340e-06  p
net741                      1.80    0.010    0.505    0.2083   3.340e-06  p
net536                      1.80    0.006    0.568    0.3335   3.339e-06  p
net431                      1.80    0.005    0.613    0.3825   3.339e-06  p
net460                      1.80    0.021    0.297    0.0959   3.320e-06  p
net482                      1.80    0.005    0.568    0.4401   3.313e-06  p
net535                      1.80    0.005    0.551    0.3817   3.301e-06  p
net388                      1.80    0.016    0.096    0.1312   3.298e-06  p
net382                      1.80    0.009    0.510    0.2250   3.290e-06  p
net296                      1.80    0.007    0.628    0.3046   3.285e-06  p
net167                      1.80    0.016    0.881    0.1275   3.238e-06  p
net442                      1.80    0.004    0.526    0.4989   3.238e-06  p
net576                      1.80    0.003    0.503    0.6850   3.229e-06  p
net727                      1.80    0.006    0.491    0.3274   3.212e-06  p
net545                      1.80    0.005    0.679    0.3904   3.202e-06  p
net298                      1.80    0.006    0.530    0.3125   3.199e-06  p
clknet_0_net799             1.80    0.026    0.387    0.0762   3.184e-06  p
net794                      1.80    0.011    0.539    0.1836   3.183e-06  p
net198                      1.80    0.019    0.774    0.1028   3.181e-06  p
net891                      1.80    0.014    0.689    0.1403   3.158e-06  p
net452                      1.80    0.006    0.558    0.3270   3.152e-06  p
net864                      1.80    0.008    0.592    0.2496   3.126e-06  p
clknet_1_1__leaf_net512     1.80    0.006    0.506    0.3030   3.123e-06  p
clknet_0_net198             1.80    0.019    0.774    0.1028   3.116e-06  p
clknet_1_0__leaf_net295     1.80    0.007    0.721    0.2858   3.113e-06  p
net494                      1.80    0.006    0.595    0.3415   3.112e-06  p
net379                      1.80    0.006    0.530    0.2997   3.099e-06  p
clknet_0_net786             1.80    0.018    0.484    0.1052   3.091e-06  p
net594                      1.80    0.003    0.499    0.6514   3.072e-06  p
net449                      1.80    0.023    0.094    0.0824   3.050e-06  p
net868                      1.80    0.019    0.500    0.1017   3.049e-06  p
net69                       1.80    0.013    0.667    0.1410   3.021e-06  p
net437                      1.80    0.012    0.145    0.1594   3.020e-06  p
net883                      1.80    0.007    0.521    0.2763   2.977e-06  p
net328                      1.80    0.007    0.665    0.2770   2.973e-06  p
net552                      1.80    0.006    0.757    0.2991   2.968e-06  p
net492                      1.80    0.005    0.543    0.3572   2.947e-06  p
net774                      1.80    0.014    0.587    0.1292   2.923e-06  p
net426                      1.80    0.009    0.400    0.1952   2.913e-06  p
net582                      1.80    0.004    0.522    0.4682   2.904e-06  p
net8                        1.80    0.008    0.497    0.2108   2.894e-06  p
net459                      1.80    0.004    0.644    0.4446   2.894e-06  p
net863                      1.80    0.006    0.494    0.3070   2.892e-06  p
net663                      1.80    0.018    0.500    0.1000   2.883e-06  a
net7                        1.80    0.009    0.503    0.1936   2.873e-06  p
net441                      1.80    0.006    0.646    0.3103   2.873e-06  p
net491                      1.80    0.005    0.601    0.3417   2.870e-06  p
clknet_1_1__leaf_net161     1.80    0.011    0.478    0.1544   2.834e-06  p
net599                      1.80    0.003    0.501    0.6663   2.827e-06  p
net795                      1.80    0.009    0.679    0.1874   2.810e-06  p
net515                      1.80    0.006    0.526    0.2895   2.803e-06  p
net510                      1.80    0.007    0.593    0.2349   2.794e-06  p
net251                      1.80    0.014    0.612    0.1213   2.781e-06  p
net272                      1.80    0.007    0.405    0.2508   2.780e-06  p
net558                      1.80    0.004    0.536    0.4729   2.768e-06  p
net581                      1.80    0.003    0.502    0.6628   2.749e-06  p
net711                      1.80    0.017    0.500    0.1000   2.723e-06  a
net332                      1.80    0.009    0.834    0.1855   2.716e-06  p
clknet_1_1__leaf_net793     1.80    0.006    0.248    0.2866   2.707e-06  p
net199                      1.80    0.010    0.448    0.1667   2.704e-06  p
net86                       1.80    0.009    0.529    0.1959   2.698e-06  p
net103                      1.80    0.006    0.529    0.2840   2.695e-06  p
net627                      1.80    0.017    0.500    0.1000   2.683e-06  a
net163                      1.80    0.006    0.551    0.2762   2.677e-06  p
net352                      1.80    0.004    0.549    0.3981   2.671e-06  p
net518                      1.80    0.006    0.507    0.2683   2.666e-06  p
net799                      1.80    0.022    0.387    0.0762   2.664e-06  p
net414                      1.80    0.004    0.492    0.4534   2.660e-06  p
net31                       1.80    0.014    0.620    0.1206   2.659e-06  p
net865                      1.80    0.007    0.592    0.2496   2.655e-06  p
net595                      1.80    0.003    0.509    0.6157   2.646e-06  p
net102                      1.80    0.005    0.595    0.3303   2.642e-06  p
net241                      1.80    0.006    0.686    0.2881   2.641e-06  p
net288                      1.80    0.005    0.597    0.2958   2.619e-06  p
net870                      1.80    0.016    0.500    0.1017   2.618e-06  p
net422                      1.80    0.005    0.561    0.3139   2.603e-06  p
net461                      1.80    0.006    0.246    0.2710   2.597e-06  p
net547                      1.80    0.005    0.684    0.3083   2.587e-06  p
net291                      1.80    0.006    0.486    0.2536   2.578e-06  p
net104                      1.80    0.009    0.610    0.1831   2.568e-06  p
net508                      1.80    0.005    0.368    0.3028   2.567e-06  p
clknet_1_0__leaf_net281     1.80    0.012    0.654    0.1357   2.539e-06  p
net376                      1.80    0.005    0.850    0.2952   2.539e-06  p
net528                      1.80    0.005    0.510    0.3130   2.536e-06  p
net503                      1.80    0.004    0.528    0.3795   2.525e-06  p
net157                      1.80    0.007    0.624    0.2225   2.524e-06  p
clknet_1_1__leaf_net255     1.80    0.011    0.414    0.1406   2.523e-06  p
net523                      1.80    0.005    0.618    0.2920   2.523e-06  p
net521                      1.80    0.006    0.553    0.2642   2.499e-06  p
net88                       1.80    0.005    0.508    0.2934   2.491e-06  p
net841                      1.80    0.126    0.496    0.0122   2.490e-06  p
net526                      1.80    0.004    0.615    0.3710   2.489e-06  p
net397                      1.80    0.005    0.657    0.2798   2.479e-06  p
net600                      1.80    0.061    0.957    0.0249   2.474e-06  p
net364                      1.80    0.007    0.668    0.2294   2.473e-06  p
net84                       1.80    0.013    0.541    0.1178   2.473e-06  p
net184                      1.80    0.007    0.530    0.2074   2.472e-06  p
net458                      1.80    0.004    0.518    0.3990   2.469e-06  p
net844                      1.80    0.083    0.984    0.0183   2.460e-06  p
net202                      1.80    0.010    0.712    0.1569   2.450e-06  p
net348                      1.80    0.008    0.680    0.1868   2.446e-06  p
net615                      1.80    0.019    0.375    0.0772   2.422e-06  p
clknet_1_0__leaf_net282     1.80    0.004    0.719    0.3552   2.421e-06  p
clknet_0_net615             1.80    0.019    0.375    0.0772   2.421e-06  p
net498                      1.80    0.005    0.659    0.2774   2.419e-06  p
net355                      1.80    0.007    0.555    0.2078   2.411e-06  p
net190                      1.80    0.007    0.534    0.2036   2.409e-06  p
net235                      1.80    0.005    0.700    0.2848   2.409e-06  p
net9                        1.80    0.008    0.497    0.1879   2.384e-06  p
net299                      1.80    0.004    0.599    0.3659   2.379e-06  p
clknet_0_net614             1.80    0.019    0.378    0.0764   2.369e-06  p
net345                      1.80    0.005    0.766    0.2973   2.351e-06  p
net179                      1.80    0.009    0.568    0.1537   2.317e-06  p
net765                      1.80    0.009    0.780    0.1586   2.316e-06  p
clknet_1_1__leaf_net282     1.80    0.004    0.719    0.3552   2.308e-06  p
net520                      1.80    0.005    0.503    0.2823   2.300e-06  p
clknet_1_0__leaf_net159     1.80    0.006    0.671    0.2371   2.295e-06  p
net897                      1.80    0.005    0.536    0.2930   2.290e-06  p
net784                      1.80    0.005    0.503    0.2691   2.289e-06  p
net462                      1.80    0.004    0.513    0.3387   2.287e-06  p
net587                      1.80    0.002    0.500    0.5987   2.269e-06  p
net342                      1.80    0.015    0.395    0.0916   2.246e-06  p
clknet_1_1__leaf_net277     1.80    0.004    0.592    0.3380   2.245e-06  p
net872                      1.80    0.014    0.500    0.1017   2.242e-06  p
net223                      1.80    0.009    0.732    0.1487   2.231e-06  p
net496                      1.80    0.006    0.638    0.2404   2.223e-06  p
net268                      1.80    0.009    0.442    0.1553   2.215e-06  p
net176                      1.80    0.007    0.561    0.2058   2.211e-06  p
net2                        1.80    0.007    0.497    0.1868   2.181e-06  p
net281                      1.80    0.010    0.654    0.1357   2.168e-06  p
net507                      1.80    0.004    0.581    0.3129   2.165e-06  p
net586                      1.80    0.002    0.498    0.5237   2.106e-06  p
net859                      1.80    0.005    0.547    0.2593   2.081e-06  p
net183                      1.80    0.008    0.825    0.1526   2.081e-06  p
net871                      1.80    0.013    0.500    0.1017   2.072e-06  p
net409                      1.80    0.005    0.770    0.2593   2.059e-06  p
net687                      1.80    0.013    0.500    0.1000   2.046e-06  a
net766                      1.80    0.010    0.779    0.1204   2.031e-06  p
net695                      1.80    0.012    0.500    0.1000   2.020e-06  a
net778                      1.80    0.009    0.849    0.1382   2.005e-06  p
net790                      1.80    0.006    0.499    0.2020   1.989e-06  p
net487                      1.80    0.009    0.465    0.1296   1.976e-06  p
clknet_1_0__leaf_net198     1.80    0.012    0.774    0.1028   1.975e-06  p
net686                      1.80    0.012    0.500    0.1000   1.955e-06  a
net350                      1.80    0.005    0.585    0.2390   1.947e-06  p
net195                      1.80    0.006    0.622    0.1907   1.941e-06  p
net160                      1.80    0.007    0.681    0.1704   1.934e-06  p
net303                      1.80    0.005    0.694    0.2185   1.933e-06  p
clknet_1_0__leaf_net300     1.80    0.004    0.553    0.3232   1.925e-06  p
net786                      1.80    0.011    0.484    0.1052   1.921e-06  p
net527                      1.80    0.005    0.742    0.2409   1.909e-06  p
net479                      1.80    0.007    0.659    0.1792   1.907e-06  p
net524                      1.80    0.004    0.644    0.2981   1.890e-06  p
net497                      1.80    0.003    0.639    0.3477   1.855e-06  p
net585                      1.80    0.002    0.530    0.5053   1.854e-06  p
net385                      1.80    0.003    0.556    0.3792   1.850e-06  p
net754                      1.80    0.036    0.027    0.0319   1.845e-06  p
net792                      1.80    0.004    0.502    0.2692   1.842e-06  p
net888                      1.80    0.004    0.501    0.2703   1.834e-06  p
net417                      1.80    0.003    0.593    0.3606   1.833e-06  p
net349                      1.80    0.007    0.692    0.1614   1.829e-06  p
net614                      1.80    0.015    0.378    0.0764   1.805e-06  p
clknet_1_0__leaf_net766     1.80    0.009    0.779    0.1204   1.786e-06  p
net287                      1.80    0.006    0.654    0.1755   1.772e-06  p
net256                      1.80    0.005    0.627    0.2031   1.765e-06  p
net371                      1.80    0.003    0.498    0.3460   1.757e-06  p
net14                       1.80    0.008    0.557    0.1310   1.748e-06  p
net186                      1.80    0.005    0.657    0.2154   1.747e-06  p
net544                      1.80    0.038    0.043    0.0284   1.743e-06  p
net394                      1.80    0.002    0.475    0.4296   1.723e-06  p
net465                      1.80    0.005    0.163    0.2252   1.713e-06  p
clknet_1_0__leaf_net305     1.80    0.003    0.507    0.3230   1.705e-06  p
net448                      1.80    0.003    0.661    0.3062   1.703e-06  p
net226                      1.80    0.007    0.667    0.1402   1.703e-06  p
net263                      1.80    0.005    0.798    0.2048   1.701e-06  p
net450                      1.80    0.003    0.633    0.3990   1.699e-06  p
net359                      1.80    0.005    0.905    0.2071   1.697e-06  p
clknet_1_1__leaf_net199     1.80    0.006    0.448    0.1667   1.682e-06  p
net489                      1.80    0.003    0.524    0.3442   1.680e-06  p
clknet_1_1__leaf_net305     1.80    0.003    0.507    0.3230   1.675e-06  p
clknet_1_1__leaf_net97      1.80    0.004    0.518    0.2468   1.672e-06  p
net11                       1.80    0.005    0.650    0.1986   1.668e-06  p
clknet_1_1__leaf_net742     1.80    0.004    0.520    0.2749   1.667e-06  p
net676                      1.80    0.010    0.500    0.1000   1.664e-06  a
net347                      1.80    0.003    0.555    0.3191   1.662e-06  p
net490                      1.80    0.003    0.721    0.3137   1.659e-06  p
clknet_1_0__leaf_net178     1.80    0.008    0.838    0.1247   1.658e-06  p
net76                       1.80    0.008    0.742    0.1309   1.653e-06  p
net188                      1.80    0.006    0.666    0.1733   1.651e-06  p
net862                      1.80    0.003    0.494    0.3070   1.651e-06  p
net1                        1.80    0.008    0.627    0.1220   1.647e-06  p
net500                      1.80    0.004    0.550    0.2285   1.637e-06  p
net571                      1.80    0.025    0.068    0.0401   1.635e-06  p
net419                      1.80    0.003    0.682    0.3532   1.627e-06  p
net616                      1.80    0.040    0.979    0.0247   1.620e-06  p
clknet_1_0__leaf_net179     1.80    0.006    0.568    0.1537   1.599e-06  p
clknet_1_1__leaf_net300     1.80    0.003    0.553    0.3232   1.578e-06  p
net522                      1.80    0.005    0.621    0.2002   1.563e-06  p
clknet_1_0__leaf_net512     1.80    0.003    0.506    0.3030   1.546e-06  p
net177                      1.80    0.006    0.754    0.1609   1.528e-06  p
net166                      1.80    0.009    0.660    0.1023   1.527e-06  p
clknet_1_0__leaf_net475     1.80    0.002    0.647    0.4258   1.499e-06  p
net905                      1.80    0.005    0.577    0.1737   1.488e-06  p
clknet_1_1__leaf_net475     1.80    0.002    0.647    0.4258   1.486e-06  p
net331                      1.80    0.003    0.731    0.2931   1.463e-06  p
net478                      1.80    0.003    0.541    0.3381   1.441e-06  p
net619                      1.80    0.036    0.582    0.0247   1.434e-06  p
net517                      1.80    0.002    0.545    0.3773   1.422e-06  p
clknet_1_1__leaf_net375     1.80    0.005    0.363    0.1802   1.415e-06  p
net425                      1.80    0.004    0.729    0.2157   1.414e-06  p
net78                       1.80    0.006    0.565    0.1507   1.412e-06  p
net344                      1.80    0.003    0.699    0.3069   1.409e-06  p
out87                       1.80    0.004    0.499    0.2020   1.401e-06  p
net92                       1.80    0.005    0.655    0.1850   1.392e-06  p
net894                      1.80    0.005    0.521    0.1631   1.387e-06  p
net89                       1.80    0.006    0.653    0.1366   1.373e-06  p
net562                      1.80    0.024    0.082    0.0355   1.369e-06  p
net513                      1.80    0.003    0.470    0.3179   1.348e-06  p
clknet_1_0__leaf_net370     1.80    0.004    0.332    0.1964   1.339e-06  p
net170                      1.80    0.007    0.615    0.1223   1.329e-06  p
clknet_1_1__leaf_net159     1.80    0.003    0.671    0.2371   1.316e-06  p
net403                      1.80    0.003    0.590    0.2636   1.314e-06  p
net390                      1.80    0.003    0.490    0.2669   1.311e-06  p
net12                       1.80    0.004    0.522    0.2127   1.303e-06  p
net781                      1.80    0.006    0.640    0.1320   1.301e-06  p
net175                      1.80    0.006    0.539    0.1334   1.298e-06  p
net96                       1.80    0.005    0.681    0.1538   1.275e-06  p
net715                      1.80    0.008    0.500    0.1000   1.254e-06  a
net363                      1.80    0.002    0.573    0.3415   1.253e-06  p
net745                      1.80    0.004    0.270    0.2065   1.253e-06  p
clknet_1_0__leaf_net199     1.80    0.005    0.448    0.1667   1.251e-06  p
net346                      1.80    0.034    0.964    0.0227   1.251e-06  p
net278                      1.80    0.003    0.614    0.2753   1.244e-06  p
net82                       1.80    0.005    0.143    0.1457   1.239e-06  p
net94                       1.80    0.005    0.702    0.1491   1.235e-06  p
net879                      1.80    0.004    0.695    0.1804   1.235e-06  p
net772                      1.80    0.003    0.597    0.2474   1.231e-06  p
net360                      1.80    0.002    0.494    0.3582   1.225e-06  p
net471                      1.80    0.008    0.604    0.0903   1.215e-06  p
net572                      1.80    0.023    0.027    0.0319   1.206e-06  p
net384                      1.80    0.002    0.499    0.3637   1.199e-06  p
clknet_1_1__leaf_net473     1.80    0.003    0.641    0.2227   1.189e-06  p
clknet_1_0__leaf_net375     1.80    0.004    0.363    0.1802   1.182e-06  p
net407                      1.80    0.003    0.547    0.2586   1.177e-06  p
clknet_1_1__leaf_net179     1.80    0.005    0.568    0.1537   1.165e-06  p
net880                      1.80    0.004    0.695    0.1804   1.160e-06  p
clknet_1_0__leaf_net277     1.80    0.002    0.592    0.3380   1.136e-06  p
net762                      1.80    0.038    0.984    0.0183   1.132e-06  p
net398                      1.80    0.003    0.602    0.2316   1.122e-06  p
net617                      1.80    0.028    0.021    0.0244   1.099e-06  p
clknet_1_0__leaf_net268     1.80    0.004    0.442    0.1553   1.088e-06  p
net569                      1.80    0.022    0.062    0.0307   1.087e-06  p
net369                      1.80    0.005    0.577    0.1426   1.084e-06  p
net559                      1.80    0.003    0.540    0.2551   1.084e-06  p
net408                      1.80    0.002    0.597    0.3347   1.077e-06  p
net506                      1.80    0.002    0.566    0.2883   1.069e-06  p
clknet_1_1__leaf_net281     1.80    0.005    0.654    0.1357   1.069e-06  p
net165                      1.80    0.003    0.404    0.2190   1.067e-06  p
net623                      1.80    0.039    0.266    0.0164   1.050e-06  p
net401                      1.80    0.010    0.726    0.0660   1.045e-06  p
net464                      1.80    0.002    0.531    0.2660   1.035e-06  p
net474                      1.80    0.005    0.430    0.1195   1.028e-06  p
out22                       1.80    0.002    0.328    0.3422   1.011e-06  p
net477                      1.80    0.006    0.400    0.1125   1.005e-06  p
net748                      1.80    0.006    0.506    0.1077   9.995e-07  pm
net801                      1.80    0.050    0.496    0.0122   9.881e-07  p
net457                      1.80    0.022    0.986    0.0272   9.853e-07  p
net730                      1.80    0.006    0.500    0.1017   9.850e-07  p
net440                      1.80    0.006    0.825    0.1033   9.827e-07  p
clknet_1_1__leaf_net268     1.80    0.004    0.442    0.1553   9.782e-07  p
net873                      1.80    0.006    0.500    0.1017   9.771e-07  p
net893                      1.80    0.012    0.025    0.0487   9.768e-07  p
net393                      1.80    0.003    0.594    0.1733   9.751e-07  p
net613                      1.80    0.051    0.489    0.0118   9.750e-07  p
net366                      1.80    0.003    0.799    0.1982   9.649e-07  p
net421                      1.80    0.003    0.647    0.1966   9.527e-07  p
net470                      1.80    0.006    0.395    0.0901   9.458e-07  p
net456                      1.80    0.021    0.014    0.0272   9.293e-07  p
clknet_1_0__leaf_net742     1.80    0.002    0.520    0.2749   9.211e-07  p
net694                      1.80    0.005    0.500    0.1000   8.479e-07  a
clknet_1_0__leaf_net786     1.80    0.005    0.484    0.1052   8.465e-07  p
net592                      1.80    0.022    0.057    0.0238   8.463e-07  p
net443                      1.80    0.003    0.573    0.1591   8.437e-07  p
clknet_1_1__leaf_net166     1.80    0.005    0.660    0.1023   8.275e-07  p
net453                      1.80    0.017    0.964    0.0308   8.273e-07  p
out48                       1.80    0.002    0.635    0.3029   8.264e-07  p
net399                      1.80    0.002    0.696    0.2520   8.248e-07  p
net358                      1.80    0.003    0.728    0.1726   8.246e-07  p
net505                      1.80    0.002    0.492    0.2340   8.238e-07  p
net593                      1.80    0.021    0.943    0.0241   8.224e-07  p
clknet_1_1__leaf_net276     1.80    0.004    0.851    0.1236   8.164e-07  p
out96                       1.80    0.002    0.586    0.2846   8.065e-07  p
out29                       1.80    0.002    0.520    0.2749   7.992e-07  p
net612                      1.80    0.040    0.501    0.0122   7.818e-07  p
out20                       1.80    0.001    0.541    0.4012   7.693e-07  p
net455                      1.80    0.003    0.595    0.1801   7.684e-07  p
net297                      1.80    0.005    0.580    0.0927   7.596e-07  p
out55                       1.80    0.001    0.404    0.3227   7.562e-07  p
out73                       1.80    0.002    0.459    0.2637   7.497e-07  p
clknet_1_0__leaf_net276     1.80    0.004    0.851    0.1236   7.383e-07  p
clknet_1_0__leaf_net97      1.80    0.002    0.518    0.2468   7.306e-07  p
net79                       1.80    0.018    0.984    0.0245   7.269e-07  p
clknet_1_0__leaf_net166     1.80    0.004    0.660    0.1023   7.117e-07  p
net292                      1.80    0.002    0.533    0.2444   7.047e-07  p
net869                      1.80    0.004    0.500    0.1017   7.018e-07  p
net877                      1.80    0.002    0.593    0.2266   7.009e-07  p
net454                      1.80    0.003    0.916    0.1533   6.831e-07  p
net597                      1.80    0.060    0.986    0.0070   6.815e-07  p
out12                       1.80    0.001    0.495    0.4394   6.785e-07  p
net484                      1.80    0.002    0.539    0.2152   6.773e-07  p
net845                      1.80    0.023    0.984    0.0183   6.772e-07  p
net543                      1.80    0.014    0.957    0.0288   6.751e-07  p
net573                      1.80    0.020    0.037    0.0205   6.681e-07  p
net892                      1.80    0.003    0.689    0.1403   6.656e-07  p
net486                      1.80    0.002    0.478    0.1891   6.643e-07  p
net618                      1.80    0.017    0.410    0.0246   6.628e-07  p
net621                      1.80    0.020    0.690    0.0199   6.502e-07  p
out89                       1.80    0.001    0.502    0.2692   6.497e-07  p
out9                        1.80    0.001    0.248    0.2866   6.353e-07  p
net171                      1.80    0.021    0.984    0.0183   6.266e-07  p
clknet_1_1__leaf_net370     1.80    0.002    0.332    0.1964   6.236e-07  p
net337                      1.80    0.008    0.064    0.0501   6.216e-07  p
net90                       1.80    0.015    0.983    0.0249   6.081e-07  p
out62                       1.80    0.002    0.572    0.2098   5.991e-07  p
out1                        1.80    0.001    0.493    0.3733   5.959e-07  p
net469                      1.80    0.003    0.410    0.1249   5.855e-07  p
clknet_1_1__leaf_net766     1.80    0.003    0.779    0.1204   5.798e-07  p
net234                      1.80    0.012    0.062    0.0307   5.764e-07  p
out36                       1.80    0.001    0.561    0.3208   5.667e-07  p
clknet_1_1__leaf_net786     1.80    0.003    0.484    0.1052   5.473e-07  p
out79                       1.80    0.001    0.503    0.2691   5.313e-07  p
net622                      1.80    0.052    0.932    0.0062   5.254e-07  p
clknet_0_net200             1.80    0.019    0.987    0.0166   5.187e-07  p
out69                       1.80    0.001    0.553    0.2797   5.080e-07  p
out31                       1.80    0.002    0.270    0.2065   5.068e-07  p
out90                       1.80    0.002    0.539    0.1836   5.014e-07  p
net15                       1.80    0.002    0.612    0.1525   4.999e-07  p
out13                       1.80    0.001    0.491    0.3274   4.850e-07  p
net374                      1.80    0.003    0.495    0.1052   4.828e-07  p
out42                       1.80    0.001    0.164    0.3123   4.823e-07  p
net574                      1.80    0.014    0.961    0.0210   4.818e-07  p
out61                       1.80    0.001    0.616    0.2858   4.707e-07  p
out70                       1.80    0.001    0.454    0.3055   4.667e-07  p
net172                      1.80    0.016    0.984    0.0183   4.607e-07  p
out58                       1.80    0.002    0.779    0.1204   4.607e-07  p
out99                       1.80    0.001    0.633    0.2557   4.529e-07  p
net339                      1.80    0.009    0.062    0.0307   4.518e-07  p
out15                       1.80    0.001    0.610    0.3259   4.338e-07  p
out65                       1.80    0.001    0.597    0.2474   4.214e-07  p
net548                      1.80    0.011    0.311    0.0234   4.120e-07  p
out57                       1.80    0.002    0.780    0.1586   3.998e-07  p
net333                      1.80    0.007    0.082    0.0355   3.986e-07  p
net335                      1.80    0.007    0.082    0.0355   3.983e-07  p
out41                       1.80    0.001    0.866    0.2738   3.945e-07  p
out54                       1.80    0.002    0.622    0.1466   3.907e-07  p
out64                       1.80    0.001    0.624    0.2449   3.716e-07  p
out27                       1.80    0.001    0.596    0.2583   3.678e-07  p
out59                       1.80    0.001    0.574    0.2949   3.661e-07  p
out21                       1.80    0.002    0.576    0.1419   3.506e-07  p
out0                        1.80    0.001    0.844    0.3029   3.490e-07  p
out85                       1.80    0.001    0.638    0.2310   3.345e-07  p
out78                       1.80    0.001    0.627    0.2235   3.297e-07  p
out72                       1.80    0.001    0.849    0.1382   3.231e-07  p
out91                       1.80    0.001    0.679    0.1874   3.158e-07  p
out30                       1.80    0.001    0.624    0.2061   3.124e-07  p
out45                       1.80    0.001    0.757    0.1841   3.105e-07  p
net95                       1.80    0.016    0.496    0.0122   3.079e-07  p
net620                      1.80    0.010    0.301    0.0197   3.065e-07  p
net483                      1.80    0.002    0.265    0.0831   3.012e-07  p
net200                      1.80    0.011    0.987    0.0166   2.935e-07  p
out19                       1.80    0.001    0.527    0.1930   2.859e-07  p
net601                      1.80    0.010    0.984    0.0183   2.844e-07  p
out66                       1.80    0.001    0.573    0.2200   2.829e-07  p
net549                      1.80    0.008    0.688    0.0228   2.825e-07  p
out2                        1.80    0.001    0.157    0.1556   2.731e-07  p
out35                       1.80    0.001    0.653    0.1873   2.710e-07  p
out24                       1.80    0.001    0.470    0.3137   2.707e-07  p
net80                       1.80    0.009    0.984    0.0183   2.669e-07  p
out40                       1.80    0.001    0.496    0.2987   2.653e-07  p
net435                      1.80    0.006    0.973    0.0247   2.511e-07  p
out94                       1.80    0.001    0.625    0.1964   2.507e-07  p
out88                       1.80    0.001    0.499    0.1895   2.482e-07  p
out39                       1.80    0.001    0.589    0.1538   2.384e-07  p
out86                       1.80    0.001    0.495    0.1911   2.346e-07  p
out23                       1.80    0.001    0.653    0.2850   2.334e-07  p
out71                       1.80    0.001    0.628    0.1871   2.310e-07  p
out77                       1.80    0.001    0.674    0.1868   2.299e-07  p
out98                       1.80    0.001    0.648    0.1912   2.273e-07  p
out84                       1.80    0.001    0.652    0.1902   2.232e-07  p
net895                      1.80    0.004    0.027    0.0319   2.197e-07  p
out3                        1.80    0.000    0.130    0.2714   2.185e-07  p
out14                       1.80    0.001    0.593    0.2266   2.150e-07  p
out51                       1.80    0.001    0.629    0.1759   2.150e-07  p
out83                       1.80    0.001    0.484    0.1052   2.143e-07  p
out92                       1.80    0.001    0.630    0.1684   2.066e-07  p
out76                       1.80    0.001    0.640    0.1320   2.052e-07  p
net447                      1.80    0.006    0.978    0.0228   2.048e-07  p
out5                        1.80    0.000    0.149    0.2485   2.000e-07  p
out67                       1.80    0.001    0.587    0.1292   1.956e-07  p
out49                       1.80    0.001    0.664    0.1336   1.905e-07  p
out8                        1.80    0.001    0.516    0.2249   1.835e-07  p
out25                       1.80    0.000    0.198    0.2258   1.828e-07  p
out10                       1.80    0.001    0.528    0.1221   1.800e-07  p
net181                      1.80    0.006    0.985    0.0173   1.754e-07  p
out60                       1.80    0.001    0.557    0.1310   1.638e-07  p
net83                       1.80    0.006    0.992    0.0164   1.633e-07  p
out75                       1.80    0.001    0.642    0.1597   1.632e-07  p
out46                       1.80    0.001    0.557    0.1310   1.617e-07  p
out16                       1.80    0.001    0.500    0.1017   1.584e-07  p
out28                       1.80    0.000    0.505    0.2083   1.556e-07  p
out93                       1.80    0.001    0.528    0.1221   1.508e-07  p
out52                       1.80    0.001    0.671    0.1386   1.439e-07  p
out37                       1.80    0.001    0.202    0.1631   1.330e-07  p
net85                       1.80    0.006    0.496    0.0122   1.269e-07  p
clknet_1_0__leaf_net200     1.80    0.005    0.987    0.0166   1.249e-07  p
out18                       1.80    0.001    0.624    0.1238   1.210e-07  p
out95                       1.80    0.001    0.387    0.0762   1.083e-07  p
clknet_1_1__leaf_net200     1.80    0.004    0.987    0.0166   1.020e-07  p
net99                       1.80    0.003    0.984    0.0183   8.966e-08  p
out44                       1.80    0.001    0.027    0.0319   6.523e-08  p
out53                       1.80    0.002    0.984    0.0183   4.904e-08  p
out97                       1.80    0.002    0.496    0.0122   3.281e-08  p
out38                       1.80    0.001    0.027    0.0319   2.830e-08  p
--------------------------------------------------------------------------------
Total (1107 nets)                                              9.227e-03 Watt



                                      Int      Switch   Leak      Total
Hierarchy                             Power    Power    Power     Power    %
--------------------------------------------------------------------------------
netlist_0                             7.73e-03 9.23e-03 7.53e-09  1.70e-02 100.0
1
