Information: Derived library resistance unit is 1.000000 Kohm (Time unit is 1 ns, and Capacitance unit is 1.000000 pF). (DES-028)
Warning: Coupling capacitor (input2/A input8/A 0) on net in15 is discarded because the value cannot be <= 0 (PARA-040)
Warning: Coupling capacitor (in1:7 in15:7 0) on net in15 is discarded because the value cannot be <= 0 (PARA-040)
Warning: Detected semantically incorrect SPEF in coupling section. (PARA-098)
Warning: Coupling capacitor (in12:11 in16:11 0) on net in16 is discarded because the value cannot be <= 0 (PARA-040)
Warning: Coupling capacitor (in11:13 in23:13 0) on net in23 is discarded because the value cannot be <= 0 (PARA-040)
Warning: Coupling capacitor (ANTENNA_input16_A/DIODE in25:7 0) on net in25 is discarded because the value cannot be <= 0 (PARA-040)
Warning: Coupling capacitor (in22:5 in25:7 0) on net in25 is discarded because the value cannot be <= 0 (PARA-040)
Warning: Coupling capacitor (input18/A input23/A 0) on net in29 is discarded because the value cannot be <= 0 (PARA-040)
Warning: Coupling capacitor (in24:7 in29:7 0) on net in29 is discarded because the value cannot be <= 0 (PARA-040)
Warning: Coupling capacitor (in26:5 in29:7 0) on net in29 is discarded because the value cannot be <= 0 (PARA-040)
Warning: Coupling capacitor (input21/A input28/A 0) on net in33 is discarded because the value cannot be <= 0 (PARA-040)
Warning: Coupling capacitor (input21/A in33:5 0) on net in33 is discarded because the value cannot be <= 0 (PARA-040)
Warning: Coupling capacitor (in27:5 in33:5 0) on net in33 is discarded because the value cannot be <= 0 (PARA-040)
Warning: Coupling capacitor (in0:13 in35:9 0) on net in35 is discarded because the value cannot be <= 0 (PARA-040)
Warning: Coupling capacitor (in26:5 in36:7 0) on net in36 is discarded because the value cannot be <= 0 (PARA-040)
Warning: Coupling capacitor (input28/A in38:5 0) on net in38 is discarded because the value cannot be <= 0 (PARA-040)
Warning: Coupling capacitor (in33:5 in38:5 0) on net in38 is discarded because the value cannot be <= 0 (PARA-040)
Warning: Coupling capacitor (in32:13 in4:13 0) on net in4 is discarded because the value cannot be <= 0 (PARA-040)
Warning: Coupling capacitor (in25:7 in40:7 0) on net in40 is discarded because the value cannot be <= 0 (PARA-040)
Warning: Coupling capacitor (in36:7 in40:7 0) on net in40 is discarded because the value cannot be <= 0 (PARA-040)
Warning: Coupling capacitor (in38:5 in41:7 0) on net in41 is discarded because the value cannot be <= 0 (PARA-040)
Warning: Coupling capacitor (in1:7 in42:7 0) on net in42 is discarded because the value cannot be <= 0 (PARA-040)
Warning: Coupling capacitor (in24:7 in44:7 0) on net in44 is discarded because the value cannot be <= 0 (PARA-040)
Warning: Coupling capacitor (input10/A input42/A 0) on net in46 is discarded because the value cannot be <= 0 (PARA-040)
Warning: Coupling capacitor (in17:7 in46:7 0) on net in46 is discarded because the value cannot be <= 0 (PARA-040)
Warning: Coupling capacitor (in31:7 in48:5 0) on net in48 is discarded because the value cannot be <= 0 (PARA-040)
Warning: Coupling capacitor (in27:5 in51:7 0) on net in51 is discarded because the value cannot be <= 0 (PARA-040)
Warning: Coupling capacitor (in48:5 in52:5 0) on net in52 is discarded because the value cannot be <= 0 (PARA-040)
Warning: Coupling capacitor (in22:5 in54:7 0) on net in54 is discarded because the value cannot be <= 0 (PARA-040)
Warning: Coupling capacitor (in53:5 in54:7 0) on net in54 is discarded because the value cannot be <= 0 (PARA-040)
Warning: Coupling capacitor (ANTENNA_input52_A/DIODE ANTENNA_input55_A/DIODE 0) on net in58 is discarded because the value cannot be <= 0 (PARA-040)
Warning: Coupling capacitor (input54/A ANTENNA_input55_A/DIODE 0) on net in58 is discarded because the value cannot be <= 0 (PARA-040)
Warning: Coupling capacitor (input54/A in58:5 0) on net in58 is discarded because the value cannot be <= 0 (PARA-040)
Warning: Coupling capacitor (in55:5 in58:5 0) on net in58 is discarded because the value cannot be <= 0 (PARA-040)
Warning: Coupling capacitor (in57:5 in58:5 0) on net in58 is discarded because the value cannot be <= 0 (PARA-040)
Warning: Coupling capacitor (input26/A input59/A 0) on net in61 is discarded because the value cannot be <= 0 (PARA-040)
Warning: Coupling capacitor (input43/A input59/A 0) on net in61 is discarded because the value cannot be <= 0 (PARA-040)
Warning: Coupling capacitor (in31:7 in61:7 0) on net in61 is discarded because the value cannot be <= 0 (PARA-040)
Warning: Coupling capacitor (in47:7 in61:7 0) on net in61 is discarded because the value cannot be <= 0 (PARA-040)
Warning: Coupling capacitor (in41:7 in62:7 0) on net in62 is discarded because the value cannot be <= 0 (PARA-040)
Warning: Coupling capacitor (in55:5 in62:7 0) on net in62 is discarded because the value cannot be <= 0 (PARA-040)
Warning: Coupling capacitor (in52:5 in63:7 0) on net in63 is discarded because the value cannot be <= 0 (PARA-040)
Warning: Coupling capacitor (input54/A in64:7 0) on net in64 is discarded because the value cannot be <= 0 (PARA-040)
Warning: Coupling capacitor (in57:5 in64:7 0) on net in64 is discarded because the value cannot be <= 0 (PARA-040)
Warning: Coupling capacitor (in63:7 in64:7 0) on net in64 is discarded because the value cannot be <= 0 (PARA-040)
Warning: Coupling capacitor (input42/A input63/A 0) on net in65 is discarded because the value cannot be <= 0 (PARA-040)
Warning: Coupling capacitor (input43/A input63/A 0) on net in65 is discarded because the value cannot be <= 0 (PARA-040)
Warning: Coupling capacitor (in46:7 in65:7 0) on net in65 is discarded because the value cannot be <= 0 (PARA-040)
Warning: Coupling capacitor (in47:7 in65:7 0) on net in65 is discarded because the value cannot be <= 0 (PARA-040)
Warning: Coupling capacitor (input10/A input67/A 0) on net in69 is discarded because the value cannot be <= 0 (PARA-040)
Warning: Coupling capacitor (in17:7 in69:7 0) on net in69 is discarded because the value cannot be <= 0 (PARA-040)
Warning: Coupling capacitor (in66:9 in70:7 0) on net in70 is discarded because the value cannot be <= 0 (PARA-040)
Warning: Coupling capacitor (input65/A input70/A 0) on net in71 is discarded because the value cannot be <= 0 (PARA-040)
Warning: Coupling capacitor (in67:7 in71:7 0) on net in71 is discarded because the value cannot be <= 0 (PARA-040)
Warning: Coupling capacitor (in59:9 in72:5 0) on net in72 is discarded because the value cannot be <= 0 (PARA-040)
Warning: Coupling capacitor (in56:7 ANTENNA_input72_A/DIODE 0) on net in73 is discarded because the value cannot be <= 0 (PARA-040)
Warning: Coupling capacitor (in56:7 in73:5 0) on net in73 is discarded because the value cannot be <= 0 (PARA-040)
Warning: Coupling capacitor (in60:9 in75:9 0) on net in75 is discarded because the value cannot be <= 0 (PARA-040)
Warning: Coupling capacitor (in56:7 in76:5 0) on net in76 is discarded because the value cannot be <= 0 (PARA-040)
Warning: Coupling capacitor (in59:9 in78:7 0) on net in78 is discarded because the value cannot be <= 0 (PARA-040)
Warning: Coupling capacitor (ANTENNA_input71_A/DIODE ANTENNA_input78_A/DIODE 0) on net in79 is discarded because the value cannot be <= 0 (PARA-040)
Warning: Coupling capacitor (in72:5 in79:5 0) on net in79 is discarded because the value cannot be <= 0 (PARA-040)
Warning: Coupling capacitor (in68:9 in80:9 0) on net in80 is discarded because the value cannot be <= 0 (PARA-040)
Warning: Coupling capacitor (input22/A input83/A 0) on net in83 is discarded because the value cannot be <= 0 (PARA-040)
Warning: Coupling capacitor (input45/A input83/A 0) on net in83 is discarded because the value cannot be <= 0 (PARA-040)
Warning: Coupling capacitor (in28:7 in83:7 0) on net in83 is discarded because the value cannot be <= 0 (PARA-040)
Warning: Coupling capacitor (in49:7 in83:7 0) on net in83 is discarded because the value cannot be <= 0 (PARA-040)
Warning: Coupling capacitor (input74/A input84/A 0) on net in84 is discarded because the value cannot be <= 0 (PARA-040)
Warning: Coupling capacitor (in75:9 in84:7 0) on net in84 is discarded because the value cannot be <= 0 (PARA-040)
Warning: Coupling capacitor (in60:9 in87:7 0) on net in87 is discarded because the value cannot be <= 0 (PARA-040)
Warning: Coupling capacitor (in71:7 in87:7 0) on net in87 is discarded because the value cannot be <= 0 (PARA-040)
Warning: Coupling capacitor (in88:7 in89:9 0) on net in89 is discarded because the value cannot be <= 0 (PARA-040)
Warning: Coupling capacitor (input85/A input91/A 0) on net in90 is discarded because the value cannot be <= 0 (PARA-040)
Warning: Coupling capacitor (input88/A input91/A 0) on net in90 is discarded because the value cannot be <= 0 (PARA-040)
Warning: Coupling capacitor (in85:7 in90:7 0) on net in90 is discarded because the value cannot be <= 0 (PARA-040)
Warning: Coupling capacitor (in88:7 in90:7 0) on net in90 is discarded because the value cannot be <= 0 (PARA-040)
Warning: Coupling capacitor (input22/A input93/A 0) on net in92 is discarded because the value cannot be <= 0 (PARA-040)
Warning: Coupling capacitor (input81/A input93/A 0) on net in92 is discarded because the value cannot be <= 0 (PARA-040)
Warning: Coupling capacitor (in28:7 in92:7 0) on net in92 is discarded because the value cannot be <= 0 (PARA-040)
Warning: Coupling capacitor (in81:7 in92:7 0) on net in92 is discarded because the value cannot be <= 0 (PARA-040)
Warning: Coupling capacitor (in73:5 in93:9 0) on net in93 is discarded because the value cannot be <= 0 (PARA-040)
Warning: Coupling capacitor (in86:9 in93:9 0) on net in93 is discarded because the value cannot be <= 0 (PARA-040)
Warning: Coupling capacitor (input92/A input96/A 0) on net in95 is discarded because the value cannot be <= 0 (PARA-040)
Warning: Coupling capacitor (in91:7 in95:9 0) on net in95 is discarded because the value cannot be <= 0 (PARA-040)
Warning: Coupling capacitor (in80:9 in96:7 0) on net in96 is discarded because the value cannot be <= 0 (PARA-040)
Warning: Coupling capacitor (in89:9 in97:9 0) on net in97 is discarded because the value cannot be <= 0 (PARA-040)
Warning: Coupling capacitor (in95:9 in97:9 0) on net in97 is discarded because the value cannot be <= 0 (PARA-040)
Warning: Coupling capacitor (input76/A input100/A 0) on net in99 is discarded because the value cannot be <= 0 (PARA-040)
Warning: Coupling capacitor (input92/A input100/A 0) on net in99 is discarded because the value cannot be <= 0 (PARA-040)
Warning: Coupling capacitor (in77:7 in99:7 0) on net in99 is discarded because the value cannot be <= 0 (PARA-040)
Warning: Coupling capacitor (in91:7 in99:7 0) on net in99 is discarded because the value cannot be <= 0 (PARA-040)
Warning: Coupling capacitor (in86:9 out12 0) on net out12 is discarded because the value cannot be <= 0 (PARA-040)
Warning: Coupling capacitor (out13 out14 0) on net out14 is discarded because the value cannot be <= 0 (PARA-040)
Warning: Coupling capacitor (out1 out2 0) on net out2 is discarded because the value cannot be <= 0 (PARA-040)
Warning: Coupling capacitor (out13 out24 0) on net out24 is discarded because the value cannot be <= 0 (PARA-040)
Warning: Coupling capacitor (in42:7 out3 0) on net out3 is discarded because the value cannot be <= 0 (PARA-040)
Warning: Coupling capacitor (in53:5 out3 0) on net out3 is discarded because the value cannot be <= 0 (PARA-040)
Warning: Coupling capacitor (in68:9 out37 0) on net out37 is discarded because the value cannot be <= 0 (PARA-040)
Warning: Coupling capacitor (in76:5 out37 0) on net out37 is discarded because the value cannot be <= 0 (PARA-040)
Warning: Coupling capacitor (out36 out38 0) on net out38 is discarded because the value cannot be <= 0 (PARA-040)
Warning: Coupling capacitor (in79:5 out46 0) on net out46 is discarded because the value cannot be <= 0 (PARA-040)
Note - message 'PARA-040' default limit (100) exceeded.  Remainder will be suppressed.
Warning: Net 'net123' is multi-driven. (DES-023)
Warning: Net 'net124' is multi-driven. (DES-023)
Warning: Net 'net586' is multi-driven. (DES-023)
Warning: Net 'net646' is multi-driven. (DES-023)

****************************************
Report : read_parasitics /nas/ei/home/ge78pav/TM_power/TM_openlane/TM_openlane_single_max/TM_openlane_max_anb/TM_openlane_max_anb_mid/netlist_0/high/spef/netlist_0.nom.spef
Design : netlist_0
Version: Q-2019.12-SP1
Date   : Mon Aug 19 15:55:47 2024
****************************************

        0 error(s)
        Format is SPEF
        Annotated nets                   :         1705
        Annotated capacitances           :        14537
        Annotated resistances            :        12832
        Reduced coupling capacitances    :        27922
        Annotated PI models              :            0
        Annotated Elmore delays          :            0

