Information: Derived library resistance unit is 1.000000 Kohm (Time unit is 1 ns, and Capacitance unit is 1.000000 pF). (DES-028)
Warning: Detected semantically incorrect SPEF in coupling section. (PARA-098)
Warning: Coupling capacitor (input6/A input11/A 0) on net in18 is discarded because the value cannot be <= 0 (PARA-040)
Warning: Coupling capacitor (in13:7 in18:7 0) on net in18 is discarded because the value cannot be <= 0 (PARA-040)
Warning: Coupling capacitor (in10:7 in2:5 0) on net in2 is discarded because the value cannot be <= 0 (PARA-040)
Warning: Coupling capacitor (in17:7 in20:7 0) on net in20 is discarded because the value cannot be <= 0 (PARA-040)
Warning: Coupling capacitor (in10:7 in25:5 0) on net in25 is discarded because the value cannot be <= 0 (PARA-040)
Warning: Coupling capacitor (in25:5 in26:5 0) on net in26 is discarded because the value cannot be <= 0 (PARA-040)
Warning: Coupling capacitor (input21/A input22/A 0) on net in28 is discarded because the value cannot be <= 0 (PARA-040)
Warning: Coupling capacitor (in27:7 in28:7 0) on net in28 is discarded because the value cannot be <= 0 (PARA-040)
Warning: Coupling capacitor (in19:9 in31:9 0) on net in31 is discarded because the value cannot be <= 0 (PARA-040)
Warning: Coupling capacitor (in22:7 in34:5 0) on net in34 is discarded because the value cannot be <= 0 (PARA-040)
Warning: Coupling capacitor (in2:5 in36:7 0) on net in36 is discarded because the value cannot be <= 0 (PARA-040)
Warning: Coupling capacitor (input25/A input34/A 0) on net in39 is discarded because the value cannot be <= 0 (PARA-040)
Warning: Coupling capacitor (input33/A input34/A 0) on net in39 is discarded because the value cannot be <= 0 (PARA-040)
Warning: Coupling capacitor (in30:7 in39:7 0) on net in39 is discarded because the value cannot be <= 0 (PARA-040)
Warning: Coupling capacitor (in38:7 in39:7 0) on net in39 is discarded because the value cannot be <= 0 (PARA-040)
Warning: Coupling capacitor (input22/A input38/A 0) on net in42 is discarded because the value cannot be <= 0 (PARA-040)
Warning: Coupling capacitor (input28/A input38/A 0) on net in42 is discarded because the value cannot be <= 0 (PARA-040)
Warning: Coupling capacitor (in28:7 in42:7 0) on net in42 is discarded because the value cannot be <= 0 (PARA-040)
Warning: Coupling capacitor (in33:7 in42:7 0) on net in42 is discarded because the value cannot be <= 0 (PARA-040)
Warning: Coupling capacitor (input37/A input39/A 0) on net in43 is discarded because the value cannot be <= 0 (PARA-040)
Warning: Coupling capacitor (in41:7 in43:7 0) on net in43 is discarded because the value cannot be <= 0 (PARA-040)
Warning: Coupling capacitor (input21/A input40/A 0) on net in44 is discarded because the value cannot be <= 0 (PARA-040)
Warning: Coupling capacitor (in27:7 in44:7 0) on net in44 is discarded because the value cannot be <= 0 (PARA-040)
Warning: Coupling capacitor (input40/A input41/A 0) on net in45 is discarded because the value cannot be <= 0 (PARA-040)
Warning: Coupling capacitor (in44:7 in45:7 0) on net in45 is discarded because the value cannot be <= 0 (PARA-040)
Warning: Coupling capacitor (input39/A input44/A 0) on net in48 is discarded because the value cannot be <= 0 (PARA-040)
Warning: Coupling capacitor (in43:7 in48:7 0) on net in48 is discarded because the value cannot be <= 0 (PARA-040)
Warning: Coupling capacitor (in12:13 in5:13 0) on net in5 is discarded because the value cannot be <= 0 (PARA-040)
Warning: Coupling capacitor (input25/A input47/A 0) on net in50 is discarded because the value cannot be <= 0 (PARA-040)
Warning: Coupling capacitor (input37/A input47/A 0) on net in50 is discarded because the value cannot be <= 0 (PARA-040)
Warning: Coupling capacitor (in30:7 in50:7 0) on net in50 is discarded because the value cannot be <= 0 (PARA-040)
Warning: Coupling capacitor (in41:7 in50:7 0) on net in50 is discarded because the value cannot be <= 0 (PARA-040)
Warning: Coupling capacitor (in33:7 in53:5 0) on net in53 is discarded because the value cannot be <= 0 (PARA-040)
Warning: Coupling capacitor (in49:7 in53:5 0) on net in53 is discarded because the value cannot be <= 0 (PARA-040)
Warning: Coupling capacitor (in34:5 in54:7 0) on net in54 is discarded because the value cannot be <= 0 (PARA-040)
Warning: Coupling capacitor (input44/A input53/A 0) on net in56 is discarded because the value cannot be <= 0 (PARA-040)
Warning: Coupling capacitor (input51/A input53/A 0) on net in56 is discarded because the value cannot be <= 0 (PARA-040)
Warning: Coupling capacitor (in48:7 in56:7 0) on net in56 is discarded because the value cannot be <= 0 (PARA-040)
Warning: Coupling capacitor (in54:7 in56:7 0) on net in56 is discarded because the value cannot be <= 0 (PARA-040)
Warning: Coupling capacitor (in47:9 in57:9 0) on net in57 is discarded because the value cannot be <= 0 (PARA-040)
Warning: Coupling capacitor (input16/A input55/A 0) on net in58 is discarded because the value cannot be <= 0 (PARA-040)
Warning: Coupling capacitor (input41/A input55/A 0) on net in58 is discarded because the value cannot be <= 0 (PARA-040)
Warning: Coupling capacitor (in22:7 in58:7 0) on net in58 is discarded because the value cannot be <= 0 (PARA-040)
Warning: Coupling capacitor (in45:7 in58:7 0) on net in58 is discarded because the value cannot be <= 0 (PARA-040)
Warning: Coupling capacitor (in32:5 ANTENNA_input57_A/DIODE 0) on net in6 is discarded because the value cannot be <= 0 (PARA-040)
Warning: Coupling capacitor (in32:5 in6:5 0) on net in6 is discarded because the value cannot be <= 0 (PARA-040)
Warning: Coupling capacitor (input31/A input58/A 0) on net in60 is discarded because the value cannot be <= 0 (PARA-040)
Warning: Coupling capacitor (input33/A input58/A 0) on net in60 is discarded because the value cannot be <= 0 (PARA-040)
Warning: Coupling capacitor (in36:7 in60:7 0) on net in60 is discarded because the value cannot be <= 0 (PARA-040)
Warning: Coupling capacitor (in38:7 in60:7 0) on net in60 is discarded because the value cannot be <= 0 (PARA-040)
Warning: Coupling capacitor (in26:5 in7:9 0) on net in7 is discarded because the value cannot be <= 0 (PARA-040)
Warning: Coupling capacitor (in47:9 in9:9 0) on net in9 is discarded because the value cannot be <= 0 (PARA-040)
Warning: Coupling capacitor (in18:7 out16 0) on net out16 is discarded because the value cannot be <= 0 (PARA-040)
Warning: Coupling capacitor (in55:7 out16 0) on net out16 is discarded because the value cannot be <= 0 (PARA-040)
Warning: Coupling capacitor (out1 out17 0) on net out17 is discarded because the value cannot be <= 0 (PARA-040)
Warning: Coupling capacitor (out12 out18 0) on net out18 is discarded because the value cannot be <= 0 (PARA-040)
Warning: Coupling capacitor (in20:7 out19 0) on net out19 is discarded because the value cannot be <= 0 (PARA-040)
Warning: Coupling capacitor (out13 out2 0) on net out2 is discarded because the value cannot be <= 0 (PARA-040)
Warning: Coupling capacitor (out10 out22 0) on net out22 is discarded because the value cannot be <= 0 (PARA-040)
Warning: Coupling capacitor (out15 out23 0) on net out23 is discarded because the value cannot be <= 0 (PARA-040)
Warning: Coupling capacitor (out12 out28 0) on net out28 is discarded because the value cannot be <= 0 (PARA-040)
Warning: Coupling capacitor (out23 out30 0) on net out30 is discarded because the value cannot be <= 0 (PARA-040)
Warning: Coupling capacitor (in59:7 out31 0) on net out31 is discarded because the value cannot be <= 0 (PARA-040)
Warning: Coupling capacitor (in9:9 out31 0) on net out31 is discarded because the value cannot be <= 0 (PARA-040)
Warning: Coupling capacitor (out17 out35 0) on net out35 is discarded because the value cannot be <= 0 (PARA-040)
Warning: Coupling capacitor (in46:9 out36 0) on net out36 is discarded because the value cannot be <= 0 (PARA-040)
Warning: Coupling capacitor (in49:7 out36 0) on net out36 is discarded because the value cannot be <= 0 (PARA-040)
Warning: Coupling capacitor (out30 out37 0) on net out37 is discarded because the value cannot be <= 0 (PARA-040)
Warning: Coupling capacitor (out34 out37 0) on net out37 is discarded because the value cannot be <= 0 (PARA-040)
Warning: Coupling capacitor (out0 out39 0) on net out39 is discarded because the value cannot be <= 0 (PARA-040)
Warning: Coupling capacitor (in57:9 out41 0) on net out41 is discarded because the value cannot be <= 0 (PARA-040)
Warning: Coupling capacitor (in61:5 out41 0) on net out41 is discarded because the value cannot be <= 0 (PARA-040)
Warning: Coupling capacitor (out40 out42 0) on net out42 is discarded because the value cannot be <= 0 (PARA-040)
Warning: Coupling capacitor (out18 out44 0) on net out44 is discarded because the value cannot be <= 0 (PARA-040)
Warning: Coupling capacitor (out44 out47 0) on net out47 is discarded because the value cannot be <= 0 (PARA-040)
Warning: Coupling capacitor (out28 out49 0) on net out49 is discarded because the value cannot be <= 0 (PARA-040)
Warning: Coupling capacitor (in32:5 out5 0) on net out5 is discarded because the value cannot be <= 0 (PARA-040)
Warning: Coupling capacitor (out34 out50 0) on net out50 is discarded because the value cannot be <= 0 (PARA-040)
Warning: Coupling capacitor (in52:5 out50 0) on net out50 is discarded because the value cannot be <= 0 (PARA-040)
Warning: Coupling capacitor (in46:9 out52 0) on net out52 is discarded because the value cannot be <= 0 (PARA-040)
Warning: Coupling capacitor (in59:7 out52 0) on net out52 is discarded because the value cannot be <= 0 (PARA-040)
Warning: Coupling capacitor (out49 out53 0) on net out53 is discarded because the value cannot be <= 0 (PARA-040)
Warning: Coupling capacitor (in52:5 out56 0) on net out56 is discarded because the value cannot be <= 0 (PARA-040)
Warning: Coupling capacitor (in61:5 out56 0) on net out56 is discarded because the value cannot be <= 0 (PARA-040)
Warning: Coupling capacitor (out15 out58 0) on net out58 is discarded because the value cannot be <= 0 (PARA-040)
Warning: Coupling capacitor (out53 out58 0) on net out58 is discarded because the value cannot be <= 0 (PARA-040)
Warning: Coupling capacitor (out39 out59 0) on net out59 is discarded because the value cannot be <= 0 (PARA-040)
Warning: Coupling capacitor (out59 out6 0) on net out6 is discarded because the value cannot be <= 0 (PARA-040)
Warning: Coupling capacitor (in51:9 out6 0) on net out6 is discarded because the value cannot be <= 0 (PARA-040)
Warning: Coupling capacitor (in13:7 out8 0) on net out8 is discarded because the value cannot be <= 0 (PARA-040)
Warning: Coupling capacitor (in6:5 out8 0) on net out8 is discarded because the value cannot be <= 0 (PARA-040)
Warning: Coupling capacitor (out47 out9 0) on net out9 is discarded because the value cannot be <= 0 (PARA-040)
Warning: Coupling capacitor (out57 out9 0) on net out9 is discarded because the value cannot be <= 0 (PARA-040)
Warning: Coupling capacitor (clkbuf_1_0__f_net372/A clkbuf_1_1__f_net435/A 0) on net clknet_0_net435 is discarded because the value cannot be <= 0 (PARA-040)
Warning: Coupling capacitor (clkbuf_1_1__f_net372/A clkbuf_1_1__f_net435/A 0) on net clknet_0_net435 is discarded because the value cannot be <= 0 (PARA-040)
Warning: Coupling capacitor (clkbuf_1_0__f_net408/A clkbuf_1_1__f_net518/A 0) on net clknet_0_net518 is discarded because the value cannot be <= 0 (PARA-040)
Warning: Coupling capacitor (clkbuf_1_1__f_net520/A clkbuf_1_0__f_net528/A 0) on net clknet_0_net528 is discarded because the value cannot be <= 0 (PARA-040)
Warning: Coupling capacitor (clkbuf_1_0__f_net553/A clkbuf_1_0__f_net554/A 0) on net clknet_0_net554 is discarded because the value cannot be <= 0 (PARA-040)
Warning: Coupling capacitor (out6 clknet_0_net898:12 0) on net clknet_0_net898 is discarded because the value cannot be <= 0 (PARA-040)
Warning: Coupling capacitor (clkbuf_1_0__f_net518/A c686/S1 0) on net clknet_1_0__leaf_net408 is discarded because the value cannot be <= 0 (PARA-040)
Note - message 'PARA-040' default limit (100) exceeded.  Remainder will be suppressed.
Warning: Net 'net290' is multi-driven. (DES-023)
Warning: Net 'net352' is multi-driven. (DES-023)
Warning: Net 'net58' is multi-driven. (DES-023)
Warning: Net 'net599' is multi-driven. (DES-023)
Warning: Net 'net630' is multi-driven. (DES-023)
Warning: Net 'net662' is multi-driven. (DES-023)

****************************************
Report : read_parasitics /nas/ei/home/ge78pav/TM_power/TM_openlane/TM_openlane_single_mid/TM_openlane_mid_ato/TM_openlane_mid_ato_max/netlist_0/low/spef/netlist_0_post_par_nom.spef
Design : netlist_0
Version: Q-2019.12-SP1
Date   : Fri Aug  9 22:54:34 2024
****************************************

        0 error(s)
        Format is SPEF
        Annotated nets                   :         1368
        Annotated capacitances           :        10024
        Annotated resistances            :         8656
        Reduced coupling capacitances    :        17293
        Annotated PI models              :            0
        Annotated Elmore delays          :            0

