Information: Derived library resistance unit is 1.000000 Kohm (Time unit is 1 ns, and Capacitance unit is 1.000000 pF). (DES-028)
Warning: Detected semantically incorrect SPEF in coupling section. (PARA-098)
Warning: Coupling capacitor (input2/A input7/A 0) on net in14 is discarded because the value cannot be <= 0 (PARA-040)
Warning: Coupling capacitor (in1:7 in14:7 0) on net in14 is discarded because the value cannot be <= 0 (PARA-040)
Warning: Coupling capacitor (input1/A input11/A 0) on net in18 is discarded because the value cannot be <= 0 (PARA-040)
Warning: Coupling capacitor (in0:7 in18:7 0) on net in18 is discarded because the value cannot be <= 0 (PARA-040)
Warning: Coupling capacitor (input11/A input14/A 0) on net in20 is discarded because the value cannot be <= 0 (PARA-040)
Warning: Coupling capacitor (input2/A input14/A 0) on net in20 is discarded because the value cannot be <= 0 (PARA-040)
Warning: Coupling capacitor (in1:7 in20:7 0) on net in20 is discarded because the value cannot be <= 0 (PARA-040)
Warning: Coupling capacitor (in18:7 in20:7 0) on net in20 is discarded because the value cannot be <= 0 (PARA-040)
Warning: Coupling capacitor (in21:11 in32:13 0) on net in32 is discarded because the value cannot be <= 0 (PARA-040)
Warning: Coupling capacitor (in23:11 in38:7 0) on net in38 is discarded because the value cannot be <= 0 (PARA-040)
Warning: Coupling capacitor (in41:11 in42:11 0) on net in42 is discarded because the value cannot be <= 0 (PARA-040)
Warning: Coupling capacitor (in45:11 in47:9 0) on net in47 is discarded because the value cannot be <= 0 (PARA-040)
Warning: Coupling capacitor (in45:11 in49:11 0) on net in49 is discarded because the value cannot be <= 0 (PARA-040)
Warning: Coupling capacitor (in28:13 in52:9 0) on net in52 is discarded because the value cannot be <= 0 (PARA-040)
Warning: Coupling capacitor (in51:11 in53:11 0) on net in53 is discarded because the value cannot be <= 0 (PARA-040)
Warning: Coupling capacitor (in41:11 in56:11 0) on net in56 is discarded because the value cannot be <= 0 (PARA-040)
Warning: Coupling capacitor (in47:9 in56:11 0) on net in56 is discarded because the value cannot be <= 0 (PARA-040)
Warning: Coupling capacitor (in42:11 in60:11 0) on net in60 is discarded because the value cannot be <= 0 (PARA-040)
Warning: Coupling capacitor (input40/A input62/A 0) on net in64 is discarded because the value cannot be <= 0 (PARA-040)
Warning: Coupling capacitor (in44:7 in64:7 0) on net in64 is discarded because the value cannot be <= 0 (PARA-040)
Warning: Coupling capacitor (input61/A input63/A 0) on net in65 is discarded because the value cannot be <= 0 (PARA-040)
Warning: Coupling capacitor (in63:7 in65:7 0) on net in65 is discarded because the value cannot be <= 0 (PARA-040)
Warning: Coupling capacitor (input61/A input64/A 0) on net in66 is discarded because the value cannot be <= 0 (PARA-040)
Warning: Coupling capacitor (in63:7 in66:7 0) on net in66 is discarded because the value cannot be <= 0 (PARA-040)
Warning: Coupling capacitor (input66/A input71/A 0) on net in72 is discarded because the value cannot be <= 0 (PARA-040)
Warning: Coupling capacitor (in68:7 in72:7 0) on net in72 is discarded because the value cannot be <= 0 (PARA-040)
Warning: Coupling capacitor (in67:13 in77:9 0) on net in77 is discarded because the value cannot be <= 0 (PARA-040)
Warning: Coupling capacitor (in69:5 in78:7 0) on net in78 is discarded because the value cannot be <= 0 (PARA-040)
Warning: Coupling capacitor (in74:11 in78:7 0) on net in78 is discarded because the value cannot be <= 0 (PARA-040)
Warning: Coupling capacitor (input64/A input77/A 0) on net in79 is discarded because the value cannot be <= 0 (PARA-040)
Warning: Coupling capacitor (in66:7 in79:7 0) on net in79 is discarded because the value cannot be <= 0 (PARA-040)
Warning: Coupling capacitor (input71/A input79/A 0) on net in80 is discarded because the value cannot be <= 0 (PARA-040)
Warning: Coupling capacitor (in69:5 in80:7 0) on net in80 is discarded because the value cannot be <= 0 (PARA-040)
Warning: Coupling capacitor (in72:7 in80:7 0) on net in80 is discarded because the value cannot be <= 0 (PARA-040)
Warning: Coupling capacitor (input72/A in82:7 0) on net in82 is discarded because the value cannot be <= 0 (PARA-040)
Warning: Coupling capacitor (in65:7 in82:7 0) on net in82 is discarded because the value cannot be <= 0 (PARA-040)
Warning: Coupling capacitor (in74:11 in82:7 0) on net in82 is discarded because the value cannot be <= 0 (PARA-040)
Warning: Coupling capacitor (input80/A input82/A 0) on net in83 is discarded because the value cannot be <= 0 (PARA-040)
Warning: Coupling capacitor (in81:7 in83:7 0) on net in83 is discarded because the value cannot be <= 0 (PARA-040)
Warning: Coupling capacitor (input74/A input83/A 0) on net in84 is discarded because the value cannot be <= 0 (PARA-040)
Warning: Coupling capacitor (in76:7 in84:7 0) on net in84 is discarded because the value cannot be <= 0 (PARA-040)
Warning: Coupling capacitor (input66/A input84/A 0) on net in85 is discarded because the value cannot be <= 0 (PARA-040)
Warning: Coupling capacitor (in64:7 in85:7 0) on net in85 is discarded because the value cannot be <= 0 (PARA-040)
Warning: Coupling capacitor (in68:7 in85:7 0) on net in85 is discarded because the value cannot be <= 0 (PARA-040)
Warning: Coupling capacitor (input83/A input85/A 0) on net in86 is discarded because the value cannot be <= 0 (PARA-040)
Warning: Coupling capacitor (in84:7 in86:7 0) on net in86 is discarded because the value cannot be <= 0 (PARA-040)
Warning: Coupling capacitor (input77/A input87/A 0) on net in88 is discarded because the value cannot be <= 0 (PARA-040)
Warning: Coupling capacitor (in79:7 in88:7 0) on net in88 is discarded because the value cannot be <= 0 (PARA-040)
Warning: Coupling capacitor (input74/A input88/A 0) on net in89 is discarded because the value cannot be <= 0 (PARA-040)
Warning: Coupling capacitor (in76:7 in89:7 0) on net in89 is discarded because the value cannot be <= 0 (PARA-040)
Warning: Coupling capacitor (input1/A input89/A 0) on net in9 is discarded because the value cannot be <= 0 (PARA-040)
Warning: Coupling capacitor (in0:7 in9:7 0) on net in9 is discarded because the value cannot be <= 0 (PARA-040)
Warning: Coupling capacitor (input86/A input90/A 0) on net in90 is discarded because the value cannot be <= 0 (PARA-040)
Warning: Coupling capacitor (in87:7 in90:7 0) on net in90 is discarded because the value cannot be <= 0 (PARA-040)
Warning: Coupling capacitor (input82/A input91/A 0) on net in91 is discarded because the value cannot be <= 0 (PARA-040)
Warning: Coupling capacitor (input86/A input91/A 0) on net in91 is discarded because the value cannot be <= 0 (PARA-040)
Warning: Coupling capacitor (in83:7 in91:7 0) on net in91 is discarded because the value cannot be <= 0 (PARA-040)
Warning: Coupling capacitor (in87:7 in91:7 0) on net in91 is discarded because the value cannot be <= 0 (PARA-040)
Warning: Coupling capacitor (ANTENNA_input75_A/DIODE in92:7 0) on net in92 is discarded because the value cannot be <= 0 (PARA-040)
Warning: Coupling capacitor (input69/A input92/A 0) on net in92 is discarded because the value cannot be <= 0 (PARA-040)
Warning: Coupling capacitor (in70:7 in92:7 0) on net in92 is discarded because the value cannot be <= 0 (PARA-040)
Warning: Coupling capacitor (input92/A input93/A 0) on net in93 is discarded because the value cannot be <= 0 (PARA-040)
Warning: Coupling capacitor (in92:7 in93:7 0) on net in93 is discarded because the value cannot be <= 0 (PARA-040)
Warning: Coupling capacitor (input87/A input94/A 0) on net in94 is discarded because the value cannot be <= 0 (PARA-040)
Warning: Coupling capacitor (input88/A input94/A 0) on net in94 is discarded because the value cannot be <= 0 (PARA-040)
Warning: Coupling capacitor (in88:7 in94:7 0) on net in94 is discarded because the value cannot be <= 0 (PARA-040)
Warning: Coupling capacitor (in89:7 in94:7 0) on net in94 is discarded because the value cannot be <= 0 (PARA-040)
Warning: Coupling capacitor (input73/A input95/A 0) on net in95 is discarded because the value cannot be <= 0 (PARA-040)
Warning: Coupling capacitor (input80/A input95/A 0) on net in95 is discarded because the value cannot be <= 0 (PARA-040)
Warning: Coupling capacitor (in75:7 in95:7 0) on net in95 is discarded because the value cannot be <= 0 (PARA-040)
Warning: Coupling capacitor (in81:7 in95:7 0) on net in95 is discarded because the value cannot be <= 0 (PARA-040)
Warning: Coupling capacitor (input93/A input96/A 0) on net in96 is discarded because the value cannot be <= 0 (PARA-040)
Warning: Coupling capacitor (in93:7 in96:7 0) on net in96 is discarded because the value cannot be <= 0 (PARA-040)
Warning: Coupling capacitor (in70:7 in97:5 0) on net in97 is discarded because the value cannot be <= 0 (PARA-040)
Warning: Coupling capacitor (input70/A input98/A 0) on net in98 is discarded because the value cannot be <= 0 (PARA-040)
Warning: Coupling capacitor (input96/A input98/A 0) on net in98 is discarded because the value cannot be <= 0 (PARA-040)
Warning: Coupling capacitor (in71:7 in98:7 0) on net in98 is discarded because the value cannot be <= 0 (PARA-040)
Warning: Coupling capacitor (in96:7 in98:7 0) on net in98 is discarded because the value cannot be <= 0 (PARA-040)
Warning: Coupling capacitor (input73/A input99/A 0) on net in99 is discarded because the value cannot be <= 0 (PARA-040)
Warning: Coupling capacitor (input85/A input99/A 0) on net in99 is discarded because the value cannot be <= 0 (PARA-040)
Warning: Coupling capacitor (in75:7 in99:7 0) on net in99 is discarded because the value cannot be <= 0 (PARA-040)
Warning: Coupling capacitor (in86:7 in99:7 0) on net in99 is discarded because the value cannot be <= 0 (PARA-040)
Warning: Coupling capacitor (out21 out36 0) on net out36 is discarded because the value cannot be <= 0 (PARA-040)
Warning: Coupling capacitor (out44 out49 0) on net out49 is discarded because the value cannot be <= 0 (PARA-040)
Warning: Coupling capacitor (input65/A out54 0) on net out54 is discarded because the value cannot be <= 0 (PARA-040)
Warning: Coupling capacitor (in77:9 out65 0) on net out65 is discarded because the value cannot be <= 0 (PARA-040)
Warning: Coupling capacitor (in97:5 out65 0) on net out65 is discarded because the value cannot be <= 0 (PARA-040)
Warning: Coupling capacitor (in71:7 out66 0) on net out66 is discarded because the value cannot be <= 0 (PARA-040)
Warning: Coupling capacitor (in90:7 out66 0) on net out66 is discarded because the value cannot be <= 0 (PARA-040)
Warning: Coupling capacitor (clk:11 out71 0) on net out71 is discarded because the value cannot be <= 0 (PARA-040)
Warning: Coupling capacitor (in54:11 out79 0) on net out79 is discarded because the value cannot be <= 0 (PARA-040)
Warning: Coupling capacitor (out73 out83 0) on net out83 is discarded because the value cannot be <= 0 (PARA-040)
Warning: Coupling capacitor (out84 out93 0) on net out93 is discarded because the value cannot be <= 0 (PARA-040)
Warning: Coupling capacitor (in67:13 clkbuf_1_1__f_net108/A 0) on net clknet_0_net108 is discarded because the value cannot be <= 0 (PARA-040)
Warning: Coupling capacitor (clkbuf_1_1__f_net111/A clkbuf_1_1__f_net113/A 0) on net clknet_0_net113 is discarded because the value cannot be <= 0 (PARA-040)
Warning: Coupling capacitor (clkbuf_1_1__f_net288/A clkbuf_1_0__f_net289/A 0) on net clknet_0_net289 is discarded because the value cannot be <= 0 (PARA-040)
Warning: Coupling capacitor (clkbuf_1_0__f_net105/A clkbuf_1_1__f_net806/A 0) on net clknet_0_net806 is discarded because the value cannot be <= 0 (PARA-040)
Warning: Coupling capacitor (clkbuf_1_1__f_net105/A clkbuf_1_1__f_net806/A 0) on net clknet_0_net806 is discarded because the value cannot be <= 0 (PARA-040)
Warning: Coupling capacitor (c214/B clknet_1_0__leaf_net106:12 0) on net clknet_1_0__leaf_net106 is discarded because the value cannot be <= 0 (PARA-040)
Warning: Coupling capacitor (ANTENNA_input97_A/DIODE c220/B1_N 0) on net clknet_1_0__leaf_net111 is discarded because the value cannot be <= 0 (PARA-040)
Note - message 'PARA-040' default limit (100) exceeded.  Remainder will be suppressed.
Warning: Net 'net122' is multi-driven. (DES-023)
Warning: Net 'net148' is multi-driven. (DES-023)
Warning: Net 'net240' is multi-driven. (DES-023)
Warning: Net 'net264' is multi-driven. (DES-023)
Warning: Net 'net289' is multi-driven. (DES-023)
Warning: Net 'net484' is multi-driven. (DES-023)
Warning: Net 'net590' is multi-driven. (DES-023)
Warning: Net 'net594' is multi-driven. (DES-023)
Warning: Net 'net613' is multi-driven. (DES-023)
Warning: Net 'net800' is multi-driven. (DES-023)
Warning: Net 'net818' is multi-driven. (DES-023)

****************************************
Report : read_parasitics /nas/ei/home/ge78pav/TM_power/TM_openlane/TM_openlane_single_min/TM_openlane_min_ios/TM_openlane_min_ios_max/netlist_0/high/spef/netlist_0.nom.spef
Design : netlist_0
Version: Q-2019.12-SP1
Date   : Wed Aug 21 14:28:05 2024
****************************************

        0 error(s)
        Format is SPEF
        Annotated nets                   :         1205
        Annotated capacitances           :         5354
        Annotated resistances            :         4149
        Reduced coupling capacitances    :         6053
        Annotated PI models              :            0
        Annotated Elmore delays          :            0

