Information: Derived library resistance unit is 1.000000 Kohm (Time unit is 1 ns, and Capacitance unit is 1.000000 pF). (DES-028)
Warning: Coupling capacitor (in1:7 in17:7 0) on net in17 is discarded because the value cannot be <= 0 (PARA-040)
Warning: Detected semantically incorrect SPEF in coupling section. (PARA-098)
Warning: Coupling capacitor (ANTENNA_input11_A/DIODE ANTENNA_input12_A/DIODE 0) on net in19 is discarded because the value cannot be <= 0 (PARA-040)
Warning: Coupling capacitor (in17:7 ANTENNA_input12_A/DIODE 0) on net in19 is discarded because the value cannot be <= 0 (PARA-040)
Warning: Coupling capacitor (in17:7 in19:5 0) on net in19 is discarded because the value cannot be <= 0 (PARA-040)
Warning: Coupling capacitor (in18:5 in19:5 0) on net in19 is discarded because the value cannot be <= 0 (PARA-040)
Warning: Coupling capacitor (in11:9 in6:9 0) on net in6 is discarded because the value cannot be <= 0 (PARA-040)
Warning: Coupling capacitor (input16/A in7:9 0) on net in7 is discarded because the value cannot be <= 0 (PARA-040)
Warning: Coupling capacitor (in22:5 in7:9 0) on net in7 is discarded because the value cannot be <= 0 (PARA-040)
Warning: Coupling capacitor (ANTENNA_input11_A/DIODE ANTENNA_input24_A/DIODE 0) on net in8 is discarded because the value cannot be <= 0 (PARA-040)
Warning: Coupling capacitor (ANTENNA_input16_A/DIODE ANTENNA_input24_A/DIODE 0) on net in8 is discarded because the value cannot be <= 0 (PARA-040)
Warning: Coupling capacitor (in18:5 in8:5 0) on net in8 is discarded because the value cannot be <= 0 (PARA-040)
Warning: Coupling capacitor (in22:5 in8:5 0) on net in8 is discarded because the value cannot be <= 0 (PARA-040)
Warning: Coupling capacitor (ANTENNA_input21_A/DIODE in9:7 0) on net in9 is discarded because the value cannot be <= 0 (PARA-040)
Warning: Coupling capacitor (in16:7 in9:7 0) on net in9 is discarded because the value cannot be <= 0 (PARA-040)
Warning: Coupling capacitor (in5:9 in9:7 0) on net in9 is discarded because the value cannot be <= 0 (PARA-040)
Warning: Coupling capacitor (in2:9 out13 0) on net out13 is discarded because the value cannot be <= 0 (PARA-040)
Warning: Coupling capacitor (ANTENNA_input17_A/DIODE out15 0) on net out15 is discarded because the value cannot be <= 0 (PARA-040)
Warning: Coupling capacitor (input7/A out15 0) on net out15 is discarded because the value cannot be <= 0 (PARA-040)
Warning: Coupling capacitor (in14:5 out15 0) on net out15 is discarded because the value cannot be <= 0 (PARA-040)
Warning: Coupling capacitor (in23:5 out15 0) on net out15 is discarded because the value cannot be <= 0 (PARA-040)
Warning: Coupling capacitor (in10:5 out16 0) on net out16 is discarded because the value cannot be <= 0 (PARA-040)
Warning: Coupling capacitor (out12 out17 0) on net out17 is discarded because the value cannot be <= 0 (PARA-040)
Warning: Coupling capacitor (in16:7 out18 0) on net out18 is discarded because the value cannot be <= 0 (PARA-040)
Warning: Coupling capacitor (out17 out19 0) on net out19 is discarded because the value cannot be <= 0 (PARA-040)
Warning: Coupling capacitor (in2:9 out19 0) on net out19 is discarded because the value cannot be <= 0 (PARA-040)
Warning: Coupling capacitor (in0:7 out2 0) on net out2 is discarded because the value cannot be <= 0 (PARA-040)
Warning: Coupling capacitor (in24:5 out22 0) on net out22 is discarded because the value cannot be <= 0 (PARA-040)
Warning: Coupling capacitor (out20 out23 0) on net out23 is discarded because the value cannot be <= 0 (PARA-040)
Warning: Coupling capacitor (out12 out3 0) on net out3 is discarded because the value cannot be <= 0 (PARA-040)
Warning: Coupling capacitor (in0:7 out3 0) on net out3 is discarded because the value cannot be <= 0 (PARA-040)
Warning: Coupling capacitor (in14:5 out4 0) on net out4 is discarded because the value cannot be <= 0 (PARA-040)
Warning: Coupling capacitor (in5:9 out5 0) on net out5 is discarded because the value cannot be <= 0 (PARA-040)
Warning: Coupling capacitor (in6:9 out5 0) on net out5 is discarded because the value cannot be <= 0 (PARA-040)
Warning: Coupling capacitor (out2 out6 0) on net out6 is discarded because the value cannot be <= 0 (PARA-040)
Warning: Coupling capacitor (out4 out6 0) on net out6 is discarded because the value cannot be <= 0 (PARA-040)
Warning: Coupling capacitor (out14 out7 0) on net out7 is discarded because the value cannot be <= 0 (PARA-040)
Warning: Coupling capacitor (out16 out8 0) on net out8 is discarded because the value cannot be <= 0 (PARA-040)
Warning: Coupling capacitor (ANTENNA_input17_A/DIODE out9 0) on net out9 is discarded because the value cannot be <= 0 (PARA-040)
Warning: Coupling capacitor (ANTENNA_input18_A/DIODE out9 0) on net out9 is discarded because the value cannot be <= 0 (PARA-040)
Warning: Coupling capacitor (in23:5 out9 0) on net out9 is discarded because the value cannot be <= 0 (PARA-040)
Warning: Coupling capacitor (in24:5 out9 0) on net out9 is discarded because the value cannot be <= 0 (PARA-040)
Warning: Coupling capacitor (clknet_0_net129:65 clkbuf_1_0__f_net156/A 0) on net clknet_0_net156 is discarded because the value cannot be <= 0 (PARA-040)
Warning: Coupling capacitor (ANTENNA_input21_A/DIODE clkbuf_1_0__f_net523/A 0) on net clknet_0_net523 is discarded because the value cannot be <= 0 (PARA-040)
Warning: Coupling capacitor (ANTENNA_input17_A/DIODE clkbuf_1_1__f_net797/A 0) on net clknet_0_net797 is discarded because the value cannot be <= 0 (PARA-040)
Warning: Coupling capacitor (clkbuf_1_0__f_net405/A c414/RESET_B 0) on net clknet_1_0__leaf_net387 is discarded because the value cannot be <= 0 (PARA-040)
Warning: Coupling capacitor (clk:13 clknet_1_0__leaf_net518:8 0) on net clknet_1_0__leaf_net518 is discarded because the value cannot be <= 0 (PARA-040)
Warning: Coupling capacitor (c515/A clknet_1_0__leaf_net519:20 0) on net clknet_1_0__leaf_net519 is discarded because the value cannot be <= 0 (PARA-040)
Warning: Coupling capacitor (clkbuf_1_0__f_net523/A c521/A 0) on net clknet_1_0__leaf_net523 is discarded because the value cannot be <= 0 (PARA-040)
Warning: Coupling capacitor (in9:7 c521/A 0) on net clknet_1_0__leaf_net523 is discarded because the value cannot be <= 0 (PARA-040)
Warning: Coupling capacitor (c659/SCD c660/B 0) on net clknet_1_0__leaf_net620 is discarded because the value cannot be <= 0 (PARA-040)
Warning: Coupling capacitor (clknet_1_0__leaf_net398:14 clknet_1_0__leaf_net652:20 0) on net clknet_1_0__leaf_net652 is discarded because the value cannot be <= 0 (PARA-040)
Warning: Coupling capacitor (clknet_1_0__leaf_net130:18 clknet_1_1__leaf_net308:16 0) on net clknet_1_1__leaf_net308 is discarded because the value cannot be <= 0 (PARA-040)
Warning: Coupling capacitor (clkbuf_1_0__f_net789/A c491/A2 0) on net clknet_1_1__leaf_net337 is discarded because the value cannot be <= 0 (PARA-040)
Warning: Coupling capacitor (clkbuf_1_1__f_net789/A c491/A2 0) on net clknet_1_1__leaf_net337 is discarded because the value cannot be <= 0 (PARA-040)
Warning: Coupling capacitor (clknet_1_1__leaf_net387:29 c414/D 0) on net clknet_1_1__leaf_net405 is discarded because the value cannot be <= 0 (PARA-040)
Warning: Coupling capacitor (clkbuf_1_1__f_net449/A c730/A3 0) on net clknet_1_1__leaf_net449 is discarded because the value cannot be <= 0 (PARA-040)
Warning: Coupling capacitor (clknet_1_0__leaf_net333:10 c443/SCD 0) on net clknet_1_1__leaf_net452 is discarded because the value cannot be <= 0 (PARA-040)
Warning: Coupling capacitor (clknet_1_0__leaf_net333:10 c446/SET_B 0) on net clknet_1_1__leaf_net452 is discarded because the value cannot be <= 0 (PARA-040)
Warning: Coupling capacitor (clkbuf_1_1__f_net398/A clknet_1_1__leaf_net518:14 0) on net clknet_1_1__leaf_net518 is discarded because the value cannot be <= 0 (PARA-040)
Warning: Coupling capacitor (clknet_1_0__leaf_net518:8 clknet_1_1__leaf_net518:14 0) on net clknet_1_1__leaf_net518 is discarded because the value cannot be <= 0 (PARA-040)
Warning: Coupling capacitor (ANTENNA_clkbuf_1_0__f_net129_A/DIODE clknet_1_1__leaf_net519:14 0) on net clknet_1_1__leaf_net519 is discarded because the value cannot be <= 0 (PARA-040)
Warning: Coupling capacitor (clknet_1_0__leaf_net300:27 clknet_1_1__leaf_net519:14 0) on net clknet_1_1__leaf_net519 is discarded because the value cannot be <= 0 (PARA-040)
Warning: Coupling capacitor (input7/A output44/A 0) on net clknet_1_1__leaf_net797 is discarded because the value cannot be <= 0 (PARA-040)
Warning: Coupling capacitor (in14:5 output44/A 0) on net clknet_1_1__leaf_net797 is discarded because the value cannot be <= 0 (PARA-040)
Warning: Coupling capacitor (c414/D clknet_2_1__leaf_clk:10 0) on net clknet_2_1__leaf_clk is discarded because the value cannot be <= 0 (PARA-040)
Warning: Coupling capacitor (c414/D clknet_2_1__leaf_clk:12 0) on net clknet_2_1__leaf_clk is discarded because the value cannot be <= 0 (PARA-040)
Warning: Coupling capacitor (clknet_1_0__leaf_net387:12 clknet_2_1__leaf_clk:16 0) on net clknet_2_1__leaf_clk is discarded because the value cannot be <= 0 (PARA-040)
Warning: Coupling capacitor (clknet_2_2__leaf_clk:25 clknet_leaf_10_clk:55 0) on net clknet_leaf_10_clk is discarded because the value cannot be <= 0 (PARA-040)
Warning: Coupling capacitor (clknet_1_0__leaf_net277:12 s740/SLEEP_B 0) on net clknet_leaf_17_clk is discarded because the value cannot be <= 0 (PARA-040)
Warning: Coupling capacitor (clknet_1_0__leaf_net387:12 c549/CLK 0) on net clknet_leaf_24_clk is discarded because the value cannot be <= 0 (PARA-040)
Warning: Coupling capacitor (clknet_1_0__leaf_net387:12 clknet_leaf_24_clk:87 0) on net clknet_leaf_24_clk is discarded because the value cannot be <= 0 (PARA-040)
Warning: Coupling capacitor (clkbuf_1_1__f_net519/A clknet_leaf_26_clk:14 0) on net clknet_leaf_26_clk is discarded because the value cannot be <= 0 (PARA-040)
Warning: Coupling capacitor (clkbuf_1_0__f_net142/A s744/CLK 0) on net clknet_leaf_28_clk is discarded because the value cannot be <= 0 (PARA-040)
Warning: Coupling capacitor (c631/B clknet_leaf_29_clk:10 0) on net clknet_leaf_29_clk is discarded because the value cannot be <= 0 (PARA-040)
Warning: Coupling capacitor (clkbuf_1_0__f_net527/A clknet_leaf_29_clk:10 0) on net clknet_leaf_29_clk is discarded because the value cannot be <= 0 (PARA-040)
Warning: Coupling capacitor (clkbuf_1_0__f_net629/A c646/CLK 0) on net clknet_leaf_29_clk is discarded because the value cannot be <= 0 (PARA-040)
Warning: Coupling capacitor (clknet_2_2__leaf_clk:85 c66/CLK 0) on net clknet_leaf_4_clk is discarded because the value cannot be <= 0 (PARA-040)
Warning: Coupling capacitor (clknet_2_2__leaf_clk:85 clknet_leaf_4_clk:79 0) on net clknet_leaf_4_clk is discarded because the value cannot be <= 0 (PARA-040)
Warning: Coupling capacitor (clkbuf_1_1__f_net221/A clknet_leaf_7_clk:16 0) on net clknet_leaf_7_clk is discarded because the value cannot be <= 0 (PARA-040)
Warning: Coupling capacitor (c307/D net0:66 0) on net net0 is discarded because the value cannot be <= 0 (PARA-040)
Warning: Coupling capacitor (c164/D net1:32 0) on net net1 is discarded because the value cannot be <= 0 (PARA-040)
Warning: Coupling capacitor (clkbuf_leaf_5_clk/A c61/RESET_B 0) on net net10 is discarded because the value cannot be <= 0 (PARA-040)
Warning: Coupling capacitor (clknet_leaf_5_clk:10 c61/RESET_B 0) on net net10 is discarded because the value cannot be <= 0 (PARA-040)
Warning: Coupling capacitor (clknet_leaf_5_clk:14 c61/RESET_B 0) on net net10 is discarded because the value cannot be <= 0 (PARA-040)
Warning: Coupling capacitor (clknet_leaf_5_clk:14 net10:8 0) on net net10 is discarded because the value cannot be <= 0 (PARA-040)
Warning: Coupling capacitor (clknet_leaf_5_clk:84 c61/RESET_B 0) on net net10 is discarded because the value cannot be <= 0 (PARA-040)
Warning: Coupling capacitor (c124/CLK c121/D 0) on net net102 is discarded because the value cannot be <= 0 (PARA-040)
Warning: Coupling capacitor (clknet_leaf_6_clk:50 c121/D 0) on net net102 is discarded because the value cannot be <= 0 (PARA-040)
Warning: Coupling capacitor (clknet_leaf_6_clk:61 c121/D 0) on net net102 is discarded because the value cannot be <= 0 (PARA-040)
Warning: Coupling capacitor (clknet_leaf_6_clk:99 c121/D 0) on net net102 is discarded because the value cannot be <= 0 (PARA-040)
Warning: Coupling capacitor (clknet_leaf_6_clk:50 c119/D 0) on net net105 is discarded because the value cannot be <= 0 (PARA-040)
Warning: Coupling capacitor (c121/D c121/SET_B 0) on net net106 is discarded because the value cannot be <= 0 (PARA-040)
Warning: Coupling capacitor (c124/CLK net108:14 0) on net net108 is discarded because the value cannot be <= 0 (PARA-040)
Warning: Coupling capacitor (c112/CLK c123/B 0) on net net109 is discarded because the value cannot be <= 0 (PARA-040)
Warning: Coupling capacitor (hold92/A c125/A 0) on net net111 is discarded because the value cannot be <= 0 (PARA-040)
Warning: Coupling capacitor (clknet_leaf_6_clk:75 c125/A 0) on net net111 is discarded because the value cannot be <= 0 (PARA-040)
Warning: Coupling capacitor (c720/A0 net114:37 0) on net net114 is discarded because the value cannot be <= 0 (PARA-040)
Warning: Coupling capacitor (clknet_leaf_27_clk:71 net114:18 0) on net net114 is discarded because the value cannot be <= 0 (PARA-040)
Warning: Coupling capacitor (clkbuf_1_1__f_net142/A net116:25 0) on net net116 is discarded because the value cannot be <= 0 (PARA-040)
Warning: Coupling capacitor (clknet_1_0__leaf_net135:12 net119:40 0) on net net119 is discarded because the value cannot be <= 0 (PARA-040)
Note - message 'PARA-040' default limit (100) exceeded.  Remainder will be suppressed.

****************************************
Report : read_parasitics /nas/ei/home/ge78pav/TM_power/TM_openlane/TM_openlane_single_min/TM_openlane_min_anb/TM_openlane_min_anb_max/netlist_1/high/spef/netlist_1.nom.spef
Design : netlist_1
Version: Q-2019.12-SP1
Date   : Wed Aug 21 02:50:29 2024
****************************************

        0 error(s)
        Format is SPEF
        Annotated nets                   :         1177
        Annotated capacitances           :         7716
        Annotated resistances            :         6539
        Reduced coupling capacitances    :        13110
        Annotated PI models              :            0
        Annotated Elmore delays          :            0

