Information: Derived library resistance unit is 1.000000 Kohm (Time unit is 1 ns, and Capacitance unit is 1.000000 pF). (DES-028)
Warning: Detected semantically incorrect SPEF in coupling section. (PARA-098)
Warning: Coupling capacitor (in13:13 in20:11 0) on net in20 is discarded because the value cannot be <= 0 (PARA-040)
Warning: Coupling capacitor (input13/A input26/A 0) on net in31 is discarded because the value cannot be <= 0 (PARA-040)
Warning: Coupling capacitor (in17:5 in31:7 0) on net in31 is discarded because the value cannot be <= 0 (PARA-040)
Warning: Coupling capacitor (in2:7 in31:7 0) on net in31 is discarded because the value cannot be <= 0 (PARA-040)
Warning: Coupling capacitor (input25/A input29/A 0) on net in34 is discarded because the value cannot be <= 0 (PARA-040)
Warning: Coupling capacitor (in2:7 in34:7 0) on net in34 is discarded because the value cannot be <= 0 (PARA-040)
Warning: Coupling capacitor (in30:7 in34:7 0) on net in34 is discarded because the value cannot be <= 0 (PARA-040)
Warning: Coupling capacitor (in22:7 in38:7 0) on net in38 is discarded because the value cannot be <= 0 (PARA-040)
Warning: Coupling capacitor (in38:7 in41:5 0) on net in41 is discarded because the value cannot be <= 0 (PARA-040)
Warning: Coupling capacitor (in36:7 in42:7 0) on net in42 is discarded because the value cannot be <= 0 (PARA-040)
Warning: Coupling capacitor (in41:5 in42:7 0) on net in42 is discarded because the value cannot be <= 0 (PARA-040)
Warning: Coupling capacitor (in3:5 in43:7 0) on net in43 is discarded because the value cannot be <= 0 (PARA-040)
Warning: Coupling capacitor (in39:7 in43:7 0) on net in43 is discarded because the value cannot be <= 0 (PARA-040)
Warning: Coupling capacitor (in29:7 in44:5 0) on net in44 is discarded because the value cannot be <= 0 (PARA-040)
Warning: Coupling capacitor (in33:7 in45:7 0) on net in45 is discarded because the value cannot be <= 0 (PARA-040)
Warning: Coupling capacitor (in17:5 in46:7 0) on net in46 is discarded because the value cannot be <= 0 (PARA-040)
Warning: Coupling capacitor (in3:5 in46:7 0) on net in46 is discarded because the value cannot be <= 0 (PARA-040)
Warning: Coupling capacitor (input23/A input44/A 0) on net in48 is discarded because the value cannot be <= 0 (PARA-040)
Warning: Coupling capacitor (in29:7 in48:7 0) on net in48 is discarded because the value cannot be <= 0 (PARA-040)
Warning: Coupling capacitor (input17/A input47/A 0) on net in50 is discarded because the value cannot be <= 0 (PARA-040)
Warning: Coupling capacitor (in23:7 in50:7 0) on net in50 is discarded because the value cannot be <= 0 (PARA-040)
Warning: Coupling capacitor (in48:7 in51:7 0) on net in51 is discarded because the value cannot be <= 0 (PARA-040)
Warning: Coupling capacitor (input41/A input50/A 0) on net in53 is discarded because the value cannot be <= 0 (PARA-040)
Warning: Coupling capacitor (in45:7 in53:7 0) on net in53 is discarded because the value cannot be <= 0 (PARA-040)
Warning: Coupling capacitor (input5/A input51/A 0) on net in54 is discarded because the value cannot be <= 0 (PARA-040)
Warning: Coupling capacitor (in12:7 in54:7 0) on net in54 is discarded because the value cannot be <= 0 (PARA-040)
Warning: Coupling capacitor (in55:9 in57:9 0) on net in57 is discarded because the value cannot be <= 0 (PARA-040)
Warning: Coupling capacitor (ANTENNA_input40_A/DIODE in58:7 0) on net in58 is discarded because the value cannot be <= 0 (PARA-040)
Warning: Coupling capacitor (in44:5 in58:7 0) on net in58 is discarded because the value cannot be <= 0 (PARA-040)
Warning: Coupling capacitor (in54:7 in59:7 0) on net in59 is discarded because the value cannot be <= 0 (PARA-040)
Warning: Coupling capacitor (in25:11 in6:7 0) on net in6 is discarded because the value cannot be <= 0 (PARA-040)
Warning: Coupling capacitor (in39:7 in60:9 0) on net in60 is discarded because the value cannot be <= 0 (PARA-040)
Warning: Coupling capacitor (in58:7 in60:9 0) on net in60 is discarded because the value cannot be <= 0 (PARA-040)
Warning: Coupling capacitor (input17/A input59/A 0) on net in61 is discarded because the value cannot be <= 0 (PARA-040)
Warning: Coupling capacitor (input48/A input59/A 0) on net in61 is discarded because the value cannot be <= 0 (PARA-040)
Warning: Coupling capacitor (in23:7 in61:7 0) on net in61 is discarded because the value cannot be <= 0 (PARA-040)
Warning: Coupling capacitor (in51:7 in61:7 0) on net in61 is discarded because the value cannot be <= 0 (PARA-040)
Warning: Coupling capacitor (in16:9 in8:11 0) on net in8 is discarded because the value cannot be <= 0 (PARA-040)
Warning: Coupling capacitor (in7:11 in8:11 0) on net in8 is discarded because the value cannot be <= 0 (PARA-040)
Warning: Coupling capacitor (in52:9 in9:7 0) on net in9 is discarded because the value cannot be <= 0 (PARA-040)
Warning: Coupling capacitor (in56:9 out13 0) on net out13 is discarded because the value cannot be <= 0 (PARA-040)
Warning: Coupling capacitor (in24:7 out17 0) on net out17 is discarded because the value cannot be <= 0 (PARA-040)
Warning: Coupling capacitor (in33:7 out34 0) on net out34 is discarded because the value cannot be <= 0 (PARA-040)
Warning: Coupling capacitor (in59:7 out34 0) on net out34 is discarded because the value cannot be <= 0 (PARA-040)
Warning: Coupling capacitor (out12 out38 0) on net out38 is discarded because the value cannot be <= 0 (PARA-040)
Warning: Coupling capacitor (in50:7 out38 0) on net out38 is discarded because the value cannot be <= 0 (PARA-040)
Warning: Coupling capacitor (out36 out41 0) on net out41 is discarded because the value cannot be <= 0 (PARA-040)
Warning: Coupling capacitor (in9:7 out41 0) on net out41 is discarded because the value cannot be <= 0 (PARA-040)
Warning: Coupling capacitor (out24 out42 0) on net out42 is discarded because the value cannot be <= 0 (PARA-040)
Warning: Coupling capacitor (in30:7 out44 0) on net out44 is discarded because the value cannot be <= 0 (PARA-040)
Warning: Coupling capacitor (in36:7 out44 0) on net out44 is discarded because the value cannot be <= 0 (PARA-040)
Warning: Coupling capacitor (out42 out47 0) on net out47 is discarded because the value cannot be <= 0 (PARA-040)
Warning: Coupling capacitor (in12:7 out48 0) on net out48 is discarded because the value cannot be <= 0 (PARA-040)
Warning: Coupling capacitor (out12 out49 0) on net out49 is discarded because the value cannot be <= 0 (PARA-040)
Warning: Coupling capacitor (in53:7 out49 0) on net out49 is discarded because the value cannot be <= 0 (PARA-040)
Warning: Coupling capacitor (out24 out51 0) on net out51 is discarded because the value cannot be <= 0 (PARA-040)
Warning: Coupling capacitor (out14 out55 0) on net out55 is discarded because the value cannot be <= 0 (PARA-040)
Warning: Coupling capacitor (in55:9 out55 0) on net out55 is discarded because the value cannot be <= 0 (PARA-040)
Warning: Coupling capacitor (out36 out56 0) on net out56 is discarded because the value cannot be <= 0 (PARA-040)
Warning: Coupling capacitor (out47 out56 0) on net out56 is discarded because the value cannot be <= 0 (PARA-040)
Warning: Coupling capacitor (out48 out59 0) on net out59 is discarded because the value cannot be <= 0 (PARA-040)
Warning: Coupling capacitor (in35:7 out59 0) on net out59 is discarded because the value cannot be <= 0 (PARA-040)
Warning: Coupling capacitor (out14 out61 0) on net out61 is discarded because the value cannot be <= 0 (PARA-040)
Warning: Coupling capacitor (out51 out61 0) on net out61 is discarded because the value cannot be <= 0 (PARA-040)
Warning: Coupling capacitor (in35:7 out8 0) on net out8 is discarded because the value cannot be <= 0 (PARA-040)
Warning: Coupling capacitor (in57:9 out8 0) on net out8 is discarded because the value cannot be <= 0 (PARA-040)
Warning: Coupling capacitor (out45 out9 0) on net out9 is discarded because the value cannot be <= 0 (PARA-040)
Warning: Coupling capacitor (clkbuf_1_1__f_net664/A c756/A3 0) on net clknet_1_1__leaf_net664 is discarded because the value cannot be <= 0 (PARA-040)
Warning: Coupling capacitor (clkbuf_1_1__f_net764/A c395/S0 0) on net clknet_1_1__leaf_net750 is discarded because the value cannot be <= 0 (PARA-040)
Warning: Coupling capacitor (clkbuf_1_1__f_net764/A output78/A 0) on net clknet_1_1__leaf_net750 is discarded because the value cannot be <= 0 (PARA-040)
Warning: Coupling capacitor (c756/A3 s802/CLK 0) on net clknet_4_15_0_clk is discarded because the value cannot be <= 0 (PARA-040)
Warning: Coupling capacitor (clkbuf_1_1__f_net664/A s802/CLK 0) on net clknet_4_15_0_clk is discarded because the value cannot be <= 0 (PARA-040)
Warning: Coupling capacitor (clknet_0_clk:64 clknet_4_2_0_clk:12 0) on net clknet_4_2_0_clk is discarded because the value cannot be <= 0 (PARA-040)
Warning: Coupling capacitor (clknet_0_clk:187 clknet_4_9_0_clk:14 0) on net clknet_4_9_0_clk is discarded because the value cannot be <= 0 (PARA-040)
Warning: Coupling capacitor (clknet_4_2_0_clk:37 c308/A 0) on net net102 is discarded because the value cannot be <= 0 (PARA-040)
Warning: Coupling capacitor (clknet_4_2_0_clk:45 c308/A 0) on net net102 is discarded because the value cannot be <= 0 (PARA-040)
Warning: Coupling capacitor (clknet_4_2_0_clk:45 net102:40 0) on net net102 is discarded because the value cannot be <= 0 (PARA-040)
Warning: Coupling capacitor (clknet_4_6_0_clk:18 net112:45 0) on net net112 is discarded because the value cannot be <= 0 (PARA-040)
Warning: Coupling capacitor (c197/B1 net114:10 0) on net net114 is discarded because the value cannot be <= 0 (PARA-040)
Warning: Coupling capacitor (net109:81 net114:10 0) on net net114 is discarded because the value cannot be <= 0 (PARA-040)
Warning: Coupling capacitor (c194/A c197/A1 0) on net net117 is discarded because the value cannot be <= 0 (PARA-040)
Warning: Coupling capacitor (net114:10 c197/A1 0) on net net117 is discarded because the value cannot be <= 0 (PARA-040)
Warning: Coupling capacitor (net110:34 c192/A 0) on net net118 is discarded because the value cannot be <= 0 (PARA-040)
Warning: Coupling capacitor (c199/B c204/A 0) on net net119 is discarded because the value cannot be <= 0 (PARA-040)
Warning: Coupling capacitor (net106:32 c204/A 0) on net net119 is discarded because the value cannot be <= 0 (PARA-040)
Warning: Coupling capacitor (net106:40 c204/A 0) on net net119 is discarded because the value cannot be <= 0 (PARA-040)
Warning: Coupling capacitor (net106:64 c204/A 0) on net net119 is discarded because the value cannot be <= 0 (PARA-040)
Warning: Coupling capacitor (clknet_0_clk:14 net121:12 0) on net net121 is discarded because the value cannot be <= 0 (PARA-040)
Warning: Coupling capacitor (clknet_0_clk:94 net121:12 0) on net net121 is discarded because the value cannot be <= 0 (PARA-040)
Warning: Coupling capacitor (c196/A1 net123:20 0) on net net123 is discarded because the value cannot be <= 0 (PARA-040)
Warning: Coupling capacitor (c204/A net127:37 0) on net net127 is discarded because the value cannot be <= 0 (PARA-040)
Warning: Coupling capacitor (net115:10 c203/A 0) on net net129 is discarded because the value cannot be <= 0 (PARA-040)
Warning: Coupling capacitor (net115:10 net129:8 0) on net net129 is discarded because the value cannot be <= 0 (PARA-040)
Warning: Coupling capacitor (c218/A3 net133:44 0) on net net133 is discarded because the value cannot be <= 0 (PARA-040)
Warning: Coupling capacitor (c210/B net137:10 0) on net net137 is discarded because the value cannot be <= 0 (PARA-040)
Warning: Coupling capacitor (c213/RESET_B net137:10 0) on net net137 is discarded because the value cannot be <= 0 (PARA-040)
Warning: Coupling capacitor (clknet_4_13_0_clk:42 net141:113 0) on net net141 is discarded because the value cannot be <= 0 (PARA-040)
Warning: Coupling capacitor (net123:117 hold87/A 0) on net net148 is discarded because the value cannot be <= 0 (PARA-040)
Warning: Coupling capacitor (c218/A1 net15:39 0) on net net15 is discarded because the value cannot be <= 0 (PARA-040)
Warning: Coupling capacitor (net133:67 net15:54 0) on net net15 is discarded because the value cannot be <= 0 (PARA-040)
Note - message 'PARA-040' default limit (100) exceeded.  Remainder will be suppressed.
Warning: Net 'net466' is multi-driven. (DES-023)

****************************************
Report : read_parasitics /nas/ei/home/ge78pav/TM_power/TM_openlane/TM_openlane_single_mid/TM_openlane_mid_ad/TM_openlane_mid_ad_min/netlist_1/high/spef/netlist_1_post_par_nom.spef
Design : netlist_1
Version: Q-2019.12-SP1
Date   : Fri Aug  9 16:22:18 2024
****************************************

        0 error(s)
        Format is SPEF
        Annotated nets                   :         1062
        Annotated capacitances           :         6720
        Annotated resistances            :         5658
        Reduced coupling capacitances    :         9085
        Annotated PI models              :            0
        Annotated Elmore delays          :            0

