Information: Derived library resistance unit is 1.000000 Kohm (Time unit is 1 ns, and Capacitance unit is 1.000000 pF). (DES-028)
Warning: Coupling capacitor (in0:9 in12:11 0) on net in12 is discarded because the value cannot be <= 0 (PARA-040)
Warning: Detected semantically incorrect SPEF in coupling section. (PARA-098)
Warning: Coupling capacitor (in1:13 in17:9 0) on net in17 is discarded because the value cannot be <= 0 (PARA-040)
Warning: Coupling capacitor (in19:7 in22:9 0) on net in22 is discarded because the value cannot be <= 0 (PARA-040)
Warning: Coupling capacitor (in13:9 in9:9 0) on net in9 is discarded because the value cannot be <= 0 (PARA-040)
Warning: Coupling capacitor (in14:9 out20 0) on net out20 is discarded because the value cannot be <= 0 (PARA-040)
Warning: Coupling capacitor (out18 out23 0) on net out23 is discarded because the value cannot be <= 0 (PARA-040)
Warning: Coupling capacitor (out10 out6 0) on net out6 is discarded because the value cannot be <= 0 (PARA-040)
Warning: Coupling capacitor (in14:9 out6 0) on net out6 is discarded because the value cannot be <= 0 (PARA-040)
Warning: Coupling capacitor (out20 out8 0) on net out8 is discarded because the value cannot be <= 0 (PARA-040)
Warning: Coupling capacitor (out15 out9 0) on net out9 is discarded because the value cannot be <= 0 (PARA-040)
Warning: Coupling capacitor (clkbuf_1_0__f_net273/A clkbuf_1_1__f_net279/A 0) on net clknet_0_net279 is discarded because the value cannot be <= 0 (PARA-040)
Warning: Coupling capacitor (clknet_0_clk:261 clkbuf_1_1__f_net408/A 0) on net clknet_0_net408 is discarded because the value cannot be <= 0 (PARA-040)
Warning: Coupling capacitor (clkbuf_1_0__f_net314/A clkbuf_1_0__f_net464/A 0) on net clknet_0_net464 is discarded because the value cannot be <= 0 (PARA-040)
Warning: Coupling capacitor (clkbuf_1_0__f_net314/A clkbuf_1_1__f_net464/A 0) on net clknet_0_net464 is discarded because the value cannot be <= 0 (PARA-040)
Warning: Coupling capacitor (clknet_0_clk:330 clkbuf_1_0__f_net869/A 0) on net clknet_0_net869 is discarded because the value cannot be <= 0 (PARA-040)
Warning: Coupling capacitor (clkbuf_1_0__f_net869/A c526/A1 0) on net clknet_1_0__leaf_net502 is discarded because the value cannot be <= 0 (PARA-040)
Warning: Coupling capacitor (clkbuf_1_0__f_net680/A c718/A0 0) on net clknet_1_0__leaf_net680 is discarded because the value cannot be <= 0 (PARA-040)
Warning: Coupling capacitor (clkbuf_1_0__f_net582/A c732/S0 0) on net clknet_1_0__leaf_net695 is discarded because the value cannot be <= 0 (PARA-040)
Warning: Coupling capacitor (clkbuf_1_0__f_net582/A clknet_1_0__leaf_net695:8 0) on net clknet_1_0__leaf_net695 is discarded because the value cannot be <= 0 (PARA-040)
Warning: Coupling capacitor (clkbuf_1_1__f_net738/A c301/A 0) on net clknet_1_0__leaf_net738 is discarded because the value cannot be <= 0 (PARA-040)
Warning: Coupling capacitor (clknet_0_clk:288 c525/S1 0) on net clknet_1_0__leaf_net869 is discarded because the value cannot be <= 0 (PARA-040)
Warning: Coupling capacitor (clknet_0_clk:294 c525/S1 0) on net clknet_1_0__leaf_net869 is discarded because the value cannot be <= 0 (PARA-040)
Warning: Coupling capacitor (clknet_0_clk:304 c525/S1 0) on net clknet_1_0__leaf_net869 is discarded because the value cannot be <= 0 (PARA-040)
Warning: Coupling capacitor (clknet_0_clk:304 clknet_1_0__leaf_net869:10 0) on net clknet_1_0__leaf_net869 is discarded because the value cannot be <= 0 (PARA-040)
Warning: Coupling capacitor (clkbuf_1_0__f_net695/A c744/S1 0) on net clknet_1_0__leaf_net885 is discarded because the value cannot be <= 0 (PARA-040)
Warning: Coupling capacitor (clknet_1_0__leaf_net695:8 c744/S1 0) on net clknet_1_0__leaf_net885 is discarded because the value cannot be <= 0 (PARA-040)
Warning: Coupling capacitor (c520/A3 clknet_1_0__leaf_net963:16 0) on net clknet_1_0__leaf_net963 is discarded because the value cannot be <= 0 (PARA-040)
Warning: Coupling capacitor (clk:5 c395/A3 0) on net clknet_1_1__leaf_net218 is discarded because the value cannot be <= 0 (PARA-040)
Warning: Coupling capacitor (clknet_1_0__leaf_net230:33 c259/A3 0) on net clknet_1_1__leaf_net220 is discarded because the value cannot be <= 0 (PARA-040)
Warning: Coupling capacitor (clknet_1_0__leaf_net333:10 c365/D 0) on net clknet_1_1__leaf_net313 is discarded because the value cannot be <= 0 (PARA-040)
Warning: Coupling capacitor (clkbuf_1_0__f_net456/A clknet_1_1__leaf_net314:12 0) on net clknet_1_1__leaf_net314 is discarded because the value cannot be <= 0 (PARA-040)
Warning: Coupling capacitor (clknet_1_0__leaf_net290:157 clknet_1_1__leaf_net314:12 0) on net clknet_1_1__leaf_net314 is discarded because the value cannot be <= 0 (PARA-040)
Warning: Coupling capacitor (clknet_1_1__leaf_net315:79 c514/A0 0) on net clknet_1_1__leaf_net368 is discarded because the value cannot be <= 0 (PARA-040)
Warning: Coupling capacitor (clknet_0_clk:46 c438/D 0) on net clknet_1_1__leaf_net412 is discarded because the value cannot be <= 0 (PARA-040)
Warning: Coupling capacitor (clknet_1_1__leaf_net314:12 c480/A0 0) on net clknet_1_1__leaf_net464 is discarded because the value cannot be <= 0 (PARA-040)
Warning: Coupling capacitor (clknet_1_1__leaf_net315:79 c514/A1 0) on net clknet_1_1__leaf_net491 is discarded because the value cannot be <= 0 (PARA-040)
Warning: Coupling capacitor (clkbuf_1_0__f_net368/A c521/A3 0) on net clknet_1_1__leaf_net499 is discarded because the value cannot be <= 0 (PARA-040)
Warning: Coupling capacitor (clkbuf_1_0__f_net730/A c312/A 0) on net clknet_1_1__leaf_net730 is discarded because the value cannot be <= 0 (PARA-040)
Warning: Coupling capacitor (clkbuf_1_0__f_net287/A c321/A 0) on net clknet_1_1__leaf_net814 is discarded because the value cannot be <= 0 (PARA-040)
Warning: Coupling capacitor (clkbuf_4_7_0_clk/A c321/A 0) on net clknet_1_1__leaf_net814 is discarded because the value cannot be <= 0 (PARA-040)
Warning: Coupling capacitor (clknet_0_clk:134 c321/A 0) on net clknet_1_1__leaf_net814 is discarded because the value cannot be <= 0 (PARA-040)
Warning: Coupling capacitor (clkbuf_1_0__f_net216/A c244/B1 0) on net clknet_1_1__leaf_net830 is discarded because the value cannot be <= 0 (PARA-040)
Warning: Coupling capacitor (c478/A1 clknet_1_1__leaf_net964:75 0) on net clknet_1_1__leaf_net964 is discarded because the value cannot be <= 0 (PARA-040)
Warning: Coupling capacitor (c478/A1 clknet_1_1__leaf_net964:79 0) on net clknet_1_1__leaf_net964 is discarded because the value cannot be <= 0 (PARA-040)
Warning: Coupling capacitor (c480/A3 c480/S0 0) on net clknet_1_1__leaf_net964 is discarded because the value cannot be <= 0 (PARA-040)
Warning: Coupling capacitor (clkbuf_1_1__f_net473/A c631/B1 0) on net clknet_1_1__leaf_net964 is discarded because the value cannot be <= 0 (PARA-040)
Warning: Coupling capacitor (clkbuf_1_1__f_net473/A clknet_1_1__leaf_net964:29 0) on net clknet_1_1__leaf_net964 is discarded because the value cannot be <= 0 (PARA-040)
Warning: Coupling capacitor (clknet_1_0__leaf_net290:24 c468/A2 0) on net clknet_1_1__leaf_net964 is discarded because the value cannot be <= 0 (PARA-040)
Warning: Coupling capacitor (clknet_1_0__leaf_net462:14 clknet_1_1__leaf_net964:79 0) on net clknet_1_1__leaf_net964 is discarded because the value cannot be <= 0 (PARA-040)
Warning: Coupling capacitor (clkbuf_1_0__f_net489/A clknet_4_10_0_clk:18 0) on net clknet_4_10_0_clk is discarded because the value cannot be <= 0 (PARA-040)
Warning: Coupling capacitor (clkbuf_1_0__f_net489/A clknet_4_10_0_clk:51 0) on net clknet_4_10_0_clk is discarded because the value cannot be <= 0 (PARA-040)
Warning: Coupling capacitor (c523/A3 clknet_4_11_0_clk:12 0) on net clknet_4_11_0_clk is discarded because the value cannot be <= 0 (PARA-040)
Warning: Coupling capacitor (clknet_0_clk:288 clknet_4_11_0_clk:72 0) on net clknet_4_11_0_clk is discarded because the value cannot be <= 0 (PARA-040)
Warning: Coupling capacitor (clknet_0_clk:304 ANTENNA_s882_GATE_N/DIODE 0) on net clknet_4_11_0_clk is discarded because the value cannot be <= 0 (PARA-040)
Warning: Coupling capacitor (clknet_0_clk:304 clknet_4_11_0_clk:12 0) on net clknet_4_11_0_clk is discarded because the value cannot be <= 0 (PARA-040)
Warning: Coupling capacitor (clknet_1_1__leaf_net408:65 clknet_4_11_0_clk:89 0) on net clknet_4_11_0_clk is discarded because the value cannot be <= 0 (PARA-040)
Warning: Coupling capacitor (clknet_0_clk:403 clknet_4_12_0_clk:142 0) on net clknet_4_12_0_clk is discarded because the value cannot be <= 0 (PARA-040)
Warning: Coupling capacitor (clk:5 clknet_4_14_0_clk:282 0) on net clknet_4_14_0_clk is discarded because the value cannot be <= 0 (PARA-040)
Warning: Coupling capacitor (clk:5 clknet_4_14_0_clk:288 0) on net clknet_4_14_0_clk is discarded because the value cannot be <= 0 (PARA-040)
Warning: Coupling capacitor (clk:5 clknet_4_14_0_clk:349 0) on net clknet_4_14_0_clk is discarded because the value cannot be <= 0 (PARA-040)
Warning: Coupling capacitor (clkbuf_1_1__f_net828/A clknet_4_15_0_clk:122 0) on net clknet_4_15_0_clk is discarded because the value cannot be <= 0 (PARA-040)
Warning: Coupling capacitor (clkbuf_1_1__f_net828/A clknet_4_15_0_clk:132 0) on net clknet_4_15_0_clk is discarded because the value cannot be <= 0 (PARA-040)
Warning: Coupling capacitor (c478/A1 clknet_4_3_0_clk:12 0) on net clknet_4_3_0_clk is discarded because the value cannot be <= 0 (PARA-040)
Warning: Coupling capacitor (clknet_1_0__leaf_net314:14 clknet_4_3_0_clk:278 0) on net clknet_4_3_0_clk is discarded because the value cannot be <= 0 (PARA-040)
Warning: Coupling capacitor (clknet_0_clk:46 clknet_4_4_0_clk:36 0) on net clknet_4_4_0_clk is discarded because the value cannot be <= 0 (PARA-040)
Warning: Coupling capacitor (clknet_0_clk:46 clknet_4_4_0_clk:46 0) on net clknet_4_4_0_clk is discarded because the value cannot be <= 0 (PARA-040)
Warning: Coupling capacitor (c760/A1 clknet_4_8_0_clk:10 0) on net clknet_4_8_0_clk is discarded because the value cannot be <= 0 (PARA-040)
Warning: Coupling capacitor (c760/A1 clknet_4_8_0_clk:16 0) on net clknet_4_8_0_clk is discarded because the value cannot be <= 0 (PARA-040)
Warning: Coupling capacitor (c760/A1 clknet_4_8_0_clk:42 0) on net clknet_4_8_0_clk is discarded because the value cannot be <= 0 (PARA-040)
Warning: Coupling capacitor (c760/A1 clknet_4_8_0_clk:94 0) on net clknet_4_8_0_clk is discarded because the value cannot be <= 0 (PARA-040)
Warning: Coupling capacitor (clknet_1_1__leaf_net964:207 c466/CLK 0) on net clknet_4_9_0_clk is discarded because the value cannot be <= 0 (PARA-040)
Warning: Coupling capacitor (clknet_1_0__leaf_net964:41 net10:30 0) on net net10 is discarded because the value cannot be <= 0 (PARA-040)
Warning: Coupling capacitor (clknet_1_0__leaf_net964:45 net10:30 0) on net net10 is discarded because the value cannot be <= 0 (PARA-040)
Warning: Coupling capacitor (clknet_4_1_0_clk:160 net10:30 0) on net net10 is discarded because the value cannot be <= 0 (PARA-040)
Warning: Coupling capacitor (clkbuf_1_1__f_net333/A net1004:34 0) on net net1004 is discarded because the value cannot be <= 0 (PARA-040)
Warning: Coupling capacitor (clkbuf_1_1__f_net473/A net1004:46 0) on net net1004 is discarded because the value cannot be <= 0 (PARA-040)
Warning: Coupling capacitor (clknet_1_1__leaf_net473:12 net1004:34 0) on net net1004 is discarded because the value cannot be <= 0 (PARA-040)
Warning: Coupling capacitor (clknet_4_3_0_clk:278 net1004:181 0) on net net1004 is discarded because the value cannot be <= 0 (PARA-040)
Warning: Coupling capacitor (clknet_4_3_0_clk:278 net1004:198 0) on net net1004 is discarded because the value cannot be <= 0 (PARA-040)
Warning: Coupling capacitor (clknet_4_8_0_clk:48 c757/A3 0) on net net1004 is discarded because the value cannot be <= 0 (PARA-040)
Warning: Coupling capacitor (clknet_4_8_0_clk:143 net1004:38 0) on net net1004 is discarded because the value cannot be <= 0 (PARA-040)
Warning: Coupling capacitor (clkbuf_1_0__f_net869/A net1005:110 0) on net net1005 is discarded because the value cannot be <= 0 (PARA-040)
Warning: Coupling capacitor (clknet_1_1__leaf_net290:10 net1005:67 0) on net net1005 is discarded because the value cannot be <= 0 (PARA-040)
Warning: Coupling capacitor (clknet_1_1__leaf_net408:65 net1005:67 0) on net net1005 is discarded because the value cannot be <= 0 (PARA-040)
Warning: Coupling capacitor (clknet_4_11_0_clk:89 c522/A3 0) on net net1005 is discarded because the value cannot be <= 0 (PARA-040)
Warning: Coupling capacitor (clknet_4_11_0_clk:89 net1005:67 0) on net net1005 is discarded because the value cannot be <= 0 (PARA-040)
Warning: Coupling capacitor (clknet_4_12_0_clk:198 net1006:120 0) on net net1006 is discarded because the value cannot be <= 0 (PARA-040)
Warning: Coupling capacitor (ANTENNA_c138_B/DIODE net1011:27 0) on net net1011 is discarded because the value cannot be <= 0 (PARA-040)
Warning: Coupling capacitor (clkbuf_1_0__f_net464/A net1012:41 0) on net net1012 is discarded because the value cannot be <= 0 (PARA-040)
Warning: Coupling capacitor (clkbuf_1_1__f_net314/A net1012:41 0) on net net1012 is discarded because the value cannot be <= 0 (PARA-040)
Warning: Coupling capacitor (clkbuf_1_1__f_net464/A net1012:41 0) on net net1012 is discarded because the value cannot be <= 0 (PARA-040)
Warning: Coupling capacitor (clkbuf_1_1__f_net473/A net1012:56 0) on net net1012 is discarded because the value cannot be <= 0 (PARA-040)
Warning: Coupling capacitor (clknet_4_9_0_clk:35 net1012:41 0) on net net1012 is discarded because the value cannot be <= 0 (PARA-040)
Warning: Coupling capacitor (clknet_4_9_0_clk:46 net1012:41 0) on net net1012 is discarded because the value cannot be <= 0 (PARA-040)
Warning: Coupling capacitor (net1004:48 c756/A1 0) on net net1013 is discarded because the value cannot be <= 0 (PARA-040)
Warning: Coupling capacitor (net1004:62 c756/A1 0) on net net1013 is discarded because the value cannot be <= 0 (PARA-040)
Warning: Coupling capacitor (c150/A c146/B 0) on net net1014 is discarded because the value cannot be <= 0 (PARA-040)
Warning: Coupling capacitor (clknet_4_15_0_clk:308 c131/A2 0) on net net103 is discarded because the value cannot be <= 0 (PARA-040)
Warning: Coupling capacitor (clknet_4_15_0_clk:308 net103:44 0) on net net103 is discarded because the value cannot be <= 0 (PARA-040)
Warning: Coupling capacitor (c244/B1 net1030:10 0) on net net1030 is discarded because the value cannot be <= 0 (PARA-040)
Note - message 'PARA-040' default limit (100) exceeded.  Remainder will be suppressed.
Warning: Net 'net281' is multi-driven. (DES-023)
Warning: Net 'net809' is multi-driven. (DES-023)

****************************************
Report : read_parasitics /nas/ei/home/ge78pav/TM_power/TM_openlane/TM_openlane_single_mid/TM_openlane_mid_ios/TM_openlane_mid_ios_min/netlist_0/high/spef/netlist_0_post_par_nom.spef
Design : netlist_0
Version: Q-2019.12-SP1
Date   : Tue Jul 30 20:33:25 2024
****************************************

        0 error(s)
        Format is SPEF
        Annotated nets                   :         1347
        Annotated capacitances           :        10232
        Annotated resistances            :         8885
        Reduced coupling capacitances    :        17450
        Annotated PI models              :            0
        Annotated Elmore delays          :            0

