Information: Derived library resistance unit is 1.000000 Kohm (Time unit is 1 ns, and Capacitance unit is 1.000000 pF). (DES-028)
Warning: Coupling capacitor (in10:11 ANTENNA_input9_A/DIODE 0) on net in16 is discarded because the value cannot be <= 0 (PARA-040)
Warning: Coupling capacitor (in10:11 in16:5 0) on net in16 is discarded because the value cannot be <= 0 (PARA-040)
Warning: Detected semantically incorrect SPEF in coupling section. (PARA-098)
Warning: Coupling capacitor (in18:13 in2:13 0) on net in2 is discarded because the value cannot be <= 0 (PARA-040)
Warning: Coupling capacitor (in11:7 in23:5 0) on net in23 is discarded because the value cannot be <= 0 (PARA-040)
Warning: Coupling capacitor (in25:7 in28:5 0) on net in28 is discarded because the value cannot be <= 0 (PARA-040)
Warning: Coupling capacitor (in13:9 in30:9 0) on net in30 is discarded because the value cannot be <= 0 (PARA-040)
Warning: Coupling capacitor (ANTENNA_input22_A/DIODE ANTENNA_input31_A/DIODE 0) on net in36 is discarded because the value cannot be <= 0 (PARA-040)
Warning: Coupling capacitor (in28:5 in36:5 0) on net in36 is discarded because the value cannot be <= 0 (PARA-040)
Warning: Coupling capacitor (in37:9 in40:9 0) on net in40 is discarded because the value cannot be <= 0 (PARA-040)
Warning: Coupling capacitor (in32:7 in41:13 0) on net in41 is discarded because the value cannot be <= 0 (PARA-040)
Warning: Coupling capacitor (in23:5 in43:5 0) on net in43 is discarded because the value cannot be <= 0 (PARA-040)
Warning: Coupling capacitor (in1:5 in44:7 0) on net in44 is discarded because the value cannot be <= 0 (PARA-040)
Warning: Coupling capacitor (in36:5 in44:7 0) on net in44 is discarded because the value cannot be <= 0 (PARA-040)
Warning: Coupling capacitor (in11:7 in45:7 0) on net in45 is discarded because the value cannot be <= 0 (PARA-040)
Warning: Coupling capacitor (in24:7 in46:5 0) on net in46 is discarded because the value cannot be <= 0 (PARA-040)
Warning: Coupling capacitor (in13:9 in48:5 0) on net in48 is discarded because the value cannot be <= 0 (PARA-040)
Warning: Coupling capacitor (in22:5 in5:9 0) on net in5 is discarded because the value cannot be <= 0 (PARA-040)
Warning: Coupling capacitor (in17:5 in50:7 0) on net in50 is discarded because the value cannot be <= 0 (PARA-040)
Warning: Coupling capacitor (in43:5 in50:7 0) on net in50 is discarded because the value cannot be <= 0 (PARA-040)
Warning: Coupling capacitor (in5:9 in53:9 0) on net in53 is discarded because the value cannot be <= 0 (PARA-040)
Warning: Coupling capacitor (in25:7 in54:5 0) on net in54 is discarded because the value cannot be <= 0 (PARA-040)
Warning: Coupling capacitor (in33:13 in56:11 0) on net in56 is discarded because the value cannot be <= 0 (PARA-040)
Warning: Coupling capacitor (ANTENNA_input9_A/DIODE ANTENNA_input56_A/DIODE 0) on net in59 is discarded because the value cannot be <= 0 (PARA-040)
Warning: Coupling capacitor (in10:11 in59:11 0) on net in59 is discarded because the value cannot be <= 0 (PARA-040)
Warning: Coupling capacitor (in26:9 in59:11 0) on net in59 is discarded because the value cannot be <= 0 (PARA-040)
Warning: Coupling capacitor (in14:9 in6:9 0) on net in6 is discarded because the value cannot be <= 0 (PARA-040)
Warning: Coupling capacitor (in20:13 in8:5 0) on net in8 is discarded because the value cannot be <= 0 (PARA-040)
Warning: Coupling capacitor (in24:7 in9:5 0) on net in9 is discarded because the value cannot be <= 0 (PARA-040)
Warning: Coupling capacitor (in49:9 in9:5 0) on net in9 is discarded because the value cannot be <= 0 (PARA-040)
Warning: Coupling capacitor (in60:5 out10 0) on net out10 is discarded because the value cannot be <= 0 (PARA-040)
Warning: Coupling capacitor (in4:9 out13 0) on net out13 is discarded because the value cannot be <= 0 (PARA-040)
Warning: Coupling capacitor (in55:7 out14 0) on net out14 is discarded because the value cannot be <= 0 (PARA-040)
Warning: Coupling capacitor (in31:5 out15 0) on net out15 is discarded because the value cannot be <= 0 (PARA-040)
Warning: Coupling capacitor (in48:5 out15 0) on net out15 is discarded because the value cannot be <= 0 (PARA-040)
Warning: Coupling capacitor (out1 out16 0) on net out16 is discarded because the value cannot be <= 0 (PARA-040)
Warning: Coupling capacitor (in17:5 out18 0) on net out18 is discarded because the value cannot be <= 0 (PARA-040)
Warning: Coupling capacitor (in54:5 out18 0) on net out18 is discarded because the value cannot be <= 0 (PARA-040)
Warning: Coupling capacitor (out14 out20 0) on net out20 is discarded because the value cannot be <= 0 (PARA-040)
Warning: Coupling capacitor (in12:7 out20 0) on net out20 is discarded because the value cannot be <= 0 (PARA-040)
Warning: Coupling capacitor (in26:9 out23 0) on net out23 is discarded because the value cannot be <= 0 (PARA-040)
Warning: Coupling capacitor (in29:13 out25 0) on net out25 is discarded because the value cannot be <= 0 (PARA-040)
Warning: Coupling capacitor (in37:9 out26 0) on net out26 is discarded because the value cannot be <= 0 (PARA-040)
Warning: Coupling capacitor (in46:5 out28 0) on net out28 is discarded because the value cannot be <= 0 (PARA-040)
Warning: Coupling capacitor (in61:7 out28 0) on net out28 is discarded because the value cannot be <= 0 (PARA-040)
Warning: Coupling capacitor (in51:9 out29 0) on net out29 is discarded because the value cannot be <= 0 (PARA-040)
Warning: Coupling capacitor (out10 out3 0) on net out3 is discarded because the value cannot be <= 0 (PARA-040)
Warning: Coupling capacitor (in12:7 out3 0) on net out3 is discarded because the value cannot be <= 0 (PARA-040)
Warning: Coupling capacitor (out21 out30 0) on net out30 is discarded because the value cannot be <= 0 (PARA-040)
Warning: Coupling capacitor (in61:7 out32 0) on net out32 is discarded because the value cannot be <= 0 (PARA-040)
Warning: Coupling capacitor (in6:9 out38 0) on net out38 is discarded because the value cannot be <= 0 (PARA-040)
Warning: Coupling capacitor (out17 out4 0) on net out4 is discarded because the value cannot be <= 0 (PARA-040)
Warning: Coupling capacitor (out23 out40 0) on net out40 is discarded because the value cannot be <= 0 (PARA-040)
Warning: Coupling capacitor (in4:9 out40 0) on net out40 is discarded because the value cannot be <= 0 (PARA-040)
Warning: Coupling capacitor (out36 out41 0) on net out41 is discarded because the value cannot be <= 0 (PARA-040)
Warning: Coupling capacitor (out37 out44 0) on net out44 is discarded because the value cannot be <= 0 (PARA-040)
Warning: Coupling capacitor (out29 out45 0) on net out45 is discarded because the value cannot be <= 0 (PARA-040)
Warning: Coupling capacitor (in45:7 out46 0) on net out46 is discarded because the value cannot be <= 0 (PARA-040)
Warning: Coupling capacitor (in49:9 out46 0) on net out46 is discarded because the value cannot be <= 0 (PARA-040)
Warning: Coupling capacitor (out43 out48 0) on net out48 is discarded because the value cannot be <= 0 (PARA-040)
Warning: Coupling capacitor (out45 out48 0) on net out48 is discarded because the value cannot be <= 0 (PARA-040)
Warning: Coupling capacitor (in1:5 out49 0) on net out49 is discarded because the value cannot be <= 0 (PARA-040)
Warning: Coupling capacitor (in60:5 out49 0) on net out49 is discarded because the value cannot be <= 0 (PARA-040)
Warning: Coupling capacitor (in31:5 out5 0) on net out5 is discarded because the value cannot be <= 0 (PARA-040)
Warning: Coupling capacitor (out38 out50 0) on net out50 is discarded because the value cannot be <= 0 (PARA-040)
Warning: Coupling capacitor (ANTENNA_input57_A/DIODE out50 0) on net out50 is discarded because the value cannot be <= 0 (PARA-040)
Warning: Coupling capacitor (in40:9 out50 0) on net out50 is discarded because the value cannot be <= 0 (PARA-040)
Warning: Coupling capacitor (out34 out51 0) on net out51 is discarded because the value cannot be <= 0 (PARA-040)
Warning: Coupling capacitor (out43 out51 0) on net out51 is discarded because the value cannot be <= 0 (PARA-040)
Warning: Coupling capacitor (out31 out52 0) on net out52 is discarded because the value cannot be <= 0 (PARA-040)
Warning: Coupling capacitor (out34 out54 0) on net out54 is discarded because the value cannot be <= 0 (PARA-040)
Warning: Coupling capacitor (in8:5 out54 0) on net out54 is discarded because the value cannot be <= 0 (PARA-040)
Warning: Coupling capacitor (out32 out55 0) on net out55 is discarded because the value cannot be <= 0 (PARA-040)
Warning: Coupling capacitor (out42 out55 0) on net out55 is discarded because the value cannot be <= 0 (PARA-040)
Warning: Coupling capacitor (out31 out57 0) on net out57 is discarded because the value cannot be <= 0 (PARA-040)
Warning: Coupling capacitor (in20:13 out57 0) on net out57 is discarded because the value cannot be <= 0 (PARA-040)
Warning: Coupling capacitor (out52 out59 0) on net out59 is discarded because the value cannot be <= 0 (PARA-040)
Warning: Coupling capacitor (in14:9 out59 0) on net out59 is discarded because the value cannot be <= 0 (PARA-040)
Warning: Coupling capacitor (out35 out61 0) on net out61 is discarded because the value cannot be <= 0 (PARA-040)
Warning: Coupling capacitor (in55:7 out61 0) on net out61 is discarded because the value cannot be <= 0 (PARA-040)
Warning: Coupling capacitor (in22:5 out8 0) on net out8 is discarded because the value cannot be <= 0 (PARA-040)
Warning: Coupling capacitor (in30:9 out8 0) on net out8 is discarded because the value cannot be <= 0 (PARA-040)
Warning: Coupling capacitor (c633/A0 c633/A3 0) on net clknet_1_0__leaf_net537 is discarded because the value cannot be <= 0 (PARA-040)
Warning: Coupling capacitor (clkbuf_1_1__f_net821/A clknet_1_0__leaf_net542:10 0) on net clknet_1_0__leaf_net542 is discarded because the value cannot be <= 0 (PARA-040)
Warning: Coupling capacitor (clkbuf_1_0__f_net567/A c697/A2 0) on net clknet_1_0__leaf_net575 is discarded because the value cannot be <= 0 (PARA-040)
Warning: Coupling capacitor (clkbuf_1_1__f_net567/A c697/A2 0) on net clknet_1_0__leaf_net575 is discarded because the value cannot be <= 0 (PARA-040)
Warning: Coupling capacitor (clkbuf_1_0__f_net604/A c759/A2 0) on net clknet_1_0__leaf_net618 is discarded because the value cannot be <= 0 (PARA-040)
Warning: Coupling capacitor (clkbuf_1_0__f_net188/A c247/S1 0) on net clknet_1_0__leaf_net925 is discarded because the value cannot be <= 0 (PARA-040)
Warning: Coupling capacitor (output82/A c253/A2 0) on net clknet_1_0__leaf_net930 is discarded because the value cannot be <= 0 (PARA-040)
Warning: Coupling capacitor (output82/A output87/A 0) on net clknet_1_0__leaf_net930 is discarded because the value cannot be <= 0 (PARA-040)
Warning: Coupling capacitor (clkbuf_1_1__f_net604/A c590/A2 0) on net clknet_1_1__leaf_net380 is discarded because the value cannot be <= 0 (PARA-040)
Warning: Coupling capacitor (clkbuf_1_1__f_net604/A clknet_1_1__leaf_net380:65 0) on net clknet_1_1__leaf_net380 is discarded because the value cannot be <= 0 (PARA-040)
Warning: Coupling capacitor (clkbuf_1_1__f_net575/A clknet_1_1__leaf_net498:12 0) on net clknet_1_1__leaf_net498 is discarded because the value cannot be <= 0 (PARA-040)
Warning: Coupling capacitor (clknet_1_0__leaf_net568:30 c713/A1 0) on net clknet_1_1__leaf_net581 is discarded because the value cannot be <= 0 (PARA-040)
Warning: Coupling capacitor (clknet_1_1__leaf_net498:12 c725/A2 0) on net clknet_1_1__leaf_net604 is discarded because the value cannot be <= 0 (PARA-040)
Warning: Coupling capacitor (clkbuf_1_1__f_net264/A c342/S1 0) on net clknet_1_1__leaf_net768 is discarded because the value cannot be <= 0 (PARA-040)
Warning: Coupling capacitor (clkbuf_1_1__f_net534/A clknet_1_1__leaf_net823:14 0) on net clknet_1_1__leaf_net823 is discarded because the value cannot be <= 0 (PARA-040)
Warning: Coupling capacitor (clknet_1_1__leaf_net269:108 clknet_1_1__leaf_net843:14 0) on net clknet_1_1__leaf_net843 is discarded because the value cannot be <= 0 (PARA-040)
Warning: Coupling capacitor (ANTENNA_input62_A/DIODE s893/CLK 0) on net clknet_4_0_0_clk is discarded because the value cannot be <= 0 (PARA-040)
Warning: Coupling capacitor (c693/A0 clknet_4_11_0_clk:50 0) on net clknet_4_11_0_clk is discarded because the value cannot be <= 0 (PARA-040)
Warning: Coupling capacitor (c693/A0 clknet_4_11_0_clk:78 0) on net clknet_4_11_0_clk is discarded because the value cannot be <= 0 (PARA-040)
Note - message 'PARA-040' default limit (100) exceeded.  Remainder will be suppressed.
Warning: Net 'net183' is multi-driven. (DES-023)
Warning: Net 'net429' is multi-driven. (DES-023)
Warning: Net 'net490' is multi-driven. (DES-023)
Warning: Net 'net707' is multi-driven. (DES-023)
Warning: Net 'net742' is multi-driven. (DES-023)

****************************************
Report : read_parasitics /nas/ei/home/ge78pav/TM_power/TM_openlane/TM_openlane_single_max/TM_openlane_max_ios/TM_openlane_max_ios_mid/netlist_0/low/spef/netlist_0.nom.spef
Design : netlist_0
Version: Q-2019.12-SP1
Date   : Mon Aug 19 20:17:04 2024
****************************************

        0 error(s)
        Format is SPEF
        Annotated nets                   :         1481
        Annotated capacitances           :        15557
        Annotated resistances            :        14076
        Reduced coupling capacitances    :        33889
        Annotated PI models              :            0
        Annotated Elmore delays          :            0

