Information: Derived library resistance unit is 1.000000 Kohm (Time unit is 1 ns, and Capacitance unit is 1.000000 pF). (DES-028)
Warning: Detected semantically incorrect SPEF in coupling section. (PARA-098)
Warning: Coupling capacitor (in12:13 in15:13 0) on net in15 is discarded because the value cannot be <= 0 (PARA-040)
Warning: Coupling capacitor (in27:11 in28:13 0) on net in28 is discarded because the value cannot be <= 0 (PARA-040)
Warning: Coupling capacitor (in31:9 in34:13 0) on net in34 is discarded because the value cannot be <= 0 (PARA-040)
Warning: Coupling capacitor (in18:7 in39:13 0) on net in39 is discarded because the value cannot be <= 0 (PARA-040)
Warning: Coupling capacitor (in37:9 in40:7 0) on net in40 is discarded because the value cannot be <= 0 (PARA-040)
Warning: Coupling capacitor (in29:9 in48:13 0) on net in48 is discarded because the value cannot be <= 0 (PARA-040)
Warning: Coupling capacitor (in53:13 in58:13 0) on net in58 is discarded because the value cannot be <= 0 (PARA-040)
Warning: Coupling capacitor (in50:9 in60:11 0) on net in60 is discarded because the value cannot be <= 0 (PARA-040)
Warning: Coupling capacitor (in52:13 in60:11 0) on net in60 is discarded because the value cannot be <= 0 (PARA-040)
Warning: Coupling capacitor (in49:11 in61:9 0) on net in61 is discarded because the value cannot be <= 0 (PARA-040)
Warning: Coupling capacitor (in47:13 in63:13 0) on net in63 is discarded because the value cannot be <= 0 (PARA-040)
Warning: Coupling capacitor (in66:11 in67:11 0) on net in67 is discarded because the value cannot be <= 0 (PARA-040)
Warning: Coupling capacitor (in5:9 in7:13 0) on net in7 is discarded because the value cannot be <= 0 (PARA-040)
Warning: Coupling capacitor (in26:11 in79:7 0) on net in79 is discarded because the value cannot be <= 0 (PARA-040)
Warning: Coupling capacitor (in0:9 in8:13 0) on net in8 is discarded because the value cannot be <= 0 (PARA-040)
Warning: Coupling capacitor (in54:9 in85:11 0) on net in85 is discarded because the value cannot be <= 0 (PARA-040)
Warning: Coupling capacitor (in67:11 in85:11 0) on net in85 is discarded because the value cannot be <= 0 (PARA-040)
Warning: Coupling capacitor (in74:7 in87:5 0) on net in87 is discarded because the value cannot be <= 0 (PARA-040)
Warning: Coupling capacitor (in79:7 in89:11 0) on net in89 is discarded because the value cannot be <= 0 (PARA-040)
Warning: Coupling capacitor (in13:7 in9:9 0) on net in9 is discarded because the value cannot be <= 0 (PARA-040)
Warning: Coupling capacitor (in80:13 in91:7 0) on net in91 is discarded because the value cannot be <= 0 (PARA-040)
Warning: Coupling capacitor (in80:13 in92:9 0) on net in92 is discarded because the value cannot be <= 0 (PARA-040)
Warning: Coupling capacitor (in37:9 out10 0) on net out10 is discarded because the value cannot be <= 0 (PARA-040)
Warning: Coupling capacitor (in82:7 out10 0) on net out10 is discarded because the value cannot be <= 0 (PARA-040)
Warning: Coupling capacitor (in62:7 out11 0) on net out11 is discarded because the value cannot be <= 0 (PARA-040)
Warning: Coupling capacitor (in2:7 out15 0) on net out15 is discarded because the value cannot be <= 0 (PARA-040)
Warning: Coupling capacitor (in62:7 out19 0) on net out19 is discarded because the value cannot be <= 0 (PARA-040)
Warning: Coupling capacitor (in93:5 out20 0) on net out20 is discarded because the value cannot be <= 0 (PARA-040)
Warning: Coupling capacitor (in30:11 out22 0) on net out22 is discarded because the value cannot be <= 0 (PARA-040)
Warning: Coupling capacitor (out20 out24 0) on net out24 is discarded because the value cannot be <= 0 (PARA-040)
Warning: Coupling capacitor (in40:7 out24 0) on net out24 is discarded because the value cannot be <= 0 (PARA-040)
Warning: Coupling capacitor (out11 out26 0) on net out26 is discarded because the value cannot be <= 0 (PARA-040)
Warning: Coupling capacitor (in38:7 out28 0) on net out28 is discarded because the value cannot be <= 0 (PARA-040)
Warning: Coupling capacitor (out26 out33 0) on net out33 is discarded because the value cannot be <= 0 (PARA-040)
Warning: Coupling capacitor (out30 out45 0) on net out45 is discarded because the value cannot be <= 0 (PARA-040)
Warning: Coupling capacitor (out39 out46 0) on net out46 is discarded because the value cannot be <= 0 (PARA-040)
Warning: Coupling capacitor (out43 out46 0) on net out46 is discarded because the value cannot be <= 0 (PARA-040)
Warning: Coupling capacitor (out33 out47 0) on net out47 is discarded because the value cannot be <= 0 (PARA-040)
Warning: Coupling capacitor (in93:5 out47 0) on net out47 is discarded because the value cannot be <= 0 (PARA-040)
Warning: Coupling capacitor (out38 out51 0) on net out51 is discarded because the value cannot be <= 0 (PARA-040)
Warning: Coupling capacitor (out38 out52 0) on net out52 is discarded because the value cannot be <= 0 (PARA-040)
Warning: Coupling capacitor (in43:7 out52 0) on net out52 is discarded because the value cannot be <= 0 (PARA-040)
Warning: Coupling capacitor (in10:9 out53 0) on net out53 is discarded because the value cannot be <= 0 (PARA-040)
Warning: Coupling capacitor (in19:7 out53 0) on net out53 is discarded because the value cannot be <= 0 (PARA-040)
Warning: Coupling capacitor (out45 out54 0) on net out54 is discarded because the value cannot be <= 0 (PARA-040)
Warning: Coupling capacitor (in43:7 out54 0) on net out54 is discarded because the value cannot be <= 0 (PARA-040)
Warning: Coupling capacitor (out50 out55 0) on net out55 is discarded because the value cannot be <= 0 (PARA-040)
Warning: Coupling capacitor (in94:7 out55 0) on net out55 is discarded because the value cannot be <= 0 (PARA-040)
Warning: Coupling capacitor (out30 out58 0) on net out58 is discarded because the value cannot be <= 0 (PARA-040)
Warning: Coupling capacitor (out21 out6 0) on net out6 is discarded because the value cannot be <= 0 (PARA-040)
Warning: Coupling capacitor (out51 out60 0) on net out60 is discarded because the value cannot be <= 0 (PARA-040)
Warning: Coupling capacitor (in87:5 out60 0) on net out60 is discarded because the value cannot be <= 0 (PARA-040)
Warning: Coupling capacitor (out59 out62 0) on net out62 is discarded because the value cannot be <= 0 (PARA-040)
Warning: Coupling capacitor (in38:7 out62 0) on net out62 is discarded because the value cannot be <= 0 (PARA-040)
Warning: Coupling capacitor (out43 out63 0) on net out63 is discarded because the value cannot be <= 0 (PARA-040)
Warning: Coupling capacitor (out58 out63 0) on net out63 is discarded because the value cannot be <= 0 (PARA-040)
Warning: Coupling capacitor (in92:9 out66 0) on net out66 is discarded because the value cannot be <= 0 (PARA-040)
Warning: Coupling capacitor (out19 out67 0) on net out67 is discarded because the value cannot be <= 0 (PARA-040)
Warning: Coupling capacitor (in23:13 out69 0) on net out69 is discarded because the value cannot be <= 0 (PARA-040)
Warning: Coupling capacitor (in66:11 out69 0) on net out69 is discarded because the value cannot be <= 0 (PARA-040)
Warning: Coupling capacitor (out28 out7 0) on net out7 is discarded because the value cannot be <= 0 (PARA-040)
Warning: Coupling capacitor (out39 out7 0) on net out7 is discarded because the value cannot be <= 0 (PARA-040)
Warning: Coupling capacitor (out59 out70 0) on net out70 is discarded because the value cannot be <= 0 (PARA-040)
Warning: Coupling capacitor (in41:7 out70 0) on net out70 is discarded because the value cannot be <= 0 (PARA-040)
Warning: Coupling capacitor (in98:7 out71 0) on net out71 is discarded because the value cannot be <= 0 (PARA-040)
Warning: Coupling capacitor (out27 out74 0) on net out74 is discarded because the value cannot be <= 0 (PARA-040)
Warning: Coupling capacitor (out27 out75 0) on net out75 is discarded because the value cannot be <= 0 (PARA-040)
Warning: Coupling capacitor (in96:7 out76 0) on net out76 is discarded because the value cannot be <= 0 (PARA-040)
Warning: Coupling capacitor (out50 out79 0) on net out79 is discarded because the value cannot be <= 0 (PARA-040)
Warning: Coupling capacitor (in74:7 out79 0) on net out79 is discarded because the value cannot be <= 0 (PARA-040)
Warning: Coupling capacitor (out71 out82 0) on net out82 is discarded because the value cannot be <= 0 (PARA-040)
Warning: Coupling capacitor (in94:7 out82 0) on net out82 is discarded because the value cannot be <= 0 (PARA-040)
Warning: Coupling capacitor (out81 out84 0) on net out84 is discarded because the value cannot be <= 0 (PARA-040)
Warning: Coupling capacitor (in95:13 out84 0) on net out84 is discarded because the value cannot be <= 0 (PARA-040)
Warning: Coupling capacitor (out76 out85 0) on net out85 is discarded because the value cannot be <= 0 (PARA-040)
Warning: Coupling capacitor (in73:7 out86 0) on net out86 is discarded because the value cannot be <= 0 (PARA-040)
Warning: Coupling capacitor (in96:7 out86 0) on net out86 is discarded because the value cannot be <= 0 (PARA-040)
Warning: Coupling capacitor (out75 out87 0) on net out87 is discarded because the value cannot be <= 0 (PARA-040)
Warning: Coupling capacitor (in99:7 out88 0) on net out88 is discarded because the value cannot be <= 0 (PARA-040)
Warning: Coupling capacitor (out67 out89 0) on net out89 is discarded because the value cannot be <= 0 (PARA-040)
Warning: Coupling capacitor (in41:7 out89 0) on net out89 is discarded because the value cannot be <= 0 (PARA-040)
Warning: Coupling capacitor (in26:11 out90 0) on net out90 is discarded because the value cannot be <= 0 (PARA-040)
Warning: Coupling capacitor (out66 out91 0) on net out91 is discarded because the value cannot be <= 0 (PARA-040)
Warning: Coupling capacitor (in73:7 out91 0) on net out91 is discarded because the value cannot be <= 0 (PARA-040)
Warning: Coupling capacitor (in99:7 out93 0) on net out93 is discarded because the value cannot be <= 0 (PARA-040)
Warning: Coupling capacitor (out68 out96 0) on net out96 is discarded because the value cannot be <= 0 (PARA-040)
Warning: Coupling capacitor (out87 out97 0) on net out97 is discarded because the value cannot be <= 0 (PARA-040)
Warning: Coupling capacitor (out93 out97 0) on net out97 is discarded because the value cannot be <= 0 (PARA-040)
Warning: Coupling capacitor (out85 out98 0) on net out98 is discarded because the value cannot be <= 0 (PARA-040)
Warning: Coupling capacitor (out88 out98 0) on net out98 is discarded because the value cannot be <= 0 (PARA-040)
Warning: Coupling capacitor (out74 out99 0) on net out99 is discarded because the value cannot be <= 0 (PARA-040)
Warning: Coupling capacitor (in98:7 out99 0) on net out99 is discarded because the value cannot be <= 0 (PARA-040)
Warning: Coupling capacitor (clk:21 clknet_0_clk:421 0) on net clknet_0_clk is discarded because the value cannot be <= 0 (PARA-040)
Warning: Coupling capacitor (clkbuf_1_0__f_net427/A clkbuf_1_1__f_net526/A 0) on net clknet_0_net526 is discarded because the value cannot be <= 0 (PARA-040)
Warning: Coupling capacitor (clkbuf_1_1__f_net427/A clkbuf_1_0__f_net526/A 0) on net clknet_0_net526 is discarded because the value cannot be <= 0 (PARA-040)
Warning: Coupling capacitor (clkbuf_1_0__f_net526/A clkbuf_1_1__f_net650/A 0) on net clknet_0_net650 is discarded because the value cannot be <= 0 (PARA-040)
Warning: Coupling capacitor (clkbuf_1_1__f_net427/A clkbuf_1_1__f_net650/A 0) on net clknet_0_net650 is discarded because the value cannot be <= 0 (PARA-040)
Warning: Coupling capacitor (clkbuf_1_0__f_net398/A clknet_0_net875:56 0) on net clknet_0_net875 is discarded because the value cannot be <= 0 (PARA-040)
Warning: Coupling capacitor (clkbuf_1_1__f_net727/A clkbuf_1_0__f_net880/A 0) on net clknet_0_net880 is discarded because the value cannot be <= 0 (PARA-040)
Warning: Coupling capacitor (clkbuf_1_1__f_net911/A clkbuf_1_1__f_net912/A 0) on net clknet_0_net912 is discarded because the value cannot be <= 0 (PARA-040)
Note - message 'PARA-040' default limit (100) exceeded.  Remainder will be suppressed.
Warning: Net 'net281' is multi-driven. (DES-023)
Warning: Net 'net386' is multi-driven. (DES-023)
Warning: Net 'net470' is multi-driven. (DES-023)
Warning: Net 'net49' is multi-driven. (DES-023)
Warning: Net 'net493' is multi-driven. (DES-023)
Warning: Net 'net67' is multi-driven. (DES-023)
Warning: Net 'net70' is multi-driven. (DES-023)
Warning: Net 'net72' is multi-driven. (DES-023)
Warning: Net 'net92' is multi-driven. (DES-023)

****************************************
Report : read_parasitics /nas/ei/home/ge78pav/TM_power/TM_openlane/TM_openlane_single_max/TM_openlane_max_ato/TM_openlane_max_ato_mid/netlist_0/high/spef/netlist_0.nom.spef
Design : netlist_0
Version: Q-2019.12-SP1
Date   : Mon Aug 19 17:23:40 2024
****************************************

        0 error(s)
        Format is SPEF
        Annotated nets                   :         1580
        Annotated capacitances           :        16083
        Annotated resistances            :        14503
        Reduced coupling capacitances    :        35013
        Annotated PI models              :            0
        Annotated Elmore delays          :            0

