****************************************
Report : Averaged Power
	-net_power
	-hierarchy
	-sort_by net_switching_power
	-power_greater_than       0
	-nosplit
Design : netlist_1
Version: Q-2019.12-SP1
Date   : Tue Jul 30 20:27:04 2024
****************************************



  Attributes
  ----------
      a  -  Switching activity information / Switching power information annotated on net
      p  -  Propagated switching activity information on net
      d  -  Default switching activity used on net
      u  -  Net switching activity uninitialized
      m  -  Net is driven by multiple pins
      b  -  Net is a primary input (boundary net)

		Toggle rates reported with respect to time unit 1ns
--------------------------------------------------------------------------------
                                  Total      Static   Toggle   Switching
Net                         Vdd   Net Load   Prob.    Rate     Power      Attrs
--------------------------------------------------------------------------------
clknet_0_clk                1.80    0.212    0.500    0.1000   3.440e-05  a
net202                      1.80    0.097    0.280    0.1512   2.388e-05  p
net867                      1.80    0.128    0.500    0.1000   2.074e-05  a
net947                      1.80    0.070    0.693    0.1668   1.894e-05  p
net883                      1.80    0.116    0.500    0.1000   1.885e-05  a
net441                      1.80    0.084    0.579    0.1327   1.805e-05  p
net945                      1.80    0.066    0.693    0.1668   1.771e-05  p
net832                      1.80    0.107    0.500    0.1000   1.731e-05  a
net946                      1.80    0.063    0.693    0.1668   1.694e-05  p
net955                      1.80    0.086    0.229    0.1213   1.682e-05  p
net135                      1.80    0.086    0.296    0.1190   1.660e-05  p
net874                      1.80    0.100    0.500    0.1000   1.615e-05  a
net960                      1.80    0.074    0.422    0.1324   1.582e-05  p
net1016                     1.80    0.095    0.500    0.1000   1.539e-05  a
net834                      1.80    0.094    0.500    0.1000   1.518e-05  a
net92                       1.80    0.090    0.253    0.0975   1.422e-05  p
net948                      1.80    0.052    0.693    0.1668   1.396e-05  p
net906                      1.80    0.059    0.306    0.1406   1.350e-05  p
net835                      1.80    0.083    0.500    0.1000   1.341e-05  a
net962                      1.80    0.104    0.134    0.0793   1.338e-05  p
net848                      1.80    0.079    0.500    0.1000   1.285e-05  a
net825                      1.80    0.076    0.500    0.1000   1.223e-05  a
net1004                     1.80    0.063    0.296    0.1190   1.215e-05  p
net873                      1.80    0.074    0.500    0.1000   1.197e-05  a
clknet_4_9_0_clk            1.80    0.074    0.500    0.1000   1.192e-05  a
net340                      1.80    0.072    0.195    0.1010   1.180e-05  p
net868                      1.80    0.072    0.500    0.1000   1.172e-05  a
net836                      1.80    0.072    0.500    0.1000   1.159e-05  a
clknet_4_10_0_clk           1.80    0.071    0.500    0.1000   1.157e-05  a
net969                      1.80    0.077    0.599    0.0917   1.140e-05  p
clknet_4_11_0_clk           1.80    0.069    0.500    0.1000   1.115e-05  a
clknet_4_8_0_clk            1.80    0.068    0.500    0.1000   1.109e-05  a
net845                      1.80    0.067    0.500    0.1000   1.088e-05  a
clknet_4_4_0_clk            1.80    0.066    0.500    0.1000   1.065e-05  a
net86                       1.80    0.064    0.265    0.0981   1.019e-05  p
net85                       1.80    0.044    0.313    0.1412   1.013e-05  p
net871                      1.80    0.063    0.500    0.1000   1.013e-05  a
clknet_4_3_0_clk            1.80    0.061    0.500    0.1000   9.951e-06  a
clknet_4_2_0_clk            1.80    0.061    0.500    0.1000   9.932e-06  a
clknet_4_1_0_clk            1.80    0.061    0.500    0.1000   9.880e-06  a
net984                      1.80    0.029    0.499    0.2054   9.732e-06  p
net879                      1.80    0.060    0.500    0.1000   9.657e-06  a
net828                      1.80    0.059    0.500    0.1000   9.533e-06  a
clknet_4_13_0_clk           1.80    0.058    0.500    0.1000   9.427e-06  a
net313                      1.80    0.058    0.754    0.0994   9.361e-06  p
clknet_4_12_0_clk           1.80    0.057    0.500    0.1000   9.313e-06  a
clknet_4_0_0_clk            1.80    0.055    0.500    0.1000   8.980e-06  a
net912                      1.80    0.053    0.682    0.1036   8.964e-06  p
net223                      1.80    0.085    0.967    0.0646   8.890e-06  p
net972                      1.80    0.056    0.254    0.0968   8.735e-06  p
net460                      1.80    0.043    0.229    0.1213   8.486e-06  p
net17                       1.80    0.036    0.657    0.1391   8.172e-06  p
net847                      1.80    0.050    0.500    0.1000   8.073e-06  a
clknet_4_6_0_clk            1.80    0.048    0.500    0.1000   7.807e-06  a
net575                      1.80    0.052    0.599    0.0917   7.789e-06  p
net624                      1.80    0.048    0.500    0.1000   7.760e-06  a
clknet_4_7_0_clk            1.80    0.047    0.500    0.1000   7.615e-06  a
net859                      1.80    0.047    0.500    0.1000   7.589e-06  a
net885                      1.80    0.058    0.134    0.0793   7.508e-06  p
net75                       1.80    0.041    0.267    0.1131   7.495e-06  p
net872                      1.80    0.046    0.500    0.1000   7.466e-06  a
net841                      1.80    0.045    0.500    0.1000   7.266e-06  a
net940                      1.80    0.069    0.320    0.0642   7.155e-06  p
net584                      1.80    0.031    0.607    0.1421   7.065e-06  p
net863                      1.80    0.043    0.500    0.1000   6.990e-06  a
net958                      1.80    0.084    0.068    0.0513   6.961e-06  p
net839                      1.80    0.043    0.500    0.1000   6.931e-06  a
net97                       1.80    0.041    0.788    0.1021   6.720e-06  p
net974                      1.80    0.036    0.267    0.1131   6.609e-06  p
clknet_4_5_0_clk            1.80    0.041    0.500    0.1000   6.586e-06  a
net893                      1.80    0.030    0.422    0.1324   6.534e-06  p
net901                      1.80    0.058    0.724    0.0698   6.510e-06  p
net878                      1.80    0.039    0.500    0.1000   6.380e-06  a
net979                      1.80    0.040    0.145    0.0983   6.327e-06  p
net337                      1.80    0.029    0.686    0.1330   6.282e-06  p
net1                        1.80    0.019    0.497    0.2043   6.205e-06  p
net13                       1.80    0.099    0.034    0.0381   6.139e-06  p
net1007                     1.80    0.044    0.104    0.0859   6.136e-06  p
net72                       1.80    0.041    0.154    0.0917   6.064e-06  p
net1019                     1.80    0.036    0.788    0.1021   5.955e-06  p
net866                      1.80    0.036    0.500    0.1000   5.888e-06  a
net734                      1.80    0.043    0.379    0.0824   5.789e-06  p
net302                      1.80    0.044    0.187    0.0786   5.635e-06  p
net943                      1.80    0.033    0.824    0.1028   5.546e-06  p
net985                      1.80    0.017    0.499    0.2054   5.526e-06  p
net829                      1.80    0.034    0.500    0.1000   5.429e-06  a
net41                       1.80    0.071    0.044    0.0468   5.401e-06  p
net861                      1.80    0.033    0.500    0.1000   5.382e-06  a
net738                      1.80    0.031    0.195    0.1010   5.036e-06  p
net869                      1.80    0.031    0.500    0.1000   5.019e-06  a
net973                      1.80    0.032    0.254    0.0968   4.964e-06  p
net3                        1.80    0.015    0.498    0.1879   4.697e-06  p
net1013                     1.80    0.022    0.686    0.1330   4.675e-06  p
net198                      1.80    0.039    0.878    0.0729   4.653e-06  p
net796                      1.80    0.039    0.648    0.0732   4.604e-06  p
net851                      1.80    0.028    0.500    0.1000   4.492e-06  a
clknet_4_15_0_clk           1.80    0.028    0.500    0.1000   4.474e-06  a
net917                      1.80    0.026    0.489    0.1040   4.440e-06  p
net865                      1.80    0.027    0.500    0.1000   4.411e-06  a
clknet_1_0__leaf_net892     1.80    0.027    0.496    0.0998   4.400e-06  p
net225                      1.80    0.052    0.068    0.0513   4.352e-06  p
net849                      1.80    0.026    0.500    0.1000   4.245e-06  a
net882                      1.80    0.026    0.500    0.1000   4.212e-06  a
net852                      1.80    0.026    0.500    0.1000   4.212e-06  a
net728                      1.80    0.043    0.971    0.0603   4.184e-06  p
net976                      1.80    0.021    0.140    0.1187   4.130e-06  p
net877                      1.80    0.025    0.500    0.1000   4.113e-06  a
clknet_4_14_0_clk           1.80    0.025    0.500    0.1000   4.033e-06  a
net862                      1.80    0.025    0.500    0.1000   3.993e-06  a
net98                       1.80    0.029    0.122    0.0854   3.975e-06  p
net826                      1.80    0.024    0.500    0.1000   3.938e-06  a
net228                      1.80    0.020    0.289    0.1186   3.927e-06  p
net881                      1.80    0.023    0.500    0.1000   3.797e-06  a
clknet_1_0__leaf_net168     1.80    0.021    0.491    0.1109   3.785e-06  p
clknet_0_net622             1.80    0.019    0.515    0.1215   3.743e-06  p
net218                      1.80    0.037    0.027    0.0601   3.635e-06  p
net824                      1.80    0.022    0.500    0.1000   3.607e-06  a
net918                      1.80    0.019    0.140    0.1187   3.602e-06  p
clknet_0_net154             1.80    0.019    0.536    0.1174   3.572e-06  p
net837                      1.80    0.022    0.500    0.1000   3.545e-06  a
net1003                     1.80    0.019    0.267    0.1131   3.488e-06  p
net813                      1.80    0.034    0.541    0.0626   3.488e-06  p
net601                      1.80    0.021    0.821    0.1028   3.449e-06  p
clknet_0_net168             1.80    0.019    0.491    0.1109   3.432e-06  p
net68                       1.80    0.073    0.031    0.0290   3.431e-06  p
net929                      1.80    0.048    0.676    0.0440   3.384e-06  p
net856                      1.80    0.021    0.500    0.1000   3.379e-06  a
net1014                     1.80    0.010    0.497    0.2043   3.367e-06  p
net546                      1.80    0.015    0.313    0.1412   3.360e-06  p
net262                      1.80    0.034    0.971    0.0604   3.357e-06  p
net971                      1.80    0.090    0.511    0.0229   3.349e-06  p
net975                      1.80    0.017    0.140    0.1187   3.289e-06  p
net10                       1.80    0.017    0.139    0.1221   3.271e-06  p
clknet_0_net892             1.80    0.020    0.496    0.0998   3.249e-06  p
net81                       1.80    0.016    0.194    0.1276   3.245e-06  p
net95                       1.80    0.015    0.245    0.1303   3.217e-06  p
net778                      1.80    0.021    0.490    0.0939   3.201e-06  p
net187                      1.80    0.020    0.254    0.0968   3.145e-06  p
net761                      1.80    0.027    0.429    0.0724   3.143e-06  p
net0                        1.80    0.009    0.499    0.2054   3.116e-06  p
clknet_0_net754             1.80    0.019    0.497    0.0998   3.077e-06  p
clknet_0_net707             1.80    0.019    0.510    0.1004   3.062e-06  p
net312                      1.80    0.019    0.747    0.1003   3.056e-06  p
clknet_0_net710             1.80    0.019    0.489    0.0972   3.049e-06  p
net870                      1.80    0.019    0.500    0.1000   3.045e-06  a
net843                      1.80    0.019    0.500    0.1000   3.033e-06  a
net780                      1.80    0.020    0.404    0.0924   3.017e-06  p
net850                      1.80    0.019    0.500    0.1000   3.010e-06  a
net66                       1.80    0.025    0.129    0.0725   2.978e-06  p
net82                       1.80    0.016    0.260    0.1108   2.939e-06  p
net740                      1.80    0.040    0.068    0.0451   2.916e-06  p
net739                      1.80    0.020    0.599    0.0917   2.910e-06  p
net2                        1.80    0.008    0.539    0.2259   2.904e-06  p
net599                      1.80    0.017    0.824    0.1028   2.896e-06  p
net776                      1.80    0.033    0.148    0.0546   2.896e-06  p
net842                      1.80    0.018    0.500    0.1000   2.894e-06  a
net602                      1.80    0.017    0.179    0.1028   2.887e-06  p
clknet_0_net507             1.80    0.020    0.126    0.0890   2.819e-06  p
net699                      1.80    0.015    0.528    0.1142   2.807e-06  p
clknet_1_1__leaf_net168     1.80    0.015    0.491    0.1109   2.785e-06  p
net551                      1.80    0.013    0.686    0.1330   2.738e-06  p
net729                      1.80    0.028    0.027    0.0601   2.718e-06  p
clknet_0_net789             1.80    0.020    0.422    0.0833   2.709e-06  p
net435                      1.80    0.018    0.599    0.0917   2.697e-06  p
net876                      1.80    0.017    0.500    0.1000   2.694e-06  a
net91                       1.80    0.020    0.134    0.0793   2.601e-06  p
clknet_0_net353             1.80    0.020    0.867    0.0800   2.600e-06  p
net777                      1.80    0.029    0.849    0.0549   2.598e-06  p
net308                      1.80    0.013    0.731    0.1259   2.592e-06  p
net875                      1.80    0.016    0.500    0.1000   2.553e-06  a
net892                      1.80    0.016    0.496    0.0998   2.548e-06  p
net304                      1.80    0.053    0.032    0.0295   2.537e-06  p
net853                      1.80    0.016    0.500    0.1000   2.520e-06  a
clknet_1_0__leaf_net372     1.80    0.022    0.724    0.0698   2.518e-06  p
clknet_0_net752             1.80    0.020    0.388    0.0772   2.507e-06  p
net854                      1.80    0.015    0.500    0.1000   2.493e-06  a
net554                      1.80    0.009    0.307    0.1668   2.448e-06  p
net846                      1.80    0.015    0.500    0.1000   2.440e-06  a
net404                      1.80    0.025    0.675    0.0600   2.433e-06  p
net6                        1.80    0.015    0.256    0.0982   2.361e-06  p
clknet_0_net372             1.80    0.021    0.724    0.0698   2.352e-06  p
net1009                     1.80    0.017    0.104    0.0859   2.349e-06  p
net1041                     1.80    0.013    0.524    0.1102   2.342e-06  p
net1050                     1.80    0.014    0.500    0.1000   2.331e-06  a
clknet_0_net464             1.80    0.020    0.746    0.0722   2.291e-06  p
net789                      1.80    0.017    0.422    0.0833   2.289e-06  p
net7                        1.80    0.014    0.138    0.1040   2.287e-06  p
net907                      1.80    0.029    0.151    0.0475   2.255e-06  p
net352                      1.80    0.028    0.707    0.0496   2.239e-06  p
net168                      1.80    0.012    0.491    0.1109   2.237e-06  p
net1020                     1.80    0.011    0.731    0.1259   2.228e-06  p
net118                      1.80    0.014    0.766    0.0969   2.200e-06  p
net864                      1.80    0.013    0.500    0.1000   2.170e-06  a
net125                      1.80    0.064    0.019    0.0210   2.170e-06  p
net5                        1.80    0.014    0.242    0.0968   2.147e-06  p
net611                      1.80    0.008    0.280    0.1589   2.135e-06  p
net798                      1.80    0.028    0.747    0.0461   2.124e-06  p
net886                      1.80    0.114    0.009    0.0114   2.100e-06  p
net77                       1.80    0.015    0.104    0.0859   2.047e-06  p
net403                      1.80    0.021    0.325    0.0600   2.031e-06  p
net754                      1.80    0.012    0.497    0.0998   2.009e-06  p
net833                      1.80    0.012    0.500    0.1000   1.998e-06  a
net154                      1.80    0.010    0.536    0.1174   1.992e-06  p
clknet_1_0__leaf_net595     1.80    0.019    0.908    0.0642   1.965e-06  p
net141                      1.80    0.052    0.981    0.0230   1.948e-06  p
clknet_0_net595             1.80    0.018    0.908    0.0642   1.906e-06  p
net928                      1.80    0.012    0.488    0.1002   1.880e-06  p
net471                      1.80    0.023    0.950    0.0505   1.856e-06  p
net507                      1.80    0.013    0.126    0.0890   1.849e-06  p
net691                      1.80    0.025    0.073    0.0463   1.847e-06  p
net423                      1.80    0.013    0.104    0.0859   1.828e-06  p
net348                      1.80    0.019    0.652    0.0596   1.826e-06  p
net70                       1.80    0.038    0.033    0.0299   1.820e-06  p
net113                      1.80    0.056    0.064    0.0194   1.770e-06  p
net230                      1.80    0.022    0.988    0.0493   1.762e-06  p
net838                      1.80    0.011    0.500    0.1000   1.754e-06  a
net126                      1.80    0.009    0.287    0.1188   1.744e-06  p
clknet_1_1__leaf_net595     1.80    0.017    0.908    0.0642   1.733e-06  p
net240                      1.80    0.034    0.034    0.0310   1.712e-06  p
net220                      1.80    0.013    0.938    0.0811   1.691e-06  p
net559                      1.80    0.033    0.045    0.0313   1.680e-06  p
net830                      1.80    0.010    0.500    0.1000   1.673e-06  a
net25                       1.80    0.022    0.061    0.0470   1.661e-06  p
net622                      1.80    0.008    0.515    0.1215   1.657e-06  p
net689                      1.80    0.030    0.807    0.0342   1.643e-06  p
net65                       1.80    0.014    0.127    0.0716   1.627e-06  p
clknet_1_0__leaf_net754     1.80    0.010    0.497    0.0998   1.623e-06  p
net860                      1.80    0.010    0.500    0.1000   1.621e-06  a
net267                      1.80    0.015    0.314    0.0650   1.620e-06  p
net372                      1.80    0.014    0.724    0.0698   1.617e-06  p
net707                      1.80    0.010    0.510    0.1004   1.606e-06  p
net788                      1.80    0.043    0.511    0.0229   1.603e-06  p
net880                      1.80    0.010    0.500    0.1000   1.593e-06  a
net226                      1.80    0.020    0.988    0.0493   1.591e-06  p
net420                      1.80    0.010    0.505    0.0990   1.584e-06  p
net627                      1.80    0.006    0.530    0.1758   1.578e-06  p
net286                      1.80    0.022    0.011    0.0441   1.565e-06  p
net795                      1.80    0.012    0.653    0.0777   1.559e-06  p
net968                      1.80    0.080    0.019    0.0119   1.537e-06  p
clknet_1_0__leaf_net154     1.80    0.008    0.536    0.1174   1.533e-06  p
net697                      1.80    0.009    0.524    0.1102   1.526e-06  p
net67                       1.80    0.051    0.017    0.0182   1.517e-06  p
net96                       1.80    0.045    0.019    0.0210   1.514e-06  p
clknet_1_1__leaf_net754     1.80    0.009    0.497    0.0998   1.513e-06  p
net371                      1.80    0.006    0.494    0.1529   1.511e-06  p
net709                      1.80    0.012    0.624    0.0803   1.505e-06  p
net636                      1.80    0.012    0.111    0.0769   1.498e-06  p
net4                        1.80    0.010    0.244    0.0960   1.487e-06  p
net967                      1.80    0.077    0.019    0.0119   1.480e-06  p
net773                      1.80    0.016    0.476    0.0563   1.477e-06  p
net464                      1.80    0.013    0.746    0.0722   1.471e-06  p
net332                      1.80    0.011    0.518    0.0823   1.460e-06  p
net27                       1.80    0.009    0.242    0.0969   1.448e-06  p
net664                      1.80    0.006    0.457    0.1369   1.440e-06  p
clknet_1_0__leaf_net752     1.80    0.011    0.388    0.0772   1.431e-06  p
net16                       1.80    0.009    0.250    0.0980   1.419e-06  p
net595                      1.80    0.013    0.908    0.0642   1.402e-06  p
net242                      1.80    0.018    0.988    0.0493   1.402e-06  p
net994                      1.80    0.007    0.731    0.1259   1.397e-06  p
net710                      1.80    0.009    0.489    0.0972   1.394e-06  p
net472                      1.80    0.005    0.255    0.1559   1.385e-06  p
net268                      1.80    0.013    0.686    0.0650   1.370e-06  p
net935                      1.80    0.014    0.760    0.0622   1.367e-06  p
net897                      1.80    0.028    0.880    0.0301   1.349e-06  p
net983                      1.80    0.008    0.145    0.0983   1.332e-06  p
net992                      1.80    0.006    0.194    0.1276   1.322e-06  p
net465                      1.80    0.006    0.778    0.1428   1.320e-06  p
net108                      1.80    0.008    0.184    0.0968   1.303e-06  p
net797                      1.80    0.013    0.706    0.0607   1.293e-06  p
clknet_1_1__leaf_net752     1.80    0.010    0.388    0.0772   1.291e-06  p
net351                      1.80    0.016    0.293    0.0496   1.290e-06  p
clknet_1_0__leaf_net884     1.80    0.046    0.088    0.0172   1.275e-06  p
net501                      1.80    0.015    0.886    0.0527   1.260e-06  p
clknet_1_0__leaf_net464     1.80    0.011    0.746    0.0722   1.250e-06  p
net394                      1.80    0.018    0.060    0.0424   1.249e-06  p
net772                      1.80    0.014    0.520    0.0566   1.248e-06  p
net94                       1.80    0.008    0.251    0.0988   1.243e-06  p
net380                      1.80    0.008    0.578    0.0934   1.242e-06  p
net573                      1.80    0.014    0.219    0.0548   1.235e-06  p
net8                        1.80    0.011    0.125    0.0717   1.222e-06  p
net454                      1.80    0.038    0.990    0.0197   1.217e-06  p
net1012                     1.80    0.009    0.104    0.0859   1.195e-06  p
net490                      1.80    0.006    0.296    0.1190   1.183e-06  p
net301                      1.80    0.029    0.759    0.0253   1.175e-06  p
clknet_1_1__leaf_net884     1.80    0.042    0.088    0.0172   1.173e-06  p
net100                      1.80    0.007    0.754    0.1027   1.172e-06  p
net686                      1.80    0.015    0.988    0.0493   1.171e-06  p
net69                       1.80    0.065    0.009    0.0111   1.169e-06  p
net253                      1.80    0.007    0.752    0.1040   1.153e-06  p
net243                      1.80    0.014    0.988    0.0493   1.151e-06  p
net794                      1.80    0.034    0.031    0.0208   1.151e-06  p
net186                      1.80    0.009    0.128    0.0798   1.148e-06  p
clknet_1_1__leaf_net892     1.80    0.007    0.496    0.0998   1.148e-06  p
net321                      1.80    0.006    0.454    0.1199   1.143e-06  p
net908                      1.80    0.023    0.852    0.0303   1.129e-06  p
net347                      1.80    0.012    0.348    0.0596   1.128e-06  p
net621                      1.80    0.005    0.353    0.1271   1.128e-06  p
net502                      1.80    0.015    0.881    0.0457   1.123e-06  p
net752                      1.80    0.009    0.388    0.0772   1.120e-06  p
net237                      1.80    0.035    0.934    0.0197   1.117e-06  p
net989                      1.80    0.038    0.017    0.0182   1.116e-06  p
clknet_1_1__leaf_net464     1.80    0.010    0.746    0.0722   1.114e-06  p
net840                      1.80    0.007    0.500    0.1000   1.112e-06  a
net1011                     1.80    0.008    0.104    0.0859   1.112e-06  p
net314                      1.80    0.004    0.693    0.1668   1.103e-06  p
net759                      1.80    0.014    0.971    0.0472   1.102e-06  p
net217                      1.80    0.011    0.971    0.0603   1.100e-06  p
net355                      1.80    0.007    0.855    0.0941   1.090e-06  p
net239                      1.80    0.021    0.035    0.0312   1.084e-06  p
net353                      1.80    0.008    0.867    0.0800   1.083e-06  p
net452                      1.80    0.014    0.976    0.0464   1.082e-06  p
net129                      1.80    0.034    0.066    0.0197   1.078e-06  p
net827                      1.80    0.007    0.500    0.1000   1.076e-06  a
net1010                     1.80    0.008    0.104    0.0859   1.076e-06  p
net665                      1.80    0.005    0.749    0.1290   1.076e-06  p
net63                       1.80    0.006    0.505    0.1020   1.072e-06  p
clknet_1_1__leaf_net154     1.80    0.006    0.536    0.1174   1.070e-06  p
net663                      1.80    0.007    0.184    0.0968   1.066e-06  p
clknet_0_net708             1.80    0.019    0.170    0.0345   1.057e-06  p
net977                      1.80    0.005    0.140    0.1187   1.037e-06  p
net576                      1.80    0.005    0.695    0.1210   1.034e-06  p
net171                      1.80    0.030    0.033    0.0209   1.033e-06  p
net322                      1.80    0.018    0.214    0.0347   1.027e-06  p
net758                      1.80    0.013    0.024    0.0469   1.013e-06  p
net649                      1.80    0.003    0.656    0.2108   1.007e-06  p
clknet_1_0__leaf_net707     1.80    0.006    0.510    0.1004   1.002e-06  p
clknet_0_net477             1.80    0.021    0.930    0.0290   1.000e-06  p
net767                      1.80    0.064    0.108    0.0096   9.944e-07  p
net550                      1.80    0.004    0.693    0.1668   9.944e-07  p
net12                       1.80    0.009    0.123    0.0699   9.772e-07  p
net1006                     1.80    0.054    0.009    0.0111   9.694e-07  p
net152                      1.80    0.020    0.065    0.0294   9.665e-07  p
net774                      1.80    0.027    0.172    0.0222   9.664e-07  p
net499                      1.80    0.007    0.414    0.0872   9.651e-07  p
net698                      1.80    0.006    0.493    0.1021   9.623e-07  p
net804                      1.80    0.027    0.355    0.0218   9.622e-07  p
net24                       1.80    0.006    0.145    0.0983   9.581e-07  p
clknet_1_0__leaf_net507     1.80    0.007    0.126    0.0890   9.544e-07  p
net9                        1.80    0.013    0.062    0.0468   9.474e-07  p
net439                      1.80    0.005    0.467    0.1229   9.470e-07  p
net991                      1.80    0.004    0.686    0.1330   9.416e-07  p
net110                      1.80    0.006    0.154    0.0990   9.385e-07  p
net600                      1.80    0.006    0.292    0.1006   9.383e-07  p
net993                      1.80    0.006    0.788    0.1021   9.290e-07  p
net516                      1.80    0.005    0.655    0.1221   9.288e-07  p
net93                       1.80    0.027    0.019    0.0210   9.239e-07  p
net986                      1.80    0.003    0.499    0.2054   9.209e-07  p
net151                      1.80    0.034    0.259    0.0169   9.189e-07  p
net613                      1.80    0.005    0.180    0.1047   9.130e-07  p
net362                      1.80    0.009    0.129    0.0660   9.100e-07  p
net615                      1.80    0.006    0.277    0.0872   9.077e-07  p
net333                      1.80    0.007    0.482    0.0823   8.991e-07  p
net625                      1.80    0.007    0.461    0.0792   8.874e-07  p
net646                      1.80    0.003    0.737    0.1666   8.816e-07  p
net336                      1.80    0.066    0.107    0.0082   8.806e-07  p
net605                      1.80    0.005    0.703    0.1137   8.801e-07  p
net1015                     1.80    0.030    0.017    0.0182   8.778e-07  p
net858                      1.80    0.005    0.500    0.1000   8.690e-07  a
clknet_1_0__leaf_net353     1.80    0.007    0.867    0.0800   8.657e-07  p
net695                      1.80    0.005    0.290    0.1117   8.655e-07  p
net733                      1.80    0.018    0.464    0.0301   8.650e-07  p
net910                      1.80    0.015    0.104    0.0363   8.544e-07  p
net399                      1.80    0.004    0.503    0.1369   8.542e-07  p
net451                      1.80    0.011    0.024    0.0464   8.501e-07  p
net857                      1.80    0.005    0.500    0.1000   8.490e-07  a
net844                      1.80    0.005    0.500    0.1000   8.394e-07  a
net815                      1.80    0.006    0.525    0.0829   8.306e-07  p
net477                      1.80    0.018    0.930    0.0290   8.267e-07  p
net500                      1.80    0.006    0.586    0.0872   8.234e-07  p
net775                      1.80    0.023    0.823    0.0220   8.131e-07  p
net111                      1.80    0.007    0.121    0.0714   8.112e-07  p
net568                      1.80    0.004    0.528    0.1112   8.034e-07  p
clknet_1_1__leaf_net507     1.80    0.006    0.126    0.0890   7.999e-07  p
net553                      1.80    0.003    0.693    0.1668   7.933e-07  p
net920                      1.80    0.091    0.997    0.0053   7.818e-07  p
net319                      1.80    0.003    0.726    0.1499   7.731e-07  p
net155                      1.80    0.028    0.259    0.0169   7.709e-07  p
net521                      1.80    0.006    0.624    0.0803   7.703e-07  p
net184                      1.80    0.006    0.132    0.0777   7.639e-07  p
net11                       1.80    0.010    0.042    0.0465   7.636e-07  p
net810                      1.80    0.005    0.276    0.0916   7.630e-07  p
net980                      1.80    0.005    0.145    0.0983   7.391e-07  p
net197                      1.80    0.017    0.031    0.0266   7.385e-07  p
clknet_1_1__leaf_net372     1.80    0.007    0.724    0.0698   7.372e-07  p
net607                      1.80    0.004    0.178    0.1027   7.352e-07  p
net631                      1.80    0.003    0.531    0.1337   7.280e-07  p
net334                      1.80    0.004    0.165    0.1053   7.248e-07  p
net996                      1.80    0.004    0.788    0.1021   7.228e-07  p
clknet_0_net771             1.80    0.019    0.109    0.0228   7.147e-07  p
net71                       1.80    0.015    0.033    0.0299   7.134e-07  p
net966                      1.80    0.037    0.019    0.0119   7.091e-07  p
net998                      1.80    0.076    0.004    0.0058   7.084e-07  p
net687                      1.80    0.008    0.112    0.0528   7.041e-07  p
net735                      1.80    0.007    0.184    0.0579   6.956e-07  p
net620                      1.80    0.004    0.784    0.1045   6.871e-07  p
net509                      1.80    0.003    0.340    0.1345   6.865e-07  p
net618                      1.80    0.005    0.541    0.0850   6.816e-07  p
clknet_1_1__leaf_net353     1.80    0.005    0.867    0.0800   6.781e-07  p
net14                       1.80    0.011    0.033    0.0387   6.769e-07  p
net215                      1.80    0.007    0.971    0.0603   6.755e-07  p
net109                      1.80    0.021    0.064    0.0194   6.701e-07  p
net504                      1.80    0.003    0.270    0.1239   6.687e-07  p
clknet_1_1__leaf_net710     1.80    0.004    0.489    0.0972   6.660e-07  p
net914                      1.80    0.027    0.129    0.0154   6.632e-07  p
net800                      1.80    0.022    0.687    0.0181   6.600e-07  p
net626                      1.80    0.004    0.608    0.1036   6.548e-07  p
net195                      1.80    0.070    0.004    0.0058   6.535e-07  p
net384                      1.80    0.002    0.392    0.1617   6.500e-07  p
net690                      1.80    0.008    0.849    0.0475   6.434e-07  p
net209                      1.80    0.017    0.966    0.0240   6.429e-07  p
net449                      1.80    0.004    0.506    0.0992   6.402e-07  p
net128                      1.80    0.020    0.934    0.0197   6.400e-07  p
net965                      1.80    0.033    0.019    0.0119   6.397e-07  p
net981                      1.80    0.004    0.145    0.0983   6.369e-07  p
clknet_0_net884             1.80    0.023    0.088    0.0172   6.343e-07  p
net1037                     1.80    0.004    0.508    0.1042   6.304e-07  p
clknet_1_1__leaf_net622     1.80    0.003    0.515    0.1215   6.272e-07  p
net814                      1.80    0.009    0.448    0.0441   6.224e-07  p
net191                      1.80    0.011    0.030    0.0337   6.212e-07  p
net323                      1.80    0.015    0.237    0.0253   6.204e-07  p
net511                      1.80    0.004    0.301    0.1052   6.183e-07  p
clknet_0_net567             1.80    0.020    0.095    0.0184   6.042e-07  p
net982                      1.80    0.004    0.145    0.0983   6.019e-07  p
net443                      1.80    0.004    0.599    0.0917   6.017e-07  p
clknet_1_1__leaf_net789     1.80    0.004    0.422    0.0833   5.926e-07  p
net1039                     1.80    0.006    0.314    0.0653   5.896e-07  p
net569                      1.80    0.004    0.525    0.0829   5.889e-07  p
net959                      1.80    0.073    0.003    0.0050   5.883e-07  p
net629                      1.80    0.003    0.641    0.1130   5.627e-07  p
clknet_1_0__leaf_net789     1.80    0.004    0.422    0.0833   5.612e-07  p
net807                      1.80    0.005    0.345    0.0687   5.542e-07  p
net317                      1.80    0.011    0.148    0.0303   5.520e-07  p
net978                      1.80    0.003    0.140    0.1187   5.483e-07  p
net315                      1.80    0.013    0.763    0.0253   5.473e-07  p
net894                      1.80    0.058    0.004    0.0058   5.454e-07  p
net1008                     1.80    0.004    0.104    0.0859   5.429e-07  p
net719                      1.80    0.019    0.239    0.0172   5.351e-07  p
clknet_1_1__leaf_net707     1.80    0.003    0.510    0.1004   5.325e-07  p
net199                      1.80    0.005    0.027    0.0601   5.296e-07  p
net318                      1.80    0.003    0.745    0.1232   5.292e-07  p
clknet_0_net445             1.80    0.021    0.096    0.0156   5.277e-07  p
net514                      1.80    0.003    0.659    0.1284   5.275e-07  p
net884                      1.80    0.019    0.088    0.0172   5.267e-07  p
net713                      1.80    0.006    0.801    0.0560   5.262e-07  p
net164                      1.80    0.004    0.886    0.0785   5.252e-07  p
net708                      1.80    0.009    0.170    0.0345   5.238e-07  p
net143                      1.80    0.018    0.979    0.0181   5.223e-07  p
clknet_1_0__leaf_net622     1.80    0.003    0.515    0.1215   5.194e-07  p
net283                      1.80    0.005    0.679    0.0660   5.192e-07  p
net855                      1.80    0.003    0.500    0.1000   5.188e-07  a
net811                      1.80    0.005    0.172    0.0595   5.188e-07  p
net1005                     1.80    0.054    0.004    0.0058   5.097e-07  p
net200                      1.80    0.002    0.441    0.1275   5.011e-07  p
net723                      1.80    0.016    0.934    0.0197   4.966e-07  p
net693                      1.80    0.003    0.500    0.1000   4.916e-07  a
net167                      1.80    0.003    0.755    0.0975   4.915e-07  p
net277                      1.80    0.003    0.424    0.1156   4.901e-07  p
net596                      1.80    0.007    0.672    0.0446   4.884e-07  p
net405                      1.80    0.002    0.523    0.1385   4.881e-07  p
net616                      1.80    0.002    0.492    0.1462   4.813e-07  p
net591                      1.80    0.002    0.310    0.1409   4.797e-07  p
net450                      1.80    0.010    0.482    0.0286   4.754e-07  p
net630                      1.80    0.009    0.066    0.0332   4.697e-07  p
net349                      1.80    0.003    0.234    0.0856   4.633e-07  p
net470                      1.80    0.008    0.111    0.0364   4.628e-07  p
net677                      1.80    0.012    0.033    0.0241   4.623e-07  p
net156                      1.80    0.008    0.132    0.0366   4.550e-07  p
net39                       1.80    0.018    0.011    0.0160   4.544e-07  p
net647                      1.80    0.003    0.347    0.1004   4.523e-07  p
net890                      1.80    0.020    0.965    0.0138   4.501e-07  p
net358                      1.80    0.002    0.606    0.1158   4.481e-07  p
net19                       1.80    0.013    0.017    0.0216   4.467e-07  p
net182                      1.80    0.004    0.120    0.0688   4.460e-07  p
net619                      1.80    0.003    0.535    0.0998   4.419e-07  p
net382                      1.80    0.004    0.360    0.0750   4.386e-07  p
net801                      1.80    0.020    0.819    0.0132   4.363e-07  p
net812                      1.80    0.004    0.819    0.0614   4.362e-07  p
net493                      1.80    0.006    0.046    0.0477   4.359e-07  p
net732                      1.80    0.009    0.536    0.0301   4.347e-07  p
net285                      1.80    0.006    0.324    0.0439   4.324e-07  p
net73                       1.80    0.046    0.004    0.0058   4.309e-07  p
net519                      1.80    0.003    0.704    0.1006   4.299e-07  p
net650                      1.80    0.006    0.791    0.0478   4.294e-07  p
net297                      1.80    0.014    0.019    0.0184   4.243e-07  p
clknet_0_net744             1.80    0.023    0.055    0.0114   4.242e-07  p
net440                      1.80    0.006    0.021    0.0436   4.227e-07  p
net614                      1.80    0.002    0.780    0.1091   4.214e-07  p
net238                      1.80    0.005    0.988    0.0493   4.211e-07  p
net370                      1.80    0.003    0.682    0.1037   4.207e-07  p
net714                      1.80    0.005    0.199    0.0560   4.146e-07  p
net127                      1.80    0.002    0.290    0.1117   4.136e-07  p
net604                      1.80    0.005    0.924    0.0556   4.134e-07  p
net725                      1.80    0.003    0.039    0.0823   4.110e-07  p
net954                      1.80    0.117    0.001    0.0022   4.073e-07  p
net1054                     1.80    0.003    0.648    0.0732   4.042e-07  p
net831                      1.80    0.002    0.500    0.1000   4.027e-07  a
net444                      1.80    0.025    0.006    0.0098   4.013e-07  p
net593                      1.80    0.004    0.744    0.0609   3.973e-07  p
net36                       1.80    0.047    0.003    0.0052   3.907e-07  p
net346                      1.80    0.009    0.759    0.0253   3.834e-07  p
net771                      1.80    0.010    0.109    0.0228   3.817e-07  p
clknet_1_0__leaf_net710     1.80    0.002    0.489    0.0972   3.794e-07  p
net736                      1.80    0.004    0.062    0.0606   3.791e-07  p
net338                      1.80    0.002    0.195    0.1010   3.776e-07  p
net462                      1.80    0.002    0.581    0.1128   3.775e-07  p
net320                      1.80    0.004    0.972    0.0581   3.727e-07  p
net84                       1.80    0.061    0.003    0.0038   3.714e-07  p
net731                      1.80    0.002    0.508    0.1042   3.711e-07  p
net407                      1.80    0.010    0.081    0.0229   3.672e-07  p
net288                      1.80    0.005    0.018    0.0462   3.671e-07  p
net522                      1.80    0.002    0.751    0.0924   3.664e-07  p
net898                      1.80    0.010    0.034    0.0237   3.644e-07  p
clknet_1_1__leaf_net708     1.80    0.007    0.170    0.0345   3.638e-07  p
net78                       1.80    0.065    0.002    0.0035   3.624e-07  p
clknet_1_0__leaf_net770     1.80    0.031    0.036    0.0071   3.605e-07  p
net941                      1.80    0.012    0.259    0.0188   3.578e-07  p
net603                      1.80    0.003    0.398    0.0787   3.547e-07  p
clknet_1_0__leaf_net744     1.80    0.019    0.055    0.0114   3.520e-07  p
clknet_0_net344             1.80    0.019    0.055    0.0114   3.502e-07  p
net563                      1.80    0.002    0.170    0.0902   3.485e-07  p
net548                      1.80    0.005    0.068    0.0451   3.480e-07  p
net606                      1.80    0.003    0.198    0.0660   3.477e-07  p
net45                       1.80    0.027    0.005    0.0080   3.451e-07  p
net181                      1.80    0.009    0.072    0.0238   3.446e-07  p
net950                      1.80    0.090    0.001    0.0024   3.436e-07  p
net671                      1.80    0.003    0.876    0.0733   3.422e-07  p
net964                      1.80    0.037    0.004    0.0058   3.417e-07  p
net196                      1.80    0.027    0.006    0.0078   3.410e-07  p
net523                      1.80    0.023    0.008    0.0093   3.405e-07  p
net716                      1.80    0.041    0.009    0.0051   3.398e-07  p
net147                      1.80    0.002    0.493    0.1021   3.384e-07  p
net711                      1.80    0.008    0.237    0.0253   3.368e-07  p
net149                      1.80    0.002    0.766    0.0969   3.361e-07  p
net755                      1.80    0.003    0.238    0.0619   3.252e-07  p
net667                      1.80    0.002    0.128    0.1033   3.247e-07  p
net997                      1.80    0.035    0.004    0.0058   3.234e-07  p
net150                      1.80    0.002    0.766    0.0969   3.202e-07  p
net757                      1.80    0.008    0.043    0.0259   3.197e-07  p
net26                       1.80    0.025    0.005    0.0080   3.183e-07  p
net434                      1.80    0.002    0.599    0.0917   3.154e-07  p
clknet_1_0__leaf_net771     1.80    0.009    0.109    0.0228   3.148e-07  p
net765                      1.80    0.011    0.323    0.0169   3.136e-07  p
net265                      1.80    0.002    0.196    0.0845   3.115e-07  p
net335                      1.80    0.002    0.482    0.0854   3.113e-07  p
net28                       1.80    0.024    0.005    0.0080   3.090e-07  p
net22                       1.80    0.024    0.005    0.0080   3.072e-07  p
net567                      1.80    0.010    0.095    0.0184   3.067e-07  p
net809                      1.80    0.003    0.189    0.0612   3.040e-07  p
net657                      1.80    0.004    0.113    0.0429   3.031e-07  p
net518                      1.80    0.003    0.651    0.0739   3.004e-07  p
net445                      1.80    0.012    0.096    0.0156   3.003e-07  p
net821                      1.80    0.022    0.107    0.0082   2.986e-07  p
net675                      1.80    0.002    0.053    0.0905   2.974e-07  p
net623                      1.80    0.002    0.263    0.0742   2.973e-07  p
net432                      1.80    0.003    0.693    0.0577   2.966e-07  p
net402                      1.80    0.005    0.674    0.0340   2.940e-07  p
net628                      1.80    0.003    0.439    0.0705   2.932e-07  p
net112                      1.80    0.007    0.027    0.0255   2.848e-07  p
net29                       1.80    0.035    0.003    0.0050   2.834e-07  p
net987                      1.80    0.010    0.017    0.0182   2.807e-07  p
net574                      1.80    0.007    0.036    0.0263   2.799e-07  p
net289                      1.80    0.004    0.669    0.0451   2.790e-07  p
net517                      1.80    0.004    0.061    0.0471   2.788e-07  p
net791                      1.80    0.006    0.116    0.0299   2.759e-07  p
clknet_0_net770             1.80    0.024    0.036    0.0071   2.755e-07  p
net503                      1.80    0.008    0.262    0.0220   2.751e-07  p
net292                      1.80    0.004    0.109    0.0449   2.728e-07  p
net1061                     1.80    0.004    0.971    0.0472   2.679e-07  p
net770                      1.80    0.023    0.036    0.0071   2.663e-07  p
net744                      1.80    0.014    0.055    0.0114   2.663e-07  p
net76                       1.80    0.043    0.003    0.0038   2.638e-07  p
net792                      1.80    0.003    0.402    0.0603   2.617e-07  p
net766                      1.80    0.009    0.668    0.0169   2.605e-07  p
clknet_1_0__leaf_net344     1.80    0.014    0.055    0.0114   2.604e-07  p
out40                       1.80    0.002    0.489    0.1040   2.597e-07  p
net658                      1.80    0.003    0.974    0.0600   2.569e-07  p
net990                      1.80    0.027    0.004    0.0058   2.559e-07  p
net354                      1.80    0.003    0.865    0.0566   2.555e-07  p
net244                      1.80    0.003    0.988    0.0493   2.542e-07  p
net988                      1.80    0.009    0.017    0.0182   2.535e-07  p
net330                      1.80    0.003    0.076    0.0557   2.531e-07  p
clknet_1_0__leaf_net477     1.80    0.005    0.930    0.0290   2.475e-07  p
net287                      1.80    0.003    0.084    0.0474   2.471e-07  p
net730                      1.80    0.006    0.966    0.0240   2.470e-07  p
clknet_1_1__leaf_net744     1.80    0.013    0.055    0.0114   2.467e-07  p
net742                      1.80    0.007    0.527    0.0224   2.467e-07  pm
net325                      1.80    0.003    0.704    0.0577   2.458e-07  p
net185                      1.80    0.004    0.030    0.0337   2.456e-07  p
net712                      1.80    0.006    0.760    0.0253   2.450e-07  p
net508                      1.80    0.003    0.878    0.0483   2.444e-07  p
net89                       1.80    0.093    0.001    0.0016   2.440e-07  p
net160                      1.80    0.002    0.713    0.0703   2.426e-07  p
net390                      1.80    0.004    0.982    0.0344   2.393e-07  p
net329                      1.80    0.002    0.035    0.0681   2.379e-07  p
net721                      1.80    0.004    0.754    0.0365   2.358e-07  p
net678                      1.80    0.003    0.018    0.0462   2.356e-07  p
net32                       1.80    0.028    0.003    0.0052   2.329e-07  p
net793                      1.80    0.002    0.594    0.0601   2.323e-07  p
net655                      1.80    0.009    0.017    0.0153   2.322e-07  p
net779                      1.80    0.007    0.121    0.0191   2.304e-07  p
net360                      1.80    0.003    0.203    0.0525   2.284e-07  p
net176                      1.80    0.003    0.044    0.0470   2.264e-07  p
clknet_1_0__leaf_net887     1.80    0.039    0.996    0.0035   2.231e-07  p
net47                       1.80    0.029    0.003    0.0048   2.223e-07  p
net395                      1.80    0.014    0.046    0.0094   2.215e-07  p
net572                      1.80    0.002    0.525    0.0829   2.210e-07  p
net720                      1.80    0.004    0.241    0.0365   2.195e-07  p
net520                      1.80    0.002    0.355    0.0541   2.184e-07  p
net386                      1.80    0.014    0.892    0.0096   2.163e-07  p
net163                      1.80    0.005    0.974    0.0286   2.153e-07  p
net909                      1.80    0.022    0.004    0.0061   2.113e-07  p
net266                      1.80    0.004    0.079    0.0290   2.099e-07  p
net666                      1.80    0.009    0.980    0.0142   2.096e-07  p
net556                      1.80    0.006    0.022    0.0220   2.088e-07  p
clknet_1_0__leaf_net567     1.80    0.007    0.095    0.0184   2.076e-07  p
net183                      1.80    0.022    0.004    0.0058   2.076e-07  p
net891                      1.80    0.007    0.032    0.0172   2.046e-07  p
net193                      1.80    0.016    0.006    0.0078   2.029e-07  p
net88                       1.80    0.006    0.019    0.0210   2.011e-07  p
net448                      1.80    0.021    0.084    0.0058   2.010e-07  p
net481                      1.80    0.024    0.007    0.0052   2.003e-07  p
net781                      1.80    0.012    0.049    0.0101   1.997e-07  p
net201                      1.80    0.002    0.072    0.0532   1.996e-07  p
clknet_1_1__leaf_net344     1.80    0.011    0.055    0.0114   1.993e-07  p
net134                      1.80    0.014    0.986    0.0086   1.993e-07  p
clknet_1_1__leaf_net887     1.80    0.035    0.996    0.0035   1.992e-07  p
net344                      1.80    0.011    0.055    0.0114   1.960e-07  p
net20                       1.80    0.015    0.005    0.0080   1.939e-07  p
net178                      1.80    0.003    0.073    0.0463   1.917e-07  p
net594                      1.80    0.039    0.052    0.0030   1.908e-07  p
net468                      1.80    0.003    0.135    0.0348   1.880e-07  p
net284                      1.80    0.003    0.676    0.0443   1.877e-07  p
net803                      1.80    0.014    0.101    0.0082   1.861e-07  p
net324                      1.80    0.002    0.296    0.0577   1.858e-07  p
net999                      1.80    0.014    0.005    0.0080   1.854e-07  p
net1059                     1.80    0.005    0.355    0.0218   1.843e-07  p
net331                      1.80    0.003    0.230    0.0326   1.842e-07  p
net339                      1.80    0.003    0.214    0.0347   1.829e-07  p
net808                      1.80    0.005    0.115    0.0238   1.821e-07  p
net357                      1.80    0.027    0.975    0.0041   1.810e-07  p
net398                      1.80    0.007    0.873    0.0169   1.803e-07  p
net1036                     1.80    0.011    0.049    0.0101   1.793e-07  p
net430                      1.80    0.018    0.907    0.0063   1.789e-07  p
net722                      1.80    0.006    0.064    0.0194   1.767e-07  p
net51                       1.80    0.003    0.024    0.0312   1.756e-07  p
net694                      1.80    0.006    0.741    0.0188   1.738e-07  p
net162                      1.80    0.004    0.026    0.0284   1.735e-07  p
net159                      1.80    0.002    0.046    0.0467   1.735e-07  p
net418                      1.80    0.038    0.002    0.0028   1.714e-07  p
out41                       1.80    0.001    0.140    0.1187   1.714e-07  p
net21                       1.80    0.013    0.005    0.0080   1.713e-07  p
net1040                     1.80    0.004    0.237    0.0253   1.711e-07  p
net495                      1.80    0.005    0.677    0.0211   1.611e-07  p
clknet_1_1__leaf_net771     1.80    0.004    0.109    0.0228   1.593e-07  p
net887                      1.80    0.028    0.996    0.0035   1.589e-07  p
net1033                     1.80    0.010    0.108    0.0096   1.588e-07  p
net552                      1.80    0.002    0.068    0.0451   1.574e-07  p
net715                      1.80    0.004    0.072    0.0238   1.569e-07  p
out18                       1.80    0.001    0.422    0.1324   1.556e-07  p
net782                      1.80    0.014    0.907    0.0066   1.529e-07  p
out36                       1.80    0.001    0.682    0.1036   1.527e-07  p
net166                      1.80    0.005    0.017    0.0206   1.518e-07  p
net802                      1.80    0.007    0.173    0.0128   1.507e-07  p
net656                      1.80    0.003    0.085    0.0288   1.479e-07  p
net1052                     1.80    0.005    0.352    0.0199   1.470e-07  p
clknet_1_0__leaf_net708     1.80    0.003    0.170    0.0345   1.465e-07  p
net513                      1.80    0.002    0.036    0.0374   1.449e-07  p
net142                      1.80    0.004    0.966    0.0240   1.447e-07  p
net31                       1.80    0.038    0.001    0.0024   1.445e-07  p
clknet_0_net359             1.80    0.021    0.008    0.0043   1.442e-07  p
out50                       1.80    0.001    0.488    0.1002   1.430e-07  p
net34                       1.80    0.007    0.008    0.0123   1.417e-07  p
out30                       1.80    0.001    0.306    0.1406   1.410e-07  p
net436                      1.80    0.002    0.017    0.0457   1.407e-07  p
out17                       1.80    0.001    0.496    0.0998   1.405e-07  p
net35                       1.80    0.011    0.005    0.0080   1.401e-07  p
net101                      1.80    0.040    0.001    0.0022   1.389e-07  p
net383                      1.80    0.003    0.983    0.0339   1.385e-07  p
net585                      1.80    0.006    0.011    0.0143   1.375e-07  p
net80                       1.80    0.015    0.004    0.0058   1.370e-07  p
net496                      1.80    0.004    0.310    0.0210   1.366e-07  p
net817                      1.80    0.004    0.352    0.0199   1.350e-07  p
net645                      1.80    0.005    0.259    0.0169   1.344e-07  p
net942                      1.80    0.032    0.993    0.0026   1.338e-07  p
net783                      1.80    0.014    0.084    0.0060   1.330e-07  p
net670                      1.80    0.004    0.033    0.0209   1.323e-07  p
net369                      1.80    0.005    0.046    0.0169   1.319e-07  p
clknet_1_1__leaf_net477     1.80    0.003    0.930    0.0290   1.318e-07  p
net1000                     1.80    0.010    0.005    0.0080   1.317e-07  p
clknet_1_1__leaf_net567     1.80    0.004    0.095    0.0184   1.314e-07  p
clknet_1_1__leaf_net770     1.80    0.011    0.036    0.0071   1.309e-07  p
out10                       1.80    0.001    0.134    0.0793   1.307e-07  p
net756                      1.80    0.003    0.954    0.0260   1.307e-07  p
net15                       1.80    0.010    0.005    0.0080   1.301e-07  p
net74                       1.80    0.014    0.004    0.0058   1.283e-07  p
net388                      1.80    0.008    0.049    0.0101   1.263e-07  p
net37                       1.80    0.060    0.001    0.0013   1.260e-07  p
net799                      1.80    0.004    0.303    0.0181   1.257e-07  p
net1045                     1.80    0.003    0.852    0.0303   1.247e-07  p
net379                      1.80    0.003    0.123    0.0284   1.246e-07  p
net224                      1.80    0.007    0.009    0.0110   1.231e-07  p
net639                      1.80    0.003    0.763    0.0253   1.212e-07  p
net114                      1.80    0.019    0.003    0.0039   1.201e-07  p
clknet_0_net887             1.80    0.021    0.996    0.0035   1.197e-07  p
clknet_1_1__leaf_net445     1.80    0.005    0.096    0.0156   1.168e-07  p
net743                      1.80    0.019    0.040    0.0038   1.151e-07  p
net726                      1.80    0.020    0.984    0.0034   1.118e-07  p
net565                      1.80    0.004    0.087    0.0185   1.116e-07  p
net638                      1.80    0.003    0.237    0.0253   1.111e-07  p
net476                      1.80    0.014    0.992    0.0048   1.096e-07  p
net704                      1.80    0.005    0.185    0.0145   1.063e-07  p
net49                       1.80    0.008    0.005    0.0080   1.057e-07  p
net290                      1.80    0.002    0.113    0.0269   1.055e-07  p
net905                      1.80    0.020    0.011    0.0032   1.048e-07  p
net485                      1.80    0.021    0.998    0.0030   1.042e-07  p
clknet_0_net769             1.80    0.019    0.015    0.0034   1.031e-07  p
net473                      1.80    0.006    0.037    0.0101   1.010e-07  p
net1053                     1.80    0.004    0.667    0.0169   1.007e-07  p
net115                      1.80    0.003    0.934    0.0197   1.006e-07  p
net389                      1.80    0.006    0.951    0.0101   1.001e-07  p
clknet_1_0__leaf_net806     1.80    0.025    0.011    0.0025   9.882e-08  p
net378                      1.80    0.002    0.056    0.0278   9.828e-08  p
net105                      1.80    0.031    0.999    0.0020   9.797e-08  p
net192                      1.80    0.008    0.006    0.0078   9.783e-08  p
net455                      1.80    0.005    0.994    0.0131   9.783e-08  p
net764                      1.80    0.008    0.081    0.0072   9.676e-08  p
net359                      1.80    0.014    0.008    0.0043   9.596e-08  p
net818                      1.80    0.003    0.637    0.0199   9.561e-08  p
net498                      1.80    0.002    0.245    0.0274   9.549e-08  p
net189                      1.80    0.008    0.006    0.0078   9.494e-08  p
net270                      1.80    0.017    0.984    0.0034   9.469e-08  p
net133                      1.80    0.007    0.014    0.0086   9.392e-08  p
net396                      1.80    0.006    0.954    0.0094   9.283e-08  p
net899                      1.80    0.077    0.000    0.0007   9.183e-08  p
net479                      1.80    0.006    0.014    0.0091   9.154e-08  p
net64                       1.80    0.009    0.009    0.0063   9.139e-08  p
net278                      1.80    0.004    0.012    0.0139   9.039e-08  p
net48                       1.80    0.018    0.002    0.0030   9.012e-08  p
net952                      1.80    0.112    0.000    0.0005   8.887e-08  p
net515                      1.80    0.002    0.971    0.0278   8.865e-08  p
clknet_1_0__leaf_net445     1.80    0.003    0.096    0.0156   8.791e-08  p
net483                      1.80    0.003    0.636    0.0199   8.748e-08  p
net741                      1.80    0.002    0.463    0.0225   8.738e-08  p
clknet_1_1__leaf_net359     1.80    0.012    0.008    0.0043   8.606e-08  p
net307                      1.80    0.023    0.994    0.0023   8.603e-08  p
net1063                     1.80    0.005    0.049    0.0101   8.552e-08  p
net456                      1.80    0.002    0.990    0.0234   8.552e-08  p
net298                      1.80    0.011    0.003    0.0046   8.546e-08  p
net592                      1.80    0.003    0.352    0.0199   8.528e-08  p
net1001                     1.80    0.007    0.005    0.0080   8.487e-08  p
clknet_1_1__leaf_net806     1.80    0.021    0.011    0.0025   8.366e-08  p
net206                      1.80    0.017    0.002    0.0030   8.280e-08  p
net342                      1.80    0.003    0.049    0.0180   8.228e-08  p
net269                      1.80    0.021    0.002    0.0024   8.208e-08  p
net564                      1.80    0.003    0.120    0.0174   8.184e-08  p
net610                      1.80    0.003    0.062    0.0201   8.178e-08  p
net475                      1.80    0.010    0.008    0.0048   7.947e-08  p
net672                      1.80    0.003    0.868    0.0155   7.730e-08  p
net42                       1.80    0.022    0.999    0.0022   7.713e-08  p
net299                      1.80    0.013    0.003    0.0037   7.586e-08  p
net1056                     1.80    0.004    0.172    0.0128   7.515e-08  p
net40                       1.80    0.002    0.013    0.0188   7.498e-08  p
net467                      1.80    0.008    0.973    0.0056   7.478e-08  p
clknet_1_0__leaf_net359     1.80    0.011    0.008    0.0043   7.437e-08  p
net1031                     1.80    0.008    0.084    0.0058   7.414e-08  p
clknet_0_net806             1.80    0.018    0.011    0.0025   7.306e-08  p
net589                      1.80    0.003    0.023    0.0169   7.236e-08  p
net177                      1.80    0.012    0.040    0.0038   7.230e-08  p
net50                       1.80    0.015    0.002    0.0030   7.202e-08  p
net685                      1.80    0.007    0.082    0.0065   7.202e-08  p
net1032                     1.80    0.003    0.867    0.0155   7.182e-08  p
net684                      1.80    0.006    0.908    0.0070   7.146e-08  p
net303                      1.80    0.009    0.003    0.0046   7.093e-08  p
net401                      1.80    0.004    0.961    0.0115   6.889e-08  p
net632                      1.80    0.003    0.022    0.0148   6.871e-08  p
out57                       1.80    0.001    0.760    0.0622   6.858e-08  p
net806                      1.80    0.017    0.011    0.0025   6.710e-08  p
out61                       1.80    0.001    0.320    0.0642   6.593e-08  p
net571                      1.80    0.003    0.995    0.0127   6.563e-08  p
net18                       1.80    0.005    0.005    0.0080   6.521e-08  p
net1048                     1.80    0.008    0.009    0.0051   6.409e-08  p
net512                      1.80    0.010    0.006    0.0040   6.393e-08  p
net433                      1.80    0.006    0.907    0.0063   6.380e-08  p
net87                       1.80    0.017    0.001    0.0023   6.331e-08  p
net763                      1.80    0.005    0.910    0.0078   6.299e-08  p
net580                      1.80    0.003    0.055    0.0114   6.225e-08  p
net641                      1.80    0.006    0.907    0.0063   6.164e-08  p
net769                      1.80    0.011    0.015    0.0034   6.136e-08  p
net717                      1.80    0.016    0.010    0.0024   6.047e-08  p
net79                       1.80    0.019    0.001    0.0020   6.027e-08  p
clknet_1_0__leaf_net769     1.80    0.011    0.015    0.0034   5.952e-08  p
net190                      1.80    0.030    0.001    0.0012   5.777e-08  p
net356                      1.80    0.009    0.024    0.0039   5.759e-08  p
net1058                     1.80    0.005    0.080    0.0072   5.719e-08  p
net768                      1.80    0.048    0.989    0.0007   5.711e-08  p
net938                      1.80    0.071    0.000    0.0005   5.637e-08  p
out26                       1.80    0.000    0.724    0.0698   5.424e-08  p
net466                      1.80    0.006    0.027    0.0056   5.336e-08  p
net1057                     1.80    0.003    0.954    0.0094   5.291e-08  p
clknet_0_net469             1.80    0.019    1.000    0.0016   5.100e-08  p
out7                        1.80    0.002    0.259    0.0188   5.064e-08  p
net676                      1.80    0.002    0.995    0.0127   4.973e-08  p
net221                      1.80    0.068    0.000    0.0004   4.934e-08  p
net116                      1.80    0.002    0.019    0.0119   4.738e-08  p
net90                       1.80    0.014    0.001    0.0021   4.706e-08  p
net916                      1.80    0.089    0.996    0.0003   4.698e-08  p
net83                       1.80    0.007    0.003    0.0038   4.529e-08  p
net577                      1.80    0.003    0.107    0.0082   4.522e-08  p
net387                      1.80    0.002    0.049    0.0133   4.433e-08  p
net888                      1.80    0.018    0.006    0.0015   4.333e-08  p
net1046                     1.80    0.007    0.024    0.0039   4.268e-08  p
net427                      1.80    0.001    0.197    0.0392   4.176e-08  pm
net33                       1.80    0.050    1.000    0.0005   3.986e-08  p
out31                       1.80    0.001    0.151    0.0475   3.934e-08  p
net487                      1.80    0.009    0.007    0.0026   3.860e-08  p
net760                      1.80    0.006    0.980    0.0043   3.830e-08  p
net469                      1.80    0.015    1.000    0.0016   3.829e-08  p
net158                      1.80    0.009    0.969    0.0025   3.778e-08  p
net1042                     1.80    0.002    0.961    0.0104   3.672e-08  p
out22                       1.80    0.001    0.034    0.0237   3.669e-08  p
out32                       1.80    0.001    0.852    0.0303   3.661e-08  p
net474                      1.80    0.002    0.961    0.0104   3.576e-08  p
clknet_0_net919             1.80    0.022    0.999    0.0010   3.537e-08  p
out51                       1.80    0.000    0.676    0.0440   3.525e-08  p
net157                      1.80    0.003    0.004    0.0067   3.514e-08  p
net408                      1.80    0.012    0.001    0.0019   3.503e-08  p
net234                      1.80    0.053    0.000    0.0004   3.484e-08  p
net161                      1.80    0.015    0.003    0.0014   3.453e-08  p
net385                      1.80    0.002    0.108    0.0096   3.419e-08  p
net932                      1.80    0.007    0.004    0.0028   3.346e-08  p
net921                      1.80    0.008    0.001    0.0026   3.231e-08  p
net208                      1.80    0.041    0.000    0.0005   3.214e-08  p
net497                      1.80    0.014    0.998    0.0014   3.201e-08  p
net30                       1.80    0.006    0.002    0.0034   3.144e-08  p
out34                       1.80    0.001    0.104    0.0363   3.089e-08  p
net669                      1.80    0.002    0.995    0.0083   3.087e-08  p
net820                      1.80    0.003    0.084    0.0058   3.019e-08  p
net944                      1.80    0.065    0.000    0.0003   3.009e-08  p
net106                      1.80    0.000    0.813    0.0385   3.005e-08  pm
net819                      1.80    0.003    0.908    0.0063   2.951e-08  p
net274                      1.80    0.002    0.982    0.0072   2.879e-08  p
out15                       1.80    0.001    0.965    0.0138   2.822e-08  p
net1060                     1.80    0.004    0.980    0.0043   2.791e-08  p
net816                      1.80    0.006    0.004    0.0028   2.762e-08  p
net590                      1.80    0.006    0.011    0.0026   2.759e-08  p
net919                      1.80    0.017    0.999    0.0010   2.751e-08  p
out21                       1.80    0.001    0.880    0.0301   2.745e-08  p
net413                      1.80    0.007    0.002    0.0024   2.716e-08  p
net203                      1.80    0.013    0.001    0.0013   2.711e-08  p
net703                      1.80    0.009    0.003    0.0019   2.688e-08  p
net311                      1.80    0.034    0.999    0.0005   2.659e-08  p
net696                      1.80    0.012    0.999    0.0014   2.596e-08  p
net374                      1.80    0.013    0.001    0.0012   2.521e-08  p
net326                      1.80    0.004    0.997    0.0043   2.508e-08  p
net922                      1.80    0.006    0.969    0.0025   2.445e-08  p
out1                        1.80    0.001    0.088    0.0172   2.402e-08  p
net642                      1.80    0.003    0.004    0.0053   2.380e-08  p
net175                      1.80    0.013    0.001    0.0011   2.366e-08  p
net823                      1.80    0.006    0.969    0.0025   2.363e-08  p
net505                      1.80    0.003    0.974    0.0047   2.317e-08  p
clknet_1_1__leaf_net769     1.80    0.004    0.015    0.0034   2.317e-08  p
net1035                     1.80    0.005    0.007    0.0026   2.281e-08  p
net280                      1.80    0.005    0.998    0.0027   2.272e-08  p
net911                      1.80    0.047    0.000    0.0003   2.191e-08  p
net529                      1.80    0.018    0.986    0.0007   2.174e-08  p
clknet_0_net889             1.80    0.018    0.999    0.0007   2.155e-08  p
net900                      1.80    0.010    0.001    0.0014   2.146e-08  p
net328                      1.80    0.009    0.007    0.0014   2.109e-08  p
net296                      1.80    0.039    0.996    0.0003   2.079e-08  p
net130                      1.80    0.015    0.000    0.0009   2.016e-08  p
net102                      1.80    0.013    0.001    0.0009   2.012e-08  p
net447                      1.80    0.002    0.004    0.0060   2.001e-08  p
net746                      1.80    0.010    0.011    0.0012   1.949e-08  p
net204                      1.80    0.015    0.000    0.0008   1.923e-08  p
net681                      1.80    0.010    0.986    0.0012   1.881e-08  p
net38                       1.80    0.009    0.001    0.0013   1.839e-08  p
net889                      1.80    0.015    0.999    0.0007   1.803e-08  p
out16                       1.80    0.001    0.032    0.0172   1.772e-08  p
clknet_1_0__leaf_net919     1.80    0.011    0.999    0.0010   1.727e-08  p
net43                       1.80    0.003    0.002    0.0031   1.689e-08  p
net273                      1.80    0.032    1.000    0.0003   1.689e-08  p
net457                      1.80    0.030    0.999    0.0003   1.598e-08  p
net442                      1.80    0.003    0.993    0.0033   1.583e-08  p
net787                      1.80    0.034    0.003    0.0003   1.552e-08  p
net54                       1.80    0.004    0.001    0.0022   1.539e-08  p
net581                      1.80    0.014    0.991    0.0007   1.529e-08  p
net597                      1.80    0.003    0.996    0.0028   1.468e-08  p
out11                       1.80    0.001    0.009    0.0114   1.436e-08  p
net617                      1.80    0.003    0.009    0.0031   1.410e-08  p
net272                      1.80    0.003    0.984    0.0034   1.377e-08  p
net612                      1.80    0.004    0.990    0.0024   1.370e-08  p
net57                       1.80    0.003    0.001    0.0026   1.359e-08  p
net309                      1.80    0.011    0.997    0.0007   1.350e-08  p
net295                      1.80    0.025    0.996    0.0003   1.308e-08  p
net786                      1.80    0.012    0.991    0.0007   1.302e-08  p
out33                       1.80    0.001    0.004    0.0061   1.294e-08  p
net103                      1.80    0.016    0.000    0.0005   1.286e-08  p
out38                       1.80    0.000    0.129    0.0154   1.229e-08  p
net310                      1.80    0.003    0.995    0.0028   1.208e-08  p
clknet_1_1__leaf_net469     1.80    0.004    1.000    0.0016   1.183e-08  p
net406                      1.80    0.005    0.000    0.0015   1.183e-08  p
net173                      1.80    0.002    0.040    0.0038   1.170e-08  p
clknet_1_0__leaf_net889     1.80    0.010    0.999    0.0007   1.155e-08  p
net165                      1.80    0.016    0.998    0.0004   1.127e-08  p
net361                      1.80    0.000    0.805    0.0147   1.110e-08  pm
net305                      1.80    0.021    0.996    0.0003   1.098e-08  p
net492                      1.80    0.003    0.998    0.0027   1.097e-08  p
net437                      1.80    0.009    0.989    0.0007   1.093e-08  p
net104                      1.80    0.004    0.001    0.0018   1.085e-08  p
net180                      1.80    0.002    0.996    0.0035   1.085e-08  p
net153                      1.80    0.002    0.002    0.0031   1.077e-08  p
clknet_1_0__leaf_net469     1.80    0.004    1.000    0.0016   1.060e-08  p
net241                      1.80    0.008    0.000    0.0009   1.044e-08  p
net188                      1.80    0.008    0.000    0.0008   1.044e-08  p
net784                      1.80    0.010    0.991    0.0007   1.027e-08  p
net1062                     1.80    0.005    0.011    0.0012   1.020e-08  p
net144                      1.80    0.076    0.000    0.81e-4  9.969e-09  p
net294                      1.80    0.012    0.000    0.0005   9.856e-09  p
net231                      1.80    0.004    0.001    0.0014   9.714e-09  p
clknet_0_net930             1.80    0.018    0.999    0.0003   9.696e-09  p
net937                      1.80    0.072    0.000    0.81e-4  9.442e-09  p
net327                      1.80    0.020    0.000    0.0003   9.399e-09  p
net934                      1.80    0.012    1.000    0.0005   9.341e-09  p
net59                       1.80    0.002    0.002    0.0030   9.272e-09  p
net478                      1.80    0.014    0.001    0.0004   9.038e-09  p
clknet_1_1__leaf_net919     1.80    0.006    0.999    0.0010   8.909e-09  p
net1067                     1.80    0.004    0.006    0.0015   8.846e-09  p
net363                      1.80    0.022    0.000    0.0002   8.593e-09  p
net510                      1.80    0.003    0.999    0.0016   8.416e-09  p
net381                      1.80    0.005    0.002    0.0009   8.319e-09  p
net207                      1.80    0.007    0.000    0.0008   8.180e-09  p
net930                      1.80    0.016    0.999    0.0003   8.178e-09  p
net745                      1.80    0.003    0.979    0.0018   8.176e-09  p
clknet_0_net446             1.80    0.021    0.000    0.0002   8.128e-09  p
net926                      1.80    0.012    0.000    0.0004   7.886e-09  p
net169                      1.80    0.002    0.004    0.0028   7.840e-09  p
net393                      1.80    0.012    1.000    0.0004   7.588e-09  p
clknet_1_0__leaf_net930     1.80    0.014    0.999    0.0003   7.580e-09  p
out19                       1.80    0.001    0.004    0.0058   7.379e-09  p
net148                      1.80    0.055    0.000    0.81e-4  7.316e-09  p
net271                      1.80    0.055    0.000    0.81e-4  7.204e-09  p
clknet_1_1__leaf_net753     1.80    0.022    0.002    0.0002   7.097e-09  p
net276                      1.80    0.013    1.000    0.0003   7.073e-09  p
out9                        1.80    0.002    0.993    0.0026   6.997e-09  p
net674                      1.80    0.007    0.989    0.0007   6.910e-09  p
net545                      1.80    0.052    1.000    0.81e-4  6.851e-09  p
clknet_1_1__leaf_net930     1.80    0.012    0.999    0.0003   6.569e-09  p
net210                      1.80    0.008    0.000    0.0005   6.568e-09  p
clknet_0_net753             1.80    0.019    0.002    0.0002   6.393e-09  p
net925                      1.80    0.032    0.000    0.0001   6.305e-09  p
net293                      1.80    0.000    0.968    0.0172   6.292e-09  pm
clknet_1_1__leaf_net889     1.80    0.005    0.999    0.0007   6.191e-09  p
net306                      1.80    0.012    0.996    0.0003   6.095e-09  p
net211                      1.80    0.011    0.000    0.0003   6.032e-09  p
net55                       1.80    0.007    1.000    0.0005   5.986e-09  p
out3                        1.80    0.001    0.011    0.0032   5.928e-09  p
net194                      1.80    0.006    0.000    0.0007   5.831e-09  p
net970                      1.80    0.043    0.000    0.81e-4  5.628e-09  p
net700                      1.80    0.011    0.996    0.0003   5.583e-09  p
net737                      1.80    0.042    0.000    0.81e-4  5.529e-09  p
net750                      1.80    0.027    0.001    0.0001   5.349e-09  p
net1043                     1.80    0.002    0.007    0.0014   5.245e-09  p
net264                      1.80    0.011    1.000    0.0003   5.160e-09  p
net748                      1.80    0.005    0.990    0.0007   5.110e-09  p
net250                      1.80    0.008    1.000    0.0004   4.685e-09  p
net131                      1.80    0.035    0.000    0.81e-4  4.638e-09  p
net790                      1.80    0.009    0.997    0.0003   4.540e-09  p
net137                      1.80    0.034    0.000    0.81e-4  4.437e-09  p
net431                      1.80    0.004    0.000    0.0008   4.387e-09  p
net644                      1.80    0.007    1.000    0.0004   4.378e-09  p
net608                      1.80    0.002    0.015    0.0012   4.374e-09  p
net300                      1.80    0.008    0.996    0.0003   4.269e-09  p
out43                       1.80    0.000    0.997    0.0053   4.231e-09  p
net637                      1.80    0.008    0.996    0.0003   4.034e-09  p
net927                      1.80    0.059    1.000    0.41e-4  3.860e-09  p
net146                      1.80    0.003    0.000    0.0007   3.849e-09  p
out44                       1.80    0.001    0.001    0.0026   3.715e-09  p
net753                      1.80    0.011    0.002    0.0002   3.658e-09  p
net216                      1.80    0.006    0.000    0.0004   3.643e-09  p
net281                      1.80    0.007    0.000    0.0003   3.566e-09  p
net1034                     1.80    0.008    0.003    0.0003   3.464e-09  p
net683                      1.80    0.003    0.989    0.0007   3.462e-09  p
net446                      1.80    0.009    0.000    0.0002   3.445e-09  p
clknet_1_0__leaf_net753     1.80    0.010    0.002    0.0002   3.340e-09  p
net1055                     1.80    0.006    0.000    0.0003   3.223e-09  p
net662                      1.80    0.005    0.000    0.0004   3.138e-09  p
net762                      1.80    0.006    0.000    0.0003   3.070e-09  p
net261                      1.80    0.005    0.000    0.0004   2.918e-09  p
clknet_1_0__leaf_net446     1.80    0.007    0.000    0.0002   2.870e-09  p
net392                      1.80    0.010    0.000    0.0002   2.748e-09  p
net136                      1.80    0.021    0.000    0.81e-4  2.740e-09  p
net316                      1.80    0.007    0.000    0.0002   2.733e-09  p
out12                       1.80    0.000    0.996    0.0035   2.717e-09  p
net138                      1.80    0.020    0.000    0.81e-4  2.614e-09  p
net706                      1.80    0.019    0.034    0.81e-4  2.552e-09  p
net99                       1.80    0.005    1.000    0.0003   2.530e-09  p
net661                      1.80    0.004    0.000    0.0004   2.451e-09  p
out54                       1.80    0.001    0.004    0.0028   2.447e-09  p
net1066                     1.80    0.002    0.990    0.0007   2.394e-09  p
net1038                     1.80    0.003    1.000    0.0005   2.367e-09  p
net56                       1.80    0.007    0.000    0.0002   2.354e-09  p
out25                       1.80    0.001    0.001    0.0014   2.315e-09  p
net557                      1.80    0.002    0.991    0.0007   2.257e-09  p
net652                      1.80    0.003    0.998    0.0004   2.246e-09  p
net263                      1.80    0.005    0.000    0.0003   2.239e-09  p
out13                       1.80    0.001    0.006    0.0015   2.090e-09  p
out45                       1.80    0.000    0.969    0.0025   1.932e-09  p
clknet_1_1__leaf_net446     1.80    0.005    0.000    0.0002   1.872e-09  p
net692                      1.80    0.005    1.000    0.0002   1.830e-09  p
net291                      1.80    0.003    0.000    0.0003   1.761e-09  p
net255                      1.80    0.013    0.000    0.81e-4  1.733e-09  p
net902                      1.80    0.025    0.000    0.41e-4  1.623e-09  p
net718                      1.80    0.003    0.000    0.0004   1.567e-09  p
net343                      1.80    0.003    0.000    0.0004   1.515e-09  p
net279                      1.80    0.022    0.000    0.41e-4  1.448e-09  p
net598                      1.80    0.011    1.000    0.81e-4  1.394e-09  p
net235                      1.80    0.009    0.000    0.81e-4  1.249e-09  p
net749                      1.80    0.019    0.000    0.41e-4  1.235e-09  p
net213                      1.80    0.003    1.000    0.0002   1.203e-09  p
net923                      1.80    0.009    0.000    0.81e-4  1.161e-09  p
net1029                     1.80    0.016    0.000    0.41e-4  1.053e-09  p
net140                      1.80    0.008    0.000    0.81e-4  1.021e-09  p
out42                       1.80    0.001    0.999    0.0010   9.491e-10  p
net913                      1.80    0.012    0.000    0.41e-4  8.112e-10  p
out52                       1.80    0.001    0.999    0.0003   7.396e-10  p
net939                      1.80    0.011    0.000    0.41e-4  7.353e-10  p
net251                      1.80    0.011    0.000    0.41e-4  7.018e-10  p
out49                       1.80    0.001    0.000    0.0004   6.199e-10  p
net170                      1.80    0.009    0.000    0.41e-4  6.159e-10  p
net896                      1.80    0.009    0.000    0.41e-4  6.053e-10  p
out14                       1.80    0.001    0.999    0.0007   5.948e-10  p
out24                       1.80    0.000    0.000    0.0007   5.896e-10  p
net1064                     1.80    0.009    0.000    0.41e-4  5.817e-10  p
out6                        1.80    0.001    0.000    0.0005   5.762e-10  p
net936                      1.80    0.008    1.000    0.41e-4  5.571e-10  p
net653                      1.80    0.003    0.000    0.0001   4.948e-10  p
net494                      1.80    0.007    1.000    0.41e-4  4.681e-10  p
out4                        1.80    0.001    0.996    0.0003   4.177e-10  p
out56                       1.80    0.001    1.000    0.0005   4.031e-10  p
net506                      1.80    0.003    0.000    0.81e-4  3.430e-10  p
net52                       1.80    0.005    0.000    0.41e-4  3.120e-10  p
out35                       1.80    0.001    0.000    0.0003   2.854e-10  p
net461                      1.80    0.004    1.000    0.41e-4  2.709e-10  p
net659                      1.80    0.004    0.000    0.41e-4  2.509e-10  p
net660                      1.80    0.003    1.000    0.41e-4  2.083e-10  p
net44                       1.80    0.000    0.001    0.0010   1.772e-10  pm
net566                      1.80    0.002    1.000    0.41e-4  1.481e-10  p
out59                       1.80    0.001    0.000    0.81e-4  1.189e-10  p
out46                       1.80    0.001    0.000    0.81e-4  1.161e-10  p
out48                       1.80    0.001    0.000    0.0001   9.937e-11  p
out58                       1.80    0.001    1.000    0.41e-4  5.943e-11  p
out60                       1.80    0.001    0.000    0.41e-4  3.878e-11  p
out5                        1.80    0.001    1.000    0.41e-4  3.779e-11  p
out37                       1.80    0.001    0.000    0.41e-4  3.541e-11  p
out27                       1.80    0.001    0.000    0.41e-4  3.314e-11  p
out20                       1.80    0.000    0.000    0.41e-4  3.143e-11  p
clknet_0_net350             1.80    0.019    1.000    0.0000      0.0000  p
clknet_0_net373             1.80    0.021    0.000    0.0000      0.0000  p
clknet_0_net376             1.80    0.020    0.000    0.0000      0.0000  p
clknet_0_net480             1.80    0.019    1.000    0.0000      0.0000  p
clknet_0_net482             1.80    0.019    0.000    0.0000      0.0000  p
clknet_1_0__leaf_net350     1.80    0.011    1.000    0.0000      0.0000  p
clknet_1_0__leaf_net373     1.80    0.008    0.000    0.0000      0.0000  p
clknet_1_0__leaf_net376     1.80    0.002    0.000    0.0000      0.0000  p
clknet_1_0__leaf_net480     1.80    0.008    1.000    0.0000      0.0000  p
clknet_1_0__leaf_net482     1.80    0.002    0.000    0.0000      0.0000  p
clknet_1_1__leaf_net350     1.80    0.006    1.000    0.0000      0.0000  p
clknet_1_1__leaf_net373     1.80    0.005    0.000    0.0000      0.0000  p
clknet_1_1__leaf_net376     1.80    0.004    0.000    0.0000      0.0000  p
clknet_1_1__leaf_net480     1.80    0.009    1.000    0.0000      0.0000  p
clknet_1_1__leaf_net482     1.80    0.003    0.000    0.0000      0.0000  p
net23                       1.80    0.021    1.000    0.0000      0.0000  p
net46                       1.80    0.002    1.000    0.0000      0.0000  p
net53                       1.80    0.011    0.000    0.0000      0.0000  p
net58                       1.80    0.008    0.000    0.0000      0.0000  p
net60                       1.80    0.005    0.000    0.0000      0.0000  p
net61                       1.80    0.006    0.000    0.0000      0.0000  p
net62                       1.80    0.006    1.000    0.0000      0.0000  p
net107                      1.80    0.012    0.000    0.0000      0.0000  p
net117                      1.80    0.015    0.000    0.0000      0.0000  p
net119                      1.80    0.008    0.000    0.0000      0.0000  p
net120                      1.80    0.053    1.000    0.0000      0.0000  p
net121                      1.80    0.003    1.000    0.0000      0.0000  p
net122                      1.80    0.004    1.000    0.0000      0.0000  p
net123                      1.80    0.050    1.000    0.0000      0.0000  p
net124                      1.80    0.009    0.000    0.0000      0.0000  p
net132                      1.80    0.003    1.000    0.0000      0.0000  p
net139                      1.80    0.002    1.000    0.0000      0.0000  p
net145                      1.80    0.020    1.000    0.0000      0.0000  p
net172                      1.80    0.003    1.000    0.0000      0.0000  p
net174                      1.80    0.003    0.000    0.0000      0.0000  p
net179                      1.80    0.003    0.000    0.0000      0.0000  p
net205                      1.80    0.071    0.000    0.0000      0.0000  p
net212                      1.80    0.019    0.000    0.0000      0.0000  p
net214                      1.80    0.005    0.000    0.0000      0.0000  p
net219                      1.80    0.008    0.000    0.0000      0.0000  p
net222                      1.80    0.036    1.000    0.0000      0.0000  p
net227                      1.80    0.064    0.000    0.0000      0.0000  p
net229                      1.80    0.055    0.000    0.0000      0.0000  p
net232                      1.80    0.007    0.000    0.0000      0.0000  p
net233                      1.80    0.054    0.000    0.0000      0.0000  p
net236                      1.80    0.031    0.000    0.0000      0.0000  p
net245                      1.80    0.007    0.000    0.0000      0.0000  p
net246                      1.80    0.006    0.000    0.0000      0.0000  p
net247                      1.80    0.008    1.000    0.0000      0.0000  p
net248                      1.80    0.018    0.000    0.0000      0.0000  p
net249                      1.80    0.024    0.000    0.0000      0.0000  p
net252                      1.80    0.010    0.000    0.0000      0.0000  p
net254                      1.80    0.037    0.000    0.0000      0.0000  p
net256                      1.80    0.006    1.000    0.0000      0.0000  p
net257                      1.80    0.006    0.000    0.0000      0.0000  p
net258                      1.80    0.030    0.000    0.0000      0.0000  p
net259                      1.80    0.025    1.000    0.0000      0.0000  p
net260                      1.80    0.009    1.000    0.0000      0.0000  p
net275                      1.80    0.002    1.000    0.0000      0.0000  p
net282                      1.80    0.012    0.000    0.0000      0.0000  p
net341                      1.80    0.010    1.000    0.0000      0.0000  p
net345                      1.80    0.013    1.000    0.0000      0.0000  p
net350                      1.80    0.014    1.000    0.0000      0.0000  p
net364                      1.80    0.003    0.000    0.0000      0.0000  p
net365                      1.80    0.002    0.000    0.0000      0.0000  p
net366                      1.80    0.003    0.000    0.0000      0.0000  p
net367                      1.80    0.002    0.000    0.0000      0.0000  p
net368                      1.80    0.002    0.000    0.0000      0.0000  p
net373                      1.80    0.009    0.000    0.0000      0.0000  p
net375                      1.80    0.009    1.000    0.0000      0.0000  p
net376                      1.80    0.009    0.000    0.0000      0.0000  p
net377                      1.80    0.021    1.000    0.0000      0.0000  p
net391                      1.80    0.003    1.000    0.0000      0.0000  p
net397                      1.80    0.006    1.000    0.0000      0.0000  p
net400                      1.80    0.024    1.000    0.0000      0.0000  p
net409                      1.80    0.051    0.000    0.0000      0.0000  p
net410                      1.80    0.006    0.000    0.0000      0.0000  p
net411                      1.80    0.063    0.000    0.0000      0.0000  p
net412                      1.80    0.019    0.000    0.0000      0.0000  p
net414                      1.80    0.024    0.000    0.0000      0.0000  p
net415                      1.80    0.024    0.000    0.0000      0.0000  p
net416                      1.80    0.004    0.000    0.0000      0.0000  p
net417                      1.80    0.009    0.000    0.0000      0.0000  p
net419                      1.80    0.007    1.000    0.0000      0.0000  p
net421                      1.80    0.005    0.000    0.0000      0.0000  p
net422                      1.80    0.006    0.000    0.0000      0.0000  p
net424                      1.80    0.003    0.000    0.0000      0.0000  p
net425                      1.80    0.004    1.000    0.0000      0.0000  p
net426                      1.80    0.003    1.000    0.0000      0.0000  p
net428                      1.80    0.002    1.000    0.0000      0.0000  p
net429                      1.80    0.025    1.000    0.0000      0.0000  p
net438                      1.80    0.006    0.000    0.0000      0.0000  p
net453                      1.80    0.003    1.000    0.0000      0.0000  p
net458                      1.80    0.026    0.000    0.0000      0.0000  p
net459                      1.80    0.002    1.000    0.0000      0.0000  p
net463                      1.80    0.019    1.000    0.0000      0.0000  p
net480                      1.80    0.009    1.000    0.0000      0.0000  p
net482                      1.80    0.010    0.000    0.0000      0.0000  p
net484                      1.80    0.007    1.000    0.0000      0.0000  p
net486                      1.80    0.019    1.000    0.0000      0.0000  p
net488                      1.80    0.012    1.000    0.0000      0.0000  p
net489                      1.80    0.014    1.000    0.0000      0.0000  p
net491                      1.80    0.005    1.000    0.0000      0.0000  p
net524                      1.80    0.008    0.000    0.0000      0.0000  p
net525                      1.80    0.025    0.000    0.0000      0.0000  p
net526                      1.80    0.035    0.000    0.0000      0.0000  p
net527                      1.80    0.079    0.000    0.0000      0.0000  p
net528                      1.80    0.021    0.000    0.0000      0.0000  p
net530                      1.80    0.074    0.000    0.0000      0.0000  p
net531                      1.80    0.022    0.000    0.0000      0.0000  p
net532                      1.80    0.014    1.000    0.0000      0.0000  p
net533                      1.80    0.008    0.000    0.0000      0.0000  p
net534                      1.80    0.003    0.000    0.0000      0.0000  p
net535                      1.80    0.005    0.000    0.0000      0.0000  p
net536                      1.80    0.014    0.000    0.0000      0.0000  p
net537                      1.80    0.018    0.000    0.0000      0.0000  p
net538                      1.80    0.031    0.000    0.0000      0.0000  p
net539                      1.80    0.013    0.000    0.0000      0.0000  p
net540                      1.80    0.002    0.000    0.0000      0.0000  p
net541                      1.80    0.002    0.000    0.0000      0.0000  p
net542                      1.80    0.013    0.000    0.0000      0.0000  p
net543                      1.80    0.033    0.000    0.0000      0.0000  p
net544                      1.80    0.005    0.000    0.0000      0.0000  p
net547                      1.80    0.007    1.000    0.0000      0.0000  p
net549                      1.80    0.006    0.000    0.0000      0.0000  p
net555                      1.80    0.025    1.000    0.0000      0.0000  p
net558                      1.80    0.003    0.000    0.0000      0.0000  p
net560                      1.80    0.004    0.000    0.0000      0.0000  p
net561                      1.80    0.013    1.000    0.0000      0.0000  p
net562                      1.80    0.019    1.000    0.0000      0.0000  p
net570                      1.80    0.005    1.000    0.0000      0.0000  p
net578                      1.80    0.014    0.000    0.0000      0.0000  p
net579                      1.80    0.012    1.000    0.0000      0.0000  p
net582                      1.80    0.013    0.000    0.0000      0.0000  p
net583                      1.80    0.011    0.000    0.0000      0.0000  p
net586                      1.80    0.012    0.000    0.0000      0.0000  p
net587                      1.80    0.003    0.000    0.0000      0.0000  p
net588                      1.80    0.002    0.000    0.0000      0.0000  p
net609                      1.80    0.004    1.000    0.0000      0.0000  p
net633                      1.80    0.003    1.000    0.0000      0.0000  p
net634                      1.80    0.009    1.000    0.0000      0.0000  p
net635                      1.80    0.009    0.000    0.0000      0.0000  p
net640                      1.80    0.005    1.000    0.0000      0.0000  p
net643                      1.80    0.002    1.000    0.0000      0.0000  p
net648                      1.80    0.004    0.000    0.0000      0.0000  p
net651                      1.80    0.003    1.000    0.0000      0.0000  p
net654                      1.80    0.004    1.000    0.0000      0.0000  p
net668                      1.80    0.004    1.000    0.0000      0.0000  p
net673                      1.80    0.003    0.000    0.0000      0.0000  p
net680                      1.80    0.015    0.000    0.0000      0.0000  p
net682                      1.80    0.010    0.000    0.0000      0.0000  p
net702                      1.80    0.006    0.000    0.0000      0.0000  p
net724                      1.80    0.012    1.000    0.0000      0.0000  p
net727                      1.80    0.019    1.000    0.0000      0.0000  p
net747                      1.80    0.005    0.000    0.0000      0.0000  p
net751                      1.80    0.044    0.000    0.0000      0.0000  p
net785                      1.80    0.013    0.000    0.0000      0.0000  p
net805                      1.80    0.056    0.000    0.0000      0.0000  p
net822                      1.80    0.008    0.000    0.0000      0.0000  p
net895                      1.80    0.055    0.000    0.0000      0.0000  p
net903                      1.80    0.016    1.000    0.0000      0.0000  p
net904                      1.80    0.044    1.000    0.0000      0.0000  p
net915                      1.80    0.016    1.000    0.0000      0.0000  p
net924                      1.80    0.006    0.000    0.0000      0.0000  p
net931                      1.80    0.013    0.000    0.0000      0.0000  p
net933                      1.80    0.018    1.000    0.0000      0.0000  p
net949                      1.80    0.067    0.000    0.0000      0.0000  p
net951                      1.80    0.052    1.000    0.0000      0.0000  p
net953                      1.80    0.083    1.000    0.0000      0.0000  p
net956                      1.80    0.045    0.000    0.0000      0.0000  p
net957                      1.80    0.060    0.000    0.0000      0.0000  p
net961                      1.80    0.067    1.000    0.0000      0.0000  p
net963                      1.80    0.108    0.000    0.0000      0.0000  p
net995                      1.80    0.020    1.000    0.0000      0.0000  p
net1002                     1.80    0.002    1.000    0.0000      0.0000  p
net1017                     1.80    0.032    1.000    0.0000      0.0000  p
net1018                     1.80    0.009    1.000    0.0000      0.0000  p
net1028                     1.80    0.011    0.000    0.0000      0.0000  p
net1030                     1.80    0.012    1.000    0.0000      0.0000  p
net1044                     1.80    0.004    0.000    0.0000      0.0000  p
net1047                     1.80    0.004    0.000    0.0000      0.0000  p
net1049                     1.80    0.004    1.000    0.0000      0.0000  p
net1051                     1.80    0.005    0.000    0.0000      0.0000  p
net1065                     1.80    0.012    1.000    0.0000      0.0000  p
out2                        1.80    0.001    0.000    0.0000      0.0000  p
out28                       1.80    0.001    1.000    0.0000      0.0000  p
out29                       1.80    0.001    1.000    0.0000      0.0000  p
out39                       1.80    0.001    1.000    0.0000      0.0000  p
out47                       1.80    0.001    0.000    0.0000      0.0000  p
out53                       1.80    0.001    0.000    0.0000      0.0000  p
out55                       1.80    0.001    1.000    0.0000      0.0000  p
--------------------------------------------------------------------------------
Total (1247 nets)                                              1.625e-03 Watt



                                      Int      Switch   Leak      Total
Hierarchy                             Power    Power    Power     Power    %
--------------------------------------------------------------------------------
netlist_1                             1.79e-03 1.63e-03 8.16e-09  3.42e-03 100.0
1
