****************************************
Report : Averaged Power
	-net_power
	-hierarchy
	-sort_by net_switching_power
	-power_greater_than       0
	-nosplit
Design : netlist_1
Version: Q-2019.12-SP1
Date   : Tue Jul 30 20:22:46 2024
****************************************



  Attributes
  ----------
      a  -  Switching activity information / Switching power information annotated on net
      p  -  Propagated switching activity information on net
      d  -  Default switching activity used on net
      u  -  Net switching activity uninitialized
      m  -  Net is driven by multiple pins
      b  -  Net is a primary input (boundary net)

		Toggle rates reported with respect to time unit 1ns
--------------------------------------------------------------------------------
                                  Total      Static   Toggle   Switching
Net                         Vdd   Net Load   Prob.    Rate     Power      Attrs
--------------------------------------------------------------------------------
clknet_0_clk                1.80    0.226    0.500    0.1000   3.654e-05  a
net202                      1.80    0.105    0.280    0.1512   2.584e-05  p
net867                      1.80    0.137    0.500    0.1000   2.219e-05  a
net883                      1.80    0.124    0.500    0.1000   2.002e-05  a
net947                      1.80    0.074    0.693    0.1668   1.988e-05  p
net441                      1.80    0.089    0.579    0.1327   1.923e-05  p
net945                      1.80    0.069    0.693    0.1668   1.874e-05  p
net832                      1.80    0.111    0.500    0.1000   1.797e-05  a
net946                      1.80    0.066    0.693    0.1668   1.785e-05  p
net955                      1.80    0.090    0.229    0.1213   1.773e-05  p
net135                      1.80    0.091    0.296    0.1190   1.762e-05  p
net874                      1.80    0.108    0.500    0.1000   1.751e-05  a
net960                      1.80    0.078    0.422    0.1324   1.671e-05  p
net1016                     1.80    0.103    0.500    0.1000   1.666e-05  a
net834                      1.80    0.101    0.500    0.1000   1.637e-05  a
net92                       1.80    0.095    0.253    0.0975   1.504e-05  p
net948                      1.80    0.055    0.693    0.1668   1.483e-05  p
net962                      1.80    0.113    0.134    0.0793   1.448e-05  p
net906                      1.80    0.064    0.306    0.1406   1.446e-05  p
net835                      1.80    0.089    0.500    0.1000   1.440e-05  a
net848                      1.80    0.085    0.500    0.1000   1.381e-05  a
net1004                     1.80    0.068    0.296    0.1190   1.320e-05  p
net825                      1.80    0.080    0.500    0.1000   1.299e-05  a
net873                      1.80    0.078    0.500    0.1000   1.268e-05  a
net868                      1.80    0.078    0.500    0.1000   1.259e-05  a
clknet_4_9_0_clk            1.80    0.078    0.500    0.1000   1.256e-05  a
net340                      1.80    0.077    0.195    0.1010   1.255e-05  p
net836                      1.80    0.076    0.500    0.1000   1.226e-05  a
net969                      1.80    0.081    0.599    0.0917   1.208e-05  p
clknet_4_10_0_clk           1.80    0.074    0.500    0.1000   1.204e-05  a
net845                      1.80    0.073    0.500    0.1000   1.181e-05  a
clknet_4_11_0_clk           1.80    0.072    0.500    0.1000   1.161e-05  a
clknet_4_8_0_clk            1.80    0.071    0.500    0.1000   1.155e-05  a
clknet_4_4_0_clk            1.80    0.069    0.500    0.1000   1.121e-05  a
net85                       1.80    0.048    0.313    0.1412   1.090e-05  p
net86                       1.80    0.068    0.265    0.0981   1.084e-05  p
net871                      1.80    0.067    0.500    0.1000   1.083e-05  a
net984                      1.80    0.032    0.499    0.2054   1.051e-05  p
clknet_4_2_0_clk            1.80    0.065    0.500    0.1000   1.046e-05  a
clknet_4_3_0_clk            1.80    0.064    0.500    0.1000   1.042e-05  a
clknet_4_1_0_clk            1.80    0.064    0.500    0.1000   1.037e-05  a
net828                      1.80    0.063    0.500    0.1000   1.023e-05  a
net879                      1.80    0.063    0.500    0.1000   1.019e-05  a
net313                      1.80    0.061    0.754    0.0994   9.901e-06  p
clknet_4_12_0_clk           1.80    0.060    0.500    0.1000   9.772e-06  a
clknet_4_13_0_clk           1.80    0.060    0.500    0.1000   9.756e-06  a
net912                      1.80    0.057    0.682    0.1036   9.601e-06  p
net223                      1.80    0.091    0.967    0.0646   9.530e-06  p
clknet_4_0_0_clk            1.80    0.059    0.500    0.1000   9.507e-06  a
net972                      1.80    0.059    0.254    0.0968   9.206e-06  p
net460                      1.80    0.046    0.229    0.1213   9.113e-06  p
net17                       1.80    0.039    0.657    0.1391   8.809e-06  p
net847                      1.80    0.053    0.500    0.1000   8.524e-06  a
net624                      1.80    0.052    0.500    0.1000   8.344e-06  a
net575                      1.80    0.056    0.599    0.0917   8.284e-06  p
net859                      1.80    0.051    0.500    0.1000   8.228e-06  a
clknet_4_6_0_clk            1.80    0.050    0.500    0.1000   8.143e-06  a
net75                       1.80    0.044    0.267    0.1131   8.093e-06  p
net872                      1.80    0.049    0.500    0.1000   7.997e-06  a
clknet_4_7_0_clk            1.80    0.049    0.500    0.1000   7.925e-06  a
net841                      1.80    0.048    0.500    0.1000   7.815e-06  a
net885                      1.80    0.060    0.134    0.0793   7.713e-06  p
net863                      1.80    0.047    0.500    0.1000   7.619e-06  a
net940                      1.80    0.072    0.320    0.0642   7.494e-06  p
net584                      1.80    0.032    0.607    0.1421   7.451e-06  p
net839                      1.80    0.046    0.500    0.1000   7.385e-06  a
net958                      1.80    0.089    0.068    0.0513   7.354e-06  p
net97                       1.80    0.044    0.788    0.1021   7.195e-06  p
net974                      1.80    0.039    0.267    0.1131   7.119e-06  p
net893                      1.80    0.032    0.422    0.1324   6.955e-06  p
clknet_4_5_0_clk            1.80    0.043    0.500    0.1000   6.900e-06  a
net901                      1.80    0.060    0.724    0.0698   6.766e-06  p
net878                      1.80    0.042    0.500    0.1000   6.732e-06  a
net979                      1.80    0.042    0.145    0.0983   6.621e-06  p
net13                       1.80    0.107    0.034    0.0381   6.588e-06  p
net1007                     1.80    0.047    0.104    0.0859   6.572e-06  p
net72                       1.80    0.044    0.154    0.0917   6.528e-06  p
net1019                     1.80    0.039    0.788    0.1021   6.516e-06  p
net1                        1.80    0.020    0.497    0.2043   6.481e-06  p
net337                      1.80    0.030    0.686    0.1330   6.446e-06  p
net866                      1.80    0.039    0.500    0.1000   6.318e-06  a
net734                      1.80    0.046    0.379    0.0824   6.189e-06  p
net985                      1.80    0.018    0.499    0.2054   6.124e-06  p
net302                      1.80    0.046    0.187    0.0786   5.901e-06  p
net829                      1.80    0.036    0.500    0.1000   5.787e-06  a
net943                      1.80    0.035    0.824    0.1028   5.754e-06  p
net41                       1.80    0.075    0.044    0.0468   5.668e-06  p
net861                      1.80    0.034    0.500    0.1000   5.540e-06  a
net869                      1.80    0.033    0.500    0.1000   5.374e-06  a
net738                      1.80    0.033    0.195    0.1010   5.326e-06  p
net1013                     1.80    0.024    0.686    0.1330   5.202e-06  p
net973                      1.80    0.033    0.254    0.0968   5.172e-06  p
net3                        1.80    0.017    0.498    0.1879   5.067e-06  p
net198                      1.80    0.042    0.878    0.0729   4.960e-06  p
net796                      1.80    0.041    0.648    0.0732   4.832e-06  p
net851                      1.80    0.029    0.500    0.1000   4.746e-06  a
net225                      1.80    0.057    0.068    0.0513   4.715e-06  p
net865                      1.80    0.029    0.500    0.1000   4.667e-06  a
clknet_1_0__leaf_net892     1.80    0.029    0.496    0.0998   4.625e-06  p
clknet_4_15_0_clk           1.80    0.029    0.500    0.1000   4.622e-06  a
net917                      1.80    0.027    0.489    0.1040   4.579e-06  p
net852                      1.80    0.028    0.500    0.1000   4.531e-06  a
net849                      1.80    0.028    0.500    0.1000   4.530e-06  a
net882                      1.80    0.028    0.500    0.1000   4.464e-06  a
net728                      1.80    0.045    0.971    0.0603   4.397e-06  p
net877                      1.80    0.027    0.500    0.1000   4.391e-06  a
net976                      1.80    0.023    0.140    0.1187   4.346e-06  p
net862                      1.80    0.026    0.500    0.1000   4.247e-06  a
clknet_4_14_0_clk           1.80    0.026    0.500    0.1000   4.236e-06  a
net98                       1.80    0.030    0.122    0.0854   4.201e-06  p
net826                      1.80    0.026    0.500    0.1000   4.179e-06  a
net228                      1.80    0.022    0.289    0.1186   4.171e-06  p
net881                      1.80    0.025    0.500    0.1000   4.054e-06  a
clknet_1_0__leaf_net168     1.80    0.022    0.491    0.1109   4.017e-06  p
net824                      1.80    0.024    0.500    0.1000   3.861e-06  a
net218                      1.80    0.040    0.027    0.0601   3.847e-06  p
clknet_0_net622             1.80    0.019    0.515    0.1215   3.807e-06  p
net1003                     1.80    0.021    0.267    0.1131   3.797e-06  p
net837                      1.80    0.023    0.500    0.1000   3.779e-06  a
net918                      1.80    0.019    0.140    0.1187   3.744e-06  p
net68                       1.80    0.079    0.031    0.0290   3.710e-06  p
net1014                     1.80    0.011    0.497    0.2043   3.699e-06  p
net856                      1.80    0.023    0.500    0.1000   3.662e-06  a
clknet_0_net154             1.80    0.019    0.536    0.1174   3.638e-06  p
net601                      1.80    0.022    0.821    0.1028   3.626e-06  p
net813                      1.80    0.036    0.541    0.0626   3.617e-06  p
net975                      1.80    0.019    0.140    0.1187   3.615e-06  p
net262                      1.80    0.037    0.971    0.0604   3.602e-06  p
net546                      1.80    0.016    0.313    0.1412   3.555e-06  p
net971                      1.80    0.095    0.511    0.0229   3.533e-06  p
clknet_0_net168             1.80    0.020    0.491    0.1109   3.509e-06  p
net929                      1.80    0.049    0.676    0.0440   3.486e-06  p
net81                       1.80    0.017    0.194    0.1276   3.429e-06  p
net187                      1.80    0.022    0.254    0.0968   3.407e-06  p
net10                       1.80    0.017    0.139    0.1221   3.395e-06  p
net95                       1.80    0.016    0.245    0.1303   3.367e-06  p
net778                      1.80    0.022    0.490    0.0939   3.342e-06  p
clknet_0_net892             1.80    0.021    0.496    0.0998   3.324e-06  p
net761                      1.80    0.028    0.429    0.0724   3.305e-06  p
net843                      1.80    0.020    0.500    0.1000   3.293e-06  a
net312                      1.80    0.020    0.747    0.1003   3.268e-06  p
net850                      1.80    0.020    0.500    0.1000   3.266e-06  a
net870                      1.80    0.020    0.500    0.1000   3.198e-06  a
net0                        1.80    0.010    0.499    0.2054   3.174e-06  p
net780                      1.80    0.021    0.404    0.0924   3.167e-06  p
net66                       1.80    0.027    0.129    0.0725   3.140e-06  p
net740                      1.80    0.043    0.068    0.0451   3.137e-06  p
clknet_0_net754             1.80    0.019    0.497    0.0998   3.121e-06  p
clknet_0_net707             1.80    0.019    0.510    0.1004   3.116e-06  p
clknet_0_net710             1.80    0.020    0.489    0.0972   3.099e-06  p
net739                      1.80    0.021    0.599    0.0917   3.079e-06  p
net599                      1.80    0.018    0.824    0.1028   3.057e-06  p
net842                      1.80    0.019    0.500    0.1000   3.057e-06  a
net82                       1.80    0.017    0.260    0.1108   3.053e-06  p
net776                      1.80    0.034    0.148    0.0546   3.039e-06  p
net602                      1.80    0.018    0.179    0.1028   3.037e-06  p
net2                        1.80    0.008    0.539    0.2259   3.034e-06  p
net699                      1.80    0.016    0.528    0.1142   2.982e-06  p
clknet_1_1__leaf_net168     1.80    0.016    0.491    0.1109   2.959e-06  p
net551                      1.80    0.013    0.686    0.1330   2.877e-06  p
net435                      1.80    0.019    0.599    0.0917   2.869e-06  p
clknet_0_net507             1.80    0.020    0.126    0.0890   2.863e-06  p
net729                      1.80    0.029    0.027    0.0601   2.836e-06  p
net876                      1.80    0.017    0.500    0.1000   2.808e-06  a
clknet_0_net789             1.80    0.020    0.422    0.0833   2.761e-06  p
net91                       1.80    0.021    0.134    0.0793   2.750e-06  p
clknet_1_0__leaf_net372     1.80    0.024    0.724    0.0698   2.733e-06  p
net777                      1.80    0.030    0.849    0.0549   2.709e-06  p
net308                      1.80    0.013    0.731    0.1259   2.707e-06  p
net892                      1.80    0.017    0.496    0.0998   2.706e-06  p
net853                      1.80    0.017    0.500    0.1000   2.700e-06  a
net304                      1.80    0.056    0.032    0.0295   2.668e-06  p
clknet_0_net353             1.80    0.020    0.867    0.0800   2.655e-06  p
net404                      1.80    0.027    0.675    0.0600   2.622e-06  p
net875                      1.80    0.016    0.500    0.1000   2.620e-06  a
net554                      1.80    0.010    0.307    0.1668   2.618e-06  p
net854                      1.80    0.016    0.500    0.1000   2.599e-06  a
clknet_0_net752             1.80    0.021    0.388    0.0772   2.579e-06  p
net846                      1.80    0.016    0.500    0.1000   2.566e-06  a
net1050                     1.80    0.015    0.500    0.1000   2.501e-06  a
net1009                     1.80    0.018    0.104    0.0859   2.496e-06  p
net7                        1.80    0.015    0.138    0.1040   2.478e-06  p
net6                        1.80    0.016    0.256    0.0982   2.475e-06  p
net1020                     1.80    0.012    0.731    0.1259   2.444e-06  p
net789                      1.80    0.018    0.422    0.0833   2.419e-06  p
net1041                     1.80    0.014    0.524    0.1102   2.418e-06  p
clknet_0_net372             1.80    0.021    0.724    0.0698   2.411e-06  p
net907                      1.80    0.031    0.151    0.0475   2.363e-06  p
net168                      1.80    0.013    0.491    0.1109   2.357e-06  p
net352                      1.80    0.029    0.707    0.0496   2.354e-06  p
clknet_0_net464             1.80    0.020    0.746    0.0722   2.343e-06  p
net125                      1.80    0.068    0.019    0.0210   2.317e-06  p
net118                      1.80    0.015    0.766    0.0969   2.304e-06  p
net864                      1.80    0.014    0.500    0.1000   2.297e-06  a
net886                      1.80    0.122    0.009    0.0114   2.251e-06  p
net5                        1.80    0.014    0.242    0.0968   2.236e-06  p
net798                      1.80    0.030    0.747    0.0461   2.205e-06  p
net611                      1.80    0.009    0.280    0.1589   2.192e-06  p
net833                      1.80    0.013    0.500    0.1000   2.115e-06  a
net403                      1.80    0.022    0.325    0.0600   2.114e-06  p
net77                       1.80    0.015    0.104    0.0859   2.109e-06  p
net754                      1.80    0.013    0.497    0.0998   2.083e-06  p
clknet_1_0__leaf_net595     1.80    0.020    0.908    0.0642   2.080e-06  p
net141                      1.80    0.056    0.981    0.0230   2.067e-06  p
net154                      1.80    0.011    0.536    0.1174   2.055e-06  p
net928                      1.80    0.012    0.488    0.1002   1.990e-06  p
net348                      1.80    0.021    0.652    0.0596   1.984e-06  p
net471                      1.80    0.024    0.950    0.0505   1.972e-06  p
net691                      1.80    0.026    0.073    0.0463   1.930e-06  p
net423                      1.80    0.014    0.104    0.0859   1.928e-06  p
clknet_0_net595             1.80    0.019    0.908    0.0642   1.925e-06  p
net507                      1.80    0.013    0.126    0.0890   1.920e-06  p
net70                       1.80    0.040    0.033    0.0299   1.918e-06  p
net126                      1.80    0.010    0.287    0.1188   1.886e-06  p
net230                      1.80    0.023    0.988    0.0493   1.873e-06  p
net113                      1.80    0.060    0.064    0.0194   1.871e-06  p
clknet_1_1__leaf_net595     1.80    0.018    0.908    0.0642   1.853e-06  p
net240                      1.80    0.037    0.034    0.0310   1.842e-06  p
net838                      1.80    0.011    0.500    0.1000   1.840e-06  a
net220                      1.80    0.014    0.938    0.0811   1.811e-06  p
net25                       1.80    0.023    0.061    0.0470   1.774e-06  p
net559                      1.80    0.035    0.045    0.0313   1.770e-06  p
net830                      1.80    0.011    0.500    0.1000   1.750e-06  a
net689                      1.80    0.031    0.807    0.0342   1.726e-06  p
net880                      1.80    0.011    0.500    0.1000   1.725e-06  a
net788                      1.80    0.046    0.511    0.0229   1.722e-06  p
net372                      1.80    0.015    0.724    0.0698   1.714e-06  p
net226                      1.80    0.021    0.988    0.0493   1.706e-06  p
net267                      1.80    0.016    0.314    0.0650   1.700e-06  p
net65                       1.80    0.015    0.127    0.0716   1.697e-06  p
net860                      1.80    0.010    0.500    0.1000   1.691e-06  a
net636                      1.80    0.014    0.111    0.0769   1.684e-06  p
clknet_1_0__leaf_net754     1.80    0.010    0.497    0.0998   1.681e-06  p
net420                      1.80    0.010    0.505    0.0990   1.674e-06  p
net371                      1.80    0.007    0.494    0.1529   1.670e-06  p
net622                      1.80    0.008    0.515    0.1215   1.666e-06  p
net795                      1.80    0.013    0.653    0.0777   1.645e-06  p
net707                      1.80    0.010    0.510    0.1004   1.644e-06  p
net709                      1.80    0.013    0.624    0.0803   1.635e-06  p
net67                       1.80    0.055    0.017    0.0182   1.634e-06  p
net968                      1.80    0.085    0.019    0.0119   1.632e-06  p
net697                      1.80    0.009    0.524    0.1102   1.632e-06  p
net286                      1.80    0.023    0.011    0.0441   1.630e-06  p
clknet_1_0__leaf_net154     1.80    0.009    0.536    0.1174   1.622e-06  p
net627                      1.80    0.006    0.530    0.1758   1.617e-06  p
net96                       1.80    0.047    0.019    0.0210   1.610e-06  p
net773                      1.80    0.017    0.476    0.0563   1.592e-06  p
net332                      1.80    0.012    0.518    0.0823   1.578e-06  p
clknet_1_1__leaf_net754     1.80    0.010    0.497    0.0998   1.576e-06  p
net967                      1.80    0.081    0.019    0.0119   1.567e-06  p
net4                        1.80    0.010    0.244    0.0960   1.536e-06  p
net464                      1.80    0.013    0.746    0.0722   1.531e-06  p
net27                       1.80    0.010    0.242    0.0969   1.493e-06  p
clknet_1_0__leaf_net752     1.80    0.012    0.388    0.0772   1.491e-06  p
net664                      1.80    0.007    0.457    0.1369   1.477e-06  p
net994                      1.80    0.007    0.731    0.1259   1.476e-06  p
net472                      1.80    0.006    0.255    0.1559   1.475e-06  p
net242                      1.80    0.018    0.988    0.0493   1.472e-06  p
net16                       1.80    0.009    0.250    0.0980   1.454e-06  p
net935                      1.80    0.014    0.760    0.0622   1.447e-06  p
net268                      1.80    0.014    0.686    0.0650   1.429e-06  p
net595                      1.80    0.014    0.908    0.0642   1.423e-06  p
net710                      1.80    0.009    0.489    0.0972   1.407e-06  p
net897                      1.80    0.029    0.880    0.0301   1.394e-06  p
net351                      1.80    0.017    0.293    0.0496   1.389e-06  p
net772                      1.80    0.015    0.520    0.0566   1.383e-06  p
net983                      1.80    0.009    0.145    0.0983   1.375e-06  p
net465                      1.80    0.006    0.778    0.1428   1.373e-06  p
net108                      1.80    0.009    0.184    0.0968   1.372e-06  p
net797                      1.80    0.014    0.706    0.0607   1.364e-06  p
net501                      1.80    0.016    0.886    0.0527   1.355e-06  p
clknet_1_1__leaf_net752     1.80    0.011    0.388    0.0772   1.350e-06  p
clknet_1_0__leaf_net884     1.80    0.048    0.088    0.0172   1.343e-06  p
net992                      1.80    0.006    0.194    0.1276   1.340e-06  p
net94                       1.80    0.008    0.251    0.0988   1.330e-06  p
clknet_1_0__leaf_net464     1.80    0.011    0.746    0.0722   1.321e-06  p
net573                      1.80    0.015    0.219    0.0548   1.317e-06  p
net454                      1.80    0.041    0.990    0.0197   1.305e-06  p
net380                      1.80    0.009    0.578    0.0934   1.300e-06  p
net394                      1.80    0.019    0.060    0.0424   1.297e-06  p
net8                        1.80    0.011    0.125    0.0717   1.294e-06  p
net1012                     1.80    0.009    0.104    0.0859   1.283e-06  p
net253                      1.80    0.008    0.752    0.1040   1.269e-06  p
net186                      1.80    0.010    0.128    0.0798   1.262e-06  p
net301                      1.80    0.031    0.759    0.0253   1.262e-06  p
clknet_1_1__leaf_net884     1.80    0.045    0.088    0.0172   1.256e-06  p
net69                       1.80    0.069    0.009    0.0111   1.244e-06  p
net621                      1.80    0.006    0.353    0.1271   1.241e-06  p
net100                      1.80    0.007    0.754    0.1027   1.235e-06  p
net243                      1.80    0.015    0.988    0.0493   1.226e-06  p
net686                      1.80    0.015    0.988    0.0493   1.222e-06  p
net908                      1.80    0.025    0.852    0.0303   1.218e-06  p
clknet_1_1__leaf_net892     1.80    0.008    0.496    0.0998   1.216e-06  p
net347                      1.80    0.013    0.348    0.0596   1.213e-06  p
net321                      1.80    0.006    0.454    0.1199   1.208e-06  p
net237                      1.80    0.038    0.934    0.0197   1.206e-06  p
net759                      1.80    0.016    0.971    0.0472   1.203e-06  p
net490                      1.80    0.006    0.296    0.1190   1.201e-06  p
net794                      1.80    0.036    0.031    0.0208   1.196e-06  p
net355                      1.80    0.008    0.855    0.0941   1.190e-06  p
net502                      1.80    0.016    0.881    0.0457   1.188e-06  p
net1010                     1.80    0.009    0.104    0.0859   1.183e-06  p
net239                      1.80    0.023    0.035    0.0312   1.179e-06  p
net989                      1.80    0.040    0.017    0.0182   1.169e-06  p
net663                      1.80    0.007    0.184    0.0968   1.168e-06  p
clknet_1_1__leaf_net464     1.80    0.010    0.746    0.0722   1.162e-06  p
net1011                     1.80    0.008    0.104    0.0859   1.161e-06  p
net452                      1.80    0.015    0.976    0.0464   1.159e-06  p
net217                      1.80    0.012    0.971    0.0603   1.154e-06  p
net840                      1.80    0.007    0.500    0.1000   1.144e-06  a
net314                      1.80    0.004    0.693    0.1668   1.140e-06  p
clknet_1_1__leaf_net154     1.80    0.006    0.536    0.1174   1.137e-06  p
net752                      1.80    0.009    0.388    0.0772   1.133e-06  p
net827                      1.80    0.007    0.500    0.1000   1.127e-06  a
net576                      1.80    0.006    0.695    0.1210   1.122e-06  p
net758                      1.80    0.015    0.024    0.0469   1.121e-06  p
net63                       1.80    0.007    0.505    0.1020   1.117e-06  p
net665                      1.80    0.005    0.749    0.1290   1.110e-06  p
net322                      1.80    0.020    0.214    0.0347   1.101e-06  p
net129                      1.80    0.034    0.066    0.0197   1.097e-06  p
net353                      1.80    0.008    0.867    0.0800   1.091e-06  p
net171                      1.80    0.032    0.033    0.0209   1.083e-06  p
clknet_0_net708             1.80    0.019    0.170    0.0345   1.074e-06  p
net977                      1.80    0.006    0.140    0.1187   1.070e-06  p
net767                      1.80    0.067    0.108    0.0096   1.047e-06  p
net499                      1.80    0.007    0.414    0.0872   1.042e-06  p
clknet_1_0__leaf_net707     1.80    0.006    0.510    0.1004   1.040e-06  p
net698                      1.80    0.006    0.493    0.1021   1.039e-06  p
clknet_0_net477             1.80    0.022    0.930    0.0290   1.035e-06  p
net1006                     1.80    0.057    0.009    0.0111   1.034e-06  p
net550                      1.80    0.004    0.693    0.1668   1.033e-06  p
net649                      1.80    0.003    0.656    0.2108   1.025e-06  p
net804                      1.80    0.029    0.355    0.0218   1.022e-06  p
net774                      1.80    0.028    0.172    0.0222   1.020e-06  p
net362                      1.80    0.010    0.129    0.0660   1.019e-06  p
net152                      1.80    0.021    0.065    0.0294   1.018e-06  p
clknet_1_0__leaf_net507     1.80    0.007    0.126    0.0890   1.008e-06  p
net12                       1.80    0.009    0.123    0.0699   1.007e-06  p
net516                      1.80    0.005    0.655    0.1221   1.001e-06  p
net24                       1.80    0.006    0.145    0.0983   9.991e-07  p
net151                      1.80    0.036    0.259    0.0169   9.966e-07  p
net9                        1.80    0.013    0.062    0.0468   9.850e-07  p
net93                       1.80    0.029    0.019    0.0210   9.691e-07  p
net600                      1.80    0.006    0.292    0.1006   9.682e-07  p
net986                      1.80    0.003    0.499    0.2054   9.662e-07  p
net439                      1.80    0.005    0.467    0.1229   9.653e-07  p
net613                      1.80    0.006    0.180    0.1047   9.646e-07  p
net110                      1.80    0.006    0.154    0.0990   9.623e-07  p
net1015                     1.80    0.033    0.017    0.0182   9.621e-07  p
net993                      1.80    0.006    0.788    0.1021   9.594e-07  p
net333                      1.80    0.007    0.482    0.0823   9.558e-07  p
net991                      1.80    0.004    0.686    0.1330   9.543e-07  p
net615                      1.80    0.007    0.277    0.0872   9.465e-07  p
net336                      1.80    0.070    0.107    0.0082   9.348e-07  p
net625                      1.80    0.007    0.461    0.0792   9.289e-07  p
net646                      1.80    0.003    0.737    0.1666   9.272e-07  p
clknet_1_0__leaf_net353     1.80    0.007    0.867    0.0800   9.151e-07  p
net857                      1.80    0.006    0.500    0.1000   9.128e-07  a
net500                      1.80    0.006    0.586    0.0872   9.071e-07  p
net605                      1.80    0.005    0.703    0.1137   9.063e-07  p
net733                      1.80    0.018    0.464    0.0301   9.019e-07  p
net844                      1.80    0.006    0.500    0.1000   9.014e-07  a
net695                      1.80    0.005    0.290    0.1117   8.970e-07  p
net910                      1.80    0.015    0.104    0.0363   8.939e-07  p
net451                      1.80    0.012    0.024    0.0464   8.926e-07  p
net858                      1.80    0.005    0.500    0.1000   8.902e-07  a
net399                      1.80    0.004    0.503    0.1369   8.826e-07  p
net568                      1.80    0.005    0.528    0.1112   8.668e-07  p
net477                      1.80    0.018    0.930    0.0290   8.666e-07  p
net815                      1.80    0.006    0.525    0.0829   8.662e-07  p
net111                      1.80    0.007    0.121    0.0714   8.533e-07  p
net775                      1.80    0.024    0.823    0.0220   8.523e-07  p
net521                      1.80    0.006    0.624    0.0803   8.412e-07  p
net553                      1.80    0.003    0.693    0.1668   8.331e-07  p
net920                      1.80    0.097    0.997    0.0053   8.326e-07  p
clknet_1_1__leaf_net507     1.80    0.006    0.126    0.0890   8.318e-07  p
net155                      1.80    0.030    0.259    0.0169   8.168e-07  p
net810                      1.80    0.005    0.276    0.0916   8.009e-07  p
net319                      1.80    0.003    0.726    0.1499   7.946e-07  p
net11                       1.80    0.011    0.042    0.0465   7.943e-07  p
clknet_1_1__leaf_net372     1.80    0.007    0.724    0.0698   7.916e-07  p
net980                      1.80    0.005    0.145    0.0983   7.914e-07  p
net197                      1.80    0.018    0.031    0.0266   7.864e-07  p
net607                      1.80    0.005    0.178    0.1027   7.859e-07  p
net184                      1.80    0.006    0.132    0.0777   7.770e-07  p
net631                      1.80    0.004    0.531    0.1337   7.738e-07  p
net71                       1.80    0.016    0.033    0.0299   7.558e-07  p
net998                      1.80    0.081    0.004    0.0058   7.555e-07  p
net966                      1.80    0.039    0.019    0.0119   7.488e-07  p
net996                      1.80    0.004    0.788    0.1021   7.441e-07  p
net687                      1.80    0.009    0.112    0.0528   7.423e-07  p
net334                      1.80    0.004    0.165    0.1053   7.363e-07  p
clknet_0_net771             1.80    0.020    0.109    0.0228   7.341e-07  p
net735                      1.80    0.008    0.184    0.0579   7.232e-07  p
net509                      1.80    0.003    0.340    0.1345   7.216e-07  p
net504                      1.80    0.004    0.270    0.1239   7.150e-07  p
net620                      1.80    0.004    0.784    0.1045   7.066e-07  p
net109                      1.80    0.022    0.064    0.0194   7.041e-07  p
net618                      1.80    0.005    0.541    0.0850   6.973e-07  p
net800                      1.80    0.024    0.687    0.0181   6.967e-07  p
clknet_1_1__leaf_net353     1.80    0.005    0.867    0.0800   6.964e-07  p
net14                       1.80    0.011    0.033    0.0387   6.959e-07  p
net195                      1.80    0.074    0.004    0.0058   6.946e-07  p
net215                      1.80    0.007    0.971    0.0603   6.927e-07  p
clknet_1_1__leaf_net710     1.80    0.004    0.489    0.0972   6.864e-07  p
net449                      1.80    0.004    0.506    0.0992   6.851e-07  p
net690                      1.80    0.009    0.849    0.0475   6.815e-07  p
net209                      1.80    0.018    0.966    0.0240   6.809e-07  p
net323                      1.80    0.017    0.237    0.0253   6.805e-07  p
net626                      1.80    0.004    0.608    0.1036   6.793e-07  p
net128                      1.80    0.021    0.934    0.0197   6.723e-07  p
net965                      1.80    0.035    0.019    0.0119   6.697e-07  p
net384                      1.80    0.003    0.392    0.1617   6.695e-07  p
net914                      1.80    0.027    0.129    0.0154   6.692e-07  p
net191                      1.80    0.012    0.030    0.0337   6.588e-07  p
clknet_1_1__leaf_net622     1.80    0.003    0.515    0.1215   6.543e-07  p
clknet_0_net884             1.80    0.024    0.088    0.0172   6.538e-07  p
net981                      1.80    0.004    0.145    0.0983   6.508e-07  p
net982                      1.80    0.004    0.145    0.0983   6.491e-07  p
net814                      1.80    0.009    0.448    0.0441   6.395e-07  p
net511                      1.80    0.004    0.301    0.1052   6.359e-07  p
net1037                     1.80    0.004    0.508    0.1042   6.354e-07  p
net443                      1.80    0.004    0.599    0.0917   6.233e-07  p
net959                      1.80    0.077    0.003    0.0050   6.224e-07  p
clknet_0_net567             1.80    0.021    0.095    0.0184   6.214e-07  p
net1039                     1.80    0.006    0.314    0.0653   6.132e-07  p
net569                      1.80    0.005    0.525    0.0829   6.118e-07  p
clknet_1_1__leaf_net789     1.80    0.005    0.422    0.0833   6.105e-07  p
net315                      1.80    0.014    0.763    0.0253   5.888e-07  p
net317                      1.80    0.012    0.148    0.0303   5.885e-07  p
net719                      1.80    0.021    0.239    0.0172   5.866e-07  p
net713                      1.80    0.006    0.801    0.0560   5.769e-07  p
net978                      1.80    0.003    0.140    0.1187   5.761e-07  p
clknet_1_0__leaf_net789     1.80    0.004    0.422    0.0833   5.734e-07  p
net629                      1.80    0.003    0.641    0.1130   5.708e-07  p
clknet_1_1__leaf_net707     1.80    0.003    0.510    0.1004   5.618e-07  p
net1008                     1.80    0.004    0.104    0.0859   5.616e-07  p
net884                      1.80    0.020    0.088    0.0172   5.601e-07  p
net807                      1.80    0.005    0.345    0.0687   5.592e-07  p
net894                      1.80    0.060    0.004    0.0058   5.589e-07  p
clknet_1_0__leaf_net622     1.80    0.003    0.515    0.1215   5.487e-07  p
net318                      1.80    0.003    0.745    0.1232   5.454e-07  p
net199                      1.80    0.006    0.027    0.0601   5.451e-07  p
clknet_0_net445             1.80    0.022    0.096    0.0156   5.432e-07  p
net143                      1.80    0.018    0.979    0.0181   5.398e-07  p
net283                      1.80    0.005    0.679    0.0660   5.397e-07  p
net164                      1.80    0.004    0.886    0.0785   5.393e-07  p
net514                      1.80    0.003    0.659    0.1284   5.384e-07  p
net855                      1.80    0.003    0.500    0.1000   5.348e-07  a
net708                      1.80    0.010    0.170    0.0345   5.329e-07  p
net811                      1.80    0.005    0.172    0.0595   5.294e-07  p
net723                      1.80    0.017    0.934    0.0197   5.268e-07  p
net1005                     1.80    0.056    0.004    0.0058   5.244e-07  p
net693                      1.80    0.003    0.500    0.1000   5.236e-07  a
net200                      1.80    0.003    0.441    0.1275   5.221e-07  p
net167                      1.80    0.003    0.755    0.0975   5.149e-07  p
net450                      1.80    0.011    0.482    0.0286   5.133e-07  p
net630                      1.80    0.009    0.066    0.0332   5.076e-07  p
net470                      1.80    0.009    0.111    0.0364   5.050e-07  p
net277                      1.80    0.003    0.424    0.1156   5.038e-07  p
net596                      1.80    0.007    0.672    0.0446   5.010e-07  p
net677                      1.80    0.013    0.033    0.0241   4.942e-07  p
net405                      1.80    0.002    0.523    0.1385   4.932e-07  p
net616                      1.80    0.002    0.492    0.1462   4.916e-07  p
net890                      1.80    0.022    0.965    0.0138   4.907e-07  p
net349                      1.80    0.004    0.234    0.0856   4.895e-07  p
net591                      1.80    0.002    0.310    0.1409   4.847e-07  p
net156                      1.80    0.008    0.132    0.0366   4.760e-07  p
net493                      1.80    0.006    0.046    0.0477   4.707e-07  p
net39                       1.80    0.018    0.011    0.0160   4.683e-07  p
net358                      1.80    0.002    0.606    0.1158   4.675e-07  p
net285                      1.80    0.007    0.324    0.0439   4.648e-07  p
net19                       1.80    0.013    0.017    0.0216   4.635e-07  p
net619                      1.80    0.003    0.535    0.0998   4.586e-07  p
net182                      1.80    0.004    0.120    0.0688   4.577e-07  p
net647                      1.80    0.003    0.347    0.1004   4.564e-07  p
net801                      1.80    0.021    0.819    0.0132   4.550e-07  p
net732                      1.80    0.009    0.536    0.0301   4.537e-07  p
net73                       1.80    0.048    0.004    0.0058   4.515e-07  p
net812                      1.80    0.005    0.819    0.0614   4.508e-07  p
net650                      1.80    0.006    0.791    0.0478   4.465e-07  p
net519                      1.80    0.003    0.704    0.1006   4.459e-07  p
net382                      1.80    0.004    0.360    0.0750   4.447e-07  p
net440                      1.80    0.006    0.021    0.0436   4.414e-07  p
clknet_0_net744             1.80    0.024    0.055    0.0114   4.408e-07  p
net954                      1.80    0.125    0.001    0.0022   4.355e-07  p
net370                      1.80    0.003    0.682    0.1037   4.353e-07  p
net297                      1.80    0.015    0.019    0.0184   4.349e-07  p
net127                      1.80    0.002    0.290    0.1117   4.306e-07  p
net614                      1.80    0.002    0.780    0.1091   4.303e-07  p
net238                      1.80    0.005    0.988    0.0493   4.286e-07  p
net604                      1.80    0.005    0.924    0.0556   4.280e-07  p
net444                      1.80    0.027    0.006    0.0098   4.237e-07  p
net714                      1.80    0.005    0.199    0.0560   4.189e-07  p
net831                      1.80    0.003    0.500    0.1000   4.165e-07  a
net1054                     1.80    0.003    0.648    0.0732   4.152e-07  p
net725                      1.80    0.003    0.039    0.0823   4.136e-07  p
net36                       1.80    0.049    0.003    0.0052   4.129e-07  p
net407                      1.80    0.011    0.081    0.0229   4.104e-07  p
net346                      1.80    0.010    0.759    0.0253   4.052e-07  p
net593                      1.80    0.004    0.744    0.0609   4.036e-07  p
net771                      1.80    0.011    0.109    0.0228   3.954e-07  p
net898                      1.80    0.010    0.034    0.0237   3.943e-07  p
net736                      1.80    0.004    0.062    0.0606   3.942e-07  p
clknet_1_0__leaf_net710     1.80    0.002    0.489    0.0972   3.929e-07  p
net84                       1.80    0.064    0.003    0.0038   3.919e-07  p
net338                      1.80    0.002    0.195    0.1010   3.918e-07  p
net288                      1.80    0.005    0.018    0.0462   3.891e-07  p
clknet_1_0__leaf_net744     1.80    0.021    0.055    0.0114   3.878e-07  p
net78                       1.80    0.069    0.002    0.0035   3.866e-07  p
net462                      1.80    0.002    0.581    0.1128   3.836e-07  p
clknet_1_0__leaf_net770     1.80    0.033    0.036    0.0071   3.808e-07  p
net522                      1.80    0.003    0.751    0.0924   3.794e-07  p
net320                      1.80    0.004    0.972    0.0581   3.774e-07  p
net941                      1.80    0.012    0.259    0.0188   3.763e-07  p
clknet_1_1__leaf_net708     1.80    0.007    0.170    0.0345   3.757e-07  p
net731                      1.80    0.002    0.508    0.1042   3.742e-07  p
net603                      1.80    0.003    0.398    0.0787   3.676e-07  p
net181                      1.80    0.010    0.072    0.0238   3.675e-07  p
net523                      1.80    0.024    0.008    0.0093   3.669e-07  p
net45                       1.80    0.028    0.005    0.0080   3.665e-07  p
net950                      1.80    0.096    0.001    0.0024   3.664e-07  p
net563                      1.80    0.002    0.170    0.0902   3.624e-07  p
net716                      1.80    0.043    0.009    0.0051   3.589e-07  p
net196                      1.80    0.028    0.006    0.0078   3.587e-07  p
net548                      1.80    0.005    0.068    0.0451   3.579e-07  p
clknet_0_net344             1.80    0.019    0.055    0.0114   3.573e-07  p
net606                      1.80    0.003    0.198    0.0660   3.571e-07  p
net964                      1.80    0.038    0.004    0.0058   3.561e-07  p
net671                      1.80    0.003    0.876    0.0733   3.555e-07  p
net711                      1.80    0.009    0.237    0.0253   3.502e-07  p
net149                      1.80    0.002    0.766    0.0969   3.470e-07  p
net147                      1.80    0.002    0.493    0.1021   3.421e-07  p
net997                      1.80    0.036    0.004    0.0058   3.411e-07  p
net765                      1.80    0.012    0.323    0.0169   3.321e-07  p
net26                       1.80    0.026    0.005    0.0080   3.321e-07  p
clknet_1_0__leaf_net771     1.80    0.009    0.109    0.0228   3.316e-07  p
net667                      1.80    0.002    0.128    0.1033   3.310e-07  p
net757                      1.80    0.008    0.043    0.0259   3.308e-07  p
net755                      1.80    0.003    0.238    0.0619   3.300e-07  p
net434                      1.80    0.002    0.599    0.0917   3.254e-07  p
net402                      1.80    0.006    0.674    0.0340   3.252e-07  p
net28                       1.80    0.025    0.005    0.0080   3.228e-07  p
net821                      1.80    0.024    0.107    0.0082   3.227e-07  p
net150                      1.80    0.002    0.766    0.0969   3.219e-07  p
net22                       1.80    0.025    0.005    0.0080   3.188e-07  p
net432                      1.80    0.003    0.693    0.0577   3.184e-07  p
net657                      1.80    0.005    0.113    0.0429   3.179e-07  p
net335                      1.80    0.002    0.482    0.0854   3.174e-07  p
net265                      1.80    0.002    0.196    0.0845   3.173e-07  p
net567                      1.80    0.011    0.095    0.0184   3.158e-07  p
net623                      1.80    0.003    0.263    0.0742   3.129e-07  p
net518                      1.80    0.003    0.651    0.0739   3.108e-07  p
net29                       1.80    0.039    0.003    0.0050   3.100e-07  p
net445                      1.80    0.012    0.096    0.0156   3.088e-07  p
net809                      1.80    0.003    0.189    0.0612   3.076e-07  p
net675                      1.80    0.002    0.053    0.0905   3.036e-07  p
net574                      1.80    0.007    0.036    0.0263   3.013e-07  p
net628                      1.80    0.003    0.439    0.0705   2.987e-07  p
net987                      1.80    0.010    0.017    0.0182   2.982e-07  p
net517                      1.80    0.004    0.061    0.0471   2.949e-07  p
net503                      1.80    0.008    0.262    0.0220   2.930e-07  p
net112                      1.80    0.007    0.027    0.0255   2.919e-07  p
net289                      1.80    0.004    0.669    0.0451   2.898e-07  p
net791                      1.80    0.006    0.116    0.0299   2.885e-07  p
net770                      1.80    0.025    0.036    0.0071   2.859e-07  p
net1061                     1.80    0.004    0.971    0.0472   2.841e-07  p
net744                      1.80    0.015    0.055    0.0114   2.832e-07  p
clknet_0_net770             1.80    0.024    0.036    0.0071   2.822e-07  p
net292                      1.80    0.004    0.109    0.0449   2.789e-07  p
net76                       1.80    0.045    0.003    0.0038   2.785e-07  p
out40                       1.80    0.002    0.489    0.1040   2.772e-07  p
net792                      1.80    0.003    0.402    0.0603   2.736e-07  p
net988                      1.80    0.009    0.017    0.0182   2.713e-07  p
net766                      1.80    0.010    0.668    0.0169   2.707e-07  p
clknet_1_0__leaf_net344     1.80    0.015    0.055    0.0114   2.700e-07  p
net244                      1.80    0.003    0.988    0.0493   2.678e-07  p
net354                      1.80    0.003    0.865    0.0566   2.656e-07  p
net742                      1.80    0.007    0.527    0.0224   2.640e-07  pm
net330                      1.80    0.003    0.076    0.0557   2.635e-07  p
net990                      1.80    0.028    0.004    0.0058   2.622e-07  p
net658                      1.80    0.003    0.974    0.0600   2.618e-07  p
net89                       1.80    0.099    0.001    0.0016   2.601e-07  p
net655                      1.80    0.010    0.017    0.0153   2.590e-07  p
clknet_1_1__leaf_net744     1.80    0.014    0.055    0.0114   2.582e-07  p
net287                      1.80    0.003    0.084    0.0474   2.573e-07  p
net730                      1.80    0.007    0.966    0.0240   2.567e-07  p
net325                      1.80    0.003    0.704    0.0577   2.566e-07  p
net508                      1.80    0.003    0.878    0.0483   2.564e-07  p
clknet_1_0__leaf_net477     1.80    0.005    0.930    0.0290   2.563e-07  p
net721                      1.80    0.004    0.754    0.0365   2.562e-07  p
net185                      1.80    0.005    0.030    0.0337   2.552e-07  p
net712                      1.80    0.006    0.760    0.0253   2.514e-07  p
net160                      1.80    0.002    0.713    0.0703   2.452e-07  p
net32                       1.80    0.029    0.003    0.0052   2.443e-07  p
net329                      1.80    0.002    0.035    0.0681   2.430e-07  p
net390                      1.80    0.004    0.982    0.0344   2.416e-07  p
net678                      1.80    0.003    0.018    0.0462   2.411e-07  p
net360                      1.80    0.003    0.203    0.0525   2.404e-07  p
net395                      1.80    0.016    0.046    0.0094   2.395e-07  p
net720                      1.80    0.004    0.241    0.0365   2.370e-07  p
net793                      1.80    0.002    0.594    0.0601   2.363e-07  p
net779                      1.80    0.008    0.121    0.0191   2.360e-07  p
clknet_1_0__leaf_net887     1.80    0.042    0.996    0.0035   2.357e-07  p
net47                       1.80    0.030    0.003    0.0048   2.314e-07  p
net176                      1.80    0.003    0.044    0.0470   2.311e-07  p
net386                      1.80    0.015    0.892    0.0096   2.306e-07  p
net520                      1.80    0.003    0.355    0.0541   2.277e-07  p
net909                      1.80    0.023    0.004    0.0061   2.277e-07  p
net163                      1.80    0.005    0.974    0.0286   2.260e-07  p
net183                      1.80    0.024    0.004    0.0058   2.230e-07  p
net572                      1.80    0.002    0.525    0.0829   2.218e-07  p
net266                      1.80    0.005    0.079    0.0290   2.209e-07  p
net666                      1.80    0.010    0.980    0.0142   2.204e-07  p
clknet_1_0__leaf_net567     1.80    0.007    0.095    0.0184   2.203e-07  p
net556                      1.80    0.006    0.022    0.0220   2.197e-07  p
net193                      1.80    0.017    0.006    0.0078   2.153e-07  p
net481                      1.80    0.026    0.007    0.0052   2.152e-07  p
net891                      1.80    0.008    0.032    0.0172   2.150e-07  p
net448                      1.80    0.023    0.084    0.0058   2.138e-07  p
net20                       1.80    0.016    0.005    0.0080   2.117e-07  p
net134                      1.80    0.015    0.986    0.0086   2.110e-07  p
clknet_1_1__leaf_net887     1.80    0.037    0.996    0.0035   2.092e-07  p
clknet_1_1__leaf_net344     1.80    0.011    0.055    0.0114   2.084e-07  p
net781                      1.80    0.013    0.049    0.0101   2.071e-07  p
net88                       1.80    0.006    0.019    0.0210   2.066e-07  p
net178                      1.80    0.003    0.073    0.0463   2.016e-07  p
net201                      1.80    0.002    0.072    0.0532   2.013e-07  p
net344                      1.80    0.011    0.055    0.0114   2.010e-07  p
net468                      1.80    0.004    0.135    0.0348   2.006e-07  p
net594                      1.80    0.041    0.052    0.0030   2.001e-07  p
net331                      1.80    0.004    0.230    0.0326   1.963e-07  p
net339                      1.80    0.003    0.214    0.0347   1.961e-07  p
net357                      1.80    0.029    0.975    0.0041   1.951e-07  p
net284                      1.80    0.003    0.676    0.0443   1.937e-07  p
net803                      1.80    0.015    0.101    0.0082   1.926e-07  p
net398                      1.80    0.007    0.873    0.0169   1.925e-07  p
net430                      1.80    0.019    0.907    0.0063   1.919e-07  p
net999                      1.80    0.015    0.005    0.0080   1.911e-07  p
net324                      1.80    0.002    0.296    0.0577   1.895e-07  p
net808                      1.80    0.005    0.115    0.0238   1.894e-07  p
net1059                     1.80    0.005    0.355    0.0218   1.891e-07  p
net1036                     1.80    0.011    0.049    0.0101   1.850e-07  p
out41                       1.80    0.001    0.140    0.1187   1.820e-07  p
net162                      1.80    0.004    0.026    0.0284   1.813e-07  p
net418                      1.80    0.040    0.002    0.0028   1.813e-07  p
net722                      1.80    0.006    0.064    0.0194   1.789e-07  p
net51                       1.80    0.004    0.024    0.0312   1.787e-07  p
net159                      1.80    0.002    0.046    0.0467   1.778e-07  p
net21                       1.80    0.014    0.005    0.0080   1.767e-07  p
net694                      1.80    0.006    0.741    0.0188   1.762e-07  p
net1040                     1.80    0.004    0.237    0.0253   1.745e-07  p
net495                      1.80    0.005    0.677    0.0211   1.666e-07  p
net1033                     1.80    0.011    0.108    0.0096   1.661e-07  p
net887                      1.80    0.029    0.996    0.0035   1.660e-07  p
net552                      1.80    0.002    0.068    0.0451   1.649e-07  p
out18                       1.80    0.001    0.422    0.1324   1.638e-07  p
out36                       1.80    0.001    0.682    0.1036   1.628e-07  p
net782                      1.80    0.015    0.907    0.0066   1.614e-07  p
net166                      1.80    0.005    0.017    0.0206   1.608e-07  p
clknet_1_1__leaf_net771     1.80    0.004    0.109    0.0228   1.599e-07  p
net31                       1.80    0.041    0.001    0.0024   1.582e-07  p
net715                      1.80    0.004    0.072    0.0238   1.579e-07  p
net656                      1.80    0.003    0.085    0.0288   1.557e-07  p
net1052                     1.80    0.005    0.352    0.0199   1.554e-07  p
net802                      1.80    0.007    0.173    0.0128   1.540e-07  p
net142                      1.80    0.004    0.966    0.0240   1.539e-07  p
clknet_1_0__leaf_net708     1.80    0.003    0.170    0.0345   1.523e-07  p
out50                       1.80    0.001    0.488    0.1002   1.519e-07  p
out30                       1.80    0.001    0.306    0.1406   1.509e-07  p
net101                      1.80    0.043    0.001    0.0022   1.509e-07  p
net35                       1.80    0.012    0.005    0.0080   1.505e-07  p
clknet_0_net359             1.80    0.021    0.008    0.0043   1.493e-07  p
out17                       1.80    0.001    0.496    0.0998   1.491e-07  p
net34                       1.80    0.007    0.008    0.0123   1.482e-07  p
net513                      1.80    0.002    0.036    0.0374   1.479e-07  p
net817                      1.80    0.005    0.352    0.0199   1.460e-07  p
net496                      1.80    0.004    0.310    0.0210   1.455e-07  p
net942                      1.80    0.035    0.993    0.0026   1.442e-07  p
net369                      1.80    0.005    0.046    0.0169   1.441e-07  p
net80                       1.80    0.015    0.004    0.0058   1.441e-07  p
net436                      1.80    0.002    0.017    0.0457   1.440e-07  p
net585                      1.80    0.006    0.011    0.0143   1.439e-07  p
net1000                     1.80    0.011    0.005    0.0080   1.428e-07  p
net383                      1.80    0.003    0.983    0.0339   1.417e-07  p
net645                      1.80    0.005    0.259    0.0169   1.396e-07  p
clknet_1_1__leaf_net477     1.80    0.003    0.930    0.0290   1.387e-07  p
out10                       1.80    0.001    0.134    0.0793   1.383e-07  p
clknet_1_1__leaf_net567     1.80    0.005    0.095    0.0184   1.382e-07  p
net783                      1.80    0.014    0.084    0.0060   1.379e-07  p
clknet_1_1__leaf_net770     1.80    0.012    0.036    0.0071   1.378e-07  p
net74                       1.80    0.015    0.004    0.0058   1.370e-07  p
net670                      1.80    0.004    0.033    0.0209   1.339e-07  p
net15                       1.80    0.010    0.005    0.0080   1.332e-07  p
net37                       1.80    0.063    0.001    0.0013   1.330e-07  p
net756                      1.80    0.003    0.954    0.0260   1.323e-07  p
net388                      1.80    0.008    0.049    0.0101   1.314e-07  p
net379                      1.80    0.003    0.123    0.0284   1.302e-07  p
net224                      1.80    0.007    0.009    0.0110   1.292e-07  p
net799                      1.80    0.004    0.303    0.0181   1.286e-07  p
net114                      1.80    0.020    0.003    0.0039   1.283e-07  p
net1045                     1.80    0.003    0.852    0.0303   1.280e-07  p
clknet_1_1__leaf_net445     1.80    0.005    0.096    0.0156   1.259e-07  p
net639                      1.80    0.003    0.763    0.0253   1.248e-07  p
clknet_0_net887             1.80    0.022    0.996    0.0035   1.225e-07  p
net743                      1.80    0.020    0.040    0.0038   1.213e-07  p
net476                      1.80    0.015    0.992    0.0048   1.175e-07  p
net726                      1.80    0.021    0.984    0.0034   1.172e-07  p
net565                      1.80    0.004    0.087    0.0185   1.131e-07  p
net638                      1.80    0.003    0.237    0.0253   1.127e-07  p
net704                      1.80    0.005    0.185    0.0145   1.126e-07  p
net905                      1.80    0.021    0.011    0.0032   1.108e-07  p
net49                       1.80    0.008    0.005    0.0080   1.100e-07  p
net485                      1.80    0.023    0.998    0.0030   1.098e-07  p
net290                      1.80    0.002    0.113    0.0269   1.079e-07  p
net473                      1.80    0.006    0.037    0.0101   1.059e-07  p
net192                      1.80    0.008    0.006    0.0078   1.056e-07  p
clknet_0_net769             1.80    0.019    0.015    0.0034   1.052e-07  p
clknet_1_0__leaf_net806     1.80    0.026    0.011    0.0025   1.036e-07  p
net389                      1.80    0.006    0.951    0.0101   1.036e-07  p
net1053                     1.80    0.004    0.667    0.0169   1.031e-07  p
net105                      1.80    0.032    0.999    0.0020   1.025e-07  p
net359                      1.80    0.015    0.008    0.0043   1.023e-07  p
net378                      1.80    0.002    0.056    0.0278   1.021e-07  p
net115                      1.80    0.003    0.934    0.0197   1.020e-07  p
net455                      1.80    0.005    0.994    0.0131   1.019e-07  p
net133                      1.80    0.007    0.014    0.0086   1.009e-07  p
net764                      1.80    0.009    0.081    0.0072   1.005e-07  p
net270                      1.80    0.018    0.984    0.0034   9.994e-08  p
net189                      1.80    0.008    0.006    0.0078   9.932e-08  p
net818                      1.80    0.003    0.637    0.0199   9.837e-08  p
net498                      1.80    0.002    0.245    0.0274   9.821e-08  p
net64                       1.80    0.010    0.009    0.0063   9.747e-08  p
net899                      1.80    0.082    0.000    0.0007   9.680e-08  p
net396                      1.80    0.006    0.954    0.0094   9.581e-08  p
net479                      1.80    0.006    0.014    0.0091   9.522e-08  p
net48                       1.80    0.019    0.002    0.0030   9.455e-08  p
net952                      1.80    0.119    0.000    0.0005   9.442e-08  p
net278                      1.80    0.004    0.012    0.0139   9.413e-08  p
clknet_1_0__leaf_net445     1.80    0.004    0.096    0.0156   9.371e-08  p
net307                      1.80    0.025    0.994    0.0023   9.222e-08  p
net483                      1.80    0.003    0.636    0.0199   9.222e-08  p
net206                      1.80    0.019    0.002    0.0030   9.139e-08  p
net741                      1.80    0.002    0.463    0.0225   9.129e-08  p
net515                      1.80    0.002    0.971    0.0278   9.111e-08  p
net298                      1.80    0.012    0.003    0.0046   9.082e-08  p
clknet_1_1__leaf_net359     1.80    0.013    0.008    0.0043   9.047e-08  p
net592                      1.80    0.003    0.352    0.0199   8.978e-08  p
net1001                     1.80    0.007    0.005    0.0080   8.854e-08  p
net1063                     1.80    0.005    0.049    0.0101   8.848e-08  p
net456                      1.80    0.002    0.990    0.0234   8.794e-08  p
net342                      1.80    0.003    0.049    0.0180   8.774e-08  p
clknet_1_1__leaf_net806     1.80    0.022    0.011    0.0025   8.712e-08  p
net269                      1.80    0.022    0.002    0.0024   8.507e-08  p
net564                      1.80    0.003    0.120    0.0174   8.500e-08  p
net610                      1.80    0.003    0.062    0.0201   8.268e-08  p
net42                       1.80    0.023    0.999    0.0022   8.221e-08  p
net475                      1.80    0.011    0.008    0.0048   8.214e-08  p
net299                      1.80    0.013    0.003    0.0037   8.180e-08  p
net672                      1.80    0.003    0.868    0.0155   8.162e-08  p
net467                      1.80    0.009    0.973    0.0056   7.863e-08  p
net1031                     1.80    0.008    0.084    0.0058   7.861e-08  p
clknet_1_0__leaf_net359     1.80    0.011    0.008    0.0043   7.776e-08  p
net177                      1.80    0.012    0.040    0.0038   7.698e-08  p
net1056                     1.80    0.004    0.172    0.0128   7.684e-08  p
net40                       1.80    0.003    0.013    0.0188   7.668e-08  p
net685                      1.80    0.007    0.082    0.0065   7.538e-08  p
net50                       1.80    0.015    0.002    0.0030   7.508e-08  p
net589                      1.80    0.003    0.023    0.0169   7.474e-08  p
clknet_0_net806             1.80    0.018    0.011    0.0025   7.376e-08  p
out57                       1.80    0.001    0.760    0.0622   7.365e-08  p
net303                      1.80    0.010    0.003    0.0046   7.359e-08  p
net1032                     1.80    0.003    0.867    0.0155   7.283e-08  p
net684                      1.80    0.006    0.908    0.0070   7.227e-08  p
net401                      1.80    0.004    0.961    0.0115   7.104e-08  p
out61                       1.80    0.001    0.320    0.0642   7.058e-08  p
net512                      1.80    0.011    0.006    0.0040   7.037e-08  p
net632                      1.80    0.003    0.022    0.0148   6.996e-08  p
net806                      1.80    0.017    0.011    0.0025   6.943e-08  p
net18                       1.80    0.005    0.005    0.0080   6.770e-08  p
net571                      1.80    0.003    0.995    0.0127   6.715e-08  p
net1048                     1.80    0.008    0.009    0.0051   6.650e-08  p
net433                      1.80    0.006    0.907    0.0063   6.592e-08  p
net87                       1.80    0.018    0.001    0.0023   6.570e-08  p
net580                      1.80    0.004    0.055    0.0114   6.498e-08  p
net717                      1.80    0.017    0.010    0.0024   6.444e-08  p
net79                       1.80    0.020    0.001    0.0020   6.438e-08  p
net769                      1.80    0.012    0.015    0.0034   6.381e-08  p
net763                      1.80    0.005    0.910    0.0078   6.375e-08  p
net641                      1.80    0.006    0.907    0.0063   6.349e-08  p
clknet_1_0__leaf_net769     1.80    0.011    0.015    0.0034   6.203e-08  p
net190                      1.80    0.032    0.001    0.0012   6.108e-08  p
net356                      1.80    0.010    0.024    0.0039   6.061e-08  p
net938                      1.80    0.076    0.000    0.0005   6.024e-08  p
net768                      1.80    0.051    0.989    0.0007   6.010e-08  p
net1058                     1.80    0.005    0.080    0.0072   5.923e-08  p
net466                      1.80    0.006    0.027    0.0056   5.731e-08  p
out26                       1.80    0.001    0.724    0.0698   5.703e-08  p
net1057                     1.80    0.004    0.954    0.0094   5.436e-08  p
out7                        1.80    0.002    0.259    0.0188   5.373e-08  p
net221                      1.80    0.073    0.000    0.0004   5.284e-08  p
clknet_0_net469             1.80    0.020    1.000    0.0016   5.202e-08  p
net90                       1.80    0.015    0.001    0.0021   5.026e-08  p
net676                      1.80    0.002    0.995    0.0127   5.014e-08  p
net916                      1.80    0.094    0.996    0.0003   4.962e-08  p
net116                      1.80    0.002    0.019    0.0119   4.802e-08  p
net577                      1.80    0.004    0.107    0.0082   4.698e-08  p
net83                       1.80    0.008    0.003    0.0038   4.676e-08  p
net1046                     1.80    0.007    0.024    0.0039   4.644e-08  p
net427                      1.80    0.001    0.197    0.0392   4.540e-08  pm
net387                      1.80    0.002    0.049    0.0133   4.506e-08  p
net888                      1.80    0.019    0.006    0.0015   4.484e-08  p
net33                       1.80    0.053    1.000    0.0005   4.218e-08  p
net487                      1.80    0.010    0.007    0.0026   4.158e-08  p
out31                       1.80    0.001    0.151    0.0475   4.145e-08  p
net469                      1.80    0.015    1.000    0.0016   3.993e-08  p
net158                      1.80    0.010    0.969    0.0025   3.980e-08  p
net760                      1.80    0.006    0.980    0.0043   3.952e-08  p
out22                       1.80    0.001    0.034    0.0237   3.874e-08  p
out32                       1.80    0.001    0.852    0.0303   3.845e-08  p
net1042                     1.80    0.002    0.961    0.0104   3.818e-08  p
net161                      1.80    0.017    0.003    0.0014   3.739e-08  p
out51                       1.80    0.001    0.676    0.0440   3.709e-08  p
net234                      1.80    0.055    0.000    0.0004   3.658e-08  p
net408                      1.80    0.012    0.001    0.0019   3.621e-08  p
net474                      1.80    0.002    0.961    0.0104   3.598e-08  p
net385                      1.80    0.002    0.108    0.0096   3.573e-08  p
clknet_0_net919             1.80    0.022    0.999    0.0010   3.557e-08  p
net157                      1.80    0.003    0.004    0.0067   3.545e-08  p
net208                      1.80    0.044    0.000    0.0005   3.481e-08  p
net497                      1.80    0.015    0.998    0.0014   3.469e-08  p
net932                      1.80    0.007    0.004    0.0028   3.413e-08  p
out34                       1.80    0.001    0.104    0.0363   3.309e-08  p
net921                      1.80    0.008    0.001    0.0026   3.283e-08  p
net30                       1.80    0.006    0.002    0.0034   3.282e-08  p
net106                      1.80    0.001    0.813    0.0385   3.209e-08  pm
net944                      1.80    0.069    0.000    0.0003   3.191e-08  p
net669                      1.80    0.002    0.995    0.0083   3.159e-08  p
net820                      1.80    0.003    0.084    0.0058   3.126e-08  p
net819                      1.80    0.003    0.908    0.0063   3.041e-08  p
net274                      1.80    0.003    0.982    0.0072   2.978e-08  p
out21                       1.80    0.001    0.880    0.0301   2.958e-08  p
out15                       1.80    0.001    0.965    0.0138   2.933e-08  p
net590                      1.80    0.007    0.011    0.0026   2.907e-08  p
net1060                     1.80    0.004    0.980    0.0043   2.891e-08  p
net203                      1.80    0.014    0.001    0.0013   2.886e-08  p
net919                      1.80    0.018    0.999    0.0010   2.872e-08  p
net703                      1.80    0.009    0.003    0.0019   2.872e-08  p
net311                      1.80    0.036    0.999    0.0005   2.847e-08  p
net696                      1.80    0.013    0.999    0.0014   2.838e-08  p
net816                      1.80    0.006    0.004    0.0028   2.829e-08  p
net413                      1.80    0.007    0.002    0.0024   2.774e-08  p
net374                      1.80    0.014    0.001    0.0012   2.701e-08  p
net326                      1.80    0.004    0.997    0.0043   2.644e-08  p
out1                        1.80    0.001    0.088    0.0172   2.549e-08  p
net175                      1.80    0.014    0.001    0.0011   2.516e-08  p
net922                      1.80    0.006    0.969    0.0025   2.506e-08  p
net280                      1.80    0.006    0.998    0.0027   2.465e-08  p
net642                      1.80    0.003    0.004    0.0053   2.454e-08  p
net1035                     1.80    0.006    0.007    0.0026   2.418e-08  p
net823                      1.80    0.006    0.969    0.0025   2.405e-08  p
clknet_1_1__leaf_net769     1.80    0.004    0.015    0.0034   2.385e-08  p
net505                      1.80    0.003    0.974    0.0047   2.360e-08  p
net900                      1.80    0.010    0.001    0.0014   2.317e-08  p
net529                      1.80    0.019    0.986    0.0007   2.289e-08  p
net911                      1.80    0.049    0.000    0.0003   2.281e-08  p
net296                      1.80    0.042    0.996    0.0003   2.202e-08  p
net328                      1.80    0.009    0.007    0.0014   2.174e-08  p
clknet_0_net889             1.80    0.018    0.999    0.0007   2.171e-08  p
net130                      1.80    0.015    0.000    0.0009   2.126e-08  p
net102                      1.80    0.014    0.001    0.0009   2.088e-08  p
net447                      1.80    0.002    0.004    0.0060   2.055e-08  p
net746                      1.80    0.010    0.011    0.0012   2.039e-08  p
net204                      1.80    0.016    0.000    0.0008   2.006e-08  p
net681                      1.80    0.010    0.986    0.0012   1.931e-08  p
net38                       1.80    0.009    0.001    0.0013   1.916e-08  p
out16                       1.80    0.001    0.032    0.0172   1.889e-08  p
net889                      1.80    0.016    0.999    0.0007   1.844e-08  p
clknet_1_0__leaf_net919     1.80    0.012    0.999    0.0010   1.832e-08  p
net273                      1.80    0.034    1.000    0.0003   1.780e-08  p
net43                       1.80    0.003    0.002    0.0031   1.776e-08  p
net442                      1.80    0.003    0.993    0.0033   1.694e-08  p
net457                      1.80    0.032    0.999    0.0003   1.692e-08  p
net787                      1.80    0.035    0.003    0.0003   1.634e-08  p
net581                      1.80    0.015    0.991    0.0007   1.630e-08  p
net54                       1.80    0.004    0.001    0.0022   1.574e-08  p
out11                       1.80    0.001    0.009    0.0114   1.507e-08  p
net597                      1.80    0.003    0.996    0.0028   1.507e-08  p
net57                       1.80    0.003    0.001    0.0026   1.432e-08  p
net272                      1.80    0.003    0.984    0.0034   1.432e-08  p
net612                      1.80    0.004    0.990    0.0024   1.429e-08  p
net617                      1.80    0.003    0.009    0.0031   1.426e-08  p
net309                      1.80    0.012    0.997    0.0007   1.405e-08  p
net786                      1.80    0.013    0.991    0.0007   1.382e-08  p
net295                      1.80    0.026    0.996    0.0003   1.380e-08  p
net103                      1.80    0.017    0.000    0.0005   1.371e-08  p
out33                       1.80    0.001    0.004    0.0061   1.365e-08  p
out38                       1.80    0.001    0.129    0.0154   1.291e-08  p
net310                      1.80    0.003    0.995    0.0028   1.267e-08  p
net361                      1.80    0.001    0.805    0.0147   1.248e-08  pm
net406                      1.80    0.005    0.000    0.0015   1.218e-08  p
clknet_1_1__leaf_net469     1.80    0.005    1.000    0.0016   1.209e-08  p
clknet_1_0__leaf_net889     1.80    0.010    0.999    0.0007   1.192e-08  p
net173                      1.80    0.002    0.040    0.0038   1.185e-08  p
net165                      1.80    0.016    0.998    0.0004   1.176e-08  p
net437                      1.80    0.010    0.989    0.0007   1.158e-08  p
net305                      1.80    0.022    0.996    0.0003   1.153e-08  p
net104                      1.80    0.004    0.001    0.0018   1.130e-08  p
net492                      1.80    0.003    0.998    0.0027   1.125e-08  p
net188                      1.80    0.009    0.000    0.0008   1.111e-08  p
clknet_1_0__leaf_net469     1.80    0.004    1.000    0.0016   1.107e-08  p
net180                      1.80    0.002    0.996    0.0035   1.104e-08  p
net153                      1.80    0.002    0.002    0.0031   1.094e-08  p
net1062                     1.80    0.005    0.011    0.0012   1.067e-08  p
net784                      1.80    0.010    0.991    0.0007   1.064e-08  p
net241                      1.80    0.008    0.000    0.0009   1.063e-08  p
net144                      1.80    0.080    0.000    0.81e-4  1.059e-08  p
net327                      1.80    0.022    0.000    0.0003   1.028e-08  p
net294                      1.80    0.013    0.000    0.0005   1.027e-08  p
net937                      1.80    0.077    0.000    0.81e-4  1.014e-08  p
net478                      1.80    0.015    0.001    0.0004   9.933e-09  p
net231                      1.80    0.004    0.001    0.0014   9.906e-09  p
clknet_0_net930             1.80    0.019    0.999    0.0003   9.856e-09  p
net934                      1.80    0.012    1.000    0.0005   9.677e-09  p
net59                       1.80    0.002    0.002    0.0030   9.330e-09  p
net363                      1.80    0.023    0.000    0.0002   9.127e-09  p
net1067                     1.80    0.004    0.006    0.0015   9.124e-09  p
clknet_1_1__leaf_net919     1.80    0.006    0.999    0.0010   9.116e-09  p
net510                      1.80    0.003    0.999    0.0016   8.921e-09  p
net207                      1.80    0.007    0.000    0.0008   8.732e-09  p
net381                      1.80    0.006    0.002    0.0009   8.641e-09  p
net930                      1.80    0.016    0.999    0.0003   8.548e-09  p
net745                      1.80    0.003    0.979    0.0018   8.510e-09  p
clknet_0_net446             1.80    0.021    0.000    0.0002   8.410e-09  p
net926                      1.80    0.013    0.000    0.0004   8.353e-09  p
net393                      1.80    0.013    1.000    0.0004   8.340e-09  p
clknet_1_0__leaf_net930     1.80    0.015    0.999    0.0003   8.166e-09  p
net169                      1.80    0.002    0.004    0.0028   7.871e-09  p
out19                       1.80    0.001    0.004    0.0058   7.787e-09  p
net148                      1.80    0.059    0.000    0.81e-4  7.765e-09  p
net271                      1.80    0.058    0.000    0.81e-4  7.582e-09  p
net276                      1.80    0.014    1.000    0.0003   7.465e-09  p
net674                      1.80    0.007    0.989    0.0007   7.360e-09  p
clknet_1_1__leaf_net753     1.80    0.022    0.002    0.0002   7.346e-09  p
out9                        1.80    0.002    0.993    0.0026   7.298e-09  p
net545                      1.80    0.054    1.000    0.81e-4  7.181e-09  p
net293                      1.80    0.000    0.968    0.0172   7.005e-09  pm
clknet_1_1__leaf_net930     1.80    0.013    0.999    0.0003   6.990e-09  p
net210                      1.80    0.009    0.000    0.0005   6.861e-09  p
net925                      1.80    0.033    0.000    0.0001   6.543e-09  p
clknet_0_net753             1.80    0.020    0.002    0.0002   6.463e-09  p
net306                      1.80    0.012    0.996    0.0003   6.380e-09  p
clknet_1_1__leaf_net889     1.80    0.005    0.999    0.0007   6.370e-09  p
net211                      1.80    0.012    0.000    0.0003   6.355e-09  p
net55                       1.80    0.007    1.000    0.0005   6.347e-09  p
out3                        1.80    0.001    0.011    0.0032   6.274e-09  p
net194                      1.80    0.006    0.000    0.0007   6.059e-09  p
net970                      1.80    0.045    0.000    0.81e-4  5.872e-09  p
net737                      1.80    0.044    0.000    0.81e-4  5.852e-09  p
net700                      1.80    0.011    0.996    0.0003   5.706e-09  p
net750                      1.80    0.028    0.001    0.0001   5.632e-09  p
net264                      1.80    0.012    1.000    0.0003   5.439e-09  p
net1043                     1.80    0.002    0.007    0.0014   5.324e-09  p
net748                      1.80    0.005    0.990    0.0007   5.215e-09  p
net131                      1.80    0.038    0.000    0.81e-4  4.996e-09  p
net250                      1.80    0.008    1.000    0.0004   4.970e-09  p
net644                      1.80    0.007    1.000    0.0004   4.779e-09  p
net137                      1.80    0.035    0.000    0.81e-4  4.677e-09  p
net790                      1.80    0.009    0.997    0.0003   4.655e-09  p
net431                      1.80    0.004    0.000    0.0008   4.560e-09  p
net608                      1.80    0.002    0.015    0.0012   4.465e-09  p
out43                       1.80    0.001    0.997    0.0053   4.452e-09  p
net300                      1.80    0.008    0.996    0.0003   4.442e-09  p
net637                      1.80    0.008    0.996    0.0003   4.206e-09  p
net146                      1.80    0.003    0.000    0.0007   4.097e-09  p
net927                      1.80    0.062    1.000    0.41e-4  4.082e-09  p
out44                       1.80    0.001    0.001    0.0026   3.946e-09  p
net216                      1.80    0.006    0.000    0.0004   3.883e-09  p
net753                      1.80    0.011    0.002    0.0002   3.765e-09  p
net281                      1.80    0.007    0.000    0.0003   3.731e-09  p
net1034                     1.80    0.008    0.003    0.0003   3.725e-09  p
net683                      1.80    0.003    0.989    0.0007   3.509e-09  p
clknet_1_0__leaf_net753     1.80    0.011    0.002    0.0002   3.474e-09  p
net446                      1.80    0.009    0.000    0.0002   3.466e-09  p
net1055                     1.80    0.006    0.000    0.0003   3.319e-09  p
net662                      1.80    0.006    0.000    0.0004   3.305e-09  p
net261                      1.80    0.005    0.000    0.0004   3.159e-09  p
net762                      1.80    0.006    0.000    0.0003   3.121e-09  p
clknet_1_0__leaf_net446     1.80    0.008    0.000    0.0002   3.029e-09  p
net392                      1.80    0.011    0.000    0.0002   2.882e-09  p
out12                       1.80    0.001    0.996    0.0035   2.862e-09  p
net316                      1.80    0.007    0.000    0.0002   2.832e-09  p
net136                      1.80    0.021    0.000    0.81e-4  2.799e-09  p
net706                      1.80    0.020    0.034    0.81e-4  2.696e-09  p
net138                      1.80    0.020    0.000    0.81e-4  2.692e-09  p
net99                       1.80    0.005    1.000    0.0003   2.626e-09  p
net661                      1.80    0.004    0.000    0.0004   2.608e-09  p
out54                       1.80    0.001    0.004    0.0028   2.607e-09  p
net1038                     1.80    0.003    1.000    0.0005   2.526e-09  p
net56                       1.80    0.007    0.000    0.0002   2.446e-09  p
net1066                     1.80    0.002    0.990    0.0007   2.436e-09  p
out25                       1.80    0.001    0.001    0.0014   2.426e-09  p
net652                      1.80    0.003    0.998    0.0004   2.341e-09  p
net557                      1.80    0.002    0.991    0.0007   2.329e-09  p
net263                      1.80    0.005    0.000    0.0003   2.281e-09  p
out13                       1.80    0.001    0.006    0.0015   2.220e-09  p
out45                       1.80    0.001    0.969    0.0025   2.037e-09  p
clknet_1_1__leaf_net446     1.80    0.005    0.000    0.0002   1.913e-09  p
net692                      1.80    0.005    1.000    0.0002   1.889e-09  p
net291                      1.80    0.004    0.000    0.0003   1.864e-09  p
net255                      1.80    0.014    0.000    0.81e-4  1.844e-09  p
net902                      1.80    0.025    0.000    0.41e-4  1.679e-09  p
net718                      1.80    0.003    0.000    0.0004   1.613e-09  p
net343                      1.80    0.003    0.000    0.0004   1.562e-09  p
net279                      1.80    0.023    0.000    0.41e-4  1.531e-09  p
net598                      1.80    0.012    1.000    0.81e-4  1.528e-09  p
net235                      1.80    0.010    0.000    0.81e-4  1.328e-09  p
net749                      1.80    0.020    0.000    0.41e-4  1.317e-09  p
net213                      1.80    0.003    1.000    0.0002   1.270e-09  p
net923                      1.80    0.009    0.000    0.81e-4  1.251e-09  p
net1029                     1.80    0.017    0.000    0.41e-4  1.130e-09  p
net140                      1.80    0.008    0.000    0.81e-4  1.057e-09  p
out42                       1.80    0.001    0.999    0.0010   1.014e-09  p
net913                      1.80    0.013    0.000    0.41e-4  8.477e-10  p
out52                       1.80    0.002    0.999    0.0003   7.930e-10  p
net939                      1.80    0.012    0.000    0.41e-4  7.679e-10  p
net251                      1.80    0.011    0.000    0.41e-4  7.431e-10  p
out49                       1.80    0.001    0.000    0.0004   6.542e-10  p
net170                      1.80    0.010    0.000    0.41e-4  6.368e-10  p
out14                       1.80    0.001    0.999    0.0007   6.356e-10  p
net896                      1.80    0.010    0.000    0.41e-4  6.341e-10  p
out24                       1.80    0.001    0.000    0.0007   6.220e-10  p
net1064                     1.80    0.009    0.000    0.41e-4  6.146e-10  p
out6                        1.80    0.001    0.000    0.0005   6.080e-10  p
net936                      1.80    0.009    1.000    0.41e-4  5.706e-10  p
net494                      1.80    0.008    1.000    0.41e-4  5.197e-10  p
net653                      1.80    0.003    0.000    0.0001   5.077e-10  p
out4                        1.80    0.001    0.996    0.0003   4.414e-10  p
out56                       1.80    0.001    1.000    0.0005   4.259e-10  p
net506                      1.80    0.003    0.000    0.81e-4  3.532e-10  p
net52                       1.80    0.005    0.000    0.41e-4  3.222e-10  p
out35                       1.80    0.001    0.000    0.0003   3.054e-10  p
net461                      1.80    0.004    1.000    0.41e-4  2.911e-10  p
net659                      1.80    0.004    0.000    0.41e-4  2.616e-10  p
net660                      1.80    0.003    1.000    0.41e-4  2.215e-10  p
net44                       1.80    0.000    0.001    0.0010   1.927e-10  pm
net566                      1.80    0.002    1.000    0.41e-4  1.516e-10  p
out59                       1.80    0.001    0.000    0.81e-4  1.261e-10  p
out46                       1.80    0.001    0.000    0.81e-4  1.233e-10  p
out48                       1.80    0.001    0.000    0.0001   1.050e-10  p
out58                       1.80    0.001    1.000    0.41e-4  6.306e-11  p
out60                       1.80    0.001    0.000    0.41e-4  4.170e-11  p
out5                        1.80    0.001    1.000    0.41e-4  4.056e-11  p
out37                       1.80    0.001    0.000    0.41e-4  3.738e-11  p
out27                       1.80    0.001    0.000    0.41e-4  3.493e-11  p
out20                       1.80    0.001    0.000    0.41e-4  3.305e-11  p
clknet_0_net350             1.80    0.019    1.000    0.0000      0.0000  p
clknet_0_net373             1.80    0.021    0.000    0.0000      0.0000  p
clknet_0_net376             1.80    0.021    0.000    0.0000      0.0000  p
clknet_0_net480             1.80    0.019    1.000    0.0000      0.0000  p
clknet_0_net482             1.80    0.019    0.000    0.0000      0.0000  p
clknet_1_0__leaf_net350     1.80    0.012    1.000    0.0000      0.0000  p
clknet_1_0__leaf_net373     1.80    0.008    0.000    0.0000      0.0000  p
clknet_1_0__leaf_net376     1.80    0.002    0.000    0.0000      0.0000  p
clknet_1_0__leaf_net480     1.80    0.009    1.000    0.0000      0.0000  p
clknet_1_0__leaf_net482     1.80    0.002    0.000    0.0000      0.0000  p
clknet_1_1__leaf_net350     1.80    0.006    1.000    0.0000      0.0000  p
clknet_1_1__leaf_net373     1.80    0.005    0.000    0.0000      0.0000  p
clknet_1_1__leaf_net376     1.80    0.004    0.000    0.0000      0.0000  p
clknet_1_1__leaf_net480     1.80    0.009    1.000    0.0000      0.0000  p
clknet_1_1__leaf_net482     1.80    0.004    0.000    0.0000      0.0000  p
net23                       1.80    0.022    1.000    0.0000      0.0000  p
net46                       1.80    0.003    1.000    0.0000      0.0000  p
net53                       1.80    0.011    0.000    0.0000      0.0000  p
net58                       1.80    0.008    0.000    0.0000      0.0000  p
net60                       1.80    0.005    0.000    0.0000      0.0000  p
net61                       1.80    0.006    0.000    0.0000      0.0000  p
net62                       1.80    0.006    1.000    0.0000      0.0000  p
net107                      1.80    0.013    0.000    0.0000      0.0000  p
net117                      1.80    0.015    0.000    0.0000      0.0000  p
net119                      1.80    0.008    0.000    0.0000      0.0000  p
net120                      1.80    0.057    1.000    0.0000      0.0000  p
net121                      1.80    0.003    1.000    0.0000      0.0000  p
net122                      1.80    0.004    1.000    0.0000      0.0000  p
net123                      1.80    0.054    1.000    0.0000      0.0000  p
net124                      1.80    0.009    0.000    0.0000      0.0000  p
net132                      1.80    0.003    1.000    0.0000      0.0000  p
net139                      1.80    0.002    1.000    0.0000      0.0000  p
net145                      1.80    0.021    1.000    0.0000      0.0000  p
net172                      1.80    0.004    1.000    0.0000      0.0000  p
net174                      1.80    0.003    0.000    0.0000      0.0000  p
net179                      1.80    0.003    0.000    0.0000      0.0000  p
net205                      1.80    0.076    0.000    0.0000      0.0000  p
net212                      1.80    0.020    0.000    0.0000      0.0000  p
net214                      1.80    0.005    0.000    0.0000      0.0000  p
net219                      1.80    0.009    0.000    0.0000      0.0000  p
net222                      1.80    0.037    1.000    0.0000      0.0000  p
net227                      1.80    0.068    0.000    0.0000      0.0000  p
net229                      1.80    0.059    0.000    0.0000      0.0000  p
net232                      1.80    0.007    0.000    0.0000      0.0000  p
net233                      1.80    0.056    0.000    0.0000      0.0000  p
net236                      1.80    0.033    0.000    0.0000      0.0000  p
net245                      1.80    0.007    0.000    0.0000      0.0000  p
net246                      1.80    0.007    0.000    0.0000      0.0000  p
net247                      1.80    0.008    1.000    0.0000      0.0000  p
net248                      1.80    0.019    0.000    0.0000      0.0000  p
net249                      1.80    0.026    0.000    0.0000      0.0000  p
net252                      1.80    0.011    0.000    0.0000      0.0000  p
net254                      1.80    0.039    0.000    0.0000      0.0000  p
net256                      1.80    0.007    1.000    0.0000      0.0000  p
net257                      1.80    0.006    0.000    0.0000      0.0000  p
net258                      1.80    0.032    0.000    0.0000      0.0000  p
net259                      1.80    0.027    1.000    0.0000      0.0000  p
net260                      1.80    0.009    1.000    0.0000      0.0000  p
net275                      1.80    0.002    1.000    0.0000      0.0000  p
net282                      1.80    0.012    0.000    0.0000      0.0000  p
net341                      1.80    0.011    1.000    0.0000      0.0000  p
net345                      1.80    0.014    1.000    0.0000      0.0000  p
net350                      1.80    0.014    1.000    0.0000      0.0000  p
net364                      1.80    0.003    0.000    0.0000      0.0000  p
net365                      1.80    0.002    0.000    0.0000      0.0000  p
net366                      1.80    0.003    0.000    0.0000      0.0000  p
net367                      1.80    0.002    0.000    0.0000      0.0000  p
net368                      1.80    0.002    0.000    0.0000      0.0000  p
net373                      1.80    0.009    0.000    0.0000      0.0000  p
net375                      1.80    0.010    1.000    0.0000      0.0000  p
net376                      1.80    0.010    0.000    0.0000      0.0000  p
net377                      1.80    0.023    1.000    0.0000      0.0000  p
net391                      1.80    0.003    1.000    0.0000      0.0000  p
net397                      1.80    0.007    1.000    0.0000      0.0000  p
net400                      1.80    0.026    1.000    0.0000      0.0000  p
net409                      1.80    0.054    0.000    0.0000      0.0000  p
net410                      1.80    0.006    0.000    0.0000      0.0000  p
net411                      1.80    0.066    0.000    0.0000      0.0000  p
net412                      1.80    0.020    0.000    0.0000      0.0000  p
net414                      1.80    0.025    0.000    0.0000      0.0000  p
net415                      1.80    0.026    0.000    0.0000      0.0000  p
net416                      1.80    0.004    0.000    0.0000      0.0000  p
net417                      1.80    0.010    0.000    0.0000      0.0000  p
net419                      1.80    0.007    1.000    0.0000      0.0000  p
net421                      1.80    0.005    0.000    0.0000      0.0000  p
net422                      1.80    0.007    0.000    0.0000      0.0000  p
net424                      1.80    0.003    0.000    0.0000      0.0000  p
net425                      1.80    0.004    1.000    0.0000      0.0000  p
net426                      1.80    0.003    1.000    0.0000      0.0000  p
net428                      1.80    0.002    1.000    0.0000      0.0000  p
net429                      1.80    0.026    1.000    0.0000      0.0000  p
net438                      1.80    0.006    0.000    0.0000      0.0000  p
net453                      1.80    0.003    1.000    0.0000      0.0000  p
net458                      1.80    0.027    0.000    0.0000      0.0000  p
net459                      1.80    0.002    1.000    0.0000      0.0000  p
net463                      1.80    0.020    1.000    0.0000      0.0000  p
net480                      1.80    0.009    1.000    0.0000      0.0000  p
net482                      1.80    0.011    0.000    0.0000      0.0000  p
net484                      1.80    0.008    1.000    0.0000      0.0000  p
net486                      1.80    0.020    1.000    0.0000      0.0000  p
net488                      1.80    0.013    1.000    0.0000      0.0000  p
net489                      1.80    0.015    1.000    0.0000      0.0000  p
net491                      1.80    0.005    1.000    0.0000      0.0000  p
net524                      1.80    0.009    0.000    0.0000      0.0000  p
net525                      1.80    0.026    0.000    0.0000      0.0000  p
net526                      1.80    0.037    0.000    0.0000      0.0000  p
net527                      1.80    0.083    0.000    0.0000      0.0000  p
net528                      1.80    0.022    0.000    0.0000      0.0000  p
net530                      1.80    0.079    0.000    0.0000      0.0000  p
net531                      1.80    0.024    0.000    0.0000      0.0000  p
net532                      1.80    0.015    1.000    0.0000      0.0000  p
net533                      1.80    0.009    0.000    0.0000      0.0000  p
net534                      1.80    0.003    0.000    0.0000      0.0000  p
net535                      1.80    0.005    0.000    0.0000      0.0000  p
net536                      1.80    0.014    0.000    0.0000      0.0000  p
net537                      1.80    0.020    0.000    0.0000      0.0000  p
net538                      1.80    0.033    0.000    0.0000      0.0000  p
net539                      1.80    0.014    0.000    0.0000      0.0000  p
net540                      1.80    0.002    0.000    0.0000      0.0000  p
net541                      1.80    0.002    0.000    0.0000      0.0000  p
net542                      1.80    0.014    0.000    0.0000      0.0000  p
net543                      1.80    0.034    0.000    0.0000      0.0000  p
net544                      1.80    0.005    0.000    0.0000      0.0000  p
net547                      1.80    0.007    1.000    0.0000      0.0000  p
net549                      1.80    0.007    0.000    0.0000      0.0000  p
net555                      1.80    0.027    1.000    0.0000      0.0000  p
net558                      1.80    0.003    0.000    0.0000      0.0000  p
net560                      1.80    0.004    0.000    0.0000      0.0000  p
net561                      1.80    0.013    1.000    0.0000      0.0000  p
net562                      1.80    0.020    1.000    0.0000      0.0000  p
net570                      1.80    0.005    1.000    0.0000      0.0000  p
net578                      1.80    0.015    0.000    0.0000      0.0000  p
net579                      1.80    0.013    1.000    0.0000      0.0000  p
net582                      1.80    0.013    0.000    0.0000      0.0000  p
net583                      1.80    0.012    0.000    0.0000      0.0000  p
net586                      1.80    0.013    0.000    0.0000      0.0000  p
net587                      1.80    0.003    0.000    0.0000      0.0000  p
net588                      1.80    0.002    0.000    0.0000      0.0000  p
net609                      1.80    0.004    1.000    0.0000      0.0000  p
net633                      1.80    0.003    1.000    0.0000      0.0000  p
net634                      1.80    0.010    1.000    0.0000      0.0000  p
net635                      1.80    0.010    0.000    0.0000      0.0000  p
net640                      1.80    0.005    1.000    0.0000      0.0000  p
net643                      1.80    0.002    1.000    0.0000      0.0000  p
net648                      1.80    0.004    0.000    0.0000      0.0000  p
net651                      1.80    0.003    1.000    0.0000      0.0000  p
net654                      1.80    0.004    1.000    0.0000      0.0000  p
net668                      1.80    0.004    1.000    0.0000      0.0000  p
net673                      1.80    0.004    0.000    0.0000      0.0000  p
net680                      1.80    0.016    0.000    0.0000      0.0000  p
net682                      1.80    0.011    0.000    0.0000      0.0000  p
net702                      1.80    0.007    0.000    0.0000      0.0000  p
net724                      1.80    0.012    1.000    0.0000      0.0000  p
net727                      1.80    0.021    1.000    0.0000      0.0000  p
net747                      1.80    0.005    0.000    0.0000      0.0000  p
net751                      1.80    0.046    0.000    0.0000      0.0000  p
net785                      1.80    0.014    0.000    0.0000      0.0000  p
net805                      1.80    0.058    0.000    0.0000      0.0000  p
net822                      1.80    0.009    0.000    0.0000      0.0000  p
net895                      1.80    0.059    0.000    0.0000      0.0000  p
net903                      1.80    0.016    1.000    0.0000      0.0000  p
net904                      1.80    0.046    1.000    0.0000      0.0000  p
net915                      1.80    0.016    1.000    0.0000      0.0000  p
net924                      1.80    0.006    0.000    0.0000      0.0000  p
net931                      1.80    0.014    0.000    0.0000      0.0000  p
net933                      1.80    0.020    1.000    0.0000      0.0000  p
net949                      1.80    0.071    0.000    0.0000      0.0000  p
net951                      1.80    0.055    1.000    0.0000      0.0000  p
net953                      1.80    0.088    1.000    0.0000      0.0000  p
net956                      1.80    0.047    0.000    0.0000      0.0000  p
net957                      1.80    0.064    0.000    0.0000      0.0000  p
net961                      1.80    0.070    1.000    0.0000      0.0000  p
net963                      1.80    0.115    0.000    0.0000      0.0000  p
net995                      1.80    0.022    1.000    0.0000      0.0000  p
net1002                     1.80    0.002    1.000    0.0000      0.0000  p
net1017                     1.80    0.034    1.000    0.0000      0.0000  p
net1018                     1.80    0.009    1.000    0.0000      0.0000  p
net1028                     1.80    0.012    0.000    0.0000      0.0000  p
net1030                     1.80    0.013    1.000    0.0000      0.0000  p
net1044                     1.80    0.005    0.000    0.0000      0.0000  p
net1047                     1.80    0.004    0.000    0.0000      0.0000  p
net1049                     1.80    0.004    1.000    0.0000      0.0000  p
net1051                     1.80    0.005    0.000    0.0000      0.0000  p
net1065                     1.80    0.012    1.000    0.0000      0.0000  p
out2                        1.80    0.001    0.000    0.0000      0.0000  p
out28                       1.80    0.001    1.000    0.0000      0.0000  p
out29                       1.80    0.002    1.000    0.0000      0.0000  p
out39                       1.80    0.001    1.000    0.0000      0.0000  p
out47                       1.80    0.001    0.000    0.0000      0.0000  p
out53                       1.80    0.001    0.000    0.0000      0.0000  p
out55                       1.80    0.001    1.000    0.0000      0.0000  p
--------------------------------------------------------------------------------
Total (1247 nets)                                              1.721e-03 Watt



                                      Int      Switch   Leak      Total
Hierarchy                             Power    Power    Power     Power    %
--------------------------------------------------------------------------------
netlist_1                             1.80e-03 1.72e-03 8.16e-09  3.52e-03 100.0
1
