Information: Derived library resistance unit is 1.000000 Kohm (Time unit is 1 ns, and Capacitance unit is 1.000000 pF). (DES-028)
Warning: Detected semantically incorrect SPEF in coupling section. (PARA-098)
Warning: Coupling capacitor (input8/A ANTENNA_input16_A/DIODE 0) on net in22 is discarded because the value cannot be <= 0 (PARA-040)
Warning: Coupling capacitor (in13:9 in26:13 0) on net in26 is discarded because the value cannot be <= 0 (PARA-040)
Warning: Coupling capacitor (in40:9 in52:9 0) on net in52 is discarded because the value cannot be <= 0 (PARA-040)
Warning: Coupling capacitor (in24:7 in7:9 0) on net in7 is discarded because the value cannot be <= 0 (PARA-040)
Warning: Coupling capacitor (in17:9 in8:7 0) on net in8 is discarded because the value cannot be <= 0 (PARA-040)
Warning: Coupling capacitor (in27:7 in9:9 0) on net in9 is discarded because the value cannot be <= 0 (PARA-040)
Warning: Coupling capacitor (in26:13 out13 0) on net out13 is discarded because the value cannot be <= 0 (PARA-040)
Warning: Coupling capacitor (in51:13 out13 0) on net out13 is discarded because the value cannot be <= 0 (PARA-040)
Warning: Coupling capacitor (in53:9 out14 0) on net out14 is discarded because the value cannot be <= 0 (PARA-040)
Warning: Coupling capacitor (in32:9 out18 0) on net out18 is discarded because the value cannot be <= 0 (PARA-040)
Warning: Coupling capacitor (out10 out19 0) on net out19 is discarded because the value cannot be <= 0 (PARA-040)
Warning: Coupling capacitor (in32:9 out20 0) on net out20 is discarded because the value cannot be <= 0 (PARA-040)
Warning: Coupling capacitor (in33:7 out20 0) on net out20 is discarded because the value cannot be <= 0 (PARA-040)
Warning: Coupling capacitor (in36:11 out21 0) on net out21 is discarded because the value cannot be <= 0 (PARA-040)
Warning: Coupling capacitor (ANTENNA_input35_A/DIODE out23 0) on net out23 is discarded because the value cannot be <= 0 (PARA-040)
Warning: Coupling capacitor (in4:5 out23 0) on net out23 is discarded because the value cannot be <= 0 (PARA-040)
Warning: Coupling capacitor (in58:5 out30 0) on net out30 is discarded because the value cannot be <= 0 (PARA-040)
Warning: Coupling capacitor (in60:5 out33 0) on net out33 is discarded because the value cannot be <= 0 (PARA-040)
Warning: Coupling capacitor (out31 out36 0) on net out36 is discarded because the value cannot be <= 0 (PARA-040)
Warning: Coupling capacitor (ANTENNA_input17_A/DIODE out36 0) on net out36 is discarded because the value cannot be <= 0 (PARA-040)
Warning: Coupling capacitor (in23:5 out36 0) on net out36 is discarded because the value cannot be <= 0 (PARA-040)
Warning: Coupling capacitor (out31 out37 0) on net out37 is discarded because the value cannot be <= 0 (PARA-040)
Warning: Coupling capacitor (out33 out37 0) on net out37 is discarded because the value cannot be <= 0 (PARA-040)
Warning: Coupling capacitor (in23:5 out38 0) on net out38 is discarded because the value cannot be <= 0 (PARA-040)
Warning: Coupling capacitor (in40:9 out38 0) on net out38 is discarded because the value cannot be <= 0 (PARA-040)
Warning: Coupling capacitor (out4 out41 0) on net out41 is discarded because the value cannot be <= 0 (PARA-040)
Warning: Coupling capacitor (in58:5 out42 0) on net out42 is discarded because the value cannot be <= 0 (PARA-040)
Warning: Coupling capacitor (in60:5 out42 0) on net out42 is discarded because the value cannot be <= 0 (PARA-040)
Warning: Coupling capacitor (out1 out45 0) on net out45 is discarded because the value cannot be <= 0 (PARA-040)
Warning: Coupling capacitor (out29 out46 0) on net out46 is discarded because the value cannot be <= 0 (PARA-040)
Warning: Coupling capacitor (in4:5 out46 0) on net out46 is discarded because the value cannot be <= 0 (PARA-040)
Warning: Coupling capacitor (out45 out49 0) on net out49 is discarded because the value cannot be <= 0 (PARA-040)
Warning: Coupling capacitor (out48 out49 0) on net out49 is discarded because the value cannot be <= 0 (PARA-040)
Warning: Coupling capacitor (out23 out51 0) on net out51 is discarded because the value cannot be <= 0 (PARA-040)
Warning: Coupling capacitor (out4 out51 0) on net out51 is discarded because the value cannot be <= 0 (PARA-040)
Warning: Coupling capacitor (out29 out52 0) on net out52 is discarded because the value cannot be <= 0 (PARA-040)
Warning: Coupling capacitor (in54:7 out52 0) on net out52 is discarded because the value cannot be <= 0 (PARA-040)
Warning: Coupling capacitor (out54 out56 0) on net out56 is discarded because the value cannot be <= 0 (PARA-040)
Warning: Coupling capacitor (out56 out57 0) on net out57 is discarded because the value cannot be <= 0 (PARA-040)
Warning: Coupling capacitor (out35 out59 0) on net out59 is discarded because the value cannot be <= 0 (PARA-040)
Warning: Coupling capacitor (out54 out59 0) on net out59 is discarded because the value cannot be <= 0 (PARA-040)
Warning: Coupling capacitor (out30 out61 0) on net out61 is discarded because the value cannot be <= 0 (PARA-040)
Warning: Coupling capacitor (out41 out61 0) on net out61 is discarded because the value cannot be <= 0 (PARA-040)
Warning: Coupling capacitor (clk:9 clkbuf_1_0__f_net600/A 0) on net clknet_0_net600 is discarded because the value cannot be <= 0 (PARA-040)
Warning: Coupling capacitor (clk:9 clkbuf_1_1__f_net600/A 0) on net clknet_0_net600 is discarded because the value cannot be <= 0 (PARA-040)
Warning: Coupling capacitor (clknet_0_clk:329 clkbuf_1_1__f_net719/A 0) on net clknet_0_net719 is discarded because the value cannot be <= 0 (PARA-040)
Warning: Coupling capacitor (c759/A2 clknet_1_1__leaf_net736:12 0) on net clknet_1_1__leaf_net736 is discarded because the value cannot be <= 0 (PARA-040)
Warning: Coupling capacitor (clk:9 c722/S1 0) on net clknet_1_1__leaf_net737 is discarded because the value cannot be <= 0 (PARA-040)
Warning: Coupling capacitor (clk:9 clknet_4_11_0_clk:67 0) on net clknet_4_11_0_clk is discarded because the value cannot be <= 0 (PARA-040)
Warning: Coupling capacitor (c439/S1 clknet_4_2_0_clk:16 0) on net clknet_4_2_0_clk is discarded because the value cannot be <= 0 (PARA-040)
Warning: Coupling capacitor (clknet_4_4_0_clk:88 ANTENNA_c129_CLK_N/DIODE 0) on net clknet_4_5_0_clk is discarded because the value cannot be <= 0 (PARA-040)
Warning: Coupling capacitor (clknet_1_1__leaf_net681:10 c469/CLK_N 0) on net clknet_4_6_0_clk is discarded because the value cannot be <= 0 (PARA-040)
Warning: Coupling capacitor (net0:44 net10:23 0) on net net10 is discarded because the value cannot be <= 0 (PARA-040)
Warning: Coupling capacitor (clknet_1_0__leaf_net682:66 rebuffer56/A 0) on net net1002 is discarded because the value cannot be <= 0 (PARA-040)
Warning: Coupling capacitor (clknet_0_clk:296 net1005:8 0) on net net1005 is discarded because the value cannot be <= 0 (PARA-040)
Warning: Coupling capacitor (clknet_0_clk:319 net1005:8 0) on net net1005 is discarded because the value cannot be <= 0 (PARA-040)
Warning: Coupling capacitor (s815/GATE_N net1006:57 0) on net net1006 is discarded because the value cannot be <= 0 (PARA-040)
Warning: Coupling capacitor (c80/A net1012:12 0) on net net1012 is discarded because the value cannot be <= 0 (PARA-040)
Warning: Coupling capacitor (net1:141 net1012:12 0) on net net1012 is discarded because the value cannot be <= 0 (PARA-040)
Warning: Coupling capacitor (clknet_4_2_0_clk:22 net1015:35 0) on net net1015 is discarded because the value cannot be <= 0 (PARA-040)
Warning: Coupling capacitor (clknet_4_8_0_clk:88 rebuffer69/A 0) on net net1015 is discarded because the value cannot be <= 0 (PARA-040)
Warning: Coupling capacitor (clknet_4_8_0_clk:103 net1015:68 0) on net net1015 is discarded because the value cannot be <= 0 (PARA-040)
Warning: Coupling capacitor (s856/CLK c711/S1 0) on net net1028 is discarded because the value cannot be <= 0 (PARA-040)
Warning: Coupling capacitor (c607/S1 net103:71 0) on net net103 is discarded because the value cannot be <= 0 (PARA-040)
Warning: Coupling capacitor (net1005:83 net103:71 0) on net net103 is discarded because the value cannot be <= 0 (PARA-040)
Warning: Coupling capacitor (net1013:14 ANTENNA_fanout121_A/DIODE 0) on net net103 is discarded because the value cannot be <= 0 (PARA-040)
Warning: Coupling capacitor (net1014:12 net104:88 0) on net net104 is discarded because the value cannot be <= 0 (PARA-040)
Warning: Coupling capacitor (net1021:97 net105:71 0) on net net105 is discarded because the value cannot be <= 0 (PARA-040)
Warning: Coupling capacitor (net103:19 c188/B1 0) on net net110 is discarded because the value cannot be <= 0 (PARA-040)
Warning: Coupling capacitor (c232/B net111:34 0) on net net111 is discarded because the value cannot be <= 0 (PARA-040)
Warning: Coupling capacitor (c232/B net111:38 0) on net net111 is discarded because the value cannot be <= 0 (PARA-040)
Warning: Coupling capacitor (net0:12 net111:34 0) on net net111 is discarded because the value cannot be <= 0 (PARA-040)
Warning: Coupling capacitor (net0:44 net111:34 0) on net net111 is discarded because the value cannot be <= 0 (PARA-040)
Warning: Coupling capacitor (c594/A1 net112:233 0) on net net112 is discarded because the value cannot be <= 0 (PARA-040)
Warning: Coupling capacitor (net1014:12 net112:20 0) on net net112 is discarded because the value cannot be <= 0 (PARA-040)
Warning: Coupling capacitor (net1014:12 net112:42 0) on net net112 is discarded because the value cannot be <= 0 (PARA-040)
Warning: Coupling capacitor (net106:12 c197/A3 0) on net net112 is discarded because the value cannot be <= 0 (PARA-040)
Warning: Coupling capacitor (net113:75 net114:40 0) on net net114 is discarded because the value cannot be <= 0 (PARA-040)
Warning: Coupling capacitor (ANTENNA_c109_CLK_N/DIODE net115:86 0) on net net115 is discarded because the value cannot be <= 0 (PARA-040)
Warning: Coupling capacitor (clknet_4_4_0_clk:175 net115:86 0) on net net115 is discarded because the value cannot be <= 0 (PARA-040)
Warning: Coupling capacitor (net111:38 net115:86 0) on net net115 is discarded because the value cannot be <= 0 (PARA-040)
Warning: Coupling capacitor (c343/SET_B net118:118 0) on net net118 is discarded because the value cannot be <= 0 (PARA-040)
Warning: Coupling capacitor (net104:88 net120:94 0) on net net120 is discarded because the value cannot be <= 0 (PARA-040)
Warning: Coupling capacitor (net106:12 net121:8 0) on net net121 is discarded because the value cannot be <= 0 (PARA-040)
Warning: Coupling capacitor (net106:12 net121:23 0) on net net121 is discarded because the value cannot be <= 0 (PARA-040)
Warning: Coupling capacitor (net121:31 merge788/RESET_B 0) on net net123 is discarded because the value cannot be <= 0 (PARA-040)
Warning: Net 'net124' is multi-driven. (DES-023)
Warning: Coupling capacitor (net113:75 net126:16 0) on net net126 is discarded because the value cannot be <= 0 (PARA-040)
Warning: Coupling capacitor (net0:10 c205/A2 0) on net net13 is discarded because the value cannot be <= 0 (PARA-040)
Warning: Coupling capacitor (c205/A1 net133:29 0) on net net133 is discarded because the value cannot be <= 0 (PARA-040)
Warning: Coupling capacitor (c205/A1 net133:38 0) on net net133 is discarded because the value cannot be <= 0 (PARA-040)
Warning: Coupling capacitor (clknet_4_4_0_clk:24 net135:63 0) on net net135 is discarded because the value cannot be <= 0 (PARA-040)
Warning: Coupling capacitor (net113:75 net135:43 0) on net net135 is discarded because the value cannot be <= 0 (PARA-040)
Warning: Coupling capacitor (net131:10 net135:43 0) on net net135 is discarded because the value cannot be <= 0 (PARA-040)
Warning: Coupling capacitor (net120:16 net137:44 0) on net net137 is discarded because the value cannot be <= 0 (PARA-040)
Warning: Coupling capacitor (c212/B1 c212/A2 0) on net net138 is discarded because the value cannot be <= 0 (PARA-040)
Warning: Coupling capacitor (net114:20 c218/B1 0) on net net138 is discarded because the value cannot be <= 0 (PARA-040)
Warning: Coupling capacitor (c219/A2 net139:10 0) on net net139 is discarded because the value cannot be <= 0 (PARA-040)
Warning: Coupling capacitor (net135:43 merge776/A3 0) on net net139 is discarded because the value cannot be <= 0 (PARA-040)
Warning: Coupling capacitor (net135:43 net139:10 0) on net net139 is discarded because the value cannot be <= 0 (PARA-040)
Warning: Coupling capacitor (net113:45 c215/B1 0) on net net140 is discarded because the value cannot be <= 0 (PARA-040)
Note - message 'PARA-040' default limit (100) exceeded.  Remainder will be suppressed.
Warning: Net 'net413' is multi-driven. (DES-023)

****************************************
Report : read_parasitics /nas/ei/home/ge78pav/TM_power/TM_openlane/TM_openlane_single_mid/TM_openlane_mid_anb/TM_openlane_mid_anb_max/netlist_0/high/spef/netlist_0_post_par_nom.spef
Design : netlist_0
Version: Q-2019.12-SP1
Date   : Fri Aug  9 17:04:09 2024
****************************************

        0 error(s)
        Format is SPEF
        Annotated nets                   :         1216
        Annotated capacitances           :        11268
        Annotated resistances            :        10052
        Reduced coupling capacitances    :        21587
        Annotated PI models              :            0
        Annotated Elmore delays          :            0

