Information: Derived library resistance unit is 1.000000 Kohm (Time unit is 1 ns, and Capacitance unit is 1.000000 pF). (DES-028)
Warning: Detected semantically incorrect SPEF in coupling section. (PARA-098)
Warning: Coupling capacitor (in16:9 in20:7 0) on net in20 is discarded because the value cannot be <= 0 (PARA-040)
Warning: Coupling capacitor (in31:13 in38:9 0) on net in38 is discarded because the value cannot be <= 0 (PARA-040)
Warning: Coupling capacitor (in19:7 in4:5 0) on net in4 is discarded because the value cannot be <= 0 (PARA-040)
Warning: Coupling capacitor (in14:11 in41:11 0) on net in41 is discarded because the value cannot be <= 0 (PARA-040)
Warning: Coupling capacitor (in43:13 in48:11 0) on net in48 is discarded because the value cannot be <= 0 (PARA-040)
Warning: Coupling capacitor (in17:13 in5:9 0) on net in5 is discarded because the value cannot be <= 0 (PARA-040)
Warning: Coupling capacitor (in30:13 in52:9 0) on net in52 is discarded because the value cannot be <= 0 (PARA-040)
Warning: Coupling capacitor (in52:9 in53:13 0) on net in53 is discarded because the value cannot be <= 0 (PARA-040)
Warning: Coupling capacitor (in37:9 in57:11 0) on net in57 is discarded because the value cannot be <= 0 (PARA-040)
Warning: Coupling capacitor (in42:7 in58:9 0) on net in58 is discarded because the value cannot be <= 0 (PARA-040)
Warning: Coupling capacitor (in51:9 in60:13 0) on net in60 is discarded because the value cannot be <= 0 (PARA-040)
Warning: Coupling capacitor (in29:9 in61:7 0) on net in61 is discarded because the value cannot be <= 0 (PARA-040)
Warning: Coupling capacitor (in33:11 in62:11 0) on net in62 is discarded because the value cannot be <= 0 (PARA-040)
Warning: Coupling capacitor (in54:7 in7:9 0) on net in7 is discarded because the value cannot be <= 0 (PARA-040)
Warning: Coupling capacitor (in71:9 in73:13 0) on net in73 is discarded because the value cannot be <= 0 (PARA-040)
Warning: Coupling capacitor (in24:11 in75:9 0) on net in75 is discarded because the value cannot be <= 0 (PARA-040)
Warning: Coupling capacitor (ANTENNA_input80_A/DIODE ANTENNA_input93_A/DIODE 0) on net in92 is discarded because the value cannot be <= 0 (PARA-040)
Warning: Coupling capacitor (in80:5 ANTENNA_input93_A/DIODE 0) on net in92 is discarded because the value cannot be <= 0 (PARA-040)
Warning: Coupling capacitor (in80:5 in92:5 0) on net in92 is discarded because the value cannot be <= 0 (PARA-040)
Warning: Coupling capacitor (in91:9 in92:5 0) on net in92 is discarded because the value cannot be <= 0 (PARA-040)
Warning: Coupling capacitor (in70:7 in93:11 0) on net in93 is discarded because the value cannot be <= 0 (PARA-040)
Warning: Coupling capacitor (input85/A input97/A 0) on net in96 is discarded because the value cannot be <= 0 (PARA-040)
Warning: Coupling capacitor (in85:7 in96:7 0) on net in96 is discarded because the value cannot be <= 0 (PARA-040)
Warning: Coupling capacitor (in29:9 in97:13 0) on net in97 is discarded because the value cannot be <= 0 (PARA-040)
Warning: Coupling capacitor (in44:7 out11 0) on net out11 is discarded because the value cannot be <= 0 (PARA-040)
Warning: Coupling capacitor (out1 out13 0) on net out13 is discarded because the value cannot be <= 0 (PARA-040)
Warning: Coupling capacitor (in80:5 out16 0) on net out16 is discarded because the value cannot be <= 0 (PARA-040)
Warning: Coupling capacitor (out11 out17 0) on net out17 is discarded because the value cannot be <= 0 (PARA-040)
Warning: Coupling capacitor (in77:9 out23 0) on net out23 is discarded because the value cannot be <= 0 (PARA-040)
Warning: Coupling capacitor (in90:7 out27 0) on net out27 is discarded because the value cannot be <= 0 (PARA-040)
Warning: Coupling capacitor (in90:7 out29 0) on net out29 is discarded because the value cannot be <= 0 (PARA-040)
Warning: Coupling capacitor (in15:11 out3 0) on net out3 is discarded because the value cannot be <= 0 (PARA-040)
Warning: Coupling capacitor (out29 out30 0) on net out30 is discarded because the value cannot be <= 0 (PARA-040)
Warning: Coupling capacitor (in86:13 out31 0) on net out31 is discarded because the value cannot be <= 0 (PARA-040)
Warning: Coupling capacitor (in74:5 out33 0) on net out33 is discarded because the value cannot be <= 0 (PARA-040)
Warning: Coupling capacitor (in86:13 out33 0) on net out33 is discarded because the value cannot be <= 0 (PARA-040)
Warning: Coupling capacitor (out28 out34 0) on net out34 is discarded because the value cannot be <= 0 (PARA-040)
Warning: Coupling capacitor (in74:5 out34 0) on net out34 is discarded because the value cannot be <= 0 (PARA-040)
Warning: Coupling capacitor (out21 out35 0) on net out35 is discarded because the value cannot be <= 0 (PARA-040)
Warning: Coupling capacitor (out28 out38 0) on net out38 is discarded because the value cannot be <= 0 (PARA-040)
Warning: Coupling capacitor (in44:7 out38 0) on net out38 is discarded because the value cannot be <= 0 (PARA-040)
Warning: Coupling capacitor (in70:7 out4 0) on net out4 is discarded because the value cannot be <= 0 (PARA-040)
Warning: Coupling capacitor (in76:11 out4 0) on net out4 is discarded because the value cannot be <= 0 (PARA-040)
Warning: Coupling capacitor (out35 out43 0) on net out43 is discarded because the value cannot be <= 0 (PARA-040)
Warning: Coupling capacitor (out17 out44 0) on net out44 is discarded because the value cannot be <= 0 (PARA-040)
Warning: Coupling capacitor (out31 out46 0) on net out46 is discarded because the value cannot be <= 0 (PARA-040)
Warning: Coupling capacitor (ANTENNA_input86_A/DIODE out46 0) on net out46 is discarded because the value cannot be <= 0 (PARA-040)
Warning: Coupling capacitor (in86:13 out46 0) on net out46 is discarded because the value cannot be <= 0 (PARA-040)
Warning: Coupling capacitor (in95:5 out46 0) on net out46 is discarded because the value cannot be <= 0 (PARA-040)
Warning: Coupling capacitor (in67:5 out47 0) on net out47 is discarded because the value cannot be <= 0 (PARA-040)
Warning: Coupling capacitor (out27 out49 0) on net out49 is discarded because the value cannot be <= 0 (PARA-040)
Warning: Coupling capacitor (in96:7 out49 0) on net out49 is discarded because the value cannot be <= 0 (PARA-040)
Warning: Coupling capacitor (in67:5 out5 0) on net out5 is discarded because the value cannot be <= 0 (PARA-040)
Warning: Coupling capacitor (in95:5 out5 0) on net out5 is discarded because the value cannot be <= 0 (PARA-040)
Warning: Coupling capacitor (out45 out52 0) on net out52 is discarded because the value cannot be <= 0 (PARA-040)
Warning: Coupling capacitor (out1 out54 0) on net out54 is discarded because the value cannot be <= 0 (PARA-040)
Warning: Coupling capacitor (in85:7 out56 0) on net out56 is discarded because the value cannot be <= 0 (PARA-040)
Warning: Coupling capacitor (in88:7 out56 0) on net out56 is discarded because the value cannot be <= 0 (PARA-040)
Warning: Coupling capacitor (out43 out57 0) on net out57 is discarded because the value cannot be <= 0 (PARA-040)
Warning: Coupling capacitor (out45 out57 0) on net out57 is discarded because the value cannot be <= 0 (PARA-040)
Warning: Coupling capacitor (out13 out59 0) on net out59 is discarded because the value cannot be <= 0 (PARA-040)
Warning: Coupling capacitor (in45:7 out59 0) on net out59 is discarded because the value cannot be <= 0 (PARA-040)
Warning: Coupling capacitor (in84:7 out6 0) on net out6 is discarded because the value cannot be <= 0 (PARA-040)
Warning: Coupling capacitor (in88:7 out6 0) on net out6 is discarded because the value cannot be <= 0 (PARA-040)
Warning: Coupling capacitor (out16 out60 0) on net out60 is discarded because the value cannot be <= 0 (PARA-040)
Warning: Coupling capacitor (in61:7 out60 0) on net out60 is discarded because the value cannot be <= 0 (PARA-040)
Warning: Coupling capacitor (out52 out62 0) on net out62 is discarded because the value cannot be <= 0 (PARA-040)
Warning: Coupling capacitor (out54 out62 0) on net out62 is discarded because the value cannot be <= 0 (PARA-040)
Warning: Coupling capacitor (out47 out63 0) on net out63 is discarded because the value cannot be <= 0 (PARA-040)
Warning: Coupling capacitor (in45:7 out63 0) on net out63 is discarded because the value cannot be <= 0 (PARA-040)
Warning: Coupling capacitor (in68:7 out67 0) on net out67 is discarded because the value cannot be <= 0 (PARA-040)
Warning: Coupling capacitor (in33:11 out68 0) on net out68 is discarded because the value cannot be <= 0 (PARA-040)
Warning: Coupling capacitor (in54:7 out68 0) on net out68 is discarded because the value cannot be <= 0 (PARA-040)
Warning: Coupling capacitor (in64:9 out69 0) on net out69 is discarded because the value cannot be <= 0 (PARA-040)
Warning: Coupling capacitor (out21 out70 0) on net out70 is discarded because the value cannot be <= 0 (PARA-040)
Warning: Coupling capacitor (out30 out70 0) on net out70 is discarded because the value cannot be <= 0 (PARA-040)
Warning: Coupling capacitor (in83:11 out71 0) on net out71 is discarded because the value cannot be <= 0 (PARA-040)
Warning: Coupling capacitor (out44 out8 0) on net out8 is discarded because the value cannot be <= 0 (PARA-040)
Warning: Coupling capacitor (in91:9 out8 0) on net out8 is discarded because the value cannot be <= 0 (PARA-040)
Warning: Coupling capacitor (out67 out83 0) on net out83 is discarded because the value cannot be <= 0 (PARA-040)
Warning: Coupling capacitor (in76:11 out83 0) on net out83 is discarded because the value cannot be <= 0 (PARA-040)
Warning: Coupling capacitor (out90 out92 0) on net out92 is discarded because the value cannot be <= 0 (PARA-040)
Warning: Coupling capacitor (out92 out94 0) on net out94 is discarded because the value cannot be <= 0 (PARA-040)
Warning: Coupling capacitor (in84:7 out97 0) on net out97 is discarded because the value cannot be <= 0 (PARA-040)
Warning: Coupling capacitor (out94 out99 0) on net out99 is discarded because the value cannot be <= 0 (PARA-040)
Warning: Coupling capacitor (clknet_0_clk:125 clkbuf_1_0__f_net291/A 0) on net clknet_0_net291 is discarded because the value cannot be <= 0 (PARA-040)
Warning: Coupling capacitor (clkbuf_1_1__f_net396/A clknet_0_net411:27 0) on net clknet_0_net411 is discarded because the value cannot be <= 0 (PARA-040)
Warning: Coupling capacitor (clkbuf_1_1__f_net415/A clkbuf_1_0__f_net417/A 0) on net clknet_0_net417 is discarded because the value cannot be <= 0 (PARA-040)
Warning: Coupling capacitor (clkbuf_1_1__f_net415/A clkbuf_1_1__f_net417/A 0) on net clknet_0_net417 is discarded because the value cannot be <= 0 (PARA-040)
Warning: Coupling capacitor (clkbuf_1_1__f_net254/A clknet_0_net618:14 0) on net clknet_0_net618 is discarded because the value cannot be <= 0 (PARA-040)
Warning: Coupling capacitor (clkbuf_1_1__f_net902/A clknet_1_0__leaf_net115:22 0) on net clknet_1_0__leaf_net115 is discarded because the value cannot be <= 0 (PARA-040)
Warning: Coupling capacitor (clknet_1_0__leaf_net112:36 clknet_1_0__leaf_net115:30 0) on net clknet_1_0__leaf_net115 is discarded because the value cannot be <= 0 (PARA-040)
Warning: Coupling capacitor (clkbuf_1_1__f_net884/A c310/A0 0) on net clknet_1_0__leaf_net136 is discarded because the value cannot be <= 0 (PARA-040)
Warning: Coupling capacitor (clkbuf_1_1__f_net339/A c553/A0 0) on net clknet_1_0__leaf_net204 is discarded because the value cannot be <= 0 (PARA-040)
Warning: Coupling capacitor (clkbuf_1_0__f_net220/A clknet_1_0__leaf_net220:16 0) on net clknet_1_0__leaf_net220 is discarded because the value cannot be <= 0 (PARA-040)
Warning: Coupling capacitor (clkbuf_1_0__f_net220/A clknet_1_0__leaf_net220:90 0) on net clknet_1_0__leaf_net220 is discarded because the value cannot be <= 0 (PARA-040)
Warning: Coupling capacitor (clknet_0_net883:12 clknet_1_0__leaf_net226:22 0) on net clknet_1_0__leaf_net226 is discarded because the value cannot be <= 0 (PARA-040)
Warning: Coupling capacitor (clkbuf_1_1__f_net234/A clknet_1_0__leaf_net291:64 0) on net clknet_1_0__leaf_net291 is discarded because the value cannot be <= 0 (PARA-040)
Warning: Coupling capacitor (clkbuf_1_0__f_net339/A clknet_1_0__leaf_net295:12 0) on net clknet_1_0__leaf_net295 is discarded because the value cannot be <= 0 (PARA-040)
Warning: Coupling capacitor (c557/A0 c556/A2 0) on net clknet_1_0__leaf_net299 is discarded because the value cannot be <= 0 (PARA-040)
Note - message 'PARA-040' default limit (100) exceeded.  Remainder will be suppressed.
Warning: Net 'net140' is multi-driven. (DES-023)
Warning: Net 'net513' is multi-driven. (DES-023)
Warning: Net 'net918' is multi-driven. (DES-023)

****************************************
Report : read_parasitics /nas/ei/home/ge78pav/TM_power/TM_openlane/TM_openlane_single_max/TM_openlane_max_cr/TM_openlane_max_cr_min/netlist_0/high/spef/netlist_0.nom.spef
Design : netlist_0
Version: Q-2019.12-SP1
Date   : Mon Aug 19 19:06:52 2024
****************************************

        0 error(s)
        Format is SPEF
        Annotated nets                   :         1774
        Annotated capacitances           :        15272
        Annotated resistances            :        13498
        Reduced coupling capacitances    :        33114
        Annotated PI models              :            0
        Annotated Elmore delays          :            0

