Information: Derived library resistance unit is 1.000000 Kohm (Time unit is 1 ns, and Capacitance unit is 1.000000 pF). (DES-028)
Warning: Coupling capacitor (in13:13 in14:13 0) on net in14 is discarded because the value cannot be <= 0 (PARA-040)
Warning: Detected semantically incorrect SPEF in coupling section. (PARA-098)
Warning: Coupling capacitor (in10:7 in18:9 0) on net in18 is discarded because the value cannot be <= 0 (PARA-040)
Warning: Coupling capacitor (in16:5 in2:7 0) on net in2 is discarded because the value cannot be <= 0 (PARA-040)
Warning: Coupling capacitor (in12:9 in20:9 0) on net in20 is discarded because the value cannot be <= 0 (PARA-040)
Warning: Coupling capacitor (in16:5 ANTENNA_input24_A/DIODE 0) on net in3 is discarded because the value cannot be <= 0 (PARA-040)
Warning: Coupling capacitor (in16:5 in3:5 0) on net in3 is discarded because the value cannot be <= 0 (PARA-040)
Warning: Coupling capacitor (in30:9 in43:7 0) on net in43 is discarded because the value cannot be <= 0 (PARA-040)
Warning: Coupling capacitor (in1:9 in47:9 0) on net in47 is discarded because the value cannot be <= 0 (PARA-040)
Warning: Coupling capacitor (in27:13 in54:13 0) on net in54 is discarded because the value cannot be <= 0 (PARA-040)
Warning: Coupling capacitor (in49:11 in56:11 0) on net in56 is discarded because the value cannot be <= 0 (PARA-040)
Warning: Coupling capacitor (in55:13 in57:13 0) on net in57 is discarded because the value cannot be <= 0 (PARA-040)
Warning: Coupling capacitor (in12:9 in6:5 0) on net in6 is discarded because the value cannot be <= 0 (PARA-040)
Warning: Coupling capacitor (in2:7 in6:5 0) on net in6 is discarded because the value cannot be <= 0 (PARA-040)
Warning: Coupling capacitor (input17/A input68/A 0) on net in7 is discarded because the value cannot be <= 0 (PARA-040)
Warning: Coupling capacitor (in23:7 in7:7 0) on net in7 is discarded because the value cannot be <= 0 (PARA-040)
Warning: Coupling capacitor (in60:11 in71:13 0) on net in71 is discarded because the value cannot be <= 0 (PARA-040)
Warning: Coupling capacitor (in56:11 in77:11 0) on net in77 is discarded because the value cannot be <= 0 (PARA-040)
Warning: Coupling capacitor (in72:13 in78:9 0) on net in78 is discarded because the value cannot be <= 0 (PARA-040)
Warning: Coupling capacitor (in35:9 in8:7 0) on net in8 is discarded because the value cannot be <= 0 (PARA-040)
Warning: Coupling capacitor (in28:7 in81:11 0) on net in81 is discarded because the value cannot be <= 0 (PARA-040)
Warning: Coupling capacitor (in76:11 in85:11 0) on net in85 is discarded because the value cannot be <= 0 (PARA-040)
Warning: Coupling capacitor (in77:11 in86:11 0) on net in86 is discarded because the value cannot be <= 0 (PARA-040)
Warning: Coupling capacitor (in86:11 in91:11 0) on net in91 is discarded because the value cannot be <= 0 (PARA-040)
Warning: Coupling capacitor (input89/A input93/A 0) on net in92 is discarded because the value cannot be <= 0 (PARA-040)
Warning: Coupling capacitor (in89:7 in92:7 0) on net in92 is discarded because the value cannot be <= 0 (PARA-040)
Warning: Coupling capacitor (in91:11 in93:13 0) on net in93 is discarded because the value cannot be <= 0 (PARA-040)
Warning: Coupling capacitor (input88/A input95/A 0) on net in94 is discarded because the value cannot be <= 0 (PARA-040)
Warning: Coupling capacitor (in88:7 in94:9 0) on net in94 is discarded because the value cannot be <= 0 (PARA-040)
Warning: Coupling capacitor (in95:11 in96:9 0) on net in96 is discarded because the value cannot be <= 0 (PARA-040)
Warning: Coupling capacitor (in76:11 in97:11 0) on net in97 is discarded because the value cannot be <= 0 (PARA-040)
Warning: Coupling capacitor (in28:7 in98:9 0) on net in98 is discarded because the value cannot be <= 0 (PARA-040)
Warning: Coupling capacitor (in92:7 in98:9 0) on net in98 is discarded because the value cannot be <= 0 (PARA-040)
Warning: Coupling capacitor (in80:11 input100/A 0) on net in99 is discarded because the value cannot be <= 0 (PARA-040)
Warning: Coupling capacitor (out0 out15 0) on net out15 is discarded because the value cannot be <= 0 (PARA-040)
Warning: Coupling capacitor (out20 out22 0) on net out22 is discarded because the value cannot be <= 0 (PARA-040)
Warning: Coupling capacitor (in50:7 out23 0) on net out23 is discarded because the value cannot be <= 0 (PARA-040)
Warning: Coupling capacitor (in94:9 out26 0) on net out26 is discarded because the value cannot be <= 0 (PARA-040)
Warning: Coupling capacitor (out20 out27 0) on net out27 is discarded because the value cannot be <= 0 (PARA-040)
Warning: Coupling capacitor (in67:7 out28 0) on net out28 is discarded because the value cannot be <= 0 (PARA-040)
Warning: Coupling capacitor (in9:7 out3 0) on net out3 is discarded because the value cannot be <= 0 (PARA-040)
Warning: Coupling capacitor (out21 out31 0) on net out31 is discarded because the value cannot be <= 0 (PARA-040)
Warning: Coupling capacitor (in89:7 out32 0) on net out32 is discarded because the value cannot be <= 0 (PARA-040)
Warning: Coupling capacitor (in5:11 out35 0) on net out35 is discarded because the value cannot be <= 0 (PARA-040)
Warning: Coupling capacitor (out22 out39 0) on net out39 is discarded because the value cannot be <= 0 (PARA-040)
Warning: Coupling capacitor (out30 out39 0) on net out39 is discarded because the value cannot be <= 0 (PARA-040)
Warning: Coupling capacitor (out36 out41 0) on net out41 is discarded because the value cannot be <= 0 (PARA-040)
Warning: Coupling capacitor (in5:11 out41 0) on net out41 is discarded because the value cannot be <= 0 (PARA-040)
Warning: Coupling capacitor (in68:7 out45 0) on net out45 is discarded because the value cannot be <= 0 (PARA-040)
Warning: Coupling capacitor (in79:7 out45 0) on net out45 is discarded because the value cannot be <= 0 (PARA-040)
Warning: Coupling capacitor (out42 out47 0) on net out47 is discarded because the value cannot be <= 0 (PARA-040)
Warning: Coupling capacitor (out34 out48 0) on net out48 is discarded because the value cannot be <= 0 (PARA-040)
Warning: Coupling capacitor (out28 out49 0) on net out49 is discarded because the value cannot be <= 0 (PARA-040)
Warning: Coupling capacitor (out47 out49 0) on net out49 is discarded because the value cannot be <= 0 (PARA-040)
Warning: Coupling capacitor (out42 out51 0) on net out51 is discarded because the value cannot be <= 0 (PARA-040)
Warning: Coupling capacitor (out48 out52 0) on net out52 is discarded because the value cannot be <= 0 (PARA-040)
Warning: Coupling capacitor (out50 out52 0) on net out52 is discarded because the value cannot be <= 0 (PARA-040)
Warning: Coupling capacitor (in50:7 out53 0) on net out53 is discarded because the value cannot be <= 0 (PARA-040)
Warning: Coupling capacitor (out50 out54 0) on net out54 is discarded because the value cannot be <= 0 (PARA-040)
Warning: Coupling capacitor (out34 out55 0) on net out55 is discarded because the value cannot be <= 0 (PARA-040)
Warning: Coupling capacitor (out21 out58 0) on net out58 is discarded because the value cannot be <= 0 (PARA-040)
Warning: Coupling capacitor (out27 out58 0) on net out58 is discarded because the value cannot be <= 0 (PARA-040)
Warning: Coupling capacitor (out55 out61 0) on net out61 is discarded because the value cannot be <= 0 (PARA-040)
Warning: Coupling capacitor (out31 out63 0) on net out63 is discarded because the value cannot be <= 0 (PARA-040)
Warning: Coupling capacitor (out51 out67 0) on net out67 is discarded because the value cannot be <= 0 (PARA-040)
Warning: Coupling capacitor (out61 out67 0) on net out67 is discarded because the value cannot be <= 0 (PARA-040)
Warning: Coupling capacitor (in51:9 out68 0) on net out68 is discarded because the value cannot be <= 0 (PARA-040)
Warning: Coupling capacitor (out60 out71 0) on net out71 is discarded because the value cannot be <= 0 (PARA-040)
Warning: Coupling capacitor (out70 out71 0) on net out71 is discarded because the value cannot be <= 0 (PARA-040)
Warning: Coupling capacitor (out26 out72 0) on net out72 is discarded because the value cannot be <= 0 (PARA-040)
Warning: Coupling capacitor (out68 out72 0) on net out72 is discarded because the value cannot be <= 0 (PARA-040)
Warning: Coupling capacitor (out12 out73 0) on net out73 is discarded because the value cannot be <= 0 (PARA-040)
Warning: Coupling capacitor (out59 out75 0) on net out75 is discarded because the value cannot be <= 0 (PARA-040)
Warning: Coupling capacitor (in51:9 out76 0) on net out76 is discarded because the value cannot be <= 0 (PARA-040)
Warning: Coupling capacitor (ANTENNA_input65_A/DIODE out79 0) on net out79 is discarded because the value cannot be <= 0 (PARA-040)
Warning: Coupling capacitor (in67:7 out79 0) on net out79 is discarded because the value cannot be <= 0 (PARA-040)
Warning: Coupling capacitor (out70 out83 0) on net out83 is discarded because the value cannot be <= 0 (PARA-040)
Warning: Coupling capacitor (out76 out85 0) on net out85 is discarded because the value cannot be <= 0 (PARA-040)
Warning: Coupling capacitor (out79 out85 0) on net out85 is discarded because the value cannot be <= 0 (PARA-040)
Warning: Coupling capacitor (out60 out88 0) on net out88 is discarded because the value cannot be <= 0 (PARA-040)
Warning: Coupling capacitor (in88:7 out88 0) on net out88 is discarded because the value cannot be <= 0 (PARA-040)
Warning: Coupling capacitor (in81:11 out89 0) on net out89 is discarded because the value cannot be <= 0 (PARA-040)
Warning: Coupling capacitor (out83 out91 0) on net out91 is discarded because the value cannot be <= 0 (PARA-040)
Warning: Coupling capacitor (out89 out91 0) on net out91 is discarded because the value cannot be <= 0 (PARA-040)
Warning: Coupling capacitor (in79:7 out93 0) on net out93 is discarded because the value cannot be <= 0 (PARA-040)
Warning: Coupling capacitor (out78 out95 0) on net out95 is discarded because the value cannot be <= 0 (PARA-040)
Warning: Coupling capacitor (in47:9 out95 0) on net out95 is discarded because the value cannot be <= 0 (PARA-040)
Warning: Coupling capacitor (out32 out99 0) on net out99 is discarded because the value cannot be <= 0 (PARA-040)
Warning: Coupling capacitor (out93 out99 0) on net out99 is discarded because the value cannot be <= 0 (PARA-040)
Warning: Coupling capacitor (out60 clkbuf_1_1__f_net110/A 0) on net clknet_0_net110 is discarded because the value cannot be <= 0 (PARA-040)
Warning: Coupling capacitor (out70 clkbuf_1_1__f_net110/A 0) on net clknet_0_net110 is discarded because the value cannot be <= 0 (PARA-040)
Warning: Coupling capacitor (clknet_0_clk:24 clkbuf_1_0__f_net169/A 0) on net clknet_0_net169 is discarded because the value cannot be <= 0 (PARA-040)
Warning: Coupling capacitor (clknet_0_clk:24 clkbuf_1_1__f_net291/A 0) on net clknet_0_net291 is discarded because the value cannot be <= 0 (PARA-040)
Warning: Coupling capacitor (ANTENNA_input65_A/DIODE clkbuf_1_0__f_net320/A 0) on net clknet_0_net320 is discarded because the value cannot be <= 0 (PARA-040)
Warning: Coupling capacitor (in67:7 clkbuf_1_0__f_net320/A 0) on net clknet_0_net320 is discarded because the value cannot be <= 0 (PARA-040)
Warning: Coupling capacitor (clkbuf_1_1__f_net402/A clknet_0_net420:8 0) on net clknet_0_net420 is discarded because the value cannot be <= 0 (PARA-040)
Warning: Coupling capacitor (clknet_0_net476:28 clkbuf_1_0__f_net511/A 0) on net clknet_0_net511 is discarded because the value cannot be <= 0 (PARA-040)
Warning: Coupling capacitor (clkbuf_1_1__f_net269/A clkbuf_1_0__f_net700/A 0) on net clknet_0_net700 is discarded because the value cannot be <= 0 (PARA-040)
Warning: Coupling capacitor (clkbuf_1_0__f_net402/A clkbuf_1_0__f_net719/A 0) on net clknet_0_net719 is discarded because the value cannot be <= 0 (PARA-040)
Warning: Coupling capacitor (clknet_0_clk:154 clkbuf_1_0__f_net902/A 0) on net clknet_0_net902 is discarded because the value cannot be <= 0 (PARA-040)
Warning: Coupling capacitor (clk:15 clkbuf_1_0__f_net907/A 0) on net clknet_0_net907 is discarded because the value cannot be <= 0 (PARA-040)
Note - message 'PARA-040' default limit (100) exceeded.  Remainder will be suppressed.
Warning: Net 'net123' is multi-driven. (DES-023)
Warning: Net 'net124' is multi-driven. (DES-023)
Warning: Net 'net586' is multi-driven. (DES-023)
Warning: Net 'net646' is multi-driven. (DES-023)

****************************************
Report : read_parasitics /nas/ei/home/ge78pav/TM_power/TM_openlane/TM_openlane_single_max/TM_openlane_max_anb/TM_openlane_max_anb_mid/netlist_0/low/spef/netlist_0.nom.spef
Design : netlist_0
Version: Q-2019.12-SP1
Date   : Mon Aug 19 15:59:35 2024
****************************************

        0 error(s)
        Format is SPEF
        Annotated nets                   :         1693
        Annotated capacitances           :        14685
        Annotated resistances            :        12992
        Reduced coupling capacitances    :        28008
        Annotated PI models              :            0
        Annotated Elmore delays          :            0

