****************************************
Report : Averaged Power
	-net_power
	-hierarchy
	-sort_by net_switching_power
	-power_greater_than       0
	-nosplit
Design : netlist_1
Version: Q-2019.12-SP1
Date   : Wed Aug 21 15:08:01 2024
****************************************



  Attributes
  ----------
      a  -  Switching activity information / Switching power information annotated on net
      p  -  Propagated switching activity information on net
      d  -  Default switching activity used on net
      u  -  Net switching activity uninitialized
      m  -  Net is driven by multiple pins
      b  -  Net is a primary input (boundary net)

		Toggle rates reported with respect to time unit 1ns
--------------------------------------------------------------------------------
                                  Total      Static   Toggle   Switching
Net                         Vdd   Net Load   Prob.    Rate     Power      Attrs
--------------------------------------------------------------------------------
clknet_2_2__leaf_clk        1.80    0.100    0.500    0.1000   1.617e-05  a
net844                      1.80    0.050    0.497    0.1891   1.519e-05  p
clknet_2_3__leaf_clk        1.80    0.093    0.500    0.1000   1.511e-05  a
clknet_2_0__leaf_clk        1.80    0.093    0.500    0.1000   1.507e-05  a
net28                       1.80    0.090    0.506    0.1012   1.468e-05  p
net842                      1.80    0.066    0.405    0.1208   1.298e-05  p
clknet_0_clk                1.80    0.077    0.500    0.1000   1.251e-05  a
clknet_2_1__leaf_clk        1.80    0.070    0.500    0.1000   1.135e-05  a
net80                       1.80    0.044    0.511    0.1546   1.092e-05  p
clknet_leaf_2_clk           1.80    0.064    0.500    0.1000   1.034e-05  a
net5                        1.80    0.020    0.497    0.2706   8.799e-06  p
clknet_1_0__leaf_net217     1.80    0.032    0.464    0.1652   8.640e-06  p
net78                       1.80    0.039    0.653    0.1256   7.907e-06  p
net106                      1.80    0.035    0.607    0.1237   6.940e-06  p
net574                      1.80    0.042    0.655    0.0981   6.726e-06  p
net265                      1.80    0.037    0.497    0.1094   6.511e-06  p
net3                        1.80    0.021    0.497    0.1891   6.403e-06  p
clknet_0_net218             1.80    0.018    0.542    0.2114   6.267e-06  p
clknet_leaf_30_clk          1.80    0.037    0.500    0.1000   6.023e-06  a
clknet_leaf_17_clk          1.80    0.037    0.500    0.1000   6.022e-06  a
net834                      1.80    0.029    0.542    0.1289   5.997e-06  p
net54                       1.80    0.027    0.321    0.1361   5.961e-06  p
clknet_leaf_23_clk          1.80    0.036    0.500    0.1000   5.912e-06  a
clknet_leaf_9_clk           1.80    0.036    0.500    0.1000   5.880e-06  a
clknet_0_net223             1.80    0.020    0.522    0.1817   5.811e-06  p
clknet_leaf_27_clk          1.80    0.035    0.500    0.1000   5.741e-06  a
clknet_leaf_28_clk          1.80    0.035    0.500    0.1000   5.710e-06  a
clknet_0_net484             1.80    0.019    0.499    0.1878   5.682e-06  p
net57                       1.80    0.023    0.634    0.1531   5.640e-06  p
net112                      1.80    0.024    0.587    0.1430   5.639e-06  p
clknet_leaf_0_clk           1.80    0.034    0.500    0.1000   5.484e-06  a
clknet_0_net217             1.80    0.020    0.464    0.1652   5.463e-06  p
clknet_leaf_25_clk          1.80    0.033    0.500    0.1000   5.425e-06  a
clknet_leaf_7_clk           1.80    0.033    0.500    0.1000   5.371e-06  a
net247                      1.80    0.034    0.640    0.0984   5.371e-06  p
net30                       1.80    0.033    0.506    0.1012   5.331e-06  p
clknet_leaf_18_clk          1.80    0.032    0.500    0.1000   5.192e-06  a
clknet_0_net228             1.80    0.019    0.464    0.1652   4.983e-06  p
clknet_leaf_5_clk           1.80    0.031    0.500    0.1000   4.973e-06  a
clknet_leaf_4_clk           1.80    0.030    0.500    0.1000   4.920e-06  a
clknet_leaf_19_clk          1.80    0.030    0.500    0.1000   4.792e-06  a
clknet_leaf_20_clk          1.80    0.030    0.500    0.1000   4.789e-06  a
clknet_leaf_13_clk          1.80    0.029    0.500    0.1000   4.778e-06  a
clknet_leaf_24_clk          1.80    0.029    0.500    0.1000   4.661e-06  a
net127                      1.80    0.015    0.491    0.1897   4.633e-06  p
clknet_0_net556             1.80    0.019    0.574    0.1502   4.631e-06  p
clknet_0_net554             1.80    0.020    0.585    0.1415   4.616e-06  p
net82                       1.80    0.024    0.413    0.1193   4.571e-06  p
clknet_leaf_15_clk          1.80    0.027    0.500    0.1000   4.440e-06  a
clknet_leaf_11_clk          1.80    0.027    0.500    0.1000   4.408e-06  a
net242                      1.80    0.034    0.365    0.0797   4.403e-06  p
net2                        1.80    0.010    0.507    0.2711   4.362e-06  p
net241                      1.80    0.027    0.500    0.1000   4.362e-06  a
net482                      1.80    0.023    0.506    0.1185   4.362e-06  p
clknet_leaf_31_clk          1.80    0.027    0.500    0.1000   4.326e-06  a
net677                      1.80    0.014    0.505    0.1911   4.320e-06  p
clknet_0_net510             1.80    0.018    0.523    0.1455   4.317e-06  p
net108                      1.80    0.017    0.579    0.1544   4.295e-06  p
net81                       1.80    0.022    0.587    0.1192   4.282e-06  p
net571                      1.80    0.030    0.589    0.0872   4.253e-06  pm
net6                        1.80    0.026    0.499    0.0999   4.190e-06  p
net176                      1.80    0.025    0.506    0.1031   4.171e-06  p
net110                      1.80    0.032    0.365    0.0797   4.089e-06  p
clknet_leaf_34_clk          1.80    0.025    0.500    0.1000   4.079e-06  a
clknet_0_net514             1.80    0.018    0.524    0.1373   4.060e-06  p
net673                      1.80    0.025    0.495    0.1012   4.033e-06  p
net801                      1.80    0.024    0.500    0.1000   3.878e-06  a
net266                      1.80    0.021    0.501    0.1160   3.856e-06  p
net854                      1.80    0.023    0.506    0.1012   3.801e-06  p
net79                       1.80    0.018    0.657    0.1273   3.800e-06  p
clknet_leaf_8_clk           1.80    0.023    0.500    0.1000   3.784e-06  a
clknet_leaf_22_clk          1.80    0.023    0.500    0.1000   3.778e-06  a
net578                      1.80    0.016    0.598    0.1495   3.774e-06  p
clknet_leaf_29_clk          1.80    0.023    0.500    0.1000   3.771e-06  a
net672                      1.80    0.023    0.505    0.1012   3.733e-06  p
clknet_0_net565             1.80    0.018    0.619    0.1271   3.719e-06  p
clknet_leaf_16_clk          1.80    0.023    0.500    0.1000   3.715e-06  a
clknet_leaf_1_clk           1.80    0.023    0.500    0.1000   3.686e-06  a
net338                      1.80    0.028    0.246    0.0804   3.668e-06  p
clknet_1_1__leaf_net217     1.80    0.014    0.464    0.1652   3.617e-06  p
clknet_leaf_33_clk          1.80    0.022    0.500    0.1000   3.503e-06  a
clknet_0_net597             1.80    0.018    0.434    0.1184   3.453e-06  p
clknet_leaf_32_clk          1.80    0.021    0.500    0.1000   3.443e-06  a
net217                      1.80    0.013    0.464    0.1652   3.352e-06  p
clknet_leaf_26_clk          1.80    0.021    0.500    0.1000   3.339e-06  a
net576                      1.80    0.019    0.463    0.1080   3.292e-06  p
net775                      1.80    0.020    0.500    0.1000   3.292e-06  a
net7                        1.80    0.006    0.503    0.3408   3.223e-06  p
clknet_leaf_14_clk          1.80    0.020    0.500    0.1000   3.223e-06  a
net455                      1.80    0.016    0.405    0.1208   3.223e-06  p
clknet_0_net507             1.80    0.018    0.528    0.1075   3.214e-06  p
net218                      1.80    0.009    0.542    0.2114   3.204e-06  p
net94                       1.80    0.016    0.639    0.1252   3.200e-06  p
clknet_1_1__leaf_net556     1.80    0.013    0.574    0.1502   3.175e-06  p
net251                      1.80    0.025    0.365    0.0797   3.174e-06  p
net107                      1.80    0.015    0.649    0.1272   3.173e-06  p
net128                      1.80    0.007    0.506    0.2733   3.169e-06  p
clknet_1_0__leaf_net556     1.80    0.013    0.574    0.1502   3.133e-06  p
net77                       1.80    0.016    0.618    0.1200   3.096e-06  p
clknet_0_net552             1.80    0.020    0.436    0.0958   3.092e-06  p
clknet_leaf_10_clk          1.80    0.019    0.500    0.1000   3.076e-06  a
clknet_0_net564             1.80    0.020    0.562    0.0965   3.063e-06  p
clknet_0_net225             1.80    0.019    0.501    0.1003   3.047e-06  p
clknet_leaf_3_clk           1.80    0.019    0.500    0.1000   3.038e-06  a
net243                      1.80    0.023    0.365    0.0797   3.010e-06  p
clknet_leaf_6_clk           1.80    0.018    0.500    0.1000   2.942e-06  a
clknet_0_net264             1.80    0.020    0.526    0.0895   2.898e-06  p
clknet_0_net839             1.80    0.018    0.552    0.0996   2.869e-06  p
net58                       1.80    0.012    0.634    0.1531   2.858e-06  p
clknet_0_net373             1.80    0.018    0.589    0.0965   2.856e-06  p
clknet_1_0__leaf_net362     1.80    0.020    0.474    0.0895   2.843e-06  p
clknet_1_0__leaf_net506     1.80    0.022    0.404    0.0783   2.833e-06  p
clknet_0_net498             1.80    0.019    0.616    0.0929   2.819e-06  p
net676                      1.80    0.017    0.495    0.1011   2.813e-06  p
clknet_0_net380             1.80    0.020    0.589    0.0872   2.804e-06  p
net355                      1.80    0.016    0.638    0.1061   2.795e-06  p
net771                      1.80    0.017    0.500    0.1000   2.784e-06  a
net809                      1.80    0.017    0.500    0.1000   2.747e-06  a
clknet_0_net362             1.80    0.019    0.474    0.0895   2.724e-06  p
net484                      1.80    0.009    0.499    0.1878   2.717e-06  p
net433                      1.80    0.052    0.861    0.0319   2.701e-06  p
net807                      1.80    0.017    0.500    0.1000   2.693e-06  a
clknet_0_net219             1.80    0.020    0.625    0.0834   2.682e-06  p
clknet_0_net257             1.80    0.020    0.417    0.0829   2.678e-06  p
clknet_0_net447             1.80    0.019    0.432    0.0861   2.641e-06  p
net223                      1.80    0.009    0.522    0.1817   2.637e-06  p
net115                      1.80    0.012    0.721    0.1343   2.621e-06  p
net336                      1.80    0.013    0.653    0.1256   2.593e-06  p
clknet_1_1__leaf_net552     1.80    0.017    0.436    0.0958   2.586e-06  p
clknet_1_1__leaf_net507     1.80    0.015    0.528    0.1075   2.573e-06  p
clknet_1_1__leaf_net362     1.80    0.018    0.474    0.0895   2.567e-06  p
net510                      1.80    0.011    0.523    0.1455   2.566e-06  p
net228                      1.80    0.010    0.464    0.1652   2.547e-06  p
clknet_0_net828             1.80    0.019    0.417    0.0827   2.543e-06  p
clknet_1_1__leaf_net514     1.80    0.011    0.524    0.1373   2.538e-06  p
clknet_0_net253             1.80    0.019    0.415    0.0829   2.535e-06  p
net528                      1.80    0.042    0.643    0.0366   2.510e-06  p
net556                      1.80    0.010    0.574    0.1502   2.469e-06  p
clknet_1_0__leaf_net228     1.80    0.009    0.464    0.1652   2.452e-06  p
clknet_1_1__leaf_net564     1.80    0.016    0.562    0.0965   2.432e-06  p
net345                      1.80    0.014    0.681    0.1053   2.423e-06  p
clknet_0_net603             1.80    0.019    0.398    0.0781   2.421e-06  p
clknet_0_net481             1.80    0.019    0.404    0.0783   2.420e-06  p
net134                      1.80    0.015    0.503    0.0979   2.384e-06  p
clknet_0_net506             1.80    0.019    0.404    0.0783   2.380e-06  p
clknet_0_net594             1.80    0.019    0.596    0.0783   2.374e-06  p
clknet_0_net596             1.80    0.019    0.596    0.0783   2.373e-06  p
clknet_0_net486             1.80    0.019    0.404    0.0783   2.367e-06  p
clknet_leaf_21_clk          1.80    0.015    0.500    0.1000   2.351e-06  a
clknet_1_0__leaf_net489     1.80    0.022    0.336    0.0653   2.330e-06  p
clknet_0_net595             1.80    0.018    0.404    0.0783   2.329e-06  p
net841                      1.80    0.033    0.824    0.0435   2.327e-06  p
net565                      1.80    0.011    0.619    0.1271   2.318e-06  p
net444                      1.80    0.029    0.792    0.0493   2.278e-06  p
net514                      1.80    0.010    0.524    0.1373   2.260e-06  p
net1                        1.80    0.007    0.493    0.1895   2.235e-06  p
clknet_1_0__leaf_net507     1.80    0.013    0.528    0.1075   2.228e-06  p
clknet_0_net231             1.80    0.021    0.315    0.0666   2.225e-06  p
net925                      1.80    0.005    0.506    0.2733   2.223e-06  p
net221                      1.80    0.005    0.502    0.2496   2.170e-06  p
net790                      1.80    0.013    0.500    0.1000   2.162e-06  a
clknet_1_1__leaf_net510     1.80    0.009    0.523    0.1455   2.141e-06  p
net507                      1.80    0.012    0.528    0.1075   2.132e-06  p
net643                      1.80    0.030    0.824    0.0435   2.118e-06  p
net554                      1.80    0.009    0.585    0.1415   2.109e-06  p
net564                      1.80    0.013    0.562    0.0965   2.108e-06  p
net843                      1.80    0.051    0.722    0.0247   2.041e-06  p
clknet_1_0__leaf_net481     1.80    0.016    0.404    0.0783   2.038e-06  p
clknet_1_1__leaf_net481     1.80    0.016    0.404    0.0783   2.030e-06  p
net245                      1.80    0.014    0.439    0.0927   2.029e-06  p
net388                      1.80    0.030    0.522    0.0407   1.977e-06  p
net488                      1.80    0.012    0.498    0.0994   1.976e-06  p
net668                      1.80    0.012    0.575    0.0993   1.973e-06  p
clknet_1_0__leaf_net554     1.80    0.009    0.585    0.1415   1.971e-06  p
clknet_1_1__leaf_net218     1.80    0.006    0.542    0.2114   1.960e-06  p
net415                      1.80    0.012    0.502    0.0994   1.959e-06  p
net598                      1.80    0.017    0.304    0.0695   1.950e-06  p
clknet_0_net489             1.80    0.018    0.336    0.0653   1.919e-06  p
net755                      1.80    0.027    0.824    0.0435   1.917e-06  p
net575                      1.80    0.016    0.147    0.0717   1.911e-06  p
net769                      1.80    0.012    0.500    0.1000   1.892e-06  a
net87                       1.80    0.012    0.496    0.0958   1.890e-06  p
clknet_0_net230             1.80    0.020    0.302    0.0595   1.884e-06  p
net646                      1.80    0.027    0.176    0.0435   1.882e-06  p
clknet_1_0__leaf_net514     1.80    0.008    0.524    0.1373   1.877e-06  p
net348                      1.80    0.014    0.464    0.0809   1.857e-06  p
clknet_1_1__leaf_net373     1.80    0.012    0.589    0.0965   1.850e-06  p
net607                      1.80    0.016    0.696    0.0695   1.835e-06  p
net760                      1.80    0.011    0.500    0.1000   1.823e-06  a
net597                      1.80    0.009    0.434    0.1184   1.819e-06  p
clknet_1_0__leaf_net828     1.80    0.014    0.417    0.0827   1.818e-06  p
net346                      1.80    0.007    0.491    0.1633   1.799e-06  p
net271                      1.80    0.009    0.542    0.1289   1.798e-06  p
clknet_0_net541             1.80    0.018    0.569    0.0601   1.768e-06  p
net339                      1.80    0.040    0.865    0.0273   1.750e-06  p
clknet_1_0__leaf_net510     1.80    0.007    0.523    0.1455   1.749e-06  p
net88                       1.80    0.011    0.504    0.0958   1.731e-06  p
clknet_1_0__leaf_net223     1.80    0.006    0.522    0.1817   1.717e-06  p
net264                      1.80    0.012    0.526    0.0895   1.712e-06  p
clknet_0_net103             1.80    0.019    0.485    0.0559   1.679e-06  p
net373                      1.80    0.011    0.589    0.0965   1.672e-06  p
net784                      1.80    0.010    0.500    0.1000   1.670e-06  a
net839                      1.80    0.010    0.552    0.0996   1.653e-06  p
net109                      1.80    0.013    0.634    0.0798   1.649e-06  p
net622                      1.80    0.044    0.891    0.0229   1.637e-06  p
net552                      1.80    0.010    0.436    0.0958   1.622e-06  p
net0                        1.80    0.005    0.495    0.1885   1.616e-06  p
net4                        1.80    0.005    0.507    0.1880   1.615e-06  p
net823                      1.80    0.014    0.609    0.0722   1.613e-06  p
net126                      1.80    0.010    0.521    0.1012   1.611e-06  p
net35                       1.80    0.025    0.796    0.0391   1.606e-06  p
net814                      1.80    0.010    0.500    0.1000   1.573e-06  a
net438                      1.80    0.026    0.600    0.0374   1.565e-06  p
net84                       1.80    0.011    0.625    0.0834   1.552e-06  p
clknet_0_net826             1.80    0.019    0.240    0.0504   1.513e-06  p
clknet_1_0__leaf_net839     1.80    0.009    0.552    0.0996   1.508e-06  p
net434                      1.80    0.029    0.861    0.0319   1.506e-06  p
net435                      1.80    0.023    0.299    0.0394   1.495e-06  p
net362                      1.80    0.010    0.474    0.0895   1.492e-06  p
net512                      1.80    0.015    0.691    0.0613   1.487e-06  p
clknet_1_0__leaf_net218     1.80    0.004    0.542    0.2114   1.476e-06  p
clknet_1_1__leaf_net506     1.80    0.012    0.404    0.0783   1.476e-06  p
net774                      1.80    0.009    0.500    0.1000   1.471e-06  a
net480                      1.80    0.042    0.667    0.0216   1.467e-06  p
net828                      1.80    0.011    0.417    0.0827   1.452e-06  p
net380                      1.80    0.010    0.589    0.0872   1.446e-06  p
net119                      1.80    0.008    0.536    0.1098   1.439e-06  p
net506                      1.80    0.011    0.404    0.0783   1.433e-06  p
net651                      1.80    0.020    0.828    0.0433   1.430e-06  p
net267                      1.80    0.040    0.434    0.0217   1.403e-06  p
net780                      1.80    0.009    0.500    0.1000   1.396e-06  a
clknet_1_0__leaf_net230     1.80    0.014    0.302    0.0595   1.374e-06  p
net137                      1.80    0.011    0.625    0.0787   1.373e-06  p
clknet_1_0__leaf_net565     1.80    0.007    0.619    0.1271   1.367e-06  p
net114                      1.80    0.006    0.592    0.1348   1.364e-06  p
net305                      1.80    0.007    0.497    0.1113   1.344e-06  p
net225                      1.80    0.008    0.501    0.1003   1.343e-06  p
net787                      1.80    0.008    0.500    0.1000   1.343e-06  a
net596                      1.80    0.011    0.596    0.0783   1.337e-06  p
clknet_1_0__leaf_net552     1.80    0.009    0.436    0.0958   1.336e-06  p
net56                       1.80    0.042    0.300    0.0196   1.335e-06  p
net479                      1.80    0.038    0.325    0.0213   1.331e-06  pm
clknet_1_0__leaf_net484     1.80    0.004    0.499    0.1878   1.327e-06  p
net253                      1.80    0.010    0.415    0.0829   1.325e-06  p
net517                      1.80    0.004    0.512    0.1884   1.325e-06  p
net693                      1.80    0.008    0.500    0.1000   1.322e-06  a
net55                       1.80    0.006    0.321    0.1361   1.319e-06  p
net486                      1.80    0.010    0.404    0.0783   1.302e-06  p
net498                      1.80    0.009    0.616    0.0929   1.298e-06  p
net489                      1.80    0.012    0.336    0.0653   1.292e-06  p
net813                      1.80    0.008    0.500    0.1000   1.260e-06  a
net766                      1.80    0.008    0.500    0.1000   1.258e-06  a
net681                      1.80    0.008    0.495    0.1011   1.247e-06  p
net219                      1.80    0.009    0.625    0.0834   1.240e-06  p
net911                      1.80    0.009    0.430    0.0839   1.239e-06  p
net83                       1.80    0.009    0.374    0.0837   1.232e-06  p
clknet_1_0__leaf_net373     1.80    0.008    0.589    0.0965   1.229e-06  p
net815                      1.80    0.008    0.500    0.1000   1.228e-06  a
net595                      1.80    0.010    0.404    0.0783   1.219e-06  p
net390                      1.80    0.013    0.146    0.0593   1.219e-06  p
net93                       1.80    0.009    0.611    0.0875   1.213e-06  p
net270                      1.80    0.020    0.315    0.0371   1.213e-06  p
net257                      1.80    0.009    0.417    0.0829   1.213e-06  p
net246                      1.80    0.036    0.380    0.0204   1.187e-06  p
net793                      1.80    0.007    0.500    0.1000   1.181e-06  a
clknet_1_0__leaf_net595     1.80    0.009    0.404    0.0783   1.178e-06  p
clknet_1_1__leaf_net554     1.80    0.005    0.585    0.1415   1.175e-06  p
net569                      1.80    0.005    0.475    0.1424   1.169e-06  p
net481                      1.80    0.009    0.404    0.0783   1.165e-06  p
net783                      1.80    0.007    0.500    0.1000   1.149e-06  a
clknet_1_0__leaf_net447     1.80    0.008    0.432    0.0861   1.148e-06  p
clknet_1_1__leaf_net484     1.80    0.004    0.499    0.1878   1.148e-06  p
net36                       1.80    0.007    0.494    0.1012   1.144e-06  p
net533                      1.80    0.019    0.357    0.0366   1.142e-06  p
net620                      1.80    0.030    0.109    0.0229   1.130e-06  p
net447                      1.80    0.008    0.432    0.0861   1.116e-06  p
net810                      1.80    0.007    0.500    0.1000   1.115e-06  a
net511                      1.80    0.011    0.309    0.0613   1.114e-06  p
net789                      1.80    0.007    0.500    0.1000   1.114e-06  a
net260                      1.80    0.008    0.393    0.0870   1.095e-06  p
clknet_1_0__leaf_net564     1.80    0.007    0.562    0.0965   1.077e-06  p
net10                       1.80    0.008    0.401    0.0798   1.076e-06  p
net340                      1.80    0.008    0.570    0.0839   1.067e-06  p
net776                      1.80    0.007    0.500    0.1000   1.066e-06  a
net777                      1.80    0.006    0.500    0.1000   1.053e-06  a
net739                      1.80    0.012    0.577    0.0552   1.050e-06  p
clknet_0_net451             1.80    0.020    0.861    0.0319   1.048e-06  p
net603                      1.80    0.008    0.398    0.0781   1.042e-06  p
net515                      1.80    0.005    0.524    0.1373   1.028e-06  p
net594                      1.80    0.008    0.596    0.0783   1.020e-06  p
net367                      1.80    0.010    0.763    0.0606   1.018e-06  p
clknet_1_1__leaf_net828     1.80    0.008    0.417    0.0827   1.012e-06  p
net441                      1.80    0.018    0.496    0.0343   1.005e-06  p
clknet_1_1__leaf_net231     1.80    0.009    0.315    0.0666   9.999e-07  p
net786                      1.80    0.006    0.500    0.1000   9.991e-07  a
net805                      1.80    0.006    0.500    0.1000   9.868e-07  a
net387                      1.80    0.032    0.616    0.0190   9.843e-07  p
net795                      1.80    0.006    0.500    0.1000   9.753e-07  a
net343                      1.80    0.022    0.136    0.0273   9.753e-07  p
net541                      1.80    0.010    0.569    0.0601   9.700e-07  p
net812                      1.80    0.006    0.500    0.1000   9.694e-07  a
net436                      1.80    0.020    0.529    0.0299   9.680e-07  p
net652                      1.80    0.014    0.172    0.0433   9.640e-07  p
net454                      1.80    0.035    0.294    0.0166   9.537e-07  p
net103                      1.80    0.010    0.485    0.0559   9.382e-07  p
net230                      1.80    0.010    0.302    0.0595   9.317e-07  p
net785                      1.80    0.006    0.500    0.1000   9.185e-07  a
net485                      1.80    0.006    0.545    0.0987   9.183e-07  p
net394                      1.80    0.015    0.373    0.0371   9.137e-07  p
net779                      1.80    0.006    0.500    0.1000   8.983e-07  a
net231                      1.80    0.008    0.315    0.0666   8.973e-07  p
net623                      1.80    0.024    0.109    0.0229   8.924e-07  p
net105                      1.80    0.003    0.501    0.1905   8.897e-07  p
net503                      1.80    0.004    0.500    0.1307   8.734e-07  p
net437                      1.80    0.037    0.658    0.0145   8.729e-07  p
net513                      1.80    0.006    0.626    0.0937   8.672e-07  p
net752                      1.80    0.007    0.502    0.0783   8.669e-07  p
clknet_1_1__leaf_net253     1.80    0.006    0.415    0.0829   8.621e-07  p
clknet_1_0__leaf_net597     1.80    0.004    0.434    0.1184   8.555e-07  p
net803                      1.80    0.005    0.500    0.1000   8.554e-07  a
net113                      1.80    0.022    0.553    0.0242   8.531e-07  p
net778                      1.80    0.005    0.500    0.1000   8.500e-07  a
net799                      1.80    0.005    0.500    0.1000   8.476e-07  a
net147                      1.80    0.005    0.617    0.1098   8.461e-07  p
net763                      1.80    0.005    0.500    0.1000   8.446e-07  a
clknet_1_1__leaf_net596     1.80    0.007    0.596    0.0783   8.437e-07  p
net44                       1.80    0.017    0.645    0.0315   8.427e-07  p
net797                      1.80    0.005    0.500    0.1000   8.410e-07  a
clknet_1_1__leaf_net223     1.80    0.003    0.522    0.1817   8.391e-07  p
net122                      1.80    0.006    0.439    0.0927   8.370e-07  p
clknet_1_1__leaf_net489     1.80    0.008    0.336    0.0653   8.344e-07  p
net400                      1.80    0.016    0.347    0.0323   8.291e-07  p
net573                      1.80    0.020    0.883    0.0252   8.263e-07  p
net530                      1.80    0.014    0.357    0.0366   8.257e-07  p
net920                      1.80    0.012    0.171    0.0428   8.217e-07  p
clknet_1_1__leaf_net264     1.80    0.006    0.526    0.0895   8.158e-07  p
net798                      1.80    0.005    0.500    0.1000   8.144e-07  a
clknet_1_1__leaf_net595     1.80    0.006    0.404    0.0783   8.132e-07  p
net414                      1.80    0.020    0.278    0.0247   8.100e-07  p
net133                      1.80    0.002    0.528    0.2091   8.045e-07  p
net130                      1.80    0.020    0.490    0.0243   7.987e-07  p
net553                      1.80    0.005    0.437    0.0977   7.982e-07  p
clknet_1_0__leaf_net264     1.80    0.005    0.526    0.0895   7.970e-07  p
clknet_1_0__leaf_net594     1.80    0.006    0.596    0.0783   7.966e-07  p
net347                      1.80    0.006    0.536    0.0809   7.966e-07  p
clknet_1_1__leaf_net594     1.80    0.006    0.596    0.0783   7.932e-07  p
net806                      1.80    0.005    0.500    0.1000   7.877e-07  a
clknet_1_0__leaf_net231     1.80    0.007    0.315    0.0666   7.872e-07  p
clknet_1_0__leaf_net596     1.80    0.006    0.596    0.0783   7.871e-07  p
clknet_1_0__leaf_net486     1.80    0.006    0.404    0.0783   7.831e-07  p
net395                      1.80    0.013    0.408    0.0382   7.807e-07  p
net773                      1.80    0.005    0.500    0.1000   7.790e-07  a
net794                      1.80    0.005    0.500    0.1000   7.752e-07  a
net800                      1.80    0.005    0.500    0.1000   7.744e-07  a
net476                      1.80    0.010    0.421    0.0471   7.723e-07  p
net425                      1.80    0.033    0.659    0.0145   7.720e-07  p
net626                      1.80    0.021    0.109    0.0229   7.633e-07  p
net792                      1.80    0.005    0.500    0.1000   7.571e-07  a
clknet_1_0__leaf_net219     1.80    0.006    0.625    0.0834   7.528e-07  p
net61                       1.80    0.016    0.578    0.0297   7.522e-07  p
net409                      1.80    0.014    0.799    0.0322   7.519e-07  p
net804                      1.80    0.005    0.500    0.1000   7.515e-07  a
net532                      1.80    0.013    0.357    0.0366   7.434e-07  p
net179                      1.80    0.020    0.880    0.0233   7.428e-07  p
net349                      1.80    0.005    0.336    0.0897   7.358e-07  p
net826                      1.80    0.009    0.240    0.0504   7.347e-07  p
net811                      1.80    0.005    0.500    0.1000   7.293e-07  a
net709                      1.80    0.005    0.500    0.1000   7.293e-07  a
net650                      1.80    0.010    0.823    0.0441   7.255e-07  p
net293                      1.80    0.017    0.158    0.0270   7.230e-07  p
net850                      1.80    0.004    0.501    0.1160   7.221e-07  p
net393                      1.80    0.011    0.478    0.0407   7.168e-07  p
net442                      1.80    0.014    0.861    0.0319   7.109e-07  p
net675                      1.80    0.004    0.495    0.1012   7.095e-07  p
net649                      1.80    0.010    0.172    0.0433   7.072e-07  p
net568                      1.80    0.006    0.678    0.0689   7.065e-07  p
net11                       1.80    0.005    0.598    0.0799   7.061e-07  p
clknet_1_1__leaf_net219     1.80    0.005    0.625    0.0834   7.046e-07  p
clknet_1_1__leaf_net486     1.80    0.006    0.404    0.0783   7.019e-07  p
net274                      1.80    0.014    0.485    0.0308   7.017e-07  p
net750                      1.80    0.008    0.691    0.0532   7.010e-07  p
net22                       1.80    0.005    0.401    0.0798   7.001e-07  p
net111                      1.80    0.004    0.610    0.1214   6.994e-07  p
net572                      1.80    0.005    0.410    0.0873   6.957e-07  p
clknet_1_1__leaf_net839     1.80    0.004    0.552    0.0996   6.938e-07  p
net921                      1.80    0.011    0.195    0.0384   6.917e-07  p
net422                      1.80    0.009    0.475    0.0454   6.916e-07  p
net86                       1.80    0.020    0.348    0.0214   6.896e-07  p
net483                      1.80    0.020    0.667    0.0216   6.872e-07  p
net104                      1.80    0.003    0.535    0.1615   6.850e-07  p
clknet_1_0__leaf_net225     1.80    0.004    0.501    0.1003   6.849e-07  p
net808                      1.80    0.004    0.500    0.1000   6.847e-07  a
net398                      1.80    0.011    0.748    0.0389   6.756e-07  p
net269                      1.80    0.019    0.566    0.0217   6.744e-07  p
net539                      1.80    0.011    0.357    0.0366   6.738e-07  p
net85                       1.80    0.019    0.644    0.0216   6.675e-07  p
net252                      1.80    0.007    0.545    0.0593   6.667e-07  p
net768                      1.80    0.004    0.500    0.1000   6.655e-07  a
net791                      1.80    0.004    0.500    0.1000   6.609e-07  a
net753                      1.80    0.006    0.521    0.0705   6.581e-07  p
net538                      1.80    0.011    0.643    0.0366   6.571e-07  p
clknet_1_0__leaf_net253     1.80    0.005    0.415    0.0829   6.556e-07  p
net279                      1.80    0.012    0.415    0.0351   6.545e-07  p
clknet_0_net490             1.80    0.019    0.667    0.0216   6.506e-07  p
net136                      1.80    0.010    0.507    0.0394   6.503e-07  p
net92                       1.80    0.010    0.403    0.0420   6.484e-07  p
clknet_1_0__leaf_net541     1.80    0.007    0.569    0.0601   6.482e-07  p
net16                       1.80    0.003    0.255    0.1400   6.434e-07  p
net721                      1.80    0.004    0.500    0.1000   6.433e-07  a
net463                      1.80    0.021    0.591    0.0191   6.415e-07  p
net275                      1.80    0.013    0.796    0.0299   6.404e-07  p
net499                      1.80    0.006    0.232    0.0682   6.397e-07  p
net424                      1.80    0.016    0.510    0.0241   6.380e-07  p
net97                       1.80    0.002    0.625    0.1654   6.351e-07  p
net280                      1.80    0.048    0.971    0.0082   6.341e-07  p
net412                      1.80    0.016    0.722    0.0247   6.312e-07  p
net392                      1.80    0.007    0.146    0.0593   6.307e-07  p
net730                      1.80    0.017    0.619    0.0230   6.291e-07  p
net352                      1.80    0.004    0.580    0.0899   6.287e-07  p
net235                      1.80    0.002    0.553    0.1590   6.128e-07  p
net351                      1.80    0.004    0.484    0.1050   6.097e-07  p
net637                      1.80    0.013    0.870    0.0293   6.054e-07  p
net781                      1.80    0.004    0.500    0.1000   5.967e-07  a
net91                       1.80    0.002    0.481    0.1567   5.963e-07  p
net379                      1.80    0.004    0.466    0.0951   5.918e-07  p
net66                       1.80    0.003    0.470    0.1102   5.909e-07  p
net371                      1.80    0.016    0.224    0.0232   5.899e-07  p
net198                      1.80    0.051    0.946    0.0070   5.811e-07  p
net840                      1.80    0.044    0.971    0.0082   5.799e-07  p
net59                       1.80    0.017    0.599    0.0210   5.799e-07  p
net754                      1.80    0.004    0.479    0.0851   5.770e-07  p
net190                      1.80    0.004    0.555    0.0953   5.720e-07  p
clknet_1_1__leaf_net498     1.80    0.004    0.616    0.0929   5.650e-07  p
clknet_1_1__leaf_net597     1.80    0.003    0.434    0.1184   5.647e-07  p
net439                      1.80    0.012    0.529    0.0299   5.642e-07  p
net529                      1.80    0.005    0.443    0.0636   5.618e-07  p
net741                      1.80    0.006    0.703    0.0568   5.591e-07  p
net402                      1.80    0.011    0.653    0.0323   5.590e-07  p
clknet_1_1__leaf_net228     1.80    0.002    0.464    0.1652   5.581e-07  p
net300                      1.80    0.018    0.105    0.0191   5.519e-07  p
net120                      1.80    0.009    0.462    0.0371   5.471e-07  p
net342                      1.80    0.003    0.319    0.1053   5.461e-07  p
clknet_1_1__leaf_net225     1.80    0.003    0.501    0.1003   5.458e-07  p
net542                      1.80    0.013    0.572    0.0252   5.442e-07  p
net73                       1.80    0.002    0.452    0.1357   5.394e-07  p
net788                      1.80    0.003    0.500    0.1000   5.387e-07  a
net584                      1.80    0.004    0.446    0.0875   5.382e-07  p
net411                      1.80    0.013    0.722    0.0247   5.381e-07  p
net212                      1.80    0.012    0.589    0.0283   5.334e-07  p
net141                      1.80    0.026    0.953    0.0124   5.305e-07  p
net90                       1.80    0.017    0.410    0.0197   5.300e-07  p
net262                      1.80    0.003    0.601    0.1134   5.282e-07  p
net33                       1.80    0.008    0.202    0.0391   5.281e-07  p
net782                      1.80    0.003    0.500    0.1000   5.270e-07  a
net41                       1.80    0.009    0.805    0.0374   5.232e-07  p
net397                      1.80    0.008    0.592    0.0382   5.221e-07  p
net125                      1.80    0.004    0.630    0.0772   5.209e-07  p
net890                      1.80    0.005    0.235    0.0603   5.185e-07  p
net37                       1.80    0.008    0.803    0.0386   5.112e-07  p
net316                      1.80    0.021    0.172    0.0154   5.110e-07  p
clknet_1_1__leaf_net380     1.80    0.004    0.589    0.0872   5.104e-07  p
net751                      1.80    0.004    0.495    0.0783   5.103e-07  p
net761                      1.80    0.003    0.500    0.1000   5.059e-07  a
net765                      1.80    0.003    0.500    0.1000   5.045e-07  a
net364                      1.80    0.006    0.180    0.0561   5.034e-07  p
net577                      1.80    0.003    0.491    0.1002   4.997e-07  p
net732                      1.80    0.006    0.262    0.0531   4.995e-07  p
net816                      1.80    0.003    0.500    0.1000   4.978e-07  a
net526                      1.80    0.003    0.509    0.1089   4.975e-07  p
net317                      1.80    0.008    0.501    0.0358   4.825e-07  p
net333                      1.80    0.020    0.245    0.0148   4.822e-07  p
net756                      1.80    0.007    0.171    0.0428   4.814e-07  p
net32                       1.80    0.008    0.796    0.0391   4.800e-07  p
net466                      1.80    0.023    0.330    0.0128   4.791e-07  p
net570                      1.80    0.003    0.621    0.1098   4.751e-07  p
net426                      1.80    0.011    0.382    0.0270   4.750e-07  p
net453                      1.80    0.003    0.493    0.0984   4.725e-07  p
net96                       1.80    0.004    0.587    0.0781   4.725e-07  p
net764                      1.80    0.003    0.500    0.1000   4.718e-07  a
net613                      1.80    0.005    0.400    0.0623   4.717e-07  p
net233                      1.80    0.011    0.928    0.0253   4.698e-07  p
net261                      1.80    0.003    0.668    0.0837   4.645e-07  p
net391                      1.80    0.015    0.616    0.0190   4.641e-07  p
net685                      1.80    0.003    0.404    0.1051   4.641e-07  p
net770                      1.80    0.003    0.500    0.1000   4.640e-07  a
clknet_1_0__leaf_net826     1.80    0.006    0.240    0.0504   4.607e-07  p
net897                      1.80    0.003    0.470    0.1105   4.585e-07  p
net102                      1.80    0.003    0.315    0.1016   4.548e-07  p
net733                      1.80    0.005    0.282    0.0584   4.543e-07  p
clknet_1_0__leaf_net257     1.80    0.003    0.417    0.0829   4.504e-07  p
net518                      1.80    0.003    0.374    0.0940   4.503e-07  p
net331                      1.80    0.019    0.245    0.0148   4.489e-07  p
clknet_1_1__leaf_net565     1.80    0.002    0.619    0.1271   4.487e-07  p
net281                      1.80    0.011    0.451    0.0256   4.476e-07  p
net135                      1.80    0.012    0.088    0.0221   4.434e-07  p
clknet_1_0__leaf_net380     1.80    0.003    0.589    0.0872   4.398e-07  p
net451                      1.80    0.008    0.861    0.0319   4.395e-07  p
net71                       1.80    0.008    0.391    0.0342   4.368e-07  p
net458                      1.80    0.012    0.319    0.0230   4.366e-07  p
net762                      1.80    0.003    0.500    0.1000   4.365e-07  a
net505                      1.80    0.006    0.743    0.0430   4.309e-07  p
clknet_1_0__leaf_net603     1.80    0.003    0.398    0.0781   4.304e-07  p
net306                      1.80    0.013    0.140    0.0208   4.292e-07  p
net376                      1.80    0.010    0.785    0.0250   4.213e-07  p
net116                      1.80    0.002    0.656    0.1269   4.204e-07  p
net918                      1.80    0.003    0.246    0.0804   4.203e-07  p
net344                      1.80    0.013    0.321    0.0204   4.201e-07  p
net95                       1.80    0.003    0.413    0.0781   4.200e-07  p
net944                      1.80    0.003    0.501    0.1003   4.188e-07  p
net276                      1.80    0.009    0.796    0.0299   4.181e-07  p
net69                       1.80    0.013    0.300    0.0196   4.164e-07  p
net952                      1.80    0.003    0.373    0.0837   4.156e-07  p
net234                      1.80    0.005    0.627    0.0500   4.141e-07  p
clknet_1_1__leaf_net603     1.80    0.003    0.398    0.0781   4.140e-07  p
net123                      1.80    0.003    0.560    0.1004   4.073e-07  p
net366                      1.80    0.006    0.112    0.0396   4.057e-07  p
net629                      1.80    0.011    0.891    0.0229   4.036e-07  p
net332                      1.80    0.015    0.246    0.0160   4.014e-07  p
net129                      1.80    0.010    0.490    0.0243   4.011e-07  p
net802                      1.80    0.002    0.500    0.1000   4.010e-07  a
net878                      1.80    0.003    0.196    0.0794   3.989e-07  p
net403                      1.80    0.008    0.347    0.0323   3.924e-07  p
net617                      1.80    0.005    0.762    0.0459   3.908e-07  p
net417                      1.80    0.011    0.515    0.0215   3.880e-07  p
clknet_1_1__leaf_net826     1.80    0.005    0.240    0.0504   3.878e-07  p
net796                      1.80    0.002    0.500    0.1000   3.849e-07  a
net772                      1.80    0.002    0.500    0.1000   3.844e-07  a
net846                      1.80    0.004    0.360    0.0594   3.804e-07  p
net100                      1.80    0.003    0.578    0.0870   3.784e-07  p
net224                      1.80    0.003    0.196    0.0794   3.777e-07  p
net759                      1.80    0.002    0.500    0.1000   3.765e-07  a
net330                      1.80    0.008    0.755    0.0293   3.759e-07  p
net558                      1.80    0.007    0.094    0.0355   3.752e-07  p
net145                      1.80    0.009    0.957    0.0252   3.728e-07  p
net692                      1.80    0.003    0.410    0.0873   3.727e-07  p
net465                      1.80    0.019    0.710    0.0121   3.707e-07  p
clknet_1_1__leaf_net103     1.80    0.004    0.485    0.0559   3.706e-07  p
net475                      1.80    0.003    0.687    0.0855   3.703e-07  p
net674                      1.80    0.002    0.505    0.1012   3.683e-07  p
net849                      1.80    0.002    0.500    0.1000   3.661e-07  a
net563                      1.80    0.006    0.900    0.0354   3.661e-07  p
net341                      1.80    0.003    0.430    0.0839   3.660e-07  p
net880                      1.80    0.004    0.703    0.0568   3.654e-07  p
net229                      1.80    0.012    0.551    0.0185   3.642e-07  p
net581                      1.80    0.002    0.655    0.0981   3.634e-07  p
net582                      1.80    0.010    0.589    0.0216   3.633e-07  p
net423                      1.80    0.010    0.284    0.0218   3.632e-07  p
net702                      1.80    0.003    0.365    0.0797   3.616e-07  p
net560                      1.80    0.005    0.158    0.0439   3.607e-07  p
net68                       1.80    0.007    0.379    0.0339   3.601e-07  p
net535                      1.80    0.006    0.347    0.0359   3.595e-07  p
net181                      1.80    0.012    0.861    0.0181   3.579e-07  p
net899                      1.80    0.003    0.768    0.0685   3.565e-07  p
clknet_1_1__leaf_net541     1.80    0.004    0.569    0.0601   3.557e-07  p
net767                      1.80    0.002    0.500    0.1000   3.528e-07  a
net416                      1.80    0.009    0.278    0.0247   3.514e-07  p
net386                      1.80    0.003    0.627    0.0864   3.510e-07  p
net491                      1.80    0.008    0.871    0.0257   3.497e-07  p
net121                      1.80    0.006    0.538    0.0371   3.497e-07  p
net832                      1.80    0.028    0.160    0.0076   3.477e-07  p
net285                      1.80    0.002    0.365    0.0966   3.474e-07  p
net520                      1.80    0.002    0.438    0.0918   3.472e-07  p
net142                      1.80    0.011    0.951    0.0203   3.469e-07  p
net215                      1.80    0.008    0.411    0.0283   3.452e-07  p
net703                      1.80    0.003    0.634    0.0798   3.428e-07  p
net742                      1.80    0.004    0.360    0.0594   3.424e-07  p
net255                      1.80    0.013    0.260    0.0159   3.418e-07  p
net178                      1.80    0.014    0.201    0.0147   3.386e-07  p
net704                      1.80    0.003    0.246    0.0804   3.380e-07  pm
net457                      1.80    0.031    0.601    0.0066   3.330e-07  p
net831                      1.80    0.022    0.257    0.0093   3.328e-07  p
net180                      1.80    0.011    0.137    0.0180   3.318e-07  p
net375                      1.80    0.012    0.727    0.0170   3.278e-07  p
net45                       1.80    0.003    0.666    0.0722   3.276e-07  p
net705                      1.80    0.006    0.861    0.0313   3.243e-07  p
net722                      1.80    0.003    0.304    0.0695   3.241e-07  p
clknet_1_1__leaf_net257     1.80    0.002    0.417    0.0829   3.236e-07  p
net313                      1.80    0.008    0.260    0.0240   3.182e-07  p
net283                      1.80    0.002    0.702    0.0899   3.157e-07  p
net904                      1.80    0.005    0.094    0.0355   3.134e-07  p
clknet_0_net523             1.80    0.021    0.005    0.0092   3.127e-07  p
net543                      1.80    0.005    0.414    0.0348   3.086e-07  p
clknet_1_0__leaf_net103     1.80    0.003    0.485    0.0559   3.085e-07  p
net490                      1.80    0.009    0.667    0.0216   3.073e-07  p
net738                      1.80    0.017    0.188    0.0112   3.061e-07  p
net882                      1.80    0.002    0.598    0.0799   3.057e-07  p
net132                      1.80    0.006    0.052    0.0302   3.052e-07  p
net567                      1.80    0.003    0.322    0.0689   3.038e-07  p
net602                      1.80    0.016    0.198    0.0117   3.031e-07  p
net950                      1.80    0.005    0.373    0.0371   3.023e-07  p
net817                      1.80    0.008    0.352    0.0247   3.013e-07  p
net350                      1.80    0.007    0.864    0.0273   2.965e-07  p
net53                       1.80    0.012    0.836    0.0146   2.950e-07  p
net358                      1.80    0.004    0.259    0.0428   2.948e-07  p
net43                       1.80    0.007    0.386    0.0253   2.929e-07  p
net684                      1.80    0.002    0.680    0.0735   2.916e-07  p
net335                      1.80    0.008    0.577    0.0214   2.898e-07  p
net860                      1.80    0.003    0.820    0.0561   2.891e-07  p
net592                      1.80    0.003    0.820    0.0683   2.889e-07  p
net24                       1.80    0.009    0.761    0.0208   2.875e-07  p
clknet_1_1__leaf_net447     1.80    0.002    0.432    0.0861   2.874e-07  p
net495                      1.80    0.003    0.780    0.0605   2.872e-07  p
net389                      1.80    0.003    0.146    0.0593   2.853e-07  p
net566                      1.80    0.002    0.564    0.0784   2.817e-07  p
net497                      1.80    0.006    0.399    0.0295   2.816e-07  p
net407                      1.80    0.005    0.794    0.0324   2.806e-07  p
net401                      1.80    0.005    0.347    0.0323   2.805e-07  p
net700                      1.80    0.004    0.478    0.0407   2.782e-07  p
net99                       1.80    0.007    0.445    0.0257   2.781e-07  p
net701                      1.80    0.004    0.522    0.0407   2.778e-07  p
net561                      1.80    0.004    0.842    0.0439   2.766e-07  p
net896                      1.80    0.008    0.452    0.0206   2.763e-07  p
net887                      1.80    0.003    0.304    0.0533   2.760e-07  p
net494                      1.80    0.009    0.201    0.0196   2.759e-07  p
net273                      1.80    0.011    0.058    0.0153   2.750e-07  p
net70                       1.80    0.005    0.742    0.0359   2.722e-07  p
net500                      1.80    0.002    0.768    0.0682   2.713e-07  p
net396                      1.80    0.012    0.600    0.0138   2.691e-07  p
net748                      1.80    0.006    0.132    0.0276   2.668e-07  p
net89                       1.80    0.008    0.581    0.0201   2.665e-07  p
net888                      1.80    0.010    0.150    0.0165   2.647e-07  p
net295                      1.80    0.013    0.825    0.0128   2.625e-07  p
net631                      1.80    0.007    0.109    0.0229   2.624e-07  p
net232                      1.80    0.006    0.071    0.0250   2.620e-07  p
net143                      1.80    0.002    0.742    0.0687   2.609e-07  p
net824                      1.80    0.023    0.054    0.0070   2.607e-07  p
clknet_1_0__leaf_net498     1.80    0.002    0.616    0.0929   2.599e-07  p
clknet_1_1__leaf_net230     1.80    0.003    0.302    0.0595   2.591e-07  p
net404                      1.80    0.005    0.345    0.0328   2.566e-07  p
net452                      1.80    0.003    0.799    0.0493   2.554e-07  p
net731                      1.80    0.005    0.172    0.0331   2.520e-07  p
net321                      1.80    0.011    0.245    0.0148   2.515e-07  p
net368                      1.80    0.003    0.235    0.0603   2.510e-07  p
net244                      1.80    0.006    0.925    0.0269   2.478e-07  p
net72                       1.80    0.009    0.230    0.0168   2.476e-07  p
net630                      1.80    0.007    0.891    0.0229   2.473e-07  p
net467                      1.80    0.009    0.628    0.0172   2.461e-07  p
net197                      1.80    0.010    0.828    0.0154   2.447e-07  p
net385                      1.80    0.002    0.657    0.0752   2.432e-07  p
net910                      1.80    0.008    0.465    0.0194   2.423e-07  p
net248                      1.80    0.008    0.525    0.0195   2.402e-07  p
net372                      1.80    0.007    0.073    0.0201   2.401e-07  p
net322                      1.80    0.008    0.895    0.0194   2.367e-07  p
net943                      1.80    0.009    0.730    0.0163   2.350e-07  p
net210                      1.80    0.006    0.547    0.0249   2.327e-07  p
net660                      1.80    0.015    0.193    0.0094   2.297e-07  p
net420                      1.80    0.006    0.722    0.0247   2.291e-07  p
net377                      1.80    0.004    0.184    0.0354   2.288e-07  p
net639                      1.80    0.007    0.317    0.0192   2.280e-07  p
net195                      1.80    0.012    0.927    0.0120   2.279e-07  p
net612                      1.80    0.002    0.598    0.0629   2.269e-07  p
net98                       1.80    0.005    0.555    0.0257   2.261e-07  p
net291                      1.80    0.017    0.965    0.0081   2.256e-07  p
net369                      1.80    0.009    0.673    0.0150   2.216e-07  p
net19                       1.80    0.007    0.249    0.0184   2.214e-07  p
net192                      1.80    0.009    0.878    0.0151   2.213e-07  p
net464                      1.80    0.005    0.525    0.0257   2.199e-07  p
net536                      1.80    0.011    0.711    0.0125   2.195e-07  p
net865                      1.80    0.014    0.098    0.0099   2.190e-07  p
net858                      1.80    0.006    0.619    0.0230   2.177e-07  p
net589                      1.80    0.004    0.397    0.0304   2.175e-07  p
net937                      1.80    0.003    0.842    0.0445   2.172e-07  p
net101                      1.80    0.005    0.507    0.0277   2.166e-07  p
net296                      1.80    0.011    0.165    0.0121   2.161e-07  p
net327                      1.80    0.009    0.924    0.0149   2.153e-07  p
net51                       1.80    0.010    0.191    0.0129   2.138e-07  p
net474                      1.80    0.013    0.602    0.0100   2.130e-07  p
net908                      1.80    0.003    0.478    0.0407   2.129e-07  p
net609                      1.80    0.006    0.595    0.0202   2.129e-07  p
net40                       1.80    0.006    0.506    0.0220   2.125e-07  p
net473                      1.80    0.011    0.341    0.0119   2.110e-07  p
net527                      1.80    0.006    0.445    0.0214   2.088e-07  p
clknet_1_1__leaf_net451     1.80    0.004    0.861    0.0319   2.084e-07  p
net728                      1.80    0.009    0.795    0.0142   2.080e-07  p
net46                       1.80    0.002    0.806    0.0527   2.078e-07  p
net471                      1.80    0.011    0.714    0.0119   2.071e-07  p
net470                      1.80    0.007    0.393    0.0172   2.068e-07  p
net430                      1.80    0.013    0.153    0.0097   2.029e-07  p
net712                      1.80    0.003    0.347    0.0359   2.024e-07  p
net64                       1.80    0.012    0.057    0.0106   2.016e-07  p
net38                       1.80    0.003    0.195    0.0384   2.014e-07  p
net363                      1.80    0.002    0.820    0.0561   2.000e-07  p
net521                      1.80    0.010    0.033    0.0126   1.998e-07  p
net970                      1.80    0.003    0.373    0.0371   1.995e-07  p
net544                      1.80    0.009    0.215    0.0142   1.990e-07  p
net445                      1.80    0.012    0.561    0.0105   1.978e-07  p
net873                      1.80    0.003    0.186    0.0390   1.971e-07  p
net717                      1.80    0.006    0.504    0.0202   1.968e-07  p
net822                      1.80    0.004    0.402    0.0320   1.963e-07  p
net431                      1.80    0.005    0.278    0.0247   1.955e-07  p
net34                       1.80    0.003    0.204    0.0391   1.953e-07  p
net309                      1.80    0.006    0.140    0.0209   1.933e-07  p
net124                      1.80    0.008    0.058    0.0158   1.928e-07  p
net202                      1.80    0.017    0.054    0.0070   1.925e-07  p
net522                      1.80    0.004    0.109    0.0277   1.922e-07  p
net382                      1.80    0.006    0.733    0.0209   1.921e-07  p
net75                       1.80    0.017    0.054    0.0070   1.897e-07  p
net268                      1.80    0.005    0.502    0.0232   1.890e-07  p
net852                      1.80    0.005    0.589    0.0216   1.888e-07  p
net749                      1.80    0.002    0.304    0.0533   1.879e-07  p
net427                      1.80    0.012    0.153    0.0097   1.875e-07  p
net378                      1.80    0.008    0.327    0.0150   1.868e-07  p
net864                      1.80    0.004    0.058    0.0301   1.866e-07  p
net211                      1.80    0.008    0.004    0.0143   1.864e-07  p
net601                      1.80    0.010    0.799    0.0117   1.864e-07  p
net523                      1.80    0.012    0.005    0.0092   1.858e-07  p
net683                      1.80    0.006    0.701    0.0200   1.857e-07  p
net697                      1.80    0.003    0.815    0.0353   1.835e-07  pm
net934                      1.80    0.006    0.692    0.0178   1.831e-07  p
net222                      1.80    0.006    0.503    0.0202   1.829e-07  p
net194                      1.80    0.009    0.073    0.0120   1.825e-07  p
net847                      1.80    0.004    0.578    0.0296   1.823e-07  p
net838                      1.80    0.018    0.958    0.0061   1.821e-07  p
net365                      1.80    0.003    0.888    0.0396   1.819e-07  p
net537                      1.80    0.009    0.279    0.0123   1.818e-07  p
net74                       1.80    0.003    0.391    0.0342   1.815e-07  p
net686                      1.80    0.005    0.490    0.0243   1.814e-07  p
net663                      1.80    0.006    0.076    0.0176   1.811e-07  p
net713                      1.80    0.003    0.643    0.0366   1.810e-07  p
net220                      1.80    0.006    0.503    0.0202   1.802e-07  p
net148                      1.80    0.004    0.058    0.0301   1.802e-07  p
clknet_1_0__leaf_net490     1.80    0.005    0.667    0.0216   1.797e-07  p
net383                      1.80    0.003    0.737    0.0322   1.792e-07  p
net634                      1.80    0.017    0.097    0.0066   1.778e-07  p
net287                      1.80    0.015    0.971    0.0073   1.769e-07  pm
net286                      1.80    0.013    0.971    0.0082   1.765e-07  p
net23                       1.80    0.006    0.970    0.0181   1.757e-07  p
net659                      1.80    0.008    0.195    0.0128   1.752e-07  p
net967                      1.80    0.002    0.360    0.0594   1.721e-07  p
net949                      1.80    0.005    0.524    0.0195   1.717e-07  p
net504                      1.80    0.002    0.743    0.0430   1.708e-07  p
net399                      1.80    0.003    0.895    0.0312   1.691e-07  p
net551                      1.80    0.004    0.354    0.0294   1.680e-07  p
net421                      1.80    0.004    0.278    0.0247   1.679e-07  p
net42                       1.80    0.004    0.606    0.0249   1.679e-07  p
net236                      1.80    0.003    0.156    0.0340   1.654e-07  p
net456                      1.80    0.016    0.387    0.0063   1.653e-07  p
net478                      1.80    0.002    0.700    0.0471   1.646e-07  p
net912                      1.80    0.003    0.888    0.0396   1.640e-07  p
net259                      1.80    0.013    0.920    0.0075   1.626e-07  p
net408                      1.80    0.003    0.794    0.0324   1.624e-07  p
net941                      1.80    0.004    0.126    0.0278   1.606e-07  p
net308                      1.80    0.003    0.246    0.0287   1.604e-07  p
net936                      1.80    0.005    0.599    0.0210   1.599e-07  p
net726                      1.80    0.006    0.300    0.0177   1.596e-07  p
net689                      1.80    0.003    0.094    0.0355   1.595e-07  p
net288                      1.80    0.013    0.029    0.0073   1.585e-07  p
net886                      1.80    0.003    0.538    0.0371   1.581e-07  p
net727                      1.80    0.005    0.692    0.0178   1.569e-07  p
net644                      1.80    0.002    0.824    0.0435   1.556e-07  p
net688                      1.80    0.005    0.300    0.0197   1.556e-07  p
net405                      1.80    0.003    0.655    0.0328   1.546e-07  p
net406                      1.80    0.003    0.206    0.0324   1.546e-07  p
net848                      1.80    0.004    0.536    0.0213   1.518e-07  p
net818                      1.80    0.020    0.076    0.0046   1.508e-07  p
net939                      1.80    0.004    0.486    0.0219   1.508e-07  p
net924                      1.80    0.006    0.058    0.0158   1.504e-07  p
net960                      1.80    0.002    0.796    0.0391   1.486e-07  p
net450                      1.80    0.003    0.541    0.0282   1.486e-07  p
net449                      1.80    0.003    0.459    0.0282   1.486e-07  p
net825                      1.80    0.012    0.055    0.0079   1.478e-07  p
net640                      1.80    0.004    0.891    0.0229   1.474e-07  p
net26                       1.80    0.020    0.985    0.0046   1.460e-07  p
net183                      1.80    0.013    0.951    0.0071   1.458e-07  p
net65                       1.80    0.009    0.943    0.0106   1.456e-07  p
net174                      1.80    0.071    0.989    0.0013   1.456e-07  p
clknet_1_0__leaf_net451     1.80    0.003    0.861    0.0319   1.453e-07  p
net508                      1.80    0.003    0.347    0.0323   1.450e-07  p
net559                      1.80    0.002    0.186    0.0391   1.448e-07  p
net307                      1.80    0.003    0.160    0.0339   1.446e-07  p
out44                       1.80    0.001    0.542    0.1289   1.446e-07  p
net496                      1.80    0.003    0.601    0.0295   1.446e-07  p
net866                      1.80    0.005    0.046    0.0165   1.443e-07  p
net906                      1.80    0.003    0.883    0.0252   1.430e-07  p
net655                      1.80    0.002    0.172    0.0428   1.424e-07  p
net863                      1.80    0.003    0.052    0.0302   1.421e-07  p
net250                      1.80    0.004    0.609    0.0205   1.414e-07  p
net226                      1.80    0.011    0.804    0.0081   1.404e-07  p
net889                      1.80    0.004    0.140    0.0208   1.401e-07  p
net667                      1.80    0.009    0.802    0.0101   1.398e-07  p
net959                      1.80    0.003    0.119    0.0269   1.392e-07  p
net662                      1.80    0.008    0.849    0.0113   1.390e-07  p
net258                      1.80    0.011    0.080    0.0075   1.388e-07  p
net638                      1.80    0.005    0.675    0.0186   1.384e-07  p
net654                      1.80    0.007    0.806    0.0128   1.372e-07  p
net699                      1.80    0.004    0.434    0.0217   1.366e-07  p
net855                      1.80    0.006    0.320    0.0144   1.364e-07  p
net954                      1.80    0.003    0.864    0.0273   1.361e-07  p
net410                      1.80    0.005    0.184    0.0164   1.358e-07  p
net635                      1.80    0.011    0.894    0.0073   1.350e-07  p
net557                      1.80    0.002    0.094    0.0355   1.348e-07  p
net175                      1.80    0.042    0.988    0.0020   1.340e-07  p
net310                      1.80    0.009    0.060    0.0088   1.326e-07  p
net303                      1.80    0.005    0.850    0.0162   1.319e-07  p
net312                      1.80    0.010    0.860    0.0083   1.318e-07  p
net448                      1.80    0.003    0.873    0.0257   1.318e-07  p
net21                       1.80    0.003    0.937    0.0266   1.291e-07  p
net718                      1.80    0.004    0.532    0.0207   1.289e-07  pm
net8                        1.80    0.003    0.932    0.0241   1.284e-07  pm
net929                      1.80    0.004    0.291    0.0219   1.271e-07  p
net942                      1.80    0.003    0.158    0.0270   1.271e-07  p
net263                      1.80    0.004    0.709    0.0214   1.267e-07  p
net272                      1.80    0.005    0.939    0.0155   1.266e-07  p
net729                      1.80    0.004    0.487    0.0212   1.262e-07  p
net611                      1.80    0.007    0.859    0.0117   1.257e-07  p
net869                      1.80    0.004    0.157    0.0190   1.255e-07  p
net519                      1.80    0.003    0.526    0.0236   1.251e-07  p
net740                      1.80    0.005    0.820    0.0142   1.243e-07  p
net837                      1.80    0.005    0.236    0.0145   1.236e-07  p
net370                      1.80    0.005    0.320    0.0144   1.233e-07  p
net48                       1.80    0.003    0.511    0.0265   1.232e-07  p
net204                      1.80    0.012    0.042    0.0061   1.231e-07  p
net947                      1.80    0.007    0.799    0.0117   1.229e-07  p
net201                      1.80    0.011    0.946    0.0070   1.227e-07  p
net746                      1.80    0.007    0.303    0.0112   1.217e-07  p
clknet_1_0__leaf_net523     1.80    0.008    0.005    0.0092   1.213e-07  p
net714                      1.80    0.004    0.609    0.0205   1.207e-07  p
net547                      1.80    0.003    0.428    0.0252   1.198e-07  p
net870                      1.80    0.003    0.891    0.0229   1.197e-07  p
net118                      1.80    0.003    0.126    0.0278   1.184e-07  p
net459                      1.80    0.003    0.536    0.0213   1.178e-07  p
net17                       1.80    0.004    0.962    0.0165   1.173e-07  p
net63                       1.80    0.003    0.291    0.0219   1.158e-07  p
net935                      1.80    0.002    0.663    0.0314   1.158e-07  p
net857                      1.80    0.004    0.840    0.0192   1.155e-07  p
net585                      1.80    0.005    0.027    0.0146   1.154e-07  p
net20                       1.80    0.003    0.061    0.0260   1.152e-07  p
net725                      1.80    0.004    0.240    0.0179   1.150e-07  p
net432                      1.80    0.003    0.264    0.0275   1.149e-07  p
net47                       1.80    0.002    0.663    0.0314   1.144e-07  p
out8                        1.80    0.001    0.552    0.0996   1.136e-07  p
net680                      1.80    0.004    0.717    0.0164   1.135e-07  p
net139                      1.80    0.006    0.931    0.0112   1.135e-07  p
net966                      1.80    0.003    0.572    0.0252   1.134e-07  p
net356                      1.80    0.003    0.125    0.0202   1.127e-07  p
net859                      1.80    0.004    0.300    0.0177   1.126e-07  p
net926                      1.80    0.003    0.515    0.0215   1.126e-07  p
net384                      1.80    0.006    0.821    0.0115   1.118e-07  p
net608                      1.80    0.004    0.400    0.0194   1.107e-07  p
net418                      1.80    0.006    0.827    0.0120   1.103e-07  p
net493                      1.80    0.003    0.799    0.0196   1.102e-07  p
net708                      1.80    0.003    0.667    0.0217   1.102e-07  p
net893                      1.80    0.002    0.601    0.0295   1.099e-07  p
net62                       1.80    0.007    0.098    0.0099   1.081e-07  p
net586                      1.80    0.005    0.643    0.0123   1.067e-07  p
net885                      1.80    0.003    0.577    0.0214   1.063e-07  p
net945                      1.80    0.004    0.861    0.0181   1.063e-07  p
net540                      1.80    0.005    0.287    0.0121   1.060e-07  p
net18                       1.80    0.004    0.034    0.0162   1.057e-07  p
net299                      1.80    0.003    0.895    0.0191   1.055e-07  p
net324                      1.80    0.007    0.733    0.0090   1.053e-07  p
net922                      1.80    0.004    0.628    0.0172   1.049e-07  p
net213                      1.80    0.002    0.409    0.0349   1.046e-07  p
net25                       1.80    0.002    0.119    0.0269   1.044e-07  p
net240                      1.80    0.006    0.188    0.0112   1.044e-07  p
net50                       1.80    0.008    0.895    0.0081   1.041e-07  p
net624                      1.80    0.003    0.109    0.0229   1.040e-07  p
net958                      1.80    0.003    0.321    0.0204   1.030e-07  p
net196                      1.80    0.004    0.872    0.0173   1.020e-07  p
net60                       1.80    0.003    0.300    0.0196   1.018e-07  p
net440                      1.80    0.006    0.523    0.0104   9.981e-08  p
net550                      1.80    0.006    0.930    0.0101   9.977e-08  p
net917                      1.80    0.005    0.045    0.0121   9.964e-08  p
net868                      1.80    0.003    0.490    0.0243   9.910e-08  p
net27                       1.80    0.004    0.756    0.0173   9.851e-08  pm
net879                      1.80    0.003    0.525    0.0236   9.832e-08  p
net357                      1.80    0.003    0.873    0.0202   9.814e-08  p
net446                      1.80    0.003    0.422    0.0193   9.684e-08  p
net872                      1.80    0.002    0.578    0.0239   9.664e-08  p
net907                      1.80    0.002    0.382    0.0270   9.640e-08  p
net429                      1.80    0.006    0.847    0.0097   9.539e-08  p
net819                      1.80    0.013    0.914    0.0046   9.521e-08  p
clknet_1_1__leaf_net490     1.80    0.003    0.667    0.0216   9.428e-08  p
net193                      1.80    0.002    0.158    0.0268   9.405e-08  p
net964                      1.80    0.007    0.920    0.0078   9.321e-08  p
net698                      1.80    0.003    0.566    0.0217   9.309e-08  p
net249                      1.80    0.003    0.465    0.0194   9.297e-08  p
net892                      1.80    0.009    0.958    0.0061   9.282e-08  p
net256                      1.80    0.002    0.578    0.0239   9.247e-08  p
net883                      1.80    0.002    0.129    0.0257   9.228e-08  p
net13                       1.80    0.012    0.015    0.0046   9.158e-08  p
net189                      1.80    0.008    0.792    0.0072   9.136e-08  p
net277                      1.80    0.007    0.969    0.0079   8.946e-08  p
net948                      1.80    0.005    0.303    0.0112   8.823e-08  p
net633                      1.80    0.007    0.894    0.0073   8.789e-08  p
net206                      1.80    0.009    0.042    0.0061   8.639e-08  p
net492                      1.80    0.002    0.129    0.0257   8.616e-08  p
net182                      1.80    0.007    0.869    0.0075   8.572e-08  p
net618                      1.80    0.005    0.981    0.0103   8.497e-08  p
net916                      1.80    0.003    0.300    0.0196   8.436e-08  p
net715                      1.80    0.003    0.380    0.0204   8.402e-08  p
net690                      1.80    0.002    0.109    0.0229   8.362e-08  p
net460                      1.80    0.002    0.452    0.0206   8.342e-08  p
net874                      1.80    0.002    0.628    0.0217   8.327e-08  p
net940                      1.80    0.006    0.733    0.0090   8.274e-08  p
net184                      1.80    0.005    0.139    0.0111   8.271e-08  p
net117                      1.80    0.002    0.628    0.0217   8.212e-08  p
net735                      1.80    0.003    0.840    0.0192   8.184e-08  p
net311                      1.80    0.006    0.140    0.0083   8.038e-08  p
net606                      1.80    0.004    0.802    0.0117   7.979e-08  p
net679                      1.80    0.003    0.274    0.0160   7.934e-08  p
net49                       1.80    0.003    0.892    0.0158   7.911e-08  p
net881                      1.80    0.003    0.751    0.0184   7.874e-08  p
net968                      1.80    0.002    0.589    0.0216   7.739e-08  p
net932                      1.80    0.002    0.348    0.0214   7.739e-08  p
net961                      1.80    0.002    0.701    0.0200   7.675e-08  p
net833                      1.80    0.007    0.934    0.0070   7.639e-08  p
net632                      1.80    0.002    0.836    0.0221   7.609e-08  p
net39                       1.80    0.002    0.487    0.0219   7.598e-08  p
net664                      1.80    0.002    0.181    0.0217   7.572e-08  p
net625                      1.80    0.002    0.891    0.0229   7.509e-08  p
net909                      1.80    0.006    0.184    0.0076   7.503e-08  p
net188                      1.80    0.008    0.888    0.0059   7.490e-08  p
net254                      1.80    0.003    0.730    0.0164   7.450e-08  p
net278                      1.80    0.005    0.901    0.0099   7.443e-08  p
net200                      1.80    0.006    0.054    0.0070   7.382e-08  p
net545                      1.80    0.004    0.168    0.0114   7.369e-08  p
net736                      1.80    0.002    0.157    0.0190   7.340e-08  p
net140                      1.80    0.004    0.045    0.0121   7.318e-08  p
net187                      1.80    0.007    0.107    0.0066   7.315e-08  p
net957                      1.80    0.002    0.616    0.0190   7.304e-08  p
net374                      1.80    0.002    0.283    0.0203   7.274e-08  p
net227                      1.80    0.006    0.184    0.0076   7.257e-08  p
net282                      1.80    0.003    0.831    0.0161   7.096e-08  p
net928                      1.80    0.003    0.220    0.0149   7.069e-08  p
net902                      1.80    0.004    0.279    0.0123   7.057e-08  p
net472                      1.80    0.004    0.659    0.0119   7.027e-08  p
net237                      1.80    0.003    0.151    0.0131   7.005e-08  p
net744                      1.80    0.005    0.158    0.0090   6.898e-08  p
net191                      1.80    0.006    0.902    0.0066   6.896e-08  p
net615                      1.80    0.004    0.870    0.0120   6.885e-08  p
net724                      1.80    0.002    0.751    0.0184   6.869e-08  p
out20                       1.80    0.001    0.609    0.0722   6.863e-08  p
net52                       1.80    0.003    0.164    0.0146   6.860e-08  p
net239                      1.80    0.004    0.188    0.0112   6.807e-08  p
net208                      1.80    0.008    0.033    0.0051   6.760e-08  p
net381                      1.80    0.005    0.873    0.0081   6.748e-08  p
net546                      1.80    0.004    0.832    0.0114   6.709e-08  p
net919                      1.80    0.003    0.878    0.0151   6.698e-08  p
net443                      1.80    0.005    0.160    0.0076   6.678e-08  p
net238                      1.80    0.003    0.849    0.0131   6.665e-08  p
out3                        1.80    0.001    0.240    0.0504   6.646e-08  p
net747                      1.80    0.002    0.616    0.0190   6.633e-08  p
net549                      1.80    0.004    0.070    0.0101   6.624e-08  p
net931                      1.80    0.004    0.194    0.0099   6.597e-08  p
net304                      1.80    0.002    0.150    0.0162   6.547e-08  p
net462                      1.80    0.002    0.503    0.0157   6.359e-08  p
net419                      1.80    0.003    0.162    0.0114   6.352e-08  p
net359                      1.80    0.003    0.220    0.0149   6.337e-08  p
clknet_1_1__leaf_net523     1.80    0.004    0.005    0.0092   6.250e-08  p
net67                       1.80    0.002    0.046    0.0165   6.239e-08  p
net328                      1.80    0.004    0.938    0.0099   6.150e-08  p
out32                       1.80    0.000    0.417    0.0827   6.097e-08  p
net933                      1.80    0.002    0.697    0.0167   6.078e-08  p
net745                      1.80    0.003    0.220    0.0149   6.070e-08  p
net205                      1.80    0.006    0.958    0.0061   5.931e-08  p
net927                      1.80    0.002    0.503    0.0157   5.823e-08  p
net905                      1.80    0.003    0.561    0.0105   5.822e-08  p
net361                      1.80    0.002    0.294    0.0166   5.821e-08  p
net682                      1.80    0.002    0.287    0.0193   5.816e-08  p
net284                      1.80    0.002    0.733    0.0153   5.799e-08  p
net579                      1.80    0.003    0.341    0.0119   5.717e-08  p
net468                      1.80    0.003    0.911    0.0108   5.670e-08  p
net209                      1.80    0.006    0.958    0.0061   5.647e-08  p
net360                      1.80    0.002    0.698    0.0167   5.635e-08  p
net861                      1.80    0.002    0.229    0.0168   5.568e-08  p
clknet_0_net555             1.80    0.018    0.892    0.0018   5.349e-08  p
net876                      1.80    0.003    0.523    0.0104   5.307e-08  p
net901                      1.80    0.003    0.710    0.0121   5.301e-08  p
net461                      1.80    0.002    0.486    0.0164   5.285e-08  p
net616                      1.80    0.003    0.816    0.0109   5.248e-08  p
net138                      1.80    0.003    0.069    0.0112   5.229e-08  p
net203                      1.80    0.005    0.958    0.0061   5.220e-08  p
net965                      1.80    0.004    0.831    0.0092   5.206e-08  p
net955                      1.80    0.003    0.165    0.0121   5.163e-08  p
net962                      1.80    0.003    0.911    0.0108   5.129e-08  p
net477                      1.80    0.002    0.574    0.0131   5.124e-08  p
net428                      1.80    0.004    0.066    0.0084   5.080e-08  p
net737                      1.80    0.005    0.940    0.0059   5.010e-08  p
net665                      1.80    0.002    0.139    0.0134   5.000e-08  p
net895                      1.80    0.003    0.931    0.0112   4.987e-08  p
net610                      1.80    0.003    0.133    0.0117   4.952e-08  p
net216                      1.80    0.005    0.908    0.0067   4.907e-08  p
net820                      1.80    0.002    0.754    0.0150   4.888e-08  p
net836                      1.80    0.002    0.741    0.0122   4.865e-08  p
net891                      1.80    0.004    0.869    0.0075   4.803e-08  p
net301                      1.80    0.003    0.172    0.0088   4.801e-08  p
net661                      1.80    0.003    0.151    0.0113   4.797e-08  p
net587                      1.80    0.002    0.357    0.0123   4.787e-08  p
net653                      1.80    0.002    0.185    0.0135   4.784e-08  p
net658                      1.80    0.003    0.178    0.0116   4.783e-08  p
net469                      1.80    0.003    0.089    0.0108   4.771e-08  p
net502                      1.80    0.003    0.959    0.0097   4.714e-08  p
out2                        1.80    0.001    0.402    0.0320   4.607e-08  p
net548                      1.80    0.002    0.378    0.0128   4.538e-08  p
net588                      1.80    0.002    0.637    0.0138   4.533e-08  p
net501                      1.80    0.003    0.040    0.0096   4.491e-08  p
net583                      1.80    0.011    0.994    0.0024   4.344e-08  p
net298                      1.80    0.003    0.063    0.0103   4.262e-08  p
net12                       1.80    0.005    0.984    0.0049   4.235e-08  p
net168                      1.80    0.013    0.013    0.0020   4.224e-08  p
net877                      1.80    0.002    0.089    0.0108   4.211e-08  p
net144                      1.80    0.004    0.921    0.0069   4.094e-08  p
net853                      1.80    0.004    0.124    0.0065   4.055e-08  p
net294                      1.80    0.006    0.931    0.0042   4.007e-08  p
net757                      1.80    0.002    0.194    0.0099   3.992e-08  p
net319                      1.80    0.006    0.034    0.0041   3.914e-08  p
net871                      1.80    0.003    0.818    0.0087   3.854e-08  p
net913                      1.80    0.003    0.873    0.0081   3.725e-08  p
net302                      1.80    0.003    0.819    0.0087   3.712e-08  p
net297                      1.80    0.009    0.014    0.0026   3.698e-08  p
net161                      1.80    0.032    0.985    0.0007   3.566e-08  p
net320                      1.80    0.005    0.964    0.0044   3.495e-08  p
net956                      1.80    0.002    0.890    0.0085   3.450e-08  p
net821                      1.80    0.033    0.006    0.0007   3.442e-08  p
net743                      1.80    0.002    0.831    0.0092   3.403e-08  p
net76                       1.80    0.003    0.946    0.0070   3.168e-08  p
net146                      1.80    0.002    0.941    0.0089   3.148e-08  p
net318                      1.80    0.005    0.967    0.0039   3.142e-08  p
net720                      1.80    0.003    0.029    0.0073   2.993e-08  p
net214                      1.80    0.003    0.946    0.0070   2.973e-08  p
net678                      1.80    0.002    0.890    0.0085   2.962e-08  p
net562                      1.80    0.005    0.987    0.0035   2.916e-08  p
net830                      1.80    0.010    0.892    0.0018   2.879e-08  p
net903                      1.80    0.003    0.042    0.0061   2.876e-08  p
net898                      1.80    0.002    0.969    0.0082   2.855e-08  p
clknet_1_1__leaf_net555     1.80    0.010    0.892    0.0018   2.834e-08  p
net555                      1.80    0.010    0.892    0.0018   2.805e-08  p
out40                       1.80    0.002    0.257    0.0093   2.709e-08  p
out0                        1.80    0.001    0.352    0.0247   2.679e-08  p
net711                      1.80    0.003    0.387    0.0063   2.613e-08  p
clknet_1_0__leaf_net555     1.80    0.009    0.892    0.0018   2.574e-08  p
net758                      1.80    0.002    0.124    0.0065   2.560e-08  p
net590                      1.80    0.007    0.995    0.0021   2.408e-08  p
net155                      1.80    0.022    0.993    0.0007   2.345e-08  p
net334                      1.80    0.011    0.989    0.0013   2.334e-08  p
net710                      1.80    0.002    0.601    0.0066   2.324e-08  p
net157                      1.80    0.020    0.993    0.0007   2.275e-08  p
net151                      1.80    0.022    1.000    0.0006   2.209e-08  p
net185                      1.80    0.019    0.984    0.0007   2.183e-08  p
net152                      1.80    0.022    1.000    0.0006   2.147e-08  p
net290                      1.80    0.012    0.010    0.0010   1.926e-08  p
net177                      1.80    0.009    0.989    0.0013   1.918e-08  p
net329                      1.80    0.002    0.912    0.0049   1.882e-08  p
net666                      1.80    0.018    0.006    0.0007   1.879e-08  p
net835                      1.80    0.003    0.056    0.0038   1.852e-08  p
net289                      1.80    0.008    0.987    0.0013   1.746e-08  p
net829                      1.80    0.003    0.009    0.0039   1.723e-08  p
net900                      1.80    0.002    0.931    0.0042   1.553e-08  p
out17                       1.80    0.001    0.754    0.0150   1.537e-08  p
net524                      1.80    0.005    0.995    0.0018   1.463e-08  p
net160                      1.80    0.013    0.007    0.0007   1.460e-08  p
net158                      1.80    0.015    1.000    0.0006   1.453e-08  p
net915                      1.80    0.003    0.993    0.0030   1.435e-08  p
net723                      1.80    0.000    0.694    0.0696   1.430e-08  pm
net647                      1.80    0.013    0.990    0.0007   1.406e-08  p
out60                       1.80    0.001    0.958    0.0061   1.367e-08  p
net149                      1.80    0.014    1.000    0.0006   1.353e-08  p
out6                        1.80    0.001    0.236    0.0145   1.271e-08  p
out28                       1.80    0.001    0.055    0.0079   1.200e-08  p
out53                       1.80    0.001    0.741    0.0122   1.106e-08  p
net687                      1.80    0.005    0.989    0.0013   1.102e-08  p
out23                       1.80    0.001    0.054    0.0070   1.035e-08  p
net851                      1.80    0.004    0.987    0.0016   1.030e-08  p
net525                      1.80    0.003    0.005    0.0018   1.001e-08  p
out43                       1.80    0.001    0.934    0.0070   9.948e-09  p
net292                      1.80    0.006    0.009    0.0009   9.345e-09  p
out14                       1.80    0.001    0.076    0.0046   9.250e-09  p
net856                      1.80    0.009    1.000    0.0006   9.134e-09  p
net156                      1.80    0.009    0.993    0.0007   9.013e-09  p
net827                      1.80    0.002    0.098    0.0021   7.691e-09  p
net150                      1.80    0.007    1.000    0.0006   7.360e-09  p
net923                      1.80    0.012    0.003    0.0004   7.237e-09  p
out33                       1.80    0.001    0.009    0.0039   6.524e-09  p
net591                      1.80    0.002    0.995    0.0021   6.497e-09  p
out52                       1.80    0.001    0.056    0.0038   6.185e-09  p
net163                      1.80    0.005    0.019    0.0007   6.041e-09  p
out41                       1.80    0.000    0.160    0.0076   6.023e-09  p
net719                      1.80    0.006    0.993    0.0007   5.975e-09  p
net951                      1.80    0.005    0.998    0.0007   5.687e-09  p
net938                      1.80    0.004    0.985    0.0008   5.212e-09  p
net669                      1.80    0.004    0.994    0.0007   4.968e-09  p
net691                      1.80    0.000    0.888    0.0233   4.893e-09  pm
net167                      1.80    0.003    0.987    0.0011   4.744e-09  p
net323                      1.80    0.009    0.998    0.0003   4.632e-09  p
out37                       1.80    0.001    0.892    0.0018   4.292e-09  p
out16                       1.80    0.001    0.914    0.0046   4.161e-09  p
net169                      1.80    0.003    0.985    0.0008   3.861e-09  p
net186                      1.80    0.002    0.987    0.0010   3.609e-09  p
net656                      1.80    0.006    0.003    0.0004   3.389e-09  p
net875                      1.80    0.002    0.986    0.0010   3.302e-09  p
net969                      1.80    0.003    0.998    0.0007   3.162e-09  p
net930                      1.80    0.005    0.003    0.0004   3.132e-09  p
net325                      1.80    0.003    0.008    0.0006   3.024e-09  p
net326                      1.80    0.003    0.983    0.0007   2.864e-09  p
net946                      1.80    0.003    0.992    0.0007   2.810e-09  p
net706                      1.80    0.003    0.991    0.0007   2.779e-09  p
net867                      1.80    0.003    0.993    0.0007   2.746e-09  p
net894                      1.80    0.002    0.982    0.0007   2.713e-09  p
net159                      1.80    0.040    1.000    0.41e-4  2.669e-09  p
net164                      1.80    0.002    0.981    0.0007   2.471e-09  p
net963                      1.80    0.003    0.007    0.0005   2.421e-09  p
net172                      1.80    0.002    0.992    0.0007   2.358e-09  p
net170                      1.80    0.003    0.007    0.0005   2.226e-09  p
net914                      1.80    0.004    0.997    0.0003   2.065e-09  p
net657                      1.80    0.003    0.004    0.0004   2.022e-09  p
out31                       1.80    0.001    0.098    0.0021   1.966e-09  p
net734                      1.80    0.003    0.997    0.0004   1.647e-09  p
net604                      1.80    0.002    0.997    0.0003   1.252e-09  p
net166                      1.80    0.013    1.000    0.41e-4  8.484e-10  p
out18                       1.80    0.000    0.006    0.0007   5.078e-10  p
net171                      1.80    0.006    1.000    0.41e-4  4.255e-10  p
net165                      1.80    0.002    1.000    0.41e-4  1.460e-10  p
net173                      1.80    0.002    1.000    0.41e-4  1.317e-10  p
clknet_0_net487             1.80    0.020    1.000    0.0000      0.0000  p
clknet_1_0__leaf_net487     1.80    0.004    1.000    0.0000      0.0000  p
clknet_1_1__leaf_net487     1.80    0.004    1.000    0.0000      0.0000  p
net9                        1.80    0.021    0.000    0.0000      0.0000  p
net14                       1.80    0.010    0.000    0.0000      0.0000  p
net15                       1.80    0.007    1.000    0.0000      0.0000  p
net29                       1.80    0.032    1.000    0.0000      0.0000  p
net31                       1.80    0.002    0.000    0.0000      0.0000  p
net131                      1.80    0.010    1.000    0.0000      0.0000  p
net153                      1.80    0.010    1.000    0.0000      0.0000  p
net154                      1.80    0.022    1.000    0.0000      0.0000  p
net162                      1.80    0.004    1.000    0.0000      0.0000  p
net199                      1.80    0.035    0.000    0.0000      0.0000  p
net207                      1.80    0.011    0.000    0.0000      0.0000  p
net314                      1.80    0.006    0.000    0.0000      0.0000  p
net315                      1.80    0.005    1.000    0.0000      0.0000  p
net353                      1.80    0.004    0.000    0.0000      0.0000  p
net354                      1.80    0.004    1.000    0.0000      0.0000  p
net487                      1.80    0.009    1.000    0.0000      0.0000  p
net509                      1.80    0.005    1.000    0.0000      0.0000  p
net516                      1.80    0.062    0.000    0.0000      0.0000  p
net531                      1.80    0.018    0.000    0.0000      0.0000  p
net534                      1.80    0.012    0.000    0.0000      0.0000  p
net580                      1.80    0.014    1.000    0.0000      0.0000  p
net599                      1.80    0.003    1.000    0.0000      0.0000  p
net600                      1.80    0.011    0.000    0.0000      0.0000  p
net605                      1.80    0.003    0.000    0.0000      0.0000  p
net614                      1.80    0.008    1.000    0.0000      0.0000  p
net621                      1.80    0.005    1.000    0.0000      0.0000  p
net627                      1.80    0.013    0.000    0.0000      0.0000  p
net628                      1.80    0.012    0.000    0.0000      0.0000  p
net636                      1.80    0.003    1.000    0.0000      0.0000  p
net641                      1.80    0.010    1.000    0.0000      0.0000  p
net642                      1.80    0.029    1.000    0.0000      0.0000  p
net645                      1.80    0.027    0.000    0.0000      0.0000  p
net648                      1.80    0.018    0.000    0.0000      0.0000  p
net671                      1.80    0.009    1.000    0.0000      0.0000  p
net694                      1.80    0.003    0.000    0.0000      0.0000  p
net695                      1.80    0.003    1.000    0.0000      0.0000  p
net707                      1.80    0.003    0.000    0.0000      0.0000  p
net845                      1.80    0.012    0.000    0.0000      0.0000  p
net862                      1.80    0.007    1.000    0.0000      0.0000  p
net884                      1.80    0.003    1.000    0.0000      0.0000  p
net953                      1.80    0.004    0.000    0.0000      0.0000  p
--------------------------------------------------------------------------------
Total (1158 nets)                                              1.133e-03 Watt



                                      Int      Switch   Leak      Total
Hierarchy                             Power    Power    Power     Power    %
--------------------------------------------------------------------------------
netlist_1                             2.74e-03 1.13e-03 8.07e-09  3.88e-03 100.0
1
