Information: Derived library resistance unit is 1.000000 Kohm (Time unit is 1 ns, and Capacitance unit is 1.000000 pF). (DES-028)
Warning: Detected semantically incorrect SPEF in coupling section. (PARA-098)
Warning: Coupling capacitor (in13:11 in18:11 0) on net in18 is discarded because the value cannot be <= 0 (PARA-040)
Warning: Coupling capacitor (in15:7 in29:11 0) on net in29 is discarded because the value cannot be <= 0 (PARA-040)
Warning: Coupling capacitor (in25:13 in30:13 0) on net in30 is discarded because the value cannot be <= 0 (PARA-040)
Warning: Coupling capacitor (in13:11 in31:11 0) on net in31 is discarded because the value cannot be <= 0 (PARA-040)
Warning: Coupling capacitor (in20:11 in31:11 0) on net in31 is discarded because the value cannot be <= 0 (PARA-040)
Warning: Coupling capacitor (in0:11 in4:11 0) on net in4 is discarded because the value cannot be <= 0 (PARA-040)
Warning: Coupling capacitor (in38:9 in56:9 0) on net in56 is discarded because the value cannot be <= 0 (PARA-040)
Warning: Coupling capacitor (in26:11 in59:9 0) on net in59 is discarded because the value cannot be <= 0 (PARA-040)
Warning: Coupling capacitor (in47:13 in60:13 0) on net in60 is discarded because the value cannot be <= 0 (PARA-040)
Warning: Coupling capacitor (out14 out20 0) on net out20 is discarded because the value cannot be <= 0 (PARA-040)
Warning: Coupling capacitor (out16 out32 0) on net out32 is discarded because the value cannot be <= 0 (PARA-040)
Warning: Coupling capacitor (out2 out33 0) on net out33 is discarded because the value cannot be <= 0 (PARA-040)
Warning: Coupling capacitor (out3 out37 0) on net out37 is discarded because the value cannot be <= 0 (PARA-040)
Warning: Coupling capacitor (out3 out40 0) on net out40 is discarded because the value cannot be <= 0 (PARA-040)
Warning: Coupling capacitor (out33 out43 0) on net out43 is discarded because the value cannot be <= 0 (PARA-040)
Warning: Coupling capacitor (out23 out52 0) on net out52 is discarded because the value cannot be <= 0 (PARA-040)
Warning: Coupling capacitor (out28 out52 0) on net out52 is discarded because the value cannot be <= 0 (PARA-040)
Warning: Coupling capacitor (out2 out60 0) on net out60 is discarded because the value cannot be <= 0 (PARA-040)
Warning: Coupling capacitor (clkbuf_1_1__f_net103/A clkbuf_1_0__f_net218/A 0) on net clknet_0_net218 is discarded because the value cannot be <= 0 (PARA-040)
Warning: Coupling capacitor (clkbuf_1_0__f_net217/A clkbuf_1_0__f_net231/A 0) on net clknet_0_net231 is discarded because the value cannot be <= 0 (PARA-040)
Warning: Coupling capacitor (clkbuf_1_1__f_net217/A clkbuf_1_0__f_net231/A 0) on net clknet_0_net231 is discarded because the value cannot be <= 0 (PARA-040)
Warning: Coupling capacitor (clkbuf_1_1__f_net223/A clkbuf_1_0__f_net231/A 0) on net clknet_0_net231 is discarded because the value cannot be <= 0 (PARA-040)
Warning: Coupling capacitor (clknet_0_clk:14 clkbuf_1_1__f_net253/A 0) on net clknet_0_net253 is discarded because the value cannot be <= 0 (PARA-040)
Warning: Coupling capacitor (clkbuf_1_1__f_net373/A clkbuf_1_0__f_net380/A 0) on net clknet_0_net380 is discarded because the value cannot be <= 0 (PARA-040)
Warning: Coupling capacitor (clkbuf_1_0__f_net447/A clkbuf_1_1__f_net451/A 0) on net clknet_0_net451 is discarded because the value cannot be <= 0 (PARA-040)
Warning: Coupling capacitor (clkbuf_1_0__f_net506/A clkbuf_1_1__f_net510/A 0) on net clknet_0_net510 is discarded because the value cannot be <= 0 (PARA-040)
Warning: Coupling capacitor (clkbuf_1_1__f_net506/A clkbuf_1_1__f_net510/A 0) on net clknet_0_net510 is discarded because the value cannot be <= 0 (PARA-040)
Warning: Coupling capacitor (clkbuf_1_0__f_net555/A clkbuf_1_0__f_net556/A 0) on net clknet_0_net556 is discarded because the value cannot be <= 0 (PARA-040)
Warning: Coupling capacitor (out0 clkbuf_1_1__f_net564/A 0) on net clknet_0_net564 is discarded because the value cannot be <= 0 (PARA-040)
Warning: Coupling capacitor (out16 clkbuf_1_1__f_net564/A 0) on net clknet_0_net564 is discarded because the value cannot be <= 0 (PARA-040)
Warning: Coupling capacitor (out6 clkbuf_1_1__f_net564/A 0) on net clknet_0_net564 is discarded because the value cannot be <= 0 (PARA-040)
Warning: Coupling capacitor (clkbuf_1_0__f_net596/A clkbuf_1_0__f_net603/A 0) on net clknet_0_net603 is discarded because the value cannot be <= 0 (PARA-040)
Warning: Coupling capacitor (clkbuf_1_0__f_net451/A clkbuf_1_0__f_net826/A 0) on net clknet_0_net826 is discarded because the value cannot be <= 0 (PARA-040)
Warning: Coupling capacitor (clkbuf_1_0__f_net218/A merge752/D 0) on net clknet_1_0__leaf_net218 is discarded because the value cannot be <= 0 (PARA-040)
Warning: Coupling capacitor (clkbuf_1_0__f_net218/A merge752/DE 0) on net clknet_1_0__leaf_net219 is discarded because the value cannot be <= 0 (PARA-040)
Warning: Coupling capacitor (clkbuf_1_1__f_net219/A c261/DE 0) on net clknet_1_0__leaf_net225 is discarded because the value cannot be <= 0 (PARA-040)
Warning: Coupling capacitor (clkbuf_1_0__f_net231/A c263/D 0) on net clknet_1_0__leaf_net228 is discarded because the value cannot be <= 0 (PARA-040)
Warning: Coupling capacitor (clkbuf_1_0__f_net230/A clknet_1_0__leaf_net230:14 0) on net clknet_1_0__leaf_net230 is discarded because the value cannot be <= 0 (PARA-040)
Warning: Coupling capacitor (clkbuf_1_0__f_net231/A clknet_1_0__leaf_net230:14 0) on net clknet_1_0__leaf_net230 is discarded because the value cannot be <= 0 (PARA-040)
Warning: Coupling capacitor (clkbuf_1_1__f_net231/A clknet_1_0__leaf_net230:14 0) on net clknet_1_0__leaf_net230 is discarded because the value cannot be <= 0 (PARA-040)
Warning: Coupling capacitor (clkbuf_1_0__f_net230/A clknet_1_0__leaf_net231:10 0) on net clknet_1_0__leaf_net231 is discarded because the value cannot be <= 0 (PARA-040)
Warning: Coupling capacitor (clkbuf_1_0__f_net362/A c412/B1_N 0) on net clknet_1_0__leaf_net373 is discarded because the value cannot be <= 0 (PARA-040)
Warning: Coupling capacitor (clknet_1_0__leaf_net362:16 c407/A1 0) on net clknet_1_0__leaf_net373 is discarded because the value cannot be <= 0 (PARA-040)
Warning: Coupling capacitor (clkbuf_1_0__f_net380/A c414/SCD 0) on net clknet_1_0__leaf_net380 is discarded because the value cannot be <= 0 (PARA-040)
Warning: Coupling capacitor (clkbuf_1_0__f_net481/A clknet_1_0__leaf_net489:27 0) on net clknet_1_0__leaf_net489 is discarded because the value cannot be <= 0 (PARA-040)
Warning: Coupling capacitor (clknet_0_net490:10 c539/B1_N 0) on net clknet_1_0__leaf_net489 is discarded because the value cannot be <= 0 (PARA-040)
Warning: Coupling capacitor (clknet_1_0__leaf_net489:27 merge738/SCD 0) on net clknet_1_0__leaf_net507 is discarded because the value cannot be <= 0 (PARA-040)
Warning: Coupling capacitor (clkbuf_1_0__f_net514/A c564/SCD 0) on net clknet_1_0__leaf_net523 is discarded because the value cannot be <= 0 (PARA-040)
Warning: Coupling capacitor (clkbuf_1_0__f_net555/A c592/B 0) on net clknet_1_0__leaf_net554 is discarded because the value cannot be <= 0 (PARA-040)
Warning: Coupling capacitor (clkbuf_1_1__f_net555/A c592/B 0) on net clknet_1_0__leaf_net554 is discarded because the value cannot be <= 0 (PARA-040)
Warning: Coupling capacitor (clkbuf_1_0__f_net555/A merge735/RESET_B 0) on net clknet_1_0__leaf_net556 is discarded because the value cannot be <= 0 (PARA-040)
Warning: Coupling capacitor (clkbuf_1_0__f_net565/A clknet_1_0__leaf_net564:10 0) on net clknet_1_0__leaf_net564 is discarded because the value cannot be <= 0 (PARA-040)
Warning: Coupling capacitor (clkbuf_1_1__f_net565/A clknet_1_0__leaf_net564:10 0) on net clknet_1_0__leaf_net564 is discarded because the value cannot be <= 0 (PARA-040)
Warning: Coupling capacitor (clkbuf_1_0__f_net555/A c605/SET_B 0) on net clknet_1_0__leaf_net828 is discarded because the value cannot be <= 0 (PARA-040)
Warning: Coupling capacitor (clkbuf_1_1__f_net555/A c588/B 0) on net clknet_1_0__leaf_net828 is discarded because the value cannot be <= 0 (PARA-040)
Warning: Coupling capacitor (clkbuf_1_1__f_net555/A c605/SET_B 0) on net clknet_1_0__leaf_net828 is discarded because the value cannot be <= 0 (PARA-040)
Warning: Coupling capacitor (clkbuf_1_0__f_net218/A merge752/SCD 0) on net clknet_1_1__leaf_net103 is discarded because the value cannot be <= 0 (PARA-040)
Warning: Coupling capacitor (clkbuf_1_1__f_net103/A merge752/SCD 0) on net clknet_1_1__leaf_net103 is discarded because the value cannot be <= 0 (PARA-040)
Warning: Coupling capacitor (clkbuf_1_1__f_net218/A merge752/SCD 0) on net clknet_1_1__leaf_net103 is discarded because the value cannot be <= 0 (PARA-040)
Warning: Coupling capacitor (clkbuf_1_1__f_net228/A c268/B1 0) on net clknet_1_1__leaf_net217 is discarded because the value cannot be <= 0 (PARA-040)
Warning: Coupling capacitor (clkbuf_1_1__f_net231/A clknet_1_1__leaf_net217:21 0) on net clknet_1_1__leaf_net217 is discarded because the value cannot be <= 0 (PARA-040)
Warning: Coupling capacitor (clknet_1_1__leaf_net217:21 c272/A4 0) on net clknet_1_1__leaf_net231 is discarded because the value cannot be <= 0 (PARA-040)
Warning: Coupling capacitor (clkbuf_1_1__f_net362/A c418/A1 0) on net clknet_1_1__leaf_net264 is discarded because the value cannot be <= 0 (PARA-040)
Warning: Coupling capacitor (clkbuf_1_0__f_net264/A c417/SCE 0) on net clknet_1_1__leaf_net362 is discarded because the value cannot be <= 0 (PARA-040)
Warning: Coupling capacitor (merge738/SCD c547/A 0) on net clknet_1_1__leaf_net481 is discarded because the value cannot be <= 0 (PARA-040)
Warning: Coupling capacitor (clknet_1_0__leaf_net489:27 c533/A 0) on net clknet_1_1__leaf_net486 is discarded because the value cannot be <= 0 (PARA-040)
Warning: Coupling capacitor (clkbuf_1_0__f_net506/A c549/B 0) on net clknet_1_1__leaf_net507 is discarded because the value cannot be <= 0 (PARA-040)
Warning: Coupling capacitor (clkbuf_1_0__f_net507/A c566/SCD 0) on net clknet_1_1__leaf_net507 is discarded because the value cannot be <= 0 (PARA-040)
Warning: Coupling capacitor (clknet_0_net523:10 c566/SCD 0) on net clknet_1_1__leaf_net507 is discarded because the value cannot be <= 0 (PARA-040)
Warning: Coupling capacitor (c565/A3 clknet_1_1__leaf_net510:12 0) on net clknet_1_1__leaf_net510 is discarded because the value cannot be <= 0 (PARA-040)
Warning: Coupling capacitor (c549/B c563/A3 0) on net clknet_1_1__leaf_net514 is discarded because the value cannot be <= 0 (PARA-040)
Warning: Coupling capacitor (c565/A0 c557/B 0) on net clknet_1_1__leaf_net514 is discarded because the value cannot be <= 0 (PARA-040)
Warning: Coupling capacitor (c565/A0 c563/A3 0) on net clknet_1_1__leaf_net514 is discarded because the value cannot be <= 0 (PARA-040)
Warning: Coupling capacitor (c565/A2 c557/B 0) on net clknet_1_1__leaf_net514 is discarded because the value cannot be <= 0 (PARA-040)
Warning: Coupling capacitor (clknet_0_net523:10 c566/D 0) on net clknet_1_1__leaf_net523 is discarded because the value cannot be <= 0 (PARA-040)
Warning: Coupling capacitor (clknet_0_net828:10 merge735/SCE 0) on net clknet_1_1__leaf_net555 is discarded because the value cannot be <= 0 (PARA-040)
Warning: Coupling capacitor (out32 c601/B 0) on net clknet_1_1__leaf_net564 is discarded because the value cannot be <= 0 (PARA-040)
Warning: Coupling capacitor (out41 output71/A 0) on net clknet_1_1__leaf_net826 is discarded because the value cannot be <= 0 (PARA-040)
Warning: Coupling capacitor (c530/B clknet_2_0__leaf_clk:203 0) on net clknet_2_0__leaf_clk is discarded because the value cannot be <= 0 (PARA-040)
Warning: Coupling capacitor (clkbuf_1_0__f_net257/A clknet_2_0__leaf_clk:134 0) on net clknet_2_0__leaf_clk is discarded because the value cannot be <= 0 (PARA-040)
Warning: Coupling capacitor (clkbuf_1_0__f_net487/A clknet_2_0__leaf_clk:203 0) on net clknet_2_0__leaf_clk is discarded because the value cannot be <= 0 (PARA-040)
Warning: Coupling capacitor (clknet_1_0__leaf_net481:23 clknet_2_0__leaf_clk:203 0) on net clknet_2_0__leaf_clk is discarded because the value cannot be <= 0 (PARA-040)
Warning: Coupling capacitor (c580/SCD clknet_2_2__leaf_clk:104 0) on net clknet_2_2__leaf_clk is discarded because the value cannot be <= 0 (PARA-040)
Warning: Coupling capacitor (c582/SCE clknet_2_2__leaf_clk:104 0) on net clknet_2_2__leaf_clk is discarded because the value cannot be <= 0 (PARA-040)
Warning: Coupling capacitor (c666/RESET_B clknet_2_2__leaf_clk:16 0) on net clknet_2_2__leaf_clk is discarded because the value cannot be <= 0 (PARA-040)
Warning: Coupling capacitor (clkbuf_1_0__f_net514/A clknet_2_2__leaf_clk:52 0) on net clknet_2_2__leaf_clk is discarded because the value cannot be <= 0 (PARA-040)
Warning: Coupling capacitor (clknet_0_clk:69 clknet_2_2__leaf_clk:14 0) on net clknet_2_2__leaf_clk is discarded because the value cannot be <= 0 (PARA-040)
Warning: Coupling capacitor (clkbuf_2_3__f_clk/A clknet_2_3__leaf_clk:74 0) on net clknet_2_3__leaf_clk is discarded because the value cannot be <= 0 (PARA-040)
Warning: Coupling capacitor (clknet_0_clk:83 clknet_2_3__leaf_clk:74 0) on net clknet_2_3__leaf_clk is discarded because the value cannot be <= 0 (PARA-040)
Warning: Coupling capacitor (clknet_0_clk:83 clknet_2_3__leaf_clk:92 0) on net clknet_2_3__leaf_clk is discarded because the value cannot be <= 0 (PARA-040)
Warning: Coupling capacitor (clkbuf_1_1__f_net257/A clknet_leaf_0_clk:10 0) on net clknet_leaf_0_clk is discarded because the value cannot be <= 0 (PARA-040)
Warning: Coupling capacitor (clkbuf_1_1__f_net257/A clknet_leaf_0_clk:85 0) on net clknet_leaf_0_clk is discarded because the value cannot be <= 0 (PARA-040)
Warning: Coupling capacitor (clknet_2_0__leaf_clk:134 clknet_leaf_0_clk:10 0) on net clknet_leaf_0_clk is discarded because the value cannot be <= 0 (PARA-040)
Warning: Coupling capacitor (clknet_2_0__leaf_clk:134 clknet_leaf_0_clk:12 0) on net clknet_leaf_0_clk is discarded because the value cannot be <= 0 (PARA-040)
Warning: Coupling capacitor (clknet_2_3__leaf_clk:92 merge745/CLK 0) on net clknet_leaf_14_clk is discarded because the value cannot be <= 0 (PARA-040)
Warning: Coupling capacitor (clknet_2_3__leaf_clk:94 clknet_leaf_14_clk:38 0) on net clknet_leaf_14_clk is discarded because the value cannot be <= 0 (PARA-040)
Warning: Coupling capacitor (clknet_2_3__leaf_clk:100 clknet_leaf_14_clk:38 0) on net clknet_leaf_14_clk is discarded because the value cannot be <= 0 (PARA-040)
Warning: Coupling capacitor (clknet_2_3__leaf_clk:74 c341/CLK 0) on net clknet_leaf_15_clk is discarded because the value cannot be <= 0 (PARA-040)
Warning: Coupling capacitor (clknet_2_3__leaf_clk:74 clknet_leaf_15_clk:74 0) on net clknet_leaf_15_clk is discarded because the value cannot be <= 0 (PARA-040)
Warning: Coupling capacitor (clknet_2_3__leaf_clk:92 clknet_leaf_15_clk:60 0) on net clknet_leaf_15_clk is discarded because the value cannot be <= 0 (PARA-040)
Note - message 'PARA-040' default limit (100) exceeded.  Remainder will be suppressed.
Warning: Net 'net27' is multi-driven. (DES-023)
Warning: Net 'net287' is multi-driven. (DES-023)
Warning: Net 'net479' is multi-driven. (DES-023)
Warning: Net 'net571' is multi-driven. (DES-023)
Warning: Net 'net691' is multi-driven. (DES-023)
Warning: Net 'net697' is multi-driven. (DES-023)
Warning: Net 'net704' is multi-driven. (DES-023)
Warning: Net 'net718' is multi-driven. (DES-023)
Warning: Net 'net723' is multi-driven. (DES-023)
Warning: Net 'net8' is multi-driven. (DES-023)

****************************************
Report : read_parasitics /nas/ei/home/ge78pav/TM_power/TM_openlane/TM_openlane_single_min/TM_openlane_min_ios/TM_openlane_min_ios_mid/netlist_1/high/spef/netlist_1.nom.spef
Design : netlist_1
Version: Q-2019.12-SP1
Date   : Wed Aug 21 15:07:04 2024
****************************************

        0 error(s)
        Format is SPEF
        Annotated nets                   :         1226
        Annotated capacitances           :         5371
        Annotated resistances            :         4145
        Reduced coupling capacitances    :         5893
        Annotated PI models              :            0
        Annotated Elmore delays          :            0

