Information: Derived library resistance unit is 1.000000 Kohm (Time unit is 1 ns, and Capacitance unit is 1.000000 pF). (DES-028)
Warning: Detected semantically incorrect SPEF in coupling section. (PARA-098)
Warning: Coupling capacitor (in0:11 in20:9 0) on net in20 is discarded because the value cannot be <= 0 (PARA-040)
Warning: Coupling capacitor (in1:13 in3:7 0) on net in3 is discarded because the value cannot be <= 0 (PARA-040)
Warning: Coupling capacitor (in16:13 in4:11 0) on net in4 is discarded because the value cannot be <= 0 (PARA-040)
Warning: Coupling capacitor (clkbuf_1_1__f_net192/A clkbuf_1_0__f_net200/A 0) on net clknet_0_net200 is discarded because the value cannot be <= 0 (PARA-040)
Warning: Coupling capacitor (rebuffer8/A clkbuf_1_1__f_net200/A 0) on net clknet_0_net200 is discarded because the value cannot be <= 0 (PARA-040)
Warning: Coupling capacitor (clknet_0_clk:129 clkbuf_1_0__f_net207/A 0) on net clknet_0_net207 is discarded because the value cannot be <= 0 (PARA-040)
Warning: Coupling capacitor (clkbuf_1_0__f_net206/A clkbuf_1_1__f_net211/A 0) on net clknet_0_net211 is discarded because the value cannot be <= 0 (PARA-040)
Warning: Coupling capacitor (clkbuf_1_1__f_net206/A clkbuf_1_0__f_net211/A 0) on net clknet_0_net211 is discarded because the value cannot be <= 0 (PARA-040)
Warning: Coupling capacitor (clkbuf_1_1__f_net206/A clkbuf_1_1__f_net211/A 0) on net clknet_0_net211 is discarded because the value cannot be <= 0 (PARA-040)
Warning: Coupling capacitor (clkbuf_1_0__f_net272/A clknet_0_net275:10 0) on net clknet_0_net275 is discarded because the value cannot be <= 0 (PARA-040)
Warning: Coupling capacitor (clkbuf_1_0__f_net273/A clkbuf_1_1__f_net280/A 0) on net clknet_0_net280 is discarded because the value cannot be <= 0 (PARA-040)
Warning: Coupling capacitor (clkbuf_1_1__f_net273/A clkbuf_1_1__f_net280/A 0) on net clknet_0_net280 is discarded because the value cannot be <= 0 (PARA-040)
Warning: Coupling capacitor (clkbuf_1_1__f_net336/A clkbuf_1_0__f_net337/A 0) on net clknet_0_net337 is discarded because the value cannot be <= 0 (PARA-040)
Warning: Coupling capacitor (clknet_0_clk:190 clkbuf_1_1__f_net340/A 0) on net clknet_0_net340 is discarded because the value cannot be <= 0 (PARA-040)
Warning: Coupling capacitor (clknet_0_clk:222 clkbuf_1_0__f_net401/A 0) on net clknet_0_net401 is discarded because the value cannot be <= 0 (PARA-040)
Warning: Coupling capacitor (clknet_0_clk:222 clkbuf_1_1__f_net401/A 0) on net clknet_0_net401 is discarded because the value cannot be <= 0 (PARA-040)
Warning: Coupling capacitor (clkbuf_1_1__f_net404/A clkbuf_1_1__f_net406/A 0) on net clknet_0_net406 is discarded because the value cannot be <= 0 (PARA-040)
Warning: Coupling capacitor (clkbuf_1_0__f_net402/A clkbuf_1_0__f_net408/A 0) on net clknet_0_net408 is discarded because the value cannot be <= 0 (PARA-040)
Warning: Coupling capacitor (clkbuf_1_1__f_net402/A clkbuf_1_0__f_net408/A 0) on net clknet_0_net408 is discarded because the value cannot be <= 0 (PARA-040)
Warning: Coupling capacitor (clkbuf_1_1__f_net406/A clkbuf_1_1__f_net408/A 0) on net clknet_0_net408 is discarded because the value cannot be <= 0 (PARA-040)
Warning: Coupling capacitor (clknet_0_net402:10 clkbuf_1_0__f_net408/A 0) on net clknet_0_net408 is discarded because the value cannot be <= 0 (PARA-040)
Warning: Coupling capacitor (clknet_0_net406:10 clkbuf_1_1__f_net408/A 0) on net clknet_0_net408 is discarded because the value cannot be <= 0 (PARA-040)
Warning: Coupling capacitor (clknet_0_clk:220 clknet_0_net409:12 0) on net clknet_0_net409 is discarded because the value cannot be <= 0 (PARA-040)
Warning: Coupling capacitor (clkbuf_1_1__f_net280/A clkbuf_1_0__f_net410/A 0) on net clknet_0_net410 is discarded because the value cannot be <= 0 (PARA-040)
Warning: Coupling capacitor (clk:13 clkbuf_1_1__f_net426/A 0) on net clknet_0_net426 is discarded because the value cannot be <= 0 (PARA-040)
Warning: Coupling capacitor (clk:13 clkbuf_1_1__f_net437/A 0) on net clknet_0_net437 is discarded because the value cannot be <= 0 (PARA-040)
Warning: Coupling capacitor (clkbuf_1_0__f_net558/A clkbuf_1_1__f_net559/A 0) on net clknet_0_net559 is discarded because the value cannot be <= 0 (PARA-040)
Warning: Coupling capacitor (clkbuf_1_1__f_net558/A clkbuf_1_1__f_net559/A 0) on net clknet_0_net559 is discarded because the value cannot be <= 0 (PARA-040)
Warning: Coupling capacitor (clkbuf_1_1__f_net562/A clkbuf_1_1__f_net565/A 0) on net clknet_0_net565 is discarded because the value cannot be <= 0 (PARA-040)
Warning: Coupling capacitor (clkbuf_1_0__f_net580/A clkbuf_1_0__f_net581/A 0) on net clknet_0_net581 is discarded because the value cannot be <= 0 (PARA-040)
Warning: Coupling capacitor (clkbuf_1_1__f_net580/A clkbuf_1_0__f_net581/A 0) on net clknet_0_net581 is discarded because the value cannot be <= 0 (PARA-040)
Warning: Coupling capacitor (clkbuf_1_1__f_net651/A clkbuf_1_1__f_net652/A 0) on net clknet_0_net652 is discarded because the value cannot be <= 0 (PARA-040)
Warning: Coupling capacitor (clkbuf_1_1__f_net648/A clkbuf_1_1__f_net654/A 0) on net clknet_0_net654 is discarded because the value cannot be <= 0 (PARA-040)
Warning: Coupling capacitor (clknet_0_net655:10 clkbuf_1_1__f_net660/A 0) on net clknet_0_net660 is discarded because the value cannot be <= 0 (PARA-040)
Warning: Coupling capacitor (clkbuf_1_0__f_net656/A clkbuf_1_1__f_net663/A 0) on net clknet_0_net663 is discarded because the value cannot be <= 0 (PARA-040)
Warning: Coupling capacitor (clkbuf_1_0__f_net653/A clkbuf_1_0__f_net664/A 0) on net clknet_0_net664 is discarded because the value cannot be <= 0 (PARA-040)
Warning: Coupling capacitor (clkbuf_1_0__f_net653/A clkbuf_1_1__f_net664/A 0) on net clknet_0_net664 is discarded because the value cannot be <= 0 (PARA-040)
Warning: Coupling capacitor (clkbuf_1_0__f_net659/A clkbuf_1_0__f_net664/A 0) on net clknet_0_net664 is discarded because the value cannot be <= 0 (PARA-040)
Warning: Coupling capacitor (clkbuf_1_0__f_net659/A clkbuf_1_1__f_net664/A 0) on net clknet_0_net664 is discarded because the value cannot be <= 0 (PARA-040)
Warning: Coupling capacitor (clkbuf_1_1__f_net669/A clkbuf_1_0__f_net673/A 0) on net clknet_0_net673 is discarded because the value cannot be <= 0 (PARA-040)
Warning: Coupling capacitor (clknet_0_clk:318 clkbuf_1_1__f_net677/A 0) on net clknet_0_net677 is discarded because the value cannot be <= 0 (PARA-040)
Warning: Coupling capacitor (clkbuf_1_1__f_net656/A clkbuf_1_0__f_net680/A 0) on net clknet_0_net680 is discarded because the value cannot be <= 0 (PARA-040)
Warning: Coupling capacitor (clkbuf_1_0__f_net67/A clkbuf_1_0__f_net69/A 0) on net clknet_0_net69 is discarded because the value cannot be <= 0 (PARA-040)
Warning: Coupling capacitor (clkbuf_1_1__f_net64/A clkbuf_1_0__f_net69/A 0) on net clknet_0_net69 is discarded because the value cannot be <= 0 (PARA-040)
Warning: Coupling capacitor (clkbuf_1_1__f_net669/A clkbuf_1_0__f_net692/A 0) on net clknet_0_net692 is discarded because the value cannot be <= 0 (PARA-040)
Warning: Coupling capacitor (clkbuf_1_0__f_net67/A clkbuf_1_0__f_net71/A 0) on net clknet_0_net71 is discarded because the value cannot be <= 0 (PARA-040)
Warning: Coupling capacitor (clkbuf_1_0__f_net71/A clkbuf_1_0__f_net716/A 0) on net clknet_0_net716 is discarded because the value cannot be <= 0 (PARA-040)
Warning: Coupling capacitor (clkbuf_1_0__f_net68/A clkbuf_1_0__f_net72/A 0) on net clknet_0_net72 is discarded because the value cannot be <= 0 (PARA-040)
Warning: Coupling capacitor (clkbuf_1_0__f_net72/A clkbuf_1_0__f_net76/A 0) on net clknet_0_net76 is discarded because the value cannot be <= 0 (PARA-040)
Warning: Coupling capacitor (clkbuf_1_1__f_net72/A clkbuf_1_0__f_net76/A 0) on net clknet_0_net76 is discarded because the value cannot be <= 0 (PARA-040)
Warning: Coupling capacitor (clkbuf_1_1__f_net72/A clkbuf_1_1__f_net76/A 0) on net clknet_0_net76 is discarded because the value cannot be <= 0 (PARA-040)
Warning: Coupling capacitor (clkbuf_1_0__f_net68/A clkbuf_1_0__f_net79/A 0) on net clknet_0_net79 is discarded because the value cannot be <= 0 (PARA-040)
Warning: Coupling capacitor (clkbuf_1_0__f_net72/A clkbuf_1_0__f_net79/A 0) on net clknet_0_net79 is discarded because the value cannot be <= 0 (PARA-040)
Warning: Coupling capacitor (clkbuf_1_1__f_net68/A clkbuf_1_0__f_net79/A 0) on net clknet_0_net79 is discarded because the value cannot be <= 0 (PARA-040)
Warning: Coupling capacitor (clkbuf_1_1__f_net76/A clkbuf_1_1__f_net82/A 0) on net clknet_0_net82 is discarded because the value cannot be <= 0 (PARA-040)
Warning: Coupling capacitor (clkbuf_1_1__f_net84/A clkbuf_1_1__f_net85/A 0) on net clknet_0_net85 is discarded because the value cannot be <= 0 (PARA-040)
Warning: Coupling capacitor (c211/A c217/B 0) on net clknet_1_0__leaf_net198 is discarded because the value cannot be <= 0 (PARA-040)
Warning: Coupling capacitor (c211/A clknet_1_0__leaf_net198:10 0) on net clknet_1_0__leaf_net198 is discarded because the value cannot be <= 0 (PARA-040)
Warning: Coupling capacitor (clkbuf_1_1__f_net192/A c217/B 0) on net clknet_1_0__leaf_net198 is discarded because the value cannot be <= 0 (PARA-040)
Warning: Coupling capacitor (clkbuf_1_1__f_net192/A clknet_1_0__leaf_net198:10 0) on net clknet_1_0__leaf_net198 is discarded because the value cannot be <= 0 (PARA-040)
Warning: Coupling capacitor (clkbuf_1_0__f_net195/A clknet_1_0__leaf_net200:31 0) on net clknet_1_0__leaf_net200 is discarded because the value cannot be <= 0 (PARA-040)
Warning: Coupling capacitor (clkbuf_1_0__f_net196/A clknet_1_0__leaf_net200:31 0) on net clknet_1_0__leaf_net200 is discarded because the value cannot be <= 0 (PARA-040)
Warning: Coupling capacitor (clkbuf_1_0__f_net200/A clknet_1_0__leaf_net200:31 0) on net clknet_1_0__leaf_net200 is discarded because the value cannot be <= 0 (PARA-040)
Warning: Coupling capacitor (clkbuf_1_1__f_net200/A clknet_1_0__leaf_net200:31 0) on net clknet_1_0__leaf_net200 is discarded because the value cannot be <= 0 (PARA-040)
Warning: Coupling capacitor (rebuffer8/A clknet_1_0__leaf_net200:31 0) on net clknet_1_0__leaf_net200 is discarded because the value cannot be <= 0 (PARA-040)
Warning: Coupling capacitor (rebuffer9/A clknet_1_0__leaf_net200:31 0) on net clknet_1_0__leaf_net200 is discarded because the value cannot be <= 0 (PARA-040)
Warning: Coupling capacitor (clknet_0_net195:10 c219/B 0) on net clknet_1_0__leaf_net200 is discarded because the value cannot be <= 0 (PARA-040)
Warning: Coupling capacitor (clknet_0_net195:10 clknet_1_0__leaf_net200:31 0) on net clknet_1_0__leaf_net200 is discarded because the value cannot be <= 0 (PARA-040)
Warning: Coupling capacitor (clknet_0_net198:8 clknet_1_0__leaf_net200:31 0) on net clknet_1_0__leaf_net200 is discarded because the value cannot be <= 0 (PARA-040)
Warning: Coupling capacitor (clkbuf_1_0__f_net78/A clknet_1_0__leaf_net206:8 0) on net clknet_1_0__leaf_net206 is discarded because the value cannot be <= 0 (PARA-040)
Warning: Coupling capacitor (clknet_0_clk:129 clknet_1_0__leaf_net206:8 0) on net clknet_1_0__leaf_net206 is discarded because the value cannot be <= 0 (PARA-040)
Warning: Coupling capacitor (clkbuf_1_0__f_net205/A c223/B 0) on net clknet_1_0__leaf_net207 is discarded because the value cannot be <= 0 (PARA-040)
Warning: Coupling capacitor (clknet_0_clk:129 c223/B 0) on net clknet_1_0__leaf_net207 is discarded because the value cannot be <= 0 (PARA-040)
Warning: Coupling capacitor (c238/RESET_B c242/SCE 0) on net clknet_1_0__leaf_net223 is discarded because the value cannot be <= 0 (PARA-040)
Warning: Coupling capacitor (clknet_0_clk:22 c284/B 0) on net clknet_1_0__leaf_net270 is discarded because the value cannot be <= 0 (PARA-040)
Warning: Coupling capacitor (clknet_0_clk:22 c289/SCD 0) on net clknet_1_0__leaf_net270 is discarded because the value cannot be <= 0 (PARA-040)
Warning: Coupling capacitor (c289/SCD c287/A 0) on net clknet_1_0__leaf_net272 is discarded because the value cannot be <= 0 (PARA-040)
Warning: Coupling capacitor (clknet_0_clk:22 c290/SCE 0) on net clknet_1_0__leaf_net272 is discarded because the value cannot be <= 0 (PARA-040)
Warning: Coupling capacitor (clknet_0_clk:22 clknet_1_0__leaf_net272:16 0) on net clknet_1_0__leaf_net272 is discarded because the value cannot be <= 0 (PARA-040)
Warning: Coupling capacitor (clkbuf_1_0__f_net270/A c288/SCD 0) on net clknet_1_0__leaf_net273 is discarded because the value cannot be <= 0 (PARA-040)
Warning: Coupling capacitor (clkbuf_1_1__f_net272/A c288/SCD 0) on net clknet_1_0__leaf_net273 is discarded because the value cannot be <= 0 (PARA-040)
Warning: Coupling capacitor (clkbuf_1_0__f_net287/A c303/RESET_B 0) on net clknet_1_0__leaf_net287 is discarded because the value cannot be <= 0 (PARA-040)
Warning: Coupling capacitor (clkbuf_1_1__f_net287/A c311/D 0) on net clknet_1_0__leaf_net300 is discarded because the value cannot be <= 0 (PARA-040)
Warning: Coupling capacitor (clkbuf_1_0__f_net337/A c346/B 0) on net clknet_1_0__leaf_net337 is discarded because the value cannot be <= 0 (PARA-040)
Warning: Coupling capacitor (clknet_0_clk:190 c365/SCE 0) on net clknet_1_0__leaf_net356 is discarded because the value cannot be <= 0 (PARA-040)
Warning: Coupling capacitor (clkbuf_1_1__f_net341/A c367/SET_B 0) on net clknet_1_0__leaf_net361 is discarded because the value cannot be <= 0 (PARA-040)
Warning: Coupling capacitor (clkbuf_1_1__f_net402/A clknet_1_0__leaf_net404:12 0) on net clknet_1_0__leaf_net404 is discarded because the value cannot be <= 0 (PARA-040)
Warning: Coupling capacitor (clknet_0_net402:10 clknet_1_0__leaf_net404:12 0) on net clknet_1_0__leaf_net404 is discarded because the value cannot be <= 0 (PARA-040)
Warning: Coupling capacitor (c407/A c410/A 0) on net clknet_1_0__leaf_net405 is discarded because the value cannot be <= 0 (PARA-040)
Warning: Coupling capacitor (c407/A clknet_1_0__leaf_net405:10 0) on net clknet_1_0__leaf_net405 is discarded because the value cannot be <= 0 (PARA-040)
Warning: Coupling capacitor (clkbuf_1_1__f_net406/A c410/A 0) on net clknet_1_0__leaf_net405 is discarded because the value cannot be <= 0 (PARA-040)
Warning: Coupling capacitor (c410/A c408/B 0) on net clknet_1_0__leaf_net406 is discarded because the value cannot be <= 0 (PARA-040)
Warning: Coupling capacitor (clkbuf_1_0__f_net410/A c408/B 0) on net clknet_1_0__leaf_net406 is discarded because the value cannot be <= 0 (PARA-040)
Warning: Coupling capacitor (clkbuf_1_0__f_net404/A clknet_1_0__leaf_net408:10 0) on net clknet_1_0__leaf_net408 is discarded because the value cannot be <= 0 (PARA-040)
Warning: Coupling capacitor (clkbuf_1_0__f_net413/A clknet_1_0__leaf_net413:21 0) on net clknet_1_0__leaf_net413 is discarded because the value cannot be <= 0 (PARA-040)
Warning: Coupling capacitor (clkbuf_1_0__f_net440/A c437/B1_N 0) on net clknet_1_0__leaf_net439 is discarded because the value cannot be <= 0 (PARA-040)
Warning: Coupling capacitor (clk:13 c438/B1_N 0) on net clknet_1_0__leaf_net440 is discarded because the value cannot be <= 0 (PARA-040)
Warning: Coupling capacitor (clknet_0_clk:212 c438/B1_N 0) on net clknet_1_0__leaf_net440 is discarded because the value cannot be <= 0 (PARA-040)
Warning: Coupling capacitor (c437/B1_N c546/D 0) on net clknet_1_0__leaf_net441 is discarded because the value cannot be <= 0 (PARA-040)
Warning: Coupling capacitor (c572/B c570/A 0) on net clknet_1_0__leaf_net559 is discarded because the value cannot be <= 0 (PARA-040)
Note - message 'PARA-040' default limit (100) exceeded.  Remainder will be suppressed.

****************************************
Report : read_parasitics /nas/ei/home/ge78pav/TM_power/TM_openlane/TM_openlane_single_min/TM_openlane_min_ato/TM_openlane_min_ato_mid/netlist_0/high/spef/netlist_0.nom.spef
Design : netlist_0
Version: Q-2019.12-SP1
Date   : Wed Aug 21 13:29:59 2024
****************************************

        0 error(s)
        Format is SPEF
        Annotated nets                   :         1239
        Annotated capacitances           :         5319
        Annotated resistances            :         4080
        Reduced coupling capacitances    :         6000
        Annotated PI models              :            0
        Annotated Elmore delays          :            0

