Information: Derived library resistance unit is 1.000000 Kohm (Time unit is 1 ns, and Capacitance unit is 1.000000 pF). (DES-028)
Warning: Coupling capacitor (input1/A input6/A 0) on net in13 is discarded because the value cannot be <= 0 (PARA-040)
Warning: Coupling capacitor (in0:7 in13:7 0) on net in13 is discarded because the value cannot be <= 0 (PARA-040)
Warning: Detected semantically incorrect SPEF in coupling section. (PARA-098)
Warning: Coupling capacitor (input4/A input9/A 0) on net in16 is discarded because the value cannot be <= 0 (PARA-040)
Warning: Coupling capacitor (input8/A input9/A 0) on net in16 is discarded because the value cannot be <= 0 (PARA-040)
Warning: Coupling capacitor (in11:7 in16:7 0) on net in16 is discarded because the value cannot be <= 0 (PARA-040)
Warning: Coupling capacitor (in15:7 in16:7 0) on net in16 is discarded because the value cannot be <= 0 (PARA-040)
Warning: Coupling capacitor (input2/A input13/A 0) on net in2 is discarded because the value cannot be <= 0 (PARA-040)
Warning: Coupling capacitor (in1:7 in2:7 0) on net in2 is discarded because the value cannot be <= 0 (PARA-040)
Warning: Coupling capacitor (input3/A input14/A 0) on net in20 is discarded because the value cannot be <= 0 (PARA-040)
Warning: Coupling capacitor (in10:7 in20:7 0) on net in20 is discarded because the value cannot be <= 0 (PARA-040)
Warning: Coupling capacitor (input8/A input15/A 0) on net in21 is discarded because the value cannot be <= 0 (PARA-040)
Warning: Coupling capacitor (in15:7 in21:7 0) on net in21 is discarded because the value cannot be <= 0 (PARA-040)
Warning: Coupling capacitor (input12/A input16/A 0) on net in22 is discarded because the value cannot be <= 0 (PARA-040)
Warning: Coupling capacitor (in10:7 in22:7 0) on net in22 is discarded because the value cannot be <= 0 (PARA-040)
Warning: Coupling capacitor (in19:7 in22:7 0) on net in22 is discarded because the value cannot be <= 0 (PARA-040)
Warning: Coupling capacitor (input14/A input17/A 0) on net in23 is discarded because the value cannot be <= 0 (PARA-040)
Warning: Coupling capacitor (in20:7 in23:7 0) on net in23 is discarded because the value cannot be <= 0 (PARA-040)
Warning: Coupling capacitor (in21:7 in23:7 0) on net in23 is discarded because the value cannot be <= 0 (PARA-040)
Warning: Coupling capacitor (input5/A input21/A 0) on net in5 is discarded because the value cannot be <= 0 (PARA-040)
Warning: Coupling capacitor (in12:7 in5:7 0) on net in5 is discarded because the value cannot be <= 0 (PARA-040)
Warning: Coupling capacitor (input12/A input22/A 0) on net in6 is discarded because the value cannot be <= 0 (PARA-040)
Warning: Coupling capacitor (input6/A input22/A 0) on net in6 is discarded because the value cannot be <= 0 (PARA-040)
Warning: Coupling capacitor (in13:7 in6:7 0) on net in6 is discarded because the value cannot be <= 0 (PARA-040)
Warning: Coupling capacitor (in19:7 in6:7 0) on net in6 is discarded because the value cannot be <= 0 (PARA-040)
Warning: Coupling capacitor (in4:11 in7:13 0) on net in7 is discarded because the value cannot be <= 0 (PARA-040)
Warning: Coupling capacitor (out16 out19 0) on net out19 is discarded because the value cannot be <= 0 (PARA-040)
Warning: Coupling capacitor (out2 out24 0) on net out24 is discarded because the value cannot be <= 0 (PARA-040)
Warning: Coupling capacitor (out15 out6 0) on net out6 is discarded because the value cannot be <= 0 (PARA-040)
Warning: Coupling capacitor (clknet_0_clk:74 clkbuf_1_0__f_net302/A 0) on net clknet_0_net302 is discarded because the value cannot be <= 0 (PARA-040)
Warning: Coupling capacitor (clkbuf_1_0__f_net415/A clkbuf_1_1__f_net525/A 0) on net clknet_0_net525 is discarded because the value cannot be <= 0 (PARA-040)
Warning: Coupling capacitor (clkbuf_1_0__f_net523/A clkbuf_1_0__f_net525/A 0) on net clknet_0_net525 is discarded because the value cannot be <= 0 (PARA-040)
Warning: Coupling capacitor (clkbuf_1_1__f_net514/A clkbuf_1_1__f_net525/A 0) on net clknet_0_net525 is discarded because the value cannot be <= 0 (PARA-040)
Warning: Coupling capacitor (clknet_0_clk:100 clkbuf_1_0__f_net532/A 0) on net clknet_0_net532 is discarded because the value cannot be <= 0 (PARA-040)
Warning: Coupling capacitor (clknet_0_clk:100 clkbuf_1_1__f_net532/A 0) on net clknet_0_net532 is discarded because the value cannot be <= 0 (PARA-040)
Warning: Coupling capacitor (clknet_0_clk:104 clkbuf_1_0__f_net532/A 0) on net clknet_0_net532 is discarded because the value cannot be <= 0 (PARA-040)
Warning: Coupling capacitor (clkbuf_1_0__f_net440/A clkbuf_1_1__f_net923/A 0) on net clknet_0_net923 is discarded because the value cannot be <= 0 (PARA-040)
Warning: Coupling capacitor (clkbuf_1_1__f_net945/A c276/B1_N 0) on net clknet_1_0__leaf_net260 is discarded because the value cannot be <= 0 (PARA-040)
Warning: Coupling capacitor (clkbuf_1_1__f_net310/A merge797/SET_B 0) on net clknet_1_0__leaf_net302 is discarded because the value cannot be <= 0 (PARA-040)
Warning: Coupling capacitor (clknet_0_clk:16 c325/SCE 0) on net clknet_1_0__leaf_net310 is discarded because the value cannot be <= 0 (PARA-040)
Warning: Coupling capacitor (clknet_0_clk:16 merge855/A0 0) on net clknet_1_0__leaf_net310 is discarded because the value cannot be <= 0 (PARA-040)
Warning: Coupling capacitor (clkbuf_1_1__f_net745/A clknet_1_0__leaf_net321:20 0) on net clknet_1_0__leaf_net321 is discarded because the value cannot be <= 0 (PARA-040)
Warning: Coupling capacitor (clknet_1_0__leaf_net157:10 clknet_1_0__leaf_net321:20 0) on net clknet_1_0__leaf_net321 is discarded because the value cannot be <= 0 (PARA-040)
Warning: Coupling capacitor (clkbuf_1_0__f_net421/A c436/A4 0) on net clknet_1_0__leaf_net413 is discarded because the value cannot be <= 0 (PARA-040)
Warning: Coupling capacitor (clkbuf_1_1__f_net421/A merge804/D 0) on net clknet_1_0__leaf_net413 is discarded because the value cannot be <= 0 (PARA-040)
Warning: Coupling capacitor (clkbuf_1_1__f_net415/A c420/A 0) on net clknet_1_0__leaf_net414 is discarded because the value cannot be <= 0 (PARA-040)
Warning: Coupling capacitor (clkbuf_1_1__f_net415/A c426/A 0) on net clknet_1_0__leaf_net414 is discarded because the value cannot be <= 0 (PARA-040)
Warning: Coupling capacitor (c545/B1 c540/D 0) on net clknet_1_0__leaf_net525 is discarded because the value cannot be <= 0 (PARA-040)
Warning: Coupling capacitor (c545/B1 c545/A3 0) on net clknet_1_0__leaf_net525 is discarded because the value cannot be <= 0 (PARA-040)
Warning: Coupling capacitor (c700/A4 c692/A2 0) on net clknet_1_0__leaf_net660 is discarded because the value cannot be <= 0 (PARA-040)
Warning: Coupling capacitor (merge783/RESET_B c692/A2 0) on net clknet_1_0__leaf_net660 is discarded because the value cannot be <= 0 (PARA-040)
Warning: Coupling capacitor (merge783/RESET_B merge783/SCD 0) on net clknet_1_0__leaf_net660 is discarded because the value cannot be <= 0 (PARA-040)
Warning: Coupling capacitor (merge830/DE merge830/SCE 0) on net clknet_1_0__leaf_net686 is discarded because the value cannot be <= 0 (PARA-040)
Warning: Coupling capacitor (clkbuf_1_0__f_net944/A c318/A 0) on net clknet_1_0__leaf_net794 is discarded because the value cannot be <= 0 (PARA-040)
Warning: Coupling capacitor (clkbuf_1_1__f_net301/A c318/A 0) on net clknet_1_0__leaf_net794 is discarded because the value cannot be <= 0 (PARA-040)
Warning: Coupling capacitor (clkbuf_1_0__f_net898/A c593/A3 0) on net clknet_1_0__leaf_net898 is discarded because the value cannot be <= 0 (PARA-040)
Warning: Coupling capacitor (merge830/DE c593/S0 0) on net clknet_1_0__leaf_net901 is discarded because the value cannot be <= 0 (PARA-040)
Warning: Coupling capacitor (clkbuf_1_0__f_net415/A c528/A 0) on net clknet_1_0__leaf_net922 is discarded because the value cannot be <= 0 (PARA-040)
Warning: Coupling capacitor (c276/B1_N c274/A 0) on net clknet_1_0__leaf_net945 is discarded because the value cannot be <= 0 (PARA-040)
Warning: Coupling capacitor (clkbuf_1_1__f_net157/A clknet_1_1__leaf_net157:10 0) on net clknet_1_1__leaf_net157 is discarded because the value cannot be <= 0 (PARA-040)
Warning: Coupling capacitor (merge781/SCE clknet_1_1__leaf_net157:10 0) on net clknet_1_1__leaf_net157 is discarded because the value cannot be <= 0 (PARA-040)
Warning: Coupling capacitor (clkbuf_1_0__f_net135/A merge849/S1 0) on net clknet_1_1__leaf_net302 is discarded because the value cannot be <= 0 (PARA-040)
Warning: Coupling capacitor (clkbuf_1_0__f_net310/A c319/A 0) on net clknet_1_1__leaf_net307 is discarded because the value cannot be <= 0 (PARA-040)
Warning: Coupling capacitor (clknet_0_clk:84 merge842/A2 0) on net clknet_1_1__leaf_net310 is discarded because the value cannot be <= 0 (PARA-040)
Warning: Coupling capacitor (clkbuf_1_1__f_net413/A c424/A 0) on net clknet_1_1__leaf_net414 is discarded because the value cannot be <= 0 (PARA-040)
Warning: Coupling capacitor (clkbuf_1_1__f_net414/A clknet_1_1__leaf_net414:10 0) on net clknet_1_1__leaf_net414 is discarded because the value cannot be <= 0 (PARA-040)
Warning: Coupling capacitor (merge762/SCE clknet_1_1__leaf_net414:10 0) on net clknet_1_1__leaf_net414 is discarded because the value cannot be <= 0 (PARA-040)
Warning: Coupling capacitor (clknet_1_1__leaf_net413:17 clknet_1_1__leaf_net414:10 0) on net clknet_1_1__leaf_net414 is discarded because the value cannot be <= 0 (PARA-040)
Warning: Coupling capacitor (clkbuf_1_1__f_net439/A merge827/SCD 0) on net clknet_1_1__leaf_net440 is discarded because the value cannot be <= 0 (PARA-040)
Warning: Coupling capacitor (clkbuf_1_1__f_net515/A merge765/SCD 0) on net clknet_1_1__leaf_net514 is discarded because the value cannot be <= 0 (PARA-040)
Warning: Coupling capacitor (c531/B c530/A 0) on net clknet_1_1__leaf_net515 is discarded because the value cannot be <= 0 (PARA-040)
Warning: Coupling capacitor (clkbuf_1_1__f_net515/A c530/A 0) on net clknet_1_1__leaf_net515 is discarded because the value cannot be <= 0 (PARA-040)
Warning: Coupling capacitor (clkbuf_1_0__f_net516/A merge812/RESET_B 0) on net clknet_1_1__leaf_net523 is discarded because the value cannot be <= 0 (PARA-040)
Warning: Coupling capacitor (merge804/SCD merge812/RESET_B 0) on net clknet_1_1__leaf_net523 is discarded because the value cannot be <= 0 (PARA-040)
Warning: Coupling capacitor (c528/A c543/A2 0) on net clknet_1_1__leaf_net525 is discarded because the value cannot be <= 0 (PARA-040)
Warning: Coupling capacitor (clkbuf_1_1__f_net525/A c543/A2 0) on net clknet_1_1__leaf_net525 is discarded because the value cannot be <= 0 (PARA-040)
Warning: Coupling capacitor (clknet_1_0__leaf_net415:10 merge812/D 0) on net clknet_1_1__leaf_net525 is discarded because the value cannot be <= 0 (PARA-040)
Warning: Coupling capacitor (clkbuf_1_1__f_net441/A merge802/A1 0) on net clknet_1_1__leaf_net686 is discarded because the value cannot be <= 0 (PARA-040)
Warning: Coupling capacitor (merge802/A3 merge802/A1 0) on net clknet_1_1__leaf_net686 is discarded because the value cannot be <= 0 (PARA-040)
Warning: Coupling capacitor (clkbuf_1_0__f_net759/A c158/A 0) on net clknet_1_1__leaf_net759 is discarded because the value cannot be <= 0 (PARA-040)
Warning: Coupling capacitor (clknet_1_0__leaf_net321:20 c158/A 0) on net clknet_1_1__leaf_net759 is discarded because the value cannot be <= 0 (PARA-040)
Warning: Coupling capacitor (clkbuf_1_0__f_net135/A merge767/A 0) on net clknet_1_1__leaf_net794 is discarded because the value cannot be <= 0 (PARA-040)
Warning: Coupling capacitor (c158/A merge779/A 0) on net clknet_1_1__leaf_net944 is discarded because the value cannot be <= 0 (PARA-040)
Warning: Coupling capacitor (ANTENNA_clkbuf_4_11_0_clk_A/DIODE clknet_4_11_0_clk:112 0) on net clknet_4_11_0_clk is discarded because the value cannot be <= 0 (PARA-040)
Warning: Coupling capacitor (clknet_0_clk:405 clknet_4_11_0_clk:112 0) on net clknet_4_11_0_clk is discarded because the value cannot be <= 0 (PARA-040)
Warning: Coupling capacitor (c158/A ANTENNA_merge792_CLK/DIODE 0) on net clknet_4_12_0_clk is discarded because the value cannot be <= 0 (PARA-040)
Warning: Coupling capacitor (c158/A clknet_4_12_0_clk:55 0) on net clknet_4_12_0_clk is discarded because the value cannot be <= 0 (PARA-040)
Warning: Coupling capacitor (c324/A clknet_4_12_0_clk:55 0) on net clknet_4_12_0_clk is discarded because the value cannot be <= 0 (PARA-040)
Warning: Coupling capacitor (clkbuf_1_1__f_net33/A clknet_4_12_0_clk:119 0) on net clknet_4_12_0_clk is discarded because the value cannot be <= 0 (PARA-040)
Warning: Coupling capacitor (clkbuf_1_1__f_net943/A clknet_4_12_0_clk:277 0) on net clknet_4_12_0_clk is discarded because the value cannot be <= 0 (PARA-040)
Warning: Coupling capacitor (merge779/A ANTENNA_merge792_CLK/DIODE 0) on net clknet_4_12_0_clk is discarded because the value cannot be <= 0 (PARA-040)
Warning: Coupling capacitor (clknet_0_clk:249 clknet_4_12_0_clk:119 0) on net clknet_4_12_0_clk is discarded because the value cannot be <= 0 (PARA-040)
Warning: Coupling capacitor (clknet_1_0__leaf_net157:10 clknet_4_12_0_clk:55 0) on net clknet_4_12_0_clk is discarded because the value cannot be <= 0 (PARA-040)
Warning: Coupling capacitor (clknet_0_clk:249 ANTENNA_s900_CLK/DIODE 0) on net clknet_4_13_0_clk is discarded because the value cannot be <= 0 (PARA-040)
Warning: Coupling capacitor (clknet_0_clk:249 clknet_4_13_0_clk:12 0) on net clknet_4_13_0_clk is discarded because the value cannot be <= 0 (PARA-040)
Warning: Coupling capacitor (clknet_0_clk:249 clknet_4_13_0_clk:14 0) on net clknet_4_13_0_clk is discarded because the value cannot be <= 0 (PARA-040)
Warning: Coupling capacitor (clknet_0_clk:249 clknet_4_13_0_clk:16 0) on net clknet_4_13_0_clk is discarded because the value cannot be <= 0 (PARA-040)
Warning: Coupling capacitor (clkbuf_1_1__f_net196/A clknet_4_14_0_clk:137 0) on net clknet_4_14_0_clk is discarded because the value cannot be <= 0 (PARA-040)
Warning: Coupling capacitor (c543/A2 clknet_4_1_0_clk:268 0) on net clknet_4_1_0_clk is discarded because the value cannot be <= 0 (PARA-040)
Warning: Coupling capacitor (c547/SCE clknet_4_1_0_clk:253 0) on net clknet_4_1_0_clk is discarded because the value cannot be <= 0 (PARA-040)
Warning: Coupling capacitor (clkbuf_1_0__f_net415/A ANTENNA_merge815_CLK_N/DIODE 0) on net clknet_4_1_0_clk is discarded because the value cannot be <= 0 (PARA-040)
Note - message 'PARA-040' default limit (100) exceeded.  Remainder will be suppressed.
Warning: Net 'net143' is multi-driven. (DES-023)
Warning: Net 'net322' is multi-driven. (DES-023)
Warning: Net 'net368' is multi-driven. (DES-023)
Warning: Net 'net431' is multi-driven. (DES-023)
Warning: Net 'net491' is multi-driven. (DES-023)
Warning: Net 'net674' is multi-driven. (DES-023)
Warning: Net 'net747' is multi-driven. (DES-023)
Warning: Net 'net750' is multi-driven. (DES-023)
Warning: Net 'net768' is multi-driven. (DES-023)
Warning: Net 'net868' is multi-driven. (DES-023)
Warning: Net 'net92' is multi-driven. (DES-023)

****************************************
Report : read_parasitics /nas/ei/home/ge78pav/TM_power/TM_openlane/TM_openlane_single_min/TM_openlane_min_cr/TM_openlane_min_cr_mid/netlist_0/high/spef/netlist_0.nom.spef
Design : netlist_0
Version: Q-2019.12-SP1
Date   : Wed Aug 21 14:19:06 2024
****************************************

        0 error(s)
        Format is SPEF
        Annotated nets                   :         1261
        Annotated capacitances           :         6230
        Annotated resistances            :         4969
        Reduced coupling capacitances    :         7658
        Annotated PI models              :            0
        Annotated Elmore delays          :            0

