****************************************
Report : Averaged Power
	-net_power
	-hierarchy
	-sort_by net_switching_power
	-power_greater_than       0
	-nosplit
Design : netlist_1
Version: Q-2019.12-SP1
Date   : Mon Aug 19 15:43:59 2024
****************************************



  Attributes
  ----------
      a  -  Switching activity information / Switching power information annotated on net
      p  -  Propagated switching activity information on net
      d  -  Default switching activity used on net
      u  -  Net switching activity uninitialized
      m  -  Net is driven by multiple pins
      b  -  Net is a primary input (boundary net)

		Toggle rates reported with respect to time unit 1ns
--------------------------------------------------------------------------------
                                  Total      Static   Toggle   Switching
Net                         Vdd   Net Load   Prob.    Rate     Power      Attrs
--------------------------------------------------------------------------------
net1065                     1.80    0.115    0.500    0.1000   1.864e-05  a
net1049                     1.80    0.085    0.500    0.1000   1.374e-05  a
net1068                     1.80    0.085    0.500    0.1000   1.372e-05  a
net1060                     1.80    0.074    0.500    0.1000   1.192e-05  a
net1067                     1.80    0.072    0.500    0.1000   1.172e-05  a
net1052                     1.80    0.072    0.500    0.1000   1.162e-05  a
net633                      1.80    0.068    0.500    0.1000   1.099e-05  a
net587                      1.80    0.067    0.500    0.1000   1.091e-05  a
net1003                     1.80    0.066    0.496    0.1002   1.079e-05  p
net998                      1.80    0.107    0.083    0.0605   1.046e-05  p
net1058                     1.80    0.064    0.500    0.1000   1.036e-05  a
net574                      1.80    0.064    0.500    0.1000   1.034e-05  a
net641                      1.80    0.063    0.500    0.1000   1.024e-05  a
net632                      1.80    0.061    0.500    0.1000   9.863e-06  a
net575                      1.80    0.060    0.500    0.1000   9.779e-06  a
net1070                     1.80    0.060    0.500    0.1000   9.740e-06  a
net256                      1.80    0.048    0.615    0.1260   9.728e-06  p
net1040                     1.80    0.060    0.257    0.0981   9.609e-06  p
net1063                     1.80    0.059    0.500    0.1000   9.535e-06  a
net1059                     1.80    0.058    0.500    0.1000   9.435e-06  a
net578                      1.80    0.058    0.500    0.1000   9.376e-06  a
net722                      1.80    0.030    0.370    0.1881   9.289e-06  p
clknet_2_0__leaf_clk        1.80    0.057    0.500    0.1000   9.221e-06  a
net600                      1.80    0.056    0.500    0.1000   9.135e-06  a
net611                      1.80    0.056    0.500    0.1000   9.115e-06  a
clknet_2_3__leaf_clk        1.80    0.056    0.500    0.1000   9.012e-06  a
net1030                     1.80    0.077    0.126    0.0720   8.991e-06  p
net1051                     1.80    0.055    0.500    0.1000   8.954e-06  a
net1056                     1.80    0.054    0.500    0.1000   8.776e-06  a
net1062                     1.80    0.054    0.500    0.1000   8.759e-06  a
net117                      1.80    0.074    0.127    0.0732   8.754e-06  p
clknet_0_clk                1.80    0.054    0.500    0.1000   8.749e-06  a
clknet_2_1__leaf_clk        1.80    0.054    0.500    0.1000   8.713e-06  a
net581                      1.80    0.054    0.500    0.1000   8.704e-06  a
net1047                     1.80    0.052    0.500    0.1000   8.420e-06  a
net957                      1.80    0.047    0.499    0.1108   8.397e-06  p
net972                      1.80    0.080    0.070    0.0644   8.373e-06  p
net583                      1.80    0.051    0.500    0.1000   8.318e-06  a
clknet_2_2__leaf_clk        1.80    0.051    0.500    0.1000   8.199e-06  a
net586                      1.80    0.049    0.500    0.1000   7.951e-06  a
net1036                     1.80    0.049    0.258    0.0991   7.905e-06  p
net1006                     1.80    0.047    0.225    0.1032   7.860e-06  p
net1018                     1.80    0.047    0.263    0.1025   7.803e-06  p
net595                      1.80    0.048    0.500    0.1000   7.790e-06  a
net24                       1.80    0.030    0.255    0.1571   7.690e-06  p
net623                      1.80    0.047    0.500    0.1000   7.564e-06  a
net767                      1.80    0.046    0.500    0.1000   7.509e-06  a
net681                      1.80    0.045    0.496    0.1002   7.372e-06  p
net955                      1.80    0.043    0.255    0.1049   7.357e-06  p
net613                      1.80    0.044    0.500    0.1000   7.078e-06  a
net1034                     1.80    0.043    0.500    0.1000   6.967e-06  a
net576                      1.80    0.043    0.500    0.1000   6.897e-06  a
net1042                     1.80    0.043    0.500    0.1000   6.892e-06  a
net735                      1.80    0.059    0.124    0.0703   6.756e-06  p
net1061                     1.80    0.041    0.500    0.1000   6.694e-06  a
net1054                     1.80    0.041    0.500    0.1000   6.681e-06  a
net607                      1.80    0.041    0.500    0.1000   6.647e-06  a
net173                      1.80    0.033    0.537    0.1232   6.638e-06  p
net591                      1.80    0.040    0.500    0.1000   6.522e-06  a
net1045                     1.80    0.040    0.500    0.1000   6.503e-06  a
net1057                     1.80    0.040    0.500    0.1000   6.461e-06  a
net670                      1.80    0.034    0.284    0.1146   6.362e-06  p
net1077                     1.80    0.039    0.509    0.0993   6.334e-06  p
net579                      1.80    0.039    0.500    0.1000   6.302e-06  a
net139                      1.80    0.037    0.489    0.1041   6.287e-06  p
net519                      1.80    0.039    0.500    0.1000   6.284e-06  a
net757                      1.80    0.039    0.509    0.0993   6.266e-06  p
net602                      1.80    0.039    0.500    0.1000   6.241e-06  a
net728                      1.80    0.029    0.213    0.1310   6.159e-06  p
net1066                     1.80    0.038    0.500    0.1000   6.146e-06  a
net584                      1.80    0.037    0.500    0.1000   6.051e-06  a
net636                      1.80    0.037    0.500    0.1000   5.962e-06  a
net597                      1.80    0.036    0.500    0.1000   5.900e-06  a
net663                      1.80    0.036    0.500    0.1000   5.880e-06  a
net601                      1.80    0.036    0.500    0.1000   5.864e-06  a
net659                      1.80    0.036    0.500    0.1000   5.835e-06  a
net189                      1.80    0.040    0.098    0.0883   5.787e-06  p
net603                      1.80    0.035    0.500    0.1000   5.687e-06  a
net1005                     1.80    0.058    0.083    0.0605   5.664e-06  p
net120                      1.80    0.047    0.128    0.0743   5.636e-06  p
net572                      1.80    0.034    0.500    0.1000   5.558e-06  a
net13                       1.80    0.034    0.253    0.0995   5.516e-06  p
net1050                     1.80    0.034    0.500    0.1000   5.491e-06  a
net162                      1.80    0.028    0.569    0.1197   5.458e-06  p
net593                      1.80    0.033    0.500    0.1000   5.391e-06  a
net207                      1.80    0.030    0.513    0.1105   5.326e-06  p
net599                      1.80    0.033    0.500    0.1000   5.296e-06  a
net655                      1.80    0.032    0.500    0.1000   5.254e-06  a
net609                      1.80    0.032    0.500    0.1000   5.186e-06  a
net627                      1.80    0.032    0.500    0.1000   5.176e-06  a
net230                      1.80    0.026    0.433    0.1227   5.165e-06  p
net1048                     1.80    0.032    0.500    0.1000   5.161e-06  a
net568                      1.80    0.032    0.500    0.1000   5.154e-06  a
net1046                     1.80    0.032    0.500    0.1000   5.135e-06  a
net743                      1.80    0.049    0.070    0.0644   5.094e-06  p
net687                      1.80    0.031    0.492    0.1010   5.048e-06  p
net1069                     1.80    0.031    0.500    0.1000   5.003e-06  a
net1032                     1.80    0.042    0.123    0.0728   4.998e-06  p
net650                      1.80    0.031    0.500    0.1000   4.992e-06  a
net1043                     1.80    0.031    0.500    0.1000   4.947e-06  a
net966                      1.80    0.046    0.070    0.0644   4.833e-06  p
net1028                     1.80    0.041    0.128    0.0725   4.806e-06  p
net709                      1.80    0.030    0.257    0.0970   4.725e-06  p
net589                      1.80    0.029    0.500    0.1000   4.708e-06  a
net1017                     1.80    0.028    0.263    0.1025   4.626e-06  p
net15                       1.80    0.029    0.248    0.0978   4.600e-06  p
net40                       1.80    0.027    0.225    0.1032   4.556e-06  p
net713                      1.80    0.039    0.128    0.0725   4.535e-06  p
net95                       1.80    0.029    0.249    0.0973   4.509e-06  p
net280                      1.80    0.028    0.257    0.0981   4.508e-06  p
net1033                     1.80    0.028    0.500    0.1000   4.463e-06  a
net618                      1.80    0.027    0.500    0.1000   4.425e-06  a
net846                      1.80    0.027    0.500    0.1000   4.344e-06  a
net648                      1.80    0.027    0.500    0.1000   4.337e-06  a
net646                      1.80    0.027    0.500    0.1000   4.333e-06  a
net598                      1.80    0.026    0.500    0.1000   4.291e-06  a
net726                      1.80    0.058    0.061    0.0458   4.264e-06  p
net616                      1.80    0.026    0.500    0.1000   4.262e-06  a
net1037                     1.80    0.027    0.248    0.0978   4.214e-06  p
net661                      1.80    0.026    0.500    0.1000   4.196e-06  a
net188                      1.80    0.023    0.499    0.1108   4.183e-06  p
net206                      1.80    0.026    0.246    0.0970   4.143e-06  p
net391                      1.80    0.024    0.498    0.1051   4.139e-06  p
net30                       1.80    0.026    0.245    0.0963   4.130e-06  p
net621                      1.80    0.025    0.500    0.1000   4.129e-06  a
net626                      1.80    0.025    0.500    0.1000   4.103e-06  a
net628                      1.80    0.025    0.500    0.1000   4.046e-06  a
net1082                     1.80    0.025    0.509    0.0993   4.030e-06  p
net71                       1.80    0.025    0.256    0.0973   3.996e-06  p
net570                      1.80    0.024    0.500    0.1000   3.968e-06  a
net596                      1.80    0.024    0.500    0.1000   3.960e-06  a
net673                      1.80    0.034    0.121    0.0707   3.953e-06  p
net999                      1.80    0.086    0.032    0.0284   3.947e-06  p
net1044                     1.80    0.024    0.500    0.1000   3.933e-06  a
net689                      1.80    0.033    0.126    0.0739   3.925e-06  p
net620                      1.80    0.024    0.500    0.1000   3.890e-06  a
net590                      1.80    0.024    0.500    0.1000   3.883e-06  a
net1020                     1.80    0.051    0.064    0.0462   3.841e-06  p
net17                       1.80    0.032    0.123    0.0728   3.831e-06  p
net264                      1.80    0.019    0.542    0.1256   3.821e-06  p
net604                      1.80    0.023    0.500    0.1000   3.728e-06  a
net1007                     1.80    0.022    0.225    0.1032   3.690e-06  p
net606                      1.80    0.023    0.500    0.1000   3.686e-06  a
net615                      1.80    0.022    0.500    0.1000   3.638e-06  a
net577                      1.80    0.022    0.500    0.1000   3.630e-06  a
net1031                     1.80    0.031    0.123    0.0728   3.606e-06  p
net351                      1.80    0.021    0.744    0.1038   3.606e-06  p
net642                      1.80    0.022    0.500    0.1000   3.597e-06  a
net98                       1.80    0.022    0.251    0.0974   3.445e-06  p
net631                      1.80    0.021    0.500    0.1000   3.415e-06  a
net698                      1.80    0.019    0.255    0.1049   3.275e-06  p
net1025                     1.80    0.020    0.500    0.1000   3.262e-06  a
net573                      1.80    0.020    0.500    0.1000   3.261e-06  a
net951                      1.80    0.020    0.509    0.0993   3.255e-06  p
net647                      1.80    0.020    0.500    0.1000   3.248e-06  a
net1035                     1.80    0.020    0.258    0.0991   3.236e-06  p
net1004                     1.80    0.027    0.128    0.0743   3.223e-06  p
net94                       1.80    0.028    0.123    0.0698   3.206e-06  p
net1041                     1.80    0.020    0.500    0.1000   3.182e-06  a
net99                       1.80    0.028    0.124    0.0704   3.175e-06  p
net693                      1.80    0.028    0.127    0.0707   3.168e-06  p
net184                      1.80    0.013    0.235    0.1458   3.153e-06  p
net209                      1.80    0.020    0.246    0.0970   3.129e-06  p
net1012                     1.80    0.067    0.033    0.0287   3.115e-06  p
net16                       1.80    0.027    0.126    0.0711   3.067e-06  p
net652                      1.80    0.019    0.500    0.1000   3.066e-06  a
net39                       1.80    0.014    0.229    0.1358   3.050e-06  p
net1055                     1.80    0.019    0.500    0.1000   3.048e-06  a
net654                      1.80    0.019    0.500    0.1000   3.029e-06  a
net644                      1.80    0.019    0.500    0.1000   3.018e-06  a
clknet_0_net506             1.80    0.018    0.744    0.1053   2.986e-06  p
net1                        1.80    0.010    0.435    0.1889   2.980e-06  p
net964                      1.80    0.062    0.031    0.0292   2.949e-06  p
net994                      1.80    0.061    0.031    0.0296   2.930e-06  p
net643                      1.80    0.018    0.500    0.1000   2.867e-06  a
net694                      1.80    0.012    0.499    0.1462   2.858e-06  p
net1039                     1.80    0.018    0.257    0.0981   2.828e-06  p
net1010                     1.80    0.037    0.064    0.0468   2.810e-06  p
net682                      1.80    0.052    0.036    0.0330   2.786e-06  p
net53                       1.80    0.037    0.063    0.0462   2.784e-06  p
net738                      1.80    0.017    0.248    0.0991   2.776e-06  p
clknet_0_net563             1.80    0.017    0.494    0.1009   2.768e-06  p
net660                      1.80    0.017    0.500    0.1000   2.735e-06  a
net658                      1.80    0.017    0.500    0.1000   2.731e-06  a
net283                      1.80    0.027    0.053    0.0618   2.727e-06  p
net398                      1.80    0.016    0.502    0.1051   2.714e-06  p
net625                      1.80    0.017    0.500    0.1000   2.707e-06  a
net14                       1.80    0.023    0.126    0.0711   2.695e-06  p
net1029                     1.80    0.023    0.126    0.0720   2.679e-06  p
net34                       1.80    0.016    0.263    0.1025   2.678e-06  p
net819                      1.80    0.016    0.500    0.1000   2.605e-06  a
net956                      1.80    0.015    0.255    0.1049   2.596e-06  p
net506                      1.80    0.015    0.744    0.1053   2.595e-06  p
net645                      1.80    0.016    0.500    0.1000   2.578e-06  a
net731                      1.80    0.022    0.123    0.0699   2.530e-06  p
net1038                     1.80    0.016    0.248    0.0991   2.493e-06  p
net33                       1.80    0.021    0.128    0.0743   2.492e-06  p
net1026                     1.80    0.031    0.065    0.0484   2.471e-06  p
net622                      1.80    0.015    0.500    0.1000   2.456e-06  a
net771                      1.80    0.021    0.126    0.0711   2.452e-06  p
net1071                     1.80    0.015    0.253    0.0991   2.443e-06  p
net394                      1.80    0.012    0.710    0.1266   2.432e-06  p
net38                       1.80    0.015    0.248    0.0972   2.398e-06  p
net1008                     1.80    0.050    0.032    0.0291   2.353e-06  p
clknet_1_0__leaf_net563     1.80    0.014    0.494    0.1009   2.332e-06  p
net356                      1.80    0.014    0.498    0.1051   2.329e-06  p
net31                       1.80    0.015    0.252    0.0968   2.311e-06  p
net640                      1.80    0.014    0.500    0.1000   2.302e-06  a
net268                      1.80    0.014    0.240    0.0987   2.292e-06  p
net582                      1.80    0.014    0.500    0.1000   2.289e-06  a
net106                      1.80    0.030    0.066    0.0465   2.286e-06  p
net1079                     1.80    0.014    0.500    0.1000   2.244e-06  a
net594                      1.80    0.014    0.500    0.1000   2.192e-06  a
net399                      1.80    0.016    0.110    0.0840   2.180e-06  p
net997                      1.80    0.022    0.083    0.0605   2.127e-06  p
net1072                     1.80    0.028    0.939    0.0464   2.125e-06  p
net550                      1.80    0.013    0.500    0.1000   2.079e-06  a
net614                      1.80    0.013    0.500    0.1000   2.064e-06  a
net1016                     1.80    0.077    0.015    0.0164   2.056e-06  p
net992                      1.80    0.038    0.036    0.0330   2.046e-06  p
net1011                     1.80    0.044    0.033    0.0287   2.033e-06  p
net637                      1.80    0.012    0.500    0.1000   2.017e-06  a
net624                      1.80    0.012    0.500    0.1000   2.016e-06  a
net1019                     1.80    0.027    0.064    0.0462   2.015e-06  p
net262                      1.80    0.012    0.495    0.1015   2.012e-06  p
net666                      1.80    0.043    0.034    0.0289   1.989e-06  p
net1027                     1.80    0.027    0.061    0.0458   1.987e-06  p
net36                       1.80    0.042    0.032    0.0291   1.966e-06  p
net309                      1.80    0.012    0.508    0.1035   1.961e-06  p
net585                      1.80    0.012    0.500    0.1000   1.950e-06  a
net397                      1.80    0.011    0.498    0.1052   1.943e-06  p
net164                      1.80    0.018    0.066    0.0661   1.938e-06  p
net122                      1.80    0.066    0.017    0.0181   1.934e-06  p
net381                      1.80    0.010    0.496    0.1163   1.933e-06  p
net724                      1.80    0.010    0.471    0.1149   1.870e-06  p
net580                      1.80    0.011    0.500    0.1000   1.841e-06  a
net247                      1.80    0.011    0.489    0.1042   1.833e-06  p
net605                      1.80    0.011    0.500    0.1000   1.828e-06  a
net858                      1.80    0.011    0.500    0.1000   1.798e-06  a
net48                       1.80    0.011    0.130    0.1018   1.794e-06  p
net1064                     1.80    0.011    0.500    0.1000   1.783e-06  a
net746                      1.80    0.011    0.500    0.1000   1.782e-06  a
net58                       1.80    0.037    0.031    0.0294   1.782e-06  p
net158                      1.80    0.009    0.250    0.1170   1.782e-06  p
net179                      1.80    0.007    0.687    0.1525   1.749e-06  p
net37                       1.80    0.015    0.127    0.0728   1.744e-06  p
net1002                     1.80    0.011    0.496    0.1002   1.741e-06  p
net608                      1.80    0.010    0.500    0.1000   1.678e-06  a
net862                      1.80    0.010    0.500    0.1000   1.673e-06  a
net151                      1.80    0.035    0.031    0.0292   1.672e-06  p
net732                      1.80    0.022    0.064    0.0462   1.647e-06  p
net450                      1.80    0.009    0.473    0.1130   1.646e-06  p
net51                       1.80    0.010    0.249    0.0993   1.615e-06  p
net353                      1.80    0.010    0.814    0.1007   1.614e-06  p
net170                      1.80    0.026    0.035    0.0381   1.607e-06  p
net28                       1.80    0.033    0.031    0.0296   1.582e-06  p
net656                      1.80    0.010    0.500    0.1000   1.577e-06  a
net534                      1.80    0.010    0.250    0.0982   1.544e-06  p
net653                      1.80    0.009    0.500    0.1000   1.524e-06  a
net80                       1.80    0.020    0.062    0.0478   1.520e-06  p
net725                      1.80    0.009    0.809    0.1094   1.508e-06  p
net8                        1.80    0.020    0.062    0.0454   1.490e-06  p
net782                      1.80    0.009    0.500    0.1000   1.489e-06  a
clknet_0_net562             1.80    0.017    0.266    0.0544   1.489e-06  p
net27                       1.80    0.034    0.028    0.0272   1.479e-06  p
net549                      1.80    0.014    0.157    0.0633   1.477e-06  p
net5                        1.80    0.009    0.248    0.0973   1.477e-06  p
net935                      1.80    0.008    0.471    0.1149   1.453e-06  p
net898                      1.80    0.009    0.492    0.1010   1.452e-06  p
net742                      1.80    0.014    0.070    0.0644   1.452e-06  p
net612                      1.80    0.009    0.500    0.1000   1.450e-06  a
net692                      1.80    0.033    0.029    0.0270   1.444e-06  p
net349                      1.80    0.009    0.509    0.0993   1.438e-06  p
net42                       1.80    0.015    0.083    0.0605   1.436e-06  p
net1021                     1.80    0.019    0.063    0.0456   1.404e-06  p
net733                      1.80    0.009    0.254    0.0981   1.398e-06  p
net695                      1.80    0.029    0.030    0.0291   1.384e-06  p
net81                       1.80    0.019    0.054    0.0438   1.381e-06  p
net212                      1.80    0.012    0.124    0.0722   1.377e-06  p
net130                      1.80    0.017    0.067    0.0491   1.362e-06  p
net563                      1.80    0.008    0.494    0.1009   1.361e-06  p
net497                      1.80    0.005    0.566    0.1524   1.341e-06  p
net688                      1.80    0.018    0.938    0.0445   1.331e-06  p
net50                       1.80    0.035    0.021    0.0231   1.327e-06  p
net930                      1.80    0.008    0.254    0.0967   1.319e-06  p
net716                      1.80    0.035    0.495    0.0233   1.318e-06  p
net1053                     1.80    0.008    0.500    0.1000   1.280e-06  a
net86                       1.80    0.016    0.068    0.0475   1.269e-06  p
net493                      1.80    0.009    0.361    0.0852   1.261e-06  p
net137                      1.80    0.016    0.064    0.0498   1.261e-06  p
net288                      1.80    0.005    0.217    0.1567   1.235e-06  p
clknet_1_1__leaf_net506     1.80    0.007    0.744    0.1053   1.208e-06  p
net610                      1.80    0.007    0.500    0.1000   1.206e-06  a
clknet_1_1__leaf_net563     1.80    0.007    0.494    0.1009   1.203e-06  p
net965                      1.80    0.011    0.070    0.0644   1.200e-06  p
net675                      1.80    0.046    0.014    0.0161   1.199e-06  p
net830                      1.80    0.007    0.500    0.1000   1.174e-06  a
net802                      1.80    0.007    0.500    0.1000   1.173e-06  a
net649                      1.80    0.007    0.500    0.1000   1.163e-06  a
net812                      1.80    0.007    0.500    0.1000   1.158e-06  a
net752                      1.80    0.007    0.489    0.1042   1.150e-06  p
net41                       1.80    0.012    0.918    0.0606   1.149e-06  p
net779                      1.80    0.007    0.500    0.1000   1.143e-06  a
net225                      1.80    0.031    0.979    0.0226   1.139e-06  p
net971                      1.80    0.011    0.070    0.0644   1.124e-06  p
net323                      1.80    0.013    0.072    0.0528   1.119e-06  p
net183                      1.80    0.007    0.246    0.0978   1.117e-06  p
net364                      1.80    0.052    0.010    0.0132   1.104e-06  p
clknet_1_0__leaf_net506     1.80    0.006    0.744    0.1053   1.100e-06  p
net845                      1.80    0.007    0.500    0.1000   1.094e-06  a
net685                      1.80    0.049    0.988    0.0138   1.091e-06  p
net100                      1.80    0.038    0.015    0.0177   1.083e-06  p
net719                      1.80    0.007    0.254    0.0967   1.074e-06  p
net872                      1.80    0.007    0.500    0.1000   1.070e-06  a
net259                      1.80    0.022    0.033    0.0294   1.069e-06  p
net143                      1.80    0.007    0.244    0.0972   1.064e-06  p
net861                      1.80    0.006    0.500    0.1000   1.034e-06  a
net844                      1.80    0.006    0.500    0.1000   1.028e-06  a
net869                      1.80    0.006    0.500    0.1000   1.022e-06  a
net103                      1.80    0.014    0.066    0.0465   1.019e-06  p
net905                      1.80    0.004    0.499    0.1462   1.017e-06  p
net521                      1.80    0.006    0.250    0.0982   1.016e-06  p
net29                       1.80    0.022    0.032    0.0284   1.014e-06  p
net747                      1.80    0.006    0.500    0.1000   1.014e-06  a
net634                      1.80    0.006    0.500    0.1000   9.989e-07  a
net949                      1.80    0.006    0.248    0.0991   9.983e-07  p
net933                      1.80    0.003    0.370    0.1881   9.972e-07  p
net26                       1.80    0.021    0.033    0.0290   9.943e-07  p
net748                      1.80    0.006    0.253    0.0991   9.759e-07  p
net793                      1.80    0.006    0.500    0.1000   9.686e-07  a
net851                      1.80    0.006    0.500    0.1000   9.659e-07  a
net751                      1.80    0.006    0.489    0.1042   9.651e-07  p
net855                      1.80    0.006    0.500    0.1000   9.615e-07  a
net46                       1.80    0.026    0.979    0.0226   9.604e-07  p
net1085                     1.80    0.006    0.500    0.1000   9.601e-07  a
net834                      1.80    0.006    0.500    0.1000   9.581e-07  a
net390                      1.80    0.006    0.503    0.1008   9.573e-07  p
net796                      1.80    0.006    0.500    0.1000   9.550e-07  a
net1015                     1.80    0.034    0.016    0.0173   9.546e-07  p
net1086                     1.80    0.006    0.500    0.1000   9.498e-07  a
net849                      1.80    0.006    0.500    0.1000   9.475e-07  a
net801                      1.80    0.006    0.500    0.1000   9.458e-07  a
net909                      1.80    0.005    0.255    0.1049   9.334e-07  p
net785                      1.80    0.006    0.500    0.1000   9.326e-07  a
net843                      1.80    0.006    0.500    0.1000   9.261e-07  a
net848                      1.80    0.006    0.500    0.1000   9.253e-07  a
net853                      1.80    0.006    0.500    0.1000   9.239e-07  a
net836                      1.80    0.006    0.500    0.1000   9.233e-07  a
net639                      1.80    0.006    0.500    0.1000   9.166e-07  a
net839                      1.80    0.006    0.500    0.1000   9.099e-07  a
net409                      1.80    0.019    0.031    0.0287   9.026e-07  p
net827                      1.80    0.006    0.500    0.1000   8.971e-07  a
net784                      1.80    0.006    0.500    0.1000   8.958e-07  a
net808                      1.80    0.006    0.500    0.1000   8.937e-07  a
net841                      1.80    0.006    0.500    0.1000   8.936e-07  a
net860                      1.80    0.006    0.500    0.1000   8.932e-07  a
net788                      1.80    0.006    0.500    0.1000   8.923e-07  a
net859                      1.80    0.005    0.500    0.1000   8.896e-07  a
net630                      1.80    0.005    0.500    0.1000   8.824e-07  a
net63                       1.80    0.005    0.253    0.0991   8.813e-07  p
net833                      1.80    0.005    0.500    0.1000   8.761e-07  a
net729                      1.80    0.012    0.063    0.0456   8.747e-07  p
net759                      1.80    0.005    0.509    0.0993   8.709e-07  p
clknet_1_1__leaf_net562     1.80    0.010    0.266    0.0544   8.706e-07  p
net18                       1.80    0.018    0.032    0.0300   8.697e-07  p
net821                      1.80    0.005    0.500    0.1000   8.683e-07  a
net703                      1.80    0.012    0.064    0.0454   8.663e-07  p
net385                      1.80    0.004    0.344    0.1459   8.661e-07  p
net939                      1.80    0.004    0.213    0.1310   8.661e-07  p
net108                      1.80    0.031    0.016    0.0173   8.625e-07  p
net571                      1.80    0.005    0.500    0.1000   8.622e-07  a
net847                      1.80    0.005    0.500    0.1000   8.620e-07  a
net863                      1.80    0.005    0.500    0.1000   8.587e-07  a
net488                      1.80    0.005    0.473    0.1129   8.552e-07  p
net857                      1.80    0.005    0.500    0.1000   8.519e-07  a
net697                      1.80    0.011    0.065    0.0484   8.516e-07  p
net1078                     1.80    0.005    0.489    0.1042   8.512e-07  p
net866                      1.80    0.005    0.500    0.1000   8.500e-07  a
net43                       1.80    0.031    0.016    0.0168   8.450e-07  p
net850                      1.80    0.005    0.500    0.1000   8.436e-07  a
net72                       1.80    0.008    0.111    0.0688   8.417e-07  p
net755                      1.80    0.004    0.710    0.1266   8.405e-07  p
net657                      1.80    0.005    0.500    0.1000   8.395e-07  a
net1009                     1.80    0.011    0.064    0.0468   8.350e-07  p
net569                      1.80    0.005    0.500    0.1000   8.336e-07  a
net822                      1.80    0.005    0.500    0.1000   8.263e-07  a
net838                      1.80    0.005    0.500    0.1000   8.231e-07  a
net25                       1.80    0.011    0.063    0.0456   8.212e-07  p
net393                      1.80    0.005    0.248    0.0982   8.205e-07  p
net810                      1.80    0.005    0.500    0.1000   8.160e-07  a
net811                      1.80    0.005    0.500    0.1000   8.159e-07  a
net868                      1.80    0.005    0.500    0.1000   8.146e-07  a
net832                      1.80    0.005    0.500    0.1000   8.124e-07  a
net786                      1.80    0.005    0.500    0.1000   8.114e-07  a
net993                      1.80    0.030    0.016    0.0168   8.106e-07  p
net800                      1.80    0.005    0.500    0.1000   8.087e-07  a
net840                      1.80    0.005    0.500    0.1000   8.072e-07  a
net824                      1.80    0.005    0.500    0.1000   8.069e-07  a
net842                      1.80    0.005    0.500    0.1000   8.068e-07  a
net790                      1.80    0.005    0.500    0.1000   8.058e-07  a
net864                      1.80    0.005    0.500    0.1000   8.052e-07  a
net807                      1.80    0.005    0.500    0.1000   8.039e-07  a
net835                      1.80    0.005    0.500    0.1000   8.012e-07  a
net501                      1.80    0.004    0.347    0.1187   7.996e-07  p
net704                      1.80    0.005    0.241    0.0945   7.954e-07  p
net952                      1.80    0.005    0.509    0.0993   7.931e-07  p
net797                      1.80    0.005    0.500    0.1000   7.930e-07  a
net468                      1.80    0.017    0.033    0.0292   7.898e-07  p
net799                      1.80    0.005    0.500    0.1000   7.889e-07  a
net809                      1.80    0.005    0.500    0.1000   7.888e-07  a
net875                      1.80    0.005    0.500    0.1000   7.873e-07  a
net867                      1.80    0.005    0.500    0.1000   7.805e-07  a
net1000                     1.80    0.035    0.988    0.0138   7.801e-07  p
net787                      1.80    0.005    0.500    0.1000   7.779e-07  a
net820                      1.80    0.005    0.500    0.1000   7.751e-07  a
net19                       1.80    0.007    0.126    0.0720   7.732e-07  p
net804                      1.80    0.005    0.500    0.1000   7.712e-07  a
net816                      1.80    0.005    0.500    0.1000   7.710e-07  a
net382                      1.80    0.003    0.374    0.1485   7.675e-07  p
net856                      1.80    0.005    0.500    0.1000   7.661e-07  a
net817                      1.80    0.005    0.500    0.1000   7.657e-07  a
net781                      1.80    0.005    0.500    0.1000   7.646e-07  a
net944                      1.80    0.005    0.254    0.0981   7.641e-07  p
net508                      1.80    0.004    0.383    0.1303   7.623e-07  p
net1001                     1.80    0.028    0.017    0.0171   7.622e-07  p
net562                      1.80    0.009    0.266    0.0544   7.599e-07  p
net803                      1.80    0.005    0.500    0.1000   7.589e-07  a
net778                      1.80    0.005    0.500    0.1000   7.571e-07  a
net828                      1.80    0.005    0.500    0.1000   7.558e-07  a
net806                      1.80    0.005    0.500    0.1000   7.499e-07  a
net805                      1.80    0.005    0.500    0.1000   7.496e-07  a
net865                      1.80    0.005    0.500    0.1000   7.462e-07  a
net837                      1.80    0.005    0.500    0.1000   7.403e-07  a
net829                      1.80    0.005    0.500    0.1000   7.384e-07  a
net826                      1.80    0.005    0.500    0.1000   7.345e-07  a
net823                      1.80    0.005    0.500    0.1000   7.334e-07  a
net780                      1.80    0.005    0.500    0.1000   7.314e-07  a
net912                      1.80    0.003    0.188    0.1285   7.276e-07  p
net871                      1.80    0.004    0.500    0.1000   7.246e-07  a
net104                      1.80    0.004    0.258    0.0991   7.137e-07  p
net169                      1.80    0.022    0.019    0.0201   7.078e-07  p
net783                      1.80    0.004    0.500    0.1000   7.055e-07  a
net555                      1.80    0.010    0.081    0.0445   7.036e-07  p
net32                       1.80    0.009    0.939    0.0464   7.028e-07  p
net814                      1.80    0.004    0.500    0.1000   7.024e-07  a
net873                      1.80    0.004    0.500    0.1000   7.017e-07  a
net870                      1.80    0.004    0.500    0.1000   6.988e-07  a
net789                      1.80    0.004    0.500    0.1000   6.951e-07  a
net1080                     1.80    0.004    0.500    0.1000   6.929e-07  a
net635                      1.80    0.004    0.500    0.1000   6.898e-07  a
net306                      1.80    0.015    0.032    0.0287   6.894e-07  p
net825                      1.80    0.004    0.500    0.1000   6.879e-07  a
net2                        1.80    0.006    0.129    0.0728   6.837e-07  p
net854                      1.80    0.004    0.500    0.1000   6.830e-07  a
net818                      1.80    0.004    0.500    0.1000   6.828e-07  a
net852                      1.80    0.004    0.500    0.1000   6.826e-07  a
net794                      1.80    0.004    0.500    0.1000   6.781e-07  a
net920                      1.80    0.004    0.257    0.0970   6.643e-07  p
net777                      1.80    0.004    0.500    0.1000   6.641e-07  a
net35                       1.80    0.004    0.242    0.0961   6.587e-07  p
net300                      1.80    0.024    0.017    0.0171   6.564e-07  p
net813                      1.80    0.004    0.500    0.1000   6.561e-07  a
net492                      1.80    0.006    0.081    0.0634   6.519e-07  p
net831                      1.80    0.004    0.500    0.1000   6.493e-07  a
net795                      1.80    0.004    0.500    0.1000   6.482e-07  a
net68                       1.80    0.005    0.131    0.0730   6.472e-07  p
net512                      1.80    0.003    0.419    0.1269   6.453e-07  p
net792                      1.80    0.004    0.500    0.1000   6.325e-07  a
net3                        1.80    0.009    0.061    0.0455   6.322e-07  p
net791                      1.80    0.004    0.500    0.1000   6.243e-07  a
net701                      1.80    0.003    0.188    0.1285   6.222e-07  p
net723                      1.80    0.013    0.031    0.0292   6.214e-07  p
net662                      1.80    0.004    0.500    0.1000   6.172e-07  a
net484                      1.80    0.004    0.243    0.0948   6.134e-07  p
net798                      1.80    0.004    0.500    0.1000   6.128e-07  a
net700                      1.80    0.020    0.017    0.0185   6.061e-07  p
net760                      1.80    0.004    0.509    0.0993   6.008e-07  p
net287                      1.80    0.004    0.248    0.0968   5.986e-07  p
net91                       1.80    0.012    0.035    0.0300   5.977e-07  p
net617                      1.80    0.004    0.500    0.1000   5.940e-07  a
net815                      1.80    0.004    0.500    0.1000   5.884e-07  a
net736                      1.80    0.004    0.252    0.0974   5.864e-07  p
net874                      1.80    0.004    0.500    0.1000   5.803e-07  a
net0                        1.80    0.004    0.251    0.0981   5.794e-07  p
net551                      1.80    0.008    0.093    0.0470   5.777e-07  p
net520                      1.80    0.004    0.245    0.0989   5.707e-07  p
net215                      1.80    0.012    0.031    0.0296   5.667e-07  p
net22                       1.80    0.033    0.008    0.0104   5.486e-07  p
net507                      1.80    0.003    0.118    0.1303   5.472e-07  p
net44                       1.80    0.006    0.083    0.0605   5.423e-07  p
net619                      1.80    0.003    0.500    0.1000   5.419e-07  a
net984                      1.80    0.034    0.007    0.0098   5.377e-07  p
net504                      1.80    0.003    0.244    0.1013   5.237e-07  p
net193                      1.80    0.027    0.008    0.0117   5.132e-07  p
net199                      1.80    0.011    0.032    0.0287   5.050e-07  p
net981                      1.80    0.053    0.004    0.0059   5.044e-07  p
net588                      1.80    0.003    0.500    0.1000   5.009e-07  a
net910                      1.80    0.003    0.257    0.0981   4.953e-07  p
net279                      1.80    0.011    0.029    0.0280   4.892e-07  p
clknet_1_0__leaf_net562     1.80    0.006    0.266    0.0544   4.885e-07  p
net629                      1.80    0.003    0.500    0.1000   4.809e-07  a
net510                      1.80    0.002    0.348    0.1185   4.767e-07  p
net60                       1.80    0.018    0.015    0.0164   4.718e-07  p
net978                      1.80    0.049    0.004    0.0059   4.667e-07  p
net342                      1.80    0.003    0.509    0.0993   4.641e-07  p
net665                      1.80    0.022    0.989    0.0130   4.601e-07  p
net904                      1.80    0.004    0.127    0.0707   4.600e-07  p
net592                      1.80    0.003    0.500    0.1000   4.488e-07  a
net947                      1.80    0.003    0.252    0.0974   4.456e-07  p
net101                      1.80    0.015    0.017    0.0176   4.386e-07  p
net940                      1.80    0.006    0.063    0.0456   4.369e-07  p
net638                      1.80    0.003    0.500    0.1000   4.353e-07  a
net467                      1.80    0.003    0.499    0.0994   4.325e-07  p
net761                      1.80    0.003    0.509    0.0993   4.301e-07  p
net942                      1.80    0.004    0.123    0.0699   4.262e-07  p
net308                      1.80    0.015    0.016    0.0171   4.241e-07  p
net881                      1.80    0.002    0.284    0.1146   4.239e-07  p
net705                      1.80    0.007    0.037    0.0363   4.232e-07  p
net197                      1.80    0.003    0.099    0.0881   4.178e-07  p
net936                      1.80    0.002    0.809    0.1094   4.163e-07  p
net395                      1.80    0.003    0.759    0.0998   4.129e-07  p
net10                       1.80    0.009    0.031    0.0281   4.126e-07  p
net186                      1.80    0.002    0.236    0.1015   4.065e-07  p
net892                      1.80    0.002    0.496    0.1002   3.894e-07  p
net500                      1.80    0.004    0.054    0.0534   3.799e-07  p
net721                      1.80    0.003    0.127    0.0739   3.743e-07  p
net915                      1.80    0.002    0.241    0.0945   3.740e-07  p
net85                       1.80    0.016    0.986    0.0148   3.739e-07  p
net995                      1.80    0.037    0.004    0.0061   3.686e-07  p
net200                      1.80    0.056    0.003    0.0041   3.674e-07  p
net977                      1.80    0.039    0.004    0.0059   3.663e-07  p
net4                        1.80    0.002    0.242    0.0978   3.650e-07  p
net651                      1.80    0.002    0.500    0.1000   3.608e-07  a
net526                      1.80    0.002    0.143    0.0913   3.597e-07  p
net699                      1.80    0.002    0.257    0.0981   3.592e-07  p
net402                      1.80    0.008    0.034    0.0288   3.570e-07  p
net932                      1.80    0.003    0.127    0.0739   3.546e-07  p
net548                      1.80    0.003    0.843    0.0635   3.522e-07  p
net119                      1.80    0.037    0.004    0.0059   3.493e-07  p
net469                      1.80    0.003    0.876    0.0708   3.487e-07  p
net114                      1.80    0.007    0.033    0.0289   3.480e-07  p
net900                      1.80    0.003    0.126    0.0739   3.472e-07  p
net946                      1.80    0.003    0.124    0.0703   3.469e-07  p
net545                      1.80    0.012    0.191    0.0178   3.443e-07  p
net92                       1.80    0.011    0.017    0.0185   3.434e-07  p
net753                      1.80    0.002    0.489    0.1042   3.433e-07  p
net664                      1.80    0.002    0.500    0.1000   3.416e-07  a
net198                      1.80    0.012    0.017    0.0176   3.346e-07  p
net498                      1.80    0.004    0.069    0.0563   3.346e-07  p
out46                       1.80    0.001    0.499    0.1462   3.302e-07  p
out79                       1.80    0.001    0.370    0.1881   3.107e-07  p
net980                      1.80    0.032    0.004    0.0059   3.072e-07  p
net667                      1.80    0.003    0.070    0.0644   3.024e-07  p
net23                       1.80    0.004    0.064    0.0468   2.998e-07  p
net121                      1.80    0.030    0.004    0.0060   2.946e-07  p
net914                      1.80    0.004    0.064    0.0454   2.849e-07  p
net924                      1.80    0.002    0.128    0.0725   2.838e-07  p
net899                      1.80    0.004    0.938    0.0445   2.810e-07  p
net6                        1.80    0.002    0.124    0.0711   2.809e-07  p
net916                      1.80    0.005    0.037    0.0363   2.765e-07  p
net380                      1.80    0.003    0.087    0.0670   2.732e-07  p
net531                      1.80    0.004    0.030    0.0369   2.687e-07  p
net727                      1.80    0.015    0.009    0.0108   2.671e-07  p
net502                      1.80    0.005    0.959    0.0337   2.597e-07  p
net769                      1.80    0.027    0.004    0.0059   2.577e-07  p
out85                       1.80    0.001    0.213    0.1310   2.560e-07  p
net878                      1.80    0.002    0.070    0.0644   2.540e-07  p
net240                      1.80    0.005    0.031    0.0294   2.494e-07  p
net884                      1.80    0.002    0.121    0.0707   2.456e-07  p
net988                      1.80    0.040    0.003    0.0038   2.433e-07  p
net717                      1.80    0.009    0.014    0.0169   2.385e-07  p
net758                      1.80    0.003    0.939    0.0464   2.324e-07  p
net937                      1.80    0.003    0.061    0.0458   2.297e-07  p
net9                        1.80    0.005    0.027    0.0289   2.278e-07  p
out61                       1.80    0.001    0.257    0.0970   2.261e-07  p
net448                      1.80    0.002    0.843    0.0635   2.224e-07  p
net756                      1.80    0.003    0.939    0.0464   2.161e-07  p
net447                      1.80    0.002    0.157    0.0633   2.161e-07  p
net88                       1.80    0.007    0.017    0.0185   2.147e-07  p
net499                      1.80    0.003    0.060    0.0470   2.127e-07  p
net129                      1.80    0.013    0.007    0.0098   2.122e-07  p
out36                       1.80    0.001    0.492    0.1010   2.113e-07  p
out53                       1.80    0.001    0.188    0.1285   2.109e-07  p
net495                      1.80    0.005    0.945    0.0272   2.094e-07  p
net509                      1.80    0.004    0.034    0.0340   2.012e-07  p
net708                      1.80    0.009    0.011    0.0142   1.968e-07  p
net401                      1.80    0.002    0.058    0.0577   1.968e-07  p
net105                      1.80    0.037    0.002    0.0033   1.959e-07  p
net12                       1.80    0.004    0.031    0.0281   1.959e-07  p
net908                      1.80    0.002    0.065    0.0484   1.956e-07  p
net490                      1.80    0.016    0.986    0.0074   1.952e-07  p
net87                       1.80    0.002    0.065    0.0484   1.949e-07  p
net375                      1.80    0.006    0.019    0.0202   1.942e-07  p
net96                       1.80    0.011    0.009    0.0108   1.902e-07  p
net295                      1.80    0.002    0.040    0.0472   1.825e-07  p
net906                      1.80    0.004    0.030    0.0291   1.819e-07  p
out50                       1.80    0.001    0.255    0.1049   1.805e-07  p
net943                      1.80    0.002    0.064    0.0462   1.797e-07  p
net102                      1.80    0.011    0.008    0.0099   1.780e-07  p
net89                       1.80    0.006    0.017    0.0177   1.777e-07  p
net216                      1.80    0.034    0.002    0.0032   1.770e-07  p
net737                      1.80    0.033    0.003    0.0033   1.764e-07  p
net934                      1.80    0.004    0.031    0.0292   1.748e-07  p
net773                      1.80    0.006    0.227    0.0167   1.723e-07  p
net128                      1.80    0.017    0.005    0.0064   1.722e-07  p
net138                      1.80    0.007    0.012    0.0146   1.715e-07  p
net141                      1.80    0.002    0.067    0.0483   1.697e-07  p
out45                       1.80    0.001    0.127    0.0707   1.648e-07  p
net347                      1.80    0.015    0.005    0.0067   1.635e-07  p
net52                       1.80    0.014    0.004    0.0069   1.618e-07  p
net218                      1.80    0.006    0.016    0.0177   1.595e-07  p
out94                       1.80    0.001    0.252    0.0974   1.572e-07  p
net1084                     1.80    0.006    0.016    0.0168   1.567e-07  p
net911                      1.80    0.005    0.017    0.0185   1.562e-07  p
net45                       1.80    0.016    0.004    0.0059   1.538e-07  p
out3                        1.80    0.001    0.496    0.1002   1.536e-07  p
net90                       1.80    0.010    0.008    0.0097   1.498e-07  p
net299                      1.80    0.005    0.016    0.0178   1.481e-07  p
net877                      1.80    0.003    0.034    0.0289   1.472e-07  p
net893                      1.80    0.003    0.036    0.0330   1.457e-07  p
net1024                     1.80    0.032    0.003    0.0028   1.452e-07  p
net205                      1.80    0.026    0.002    0.0035   1.451e-07  p
net132                      1.80    0.015    0.004    0.0061   1.430e-07  p
out51                       1.80    0.001    0.257    0.0981   1.406e-07  p
net560                      1.80    0.005    0.227    0.0167   1.386e-07  p
out93                       1.80    0.001    0.124    0.0703   1.346e-07  p
out81                       1.80    0.001    0.471    0.1149   1.331e-07  p
net156                      1.80    0.015    0.004    0.0055   1.323e-07  p
net991                      1.80    0.021    0.002    0.0038   1.320e-07  p
net373                      1.80    0.006    0.990    0.0133   1.308e-07  p
net21                       1.80    0.003    0.033    0.0287   1.297e-07  p
out82                       1.80    0.001    0.809    0.1094   1.285e-07  p
net927                      1.80    0.003    0.495    0.0233   1.248e-07  p
net680                      1.80    0.029    0.002    0.0026   1.245e-07  p
net289                      1.80    0.014    0.004    0.0056   1.234e-07  p
net182                      1.80    0.011    0.005    0.0071   1.224e-07  p
out76                       1.80    0.001    0.127    0.0739   1.217e-07  p
out96                       1.80    0.001    0.248    0.0991   1.203e-07  p
net671                      1.80    0.020    0.003    0.0038   1.191e-07  p
net113                      1.80    0.047    0.001    0.0015   1.173e-07  p
out57                       1.80    0.001    0.241    0.0945   1.158e-07  p
net987                      1.80    0.066    0.001    0.0011   1.155e-07  p
net711                      1.80    0.019    0.002    0.0038   1.154e-07  p
net153                      1.80    0.004    0.017    0.0180   1.147e-07  p
out89                       1.80    0.001    0.123    0.0699   1.147e-07  p
out91                       1.80    0.001    0.254    0.0981   1.143e-07  p
out73                       1.80    0.001    0.254    0.0967   1.134e-07  p
net921                      1.80    0.004    0.018    0.0191   1.122e-07  p
net7                        1.80    0.002    0.031    0.0280   1.116e-07  p
net979                      1.80    0.012    0.004    0.0059   1.115e-07  p
out38                       1.80    0.002    0.938    0.0445   1.104e-07  p
net54                       1.80    0.016    0.002    0.0042   1.093e-07  p
net903                      1.80    0.002    0.029    0.0270   1.087e-07  p
net111                      1.80    0.022    0.002    0.0030   1.069e-07  p
net11                       1.80    0.002    0.031    0.0281   1.057e-07  p
net269                      1.80    0.025    0.998    0.0026   1.051e-07  p
net938                      1.80    0.006    0.009    0.0108   1.043e-07  p
net976                      1.80    0.011    0.004    0.0059   1.028e-07  p
out39                       1.80    0.001    0.126    0.0739   9.664e-08  p
out15                       1.80    0.001    0.284    0.1146   9.588e-08  p
net990                      1.80    0.054    0.001    0.0011   9.410e-08  p
net126                      1.80    0.015    0.003    0.0038   9.253e-08  p
net491                      1.80    0.004    0.989    0.0130   9.066e-08  p
net710                      1.80    0.003    0.018    0.0191   8.985e-08  p
net928                      1.80    0.003    0.014    0.0169   8.868e-08  p
out18                       1.80    0.001    0.121    0.0707   8.737e-08  p
out67                       1.80    0.001    0.128    0.0725   8.512e-08  p
net359                      1.80    0.011    0.997    0.0048   8.479e-08  p
net886                      1.80    0.003    0.014    0.0161   8.269e-08  p
net919                      1.80    0.004    0.011    0.0142   8.194e-08  p
net65                       1.80    0.005    0.008    0.0095   8.087e-08  p
net558                      1.80    0.010    0.055    0.0052   8.009e-08  p
net97                       1.80    0.002    0.028    0.0275   7.582e-08  p
net146                      1.80    0.010    0.003    0.0048   7.516e-08  p
net926                      1.80    0.003    0.015    0.0162   7.514e-08  p
net672                      1.80    0.055    0.001    0.0008   7.464e-08  p
out55                       1.80    0.001    0.064    0.0454   7.417e-08  p
net263                      1.80    0.017    0.002    0.0026   7.382e-08  p
net271                      1.80    0.006    0.006    0.0081   7.353e-08  p
out9                        1.80    0.001    0.064    0.0462   7.115e-08  p
net714                      1.80    0.015    0.003    0.0028   6.895e-08  p
net496                      1.80    0.010    0.003    0.0045   6.893e-08  p
net715                      1.80    0.003    0.015    0.0162   6.812e-08  p
net538                      1.80    0.003    0.010    0.0148   6.811e-08  p
net177                      1.80    0.015    0.003    0.0028   6.798e-08  p
net123                      1.80    0.012    0.002    0.0034   6.524e-08  p
net321                      1.80    0.004    0.006    0.0089   6.509e-08  p
out83                       1.80    0.001    0.061    0.0458   6.477e-08  p
net107                      1.80    0.013    0.002    0.0030   6.323e-08  p
net222                      1.80    0.012    0.002    0.0032   6.184e-08  p
net133                      1.80    0.017    0.001    0.0023   6.151e-08  p
out58                       1.80    0.001    0.037    0.0363   5.953e-08  p
out47                       1.80    0.001    0.030    0.0291   5.940e-08  p
net896                      1.80    0.002    0.988    0.0138   5.547e-08  p
net57                       1.80    0.040    0.001    0.0008   5.421e-08  p
net140                      1.80    0.008    0.002    0.0040   5.375e-08  p
out86                       1.80    0.001    0.063    0.0456   5.352e-08  p
net369                      1.80    0.008    0.003    0.0043   5.292e-08  p
net986                      1.80    0.030    0.001    0.0011   5.276e-08  p
net187                      1.80    0.002    0.017    0.0171   5.219e-08  p
net284                      1.80    0.009    0.002    0.0035   5.196e-08  p
out10                       1.80    0.000    0.070    0.0644   5.160e-08  p
out5                        1.80    0.001    0.065    0.0484   5.004e-08  p
out8                        1.80    0.001    0.031    0.0292   4.766e-08  p
net876                      1.80    0.002    0.989    0.0130   4.734e-08  p
net124                      1.80    0.014    0.001    0.0020   4.589e-08  p
net989                      1.80    0.026    0.001    0.0011   4.586e-08  p
net744                      1.80    0.005    0.004    0.0059   4.540e-08  p
out1                        1.80    0.001    0.034    0.0289   4.466e-08  p
net202                      1.80    0.037    0.000    0.0007   4.409e-08  p
net511                      1.80    0.001    0.907    0.0472   4.271e-08  pm
net745                      1.80    0.004    0.004    0.0059   4.238e-08  p
net528                      1.80    0.008    0.002    0.0032   4.190e-08  p
net66                       1.80    0.005    0.997    0.0046   4.089e-08  p
net552                      1.80    0.010    0.998    0.0026   4.074e-08  p
net172                      1.80    0.045    0.000    0.0006   4.038e-08  p
out30                       1.80    0.001    0.036    0.0330   4.031e-08  p
net125                      1.80    0.013    0.001    0.0019   4.004e-08  p
net260                      1.80    0.007    0.003    0.0037   3.999e-08  p
net195                      1.80    0.009    0.003    0.0028   3.896e-08  p
net696                      1.80    0.044    0.000    0.0005   3.745e-08  p
net557                      1.80    0.012    0.020    0.0019   3.739e-08  p
net968                      1.80    0.083    0.000    0.0003   3.738e-08  p
net474                      1.80    0.005    0.003    0.0045   3.648e-08  p
net118                      1.80    0.004    0.004    0.0059   3.608e-08  p
out7                        1.80    0.001    0.495    0.0233   3.568e-08  p
net62                       1.80    0.018    0.001    0.0012   3.519e-08  p
net318                      1.80    0.014    0.001    0.0016   3.514e-08  p
net231                      1.80    0.011    0.001    0.0020   3.480e-08  p
net489                      1.80    0.003    0.014    0.0074   3.457e-08  p
net674                      1.80    0.047    0.000    0.0005   3.417e-08  p
net319                      1.80    0.014    0.001    0.0014   3.266e-08  p
net770                      1.80    0.003    0.004    0.0059   3.205e-08  p
net1073                     1.80    0.003    0.004    0.0059   3.134e-08  p
net64                       1.80    0.023    0.001    0.0008   3.096e-08  p
net115                      1.80    0.054    0.000    0.0003   3.073e-08  p
out52                       1.80    0.001    0.017    0.0185   3.041e-08  p
net176                      1.80    0.007    0.003    0.0028   3.036e-08  p
net322                      1.80    0.012    0.001    0.0015   2.935e-08  p
net996                      1.80    0.021    0.001    0.0008   2.885e-08  p
net226                      1.80    0.036    1.000    0.0005   2.839e-08  p
net958                      1.80    0.055    0.000    0.0003   2.822e-08  p
net676                      1.80    0.055    0.000    0.0003   2.782e-08  p
out71                       1.80    0.001    0.014    0.0169   2.777e-08  p
out42                       1.80    0.001    0.029    0.0270   2.762e-08  p
net142                      1.80    0.004    0.002    0.0040   2.664e-08  p
net340                      1.80    0.052    0.000    0.0003   2.661e-08  p
net961                      1.80    0.059    0.000    0.0003   2.660e-08  p
net246                      1.80    0.020    0.001    0.0008   2.657e-08  p
net556                      1.80    0.007    0.971    0.0024   2.649e-08  p
out62                       1.80    0.001    0.018    0.0191   2.543e-08  p
net985                      1.80    0.044    0.000    0.0003   2.504e-08  p
out2                        1.80    0.001    0.014    0.0161   2.470e-08  p
out60                       1.80    0.001    0.011    0.0142   2.334e-08  p
out69                       1.80    0.001    0.015    0.0162   2.324e-08  p
net270                      1.80    0.008    0.001    0.0016   2.253e-08  p
net982                      1.80    0.039    0.000    0.0003   2.179e-08  p
net953                      1.80    0.043    0.000    0.0003   2.175e-08  p
net970                      1.80    0.027    1.000    0.0005   2.103e-08  p
net691                      1.80    0.011    0.001    0.0012   2.077e-08  p
net925                      1.80    0.005    0.003    0.0028   2.037e-08  p
net686                      1.80    0.036    0.000    0.0003   2.025e-08  p
net702                      1.80    0.035    0.000    0.0003   2.004e-08  p
net224                      1.80    0.039    0.000    0.0003   1.992e-08  p
net221                      1.80    0.035    0.000    0.0003   1.986e-08  p
net266                      1.80    0.039    0.000    0.0003   1.967e-08  p
net954                      1.80    0.037    0.000    0.0003   1.898e-08  p
net882                      1.80    0.003    0.003    0.0038   1.842e-08  p
net210                      1.80    0.040    0.000    0.0003   1.817e-08  p
net276                      1.80    0.015    0.000    0.0007   1.800e-08  p
out84                       1.80    0.001    0.009    0.0108   1.786e-08  p
net945                      1.80    0.016    0.000    0.0007   1.781e-08  p
net922                      1.80    0.003    0.002    0.0038   1.751e-08  p
out34                       1.80    0.001    0.988    0.0138   1.745e-08  p
net134                      1.80    0.024    0.000    0.0005   1.730e-08  p
net136                      1.80    0.034    0.000    0.0003   1.720e-08  p
net963                      1.80    0.034    0.000    0.0003   1.704e-08  p
net272                      1.80    0.004    0.998    0.0026   1.648e-08  p
net376                      1.80    0.002    0.026    0.0049   1.645e-08  p
net204                      1.80    0.036    0.000    0.0003   1.633e-08  p
net948                      1.80    0.003    0.003    0.0033   1.598e-08  p
net505                      1.80    0.007    0.003    0.0014   1.573e-08  p
net734                      1.80    0.014    0.000    0.0007   1.561e-08  p
net116                      1.80    0.028    0.000    0.0003   1.556e-08  p
net983                      1.80    0.034    0.000    0.0003   1.538e-08  p
net669                      1.80    0.030    0.000    0.0003   1.536e-08  p
net310                      1.80    0.033    0.000    0.0003   1.507e-08  p
net147                      1.80    0.027    0.000    0.0003   1.505e-08  p
net84                       1.80    0.033    0.000    0.0003   1.501e-08  p
net482                      1.80    0.005    0.993    0.0019   1.493e-08  p
net243                      1.80    0.006    0.001    0.0016   1.475e-08  p
net679                      1.80    0.029    0.000    0.0003   1.461e-08  p
net160                      1.80    0.005    0.001    0.0016   1.415e-08  p
net109                      1.80    0.011    0.000    0.0008   1.399e-08  p
net969                      1.80    0.031    0.000    0.0003   1.385e-08  p
net388                      1.80    0.004    0.981    0.0020   1.381e-08  p
net253                      1.80    0.005    0.001    0.0017   1.376e-08  p
net317                      1.80    0.027    0.000    0.0003   1.371e-08  p
net768                      1.80    0.002    0.997    0.0046   1.371e-08  p
net749                      1.80    0.024    1.000    0.0003   1.358e-08  p
net82                       1.80    0.020    0.000    0.0004   1.348e-08  p
net962                      1.80    0.030    0.000    0.0003   1.344e-08  p
net285                      1.80    0.026    0.000    0.0003   1.344e-08  p
net411                      1.80    0.030    0.000    0.0003   1.339e-08  p
net547                      1.80    0.030    1.000    0.0003   1.334e-08  p
net61                       1.80    0.029    0.000    0.0003   1.325e-08  p
net296                      1.80    0.029    0.000    0.0003   1.314e-08  p
net290                      1.80    0.028    0.000    0.0003   1.287e-08  p
net254                      1.80    0.018    0.000    0.0005   1.287e-08  p
net154                      1.80    0.009    0.000    0.0008   1.225e-08  p
net257                      1.80    0.027    0.000    0.0003   1.221e-08  p
net677                      1.80    0.027    0.000    0.0003   1.211e-08  p
net974                      1.80    0.021    0.000    0.0003   1.204e-08  p
net232                      1.80    0.024    0.000    0.0003   1.202e-08  p
net49                       1.80    0.011    0.000    0.0007   1.195e-08  p
net331                      1.80    0.026    0.000    0.0003   1.180e-08  p
net305                      1.80    0.026    0.000    0.0003   1.174e-08  p
net774                      1.80    0.003    0.003    0.0028   1.153e-08  p
out0                        1.80    0.001    0.989    0.0130   1.144e-08  p
net960                      1.80    0.025    0.000    0.0003   1.134e-08  p
net975                      1.80    0.025    0.000    0.0003   1.127e-08  p
net294                      1.80    0.003    0.002    0.0023   1.119e-08  p
net131                      1.80    0.005    0.999    0.0015   1.115e-08  p
net127                      1.80    0.015    0.000    0.0005   1.108e-08  p
net902                      1.80    0.006    0.001    0.0012   1.105e-08  p
net438                      1.80    0.022    0.000    0.0003   1.100e-08  p
net355                      1.80    0.024    0.000    0.0003   1.098e-08  p
net144                      1.80    0.014    0.000    0.0005   1.098e-08  p
net255                      1.80    0.021    0.000    0.0003   1.077e-08  p
net354                      1.80    0.007    0.001    0.0009   1.071e-08  p
net720                      1.80    0.024    0.000    0.0003   1.070e-08  p
net155                      1.80    0.024    0.000    0.0003   1.063e-08  p
net328                      1.80    0.012    0.000    0.0005   1.044e-08  p
net335                      1.80    0.020    0.000    0.0003   1.032e-08  p
net973                      1.80    0.018    0.000    0.0003   1.026e-08  p
net326                      1.80    0.006    0.001    0.0010   9.962e-09  p
net452                      1.80    0.019    0.000    0.0003   9.914e-09  p
net516                      1.80    0.007    0.000    0.0008   9.677e-09  p
net219                      1.80    0.012    1.000    0.0005   9.660e-09  p
net334                      1.80    0.021    0.000    0.0003   9.657e-09  p
net298                      1.80    0.019    0.000    0.0003   9.615e-09  p
net891                      1.80    0.002    0.002    0.0026   9.587e-09  p
net542                      1.80    0.021    1.000    0.0003   9.584e-09  p
net923                      1.80    0.003    0.002    0.0021   9.363e-09  p
net566                      1.80    0.003    0.993    0.0019   9.232e-09  p
net442                      1.80    0.018    0.000    0.0003   9.112e-09  p
net386                      1.80    0.008    1.000    0.0007   9.009e-09  p
net112                      1.80    0.005    0.001    0.0011   8.861e-09  p
net567                      1.80    0.003    0.004    0.0016   8.799e-09  p
net718                      1.80    0.012    0.000    0.0005   8.700e-09  p
net457                      1.80    0.017    0.000    0.0003   8.564e-09  p
net150                      1.80    0.017    0.000    0.0003   8.443e-09  p
net261                      1.80    0.002    0.998    0.0026   8.341e-09  p
net74                       1.80    0.018    0.000    0.0003   8.333e-09  p
net59                       1.80    0.014    1.000    0.0003   8.170e-09  p
net293                      1.80    0.002    0.003    0.0028   8.120e-09  p
net712                      1.80    0.002    0.002    0.0021   8.094e-09  p
net325                      1.80    0.016    0.000    0.0003   8.029e-09  p
net378                      1.80    0.003    0.004    0.0016   7.952e-09  p
net316                      1.80    0.017    0.000    0.0003   7.891e-09  p
net427                      1.80    0.015    0.000    0.0003   7.639e-09  p
net765                      1.80    0.015    0.000    0.0003   7.612e-09  p
net252                      1.80    0.017    0.000    0.0003   7.608e-09  p
net312                      1.80    0.016    0.000    0.0003   7.406e-09  p
net455                      1.80    0.014    0.000    0.0003   7.318e-09  p
net168                      1.80    0.016    0.000    0.0003   7.287e-09  p
net217                      1.80    0.016    0.000    0.0003   7.235e-09  p
net307                      1.80    0.016    0.000    0.0003   7.107e-09  p
net47                       1.80    0.006    0.000    0.0007   7.071e-09  p
net297                      1.80    0.014    0.000    0.0003   7.057e-09  p
net56                       1.80    0.015    0.000    0.0003   6.985e-09  p
net145                      1.80    0.002    0.001    0.0022   6.935e-09  p
net227                      1.80    0.015    0.000    0.0003   6.818e-09  p
net967                      1.80    0.015    0.000    0.0003   6.705e-09  p
net135                      1.80    0.013    0.000    0.0003   6.661e-09  p
net458                      1.80    0.013    0.000    0.0003   6.616e-09  p
net159                      1.80    0.006    0.000    0.0007   6.557e-09  p
net178                      1.80    0.008    0.000    0.0005   6.479e-09  p
net518                      1.80    0.005    1.000    0.0008   6.381e-09  p
net244                      1.80    0.014    0.000    0.0003   6.377e-09  p
net368                      1.80    0.014    0.000    0.0003   6.339e-09  p
net110                      1.80    0.004    0.001    0.0011   6.295e-09  p
net233                      1.80    0.012    0.000    0.0003   6.294e-09  p
out63                       1.80    0.001    0.002    0.0038   6.214e-09  p
net706                      1.80    0.012    0.000    0.0003   6.124e-09  p
net690                      1.80    0.013    0.000    0.0003   6.002e-09  p
net763                      1.80    0.012    0.000    0.0003   5.981e-09  p
net315                      1.80    0.013    0.000    0.0003   5.934e-09  p
out16                       1.80    0.001    0.003    0.0038   5.855e-09  p
net407                      1.80    0.013    0.000    0.0003   5.849e-09  p
net365                      1.80    0.011    0.000    0.0003   5.846e-09  p
net163                      1.80    0.013    0.000    0.0003   5.803e-09  p
net437                      1.80    0.011    0.000    0.0003   5.718e-09  p
net228                      1.80    0.013    0.000    0.0003   5.705e-09  p
clknet_0_net561             1.80    0.017    0.001    0.0002   5.690e-09  p
net1074                     1.80    0.010    1.000    0.0003   5.627e-09  p
net236                      1.80    0.011    0.000    0.0003   5.623e-09  p
net444                      1.80    0.011    0.000    0.0003   5.610e-09  p
net959                      1.80    0.012    0.000    0.0003   5.571e-09  p
net344                      1.80    0.011    0.000    0.0003   5.532e-09  p
net165                      1.80    0.010    0.000    0.0003   5.493e-09  p
net337                      1.80    0.012    0.000    0.0003   5.492e-09  p
net302                      1.80    0.011    0.000    0.0003   5.490e-09  p
net527                      1.80    0.012    0.000    0.0003   5.441e-09  p
net76                       1.80    0.011    0.000    0.0003   5.426e-09  p
net201                      1.80    0.012    0.000    0.0003   5.402e-09  p
net214                      1.80    0.012    0.000    0.0003   5.392e-09  p
out95                       1.80    0.001    0.003    0.0033   5.380e-09  p
net415                      1.80    0.012    0.000    0.0003   5.373e-09  p
net239                      1.80    0.012    0.000    0.0003   5.347e-09  p
net175                      1.80    0.011    0.000    0.0003   5.145e-09  p
net546                      1.80    0.011    0.999    0.0003   5.123e-09  p
net332                      1.80    0.011    0.000    0.0003   5.085e-09  p
net152                      1.80    0.006    0.000    0.0005   5.068e-09  p
net494                      1.80    0.011    0.000    0.0003   5.063e-09  p
net741                      1.80    0.011    0.000    0.0003   4.960e-09  p
net414                      1.80    0.011    0.000    0.0003   4.891e-09  p
net517                      1.80    0.010    0.000    0.0003   4.861e-09  p
net750                      1.80    0.009    1.000    0.0003   4.834e-09  p
net330                      1.80    0.011    0.000    0.0003   4.811e-09  p
net73                       1.80    0.008    0.000    0.0003   4.793e-09  p
net303                      1.80    0.009    0.000    0.0003   4.760e-09  p
net203                      1.80    0.004    0.000    0.0007   4.709e-09  p
net417                      1.80    0.010    0.000    0.0003   4.682e-09  p
net684                      1.80    0.010    0.000    0.0003   4.619e-09  p
out68                       1.80    0.001    0.003    0.0028   4.616e-09  p
net248                      1.80    0.003    0.001    0.0010   4.507e-09  p
net406                      1.80    0.010    0.000    0.0003   4.502e-09  p
net352                      1.80    0.009    0.000    0.0003   4.475e-09  p
net895                      1.80    0.010    0.000    0.0003   4.402e-09  p
net413                      1.80    0.010    0.000    0.0003   4.389e-09  p
net762                      1.80    0.009    0.000    0.0003   4.346e-09  p
net324                      1.80    0.010    0.000    0.0003   4.309e-09  p
net362                      1.80    0.008    0.000    0.0003   4.301e-09  p
net463                      1.80    0.003    0.000    0.0010   4.263e-09  p
net83                       1.80    0.009    0.000    0.0003   4.222e-09  p
net313                      1.80    0.009    0.000    0.0003   4.208e-09  p
net471                      1.80    0.009    1.000    0.0003   4.150e-09  p
net739                      1.80    0.012    1.000    0.0002   4.078e-09  p
net301                      1.80    0.009    0.000    0.0003   4.074e-09  p
net251                      1.80    0.008    0.000    0.0003   4.055e-09  p
net532                      1.80    0.004    0.991    0.0006   3.980e-09  p
net764                      1.80    0.008    0.000    0.0003   3.968e-09  p
net350                      1.80    0.008    0.000    0.0003   3.962e-09  p
net432                      1.80    0.008    0.000    0.0003   3.947e-09  p
net404                      1.80    0.009    0.000    0.0003   3.923e-09  p
net339                      1.80    0.009    0.000    0.0003   3.923e-09  p
net544                      1.80    0.008    1.000    0.0003   3.831e-09  p
net213                      1.80    0.008    0.000    0.0003   3.776e-09  p
net304                      1.80    0.008    0.000    0.0003   3.760e-09  p
net149                      1.80    0.008    0.000    0.0003   3.682e-09  p
net208                      1.80    0.008    0.000    0.0003   3.630e-09  p
net238                      1.80    0.008    0.000    0.0003   3.615e-09  p
net211                      1.80    0.007    0.000    0.0003   3.602e-09  p
net931                      1.80    0.008    0.000    0.0003   3.586e-09  p
net1083                     1.80    0.007    0.000    0.0003   3.569e-09  p
net69                       1.80    0.006    0.000    0.0003   3.467e-09  p
net370                      1.80    0.008    1.000    0.0003   3.460e-09  p
net464                      1.80    0.008    1.000    0.0003   3.452e-09  p
net883                      1.80    0.003    0.001    0.0008   3.449e-09  p
net410                      1.80    0.007    0.000    0.0003   3.443e-09  p
net79                       1.80    0.007    0.000    0.0003   3.438e-09  p
net396                      1.80    0.003    0.999    0.0006   3.430e-09  p
net913                      1.80    0.006    0.000    0.0003   3.425e-09  p
net278                      1.80    0.008    0.000    0.0003   3.392e-09  p
net249                      1.80    0.007    0.000    0.0003   3.378e-09  p
net250                      1.80    0.005    0.000    0.0005   3.372e-09  p
net346                      1.80    0.006    0.000    0.0003   3.360e-09  p
net235                      1.80    0.007    0.000    0.0003   3.315e-09  p
net389                      1.80    0.003    0.999    0.0006   3.315e-09  p
net320                      1.80    0.007    0.000    0.0003   3.313e-09  p
net529                      1.80    0.007    1.000    0.0003   3.296e-09  p
net449                      1.80    0.006    0.000    0.0003   3.238e-09  p
net481                      1.80    0.006    1.000    0.0003   3.200e-09  p
net311                      1.80    0.007    0.000    0.0003   3.192e-09  p
net237                      1.80    0.006    0.000    0.0003   3.111e-09  p
net422                      1.80    0.007    0.000    0.0003   3.094e-09  p
net55                       1.80    0.006    0.000    0.0003   3.080e-09  p
net314                      1.80    0.007    0.000    0.0003   3.073e-09  p
net894                      1.80    0.007    0.997    0.0003   3.067e-09  p
net403                      1.80    0.007    0.000    0.0003   3.043e-09  p
net476                      1.80    0.018    1.000    0.0001   3.041e-09  p
net416                      1.80    0.006    0.000    0.0003   3.017e-09  p
out65                       1.80    0.001    0.002    0.0021   2.983e-09  p
net929                      1.80    0.004    0.000    0.0005   2.976e-09  p
net1076                     1.80    0.006    0.000    0.0003   2.965e-09  p
net367                      1.80    0.007    0.000    0.0003   2.955e-09  p
net443                      1.80    0.006    0.000    0.0003   2.944e-09  p
net78                       1.80    0.006    0.000    0.0003   2.918e-09  p
clknet_1_0__leaf_net561     1.80    0.009    0.001    0.0002   2.904e-09  p
net561                      1.80    0.009    0.001    0.0002   2.882e-09  p
net433                      1.80    0.006    0.000    0.0003   2.874e-09  p
net338                      1.80    0.006    0.000    0.0003   2.854e-09  p
net234                      1.80    0.006    0.000    0.0003   2.824e-09  p
net185                      1.80    0.005    0.000    0.0003   2.813e-09  p
net166                      1.80    0.006    0.000    0.0003   2.813e-09  p
net431                      1.80    0.005    0.000    0.0003   2.735e-09  p
net907                      1.80    0.003    0.000    0.0005   2.734e-09  p
net75                       1.80    0.006    0.000    0.0003   2.671e-09  p
net148                      1.80    0.006    0.000    0.0003   2.670e-09  p
net196                      1.80    0.005    0.000    0.0003   2.661e-09  p
net292                      1.80    0.002    0.001    0.0007   2.621e-09  p
net412                      1.80    0.006    0.000    0.0003   2.600e-09  p
net229                      1.80    0.006    0.000    0.0003   2.575e-09  p
net1075                     1.80    0.004    1.000    0.0003   2.534e-09  p
net941                      1.80    0.004    0.000    0.0004   2.509e-09  p
out28                       1.80    0.001    0.002    0.0026   2.508e-09  p
net191                      1.80    0.006    0.000    0.0003   2.498e-09  p
net480                      1.80    0.005    0.000    0.0003   2.478e-09  p
net327                      1.80    0.005    0.000    0.0003   2.464e-09  p
net329                      1.80    0.005    0.000    0.0003   2.452e-09  p
net408                      1.80    0.005    0.000    0.0003   2.430e-09  p
net678                      1.80    0.005    0.000    0.0003   2.393e-09  p
clknet_1_1__leaf_net561     1.80    0.007    0.001    0.0002   2.380e-09  p
net171                      1.80    0.005    0.000    0.0003   2.302e-09  p
net336                      1.80    0.005    0.000    0.0003   2.271e-09  p
net554                      1.80    0.002    0.997    0.0006   2.237e-09  p
net880                      1.80    0.004    0.000    0.0003   2.212e-09  p
net503                      1.80    0.005    1.000    0.0003   2.187e-09  p
net70                       1.80    0.005    0.000    0.0003   2.103e-09  p
net885                      1.80    0.003    0.000    0.0005   2.085e-09  p
net523                      1.80    0.004    0.000    0.0003   2.078e-09  p
net383                      1.80    0.004    0.000    0.0003   2.062e-09  p
net161                      1.80    0.005    0.000    0.0003   2.038e-09  p
net418                      1.80    0.005    0.000    0.0003   2.038e-09  p
net454                      1.80    0.012    1.000    0.0001   2.021e-09  p
net730                      1.80    0.003    0.000    0.0004   1.979e-09  p
net466                      1.80    0.004    1.000    0.0003   1.947e-09  p
out40                       1.80    0.001    0.001    0.0012   1.892e-09  p
net536                      1.80    0.004    0.000    0.0003   1.853e-09  p
net537                      1.80    0.004    0.000    0.0003   1.831e-09  p
net453                      1.80    0.004    1.000    0.0003   1.829e-09  p
net740                      1.80    0.004    0.000    0.0003   1.789e-09  p
net889                      1.80    0.004    0.000    0.0003   1.788e-09  p
net174                      1.80    0.004    0.000    0.0003   1.745e-09  p
net553                      1.80    0.003    0.000    0.0003   1.742e-09  p
net525                      1.80    0.004    1.000    0.0003   1.686e-09  p
net441                      1.80    0.029    1.000    0.35e-4  1.611e-09  p
net446                      1.80    0.003    0.000    0.0003   1.610e-09  p
net360                      1.80    0.003    1.000    0.0003   1.552e-09  p
net358                      1.80    0.003    0.000    0.0003   1.542e-09  p
net371                      1.80    0.003    0.000    0.0003   1.532e-09  p
net361                      1.80    0.003    0.000    0.0003   1.522e-09  p
net950                      1.80    0.004    1.000    0.0002   1.485e-09  p
net181                      1.80    0.003    0.000    0.0003   1.449e-09  p
net917                      1.80    0.003    0.000    0.0003   1.448e-09  p
net405                      1.80    0.003    0.000    0.0003   1.436e-09  p
net683                      1.80    0.003    0.997    0.0003   1.429e-09  p
net477                      1.80    0.003    0.000    0.0003   1.429e-09  p
net426                      1.80    0.003    0.000    0.0003   1.425e-09  p
net428                      1.80    0.003    1.000    0.0003   1.401e-09  p
net93                       1.80    0.003    0.000    0.0003   1.393e-09  p
net897                      1.80    0.002    0.000    0.0003   1.392e-09  p
net363                      1.80    0.003    0.000    0.0003   1.386e-09  p
net167                      1.80    0.003    0.000    0.0003   1.369e-09  p
net901                      1.80    0.003    0.000    0.0003   1.368e-09  p
net460                      1.80    0.024    0.000    0.35e-4  1.345e-09  p
net430                      1.80    0.003    0.000    0.0003   1.292e-09  p
net888                      1.80    0.003    0.000    0.0003   1.286e-09  p
net343                      1.80    0.002    0.000    0.0003   1.269e-09  p
net245                      1.80    0.007    1.000    0.0001   1.269e-09  p
net707                      1.80    0.003    0.000    0.0003   1.254e-09  p
net887                      1.80    0.002    0.000    0.0003   1.254e-09  p
net1081                     1.80    0.002    0.000    0.0003   1.252e-09  p
net436                      1.80    0.002    0.000    0.0003   1.250e-09  p
net267                      1.80    0.002    0.000    0.0005   1.223e-09  p
net419                      1.80    0.003    1.000    0.0003   1.222e-09  p
net277                      1.80    0.003    0.000    0.0003   1.202e-09  p
net423                      1.80    0.003    1.000    0.0003   1.193e-09  p
net461                      1.80    0.002    0.000    0.0003   1.191e-09  p
net522                      1.80    0.003    0.000    0.0003   1.182e-09  p
net890                      1.80    0.002    0.000    0.0003   1.169e-09  p
net242                      1.80    0.003    0.000    0.0003   1.163e-09  p
net564                      1.80    0.003    0.997    0.0003   1.160e-09  p
net258                      1.80    0.002    0.000    0.0003   1.159e-09  p
net515                      1.80    0.003    0.000    0.0003   1.152e-09  p
net348                      1.80    0.003    0.000    0.0003   1.149e-09  p
net157                      1.80    0.002    0.000    0.0003   1.125e-09  p
net424                      1.80    0.002    1.000    0.0003   1.123e-09  p
net190                      1.80    0.002    0.000    0.0003   1.111e-09  p
net754                      1.80    0.002    1.000    0.0003   1.070e-09  p
net918                      1.80    0.002    0.000    0.0003   1.054e-09  p
net180                      1.80    0.002    0.000    0.0003   1.032e-09  p
net192                      1.80    0.002    0.000    0.0003   1.031e-09  p
net333                      1.80    0.002    0.000    0.0003   1.007e-09  p
net357                      1.80    0.002    0.000    0.0003   1.003e-09  p
net194                      1.80    0.002    0.000    0.0003   1.001e-09  p
net77                       1.80    0.002    0.000    0.0003   9.903e-10  p
net766                      1.80    0.002    0.000    0.0003   9.841e-10  p
net265                      1.80    0.002    0.000    0.0003   9.546e-10  p
net451                      1.80    0.002    0.000    0.0003   9.466e-10  p
net281                      1.80    0.002    0.000    0.0003   9.441e-10  p
net372                      1.80    0.002    0.000    0.0003   9.361e-10  p
out54                       1.80    0.002    0.000    0.0003   8.573e-10  p
net377                      1.80    0.002    1.000    0.0003   8.388e-10  p
net366                      1.80    0.002    1.000    0.0003   8.344e-10  p
out20                       1.80    0.002    0.000    0.0003   8.123e-10  p
out17                       1.80    0.001    0.001    0.0008   7.547e-10  p
out72                       1.80    0.001    0.000    0.0005   7.411e-10  p
out49                       1.80    0.001    0.000    0.0005   7.393e-10  p
out92                       1.80    0.001    0.000    0.0007   7.308e-10  p
net241                      1.80    0.002    0.000    0.0003   7.176e-10  p
net387                      1.80    0.003    1.000    0.0001   7.174e-10  p
out22                       1.80    0.001    0.000    0.0003   7.023e-10  p
out19                       1.80    0.001    0.000    0.0005   6.468e-10  p
out88                       1.80    0.001    0.000    0.0004   5.158e-10  p
out13                       1.80    0.001    0.000    0.0003   5.131e-10  p
out59                       1.80    0.001    0.000    0.0003   5.131e-10  p
out26                       1.80    0.001    0.000    0.0003   4.903e-10  p
out98                       1.80    0.001    1.000    0.0002   4.884e-10  p
out33                       1.80    0.001    0.000    0.0003   4.800e-10  p
out75                       1.80    0.001    0.000    0.0003   4.533e-10  p
out32                       1.80    0.001    0.997    0.0003   4.351e-10  p
out4                        1.80    0.001    0.000    0.0003   4.297e-10  p
out21                       1.80    0.001    0.000    0.0003   4.297e-10  p
out35                       1.80    0.001    0.000    0.0003   3.580e-10  p
out6                        1.80    0.001    0.000    0.0003   2.281e-10  p
net286                      1.80    0.003    0.000    0.35e-4  1.590e-10  p
net565                      1.80    0.002    0.000    0.35e-4  1.369e-10  p
net20                       1.80    0.004    1.000    0.0000      0.0000  p
net67                       1.80    0.006    1.000    0.0000      0.0000  p
net220                      1.80    0.018    1.000    0.0000      0.0000  p
net223                      1.80    0.030    1.000    0.0000      0.0000  p
net273                      1.80    0.002    0.000    0.0000      0.0000  p
net274                      1.80    0.002    0.000    0.0000      0.0000  p
net275                      1.80    0.023    0.000    0.0000      0.0000  p
net282                      1.80    0.005    0.000    0.0000      0.0000  p
net291                      1.80    0.003    0.000    0.0000      0.0000  p
net341                      1.80    0.012    1.000    0.0000      0.0000  p
net345                      1.80    0.002    0.000    0.0000      0.0000  p
net374                      1.80    0.007    0.000    0.0000      0.0000  p
net379                      1.80    0.017    0.000    0.0000      0.0000  p
net384                      1.80    0.004    1.000    0.0000      0.0000  p
net392                      1.80    0.020    0.000    0.0000      0.0000  p
net400                      1.80    0.002    0.000    0.0000      0.0000  p
net420                      1.80    0.016    1.000    0.0000      0.0000  p
net421                      1.80    0.004    1.000    0.0000      0.0000  p
net425                      1.80    0.010    0.000    0.0000      0.0000  p
net429                      1.80    0.002    0.000    0.0000      0.0000  p
net434                      1.80    0.010    0.000    0.0000      0.0000  p
net435                      1.80    0.002    0.000    0.0000      0.0000  p
net439                      1.80    0.012    1.000    0.0000      0.0000  p
net440                      1.80    0.003    0.000    0.0000      0.0000  p
net445                      1.80    0.019    1.000    0.0000      0.0000  p
net456                      1.80    0.013    0.000    0.0000      0.0000  p
net459                      1.80    0.003    0.000    0.0000      0.0000  p
net462                      1.80    0.021    0.000    0.0000      0.0000  p
net465                      1.80    0.005    1.000    0.0000      0.0000  p
net470                      1.80    0.011    1.000    0.0000      0.0000  p
net472                      1.80    0.003    0.000    0.0000      0.0000  p
net473                      1.80    0.004    1.000    0.0000      0.0000  p
net475                      1.80    0.016    1.000    0.0000      0.0000  p
net478                      1.80    0.002    1.000    0.0000      0.0000  p
net479                      1.80    0.007    1.000    0.0000      0.0000  p
net483                      1.80    0.006    1.000    0.0000      0.0000  p
net485                      1.80    0.002    1.000    0.0000      0.0000  p
net486                      1.80    0.004    1.000    0.0000      0.0000  p
net487                      1.80    0.002    1.000    0.0000      0.0000  p
net513                      1.80    0.006    1.000    0.0000      0.0000  p
net514                      1.80    0.002    1.000    0.0000      0.0000  p
net524                      1.80    0.004    0.000    0.0000      0.0000  p
net530                      1.80    0.005    0.000    0.0000      0.0000  p
net533                      1.80    0.015    0.000    0.0000      0.0000  p
net535                      1.80    0.016    0.000    0.0000      0.0000  p
net539                      1.80    0.002    0.000    0.0000      0.0000  p
net540                      1.80    0.031    0.000    0.0000      0.0000  pm
net541                      1.80    0.031    0.000    0.0000      0.0000  p
net543                      1.80    0.017    0.000    0.0000      0.0000  p
net559                      1.80    0.003    0.000    0.0000      0.0000  p
net668                      1.80    0.041    0.000    0.0000      0.0000  p
net772                      1.80    0.002    0.000    0.0000      0.0000  p
net775                      1.80    0.004    0.000    0.0000      0.0000  p
net776                      1.80    0.006    0.000    0.0000      0.0000  p
net879                      1.80    0.003    0.000    0.0000      0.0000  p
net1013                     1.80    0.019    1.000    0.0000      0.0000  p
net1014                     1.80    0.051    1.000    0.0000      0.0000  p
net1022                     1.80    0.031    0.000    0.0000      0.0000  p
net1023                     1.80    0.055    0.000    0.0000      0.0000  p
out11                       1.80    0.001    0.000    0.0000      0.0000  p
--------------------------------------------------------------------------------
Total (1179 nets)                                              1.495e-03 Watt



                                      Int      Switch   Leak      Total
Hierarchy                             Power    Power    Power     Power    %
--------------------------------------------------------------------------------
netlist_1                             9.76e-04 1.49e-03 5.18e-09  2.47e-03 100.0
1
