****************************************
Report : Averaged Power
	-net_power
	-hierarchy
	-sort_by net_switching_power
	-power_greater_than       0
	-nosplit
Design : netlist_1
Version: Q-2019.12-SP1
Date   : Tue Jul 30 01:40:30 2024
****************************************



  Attributes
  ----------
      a  -  Switching activity information / Switching power information annotated on net
      p  -  Propagated switching activity information on net
      d  -  Default switching activity used on net
      u  -  Net switching activity uninitialized
      m  -  Net is driven by multiple pins
      b  -  Net is a primary input (boundary net)

		Toggle rates reported with respect to time unit 1ns
--------------------------------------------------------------------------------
                                  Total      Static   Toggle   Switching
Net                         Vdd   Net Load   Prob.    Rate     Power      Attrs
--------------------------------------------------------------------------------
net946                      1.80    0.072    0.334    0.5042   5.900e-05  p
net899                      1.80    0.080    0.362    0.4448   5.785e-05  p
net202                      1.80    0.098    0.172    0.3604   5.713e-05  p
net954                      1.80    0.109    0.509    0.3175   5.624e-05  p
net947                      1.80    0.068    0.334    0.5042   5.564e-05  p
net969                      1.80    0.123    0.504    0.2701   5.363e-05  p
net950                      1.80    0.097    0.505    0.3241   5.092e-05  p
net970                      1.80    0.079    0.508    0.3942   5.058e-05  p
net223                      1.80    0.075    0.705    0.4137   5.025e-05  p
net530                      1.80    0.069    0.516    0.4362   4.864e-05  p
net955                      1.80    0.076    0.573    0.3701   4.532e-05  p
net221                      1.80    0.064    0.490    0.4253   4.394e-05  p
net949                      1.80    0.061    0.489    0.4383   4.301e-05  p
net958                      1.80    0.100    0.460    0.2620   4.225e-05  p
net961                      1.80    0.071    0.500    0.3460   3.990e-05  p
net948                      1.80    0.049    0.334    0.5042   3.989e-05  p
net952                      1.80    0.112    0.714    0.2127   3.864e-05  p
net36                       1.80    0.047    0.502    0.4747   3.613e-05  p
net96                       1.80    0.059    0.546    0.3676   3.510e-05  p
net945                      1.80    0.042    0.334    0.5042   3.438e-05  p
net962                      1.80    0.054    0.504    0.3856   3.394e-05  p
net957                      1.80    0.058    0.500    0.3597   3.387e-05  p
net441                      1.80    0.081    0.255    0.2581   3.378e-05  p
net37                       1.80    0.067    0.656    0.3085   3.351e-05  p
net135                      1.80    0.092    0.107    0.2230   3.314e-05  p
clknet_0_clk                1.80    0.198    0.500    0.1000   3.206e-05  a
net41                       1.80    0.058    0.569    0.3352   3.154e-05  p
net973                      1.80    0.103    0.914    0.1766   2.935e-05  p
net960                      1.80    0.078    0.639    0.2306   2.921e-05  p
net968                      1.80    0.055    0.643    0.3017   2.697e-05  p
net418                      1.80    0.037    0.570    0.4417   2.677e-05  p
net527                      1.80    0.072    0.458    0.2245   2.627e-05  p
net963                      1.80    0.042    0.496    0.3856   2.621e-05  p
net460                      1.80    0.043    0.573    0.3701   2.598e-05  p
net144                      1.80    0.074    0.102    0.2166   2.584e-05  p
net33                       1.80    0.051    0.581    0.3104   2.569e-05  p
net414                      1.80    0.035    0.511    0.4568   2.559e-05  p
net956                      1.80    0.043    0.500    0.3597   2.526e-05  p
net883                      1.80    0.155    0.500    0.1000   2.517e-05  a
net28                       1.80    0.040    0.505    0.3826   2.505e-05  p
net32                       1.80    0.041    0.501    0.3696   2.475e-05  p
net959                      1.80    0.049    0.500    0.3028   2.426e-05  p
net89                       1.80    0.049    0.500    0.3028   2.397e-05  p
net885                      1.80    0.054    0.504    0.2701   2.374e-05  p
net254                      1.80    0.029    0.502    0.4930   2.348e-05  p
net543                      1.80    0.034    0.541    0.4220   2.343e-05  p
net87                       1.80    0.064    0.488    0.2258   2.341e-05  p
net208                      1.80    0.040    0.501    0.3587   2.335e-05  p
net101                      1.80    0.045    0.509    0.3175   2.328e-05  p
net895                      1.80    0.050    0.754    0.2857   2.325e-05  p
net85                       1.80    0.055    0.618    0.2599   2.321e-05  p
net940                      1.80    0.064    0.236    0.2225   2.318e-05  p
net92                       1.80    0.074    0.502    0.1902   2.269e-05  p
net195                      1.80    0.069    0.434    0.2002   2.246e-05  p
net966                      1.80    0.047    0.325    0.2938   2.224e-05  p
net234                      1.80    0.052    0.907    0.2633   2.222e-05  p
net1039                     1.80    0.083    0.554    0.1640   2.204e-05  p
net413                      1.80    0.032    0.495    0.4173   2.133e-05  p
net894                      1.80    0.080    0.554    0.1640   2.127e-05  p
net982                      1.80    0.069    0.500    0.1892   2.116e-05  p
net218                      1.80    0.040    0.118    0.3264   2.108e-05  p
net944                      1.80    0.060    0.337    0.2177   2.101e-05  p
net886                      1.80    0.037    0.500    0.3460   2.100e-05  p
net832                      1.80    0.129    0.500    0.1000   2.095e-05  a
net965                      1.80    0.074    0.168    0.1748   2.086e-05  p
net47                       1.80    0.037    0.664    0.3422   2.075e-05  p
net943                      1.80    0.035    0.589    0.3694   2.073e-05  p
net974                      1.80    0.078    0.554    0.1640   2.071e-05  p
net938                      1.80    0.060    0.714    0.2127   2.054e-05  p
net728                      1.80    0.039    0.882    0.3267   2.040e-05  p
net867                      1.80    0.126    0.500    0.1000   2.038e-05  a
net240                      1.80    0.030    0.655    0.4095   2.002e-05  p
net93                       1.80    0.045    0.528    0.2694   1.975e-05  p
net125                      1.80    0.054    0.260    0.2251   1.964e-05  p
net1093                     1.80    0.034    0.569    0.3352   1.860e-05  p
net834                      1.80    0.114    0.500    0.1000   1.853e-05  a
net972                      1.80    0.053    0.417    0.2126   1.842e-05  p
net302                      1.80    0.053    0.525    0.2129   1.822e-05  p
net148                      1.80    0.054    0.301    0.2083   1.818e-05  p
net86                       1.80    0.059    0.489    0.1880   1.811e-05  p
net1094                     1.80    0.025    0.503    0.4434   1.809e-05  p
net222                      1.80    0.035    0.887    0.3151   1.800e-05  p
net901                      1.80    0.058    0.199    0.1915   1.792e-05  p
net971                      1.80    0.059    0.626    0.1881   1.787e-05  p
net271                      1.80    0.055    0.848    0.2021   1.786e-05  p
net22                       1.80    0.028    0.509    0.3963   1.781e-05  p
net205                      1.80    0.028    0.504    0.3856   1.774e-05  p
net141                      1.80    0.049    0.107    0.2230   1.766e-05  p
net415                      1.80    0.025    0.504    0.4364   1.759e-05  p
net31                       1.80    0.033    0.505    0.3241   1.754e-05  p
net307                      1.80    0.039    0.354    0.2773   1.750e-05  p
net262                      1.80    0.032    0.882    0.3267   1.712e-05  p
net874                      1.80    0.103    0.500    0.1000   1.671e-05  a
net909                      1.80    0.020    0.532    0.5052   1.662e-05  p
net964                      1.80    0.034    0.381    0.3039   1.657e-05  p
net524                      1.80    0.037    0.531    0.2758   1.655e-05  p
net78                       1.80    0.064    0.595    0.1602   1.649e-05  p
net225                      1.80    0.039    0.460    0.2620   1.640e-05  p
net953                      1.80    0.081    0.832    0.1241   1.636e-05  p
net76                       1.80    0.053    0.665    0.1916   1.632e-05  p
net528                      1.80    0.021    0.497    0.4758   1.617e-05  p
net98                       1.80    0.035    0.499    0.2795   1.591e-05  p
net1000                     1.80    0.045    0.628    0.2160   1.571e-05  p
net10                       1.80    0.040    0.601    0.2395   1.567e-05  p
net249                      1.80    0.022    0.489    0.4383   1.547e-05  p
net411                      1.80    0.032    0.643    0.3017   1.546e-05  p
net236                      1.80    0.031    0.536    0.3052   1.544e-05  p
net729                      1.80    0.029    0.118    0.3264   1.542e-05  p
net363                      1.80    0.021    0.520    0.4538   1.539e-05  p
net526                      1.80    0.033    0.528    0.2866   1.524e-05  p
net297                      1.80    0.045    0.504    0.2110   1.522e-05  p
net95                       1.80    0.047    0.726    0.1992   1.507e-05  p
net239                      1.80    0.030    0.722    0.3124   1.497e-05  p
net299                      1.80    0.029    0.498    0.3137   1.492e-05  p
net340                      1.80    0.068    0.094    0.1331   1.469e-05  p
net84                       1.80    0.046    0.700    0.1955   1.465e-05  p
net1043                     1.80    0.055    0.554    0.1640   1.464e-05  p
net904                      1.80    0.039    0.731    0.2314   1.451e-05  p
net152                      1.80    0.043    0.498    0.2047   1.438e-05  p
net102                      1.80    0.027    0.435    0.3309   1.435e-05  p
net916                      1.80    0.086    0.157    0.1017   1.423e-05  p
net313                      1.80    0.046    0.256    0.1920   1.421e-05  p
net980                      1.80    0.040    0.102    0.2166   1.419e-05  p
net1044                     1.80    0.053    0.554    0.1640   1.409e-05  p
net171                      1.80    0.030    0.495    0.2849   1.404e-05  p
net11                       1.80    0.027    0.544    0.3150   1.390e-05  p
net233                      1.80    0.048    0.914    0.1766   1.386e-05  p
net871                      1.80    0.085    0.500    0.1000   1.378e-05  a
net15                       1.80    0.029    0.553    0.2947   1.373e-05  p
net188                      1.80    0.028    0.495    0.2959   1.359e-05  p
net103                      1.80    0.020    0.503    0.4121   1.359e-05  p
net26                       1.80    0.019    0.503    0.4434   1.355e-05  p
net737                      1.80    0.039    0.102    0.2166   1.351e-05  p
net82                       1.80    0.035    0.648    0.2374   1.349e-05  p
net841                      1.80    0.083    0.500    0.1000   1.341e-05  a
net977                      1.80    0.083    0.506    0.0988   1.323e-05  p
net204                      1.80    0.021    0.496    0.3856   1.323e-05  p
net531                      1.80    0.025    0.513    0.3215   1.304e-05  p
net525                      1.80    0.026    0.381    0.3039   1.299e-05  p
net73                       1.80    0.049    0.637    0.1634   1.293e-05  p
net68                       1.80    0.062    0.653    0.1274   1.286e-05  p
net937                      1.80    0.064    0.948    0.1225   1.275e-05  p
net979                      1.80    0.074    0.141    0.1061   1.274e-05  p
net105                      1.80    0.028    0.632    0.2796   1.271e-05  p
net912                      1.80    0.047    0.127    0.1645   1.264e-05  p
net6                        1.80    0.041    0.510    0.1919   1.262e-05  p
net985                      1.80    0.025    0.560    0.3077   1.260e-05  p
net911                      1.80    0.037    0.708    0.2114   1.253e-05  p
net337                      1.80    0.035    0.415    0.2218   1.251e-05  p
net1006                     1.80    0.025    0.564    0.3126   1.247e-05  p
net1033                     1.80    0.019    0.509    0.3963   1.239e-05  p
net206                      1.80    0.033    0.627    0.2297   1.239e-05  p
net72                       1.80    0.047    0.594    0.1609   1.238e-05  p
clknet_4_10_0_clk           1.80    0.076    0.500    0.1000   1.235e-05  a
net412                      1.80    0.026    0.325    0.2938   1.231e-05  p
net13                       1.80    0.019    0.508    0.3942   1.227e-05  p
clknet_0_net373             1.80    0.019    0.500    0.3847   1.204e-05  p
net825                      1.80    0.074    0.500    0.1000   1.198e-05  a
net42                       1.80    0.018    0.654    0.3981   1.193e-05  p
clknet_4_8_0_clk            1.80    0.074    0.500    0.1000   1.192e-05  a
net17                       1.80    0.034    0.538    0.2158   1.186e-05  p
net50                       1.80    0.022    0.639    0.3306   1.181e-05  p
net873                      1.80    0.072    0.500    0.1000   1.170e-05  a
net69                       1.80    0.055    0.605    0.1315   1.167e-05  p
net845                      1.80    0.072    0.500    0.1000   1.162e-05  a
net212                      1.80    0.016    0.500    0.4341   1.151e-05  p
net29                       1.80    0.031    0.639    0.2306   1.145e-05  p
net25                       1.80    0.033    0.497    0.2132   1.143e-05  p
clknet_4_3_0_clk            1.80    0.070    0.500    0.1000   1.138e-05  a
net444                      1.80    0.027    0.815    0.2593   1.136e-05  p
net228                      1.80    0.024    0.451    0.2863   1.135e-05  p
net1036                     1.80    0.016    0.572    0.4378   1.132e-05  p
net794                      1.80    0.033    0.571    0.2107   1.126e-05  p
net220                      1.80    0.017    0.761    0.4054   1.125e-05  p
net836                      1.80    0.069    0.500    0.1000   1.117e-05  a
net8                        1.80    0.056    0.622    0.1231   1.115e-05  p
net848                      1.80    0.067    0.500    0.1000   1.086e-05  a
net734                      1.80    0.041    0.126    0.1636   1.085e-05  p
net906                      1.80    0.053    0.827    0.1255   1.085e-05  p
net599                      1.80    0.018    0.589    0.3694   1.085e-05  p
net908                      1.80    0.023    0.832    0.2910   1.076e-05  p
net939                      1.80    0.013    0.546    0.5089   1.071e-05  p
net48                       1.80    0.020    0.506    0.3281   1.069e-05  p
net9                        1.80    0.031    0.498    0.2141   1.064e-05  p
net20                       1.80    0.022    0.505    0.2972   1.062e-05  p
clknet_4_11_0_clk           1.80    0.065    0.500    0.1000   1.049e-05  a
clknet_4_1_0_clk            1.80    0.065    0.500    0.1000   1.049e-05  a
net978                      1.80    0.065    0.506    0.0988   1.041e-05  p
net918                      1.80    0.021    0.560    0.3077   1.041e-05  p
net416                      1.80    0.015    0.495    0.4173   1.038e-05  p
net523                      1.80    0.021    0.454    0.3007   1.037e-05  p
clknet_4_2_0_clk            1.80    0.063    0.500    0.1000   1.028e-05  a
net776                      1.80    0.030    0.420    0.2099   1.024e-05  p
net983                      1.80    0.033    0.500    0.1892   1.018e-05  p
net847                      1.80    0.063    0.500    0.1000   1.015e-05  a
net989                      1.80    0.033    0.626    0.1881   1.014e-05  p
net35                       1.80    0.012    0.497    0.5043   1.011e-05  p
net190                      1.80    0.030    0.605    0.2081   1.011e-05  p
net537                      1.80    0.017    0.627    0.3594   1.010e-05  p
net926                      1.80    0.014    0.501    0.4510   1.009e-05  p
net97                       1.80    0.041    0.570    0.1518   1.007e-05  p
clknet_4_9_0_clk            1.80    0.062    0.500    0.1000   1.002e-05  a
net907                      1.80    0.028    0.201    0.2196   1.002e-05  p
net229                      1.80    0.049    0.827    0.1253   9.952e-06  p
net196                      1.80    0.027    0.585    0.2246   9.936e-06  p
net71                       1.80    0.049    0.601    0.1245   9.861e-06  p
net879                      1.80    0.061    0.500    0.1000   9.853e-06  a
net691                      1.80    0.025    0.461    0.2459   9.766e-06  p
net485                      1.80    0.018    0.283    0.3377   9.590e-06  p
net993                      1.80    0.029    0.516    0.2058   9.541e-06  p
net929                      1.80    0.045    0.734    0.1314   9.501e-06  p
net868                      1.80    0.059    0.500    0.1000   9.492e-06  a
net91                       1.80    0.031    0.626    0.1881   9.434e-06  p
net189                      1.80    0.025    0.674    0.2336   9.424e-06  p
net80                       1.80    0.047    0.734    0.1228   9.382e-06  p
net1047                     1.80    0.058    0.500    0.1000   9.376e-06  a
net408                      1.80    0.015    0.500    0.3806   9.210e-06  p
net185                      1.80    0.021    0.680    0.2654   9.208e-06  p
net872                      1.80    0.057    0.500    0.1000   9.197e-06  a
net39                       1.80    0.013    0.572    0.4378   9.119e-06  p
net1017                     1.80    0.023    0.737    0.2475   9.098e-06  p
net878                      1.80    0.056    0.500    0.1000   9.066e-06  a
net709                      1.80    0.011    0.538    0.4874   9.033e-06  p
net45                       1.80    0.026    0.161    0.2159   9.020e-06  p
net198                      1.80    0.039    0.749    0.1414   9.014e-06  p
clknet_0_net376             1.80    0.019    0.511    0.2976   8.976e-06  p
net562                      1.80    0.016    0.587    0.3339   8.917e-06  p
net137                      1.80    0.026    0.463    0.2112   8.904e-06  p
net835                      1.80    0.055    0.500    0.1000   8.898e-06  a
net123                      1.80    0.044    0.832    0.1241   8.860e-06  p
net1004                     1.80    0.025    0.628    0.2160   8.829e-06  p
net191                      1.80    0.025    0.628    0.2160   8.815e-06  p
net539                      1.80    0.013    0.478    0.4210   8.737e-06  p
net893                      1.80    0.031    0.168    0.1748   8.675e-06  p
clknet_4_4_0_clk            1.80    0.053    0.500    0.1000   8.566e-06  a
net193                      1.80    0.021    0.495    0.2522   8.560e-06  p
net183                      1.80    0.034    0.334    0.1538   8.541e-06  p
net454                      1.80    0.035    0.371    0.1503   8.540e-06  p
clknet_4_12_0_clk           1.80    0.052    0.500    0.1000   8.504e-06  a
clknet_4_0_0_clk            1.80    0.052    0.500    0.1000   8.411e-06  a
net19                       1.80    0.011    0.503    0.4533   8.406e-06  p
net777                      1.80    0.025    0.576    0.2100   8.395e-06  p
net828                      1.80    0.052    0.500    0.1000   8.383e-06  a
clknet_0_net445             1.80    0.022    0.603    0.2377   8.336e-06  p
net5                        1.80    0.027    0.495    0.1890   8.287e-06  p
net575                      1.80    0.048    0.141    0.1061   8.272e-06  p
net120                      1.80    0.051    0.753    0.1004   8.249e-06  p
net1030                     1.80    0.038    0.605    0.1315   8.179e-06  p
net1045                     1.80    0.033    0.547    0.1528   8.169e-06  p
net551                      1.80    0.014    0.524    0.3486   8.151e-06  p
net533                      1.80    0.012    0.499    0.4090   8.128e-06  p
clknet_0_net372             1.80    0.019    0.559    0.2628   8.116e-06  p
net536                      1.80    0.016    0.407    0.3036   8.114e-06  p
net192                      1.80    0.024    0.497    0.2121   8.086e-06  p
net79                       1.80    0.038    0.665    0.1295   8.068e-06  p
net215                      1.80    0.015    0.882    0.3267   8.037e-06  p
net311                      1.80    0.026    0.509    0.1857   7.932e-06  p
clknet_4_7_0_clk            1.80    0.049    0.500    0.1000   7.931e-06  a
clknet_1_0__leaf_net372     1.80    0.019    0.559    0.2628   7.881e-06  p
net70                       1.80    0.038    0.654    0.1264   7.860e-06  p
net546                      1.80    0.014    0.366    0.3439   7.767e-06  p
net197                      1.80    0.016    0.506    0.2896   7.737e-06  p
net12                       1.80    0.017    0.501    0.2744   7.717e-06  p
net18                       1.80    0.021    0.421    0.2252   7.668e-06  p
net1018                     1.80    0.019    0.737    0.2475   7.566e-06  p
net502                      1.80    0.018    0.477    0.2598   7.511e-06  p
net67                       1.80    0.030    0.547    0.1528   7.461e-06  p
net242                      1.80    0.016    0.609    0.2863   7.371e-06  p
net991                      1.80    0.015    0.505    0.2972   7.319e-06  p
net829                      1.80    0.045    0.500    0.1000   7.295e-06  a
net66                       1.80    0.036    0.622    0.1236   7.291e-06  p
net7                        1.80    0.012    0.505    0.3774   7.252e-06  p
net853                      1.80    0.045    0.500    0.1000   7.245e-06  a
net859                      1.80    0.045    0.500    0.1000   7.225e-06  a
clknet_4_6_0_clk            1.80    0.044    0.500    0.1000   7.172e-06  a
net209                      1.80    0.029    0.846    0.1519   7.136e-06  p
net920                      1.80    0.087    0.833    0.0503   7.125e-06  p
net1011                     1.80    0.029    0.547    0.1528   7.083e-06  p
net865                      1.80    0.043    0.500    0.1000   7.035e-06  a
net866                      1.80    0.043    0.500    0.1000   7.005e-06  a
net988                      1.80    0.018    0.648    0.2374   6.998e-06  p
net984                      1.80    0.014    0.560    0.3077   6.967e-06  p
net295                      1.80    0.042    0.157    0.1017   6.924e-06  p
net796                      1.80    0.026    0.419    0.1658   6.898e-06  p
clknet_0_net567             1.80    0.019    0.562    0.2231   6.848e-06  p
net839                      1.80    0.042    0.500    0.1000   6.845e-06  a
net235                      1.80    0.010    0.367    0.4433   6.828e-06  p
net1009                     1.80    0.013    0.564    0.3126   6.732e-06  p
net992                      1.80    0.014    0.505    0.2972   6.657e-06  p
net861                      1.80    0.041    0.500    0.1000   6.644e-06  a
clknet_1_0__leaf_net887     1.80    0.036    0.349    0.1133   6.624e-06  p
net778                      1.80    0.021    0.380    0.1972   6.615e-06  p
net136                      1.80    0.019    0.102    0.2166   6.584e-06  p
clknet_1_0__leaf_net373     1.80    0.011    0.500    0.3847   6.561e-06  p
net27                       1.80    0.021    0.502    0.1924   6.532e-06  p
net231                      1.80    0.013    0.609    0.3115   6.473e-06  p
net1037                     1.80    0.026    0.547    0.1528   6.437e-06  p
net1102                     1.80    0.019    0.708    0.2114   6.434e-06  p
net435                      1.80    0.037    0.141    0.1061   6.420e-06  p
net207                      1.80    0.011    0.501    0.3606   6.413e-06  p
net296                      1.80    0.039    0.157    0.1017   6.406e-06  p
net975                      1.80    0.040    0.506    0.0988   6.390e-06  p
clknet_0_net359             1.80    0.020    0.581    0.1979   6.348e-06  p
clknet_0_net507             1.80    0.019    0.685    0.2047   6.348e-06  p
clknet_0_net168             1.80    0.018    0.597    0.2155   6.328e-06  p
net143                      1.80    0.020    0.094    0.1996   6.309e-06  p
net780                      1.80    0.019    0.255    0.2038   6.301e-06  p
net624                      1.80    0.039    0.500    0.1000   6.269e-06  a
net279                      1.80    0.019    0.642    0.2011   6.267e-06  p
clknet_1_1__leaf_net887     1.80    0.034    0.349    0.1133   6.241e-06  p
net394                      1.80    0.016    0.500    0.2400   6.216e-06  p
net145                      1.80    0.018    0.102    0.2166   6.157e-06  p
net170                      1.80    0.011    0.502    0.3421   6.147e-06  p
net601                      1.80    0.018    0.326    0.2069   6.137e-06  p
net838                      1.80    0.038    0.500    0.1000   6.130e-06  a
net897                      1.80    0.025    0.474    0.1527   6.101e-06  p
net372                      1.80    0.014    0.559    0.2628   6.080e-06  p
net761                      1.80    0.034    0.830    0.1107   6.059e-06  p
net863                      1.80    0.037    0.500    0.1000   6.058e-06  a
net374                      1.80    0.010    0.502    0.3582   6.045e-06  p
net699                      1.80    0.014    0.264    0.2637   5.999e-06  p
clknet_4_5_0_clk            1.80    0.037    0.500    0.1000   5.941e-06  a
net64                       1.80    0.015    0.581    0.2474   5.935e-06  p
net501                      1.80    0.015    0.653    0.2427   5.896e-06  p
clknet_4_14_0_clk           1.80    0.036    0.500    0.1000   5.889e-06  a
net88                       1.80    0.021    0.628    0.1769   5.881e-06  p
net373                      1.80    0.009    0.500    0.3847   5.792e-06  p
net375                      1.80    0.011    0.377    0.3318   5.767e-06  p
net131                      1.80    0.016    0.102    0.2166   5.766e-06  p
net312                      1.80    0.021    0.180    0.1724   5.741e-06  p
clknet_0_net446             1.80    0.019    0.604    0.1891   5.734e-06  p
net994                      1.80    0.017    0.516    0.2058   5.695e-06  p
net203                      1.80    0.018    0.669    0.2001   5.692e-06  p
net316                      1.80    0.008    0.607    0.4624   5.624e-06  p
net655                      1.80    0.009    0.590    0.3864   5.611e-06  p
net175                      1.80    0.013    0.581    0.2737   5.589e-06  p
net268                      1.80    0.019    0.798    0.1808   5.572e-06  p
net38                       1.80    0.011    0.532    0.3049   5.559e-06  p
net882                      1.80    0.034    0.500    0.1000   5.514e-06  a
net161                      1.80    0.016    0.500    0.2128   5.480e-06  p
net216                      1.80    0.008    0.506    0.4262   5.421e-06  p
clknet_1_1__leaf_net168     1.80    0.016    0.597    0.2155   5.412e-06  p
net224                      1.80    0.008    0.501    0.4139   5.399e-06  p
net602                      1.80    0.016    0.674    0.2069   5.396e-06  p
clknet_0_net622             1.80    0.020    0.522    0.1706   5.393e-06  p
net486                      1.80    0.018    0.210    0.1865   5.392e-06  p
net556                      1.80    0.009    0.583    0.3890   5.365e-06  p
net114                      1.80    0.017    0.532    0.1917   5.256e-06  p
clknet_4_13_0_clk           1.80    0.032    0.500    0.1000   5.254e-06  a
net219                      1.80    0.010    0.882    0.3264   5.252e-06  p
net1014                     1.80    0.015    0.511    0.2098   5.221e-06  p
net849                      1.80    0.032    0.500    0.1000   5.209e-06  a
net23                       1.80    0.021    0.570    0.1529   5.190e-06  p
net362                      1.80    0.009    0.518    0.3517   5.176e-06  p
net30                       1.80    0.013    0.687    0.2490   5.166e-06  p
net636                      1.80    0.010    0.487    0.3268   5.143e-06  p
net423                      1.80    0.012    0.687    0.2680   5.134e-06  p
net100                      1.80    0.010    0.598    0.3119   5.134e-06  p
net862                      1.80    0.031    0.500    0.1000   5.093e-06  a
net813                      1.80    0.033    0.736    0.0942   5.083e-06  p
net503                      1.80    0.010    0.452    0.3262   5.075e-06  p
net733                      1.80    0.020    0.155    0.1556   5.023e-06  p
net1013                     1.80    0.010    0.505    0.2972   5.021e-06  p
net798                      1.80    0.030    0.526    0.1031   4.983e-06  p
net1050                     1.80    0.031    0.500    0.1000   4.953e-06  a
net584                      1.80    0.032    0.512    0.0951   4.922e-06  p
net186                      1.80    0.010    0.521    0.3009   4.911e-06  p
net910                      1.80    0.015    0.661    0.1949   4.889e-06  p
net921                      1.80    0.009    0.529    0.3470   4.832e-06  p
net843                      1.80    0.030    0.500    0.1000   4.805e-06  a
net3                        1.80    0.016    0.505    0.1891   4.762e-06  p
net869                      1.80    0.029    0.500    0.1000   4.759e-06  a
net255                      1.80    0.013    0.102    0.2166   4.725e-06  p
net538                      1.80    0.029    0.665    0.1003   4.706e-06  p
net2                        1.80    0.013    0.541    0.2281   4.693e-06  p
net211                      1.80    0.010    0.660    0.2767   4.689e-06  p
clknet_4_15_0_clk           1.80    0.029    0.500    0.1000   4.686e-06  a
net1038                     1.80    0.022    0.605    0.1315   4.673e-06  p
net65                       1.80    0.024    0.630    0.1214   4.651e-06  p
net856                      1.80    0.028    0.500    0.1000   4.612e-06  a
net49                       1.80    0.013    0.498    0.2141   4.608e-06  p
net854                      1.80    0.028    0.500    0.1000   4.603e-06  a
net247                      1.80    0.008    0.353    0.3617   4.590e-06  p
net877                      1.80    0.028    0.500    0.1000   4.581e-06  a
net187                      1.80    0.015    0.500    0.1892   4.536e-06  p
net951                      1.80    0.053    0.658    0.0531   4.520e-06  p
net409                      1.80    0.078    0.017    0.0354   4.472e-06  p
net1096                     1.80    0.018    0.570    0.1518   4.471e-06  p
net359                      1.80    0.014    0.581    0.1979   4.458e-06  p
net484                      1.80    0.008    0.514    0.3611   4.454e-06  p
net140                      1.80    0.008    0.289    0.3257   4.449e-06  p
clknet_0_net889             1.80    0.018    0.458    0.1525   4.428e-06  p
net21                       1.80    0.011    0.737    0.2475   4.428e-06  p
net376                      1.80    0.009    0.511    0.2976   4.423e-06  p
clknet_1_0__leaf_net884     1.80    0.043    0.313    0.0630   4.417e-06  p
net1003                     1.80    0.013    0.628    0.2160   4.416e-06  p
net308                      1.80    0.012    0.738    0.2205   4.402e-06  p
net976                      1.80    0.027    0.506    0.0988   4.356e-06  p
net168                      1.80    0.012    0.597    0.2155   4.353e-06  p
net286                      1.80    0.023    0.316    0.1182   4.331e-06  p
net887                      1.80    0.024    0.349    0.1133   4.323e-06  p
net355                      1.80    0.007    0.564    0.4004   4.321e-06  p
net675                      1.80    0.005    0.541    0.4992   4.320e-06  p
net738                      1.80    0.020    0.094    0.1331   4.310e-06  p
net445                      1.80    0.011    0.603    0.2377   4.293e-06  p
net300                      1.80    0.026    0.157    0.1017   4.286e-06  p
net317                      1.80    0.009    0.168    0.2910   4.277e-06  p
net371                      1.80    0.007    0.375    0.3723   4.256e-06  p
net613                      1.80    0.007    0.654    0.3775   4.252e-06  p
net54                       1.80    0.005    0.499    0.4818   4.240e-06  p
net267                      1.80    0.014    0.202    0.1808   4.213e-06  p
net1095                     1.80    0.006    0.503    0.4434   4.188e-06  p
clknet_1_1__leaf_net884     1.80    0.041    0.313    0.0630   4.187e-06  p
net1048                     1.80    0.013    0.700    0.1955   4.178e-06  p
net881                      1.80    0.026    0.500    0.1000   4.175e-06  a
net321                      1.80    0.005    0.380    0.5185   4.172e-06  p
net687                      1.80    0.006    0.376    0.4035   4.171e-06  p
net248                      1.80    0.015    0.466    0.1737   4.166e-06  p
net217                      1.80    0.008    0.882    0.3267   4.148e-06  p
net1067                     1.80    0.012    0.104    0.2087   4.104e-06  p
net512                      1.80    0.010    0.505    0.2538   4.102e-06  p
net1007                     1.80    0.008    0.564    0.3126   4.085e-06  p
net465                      1.80    0.007    0.577    0.3434   4.080e-06  p
net740                      1.80    0.034    0.052    0.0746   4.062e-06  p
net837                      1.80    0.025    0.500    0.1000   4.054e-06  a
net75                       1.80    0.013    0.626    0.1881   4.053e-06  p
net471                      1.80    0.020    0.820    0.1275   4.040e-06  p
net554                      1.80    0.009    0.804    0.2839   4.026e-06  p
clknet_1_0__leaf_net168     1.80    0.011    0.597    0.2155   4.003e-06  p
net264                      1.80    0.012    0.185    0.2037   3.996e-06  p
net851                      1.80    0.025    0.500    0.1000   3.996e-06  a
net658                      1.80    0.006    0.606    0.4262   3.992e-06  p
net53                       1.80    0.010    0.626    0.2562   3.980e-06  p
clknet_0_net887             1.80    0.021    0.349    0.1133   3.942e-06  p
net923                      1.80    0.009    0.703    0.2687   3.929e-06  p
net16                       1.80    0.013    0.500    0.1901   3.918e-06  p
net4                        1.80    0.012    0.493    0.1926   3.885e-06  p
net246                      1.80    0.010    0.626    0.2480   3.852e-06  p
net74                       1.80    0.017    0.631    0.1379   3.845e-06  p
net0                        1.80    0.011    0.516    0.2058   3.769e-06  p
net889                      1.80    0.015    0.458    0.1525   3.761e-06  p
net298                      1.80    0.011    0.617    0.2048   3.742e-06  p
net90                       1.80    0.008    0.502    0.2747   3.742e-06  p
net507                      1.80    0.011    0.685    0.2047   3.733e-06  p
net294                      1.80    0.012    0.213    0.1875   3.730e-06  p
net913                      1.80    0.012    0.741    0.1900   3.708e-06  p
net1034                     1.80    0.006    0.509    0.3963   3.703e-06  p
net210                      1.80    0.008    0.531    0.2687   3.675e-06  p
net591                      1.80    0.005    0.389    0.4108   3.653e-06  p
net567                      1.80    0.010    0.562    0.2231   3.653e-06  p
net348                      1.80    0.019    0.898    0.1156   3.592e-06  p
net826                      1.80    0.022    0.500    0.1000   3.586e-06  a
net269                      1.80    0.020    0.725    0.1082   3.546e-06  p
net570                      1.80    0.006    0.630    0.3812   3.543e-06  p
clknet_1_0__leaf_net359     1.80    0.011    0.581    0.1979   3.533e-06  p
net138                      1.80    0.018    0.949    0.1191   3.532e-06  p
net521                      1.80    0.008    0.651    0.2592   3.531e-06  p
net585                      1.80    0.009    0.374    0.2307   3.513e-06  p
clknet_1_1__leaf_net359     1.80    0.011    0.581    0.1979   3.495e-06  p
net663                      1.80    0.006    0.356    0.3801   3.489e-06  p
clknet_1_1__leaf_net372     1.80    0.008    0.559    0.2628   3.479e-06  p
net241                      1.80    0.007    0.896    0.2931   3.479e-06  p
net14                       1.80    0.014    0.649    0.1525   3.461e-06  p
net870                      1.80    0.021    0.500    0.1000   3.460e-06  a
net305                      1.80    0.021    0.157    0.1017   3.454e-06  p
net327                      1.80    0.010    0.337    0.2177   3.449e-06  p
clknet_0_net480             1.80    0.019    0.334    0.1130   3.448e-06  p
net586                      1.80    0.008    0.669    0.2787   3.443e-06  p
net184                      1.80    0.008    0.503    0.2709   3.436e-06  p
net690                      1.80    0.010    0.799    0.2196   3.436e-06  p
net790                      1.80    0.010    0.503    0.2090   3.413e-06  p
net795                      1.80    0.010    0.714    0.2021   3.413e-06  p
net253                      1.80    0.007    0.405    0.3042   3.410e-06  p
net130                      1.80    0.011    0.475    0.1910   3.402e-06  p
net431                      1.80    0.004    0.512    0.4878   3.397e-06  p
net200                      1.80    0.006    0.436    0.3585   3.376e-06  p
net596                      1.80    0.007    0.407    0.3135   3.361e-06  p
net1                        1.80    0.010    0.511    0.2098   3.345e-06  p
net550                      1.80    0.004    0.608    0.5083   3.307e-06  p
net667                      1.80    0.005    0.665    0.3820   3.307e-06  p
net1040                     1.80    0.010    0.417    0.2126   3.296e-06  p
net844                      1.80    0.020    0.500    0.1000   3.272e-06  a
net917                      1.80    0.021    0.159    0.0945   3.267e-06  p
net281                      1.80    0.006    0.473    0.3201   3.252e-06  p
net630                      1.80    0.009    0.356    0.2333   3.226e-06  p
net896                      1.80    0.010    0.495    0.2091   3.226e-06  p
net213                      1.80    0.006    0.599    0.3410   3.208e-06  p
net83                       1.80    0.009    0.562    0.2289   3.164e-06  p
net850                      1.80    0.019    0.500    0.1000   3.136e-06  a
net463                      1.80    0.016    0.839    0.1222   3.124e-06  p
net304                      1.80    0.009    0.417    0.2126   3.116e-06  p
net439                      1.80    0.004    0.341    0.4963   3.110e-06  p
clknet_0_net154             1.80    0.021    0.252    0.0918   3.101e-06  p
net381                      1.80    0.005    0.662    0.3632   3.092e-06  p
net455                      1.80    0.005    0.184    0.3678   3.091e-06  p
net421                      1.80    0.006    0.325    0.2938   3.085e-06  p
clknet_1_0__leaf_net770     1.80    0.029    0.318    0.0656   3.080e-06  p
net422                      1.80    0.007    0.675    0.2696   3.076e-06  p
net579                      1.80    0.013    0.665    0.1506   3.070e-06  p
net393                      1.80    0.012    0.468    0.1559   3.057e-06  p
net875                      1.80    0.019    0.500    0.1000   3.053e-06  a
net77                       1.80    0.009    0.628    0.2160   3.035e-06  p
net998                      1.80    0.009    0.638    0.2168   3.031e-06  p
net736                      1.80    0.004    0.432    0.4965   3.025e-06  p
net194                      1.80    0.006    0.571    0.2951   3.006e-06  p
net941                      1.80    0.012    0.146    0.1516   2.983e-06  p
net852                      1.80    0.018    0.500    0.1000   2.981e-06  a
net697                      1.80    0.009    0.104    0.2087   2.978e-06  p
net611                      1.80    0.006    0.642    0.3237   2.955e-06  p
net309                      1.80    0.010    0.503    0.1880   2.951e-06  p
net201                      1.80    0.005    0.609    0.3416   2.950e-06  p
net549                      1.80    0.005    0.591    0.3744   2.942e-06  p
net846                      1.80    0.018    0.500    0.1000   2.939e-06  a
net864                      1.80    0.018    0.500    0.1000   2.935e-06  a
net855                      1.80    0.018    0.500    0.1000   2.927e-06  a
net481                      1.80    0.027    0.845    0.0655   2.899e-06  p
net967                      1.80    0.075    0.430    0.0237   2.896e-06  p
net664                      1.80    0.006    0.749    0.2793   2.892e-06  p
net662                      1.80    0.005    0.630    0.3347   2.891e-06  p
net34                       1.80    0.006    0.499    0.3149   2.878e-06  p
net1051                     1.80    0.033    0.658    0.0531   2.876e-06  p
net58                       1.80    0.006    0.369    0.3109   2.864e-06  p
clknet_0_net707             1.80    0.018    0.486    0.0971   2.860e-06  p
net345                      1.80    0.013    0.945    0.1336   2.845e-06  p
net692                      1.80    0.003    0.561    0.5496   2.831e-06  p
net643                      1.80    0.006    0.902    0.3117   2.831e-06  p
net1031                     1.80    0.011    0.547    0.1528   2.820e-06  p
net360                      1.80    0.006    0.405    0.2905   2.812e-06  p
net420                      1.80    0.009    0.512    0.1908   2.798e-06  p
clknet_0_net744             1.80    0.022    0.389    0.0794   2.794e-06  p
net490                      1.80    0.009    0.104    0.1983   2.779e-06  p
net261                      1.80    0.006    0.253    0.2722   2.767e-06  p
net245                      1.80    0.006    0.671    0.2667   2.764e-06  p
net1032                     1.80    0.011    0.547    0.1528   2.752e-06  p
net927                      1.80    0.057    0.553    0.0296   2.749e-06  p
clknet_0_net477             1.80    0.019    0.667    0.0887   2.743e-06  p
net842                      1.80    0.017    0.500    0.1000   2.741e-06  a
clknet_1_0__leaf_net744     1.80    0.021    0.389    0.0794   2.741e-06  p
net24                       1.80    0.005    0.564    0.3126   2.736e-06  p
net725                      1.80    0.003    0.473    0.5495   2.733e-06  p
net1035                     1.80    0.004    0.572    0.4378   2.729e-06  p
net358                      1.80    0.005    0.703    0.3033   2.690e-06  p
net1099                     1.80    0.011    0.570    0.1518   2.683e-06  p
net797                      1.80    0.014    0.383    0.1185   2.682e-06  p
net647                      1.80    0.004    0.688    0.4048   2.677e-06  p
net391                      1.80    0.005    0.613    0.3265   2.676e-06  p
clknet_0_net350             1.80    0.019    0.396    0.0866   2.674e-06  p
net446                      1.80    0.009    0.604    0.1891   2.671e-06  p
clknet_1_1__leaf_net373     1.80    0.004    0.500    0.3847   2.670e-06  p
net81                       1.80    0.008    0.638    0.2168   2.657e-06  p
net598                      1.80    0.009    0.248    0.1895   2.657e-06  p
net94                       1.80    0.009    0.502    0.1886   2.653e-06  p
net578                      1.80    0.011    0.335    0.1506   2.635e-06  p
clknet_0_net710             1.80    0.018    0.447    0.0911   2.635e-06  p
clknet_1_0__leaf_net806     1.80    0.025    0.322    0.0654   2.634e-06  p
net472                      1.80    0.005    0.529    0.3435   2.632e-06  p
net605                      1.80    0.006    0.302    0.2750   2.602e-06  p
net898                      1.80    0.010    0.154    0.1517   2.572e-06  p
net104                      1.80    0.005    0.480    0.3334   2.557e-06  p
net758                      1.80    0.015    0.278    0.1078   2.546e-06  p
net453                      1.80    0.003    0.337    0.5067   2.540e-06  p
net876                      1.80    0.016    0.500    0.1000   2.537e-06  a
net320                      1.80    0.004    0.708    0.4135   2.533e-06  p
net609                      1.80    0.004    0.587    0.3715   2.530e-06  p
net382                      1.80    0.004    0.412    0.4186   2.526e-06  p
net928                      1.80    0.013    0.502    0.1227   2.503e-06  p
clknet_0_net770             1.80    0.024    0.318    0.0656   2.498e-06  p
net182                      1.80    0.012    0.628    0.1242   2.498e-06  p
net987                      1.80    0.005    0.560    0.3077   2.493e-06  p
net627                      1.80    0.006    0.462    0.2547   2.491e-06  p
net700                      1.80    0.015    0.157    0.1017   2.459e-06  p
clknet_0_net708             1.80    0.020    0.377    0.0765   2.448e-06  p
net1046                     1.80    0.009    0.637    0.1634   2.444e-06  p
net1042                     1.80    0.007    0.417    0.2126   2.442e-06  p
clknet_0_net464             1.80    0.020    0.323    0.0769   2.440e-06  p
net642                      1.80    0.004    0.428    0.3616   2.435e-06  p
net830                      1.80    0.015    0.500    0.1000   2.433e-06  a
net199                      1.80    0.005    0.118    0.3264   2.425e-06  p
net1010                     1.80    0.005    0.564    0.3126   2.423e-06  p
net559                      1.80    0.031    0.484    0.0488   2.414e-06  p
clknet_0_net344             1.80    0.019    0.389    0.0794   2.400e-06  p
net770                      1.80    0.022    0.318    0.0656   2.373e-06  p
net759                      1.80    0.014    0.720    0.1081   2.371e-06  p
net52                       1.80    0.006    0.493    0.2475   2.360e-06  p
net1016                     1.80    0.007    0.738    0.2205   2.359e-06  p
net129                      1.80    0.031    0.168    0.0473   2.355e-06  p
net622                      1.80    0.008    0.522    0.1706   2.331e-06  p
net318                      1.80    0.003    0.336    0.5038   2.328e-06  p
net779                      1.80    0.007    0.387    0.1955   2.324e-06  p
net1008                     1.80    0.005    0.564    0.3126   2.321e-06  p
net942                      1.80    0.030    0.762    0.0471   2.319e-06  p
net392                      1.80    0.009    0.531    0.1558   2.299e-06  p
net732                      1.80    0.009    0.841    0.1556   2.298e-06  p
net113                      1.80    0.050    0.071    0.0282   2.292e-06  p
net1002                     1.80    0.007    0.628    0.2160   2.289e-06  p
net981                      1.80    0.081    0.242    0.0173   2.281e-06  p
net890                      1.80    0.019    0.302    0.0756   2.279e-06  p
clknet_1_0__leaf_net892     1.80    0.028    0.242    0.0503   2.278e-06  p
net118                      1.80    0.016    0.180    0.0863   2.262e-06  p
net568                      1.80    0.004    0.624    0.3200   2.247e-06  p
clknet_1_0__leaf_net567     1.80    0.006    0.562    0.2231   2.233e-06  p
net637                      1.80    0.013    0.157    0.1017   2.223e-06  p
net397                      1.80    0.009    0.628    0.1443   2.213e-06  p
net935                      1.80    0.009    0.348    0.1595   2.213e-06  p
net288                      1.80    0.006    0.512    0.2123   2.208e-06  p
net1015                     1.80    0.006    0.511    0.2098   2.194e-06  p
net283                      1.80    0.006    0.745    0.2323   2.183e-06  p
net698                      1.80    0.007    0.626    0.1934   2.177e-06  p
net739                      1.80    0.013    0.141    0.1061   2.176e-06  p
net814                      1.80    0.009    0.493    0.1537   2.154e-06  p
net1005                     1.80    0.006    0.628    0.2160   2.142e-06  p
net757                      1.80    0.010    0.472    0.1328   2.139e-06  p
net124                      1.80    0.010    0.418    0.1346   2.133e-06  p
net450                      1.80    0.009    0.516    0.1479   2.123e-06  p
clknet_0_net469             1.80    0.020    0.315    0.0654   2.119e-06  p
net999                      1.80    0.006    0.638    0.2168   2.114e-06  p
net380                      1.80    0.007    0.808    0.1789   2.109e-06  p
clknet_1_0__leaf_net507     1.80    0.006    0.685    0.2047   2.088e-06  p
net319                      1.80    0.003    0.342    0.3920   2.087e-06  p
net768                      1.80    0.055    0.592    0.0234   2.087e-06  p
net936                      1.80    0.008    0.643    0.1642   2.074e-06  p
net260                      1.80    0.006    0.102    0.2166   2.049e-06  p
clknet_0_net884             1.80    0.020    0.313    0.0630   2.048e-06  p
net649                      1.80    0.003    0.506    0.3981   2.043e-06  p
net40                       1.80    0.003    0.606    0.3996   2.040e-06  p
net900                      1.80    0.011    0.107    0.1122   2.038e-06  p
clknet_1_0__leaf_net889     1.80    0.008    0.458    0.1525   2.038e-06  p
net1078                     1.80    0.013    0.500    0.1000   2.034e-06  a
clknet_1_1__leaf_net806     1.80    0.019    0.322    0.0654   2.022e-06  p
net730                      1.80    0.008    0.846    0.1519   2.013e-06  p
net760                      1.80    0.007    0.431    0.1834   2.008e-06  p
net833                      1.80    0.012    0.500    0.1000   2.002e-06  a
net781                      1.80    0.010    0.600    0.1226   2.002e-06  p
clknet_0_net930             1.80    0.019    0.245    0.0649   1.999e-06  p
net117                      1.80    0.013    0.743    0.0982   1.995e-06  p
net43                       1.80    0.003    0.507    0.4009   1.994e-06  p
net301                      1.80    0.042    0.084    0.0294   1.989e-06  p
net256                      1.80    0.006    0.102    0.2166   1.967e-06  p
net347                      1.80    0.011    0.102    0.1156   1.967e-06  p
net805                      1.80    0.055    0.578    0.0218   1.950e-06  p
net633                      1.80    0.006    0.777    0.1925   1.936e-06  p
net275                      1.80    0.005    0.705    0.2228   1.922e-06  p
net762                      1.80    0.007    0.484    0.1765   1.922e-06  p
net767                      1.80    0.058    0.310    0.0202   1.912e-06  p
net884                      1.80    0.019    0.313    0.0630   1.911e-06  p
clknet_0_net806             1.80    0.018    0.322    0.0654   1.904e-06  p
net669                      1.80    0.007    0.426    0.1729   1.901e-06  p
net517                      1.80    0.005    0.425    0.2440   1.895e-06  p
net367                      1.80    0.005    0.469    0.2318   1.895e-06  p
net510                      1.80    0.004    0.551    0.3325   1.888e-06  p
clknet_0_net789             1.80    0.020    0.293    0.0590   1.888e-06  p
net166                      1.80    0.004    0.429    0.2717   1.882e-06  p
net1041                     1.80    0.005    0.417    0.2126   1.877e-06  p
net514                      1.80    0.004    0.708    0.3274   1.869e-06  p
net108                      1.80    0.007    0.665    0.1613   1.851e-06  p
net343                      1.80    0.002    0.489    0.4811   1.847e-06  p
net57                       1.80    0.003    0.523    0.4279   1.847e-06  p
net934                      1.80    0.011    0.604    0.1050   1.843e-06  p
net696                      1.80    0.010    0.892    0.1126   1.841e-06  p
net134                      1.80    0.015    0.612    0.0768   1.839e-06  p
net417                      1.80    0.007    0.350    0.1572   1.835e-06  p
net1021                     1.80    0.005    0.415    0.2218   1.822e-06  p
net617                      1.80    0.004    0.515    0.3196   1.820e-06  p
net51                       1.80    0.003    0.592    0.3817   1.815e-06  p
net534                      1.80    0.008    0.696    0.1470   1.815e-06  p
clknet_1_0__leaf_net344     1.80    0.014    0.389    0.0794   1.808e-06  p
net707                      1.80    0.011    0.486    0.0971   1.806e-06  p
net477                      1.80    0.013    0.667    0.0887   1.804e-06  p
net336                      1.80    0.049    0.572    0.0227   1.788e-06  p
net126                      1.80    0.009    0.171    0.1214   1.781e-06  p
clknet_1_1__leaf_net507     1.80    0.005    0.685    0.2047   1.781e-06  p
net824                      1.80    0.011    0.500    0.1000   1.770e-06  a
clknet_1_0__leaf_net446     1.80    0.006    0.604    0.1891   1.768e-06  p
net157                      1.80    0.003    0.359    0.3698   1.766e-06  p
net860                      1.80    0.011    0.500    0.1000   1.765e-06  a
net266                      1.80    0.003    0.163    0.3166   1.761e-06  p
net162                      1.80    0.005    0.386    0.2277   1.761e-06  p
net314                      1.80    0.002    0.334    0.5042   1.751e-06  p
net744                      1.80    0.014    0.389    0.0794   1.748e-06  p
net806                      1.80    0.016    0.322    0.0654   1.742e-06  p
net816                      1.80    0.006    0.420    0.1898   1.742e-06  p
net63                       1.80    0.007    0.840    0.1539   1.728e-06  p
net407                      1.80    0.008    0.635    0.1274   1.724e-06  p
net615                      1.80    0.005    0.448    0.2097   1.722e-06  p
net553                      1.80    0.004    0.196    0.2839   1.722e-06  p
net1049                     1.80    0.005    0.700    0.1955   1.719e-06  p
net366                      1.80    0.003    0.576    0.3848   1.718e-06  p
net342                      1.80    0.005    0.511    0.2269   1.714e-06  p
net625                      1.80    0.005    0.467    0.2060   1.713e-06  p
clknet_1_1__leaf_net744     1.80    0.013    0.389    0.0794   1.712e-06  p
net395                      1.80    0.013    0.470    0.0830   1.708e-06  p
net990                      1.80    0.006    0.626    0.1881   1.707e-06  p
clknet_0_net752             1.80    0.021    0.254    0.0509   1.700e-06  p
net1059                     1.80    0.009    0.600    0.1226   1.699e-06  p
net718                      1.80    0.003    0.497    0.3604   1.698e-06  p
net1101                     1.80    0.007    0.570    0.1518   1.695e-06  p
net997                      1.80    0.005    0.415    0.2218   1.684e-06  p
clknet_0_net892             1.80    0.021    0.242    0.0503   1.683e-06  p
net815                      1.80    0.006    0.596    0.1758   1.681e-06  p
clknet_1_1__leaf_net376     1.80    0.003    0.511    0.2976   1.677e-06  p
net1052                     1.80    0.019    0.658    0.0531   1.673e-06  p
net379                      1.80    0.003    0.393    0.3750   1.669e-06  p
net695                      1.80    0.004    0.459    0.2586   1.668e-06  p
net665                      1.80    0.004    0.509    0.2671   1.665e-06  p
net544                      1.80    0.004    0.217    0.2457   1.659e-06  p
net661                      1.80    0.003    0.451    0.3848   1.656e-06  p
net263                      1.80    0.005    0.815    0.2037   1.656e-06  p
net46                       1.80    0.003    0.633    0.3664   1.648e-06  p
net464                      1.80    0.013    0.323    0.0769   1.641e-06  p
net670                      1.80    0.004    0.595    0.2542   1.634e-06  p
net181                      1.80    0.008    0.351    0.1205   1.628e-06  p
net334                      1.80    0.004    0.403    0.2416   1.627e-06  p
net1084                     1.80    0.006    0.484    0.1765   1.626e-06  p
net671                      1.80    0.003    0.422    0.3431   1.617e-06  p
net545                      1.80    0.047    0.585    0.0210   1.616e-06  p
net676                      1.80    0.002    0.441    0.4484   1.611e-06  p
net384                      1.80    0.003    0.249    0.3891   1.604e-06  p
net932                      1.80    0.005    0.420    0.1898   1.599e-06  p
net506                      1.80    0.002    0.517    0.4091   1.597e-06  p
net160                      1.80    0.004    0.421    0.2797   1.595e-06  p
net111                      1.80    0.008    0.624    0.1244   1.592e-06  p
net350                      1.80    0.011    0.396    0.0866   1.592e-06  p
net516                      1.80    0.003    0.418    0.3046   1.586e-06  p
net646                      1.80    0.003    0.339    0.3276   1.574e-06  p
net99                       1.80    0.005    0.639    0.1895   1.568e-06  p
net535                      1.80    0.003    0.504    0.3854   1.564e-06  p
net259                      1.80    0.028    0.984    0.0339   1.561e-06  p
net154                      1.80    0.010    0.252    0.0918   1.560e-06  p
net541                      1.80    0.003    0.489    0.3554   1.559e-06  p
net428                      1.80    0.002    0.429    0.3987   1.552e-06  p
net703                      1.80    0.009    0.154    0.1032   1.541e-06  p
clknet_1_1__leaf_net445     1.80    0.004    0.603    0.2377   1.538e-06  p
net791                      1.80    0.006    0.524    0.1526   1.516e-06  p
net390                      1.80    0.004    0.496    0.2312   1.512e-06  p
net310                      1.80    0.003    0.564    0.3295   1.509e-06  p
clknet_1_0__leaf_net480     1.80    0.008    0.334    0.1130   1.509e-06  p
net694                      1.80    0.006    0.854    0.1516   1.502e-06  p
net623                      1.80    0.003    0.391    0.3087   1.501e-06  p
net678                      1.80    0.003    0.504    0.3209   1.500e-06  p
net504                      1.80    0.003    0.564    0.3437   1.497e-06  p
net590                      1.80    0.005    0.555    0.1770   1.482e-06  p
net112                      1.80    0.007    0.656    0.1271   1.482e-06  p
net505                      1.80    0.003    0.502    0.2977   1.478e-06  p
net880                      1.80    0.009    0.500    0.1000   1.476e-06  a
net237                      1.80    0.032    0.928    0.0283   1.476e-06  p
net715                      1.80    0.004    0.477    0.2449   1.476e-06  p
clknet_0_net771             1.80    0.018    0.256    0.0500   1.476e-06  p
net772                      1.80    0.010    0.508    0.0924   1.475e-06  p
clknet_1_1__leaf_net464     1.80    0.012    0.323    0.0769   1.475e-06  p
net915                      1.80    0.014    0.901    0.0646   1.474e-06  p
net480                      1.80    0.008    0.334    0.1130   1.474e-06  p
net811                      1.80    0.005    0.645    0.1978   1.472e-06  p
net404                      1.80    0.025    0.728    0.0356   1.464e-06  p
net827                      1.80    0.009    0.500    0.1000   1.448e-06  a
net151                      1.80    0.047    0.369    0.0190   1.443e-06  p
net128                      1.80    0.019    0.832    0.0473   1.437e-06  p
net513                      1.80    0.002    0.575    0.3898   1.423e-06  p
net986                      1.80    0.003    0.560    0.3077   1.420e-06  p
clknet_1_0__leaf_net930     1.80    0.013    0.245    0.0649   1.418e-06  p
net493                      1.80    0.002    0.675    0.4131   1.408e-06  p
clknet_1_0__leaf_net350     1.80    0.010    0.396    0.0866   1.407e-06  p
net628                      1.80    0.003    0.496    0.2640   1.407e-06  p
net509                      1.80    0.003    0.314    0.2597   1.406e-06  p
net163                      1.80    0.004    0.613    0.2279   1.404e-06  p
net265                      1.80    0.002    0.273    0.3902   1.401e-06  p
clknet_1_1__leaf_net344     1.80    0.011    0.389    0.0794   1.397e-06  p
clknet_1_1__leaf_net753     1.80    0.020    0.217    0.0431   1.390e-06  p
clknet_1_0__leaf_net154     1.80    0.009    0.252    0.0918   1.388e-06  p
net857                      1.80    0.009    0.500    0.1000   1.384e-06  a
net364                      1.80    0.002    0.500    0.3597   1.383e-06  p
clknet_1_1__leaf_net446     1.80    0.005    0.604    0.1891   1.382e-06  p
net547                      1.80    0.005    0.876    0.1622   1.381e-06  p
net620                      1.80    0.003    0.591    0.2519   1.381e-06  p
clknet_1_1__leaf_net930     1.80    0.013    0.245    0.0649   1.375e-06  p
net930                      1.80    0.013    0.245    0.0649   1.374e-06  p
clknet_1_0__leaf_net707     1.80    0.009    0.486    0.0971   1.374e-06  p
net634                      1.80    0.009    0.426    0.0917   1.373e-06  p
net452                      1.80    0.013    0.802    0.0663   1.372e-06  p
net565                      1.80    0.004    0.454    0.2025   1.371e-06  p
net888                      1.80    0.020    0.174    0.0425   1.366e-06  p
net508                      1.80    0.003    0.486    0.2777   1.355e-06  p
net274                      1.80    0.002    0.434    0.3536   1.355e-06  p
net1029                     1.80    0.004    0.415    0.2218   1.354e-06  p
net518                      1.80    0.003    0.513    0.2907   1.348e-06  p
clknet_0_net353             1.80    0.020    0.030    0.0406   1.344e-06  p
clknet_1_1__leaf_net567     1.80    0.004    0.562    0.2231   1.344e-06  p
net59                       1.80    0.002    0.553    0.3533   1.337e-06  p
net273                      1.80    0.030    0.941    0.0273   1.334e-06  p
net1019                     1.80    0.004    0.415    0.2218   1.327e-06  p
net462                      1.80    0.003    0.626    0.3135   1.327e-06  p
net677                      1.80    0.003    0.497    0.2905   1.326e-06  p
clknet_1_1__leaf_net480     1.80    0.007    0.334    0.1130   1.326e-06  p
net735                      1.80    0.007    0.272    0.1085   1.314e-06  p
net640                      1.80    0.006    0.546    0.1362   1.311e-06  p
net812                      1.80    0.005    0.541    0.1764   1.309e-06  p
net1064                     1.80    0.004    0.202    0.1807   1.308e-06  p
net344                      1.80    0.010    0.389    0.0794   1.306e-06  p
net1088                     1.80    0.004    0.431    0.1834   1.304e-06  p
net520                      1.80    0.003    0.479    0.2757   1.303e-06  p
net451                      1.80    0.012    0.198    0.0663   1.302e-06  p
net629                      1.80    0.004    0.475    0.1959   1.301e-06  p
net607                      1.80    0.003    0.411    0.2617   1.301e-06  p
net470                      1.80    0.006    0.601    0.1236   1.291e-06  p
net1097                     1.80    0.005    0.570    0.1518   1.285e-06  p
net285                      1.80    0.006    0.333    0.1249   1.283e-06  p
net494                      1.80    0.004    0.384    0.1998   1.283e-06  p
net167                      1.80    0.003    0.340    0.2902   1.281e-06  p
net631                      1.80    0.002    0.599    0.3301   1.275e-06  p
net787                      1.80    0.035    0.606    0.0225   1.275e-06  p
net892                      1.80    0.016    0.242    0.0503   1.270e-06  p
net1100                     1.80    0.005    0.570    0.1518   1.268e-06  p
net180                      1.80    0.005    0.518    0.1532   1.262e-06  p
net561                      1.80    0.015    0.658    0.0531   1.259e-06  p
net370                      1.80    0.002    0.172    0.3309   1.258e-06  p
net522                      1.80    0.003    0.525    0.2383   1.258e-06  p
net287                      1.80    0.004    0.414    0.1999   1.254e-06  p
net564                      1.80    0.002    0.574    0.3380   1.253e-06  p
net710                      1.80    0.008    0.447    0.0911   1.251e-06  p
net666                      1.80    0.002    0.603    0.3850   1.246e-06  p
net178                      1.80    0.005    0.874    0.1478   1.245e-06  p
net369                      1.80    0.004    0.249    0.2037   1.239e-06  p
net150                      1.80    0.002    0.489    0.3728   1.239e-06  p
net429                      1.80    0.032    0.430    0.0237   1.239e-06  p
net1075                     1.80    0.005    0.665    0.1511   1.238e-06  p
clknet_0_net753             1.80    0.018    0.217    0.0431   1.237e-06  p
net651                      1.80    0.004    0.235    0.1802   1.235e-06  p
net632                      1.80    0.003    0.571    0.2203   1.233e-06  p
net469                      1.80    0.012    0.315    0.0654   1.233e-06  p
net349                      1.80    0.003    0.557    0.2333   1.233e-06  p
net333                      1.80    0.005    0.463    0.1404   1.232e-06  p
net588                      1.80    0.002    0.588    0.3130   1.228e-06  p
net1023                     1.80    0.003    0.415    0.2218   1.224e-06  p
net519                      1.80    0.003    0.387    0.2552   1.222e-06  p
net751                      1.80    0.045    0.768    0.0167   1.222e-06  p
net902                      1.80    0.025    0.447    0.0296   1.220e-06  p
net644                      1.80    0.006    0.506    0.1169   1.215e-06  p
net383                      1.80    0.003    0.536    0.2952   1.209e-06  p
net110                      1.80    0.004    0.658    0.1795   1.209e-06  p
net689                      1.80    0.032    0.980    0.0234   1.207e-06  p
net589                      1.80    0.002    0.637    0.3004   1.206e-06  p
net571                      1.80    0.006    0.302    0.1201   1.204e-06  p
net1027                     1.80    0.003    0.415    0.2218   1.203e-06  p
net331                      1.80    0.005    0.510    0.1554   1.197e-06  p
net716                      1.80    0.036    0.042    0.0201   1.190e-06  p
net329                      1.80    0.002    0.363    0.3526   1.189e-06  p
net1071                     1.80    0.003    0.832    0.2908   1.181e-06  p
net840                      1.80    0.007    0.500    0.1000   1.181e-06  a
net357                      1.80    0.026    0.639    0.0284   1.178e-06  p
net810                      1.80    0.004    0.643    0.1737   1.176e-06  p
clknet_1_1__leaf_net889     1.80    0.005    0.458    0.1525   1.174e-06  p
net1020                     1.80    0.003    0.415    0.2218   1.169e-06  p
net315                      1.80    0.014    0.240    0.0506   1.169e-06  p
net657                      1.80    0.003    0.583    0.2618   1.162e-06  p
clknet_0_net769             1.80    0.020    0.193    0.0367   1.159e-06  p
net176                      1.80    0.003    0.476    0.2392   1.153e-06  p
net1098                     1.80    0.005    0.570    0.1518   1.145e-06  p
net774                      1.80    0.027    0.935    0.0259   1.144e-06  p
net788                      1.80    0.041    0.242    0.0173   1.135e-06  p
net576                      1.80    0.003    0.394    0.2492   1.131e-06  p
net532                      1.80    0.018    0.456    0.0395   1.128e-06  p
net529                      1.80    0.029    0.398    0.0240   1.127e-06  p
clknet_1_1__leaf_net350     1.80    0.008    0.396    0.0866   1.126e-06  p
net403                      1.80    0.019    0.271    0.0359   1.120e-06  p
net569                      1.80    0.004    0.596    0.1758   1.118e-06  p
net789                      1.80    0.012    0.293    0.0590   1.117e-06  p
net378                      1.80    0.002    0.338    0.3867   1.113e-06  p
net473                      1.80    0.007    0.470    0.1001   1.111e-06  p
net566                      1.80    0.003    0.598    0.2358   1.111e-06  p
net924                      1.80    0.005    0.590    0.1283   1.104e-06  p
net1022                     1.80    0.003    0.415    0.2218   1.097e-06  p
net858                      1.80    0.007    0.500    0.1000   1.089e-06  a
net775                      1.80    0.026    0.063    0.0256   1.086e-06  p
net153                      1.80    0.002    0.558    0.2982   1.079e-06  p
net458                      1.80    0.022    0.660    0.0296   1.073e-06  p
net457                      1.80    0.022    0.340    0.0296   1.070e-06  p
net164                      1.80    0.003    0.446    0.2447   1.067e-06  p
net650                      1.80    0.004    0.477    0.1776   1.067e-06  p
net786                      1.80    0.028    0.430    0.0237   1.067e-06  p
clknet_0_net595             1.80    0.019    0.585    0.0340   1.066e-06  p
net750                      1.80    0.027    0.563    0.0246   1.066e-06  p
net583                      1.80    0.009    0.520    0.0765   1.066e-06  p
net280                      1.80    0.004    0.342    0.1774   1.064e-06  p
clknet_1_0__leaf_net464     1.80    0.009    0.323    0.0769   1.063e-06  p
net800                      1.80    0.026    0.533    0.0253   1.059e-06  p
net405                      1.80    0.003    0.358    0.2384   1.058e-06  p
net326                      1.80    0.003    0.136    0.1961   1.057e-06  p
net330                      1.80    0.003    0.661    0.2301   1.051e-06  p
net614                      1.80    0.002    0.502    0.2682   1.048e-06  p
clknet_1_1__leaf_net770     1.80    0.010    0.318    0.0656   1.047e-06  p
net996                      1.80    0.003    0.415    0.2218   1.044e-06  p
net749                      1.80    0.025    0.487    0.0260   1.042e-06  p
net292                      1.80    0.004    0.449    0.1765   1.036e-06  p
clknet_1_0__leaf_net752     1.80    0.012    0.254    0.0509   1.028e-06  p
net563                      1.80    0.002    0.591    0.2803   1.027e-06  p
net258                      1.80    0.019    0.016    0.0339   1.026e-06  p
net133                      1.80    0.008    0.388    0.0768   1.024e-06  p
net1028                     1.80    0.003    0.415    0.2218   1.021e-06  p
clknet_1_0__leaf_net622     1.80    0.004    0.522    0.1706   1.018e-06  p
net1001                     1.80    0.003    0.628    0.2160   1.014e-06  p
net436                      1.80    0.003    0.097    0.2340   1.014e-06  p
net291                      1.80    0.002    0.620    0.2799   1.011e-06  p
net419                      1.80    0.007    0.079    0.0916   1.008e-06  p
net727                      1.80    0.020    0.924    0.0316   1.008e-06  p
net708                      1.80    0.008    0.377    0.0765   1.007e-06  p
net226                      1.80    0.020    0.923    0.0302   1.001e-06  p
net555                      1.80    0.026    0.606    0.0238   1.000e-06  p
net323                      1.80    0.012    0.760    0.0506   9.989e-07  p
clknet_1_0__leaf_net376     1.80    0.002    0.511    0.2976   9.912e-07  p
clknet_1_1__leaf_net752     1.80    0.012    0.254    0.0509   9.848e-07  p
net492                      1.80    0.002    0.506    0.2734   9.848e-07  p
net443                      1.80    0.006    0.141    0.1061   9.825e-07  p
net146                      1.80    0.002    0.780    0.2678   9.810e-07  p
net804                      1.80    0.027    0.636    0.0226   9.737e-07  p
clknet_0_net754             1.80    0.019    0.169    0.0322   9.697e-07  p
net406                      1.80    0.004    0.767    0.1644   9.675e-07  p
net244                      1.80    0.003    0.731    0.1865   9.646e-07  p
net147                      1.80    0.006    0.962    0.1037   9.621e-07  p
net1025                     1.80    0.003    0.415    0.2218   9.607e-07  p
net396                      1.80    0.007    0.529    0.0829   9.475e-07  p
net277                      1.80    0.003    0.837    0.2081   9.463e-07  p
net398                      1.80    0.006    0.184    0.0949   9.462e-07  p
clknet_1_0__leaf_net753     1.80    0.014    0.217    0.0431   9.444e-07  p
net773                      1.80    0.006    0.488    0.0923   9.421e-07  p
net434                      1.80    0.005    0.141    0.1061   9.394e-07  p
clknet_1_1__leaf_net707     1.80    0.006    0.486    0.0971   9.291e-07  p
net515                      1.80    0.003    0.591    0.2079   9.254e-07  p
net109                      1.80    0.020    0.071    0.0282   9.238e-07  p
net656                      1.80    0.003    0.324    0.1667   9.229e-07  p
net755                      1.80    0.004    0.649    0.1597   9.200e-07  p
net399                      1.80    0.003    0.298    0.2001   9.073e-07  p
net278                      1.80    0.003    0.875    0.1820   9.062e-07  p
net654                      1.80    0.003    0.500    0.1892   9.051e-07  p
net230                      1.80    0.018    0.923    0.0302   8.957e-07  p
net127                      1.80    0.006    0.507    0.0985   8.944e-07  p
net593                      1.80    0.004    0.503    0.1497   8.934e-07  p
net1024                     1.80    0.002    0.415    0.2218   8.905e-07  p
net594                      1.80    0.034    0.506    0.0159   8.807e-07  p
net303                      1.80    0.012    0.051    0.0467   8.788e-07  p
net933                      1.80    0.017    0.924    0.0316   8.787e-07  p
clknet_1_0__leaf_net595     1.80    0.016    0.585    0.0340   8.753e-07  p
net169                      1.80    0.003    0.420    0.1898   8.730e-07  p
net139                      1.80    0.005    0.647    0.1065   8.689e-07  p
clknet_1_0__leaf_net445     1.80    0.002    0.603    0.2377   8.671e-07  p
net61                       1.80    0.006    0.870    0.0819   8.619e-07  p
net600                      1.80    0.002    0.431    0.2243   8.615e-07  p
net572                      1.80    0.003    0.596    0.1758   8.599e-07  p
net753                      1.80    0.012    0.217    0.0431   8.577e-07  p
net821                      1.80    0.023    0.572    0.0227   8.570e-07  p
net132                      1.80    0.004    0.839    0.1273   8.552e-07  p
clknet_1_1__leaf_net622     1.80    0.003    0.522    0.1706   8.432e-07  p
net387                      1.80    0.002    0.628    0.2499   8.400e-07  p
net914                      1.80    0.021    0.868    0.0246   8.399e-07  p
clknet_1_1__leaf_net595     1.80    0.015    0.585    0.0340   8.366e-07  p
clknet_0_net482             1.80    0.018    0.989    0.0291   8.288e-07  p
net1082                     1.80    0.003    0.419    0.1658   8.261e-07  p
net626                      1.80    0.005    0.598    0.1051   8.233e-07  p
net618                      1.80    0.007    0.855    0.0684   8.232e-07  p
net478                      1.80    0.014    0.044    0.0352   8.172e-07  p
net903                      1.80    0.016    0.924    0.0316   8.137e-07  p
net448                      1.80    0.024    0.313    0.0206   8.115e-07  p
net771                      1.80    0.010    0.256    0.0500   8.111e-07  p
net542                      1.80    0.014    0.017    0.0354   8.016e-07  p
net995                      1.80    0.002    0.516    0.2058   7.938e-07  p
net619                      1.80    0.003    0.739    0.1701   7.907e-07  p
net389                      1.80    0.007    0.633    0.0724   7.897e-07  p
net497                      1.80    0.015    0.239    0.0330   7.831e-07  p
net156                      1.80    0.005    0.265    0.0952   7.808e-07  p
net289                      1.80    0.004    0.889    0.1199   7.762e-07  p
net282                      1.80    0.012    0.069    0.0406   7.761e-07  p
clknet_1_1__leaf_net154     1.80    0.005    0.252    0.0918   7.724e-07  p
net573                      1.80    0.011    0.847    0.0429   7.697e-07  p
net322                      1.80    0.022    0.024    0.0215   7.616e-07  p
net459                      1.80    0.002    0.580    0.2154   7.589e-07  p
net752                      1.80    0.009    0.254    0.0509   7.582e-07  p
net424                      1.80    0.002    0.203    0.2319   7.579e-07  p
net831                      1.80    0.005    0.500    0.1000   7.561e-07  a
clknet_1_0__leaf_net771     1.80    0.009    0.256    0.0500   7.553e-07  p
net142                      1.80    0.003    0.846    0.1519   7.517e-07  p
net388                      1.80    0.006    0.366    0.0726   7.481e-07  p
net155                      1.80    0.024    0.369    0.0190   7.417e-07  p
clknet_1_0__leaf_net477     1.80    0.005    0.667    0.0887   7.344e-07  p
net1054                     1.80    0.017    0.487    0.0260   7.268e-07  p
net1026                     1.80    0.002    0.415    0.2218   7.224e-07  p
net905                      1.80    0.020    0.053    0.0217   7.202e-07  p
net449                      1.80    0.002    0.193    0.1764   7.128e-07  p
net809                      1.80    0.003    0.399    0.1415   7.117e-07  p
net1053                     1.80    0.012    0.017    0.0354   7.069e-07  p
net621                      1.80    0.002    0.542    0.1796   7.037e-07  p
net243                      1.80    0.014    0.923    0.0302   7.023e-07  p
net723                      1.80    0.015    0.928    0.0283   6.995e-07  p
net511                      1.80    0.003    0.639    0.1316   6.819e-07  p
net784                      1.80    0.027    0.786    0.0154   6.754e-07  p
clknet_1_1__leaf_net469     1.80    0.006    0.315    0.0654   6.733e-07  p
net401                      1.80    0.003    0.544    0.1271   6.707e-07  p
out33                       1.80    0.001    0.532    0.5052   6.695e-07  p
net116                      1.80    0.004    0.506    0.0988   6.688e-07  p
net754                      1.80    0.013    0.169    0.0322   6.685e-07  p
net284                      1.80    0.003    0.667    0.1249   6.629e-07  p
net149                      1.80    0.002    0.412    0.2329   6.619e-07  p
net756                      1.80    0.003    0.526    0.1326   6.584e-07  p
net769                      1.80    0.011    0.193    0.0367   6.578e-07  p
net686                      1.80    0.013    0.923    0.0302   6.572e-07  p
net595                      1.80    0.012    0.585    0.0340   6.549e-07  p
net606                      1.80    0.002    0.505    0.2093   6.524e-07  p
net801                      1.80    0.018    0.401    0.0223   6.522e-07  p
clknet_1_0__leaf_net708     1.80    0.005    0.377    0.0765   6.515e-07  p
net440                      1.80    0.005    0.973    0.0754   6.511e-07  p
net447                      1.80    0.002    0.618    0.1920   6.510e-07  p
net1012                     1.80    0.003    0.547    0.1528   6.507e-07  p
net487                      1.80    0.008    0.238    0.0471   6.213e-07  p
net353                      1.80    0.009    0.030    0.0406   6.163e-07  p
net603                      1.80    0.002    0.729    0.1719   6.157e-07  p
net456                      1.80    0.002    0.168    0.1748   6.118e-07  p
net430                      1.80    0.018    0.677    0.0210   6.099e-07  p
net616                      1.80    0.005    0.580    0.0776   6.093e-07  p
net339                      1.80    0.003    0.263    0.1196   6.073e-07  p
out49                       1.80    0.001    0.501    0.4510   6.006e-07  p
net276                      1.80    0.013    0.941    0.0273   5.855e-07  p
net648                      1.80    0.004    0.061    0.0869   5.849e-07  p
net891                      1.80    0.007    0.133    0.0507   5.808e-07  p
net612                      1.80    0.003    0.749    0.1254   5.796e-07  p
net1060                     1.80    0.004    0.839    0.0948   5.720e-07  p
net724                      1.80    0.013    0.941    0.0273   5.718e-07  p
net400                      1.80    0.022    0.974    0.0157   5.675e-07  p
net352                      1.80    0.020    0.983    0.0177   5.647e-07  p
net410                      1.80    0.010    0.017    0.0354   5.634e-07  p
clknet_1_0__leaf_net754     1.80    0.011    0.169    0.0322   5.589e-07  p
net121                      1.80    0.003    0.506    0.0988   5.522e-07  p
net174                      1.80    0.003    0.550    0.1205   5.449e-07  p
net335                      1.80    0.002    0.495    0.1553   5.410e-07  p
net482                      1.80    0.011    0.989    0.0291   5.351e-07  p
net386                      1.80    0.015    0.737    0.0218   5.321e-07  p
net479                      1.80    0.006    0.690    0.0524   5.259e-07  p
clknet_1_1__leaf_net710     1.80    0.004    0.447    0.0911   5.240e-07  p
net693                      1.80    0.003    0.500    0.1000   5.223e-07  a
out20                       1.80    0.002    0.495    0.2091   5.211e-07  p
net290                      1.80    0.002    0.322    0.1315   5.191e-07  p
net425                      1.80    0.007    0.820    0.0480   5.161e-07  p
clknet_1_1__leaf_net892     1.80    0.006    0.242    0.0503   5.127e-07  p
net717                      1.80    0.012    0.122    0.0270   5.069e-07  p
net548                      1.80    0.004    0.052    0.0746   5.048e-07  p
net332                      1.80    0.002    0.537    0.1404   5.021e-07  p
net159                      1.80    0.003    0.276    0.1173   5.013e-07  p
clknet_1_0__leaf_net769     1.80    0.008    0.193    0.0367   4.998e-07  p
net338                      1.80    0.002    0.094    0.1331   4.895e-07  p
net491                      1.80    0.004    0.848    0.0716   4.830e-07  p
clknet_0_net919             1.80    0.020    0.892    0.0146   4.798e-07  p
net1091                     1.80    0.012    0.430    0.0237   4.787e-07  p
net803                      1.80    0.013    0.572    0.0230   4.744e-07  p
net582                      1.80    0.013    0.460    0.0213   4.637e-07  p
net351                      1.80    0.016    0.017    0.0177   4.631e-07  p
out44                       1.80    0.001    0.529    0.3470   4.580e-07  p
net252                      1.80    0.014    0.022    0.0198   4.562e-07  p
net122                      1.80    0.003    0.508    0.0992   4.544e-07  p
net726                      1.80    0.021    0.971    0.0136   4.518e-07  p
net587                      1.80    0.002    0.810    0.1149   4.516e-07  p
net44                       1.80    0.001    0.251    0.2335   4.478e-07  pm
net426                      1.80    0.003    0.286    0.1032   4.474e-07  p
net712                      1.80    0.009    0.084    0.0294   4.445e-07  p
net1083                     1.80    0.003    0.720    0.1081   4.439e-07  p
net356                      1.80    0.010    0.359    0.0283   4.376e-07  p
clknet_1_1__leaf_net708     1.80    0.004    0.377    0.0765   4.349e-07  p
out10                       1.80    0.001    0.504    0.2701   4.304e-07  p
net919                      1.80    0.018    0.892    0.0146   4.248e-07  p
clknet_1_1__leaf_net477     1.80    0.003    0.667    0.0887   4.245e-07  p
net476                      1.80    0.015    0.963    0.0179   4.242e-07  p
clknet_1_1__leaf_net754     1.80    0.008    0.169    0.0322   4.242e-07  p
net56                       1.80    0.009    0.068    0.0297   4.214e-07  p
net597                      1.80    0.004    0.551    0.0711   4.173e-07  p
net604                      1.80    0.006    0.645    0.0426   4.165e-07  p
clknet_1_0__leaf_net353     1.80    0.006    0.030    0.0406   4.106e-07  p
net354                      1.80    0.002    0.105    0.1151   4.092e-07  p
net1089                     1.80    0.003    0.366    0.0729   4.079e-07  p
out41                       1.80    0.001    0.560    0.3077   4.057e-07  p
net438                      1.80    0.004    0.036    0.0584   4.048e-07  p
net931                      1.80    0.012    0.605    0.0204   4.030e-07  p
net468                      1.80    0.004    0.314    0.0640   4.006e-07  p
clknet_1_0__leaf_net789     1.80    0.004    0.293    0.0590   3.970e-07  p
clknet_1_1__leaf_net789     1.80    0.004    0.293    0.0590   3.957e-07  p
clknet_1_0__leaf_net469     1.80    0.004    0.315    0.0654   3.921e-07  p
out2                        1.80    0.001    0.754    0.2857   3.921e-07  p
net580                      1.80    0.003    0.389    0.0794   3.920e-07  p
net711                      1.80    0.008    0.914    0.0298   3.915e-07  p
net270                      1.80    0.017    0.971    0.0139   3.886e-07  p
clknet_1_0__leaf_net710     1.80    0.003    0.447    0.0911   3.855e-07  p
net560                      1.80    0.003    0.580    0.0781   3.851e-07  p
out60                       1.80    0.000    0.546    0.5089   3.849e-07  p
net685                      1.80    0.010    0.967    0.0246   3.830e-07  p
net743                      1.80    0.023    0.274    0.0101   3.768e-07  p
net581                      1.80    0.011    0.531    0.0213   3.752e-07  p
clknet_1_1__leaf_net771     1.80    0.005    0.256    0.0500   3.744e-07  p
net680                      1.80    0.016    0.018    0.0141   3.735e-07  p
out11                       1.80    0.001    0.500    0.3460   3.704e-07  p
net437                      1.80    0.009    0.398    0.0240   3.676e-07  p
net1069                     1.80    0.002    0.530    0.1000   3.593e-07  p
out46                       1.80    0.001    0.703    0.2687   3.543e-07  p
net467                      1.80    0.006    0.823    0.0375   3.540e-07  p
net1092                     1.80    0.005    0.174    0.0425   3.490e-07  p
net552                      1.80    0.003    0.052    0.0746   3.490e-07  p
net731                      1.80    0.002    0.839    0.0948   3.484e-07  p
net713                      1.80    0.008    0.902    0.0282   3.460e-07  p
net746                      1.80    0.009    0.603    0.0240   3.456e-07  p
net466                      1.80    0.006    0.177    0.0375   3.407e-07  p
out22                       1.80    0.001    0.154    0.1517   3.378e-07  p
out24                       1.80    0.000    0.362    0.4448   3.354e-07  p
net377                      1.80    0.020    0.964    0.0100   3.306e-07  p
net668                      1.80    0.004    0.579    0.0537   3.305e-07  p
net748                      1.80    0.009    0.617    0.0238   3.293e-07  p
net783                      1.80    0.011    0.614    0.0177   3.288e-07  p
net60                       1.80    0.008    0.429    0.0240   3.286e-07  p
clknet_1_1__leaf_net353     1.80    0.005    0.030    0.0406   3.271e-07  p
net702                      1.80    0.006    0.017    0.0354   3.238e-07  p
net782                      1.80    0.011    0.376    0.0178   3.206e-07  p
net250                      1.80    0.009    0.978    0.0216   3.203e-07  p
net808                      1.80    0.004    0.244    0.0491   3.180e-07  p
net251                      1.80    0.009    0.021    0.0213   3.135e-07  p
net119                      1.80    0.009    0.977    0.0220   3.061e-07  p
out32                       1.80    0.001    0.832    0.2908   3.049e-07  p
net474                      1.80    0.002    0.530    0.1000   3.049e-07  p
net823                      1.80    0.008    0.607    0.0242   3.015e-07  p
clknet_1_0__leaf_net919     1.80    0.013    0.892    0.0146   3.015e-07  p
net62                       1.80    0.006    0.924    0.0316   3.010e-07  p
net792                      1.80    0.002    0.369    0.0748   3.007e-07  p
net1058                     1.80    0.009    0.310    0.0202   2.983e-07  p
net793                      1.80    0.002    0.628    0.0751   2.922e-07  p
net55                       1.80    0.006    0.931    0.0300   2.846e-07  p
net822                      1.80    0.007    0.429    0.0240   2.812e-07  p
net574                      1.80    0.004    0.830    0.0487   2.772e-07  p
clknet_1_1__leaf_net769     1.80    0.005    0.193    0.0367   2.716e-07  p
net1073                     1.80    0.008    0.042    0.0201   2.708e-07  p
net639                      1.80    0.003    0.240    0.0506   2.690e-07  p
net433                      1.80    0.008    0.677    0.0210   2.666e-07  p
net681                      1.80    0.009    0.026    0.0178   2.653e-07  p
net1065                     1.80    0.011    0.203    0.0153   2.620e-07  p
net1061                     1.80    0.007    0.605    0.0225   2.511e-07  p
net238                      1.80    0.005    0.923    0.0302   2.497e-07  p
net684                      1.80    0.006    0.032    0.0240   2.495e-07  p
net1056                     1.80    0.007    0.313    0.0206   2.476e-07  p
net802                      1.80    0.007    0.590    0.0225   2.424e-07  p
net807                      1.80    0.005    0.152    0.0317   2.420e-07  p
net475                      1.80    0.008    0.037    0.0179   2.418e-07  p
net442                      1.80    0.002    0.279    0.0662   2.416e-07  p
net1062                     1.80    0.003    0.238    0.0471   2.352e-07  p
net638                      1.80    0.003    0.760    0.0506   2.329e-07  p
out36                       1.80    0.001    0.127    0.1645   2.314e-07  p
net785                      1.80    0.009    0.203    0.0153   2.282e-07  p
net1066                     1.80    0.005    0.914    0.0298   2.279e-07  p
net714                      1.80    0.005    0.092    0.0277   2.251e-07  p
out58                       1.80    0.001    0.643    0.1642   2.218e-07  p
net764                      1.80    0.007    0.402    0.0190   2.210e-07  p
net722                      1.80    0.005    0.071    0.0282   2.192e-07  p
net1090                     1.80    0.006    0.617    0.0238   2.164e-07  p
net432                      1.80    0.004    0.591    0.0355   2.153e-07  p
out61                       1.80    0.001    0.236    0.2225   2.132e-07  p
out57                       1.80    0.001    0.348    0.1595   2.105e-07  p
net1087                     1.80    0.005    0.603    0.0240   2.067e-07  p
out40                       1.80    0.001    0.159    0.0945   2.059e-07  p
out6                        1.80    0.001    0.714    0.2127   2.031e-07  p
net674                      1.80    0.006    0.230    0.0220   2.007e-07  p
out18                       1.80    0.001    0.168    0.1748   1.990e-07  p
out26                       1.80    0.001    0.199    0.1915   1.974e-07  p
net635                      1.80    0.009    0.537    0.0133   1.945e-07  p
out35                       1.80    0.001    0.708    0.2114   1.927e-07  p
out19                       1.80    0.001    0.554    0.1640   1.909e-07  p
net641                      1.80    0.006    0.677    0.0210   1.882e-07  p
net177                      1.80    0.011    0.274    0.0101   1.879e-07  p
net659                      1.80    0.004    0.447    0.0296   1.867e-07  p
out47                       1.80    0.001    0.590    0.1283   1.822e-07  p
net704                      1.80    0.005    0.508    0.0249   1.822e-07  p
net660                      1.80    0.004    0.553    0.0296   1.753e-07  p
out29                       1.80    0.000    0.731    0.2314   1.752e-07  p
net1057                     1.80    0.004    0.132    0.0246   1.731e-07  p
out31                       1.80    0.000    0.201    0.2196   1.730e-07  p
net165                      1.80    0.017    0.984    0.0063   1.725e-07  p
net1070                     1.80    0.004    0.359    0.0282   1.718e-07  p
net592                      1.80    0.007    0.201    0.0151   1.708e-07  p
net1079                     1.80    0.005    0.636    0.0226   1.700e-07  p
out34                       1.80    0.001    0.661    0.1949   1.696e-07  p
net745                      1.80    0.004    0.388    0.0239   1.681e-07  p
out50                       1.80    0.001    0.502    0.1227   1.651e-07  p
out59                       1.80    0.001    0.948    0.1225   1.620e-07  p
out25                       1.80    0.001    0.107    0.1122   1.603e-07  p
net720                      1.80    0.003    0.251    0.0284   1.594e-07  p
net328                      1.80    0.006    0.071    0.0160   1.592e-07  p
net925                      1.80    0.017    0.013    0.0056   1.573e-07  p
net645                      1.80    0.005    0.369    0.0190   1.530e-07  p
net402                      1.80    0.004    0.900    0.0213   1.529e-07  p
out54                       1.80    0.000    0.420    0.1898   1.471e-07  p
out37                       1.80    0.000    0.741    0.1900   1.449e-07  p
net766                      1.80    0.011    0.886    0.0084   1.447e-07  p
net763                      1.80    0.005    0.588    0.0188   1.433e-07  p
net179                      1.80    0.004    0.429    0.0240   1.416e-07  p
clknet_1_1__leaf_net919     1.80    0.006    0.892    0.0146   1.406e-07  p
net719                      1.80    0.019    0.016    0.0047   1.404e-07  p
net799                      1.80    0.003    0.459    0.0253   1.396e-07  p
out39                       1.80    0.001    0.901    0.0646   1.391e-07  p
net461                      1.80    0.015    0.996    0.0056   1.390e-07  p
net1072                     1.80    0.004    0.605    0.0203   1.339e-07  p
out15                       1.80    0.001    0.302    0.0756   1.317e-07  p
net346                      1.80    0.003    0.084    0.0294   1.317e-07  p
out30                       1.80    0.001    0.827    0.1255   1.316e-07  p
net1063                     1.80    0.003    0.930    0.0300   1.291e-07  p
out7                        1.80    0.001    0.146    0.1516   1.288e-07  p
net115                      1.80    0.003    0.928    0.0283   1.257e-07  p
net1085                     1.80    0.003    0.590    0.0225   1.246e-07  p
net721                      1.80    0.003    0.741    0.0284   1.223e-07  p
out9                        1.80    0.002    0.762    0.0471   1.215e-07  p
net158                      1.80    0.003    0.607    0.0242   1.215e-07  p
net577                      1.80    0.003    0.572    0.0227   1.172e-07  p
out4                        1.80    0.001    0.157    0.1017   1.172e-07  p
out14                       1.80    0.000    0.458    0.1525   1.166e-07  p
out21                       1.80    0.000    0.474    0.1527   1.165e-07  p
net1086                     1.80    0.004    0.402    0.0190   1.156e-07  p
net172                      1.80    0.002    0.924    0.0316   1.148e-07  p
net325                      1.80    0.006    0.991    0.0122   1.146e-07  p
net673                      1.80    0.003    0.760    0.0223   1.139e-07  p
net765                      1.80    0.009    0.104    0.0080   1.114e-07  p
net540                      1.80    0.002    0.017    0.0354   1.113e-07  p
net495                      1.80    0.004    0.014    0.0160   1.105e-07  p
net557                      1.80    0.005    0.730    0.0124   1.089e-07  p
net365                      1.80    0.005    0.537    0.0133   1.088e-07  p
net1080                     1.80    0.003    0.429    0.0240   1.055e-07  p
net385                      1.80    0.003    0.263    0.0218   1.051e-07  p
net1077                     1.80    0.003    0.374    0.0236   1.016e-07  p
net1074                     1.80    0.004    0.018    0.0141   1.008e-07  p
out51                       1.80    0.000    0.734    0.1314   9.814e-08  p
net682                      1.80    0.010    0.005    0.0058   9.655e-08  p
net483                      1.80    0.004    0.787    0.0157   9.369e-08  p
net820                      1.80    0.003    0.313    0.0206   9.124e-08  p
net672                      1.80    0.002    0.132    0.0246   9.072e-08  p
net257                      1.80    0.007    0.017    0.0085   9.063e-08  p
net819                      1.80    0.003    0.677    0.0210   9.060e-08  p
out12                       1.80    0.000    0.349    0.1133   8.910e-08  p
net922                      1.80    0.002    0.607    0.0242   8.587e-08  p
clknet_1_1__leaf_net482     1.80    0.002    0.989    0.0291   8.528e-08  p
net741                      1.80    0.002    0.581    0.0219   8.506e-08  p
clknet_1_0__leaf_net482     1.80    0.002    0.989    0.0291   8.397e-08  p
net747                      1.80    0.002    0.374    0.0236   8.352e-08  p
out1                        1.80    0.001    0.313    0.0630   8.316e-08  p
out52                       1.80    0.001    0.245    0.0649   8.206e-08  p
out56                       1.80    0.000    0.604    0.1050   7.989e-08  p
net496                      1.80    0.003    0.986    0.0160   7.906e-08  p
net498                      1.80    0.003    0.975    0.0185   7.629e-08  p
net558                      1.80    0.004    0.261    0.0120   7.569e-08  p
net1081                     1.80    0.003    0.201    0.0151   7.369e-08  p
net1055                     1.80    0.012    0.988    0.0034   6.669e-08  p
out17                       1.80    0.001    0.242    0.0503   6.640e-08  p
net608                      1.80    0.003    0.984    0.0120   6.599e-08  p
net489                      1.80    0.012    0.988    0.0034   6.463e-08  p
net818                      1.80    0.003    0.787    0.0157   6.425e-08  p
net817                      1.80    0.002    0.201    0.0151   5.955e-08  p
net499                      1.80    0.003    0.042    0.0108   5.941e-08  p
net1068                     1.80    0.002    0.071    0.0160   5.827e-08  p
out13                       1.80    0.001    0.174    0.0425   5.610e-08  p
net1076                     1.80    0.004    0.886    0.0084   5.575e-08  p
net272                      1.80    0.002    0.971    0.0139   5.285e-08  p
net500                      1.80    0.003    0.958    0.0108   4.918e-08  p
out16                       1.80    0.001    0.133    0.0507   4.761e-08  p
net610                      1.80    0.002    0.984    0.0127   4.378e-08  p
out43                       1.80    0.001    0.833    0.0503   4.291e-08  p
out28                       1.80    0.001    0.924    0.0316   4.263e-08  p
out55                       1.80    0.001    0.924    0.0316   4.165e-08  p
net368                      1.80    0.002    0.537    0.0133   4.070e-08  p
net742                      1.80    0.001    0.409    0.0217   3.946e-08  pm
net324                      1.80    0.002    0.009    0.0122   3.836e-08  p
out3                        1.80    0.001    0.053    0.0217   3.730e-08  p
net361                      1.80    0.001    0.483    0.0247   3.674e-08  pm
net173                      1.80    0.002    0.274    0.0101   3.339e-08  p
out45                       1.80    0.001    0.607    0.0242   3.196e-08  p
net683                      1.80    0.003    0.995    0.0061   3.153e-08  p
net293                      1.80    0.000    0.866    0.0508   2.791e-08  pm
net653                      1.80    0.003    0.013    0.0056   2.770e-08  p
net652                      1.80    0.003    0.984    0.0063   2.722e-08  p
out5                        1.80    0.001    0.553    0.0296   2.563e-08  p
out27                       1.80    0.001    0.447    0.0296   2.561e-08  p
net106                      1.80    0.001    0.901    0.0224   2.263e-08  pm
net706                      1.80    0.019    0.984    0.0007   1.990e-08  p
out38                       1.80    0.000    0.868    0.0246   1.802e-08  p
net488                      1.80    0.016    0.984    0.0007   1.659e-08  p
out53                       1.80    0.000    0.605    0.0203   1.644e-08  p
out42                       1.80    0.000    0.892    0.0146   1.114e-08  p
net427                      1.80    0.001    0.056    0.0133   1.083e-08  pm
out48                       1.80    0.001    0.013    0.0056   7.375e-09  p
net107                      1.80    0.011    1.000    0.0000      0.0000  p
net214                      1.80    0.006    1.000    0.0000      0.0000  p
net227                      1.80    0.059    1.000    0.0000      0.0000  p
net232                      1.80    0.007    1.000    0.0000      0.0000  p
net306                      1.80    0.009    1.000    0.0000      0.0000  p
net341                      1.80    0.005    1.000    0.0000      0.0000  p
--------------------------------------------------------------------------------
Total (1289 nets)                                              6.561e-03 Watt



                                      Int      Switch   Leak      Total
Hierarchy                             Power    Power    Power     Power    %
--------------------------------------------------------------------------------
netlist_1                             6.99e-03 6.56e-03 8.97e-09  1.35e-02 100.0
1
