****************************************
Report : Averaged Power
	-net_power
	-hierarchy
	-sort_by net_switching_power
	-power_greater_than       0
	-nosplit
Design : netlist_0
Version: Q-2019.12-SP1
Date   : Wed Aug 21 13:21:40 2024
****************************************



  Attributes
  ----------
      a  -  Switching activity information / Switching power information annotated on net
      p  -  Propagated switching activity information on net
      d  -  Default switching activity used on net
      u  -  Net switching activity uninitialized
      m  -  Net is driven by multiple pins
      b  -  Net is a primary input (boundary net)

		Toggle rates reported with respect to time unit 1ns
--------------------------------------------------------------------------------
                                  Total      Static   Toggle   Switching
Net                         Vdd   Net Load   Prob.    Rate     Power      Attrs
--------------------------------------------------------------------------------
clknet_0_clk                1.80    0.157    0.500    0.1000   2.545e-05  a
clknet_4_3_0_clk            1.80    0.071    0.500    0.1000   1.148e-05  a
clknet_4_6_0_clk            1.80    0.061    0.500    0.1000   9.829e-06  a
clknet_4_4_0_clk            1.80    0.057    0.500    0.1000   9.200e-06  a
clknet_4_9_0_clk            1.80    0.044    0.500    0.1000   7.070e-06  a
clknet_4_2_0_clk            1.80    0.037    0.500    0.1000   6.023e-06  a
clknet_4_8_0_clk            1.80    0.035    0.500    0.1000   5.675e-06  a
clknet_4_7_0_clk            1.80    0.034    0.500    0.1000   5.560e-06  a
clknet_4_1_0_clk            1.80    0.034    0.500    0.1000   5.556e-06  a
clknet_4_5_0_clk            1.80    0.034    0.500    0.1000   5.429e-06  a
clknet_4_11_0_clk           1.80    0.032    0.500    0.1000   5.126e-06  a
clknet_4_0_0_clk            1.80    0.027    0.500    0.1000   4.379e-06  a
clknet_4_13_0_clk           1.80    0.026    0.500    0.1000   4.155e-06  a
clknet_4_14_0_clk           1.80    0.025    0.500    0.1000   4.045e-06  a
clknet_4_10_0_clk           1.80    0.025    0.500    0.1000   3.988e-06  a
clknet_4_12_0_clk           1.80    0.024    0.500    0.1000   3.896e-06  a
net106                      1.80    0.024    0.250    0.0973   3.789e-06  p
net732                      1.80    0.020    0.500    0.1000   3.176e-06  a
net20                       1.80    0.020    0.248    0.0970   3.132e-06  p
net733                      1.80    0.018    0.500    0.1000   2.958e-06  a
clknet_4_15_0_clk           1.80    0.017    0.500    0.1000   2.771e-06  a
net18                       1.80    0.015    0.500    0.1000   2.493e-06  a
net133                      1.80    0.053    0.031    0.0285   2.458e-06  p
net519                      1.80    0.050    0.030    0.0280   2.279e-06  p
net27                       1.80    0.014    0.248    0.0970   2.145e-06  p
net123                      1.80    0.011    0.236    0.1007   1.827e-06  p
net22                       1.80    0.010    0.248    0.0970   1.584e-06  p
net17                       1.80    0.010    0.500    0.1000   1.559e-06  a
net615                      1.80    0.033    0.030    0.0280   1.476e-06  p
net29                       1.80    0.009    0.248    0.0970   1.380e-06  p
net108                      1.80    0.011    0.119    0.0698   1.207e-06  p
net232                      1.80    0.023    0.031    0.0285   1.062e-06  p
net721                      1.80    0.006    0.500    0.1000   1.051e-06  a
net117                      1.80    0.021    0.031    0.0285   9.543e-07  p
net741                      1.80    0.006    0.500    0.1000   9.415e-07  a
net512                      1.80    0.020    0.030    0.0280   9.152e-07  p
net24                       1.80    0.006    0.248    0.0970   8.671e-07  p
net113                      1.80    0.012    0.060    0.0458   8.623e-07  p
net510                      1.80    0.018    0.031    0.0285   8.256e-07  p
net513                      1.80    0.017    0.030    0.0280   7.912e-07  p
net511                      1.80    0.016    0.030    0.0280   7.319e-07  p
net252                      1.80    0.016    0.030    0.0278   7.167e-07  p
net4                        1.80    0.004    0.245    0.0982   7.139e-07  p
net719                      1.80    0.004    0.500    0.1000   7.090e-07  a
net115                      1.80    0.015    0.031    0.0285   6.975e-07  p
net726                      1.80    0.004    0.500    0.1000   6.829e-07  a
net6                        1.80    0.008    0.062    0.0478   6.467e-07  p
net21                       1.80    0.004    0.248    0.0970   6.404e-07  p
net16                       1.80    0.004    0.750    0.0974   6.215e-07  p
net235                      1.80    0.013    0.031    0.0285   5.835e-07  p
net240                      1.80    0.020    0.017    0.0174   5.734e-07  p
net128                      1.80    0.012    0.031    0.0285   5.554e-07  p
net372                      1.80    0.020    0.016    0.0168   5.338e-07  p
net731                      1.80    0.003    0.500    0.1000   5.255e-07  a
net738                      1.80    0.003    0.500    0.1000   5.173e-07  a
net378                      1.80    0.031    0.010    0.0101   5.055e-07  p
net15                       1.80    0.003    0.498    0.1007   5.050e-07  p
net2                        1.80    0.004    0.130    0.0736   4.970e-07  p
net369                      1.80    0.018    0.016    0.0168   4.943e-07  p
net36                       1.80    0.003    0.248    0.0970   4.932e-07  p
net37                       1.80    0.003    0.248    0.0970   4.831e-07  p
net742                      1.80    0.003    0.500    0.1000   4.793e-07  a
net242                      1.80    0.017    0.017    0.0174   4.713e-07  p
net388                      1.80    0.017    0.013    0.0168   4.620e-07  p
net124                      1.80    0.010    0.031    0.0285   4.592e-07  p
net736                      1.80    0.003    0.500    0.1000   4.537e-07  a
net729                      1.80    0.003    0.500    0.1000   4.324e-07  a
net724                      1.80    0.003    0.500    0.1000   4.309e-07  a
net720                      1.80    0.003    0.500    0.1000   4.105e-07  a
net739                      1.80    0.003    0.500    0.1000   4.085e-07  a
net231                      1.80    0.009    0.031    0.0285   3.939e-07  p
net125                      1.80    0.008    0.031    0.0285   3.867e-07  p
net737                      1.80    0.002    0.500    0.1000   3.866e-07  a
net730                      1.80    0.002    0.500    0.1000   3.854e-07  a
net722                      1.80    0.002    0.500    0.1000   3.836e-07  a
net735                      1.80    0.002    0.500    0.1000   3.727e-07  a
net740                      1.80    0.002    0.500    0.1000   3.697e-07  a
net728                      1.80    0.002    0.500    0.1000   3.654e-07  a
net109                      1.80    0.005    0.061    0.0464   3.501e-07  p
net7                        1.80    0.007    0.030    0.0294   3.469e-07  p
net5                        1.80    0.002    0.250    0.0992   3.434e-07  p
net112                      1.80    0.003    0.127    0.0724   3.383e-07  p
net3                        1.80    0.002    0.245    0.0982   3.355e-07  p
net122                      1.80    0.002    0.250    0.0973   3.330e-07  p
net614                      1.80    0.007    0.030    0.0280   3.308e-07  p
net257                      1.80    0.012    0.017    0.0174   3.294e-07  p
net727                      1.80    0.002    0.500    0.1000   3.273e-07  a
net119                      1.80    0.012    0.017    0.0174   3.248e-07  p
net249                      1.80    0.007    0.031    0.0285   3.247e-07  p
net103                      1.80    0.002    0.247    0.0966   3.127e-07  p
net725                      1.80    0.002    0.500    0.1000   3.051e-07  a
net723                      1.80    0.002    0.500    0.1000   3.039e-07  a
net1                        1.80    0.002    0.245    0.0982   3.034e-07  p
net0                        1.80    0.002    0.255    0.0992   3.025e-07  p
net374                      1.80    0.011    0.016    0.0168   3.017e-07  p
net238                      1.80    0.011    0.017    0.0174   2.976e-07  p
net734                      1.80    0.002    0.500    0.1000   2.929e-07  a
net121                      1.80    0.002    0.250    0.0973   2.921e-07  p
net234                      1.80    0.006    0.031    0.0285   2.899e-07  p
net244                      1.80    0.006    0.031    0.0285   2.857e-07  p
net35                       1.80    0.002    0.248    0.0970   2.804e-07  p
net233                      1.80    0.009    0.017    0.0174   2.648e-07  p
net107                      1.80    0.002    0.128    0.0733   2.486e-07  p
net105                      1.80    0.003    0.061    0.0451   2.415e-07  p
net375                      1.80    0.009    0.016    0.0168   2.373e-07  p
net373                      1.80    0.009    0.016    0.0168   2.372e-07  p
net371                      1.80    0.008    0.016    0.0168   2.268e-07  p
net104                      1.80    0.002    0.123    0.0697   2.223e-07  p
net262                      1.80    0.008    0.016    0.0168   2.098e-07  p
net10                       1.80    0.007    0.016    0.0178   2.076e-07  p
net11                       1.80    0.007    0.016    0.0178   2.046e-07  p
net256                      1.80    0.004    0.030    0.0278   1.963e-07  p
net8                        1.80    0.002    0.128    0.0710   1.939e-07  p
net236                      1.80    0.007    0.017    0.0174   1.934e-07  p
net14                       1.80    0.011    0.009    0.0103   1.907e-07  p
net12                       1.80    0.007    0.016    0.0178   1.894e-07  p
net110                      1.80    0.003    0.060    0.0456   1.862e-07  p
net523                      1.80    0.004    0.028    0.0279   1.847e-07  p
net366                      1.80    0.006    0.017    0.0174   1.818e-07  p
net173                      1.80    0.052    0.002    0.0021   1.767e-07  p
net248                      1.80    0.006    0.017    0.0174   1.766e-07  p
net132                      1.80    0.004    0.031    0.0285   1.734e-07  p
net637                      1.80    0.006    0.968    0.0163   1.633e-07  p
net370                      1.80    0.006    0.016    0.0168   1.600e-07  p
net517                      1.80    0.004    0.030    0.0280   1.590e-07  p
net237                      1.80    0.005    0.017    0.0174   1.529e-07  p
net33                       1.80    0.009    0.008    0.0102   1.445e-07  p
net246                      1.80    0.005    0.017    0.0174   1.433e-07  p
net111                      1.80    0.002    0.060    0.0456   1.421e-07  p
net520                      1.80    0.003    0.030    0.0280   1.378e-07  p
net241                      1.80    0.005    0.017    0.0174   1.369e-07  p
net383                      1.80    0.009    0.009    0.0089   1.357e-07  p
net42                       1.80    0.039    0.002    0.0021   1.345e-07  p
net367                      1.80    0.005    0.017    0.0174   1.334e-07  p
net392                      1.80    0.008    0.010    0.0100   1.332e-07  p
net9                        1.80    0.003    0.030    0.0294   1.326e-07  p
net28                       1.80    0.008    0.008    0.0102   1.272e-07  p
net636                      1.80    0.003    0.030    0.0279   1.220e-07  p
net368                      1.80    0.004    0.017    0.0174   1.203e-07  p
net129                      1.80    0.003    0.031    0.0285   1.193e-07  p
net514                      1.80    0.003    0.031    0.0285   1.155e-07  p
net25                       1.80    0.007    0.008    0.0102   1.149e-07  p
net134                      1.80    0.013    0.004    0.0055   1.136e-07  p
net239                      1.80    0.004    0.017    0.0174   1.111e-07  p
net299                      1.80    0.032    0.002    0.0021   1.104e-07  p
net789                      1.80    0.004    0.032    0.0163   1.045e-07  p
net126                      1.80    0.002    0.031    0.0285   1.031e-07  p
net379                      1.80    0.010    0.006    0.0061   1.027e-07  p
net515                      1.80    0.002    0.030    0.0280   9.895e-08  p
net170                      1.80    0.028    0.002    0.0021   9.734e-08  p
net154                      1.80    0.017    0.003    0.0033   9.396e-08  p
net385                      1.80    0.007    0.007    0.0079   9.230e-08  p
net635                      1.80    0.002    0.030    0.0280   9.163e-08  p
net389                      1.80    0.006    0.010    0.0100   8.964e-08  p
net116                      1.80    0.002    0.031    0.0285   8.839e-08  p
net376                      1.80    0.005    0.009    0.0101   8.724e-08  p
net387                      1.80    0.003    0.016    0.0168   8.125e-08  p
net545                      1.80    0.017    0.032    0.0028   7.799e-08  p
net166                      1.80    0.014    0.003    0.0033   7.781e-08  p
net382                      1.80    0.009    0.005    0.0056   7.739e-08  p
net13                       1.80    0.003    0.016    0.0178   7.334e-08  p
net127                      1.80    0.002    0.023    0.0242   7.305e-08  p
net618                      1.80    0.002    0.030    0.0280   7.244e-08  p
net377                      1.80    0.004    0.010    0.0101   7.015e-08  p
net714                      1.80    0.003    0.032    0.0163   6.734e-08  p
net130                      1.80    0.003    0.011    0.0140   6.440e-08  p
net26                       1.80    0.012    0.003    0.0033   6.436e-08  p
net145                      1.80    0.012    0.003    0.0033   6.348e-08  p
net168                      1.80    0.018    0.002    0.0021   6.154e-08  p
net150                      1.80    0.011    0.003    0.0033   6.017e-08  p
net146                      1.80    0.010    0.003    0.0033   5.622e-08  p
net181                      1.80    0.016    0.002    0.0021   5.604e-08  p
net151                      1.80    0.010    0.003    0.0033   5.580e-08  p
net490                      1.80    0.049    0.001    0.0007   5.503e-08  p
net140                      1.80    0.006    0.004    0.0055   5.489e-08  p
net19                       1.80    0.005    0.005    0.0058   5.061e-08  p
net390                      1.80    0.006    0.006    0.0051   5.011e-08  p
net178                      1.80    0.013    0.002    0.0021   4.624e-08  p
net30                       1.80    0.005    0.004    0.0060   4.618e-08  p
net276                      1.80    0.008    0.003    0.0033   4.471e-08  p
net810                      1.80    0.010    0.032    0.0028   4.344e-08  p
net386                      1.80    0.003    0.993    0.0079   4.154e-08  p
net393                      1.80    0.023    0.001    0.0011   4.092e-08  p
net161                      1.80    0.007    0.003    0.0033   4.017e-08  p
net148                      1.80    0.007    0.003    0.0033   4.005e-08  p
net380                      1.80    0.003    0.007    0.0078   3.890e-08  p
net396                      1.80    0.021    0.001    0.0011   3.780e-08  p
net159                      1.80    0.007    0.003    0.0033   3.709e-08  p
net152                      1.80    0.007    0.003    0.0033   3.664e-08  p
net58                       1.80    0.011    0.002    0.0021   3.607e-08  p
net45                       1.80    0.010    0.002    0.0021   3.518e-08  p
net53                       1.80    0.010    0.002    0.0021   3.512e-08  p
net149                      1.80    0.006    0.003    0.0033   3.501e-08  p
net791                      1.80    0.002    0.009    0.0101   3.497e-08  p
net118                      1.80    0.005    0.003    0.0040   3.363e-08  p
net384                      1.80    0.006    0.003    0.0034   3.305e-08  p
net303                      1.80    0.022    0.001    0.0008   2.915e-08  p
net40                       1.80    0.008    0.002    0.0021   2.889e-08  p
net44                       1.80    0.008    0.002    0.0021   2.881e-08  p
net158                      1.80    0.005    0.003    0.0033   2.868e-08  p
net525                      1.80    0.006    0.997    0.0030   2.758e-08  p
net381                      1.80    0.002    0.993    0.0078   2.745e-08  p
net160                      1.80    0.005    0.003    0.0033   2.713e-08  p
net114                      1.80    0.003    0.005    0.0066   2.697e-08  p
net171                      1.80    0.008    0.002    0.0021   2.681e-08  p
net524                      1.80    0.005    0.003    0.0030   2.556e-08  p
net533                      1.80    0.026    0.001    0.0006   2.542e-08  p
net488                      1.80    0.022    0.001    0.0007   2.518e-08  p
net56                       1.80    0.007    0.002    0.0021   2.415e-08  p
net23                       1.80    0.002    0.005    0.0061   2.389e-08  p
net41                       1.80    0.007    0.002    0.0021   2.368e-08  p
net172                      1.80    0.007    0.002    0.0021   2.318e-08  p
net162                      1.80    0.004    0.003    0.0033   2.199e-08  p
net38                       1.80    0.006    0.002    0.0021   2.191e-08  p
net167                      1.80    0.006    0.002    0.0021   2.174e-08  p
net391                      1.80    0.006    0.002    0.0022   2.128e-08  p
net603                      1.80    0.012    0.991    0.0010   1.986e-08  p
net50                       1.80    0.006    0.002    0.0021   1.971e-08  p
net507                      1.80    0.017    0.991    0.0007   1.923e-08  p
net787                      1.80    0.004    0.003    0.0030   1.883e-08  p
net260                      1.80    0.002    0.004    0.0050   1.757e-08  p
net82                       1.80    0.005    0.002    0.0021   1.749e-08  p
net31                       1.80    0.002    0.005    0.0061   1.739e-08  p
net49                       1.80    0.005    0.002    0.0021   1.690e-08  p
net169                      1.80    0.005    0.002    0.0021   1.629e-08  p
net406                      1.80    0.048    0.000    0.0002   1.587e-08  p
net39                       1.80    0.005    0.002    0.0021   1.556e-08  p
net47                       1.80    0.005    0.002    0.0021   1.553e-08  p
net593                      1.80    0.014    0.991    0.0007   1.525e-08  p
net253                      1.80    0.026    0.000    0.0004   1.516e-08  p
net48                       1.80    0.004    0.002    0.0021   1.498e-08  p
net639                      1.80    0.015    0.999    0.0006   1.479e-08  p
net521                      1.80    0.003    0.997    0.0030   1.464e-08  p
net259                      1.80    0.002    0.004    0.0050   1.446e-08  p
net598                      1.80    0.013    0.991    0.0007   1.430e-08  p
net46                       1.80    0.004    0.002    0.0021   1.386e-08  p
net408                      1.80    0.008    0.999    0.0011   1.357e-08  p
net599                      1.80    0.012    0.991    0.0007   1.333e-08  p
net798                      1.80    0.011    1.000    0.0007   1.326e-08  p
net32                       1.80    0.002    0.003    0.0033   1.314e-08  p
net165                      1.80    0.002    0.003    0.0033   1.298e-08  p
net298                      1.80    0.024    1.000    0.0003   1.269e-08  p
net534                      1.80    0.012    0.990    0.0007   1.264e-08  p
net120                      1.80    0.003    0.002    0.0028   1.262e-08  p
net54                       1.80    0.004    0.002    0.0021   1.240e-08  p
net34                       1.80    0.004    0.002    0.0021   1.222e-08  p
net613                      1.80    0.011    0.991    0.0007   1.221e-08  p
net407                      1.80    0.007    0.001    0.0011   1.209e-08  p
net43                       1.80    0.004    0.002    0.0021   1.204e-08  p
net153                      1.80    0.002    0.003    0.0033   1.203e-08  p
net157                      1.80    0.002    0.003    0.0033   1.138e-08  p
net319                      1.80    0.004    0.002    0.0018   1.060e-08  p
net395                      1.80    0.006    0.001    0.0011   1.041e-08  p
net147                      1.80    0.002    0.003    0.0033   1.026e-08  p
net592                      1.80    0.009    0.991    0.0007   9.941e-09  p
net652                      1.80    0.007    0.989    0.0008   9.726e-09  p
net596                      1.80    0.009    0.991    0.0007   9.693e-09  p
net135                      1.80    0.013    0.000    0.0004   9.452e-09  p
net164                      1.80    0.002    0.003    0.0033   8.845e-09  p
net553                      1.80    0.008    0.999    0.0006   8.323e-09  p
net400                      1.80    0.021    0.000    0.0002   8.300e-09  p
net302                      1.80    0.006    0.001    0.0008   8.054e-09  p
net493                      1.80    0.007    0.001    0.0007   8.033e-09  p
net267                      1.80    0.013    0.000    0.0004   7.693e-09  p
net504                      1.80    0.007    0.992    0.0007   7.591e-09  p
net594                      1.80    0.007    0.991    0.0007   7.347e-09  p
net278                      1.80    0.008    0.999    0.0006   7.304e-09  p
net788                      1.80    0.004    0.001    0.0011   7.152e-09  p
net55                       1.80    0.002    0.002    0.0021   6.951e-09  p
net785                      1.80    0.004    0.999    0.0011   6.780e-09  p
net394                      1.80    0.017    0.000    0.0002   6.663e-09  p
net57                       1.80    0.002    0.002    0.0021   6.494e-09  p
net52                       1.80    0.002    0.002    0.0021   6.291e-09  p
net696                      1.80    0.006    0.992    0.0007   6.023e-09  p
net697                      1.80    0.006    0.992    0.0007   5.999e-09  p
net344                      1.80    0.006    0.990    0.0007   5.807e-09  p
net301                      1.80    0.003    0.999    0.0011   5.753e-09  p
net411                      1.80    0.003    0.001    0.0011   5.730e-09  p
net65                       1.80    0.017    0.001    0.0002   5.649e-09  p
net487                      1.80    0.004    0.001    0.0009   5.471e-09  p
net251                      1.80    0.005    0.979    0.0007   5.368e-09  p
net597                      1.80    0.005    0.991    0.0007   5.291e-09  p
net137                      1.80    0.007    0.000    0.0004   5.117e-09  p
clknet_0_net461             1.80    0.019    0.001    0.0002   5.095e-09  p
net505                      1.80    0.005    0.999    0.0007   5.086e-09  p
clknet_0_net708             1.80    0.019    0.001    0.0002   5.018e-09  p
net297                      1.80    0.008    1.000    0.0004   5.011e-09  p
net489                      1.80    0.004    0.001    0.0007   4.813e-09  p
net272                      1.80    0.008    0.000    0.0004   4.782e-09  p
clknet_0_net460             1.80    0.018    0.001    0.0002   4.778e-09  p
net66                       1.80    0.014    0.001    0.0002   4.727e-09  p
net638                      1.80    0.005    0.999    0.0006   4.653e-09  p
net412                      1.80    0.003    0.999    0.0011   4.597e-09  p
net633                      1.80    0.004    0.984    0.0007   4.593e-09  p
net595                      1.80    0.004    0.991    0.0007   4.571e-09  p
net67                       1.80    0.014    0.001    0.0002   4.548e-09  p
net795                      1.80    0.004    0.991    0.0007   4.547e-09  p
net602                      1.80    0.007    0.001    0.0004   4.541e-09  p
net131                      1.80    0.003    0.001    0.0009   4.442e-09  p
net401                      1.80    0.002    0.001    0.0011   4.405e-09  p
net653                      1.80    0.002    0.985    0.0012   4.198e-09  p
net544                      1.80    0.004    0.001    0.0006   3.857e-09  p
net310                      1.80    0.003    0.001    0.0008   3.856e-09  p
net183                      1.80    0.003    0.991    0.0007   3.819e-09  p
net402                      1.80    0.002    0.999    0.0011   3.673e-09  p
net311                      1.80    0.003    0.988    0.0008   3.607e-09  p
net786                      1.80    0.002    0.985    0.0012   3.562e-09  p
net59                       1.80    0.003    0.990    0.0009   3.536e-09  p
net501                      1.80    0.003    0.999    0.0007   3.510e-09  p
net608                      1.80    0.003    0.991    0.0007   3.423e-09  p
net606                      1.80    0.003    0.001    0.0007   3.410e-09  p
net632                      1.80    0.003    0.991    0.0007   3.397e-09  p
net404                      1.80    0.003    0.992    0.0007   3.218e-09  p
net409                      1.80    0.003    0.992    0.0007   3.209e-09  p
net612                      1.80    0.003    0.991    0.0007   3.169e-09  p
net542                      1.80    0.003    0.990    0.0007   3.157e-09  p
net552                      1.80    0.003    0.001    0.0006   3.151e-09  p
net415                      1.80    0.003    0.987    0.0007   3.104e-09  p
net399                      1.80    0.008    0.000    0.0002   3.098e-09  p
net314                      1.80    0.003    0.986    0.0007   2.991e-09  p
net801                      1.80    0.003    0.992    0.0007   2.988e-09  p
net61                       1.80    0.009    0.001    0.0002   2.934e-09  p
net631                      1.80    0.003    0.989    0.0007   2.858e-09  p
net710                      1.80    0.005    0.997    0.0003   2.760e-09  p
net309                      1.80    0.021    0.000    0.81e-4  2.741e-09  p
net174                      1.80    0.014    0.000    0.0001   2.712e-09  p
net305                      1.80    0.020    1.000    0.81e-4  2.632e-09  p
net708                      1.80    0.010    0.001    0.0002   2.559e-09  p
net600                      1.80    0.002    0.001    0.0007   2.559e-09  p
net809                      1.80    0.002    0.991    0.0007   2.555e-09  p
net460                      1.80    0.009    0.001    0.0002   2.489e-09  p
net60                       1.80    0.007    0.001    0.0002   2.453e-09  p
net491                      1.80    0.002    0.001    0.0007   2.437e-09  p
net654                      1.80    0.002    0.006    0.0006   2.349e-09  p
net403                      1.80    0.007    0.000    0.0002   2.311e-09  p
net461                      1.80    0.009    0.001    0.0002   2.273e-09  p
net713                      1.80    0.004    0.000    0.0004   2.150e-09  p
net274                      1.80    0.002    0.991    0.0007   2.127e-09  p
net706                      1.80    0.002    0.991    0.0007   2.126e-09  p
clknet_1_1__leaf_net708     1.80    0.008    0.001    0.0002   2.055e-09  p
net277                      1.80    0.005    0.000    0.0002   1.973e-09  p
net783                      1.80    0.004    1.000    0.0003   1.967e-09  p
net73                       1.80    0.006    0.001    0.0002   1.888e-09  p
net321                      1.80    0.007    0.001    0.0002   1.850e-09  p
net664                      1.80    0.003    0.998    0.0003   1.754e-09  p
net179                      1.80    0.009    0.000    0.0001   1.753e-09  p
net62                       1.80    0.005    0.001    0.0002   1.711e-09  p
net601                      1.80    0.002    0.999    0.0004   1.575e-09  p
net273                      1.80    0.003    0.000    0.0004   1.561e-09  p
clknet_1_1__leaf_net460     1.80    0.006    0.001    0.0002   1.491e-09  p
net136                      1.80    0.002    0.000    0.0004   1.476e-09  p
net139                      1.80    0.002    0.000    0.0004   1.462e-09  p
net266                      1.80    0.003    1.000    0.0003   1.433e-09  p
net142                      1.80    0.002    0.000    0.0004   1.416e-09  p
clknet_1_0__leaf_net460     1.80    0.005    0.001    0.0002   1.390e-09  p
net144                      1.80    0.002    0.000    0.0004   1.380e-09  p
net63                       1.80    0.004    0.001    0.0002   1.370e-09  p
net185                      1.80    0.003    1.000    0.0003   1.353e-09  p
net138                      1.80    0.002    0.000    0.0004   1.344e-09  p
clknet_1_0__leaf_net461     1.80    0.005    0.001    0.0002   1.320e-09  p
net300                      1.80    0.002    1.000    0.0004   1.316e-09  p
net294                      1.80    0.003    0.000    0.0002   1.235e-09  p
net640                      1.80    0.002    0.000    0.0003   1.230e-09  p
net498                      1.80    0.019    0.000    0.41e-4  1.222e-09  p
net468                      1.80    0.004    0.001    0.0002   1.140e-09  p
net141                      1.80    0.002    0.000    0.0004   1.124e-09  p
net315                      1.80    0.008    0.001    0.81e-4  1.083e-09  p
net143                      1.80    0.002    0.000    0.0004   1.081e-09  p
clknet_1_1__leaf_net461     1.80    0.004    0.001    0.0002   1.066e-09  p
net779                      1.80    0.008    0.000    0.81e-4  1.025e-09  p
net317                      1.80    0.008    0.001    0.81e-4  1.013e-09  p
net180                      1.80    0.005    1.000    0.0001   9.874e-10  p
net175                      1.80    0.014    0.000    0.41e-4  9.449e-10  p
net189                      1.80    0.005    0.002    0.0001   9.288e-10  p
net320                      1.80    0.005    0.000    0.0001   9.226e-10  p
net70                       1.80    0.003    0.001    0.0002   8.401e-10  p
net284                      1.80    0.002    0.001    0.0002   8.142e-10  p
net304                      1.80    0.006    0.000    0.81e-4  7.990e-10  p
clknet_1_0__leaf_net708     1.80    0.003    0.001    0.0002   7.830e-10  p
net794                      1.80    0.004    0.000    0.0001   7.495e-10  p
net548                      1.80    0.006    0.001    0.81e-4  7.325e-10  p
net815                      1.80    0.004    0.000    0.0001   6.985e-10  p
net500                      1.80    0.009    0.000    0.41e-4  5.726e-10  p
net318                      1.80    0.004    0.000    0.81e-4  5.498e-10  p
net496                      1.80    0.008    0.000    0.41e-4  5.333e-10  p
net518                      1.80    0.003    0.001    0.0001   5.324e-10  p
net492                      1.80    0.003    0.000    0.81e-4  4.515e-10  p
net312                      1.80    0.002    0.002    0.0001   3.967e-10  p
net494                      1.80    0.004    0.000    0.41e-4  2.851e-10  p
net176                      1.80    0.004    0.000    0.41e-4  2.772e-10  p
net209                      1.80    0.002    0.000    0.41e-4  1.227e-10  p
clknet_0_net279             1.80    0.020    0.000    0.0000      0.0000  p
clknet_0_net280             1.80    0.020    0.000    0.0000      0.0000  p
clknet_0_net281             1.80    0.018    0.000    0.0000      0.0000  p
clknet_0_net282             1.80    0.020    0.000    0.0000      0.0000  p
clknet_0_net283             1.80    0.023    0.000    0.0000      0.0000  p
clknet_0_net285             1.80    0.020    0.000    0.0000      0.0000  p
clknet_0_net286             1.80    0.021    0.000    0.0000      0.0000  p
clknet_0_net287             1.80    0.021    0.000    0.0000      0.0000  p
clknet_0_net288             1.80    0.022    0.000    0.0000      0.0000  p
clknet_0_net290             1.80    0.022    0.000    0.0000      0.0000  p
clknet_0_net291             1.80    0.022    0.000    0.0000      0.0000  p
clknet_0_net292             1.80    0.020    0.000    0.0000      0.0000  p
clknet_0_net295             1.80    0.020    0.000    0.0000      0.0000  p
clknet_0_net296             1.80    0.019    0.000    0.0000      0.0000  p
clknet_0_net397             1.80    0.020    0.000    0.0000      0.0000  p
clknet_0_net398             1.80    0.019    0.000    0.0000      0.0000  p
clknet_0_net417             1.80    0.021    0.000    0.0000      0.0000  p
clknet_0_net419             1.80    0.021    0.000    0.0000      0.0000  p
clknet_0_net422             1.80    0.020    0.000    0.0000      0.0000  p
clknet_0_net423             1.80    0.020    0.000    0.0000      0.0000  p
clknet_0_net424             1.80    0.019    0.000    0.0000      0.0000  p
clknet_0_net425             1.80    0.018    0.000    0.0000      0.0000  p
clknet_0_net426             1.80    0.019    0.000    0.0000      0.0000  p
clknet_0_net427             1.80    0.019    0.000    0.0000      0.0000  p
clknet_0_net428             1.80    0.021    0.000    0.0000      0.0000  p
clknet_0_net429             1.80    0.020    0.000    0.0000      0.0000  p
clknet_0_net430             1.80    0.019    0.000    0.0000      0.0000  p
clknet_0_net432             1.80    0.017    0.000    0.0000      0.0000  p
clknet_0_net433             1.80    0.019    0.000    0.0000      0.0000  p
clknet_0_net434             1.80    0.019    0.000    0.0000      0.0000  p
clknet_0_net437             1.80    0.019    0.000    0.0000      0.0000  p
clknet_0_net463             1.80    0.013    0.000    0.0000      0.0000  p
clknet_0_net465             1.80    0.019    0.000    0.0000      0.0000  p
clknet_0_net469             1.80    0.011    0.000    0.0000      0.0000  p
clknet_0_net470             1.80    0.018    0.000    0.0000      0.0000  p
clknet_0_net473             1.80    0.019    0.000    0.0000      0.0000  p
clknet_0_net475             1.80    0.020    0.000    0.0000      0.0000  p
clknet_0_net566             1.80    0.018    0.000    0.0000      0.0000  p
clknet_0_net574             1.80    0.011    0.000    0.0000      0.0000  p
clknet_0_net576             1.80    0.020    0.000    0.0000      0.0000  p
clknet_0_net577             1.80    0.018    0.000    0.0000      0.0000  p
clknet_0_net580             1.80    0.020    0.000    0.0000      0.0000  p
clknet_0_net582             1.80    0.021    0.000    0.0000      0.0000  p
clknet_0_net583             1.80    0.020    0.000    0.0000      0.0000  p
clknet_0_net584             1.80    0.018    0.000    0.0000      0.0000  p
clknet_0_net585             1.80    0.018    0.000    0.0000      0.0000  p
clknet_0_net663             1.80    0.019    1.000    0.0000      0.0000  p
clknet_0_net686             1.80    0.017    0.000    0.0000      0.0000  p
clknet_0_net687             1.80    0.018    0.000    0.0000      0.0000  p
clknet_0_net689             1.80    0.019    0.000    0.0000      0.0000  p
clknet_0_net693             1.80    0.019    0.000    0.0000      0.0000  p
clknet_0_net707             1.80    0.021    0.000    0.0000      0.0000  p
clknet_0_net744             1.80    0.020    0.000    0.0000      0.0000  p
clknet_0_net745             1.80    0.019    1.000    0.0000      0.0000  p
clknet_0_net749             1.80    0.019    1.000    0.0000      0.0000  p
clknet_1_0__leaf_net279     1.80    0.005    0.000    0.0000      0.0000  p
clknet_1_0__leaf_net280     1.80    0.004    0.000    0.0000      0.0000  p
clknet_1_0__leaf_net281     1.80    0.007    0.000    0.0000      0.0000  p
clknet_1_0__leaf_net282     1.80    0.007    0.000    0.0000      0.0000  p
clknet_1_0__leaf_net283     1.80    0.006    0.000    0.0000      0.0000  p
clknet_1_0__leaf_net285     1.80    0.004    0.000    0.0000      0.0000  p
clknet_1_0__leaf_net286     1.80    0.003    0.000    0.0000      0.0000  p
clknet_1_0__leaf_net287     1.80    0.006    0.000    0.0000      0.0000  p
clknet_1_0__leaf_net288     1.80    0.004    0.000    0.0000      0.0000  p
clknet_1_0__leaf_net290     1.80    0.004    0.000    0.0000      0.0000  p
clknet_1_0__leaf_net291     1.80    0.003    0.000    0.0000      0.0000  p
clknet_1_0__leaf_net292     1.80    0.003    0.000    0.0000      0.0000  p
clknet_1_0__leaf_net295     1.80    0.004    0.000    0.0000      0.0000  p
clknet_1_0__leaf_net296     1.80    0.004    0.000    0.0000      0.0000  p
clknet_1_0__leaf_net397     1.80    0.003    0.000    0.0000      0.0000  p
clknet_1_0__leaf_net398     1.80    0.003    0.000    0.0000      0.0000  p
clknet_1_0__leaf_net417     1.80    0.009    0.000    0.0000      0.0000  p
clknet_1_0__leaf_net419     1.80    0.003    0.000    0.0000      0.0000  p
clknet_1_0__leaf_net422     1.80    0.008    0.000    0.0000      0.0000  p
clknet_1_0__leaf_net423     1.80    0.007    0.000    0.0000      0.0000  p
clknet_1_0__leaf_net424     1.80    0.005    0.000    0.0000      0.0000  p
clknet_1_0__leaf_net425     1.80    0.004    0.000    0.0000      0.0000  p
clknet_1_0__leaf_net426     1.80    0.003    0.000    0.0000      0.0000  p
clknet_1_0__leaf_net427     1.80    0.003    0.000    0.0000      0.0000  p
clknet_1_0__leaf_net428     1.80    0.011    0.000    0.0000      0.0000  p
clknet_1_0__leaf_net429     1.80    0.004    0.000    0.0000      0.0000  p
clknet_1_0__leaf_net430     1.80    0.004    0.000    0.0000      0.0000  p
clknet_1_0__leaf_net432     1.80    0.009    0.000    0.0000      0.0000  p
clknet_1_0__leaf_net433     1.80    0.004    0.000    0.0000      0.0000  p
clknet_1_0__leaf_net434     1.80    0.016    0.000    0.0000      0.0000  p
clknet_1_0__leaf_net437     1.80    0.004    0.000    0.0000      0.0000  p
clknet_1_0__leaf_net463     1.80    0.010    0.000    0.0000      0.0000  p
clknet_1_0__leaf_net465     1.80    0.006    0.000    0.0000      0.0000  p
clknet_1_0__leaf_net469     1.80    0.020    0.000    0.0000      0.0000  p
clknet_1_0__leaf_net470     1.80    0.004    0.000    0.0000      0.0000  p
clknet_1_0__leaf_net473     1.80    0.003    0.000    0.0000      0.0000  p
clknet_1_0__leaf_net475     1.80    0.007    0.000    0.0000      0.0000  p
clknet_1_0__leaf_net566     1.80    0.004    0.000    0.0000      0.0000  p
clknet_1_0__leaf_net574     1.80    0.007    0.000    0.0000      0.0000  p
clknet_1_0__leaf_net576     1.80    0.005    0.000    0.0000      0.0000  p
clknet_1_0__leaf_net577     1.80    0.007    0.000    0.0000      0.0000  p
clknet_1_0__leaf_net580     1.80    0.004    0.000    0.0000      0.0000  p
clknet_1_0__leaf_net582     1.80    0.005    0.000    0.0000      0.0000  p
clknet_1_0__leaf_net583     1.80    0.003    0.000    0.0000      0.0000  p
clknet_1_0__leaf_net584     1.80    0.002    0.000    0.0000      0.0000  p
clknet_1_0__leaf_net585     1.80    0.003    0.000    0.0000      0.0000  p
clknet_1_0__leaf_net663     1.80    0.019    1.000    0.0000      0.0000  p
clknet_1_0__leaf_net686     1.80    0.012    0.000    0.0000      0.0000  p
clknet_1_0__leaf_net687     1.80    0.005    0.000    0.0000      0.0000  p
clknet_1_0__leaf_net689     1.80    0.006    0.000    0.0000      0.0000  p
clknet_1_0__leaf_net693     1.80    0.006    0.000    0.0000      0.0000  p
clknet_1_0__leaf_net707     1.80    0.004    0.000    0.0000      0.0000  p
clknet_1_0__leaf_net744     1.80    0.036    0.000    0.0000      0.0000  p
clknet_1_0__leaf_net745     1.80    0.004    1.000    0.0000      0.0000  p
clknet_1_0__leaf_net749     1.80    0.006    1.000    0.0000      0.0000  p
clknet_1_1__leaf_net279     1.80    0.007    0.000    0.0000      0.0000  p
clknet_1_1__leaf_net280     1.80    0.004    0.000    0.0000      0.0000  p
clknet_1_1__leaf_net281     1.80    0.013    0.000    0.0000      0.0000  p
clknet_1_1__leaf_net282     1.80    0.003    0.000    0.0000      0.0000  p
clknet_1_1__leaf_net283     1.80    0.005    0.000    0.0000      0.0000  p
clknet_1_1__leaf_net285     1.80    0.003    0.000    0.0000      0.0000  p
clknet_1_1__leaf_net286     1.80    0.004    0.000    0.0000      0.0000  p
clknet_1_1__leaf_net287     1.80    0.005    0.000    0.0000      0.0000  p
clknet_1_1__leaf_net288     1.80    0.004    0.000    0.0000      0.0000  p
clknet_1_1__leaf_net290     1.80    0.005    0.000    0.0000      0.0000  p
clknet_1_1__leaf_net291     1.80    0.005    0.000    0.0000      0.0000  p
clknet_1_1__leaf_net292     1.80    0.003    0.000    0.0000      0.0000  p
clknet_1_1__leaf_net295     1.80    0.003    0.000    0.0000      0.0000  p
clknet_1_1__leaf_net296     1.80    0.004    0.000    0.0000      0.0000  p
clknet_1_1__leaf_net397     1.80    0.004    0.000    0.0000      0.0000  p
clknet_1_1__leaf_net398     1.80    0.003    0.000    0.0000      0.0000  p
clknet_1_1__leaf_net417     1.80    0.004    0.000    0.0000      0.0000  p
clknet_1_1__leaf_net419     1.80    0.006    0.000    0.0000      0.0000  p
clknet_1_1__leaf_net422     1.80    0.003    0.000    0.0000      0.0000  p
clknet_1_1__leaf_net423     1.80    0.009    0.000    0.0000      0.0000  p
clknet_1_1__leaf_net424     1.80    0.003    0.000    0.0000      0.0000  p
clknet_1_1__leaf_net425     1.80    0.004    0.000    0.0000      0.0000  p
clknet_1_1__leaf_net426     1.80    0.004    0.000    0.0000      0.0000  p
clknet_1_1__leaf_net427     1.80    0.004    0.000    0.0000      0.0000  p
clknet_1_1__leaf_net428     1.80    0.002    0.000    0.0000      0.0000  p
clknet_1_1__leaf_net429     1.80    0.004    0.000    0.0000      0.0000  p
clknet_1_1__leaf_net430     1.80    0.004    0.000    0.0000      0.0000  p
clknet_1_1__leaf_net432     1.80    0.003    0.000    0.0000      0.0000  p
clknet_1_1__leaf_net433     1.80    0.003    0.000    0.0000      0.0000  p
clknet_1_1__leaf_net434     1.80    0.010    0.000    0.0000      0.0000  p
clknet_1_1__leaf_net437     1.80    0.005    0.000    0.0000      0.0000  p
clknet_1_1__leaf_net463     1.80    0.005    0.000    0.0000      0.0000  p
clknet_1_1__leaf_net465     1.80    0.004    0.000    0.0000      0.0000  p
clknet_1_1__leaf_net469     1.80    0.007    0.000    0.0000      0.0000  p
clknet_1_1__leaf_net470     1.80    0.004    0.000    0.0000      0.0000  p
clknet_1_1__leaf_net473     1.80    0.007    0.000    0.0000      0.0000  p
clknet_1_1__leaf_net475     1.80    0.010    0.000    0.0000      0.0000  p
clknet_1_1__leaf_net566     1.80    0.003    0.000    0.0000      0.0000  p
clknet_1_1__leaf_net574     1.80    0.006    0.000    0.0000      0.0000  p
clknet_1_1__leaf_net576     1.80    0.004    0.000    0.0000      0.0000  p
clknet_1_1__leaf_net577     1.80    0.009    0.000    0.0000      0.0000  p
clknet_1_1__leaf_net580     1.80    0.006    0.000    0.0000      0.0000  p
clknet_1_1__leaf_net582     1.80    0.005    0.000    0.0000      0.0000  p
clknet_1_1__leaf_net583     1.80    0.002    0.000    0.0000      0.0000  p
clknet_1_1__leaf_net584     1.80    0.004    0.000    0.0000      0.0000  p
clknet_1_1__leaf_net585     1.80    0.003    0.000    0.0000      0.0000  p
clknet_1_1__leaf_net663     1.80    0.022    1.000    0.0000      0.0000  p
clknet_1_1__leaf_net686     1.80    0.003    0.000    0.0000      0.0000  p
clknet_1_1__leaf_net687     1.80    0.003    0.000    0.0000      0.0000  p
clknet_1_1__leaf_net689     1.80    0.005    0.000    0.0000      0.0000  p
clknet_1_1__leaf_net693     1.80    0.004    0.000    0.0000      0.0000  p
clknet_1_1__leaf_net707     1.80    0.004    0.000    0.0000      0.0000  p
clknet_1_1__leaf_net744     1.80    0.033    0.000    0.0000      0.0000  p
clknet_1_1__leaf_net745     1.80    0.004    1.000    0.0000      0.0000  p
clknet_1_1__leaf_net749     1.80    0.004    1.000    0.0000      0.0000  p
net51                       1.80    0.010    1.000    0.0000      0.0000  p
net64                       1.80    0.009    0.000    0.0000      0.0000  p
net68                       1.80    0.008    0.000    0.0000      0.0000  p
net69                       1.80    0.002    1.000    0.0000      0.0000  p
net71                       1.80    0.003    0.000    0.0000      0.0000  p
net72                       1.80    0.007    0.000    0.0000      0.0000  p
net74                       1.80    0.022    0.000    0.0000      0.0000  p
net75                       1.80    0.005    0.000    0.0000      0.0000  p
net76                       1.80    0.002    0.000    0.0000      0.0000  p
net77                       1.80    0.002    0.000    0.0000      0.0000  p
net78                       1.80    0.004    0.000    0.0000      0.0000  p
net79                       1.80    0.003    1.000    0.0000      0.0000  p
net80                       1.80    0.010    0.000    0.0000      0.0000  p
net81                       1.80    0.005    0.000    0.0000      0.0000  p
net83                       1.80    0.024    0.000    0.0000      0.0000  p
net84                       1.80    0.004    0.000    0.0000      0.0000  p
net85                       1.80    0.017    0.000    0.0000      0.0000  p
net86                       1.80    0.007    0.000    0.0000      0.0000  p
net87                       1.80    0.003    1.000    0.0000      0.0000  p
net88                       1.80    0.002    0.000    0.0000      0.0000  p
net89                       1.80    0.021    0.000    0.0000      0.0000  p
net90                       1.80    0.005    0.000    0.0000      0.0000  p
net91                       1.80    0.002    0.000    0.0000      0.0000  p
net92                       1.80    0.002    1.000    0.0000      0.0000  p
net93                       1.80    0.003    1.000    0.0000      0.0000  p
net94                       1.80    0.002    0.000    0.0000      0.0000  p
net95                       1.80    0.014    1.000    0.0000      0.0000  p
net96                       1.80    0.004    0.000    0.0000      0.0000  p
net97                       1.80    0.005    0.000    0.0000      0.0000  p
net98                       1.80    0.008    1.000    0.0000      0.0000  p
net99                       1.80    0.002    0.000    0.0000      0.0000  p
net100                      1.80    0.004    0.000    0.0000      0.0000  p
net101                      1.80    0.002    0.000    0.0000      0.0000  p
net102                      1.80    0.003    0.000    0.0000      0.0000  p
net155                      1.80    0.004    1.000    0.0000      0.0000  p
net156                      1.80    0.023    1.000    0.0000      0.0000  p
net163                      1.80    0.002    1.000    0.0000      0.0000  p
net177                      1.80    0.008    0.000    0.0000      0.0000  p
net182                      1.80    0.003    0.000    0.0000      0.0000  p
net184                      1.80    0.007    0.000    0.0000      0.0000  p
net186                      1.80    0.004    1.000    0.0000      0.0000  p
net187                      1.80    0.003    0.000    0.0000      0.0000  p
net188                      1.80    0.006    1.000    0.0000      0.0000  p
net190                      1.80    0.012    0.000    0.0000      0.0000  p
net191                      1.80    0.017    0.000    0.0000      0.0000  p
net192                      1.80    0.002    0.000    0.0000      0.0000  p
net193                      1.80    0.006    0.000    0.0000      0.0000  p
net194                      1.80    0.002    0.000    0.0000      0.0000  p
net195                      1.80    0.007    0.000    0.0000      0.0000  p
net196                      1.80    0.003    0.000    0.0000      0.0000  p
net197                      1.80    0.009    0.000    0.0000      0.0000  p
net198                      1.80    0.003    0.000    0.0000      0.0000  p
net199                      1.80    0.005    0.000    0.0000      0.0000  p
net200                      1.80    0.011    0.000    0.0000      0.0000  p
net201                      1.80    0.008    0.000    0.0000      0.0000  p
net202                      1.80    0.005    0.000    0.0000      0.0000  p
net203                      1.80    0.003    0.000    0.0000      0.0000  p
net204                      1.80    0.002    0.000    0.0000      0.0000  p
net205                      1.80    0.018    0.000    0.0000      0.0000  p
net206                      1.80    0.005    0.000    0.0000      0.0000  p
net207                      1.80    0.003    0.000    0.0000      0.0000  p
net208                      1.80    0.002    0.000    0.0000      0.0000  p
net210                      1.80    0.023    0.000    0.0000      0.0000  p
net211                      1.80    0.011    0.000    0.0000      0.0000  p
net212                      1.80    0.002    0.000    0.0000      0.0000  p
net213                      1.80    0.016    0.000    0.0000      0.0000  p
net214                      1.80    0.022    0.000    0.0000      0.0000  p
net215                      1.80    0.002    0.000    0.0000      0.0000  p
net216                      1.80    0.002    0.000    0.0000      0.0000  p
net217                      1.80    0.014    0.000    0.0000      0.0000  p
net218                      1.80    0.012    0.000    0.0000      0.0000  p
net219                      1.80    0.002    0.000    0.0000      0.0000  p
net220                      1.80    0.018    0.000    0.0000      0.0000  p
net221                      1.80    0.002    0.000    0.0000      0.0000  p
net222                      1.80    0.002    0.000    0.0000      0.0000  p
net223                      1.80    0.003    0.000    0.0000      0.0000  p
net224                      1.80    0.010    0.000    0.0000      0.0000  p
net225                      1.80    0.002    0.000    0.0000      0.0000  p
net226                      1.80    0.002    0.000    0.0000      0.0000  p
net227                      1.80    0.010    0.000    0.0000      0.0000  p
net228                      1.80    0.003    0.000    0.0000      0.0000  p
net229                      1.80    0.002    0.000    0.0000      0.0000  p
net230                      1.80    0.003    0.000    0.0000      0.0000  p
net243                      1.80    0.006    1.000    0.0000      0.0000  p
net245                      1.80    0.003    1.000    0.0000      0.0000  p
net247                      1.80    0.007    1.000    0.0000      0.0000  p
net250                      1.80    0.002    1.000    0.0000      0.0000  p
net254                      1.80    0.004    0.000    0.0000      0.0000  p
net255                      1.80    0.002    0.000    0.0000      0.0000  p
net258                      1.80    0.013    0.000    0.0000      0.0000  p
net261                      1.80    0.020    0.000    0.0000      0.0000  p
net263                      1.80    0.011    0.000    0.0000      0.0000  p
net264                      1.80    0.008    1.000    0.0000      0.0000  p
net265                      1.80    0.011    0.000    0.0000      0.0000  p
net268                      1.80    0.016    1.000    0.0000      0.0000  p
net269                      1.80    0.005    0.000    0.0000      0.0000  p
net270                      1.80    0.010    1.000    0.0000      0.0000  p
net271                      1.80    0.003    1.000    0.0000      0.0000  p
net275                      1.80    0.006    1.000    0.0000      0.0000  p
net279                      1.80    0.011    0.000    0.0000      0.0000  p
net280                      1.80    0.010    0.000    0.0000      0.0000  p
net281                      1.80    0.011    0.000    0.0000      0.0000  p
net282                      1.80    0.009    0.000    0.0000      0.0000  p
net283                      1.80    0.011    0.000    0.0000      0.0000  p
net285                      1.80    0.011    0.000    0.0000      0.0000  p
net286                      1.80    0.009    0.000    0.0000      0.0000  p
net287                      1.80    0.011    0.000    0.0000      0.0000  p
net288                      1.80    0.010    0.000    0.0000      0.0000  p
net289                      1.80    0.004    0.000    0.0000      0.0000  p
net290                      1.80    0.009    0.000    0.0000      0.0000  p
net291                      1.80    0.011    0.000    0.0000      0.0000  p
net292                      1.80    0.008    0.000    0.0000      0.0000  p
net293                      1.80    0.003    0.000    0.0000      0.0000  p
net295                      1.80    0.013    0.000    0.0000      0.0000  p
net296                      1.80    0.012    0.000    0.0000      0.0000  p
net306                      1.80    0.010    0.000    0.0000      0.0000  p
net307                      1.80    0.006    0.000    0.0000      0.0000  p
net308                      1.80    0.003    0.000    0.0000      0.0000  p
net313                      1.80    0.010    0.000    0.0000      0.0000  p
net316                      1.80    0.004    0.000    0.0000      0.0000  p
net322                      1.80    0.008    1.000    0.0000      0.0000  p
net323                      1.80    0.007    0.000    0.0000      0.0000  p
net324                      1.80    0.018    0.000    0.0000      0.0000  p
net325                      1.80    0.015    0.000    0.0000      0.0000  p
net326                      1.80    0.014    0.000    0.0000      0.0000  p
net327                      1.80    0.002    0.000    0.0000      0.0000  p
net328                      1.80    0.007    0.000    0.0000      0.0000  p
net329                      1.80    0.009    0.000    0.0000      0.0000  p
net330                      1.80    0.004    0.000    0.0000      0.0000  p
net331                      1.80    0.003    0.000    0.0000      0.0000  p
net332                      1.80    0.005    0.000    0.0000      0.0000  p
net333                      1.80    0.006    0.000    0.0000      0.0000  p
net334                      1.80    0.014    0.000    0.0000      0.0000  p
net335                      1.80    0.002    1.000    0.0000      0.0000  p
net336                      1.80    0.005    0.000    0.0000      0.0000  p
net337                      1.80    0.002    0.000    0.0000      0.0000  p
net338                      1.80    0.002    0.000    0.0000      0.0000  p
net339                      1.80    0.002    0.000    0.0000      0.0000  p
net340                      1.80    0.004    0.000    0.0000      0.0000  p
net341                      1.80    0.003    0.000    0.0000      0.0000  p
net342                      1.80    0.003    0.000    0.0000      0.0000  p
net343                      1.80    0.003    0.000    0.0000      0.0000  p
net345                      1.80    0.010    0.000    0.0000      0.0000  p
net346                      1.80    0.005    0.000    0.0000      0.0000  p
net347                      1.80    0.013    0.000    0.0000      0.0000  p
net348                      1.80    0.002    0.000    0.0000      0.0000  p
net349                      1.80    0.019    1.000    0.0000      0.0000  p
net350                      1.80    0.021    0.000    0.0000      0.0000  p
net351                      1.80    0.002    0.000    0.0000      0.0000  p
net352                      1.80    0.010    0.000    0.0000      0.0000  p
net353                      1.80    0.009    0.000    0.0000      0.0000  p
net354                      1.80    0.005    0.000    0.0000      0.0000  p
net355                      1.80    0.010    0.000    0.0000      0.0000  p
net356                      1.80    0.003    0.000    0.0000      0.0000  p
net357                      1.80    0.005    0.000    0.0000      0.0000  p
net358                      1.80    0.007    0.000    0.0000      0.0000  p
net359                      1.80    0.002    1.000    0.0000      0.0000  p
net360                      1.80    0.002    1.000    0.0000      0.0000  p
net361                      1.80    0.008    0.000    0.0000      0.0000  p
net362                      1.80    0.003    0.000    0.0000      0.0000  p
net363                      1.80    0.003    0.000    0.0000      0.0000  p
net364                      1.80    0.003    0.000    0.0000      0.0000  p
net365                      1.80    0.003    0.000    0.0000      0.0000  p
net397                      1.80    0.009    0.000    0.0000      0.0000  p
net398                      1.80    0.011    0.000    0.0000      0.0000  p
net405                      1.80    0.008    0.000    0.0000      0.0000  p
net410                      1.80    0.004    0.000    0.0000      0.0000  p
net413                      1.80    0.006    0.000    0.0000      0.0000  p
net414                      1.80    0.013    0.000    0.0000      0.0000  p
net416                      1.80    0.009    0.000    0.0000      0.0000  p
net417                      1.80    0.012    0.000    0.0000      0.0000  p
net418                      1.80    0.003    0.000    0.0000      0.0000  p
net419                      1.80    0.011    0.000    0.0000      0.0000  p
net420                      1.80    0.008    0.000    0.0000      0.0000  p
net421                      1.80    0.014    0.000    0.0000      0.0000  p
net422                      1.80    0.012    0.000    0.0000      0.0000  p
net423                      1.80    0.008    0.000    0.0000      0.0000  p
net424                      1.80    0.009    0.000    0.0000      0.0000  p
net425                      1.80    0.009    0.000    0.0000      0.0000  p
net426                      1.80    0.010    0.000    0.0000      0.0000  p
net427                      1.80    0.012    0.000    0.0000      0.0000  p
net428                      1.80    0.010    0.000    0.0000      0.0000  p
net429                      1.80    0.008    0.000    0.0000      0.0000  p
net430                      1.80    0.010    0.000    0.0000      0.0000  p
net431                      1.80    0.004    0.000    0.0000      0.0000  p
net432                      1.80    0.009    0.000    0.0000      0.0000  p
net433                      1.80    0.010    0.000    0.0000      0.0000  p
net434                      1.80    0.013    0.000    0.0000      0.0000  p
net435                      1.80    0.003    1.000    0.0000      0.0000  p
net436                      1.80    0.003    0.000    0.0000      0.0000  p
net437                      1.80    0.012    0.000    0.0000      0.0000  p
net438                      1.80    0.012    0.000    0.0000      0.0000  p
net439                      1.80    0.011    0.000    0.0000      0.0000  p
net440                      1.80    0.006    1.000    0.0000      0.0000  p
net441                      1.80    0.013    0.000    0.0000      0.0000  p
net442                      1.80    0.021    0.000    0.0000      0.0000  p
net443                      1.80    0.010    0.000    0.0000      0.0000  p
net444                      1.80    0.021    0.000    0.0000      0.0000  p
net445                      1.80    0.005    0.000    0.0000      0.0000  p
net446                      1.80    0.009    0.000    0.0000      0.0000  p
net447                      1.80    0.003    0.000    0.0000      0.0000  p
net448                      1.80    0.006    0.000    0.0000      0.0000  p
net449                      1.80    0.003    1.000    0.0000      0.0000  p
net450                      1.80    0.002    0.000    0.0000      0.0000  p
net451                      1.80    0.006    1.000    0.0000      0.0000  p
net452                      1.80    0.020    0.000    0.0000      0.0000  p
net453                      1.80    0.002    0.000    0.0000      0.0000  p
net454                      1.80    0.003    0.000    0.0000      0.0000  p
net455                      1.80    0.005    1.000    0.0000      0.0000  p
net456                      1.80    0.002    0.000    0.0000      0.0000  p
net457                      1.80    0.003    0.000    0.0000      0.0000  p
net458                      1.80    0.003    0.000    0.0000      0.0000  p
net459                      1.80    0.008    0.000    0.0000      0.0000  p
net462                      1.80    0.010    0.000    0.0000      0.0000  p
net463                      1.80    0.010    0.000    0.0000      0.0000  p
net464                      1.80    0.002    0.000    0.0000      0.0000  p
net465                      1.80    0.010    0.000    0.0000      0.0000  p
net466                      1.80    0.003    0.000    0.0000      0.0000  p
net467                      1.80    0.003    0.000    0.0000      0.0000  p
net469                      1.80    0.012    0.000    0.0000      0.0000  p
net470                      1.80    0.009    0.000    0.0000      0.0000  p
net471                      1.80    0.002    0.000    0.0000      0.0000  p
net472                      1.80    0.007    0.000    0.0000      0.0000  p
net473                      1.80    0.010    0.000    0.0000      0.0000  p
net474                      1.80    0.004    0.000    0.0000      0.0000  p
net475                      1.80    0.008    0.000    0.0000      0.0000  p
net476                      1.80    0.004    1.000    0.0000      0.0000  p
net477                      1.80    0.002    0.000    0.0000      0.0000  p
net478                      1.80    0.004    0.000    0.0000      0.0000  p
net479                      1.80    0.013    0.000    0.0000      0.0000  p
net480                      1.80    0.013    0.000    0.0000      0.0000  p
net481                      1.80    0.013    0.000    0.0000      0.0000  p
net482                      1.80    0.009    0.000    0.0000      0.0000  p
net483                      1.80    0.017    0.000    0.0000      0.0000  p
net484                      1.80    0.005    0.000    0.0000      0.0000  p
net485                      1.80    0.023    0.000    0.0000      0.0000  p
net486                      1.80    0.003    0.000    0.0000      0.0000  p
net495                      1.80    0.002    0.000    0.0000      0.0000  p
net497                      1.80    0.005    0.000    0.0000      0.0000  p
net499                      1.80    0.009    0.000    0.0000      0.0000  p
net502                      1.80    0.003    0.000    0.0000      0.0000  p
net503                      1.80    0.002    1.000    0.0000      0.0000  p
net506                      1.80    0.002    1.000    0.0000      0.0000  p
net508                      1.80    0.016    1.000    0.0000      0.0000  p
net509                      1.80    0.002    1.000    0.0000      0.0000  p
net516                      1.80    0.002    0.000    0.0000      0.0000  p
net522                      1.80    0.002    1.000    0.0000      0.0000  p
net526                      1.80    0.002    1.000    0.0000      0.0000  p
net527                      1.80    0.002    1.000    0.0000      0.0000  p
net528                      1.80    0.002    1.000    0.0000      0.0000  p
net529                      1.80    0.002    1.000    0.0000      0.0000  p
net530                      1.80    0.014    0.000    0.0000      0.0000  p
net531                      1.80    0.040    0.000    0.0000      0.0000  p
net532                      1.80    0.002    0.000    0.0000      0.0000  p
net535                      1.80    0.004    0.000    0.0000      0.0000  p
net536                      1.80    0.002    0.000    0.0000      0.0000  p
net537                      1.80    0.011    0.000    0.0000      0.0000  p
net538                      1.80    0.008    0.000    0.0000      0.0000  p
net539                      1.80    0.002    1.000    0.0000      0.0000  p
net540                      1.80    0.003    0.000    0.0000      0.0000  p
net541                      1.80    0.003    0.000    0.0000      0.0000  p
net543                      1.80    0.003    0.000    0.0000      0.0000  p
net546                      1.80    0.002    0.000    0.0000      0.0000  p
net547                      1.80    0.011    0.000    0.0000      0.0000  p
net549                      1.80    0.007    0.000    0.0000      0.0000  p
net550                      1.80    0.002    0.000    0.0000      0.0000  p
net551                      1.80    0.003    0.000    0.0000      0.0000  p
net554                      1.80    0.003    0.000    0.0000      0.0000  p
net555                      1.80    0.007    0.000    0.0000      0.0000  p
net556                      1.80    0.010    0.000    0.0000      0.0000  p
net557                      1.80    0.002    0.000    0.0000      0.0000  p
net558                      1.80    0.002    0.000    0.0000      0.0000  p
net559                      1.80    0.012    0.000    0.0000      0.0000  p
net560                      1.80    0.002    0.000    0.0000      0.0000  p
net561                      1.80    0.005    0.000    0.0000      0.0000  p
net562                      1.80    0.011    0.000    0.0000      0.0000  p
net563                      1.80    0.011    0.000    0.0000      0.0000  p
net564                      1.80    0.002    0.000    0.0000      0.0000  p
net565                      1.80    0.010    0.000    0.0000      0.0000  p
net566                      1.80    0.009    0.000    0.0000      0.0000  p
net567                      1.80    0.004    1.000    0.0000      0.0000  p
net568                      1.80    0.017    0.000    0.0000      0.0000  p
net569                      1.80    0.003    0.000    0.0000      0.0000  p
net570                      1.80    0.003    1.000    0.0000      0.0000  p
net571                      1.80    0.004    0.000    0.0000      0.0000  p
net572                      1.80    0.003    1.000    0.0000      0.0000  p
net573                      1.80    0.014    0.000    0.0000      0.0000  p
net574                      1.80    0.010    0.000    0.0000      0.0000  p
net575                      1.80    0.013    0.000    0.0000      0.0000  p
net576                      1.80    0.010    0.000    0.0000      0.0000  p
net577                      1.80    0.010    0.000    0.0000      0.0000  p
net578                      1.80    0.003    0.000    0.0000      0.0000  p
net579                      1.80    0.007    0.000    0.0000      0.0000  p
net580                      1.80    0.011    0.000    0.0000      0.0000  p
net581                      1.80    0.003    0.000    0.0000      0.0000  p
net582                      1.80    0.011    0.000    0.0000      0.0000  p
net583                      1.80    0.009    0.000    0.0000      0.0000  p
net584                      1.80    0.009    0.000    0.0000      0.0000  p
net585                      1.80    0.011    0.000    0.0000      0.0000  p
net586                      1.80    0.002    0.000    0.0000      0.0000  p
net587                      1.80    0.015    0.000    0.0000      0.0000  p
net588                      1.80    0.002    0.000    0.0000      0.0000  p
net589                      1.80    0.003    0.000    0.0000      0.0000  p
net590                      1.80    0.005    0.000    0.0000      0.0000  p
net591                      1.80    0.007    1.000    0.0000      0.0000  p
net604                      1.80    0.010    0.000    0.0000      0.0000  p
net605                      1.80    0.012    0.000    0.0000      0.0000  p
net607                      1.80    0.003    1.000    0.0000      0.0000  p
net609                      1.80    0.009    0.000    0.0000      0.0000  p
net610                      1.80    0.011    0.000    0.0000      0.0000  p
net611                      1.80    0.004    1.000    0.0000      0.0000  p
net616                      1.80    0.018    0.000    0.0000      0.0000  p
net617                      1.80    0.004    0.000    0.0000      0.0000  p
net619                      1.80    0.007    0.000    0.0000      0.0000  p
net620                      1.80    0.009    0.000    0.0000      0.0000  p
net621                      1.80    0.011    0.000    0.0000      0.0000  p
net622                      1.80    0.007    0.000    0.0000      0.0000  p
net623                      1.80    0.016    0.000    0.0000      0.0000  p
net624                      1.80    0.005    0.000    0.0000      0.0000  p
net625                      1.80    0.005    0.000    0.0000      0.0000  p
net626                      1.80    0.006    1.000    0.0000      0.0000  p
net627                      1.80    0.021    0.000    0.0000      0.0000  p
net628                      1.80    0.013    0.000    0.0000      0.0000  p
net629                      1.80    0.006    1.000    0.0000      0.0000  p
net630                      1.80    0.004    0.000    0.0000      0.0000  p
net634                      1.80    0.005    0.000    0.0000      0.0000  p
net641                      1.80    0.006    0.000    0.0000      0.0000  p
net642                      1.80    0.009    0.000    0.0000      0.0000  p
net643                      1.80    0.022    0.000    0.0000      0.0000  p
net644                      1.80    0.017    0.000    0.0000      0.0000  p
net645                      1.80    0.014    0.000    0.0000      0.0000  p
net646                      1.80    0.008    0.000    0.0000      0.0000  p
net647                      1.80    0.014    0.000    0.0000      0.0000  p
net648                      1.80    0.002    0.000    0.0000      0.0000  p
net649                      1.80    0.002    0.000    0.0000      0.0000  p
net650                      1.80    0.006    0.000    0.0000      0.0000  p
net651                      1.80    0.007    1.000    0.0000      0.0000  p
net655                      1.80    0.009    0.000    0.0000      0.0000  p
net656                      1.80    0.009    0.000    0.0000      0.0000  p
net657                      1.80    0.004    0.000    0.0000      0.0000  p
net658                      1.80    0.003    1.000    0.0000      0.0000  p
net659                      1.80    0.003    1.000    0.0000      0.0000  p
net660                      1.80    0.006    1.000    0.0000      0.0000  p
net661                      1.80    0.008    0.000    0.0000      0.0000  p
net662                      1.80    0.010    0.000    0.0000      0.0000  p
net663                      1.80    0.010    1.000    0.0000      0.0000  p
net665                      1.80    0.002    0.000    0.0000      0.0000  p
net666                      1.80    0.022    0.000    0.0000      0.0000  p
net667                      1.80    0.005    0.000    0.0000      0.0000  p
net668                      1.80    0.011    0.000    0.0000      0.0000  p
net669                      1.80    0.003    1.000    0.0000      0.0000  p
net670                      1.80    0.003    0.000    0.0000      0.0000  p
net671                      1.80    0.006    0.000    0.0000      0.0000  p
net672                      1.80    0.013    0.000    0.0000      0.0000  p
net673                      1.80    0.028    0.000    0.0000      0.0000  p
net674                      1.80    0.006    1.000    0.0000      0.0000  p
net675                      1.80    0.005    0.000    0.0000      0.0000  p
net676                      1.80    0.003    0.000    0.0000      0.0000  p
net677                      1.80    0.009    1.000    0.0000      0.0000  p
net678                      1.80    0.002    0.000    0.0000      0.0000  p
net679                      1.80    0.006    0.000    0.0000      0.0000  p
net680                      1.80    0.006    0.000    0.0000      0.0000  p
net681                      1.80    0.003    0.000    0.0000      0.0000  p
net682                      1.80    0.002    0.000    0.0000      0.0000  p
net683                      1.80    0.004    0.000    0.0000      0.0000  p
net684                      1.80    0.004    0.000    0.0000      0.0000  p
net685                      1.80    0.006    0.000    0.0000      0.0000  p
net686                      1.80    0.009    0.000    0.0000      0.0000  p
net687                      1.80    0.010    0.000    0.0000      0.0000  p
net688                      1.80    0.010    0.000    0.0000      0.0000  p
net689                      1.80    0.010    0.000    0.0000      0.0000  p
net690                      1.80    0.015    0.000    0.0000      0.0000  p
net691                      1.80    0.004    0.000    0.0000      0.0000  p
net692                      1.80    0.007    1.000    0.0000      0.0000  p
net693                      1.80    0.010    0.000    0.0000      0.0000  p
net694                      1.80    0.002    0.000    0.0000      0.0000  p
net695                      1.80    0.008    0.000    0.0000      0.0000  p
net698                      1.80    0.009    0.000    0.0000      0.0000  p
net699                      1.80    0.003    0.000    0.0000      0.0000  p
net700                      1.80    0.007    0.000    0.0000      0.0000  p
net701                      1.80    0.007    0.000    0.0000      0.0000  p
net702                      1.80    0.007    0.000    0.0000      0.0000  p
net703                      1.80    0.008    0.000    0.0000      0.0000  p
net704                      1.80    0.006    0.000    0.0000      0.0000  p
net705                      1.80    0.002    0.000    0.0000      0.0000  p
net707                      1.80    0.009    0.000    0.0000      0.0000  p
net709                      1.80    0.005    0.000    0.0000      0.0000  p
net711                      1.80    0.004    0.000    0.0000      0.0000  p
net712                      1.80    0.004    0.000    0.0000      0.0000  p
net715                      1.80    0.003    0.000    0.0000      0.0000  p
net716                      1.80    0.007    0.000    0.0000      0.0000  p
net717                      1.80    0.003    0.000    0.0000      0.0000  p
net718                      1.80    0.004    0.000    0.0000      0.0000  p
net743                      1.80    0.033    0.000    0.0000      0.0000  p
net744                      1.80    0.016    0.000    0.0000      0.0000  p
net745                      1.80    0.017    1.000    0.0000      0.0000  p
net746                      1.80    0.009    1.000    0.0000      0.0000  p
net747                      1.80    0.002    1.000    0.0000      0.0000  p
net748                      1.80    0.009    0.000    0.0000      0.0000  p
net749                      1.80    0.018    1.000    0.0000      0.0000  p
net750                      1.80    0.009    0.000    0.0000      0.0000  p
net751                      1.80    0.008    0.000    0.0000      0.0000  p
net752                      1.80    0.011    1.000    0.0000      0.0000  p
net753                      1.80    0.010    1.000    0.0000      0.0000  p
net754                      1.80    0.010    0.000    0.0000      0.0000  p
net755                      1.80    0.009    1.000    0.0000      0.0000  p
net756                      1.80    0.005    1.000    0.0000      0.0000  p
net757                      1.80    0.002    0.000    0.0000      0.0000  p
net758                      1.80    0.017    0.000    0.0000      0.0000  p
net759                      1.80    0.022    1.000    0.0000      0.0000  p
net760                      1.80    0.004    1.000    0.0000      0.0000  p
net761                      1.80    0.006    1.000    0.0000      0.0000  p
net762                      1.80    0.009    1.000    0.0000      0.0000  p
net763                      1.80    0.009    1.000    0.0000      0.0000  p
net764                      1.80    0.004    1.000    0.0000      0.0000  p
net765                      1.80    0.007    0.000    0.0000      0.0000  p
net766                      1.80    0.004    0.000    0.0000      0.0000  p
net767                      1.80    0.013    0.000    0.0000      0.0000  p
net768                      1.80    0.009    0.000    0.0000      0.0000  p
net769                      1.80    0.004    0.000    0.0000      0.0000  p
net770                      1.80    0.006    0.000    0.0000      0.0000  p
net771                      1.80    0.003    0.000    0.0000      0.0000  p
net772                      1.80    0.009    0.000    0.0000      0.0000  p
net773                      1.80    0.007    0.000    0.0000      0.0000  p
net774                      1.80    0.004    0.000    0.0000      0.0000  p
net775                      1.80    0.003    0.000    0.0000      0.0000  p
net776                      1.80    0.009    0.000    0.0000      0.0000  p
net777                      1.80    0.003    0.000    0.0000      0.0000  p
net778                      1.80    0.004    0.000    0.0000      0.0000  p
net780                      1.80    0.006    0.000    0.0000      0.0000  p
net781                      1.80    0.012    0.000    0.0000      0.0000  p
net782                      1.80    0.013    0.000    0.0000      0.0000  p
net784                      1.80    0.004    0.000    0.0000      0.0000  p
net790                      1.80    0.004    0.000    0.0000      0.0000  p
net792                      1.80    0.003    0.000    0.0000      0.0000  p
net793                      1.80    0.002    0.000    0.0000      0.0000  p
net796                      1.80    0.002    0.000    0.0000      0.0000  p
net797                      1.80    0.003    0.000    0.0000      0.0000  p
net799                      1.80    0.002    0.000    0.0000      0.0000  p
net800                      1.80    0.002    0.000    0.0000      0.0000  p
net802                      1.80    0.004    0.000    0.0000      0.0000  p
net803                      1.80    0.009    0.000    0.0000      0.0000  p
net804                      1.80    0.010    0.000    0.0000      0.0000  p
net805                      1.80    0.002    1.000    0.0000      0.0000  p
net806                      1.80    0.002    0.000    0.0000      0.0000  p
net807                      1.80    0.004    0.000    0.0000      0.0000  p
net808                      1.80    0.012    0.000    0.0000      0.0000  p
net811                      1.80    0.002    0.000    0.0000      0.0000  p
net812                      1.80    0.002    1.000    0.0000      0.0000  p
net813                      1.80    0.003    0.000    0.0000      0.0000  p
net814                      1.80    0.002    1.000    0.0000      0.0000  p
net816                      1.80    0.005    0.000    0.0000      0.0000  p
net817                      1.80    0.008    0.000    0.0000      0.0000  p
net818                      1.80    0.006    0.000    0.0000      0.0000  p
net819                      1.80    0.006    0.000    0.0000      0.0000  p
net820                      1.80    0.004    0.000    0.0000      0.0000  p
out1                        1.80    0.001    0.000    0.0000      0.0000  p
out2                        1.80    0.001    0.000    0.0000      0.0000  p
out4                        1.80    0.001    1.000    0.0000      0.0000  p
out6                        1.80    0.001    0.000    0.0000      0.0000  p
out8                        1.80    0.001    0.000    0.0000      0.0000  p
out10                       1.80    0.001    0.000    0.0000      0.0000  p
out11                       1.80    0.000    1.000    0.0000      0.0000  p
out16                       1.80    0.001    1.000    0.0000      0.0000  p
out17                       1.80    0.001    1.000    0.0000      0.0000  p
out18                       1.80    0.001    0.000    0.0000      0.0000  p
out19                       1.80    0.000    1.000    0.0000      0.0000  p
out20                       1.80    0.001    0.000    0.0000      0.0000  p
out21                       1.80    0.001    1.000    0.0000      0.0000  p
out22                       1.80    0.001    1.000    0.0000      0.0000  p
out23                       1.80    0.001    0.000    0.0000      0.0000  p
out24                       1.80    0.001    1.000    0.0000      0.0000  p
--------------------------------------------------------------------------------
Total (1028 nets)                                              1.982e-04 Watt



                                      Int      Switch   Leak      Total
Hierarchy                             Power    Power    Power     Power    %
--------------------------------------------------------------------------------
netlist_0                             4.26e-04 1.98e-04 6.05e-09  6.24e-04 100.0
1
