Information: Derived library resistance unit is 1.000000 Kohm (Time unit is 1 ns, and Capacitance unit is 1.000000 pF). (DES-028)
Warning: Detected semantically incorrect SPEF in coupling section. (PARA-098)
Warning: Coupling capacitor (in1:11 in3:9 0) on net in3 is discarded because the value cannot be <= 0 (PARA-040)
Warning: Coupling capacitor (in22:7 in4:13 0) on net in4 is discarded because the value cannot be <= 0 (PARA-040)
Warning: Coupling capacitor (out16 out18 0) on net out18 is discarded because the value cannot be <= 0 (PARA-040)
Warning: Coupling capacitor (out18 out21 0) on net out21 is discarded because the value cannot be <= 0 (PARA-040)
Warning: Coupling capacitor (out21 out22 0) on net out22 is discarded because the value cannot be <= 0 (PARA-040)
Warning: Coupling capacitor (out17 out23 0) on net out23 is discarded because the value cannot be <= 0 (PARA-040)
Warning: Coupling capacitor (out22 out23 0) on net out23 is discarded because the value cannot be <= 0 (PARA-040)
Warning: Coupling capacitor (out16 out24 0) on net out24 is discarded because the value cannot be <= 0 (PARA-040)
Warning: Coupling capacitor (out20 out24 0) on net out24 is discarded because the value cannot be <= 0 (PARA-040)
Warning: Coupling capacitor (clkbuf_1_1__f_net279/A clkbuf_1_1__f_net282/A 0) on net clknet_0_net282 is discarded because the value cannot be <= 0 (PARA-040)
Warning: Coupling capacitor (clkbuf_1_1__f_net285/A clkbuf_1_1__f_net286/A 0) on net clknet_0_net286 is discarded because the value cannot be <= 0 (PARA-040)
Warning: Coupling capacitor (clkbuf_1_0__f_net279/A clkbuf_1_0__f_net290/A 0) on net clknet_0_net290 is discarded because the value cannot be <= 0 (PARA-040)
Warning: Coupling capacitor (clkbuf_1_1__f_net279/A clkbuf_1_0__f_net290/A 0) on net clknet_0_net290 is discarded because the value cannot be <= 0 (PARA-040)
Warning: Coupling capacitor (clkbuf_1_0__f_net290/A clkbuf_1_0__f_net292/A 0) on net clknet_0_net292 is discarded because the value cannot be <= 0 (PARA-040)
Warning: Coupling capacitor (clkbuf_1_1__f_net280/A clkbuf_1_1__f_net292/A 0) on net clknet_0_net292 is discarded because the value cannot be <= 0 (PARA-040)
Warning: Coupling capacitor (clkbuf_1_1__f_net283/A clkbuf_1_1__f_net296/A 0) on net clknet_0_net296 is discarded because the value cannot be <= 0 (PARA-040)
Warning: Coupling capacitor (clkbuf_1_1__f_net283/A clkbuf_1_0__f_net398/A 0) on net clknet_0_net398 is discarded because the value cannot be <= 0 (PARA-040)
Warning: Coupling capacitor (clkbuf_1_1__f_net423/A clkbuf_1_0__f_net425/A 0) on net clknet_0_net425 is discarded because the value cannot be <= 0 (PARA-040)
Warning: Coupling capacitor (clkbuf_1_1__f_net423/A clkbuf_1_1__f_net425/A 0) on net clknet_0_net425 is discarded because the value cannot be <= 0 (PARA-040)
Warning: Coupling capacitor (clkbuf_1_1__f_net424/A clkbuf_1_0__f_net426/A 0) on net clknet_0_net426 is discarded because the value cannot be <= 0 (PARA-040)
Warning: Coupling capacitor (clkbuf_1_1__f_net422/A clkbuf_1_0__f_net427/A 0) on net clknet_0_net427 is discarded because the value cannot be <= 0 (PARA-040)
Warning: Coupling capacitor (clkbuf_1_0__f_net427/A clkbuf_1_1__f_net433/A 0) on net clknet_0_net433 is discarded because the value cannot be <= 0 (PARA-040)
Warning: Coupling capacitor (clkbuf_1_1__f_net427/A clkbuf_1_1__f_net433/A 0) on net clknet_0_net433 is discarded because the value cannot be <= 0 (PARA-040)
Warning: Coupling capacitor (clkbuf_1_0__f_net461/A clkbuf_1_1__f_net469/A 0) on net clknet_0_net469 is discarded because the value cannot be <= 0 (PARA-040)
Warning: Coupling capacitor (rebuffer18/A clkbuf_1_0__f_net470/A 0) on net clknet_0_net470 is discarded because the value cannot be <= 0 (PARA-040)
Warning: Coupling capacitor (clknet_0_net574:8 clkbuf_1_1__f_net576/A 0) on net clknet_0_net576 is discarded because the value cannot be <= 0 (PARA-040)
Warning: Coupling capacitor (clknet_0_net574:8 clkbuf_1_1__f_net583/A 0) on net clknet_0_net583 is discarded because the value cannot be <= 0 (PARA-040)
Warning: Coupling capacitor (clkbuf_1_1__f_net282/A clkbuf_1_0__f_net707/A 0) on net clknet_0_net707 is discarded because the value cannot be <= 0 (PARA-040)
Warning: Coupling capacitor (clkbuf_1_1__f_net290/A clkbuf_1_0__f_net707/A 0) on net clknet_0_net707 is discarded because the value cannot be <= 0 (PARA-040)
Warning: Coupling capacitor (clkbuf_1_0__f_net295/A clkbuf_1_0__f_net708/A 0) on net clknet_0_net708 is discarded because the value cannot be <= 0 (PARA-040)
Warning: Coupling capacitor (clkbuf_1_0__f_net295/A clkbuf_1_1__f_net708/A 0) on net clknet_0_net708 is discarded because the value cannot be <= 0 (PARA-040)
Warning: Coupling capacitor (clkbuf_1_1__f_net295/A clkbuf_1_1__f_net708/A 0) on net clknet_0_net708 is discarded because the value cannot be <= 0 (PARA-040)
Warning: Coupling capacitor (c300/A clknet_1_0__leaf_net282:10 0) on net clknet_1_0__leaf_net282 is discarded because the value cannot be <= 0 (PARA-040)
Warning: Coupling capacitor (clkbuf_1_1__f_net280/A clknet_1_0__leaf_net282:10 0) on net clknet_1_0__leaf_net282 is discarded because the value cannot be <= 0 (PARA-040)
Warning: Coupling capacitor (clknet_0_net280:10 clknet_1_0__leaf_net282:10 0) on net clknet_1_0__leaf_net282 is discarded because the value cannot be <= 0 (PARA-040)
Warning: Coupling capacitor (clknet_1_0__leaf_net279:10 clknet_1_0__leaf_net282:10 0) on net clknet_1_0__leaf_net282 is discarded because the value cannot be <= 0 (PARA-040)
Warning: Coupling capacitor (clkbuf_1_0__f_net283/A c308/A 0) on net clknet_1_0__leaf_net285 is discarded because the value cannot be <= 0 (PARA-040)
Warning: Coupling capacitor (clkbuf_1_0__f_net291/A c308/A 0) on net clknet_1_0__leaf_net285 is discarded because the value cannot be <= 0 (PARA-040)
Warning: Coupling capacitor (c308/A c308/B 0) on net clknet_1_0__leaf_net288 is discarded because the value cannot be <= 0 (PARA-040)
Warning: Coupling capacitor (c306/B c309/A 0) on net clknet_1_0__leaf_net290 is discarded because the value cannot be <= 0 (PARA-040)
Warning: Coupling capacitor (c308/A c309/A 0) on net clknet_1_0__leaf_net290 is discarded because the value cannot be <= 0 (PARA-040)
Warning: Coupling capacitor (clknet_1_0__leaf_net281:8 c309/A 0) on net clknet_1_0__leaf_net290 is discarded because the value cannot be <= 0 (PARA-040)
Warning: Coupling capacitor (clkbuf_1_1__f_net281/A c311/B 0) on net clknet_1_0__leaf_net291 is discarded because the value cannot be <= 0 (PARA-040)
Warning: Coupling capacitor (clkbuf_1_1__f_net424/A c428/C 0) on net clknet_1_0__leaf_net422 is discarded because the value cannot be <= 0 (PARA-040)
Warning: Coupling capacitor (clkbuf_1_1__f_net424/A c428/B 0) on net clknet_1_0__leaf_net423 is discarded because the value cannot be <= 0 (PARA-040)
Warning: Coupling capacitor (c426/C c441/A 0) on net clknet_1_0__leaf_net424 is discarded because the value cannot be <= 0 (PARA-040)
Warning: Coupling capacitor (clkbuf_1_1__f_net425/A c431/GATE 0) on net clknet_1_0__leaf_net425 is discarded because the value cannot be <= 0 (PARA-040)
Warning: Coupling capacitor (clkbuf_1_1__f_net423/A c432/A 0) on net clknet_1_0__leaf_net426 is discarded because the value cannot be <= 0 (PARA-040)
Warning: Coupling capacitor (clkbuf_1_1__f_net424/A c437/A 0) on net clknet_1_0__leaf_net427 is discarded because the value cannot be <= 0 (PARA-040)
Warning: Coupling capacitor (clkbuf_1_0__f_net422/A c433/A 0) on net clknet_1_0__leaf_net428 is discarded because the value cannot be <= 0 (PARA-040)
Warning: Coupling capacitor (clkbuf_1_0__f_net426/A c433/A 0) on net clknet_1_0__leaf_net428 is discarded because the value cannot be <= 0 (PARA-040)
Warning: Coupling capacitor (clkbuf_1_1__f_net422/A c433/A 0) on net clknet_1_0__leaf_net428 is discarded because the value cannot be <= 0 (PARA-040)
Warning: Coupling capacitor (c433/A c439/D 0) on net clknet_1_0__leaf_net433 is discarded because the value cannot be <= 0 (PARA-040)
Warning: Coupling capacitor (clknet_1_0__leaf_net428:10 c439/D 0) on net clknet_1_0__leaf_net433 is discarded because the value cannot be <= 0 (PARA-040)
Warning: Coupling capacitor (c428/B c440/SCE 0) on net clknet_1_0__leaf_net434 is discarded because the value cannot be <= 0 (PARA-040)
Warning: Coupling capacitor (clk:9 c467/B 0) on net clknet_1_0__leaf_net463 is discarded because the value cannot be <= 0 (PARA-040)
Warning: Coupling capacitor (clkbuf_1_0__f_net576/A c598/A 0) on net clknet_1_0__leaf_net580 is discarded because the value cannot be <= 0 (PARA-040)
Warning: Coupling capacitor (clkbuf_1_0__f_net576/A c601/B 0) on net clknet_1_0__leaf_net580 is discarded because the value cannot be <= 0 (PARA-040)
Warning: Coupling capacitor (c593/A c598/B 0) on net clknet_1_0__leaf_net582 is discarded because the value cannot be <= 0 (PARA-040)
Warning: Coupling capacitor (c593/A clknet_1_0__leaf_net582:8 0) on net clknet_1_0__leaf_net582 is discarded because the value cannot be <= 0 (PARA-040)
Warning: Coupling capacitor (clkbuf_1_0__f_net576/A c598/B 0) on net clknet_1_0__leaf_net582 is discarded because the value cannot be <= 0 (PARA-040)
Warning: Coupling capacitor (clkbuf_1_1__f_net574/A c604/A 0) on net clknet_1_0__leaf_net584 is discarded because the value cannot be <= 0 (PARA-040)
Warning: Coupling capacitor (c601/C c602/B 0) on net clknet_1_0__leaf_net585 is discarded because the value cannot be <= 0 (PARA-040)
Warning: Coupling capacitor (clkbuf_1_0__f_net576/A c602/B 0) on net clknet_1_0__leaf_net585 is discarded because the value cannot be <= 0 (PARA-040)
Warning: Coupling capacitor (c715/A clknet_1_0__leaf_net687:10 0) on net clknet_1_0__leaf_net687 is discarded because the value cannot be <= 0 (PARA-040)
Warning: Coupling capacitor (c601/C clknet_1_0__leaf_net744:75 0) on net clknet_1_0__leaf_net744 is discarded because the value cannot be <= 0 (PARA-040)
Warning: Coupling capacitor (clknet_1_0__leaf_net689:8 clknet_1_0__leaf_net744:14 0) on net clknet_1_0__leaf_net744 is discarded because the value cannot be <= 0 (PARA-040)
Warning: Coupling capacitor (c301/A c298/B 0) on net clknet_1_1__leaf_net279 is discarded because the value cannot be <= 0 (PARA-040)
Warning: Coupling capacitor (c311/B c332/S1 0) on net clknet_1_1__leaf_net281 is discarded because the value cannot be <= 0 (PARA-040)
Warning: Coupling capacitor (clkbuf_1_1__f_net285/A c312/C1 0) on net clknet_1_1__leaf_net282 is discarded because the value cannot be <= 0 (PARA-040)
Warning: Coupling capacitor (clkbuf_1_1__f_net285/A c304/A 0) on net clknet_1_1__leaf_net283 is discarded because the value cannot be <= 0 (PARA-040)
Warning: Coupling capacitor (clkbuf_1_1__f_net285/A c304/B 0) on net clknet_1_1__leaf_net285 is discarded because the value cannot be <= 0 (PARA-040)
Warning: Coupling capacitor (clkbuf_1_0__f_net707/A c314/C 0) on net clknet_1_1__leaf_net286 is discarded because the value cannot be <= 0 (PARA-040)
Warning: Coupling capacitor (c308/B c306/A 0) on net clknet_1_1__leaf_net287 is discarded because the value cannot be <= 0 (PARA-040)
Warning: Coupling capacitor (c314/C c312/B1 0) on net clknet_1_1__leaf_net288 is discarded because the value cannot be <= 0 (PARA-040)
Warning: Coupling capacitor (clkbuf_1_1__f_net286/A c312/B1 0) on net clknet_1_1__leaf_net288 is discarded because the value cannot be <= 0 (PARA-040)
Warning: Coupling capacitor (clkbuf_1_1__f_net290/A c312/B1 0) on net clknet_1_1__leaf_net288 is discarded because the value cannot be <= 0 (PARA-040)
Warning: Coupling capacitor (c312/B1 c312/A2 0) on net clknet_1_1__leaf_net290 is discarded because the value cannot be <= 0 (PARA-040)
Warning: Coupling capacitor (clkbuf_1_1__f_net280/A c313/C 0) on net clknet_1_1__leaf_net291 is discarded because the value cannot be <= 0 (PARA-040)
Warning: Coupling capacitor (c441/A c323/D 0) on net clknet_1_1__leaf_net295 is discarded because the value cannot be <= 0 (PARA-040)
Warning: Coupling capacitor (c431/GATE c430/GATE 0) on net clknet_1_1__leaf_net422 is discarded because the value cannot be <= 0 (PARA-040)
Warning: Coupling capacitor (clkbuf_1_1__f_net425/A c430/GATE 0) on net clknet_1_1__leaf_net422 is discarded because the value cannot be <= 0 (PARA-040)
Warning: Coupling capacitor (clkbuf_1_1__f_net423/A c432/B 0) on net clknet_1_1__leaf_net423 is discarded because the value cannot be <= 0 (PARA-040)
Warning: Coupling capacitor (c434/C c433/B 0) on net clknet_1_1__leaf_net427 is discarded because the value cannot be <= 0 (PARA-040)
Warning: Coupling capacitor (clk:9 c456/A3 0) on net clknet_1_1__leaf_net434 is discarded because the value cannot be <= 0 (PARA-040)
Warning: Coupling capacitor (clk:9 c452/RESET_B 0) on net clknet_1_1__leaf_net437 is discarded because the value cannot be <= 0 (PARA-040)
Warning: Coupling capacitor (clkbuf_1_0__f_net461/A c473/A 0) on net clknet_1_1__leaf_net465 is discarded because the value cannot be <= 0 (PARA-040)
Warning: Coupling capacitor (clkbuf_1_1__f_net475/A c473/A 0) on net clknet_1_1__leaf_net465 is discarded because the value cannot be <= 0 (PARA-040)
Warning: Coupling capacitor (c465/A clknet_1_1__leaf_net469:14 0) on net clknet_1_1__leaf_net469 is discarded because the value cannot be <= 0 (PARA-040)
Warning: Coupling capacitor (clkbuf_1_0__f_net461/A c474/A 0) on net clknet_1_1__leaf_net469 is discarded because the value cannot be <= 0 (PARA-040)
Warning: Coupling capacitor (clkbuf_1_0__f_net470/A c480/A2 0) on net clknet_1_1__leaf_net470 is discarded because the value cannot be <= 0 (PARA-040)
Warning: Coupling capacitor (clknet_0_net463:12 c480/A2 0) on net clknet_1_1__leaf_net470 is discarded because the value cannot be <= 0 (PARA-040)
Warning: Coupling capacitor (clkbuf_1_1__f_net583/A c606/A3 0) on net clknet_1_1__leaf_net577 is discarded because the value cannot be <= 0 (PARA-040)
Warning: Coupling capacitor (clkbuf_1_0__f_net584/A c608/C_N 0) on net clknet_1_1__leaf_net584 is discarded because the value cannot be <= 0 (PARA-040)
Warning: Coupling capacitor (clkbuf_1_0__f_net295/A c335/S0 0) on net clknet_1_1__leaf_net708 is discarded because the value cannot be <= 0 (PARA-040)
Warning: Coupling capacitor (out10 clknet_1_1__leaf_net744:109 0) on net clknet_1_1__leaf_net744 is discarded because the value cannot be <= 0 (PARA-040)
Warning: Coupling capacitor (c714/A clknet_1_1__leaf_net744:10 0) on net clknet_1_1__leaf_net744 is discarded because the value cannot be <= 0 (PARA-040)
Warning: Coupling capacitor (c720/A clknet_1_1__leaf_net744:33 0) on net clknet_1_1__leaf_net744 is discarded because the value cannot be <= 0 (PARA-040)
Warning: Coupling capacitor (clkbuf_1_1__f_net574/A c604/C 0) on net clknet_1_1__leaf_net744 is discarded because the value cannot be <= 0 (PARA-040)
Warning: Coupling capacitor (c696/RESET_B clknet_4_11_0_clk:60 0) on net clknet_4_11_0_clk is discarded because the value cannot be <= 0 (PARA-040)
Note - message 'PARA-040' default limit (100) exceeded.  Remainder will be suppressed.

****************************************
Report : read_parasitics /nas/ei/home/ge78pav/TM_power/TM_openlane/TM_openlane_single_min/TM_openlane_min_ato/TM_openlane_min_ato_max/netlist_0/low/spef/netlist_0.nom.spef
Design : netlist_0
Version: Q-2019.12-SP1
Date   : Wed Aug 21 13:21:25 2024
****************************************

        0 error(s)
        Format is SPEF
        Annotated nets                   :         1054
        Annotated capacitances           :         4800
        Annotated resistances            :         3746
        Reduced coupling capacitances    :         5388
        Annotated PI models              :            0
        Annotated Elmore delays          :            0

