Information: Derived library resistance unit is 1.000000 Kohm (Time unit is 1 ns, and Capacitance unit is 1.000000 pF). (DES-028)
Warning: Detected semantically incorrect SPEF in coupling section. (PARA-098)
Warning: Coupling capacitor (in1:7 in16:7 0) on net in16 is discarded because the value cannot be <= 0 (PARA-040)
Warning: Coupling capacitor (in0:13 in17:11 0) on net in17 is discarded because the value cannot be <= 0 (PARA-040)
Warning: Coupling capacitor (in12:13 in20:11 0) on net in20 is discarded because the value cannot be <= 0 (PARA-040)
Warning: Coupling capacitor (in17:11 in5:13 0) on net in5 is discarded because the value cannot be <= 0 (PARA-040)
Warning: Coupling capacitor (in4:7 in6:7 0) on net in6 is discarded because the value cannot be <= 0 (PARA-040)
Warning: Coupling capacitor (in1:7 in8:9 0) on net in8 is discarded because the value cannot be <= 0 (PARA-040)
Warning: Coupling capacitor (out11 out15 0) on net out15 is discarded because the value cannot be <= 0 (PARA-040)
Warning: Coupling capacitor (in15:11 out18 0) on net out18 is discarded because the value cannot be <= 0 (PARA-040)
Warning: Coupling capacitor (in15:11 out22 0) on net out22 is discarded because the value cannot be <= 0 (PARA-040)
Warning: Coupling capacitor (out0 out5 0) on net out5 is discarded because the value cannot be <= 0 (PARA-040)
Warning: Coupling capacitor (out20 out7 0) on net out7 is discarded because the value cannot be <= 0 (PARA-040)
Warning: Coupling capacitor (clknet_0_clk:227 clkbuf_1_0__f_net307/A 0) on net clknet_0_net307 is discarded because the value cannot be <= 0 (PARA-040)
Warning: Coupling capacitor (clkbuf_1_0__f_net273/A clkbuf_1_0__f_net814/A 0) on net clknet_0_net814 is discarded because the value cannot be <= 0 (PARA-040)
Warning: Coupling capacitor (clkbuf_1_0__f_net273/A clkbuf_1_1__f_net814/A 0) on net clknet_0_net814 is discarded because the value cannot be <= 0 (PARA-040)
Warning: Coupling capacitor (clkbuf_1_0__f_net192/A c337/A3 0) on net clknet_1_0__leaf_net192 is discarded because the value cannot be <= 0 (PARA-040)
Warning: Coupling capacitor (clkbuf_1_0__f_net269/A c559/A 0) on net clknet_1_0__leaf_net269 is discarded because the value cannot be <= 0 (PARA-040)
Warning: Coupling capacitor (clkbuf_1_0__f_net450/A c594/A0 0) on net clknet_1_0__leaf_net314 is discarded because the value cannot be <= 0 (PARA-040)
Warning: Coupling capacitor (clknet_0_net977:54 c357/SCD 0) on net clknet_1_0__leaf_net328 is discarded because the value cannot be <= 0 (PARA-040)
Warning: Coupling capacitor (clkbuf_1_1__f_net583/A c608/B 0) on net clknet_1_0__leaf_net450 is discarded because the value cannot be <= 0 (PARA-040)
Warning: Coupling capacitor (clknet_0_clk:99 c602/A3 0) on net clknet_1_0__leaf_net450 is discarded because the value cannot be <= 0 (PARA-040)
Warning: Coupling capacitor (clknet_0_clk:153 c682/SCE 0) on net clknet_1_0__leaf_net537 is discarded because the value cannot be <= 0 (PARA-040)
Warning: Coupling capacitor (clkbuf_1_0__f_net555/A c602/A0 0) on net clknet_1_0__leaf_net555 is discarded because the value cannot be <= 0 (PARA-040)
Warning: Coupling capacitor (clkbuf_1_1__f_net192/A c348/S1 0) on net clknet_1_0__leaf_net842 is discarded because the value cannot be <= 0 (PARA-040)
Warning: Coupling capacitor (clknet_1_0__leaf_net280:10 clknet_1_0__leaf_net843:18 0) on net clknet_1_0__leaf_net843 is discarded because the value cannot be <= 0 (PARA-040)
Warning: Coupling capacitor (clkbuf_1_0__f_net583/A c607/S1 0) on net clknet_1_0__leaf_net882 is discarded because the value cannot be <= 0 (PARA-040)
Warning: Coupling capacitor (c604/A2 c605/D1 0) on net clknet_1_0__leaf_net883 is discarded because the value cannot be <= 0 (PARA-040)
Warning: Coupling capacitor (out3 clknet_1_0__leaf_net965:72 0) on net clknet_1_0__leaf_net965 is discarded because the value cannot be <= 0 (PARA-040)
Warning: Coupling capacitor (clkbuf_1_0__f_net473/A clknet_1_0__leaf_net971:8 0) on net clknet_1_0__leaf_net971 is discarded because the value cannot be <= 0 (PARA-040)
Warning: Coupling capacitor (clkbuf_1_1__f_net982/A c613/A1 0) on net clknet_1_0__leaf_net982 is discarded because the value cannot be <= 0 (PARA-040)
Warning: Coupling capacitor (clknet_1_0__leaf_net814:12 merge800/S0 0) on net clknet_1_1__leaf_net269 is discarded because the value cannot be <= 0 (PARA-040)
Warning: Coupling capacitor (clknet_0_clk:235 clknet_1_1__leaf_net274:20 0) on net clknet_1_1__leaf_net274 is discarded because the value cannot be <= 0 (PARA-040)
Warning: Coupling capacitor (clkbuf_1_0__f_net307/A clknet_1_1__leaf_net294:14 0) on net clknet_1_1__leaf_net294 is discarded because the value cannot be <= 0 (PARA-040)
Warning: Coupling capacitor (clkbuf_1_1__f_net307/A clknet_1_1__leaf_net294:14 0) on net clknet_1_1__leaf_net294 is discarded because the value cannot be <= 0 (PARA-040)
Warning: Coupling capacitor (clknet_1_0__leaf_net453:16 c481/B 0) on net clknet_1_1__leaf_net294 is discarded because the value cannot be <= 0 (PARA-040)
Warning: Coupling capacitor (clknet_0_net922:10 clknet_1_1__leaf_net307:10 0) on net clknet_1_1__leaf_net307 is discarded because the value cannot be <= 0 (PARA-040)
Warning: Coupling capacitor (clknet_0_net977:54 clknet_1_1__leaf_net327:136 0) on net clknet_1_1__leaf_net327 is discarded because the value cannot be <= 0 (PARA-040)
Warning: Coupling capacitor (c451/A0 c458/A3 0) on net clknet_1_1__leaf_net427 is discarded because the value cannot be <= 0 (PARA-040)
Warning: Coupling capacitor (clkbuf_1_1__f_net485/A c516/A2 0) on net clknet_1_1__leaf_net451 is discarded because the value cannot be <= 0 (PARA-040)
Warning: Coupling capacitor (clknet_1_0__leaf_net441:18 c733/A0 0) on net clknet_1_1__leaf_net456 is discarded because the value cannot be <= 0 (PARA-040)
Warning: Coupling capacitor (c215/SCE clknet_1_1__leaf_net841:35 0) on net clknet_1_1__leaf_net841 is discarded because the value cannot be <= 0 (PARA-040)
Warning: Coupling capacitor (clknet_0_clk:256 c213/SET_B 0) on net clknet_1_1__leaf_net841 is discarded because the value cannot be <= 0 (PARA-040)
Warning: Coupling capacitor (clknet_0_clk:256 clknet_1_1__leaf_net841:35 0) on net clknet_1_1__leaf_net841 is discarded because the value cannot be <= 0 (PARA-040)
Warning: Coupling capacitor (c219/S0 c219/S1 0) on net clknet_1_1__leaf_net843 is discarded because the value cannot be <= 0 (PARA-040)
Warning: Coupling capacitor (out23 c517/D1 0) on net clknet_1_1__leaf_net862 is discarded because the value cannot be <= 0 (PARA-040)
Warning: Coupling capacitor (clkbuf_1_0__f_net584/A clknet_1_1__leaf_net882:12 0) on net clknet_1_1__leaf_net882 is discarded because the value cannot be <= 0 (PARA-040)
Warning: Coupling capacitor (merge795/S1 clknet_1_1__leaf_net922:18 0) on net clknet_1_1__leaf_net922 is discarded because the value cannot be <= 0 (PARA-040)
Warning: Coupling capacitor (c510/A1 clknet_1_1__leaf_net962:16 0) on net clknet_1_1__leaf_net962 is discarded because the value cannot be <= 0 (PARA-040)
Warning: Coupling capacitor (c516/A2 clknet_1_1__leaf_net962:12 0) on net clknet_1_1__leaf_net962 is discarded because the value cannot be <= 0 (PARA-040)
Warning: Coupling capacitor (c219/S0 clknet_1_1__leaf_net965:24 0) on net clknet_1_1__leaf_net965 is discarded because the value cannot be <= 0 (PARA-040)
Warning: Coupling capacitor (c219/S1 clknet_1_1__leaf_net965:24 0) on net clknet_1_1__leaf_net965 is discarded because the value cannot be <= 0 (PARA-040)
Warning: Coupling capacitor (clknet_1_1__leaf_net842:29 clknet_1_1__leaf_net965:24 0) on net clknet_1_1__leaf_net965 is discarded because the value cannot be <= 0 (PARA-040)
Warning: Coupling capacitor (out14 clknet_1_1__leaf_net977:29 0) on net clknet_1_1__leaf_net977 is discarded because the value cannot be <= 0 (PARA-040)
Warning: Coupling capacitor (out3 output44/A 0) on net clknet_1_1__leaf_net977 is discarded because the value cannot be <= 0 (PARA-040)
Warning: Coupling capacitor (c484/A clknet_1_1__leaf_net977:10 0) on net clknet_1_1__leaf_net977 is discarded because the value cannot be <= 0 (PARA-040)
Warning: Coupling capacitor (c496/A2 clknet_1_1__leaf_net977:10 0) on net clknet_1_1__leaf_net977 is discarded because the value cannot be <= 0 (PARA-040)
Warning: Coupling capacitor (clkbuf_1_1__f_net708/A clknet_1_1__leaf_net977:10 0) on net clknet_1_1__leaf_net977 is discarded because the value cannot be <= 0 (PARA-040)
Warning: Coupling capacitor (clknet_0_net965:12 clknet_1_1__leaf_net977:10 0) on net clknet_1_1__leaf_net977 is discarded because the value cannot be <= 0 (PARA-040)
Warning: Coupling capacitor (clknet_0_net965:32 clknet_1_1__leaf_net977:10 0) on net clknet_1_1__leaf_net977 is discarded because the value cannot be <= 0 (PARA-040)
Warning: Coupling capacitor (c689/B clknet_4_0_0_clk:22 0) on net clknet_4_0_0_clk is discarded because the value cannot be <= 0 (PARA-040)
Warning: Coupling capacitor (clkbuf_1_0__f_net537/A clknet_4_0_0_clk:230 0) on net clknet_4_0_0_clk is discarded because the value cannot be <= 0 (PARA-040)
Warning: Coupling capacitor (clkbuf_1_1__f_net537/A clknet_4_0_0_clk:230 0) on net clknet_4_0_0_clk is discarded because the value cannot be <= 0 (PARA-040)
Warning: Coupling capacitor (merge767/S1 clknet_4_0_0_clk:22 0) on net clknet_4_0_0_clk is discarded because the value cannot be <= 0 (PARA-040)
Warning: Coupling capacitor (c516/A2 clknet_4_11_0_clk:14 0) on net clknet_4_11_0_clk is discarded because the value cannot be <= 0 (PARA-040)
Warning: Coupling capacitor (c520/A3 clknet_4_11_0_clk:238 0) on net clknet_4_11_0_clk is discarded because the value cannot be <= 0 (PARA-040)
Warning: Coupling capacitor (clknet_0_clk:373 clknet_4_11_0_clk:110 0) on net clknet_4_11_0_clk is discarded because the value cannot be <= 0 (PARA-040)
Warning: Coupling capacitor (clknet_0_clk:418 clknet_4_14_0_clk:194 0) on net clknet_4_14_0_clk is discarded because the value cannot be <= 0 (PARA-040)
Warning: Coupling capacitor (clknet_0_net965:36 clknet_4_14_0_clk:36 0) on net clknet_4_14_0_clk is discarded because the value cannot be <= 0 (PARA-040)
Warning: Coupling capacitor (clknet_0_net965:36 clknet_4_14_0_clk:103 0) on net clknet_4_14_0_clk is discarded because the value cannot be <= 0 (PARA-040)
Warning: Coupling capacitor (clknet_1_0__leaf_net327:32 clknet_4_14_0_clk:14 0) on net clknet_4_14_0_clk is discarded because the value cannot be <= 0 (PARA-040)
Warning: Coupling capacitor (clknet_1_0__leaf_net327:97 clknet_4_14_0_clk:14 0) on net clknet_4_14_0_clk is discarded because the value cannot be <= 0 (PARA-040)
Warning: Coupling capacitor (clknet_1_0__leaf_net327:97 clknet_4_14_0_clk:160 0) on net clknet_4_14_0_clk is discarded because the value cannot be <= 0 (PARA-040)
Warning: Coupling capacitor (clknet_1_1__leaf_net977:79 ANTENNA_c355_CLK/DIODE 0) on net clknet_4_14_0_clk is discarded because the value cannot be <= 0 (PARA-040)
Warning: Coupling capacitor (clknet_0_clk:153 c555/CLK 0) on net clknet_4_1_0_clk is discarded because the value cannot be <= 0 (PARA-040)
Warning: Coupling capacitor (clknet_0_clk:119 clknet_4_2_0_clk:8 0) on net clknet_4_2_0_clk is discarded because the value cannot be <= 0 (PARA-040)
Warning: Coupling capacitor (clknet_1_0__leaf_net963:25 clknet_4_2_0_clk:57 0) on net clknet_4_2_0_clk is discarded because the value cannot be <= 0 (PARA-040)
Warning: Coupling capacitor (clknet_1_0__leaf_net963:25 clknet_4_2_0_clk:61 0) on net clknet_4_2_0_clk is discarded because the value cannot be <= 0 (PARA-040)
Warning: Coupling capacitor (clknet_1_0__leaf_net977:38 clknet_4_2_0_clk:256 0) on net clknet_4_2_0_clk is discarded because the value cannot be <= 0 (PARA-040)
Warning: Coupling capacitor (clkbuf_1_0__f_net450/A s889/CLK 0) on net clknet_4_3_0_clk is discarded because the value cannot be <= 0 (PARA-040)
Warning: Coupling capacitor (clkbuf_1_0__f_net450/A clknet_4_3_0_clk:230 0) on net clknet_4_3_0_clk is discarded because the value cannot be <= 0 (PARA-040)
Warning: Coupling capacitor (clkbuf_1_1__f_net553/A clknet_4_3_0_clk:10 0) on net clknet_4_3_0_clk is discarded because the value cannot be <= 0 (PARA-040)
Warning: Coupling capacitor (clkbuf_1_1__f_net553/A clknet_4_3_0_clk:41 0) on net clknet_4_3_0_clk is discarded because the value cannot be <= 0 (PARA-040)
Warning: Coupling capacitor (c436/A merge844/CLK 0) on net clknet_4_4_0_clk is discarded because the value cannot be <= 0 (PARA-040)
Warning: Coupling capacitor (c173/A3 clknet_4_5_0_clk:78 0) on net clknet_4_5_0_clk is discarded because the value cannot be <= 0 (PARA-040)
Warning: Coupling capacitor (clkbuf_1_0__f_net904/A clknet_4_8_0_clk:74 0) on net clknet_4_8_0_clk is discarded because the value cannot be <= 0 (PARA-040)
Warning: Coupling capacitor (clkbuf_1_1__f_net904/A clknet_4_8_0_clk:74 0) on net clknet_4_8_0_clk is discarded because the value cannot be <= 0 (PARA-040)
Warning: Coupling capacitor (clknet_0_clk:357 clknet_4_9_0_clk:192 0) on net clknet_4_9_0_clk is discarded because the value cannot be <= 0 (PARA-040)
Warning: Coupling capacitor (clknet_4_5_0_clk:78 net0:61 0) on net net0 is discarded because the value cannot be <= 0 (PARA-040)
Warning: Coupling capacitor (clknet_4_5_0_clk:91 net0:61 0) on net net0 is discarded because the value cannot be <= 0 (PARA-040)
Warning: Coupling capacitor (c473/A1 net1:10 0) on net net1 is discarded because the value cannot be <= 0 (PARA-040)
Warning: Coupling capacitor (clknet_4_6_0_clk:14 net1:10 0) on net net1 is discarded because the value cannot be <= 0 (PARA-040)
Warning: Coupling capacitor (clknet_4_6_0_clk:20 net1:10 0) on net net1 is discarded because the value cannot be <= 0 (PARA-040)
Warning: Coupling capacitor (ANTENNA_c213_CLK_N/DIODE net10:105 0) on net net10 is discarded because the value cannot be <= 0 (PARA-040)
Warning: Coupling capacitor (c219/A3 net10:107 0) on net net10 is discarded because the value cannot be <= 0 (PARA-040)
Warning: Coupling capacitor (c253/A3 c256/S0 0) on net net1001 is discarded because the value cannot be <= 0 (PARA-040)
Warning: Coupling capacitor (c386/CLK c390/SCE 0) on net net1001 is discarded because the value cannot be <= 0 (PARA-040)
Warning: Coupling capacitor (c602/S1 net1002:99 0) on net net1002 is discarded because the value cannot be <= 0 (PARA-040)
Warning: Coupling capacitor (clknet_1_0__leaf_net963:41 net1002:99 0) on net net1002 is discarded because the value cannot be <= 0 (PARA-040)
Warning: Coupling capacitor (net1000:92 net1002:99 0) on net net1002 is discarded because the value cannot be <= 0 (PARA-040)
Warning: Coupling capacitor (c477/A3 c471/C 0) on net net1003 is discarded because the value cannot be <= 0 (PARA-040)
Warning: Coupling capacitor (s916/CLK net1003:93 0) on net net1003 is discarded because the value cannot be <= 0 (PARA-040)
Note - message 'PARA-040' default limit (100) exceeded.  Remainder will be suppressed.
Warning: Net 'net305' is multi-driven. (DES-023)
Warning: Net 'net413' is multi-driven. (DES-023)

****************************************
Report : read_parasitics /nas/ei/home/ge78pav/TM_power/TM_openlane/TM_openlane_single_mid/TM_openlane_mid_ios/TM_openlane_mid_ios_min/netlist_0/low/spef/netlist_0_post_par_nom.spef
Design : netlist_0
Version: Q-2019.12-SP1
Date   : Tue Jul 30 21:52:08 2024
****************************************

        0 error(s)
        Format is SPEF
        Annotated nets                   :         1337
        Annotated capacitances           :        10152
        Annotated resistances            :         8815
        Reduced coupling capacitances    :        17218
        Annotated PI models              :            0
        Annotated Elmore delays          :            0

