****************************************
Report : Averaged Power
	-net_power
	-hierarchy
	-sort_by net_switching_power
	-power_greater_than       0
	-nosplit
Design : netlist_1
Version: Q-2019.12-SP1
Date   : Wed Aug 21 13:26:28 2024
****************************************



  Attributes
  ----------
      a  -  Switching activity information / Switching power information annotated on net
      p  -  Propagated switching activity information on net
      d  -  Default switching activity used on net
      u  -  Net switching activity uninitialized
      m  -  Net is driven by multiple pins
      b  -  Net is a primary input (boundary net)

		Toggle rates reported with respect to time unit 1ns
--------------------------------------------------------------------------------
                                  Total      Static   Toggle   Switching
Net                         Vdd   Net Load   Prob.    Rate     Power      Attrs
--------------------------------------------------------------------------------
clknet_0_clk                1.80    0.150    0.500    0.1000   2.425e-05  a
clknet_4_0_0_clk            1.80    0.047    0.500    0.1000   7.589e-06  a
net7                        1.80    0.042    0.750    0.0975   6.623e-06  p
clknet_4_5_0_clk            1.80    0.040    0.500    0.1000   6.437e-06  a
clknet_4_15_0_clk           1.80    0.038    0.500    0.1000   6.162e-06  a
clknet_4_2_0_clk            1.80    0.037    0.500    0.1000   6.070e-06  a
clknet_4_8_0_clk            1.80    0.036    0.500    0.1000   5.760e-06  a
clknet_4_3_0_clk            1.80    0.035    0.500    0.1000   5.726e-06  a
clknet_4_7_0_clk            1.80    0.035    0.500    0.1000   5.717e-06  a
clknet_4_13_0_clk           1.80    0.035    0.500    0.1000   5.683e-06  a
clknet_4_14_0_clk           1.80    0.035    0.500    0.1000   5.610e-06  a
clknet_4_6_0_clk            1.80    0.034    0.500    0.1000   5.558e-06  a
clknet_4_9_0_clk            1.80    0.032    0.500    0.1000   5.181e-06  a
clknet_4_4_0_clk            1.80    0.031    0.500    0.1000   5.055e-06  a
clknet_4_11_0_clk           1.80    0.030    0.500    0.1000   4.938e-06  a
clknet_4_12_0_clk           1.80    0.030    0.500    0.1000   4.859e-06  a
net125                      1.80    0.029    0.750    0.0975   4.570e-06  p
clknet_4_10_0_clk           1.80    0.025    0.500    0.1000   4.037e-06  a
net730                      1.80    0.025    0.500    0.1000   4.001e-06  a
clknet_4_1_0_clk            1.80    0.023    0.500    0.1000   3.700e-06  a
clknet_0_net564             1.80    0.021    0.495    0.0983   3.307e-06  p
net732                      1.80    0.014    0.500    0.1000   2.285e-06  a
net564                      1.80    0.011    0.495    0.0983   1.812e-06  p
net124                      1.80    0.011    0.750    0.0975   1.701e-06  p
net5                        1.80    0.009    0.251    0.0989   1.441e-06  p
net724                      1.80    0.008    0.500    0.1000   1.344e-06  a
net127                      1.80    0.024    0.032    0.0296   1.130e-06  p
net111                      1.80    0.022    0.037    0.0318   1.119e-06  p
net729                      1.80    0.007    0.500    0.1000   1.081e-06  a
clknet_1_0__leaf_net564     1.80    0.007    0.495    0.0983   1.078e-06  p
net731                      1.80    0.006    0.500    0.1000   1.011e-06  a
clknet_1_1__leaf_net564     1.80    0.006    0.495    0.0983   1.006e-06  p
net131                      1.80    0.020    0.032    0.0296   9.822e-07  p
net8                        1.80    0.006    0.250    0.0961   9.732e-07  p
net734                      1.80    0.006    0.500    0.1000   9.677e-07  a
net0                        1.80    0.006    0.248    0.0949   9.667e-07  p
net109                      1.80    0.008    0.122    0.0730   8.944e-07  p
net2                        1.80    0.008    0.125    0.0728   8.905e-07  p
net718                      1.80    0.005    0.500    0.1000   8.879e-07  a
net103                      1.80    0.005    0.500    0.1000   8.842e-07  a
net725                      1.80    0.005    0.500    0.1000   7.702e-07  a
net738                      1.80    0.005    0.500    0.1000   7.547e-07  a
net106                      1.80    0.004    0.500    0.1000   7.058e-07  a
net4                        1.80    0.006    0.124    0.0705   6.978e-07  p
net104                      1.80    0.004    0.253    0.0974   6.843e-07  p
net134                      1.80    0.014    0.032    0.0296   6.768e-07  p
net105                      1.80    0.004    0.253    0.0974   6.250e-07  p
net108                      1.80    0.004    0.266    0.0975   5.980e-07  p
net34                       1.80    0.029    0.011    0.0123   5.841e-07  p
net139                      1.80    0.012    0.032    0.0296   5.611e-07  p
net10                       1.80    0.003    0.721    0.1226   5.383e-07  p
net570                      1.80    0.003    0.495    0.0983   5.354e-07  p
net132                      1.80    0.011    0.032    0.0296   5.063e-07  p
net717                      1.80    0.003    0.500    0.1000   4.987e-07  a
net110                      1.80    0.004    0.137    0.0747   4.918e-07  p
net721                      1.80    0.003    0.500    0.1000   4.901e-07  a
net723                      1.80    0.003    0.500    0.1000   4.834e-07  a
net15                       1.80    0.002    0.625    0.1217   4.621e-07  p
net144                      1.80    0.003    0.750    0.0975   4.432e-07  p
net12                       1.80    0.004    0.874    0.0706   4.414e-07  p
net728                      1.80    0.003    0.500    0.1000   4.373e-07  a
net719                      1.80    0.003    0.500    0.1000   4.244e-07  a
net739                      1.80    0.003    0.500    0.1000   4.184e-07  a
net727                      1.80    0.003    0.500    0.1000   4.065e-07  a
net737                      1.80    0.002    0.500    0.1000   3.889e-07  a
net6                        1.80    0.008    0.032    0.0296   3.834e-07  p
net736                      1.80    0.002    0.500    0.1000   3.824e-07  a
net720                      1.80    0.002    0.500    0.1000   3.675e-07  a
net30                       1.80    0.018    0.011    0.0123   3.648e-07  p
net735                      1.80    0.002    0.500    0.1000   3.623e-07  a
net726                      1.80    0.002    0.500    0.1000   3.616e-07  a
net733                      1.80    0.002    0.500    0.1000   3.560e-07  a
net146                      1.80    0.002    0.750    0.0975   3.516e-07  p
net27                       1.80    0.017    0.011    0.0123   3.351e-07  p
net1                        1.80    0.002    0.251    0.0972   3.308e-07  p
net113                      1.80    0.010    0.018    0.0188   3.097e-07  p
net107                      1.80    0.002    0.240    0.0971   3.013e-07  p
net126                      1.80    0.002    0.750    0.0975   2.917e-07  p
net722                      1.80    0.002    0.500    0.1000   2.851e-07  a
net9                        1.80    0.006    0.032    0.0286   2.648e-07  p
net114                      1.80    0.005    0.037    0.0318   2.403e-07  p
net795                      1.80    0.008    0.739    0.0182   2.270e-07  p
net11                       1.80    0.006    0.021    0.0216   2.212e-07  p
net154                      1.80    0.013    0.009    0.0097   2.114e-07  p
net3                        1.80    0.003    0.065    0.0475   2.105e-07  p
net135                      1.80    0.004    0.032    0.0296   2.038e-07  p
net301                      1.80    0.010    0.011    0.0123   1.994e-07  p
net21                       1.80    0.010    0.011    0.0123   1.939e-07  p
net162                      1.80    0.011    0.008    0.0097   1.650e-07  p
net157                      1.80    0.010    0.009    0.0097   1.635e-07  p
net141                      1.80    0.003    0.032    0.0296   1.564e-07  p
net117                      1.80    0.023    0.003    0.0041   1.494e-07  p
net137                      1.80    0.003    0.032    0.0296   1.450e-07  p
net138                      1.80    0.003    0.032    0.0296   1.422e-07  p
net123                      1.80    0.021    0.003    0.0041   1.404e-07  p
net13                       1.80    0.007    0.011    0.0123   1.398e-07  p
net28                       1.80    0.007    0.011    0.0123   1.397e-07  p
net153                      1.80    0.005    0.739    0.0182   1.344e-07  p
net136                      1.80    0.003    0.032    0.0296   1.329e-07  p
net16                       1.80    0.003    0.032    0.0296   1.320e-07  p
net133                      1.80    0.003    0.032    0.0296   1.269e-07  p
net112                      1.80    0.004    0.019    0.0186   1.262e-07  p
net159                      1.80    0.008    0.009    0.0097   1.186e-07  p
net23                       1.80    0.006    0.011    0.0123   1.161e-07  p
net250                      1.80    0.025    0.002    0.0028   1.140e-07  p
net241                      1.80    0.016    0.003    0.0041   1.064e-07  p
net130                      1.80    0.002    0.032    0.0296   1.032e-07  p
net24                       1.80    0.005    0.011    0.0123   1.025e-07  p
net25                       1.80    0.005    0.011    0.0123   1.018e-07  p
net142                      1.80    0.002    0.032    0.0296   9.842e-08  p
net115                      1.80    0.002    0.037    0.0318   9.510e-08  p
net373                      1.80    0.021    0.002    0.0028   9.466e-08  p
net22                       1.80    0.005    0.011    0.0123   9.397e-08  p
net122                      1.80    0.002    0.037    0.0318   9.324e-08  p
net286                      1.80    0.022    0.998    0.0026   9.229e-08  p
net63                       1.80    0.030    0.978    0.0019   9.131e-08  p
net261                      1.80    0.020    0.002    0.0028   9.004e-08  p
net423                      1.80    0.004    0.989    0.0127   8.787e-08  p
net260                      1.80    0.013    0.003    0.0041   8.783e-08  p
net272                      1.80    0.021    0.998    0.0026   8.691e-08  p
net766                      1.80    0.004    0.011    0.0127   8.687e-08  p
net18                       1.80    0.004    0.011    0.0123   8.636e-08  p
net17                       1.80    0.004    0.011    0.0123   8.562e-08  p
net128                      1.80    0.002    0.032    0.0296   8.263e-08  p
net120                      1.80    0.003    0.018    0.0188   8.252e-08  p
net244                      1.80    0.012    0.003    0.0041   7.920e-08  p
net158                      1.80    0.005    0.009    0.0097   7.769e-08  p
net283                      1.80    0.018    0.998    0.0026   7.727e-08  p
net129                      1.80    0.002    0.032    0.0296   7.689e-08  p
net303                      1.80    0.004    0.989    0.0123   7.679e-08  p
net170                      1.80    0.025    0.958    0.0018   7.280e-08  p
net239                      1.80    0.010    0.003    0.0041   6.839e-08  p
net240                      1.80    0.010    0.003    0.0041   6.487e-08  p
net118                      1.80    0.002    0.018    0.0188   6.304e-08  p
net266                      1.80    0.014    0.002    0.0028   6.260e-08  p
net273                      1.80    0.013    0.002    0.0028   6.113e-08  p
net263                      1.80    0.013    0.002    0.0028   6.026e-08  p
net471                      1.80    0.017    0.010    0.0021   5.767e-08  p
net268                      1.80    0.012    0.002    0.0028   5.499e-08  p
net44                       1.80    0.026    0.011    0.0013   5.344e-08  p
net302                      1.80    0.003    0.011    0.0123   5.234e-08  p
net245                      1.80    0.011    0.002    0.0028   5.203e-08  p
net388                      1.80    0.011    0.002    0.0028   5.067e-08  p
net265                      1.80    0.011    0.002    0.0028   5.009e-08  p
net60                       1.80    0.016    0.978    0.0019   4.854e-08  p
net43                       1.80    0.023    0.011    0.0013   4.681e-08  p
net247                      1.80    0.007    0.003    0.0041   4.664e-08  p
net270                      1.80    0.010    0.002    0.0028   4.653e-08  p
net385                      1.80    0.010    0.002    0.0028   4.527e-08  p
net379                      1.80    0.010    0.002    0.0028   4.403e-08  p
net377                      1.80    0.009    0.002    0.0028   4.358e-08  p
net389                      1.80    0.009    0.002    0.0028   4.172e-08  p
net282                      1.80    0.002    0.011    0.0123   4.164e-08  p
net40                       1.80    0.020    0.012    0.0013   4.100e-08  p
net399                      1.80    0.016    0.001    0.0015   4.003e-08  p
net390                      1.80    0.008    0.002    0.0028   3.918e-08  p
net246                      1.80    0.008    0.002    0.0028   3.762e-08  p
net279                      1.80    0.009    0.002    0.0024   3.738e-08  p
net447                      1.80    0.023    0.012    0.0010   3.601e-08  p
net121                      1.80    0.005    0.003    0.0041   3.570e-08  p
net783                      1.80    0.009    0.015    0.0023   3.451e-08  p
net166                      1.80    0.002    0.992    0.0097   3.449e-08  p
net38                       1.80    0.011    0.979    0.0019   3.407e-08  p
net374                      1.80    0.007    0.002    0.0028   3.339e-08  p
net419                      1.80    0.008    0.015    0.0023   3.166e-08  p
net445                      1.80    0.012    0.979    0.0016   3.161e-08  p
net49                       1.80    0.020    1.000    0.0010   3.140e-08  p
net378                      1.80    0.007    0.002    0.0028   3.127e-08  p
net155                      1.80    0.002    0.009    0.0097   3.089e-08  p
net446                      1.80    0.019    0.012    0.0010   3.079e-08  p
net479                      1.80    0.021    0.014    0.0009   3.056e-08  p
net243                      1.80    0.005    0.003    0.0041   2.996e-08  p
net61                       1.80    0.010    0.978    0.0019   2.925e-08  p
net51                       1.80    0.014    0.004    0.0013   2.913e-08  p
net256                      1.80    0.006    0.002    0.0028   2.791e-08  p
net398                      1.80    0.011    0.001    0.0015   2.743e-08  p
net288                      1.80    0.021    0.988    0.0008   2.703e-08  p
net116                      1.80    0.004    0.003    0.0041   2.667e-08  p
net467                      1.80    0.010    0.974    0.0016   2.634e-08  p
net395                      1.80    0.010    0.001    0.0015   2.461e-08  p
net375                      1.80    0.005    0.002    0.0028   2.358e-08  p
net252                      1.80    0.005    0.002    0.0028   2.356e-08  p
net428                      1.80    0.006    0.013    0.0023   2.353e-08  p
net381                      1.80    0.005    0.002    0.0028   2.273e-08  p
net383                      1.80    0.005    0.002    0.0028   2.270e-08  p
net421                      1.80    0.005    0.014    0.0026   2.258e-08  p
net380                      1.80    0.005    0.002    0.0028   2.121e-08  p
net376                      1.80    0.004    0.002    0.0028   2.010e-08  p
net396                      1.80    0.008    0.001    0.0015   2.005e-08  p
net386                      1.80    0.004    0.002    0.0028   1.995e-08  p
net481                      1.80    0.008    0.026    0.0016   1.963e-08  p
net448                      1.80    0.011    0.988    0.0010   1.732e-08  p
net297                      1.80    0.005    0.015    0.0021   1.691e-08  p
net262                      1.80    0.004    0.002    0.0028   1.651e-08  p
net478                      1.80    0.011    0.014    0.0009   1.562e-08  p
net443                      1.80    0.006    0.979    0.0016   1.495e-08  p
net708                      1.80    0.006    0.001    0.0015   1.481e-08  p
net254                      1.80    0.002    0.003    0.0041   1.455e-08  p
net406                      1.80    0.006    0.001    0.0015   1.400e-08  p
net182                      1.80    0.005    0.958    0.0018   1.366e-08  p
net480                      1.80    0.005    0.974    0.0016   1.344e-08  p
net248                      1.80    0.003    0.002    0.0028   1.307e-08  p
net172                      1.80    0.004    0.958    0.0018   1.286e-08  p
net242                      1.80    0.002    0.003    0.0041   1.222e-08  p
net280                      1.80    0.003    0.005    0.0027   1.216e-08  p
net761                      1.80    0.012    0.977    0.0007   1.215e-08  p
net50                       1.80    0.005    0.012    0.0014   1.201e-08  p
net180                      1.80    0.004    0.958    0.0018   1.162e-08  p
net781                      1.80    0.011    0.986    0.0007   1.160e-08  p
net753                      1.80    0.022    0.997    0.0003   1.154e-08  p
net271                      1.80    0.016    0.000    0.0004   1.148e-08  p
net39                       1.80    0.006    0.012    0.0013   1.146e-08  p
net56                       1.80    0.005    0.011    0.0013   1.118e-08  p
net161                      1.80    0.006    0.001    0.0011   1.072e-08  p
net496                      1.80    0.002    0.002    0.0028   1.043e-08  p
net424                      1.80    0.009    0.988    0.0007   9.992e-09  p
net47                       1.80    0.005    0.011    0.0013   9.874e-09  p
net382                      1.80    0.002    0.002    0.0028   9.848e-09  p
net255                      1.80    0.002    0.002    0.0028   9.733e-09  p
net278                      1.80    0.002    0.002    0.0024   9.398e-09  p
net476                      1.80    0.009    0.977    0.0007   9.204e-09  p
net249                      1.80    0.002    0.002    0.0028   8.953e-09  p
net59                       1.80    0.004    0.006    0.0014   8.925e-09  p
net384                      1.80    0.002    0.002    0.0028   8.912e-09  p
net267                      1.80    0.002    0.002    0.0028   8.757e-09  p
net45                       1.80    0.004    0.005    0.0013   8.755e-09  p
net275                      1.80    0.012    0.000    0.0004   8.699e-09  p
net709                      1.80    0.016    0.997    0.0003   8.583e-09  p
net46                       1.80    0.004    0.011    0.0013   8.541e-09  p
net168                      1.80    0.003    0.959    0.0018   8.156e-09  p
net224                      1.80    0.008    0.991    0.0007   8.056e-09  p
net778                      1.80    0.002    0.985    0.0021   8.010e-09  p
net387                      1.80    0.002    0.002    0.0028   8.006e-09  p
net298                      1.80    0.002    0.985    0.0021   7.739e-09  p
net444                      1.80    0.005    0.012    0.0010   7.661e-09  p
net269                      1.80    0.002    0.002    0.0028   7.316e-09  p
net402                      1.80    0.003    0.001    0.0015   7.271e-09  p
net169                      1.80    0.002    0.041    0.0018   7.066e-09  p
net221                      1.80    0.013    0.997    0.0003   6.994e-09  p
net404                      1.80    0.007    0.993    0.0007   6.944e-09  p
net42                       1.80    0.003    0.011    0.0013   6.943e-09  p
net466                      1.80    0.007    0.986    0.0007   6.895e-09  p
net163                      1.80    0.004    0.001    0.0010   6.801e-09  p
net407                      1.80    0.003    0.001    0.0015   6.523e-09  p
net188                      1.80    0.002    0.969    0.0019   6.491e-09  p
net441                      1.80    0.006    0.981    0.0007   6.199e-09  p
net58                       1.80    0.004    1.000    0.0010   6.069e-09  p
net57                       1.80    0.003    0.012    0.0013   5.963e-09  p
net465                      1.80    0.011    0.997    0.0003   5.725e-09  p
net438                      1.80    0.005    0.988    0.0007   5.694e-09  p
net777                      1.80    0.003    0.015    0.0011   5.544e-09  p
net231                      1.80    0.005    0.991    0.0007   5.353e-09  p
net41                       1.80    0.002    0.979    0.0019   5.016e-09  p
net160                      1.80    0.003    0.999    0.0011   4.995e-09  p
net790                      1.80    0.004    0.991    0.0007   4.708e-09  p
net760                      1.80    0.004    0.983    0.0007   4.300e-09  p
net414                      1.80    0.004    0.988    0.0007   4.276e-09  p
net397                      1.80    0.015    1.000    0.0002   3.893e-09  p
net482                      1.80    0.002    0.015    0.0011   3.857e-09  p
net794                      1.80    0.003    0.988    0.0007   3.620e-09  p
net515                      1.80    0.003    0.981    0.0007   3.542e-09  p
net264                      1.80    0.005    0.000    0.0004   3.408e-09  p
net449                      1.80    0.002    0.012    0.0010   3.252e-09  p
net440                      1.80    0.003    0.008    0.0007   3.121e-09  p
net707                      1.80    0.006    0.997    0.0003   3.044e-09  p
net776                      1.80    0.002    0.986    0.0007   2.514e-09  p
net774                      1.80    0.002    0.992    0.0007   2.474e-09  p
net473                      1.80    0.002    0.986    0.0007   2.473e-09  p
net468                      1.80    0.002    0.983    0.0007   2.395e-09  p
net654                      1.80    0.002    0.991    0.0007   2.331e-09  p
net143                      1.80    0.003    0.000    0.0005   2.256e-09  p
net274                      1.80    0.003    0.000    0.0004   2.158e-09  p
net711                      1.80    0.002    0.990    0.0007   2.143e-09  p
net315                      1.80    0.002    0.991    0.0007   2.077e-09  p
net514                      1.80    0.002    0.992    0.0007   2.039e-09  p
net793                      1.80    0.004    0.997    0.0003   1.991e-09  p
net765                      1.80    0.007    0.000    0.0002   1.754e-09  p
net238                      1.80    0.002    0.997    0.0003   1.171e-09  p
net284                      1.80    0.017    0.000    0.41e-4  1.144e-09  p
net483                      1.80    0.003    0.001    0.0002   1.132e-09  p
net393                      1.80    0.003    0.000    0.0002   9.076e-10  p
net285                      1.80    0.013    0.000    0.41e-4  8.562e-10  p
net291                      1.80    0.012    0.000    0.41e-4  8.173e-10  p
net809                      1.80    0.002    0.001    0.0002   7.973e-10  p
net403                      1.80    0.003    0.002    0.0002   7.842e-10  p
net391                      1.80    0.002    0.000    0.0002   6.146e-10  p
net799                      1.80    0.002    1.000    0.0002   6.023e-10  p
net785                      1.80    0.002    0.000    0.0002   5.987e-10  p
net290                      1.80    0.008    0.000    0.41e-4  5.537e-10  p
net394                      1.80    0.002    1.000    0.0002   5.344e-10  p
out6                        1.80    0.001    0.997    0.0003   4.644e-10  p
net500                      1.80    0.007    0.000    0.41e-4  4.641e-10  p
net408                      1.80    0.007    0.000    0.41e-4  4.386e-10  p
net501                      1.80    0.007    0.000    0.41e-4  4.378e-10  p
net497                      1.80    0.007    0.000    0.41e-4  4.361e-10  p
net498                      1.80    0.006    0.000    0.41e-4  3.790e-10  p
net800                      1.80    0.005    0.000    0.41e-4  3.312e-10  p
net392                      1.80    0.002    0.000    0.81e-4  2.840e-10  p
net439                      1.80    0.004    1.000    0.41e-4  2.706e-10  p
net786                      1.80    0.003    0.000    0.41e-4  2.252e-10  p
net287                      1.80    0.003    0.000    0.41e-4  1.723e-10  p
net503                      1.80    0.002    0.000    0.41e-4  1.204e-10  p
net289                      1.80    0.002    0.000    0.41e-4  1.088e-10  p
clknet_0_net334             1.80    0.019    0.000    0.0000      0.0000  p
clknet_0_net335             1.80    0.018    0.000    0.0000      0.0000  p
clknet_0_net336             1.80    0.019    0.000    0.0000      0.0000  p
clknet_0_net337             1.80    0.020    0.000    0.0000      0.0000  p
clknet_0_net338             1.80    0.019    0.000    0.0000      0.0000  p
clknet_0_net347             1.80    0.018    0.000    0.0000      0.0000  p
clknet_0_net542             1.80    0.019    0.000    0.0000      0.0000  p
clknet_0_net545             1.80    0.020    0.000    0.0000      0.0000  p
clknet_0_net547             1.80    0.021    0.000    0.0000      0.0000  p
clknet_0_net548             1.80    0.019    0.000    0.0000      0.0000  p
clknet_0_net549             1.80    0.020    0.000    0.0000      0.0000  p
clknet_0_net551             1.80    0.022    0.000    0.0000      0.0000  p
clknet_0_net553             1.80    0.020    0.000    0.0000      0.0000  p
clknet_0_net554             1.80    0.020    0.000    0.0000      0.0000  p
clknet_0_net555             1.80    0.020    0.000    0.0000      0.0000  p
clknet_0_net556             1.80    0.017    0.000    0.0000      0.0000  p
clknet_0_net557             1.80    0.022    0.000    0.0000      0.0000  p
clknet_0_net563             1.80    0.020    0.000    0.0000      0.0000  p
clknet_0_net565             1.80    0.019    0.000    0.0000      0.0000  p
clknet_0_net567             1.80    0.020    0.000    0.0000      0.0000  p
clknet_0_net571             1.80    0.019    0.000    0.0000      0.0000  p
clknet_0_net575             1.80    0.019    0.000    0.0000      0.0000  p
clknet_0_net577             1.80    0.019    0.000    0.0000      0.0000  p
clknet_0_net581             1.80    0.022    0.000    0.0000      0.0000  p
clknet_0_net583             1.80    0.012    0.000    0.0000      0.0000  p
clknet_0_net584             1.80    0.013    0.000    0.0000      0.0000  p
clknet_0_net586             1.80    0.020    0.000    0.0000      0.0000  p
clknet_0_net587             1.80    0.021    0.000    0.0000      0.0000  p
clknet_0_net589             1.80    0.012    0.000    0.0000      0.0000  p
clknet_0_net590             1.80    0.021    0.000    0.0000      0.0000  p
clknet_0_net594             1.80    0.015    0.000    0.0000      0.0000  p
clknet_0_net644             1.80    0.019    0.000    0.0000      0.0000  p
clknet_0_net649             1.80    0.018    0.000    0.0000      0.0000  p
clknet_0_net653             1.80    0.019    0.000    0.0000      0.0000  p
clknet_0_net656             1.80    0.018    0.000    0.0000      0.0000  p
clknet_0_net657             1.80    0.019    1.000    0.0000      0.0000  p
clknet_0_net660             1.80    0.018    0.000    0.0000      0.0000  p
clknet_0_net661             1.80    0.018    0.000    0.0000      0.0000  p
clknet_0_net668             1.80    0.019    0.000    0.0000      0.0000  p
clknet_0_net670             1.80    0.020    0.000    0.0000      0.0000  p
clknet_0_net678             1.80    0.020    0.000    0.0000      0.0000  p
clknet_0_net689             1.80    0.018    0.000    0.0000      0.0000  p
clknet_0_net743             1.80    0.021    0.000    0.0000      0.0000  p
clknet_0_net751             1.80    0.019    0.000    0.0000      0.0000  p
clknet_1_0__leaf_net334     1.80    0.002    0.000    0.0000      0.0000  p
clknet_1_0__leaf_net335     1.80    0.005    0.000    0.0000      0.0000  p
clknet_1_0__leaf_net336     1.80    0.005    0.000    0.0000      0.0000  p
clknet_1_0__leaf_net337     1.80    0.003    0.000    0.0000      0.0000  p
clknet_1_0__leaf_net338     1.80    0.003    0.000    0.0000      0.0000  p
clknet_1_0__leaf_net347     1.80    0.002    0.000    0.0000      0.0000  p
clknet_1_0__leaf_net542     1.80    0.011    0.000    0.0000      0.0000  p
clknet_1_0__leaf_net545     1.80    0.012    0.000    0.0000      0.0000  p
clknet_1_0__leaf_net547     1.80    0.006    0.000    0.0000      0.0000  p
clknet_1_0__leaf_net548     1.80    0.011    0.000    0.0000      0.0000  p
clknet_1_0__leaf_net549     1.80    0.004    0.000    0.0000      0.0000  p
clknet_1_0__leaf_net551     1.80    0.006    0.000    0.0000      0.0000  p
clknet_1_0__leaf_net553     1.80    0.005    0.000    0.0000      0.0000  p
clknet_1_0__leaf_net554     1.80    0.006    0.000    0.0000      0.0000  p
clknet_1_0__leaf_net555     1.80    0.007    0.000    0.0000      0.0000  p
clknet_1_0__leaf_net556     1.80    0.011    0.000    0.0000      0.0000  p
clknet_1_0__leaf_net557     1.80    0.006    0.000    0.0000      0.0000  p
clknet_1_0__leaf_net563     1.80    0.003    0.000    0.0000      0.0000  p
clknet_1_0__leaf_net565     1.80    0.012    0.000    0.0000      0.0000  p
clknet_1_0__leaf_net567     1.80    0.002    0.000    0.0000      0.0000  p
clknet_1_0__leaf_net571     1.80    0.006    0.000    0.0000      0.0000  p
clknet_1_0__leaf_net575     1.80    0.010    0.000    0.0000      0.0000  p
clknet_1_0__leaf_net577     1.80    0.007    0.000    0.0000      0.0000  p
clknet_1_0__leaf_net581     1.80    0.015    0.000    0.0000      0.0000  p
clknet_1_0__leaf_net583     1.80    0.008    0.000    0.0000      0.0000  p
clknet_1_0__leaf_net584     1.80    0.008    0.000    0.0000      0.0000  p
clknet_1_0__leaf_net586     1.80    0.006    0.000    0.0000      0.0000  p
clknet_1_0__leaf_net587     1.80    0.013    0.000    0.0000      0.0000  p
clknet_1_0__leaf_net589     1.80    0.006    0.000    0.0000      0.0000  p
clknet_1_0__leaf_net590     1.80    0.006    0.000    0.0000      0.0000  p
clknet_1_0__leaf_net594     1.80    0.007    0.000    0.0000      0.0000  p
clknet_1_0__leaf_net644     1.80    0.007    0.000    0.0000      0.0000  p
clknet_1_0__leaf_net649     1.80    0.006    0.000    0.0000      0.0000  p
clknet_1_0__leaf_net653     1.80    0.007    0.000    0.0000      0.0000  p
clknet_1_0__leaf_net656     1.80    0.005    0.000    0.0000      0.0000  p
clknet_1_0__leaf_net657     1.80    0.005    1.000    0.0000      0.0000  p
clknet_1_0__leaf_net660     1.80    0.007    0.000    0.0000      0.0000  p
clknet_1_0__leaf_net661     1.80    0.005    0.000    0.0000      0.0000  p
clknet_1_0__leaf_net668     1.80    0.007    0.000    0.0000      0.0000  p
clknet_1_0__leaf_net670     1.80    0.005    0.000    0.0000      0.0000  p
clknet_1_0__leaf_net678     1.80    0.007    0.000    0.0000      0.0000  p
clknet_1_0__leaf_net689     1.80    0.009    0.000    0.0000      0.0000  p
clknet_1_0__leaf_net743     1.80    0.005    0.000    0.0000      0.0000  p
clknet_1_0__leaf_net751     1.80    0.007    0.000    0.0000      0.0000  p
clknet_1_1__leaf_net334     1.80    0.004    0.000    0.0000      0.0000  p
clknet_1_1__leaf_net335     1.80    0.002    0.000    0.0000      0.0000  p
clknet_1_1__leaf_net336     1.80    0.004    0.000    0.0000      0.0000  p
clknet_1_1__leaf_net337     1.80    0.003    0.000    0.0000      0.0000  p
clknet_1_1__leaf_net338     1.80    0.006    0.000    0.0000      0.0000  p
clknet_1_1__leaf_net347     1.80    0.003    0.000    0.0000      0.0000  p
clknet_1_1__leaf_net542     1.80    0.014    0.000    0.0000      0.0000  p
clknet_1_1__leaf_net545     1.80    0.018    0.000    0.0000      0.0000  p
clknet_1_1__leaf_net547     1.80    0.004    0.000    0.0000      0.0000  p
clknet_1_1__leaf_net548     1.80    0.013    0.000    0.0000      0.0000  p
clknet_1_1__leaf_net549     1.80    0.006    0.000    0.0000      0.0000  p
clknet_1_1__leaf_net551     1.80    0.004    0.000    0.0000      0.0000  p
clknet_1_1__leaf_net553     1.80    0.004    0.000    0.0000      0.0000  p
clknet_1_1__leaf_net554     1.80    0.005    0.000    0.0000      0.0000  p
clknet_1_1__leaf_net555     1.80    0.003    0.000    0.0000      0.0000  p
clknet_1_1__leaf_net556     1.80    0.005    0.000    0.0000      0.0000  p
clknet_1_1__leaf_net557     1.80    0.006    0.000    0.0000      0.0000  p
clknet_1_1__leaf_net563     1.80    0.005    0.000    0.0000      0.0000  p
clknet_1_1__leaf_net565     1.80    0.012    0.000    0.0000      0.0000  p
clknet_1_1__leaf_net567     1.80    0.002    0.000    0.0000      0.0000  p
clknet_1_1__leaf_net571     1.80    0.004    0.000    0.0000      0.0000  p
clknet_1_1__leaf_net575     1.80    0.020    0.000    0.0000      0.0000  p
clknet_1_1__leaf_net577     1.80    0.013    0.000    0.0000      0.0000  p
clknet_1_1__leaf_net581     1.80    0.003    0.000    0.0000      0.0000  p
clknet_1_1__leaf_net583     1.80    0.002    0.000    0.0000      0.0000  p
clknet_1_1__leaf_net584     1.80    0.010    0.000    0.0000      0.0000  p
clknet_1_1__leaf_net586     1.80    0.006    0.000    0.0000      0.0000  p
clknet_1_1__leaf_net587     1.80    0.017    0.000    0.0000      0.0000  p
clknet_1_1__leaf_net589     1.80    0.010    0.000    0.0000      0.0000  p
clknet_1_1__leaf_net590     1.80    0.011    0.000    0.0000      0.0000  p
clknet_1_1__leaf_net594     1.80    0.005    0.000    0.0000      0.0000  p
clknet_1_1__leaf_net644     1.80    0.002    0.000    0.0000      0.0000  p
clknet_1_1__leaf_net649     1.80    0.004    0.000    0.0000      0.0000  p
clknet_1_1__leaf_net653     1.80    0.002    0.000    0.0000      0.0000  p
clknet_1_1__leaf_net656     1.80    0.003    0.000    0.0000      0.0000  p
clknet_1_1__leaf_net657     1.80    0.003    1.000    0.0000      0.0000  p
clknet_1_1__leaf_net660     1.80    0.009    0.000    0.0000      0.0000  p
clknet_1_1__leaf_net661     1.80    0.004    0.000    0.0000      0.0000  p
clknet_1_1__leaf_net668     1.80    0.006    0.000    0.0000      0.0000  p
clknet_1_1__leaf_net670     1.80    0.008    0.000    0.0000      0.0000  p
clknet_1_1__leaf_net678     1.80    0.005    0.000    0.0000      0.0000  p
clknet_1_1__leaf_net689     1.80    0.004    0.000    0.0000      0.0000  p
clknet_1_1__leaf_net743     1.80    0.010    0.000    0.0000      0.0000  p
clknet_1_1__leaf_net751     1.80    0.003    0.000    0.0000      0.0000  p
net14                       1.80    0.006    1.000    0.0000      0.0000  p
net19                       1.80    0.008    1.000    0.0000      0.0000  p
net20                       1.80    0.026    1.000    0.0000      0.0000  p
net26                       1.80    0.008    1.000    0.0000      0.0000  p
net29                       1.80    0.006    1.000    0.0000      0.0000  p
net31                       1.80    0.006    1.000    0.0000      0.0000  p
net32                       1.80    0.004    1.000    0.0000      0.0000  p
net33                       1.80    0.006    1.000    0.0000      0.0000  p
net35                       1.80    0.005    1.000    0.0000      0.0000  p
net36                       1.80    0.003    1.000    0.0000      0.0000  p
net37                       1.80    0.030    1.000    0.0000      0.0000  p
net48                       1.80    0.006    0.000    0.0000      0.0000  p
net52                       1.80    0.005    0.000    0.0000      0.0000  p
net53                       1.80    0.004    1.000    0.0000      0.0000  p
net54                       1.80    0.005    0.000    0.0000      0.0000  p
net55                       1.80    0.025    0.000    0.0000      0.0000  p
net62                       1.80    0.013    0.000    0.0000      0.0000  p
net64                       1.80    0.003    0.000    0.0000      0.0000  p
net65                       1.80    0.002    0.000    0.0000      0.0000  p
net66                       1.80    0.006    0.000    0.0000      0.0000  p
net67                       1.80    0.019    0.000    0.0000      0.0000  p
net68                       1.80    0.016    0.000    0.0000      0.0000  p
net69                       1.80    0.013    0.000    0.0000      0.0000  p
net70                       1.80    0.003    0.000    0.0000      0.0000  p
net71                       1.80    0.012    0.000    0.0000      0.0000  p
net72                       1.80    0.014    0.000    0.0000      0.0000  p
net73                       1.80    0.002    0.000    0.0000      0.0000  p
net74                       1.80    0.013    0.000    0.0000      0.0000  p
net75                       1.80    0.005    0.000    0.0000      0.0000  p
net76                       1.80    0.006    0.000    0.0000      0.0000  p
net77                       1.80    0.002    0.000    0.0000      0.0000  p
net78                       1.80    0.003    0.000    0.0000      0.0000  p
net79                       1.80    0.003    0.000    0.0000      0.0000  p
net80                       1.80    0.003    0.000    0.0000      0.0000  p
net81                       1.80    0.003    0.000    0.0000      0.0000  p
net82                       1.80    0.015    0.000    0.0000      0.0000  p
net83                       1.80    0.021    0.000    0.0000      0.0000  p
net84                       1.80    0.010    0.000    0.0000      0.0000  p
net85                       1.80    0.002    0.000    0.0000      0.0000  p
net86                       1.80    0.003    0.000    0.0000      0.0000  p
net87                       1.80    0.006    0.000    0.0000      0.0000  p
net88                       1.80    0.009    0.000    0.0000      0.0000  p
net89                       1.80    0.002    0.000    0.0000      0.0000  p
net90                       1.80    0.003    0.000    0.0000      0.0000  p
net91                       1.80    0.011    0.000    0.0000      0.0000  p
net92                       1.80    0.007    0.000    0.0000      0.0000  p
net93                       1.80    0.011    0.000    0.0000      0.0000  p
net94                       1.80    0.006    0.000    0.0000      0.0000  p
net95                       1.80    0.009    0.000    0.0000      0.0000  p
net96                       1.80    0.007    0.000    0.0000      0.0000  p
net97                       1.80    0.002    0.000    0.0000      0.0000  p
net98                       1.80    0.002    0.000    0.0000      0.0000  p
net99                       1.80    0.003    0.000    0.0000      0.0000  p
net100                      1.80    0.002    0.000    0.0000      0.0000  p
net101                      1.80    0.002    0.000    0.0000      0.0000  p
net102                      1.80    0.002    1.000    0.0000      0.0000  p
net119                      1.80    0.006    1.000    0.0000      0.0000  p
net140                      1.80    0.002    1.000    0.0000      0.0000  p
net145                      1.80    0.011    1.000    0.0000      0.0000  p
net147                      1.80    0.010    1.000    0.0000      0.0000  p
net148                      1.80    0.009    1.000    0.0000      0.0000  p
net149                      1.80    0.004    1.000    0.0000      0.0000  p
net150                      1.80    0.002    1.000    0.0000      0.0000  p
net151                      1.80    0.003    1.000    0.0000      0.0000  p
net152                      1.80    0.002    1.000    0.0000      0.0000  p
net156                      1.80    0.007    1.000    0.0000      0.0000  p
net164                      1.80    0.005    0.000    0.0000      0.0000  p
net165                      1.80    0.003    1.000    0.0000      0.0000  p
net167                      1.80    0.003    0.000    0.0000      0.0000  p
net171                      1.80    0.005    0.000    0.0000      0.0000  p
net173                      1.80    0.002    0.000    0.0000      0.0000  p
net174                      1.80    0.005    0.000    0.0000      0.0000  p
net175                      1.80    0.005    0.000    0.0000      0.0000  p
net176                      1.80    0.016    0.000    0.0000      0.0000  p
net177                      1.80    0.004    0.000    0.0000      0.0000  p
net178                      1.80    0.003    0.000    0.0000      0.0000  p
net179                      1.80    0.009    0.000    0.0000      0.0000  p
net181                      1.80    0.003    0.000    0.0000      0.0000  p
net183                      1.80    0.006    0.000    0.0000      0.0000  p
net184                      1.80    0.002    0.000    0.0000      0.0000  p
net185                      1.80    0.005    0.000    0.0000      0.0000  p
net186                      1.80    0.003    0.000    0.0000      0.0000  p
net187                      1.80    0.013    0.000    0.0000      0.0000  p
net189                      1.80    0.007    0.000    0.0000      0.0000  p
net190                      1.80    0.005    0.000    0.0000      0.0000  p
net191                      1.80    0.026    0.000    0.0000      0.0000  p
net192                      1.80    0.004    0.000    0.0000      0.0000  p
net193                      1.80    0.008    0.000    0.0000      0.0000  p
net194                      1.80    0.009    0.000    0.0000      0.0000  p
net195                      1.80    0.012    1.000    0.0000      0.0000  p
net196                      1.80    0.005    0.000    0.0000      0.0000  p
net197                      1.80    0.002    1.000    0.0000      0.0000  p
net198                      1.80    0.007    0.000    0.0000      0.0000  p
net199                      1.80    0.013    0.000    0.0000      0.0000  p
net200                      1.80    0.013    1.000    0.0000      0.0000  p
net201                      1.80    0.002    1.000    0.0000      0.0000  p
net202                      1.80    0.007    0.000    0.0000      0.0000  p
net203                      1.80    0.010    0.000    0.0000      0.0000  p
net204                      1.80    0.002    1.000    0.0000      0.0000  p
net205                      1.80    0.010    0.000    0.0000      0.0000  p
net206                      1.80    0.011    1.000    0.0000      0.0000  p
net207                      1.80    0.006    1.000    0.0000      0.0000  p
net208                      1.80    0.006    0.000    0.0000      0.0000  p
net209                      1.80    0.006    1.000    0.0000      0.0000  p
net210                      1.80    0.006    0.000    0.0000      0.0000  p
net211                      1.80    0.003    1.000    0.0000      0.0000  p
net212                      1.80    0.005    1.000    0.0000      0.0000  p
net213                      1.80    0.002    0.000    0.0000      0.0000  p
net214                      1.80    0.019    1.000    0.0000      0.0000  p
net215                      1.80    0.008    1.000    0.0000      0.0000  p
net216                      1.80    0.021    1.000    0.0000      0.0000  p
net217                      1.80    0.023    0.000    0.0000      0.0000  p
net218                      1.80    0.003    0.000    0.0000      0.0000  p
net219                      1.80    0.003    0.000    0.0000      0.0000  p
net220                      1.80    0.002    0.000    0.0000      0.0000  p
net222                      1.80    0.012    0.000    0.0000      0.0000  p
net223                      1.80    0.007    0.000    0.0000      0.0000  p
net225                      1.80    0.008    0.000    0.0000      0.0000  p
net226                      1.80    0.002    0.000    0.0000      0.0000  p
net227                      1.80    0.004    0.000    0.0000      0.0000  p
net228                      1.80    0.002    0.000    0.0000      0.0000  p
net229                      1.80    0.002    0.000    0.0000      0.0000  p
net230                      1.80    0.002    0.000    0.0000      0.0000  p
net232                      1.80    0.002    0.000    0.0000      0.0000  p
net233                      1.80    0.002    0.000    0.0000      0.0000  p
net234                      1.80    0.008    0.000    0.0000      0.0000  p
net235                      1.80    0.008    0.000    0.0000      0.0000  p
net236                      1.80    0.004    0.000    0.0000      0.0000  p
net237                      1.80    0.002    0.000    0.0000      0.0000  p
net251                      1.80    0.006    1.000    0.0000      0.0000  p
net253                      1.80    0.006    1.000    0.0000      0.0000  p
net257                      1.80    0.002    1.000    0.0000      0.0000  p
net258                      1.80    0.002    1.000    0.0000      0.0000  p
net259                      1.80    0.008    1.000    0.0000      0.0000  p
net276                      1.80    0.005    1.000    0.0000      0.0000  p
net277                      1.80    0.003    1.000    0.0000      0.0000  p
net281                      1.80    0.017    1.000    0.0000      0.0000  p
net292                      1.80    0.002    0.000    0.0000      0.0000  p
net293                      1.80    0.004    0.000    0.0000      0.0000  p
net294                      1.80    0.004    0.000    0.0000      0.0000  p
net295                      1.80    0.004    0.000    0.0000      0.0000  p
net296                      1.80    0.003    1.000    0.0000      0.0000  p
net299                      1.80    0.002    1.000    0.0000      0.0000  p
net300                      1.80    0.003    0.000    0.0000      0.0000  p
net304                      1.80    0.021    0.000    0.0000      0.0000  p
net305                      1.80    0.030    0.000    0.0000      0.0000  p
net306                      1.80    0.042    0.000    0.0000      0.0000  p
net307                      1.80    0.014    0.000    0.0000      0.0000  p
net308                      1.80    0.002    0.000    0.0000      0.0000  p
net309                      1.80    0.002    0.000    0.0000      0.0000  p
net310                      1.80    0.007    0.000    0.0000      0.0000  p
net311                      1.80    0.003    0.000    0.0000      0.0000  p
net312                      1.80    0.007    0.000    0.0000      0.0000  p
net313                      1.80    0.003    0.000    0.0000      0.0000  p
net314                      1.80    0.009    0.000    0.0000      0.0000  p
net316                      1.80    0.007    0.000    0.0000      0.0000  p
net317                      1.80    0.011    0.000    0.0000      0.0000  p
net318                      1.80    0.002    0.000    0.0000      0.0000  p
net319                      1.80    0.002    0.000    0.0000      0.0000  p
net320                      1.80    0.013    0.000    0.0000      0.0000  p
net321                      1.80    0.004    1.000    0.0000      0.0000  p
net322                      1.80    0.007    0.000    0.0000      0.0000  p
net323                      1.80    0.006    0.000    0.0000      0.0000  p
net324                      1.80    0.002    1.000    0.0000      0.0000  p
net325                      1.80    0.002    1.000    0.0000      0.0000  p
net326                      1.80    0.018    0.000    0.0000      0.0000  p
net327                      1.80    0.031    0.000    0.0000      0.0000  p
net328                      1.80    0.005    0.000    0.0000      0.0000  p
net329                      1.80    0.004    0.000    0.0000      0.0000  p
net330                      1.80    0.012    0.000    0.0000      0.0000  p
net331                      1.80    0.012    0.000    0.0000      0.0000  p
net332                      1.80    0.010    0.000    0.0000      0.0000  p
net333                      1.80    0.009    0.000    0.0000      0.0000  p
net334                      1.80    0.010    0.000    0.0000      0.0000  p
net335                      1.80    0.011    0.000    0.0000      0.0000  p
net336                      1.80    0.008    0.000    0.0000      0.0000  p
net337                      1.80    0.010    0.000    0.0000      0.0000  p
net338                      1.80    0.009    0.000    0.0000      0.0000  p
net339                      1.80    0.039    0.000    0.0000      0.0000  p
net340                      1.80    0.006    0.000    0.0000      0.0000  p
net341                      1.80    0.004    0.000    0.0000      0.0000  p
net342                      1.80    0.002    1.000    0.0000      0.0000  p
net343                      1.80    0.005    1.000    0.0000      0.0000  p
net344                      1.80    0.003    0.000    0.0000      0.0000  p
net345                      1.80    0.003    0.000    0.0000      0.0000  p
net346                      1.80    0.002    1.000    0.0000      0.0000  p
net347                      1.80    0.010    0.000    0.0000      0.0000  p
net348                      1.80    0.002    0.000    0.0000      0.0000  p
net349                      1.80    0.002    0.000    0.0000      0.0000  p
net350                      1.80    0.002    0.000    0.0000      0.0000  p
net351                      1.80    0.014    0.000    0.0000      0.0000  p
net352                      1.80    0.010    0.000    0.0000      0.0000  p
net353                      1.80    0.018    0.000    0.0000      0.0000  p
net354                      1.80    0.002    0.000    0.0000      0.0000  p
net355                      1.80    0.025    0.000    0.0000      0.0000  p
net356                      1.80    0.003    1.000    0.0000      0.0000  p
net357                      1.80    0.005    0.000    0.0000      0.0000  p
net358                      1.80    0.015    0.000    0.0000      0.0000  p
net359                      1.80    0.013    0.000    0.0000      0.0000  p
net360                      1.80    0.003    0.000    0.0000      0.0000  p
net361                      1.80    0.004    0.000    0.0000      0.0000  p
net362                      1.80    0.010    0.000    0.0000      0.0000  p
net363                      1.80    0.002    1.000    0.0000      0.0000  p
net364                      1.80    0.002    0.000    0.0000      0.0000  p
net365                      1.80    0.002    0.000    0.0000      0.0000  p
net366                      1.80    0.012    0.000    0.0000      0.0000  p
net367                      1.80    0.003    0.000    0.0000      0.0000  p
net368                      1.80    0.002    0.000    0.0000      0.0000  p
net369                      1.80    0.006    1.000    0.0000      0.0000  p
net370                      1.80    0.002    0.000    0.0000      0.0000  p
net371                      1.80    0.003    0.000    0.0000      0.0000  p
net372                      1.80    0.008    0.000    0.0000      0.0000  p
net400                      1.80    0.003    0.000    0.0000      0.0000  p
net401                      1.80    0.008    1.000    0.0000      0.0000  p
net405                      1.80    0.008    0.000    0.0000      0.0000  p
net409                      1.80    0.006    0.000    0.0000      0.0000  p
net410                      1.80    0.013    1.000    0.0000      0.0000  p
net411                      1.80    0.008    0.000    0.0000      0.0000  p
net412                      1.80    0.008    0.000    0.0000      0.0000  p
net413                      1.80    0.010    0.000    0.0000      0.0000  p
net415                      1.80    0.003    0.000    0.0000      0.0000  p
net416                      1.80    0.021    0.000    0.0000      0.0000  p
net417                      1.80    0.003    0.000    0.0000      0.0000  p
net418                      1.80    0.010    0.000    0.0000      0.0000  p
net420                      1.80    0.005    1.000    0.0000      0.0000  p
net422                      1.80    0.010    1.000    0.0000      0.0000  p
net425                      1.80    0.009    0.000    0.0000      0.0000  p
net426                      1.80    0.007    0.000    0.0000      0.0000  p
net427                      1.80    0.005    0.000    0.0000      0.0000  p
net429                      1.80    0.005    0.000    0.0000      0.0000  p
net430                      1.80    0.007    0.000    0.0000      0.0000  p
net431                      1.80    0.006    0.000    0.0000      0.0000  p
net432                      1.80    0.009    1.000    0.0000      0.0000  p
net433                      1.80    0.009    0.000    0.0000      0.0000  p
net434                      1.80    0.005    0.000    0.0000      0.0000  p
net435                      1.80    0.004    0.000    0.0000      0.0000  p
net436                      1.80    0.003    1.000    0.0000      0.0000  p
net437                      1.80    0.017    0.000    0.0000      0.0000  p
net442                      1.80    0.004    0.000    0.0000      0.0000  p
net450                      1.80    0.014    0.000    0.0000      0.0000  p
net451                      1.80    0.012    0.000    0.0000      0.0000  p
net452                      1.80    0.013    1.000    0.0000      0.0000  p
net453                      1.80    0.008    0.000    0.0000      0.0000  p
net454                      1.80    0.012    0.000    0.0000      0.0000  p
net455                      1.80    0.011    0.000    0.0000      0.0000  p
net456                      1.80    0.003    0.000    0.0000      0.0000  p
net457                      1.80    0.002    0.000    0.0000      0.0000  p
net458                      1.80    0.003    0.000    0.0000      0.0000  p
net459                      1.80    0.003    0.000    0.0000      0.0000  p
net460                      1.80    0.002    0.000    0.0000      0.0000  p
net461                      1.80    0.006    1.000    0.0000      0.0000  p
net462                      1.80    0.003    0.000    0.0000      0.0000  p
net463                      1.80    0.004    0.000    0.0000      0.0000  p
net464                      1.80    0.012    1.000    0.0000      0.0000  p
net469                      1.80    0.032    0.000    0.0000      0.0000  p
net470                      1.80    0.010    0.000    0.0000      0.0000  p
net472                      1.80    0.013    0.000    0.0000      0.0000  p
net474                      1.80    0.030    0.000    0.0000      0.0000  p
net475                      1.80    0.002    0.000    0.0000      0.0000  p
net477                      1.80    0.002    0.000    0.0000      0.0000  p
net484                      1.80    0.003    0.000    0.0000      0.0000  p
net485                      1.80    0.006    0.000    0.0000      0.0000  p
net486                      1.80    0.002    1.000    0.0000      0.0000  p
net487                      1.80    0.002    1.000    0.0000      0.0000  p
net488                      1.80    0.006    0.000    0.0000      0.0000  p
net489                      1.80    0.007    1.000    0.0000      0.0000  p
net490                      1.80    0.008    0.000    0.0000      0.0000  p
net491                      1.80    0.007    0.000    0.0000      0.0000  p
net492                      1.80    0.006    0.000    0.0000      0.0000  p
net493                      1.80    0.005    0.000    0.0000      0.0000  p
net494                      1.80    0.011    0.000    0.0000      0.0000  p
net495                      1.80    0.002    0.000    0.0000      0.0000  p
net499                      1.80    0.039    0.000    0.0000      0.0000  p
net502                      1.80    0.013    0.000    0.0000      0.0000  p
net504                      1.80    0.006    0.000    0.0000      0.0000  p
net505                      1.80    0.013    0.000    0.0000      0.0000  p
net506                      1.80    0.003    0.000    0.0000      0.0000  p
net507                      1.80    0.005    0.000    0.0000      0.0000  p
net508                      1.80    0.003    0.000    0.0000      0.0000  p
net509                      1.80    0.002    1.000    0.0000      0.0000  p
net510                      1.80    0.012    0.000    0.0000      0.0000  p
net511                      1.80    0.007    0.000    0.0000      0.0000  p
net512                      1.80    0.008    1.000    0.0000      0.0000  p
net513                      1.80    0.012    1.000    0.0000      0.0000  p
net516                      1.80    0.002    0.000    0.0000      0.0000  p
net517                      1.80    0.002    0.000    0.0000      0.0000  p
net518                      1.80    0.020    0.000    0.0000      0.0000  p
net519                      1.80    0.010    0.000    0.0000      0.0000  p
net520                      1.80    0.025    0.000    0.0000      0.0000  p
net521                      1.80    0.009    0.000    0.0000      0.0000  p
net522                      1.80    0.002    0.000    0.0000      0.0000  p
net523                      1.80    0.008    0.000    0.0000      0.0000  p
net524                      1.80    0.002    0.000    0.0000      0.0000  p
net525                      1.80    0.007    0.000    0.0000      0.0000  p
net526                      1.80    0.011    0.000    0.0000      0.0000  p
net527                      1.80    0.007    0.000    0.0000      0.0000  p
net528                      1.80    0.016    0.000    0.0000      0.0000  p
net529                      1.80    0.004    0.000    0.0000      0.0000  p
net530                      1.80    0.050    0.000    0.0000      0.0000  p
net531                      1.80    0.003    1.000    0.0000      0.0000  p
net532                      1.80    0.002    0.000    0.0000      0.0000  p
net533                      1.80    0.004    0.000    0.0000      0.0000  p
net534                      1.80    0.003    0.000    0.0000      0.0000  p
net535                      1.80    0.011    0.000    0.0000      0.0000  p
net536                      1.80    0.002    0.000    0.0000      0.0000  p
net537                      1.80    0.004    0.000    0.0000      0.0000  p
net538                      1.80    0.003    0.000    0.0000      0.0000  p
net539                      1.80    0.003    0.000    0.0000      0.0000  p
net540                      1.80    0.010    0.000    0.0000      0.0000  p
net541                      1.80    0.003    0.000    0.0000      0.0000  p
net542                      1.80    0.011    0.000    0.0000      0.0000  p
net543                      1.80    0.008    0.000    0.0000      0.0000  p
net544                      1.80    0.002    0.000    0.0000      0.0000  p
net545                      1.80    0.013    0.000    0.0000      0.0000  p
net546                      1.80    0.002    0.000    0.0000      0.0000  p
net547                      1.80    0.008    0.000    0.0000      0.0000  p
net548                      1.80    0.012    0.000    0.0000      0.0000  p
net549                      1.80    0.010    0.000    0.0000      0.0000  p
net550                      1.80    0.003    0.000    0.0000      0.0000  p
net551                      1.80    0.012    0.000    0.0000      0.0000  p
net552                      1.80    0.003    0.000    0.0000      0.0000  p
net553                      1.80    0.012    0.000    0.0000      0.0000  p
net554                      1.80    0.009    0.000    0.0000      0.0000  p
net555                      1.80    0.013    0.000    0.0000      0.0000  p
net556                      1.80    0.014    0.000    0.0000      0.0000  p
net557                      1.80    0.009    0.000    0.0000      0.0000  p
net558                      1.80    0.002    0.000    0.0000      0.0000  p
net559                      1.80    0.002    0.000    0.0000      0.0000  p
net560                      1.80    0.003    0.000    0.0000      0.0000  p
net561                      1.80    0.005    1.000    0.0000      0.0000  p
net562                      1.80    0.004    0.000    0.0000      0.0000  p
net563                      1.80    0.010    0.000    0.0000      0.0000  p
net565                      1.80    0.010    0.000    0.0000      0.0000  p
net566                      1.80    0.002    0.000    0.0000      0.0000  p
net567                      1.80    0.010    0.000    0.0000      0.0000  p
net568                      1.80    0.002    0.000    0.0000      0.0000  p
net569                      1.80    0.011    0.000    0.0000      0.0000  p
net571                      1.80    0.009    0.000    0.0000      0.0000  p
net572                      1.80    0.002    0.000    0.0000      0.0000  p
net573                      1.80    0.004    0.000    0.0000      0.0000  p
net574                      1.80    0.004    0.000    0.0000      0.0000  p
net575                      1.80    0.014    0.000    0.0000      0.0000  p
net576                      1.80    0.003    0.000    0.0000      0.0000  p
net577                      1.80    0.017    0.000    0.0000      0.0000  p
net578                      1.80    0.003    1.000    0.0000      0.0000  p
net579                      1.80    0.002    0.000    0.0000      0.0000  p
net580                      1.80    0.003    0.000    0.0000      0.0000  p
net581                      1.80    0.011    0.000    0.0000      0.0000  p
net582                      1.80    0.003    0.000    0.0000      0.0000  p
net583                      1.80    0.011    0.000    0.0000      0.0000  p
net584                      1.80    0.011    0.000    0.0000      0.0000  p
net585                      1.80    0.003    0.000    0.0000      0.0000  p
net586                      1.80    0.009    0.000    0.0000      0.0000  p
net587                      1.80    0.013    0.000    0.0000      0.0000  p
net588                      1.80    0.003    0.000    0.0000      0.0000  p
net589                      1.80    0.009    0.000    0.0000      0.0000  p
net590                      1.80    0.013    0.000    0.0000      0.0000  p
net591                      1.80    0.003    0.000    0.0000      0.0000  p
net592                      1.80    0.005    0.000    0.0000      0.0000  p
net593                      1.80    0.003    0.000    0.0000      0.0000  p
net594                      1.80    0.010    0.000    0.0000      0.0000  p
net595                      1.80    0.004    0.000    0.0000      0.0000  p
net596                      1.80    0.004    0.000    0.0000      0.0000  p
net597                      1.80    0.005    1.000    0.0000      0.0000  p
net598                      1.80    0.003    0.000    0.0000      0.0000  p
net599                      1.80    0.002    0.000    0.0000      0.0000  p
net600                      1.80    0.003    1.000    0.0000      0.0000  p
net601                      1.80    0.013    0.000    0.0000      0.0000  p
net602                      1.80    0.015    0.000    0.0000      0.0000  p
net603                      1.80    0.002    0.000    0.0000      0.0000  p
net604                      1.80    0.008    0.000    0.0000      0.0000  p
net605                      1.80    0.008    0.000    0.0000      0.0000  p
net606                      1.80    0.016    0.000    0.0000      0.0000  p
net607                      1.80    0.004    0.000    0.0000      0.0000  p
net608                      1.80    0.013    0.000    0.0000      0.0000  p
net609                      1.80    0.010    0.000    0.0000      0.0000  p
net610                      1.80    0.003    0.000    0.0000      0.0000  p
net611                      1.80    0.016    0.000    0.0000      0.0000  p
net612                      1.80    0.011    0.000    0.0000      0.0000  p
net613                      1.80    0.009    0.000    0.0000      0.0000  p
net614                      1.80    0.003    0.000    0.0000      0.0000  p
net615                      1.80    0.002    0.000    0.0000      0.0000  p
net616                      1.80    0.006    0.000    0.0000      0.0000  p
net617                      1.80    0.004    0.000    0.0000      0.0000  p
net618                      1.80    0.002    1.000    0.0000      0.0000  p
net619                      1.80    0.003    0.000    0.0000      0.0000  p
net620                      1.80    0.005    0.000    0.0000      0.0000  p
net621                      1.80    0.002    0.000    0.0000      0.0000  p
net622                      1.80    0.008    0.000    0.0000      0.0000  p
net623                      1.80    0.010    0.000    0.0000      0.0000  p
net624                      1.80    0.006    0.000    0.0000      0.0000  p
net625                      1.80    0.023    0.000    0.0000      0.0000  p
net626                      1.80    0.002    0.000    0.0000      0.0000  p
net627                      1.80    0.013    0.000    0.0000      0.0000  p
net628                      1.80    0.003    0.000    0.0000      0.0000  p
net629                      1.80    0.009    0.000    0.0000      0.0000  p
net630                      1.80    0.005    0.000    0.0000      0.0000  p
net631                      1.80    0.007    0.000    0.0000      0.0000  p
net632                      1.80    0.007    0.000    0.0000      0.0000  p
net633                      1.80    0.022    0.000    0.0000      0.0000  p
net634                      1.80    0.005    0.000    0.0000      0.0000  p
net635                      1.80    0.012    0.000    0.0000      0.0000  p
net636                      1.80    0.002    0.000    0.0000      0.0000  p
net637                      1.80    0.004    1.000    0.0000      0.0000  p
net638                      1.80    0.012    0.000    0.0000      0.0000  p
net639                      1.80    0.003    1.000    0.0000      0.0000  p
net640                      1.80    0.002    0.000    0.0000      0.0000  p
net641                      1.80    0.002    1.000    0.0000      0.0000  p
net642                      1.80    0.002    1.000    0.0000      0.0000  p
net643                      1.80    0.018    0.000    0.0000      0.0000  p
net644                      1.80    0.010    0.000    0.0000      0.0000  p
net645                      1.80    0.003    0.000    0.0000      0.0000  p
net646                      1.80    0.003    0.000    0.0000      0.0000  p
net647                      1.80    0.010    0.000    0.0000      0.0000  p
net648                      1.80    0.027    0.000    0.0000      0.0000  p
net649                      1.80    0.010    0.000    0.0000      0.0000  p
net650                      1.80    0.004    0.000    0.0000      0.0000  p
net651                      1.80    0.003    0.000    0.0000      0.0000  p
net652                      1.80    0.003    0.000    0.0000      0.0000  p
net653                      1.80    0.011    0.000    0.0000      0.0000  p
net655                      1.80    0.006    0.000    0.0000      0.0000  p
net656                      1.80    0.010    0.000    0.0000      0.0000  p
net657                      1.80    0.011    1.000    0.0000      0.0000  p
net658                      1.80    0.002    0.000    0.0000      0.0000  p
net659                      1.80    0.007    1.000    0.0000      0.0000  p
net660                      1.80    0.009    0.000    0.0000      0.0000  p
net661                      1.80    0.010    0.000    0.0000      0.0000  p
net662                      1.80    0.003    1.000    0.0000      0.0000  p
net663                      1.80    0.004    1.000    0.0000      0.0000  p
net664                      1.80    0.004    0.000    0.0000      0.0000  p
net665                      1.80    0.003    1.000    0.0000      0.0000  p
net666                      1.80    0.003    0.000    0.0000      0.0000  p
net667                      1.80    0.012    1.000    0.0000      0.0000  p
net668                      1.80    0.009    0.000    0.0000      0.0000  p
net669                      1.80    0.017    1.000    0.0000      0.0000  p
net670                      1.80    0.010    0.000    0.0000      0.0000  p
net671                      1.80    0.003    0.000    0.0000      0.0000  p
net672                      1.80    0.007    1.000    0.0000      0.0000  p
net673                      1.80    0.005    0.000    0.0000      0.0000  p
net674                      1.80    0.016    1.000    0.0000      0.0000  p
net675                      1.80    0.002    1.000    0.0000      0.0000  p
net676                      1.80    0.002    0.000    0.0000      0.0000  p
net677                      1.80    0.006    0.000    0.0000      0.0000  p
net678                      1.80    0.009    0.000    0.0000      0.0000  p
net679                      1.80    0.002    0.000    0.0000      0.0000  p
net680                      1.80    0.003    0.000    0.0000      0.0000  p
net681                      1.80    0.006    0.000    0.0000      0.0000  p
net682                      1.80    0.017    0.000    0.0000      0.0000  p
net683                      1.80    0.002    1.000    0.0000      0.0000  p
net684                      1.80    0.004    1.000    0.0000      0.0000  p
net685                      1.80    0.003    1.000    0.0000      0.0000  p
net686                      1.80    0.004    0.000    0.0000      0.0000  p
net687                      1.80    0.003    0.000    0.0000      0.0000  p
net688                      1.80    0.004    0.000    0.0000      0.0000  p
net689                      1.80    0.010    0.000    0.0000      0.0000  p
net690                      1.80    0.011    0.000    0.0000      0.0000  p
net691                      1.80    0.002    0.000    0.0000      0.0000  p
net692                      1.80    0.019    0.000    0.0000      0.0000  p
net693                      1.80    0.005    0.000    0.0000      0.0000  p
net694                      1.80    0.009    0.000    0.0000      0.0000  p
net695                      1.80    0.005    0.000    0.0000      0.0000  p
net696                      1.80    0.003    0.000    0.0000      0.0000  p
net697                      1.80    0.008    0.000    0.0000      0.0000  p
net698                      1.80    0.002    1.000    0.0000      0.0000  p
net699                      1.80    0.003    0.000    0.0000      0.0000  p
net700                      1.80    0.002    0.000    0.0000      0.0000  p
net701                      1.80    0.003    0.000    0.0000      0.0000  p
net702                      1.80    0.004    0.000    0.0000      0.0000  p
net703                      1.80    0.002    0.000    0.0000      0.0000  p
net704                      1.80    0.002    0.000    0.0000      0.0000  p
net705                      1.80    0.004    0.000    0.0000      0.0000  p
net706                      1.80    0.003    0.000    0.0000      0.0000  p
net710                      1.80    0.003    0.000    0.0000      0.0000  p
net712                      1.80    0.006    0.000    0.0000      0.0000  p
net713                      1.80    0.004    0.000    0.0000      0.0000  p
net714                      1.80    0.004    0.000    0.0000      0.0000  p
net715                      1.80    0.003    0.000    0.0000      0.0000  p
net716                      1.80    0.002    0.000    0.0000      0.0000  p
net740                      1.80    0.005    0.000    0.0000      0.0000  p
net741                      1.80    0.002    0.000    0.0000      0.0000  p
net742                      1.80    0.005    1.000    0.0000      0.0000  p
net743                      1.80    0.011    0.000    0.0000      0.0000  p
net744                      1.80    0.052    0.000    0.0000      0.0000  p
net745                      1.80    0.004    0.000    0.0000      0.0000  p
net746                      1.80    0.002    0.000    0.0000      0.0000  p
net747                      1.80    0.007    0.000    0.0000      0.0000  p
net748                      1.80    0.008    0.000    0.0000      0.0000  p
net749                      1.80    0.004    0.000    0.0000      0.0000  p
net750                      1.80    0.008    0.000    0.0000      0.0000  p
net751                      1.80    0.012    0.000    0.0000      0.0000  p
net752                      1.80    0.006    0.000    0.0000      0.0000  p
net754                      1.80    0.013    0.000    0.0000      0.0000  p
net755                      1.80    0.055    0.000    0.0000      0.0000  p
net756                      1.80    0.008    0.000    0.0000      0.0000  p
net757                      1.80    0.008    0.000    0.0000      0.0000  p
net758                      1.80    0.011    0.000    0.0000      0.0000  p
net759                      1.80    0.009    0.000    0.0000      0.0000  p
net762                      1.80    0.004    0.000    0.0000      0.0000  p
net763                      1.80    0.008    0.000    0.0000      0.0000  p
net764                      1.80    0.002    0.000    0.0000      0.0000  p
net767                      1.80    0.013    0.000    0.0000      0.0000  p
net768                      1.80    0.002    1.000    0.0000      0.0000  p
net769                      1.80    0.004    1.000    0.0000      0.0000  p
net770                      1.80    0.002    0.000    0.0000      0.0000  p
net771                      1.80    0.002    0.000    0.0000      0.0000  p
net772                      1.80    0.003    0.000    0.0000      0.0000  p
net773                      1.80    0.005    0.000    0.0000      0.0000  p
net775                      1.80    0.002    0.000    0.0000      0.0000  p
net779                      1.80    0.002    0.000    0.0000      0.0000  p
net780                      1.80    0.004    0.000    0.0000      0.0000  p
net782                      1.80    0.004    0.000    0.0000      0.0000  p
net784                      1.80    0.003    0.000    0.0000      0.0000  p
net787                      1.80    0.002    0.000    0.0000      0.0000  p
net788                      1.80    0.004    0.000    0.0000      0.0000  p
net789                      1.80    0.006    0.000    0.0000      0.0000  p
net791                      1.80    0.004    0.000    0.0000      0.0000  p
net792                      1.80    0.002    0.000    0.0000      0.0000  p
net796                      1.80    0.004    0.000    0.0000      0.0000  p
net797                      1.80    0.003    0.000    0.0000      0.0000  p
net798                      1.80    0.002    0.000    0.0000      0.0000  p
net801                      1.80    0.004    1.000    0.0000      0.0000  p
net802                      1.80    0.003    0.000    0.0000      0.0000  p
net803                      1.80    0.003    0.000    0.0000      0.0000  p
net804                      1.80    0.002    0.000    0.0000      0.0000  p
net805                      1.80    0.006    0.000    0.0000      0.0000  p
net806                      1.80    0.003    0.000    0.0000      0.0000  p
net807                      1.80    0.002    1.000    0.0000      0.0000  p
net808                      1.80    0.002    0.000    0.0000      0.0000  p
net810                      1.80    0.002    1.000    0.0000      0.0000  p
out0                        1.80    0.000    0.000    0.0000      0.0000  p
out2                        1.80    0.001    0.000    0.0000      0.0000  p
out4                        1.80    0.001    0.000    0.0000      0.0000  p
out5                        1.80    0.000    0.000    0.0000      0.0000  p
out8                        1.80    0.001    0.000    0.0000      0.0000  p
out11                       1.80    0.000    0.000    0.0000      0.0000  p
out13                       1.80    0.001    1.000    0.0000      0.0000  p
out17                       1.80    0.000    0.000    0.0000      0.0000  p
out18                       1.80    0.000    0.000    0.0000      0.0000  p
out20                       1.80    0.001    0.000    0.0000      0.0000  p
out21                       1.80    0.001    0.000    0.0000      0.0000  p
out22                       1.80    0.001    0.000    0.0000      0.0000  p
out23                       1.80    0.001    0.000    0.0000      0.0000  p
out24                       1.80    0.001    0.000    0.0000      0.0000  p
--------------------------------------------------------------------------------
Total (978 nets)                                               1.813e-04 Watt



                                      Int      Switch   Leak      Total
Hierarchy                             Power    Power    Power     Power    %
--------------------------------------------------------------------------------
netlist_1                             4.45e-04 1.81e-04 5.66e-09  6.27e-04 100.0
1
