Information: Derived library resistance unit is 1.000000 Kohm (Time unit is 1 ns, and Capacitance unit is 1.000000 pF). (DES-028)
Warning: Detected semantically incorrect SPEF in coupling section. (PARA-098)
Warning: Coupling capacitor (in0:13 in17:11 0) on net in17 is discarded because the value cannot be <= 0 (PARA-040)
Warning: Coupling capacitor (in2:11 in22:11 0) on net in22 is discarded because the value cannot be <= 0 (PARA-040)
Warning: Coupling capacitor (in2:11 in23:11 0) on net in23 is discarded because the value cannot be <= 0 (PARA-040)
Warning: Coupling capacitor (out13 out22 0) on net out22 is discarded because the value cannot be <= 0 (PARA-040)
Warning: Coupling capacitor (out22 out23 0) on net out23 is discarded because the value cannot be <= 0 (PARA-040)
Warning: Coupling capacitor (clkbuf_0_clk/A clknet_0_clk:188 0) on net clknet_0_clk is discarded because the value cannot be <= 0 (PARA-040)
Warning: Coupling capacitor (clkbuf_1_0__f_net335/A clkbuf_1_1__f_net337/A 0) on net clknet_0_net337 is discarded because the value cannot be <= 0 (PARA-040)
Warning: Coupling capacitor (clkbuf_4_8_0_clk/A clknet_0_net337:8 0) on net clknet_0_net337 is discarded because the value cannot be <= 0 (PARA-040)
Warning: Coupling capacitor (clknet_0_clk:307 clknet_0_net337:8 0) on net clknet_0_net337 is discarded because the value cannot be <= 0 (PARA-040)
Warning: Coupling capacitor (clkbuf_1_0__f_net547/A clkbuf_1_0__f_net548/A 0) on net clknet_0_net548 is discarded because the value cannot be <= 0 (PARA-040)
Warning: Coupling capacitor (clkbuf_1_1__f_net545/A clkbuf_1_1__f_net548/A 0) on net clknet_0_net548 is discarded because the value cannot be <= 0 (PARA-040)
Warning: Coupling capacitor (clkbuf_1_1__f_net547/A clkbuf_1_0__f_net548/A 0) on net clknet_0_net548 is discarded because the value cannot be <= 0 (PARA-040)
Warning: Coupling capacitor (clkbuf_1_0__f_net548/A clkbuf_1_0__f_net555/A 0) on net clknet_0_net555 is discarded because the value cannot be <= 0 (PARA-040)
Warning: Coupling capacitor (clkbuf_1_0__f_net554/A clkbuf_1_0__f_net555/A 0) on net clknet_0_net555 is discarded because the value cannot be <= 0 (PARA-040)
Warning: Coupling capacitor (clkbuf_1_1__f_net548/A clkbuf_1_1__f_net555/A 0) on net clknet_0_net555 is discarded because the value cannot be <= 0 (PARA-040)
Warning: Coupling capacitor (clkbuf_1_1__f_net554/A clkbuf_1_1__f_net555/A 0) on net clknet_0_net555 is discarded because the value cannot be <= 0 (PARA-040)
Warning: Coupling capacitor (clkbuf_1_1__f_net555/A clkbuf_1_1__f_net557/A 0) on net clknet_0_net557 is discarded because the value cannot be <= 0 (PARA-040)
Warning: Coupling capacitor (clkbuf_1_0__f_net553/A clkbuf_1_1__f_net564/A 0) on net clknet_0_net564 is discarded because the value cannot be <= 0 (PARA-040)
Warning: Coupling capacitor (clkbuf_1_0__f_net563/A clkbuf_1_0__f_net564/A 0) on net clknet_0_net564 is discarded because the value cannot be <= 0 (PARA-040)
Warning: Coupling capacitor (clkbuf_1_0__f_net565/A clkbuf_1_0__f_net567/A 0) on net clknet_0_net567 is discarded because the value cannot be <= 0 (PARA-040)
Warning: Coupling capacitor (clkbuf_1_1__f_net581/A clkbuf_1_1__f_net589/A 0) on net clknet_0_net589 is discarded because the value cannot be <= 0 (PARA-040)
Warning: Coupling capacitor (out18 clknet_0_net594:12 0) on net clknet_0_net594 is discarded because the value cannot be <= 0 (PARA-040)
Warning: Coupling capacitor (clkbuf_1_0__f_net653/A clkbuf_1_0__f_net657/A 0) on net clknet_0_net657 is discarded because the value cannot be <= 0 (PARA-040)
Warning: Coupling capacitor (clkbuf_1_0__f_net653/A clkbuf_1_1__f_net657/A 0) on net clknet_0_net657 is discarded because the value cannot be <= 0 (PARA-040)
Warning: Coupling capacitor (clknet_0_clk:144 clkbuf_1_0__f_net678/A 0) on net clknet_0_net678 is discarded because the value cannot be <= 0 (PARA-040)
Warning: Coupling capacitor (clknet_0_clk:146 clkbuf_1_0__f_net678/A 0) on net clknet_0_net678 is discarded because the value cannot be <= 0 (PARA-040)
Warning: Coupling capacitor (clknet_0_clk:152 clkbuf_1_0__f_net678/A 0) on net clknet_0_net678 is discarded because the value cannot be <= 0 (PARA-040)
Warning: Coupling capacitor (clkbuf_1_1__f_net670/A clkbuf_1_1__f_net743/A 0) on net clknet_0_net743 is discarded because the value cannot be <= 0 (PARA-040)
Warning: Coupling capacitor (clknet_0_clk:290 clknet_1_0__leaf_net336:14 0) on net clknet_1_0__leaf_net336 is discarded because the value cannot be <= 0 (PARA-040)
Warning: Coupling capacitor (clkbuf_1_1__f_net336/A c355/A1 0) on net clknet_1_0__leaf_net347 is discarded because the value cannot be <= 0 (PARA-040)
Warning: Coupling capacitor (clknet_0_clk:102 c555/B 0) on net clknet_1_0__leaf_net542 is discarded because the value cannot be <= 0 (PARA-040)
Warning: Coupling capacitor (clknet_0_clk:102 clknet_1_0__leaf_net542:12 0) on net clknet_1_0__leaf_net542 is discarded because the value cannot be <= 0 (PARA-040)
Warning: Coupling capacitor (clknet_1_0__leaf_net545:16 c561/C 0) on net clknet_1_0__leaf_net551 is discarded because the value cannot be <= 0 (PARA-040)
Warning: Coupling capacitor (c555/B c561/A 0) on net clknet_1_0__leaf_net554 is discarded because the value cannot be <= 0 (PARA-040)
Warning: Coupling capacitor (clkbuf_1_0__f_net542/A c564/B 0) on net clknet_1_0__leaf_net555 is discarded because the value cannot be <= 0 (PARA-040)
Warning: Coupling capacitor (clkbuf_1_0__f_net542/A clknet_1_0__leaf_net555:10 0) on net clknet_1_0__leaf_net555 is discarded because the value cannot be <= 0 (PARA-040)
Warning: Coupling capacitor (clkbuf_1_1__f_net542/A c564/B 0) on net clknet_1_0__leaf_net555 is discarded because the value cannot be <= 0 (PARA-040)
Warning: Coupling capacitor (clkbuf_1_1__f_net549/A c564/B 0) on net clknet_1_0__leaf_net555 is discarded because the value cannot be <= 0 (PARA-040)
Warning: Coupling capacitor (clknet_1_0__leaf_net548:23 clknet_1_0__leaf_net555:10 0) on net clknet_1_0__leaf_net555 is discarded because the value cannot be <= 0 (PARA-040)
Warning: Coupling capacitor (clkbuf_1_1__f_net563/A c579/B 0) on net clknet_1_0__leaf_net565 is discarded because the value cannot be <= 0 (PARA-040)
Warning: Coupling capacitor (clkbuf_1_1__f_net563/A clknet_1_0__leaf_net565:34 0) on net clknet_1_0__leaf_net565 is discarded because the value cannot be <= 0 (PARA-040)
Warning: Coupling capacitor (clkbuf_1_0__f_net548/A clknet_1_0__leaf_net575:10 0) on net clknet_1_0__leaf_net575 is discarded because the value cannot be <= 0 (PARA-040)
Warning: Coupling capacitor (clkbuf_1_1__f_net563/A c585/C_N 0) on net clknet_1_0__leaf_net577 is discarded because the value cannot be <= 0 (PARA-040)
Warning: Coupling capacitor (clknet_0_clk:152 c590/A 0) on net clknet_1_0__leaf_net581 is discarded because the value cannot be <= 0 (PARA-040)
Warning: Coupling capacitor (clknet_0_clk:152 clknet_1_0__leaf_net581:25 0) on net clknet_1_0__leaf_net581 is discarded because the value cannot be <= 0 (PARA-040)
Warning: Coupling capacitor (c596/A clknet_1_0__leaf_net584:17 0) on net clknet_1_0__leaf_net584 is discarded because the value cannot be <= 0 (PARA-040)
Warning: Coupling capacitor (c596/A clknet_1_0__leaf_net587:12 0) on net clknet_1_0__leaf_net587 is discarded because the value cannot be <= 0 (PARA-040)
Warning: Coupling capacitor (clkbuf_1_0__f_net583/A clknet_1_0__leaf_net589:10 0) on net clknet_1_0__leaf_net589 is discarded because the value cannot be <= 0 (PARA-040)
Warning: Coupling capacitor (clknet_0_net594:12 c603/A 0) on net clknet_1_0__leaf_net594 is discarded because the value cannot be <= 0 (PARA-040)
Warning: Coupling capacitor (clknet_0_net594:12 clknet_1_0__leaf_net594:10 0) on net clknet_1_0__leaf_net594 is discarded because the value cannot be <= 0 (PARA-040)
Warning: Coupling capacitor (c684/C_N c684/B 0) on net clknet_1_0__leaf_net653 is discarded because the value cannot be <= 0 (PARA-040)
Warning: Coupling capacitor (clkbuf_1_1__f_net553/A c684/B 0) on net clknet_1_0__leaf_net653 is discarded because the value cannot be <= 0 (PARA-040)
Warning: Coupling capacitor (c690/A clknet_1_0__leaf_net661:12 0) on net clknet_1_0__leaf_net661 is discarded because the value cannot be <= 0 (PARA-040)
Warning: Coupling capacitor (clkbuf_1_0__f_net668/A c705/A 0) on net clknet_1_0__leaf_net668 is discarded because the value cannot be <= 0 (PARA-040)
Warning: Coupling capacitor (clkbuf_1_0__f_net668/A c705/B 0) on net clknet_1_0__leaf_net678 is discarded because the value cannot be <= 0 (PARA-040)
Warning: Coupling capacitor (clkbuf_1_0__f_net668/A clknet_1_0__leaf_net678:10 0) on net clknet_1_0__leaf_net678 is discarded because the value cannot be <= 0 (PARA-040)
Warning: Coupling capacitor (clknet_0_net594:12 c601/B 0) on net clknet_1_0__leaf_net743 is discarded because the value cannot be <= 0 (PARA-040)
Warning: Coupling capacitor (clknet_0_net594:12 clknet_1_0__leaf_net743:8 0) on net clknet_1_0__leaf_net743 is discarded because the value cannot be <= 0 (PARA-040)
Warning: Coupling capacitor (clkbuf_1_1__f_net743/A clknet_1_0__leaf_net751:10 0) on net clknet_1_0__leaf_net751 is discarded because the value cannot be <= 0 (PARA-040)
Warning: Coupling capacitor (clknet_0_net751:10 clknet_1_0__leaf_net751:10 0) on net clknet_1_0__leaf_net751 is discarded because the value cannot be <= 0 (PARA-040)
Warning: Coupling capacitor (clkbuf_1_1__f_net338/A c353/SET_B 0) on net clknet_1_1__leaf_net338 is discarded because the value cannot be <= 0 (PARA-040)
Warning: Coupling capacitor (clkbuf_1_0__f_net548/A c556/C 0) on net clknet_1_1__leaf_net542 is discarded because the value cannot be <= 0 (PARA-040)
Warning: Coupling capacitor (clkbuf_1_0__f_net548/A clknet_1_1__leaf_net542:25 0) on net clknet_1_1__leaf_net542 is discarded because the value cannot be <= 0 (PARA-040)
Warning: Coupling capacitor (c568/A c587/S0 0) on net clknet_1_1__leaf_net545 is discarded because the value cannot be <= 0 (PARA-040)
Warning: Coupling capacitor (clkbuf_1_0__f_net553/A c587/S0 0) on net clknet_1_1__leaf_net545 is discarded because the value cannot be <= 0 (PARA-040)
Warning: Coupling capacitor (clkbuf_1_0__f_net564/A c587/S0 0) on net clknet_1_1__leaf_net545 is discarded because the value cannot be <= 0 (PARA-040)
Warning: Coupling capacitor (c686/D1 c558/B 0) on net clknet_1_1__leaf_net547 is discarded because the value cannot be <= 0 (PARA-040)
Warning: Coupling capacitor (clkbuf_1_0__f_net644/A c558/B 0) on net clknet_1_1__leaf_net547 is discarded because the value cannot be <= 0 (PARA-040)
Warning: Coupling capacitor (clkbuf_1_1__f_net553/A c558/A 0) on net clknet_1_1__leaf_net551 is discarded because the value cannot be <= 0 (PARA-040)
Warning: Coupling capacitor (clkbuf_1_1__f_net554/A c566/A2 0) on net clknet_1_1__leaf_net553 is discarded because the value cannot be <= 0 (PARA-040)
Warning: Coupling capacitor (c563/B c564/C 0) on net clknet_1_1__leaf_net554 is discarded because the value cannot be <= 0 (PARA-040)
Warning: Coupling capacitor (c678/A c564/C 0) on net clknet_1_1__leaf_net554 is discarded because the value cannot be <= 0 (PARA-040)
Warning: Coupling capacitor (clkbuf_1_0__f_net678/A clknet_1_1__leaf_net556:12 0) on net clknet_1_1__leaf_net556 is discarded because the value cannot be <= 0 (PARA-040)
Warning: Coupling capacitor (clkbuf_1_1__f_net678/A clknet_1_1__leaf_net556:12 0) on net clknet_1_1__leaf_net556 is discarded because the value cannot be <= 0 (PARA-040)
Warning: Coupling capacitor (c684/C_N clknet_1_1__leaf_net557:18 0) on net clknet_1_1__leaf_net557 is discarded because the value cannot be <= 0 (PARA-040)
Warning: Coupling capacitor (clkbuf_1_1__f_net548/A clknet_1_1__leaf_net557:18 0) on net clknet_1_1__leaf_net557 is discarded because the value cannot be <= 0 (PARA-040)
Warning: Coupling capacitor (clknet_1_0__leaf_net644:10 clknet_1_1__leaf_net557:18 0) on net clknet_1_1__leaf_net557 is discarded because the value cannot be <= 0 (PARA-040)
Warning: Coupling capacitor (clkbuf_1_0__f_net564/A c572/B 0) on net clknet_1_1__leaf_net563 is discarded because the value cannot be <= 0 (PARA-040)
Warning: Coupling capacitor (c587/S0 c587/S1 0) on net clknet_1_1__leaf_net565 is discarded because the value cannot be <= 0 (PARA-040)
Warning: Coupling capacitor (clkbuf_1_0__f_net565/A c587/S1 0) on net clknet_1_1__leaf_net565 is discarded because the value cannot be <= 0 (PARA-040)
Warning: Coupling capacitor (clkbuf_1_1__f_net567/A c587/S1 0) on net clknet_1_1__leaf_net565 is discarded because the value cannot be <= 0 (PARA-040)
Warning: Coupling capacitor (c575/DE c581/B 0) on net clknet_1_1__leaf_net571 is discarded because the value cannot be <= 0 (PARA-040)
Warning: Coupling capacitor (clkbuf_1_0__f_net567/A c581/B 0) on net clknet_1_1__leaf_net571 is discarded because the value cannot be <= 0 (PARA-040)
Warning: Coupling capacitor (c593/B c588/A 0) on net clknet_1_1__leaf_net575 is discarded because the value cannot be <= 0 (PARA-040)
Warning: Coupling capacitor (c596/A c588/A 0) on net clknet_1_1__leaf_net575 is discarded because the value cannot be <= 0 (PARA-040)
Warning: Coupling capacitor (c593/B c608/A3 0) on net clknet_1_1__leaf_net577 is discarded because the value cannot be <= 0 (PARA-040)
Warning: Coupling capacitor (c593/B clknet_1_1__leaf_net577:8 0) on net clknet_1_1__leaf_net577 is discarded because the value cannot be <= 0 (PARA-040)
Warning: Coupling capacitor (clknet_0_net594:12 c605/A 0) on net clknet_1_1__leaf_net583 is discarded because the value cannot be <= 0 (PARA-040)
Warning: Coupling capacitor (clkbuf_1_0__f_net590/A c602/A 0) on net clknet_1_1__leaf_net584 is discarded because the value cannot be <= 0 (PARA-040)
Warning: Coupling capacitor (clkbuf_1_1__f_net581/A c602/A 0) on net clknet_1_1__leaf_net584 is discarded because the value cannot be <= 0 (PARA-040)
Warning: Coupling capacitor (clknet_0_net594:12 c601/A 0) on net clknet_1_1__leaf_net584 is discarded because the value cannot be <= 0 (PARA-040)
Warning: Coupling capacitor (clkbuf_1_1__f_net581/A clknet_1_1__leaf_net587:30 0) on net clknet_1_1__leaf_net587 is discarded because the value cannot be <= 0 (PARA-040)
Warning: Coupling capacitor (clknet_0_net594:12 clknet_1_1__leaf_net587:30 0) on net clknet_1_1__leaf_net587 is discarded because the value cannot be <= 0 (PARA-040)
Warning: Coupling capacitor (clkbuf_1_0__f_net670/A clknet_1_1__leaf_net589:8 0) on net clknet_1_1__leaf_net589 is discarded because the value cannot be <= 0 (PARA-040)
Warning: Coupling capacitor (clkbuf_1_1__f_net743/A clknet_1_1__leaf_net589:8 0) on net clknet_1_1__leaf_net589 is discarded because the value cannot be <= 0 (PARA-040)
Warning: Coupling capacitor (clkbuf_1_1__f_net743/A clknet_1_1__leaf_net589:14 0) on net clknet_1_1__leaf_net589 is discarded because the value cannot be <= 0 (PARA-040)
Warning: Coupling capacitor (clkbuf_1_0__f_net590/A clknet_1_1__leaf_net590:14 0) on net clknet_1_1__leaf_net590 is discarded because the value cannot be <= 0 (PARA-040)
Warning: Coupling capacitor (c608/A0 clknet_1_1__leaf_net594:14 0) on net clknet_1_1__leaf_net594 is discarded because the value cannot be <= 0 (PARA-040)
Warning: Coupling capacitor (clknet_0_net594:12 clknet_1_1__leaf_net594:14 0) on net clknet_1_1__leaf_net594 is discarded because the value cannot be <= 0 (PARA-040)
Warning: Coupling capacitor (clkbuf_1_1__f_net649/A c683/B 0) on net clknet_1_1__leaf_net649 is discarded because the value cannot be <= 0 (PARA-040)
Note - message 'PARA-040' default limit (100) exceeded.  Remainder will be suppressed.

****************************************
Report : read_parasitics /nas/ei/home/ge78pav/TM_power/TM_openlane/TM_openlane_single_min/TM_openlane_min_ato/TM_openlane_min_ato_max/netlist_1/low/spef/netlist_1.nom.spef
Design : netlist_1
Version: Q-2019.12-SP1
Date   : Wed Aug 21 13:26:09 2024
****************************************

        0 error(s)
        Format is SPEF
        Annotated nets                   :         1004
        Annotated capacitances           :         4640
        Annotated resistances            :         3636
        Reduced coupling capacitances    :         5150
        Annotated PI models              :            0
        Annotated Elmore delays          :            0

